{"target": -34.88706258683183, "params": {"C": 3324.110712552052, "gamma": 0.06045135941503685}, "datetime": {"datetime": "2021-09-28 15:52:08", "elapsed": 1326.529559, "delta": 4.757022}}
{"target": -35.52828978680804, "params": {"C": 3030.069171480532, "gamma": 0.01812323223758428}, "datetime": {"datetime": "2021-09-28 15:52:15", "elapsed": 1333.763389, "delta": 7.23383}}
{"target": -37.31229343106361, "params": {"C": 3450.4401481691525, "gamma": 0.005440324852930835}, "datetime": {"datetime": "2021-09-28 15:52:21", "elapsed": 1339.877421, "delta": 6.114032}}
{"target": -34.72404692248872, "params": {"C": 3559.3326569597807, "gamma": 0.031194216093617944}, "datetime": {"datetime": "2021-09-28 15:52:26", "elapsed": 1344.852473, "delta": 4.975052}}
{"target": -34.772458479582056, "params": {"C": 3776.19400020788, "gamma": 0.05268145596984126}, "datetime": {"datetime": "2021-09-28 15:52:29", "elapsed": 1348.271694, "delta": 3.419221}}
{"target": -35.041556251908965, "params": {"C": 3094.5856588227034, "gamma": 0.02351974033269377}, "datetime": {"datetime": "2021-09-28 15:52:36", "elapsed": 1354.746895, "delta": 6.475201}}
{"target": -36.374876428683066, "params": {"C": 3776.1911517971066, "gamma": 0.009410622587876304}, "datetime": {"datetime": "2021-09-28 15:52:44", "elapsed": 1363.24781, "delta": 8.500915}}
{"target": -36.35985391433778, "params": {"C": 3124.2539886079344, "gamma": 0.15826325948166686}, "datetime": {"datetime": "2021-09-28 15:52:48", "elapsed": 1367.28973, "delta": 4.04192}}
{"target": -34.94679734583828, "params": {"C": 3261.8439307256976, "gamma": 0.06491022150559576}, "datetime": {"datetime": "2021-09-28 15:52:57", "elapsed": 1376.353671, "delta": 9.063941}}
{"target": -36.37005595369908, "params": {"C": 3450.3609897523324, "gamma": 0.0099627690671245}, "datetime": {"datetime": "2021-09-28 15:53:05", "elapsed": 1383.916653, "delta": 7.562982}}
{"target": -34.793861475721926, "params": {"C": 3348.6813855340624, "gamma": 0.0527574925092515}, "datetime": {"datetime": "2021-09-28 15:53:13", "elapsed": 1391.725851, "delta": 7.809198}}
{"target": -34.83020098379542, "params": {"C": 3568.632149241684, "gamma": 0.056740799745862464}, "datetime": {"datetime": "2021-09-28 15:53:21", "elapsed": 1400.003254, "delta": 8.277403}}
{"target": -35.37156484081779, "params": {"C": 3776.217661456937, "gamma": 0.09370871188972306}, "datetime": {"datetime": "2021-09-28 15:53:27", "elapsed": 1405.940496, "delta": 5.937242}}
{"target": -35.38320372338287, "params": {"C": 3094.548606610583, "gamma": 0.09481636957483561}, "datetime": {"datetime": "2021-09-28 15:53:35", "elapsed": 1414.328866, "delta": 8.38837}}
{"target": -34.7480864922704, "params": {"C": 3592.7077850322644, "gamma": 0.049747001434922125}, "datetime": {"datetime": "2021-09-28 15:53:39", "elapsed": 1418.028848, "delta": 3.699982}}
{"target": -35.22146540282288, "params": {"C": 3592.6897268408097, "gamma": 0.08533028388838905}, "datetime": {"datetime": "2021-09-28 15:53:45", "elapsed": 1423.60135, "delta": 5.572502}}
{"target": -36.94309977694865, "params": {"C": 3512.62740209203, "gamma": 0.0069381630685320436}, "datetime": {"datetime": "2021-09-28 15:53:48", "elapsed": 1427.219993, "delta": 3.618643}}
{"target": -34.72376823779007, "params": {"C": 3475.5756813407306, "gamma": 0.03217475470353856}, "datetime": {"datetime": "2021-09-28 15:53:55", "elapsed": 1433.581083, "delta": 6.36109}}
{"target": -35.17674685515455, "params": {"C": 3038.250064503866, "gamma": 0.08092766178793624}, "datetime": {"datetime": "2021-09-28 15:53:58", "elapsed": 1437.259009, "delta": 3.677926}}
{"target": -36.66850859152723, "params": {"C": 3139.0932450426076, "gamma": 0.18298418386498583}, "datetime": {"datetime": "2021-09-28 15:54:02", "elapsed": 1440.964604, "delta": 3.705595}}
{"target": -36.316674903910375, "params": {"C": 3769.9548135062973, "gamma": 0.15475451363992293}, "datetime": {"datetime": "2021-09-28 15:54:06", "elapsed": 1445.066582, "delta": 4.101978}}
{"target": -36.051995201867285, "params": {"C": 3592.729294803793, "gamma": 0.011903782179117667}, "datetime": {"datetime": "2021-09-28 15:54:12", "elapsed": 1450.99892, "delta": 5.932338}}
{"target": -34.66424674310928, "params": {"C": 3897.1784181006788, "gamma": 0.04241003346972417}, "datetime": {"datetime": "2021-09-28 15:54:24", "elapsed": 1462.760267, "delta": 11.761347}}
{"target": -36.70575892011554, "params": {"C": 3688.3099989649327, "gamma": 0.1856738822379171}, "datetime": {"datetime": "2021-09-28 15:54:28", "elapsed": 1466.882615, "delta": 4.122348}}
{"target": -36.43248958154503, "params": {"C": 3188.1915333899124, "gamma": 0.16356307034927295}, "datetime": {"datetime": "2021-09-28 15:54:32", "elapsed": 1470.816599, "delta": 3.933984}}
{"target": -35.47852398237011, "params": {"C": 3074.639866590422, "gamma": 0.10056839539700654}, "datetime": {"datetime": "2021-09-28 15:54:36", "elapsed": 1474.884505, "delta": 4.067906}}
{"target": -35.40654218955076, "params": {"C": 3450.423705544128, "gamma": 0.09608021079365368}, "datetime": {"datetime": "2021-09-28 15:54:42", "elapsed": 1480.530132, "delta": 5.645627}}
{"target": -35.887752513803136, "params": {"C": 3475.531410779163, "gamma": 0.013484721625415825}, "datetime": {"datetime": "2021-09-28 15:54:50", "elapsed": 1488.954622, "delta": 8.42449}}
{"target": -36.19071997362804, "params": {"C": 4550.797902574575, "gamma": 0.14308882541053045}, "datetime": {"datetime": "2021-09-28 16:11:26", "elapsed": 0.0, "delta": 0.0}}
{"target": -35.59774483756787, "params": {"C": 4290.904738912945, "gamma": 0.10461138301354429}, "datetime": {"datetime": "2021-09-28 16:11:26", "elapsed": 0.171999, "delta": 0.171999}}
{"target": -36.66362585322171, "params": {"C": 4892.946954347654, "gamma": 0.17977715234202044}, "datetime": {"datetime": "2021-09-28 16:11:26", "elapsed": 0.335995, "delta": 0.163996}}
{"target": -34.677463836792626, "params": {"C": 4125.585310463836, "gamma": 0.04541236123694642}, "datetime": {"datetime": "2021-09-28 16:11:26", "elapsed": 0.506998, "delta": 0.171003}}
{"target": -35.33744343907601, "params": {"C": 4051.46720330083, "gamma": 0.09095791951187412}, "datetime": {"datetime": "2021-09-28 16:11:26", "elapsed": 0.777996, "delta": 0.270998}}
{"target": -35.39343908028462, "params": {"C": 4029.876210878567, "gamma": 0.09408247875696867}, "datetime": {"datetime": "2021-09-28 16:11:26", "elapsed": 0.960996, "delta": 0.183}}
{"target": -36.87350755284149, "params": {"C": 4187.750717268637, "gamma": 0.2}, "datetime": {"datetime": "2021-09-28 16:11:27", "elapsed": 1.388424, "delta": 0.427428}}
{"target": -35.57370542290681, "params": {"C": 4099.936725785147, "gamma": 0.10401523209454068}, "datetime": {"datetime": "2021-09-28 16:11:27", "elapsed": 1.910422, "delta": 0.521998}}
{"target": -36.03554499560232, "params": {"C": 4124.61693985077, "gamma": 0.133654626678114}, "datetime": {"datetime": "2021-09-28 16:11:28", "elapsed": 2.161423, "delta": 0.251001}}
{"target": -34.924029888204295, "params": {"C": 4029.8690167315044, "gamma": 0.06508422699307778}, "datetime": {"datetime": "2021-09-28 16:11:28", "elapsed": 2.399422, "delta": 0.237999}}
{"target": -34.744435867565116, "params": {"C": 4125.561534182213, "gamma": 0.02550614243719923}, "datetime": {"datetime": "2021-09-28 16:11:28", "elapsed": 2.673422, "delta": 0.274}}
{"target": -35.088558141261636, "params": {"C": 4419.8616595798085, "gamma": 0.01852308811760564}, "datetime": {"datetime": "2021-09-28 16:11:28", "elapsed": 2.973423, "delta": 0.300001}}
{"target": -35.907559385525886, "params": {"C": 4419.813651936521, "gamma": 0.12334582928451666}, "datetime": {"datetime": "2021-09-28 16:11:29", "elapsed": 3.266563, "delta": 0.29314}}
{"target": -36.77191013161387, "params": {"C": 4941.446974532999, "gamma": 0.18850673221422637}, "datetime": {"datetime": "2021-09-28 16:11:29", "elapsed": 3.510562, "delta": 0.243999}}
{"target": -34.97772583616829, "params": {"C": 4125.5160269378, "gamma": 0.06903652723868782}, "datetime": {"datetime": "2021-09-28 16:11:29", "elapsed": 3.831564, "delta": 0.321002}}
{"target": -35.970227655484315, "params": {"C": 4029.938063040069, "gamma": 0.011800803566808016}, "datetime": {"datetime": "2021-09-28 16:11:30", "elapsed": 4.096174, "delta": 0.26461}}
{"target": -35.1292496505166, "params": {"C": 4125.678493379839, "gamma": 0.07937060923758081}, "datetime": {"datetime": "2021-09-28 16:11:30", "elapsed": 4.349177, "delta": 0.253003}}
{"target": -36.55610411812869, "params": {"C": 4125.596075570162, "gamma": 0.17198836451549399}, "datetime": {"datetime": "2021-09-28 16:11:30", "elapsed": 4.599175, "delta": 0.249998}}
{"target": -36.16698661834015, "params": {"C": 4646.274312617359, "gamma": 0.14054254019079493}, "datetime": {"datetime": "2021-09-28 16:11:30", "elapsed": 4.867177, "delta": 0.268002}}
{"target": -35.908841452232636, "params": {"C": 4125.62596029769, "gamma": 0.01213198949298163}, "datetime": {"datetime": "2021-09-28 16:11:31", "elapsed": 5.169135, "delta": 0.301958}}
{"target": -36.67501461164285, "params": {"C": 4802.759148426244, "gamma": 0.18092789721171632}, "datetime": {"datetime": "2021-09-28 16:11:31", "elapsed": 5.419138, "delta": 0.250003}}
{"target": -36.01666721192374, "params": {"C": 4411.370190227297, "gamma": 0.13103123074436054}, "datetime": {"datetime": "2021-09-28 16:11:31", "elapsed": 5.710138, "delta": 0.291}}
{"target": -35.9960516622664, "params": {"C": 4902.049456936526, "gamma": 0.1266469436276049}, "datetime": {"datetime": "2021-09-28 16:11:32", "elapsed": 6.000138, "delta": 0.29}}
{"target": -36.482081382884395, "params": {"C": 4325.471964997462, "gamma": 0.16586270596882552}, "datetime": {"datetime": "2021-09-28 16:11:32", "elapsed": 6.25414, "delta": 0.254002}}
{"target": -34.63820721661456, "params": {"C": 4108.821015122298, "gamma": 0.033517124977688516}, "datetime": {"datetime": "2021-09-28 16:11:32", "elapsed": 6.540137, "delta": 0.285997}}
{"target": -34.97700585231717, "params": {"C": 4495.06140726567, "gamma": 0.019528176480562327}, "datetime": {"datetime": "2021-09-28 16:11:32", "elapsed": 6.847139, "delta": 0.307002}}
{"target": -35.096407851619475, "params": {"C": 4250.069833223618, "gamma": 0.07728880997253908}, "datetime": {"datetime": "2021-09-28 16:11:33", "elapsed": 7.127856, "delta": 0.280717}}
{"target": -35.41947633200007, "params": {"C": 4614.42381051727, "gamma": 0.01520029479070148}, "datetime": {"datetime": "2021-09-28 16:11:33", "elapsed": 7.401853, "delta": 0.273997}}
{"target": -37.14090472154921, "params": {"C": 4108.784785669415, "gamma": 0.005386515555490516}, "datetime": {"datetime": "2021-09-28 16:11:33", "elapsed": 7.768851, "delta": 0.366998}}
{"target": -34.573429388799894, "params": {"C": 4894.858954827103, "gamma": 0.03656869331463406}, "datetime": {"datetime": "2021-09-28 16:11:34", "elapsed": 8.058856, "delta": 0.290005}}
{"target": -36.847732824965114, "params": {"C": 4015.8924154138804, "gamma": 0.19809881923197417}, "datetime": {"datetime": "2021-09-28 16:11:34", "elapsed": 8.353853, "delta": 0.294997}}
{"target": -34.93207716050573, "params": {"C": 4035.104153248423, "gamma": 0.06567093509661556}, "datetime": {"datetime": "2021-09-28 16:11:34", "elapsed": 8.642851, "delta": 0.288998}}
{"target": -35.039052589617185, "params": {"C": 4125.7153871904375, "gamma": 0.07327849491364315}, "datetime": {"datetime": "2021-09-28 16:11:35", "elapsed": 9.006456, "delta": 0.363605}}
{"target": -35.14488293672486, "params": {"C": 4035.136768507974, "gamma": 0.0803548467746379}, "datetime": {"datetime": "2021-09-28 16:11:35", "elapsed": 9.360653, "delta": 0.354197}}
{"target": -36.70125628788705, "params": {"C": 4921.4637455807515, "gamma": 0.18268251011998105}, "datetime": {"datetime": "2021-09-28 16:11:35", "elapsed": 9.650653, "delta": 0.29}}
{"target": -35.366634270277544, "params": {"C": 4125.689142879075, "gamma": 0.09230303525471513}, "datetime": {"datetime": "2021-09-28 16:11:35", "elapsed": 9.977657, "delta": 0.327004}}
{"target": -35.379354131760884, "params": {"C": 4094.0639896253297, "gamma": 0.09309733281956055}, "datetime": {"datetime": "2021-09-28 16:11:36", "elapsed": 10.306654, "delta": 0.328997}}
{"target": -35.33889788543532, "params": {"C": 4581.179058744465, "gamma": 0.0894169835624822}, "datetime": {"datetime": "2021-09-28 16:11:36", "elapsed": 10.645655, "delta": 0.339001}}
{"target": -36.57299012006836, "params": {"C": 4169.413960247782, "gamma": 0.007693312608579001}, "datetime": {"datetime": "2021-09-28 16:11:37", "elapsed": 11.008652, "delta": 0.362997}}
{"target": -34.85359052180627, "params": {"C": 4108.850659744035, "gamma": 0.060093539045369314}, "datetime": {"datetime": "2021-09-28 16:11:37", "elapsed": 11.32766, "delta": 0.319008}}
{"target": -35.97410779585871, "params": {"C": 4138.374715138175, "gamma": 0.1293862256321188}, "datetime": {"datetime": "2021-09-28 16:11:37", "elapsed": 11.634653, "delta": 0.306993}}
{"target": -35.63991168469576, "params": {"C": 4696.689068435645, "gamma": 0.1053380703900664}, "datetime": {"datetime": "2021-09-28 16:11:37", "elapsed": 11.950652, "delta": 0.315999}}
{"target": -35.558540690400015, "params": {"C": 4125.695228014448, "gamma": 0.10302724816764994}, "datetime": {"datetime": "2021-09-28 16:11:38", "elapsed": 12.322653, "delta": 0.372001}}
{"target": -35.68489126009458, "params": {"C": 4894.9060199464075, "gamma": 0.012697308657418072}, "datetime": {"datetime": "2021-09-28 16:11:38", "elapsed": 12.744652, "delta": 0.421999}}
{"target": -35.52413386016611, "params": {"C": 4894.807640476958, "gamma": 0.01390356708303921}, "datetime": {"datetime": "2021-09-28 16:11:39", "elapsed": 13.096515, "delta": 0.351863}}
{"target": -34.93287338302714, "params": {"C": 4495.022599449704, "gamma": 0.0664063329013579}, "datetime": {"datetime": "2021-09-28 16:11:39", "elapsed": 13.49653, "delta": 0.400015}}
{"target": -35.53482917244023, "params": {"C": 4108.817951834027, "gamma": 0.10172936943866201}, "datetime": {"datetime": "2021-09-28 16:11:39", "elapsed": 13.890531, "delta": 0.394001}}
{"target": -36.34480350056597, "params": {"C": 4680.071690714273, "gamma": 0.154089450288626}, "datetime": {"datetime": "2021-09-28 16:11:40", "elapsed": 14.236228, "delta": 0.345697}}
{"target": -36.735811238403535, "params": {"C": 4857.121414029278, "gamma": 0.18569789325947425}, "datetime": {"datetime": "2021-09-28 16:11:40", "elapsed": 14.598229, "delta": 0.362001}}
{"target": -35.02881541684637, "params": {"C": 4125.609514669546, "gamma": 0.07257446429345865}, "datetime": {"datetime": "2021-09-28 16:11:40", "elapsed": 14.971226, "delta": 0.372997}}
{"target": -35.2073423606074, "params": {"C": 4035.094353867054, "gamma": 0.01835011222238532}, "datetime": {"datetime": "2021-09-28 16:11:41", "elapsed": 15.317197, "delta": 0.345971}}
{"target": -35.89902109899159, "params": {"C": 4369.39998178229, "gamma": 0.12305503427235742}, "datetime": {"datetime": "2021-09-28 16:11:41", "elapsed": 15.719194, "delta": 0.401997}}
{"target": -35.034912064374275, "params": {"C": 4450.286576569553, "gamma": 0.07328241524422915}, "datetime": {"datetime": "2021-09-28 16:11:42", "elapsed": 16.085198, "delta": 0.366004}}
{"target": -35.22516226456013, "params": {"C": 4894.850641597215, "gamma": 0.08278884125565678}, "datetime": {"datetime": "2021-09-28 16:11:42", "elapsed": 16.530195, "delta": 0.444997}}
{"target": -36.08095238474008, "params": {"C": 4108.875882051754, "gamma": 0.01082789606604604}, "datetime": {"datetime": "2021-09-28 16:11:42", "elapsed": 16.972198, "delta": 0.442003}}
{"target": -36.135842959996616, "params": {"C": 4909.221172002771, "gamma": 0.13643878910207977}, "datetime": {"datetime": "2021-09-28 16:11:43", "elapsed": 17.335467, "delta": 0.363269}}
{"target": -34.66103607438315, "params": {"C": 4494.988259658077, "gamma": 0.04533527501156863}, "datetime": {"datetime": "2021-09-28 16:11:43", "elapsed": 17.770463, "delta": 0.434996}}
{"target": -34.90139203975043, "params": {"C": 4894.894216159314, "gamma": 0.06469584111181668}, "datetime": {"datetime": "2021-09-28 16:11:44", "elapsed": 18.197467, "delta": 0.427004}}
{"target": -34.65224477381376, "params": {"C": 4035.1549851661825, "gamma": 0.03282367742152642}, "datetime": {"datetime": "2021-09-28 16:11:44", "elapsed": 18.679467, "delta": 0.482}}
{"target": -34.77760233164815, "params": {"C": 4125.585876953085, "gamma": 0.05426184848557082}, "datetime": {"datetime": "2021-09-28 16:11:45", "elapsed": 19.076138, "delta": 0.396671}}
{"target": -35.169696292596925, "params": {"C": 4035.1883631236287, "gamma": 0.08173077858273407}, "datetime": {"datetime": "2021-09-28 16:11:45", "elapsed": 19.578552, "delta": 0.502414}}
{"target": -35.66723991529438, "params": {"C": 4099.937030479024, "gamma": 0.10958730963273063}, "datetime": {"datetime": "2021-09-28 16:11:46", "elapsed": 20.024553, "delta": 0.446001}}
{"target": -35.04577628894994, "params": {"C": 4287.756082809285, "gamma": 0.0738888725861973}, "datetime": {"datetime": "2021-09-28 16:11:46", "elapsed": 20.407551, "delta": 0.382998}}
{"target": -34.609812601515564, "params": {"C": 4523.917069236088, "gamma": 0.03207606651075508}, "datetime": {"datetime": "2021-09-28 16:11:46", "elapsed": 20.79855, "delta": 0.390999}}
{"target": -34.944584856852366, "params": {"C": 4523.961735060694, "gamma": 0.01983422580973769}, "datetime": {"datetime": "2021-09-28 16:11:47", "elapsed": 21.220773, "delta": 0.422223}}
{"target": -34.88005128061366, "params": {"C": 4495.089619125514, "gamma": 0.06272880848604574}, "datetime": {"datetime": "2021-09-28 16:11:47", "elapsed": 21.628774, "delta": 0.408001}}
{"target": -36.221223609480106, "params": {"C": 4894.799206143265, "gamma": 0.008961452224013795}, "datetime": {"datetime": "2021-09-28 16:11:48", "elapsed": 22.023775, "delta": 0.395001}}
{"target": -36.36779812990693, "params": {"C": 4464.217067132034, "gamma": 0.15721527969474974}, "datetime": {"datetime": "2021-09-28 16:11:48", "elapsed": 22.421772, "delta": 0.397997}}
{"target": -34.601962780772666, "params": {"C": 4495.123562674844, "gamma": 0.03323011492181623}, "datetime": {"datetime": "2021-09-28 16:11:48", "elapsed": 22.883775, "delta": 0.462003}}
{"target": -34.66405161697807, "params": {"C": 4029.8411796566284, "gamma": 0.03169988262034617}, "datetime": {"datetime": "2021-09-28 16:11:49", "elapsed": 23.33771, "delta": 0.453935}}
{"target": -36.72603511778989, "params": {"C": 4587.491134386348, "gamma": 0.1856689421933904}, "datetime": {"datetime": "2021-09-28 16:11:49", "elapsed": 23.816711, "delta": 0.479001}}
{"target": -35.655354192295455, "params": {"C": 4494.968437080625, "gamma": 0.10709381725365746}, "datetime": {"datetime": "2021-09-28 16:11:50", "elapsed": 24.26636, "delta": 0.449649}}
{"target": -36.092633364963305, "params": {"C": 4450.295839029637, "gamma": 0.13624445466442373}, "datetime": {"datetime": "2021-09-28 16:11:50", "elapsed": 24.744361, "delta": 0.478001}}
{"target": -36.899784175136865, "params": {"C": 4884.8885379593075, "gamma": 0.19961786588979927}, "datetime": {"datetime": "2021-09-28 16:11:51", "elapsed": 25.196266, "delta": 0.451905}}
{"target": -34.86473617643925, "params": {"C": 4894.819105418108, "gamma": 0.06219756244647069}, "datetime": {"datetime": "2021-09-28 16:11:51", "elapsed": 25.627269, "delta": 0.431003}}
{"target": -34.68600046354203, "params": {"C": 4523.885224682429, "gamma": 0.026456958877078617}, "datetime": {"datetime": "2021-09-28 16:11:52", "elapsed": 26.151267, "delta": 0.523998}}
{"target": -35.425636768606886, "params": {"C": 4658.258523782795, "gamma": 0.015071352943496024}, "datetime": {"datetime": "2021-09-28 16:11:52", "elapsed": 26.576267, "delta": 0.425}}
{"target": -35.503591644585484, "params": {"C": 4266.891799798058, "gamma": 0.09934402305382174}, "datetime": {"datetime": "2021-09-28 16:11:53", "elapsed": 27.006266, "delta": 0.429999}}
{"target": -34.67871296799046, "params": {"C": 4125.766766827922, "gamma": 0.045537414026846704}, "datetime": {"datetime": "2021-09-28 16:11:53", "elapsed": 27.501501, "delta": 0.495235}}
{"target": -36.355215070954245, "params": {"C": 4650.274615248774, "gamma": 0.15516568726967547}, "datetime": {"datetime": "2021-09-28 16:11:54", "elapsed": 27.992499, "delta": 0.490998}}
{"target": -35.65348513158078, "params": {"C": 4523.862402183033, "gamma": 0.10685878361432868}, "datetime": {"datetime": "2021-09-28 16:11:54", "elapsed": 28.576501, "delta": 0.584002}}
{"target": -34.64332301989883, "params": {"C": 4494.921406524389, "gamma": 0.04357262799072152}, "datetime": {"datetime": "2021-09-28 16:11:55", "elapsed": 29.118478, "delta": 0.541977}}
{"target": -35.12773920512487, "params": {"C": 4125.80797960192, "gamma": 0.07928742576432789}, "datetime": {"datetime": "2021-09-28 16:11:55", "elapsed": 29.648257, "delta": 0.529779}}
{"target": -35.97438685191558, "params": {"C": 4305.022329648089, "gamma": 0.12872996325698022}, "datetime": {"datetime": "2021-09-28 16:11:56", "elapsed": 30.110256, "delta": 0.461999}}
{"target": -35.54396858596823, "params": {"C": 4154.697028363421, "gamma": 0.10206980669172949}, "datetime": {"datetime": "2021-09-28 16:11:56", "elapsed": 30.574254, "delta": 0.463998}}
{"target": -35.67323738338474, "params": {"C": 4273.161498771255, "gamma": 0.10914789655518903}, "datetime": {"datetime": "2021-09-28 16:11:57", "elapsed": 31.071257, "delta": 0.497003}}
{"target": -34.755196334805866, "params": {"C": 4051.305556297808, "gamma": 0.052186071808302745}, "datetime": {"datetime": "2021-09-28 16:11:57", "elapsed": 31.561558, "delta": 0.490301}}
{"target": -34.929627062036836, "params": {"C": 4495.166401896913, "gamma": 0.06618308144857034}, "datetime": {"datetime": "2021-09-28 16:11:58", "elapsed": 32.140556, "delta": 0.578998}}
{"target": -35.72052947300646, "params": {"C": 4029.797971806392, "gamma": 0.11315209069968082}, "datetime": {"datetime": "2021-09-28 16:11:58", "elapsed": 32.655554, "delta": 0.514998}}
