{"target": -36.14456907680154, "params": {"C": 22625.592093348132, "gamma": 0.07677241229028499}, "datetime": {"datetime": "2021-09-29 08:14:30", "elapsed": 685.081003, "delta": 3.684218}}
{"target": -34.401269542657836, "params": {"C": 21691.531503090413, "gamma": 0.024300196071786614}, "datetime": {"datetime": "2021-09-29 08:14:33", "elapsed": 688.693938, "delta": 3.612935}}
{"target": -36.05901258785522, "params": {"C": 20073.553252775433, "gamma": 0.07801677833730832}, "datetime": {"datetime": "2021-09-29 08:14:37", "elapsed": 692.772025, "delta": 4.078087}}
{"target": -35.89755037378314, "params": {"C": 19087.009423347186, "gamma": 0.07415253189349143}, "datetime": {"datetime": "2021-09-29 08:14:40", "elapsed": 695.418167, "delta": 2.646142}}
{"target": -34.58387563249365, "params": {"C": 19117.58929602034, "gamma": 0.03368141383795866}, "datetime": {"datetime": "2021-09-29 08:14:43", "elapsed": 698.758593, "delta": 3.340426}}
{"target": -35.12954953514322, "params": {"C": 19545.031933764123, "gamma": 0.050999852619556384}, "datetime": {"datetime": "2021-09-29 08:14:48", "elapsed": 703.127405, "delta": 4.368812}}
{"target": -34.63660971896606, "params": {"C": 23507.03990458647, "gamma": 0.03378053304839622}, "datetime": {"datetime": "2021-09-29 08:14:51", "elapsed": 706.346603, "delta": 3.219198}}
{"target": -35.402830474193046, "params": {"C": 22051.204744933108, "gamma": 0.056068655446703565}, "datetime": {"datetime": "2021-09-29 08:14:54", "elapsed": 709.49544, "delta": 3.148837}}
{"target": -34.767422872990025, "params": {"C": 21118.949342287186, "gamma": 0.009865419678517659}, "datetime": {"datetime": "2021-09-29 08:14:58", "elapsed": 713.357843, "delta": 3.862403}}
{"target": -35.2383327062866, "params": {"C": 22171.00329864672, "gamma": 0.05165050179254788}, "datetime": {"datetime": "2021-09-29 08:15:02", "elapsed": 717.159082, "delta": 3.801239}}
{"target": -34.63459198032658, "params": {"C": 24383.478106758303, "gamma": 0.033313942378850124}, "datetime": {"datetime": "2021-09-29 08:15:04", "elapsed": 719.699155, "delta": 2.540073}}
{"target": -34.3313376411451, "params": {"C": 21784.00066034367, "gamma": 0.014720973672894985}, "datetime": {"datetime": "2021-09-29 08:15:07", "elapsed": 722.548634, "delta": 2.849479}}
{"target": -34.695424480026524, "params": {"C": 19944.435592138456, "gamma": 0.038191159418855}, "datetime": {"datetime": "2021-09-29 08:15:10", "elapsed": 725.170855, "delta": 2.622221}}
{"target": -35.46433469771475, "params": {"C": 20146.235962608396, "gamma": 0.059637926287357076}, "datetime": {"datetime": "2021-09-29 08:15:13", "elapsed": 728.364782, "delta": 3.193927}}
{"target": -36.257518682561354, "params": {"C": 22409.65305887948, "gamma": 0.08076255210929167}, "datetime": {"datetime": "2021-09-29 08:15:17", "elapsed": 732.119478, "delta": 3.754696}}
{"target": -36.1655518738002, "params": {"C": 21118.99229520792, "gamma": 0.07978237507431828}, "datetime": {"datetime": "2021-09-29 08:15:20", "elapsed": 735.748569, "delta": 3.629091}}
{"target": -34.57026262394133, "params": {"C": 19751.35078643838, "gamma": 0.032746462232549164}, "datetime": {"datetime": "2021-09-29 08:15:24", "elapsed": 739.062627, "delta": 3.314058}}
{"target": -35.63940179828732, "params": {"C": 20149.70340319313, "gamma": 0.006288020016361348}, "datetime": {"datetime": "2021-09-29 08:15:27", "elapsed": 742.598091, "delta": 3.535464}}
{"target": -35.94736038487904, "params": {"C": 21461.754676042525, "gamma": 0.07236930489977034}, "datetime": {"datetime": "2021-09-29 08:15:32", "elapsed": 747.441571, "delta": 4.84348}}
{"target": -34.630752947734955, "params": {"C": 19766.93922296863, "gamma": 0.011265215604651987}, "datetime": {"datetime": "2021-09-29 08:15:37", "elapsed": 751.850774, "delta": 4.409203}}
{"target": -34.45869838659816, "params": {"C": 19753.55194137011, "gamma": 0.013193664237117313}, "datetime": {"datetime": "2021-09-29 08:15:40", "elapsed": 755.296644, "delta": 3.44587}}
{"target": -35.35497508274577, "params": {"C": 20149.65453713496, "gamma": 0.05659269987491892}, "datetime": {"datetime": "2021-09-29 08:15:44", "elapsed": 759.167793, "delta": 3.871149}}
{"target": -34.741153571498785, "params": {"C": 22777.58281205116, "gamma": 0.037858697824486406}, "datetime": {"datetime": "2021-09-29 08:15:48", "elapsed": 762.93246, "delta": 3.764667}}
{"target": -35.10794814619146, "params": {"C": 22358.192445739485, "gamma": 0.04814596531025955}, "datetime": {"datetime": "2021-09-29 08:15:51", "elapsed": 766.548241, "delta": 3.615781}}
{"target": -34.42802272533273, "params": {"C": 22372.520334402947, "gamma": 0.02535798188538528}, "datetime": {"datetime": "2021-09-29 08:15:55", "elapsed": 770.444322, "delta": 3.896081}}
{"target": -35.30769136941924, "params": {"C": 22558.80814737144, "gamma": 0.053128507810350584}, "datetime": {"datetime": "2021-09-29 08:15:58", "elapsed": 773.262241, "delta": 2.817919}}
{"target": -35.85530491689073, "params": {"C": 24090.905621034854, "gamma": 0.005095974252584382}, "datetime": {"datetime": "2021-09-29 08:16:02", "elapsed": 776.959771, "delta": 3.69753}}
{"target": -35.24771606520518, "params": {"C": 24240.72285418685, "gamma": 0.050291328415896626}, "datetime": {"datetime": "2021-09-29 08:16:05", "elapsed": 779.94059, "delta": 2.980819}}
{"target": -34.664194684583656, "params": {"C": 21961.140148742536, "gamma": 0.035711854740218776}, "datetime": {"datetime": "2021-09-29 08:16:08", "elapsed": 783.287901, "delta": 3.347311}}
{"target": -36.07117423531368, "params": {"C": 24796.440132386637, "gamma": 0.07167763115046732}, "datetime": {"datetime": "2021-09-29 08:16:12", "elapsed": 786.996744, "delta": 3.708843}}
{"target": -36.61254429693041, "params": {"C": 20325.002260056164, "gamma": 0.09792283908992458}, "datetime": {"datetime": "2021-09-29 08:16:14", "elapsed": 789.592905, "delta": 2.596161}}
{"target": -35.0803608505862, "params": {"C": 21971.90045298088, "gamma": 0.047722443454934226}, "datetime": {"datetime": "2021-09-29 08:16:17", "elapsed": 792.759119, "delta": 3.166214}}
{"target": -34.331152892699755, "params": {"C": 23603.155536868093, "gamma": 0.01400411387278495}, "datetime": {"datetime": "2021-09-29 08:16:21", "elapsed": 796.272455, "delta": 3.513336}}
{"target": -36.24783484281582, "params": {"C": 22686.671954658083, "gamma": 0.08000413767774449}, "datetime": {"datetime": "2021-09-29 08:16:24", "elapsed": 799.304605, "delta": 3.03215}}
{"target": -34.70934195754339, "params": {"C": 19375.455697944843, "gamma": 0.03902216322277974}, "datetime": {"datetime": "2021-09-29 08:16:27", "elapsed": 801.927462, "delta": 2.622857}}
{"target": -36.33429915009834, "params": {"C": 19076.873327421185, "gamma": 0.08970870335795997}, "datetime": {"datetime": "2021-09-29 08:16:30", "elapsed": 804.821424, "delta": 2.893962}}
{"target": -36.39416423228698, "params": {"C": 20420.07717748298, "gamma": 0.0891524714081421}, "datetime": {"datetime": "2021-09-29 08:16:32", "elapsed": 807.570632, "delta": 2.749208}}
{"target": -36.22753277203125, "params": {"C": 19751.327193850484, "gamma": 0.08432939883756153}, "datetime": {"datetime": "2021-09-29 08:16:36", "elapsed": 811.134731, "delta": 3.564099}}
{"target": -35.15368831653168, "params": {"C": 23331.65114774165, "gamma": 0.04859724701472163}, "datetime": {"datetime": "2021-09-29 08:16:40", "elapsed": 815.026236, "delta": 3.891505}}
{"target": -35.07016861933877, "params": {"C": 22143.47876903373, "gamma": 0.04733388263561327}, "datetime": {"datetime": "2021-09-29 08:16:44", "elapsed": 818.952772, "delta": 3.926536}}
{"target": -35.3514869413618, "params": {"C": 22777.631737176005, "gamma": 0.054080226371038966}, "datetime": {"datetime": "2021-09-29 08:16:49", "elapsed": 824.553533, "delta": 5.600761}}
{"target": -35.8922339256324, "params": {"C": 21710.193656683274, "gamma": 0.07031854295706429}, "datetime": {"datetime": "2021-09-29 08:16:52", "elapsed": 827.248631, "delta": 2.695098}}
{"target": -35.75078256102754, "params": {"C": 23585.522216330748, "gamma": 0.06401189607375436}, "datetime": {"datetime": "2021-09-29 08:16:56", "elapsed": 831.09071, "delta": 3.842079}}
{"target": -36.113636442422326, "params": {"C": 23538.254042040768, "gamma": 0.07453920892550334}, "datetime": {"datetime": "2021-09-29 08:16:59", "elapsed": 834.751904, "delta": 3.661194}}
{"target": -35.49004141787787, "params": {"C": 22372.46255133107, "gamma": 0.05809683737641789}, "datetime": {"datetime": "2021-09-29 08:17:04", "elapsed": 839.006994, "delta": 4.25509}}
{"target": -34.329182975354925, "params": {"C": 22372.488102204108, "gamma": 0.01451976599097362}, "datetime": {"datetime": "2021-09-29 08:17:10", "elapsed": 844.823368, "delta": 5.816374}}
{"target": -35.16471264396244, "params": {"C": 22143.47992909303, "gamma": 0.049768163626824645}, "datetime": {"datetime": "2021-09-29 08:17:12", "elapsed": 847.678443, "delta": 2.855075}}
{"target": -35.39955391293901, "params": {"C": 22542.868602914874, "gamma": 0.05553903095825205}, "datetime": {"datetime": "2021-09-29 08:17:18", "elapsed": 852.96485, "delta": 5.286407}}
{"target": -34.63038978215708, "params": {"C": 24171.58932245169, "gamma": 0.033225587637024975}, "datetime": {"datetime": "2021-09-29 08:17:21", "elapsed": 855.813143, "delta": 2.848293}}
{"target": -35.88281440618964, "params": {"C": 24224.907633258845, "gamma": 0.005}, "datetime": {"datetime": "2021-09-29 08:17:24", "elapsed": 859.347712, "delta": 3.534569}}
{"target": -36.16872101355623, "params": {"C": 20782.66998960702, "gamma": 0.080447398605432}, "datetime": {"datetime": "2021-09-29 08:17:26", "elapsed": 861.759651, "delta": 2.411939}}
{"target": -34.75155788041195, "params": {"C": 21853.636650998807, "gamma": 0.03872832860031595}, "datetime": {"datetime": "2021-09-29 08:17:29", "elapsed": 864.339648, "delta": 2.579997}}
{"target": -35.08644121984324, "params": {"C": 24591.74064571751, "gamma": 0.04606786328315648}, "datetime": {"datetime": "2021-09-29 08:17:37", "elapsed": 872.24881, "delta": 7.909162}}
{"target": -35.2187967828793, "params": {"C": 21186.000083650884, "gamma": 0.05196166784384927}, "datetime": {"datetime": "2021-09-29 08:17:40", "elapsed": 875.181272, "delta": 2.932462}}
{"target": -35.50506679055934, "params": {"C": 20323.90833056152, "gamma": 0.006733064488696048}, "datetime": {"datetime": "2021-09-29 08:17:43", "elapsed": 877.977399, "delta": 2.796127}}
{"target": -35.91822004386355, "params": {"C": 20841.820251447163, "gamma": 0.0722827796688035}, "datetime": {"datetime": "2021-09-29 08:17:45", "elapsed": 880.532711, "delta": 2.555312}}
{"target": -34.32948352202329, "params": {"C": 20571.500971034948, "gamma": 0.021184633517814685}, "datetime": {"datetime": "2021-09-29 08:17:51", "elapsed": 886.065976, "delta": 5.533265}}
{"target": -35.18364435014927, "params": {"C": 19085.138408045073, "gamma": 0.052909732415186435}, "datetime": {"datetime": "2021-09-29 08:17:54", "elapsed": 888.817396, "delta": 2.75142}}
{"target": -35.9280150292692, "params": {"C": 22473.226797415224, "gamma": 0.07045814040682372}, "datetime": {"datetime": "2021-09-29 08:17:56", "elapsed": 891.652275, "delta": 2.834879}}
{"target": -34.35021390596364, "params": {"C": 24224.98656236288, "gamma": 0.02112857476158775}, "datetime": {"datetime": "2021-09-29 08:18:01", "elapsed": 895.840475, "delta": 4.1882}}
{"target": -35.46135420773089, "params": {"C": 24182.603961260884, "gamma": 0.05572844231263593}, "datetime": {"datetime": "2021-09-29 08:18:04", "elapsed": 898.803395, "delta": 2.96292}}
{"target": -34.87116870584444, "params": {"C": 19753.536593817043, "gamma": 0.0438218578785459}, "datetime": {"datetime": "2021-09-29 08:18:08", "elapsed": 902.946084, "delta": 4.142689}}
{"target": -35.10506669364496, "params": {"C": 23091.90642480146, "gamma": 0.0079053704642998}, "datetime": {"datetime": "2021-09-29 08:18:10", "elapsed": 905.149249, "delta": 2.203165}}
{"target": -34.747984772459795, "params": {"C": 19792.567067755506, "gamma": 0.03996966491428317}, "datetime": {"datetime": "2021-09-29 08:18:15", "elapsed": 910.109787, "delta": 4.960538}}
{"target": -34.275011073006866, "params": {"C": 23331.61742610692, "gamma": 0.01638714611286004}, "datetime": {"datetime": "2021-09-29 08:18:19", "elapsed": 914.255192, "delta": 4.145405}}
{"target": -35.042322111586806, "params": {"C": 22822.316374788403, "gamma": 0.046142821442414744}, "datetime": {"datetime": "2021-09-29 08:18:23", "elapsed": 918.038082, "delta": 3.78289}}
{"target": -35.76031221585311, "params": {"C": 21324.228827585808, "gamma": 0.06681255115365754}, "datetime": {"datetime": "2021-09-29 08:18:25", "elapsed": 920.555509, "delta": 2.517427}}
{"target": -35.819019560176294, "params": {"C": 24224.988415165775, "gamma": 0.06525919621715878}, "datetime": {"datetime": "2021-09-29 08:18:29", "elapsed": 924.568402, "delta": 4.012893}}
{"target": -35.48989409486281, "params": {"C": 20571.534594703604, "gamma": 0.059900424370027974}, "datetime": {"datetime": "2021-09-29 08:18:35", "elapsed": 930.764051, "delta": 6.195649}}
{"target": -34.902591642802655, "params": {"C": 19467.93985422346, "gamma": 0.04488897621463272}, "datetime": {"datetime": "2021-09-29 08:18:39", "elapsed": 933.81847, "delta": 3.054419}}
{"target": -34.33351911112637, "params": {"C": 22170.949451415032, "gamma": 0.02089433690464899}, "datetime": {"datetime": "2021-09-29 08:18:42", "elapsed": 937.109385, "delta": 3.290915}}
{"target": -34.37261533939432, "params": {"C": 22822.358919990926, "gamma": 0.013518801361408768}, "datetime": {"datetime": "2021-09-29 08:18:45", "elapsed": 939.803209, "delta": 2.693824}}
{"target": -36.52623597307004, "params": {"C": 19196.337821972873, "gamma": 0.09705096120971375}, "datetime": {"datetime": "2021-09-29 08:18:47", "elapsed": 942.087931, "delta": 2.284722}}
{"target": -34.83741851053792, "params": {"C": 22603.81513749106, "gamma": 0.04091420419993662}, "datetime": {"datetime": "2021-09-29 08:18:49", "elapsed": 944.360146, "delta": 2.272215}}
{"target": -35.23874433305655, "params": {"C": 19744.990507415896, "gamma": 0.053796941524973406}, "datetime": {"datetime": "2021-09-29 08:18:51", "elapsed": 946.554396, "delta": 2.19425}}
{"target": -36.40239251629646, "params": {"C": 20950.78911684899, "gamma": 0.08840311887035894}, "datetime": {"datetime": "2021-09-29 08:18:53", "elapsed": 948.761999, "delta": 2.207603}}
{"target": -35.306997997604235, "params": {"C": 19149.79960933254, "gamma": 0.05627729872030638}, "datetime": {"datetime": "2021-09-29 08:18:57", "elapsed": 952.362393, "delta": 3.600394}}
{"target": -35.40899623341116, "params": {"C": 22232.233719956286, "gamma": 0.05606712815956578}, "datetime": {"datetime": "2021-09-29 08:19:00", "elapsed": 955.118545, "delta": 2.756152}}
{"target": -34.62049593737876, "params": {"C": 20142.31412738561, "gamma": 0.011245270706795093}, "datetime": {"datetime": "2021-09-29 08:19:04", "elapsed": 959.664481, "delta": 4.545936}}
{"target": -36.637296572739956, "params": {"C": 23346.644271130303, "gamma": 0.09206293003081197}, "datetime": {"datetime": "2021-09-29 08:19:07", "elapsed": 961.792546, "delta": 2.128065}}
{"target": -34.27740474257252, "params": {"C": 22625.609122903876, "gamma": 0.016514129335525228}, "datetime": {"datetime": "2021-09-29 08:19:10", "elapsed": 964.937354, "delta": 3.144808}}
{"target": -36.26102956423256, "params": {"C": 21691.499200596747, "gamma": 0.0820551535282322}, "datetime": {"datetime": "2021-09-29 08:19:13", "elapsed": 968.608403, "delta": 3.671049}}
{"target": -34.76122442391657, "params": {"C": 22303.088439249244, "gamma": 0.009626052037254623}, "datetime": {"datetime": "2021-09-29 08:19:16", "elapsed": 971.610745, "delta": 3.002342}}
{"target": -34.5224609721141, "params": {"C": 22577.163487336315, "gamma": 0.029415032185122897}, "datetime": {"datetime": "2021-09-29 08:19:22", "elapsed": 977.174549, "delta": 5.563804}}
{"target": -34.276549804464274, "params": {"C": 22675.7228969988, "gamma": 0.016622355188768985}, "datetime": {"datetime": "2021-09-29 08:19:24", "elapsed": 979.376169, "delta": 2.20162}}
{"target": -35.01601674048995, "params": {"C": 20047.347148488956, "gamma": 0.04750676751039571}, "datetime": {"datetime": "2021-09-29 08:19:27", "elapsed": 982.407551, "delta": 3.031382}}
{"target": -36.38884882354625, "params": {"C": 20129.355083907885, "gamma": 0.08954672632484761}, "datetime": {"datetime": "2021-09-29 08:19:29", "elapsed": 984.626835, "delta": 2.219284}}
{"target": -35.71325055084946, "params": {"C": 22713.163258915054, "gamma": 0.06387872082544825}, "datetime": {"datetime": "2021-09-29 08:19:37", "elapsed": 992.100438, "delta": 7.473603}}
{"target": -34.41297448043801, "params": {"C": 23002.640916966906, "gamma": 0.024450628106181628}, "datetime": {"datetime": "2021-09-29 08:19:41", "elapsed": 995.85281, "delta": 3.752372}}
{"target": -35.44869357346631, "params": {"C": 21092.590379194593, "gamma": 0.05822312555227282}, "datetime": {"datetime": "2021-09-29 08:19:43", "elapsed": 998.663329, "delta": 2.810519}}
{"target": -36.17094354129548, "params": {"C": 21961.188729593672, "gamma": 0.07861402969110066}, "datetime": {"datetime": "2021-09-29 08:19:46", "elapsed": 1001.607817, "delta": 2.944488}}
{"target": -35.28487531712759, "params": {"C": 20371.828309336997, "gamma": 0.054461386855549306}, "datetime": {"datetime": "2021-09-29 08:19:49", "elapsed": 1003.918047, "delta": 2.31023}}
{"target": -34.29297245322239, "params": {"C": 22542.912615261906, "gamma": 0.01579261131842866}, "datetime": {"datetime": "2021-09-29 08:19:52", "elapsed": 1007.008294, "delta": 3.090247}}
{"target": -34.33143532762088, "params": {"C": 22675.76056871765, "gamma": 0.014352610624185313}, "datetime": {"datetime": "2021-09-29 08:19:55", "elapsed": 1010.024365, "delta": 3.016071}}
{"target": -34.97754332019121, "params": {"C": 20143.477755010652, "gamma": 0.04639947067716163}, "datetime": {"datetime": "2021-09-29 08:19:58", "elapsed": 1013.774556, "delta": 3.750191}}
{"target": -35.538453604145566, "params": {"C": 23937.75221872941, "gamma": 0.057938664251042576}, "datetime": {"datetime": "2021-09-29 08:20:02", "elapsed": 1016.845842, "delta": 3.071286}}
{"target": -35.64930274140833, "params": {"C": 22948.119656095838, "gamma": 0.061854002477176435}, "datetime": {"datetime": "2021-09-29 08:20:04", "elapsed": 1018.910833, "delta": 2.064991}}
{"target": -36.40483403319914, "params": {"C": 21876.38846388936, "gamma": 0.08674992109083361}, "datetime": {"datetime": "2021-09-29 08:20:06", "elapsed": 1021.237111, "delta": 2.326278}}
{"target": -36.56829710022968, "params": {"C": 21783.995511806253, "gamma": 0.09274676720165825}, "datetime": {"datetime": "2021-09-29 08:20:09", "elapsed": 1024.453854, "delta": 3.216743}}
{"target": -35.180521380698, "params": {"C": 19269.807786499958, "gamma": 0.05264828222312785}, "datetime": {"datetime": "2021-09-29 08:20:13", "elapsed": 1028.043918, "delta": 3.590064}}
{"target": -35.22698508331729, "params": {"C": 20639.977509327524, "gamma": 0.05265576867482763}, "datetime": {"datetime": "2021-09-29 08:20:16", "elapsed": 1031.085126, "delta": 3.041208}}
{"target": -36.173301843279425, "params": {"C": 23251.231925443855, "gamma": 0.07676700776537267}, "datetime": {"datetime": "2021-09-29 08:20:18", "elapsed": 1033.53794, "delta": 2.452814}}
{"target": -34.91357319209636, "params": {"C": 22274.753103075567, "gamma": 0.008904269905463254}, "datetime": {"datetime": "2021-09-29 08:20:21", "elapsed": 1035.79353, "delta": 2.25559}}
{"target": -34.57886646192932, "params": {"C": 19307.792882529728, "gamma": 0.033357614178346165}, "datetime": {"datetime": "2021-09-29 08:20:23", "elapsed": 1038.690458, "delta": 2.896928}}
{"target": -35.08076248100465, "params": {"C": 22065.12055556209, "gamma": 0.047663896215682434}, "datetime": {"datetime": "2021-09-29 08:20:26", "elapsed": 1041.735995, "delta": 3.045537}}
{"target": -34.63693993994889, "params": {"C": 20146.32958953966, "gamma": 0.035453229997071886}, "datetime": {"datetime": "2021-09-29 08:20:30", "elapsed": 1045.101083, "delta": 3.365088}}
{"target": -34.341757171108384, "params": {"C": 19312.495177659457, "gamma": 0.02217488250567558}, "datetime": {"datetime": "2021-09-29 08:20:32", "elapsed": 1047.548153, "delta": 2.44707}}
{"target": -34.98706509891454, "params": {"C": 23030.76059870986, "gamma": 0.044604498928397275}, "datetime": {"datetime": "2021-09-29 08:20:35", "elapsed": 1049.973428, "delta": 2.425275}}
{"target": -36.49710488226811, "params": {"C": 23901.414308697, "gamma": 0.08610047573357074}, "datetime": {"datetime": "2021-09-29 08:20:39", "elapsed": 1054.763182, "delta": 4.789754}}
{"target": -34.59973768364183, "params": {"C": 20480.964147068153, "gamma": 0.033640180789949896}, "datetime": {"datetime": "2021-09-29 08:20:42", "elapsed": 1057.291715, "delta": 2.528533}}
{"target": -36.182113567436176, "params": {"C": 22675.738764276637, "gamma": 0.07788540236783655}, "datetime": {"datetime": "2021-09-29 08:20:47", "elapsed": 1062.0581, "delta": 4.766385}}
{"target": -34.370079675247965, "params": {"C": 22232.155389382235, "gamma": 0.013784080407005645}, "datetime": {"datetime": "2021-09-29 08:20:51", "elapsed": 1066.083106, "delta": 4.025006}}
{"target": -34.94033139675029, "params": {"C": 20811.78153005952, "gamma": 0.04491243183724738}, "datetime": {"datetime": "2021-09-29 08:20:53", "elapsed": 1068.633552, "delta": 2.550446}}
{"target": -34.42777235901537, "params": {"C": 22412.454275206892, "gamma": 0.012722737890108608}, "datetime": {"datetime": "2021-09-29 08:20:58", "elapsed": 1073.133764, "delta": 4.500212}}
{"target": -34.433912621047185, "params": {"C": 23585.45876440961, "gamma": 0.012246841874684836}, "datetime": {"datetime": "2021-09-29 08:21:02", "elapsed": 1077.045855, "delta": 3.912091}}
{"target": -36.001591317867934, "params": {"C": 21221.570205237014, "gamma": 0.07442088718066546}, "datetime": {"datetime": "2021-09-29 08:21:04", "elapsed": 1079.701456, "delta": 2.655601}}
