{"target": -34.894763559766496, "params": {"C": 5535.982888057912, "gamma": 0.041557950093384706}, "datetime": {"datetime": "2021-09-28 17:34:15", "elapsed": 513.075448, "delta": 2.701197}}
{"target": -34.874928856049145, "params": {"C": 5896.976874698546, "gamma": 0.043030114603010365}, "datetime": {"datetime": "2021-09-28 17:34:18", "elapsed": 515.320856, "delta": 2.245408}}
{"target": -35.57262751479051, "params": {"C": 5896.931403371087, "gamma": 0.010954944132528895}, "datetime": {"datetime": "2021-09-28 17:34:21", "elapsed": 518.389688, "delta": 3.068832}}
{"target": -35.04146223493558, "params": {"C": 5501.651262964986, "gamma": 0.052178405716307774}, "datetime": {"datetime": "2021-09-28 17:34:24", "elapsed": 521.584232, "delta": 3.194544}}
{"target": -35.133459527274894, "params": {"C": 5324.070927425934, "gamma": 0.05637371062943178}, "datetime": {"datetime": "2021-09-28 17:34:26", "elapsed": 523.922717, "delta": 2.338485}}
{"target": -35.069047382782884, "params": {"C": 5535.916676256356, "gamma": 0.05384226127801742}, "datetime": {"datetime": "2021-09-28 17:34:30", "elapsed": 527.894585, "delta": 3.971868}}
{"target": -35.47023846417859, "params": {"C": 5927.383902182824, "gamma": 0.012226918819578773}, "datetime": {"datetime": "2021-09-28 17:34:32", "elapsed": 530.183537, "delta": 2.288952}}
{"target": -34.88444871896521, "params": {"C": 5352.712969282727, "gamma": 0.031788087185341735}, "datetime": {"datetime": "2021-09-28 17:34:34", "elapsed": 531.925834, "delta": 1.742297}}
{"target": -35.49111865904344, "params": {"C": 5332.549995971654, "gamma": 0.07345470837885522}, "datetime": {"datetime": "2021-09-28 17:34:36", "elapsed": 533.779153, "delta": 1.853319}}
{"target": -34.87998188659423, "params": {"C": 5413.235498645001, "gamma": 0.038441918519234876}, "datetime": {"datetime": "2021-09-28 17:34:38", "elapsed": 535.535521, "delta": 1.756368}}
{"target": -34.888807828326186, "params": {"C": 5486.130537266874, "gamma": 0.027246082189375815}, "datetime": {"datetime": "2021-09-28 17:34:42", "elapsed": 540.119688, "delta": 4.584167}}
{"target": -35.705690400525825, "params": {"C": 5088.333158826449, "gamma": 0.009456403669473232}, "datetime": {"datetime": "2021-09-28 17:34:46", "elapsed": 543.890073, "delta": 3.770385}}
{"target": -34.91803241305097, "params": {"C": 5023.142971229903, "gamma": 0.03347628277440773}, "datetime": {"datetime": "2021-09-28 17:34:48", "elapsed": 546.164145, "delta": 2.274072}}
{"target": -34.874912866384015, "params": {"C": 5794.645260204776, "gamma": 0.02554245135628548}, "datetime": {"datetime": "2021-09-28 17:34:50", "elapsed": 547.92574, "delta": 1.761595}}
{"target": -34.96653233273021, "params": {"C": 5367.553045990642, "gamma": 0.022272402961532586}, "datetime": {"datetime": "2021-09-28 17:34:52", "elapsed": 549.705664, "delta": 1.779924}}
{"target": -34.89182796031123, "params": {"C": 5654.114829873443, "gamma": 0.04249825054231658}, "datetime": {"datetime": "2021-09-28 17:34:56", "elapsed": 553.372805, "delta": 3.667141}}
{"target": -35.41950465219935, "params": {"C": 5023.1269475599765, "gamma": 0.06917868629355466}, "datetime": {"datetime": "2021-09-28 17:34:58", "elapsed": 555.915831, "delta": 2.543026}}
{"target": -34.927790099767954, "params": {"C": 5141.078699564893, "gamma": 0.026720984419486914}, "datetime": {"datetime": "2021-09-28 17:35:00", "elapsed": 557.783173, "delta": 1.867342}}
{"target": -35.118769536493325, "params": {"C": 5352.718157046737, "gamma": 0.05574660123337493}, "datetime": {"datetime": "2021-09-28 17:35:03", "elapsed": 561.131353, "delta": 3.34818}}
{"target": -34.82225010848659, "params": {"C": 5999.308657354083, "gamma": 0.031853164686288016}, "datetime": {"datetime": "2021-09-28 17:35:06", "elapsed": 563.549923, "delta": 2.41857}}
{"target": -35.29100490364145, "params": {"C": 5654.119516942721, "gamma": 0.014798221048922498}, "datetime": {"datetime": "2021-09-28 17:35:08", "elapsed": 565.979855, "delta": 2.429932}}
{"target": -34.860335191349215, "params": {"C": 5584.246716511125, "gamma": 0.03181280768930814}, "datetime": {"datetime": "2021-09-28 17:35:11", "elapsed": 568.730093, "delta": 2.750238}}
{"target": -35.01570601511252, "params": {"C": 5223.185077136622, "gamma": 0.04938524685764525}, "datetime": {"datetime": "2021-09-28 17:35:16", "elapsed": 573.366779, "delta": 4.636686}}
{"target": -34.93503563598431, "params": {"C": 5122.61407215127, "gamma": 0.026058295770440755}, "datetime": {"datetime": "2021-09-28 17:35:17", "elapsed": 575.260822, "delta": 1.894043}}
{"target": -35.392703377251635, "params": {"C": 5584.254010346243, "gamma": 0.013474473077818187}, "datetime": {"datetime": "2021-09-28 17:35:20", "elapsed": 577.417925, "delta": 2.157103}}
{"target": -35.39547268651593, "params": {"C": 5316.550106840829, "gamma": 0.06927508243396777}, "datetime": {"datetime": "2021-09-28 17:35:21", "elapsed": 579.275758, "delta": 1.857833}}
{"target": -35.59026993738815, "params": {"C": 5167.250141899863, "gamma": 0.01105054088870389}, "datetime": {"datetime": "2021-09-28 17:35:23", "elapsed": 581.1063, "delta": 1.830542}}
{"target": -35.066174814504926, "params": {"C": 5794.620117639565, "gamma": 0.017850818304265638}, "datetime": {"datetime": "2021-09-28 17:35:26", "elapsed": 583.927868, "delta": 2.821568}}
{"target": -36.21483631405702, "params": {"C": 5324.086569576117, "gamma": 0.0034871415470286776}, "datetime": {"datetime": "2021-09-28 17:35:30", "elapsed": 587.584048, "delta": 3.65618}}
{"target": -35.64123458550679, "params": {"C": 5999.318364952822, "gamma": 0.01006097985961488}, "datetime": {"datetime": "2021-09-28 17:35:33", "elapsed": 590.847025, "delta": 3.262977}}
{"target": -34.92241635014742, "params": {"C": 5011.764665109949, "gamma": 0.03785073380697814}, "datetime": {"datetime": "2021-09-28 17:35:36", "elapsed": 593.60023, "delta": 2.753205}}
{"target": -34.86075798849817, "params": {"C": 5925.922907045726, "gamma": 0.02589987202090021}, "datetime": {"datetime": "2021-09-28 17:35:38", "elapsed": 595.520772, "delta": 1.920542}}
{"target": -34.90602493162396, "params": {"C": 5827.273958361227, "gamma": 0.04508436137682454}, "datetime": {"datetime": "2021-09-28 17:35:40", "elapsed": 598.063961, "delta": 2.543189}}
{"target": -34.913321805096224, "params": {"C": 5080.966526962246, "gamma": 0.03181746224095463}, "datetime": {"datetime": "2021-09-28 17:35:42", "elapsed": 600.083913, "delta": 2.019952}}
{"target": -34.82959880758073, "params": {"C": 5849.251984097426, "gamma": 0.036988996400087695}, "datetime": {"datetime": "2021-09-28 17:35:44", "elapsed": 601.975078, "delta": 1.891165}}
{"target": -35.07921554586434, "params": {"C": 5849.240516980035, "gamma": 0.017583917600231366}, "datetime": {"datetime": "2021-09-28 17:35:48", "elapsed": 605.723487, "delta": 3.748409}}
{"target": -34.83798089986028, "params": {"C": 5849.265887484079, "gamma": 0.030684408646299018}, "datetime": {"datetime": "2021-09-28 17:35:50", "elapsed": 608.197119, "delta": 2.473632}}
{"target": -34.859602008610935, "params": {"C": 5896.9888179992095, "gamma": 0.02626330174138022}, "datetime": {"datetime": "2021-09-28 17:35:54", "elapsed": 612.179081, "delta": 3.981962}}
{"target": -34.91310005146443, "params": {"C": 5535.907140357006, "gamma": 0.024261980583930032}, "datetime": {"datetime": "2021-09-28 17:35:57", "elapsed": 614.946243, "delta": 2.767162}}
{"target": -34.91991029453939, "params": {"C": 5450.046803100663, "gamma": 0.04340547176298926}, "datetime": {"datetime": "2021-09-28 17:35:59", "elapsed": 616.962447, "delta": 2.016204}}
{"target": -34.919982708343426, "params": {"C": 5794.6659118454145, "gamma": 0.045914971310815414}, "datetime": {"datetime": "2021-09-28 17:36:02", "elapsed": 619.328074, "delta": 2.365627}}
{"target": -35.26581489393451, "params": {"C": 5313.401647515365, "gamma": 0.06302838060017536}, "datetime": {"datetime": "2021-09-28 17:36:04", "elapsed": 622.260174, "delta": 2.9321}}
{"target": -35.1789855918919, "params": {"C": 5794.666382295984, "gamma": 0.016213324202217626}, "datetime": {"datetime": "2021-09-28 17:36:07", "elapsed": 625.273116, "delta": 3.012942}}
{"target": -34.84343642564311, "params": {"C": 5897.008026241245, "gamma": 0.02891204961547232}, "datetime": {"datetime": "2021-09-28 17:36:11", "elapsed": 628.290181, "delta": 3.017065}}
{"target": -35.562740061748954, "params": {"C": 5062.597895939365, "gamma": 0.011487492132656565}, "datetime": {"datetime": "2021-09-28 17:36:12", "elapsed": 630.127357, "delta": 1.837176}}
{"target": -35.22564211677505, "params": {"C": 5849.267966609107, "gamma": 0.06291212034553866}, "datetime": {"datetime": "2021-09-28 17:36:16", "elapsed": 633.598144, "delta": 3.470787}}
{"target": -34.91955901414091, "params": {"C": 5501.678411888058, "gamma": 0.04391100374853377}, "datetime": {"datetime": "2021-09-28 17:36:21", "elapsed": 638.78326, "delta": 5.185116}}
{"target": -35.88836833886671, "params": {"C": 5925.909655694621, "gamma": 0.00704960697896027}, "datetime": {"datetime": "2021-09-28 17:36:24", "elapsed": 641.950897, "delta": 3.167637}}
{"target": -34.88587612725001, "params": {"C": 5498.11890755786, "gamma": 0.04011370147911079}, "datetime": {"datetime": "2021-09-28 17:36:26", "elapsed": 643.997068, "delta": 2.046171}}
{"target": -34.93253681558929, "params": {"C": 5794.630643916679, "gamma": 0.04664429257803324}, "datetime": {"datetime": "2021-09-28 17:36:31", "elapsed": 648.622745, "delta": 4.625677}}
{"target": -35.20282565903607, "params": {"C": 5794.646150420991, "gamma": 0.061582708374166927}, "datetime": {"datetime": "2021-09-28 17:36:34", "elapsed": 651.726727, "delta": 3.103982}}
{"target": -35.05055559564513, "params": {"C": 5456.0352005549785, "gamma": 0.018737394726008737}, "datetime": {"datetime": "2021-09-28 17:36:36", "elapsed": 653.851199, "delta": 2.124472}}
{"target": -34.85868569950227, "params": {"C": 5925.927187580706, "gamma": 0.041597378330940786}, "datetime": {"datetime": "2021-09-28 17:36:42", "elapsed": 659.367109, "delta": 5.51591}}
{"target": -35.01904789303046, "params": {"C": 5584.245829465002, "gamma": 0.051100139900810054}, "datetime": {"datetime": "2021-09-28 17:36:46", "elapsed": 663.819626, "delta": 4.452517}}
{"target": -35.24953899187502, "params": {"C": 5309.142448635298, "gamma": 0.06218314869414196}, "datetime": {"datetime": "2021-09-28 17:36:48", "elapsed": 665.855685, "delta": 2.036059}}
{"target": -35.008335931844094, "params": {"C": 5141.068602104359, "gamma": 0.04834623020063097}, "datetime": {"datetime": "2021-09-28 17:36:51", "elapsed": 669.028496, "delta": 3.172811}}
{"target": -34.845166292700675, "params": {"C": 5925.942440933178, "gamma": 0.028265218419593365}, "datetime": {"datetime": "2021-09-28 17:36:55", "elapsed": 673.048882, "delta": 4.020386}}
{"target": -35.931277485838024, "params": {"C": 5893.204253108043, "gamma": 0.006489999258571579}, "datetime": {"datetime": "2021-09-28 17:36:57", "elapsed": 675.099266, "delta": 2.050384}}
{"target": -35.46388356969058, "params": {"C": 5849.284876570004, "gamma": 0.012355270612414156}, "datetime": {"datetime": "2021-09-28 17:37:01", "elapsed": 678.822159, "delta": 3.722893}}
{"target": -35.01480279947391, "params": {"C": 5897.009954454643, "gamma": 0.05160815658711556}, "datetime": {"datetime": "2021-09-28 17:37:04", "elapsed": 681.810061, "delta": 2.987902}}
{"target": -35.04323240779885, "params": {"C": 5342.370888602641, "gamma": 0.051873582384292974}, "datetime": {"datetime": "2021-09-28 17:37:07", "elapsed": 684.82746, "delta": 3.017399}}
{"target": -34.9380591661004, "params": {"C": 5896.970660500259, "gamma": 0.021213427392546672}, "datetime": {"datetime": "2021-09-28 17:37:11", "elapsed": 688.667056, "delta": 3.839596}}
{"target": -35.669158558491816, "params": {"C": 5497.357217331699, "gamma": 0.009855883493286373}, "datetime": {"datetime": "2021-09-28 17:37:18", "elapsed": 695.833662, "delta": 7.166606}}
{"target": -35.47237266688592, "params": {"C": 5597.172149432651, "gamma": 0.07353386160109679}, "datetime": {"datetime": "2021-09-28 17:37:20", "elapsed": 697.902156, "delta": 2.068494}}
{"target": -34.8467249099993, "params": {"C": 5657.392486391833, "gamma": 0.036328462987420485}, "datetime": {"datetime": "2021-09-28 17:37:22", "elapsed": 700.069753, "delta": 2.167597}}
{"target": -35.03544138441091, "params": {"C": 5399.808229570837, "gamma": 0.05157414531199938}, "datetime": {"datetime": "2021-09-28 17:37:24", "elapsed": 702.153634, "delta": 2.083881}}
{"target": -34.848055215409545, "params": {"C": 5657.420877301702, "gamma": 0.03720509220522732}, "datetime": {"datetime": "2021-09-28 17:37:27", "elapsed": 705.088318, "delta": 2.934684}}
{"target": -36.225656687560466, "params": {"C": 5972.21875221313, "gamma": 0.003297659426484729}, "datetime": {"datetime": "2021-09-28 17:37:29", "elapsed": 707.241813, "delta": 2.153495}}
{"target": -35.948612605905254, "params": {"C": 5896.999080662771, "gamma": 0.006281820063893525}, "datetime": {"datetime": "2021-09-28 17:37:32", "elapsed": 710.04911, "delta": 2.807297}}
{"target": -35.35351489605519, "params": {"C": 5486.120776128907, "gamma": 0.014090851503892322}, "datetime": {"datetime": "2021-09-28 17:37:35", "elapsed": 713.16862, "delta": 3.11951}}
{"target": -35.15313170874354, "params": {"C": 5794.686336312992, "gamma": 0.059094740713320985}, "datetime": {"datetime": "2021-09-28 17:37:38", "elapsed": 716.121019, "delta": 2.952399}}
{"target": -34.89940522311993, "params": {"C": 5849.227698305133, "gamma": 0.044701005977223866}, "datetime": {"datetime": "2021-09-28 17:37:41", "elapsed": 719.060311, "delta": 2.939292}}
{"target": -34.97465906992184, "params": {"C": 5498.121556243745, "gamma": 0.021254020191868984}, "datetime": {"datetime": "2021-09-28 17:37:44", "elapsed": 722.107094, "delta": 3.046783}}
{"target": -34.91988373751621, "params": {"C": 5486.155298019063, "gamma": 0.04378285106545984}, "datetime": {"datetime": "2021-09-28 17:37:48", "elapsed": 725.732571, "delta": 3.625477}}
{"target": -34.881227652035186, "params": {"C": 5794.935527373747, "gamma": 0.02500001135803897}, "datetime": {"datetime": "2021-09-28 17:37:50", "elapsed": 727.732692, "delta": 2.000121}}
{"target": -35.46064105069479, "params": {"C": 5825.3894660836095, "gamma": 0.012411702940320683}, "datetime": {"datetime": "2021-09-28 17:37:52", "elapsed": 729.999362, "delta": 2.26667}}
{"target": -34.99201607013324, "params": {"C": 5011.791841811627, "gamma": 0.046140129843017144}, "datetime": {"datetime": "2021-09-28 17:37:56", "elapsed": 733.545456, "delta": 3.546094}}
{"target": -34.902060065618336, "params": {"C": 5657.403696536015, "gamma": 0.02428596403936535}, "datetime": {"datetime": "2021-09-28 17:37:59", "elapsed": 736.91709, "delta": 3.371634}}
{"target": -35.024986861708555, "params": {"C": 5011.743625777014, "gamma": 0.0211016581017736}, "datetime": {"datetime": "2021-09-28 17:38:03", "elapsed": 741.12918, "delta": 4.21209}}
{"target": -36.18381988421302, "params": {"C": 5733.127047883391, "gamma": 0.0037486062734451587}, "datetime": {"datetime": "2021-09-28 17:38:06", "elapsed": 743.420445, "delta": 2.291265}}
{"target": -35.31633186067276, "params": {"C": 5011.773285666641, "gamma": 0.06442063388874328}, "datetime": {"datetime": "2021-09-28 17:38:10", "elapsed": 747.347806, "delta": 3.927361}}
{"target": -35.21908680247613, "params": {"C": 5827.282857215371, "gamma": 0.06250930832226154}, "datetime": {"datetime": "2021-09-28 17:38:14", "elapsed": 751.339639, "delta": 3.991833}}
{"target": -35.25747928207362, "params": {"C": 5657.400359569162, "gamma": 0.063863158464812}, "datetime": {"datetime": "2021-09-28 17:38:17", "elapsed": 755.196207, "delta": 3.856568}}
{"target": -34.82865971666973, "params": {"C": 5849.210135097672, "gamma": 0.03371863132657143}, "datetime": {"datetime": "2021-09-28 17:38:23", "elapsed": 760.75265, "delta": 5.556443}}
{"target": -34.88883798366395, "params": {"C": 5448.514229729516, "gamma": 0.027897982037375254}, "datetime": {"datetime": "2021-09-28 17:38:25", "elapsed": 762.856197, "delta": 2.103547}}
{"target": -35.67392168384887, "params": {"C": 5087.262327027496, "gamma": 0.009909242321653314}, "datetime": {"datetime": "2021-09-28 17:38:27", "elapsed": 765.222089, "delta": 2.365892}}
{"target": -36.08444743159006, "params": {"C": 5794.935711770971, "gamma": 0.004704699480237256}, "datetime": {"datetime": "2021-09-28 17:38:32", "elapsed": 769.467404, "delta": 4.245315}}
{"target": -35.252430779954736, "params": {"C": 5849.197876300518, "gamma": 0.06425955838723853}, "datetime": {"datetime": "2021-09-28 17:38:37", "elapsed": 774.403779, "delta": 4.936375}}
{"target": -35.794918043624335, "params": {"C": 5023.120173776376, "gamma": 0.008222564612068205}, "datetime": {"datetime": "2021-09-28 17:38:40", "elapsed": 777.874076, "delta": 3.470297}}
{"target": -34.845013377893444, "params": {"C": 5743.212271983547, "gamma": 0.031521983117306834}, "datetime": {"datetime": "2021-09-28 17:38:44", "elapsed": 781.966836, "delta": 4.09276}}
{"target": -35.180575229436556, "params": {"C": 5011.775341407257, "gamma": 0.017192805794336914}, "datetime": {"datetime": "2021-09-28 17:38:47", "elapsed": 785.264558, "delta": 3.297722}}
{"target": -34.90321694270843, "params": {"C": 5305.306165143786, "gamma": 0.03998310935689349}, "datetime": {"datetime": "2021-09-28 17:38:50", "elapsed": 787.532678, "delta": 2.26812}}
{"target": -34.95747760998115, "params": {"C": 5794.961501118999, "gamma": 0.04808642137560829}, "datetime": {"datetime": "2021-09-28 17:38:53", "elapsed": 790.465845, "delta": 2.933167}}
{"target": -34.88196365274877, "params": {"C": 5407.977287063456, "gamma": 0.030563127116603632}, "datetime": {"datetime": "2021-09-28 17:38:55", "elapsed": 792.747924, "delta": 2.282079}}
{"target": -34.83282904752799, "params": {"C": 5794.93192328395, "gamma": 0.03471351487521757}, "datetime": {"datetime": "2021-09-28 17:39:02", "elapsed": 799.889131, "delta": 7.141207}}
{"target": -35.2897361383519, "params": {"C": 5407.966008544275, "gamma": 0.015061433529030149}, "datetime": {"datetime": "2021-09-28 17:39:06", "elapsed": 803.49428, "delta": 3.605149}}
{"target": -34.9458998093067, "params": {"C": 5448.527218852794, "gamma": 0.045706906192292104}, "datetime": {"datetime": "2021-09-28 17:39:09", "elapsed": 806.597651, "delta": 3.103371}}
{"target": -35.47091048519314, "params": {"C": 5823.811466235379, "gamma": 0.07413934175323174}, "datetime": {"datetime": "2021-09-28 17:39:12", "elapsed": 809.610398, "delta": 3.012747}}
{"target": -35.03044998646395, "params": {"C": 5743.1991703934955, "gamma": 0.05213826068346554}, "datetime": {"datetime": "2021-09-28 17:39:16", "elapsed": 813.309882, "delta": 3.699484}}
{"target": -35.361951226120176, "params": {"C": 5486.147891535922, "gamma": 0.06842838630942698}, "datetime": {"datetime": "2021-09-28 17:39:21", "elapsed": 818.331851, "delta": 5.021969}}
{"target": -35.2883235293717, "params": {"C": 5450.028664211507, "gamma": 0.06468935831690163}, "datetime": {"datetime": "2021-09-28 17:39:24", "elapsed": 822.253165, "delta": 3.921314}}
{"target": -35.097430588683444, "params": {"C": 5448.5043776887715, "gamma": 0.055043875486093054}, "datetime": {"datetime": "2021-09-28 17:39:29", "elapsed": 827.195317, "delta": 4.942152}}
{"target": -35.40782560262116, "params": {"C": 5657.380285067526, "gamma": 0.013216203181023872}, "datetime": {"datetime": "2021-09-28 17:39:32", "elapsed": 830.178613, "delta": 2.983296}}
{"target": -34.901413291931796, "params": {"C": 5925.958046031779, "gamma": 0.04515193954824923}, "datetime": {"datetime": "2021-09-28 17:39:37", "elapsed": 835.164728, "delta": 4.986115}}
{"target": -34.888635544357626, "params": {"C": 5497.305436802953, "gamma": 0.027095676731133306}, "datetime": {"datetime": "2021-09-28 17:39:41", "elapsed": 839.010796, "delta": 3.846068}}
{"target": -34.91788782136913, "params": {"C": 5450.043402918548, "gamma": 0.024528330657923914}, "datetime": {"datetime": "2021-09-28 17:39:45", "elapsed": 842.516544, "delta": 3.505748}}
{"target": -34.88530924385355, "params": {"C": 5407.995477721696, "gamma": 0.02958836071072413}, "datetime": {"datetime": "2021-09-28 17:39:48", "elapsed": 845.530736, "delta": 3.014192}}
{"target": -34.8905280364002, "params": {"C": 5352.685528512261, "gamma": 0.029670588479206794}, "datetime": {"datetime": "2021-09-28 17:39:52", "elapsed": 849.679244, "delta": 4.148508}}
{"target": -35.1112273147597, "params": {"C": 5860.585350405504, "gamma": 0.056989060894215404}, "datetime": {"datetime": "2021-09-28 17:39:54", "elapsed": 852.012525, "delta": 2.333281}}
{"target": -35.23696648697262, "params": {"C": 5535.928583873661, "gamma": 0.015679268611613093}, "datetime": {"datetime": "2021-09-28 17:39:59", "elapsed": 856.311143, "delta": 4.298618}}
{"target": -34.98284453143253, "params": {"C": 5352.693230621205, "gamma": 0.04787987550215687}, "datetime": {"datetime": "2021-09-28 17:40:02", "elapsed": 860.03517, "delta": 3.724027}}
{"target": -35.069159068924094, "params": {"C": 5315.971745889932, "gamma": 0.05310815183456126}, "datetime": {"datetime": "2021-09-28 17:40:05", "elapsed": 862.397952, "delta": 2.362782}}
{"target": -34.8711645428775, "params": {"C": 5497.397428629835, "gamma": 0.03112047125369459}, "datetime": {"datetime": "2021-09-28 17:40:13", "elapsed": 870.9281, "delta": 8.530148}}
{"target": -35.159584569408516, "params": {"C": 5305.3198190951825, "gamma": 0.057616005403051354}, "datetime": {"datetime": "2021-09-28 17:40:17", "elapsed": 874.571331, "delta": 3.643231}}
{"target": -34.877190978742526, "params": {"C": 5743.237909369506, "gamma": 0.025781576256661307}, "datetime": {"datetime": "2021-09-28 17:40:21", "elapsed": 878.534866, "delta": 3.963535}}
{"target": -35.876558248082056, "params": {"C": 5515.21207653485, "gamma": 0.0071656808501753995}, "datetime": {"datetime": "2021-09-28 17:40:23", "elapsed": 881.062329, "delta": 2.527463}}
