{"target": -35.7228269102967, "params": {"C": 1518.759324211038, "gamma": 0.019900187978211397}, "datetime": {"datetime": "2021-09-28 13:56:43", "elapsed": 76.921227, "delta": 0.587723}}
{"target": -35.6346220642265, "params": {"C": 1965.3741215751852, "gamma": 0.04160159041980119}, "datetime": {"datetime": "2021-09-28 13:56:44", "elapsed": 77.825224, "delta": 0.903997}}
{"target": -36.50958611034874, "params": {"C": 1596.487373593646, "gamma": 0.07383413079612496}, "datetime": {"datetime": "2021-09-28 13:56:45", "elapsed": 78.59218, "delta": 0.766956}}
{"target": -36.33925110319216, "params": {"C": 1109.3359876169634, "gamma": 0.04260283436483836}, "datetime": {"datetime": "2021-09-28 13:56:45", "elapsed": 79.288177, "delta": 0.695997}}
{"target": -35.62922843296559, "params": {"C": 1763.8170226730003, "gamma": 0.03314945470529412}, "datetime": {"datetime": "2021-09-28 13:56:46", "elapsed": 80.013177, "delta": 0.725}}
{"target": -35.780750503517986, "params": {"C": 1965.3635839894964, "gamma": 0.011805773876084329}, "datetime": {"datetime": "2021-09-28 13:56:47", "elapsed": 80.674426, "delta": 0.661249}}
{"target": -35.50754057791715, "params": {"C": 1965.384628364644, "gamma": 0.028336383630882388}, "datetime": {"datetime": "2021-09-28 13:56:49", "elapsed": 82.982356, "delta": 2.30793}}
{"target": -36.60424234511653, "params": {"C": 1740.0907164501457, "gamma": 0.0043820917359841055}, "datetime": {"datetime": "2021-09-28 13:56:50", "elapsed": 84.014984, "delta": 1.032628}}
{"target": -35.66190647644564, "params": {"C": 1740.034896719243, "gamma": 0.034620332926068705}, "datetime": {"datetime": "2021-09-28 13:56:51", "elapsed": 84.770875, "delta": 0.755891}}
{"target": -36.33182439350682, "params": {"C": 1740.0427718425537, "gamma": 0.07032847355062354}, "datetime": {"datetime": "2021-09-28 13:56:52", "elapsed": 85.660875, "delta": 0.89}}
{"target": -35.69027468122691, "params": {"C": 1596.5382201066789, "gamma": 0.017435871758714715}, "datetime": {"datetime": "2021-09-28 13:56:52", "elapsed": 86.348874, "delta": 0.687999}}
{"target": -35.73646600433748, "params": {"C": 1498.504720712398, "gamma": 0.024867311535679792}, "datetime": {"datetime": "2021-09-28 13:56:53", "elapsed": 86.977089, "delta": 0.628215}}
{"target": -36.56163723690991, "params": {"C": 1079.273588045883, "gamma": 0.05097685859130593}, "datetime": {"datetime": "2021-09-28 13:56:54", "elapsed": 87.631083, "delta": 0.653994}}
{"target": -35.59816806602493, "params": {"C": 1740.0164415444365, "gamma": 0.022896219509597134}, "datetime": {"datetime": "2021-09-28 13:56:54", "elapsed": 88.409569, "delta": 0.778486}}
{"target": -35.88228255180524, "params": {"C": 1740.0370878140661, "gamma": 0.011130744411770636}, "datetime": {"datetime": "2021-09-28 13:56:55", "elapsed": 89.263639, "delta": 0.85407}}
{"target": -35.93850033758413, "params": {"C": 1739.982814330137, "gamma": 0.05229222049304415}, "datetime": {"datetime": "2021-09-28 13:56:56", "elapsed": 90.086641, "delta": 0.823002}}
{"target": -36.30596937338954, "params": {"C": 1882.9755125004942, "gamma": 0.0056847707980434824}, "datetime": {"datetime": "2021-09-28 13:56:57", "elapsed": 91.039479, "delta": 0.952838}}
{"target": -35.729676302117255, "params": {"C": 1596.479983158341, "gamma": 0.01548006073199822}, "datetime": {"datetime": "2021-09-28 13:56:58", "elapsed": 91.893473, "delta": 0.853994}}
{"target": -35.5249129360429, "params": {"C": 1965.3405653609125, "gamma": 0.032181578176284246}, "datetime": {"datetime": "2021-09-28 13:56:59", "elapsed": 92.676674, "delta": 0.783201}}
{"target": -35.65593849502908, "params": {"C": 1965.298211947529, "gamma": 0.04330691670568398}, "datetime": {"datetime": "2021-09-28 13:57:00", "elapsed": 93.528798, "delta": 0.852124}}
{"target": -35.694780699559274, "params": {"C": 1965.3445917224158, "gamma": 0.0462410873739535}, "datetime": {"datetime": "2021-09-28 13:57:01", "elapsed": 94.569797, "delta": 1.040999}}
{"target": -36.76045138962578, "params": {"C": 1466.8715403984152, "gamma": 0.004654342917235023}, "datetime": {"datetime": "2021-09-28 13:57:01", "elapsed": 95.373665, "delta": 0.803868}}
{"target": -35.95727621951541, "params": {"C": 1759.8067508371191, "gamma": 0.05416862689284891}, "datetime": {"datetime": "2021-09-28 13:57:02", "elapsed": 96.102667, "delta": 0.729002}}
{"target": -35.67361764609377, "params": {"C": 1882.8570271179017, "gamma": 0.04157820716032904}, "datetime": {"datetime": "2021-09-28 13:57:03", "elapsed": 97.097861, "delta": 0.995194}}
{"target": -35.53630985271696, "params": {"C": 1882.9667138787202, "gamma": 0.024129580770508415}, "datetime": {"datetime": "2021-09-28 13:57:04", "elapsed": 97.862868, "delta": 0.765007}}
{"target": -35.55566367525353, "params": {"C": 1882.9757728350205, "gamma": 0.032272260709745086}, "datetime": {"datetime": "2021-09-28 13:57:05", "elapsed": 98.748309, "delta": 0.885441}}
{"target": -36.00033977838508, "params": {"C": 1763.8162762597553, "gamma": 0.05655128540725337}, "datetime": {"datetime": "2021-09-28 13:57:06", "elapsed": 99.806308, "delta": 1.057999}}
{"target": -36.111251295608895, "params": {"C": 1518.7480742289456, "gamma": 0.05265181179558967}, "datetime": {"datetime": "2021-09-28 13:57:07", "elapsed": 100.763707, "delta": 0.957399}}
{"target": -35.564105052987784, "params": {"C": 1817.6305212761802, "gamma": 0.02212720429212684}, "datetime": {"datetime": "2021-09-28 13:57:08", "elapsed": 101.586709, "delta": 0.823002}}
{"target": -35.96550405819324, "params": {"C": 1883.6541822597965, "gamma": 0.009242332789183797}, "datetime": {"datetime": "2021-09-28 13:57:09", "elapsed": 102.60771, "delta": 1.021001}}
{"target": -35.73507048490619, "params": {"C": 1965.2986606222603, "gamma": 0.012594983989386153}, "datetime": {"datetime": "2021-09-28 13:57:10", "elapsed": 103.766105, "delta": 1.158395}}
{"target": -36.10545895737734, "params": {"C": 1739.9738834478462, "gamma": 0.00807067148353622}, "datetime": {"datetime": "2021-09-28 13:57:11", "elapsed": 104.892341, "delta": 1.126236}}
{"target": -35.65400398520215, "params": {"C": 1883.558982870433, "gamma": 0.04009333723017615}, "datetime": {"datetime": "2021-09-28 13:57:12", "elapsed": 105.712341, "delta": 0.82}}
{"target": -35.86956617616714, "params": {"C": 1856.092251223427, "gamma": 0.05284975579244941}, "datetime": {"datetime": "2021-09-28 13:57:13", "elapsed": 106.538344, "delta": 0.826003}}
{"target": -35.99390273400908, "params": {"C": 1817.6368583464266, "gamma": 0.05766247728727029}, "datetime": {"datetime": "2021-09-28 13:57:14", "elapsed": 107.651433, "delta": 1.113089}}
{"target": -35.793775477332865, "params": {"C": 1466.8230924367033, "gamma": 0.029769336773662603}, "datetime": {"datetime": "2021-09-28 13:57:15", "elapsed": 108.785803, "delta": 1.13437}}
{"target": -35.72749070885505, "params": {"C": 1942.166902655515, "gamma": 0.04757004254317534}, "datetime": {"datetime": "2021-09-28 13:57:16", "elapsed": 109.734799, "delta": 0.948996}}
{"target": -35.834666233611685, "params": {"C": 1466.9461451314412, "gamma": 0.014718537210095656}, "datetime": {"datetime": "2021-09-28 13:57:17", "elapsed": 110.926431, "delta": 1.191632}}
{"target": -35.582849153365665, "params": {"C": 1817.6049287308142, "gamma": 0.016636285684087454}, "datetime": {"datetime": "2021-09-28 13:57:18", "elapsed": 111.972428, "delta": 1.045997}}
{"target": -35.50545177740839, "params": {"C": 1965.2643008547507, "gamma": 0.021559849759133845}, "datetime": {"datetime": "2021-09-28 13:57:20", "elapsed": 114.366628, "delta": 2.3942}}
{"target": -36.632522186959314, "params": {"C": 1883.598627349997, "gamma": 0.0039135330385615405}, "datetime": {"datetime": "2021-09-28 13:57:22", "elapsed": 115.607051, "delta": 1.240423}}
{"target": -36.41013161488552, "params": {"C": 1466.8240009725348, "gamma": 0.064847745335556}, "datetime": {"datetime": "2021-09-28 13:57:23", "elapsed": 116.546044, "delta": 0.938993}}
{"target": -36.298977805582396, "params": {"C": 1965.336134413307, "gamma": 0.005523065156850478}, "datetime": {"datetime": "2021-09-28 13:57:24", "elapsed": 117.725637, "delta": 1.179593}}
{"target": -35.6063648569241, "params": {"C": 1965.4079205036958, "gamma": 0.03934075264266876}, "datetime": {"datetime": "2021-09-28 13:57:25", "elapsed": 118.780464, "delta": 1.054827}}
{"target": -36.008272130609896, "params": {"C": 1648.19972915588, "gamma": 0.00971572924767673}, "datetime": {"datetime": "2021-09-28 13:57:26", "elapsed": 119.609106, "delta": 0.828642}}
{"target": -35.540877563485864, "params": {"C": 1882.9666495754068, "gamma": 0.027890338701877643}, "datetime": {"datetime": "2021-09-28 13:57:27", "elapsed": 120.479105, "delta": 0.869999}}
{"target": -35.600105887783776, "params": {"C": 1883.6104033609397, "gamma": 0.03590882707030828}, "datetime": {"datetime": "2021-09-28 13:57:28", "elapsed": 121.639234, "delta": 1.160129}}
{"target": -35.591062836348065, "params": {"C": 1942.191663303684, "gamma": 0.03730099120694582}, "datetime": {"datetime": "2021-09-28 13:57:29", "elapsed": 122.841518, "delta": 1.202284}}
{"target": -35.50301333049052, "params": {"C": 1965.2661877430749, "gamma": 0.02327098527796313}, "datetime": {"datetime": "2021-09-28 13:57:30", "elapsed": 123.70024, "delta": 0.858722}}
{"target": -36.40753418513571, "params": {"C": 1430.7579896262291, "gamma": 0.06320490868462986}, "datetime": {"datetime": "2021-09-28 13:57:31", "elapsed": 124.782244, "delta": 1.082004}}
{"target": -35.75252549571921, "params": {"C": 1965.2709630108263, "gamma": 0.049972241094073784}, "datetime": {"datetime": "2021-09-28 13:57:32", "elapsed": 126.448243, "delta": 1.665999}}
{"target": -35.75515723348228, "params": {"C": 1584.0574361167771, "gamma": 0.03448989812925375}, "datetime": {"datetime": "2021-09-28 13:57:33", "elapsed": 127.216569, "delta": 0.768326}}
{"target": -35.59964200312782, "params": {"C": 1883.5894977146781, "gamma": 0.03587172882770194}, "datetime": {"datetime": "2021-09-28 13:57:37", "elapsed": 130.527293, "delta": 3.310724}}
{"target": -36.73483145438631, "params": {"C": 1817.6167297762543, "gamma": 0.003730063088620393}, "datetime": {"datetime": "2021-09-28 13:57:38", "elapsed": 131.565738, "delta": 1.038445}}
{"target": -36.285954673917, "params": {"C": 1942.1952121592658, "gamma": 0.07339323463732132}, "datetime": {"datetime": "2021-09-28 13:57:39", "elapsed": 132.598735, "delta": 1.032997}}
{"target": -35.637289105298784, "params": {"C": 1965.2488022231737, "gamma": 0.04181054131156566}, "datetime": {"datetime": "2021-09-28 13:57:40", "elapsed": 134.113237, "delta": 1.514502}}
{"target": -35.50278066529622, "params": {"C": 1965.2351836929688, "gamma": 0.023566369363711075}, "datetime": {"datetime": "2021-09-28 13:57:41", "elapsed": 134.948217, "delta": 0.83498}}
{"target": -35.93791101801079, "params": {"C": 1817.5769016315628, "gamma": 0.0098991169104484}, "datetime": {"datetime": "2021-09-28 13:57:42", "elapsed": 135.984876, "delta": 1.036659}}
{"target": -35.89373734411801, "params": {"C": 1526.489976855781, "gamma": 0.0412103938842178}, "datetime": {"datetime": "2021-09-28 13:57:43", "elapsed": 136.777876, "delta": 0.793}}
{"target": -35.78251744290627, "params": {"C": 1635.0578798462514, "gamma": 0.013625496786386533}, "datetime": {"datetime": "2021-09-28 13:57:44", "elapsed": 137.837215, "delta": 1.059339}}
{"target": -35.5895976694624, "params": {"C": 1817.5863010854985, "gamma": 0.032182804639600944}, "datetime": {"datetime": "2021-09-28 13:57:45", "elapsed": 138.738542, "delta": 0.901327}}
{"target": -35.67387229437383, "params": {"C": 1740.0605173928643, "gamma": 0.03551874980540966}, "datetime": {"datetime": "2021-09-28 13:57:46", "elapsed": 139.695797, "delta": 0.957255}}
{"target": -35.62466257488019, "params": {"C": 1882.9414292034091, "gamma": 0.03779925349878895}, "datetime": {"datetime": "2021-09-28 13:57:47", "elapsed": 140.667797, "delta": 0.972}}
{"target": -35.983717259065514, "params": {"C": 1223.223891912181, "gamma": 0.024474058802112456}, "datetime": {"datetime": "2021-09-28 13:57:48", "elapsed": 141.540625, "delta": 0.872828}}
{"target": -35.82798107146842, "params": {"C": 1942.1726273639217, "gamma": 0.011119894230290656}, "datetime": {"datetime": "2021-09-28 13:57:49", "elapsed": 143.199027, "delta": 1.658402}}
{"target": -35.537070482502955, "params": {"C": 1896.875368647928, "gamma": 0.02895367350935459}, "datetime": {"datetime": "2021-09-28 13:57:50", "elapsed": 144.06891, "delta": 0.869883}}
{"target": -35.517365673613085, "params": {"C": 1949.9917689685076, "gamma": 0.01921140173969542}, "datetime": {"datetime": "2021-09-28 13:57:51", "elapsed": 145.053101, "delta": 0.984191}}
{"target": -35.51665566255099, "params": {"C": 1950.0020251522296, "gamma": 0.029413114168247205}, "datetime": {"datetime": "2021-09-28 13:57:52", "elapsed": 146.269102, "delta": 1.216001}}
{"target": -35.512407859391054, "params": {"C": 1942.2089263875873, "gamma": 0.022993317458795886}, "datetime": {"datetime": "2021-09-28 13:57:53", "elapsed": 147.365775, "delta": 1.096673}}
{"target": -35.56137327180483, "params": {"C": 1827.319526785278, "gamma": 0.020701146714498415}, "datetime": {"datetime": "2021-09-28 13:57:54", "elapsed": 148.239773, "delta": 0.873998}}
{"target": -35.686637631856804, "params": {"C": 1896.8566262705053, "gamma": 0.04312379027744652}, "datetime": {"datetime": "2021-09-28 13:57:57", "elapsed": 150.952866, "delta": 2.713093}}
{"target": -35.57388114549058, "params": {"C": 1817.6502820700866, "gamma": 0.028927190022163908}, "datetime": {"datetime": "2021-09-28 13:57:59", "elapsed": 152.50324, "delta": 1.550374}}
{"target": -35.837899653361326, "params": {"C": 1399.7296047395853, "gamma": 0.016405161084435925}, "datetime": {"datetime": "2021-09-28 13:57:59", "elapsed": 153.327444, "delta": 0.824204}}
{"target": -35.731279485412784, "params": {"C": 1950.0097865667908, "gamma": 0.012733407411551101}, "datetime": {"datetime": "2021-09-28 13:58:01", "elapsed": 154.481727, "delta": 1.154283}}
{"target": -35.89121471894394, "params": {"C": 1497.3347629100422, "gamma": 0.03969621056082799}, "datetime": {"datetime": "2021-09-28 13:58:01", "elapsed": 155.32497, "delta": 0.843243}}
{"target": -35.55983301992626, "params": {"C": 1827.2820609097091, "gamma": 0.022750416226832545}, "datetime": {"datetime": "2021-09-28 13:58:03", "elapsed": 156.690971, "delta": 1.366001}}
{"target": -36.10585191034334, "params": {"C": 1665.1590108871733, "gamma": 0.05832719917444838}, "datetime": {"datetime": "2021-09-28 13:58:04", "elapsed": 157.595256, "delta": 0.904285}}
{"target": -36.26227217501754, "params": {"C": 1965.2243025510948, "gamma": 0.005814812100970818}, "datetime": {"datetime": "2021-09-28 13:58:05", "elapsed": 158.844147, "delta": 1.248891}}
{"target": -35.80004952790649, "params": {"C": 1418.466091955821, "gamma": 0.020229683239130786}, "datetime": {"datetime": "2021-09-28 13:58:06", "elapsed": 159.706478, "delta": 0.862331}}
{"target": -35.972177940466715, "params": {"C": 1360.3452268129522, "gamma": 0.038195596988638426}, "datetime": {"datetime": "2021-09-28 13:58:07", "elapsed": 160.725473, "delta": 1.018995}}
{"target": -35.54502181520706, "params": {"C": 1942.2457493833247, "gamma": 0.0166700604331758}, "datetime": {"datetime": "2021-09-28 13:58:08", "elapsed": 161.916518, "delta": 1.191045}}
{"target": -35.51584407604764, "params": {"C": 1942.2708661259348, "gamma": 0.02078346970524337}, "datetime": {"datetime": "2021-09-28 13:58:09", "elapsed": 163.074517, "delta": 1.157999}}
{"target": -35.75925340675155, "params": {"C": 1604.1912894010125, "gamma": 0.03569497233171077}, "datetime": {"datetime": "2021-09-28 13:58:10", "elapsed": 164.107723, "delta": 1.033206}}
{"target": -35.92078958653664, "params": {"C": 1295.5216686826896, "gamma": 0.017054313426654578}, "datetime": {"datetime": "2021-09-28 13:58:11", "elapsed": 165.07472, "delta": 0.966997}}
{"target": -36.682031143451354, "params": {"C": 1827.2954747391395, "gamma": 0.00387868732377026}, "datetime": {"datetime": "2021-09-28 13:58:13", "elapsed": 166.566819, "delta": 1.492099}}
{"target": -36.17517458774414, "params": {"C": 1172.1662137765836, "gamma": 0.038319813018538845}, "datetime": {"datetime": "2021-09-28 13:58:14", "elapsed": 167.5731, "delta": 1.006281}}
{"target": -36.17116580514095, "params": {"C": 1983.2388955698839, "gamma": 0.06927631086112576}, "datetime": {"datetime": "2021-09-28 13:58:15", "elapsed": 168.611254, "delta": 1.038154}}
{"target": -36.05378996714381, "params": {"C": 1883.5425695759927, "gamma": 0.06194154420456878}, "datetime": {"datetime": "2021-09-28 13:58:16", "elapsed": 169.955708, "delta": 1.344454}}
{"target": -36.00688675655069, "params": {"C": 1856.1206953576225, "gamma": 0.05919954524064385}, "datetime": {"datetime": "2021-09-28 13:58:17", "elapsed": 171.057706, "delta": 1.101998}}
{"target": -35.559811219861544, "params": {"C": 1827.3485085549569, "gamma": 0.02270556556316107}, "datetime": {"datetime": "2021-09-28 13:58:19", "elapsed": 172.500145, "delta": 1.442439}}
{"target": -35.64100103860389, "params": {"C": 1949.9814156554721, "gamma": 0.0415427109270407}, "datetime": {"datetime": "2021-09-28 13:58:21", "elapsed": 174.524563, "delta": 2.024418}}
{"target": -35.56959046955025, "params": {"C": 1827.2531595824337, "gamma": 0.017468872286266233}, "datetime": {"datetime": "2021-09-28 13:58:22", "elapsed": 176.299612, "delta": 1.775049}}
{"target": -35.70505307672855, "params": {"C": 1942.2393724374788, "gamma": 0.04614276477237341}, "datetime": {"datetime": "2021-09-28 13:58:24", "elapsed": 177.539217, "delta": 1.239605}}
{"target": -35.96762852151972, "params": {"C": 1817.5668162833035, "gamma": 0.056548837515378314}, "datetime": {"datetime": "2021-09-28 13:58:25", "elapsed": 179.1843, "delta": 1.645083}}
{"target": -35.5986972048165, "params": {"C": 1882.9393472765873, "gamma": 0.035774143174342694}, "datetime": {"datetime": "2021-09-28 13:58:26", "elapsed": 180.432594, "delta": 1.248294}}
{"target": -36.29596619519296, "params": {"C": 1407.5583592475036, "gamma": 0.05716725943143977}, "datetime": {"datetime": "2021-09-28 13:58:27", "elapsed": 181.420592, "delta": 0.987998}}
{"target": -35.73440305557779, "params": {"C": 1635.0891478416966, "gamma": 0.0353186254321263}, "datetime": {"datetime": "2021-09-28 13:58:28", "elapsed": 182.454596, "delta": 1.034004}}
{"target": -36.16945567347619, "params": {"C": 1896.8468095881467, "gamma": 0.006833426084186639}, "datetime": {"datetime": "2021-09-28 13:58:30", "elapsed": 184.105742, "delta": 1.651146}}
{"target": -36.04055642022711, "params": {"C": 1313.412698267266, "gamma": 0.039561322671944475}, "datetime": {"datetime": "2021-09-28 13:58:31", "elapsed": 185.081747, "delta": 0.976005}}
{"target": -36.06804907936398, "params": {"C": 1827.256082330729, "gamma": 0.06109147452606131}, "datetime": {"datetime": "2021-09-28 13:58:32", "elapsed": 186.36894, "delta": 1.287193}}
{"target": -35.583435511876246, "params": {"C": 1949.9516018837044, "gamma": 0.03696531782206259}, "datetime": {"datetime": "2021-09-28 13:58:34", "elapsed": 187.618136, "delta": 1.249196}}
{"target": -36.441981034654304, "params": {"C": 1418.4914291779762, "gamma": 0.006524295114424549}, "datetime": {"datetime": "2021-09-28 13:58:35", "elapsed": 189.272755, "delta": 1.654619}}
{"target": -36.33333578784415, "params": {"C": 1811.334634207385, "gamma": 0.0722526301643557}, "datetime": {"datetime": "2021-09-28 13:58:36", "elapsed": 190.280113, "delta": 1.007358}}
{"target": -36.05088150775561, "params": {"C": 1927.9393153696956, "gamma": 0.06286405193811949}, "datetime": {"datetime": "2021-09-28 13:58:37", "elapsed": 191.193111, "delta": 0.912998}}
{"target": -35.82865140356752, "params": {"C": 1882.9011035104477, "gamma": 0.011358962266236592}, "datetime": {"datetime": "2021-09-28 13:58:39", "elapsed": 192.908848, "delta": 1.715737}}
{"target": -35.65890255311625, "params": {"C": 1896.890879407659, "gamma": 0.0409778705923317}, "datetime": {"datetime": "2021-09-28 13:58:41", "elapsed": 194.844178, "delta": 1.93533}}
{"target": -35.9129834857162, "params": {"C": 1942.27253790122, "gamma": 0.05729484405674908}, "datetime": {"datetime": "2021-09-28 13:58:42", "elapsed": 195.927666, "delta": 1.083488}}
{"target": -35.96723590178504, "params": {"C": 1949.9348045616064, "gamma": 0.05983540216181175}, "datetime": {"datetime": "2021-09-28 13:58:43", "elapsed": 197.075667, "delta": 1.148001}}
{"target": -36.09596202465184, "params": {"C": 1245.6571905121418, "gamma": 0.03867117726650462}, "datetime": {"datetime": "2021-09-28 13:58:44", "elapsed": 198.130457, "delta": 1.05479}}
{"target": -35.65266412551504, "params": {"C": 1763.8018561842214, "gamma": 0.034953328019119524}, "datetime": {"datetime": "2021-09-28 13:58:45", "elapsed": 199.292055, "delta": 1.161598}}
{"target": -35.78756706568546, "params": {"C": 1546.0076367788338, "gamma": 0.0350330828651581}, "datetime": {"datetime": "2021-09-28 13:58:46", "elapsed": 200.424511, "delta": 1.132456}}
{"target": -36.36711539945496, "params": {"C": 1903.9218844186437, "gamma": 0.07587115812232983}, "datetime": {"datetime": "2021-09-28 13:58:48", "elapsed": 201.488022, "delta": 1.063511}}
{"target": -35.59753450129428, "params": {"C": 1827.2409384563375, "gamma": 0.033395546793459165}, "datetime": {"datetime": "2021-09-28 13:58:49", "elapsed": 203.330024, "delta": 1.842002}}
{"target": -35.54212057256659, "params": {"C": 1942.2292288005815, "gamma": 0.03312838662171866}, "datetime": {"datetime": "2021-09-28 13:58:51", "elapsed": 204.622421, "delta": 1.292397}}
{"target": -35.829599942047935, "params": {"C": 1827.3507369761146, "gamma": 0.04943233784393296}, "datetime": {"datetime": "2021-09-28 13:58:53", "elapsed": 206.604922, "delta": 1.982501}}
{"target": -36.122474429797144, "params": {"C": 1545.9839796847648, "gamma": 0.054448850623322644}, "datetime": {"datetime": "2021-09-28 13:58:54", "elapsed": 208.156544, "delta": 1.551622}}
