{"target": -36.14311541304851, "params": {"C": 5055.422937227074, "gamma": 0.13604446133858464}, "datetime": {"datetime": "2021-09-28 16:43:26", "elapsed": 109.62309, "delta": 0.922999}}
{"target": -34.780772041639025, "params": {"C": 5020.297043730038, "gamma": 0.021196503639372494}, "datetime": {"datetime": "2021-09-28 16:43:27", "elapsed": 110.626769, "delta": 1.003679}}
{"target": -36.439784174151676, "params": {"C": 5797.7969310787275, "gamma": 0.1531705625281367}, "datetime": {"datetime": "2021-09-28 16:43:27", "elapsed": 111.458772, "delta": 0.832003}}
{"target": -34.727897938574884, "params": {"C": 5400.233728970307, "gamma": 0.02138460636069074}, "datetime": {"datetime": "2021-09-28 16:43:29", "elapsed": 112.650766, "delta": 1.191994}}
{"target": -35.137789757056275, "params": {"C": 5821.201485866751, "gamma": 0.07570001519238717}, "datetime": {"datetime": "2021-09-28 16:43:30", "elapsed": 113.982401, "delta": 1.331635}}
{"target": -35.3836779287705, "params": {"C": 5272.956534565025, "gamma": 0.08942974363583817}, "datetime": {"datetime": "2021-09-28 16:43:31", "elapsed": 114.953874, "delta": 0.971473}}
{"target": -34.667283515028785, "params": {"C": 5100.0317603994645, "gamma": 0.04779544539272719}, "datetime": {"datetime": "2021-09-28 16:43:32", "elapsed": 116.186873, "delta": 1.232999}}
{"target": -35.941680123792366, "params": {"C": 5927.364992314911, "gamma": 0.1176526551369683}, "datetime": {"datetime": "2021-09-28 16:43:33", "elapsed": 117.155791, "delta": 0.968918}}
{"target": -35.06511850356033, "params": {"C": 5400.245485982623, "gamma": 0.07360916469607791}, "datetime": {"datetime": "2021-09-28 16:43:35", "elapsed": 118.822917, "delta": 1.667126}}
{"target": -34.72831321883035, "params": {"C": 5815.09531838231, "gamma": 0.02044526336936452}, "datetime": {"datetime": "2021-09-28 16:43:36", "elapsed": 120.308919, "delta": 1.486002}}
{"target": -34.5637357099711, "params": {"C": 5242.563875016462, "gamma": 0.030397060952367785}, "datetime": {"datetime": "2021-09-28 16:43:38", "elapsed": 121.748743, "delta": 1.439824}}
{"target": -35.111177523189525, "params": {"C": 5815.105730730542, "gamma": 0.07450361680980307}, "datetime": {"datetime": "2021-09-28 16:43:39", "elapsed": 123.105679, "delta": 1.356936}}
{"target": -34.73480098358675, "params": {"C": 5242.534693357258, "gamma": 0.02162324657724315}, "datetime": {"datetime": "2021-09-28 16:43:40", "elapsed": 124.495004, "delta": 1.389325}}
{"target": -34.86942789116995, "params": {"C": 5047.4153079394255, "gamma": 0.0626855130109015}, "datetime": {"datetime": "2021-09-28 16:43:42", "elapsed": 125.813893, "delta": 1.318889}}
{"target": -34.88334207151685, "params": {"C": 5137.975823727025, "gamma": 0.06370751403040739}, "datetime": {"datetime": "2021-09-28 16:43:43", "elapsed": 126.927769, "delta": 1.113876}}
{"target": -36.113378772423836, "params": {"C": 5404.371157824681, "gamma": 0.13182390020567797}, "datetime": {"datetime": "2021-09-28 16:43:44", "elapsed": 128.078769, "delta": 1.151}}
{"target": -34.8509145598357, "params": {"C": 5047.379226764018, "gamma": 0.061423733003754505}, "datetime": {"datetime": "2021-09-28 16:43:45", "elapsed": 129.399497, "delta": 1.320728}}
{"target": -34.578776291832654, "params": {"C": 5821.15229074238, "gamma": 0.026148166973878645}, "datetime": {"datetime": "2021-09-28 16:43:47", "elapsed": 131.077548, "delta": 1.678051}}
{"target": -34.72553629441757, "params": {"C": 5444.90865614915, "gamma": 0.05307840840810049}, "datetime": {"datetime": "2021-09-28 16:43:49", "elapsed": 132.816619, "delta": 1.739071}}
{"target": -36.37373339409051, "params": {"C": 5212.657146625954, "gamma": 0.15220542465249118}, "datetime": {"datetime": "2021-09-28 16:43:50", "elapsed": 133.91861, "delta": 1.101991}}
{"target": -34.5605777786064, "params": {"C": 5020.339558785151, "gamma": 0.032851170665837225}, "datetime": {"datetime": "2021-09-28 16:43:51", "elapsed": 135.522321, "delta": 1.603711}}
{"target": -34.77835936135505, "params": {"C": 5753.911080285128, "gamma": 0.05689311600000487}, "datetime": {"datetime": "2021-09-28 16:43:53", "elapsed": 136.949321, "delta": 1.427}}
{"target": -34.56351004805861, "params": {"C": 5047.39746542459, "gamma": 0.03625539449696613}, "datetime": {"datetime": "2021-09-28 16:43:54", "elapsed": 138.534322, "delta": 1.585001}}
{"target": -35.54341734929913, "params": {"C": 5408.813659578382, "gamma": 0.09713321482012335}, "datetime": {"datetime": "2021-09-28 16:43:56", "elapsed": 139.818605, "delta": 1.284283}}
{"target": -36.31787946408585, "params": {"C": 5047.400143874507, "gamma": 0.008259698107251435}, "datetime": {"datetime": "2021-09-28 16:43:57", "elapsed": 141.266607, "delta": 1.448002}}
{"target": -35.59396665304355, "params": {"C": 5511.231525167285, "gamma": 0.09937246714146729}, "datetime": {"datetime": "2021-09-28 16:43:58", "elapsed": 142.403603, "delta": 1.136996}}
{"target": -34.69561012389976, "params": {"C": 5601.187002083494, "gamma": 0.051090951787825675}, "datetime": {"datetime": "2021-09-28 16:43:59", "elapsed": 143.550341, "delta": 1.146738}}
{"target": -35.444840481790465, "params": {"C": 5557.299235159264, "gamma": 0.09135494512623707}, "datetime": {"datetime": "2021-09-28 16:44:01", "elapsed": 144.837899, "delta": 1.287558}}
{"target": -34.58780219145736, "params": {"C": 5719.056437927748, "gamma": 0.02608481983431927}, "datetime": {"datetime": "2021-09-28 16:44:02", "elapsed": 146.075897, "delta": 1.237998}}
{"target": -35.8480286318912, "params": {"C": 5254.547260298425, "gamma": 0.011095349638066415}, "datetime": {"datetime": "2021-09-28 16:44:03", "elapsed": 147.619195, "delta": 1.543298}}
{"target": -34.69547875268349, "params": {"C": 5815.053369818839, "gamma": 0.05140946721864764}, "datetime": {"datetime": "2021-09-28 16:44:05", "elapsed": 148.705686, "delta": 1.086491}}
{"target": -34.632256680896425, "params": {"C": 5719.0706199252745, "gamma": 0.04627852113500539}, "datetime": {"datetime": "2021-09-28 16:44:06", "elapsed": 149.795689, "delta": 1.090003}}
{"target": -35.18415064873396, "params": {"C": 5821.196508573957, "gamma": 0.07782974743556599}, "datetime": {"datetime": "2021-09-28 16:44:07", "elapsed": 150.807487, "delta": 1.011798}}
{"target": -36.43334064730204, "params": {"C": 5150.601011792671, "gamma": 0.15761729211406134}, "datetime": {"datetime": "2021-09-28 16:44:08", "elapsed": 151.834489, "delta": 1.027002}}
{"target": -34.59250749171578, "params": {"C": 5444.738787826166, "gamma": 0.0419296928906373}, "datetime": {"datetime": "2021-09-28 16:44:09", "elapsed": 153.119353, "delta": 1.284864}}
{"target": -36.41129505427661, "params": {"C": 5970.3088726075275, "gamma": 0.1496948014763742}, "datetime": {"datetime": "2021-09-28 16:44:10", "elapsed": 154.397042, "delta": 1.277689}}
{"target": -34.82868830807349, "params": {"C": 5444.785091635448, "gamma": 0.06026440662432144}, "datetime": {"datetime": "2021-09-28 16:44:11", "elapsed": 155.535891, "delta": 1.138849}}
{"target": -34.62768963261528, "params": {"C": 5041.789376604799, "gamma": 0.044067967477762746}, "datetime": {"datetime": "2021-09-28 16:44:13", "elapsed": 157.262947, "delta": 1.727056}}
{"target": -35.29958950003339, "params": {"C": 5342.24353723794, "gamma": 0.08496649123317554}, "datetime": {"datetime": "2021-09-28 16:44:15", "elapsed": 158.629884, "delta": 1.366937}}
{"target": -35.788101423034426, "params": {"C": 5813.904757049522, "gamma": 0.1088015960570581}, "datetime": {"datetime": "2021-09-28 16:44:16", "elapsed": 159.72435, "delta": 1.094466}}
{"target": -34.708167582783744, "params": {"C": 5242.539446691778, "gamma": 0.0514165655725726}, "datetime": {"datetime": "2021-09-28 16:44:17", "elapsed": 161.11659, "delta": 1.39224}}
{"target": -34.605672328953425, "params": {"C": 5821.117309685893, "gamma": 0.02472727624454696}, "datetime": {"datetime": "2021-09-28 16:44:18", "elapsed": 162.459561, "delta": 1.342971}}
{"target": -34.703819148375004, "params": {"C": 5815.08348759378, "gamma": 0.052023173788949544}, "datetime": {"datetime": "2021-09-28 16:44:20", "elapsed": 163.751006, "delta": 1.291445}}
{"target": -34.781356870888764, "params": {"C": 5564.006288251063, "gamma": 0.05718235570746835}, "datetime": {"datetime": "2021-09-28 16:44:21", "elapsed": 165.053246, "delta": 1.30224}}
{"target": -35.594348304180606, "params": {"C": 5564.010020682799, "gamma": 0.01248602038098643}, "datetime": {"datetime": "2021-09-28 16:44:23", "elapsed": 167.175063, "delta": 2.121817}}
{"target": -34.79700156618813, "params": {"C": 5444.879670674684, "gamma": 0.05816053258599604}, "datetime": {"datetime": "2021-09-28 16:44:25", "elapsed": 168.699873, "delta": 1.52481}}
{"target": -35.17900713801076, "params": {"C": 5614.3841017747745, "gamma": 0.07824850365612294}, "datetime": {"datetime": "2021-09-28 16:44:25", "elapsed": 169.582886, "delta": 0.883013}}
{"target": -34.64042701910117, "params": {"C": 5316.976320235843, "gamma": 0.046034646080824526}, "datetime": {"datetime": "2021-09-28 16:44:26", "elapsed": 170.605892, "delta": 1.023006}}
{"target": -34.68232804217476, "params": {"C": 5815.0354599154025, "gamma": 0.02156526732310779}, "datetime": {"datetime": "2021-09-28 16:44:28", "elapsed": 171.816254, "delta": 1.210362}}
{"target": -35.49578948094189, "params": {"C": 5601.19795060699, "gamma": 0.09377516974662199}, "datetime": {"datetime": "2021-09-28 16:44:29", "elapsed": 173.196379, "delta": 1.380125}}
{"target": -35.113307523270805, "params": {"C": 5400.198075942253, "gamma": 0.016329541235549805}, "datetime": {"datetime": "2021-09-28 16:44:30", "elapsed": 174.415556, "delta": 1.219177}}
{"target": -34.665414761593546, "params": {"C": 5690.1523508884, "gamma": 0.04891524664501898}, "datetime": {"datetime": "2021-09-28 16:44:31", "elapsed": 175.298772, "delta": 0.883216}}
{"target": -35.16573323589354, "params": {"C": 5719.032916186493, "gamma": 0.015408479757736206}, "datetime": {"datetime": "2021-09-28 16:44:32", "elapsed": 176.429679, "delta": 1.130907}}
{"target": -36.302267967411936, "params": {"C": 5830.9973660971655, "gamma": 0.14254422966708788}, "datetime": {"datetime": "2021-09-28 16:44:33", "elapsed": 177.345342, "delta": 0.915663}}
{"target": -34.56406540279023, "params": {"C": 5317.015996100593, "gamma": 0.029848769730893142}, "datetime": {"datetime": "2021-09-28 16:44:35", "elapsed": 178.671934, "delta": 1.326592}}
{"target": -35.115533550924326, "params": {"C": 5563.990680596686, "gamma": 0.07545424459677787}, "datetime": {"datetime": "2021-09-28 16:44:36", "elapsed": 179.764833, "delta": 1.092899}}
{"target": -36.05520949060374, "params": {"C": 5304.0289686843835, "gamma": 0.12843730249744245}, "datetime": {"datetime": "2021-09-28 16:44:37", "elapsed": 180.786596, "delta": 1.021763}}
{"target": -36.49064263343592, "params": {"C": 5899.858423899096, "gamma": 0.15663993881183383}, "datetime": {"datetime": "2021-09-28 16:44:38", "elapsed": 181.693026, "delta": 0.90643}}
{"target": -34.90144590656094, "params": {"C": 5419.602442139964, "gamma": 0.0648538318999891}, "datetime": {"datetime": "2021-09-28 16:44:39", "elapsed": 182.656199, "delta": 0.963173}}
{"target": -34.55585999245734, "params": {"C": 5690.191409049814, "gamma": 0.038868322707709256}, "datetime": {"datetime": "2021-09-28 16:44:40", "elapsed": 183.83244, "delta": 1.176241}}
{"target": -34.72926853778619, "params": {"C": 5020.375716824374, "gamma": 0.052611126171119835}, "datetime": {"datetime": "2021-09-28 16:44:41", "elapsed": 185.019068, "delta": 1.186628}}
{"target": -34.86693756976532, "params": {"C": 5317.0494726287725, "gamma": 0.06276413626870644}, "datetime": {"datetime": "2021-09-28 16:44:42", "elapsed": 186.429149, "delta": 1.410081}}
{"target": -35.94626076956228, "params": {"C": 6483.417587960762, "gamma": 0.11476291250580625}, "datetime": {"datetime": "2021-09-28 17:22:14", "elapsed": 0.0, "delta": 0.0}}
{"target": -35.34633238001933, "params": {"C": 6184.540449749886, "gamma": 0.08417827880563777}, "datetime": {"datetime": "2021-09-28 17:22:14", "elapsed": 0.154497, "delta": 0.154497}}
{"target": -36.41154829275917, "params": {"C": 6876.888997499803, "gamma": 0.1439254287846829}, "datetime": {"datetime": "2021-09-28 17:22:14", "elapsed": 0.316829, "delta": 0.162332}}
{"target": -34.53137580005205, "params": {"C": 5994.423107033412, "gamma": 0.037122646111418946}, "datetime": {"datetime": "2021-09-28 17:22:15", "elapsed": 0.47648, "delta": 0.159651}}
{"target": -35.09116838768424, "params": {"C": 5909.1872837959545, "gamma": 0.07332552576584865}, "datetime": {"datetime": "2021-09-28 17:22:15", "elapsed": 0.628868, "delta": 0.152388}}
{"target": -35.144325890327245, "params": {"C": 5884.357642510352, "gamma": 0.07580914978118022}, "datetime": {"datetime": "2021-09-28 17:22:15", "elapsed": 0.793769, "delta": 0.164901}}
{"target": -36.543776719240746, "params": {"C": 6067.307764634068, "gamma": 0.16}, "datetime": {"datetime": "2021-09-28 17:22:15", "elapsed": 1.080816, "delta": 0.287047}}
{"target": -36.14487681654001, "params": {"C": 5997.82756959241, "gamma": 0.13065081101452072}, "datetime": {"datetime": "2021-09-28 17:22:15", "elapsed": 1.299734, "delta": 0.218918}}
{"target": -34.534516676934125, "params": {"C": 6392.159530977801, "gamma": 0.026300157106193777}, "datetime": {"datetime": "2021-09-28 17:22:16", "elapsed": 1.511587, "delta": 0.211853}}
{"target": -35.554493396450184, "params": {"C": 5994.510719664135, "gamma": 0.09511836913767928}, "datetime": {"datetime": "2021-09-28 17:22:16", "elapsed": 1.747791, "delta": 0.236204}}
{"target": -36.406633977354026, "params": {"C": 6170.877083164133, "gamma": 0.14798745249329914}, "datetime": {"datetime": "2021-09-28 17:22:16", "elapsed": 1.969828, "delta": 0.222037}}
{"target": -35.026760223067875, "params": {"C": 6332.84090851678, "gamma": 0.015749121324250635}, "datetime": {"datetime": "2021-09-28 17:22:16", "elapsed": 2.196445, "delta": 0.226617}}
{"target": -35.83176104044482, "params": {"C": 5909.162977159182, "gamma": 0.11088745973580359}, "datetime": {"datetime": "2021-09-28 17:22:17", "elapsed": 2.414139, "delta": 0.217694}}
{"target": -36.50735434882695, "params": {"C": 6932.664020712949, "gamma": 0.15086432560617993}, "datetime": {"datetime": "2021-09-28 17:22:17", "elapsed": 2.654691, "delta": 0.240552}}
{"target": -35.986395645006304, "params": {"C": 6089.4501052929845, "gamma": 0.11961398781393622}, "datetime": {"datetime": "2021-09-28 17:22:17", "elapsed": 2.92268, "delta": 0.267989}}
{"target": -36.51567468721176, "params": {"C": 6058.867497541473, "gamma": 0.15759604141645048}, "datetime": {"datetime": "2021-09-28 17:22:17", "elapsed": 3.162651, "delta": 0.239971}}
{"target": -36.30062006343744, "params": {"C": 5924.572555071575, "gamma": 0.14183705839483762}, "datetime": {"datetime": "2021-09-28 17:22:17", "elapsed": 3.388486, "delta": 0.225835}}
{"target": -34.8547382595836, "params": {"C": 6848.627592590605, "gamma": 0.01682746747089628}, "datetime": {"datetime": "2021-09-28 17:22:18", "elapsed": 3.658778, "delta": 0.270292}}
{"target": -35.92294509373467, "params": {"C": 6593.215459509963, "gamma": 0.11273894220293955}, "datetime": {"datetime": "2021-09-28 17:22:18", "elapsed": 3.904419, "delta": 0.245641}}
{"target": -35.685374220957215, "params": {"C": 6699.159440052499, "gamma": 0.09890448941055113}, "datetime": {"datetime": "2021-09-28 17:22:18", "elapsed": 4.13659, "delta": 0.232171}}
{"target": -36.4155350855453, "params": {"C": 6773.17302069018, "gamma": 0.14484012342469757}, "datetime": {"datetime": "2021-09-28 17:22:18", "elapsed": 4.38384, "delta": 0.24725}}
{"target": -35.769998549643354, "params": {"C": 6323.075718761392, "gamma": 0.10517867059167119}, "datetime": {"datetime": "2021-09-28 17:22:19", "elapsed": 4.624765, "delta": 0.240925}}
{"target": -35.75353054970606, "params": {"C": 6887.356875477006, "gamma": 0.10169372442194234}, "datetime": {"datetime": "2021-09-28 17:22:19", "elapsed": 4.882572, "delta": 0.257807}}
{"target": -36.19510739917047, "params": {"C": 6224.292759747082, "gamma": 0.1328652278213741}, "datetime": {"datetime": "2021-09-28 17:22:19", "elapsed": 5.13475, "delta": 0.252178}}
{"target": -34.54246106745546, "params": {"C": 5975.144167390644, "gamma": 0.027667458315598564}, "datetime": {"datetime": "2021-09-28 17:22:20", "elapsed": 5.421245, "delta": 0.286495}}
{"target": -34.936746617609685, "params": {"C": 6419.320618355521, "gamma": 0.01654803771531877}, "datetime": {"datetime": "2021-09-28 17:22:20", "elapsed": 5.69757, "delta": 0.276325}}
{"target": -34.872937625219045, "params": {"C": 6137.580308207161, "gamma": 0.062460336132018235}, "datetime": {"datetime": "2021-09-28 17:22:20", "elapsed": 5.965096, "delta": 0.267526}}
{"target": -35.338839238672435, "params": {"C": 6556.58738209486, "gamma": 0.013107926628506305}, "datetime": {"datetime": "2021-09-28 17:22:20", "elapsed": 6.231411, "delta": 0.266315}}
{"target": -34.54275119012879, "params": {"C": 6233.865908084553, "gamma": 0.039238528549417506}, "datetime": {"datetime": "2021-09-28 17:22:21", "elapsed": 6.599726, "delta": 0.368315}}
{"target": -34.46684557885567, "params": {"C": 6879.087798051169, "gamma": 0.030093063916760414}, "datetime": {"datetime": "2021-09-28 17:22:21", "elapsed": 6.887121, "delta": 0.287395}}
{"target": -36.50933488607104, "params": {"C": 5868.276277725962, "gamma": 0.15848880503054355}, "datetime": {"datetime": "2021-09-28 17:22:21", "elapsed": 7.163741, "delta": 0.27662}}
{"target": -34.72202982160207, "params": {"C": 5890.369776235686, "gamma": 0.05322561507679698}, "datetime": {"datetime": "2021-09-28 17:22:22", "elapsed": 7.470714, "delta": 0.306973}}
{"target": -36.52113812965595, "params": {"C": 6119.02752373301, "gamma": 0.0063716542815797925}, "datetime": {"datetime": "2021-09-28 17:22:22", "elapsed": 7.778713, "delta": 0.307999}}
{"target": -36.28722684515016, "params": {"C": 6887.125160373592, "gamma": 0.1353476778197895}, "datetime": {"datetime": "2021-09-28 17:22:22", "elapsed": 8.093492, "delta": 0.314779}}
{"target": -36.44557736749667, "params": {"C": 6909.683307417864, "gamma": 0.14623481573639519}, "datetime": {"datetime": "2021-09-28 17:22:23", "elapsed": 8.421483, "delta": 0.327991}}
{"target": -36.47855334565106, "params": {"C": 6662.077016958996, "gamma": 0.15033024525084507}, "datetime": {"datetime": "2021-09-28 17:22:23", "elapsed": 8.708703, "delta": 0.28722}}
{"target": -35.13190507381216, "params": {"C": 5958.173588069129, "gamma": 0.07502608506170197}, "datetime": {"datetime": "2021-09-28 17:22:23", "elapsed": 9.020707, "delta": 0.312004}}
{"target": -35.10244124486073, "params": {"C": 6518.355917556135, "gamma": 0.07210067924197303}, "datetime": {"datetime": "2021-09-28 17:22:24", "elapsed": 9.428958, "delta": 0.408251}}
{"target": -36.37835097708654, "params": {"C": 6044.826054284949, "gamma": 0.0071408382273320265}, "datetime": {"datetime": "2021-09-28 17:22:24", "elapsed": 9.743705, "delta": 0.314747}}
{"target": -35.67672749194171, "params": {"C": 6441.98654292162, "gamma": 0.09955727308394205}, "datetime": {"datetime": "2021-09-28 17:22:24", "elapsed": 10.089708, "delta": 0.346003}}
{"target": -35.719431689305054, "params": {"C": 6009.130922408902, "gamma": 0.10387110242553031}, "datetime": {"datetime": "2021-09-28 17:22:24", "elapsed": 10.374482, "delta": 0.284774}}
{"target": -35.39267859049345, "params": {"C": 6651.1924287009915, "gamma": 0.08475590210492458}, "datetime": {"datetime": "2021-09-28 17:22:25", "elapsed": 10.675674, "delta": 0.301192}}
{"target": -36.50211301161732, "params": {"C": 6645.233011144657, "gamma": 0.1523250787283915}, "datetime": {"datetime": "2021-09-28 17:22:25", "elapsed": 10.966087, "delta": 0.290413}}
{"target": -35.16206515887099, "params": {"C": 6483.153043921126, "gamma": 0.07487135752318441}, "datetime": {"datetime": "2021-09-28 17:22:25", "elapsed": 11.27341, "delta": 0.307323}}
{"target": -36.175297834148665, "params": {"C": 6632.692807169935, "gamma": 0.12925770999662167}, "datetime": {"datetime": "2021-09-28 17:22:26", "elapsed": 11.657255, "delta": 0.383845}}
{"target": -35.55167456643487, "params": {"C": 6350.540021795241, "gamma": 0.09350941972133395}, "datetime": {"datetime": "2021-09-28 17:22:26", "elapsed": 12.018617, "delta": 0.361362}}
{"target": -35.649060251702466, "params": {"C": 6190.12312267151, "gamma": 0.09920402097571898}, "datetime": {"datetime": "2021-09-28 17:22:26", "elapsed": 12.356645, "delta": 0.338028}}
{"target": -36.09209489626371, "params": {"C": 6632.082444321414, "gamma": 0.12350699894736938}, "datetime": {"datetime": "2021-09-28 17:22:27", "elapsed": 12.656643, "delta": 0.299998}}
{"target": -36.471057109203045, "params": {"C": 6835.68962613367, "gamma": 0.1486316587447103}, "datetime": {"datetime": "2021-09-28 17:22:27", "elapsed": 12.960658, "delta": 0.304015}}
{"target": -34.97548328485216, "params": {"C": 6741.274730672221, "gamma": 0.06586319037630145}, "datetime": {"datetime": "2021-09-28 17:22:27", "elapsed": 13.263608, "delta": 0.30295}}
{"target": -36.180753494716846, "params": {"C": 6603.76517612284, "gamma": 0.1298299492724428}, "datetime": {"datetime": "2021-09-28 17:22:28", "elapsed": 13.604463, "delta": 0.340855}}
{"target": -35.64922734712393, "params": {"C": 6274.809979049633, "gamma": 0.09883861698572001}, "datetime": {"datetime": "2021-09-28 17:22:28", "elapsed": 13.918462, "delta": 0.313999}}
{"target": -34.823349940898744, "params": {"C": 6367.829563054986, "gamma": 0.05927576596336163}, "datetime": {"datetime": "2021-09-28 17:22:28", "elapsed": 14.207151, "delta": 0.288689}}
{"target": -34.62454080651231, "params": {"C": 6732.263961415175, "gamma": 0.021182881605706857}, "datetime": {"datetime": "2021-09-28 17:22:29", "elapsed": 14.526659, "delta": 0.319508}}
{"target": -34.86467913459166, "params": {"C": 6437.429746385902, "gamma": 0.061533052025668555}, "datetime": {"datetime": "2021-09-28 17:22:29", "elapsed": 14.840661, "delta": 0.314002}}
