{"target": -40.82427403475115, "params": {"C": 3887.508269330415, "gamma": 0.0313678703981258}, "datetime": {"datetime": "2021-09-29 17:31:18", "elapsed": 420.743857, "delta": 1.973999}}
{"target": -44.24506168155899, "params": {"C": 3772.7316017496, "gamma": 0.1489445360947097}, "datetime": {"datetime": "2021-09-29 17:31:21", "elapsed": 423.758857, "delta": 3.015}}
{"target": -43.57730837349083, "params": {"C": 3420.475383807884, "gamma": 0.12904319364291503}, "datetime": {"datetime": "2021-09-29 17:31:22", "elapsed": 425.651857, "delta": 1.893}}
{"target": -41.76028442427718, "params": {"C": 1181.6509062691898, "gamma": 0.017691618869445903}, "datetime": {"datetime": "2021-09-29 17:31:24", "elapsed": 427.490858, "delta": 1.839001}}
{"target": -42.338932057454564, "params": {"C": 3887.811673155048, "gamma": 0.08062490871013785}, "datetime": {"datetime": "2021-09-29 17:31:27", "elapsed": 429.7687, "delta": 2.277842}}
{"target": -43.67751165579617, "params": {"C": 1098.5782059817293, "gamma": 0.191422788236745}, "datetime": {"datetime": "2021-09-29 17:31:29", "elapsed": 432.19756, "delta": 2.42886}}
{"target": -44.37021212748141, "params": {"C": 3887.6317768274535, "gamma": 0.15154973414580636}, "datetime": {"datetime": "2021-09-29 17:31:31", "elapsed": 434.043174, "delta": 1.845614}}
{"target": -41.57793012860744, "params": {"C": 1929.564949479597, "gamma": 0.07814096312937076}, "datetime": {"datetime": "2021-09-29 17:31:32", "elapsed": 435.51173, "delta": 1.468556}}
{"target": -42.97781196825898, "params": {"C": 1929.479032234442, "gamma": 0.13881527866864074}, "datetime": {"datetime": "2021-09-29 17:31:35", "elapsed": 437.938521, "delta": 2.426791}}
{"target": -41.202989894775314, "params": {"C": 2625.056896151647, "gamma": 0.016769366560705698}, "datetime": {"datetime": "2021-09-29 17:31:37", "elapsed": 439.983904, "delta": 2.045383}}
{"target": -42.826792587475246, "params": {"C": 1181.5404959185457, "gamma": 0.14086678172607406}, "datetime": {"datetime": "2021-09-29 17:31:39", "elapsed": 441.901435, "delta": 1.917531}}
{"target": -42.01796552210183, "params": {"C": 4292.217764654925, "gamma": 0.06800045400104031}, "datetime": {"datetime": "2021-09-29 17:31:41", "elapsed": 443.999489, "delta": 2.098054}}
{"target": -43.8172084105536, "params": {"C": 2661.9909174089935, "gamma": 0.16220884221439366}, "datetime": {"datetime": "2021-09-29 17:31:42", "elapsed": 445.452248, "delta": 1.452759}}
{"target": -42.0557709473763, "params": {"C": 3887.4445364252288, "gamma": 0.005408098498590374}, "datetime": {"datetime": "2021-09-29 17:31:44", "elapsed": 447.475404, "delta": 2.023156}}
{"target": -42.758370224972545, "params": {"C": 2384.154021056317, "gamma": 0.004142026425849365}, "datetime": {"datetime": "2021-09-29 17:31:47", "elapsed": 450.528398, "delta": 3.052994}}
{"target": -42.17049283375724, "params": {"C": 1206.0503105669281, "gamma": 0.012497288216745048}, "datetime": {"datetime": "2021-09-29 17:31:50", "elapsed": 453.701333, "delta": 3.172935}}
{"target": -41.83079544158736, "params": {"C": 3894.0521497768227, "gamma": 0.06649696948811046}, "datetime": {"datetime": "2021-09-29 17:31:52", "elapsed": 455.581333, "delta": 1.88}}
{"target": -43.37859197725366, "params": {"C": 4291.680181049209, "gamma": 0.1055235836368426}, "datetime": {"datetime": "2021-09-29 17:31:55", "elapsed": 458.261027, "delta": 2.679694}}
{"target": -43.21182562062209, "params": {"C": 1500.5018642488492, "gamma": 0.004740948186875062}, "datetime": {"datetime": "2021-09-29 17:31:58", "elapsed": 460.980019, "delta": 2.718992}}
{"target": -42.498242860450496, "params": {"C": 1929.5538554421628, "gamma": 0.006244685938648434}, "datetime": {"datetime": "2021-09-29 17:32:01", "elapsed": 463.941143, "delta": 2.961124}}
{"target": -41.250755129956545, "params": {"C": 3231.477523866869, "gamma": 0.05454363868298823}, "datetime": {"datetime": "2021-09-29 17:32:05", "elapsed": 467.77158, "delta": 3.830437}}
{"target": -42.074874178382, "params": {"C": 2395.2408082868137, "gamma": 0.09171078018368603}, "datetime": {"datetime": "2021-09-29 17:32:07", "elapsed": 470.585881, "delta": 2.814301}}
{"target": -41.76616149349568, "params": {"C": 1205.1710415088878, "gamma": 0.08847282256164211}, "datetime": {"datetime": "2021-09-29 17:32:12", "elapsed": 474.757624, "delta": 4.171743}}
{"target": -45.27141957934912, "params": {"C": 4477.779525655011, "gamma": 0.18068511268829343}, "datetime": {"datetime": "2021-09-29 17:32:13", "elapsed": 476.351061, "delta": 1.593437}}
{"target": -42.291486294154495, "params": {"C": 1205.8530490656353, "gamma": 0.01139390170313042}, "datetime": {"datetime": "2021-09-29 17:32:15", "elapsed": 478.376059, "delta": 2.024998}}
{"target": -43.76800301298349, "params": {"C": 3231.4705489340054, "gamma": 0.14204547707038356}, "datetime": {"datetime": "2021-09-29 17:32:18", "elapsed": 481.00107, "delta": 2.625011}}
{"target": -41.24188553961554, "params": {"C": 2047.6555663410227, "gamma": 0.018471523115388383}, "datetime": {"datetime": "2021-09-29 17:32:20", "elapsed": 483.469554, "delta": 2.468484}}
{"target": -40.87672018501176, "params": {"C": 2294.7554353487876, "gamma": 0.04299838757488077}, "datetime": {"datetime": "2021-09-29 17:32:23", "elapsed": 486.125279, "delta": 2.655725}}
{"target": -44.85733920080286, "params": {"C": 4910.839320160879, "gamma": 0.14610290262786715}, "datetime": {"datetime": "2021-09-29 17:32:24", "elapsed": 487.669549, "delta": 1.54427}}
{"target": -44.9295912252446, "params": {"C": 3894.1548722970156, "gamma": 0.18235448658921408}, "datetime": {"datetime": "2021-09-29 17:32:27", "elapsed": 489.784281, "delta": 2.114732}}
{"target": -44.29803111070997, "params": {"C": 2873.793845350321, "gamma": 0.18379536702188362}, "datetime": {"datetime": "2021-09-29 17:32:28", "elapsed": 491.263492, "delta": 1.479211}}
{"target": -43.21401462238338, "params": {"C": 1929.6303035849292, "gamma": 0.15115024064934224}, "datetime": {"datetime": "2021-09-29 17:32:30", "elapsed": 493.705153, "delta": 2.441661}}
{"target": -40.8346317973625, "params": {"C": 4393.878453956328, "gamma": 0.02471499324555836}, "datetime": {"datetime": "2021-09-29 17:32:33", "elapsed": 496.011474, "delta": 2.306321}}
{"target": -40.94862170889859, "params": {"C": 3231.801794356262, "gamma": 0.020815932809464657}, "datetime": {"datetime": "2021-09-29 17:32:35", "elapsed": 497.816606, "delta": 1.805132}}
{"target": -43.009262322920364, "params": {"C": 4393.841144260847, "gamma": 0.09327836543236596}, "datetime": {"datetime": "2021-09-29 17:32:37", "elapsed": 500.188182, "delta": 2.371576}}
{"target": -41.85987547072633, "params": {"C": 3231.460030645155, "gamma": 0.007612152483312057}, "datetime": {"datetime": "2021-09-29 17:32:41", "elapsed": 504.010962, "delta": 3.82278}}
{"target": -41.601740349876806, "params": {"C": 1502.0641120275268, "gamma": 0.016429071387735285}, "datetime": {"datetime": "2021-09-29 17:32:43", "elapsed": 506.473488, "delta": 2.462526}}
{"target": -41.28168870744952, "params": {"C": 2047.8657006917356, "gamma": 0.06497183264206088}, "datetime": {"datetime": "2021-09-29 17:32:46", "elapsed": 509.587228, "delta": 3.11374}}
{"target": -41.26162579984704, "params": {"C": 2294.7003935191788, "gamma": 0.0169278526229514}, "datetime": {"datetime": "2021-09-29 17:32:49", "elapsed": 512.297457, "delta": 2.710229}}
{"target": -41.03219905148322, "params": {"C": 1698.2054392697833, "gamma": 0.05321449479846048}, "datetime": {"datetime": "2021-09-29 17:32:51", "elapsed": 514.301256, "delta": 2.003799}}
{"target": -42.19812609994121, "params": {"C": 2047.9883855388632, "gamma": 0.1016537274994424}, "datetime": {"datetime": "2021-09-29 17:32:54", "elapsed": 517.384873, "delta": 3.083617}}
{"target": -40.879935129527674, "params": {"C": 2625.1294252297516, "gamma": 0.02540127197077009}, "datetime": {"datetime": "2021-09-29 17:32:57", "elapsed": 520.169014, "delta": 2.784141}}
{"target": -41.816445068413906, "params": {"C": 3330.6805902308683, "gamma": 0.07149728647401472}, "datetime": {"datetime": "2021-09-29 17:32:59", "elapsed": 522.304534, "delta": 2.13552}}
{"target": -41.99788664225837, "params": {"C": 1698.1363183964736, "gamma": 0.09782447584448635}, "datetime": {"datetime": "2021-09-29 17:33:02", "elapsed": 525.17553, "delta": 2.870996}}
{"target": -43.21274673749343, "params": {"C": 2294.7179659020576, "gamma": 0.14145389539681735}, "datetime": {"datetime": "2021-09-29 17:33:05", "elapsed": 528.187973, "delta": 3.012443}}
{"target": -41.910242435526094, "params": {"C": 1698.1294242596227, "gamma": 0.011429117872582804}, "datetime": {"datetime": "2021-09-29 17:33:08", "elapsed": 531.35748, "delta": 3.169507}}
{"target": -41.98809899581505, "params": {"C": 3772.6961543663547, "gamma": 0.005975988040356727}, "datetime": {"datetime": "2021-09-29 17:33:11", "elapsed": 534.16829, "delta": 2.81081}}
{"target": -44.38972364299727, "params": {"C": 3173.0408905488607, "gamma": 0.17734679034844616}, "datetime": {"datetime": "2021-09-29 17:33:13", "elapsed": 536.215942, "delta": 2.047652}}
{"target": -41.1009212101859, "params": {"C": 2287.186716967395, "gamma": 0.055562503804525}, "datetime": {"datetime": "2021-09-29 17:33:16", "elapsed": 538.78763, "delta": 2.571688}}
{"target": -42.28063756938604, "params": {"C": 3330.5516024193325, "gamma": 0.08565010027047482}, "datetime": {"datetime": "2021-09-29 17:33:18", "elapsed": 541.315016, "delta": 2.527386}}
{"target": -41.8103829850066, "params": {"C": 4515.510969791814, "gamma": 0.006714627049855858}, "datetime": {"datetime": "2021-09-29 17:33:21", "elapsed": 543.816752, "delta": 2.501736}}
{"target": -44.29360660638487, "params": {"C": 3403.0545089126676, "gamma": 0.1630631198160904}, "datetime": {"datetime": "2021-09-29 17:33:23", "elapsed": 546.006906, "delta": 2.190154}}
{"target": -42.16647367544757, "params": {"C": 3238.8909831727465, "gamma": 0.005453358271553358}, "datetime": {"datetime": "2021-09-29 17:33:29", "elapsed": 552.075613, "delta": 6.068707}}
{"target": -44.540693123076394, "params": {"C": 4445.663043094122, "gamma": 0.14412322131802813}, "datetime": {"datetime": "2021-09-29 17:33:31", "elapsed": 554.161203, "delta": 2.08559}}
{"target": -42.24926477452637, "params": {"C": 2625.192990851422, "gamma": 0.09463683415860778}, "datetime": {"datetime": "2021-09-29 17:33:35", "elapsed": 558.105288, "delta": 3.944085}}
{"target": -42.13131383257146, "params": {"C": 4579.3671183643355, "gamma": 0.004398829108653461}, "datetime": {"datetime": "2021-09-29 17:33:38", "elapsed": 561.139658, "delta": 3.03437}}
{"target": -40.88154221874194, "params": {"C": 2287.039286998838, "gamma": 0.043391535366269315}, "datetime": {"datetime": "2021-09-29 17:33:41", "elapsed": 563.866263, "delta": 2.726605}}
{"target": -41.950514284852346, "params": {"C": 2047.8329170727068, "gamma": 0.009533228991001026}, "datetime": {"datetime": "2021-09-29 17:33:44", "elapsed": 567.534073, "delta": 3.66781}}
{"target": -41.38189953449106, "params": {"C": 2287.080931117087, "gamma": 0.06719782280227661}, "datetime": {"datetime": "2021-09-29 17:33:47", "elapsed": 570.655036, "delta": 3.120963}}
{"target": -41.46177473641537, "params": {"C": 4393.9174901599545, "gamma": 0.01032521973004296}, "datetime": {"datetime": "2021-09-29 17:33:52", "elapsed": 574.833299, "delta": 4.178263}}
{"target": -41.124236487806066, "params": {"C": 2294.816969213765, "gamma": 0.019577448822175977}, "datetime": {"datetime": "2021-09-29 17:33:55", "elapsed": 578.174588, "delta": 3.341289}}
{"target": -44.265025213584174, "params": {"C": 4388.490614404136, "gamma": 0.13421080996212928}, "datetime": {"datetime": "2021-09-29 17:33:58", "elapsed": 580.811086, "delta": 2.636498}}
{"target": -41.015998292614135, "params": {"C": 2093.314439851703, "gamma": 0.023550592208729102}, "datetime": {"datetime": "2021-09-29 17:34:00", "elapsed": 582.816089, "delta": 2.005003}}
{"target": -44.35531058881263, "params": {"C": 2976.4504059907613, "gamma": 0.1832761576884469}, "datetime": {"datetime": "2021-09-29 17:34:02", "elapsed": 585.009888, "delta": 2.193799}}
{"target": -41.61472232803497, "params": {"C": 1698.3174438540311, "gamma": 0.08145675424017734}, "datetime": {"datetime": "2021-09-29 17:34:06", "elapsed": 589.119711, "delta": 4.109823}}
{"target": -40.87517175077088, "params": {"C": 2093.216866244359, "gamma": 0.042674956643226306}, "datetime": {"datetime": "2021-09-29 17:34:14", "elapsed": 596.9266, "delta": 7.806889}}
{"target": -43.19925058620767, "params": {"C": 1747.477281316354, "gamma": 0.1547499124176147}, "datetime": {"datetime": "2021-09-29 17:34:16", "elapsed": 599.126424, "delta": 2.199824}}
{"target": -41.47873310311545, "params": {"C": 1282.6230787743643, "gamma": 0.07510599054239489}, "datetime": {"datetime": "2021-09-29 17:34:19", "elapsed": 602.135942, "delta": 3.009518}}
{"target": -41.72476059010417, "params": {"C": 1164.2091281280198, "gamma": 0.08598274123525994}, "datetime": {"datetime": "2021-09-29 17:34:21", "elapsed": 604.405685, "delta": 2.269743}}
{"target": -42.776075836861715, "params": {"C": 2287.0357543777, "gamma": 0.12145891294833977}, "datetime": {"datetime": "2021-09-29 17:34:24", "elapsed": 607.70493, "delta": 3.299245}}
{"target": -41.286770447461535, "params": {"C": 2093.413906781618, "gamma": 0.017414373761069198}, "datetime": {"datetime": "2021-09-29 17:34:28", "elapsed": 610.785799, "delta": 3.080869}}
{"target": -41.46476720865142, "params": {"C": 3273.0959995377893, "gamma": 0.01154024146080372}, "datetime": {"datetime": "2021-09-29 17:34:31", "elapsed": 614.476543, "delta": 3.690744}}
{"target": -43.75214697155724, "params": {"C": 1302.5623227915185, "gamma": 0.19750478778544298}, "datetime": {"datetime": "2021-09-29 17:34:34", "elapsed": 617.007232, "delta": 2.530689}}
{"target": -41.2857180857367, "params": {"C": 2678.820083535109, "gamma": 0.06020209655257336}, "datetime": {"datetime": "2021-09-29 17:34:37", "elapsed": 619.966439, "delta": 2.959207}}
{"target": -40.937010009685395, "params": {"C": 2286.9703521515116, "gamma": 0.047167203676150515}, "datetime": {"datetime": "2021-09-29 17:34:40", "elapsed": 623.185627, "delta": 3.219188}}
{"target": -43.08571297583947, "params": {"C": 2270.0965756270953, "gamma": 0.13591436173234456}, "datetime": {"datetime": "2021-09-29 17:34:42", "elapsed": 625.38328, "delta": 2.197653}}
{"target": -41.606934680452135, "params": {"C": 3887.561799186063, "gamma": 0.009167959070139026}, "datetime": {"datetime": "2021-09-29 17:34:49", "elapsed": 631.818637, "delta": 6.435357}}
{"target": -43.54221468269094, "params": {"C": 2093.2151268801545, "gamma": 0.16515628330202445}, "datetime": {"datetime": "2021-09-29 17:34:54", "elapsed": 637.219142, "delta": 5.400505}}
{"target": -44.21977674916744, "params": {"C": 2678.739604923344, "gamma": 0.18678982788314083}, "datetime": {"datetime": "2021-09-29 17:34:58", "elapsed": 641.47967, "delta": 4.260528}}
{"target": -43.36008482591596, "params": {"C": 4821.589973743667, "gamma": 0.09756789951006387}, "datetime": {"datetime": "2021-09-29 17:35:01", "elapsed": 643.876298, "delta": 2.396628}}
{"target": -41.48987208311993, "params": {"C": 2287.2687599885803, "gamma": 0.07134396451545373}, "datetime": {"datetime": "2021-09-29 17:35:06", "elapsed": 649.207542, "delta": 5.331244}}
{"target": -41.8634945291041, "params": {"C": 2286.867017456382, "gamma": 0.08532988397195461}, "datetime": {"datetime": "2021-09-29 17:35:11", "elapsed": 654.129548, "delta": 4.922006}}
{"target": -41.17584073020158, "params": {"C": 3033.928740487081, "gamma": 0.01617983612243822}, "datetime": {"datetime": "2021-09-29 17:35:15", "elapsed": 657.859096, "delta": 3.729548}}
{"target": -41.738271372921076, "params": {"C": 2093.283053379807, "gamma": 0.08287601956693771}, "datetime": {"datetime": "2021-09-29 17:35:19", "elapsed": 661.906916, "delta": 4.04782}}
{"target": -41.474996932110024, "params": {"C": 2093.5471252737075, "gamma": 0.014520100633822777}, "datetime": {"datetime": "2021-09-29 17:35:23", "elapsed": 665.963079, "delta": 4.056163}}
{"target": -41.25330958207076, "params": {"C": 4463.865806345524, "gamma": 0.013011146020595058}, "datetime": {"datetime": "2021-09-29 17:35:26", "elapsed": 668.95748, "delta": 2.994401}}
{"target": -41.93125973330925, "params": {"C": 2093.2597767575157, "gamma": 0.009541089976129475}, "datetime": {"datetime": "2021-09-29 17:35:33", "elapsed": 675.865903, "delta": 6.908423}}
{"target": -41.6353952158931, "params": {"C": 1282.7340638647127, "gamma": 0.08281716246554988}, "datetime": {"datetime": "2021-09-29 17:35:37", "elapsed": 679.829485, "delta": 3.963582}}
{"target": -42.768153153216, "params": {"C": 2093.553010486804, "gamma": 0.12520711187373873}, "datetime": {"datetime": "2021-09-29 17:35:42", "elapsed": 685.022252, "delta": 5.192767}}
{"target": -43.90428679511687, "params": {"C": 2309.6912301991842, "gamma": 0.1803677015547453}, "datetime": {"datetime": "2021-09-29 17:35:44", "elapsed": 687.661255, "delta": 2.639003}}
{"target": -42.24208698209361, "params": {"C": 1501.6314909619623, "gamma": 0.009651759038944229}, "datetime": {"datetime": "2021-09-29 17:35:48", "elapsed": 691.563208, "delta": 3.901953}}
{"target": -44.44841913350601, "params": {"C": 4463.871089275135, "gamma": 0.1398112899351797}, "datetime": {"datetime": "2021-09-29 17:35:53", "elapsed": 696.516611, "delta": 4.953403}}
{"target": -43.82896356048437, "params": {"C": 2287.2826409128947, "gamma": 0.17628961305018184}, "datetime": {"datetime": "2021-09-29 17:35:58", "elapsed": 701.486605, "delta": 4.969994}}
{"target": -42.06704190492697, "params": {"C": 2093.366851697302, "gamma": 0.0957323896766274}, "datetime": {"datetime": "2021-09-29 17:36:01", "elapsed": 704.675069, "delta": 3.188464}}
{"target": -41.74621994409392, "params": {"C": 1140.5006514361985, "gamma": 0.018521106138764808}, "datetime": {"datetime": "2021-09-29 17:36:05", "elapsed": 708.357234, "delta": 3.682165}}
{"target": -41.43876540423307, "params": {"C": 2093.1517957322476, "gamma": 0.015027667829856048}, "datetime": {"datetime": "2021-09-29 17:36:09", "elapsed": 712.494239, "delta": 4.137005}}
{"target": -41.58551373398137, "params": {"C": 4291.538126380438, "gamma": 0.009025476414696806}, "datetime": {"datetime": "2021-09-29 17:36:13", "elapsed": 716.674447, "delta": 4.180208}}
{"target": -41.749523873686776, "params": {"C": 1164.310779234957, "gamma": 0.018105375245780944}, "datetime": {"datetime": "2021-09-29 17:36:17", "elapsed": 720.562915, "delta": 3.888468}}
{"target": -42.27512618771956, "params": {"C": 3272.850235581265, "gamma": 0.08623322990044885}, "datetime": {"datetime": "2021-09-29 17:36:21", "elapsed": 724.285246, "delta": 3.722331}}
{"target": -42.48150543871709, "params": {"C": 1500.6191355224182, "gamma": 0.1217956397768714}, "datetime": {"datetime": "2021-09-29 17:36:25", "elapsed": 728.645175, "delta": 4.359929}}
{"target": -41.8922519980419, "params": {"C": 4588.9854045055345, "gamma": 0.06241613375004869}, "datetime": {"datetime": "2021-09-29 17:36:28", "elapsed": 731.372577, "delta": 2.727402}}
{"target": -41.81169673470199, "params": {"C": 4657.0582169183435, "gamma": 0.05991604941032792}, "datetime": {"datetime": "2021-09-29 17:36:32", "elapsed": 735.022963, "delta": 3.650386}}
{"target": -41.404539500783535, "params": {"C": 1629.6237280923028, "gamma": 0.07247860259047981}, "datetime": {"datetime": "2021-09-29 17:36:35", "elapsed": 738.202341, "delta": 3.179378}}
{"target": -43.379352866289544, "params": {"C": 1164.3357746660836, "gamma": 0.17269472191297872}, "datetime": {"datetime": "2021-09-29 17:36:39", "elapsed": 742.116883, "delta": 3.914542}}
{"target": -41.55434051777382, "params": {"C": 1629.6714501646438, "gamma": 0.01607272045740607}, "datetime": {"datetime": "2021-09-29 17:36:44", "elapsed": 747.4055, "delta": 5.288617}}
{"target": -44.338112501931114, "params": {"C": 2701.396892028601, "gamma": 0.19427159356924834}, "datetime": {"datetime": "2021-09-29 17:36:48", "elapsed": 751.085208, "delta": 3.679708}}
{"target": -42.482020656695205, "params": {"C": 1629.7252405659033, "gamma": 0.12028188527950769}, "datetime": {"datetime": "2021-09-29 17:36:52", "elapsed": 755.577424, "delta": 4.492216}}
{"target": -41.04468571589409, "params": {"C": 3887.6969769015377, "gamma": 0.04297487164710742}, "datetime": {"datetime": "2021-09-29 17:36:56", "elapsed": 758.874683, "delta": 3.297259}}
{"target": -41.45356721808524, "params": {"C": 1629.5322429236383, "gamma": 0.017613854304996752}, "datetime": {"datetime": "2021-09-29 17:37:00", "elapsed": 763.652636, "delta": 4.777953}}
{"target": -43.53939760251798, "params": {"C": 3887.5031897596455, "gamma": 0.11774643797053796}, "datetime": {"datetime": "2021-09-29 17:37:07", "elapsed": 769.84373, "delta": 6.191094}}
{"target": -40.85568920097244, "params": {"C": 3420.618686507339, "gamma": 0.02395050556275228}, "datetime": {"datetime": "2021-09-29 17:37:11", "elapsed": 773.738256, "delta": 3.894526}}
{"target": -40.81042938400479, "params": {"C": 3420.3148487080903, "gamma": 0.02746004337403224}, "datetime": {"datetime": "2021-09-29 17:37:15", "elapsed": 778.560624, "delta": 4.822368}}
{"target": -40.804680086316736, "params": {"C": 3420.6895368251594, "gamma": 0.03126559042745737}, "datetime": {"datetime": "2021-09-29 17:37:20", "elapsed": 783.154909, "delta": 4.594285}}
{"target": -42.29548082144346, "params": {"C": 3420.7988881959664, "gamma": 0.08494596978096321}, "datetime": {"datetime": "2021-09-29 17:37:24", "elapsed": 787.304723, "delta": 4.149814}}
{"target": -42.643886509875266, "params": {"C": 2384.3001603058506, "gamma": 0.004545773841611259}, "datetime": {"datetime": "2021-09-29 17:37:28", "elapsed": 791.398916, "delta": 4.094193}}
{"target": -42.84901296702284, "params": {"C": 3372.5387649142926, "gamma": 0.10329671085082859}, "datetime": {"datetime": "2021-09-29 17:37:31", "elapsed": 793.888194, "delta": 2.489278}}
