{"target": -0.016649780935821035, "params": {"C": 4195.914123297284, "gamma": 0.009390654952010732}, "datetime": {"datetime": "2021-10-04 10:39:42", "elapsed": 29.665464, "delta": 0.454458}}
{"target": -0.007235292093539458, "params": {"C": 3348.0197353386716, "gamma": 0.12375409738067726}, "datetime": {"datetime": "2021-10-04 10:39:43", "elapsed": 30.182109, "delta": 0.516645}}
{"target": 0.08700863304430406, "params": {"C": 4594.185842982514, "gamma": 0.09117516317479593}, "datetime": {"datetime": "2021-10-04 10:39:43", "elapsed": 30.75034, "delta": 0.568231}}
{"target": 0.07803920222693816, "params": {"C": 4203.381821467876, "gamma": 0.030674237893922852}, "datetime": {"datetime": "2021-10-04 10:39:44", "elapsed": 31.411686, "delta": 0.661346}}
{"target": -0.06203558272541554, "params": {"C": 4206.840268621651, "gamma": 0.2}, "datetime": {"datetime": "2021-10-04 10:39:45", "elapsed": 32.001404, "delta": 0.589718}}
{"target": 0.0595505638487146, "params": {"C": 3353.697139386443, "gamma": 0.05715007098780453}, "datetime": {"datetime": "2021-10-04 10:39:45", "elapsed": 32.444929, "delta": 0.443525}}
{"target": -0.016375304460067852, "params": {"C": 4533.875113981509, "gamma": 0.17811430514706528}, "datetime": {"datetime": "2021-10-04 10:39:46", "elapsed": 32.893585, "delta": 0.448656}}
{"target": 0.012031200185223079, "params": {"C": 3263.1392962143973, "gamma": 0.017557418937600242}, "datetime": {"datetime": "2021-10-04 10:39:46", "elapsed": 33.410469, "delta": 0.516884}}
{"target": -0.05227101023274461, "params": {"C": 4315.746332140543, "gamma": 0.19703436414113815}, "datetime": {"datetime": "2021-10-04 10:39:47", "elapsed": 34.077444, "delta": 0.666975}}
{"target": 0.022087890160988333, "params": {"C": 3232.447618161066, "gamma": 0.09524058789875267}, "datetime": {"datetime": "2021-10-04 10:39:47", "elapsed": 34.549443, "delta": 0.471999}}
{"target": 0.04043749394323903, "params": {"C": 3228.052333659128, "gamma": 0.02755929791242443}, "datetime": {"datetime": "2021-10-04 10:39:48", "elapsed": 35.066152, "delta": 0.516709}}
{"target": 0.04042073296998916, "params": {"C": 3636.5515544025448, "gamma": 0.09808831483920777}, "datetime": {"datetime": "2021-10-04 10:39:48", "elapsed": 35.509493, "delta": 0.443341}}
{"target": 0.03675391475077083, "params": {"C": 3632.2807721471195, "gamma": 0.10120306788582015}, "datetime": {"datetime": "2021-10-04 10:39:49", "elapsed": 35.981736, "delta": 0.472243}}
{"target": -0.08830810688876367, "params": {"C": 3640.8333297969652, "gamma": 0.1946238513294723}, "datetime": {"datetime": "2021-10-04 10:39:49", "elapsed": 36.488001, "delta": 0.506265}}
{"target": -0.0938790556710607, "params": {"C": 3627.6011842654725, "gamma": 0.1980400416369989}, "datetime": {"datetime": "2021-10-04 10:39:50", "elapsed": 37.294953, "delta": 0.806952}}
{"target": 0.0135743077212499, "params": {"C": 4514.991589175568, "gamma": 0.15441284676441236}, "datetime": {"datetime": "2021-10-04 10:39:51", "elapsed": 37.9716, "delta": 0.676647}}
{"target": 0.08829950382662477, "params": {"C": 4518.547136157966, "gamma": 0.08618127984990223}, "datetime": {"datetime": "2021-10-04 10:39:51", "elapsed": 38.494832, "delta": 0.523232}}
{"target": 0.10028401537562193, "params": {"C": 4512.412464749008, "gamma": 0.06434395026035943}, "datetime": {"datetime": "2021-10-04 10:39:52", "elapsed": 39.043315, "delta": 0.548483}}
{"target": 0.013558078567799559, "params": {"C": 4201.458042984223, "gamma": 0.14300571532806533}, "datetime": {"datetime": "2021-10-04 10:39:52", "elapsed": 39.648761, "delta": 0.605446}}
{"target": 0.0982965594227656, "params": {"C": 4540.346566856902, "gamma": 0.07147022160743521}, "datetime": {"datetime": "2021-10-04 10:39:53", "elapsed": 40.202772, "delta": 0.554011}}
{"target": 0.02704527253138156, "params": {"C": 3362.1274014458413, "gamma": 0.0204324505812499}, "datetime": {"datetime": "2021-10-04 10:39:53", "elapsed": 40.71376, "delta": 0.510988}}
{"target": -0.02012800234155865, "params": {"C": 3405.362649340163, "gamma": 0.13568909632298295}, "datetime": {"datetime": "2021-10-04 10:39:54", "elapsed": 41.394177, "delta": 0.680417}}
{"target": 0.06291470172449698, "params": {"C": 3400.404158026585, "gamma": 0.051592525144044964}, "datetime": {"datetime": "2021-10-04 10:39:55", "elapsed": 42.009569, "delta": 0.615392}}
{"target": 0.027478490238619147, "params": {"C": 2713.7951842891034, "gamma": 0.03602253033792384}, "datetime": {"datetime": "2021-10-04 10:39:55", "elapsed": 42.594567, "delta": 0.584998}}
{"target": -0.10620622224588017, "params": {"C": 3252.533174952332, "gamma": 0.1884429841007852}, "datetime": {"datetime": "2021-10-04 10:39:56", "elapsed": 43.402626, "delta": 0.808059}}
{"target": -0.04592603491624336, "params": {"C": 3256.76779173014, "gamma": 0.009421778169539104}, "datetime": {"datetime": "2021-10-04 10:39:57", "elapsed": 43.950624, "delta": 0.547998}}
{"target": -0.0029139893872569544, "params": {"C": 4500.484101859622, "gamma": 0.16661803537913944}, "datetime": {"datetime": "2021-10-04 10:39:57", "elapsed": 44.486881, "delta": 0.536257}}
{"target": -0.030668561354882717, "params": {"C": 4497.57179608872, "gamma": 0.18766638499984786}, "datetime": {"datetime": "2021-10-04 10:39:58", "elapsed": 45.325766, "delta": 0.838885}}
{"target": 0.10052734015979381, "params": {"C": 4491.302314769493, "gamma": 0.061041376300683826}, "datetime": {"datetime": "2021-10-04 10:39:59", "elapsed": 45.855413, "delta": 0.529647}}
{"target": 0.02897360857422626, "params": {"C": 4539.314237621817, "gamma": 0.14310689184200756}, "datetime": {"datetime": "2021-10-04 10:39:59", "elapsed": 46.407672, "delta": 0.552259}}
{"target": 0.009616547538148779, "params": {"C": 4495.555994241846, "gamma": 0.15679651562229385}, "datetime": {"datetime": "2021-10-04 10:40:00", "elapsed": 47.231836, "delta": 0.824164}}
{"target": 0.07129468181944876, "params": {"C": 4517.640647038434, "gamma": 0.023691957399569905}, "datetime": {"datetime": "2021-10-04 10:40:00", "elapsed": 47.75364, "delta": 0.521804}}
{"target": 0.0697449705122074, "params": {"C": 4595.064357390585, "gamma": 0.10974343763061613}, "datetime": {"datetime": "2021-10-04 10:40:01", "elapsed": 48.303624, "delta": 0.549984}}
{"target": -0.028987999025966715, "params": {"C": 4541.404160582595, "gamma": 0.0076561474450250406}, "datetime": {"datetime": "2021-10-04 10:40:02", "elapsed": 48.8879, "delta": 0.584276}}
{"target": 0.02970583755827616, "params": {"C": 4493.438134478407, "gamma": 0.140901229926782}, "datetime": {"datetime": "2021-10-04 10:40:02", "elapsed": 49.625309, "delta": 0.737409}}
{"target": 0.043260042461352954, "params": {"C": 4596.8155026376335, "gamma": 0.1334293356831797}, "datetime": {"datetime": "2021-10-04 10:40:03", "elapsed": 50.199474, "delta": 0.574165}}
{"target": -0.060338105256834806, "params": {"C": 3401.535715320813, "gamma": 0.16377472848903554}, "datetime": {"datetime": "2021-10-04 10:40:03", "elapsed": 50.799003, "delta": 0.599529}}
{"target": -0.1271759984868368, "params": {"C": 4193.117504991957, "gamma": 0.0035357943555335315}, "datetime": {"datetime": "2021-10-04 10:40:04", "elapsed": 51.485107, "delta": 0.686104}}
{"target": -0.012833615668734755, "params": {"C": 4194.326188857921, "gamma": 0.1627618034010076}, "datetime": {"datetime": "2021-10-04 10:40:05", "elapsed": 52.16803, "delta": 0.682923}}
{"target": -0.04432980920912777, "params": {"C": 3620.8573648532906, "gamma": 0.16234743868513604}, "datetime": {"datetime": "2021-10-04 10:40:05", "elapsed": 52.65348, "delta": 0.48545}}
{"target": -0.045050401168837295, "params": {"C": 4512.93237466292, "gamma": 0.19924920692280657}, "datetime": {"datetime": "2021-10-04 10:40:06", "elapsed": 53.205925, "delta": 0.552445}}
{"target": 0.06586484652685676, "params": {"C": 4669.849055579385, "gamma": 0.02081834580486082}, "datetime": {"datetime": "2021-10-04 10:40:06", "elapsed": 53.719503, "delta": 0.513578}}
{"target": -0.07070391931175801, "params": {"C": 1494.75720010454, "gamma": 0.028018889324714608}, "datetime": {"datetime": "2021-10-04 10:40:07", "elapsed": 54.393388, "delta": 0.673885}}
{"target": -0.07201212905961807, "params": {"C": 2029.281218568843, "gamma": 0.013655350847109837}, "datetime": {"datetime": "2021-10-04 10:40:08", "elapsed": 54.896865, "delta": 0.503477}}
{"target": -0.04490669163660077, "params": {"C": 2040.5337074642343, "gamma": 0.07882141428896061}, "datetime": {"datetime": "2021-10-04 10:40:08", "elapsed": 55.413758, "delta": 0.516893}}
{"target": -0.07840435233928322, "params": {"C": 1388.5094279491348, "gamma": 0.03653681950244001}, "datetime": {"datetime": "2021-10-04 10:40:09", "elapsed": 55.990985, "delta": 0.577227}}
{"target": -0.18533499837112455, "params": {"C": 2435.099943352727, "gamma": 0.19458033444270492}, "datetime": {"datetime": "2021-10-04 10:40:09", "elapsed": 56.494576, "delta": 0.503591}}
{"target": 0.10833745179067777, "params": {"C": 4811.718622315657, "gamma": 0.045786466128777195}, "datetime": {"datetime": "2021-10-04 10:40:10", "elapsed": 56.964441, "delta": 0.469865}}
{"target": -0.18299789633325902, "params": {"C": 1281.9961184197562, "gamma": 0.10284626314890989}, "datetime": {"datetime": "2021-10-04 10:40:10", "elapsed": 57.47251, "delta": 0.508069}}
{"target": -0.007946165112858061, "params": {"C": 4455.867470839212, "gamma": 0.16884118317095048}, "datetime": {"datetime": "2021-10-04 10:40:11", "elapsed": 57.964226, "delta": 0.491716}}
{"target": 0.018381704176447133, "params": {"C": 2745.6712301754305, "gamma": 0.07097833215231308}, "datetime": {"datetime": "2021-10-04 10:40:11", "elapsed": 58.446766, "delta": 0.48254}}
{"target": 0.0013521782694617679, "params": {"C": 3113.3838483763225, "gamma": 0.016508881986566977}, "datetime": {"datetime": "2021-10-04 10:40:12", "elapsed": 58.930976, "delta": 0.48421}}
{"target": 0.06262788464849012, "params": {"C": 3584.3005221283806, "gamma": 0.033673868794737064}, "datetime": {"datetime": "2021-10-04 10:40:12", "elapsed": 59.475008, "delta": 0.544032}}
{"target": 0.01896213022120863, "params": {"C": 4444.237799815142, "gamma": 0.14768049548777948}, "datetime": {"datetime": "2021-10-04 10:40:13", "elapsed": 59.976453, "delta": 0.501445}}
{"target": -0.03938019301720641, "params": {"C": 3283.6245763154197, "gamma": 0.14378891751531905}, "datetime": {"datetime": "2021-10-04 10:40:13", "elapsed": 60.608971, "delta": 0.632518}}
{"target": -0.08309989127373885, "params": {"C": 2432.579591202031, "gamma": 0.12898706338520563}, "datetime": {"datetime": "2021-10-04 10:40:14", "elapsed": 61.163254, "delta": 0.554283}}
{"target": -0.12452324316938945, "params": {"C": 1507.152052164281, "gamma": 0.09024714249722418}, "datetime": {"datetime": "2021-10-04 10:40:14", "elapsed": 61.749385, "delta": 0.586131}}
{"target": -0.05142471701840012, "params": {"C": 1687.3802466385755, "gamma": 0.052935643073645275}, "datetime": {"datetime": "2021-10-04 10:40:15", "elapsed": 62.36678, "delta": 0.617395}}
{"target": 0.06858184258012767, "params": {"C": 3785.375579696809, "gamma": 0.0329293413634326}, "datetime": {"datetime": "2021-10-04 10:40:16", "elapsed": 62.90365, "delta": 0.53687}}
{"target": 0.09241251306487208, "params": {"C": 4760.081756243935, "gamma": 0.09152563056467704}, "datetime": {"datetime": "2021-10-04 10:40:16", "elapsed": 63.431641, "delta": 0.527991}}
{"target": 0.06676125347219841, "params": {"C": 3894.5498957263117, "gamma": 0.029344049739309874}, "datetime": {"datetime": "2021-10-04 10:40:17", "elapsed": 64.071392, "delta": 0.639751}}
{"target": 0.02431691715111206, "params": {"C": 2967.9539690268216, "gamma": 0.07895346607990679}, "datetime": {"datetime": "2021-10-04 10:40:17", "elapsed": 64.57258, "delta": 0.501188}}
{"target": -0.17423800133077672, "params": {"C": 1199.9259455029642, "gamma": 0.0899934388584375}, "datetime": {"datetime": "2021-10-04 10:40:18", "elapsed": 65.189685, "delta": 0.617105}}
{"target": 0.06103918210872794, "params": {"C": 4383.4787864370355, "gamma": 0.11008461363478811}, "datetime": {"datetime": "2021-10-04 10:40:18", "elapsed": 65.738022, "delta": 0.548337}}
{"target": 0.04776414186902167, "params": {"C": 4401.3078444030925, "gamma": 0.12262997992534884}, "datetime": {"datetime": "2021-10-04 10:40:19", "elapsed": 66.277321, "delta": 0.539299}}
{"target": 0.025473087337752, "params": {"C": 2685.0612439789084, "gamma": 0.05622157894169374}, "datetime": {"datetime": "2021-10-04 10:40:19", "elapsed": 66.810048, "delta": 0.532727}}
{"target": 0.09411425573716714, "params": {"C": 4308.690028160999, "gamma": 0.04484043684392282}, "datetime": {"datetime": "2021-10-04 10:40:20", "elapsed": 67.465031, "delta": 0.654983}}
{"target": -0.14226996355927213, "params": {"C": 2543.916593341658, "gamma": 0.17323686564065152}, "datetime": {"datetime": "2021-10-04 10:40:21", "elapsed": 68.028827, "delta": 0.563796}}
{"target": -0.21507133381754562, "params": {"C": 1695.0768507779653, "gamma": 0.15748730446740436}, "datetime": {"datetime": "2021-10-04 10:40:21", "elapsed": 68.588054, "delta": 0.559227}}
{"target": -0.051054909708442286, "params": {"C": 2181.071046861436, "gamma": 0.01539965512330174}, "datetime": {"datetime": "2021-10-04 10:40:22", "elapsed": 69.269153, "delta": 0.681099}}
{"target": -0.0018870982097507483, "params": {"C": 2486.1811482074672, "gamma": 0.07377139759342459}, "datetime": {"datetime": "2021-10-04 10:40:23", "elapsed": 69.848929, "delta": 0.579776}}
{"target": -0.09409583545559275, "params": {"C": 3590.2014041656603, "gamma": 0.005473212148405588}, "datetime": {"datetime": "2021-10-04 10:40:23", "elapsed": 70.435078, "delta": 0.586149}}
{"target": -0.049221486003047765, "params": {"C": 3834.4653844546015, "gamma": 0.17501518983145448}, "datetime": {"datetime": "2021-10-04 10:40:24", "elapsed": 71.005328, "delta": 0.57025}}
{"target": -0.05241981045205457, "params": {"C": 3824.567357670609, "gamma": 0.176905638151772}, "datetime": {"datetime": "2021-10-04 10:40:24", "elapsed": 71.553682, "delta": 0.548354}}
{"target": 0.0583424783621912, "params": {"C": 4915.115553177928, "gamma": 0.13135099777020742}, "datetime": {"datetime": "2021-10-04 10:40:25", "elapsed": 72.124229, "delta": 0.570547}}
{"target": 0.005760897595064374, "params": {"C": 4901.536421467235, "gamma": 0.009938854654050262}, "datetime": {"datetime": "2021-10-04 10:40:25", "elapsed": 72.698257, "delta": 0.574028}}
{"target": -0.11008098874669447, "params": {"C": 1573.6592998729425, "gamma": 0.0871201579650086}, "datetime": {"datetime": "2021-10-04 10:40:26", "elapsed": 73.252472, "delta": 0.554215}}
{"target": -0.06503402804620428, "params": {"C": 4528.3034150017975, "gamma": 0.00550192619224983}, "datetime": {"datetime": "2021-10-04 10:40:27", "elapsed": 73.847703, "delta": 0.595231}}
{"target": -0.12628484004020812, "params": {"C": 2110.9943663858285, "gamma": 0.1358240393255327}, "datetime": {"datetime": "2021-10-04 10:40:27", "elapsed": 74.402692, "delta": 0.554989}}
{"target": 0.049780956455649505, "params": {"C": 4490.016106242359, "gamma": 0.12411251756523223}, "datetime": {"datetime": "2021-10-04 10:40:28", "elapsed": 74.972947, "delta": 0.570255}}
{"target": 0.07885097606148606, "params": {"C": 4811.607174210251, "gamma": 0.1086403966152813}, "datetime": {"datetime": "2021-10-04 10:40:28", "elapsed": 75.721892, "delta": 0.748945}}
{"target": -0.1138205989579919, "params": {"C": 2371.3663832540583, "gamma": 0.14467197650687777}, "datetime": {"datetime": "2021-10-04 10:40:29", "elapsed": 76.332295, "delta": 0.610403}}
{"target": 0.09063966140485646, "params": {"C": 4731.182881011198, "gamma": 0.09251822295813604}, "datetime": {"datetime": "2021-10-04 10:40:30", "elapsed": 76.933865, "delta": 0.60157}}
{"target": 0.11377171826354537, "params": {"C": 4999.861589924367, "gamma": 0.04757721585883124}, "datetime": {"datetime": "2021-10-04 10:40:30", "elapsed": 77.513145, "delta": 0.57928}}
{"target": 0.04609708915814681, "params": {"C": 4498.750076680015, "gamma": 0.12757886465767487}, "datetime": {"datetime": "2021-10-04 10:40:31", "elapsed": 78.183609, "delta": 0.670464}}
{"target": 0.09742810989222406, "params": {"C": 4513.621165294873, "gamma": 0.07148104046833816}, "datetime": {"datetime": "2021-10-04 10:40:32", "elapsed": 78.885731, "delta": 0.702122}}
{"target": -0.07646199530791042, "params": {"C": 1407.0449105655682, "gamma": 0.04004145529888151}, "datetime": {"datetime": "2021-10-04 10:40:32", "elapsed": 79.487331, "delta": 0.6016}}
{"target": 0.051659949350961964, "params": {"C": 4491.468035534475, "gamma": 0.12253499051417208}, "datetime": {"datetime": "2021-10-04 10:40:33", "elapsed": 80.28967, "delta": 0.802339}}
{"target": 0.05794556706527776, "params": {"C": 3353.690389651708, "gamma": 0.061033922432491304}, "datetime": {"datetime": "2021-10-04 10:40:34", "elapsed": 80.875841, "delta": 0.586171}}
{"target": -0.02098713546098141, "params": {"C": 4999.905536340889, "gamma": 0.1982884098330354}, "datetime": {"datetime": "2021-10-04 10:40:34", "elapsed": 81.624116, "delta": 0.748275}}
{"target": 0.007640408358495332, "params": {"C": 4513.499496750159, "gamma": 0.15896567850106316}, "datetime": {"datetime": "2021-10-04 10:40:35", "elapsed": 82.542417, "delta": 0.918301}}
{"target": -0.02272749837704313, "params": {"C": 4491.218978790887, "gamma": 0.18138417738757448}, "datetime": {"datetime": "2021-10-04 10:40:36", "elapsed": 83.451049, "delta": 0.908632}}
{"target": 0.026718694322782288, "params": {"C": 4496.349082728364, "gamma": 0.14339688602764963}, "datetime": {"datetime": "2021-10-04 10:40:37", "elapsed": 84.126066, "delta": 0.675017}}
{"target": 0.10359202557495428, "params": {"C": 4595.715742904549, "gamma": 0.06149306172887362}, "datetime": {"datetime": "2021-10-04 10:40:37", "elapsed": 84.828133, "delta": 0.702067}}
{"target": 0.11366952633469907, "params": {"C": 4999.715707923326, "gamma": 0.04731811352472933}, "datetime": {"datetime": "2021-10-04 10:40:38", "elapsed": 85.514502, "delta": 0.686369}}
{"target": 0.0085609332008858, "params": {"C": 4595.83734150969, "gamma": 0.1611658193469518}, "datetime": {"datetime": "2021-10-04 10:40:39", "elapsed": 86.367503, "delta": 0.853001}}
{"target": 0.025990333097176466, "params": {"C": 4496.608400365021, "gamma": 0.143986900049552}, "datetime": {"datetime": "2021-10-04 10:40:40", "elapsed": 87.12276, "delta": 0.755257}}
{"target": -0.03463001536075638, "params": {"C": 4492.2992459219695, "gamma": 0.19048771538926199}, "datetime": {"datetime": "2021-10-04 10:40:41", "elapsed": 87.872576, "delta": 0.749816}}
{"target": 0.03129735061257244, "params": {"C": 4492.548668669733, "gamma": 0.13958762891531773}, "datetime": {"datetime": "2021-10-04 10:40:41", "elapsed": 88.673994, "delta": 0.801418}}
{"target": 0.031076424290983007, "params": {"C": 4512.2468208740875, "gamma": 0.140462368144282}, "datetime": {"datetime": "2021-10-04 10:40:42", "elapsed": 89.407465, "delta": 0.733471}}
{"target": 0.09299811650674938, "params": {"C": 4540.196474707215, "gamma": 0.08063367964008941}, "datetime": {"datetime": "2021-10-04 10:40:43", "elapsed": 90.209924, "delta": 0.802459}}
{"target": 0.006798749461838671, "params": {"C": 4512.538056643993, "gamma": 0.15958200783970392}, "datetime": {"datetime": "2021-10-04 10:40:44", "elapsed": 91.266159, "delta": 1.056235}}
{"target": 0.0175005068705536, "params": {"C": 4490.105995751374, "gamma": 0.012349156052841238}, "datetime": {"datetime": "2021-10-04 10:40:45", "elapsed": 92.084226, "delta": 0.818067}}
{"target": -0.003275571989999948, "params": {"C": 4516.696749421395, "gamma": 0.16747924366605516}, "datetime": {"datetime": "2021-10-04 10:40:46", "elapsed": 92.863325, "delta": 0.779099}}
{"target": 0.06032298548255677, "params": {"C": 4308.905004032444, "gamma": 0.10788099075323}, "datetime": {"datetime": "2021-10-04 10:40:46", "elapsed": 93.679786, "delta": 0.816461}}
{"target": 0.07961941837153097, "params": {"C": 4489.918952016302, "gamma": 0.02739478368533365}, "datetime": {"datetime": "2021-10-04 10:40:47", "elapsed": 94.431793, "delta": 0.752007}}
{"target": -0.12597703352564582, "params": {"C": 2511.619093540705, "gamma": 0.16080368149159394}, "datetime": {"datetime": "2021-10-04 10:40:48", "elapsed": 95.07111, "delta": 0.639317}}
{"target": -0.025177844107157288, "params": {"C": 4308.759981286831, "gamma": 0.17637116592243876}, "datetime": {"datetime": "2021-10-04 10:40:48", "elapsed": 95.835532, "delta": 0.764422}}
{"target": -0.04172850299147246, "params": {"C": 4518.465347448035, "gamma": 0.19691090861368676}, "datetime": {"datetime": "2021-10-04 10:40:49", "elapsed": 96.79165, "delta": 0.956118}}
{"target": 0.08056960165381444, "params": {"C": 4624.311809163886, "gamma": 0.026323312178782095}, "datetime": {"datetime": "2021-10-04 10:40:50", "elapsed": 97.509348, "delta": 0.717698}}
{"target": 0.010170077096328112, "params": {"C": 4516.450712574491, "gamma": 0.15711133513655742}, "datetime": {"datetime": "2021-10-04 10:40:51", "elapsed": 98.665787, "delta": 1.156439}}
{"target": -0.10161742475713287, "params": {"C": 4731.269111933836, "gamma": 0.0038296041658445953}, "datetime": {"datetime": "2021-10-04 10:40:52", "elapsed": 99.515011, "delta": 0.849224}}
{"target": 0.042311625026835276, "params": {"C": 4731.0640911714145, "gamma": 0.1388399035014782}, "datetime": {"datetime": "2021-10-04 10:40:53", "elapsed": 100.480148, "delta": 0.965137}}
{"target": 0.07771118398749532, "params": {"C": 4498.966435273485, "gamma": 0.026417679528539573}, "datetime": {"datetime": "2021-10-04 10:40:54", "elapsed": 101.297853, "delta": 0.817705}}
{"target": 0.005863196677750593, "params": {"C": 4540.290818300071, "gamma": 0.16129277323645155}, "datetime": {"datetime": "2021-10-04 10:40:55", "elapsed": 102.207064, "delta": 0.909211}}
{"target": 0.003282532479954914, "params": {"C": 4117.172572013459, "gamma": 0.1476915651196708}, "datetime": {"datetime": "2021-10-04 10:40:56", "elapsed": 102.93316, "delta": 0.726096}}
