{"target": -56.96163855832289, "params": {"C": 35965.689069549786, "gamma": 0.5786584598966804}, "datetime": {"datetime": "2021-10-04 11:50:32", "elapsed": 349.362432, "delta": 1.925155}}
{"target": -58.851411005031, "params": {"C": 469914.755039322, "gamma": 0.8577018543307842}, "datetime": {"datetime": "2021-10-04 11:50:33", "elapsed": 350.864948, "delta": 1.502516}}
{"target": -54.467379402418864, "params": {"C": 495676.71465787117, "gamma": 0.4587764656354513}, "datetime": {"datetime": "2021-10-04 11:50:35", "elapsed": 352.494446, "delta": 1.629498}}
{"target": -56.74896802120322, "params": {"C": 121855.37443716617, "gamma": 0.6605722687359548}, "datetime": {"datetime": "2021-10-04 11:50:37", "elapsed": 354.702478, "delta": 2.208032}}
{"target": -54.791902041861576, "params": {"C": 87317.72701219357, "gamma": 0.4985826288134913}, "datetime": {"datetime": "2021-10-04 11:50:38", "elapsed": 356.154993, "delta": 1.452515}}
{"target": -61.64999371504478, "params": {"C": 13371.42421873671, "gamma": 0.8416238743964175}, "datetime": {"datetime": "2021-10-04 11:50:40", "elapsed": 357.736176, "delta": 1.581183}}
{"target": -56.11750811642487, "params": {"C": 75388.9488797902, "gamma": 0.5902232876041091}, "datetime": {"datetime": "2021-10-04 11:50:42", "elapsed": 359.243357, "delta": 1.507181}}
{"target": -58.42594721355924, "params": {"C": 158168.9718495785, "gamma": 0.9008307522852068}, "datetime": {"datetime": "2021-10-04 11:50:43", "elapsed": 360.797465, "delta": 1.554108}}
{"target": -59.044387729676146, "params": {"C": 448642.37841067713, "gamma": 0.9087642912855094}, "datetime": {"datetime": "2021-10-04 11:50:45", "elapsed": 362.288517, "delta": 1.491052}}
{"target": -57.91826964894089, "params": {"C": 391812.3536684943, "gamma": 0.7282372755107257}, "datetime": {"datetime": "2021-10-04 11:50:46", "elapsed": 363.705502, "delta": 1.416985}}
{"target": -58.382970181761, "params": {"C": 473146.94503883476, "gamma": 0.7748904238507687}, "datetime": {"datetime": "2021-10-04 11:50:47", "elapsed": 365.104097, "delta": 1.398595}}
{"target": -58.869659161971896, "params": {"C": 194875.6951204437, "gamma": 0.9741916122507435}, "datetime": {"datetime": "2021-10-04 11:50:50", "elapsed": 367.209717, "delta": 2.10562}}
{"target": -53.59780708193685, "params": {"C": 467261.8578126859, "gamma": 0.4051258076947721}, "datetime": {"datetime": "2021-10-04 11:50:51", "elapsed": 368.787804, "delta": 1.578087}}
{"target": -52.79143359483989, "params": {"C": 333340.52257087507, "gamma": 0.3582023670406584}, "datetime": {"datetime": "2021-10-04 11:50:53", "elapsed": 370.256943, "delta": 1.469139}}
{"target": -58.19342984709659, "params": {"C": 422451.18189810927, "gamma": 0.7575876251253149}, "datetime": {"datetime": "2021-10-04 11:50:54", "elapsed": 372.111419, "delta": 1.854476}}
{"target": -58.35598423832972, "params": {"C": 157865.8230957517, "gamma": 0.8868869979541245}, "datetime": {"datetime": "2021-10-04 11:50:56", "elapsed": 374.106022, "delta": 1.994603}}
{"target": -56.640882664069736, "params": {"C": 45152.57183069183, "gamma": 0.5896584602438206}, "datetime": {"datetime": "2021-10-04 11:50:58", "elapsed": 375.639535, "delta": 1.533513}}
{"target": -56.76076077662364, "params": {"C": 426613.90522467, "gamma": 0.6095204029392192}, "datetime": {"datetime": "2021-10-04 11:51:00", "elapsed": 377.304605, "delta": 1.66507}}
{"target": -52.766360738434535, "params": {"C": 97829.63476863026, "gamma": 0.3875715658950937}, "datetime": {"datetime": "2021-10-04 11:51:02", "elapsed": 379.406612, "delta": 2.102007}}
{"target": -57.09053762231842, "params": {"C": 288155.20711157774, "gamma": 0.6548817766342405}, "datetime": {"datetime": "2021-10-04 11:51:03", "elapsed": 380.94847, "delta": 1.541858}}
{"target": -52.88275235637191, "params": {"C": 361354.11219258205, "gamma": 0.3622239242042898}, "datetime": {"datetime": "2021-10-04 11:51:05", "elapsed": 383.178954, "delta": 2.230484}}
{"target": -58.271967297647606, "params": {"C": 69118.83601984383, "gamma": 0.8608453528707241}, "datetime": {"datetime": "2021-10-04 11:51:07", "elapsed": 384.783656, "delta": 1.604702}}
{"target": -55.24642458688158, "params": {"C": 81810.7436797677, "gamma": 0.5275761231302923}, "datetime": {"datetime": "2021-10-04 11:51:09", "elapsed": 386.421564, "delta": 1.637908}}
{"target": -54.96106707775727, "params": {"C": 352964.3233788608, "gamma": 0.49241975429139556}, "datetime": {"datetime": "2021-10-04 11:51:11", "elapsed": 388.682047, "delta": 2.260483}}
{"target": -56.455774255809516, "params": {"C": 67099.73167915561, "gamma": 0.6117316951693635}, "datetime": {"datetime": "2021-10-04 11:51:13", "elapsed": 390.657061, "delta": 1.975014}}
{"target": -57.04258150510665, "params": {"C": 153071.14200242682, "gamma": 0.6849920264077354}, "datetime": {"datetime": "2021-10-04 11:51:15", "elapsed": 392.434429, "delta": 1.777368}}
{"target": -58.165727801855155, "params": {"C": 467761.270233246, "gamma": 0.7459952580414237}, "datetime": {"datetime": "2021-10-04 11:51:17", "elapsed": 394.504202, "delta": 2.069773}}
{"target": -58.25671903622909, "params": {"C": 124207.12944296736, "gamma": 0.889509835973366}, "datetime": {"datetime": "2021-10-04 11:51:19", "elapsed": 396.685119, "delta": 2.180917}}
{"target": -54.07456896704999, "params": {"C": 302643.7361033644, "gamma": 0.4491894176457795}, "datetime": {"datetime": "2021-10-04 11:51:21", "elapsed": 398.805141, "delta": 2.120022}}
{"target": -58.17283515271669, "params": {"C": 331030.75348800316, "gamma": 0.7756155613150183}, "datetime": {"datetime": "2021-10-04 11:51:24", "elapsed": 401.589766, "delta": 2.784625}}
{"target": -52.92269186217919, "params": {"C": 353911.9403462049, "gamma": 0.3681714883176082}, "datetime": {"datetime": "2021-10-04 11:51:27", "elapsed": 404.25021, "delta": 2.660444}}
{"target": -57.48848109633084, "params": {"C": 273525.0788181207, "gamma": 0.7020703309415339}, "datetime": {"datetime": "2021-10-04 11:51:29", "elapsed": 407.094287, "delta": 2.844077}}
{"target": -53.64201048878965, "params": {"C": 432868.8185976692, "gamma": 0.4108853495909187}, "datetime": {"datetime": "2021-10-04 11:51:31", "elapsed": 409.065993, "delta": 1.971706}}
{"target": -58.01330080275968, "params": {"C": 290799.96285739716, "gamma": 0.7645116860473395}, "datetime": {"datetime": "2021-10-04 11:51:33", "elapsed": 410.860525, "delta": 1.794532}}
{"target": -58.568185868085976, "params": {"C": 206235.58322474963, "gamma": 0.8990336807428594}, "datetime": {"datetime": "2021-10-04 11:51:35", "elapsed": 412.400486, "delta": 1.539961}}
{"target": -58.156615248774955, "params": {"C": 329263.6850206981, "gamma": 0.7737277511349192}, "datetime": {"datetime": "2021-10-04 11:51:36", "elapsed": 414.149465, "delta": 1.748979}}
{"target": -52.62377642295682, "params": {"C": 85482.22885580931, "gamma": 0.3765165643921805}, "datetime": {"datetime": "2021-10-04 11:51:38", "elapsed": 415.791579, "delta": 1.642114}}
{"target": -54.72776525667722, "params": {"C": 380208.59099394194, "gamma": 0.47869823619937546}, "datetime": {"datetime": "2021-10-04 11:51:40", "elapsed": 418.051977, "delta": 2.260398}}
{"target": -56.5581768179452, "params": {"C": 443360.92559707427, "gamma": 0.5919356381225187}, "datetime": {"datetime": "2021-10-04 11:51:42", "elapsed": 419.835336, "delta": 1.783359}}
{"target": -56.24734596015875, "params": {"C": 274189.8774561977, "gamma": 0.5822804488212565}, "datetime": {"datetime": "2021-10-04 11:51:44", "elapsed": 421.408459, "delta": 1.573123}}
{"target": -53.54859862410771, "params": {"C": 304114.65524252545, "gamma": 0.4186641380989865}, "datetime": {"datetime": "2021-10-04 11:51:46", "elapsed": 423.762744, "delta": 2.354285}}
{"target": -55.484610915886606, "params": {"C": 23402.51692967018, "gamma": 0.4072414724110283}, "datetime": {"datetime": "2021-10-04 11:51:49", "elapsed": 426.370063, "delta": 2.607319}}
{"target": -56.04409469396291, "params": {"C": 229029.05520174414, "gamma": 0.5716876887688607}, "datetime": {"datetime": "2021-10-04 11:51:50", "elapsed": 428.103283, "delta": 1.73322}}
{"target": -58.48207780463302, "params": {"C": 429581.92092950916, "gamma": 0.7991132276526982}, "datetime": {"datetime": "2021-10-04 11:51:53", "elapsed": 430.30698, "delta": 2.203697}}
{"target": -56.74968651896438, "params": {"C": 342732.342843044, "gamma": 0.6164249768937093}, "datetime": {"datetime": "2021-10-04 11:51:55", "elapsed": 432.27575, "delta": 1.96877}}
{"target": -56.13685362199459, "params": {"C": 73762.88052769199, "gamma": 0.5905488676916979}, "datetime": {"datetime": "2021-10-04 11:51:56", "elapsed": 434.179352, "delta": 1.903602}}
{"target": -57.942205351227074, "params": {"C": 257668.12235815125, "gamma": 0.7662748888400372}, "datetime": {"datetime": "2021-10-04 11:51:59", "elapsed": 436.227421, "delta": 2.048069}}
{"target": -55.94767186974796, "params": {"C": 494177.65457112825, "gamma": 0.5429300355271697}, "datetime": {"datetime": "2021-10-04 11:52:01", "elapsed": 438.806824, "delta": 2.579403}}
{"target": -57.56207630304043, "params": {"C": 274268.44938417285, "gamma": 0.7108574618133545}, "datetime": {"datetime": "2021-10-04 11:52:03", "elapsed": 440.571198, "delta": 1.764374}}
{"target": -58.973794969269875, "params": {"C": 400002.33262540645, "gamma": 0.906926433251614}, "datetime": {"datetime": "2021-10-04 11:52:05", "elapsed": 442.211881, "delta": 1.640683}}
{"target": -57.52847431916608, "params": {"C": 130905.18901861028, "gamma": 0.7609802915273315}, "datetime": {"datetime": "2021-10-04 11:52:06", "elapsed": 444.075411, "delta": 1.86353}}
{"target": -56.336918533145045, "params": {"C": 315538.47436209064, "gamma": 0.5849100220121903}, "datetime": {"datetime": "2021-10-04 11:52:08", "elapsed": 445.892455, "delta": 1.817044}}
{"target": -52.836102111349156, "params": {"C": 58088.987704849365, "gamma": 0.3707064051227467}, "datetime": {"datetime": "2021-10-04 11:52:10", "elapsed": 447.742216, "delta": 1.849761}}
{"target": -57.79153064436159, "params": {"C": 398881.0972353098, "gamma": 0.7124298939159435}, "datetime": {"datetime": "2021-10-04 11:52:12", "elapsed": 449.461576, "delta": 1.71936}}
{"target": -56.61823181565948, "params": {"C": 110322.64129827019, "gamma": 0.6479624916573188}, "datetime": {"datetime": "2021-10-04 11:52:14", "elapsed": 451.805061, "delta": 2.343485}}
{"target": -58.98345570862999, "params": {"C": 478753.3493179942, "gamma": 0.8846856514733485}, "datetime": {"datetime": "2021-10-04 11:52:16", "elapsed": 453.924157, "delta": 2.119096}}
{"target": -58.52144607491925, "params": {"C": 338499.3779944434, "gamma": 0.830820845224042}, "datetime": {"datetime": "2021-10-04 11:52:19", "elapsed": 456.675452, "delta": 2.751295}}
{"target": -57.43593274870693, "params": {"C": 386845.7831176463, "gamma": 0.6748155047903326}, "datetime": {"datetime": "2021-10-04 11:52:21", "elapsed": 458.767411, "delta": 2.091959}}
{"target": -56.17238103115821, "params": {"C": 125057.28291066347, "gamma": 0.59912032937144}, "datetime": {"datetime": "2021-10-04 11:52:23", "elapsed": 460.613869, "delta": 1.846458}}
{"target": -54.24877910892785, "params": {"C": 402343.3442709272, "gamma": 0.45149310481053073}, "datetime": {"datetime": "2021-10-04 11:52:25", "elapsed": 462.41631, "delta": 1.802441}}
{"target": -59.105264190849184, "params": {"C": 36830.86044270628, "gamma": 0.8908929592713162}, "datetime": {"datetime": "2021-10-04 11:52:27", "elapsed": 465.101224, "delta": 2.684914}}
{"target": -56.35114761013556, "params": {"C": 139020.1717463932, "gamma": 0.6126018050363427}, "datetime": {"datetime": "2021-10-04 11:52:29", "elapsed": 467.039817, "delta": 1.938593}}
{"target": -60.46803909414382, "params": {"C": 22116.907970114044, "gamma": 0.9556706122384704}, "datetime": {"datetime": "2021-10-04 11:52:32", "elapsed": 469.233013, "delta": 2.193196}}
{"target": -47.98315666271115, "params": {"C": 69617.09044674452, "gamma": 0.11056575357534427}, "datetime": {"datetime": "2021-10-04 11:52:36", "elapsed": 0.0, "delta": 0.0}}
{"target": -48.338048789868914, "params": {"C": 30010.865607647764, "gamma": 0.05162889274108941}, "datetime": {"datetime": "2021-10-04 11:52:36", "elapsed": 0.184355, "delta": 0.184355}}
{"target": -48.90435430551245, "params": {"C": 43941.80962762574, "gamma": 0.022019741862400487}, "datetime": {"datetime": "2021-10-04 11:52:36", "elapsed": 0.353651, "delta": 0.169296}}
{"target": -47.82695082591234, "params": {"C": 47694.72008087873, "gamma": 0.057724062513069725}, "datetime": {"datetime": "2021-10-04 11:52:36", "elapsed": 0.500826, "delta": 0.147175}}
{"target": -47.55902497391427, "params": {"C": 67692.91005191364, "gamma": 0.08497315949447332}, "datetime": {"datetime": "2021-10-04 11:52:37", "elapsed": 0.674855, "delta": 0.174029}}
{"target": -47.561674929279306, "params": {"C": 67881.3995562583, "gamma": 0.08646049405428721}, "datetime": {"datetime": "2021-10-04 11:52:37", "elapsed": 0.967851, "delta": 0.292996}}
{"target": -49.948421018901506, "params": {"C": 51124.76562342585, "gamma": 0.013561784872001511}, "datetime": {"datetime": "2021-10-04 11:52:37", "elapsed": 1.202072, "delta": 0.234221}}
{"target": -47.58260703909434, "params": {"C": 63883.51885528186, "gamma": 0.08216432665087603}, "datetime": {"datetime": "2021-10-04 11:52:37", "elapsed": 1.486798, "delta": 0.284726}}
{"target": -50.72743696852889, "params": {"C": 60706.23176816445, "gamma": 0.009897043113468942}, "datetime": {"datetime": "2021-10-04 11:52:38", "elapsed": 1.829665, "delta": 0.342867}}
{"target": -47.862845019588946, "params": {"C": 74590.7572356915, "gamma": 0.05158703703129741}, "datetime": {"datetime": "2021-10-04 11:52:38", "elapsed": 2.155864, "delta": 0.326199}}
{"target": -48.41281640474693, "params": {"C": 74588.98470201658, "gamma": 0.12423643957200677}, "datetime": {"datetime": "2021-10-04 11:52:38", "elapsed": 2.39302, "delta": 0.237156}}
{"target": -47.62461678073881, "params": {"C": 67886.96707114742, "gamma": 0.07378529054355928}, "datetime": {"datetime": "2021-10-04 11:52:39", "elapsed": 2.622021, "delta": 0.229001}}
{"target": -50.07189290263141, "params": {"C": 74600.04810621591, "gamma": 0.010848958992653026}, "datetime": {"datetime": "2021-10-04 11:52:39", "elapsed": 2.879021, "delta": 0.257}}
{"target": -47.85936477700687, "params": {"C": 63890.36080046771, "gamma": 0.10879239779326495}, "datetime": {"datetime": "2021-10-04 11:52:39", "elapsed": 3.129678, "delta": 0.250657}}
{"target": -47.92642765028014, "params": {"C": 67696.9136560037, "gamma": 0.03425404135779615}, "datetime": {"datetime": "2021-10-04 11:52:39", "elapsed": 3.375888, "delta": 0.24621}}
{"target": -47.729747738477194, "params": {"C": 63876.695964168226, "gamma": 0.1030698133371638}, "datetime": {"datetime": "2021-10-04 11:52:40", "elapsed": 3.665888, "delta": 0.29}}
{"target": -49.93871287828328, "params": {"C": 47688.70758471869, "gamma": 0.014120955415349079}, "datetime": {"datetime": "2021-10-04 11:52:40", "elapsed": 3.966964, "delta": 0.301076}}
{"target": -48.69214244704226, "params": {"C": 67687.67552797109, "gamma": 0.1440029838593467}, "datetime": {"datetime": "2021-10-04 11:52:40", "elapsed": 4.222961, "delta": 0.255997}}
{"target": -47.774162384353225, "params": {"C": 47698.99047912554, "gamma": 0.0700391611711664}, "datetime": {"datetime": "2021-10-04 11:52:40", "elapsed": 4.521962, "delta": 0.299001}}
{"target": -47.63524185804048, "params": {"C": 63897.97498798793, "gamma": 0.07448166322289634}, "datetime": {"datetime": "2021-10-04 11:52:41", "elapsed": 4.811782, "delta": 0.28982}}
{"target": -48.587516402277174, "params": {"C": 63904.022278925346, "gamma": 0.14154459453404386}, "datetime": {"datetime": "2021-10-04 11:52:41", "elapsed": 5.082783, "delta": 0.271001}}
{"target": -47.61031763556145, "params": {"C": 67876.22459294333, "gamma": 0.09608470712937553}, "datetime": {"datetime": "2021-10-04 11:52:41", "elapsed": 5.388156, "delta": 0.305373}}
{"target": -47.82634248471697, "params": {"C": 69608.8656563294, "gamma": 0.05540028464723173}, "datetime": {"datetime": "2021-10-04 11:52:42", "elapsed": 5.66015, "delta": 0.271994}}
{"target": -48.20158585909932, "params": {"C": 67893.23879704835, "gamma": 0.024485452144391413}, "datetime": {"datetime": "2021-10-04 11:52:42", "elapsed": 5.93055, "delta": 0.2704}}
{"target": -48.15892060028885, "params": {"C": 67868.70439668588, "gamma": 0.11818615164077872}, "datetime": {"datetime": "2021-10-04 11:52:42", "elapsed": 6.235557, "delta": 0.305007}}
{"target": -47.949495045835334, "params": {"C": 69602.44991700785, "gamma": 0.031095671759297797}, "datetime": {"datetime": "2021-10-04 11:52:42", "elapsed": 6.505213, "delta": 0.269656}}
{"target": -48.39634932674608, "params": {"C": 47705.34934068234, "gamma": 0.14673541486190148}, "datetime": {"datetime": "2021-10-04 11:52:43", "elapsed": 6.781214, "delta": 0.276001}}
{"target": -48.11664796948474, "params": {"C": 63871.28342668774, "gamma": 0.11924633995864264}, "datetime": {"datetime": "2021-10-04 11:52:43", "elapsed": 7.080663, "delta": 0.299449}}
{"target": -48.38455705364084, "params": {"C": 69588.0789164895, "gamma": 0.0208305751910296}, "datetime": {"datetime": "2021-10-04 11:52:43", "elapsed": 7.353202, "delta": 0.272539}}
{"target": -47.69146216403052, "params": {"C": 69628.18523611675, "gamma": 0.06743338258586636}, "datetime": {"datetime": "2021-10-04 11:52:44", "elapsed": 7.677359, "delta": 0.324157}}
{"target": -49.079395660170945, "params": {"C": 69645.07852093293, "gamma": 0.015056536340193308}, "datetime": {"datetime": "2021-10-04 11:52:44", "elapsed": 7.950663, "delta": 0.273304}}
{"target": -47.98434118824159, "params": {"C": 67846.15359826104, "gamma": 0.02991846119173821}, "datetime": {"datetime": "2021-10-04 11:52:44", "elapsed": 8.228509, "delta": 0.277846}}
{"target": -47.61708269505587, "params": {"C": 67839.39283920635, "gamma": 0.07436253559658257}, "datetime": {"datetime": "2021-10-04 11:52:44", "elapsed": 8.559059, "delta": 0.33055}}
{"target": -47.84884578512601, "params": {"C": 67827.58298643304, "gamma": 0.05168783114302432}, "datetime": {"datetime": "2021-10-04 11:52:45", "elapsed": 8.993353, "delta": 0.434294}}
{"target": -47.594005721935694, "params": {"C": 67831.78797898648, "gamma": 0.07646411384437678}, "datetime": {"datetime": "2021-10-04 11:52:45", "elapsed": 9.330716, "delta": 0.337363}}
{"target": -48.715011815939256, "params": {"C": 69633.12002610945, "gamma": 0.1435616771238494}, "datetime": {"datetime": "2021-10-04 11:52:46", "elapsed": 9.656341, "delta": 0.325625}}
{"target": -47.904843783073034, "params": {"C": 69624.69263317878, "gamma": 0.10748182226050136}, "datetime": {"datetime": "2021-10-04 11:52:46", "elapsed": 10.034803, "delta": 0.378462}}
{"target": -47.86222652069045, "params": {"C": 63852.78057078762, "gamma": 0.04181552777739131}, "datetime": {"datetime": "2021-10-04 11:52:46", "elapsed": 10.394269, "delta": 0.359466}}
{"target": -48.16616204837565, "params": {"C": 63845.37510768388, "gamma": 0.12127459764572443}, "datetime": {"datetime": "2021-10-04 11:52:47", "elapsed": 10.703829, "delta": 0.30956}}
{"target": -48.01322989887634, "params": {"C": 63858.8906844605, "gamma": 0.03047011804941388}, "datetime": {"datetime": "2021-10-04 11:52:47", "elapsed": 11.080569, "delta": 0.37674}}
{"target": -47.788469861622346, "params": {"C": 63830.88587792643, "gamma": 0.06010783431268424}, "datetime": {"datetime": "2021-10-04 11:52:47", "elapsed": 11.410793, "delta": 0.330224}}
{"target": -47.573784350573824, "params": {"C": 67817.31720260414, "gamma": 0.08097062395647293}, "datetime": {"datetime": "2021-10-04 11:52:48", "elapsed": 11.770793, "delta": 0.36}}
{"target": -48.67794622990557, "params": {"C": 63821.05816092925, "gamma": 0.1468005250923185}, "datetime": {"datetime": "2021-10-04 11:52:48", "elapsed": 12.088596, "delta": 0.317803}}
{"target": -48.12365384691947, "params": {"C": 63837.95190344842, "gamma": 0.11955004039108975}, "datetime": {"datetime": "2021-10-04 11:52:48", "elapsed": 12.430331, "delta": 0.341735}}
{"target": -48.79060054130364, "params": {"C": 67801.88395905656, "gamma": 0.14989922175894324}, "datetime": {"datetime": "2021-10-04 11:52:49", "elapsed": 12.806611, "delta": 0.37628}}
{"target": -47.62656599409392, "params": {"C": 62611.41407031633, "gamma": 0.09913908533479693}, "datetime": {"datetime": "2021-10-04 11:52:49", "elapsed": 13.177292, "delta": 0.370681}}
{"target": -47.81586656273911, "params": {"C": 62619.858536290194, "gamma": 0.056562573345276874}, "datetime": {"datetime": "2021-10-04 11:52:49", "elapsed": 13.593321, "delta": 0.416029}}
{"target": -47.80270803230186, "params": {"C": 62601.17988095635, "gamma": 0.10690102647347038}, "datetime": {"datetime": "2021-10-04 11:52:50", "elapsed": 13.974354, "delta": 0.381033}}
{"target": -47.82256034096908, "params": {"C": 67835.80105345963, "gamma": 0.05576489520454696}, "datetime": {"datetime": "2021-10-04 11:52:50", "elapsed": 14.533253, "delta": 0.558899}}
{"target": -48.18290526616218, "params": {"C": 62606.15349156854, "gamma": 0.12287921142796969}, "datetime": {"datetime": "2021-10-04 11:52:51", "elapsed": 14.928086, "delta": 0.394833}}
{"target": -48.670462335585505, "params": {"C": 67812.92877303337, "gamma": 0.14264466719186647}, "datetime": {"datetime": "2021-10-04 11:52:51", "elapsed": 15.321086, "delta": 0.393}}
{"target": -47.67071499746984, "params": {"C": 62595.82700889209, "gamma": 0.10128397203846395}, "datetime": {"datetime": "2021-10-04 11:52:52", "elapsed": 15.713094, "delta": 0.392008}}
{"target": -47.73822516672227, "params": {"C": 62590.43768640262, "gamma": 0.10408988348936318}, "datetime": {"datetime": "2021-10-04 11:52:52", "elapsed": 16.190481, "delta": 0.477387}}
{"target": -47.722725713535496, "params": {"C": 67822.38748210338, "gamma": 0.06548862610629604}, "datetime": {"datetime": "2021-10-04 11:52:53", "elapsed": 16.644482, "delta": 0.454001}}
