{"target": -35.80363546995706, "params": {"C": 7251.130779915544, "gamma": 0.009642668193213577}, "datetime": {"datetime": "2021-09-28 19:06:56", "elapsed": 59.964801, "delta": 0.648384}}
{"target": -34.78436011516318, "params": {"C": 7812.329118464077, "gamma": 0.0544755783431261}, "datetime": {"datetime": "2021-09-28 19:06:57", "elapsed": 60.569567, "delta": 0.604766}}
{"target": -36.451904533771064, "params": {"C": 8597.223687415948, "gamma": 0.13650372670600106}, "datetime": {"datetime": "2021-09-28 19:06:57", "elapsed": 61.168188, "delta": 0.598621}}
{"target": -36.67745479734751, "params": {"C": 7102.589635446595, "gamma": 0.005116191558398015}, "datetime": {"datetime": "2021-09-28 19:06:58", "elapsed": 62.020298, "delta": 0.85211}}
{"target": -34.57524826916052, "params": {"C": 7250.4241217760355, "gamma": 0.04267933384288155}, "datetime": {"datetime": "2021-09-28 19:06:59", "elapsed": 62.619074, "delta": 0.598776}}
{"target": -35.578303993456615, "params": {"C": 7523.834323858756, "gamma": 0.09006426739573593}, "datetime": {"datetime": "2021-09-28 19:06:59", "elapsed": 63.350707, "delta": 0.731633}}
{"target": -35.459564554839154, "params": {"C": 7102.565224695399, "gamma": 0.08615116051339138}, "datetime": {"datetime": "2021-09-28 19:07:00", "elapsed": 64.236318, "delta": 0.885611}}
{"target": -36.371928608668256, "params": {"C": 7217.628626310288, "gamma": 0.006485656367055668}, "datetime": {"datetime": "2021-09-28 19:07:01", "elapsed": 64.874513, "delta": 0.638195}}
{"target": -35.07983029064581, "params": {"C": 8462.335343907884, "gamma": 0.013179930854557879}, "datetime": {"datetime": "2021-09-28 19:07:02", "elapsed": 65.670339, "delta": 0.795826}}
{"target": -34.692579303069095, "params": {"C": 7217.617483799175, "gamma": 0.05011435732299761}, "datetime": {"datetime": "2021-09-28 19:07:02", "elapsed": 66.403116, "delta": 0.732777}}
{"target": -35.35682945632142, "params": {"C": 7648.58217237368, "gamma": 0.07934668817136356}, "datetime": {"datetime": "2021-09-28 19:07:03", "elapsed": 67.076195, "delta": 0.673079}}
{"target": -35.419049069074134, "params": {"C": 7648.580204930345, "gamma": 0.08211898129254165}, "datetime": {"datetime": "2021-09-28 19:07:04", "elapsed": 67.685113, "delta": 0.608918}}
{"target": -34.41653519415531, "params": {"C": 8633.81755851586, "gamma": 0.025514724957836753}, "datetime": {"datetime": "2021-09-28 19:07:04", "elapsed": 68.333791, "delta": 0.648678}}
{"target": -34.451544202676985, "params": {"C": 7667.6261892258635, "gamma": 0.0326424753102319}, "datetime": {"datetime": "2021-09-28 19:07:05", "elapsed": 69.109703, "delta": 0.775912}}
{"target": -36.60800408452455, "params": {"C": 7382.078344687655, "gamma": 0.005319087332531204}, "datetime": {"datetime": "2021-09-28 19:07:06", "elapsed": 70.376248, "delta": 1.266545}}
{"target": -35.18627147551131, "params": {"C": 8633.791308383195, "gamma": 0.012252419379959183}, "datetime": {"datetime": "2021-09-28 19:07:07", "elapsed": 71.134227, "delta": 0.757979}}
{"target": -35.39513440681096, "params": {"C": 8645.892050655624, "gamma": 0.07770462664592244}, "datetime": {"datetime": "2021-09-28 19:07:08", "elapsed": 72.218942, "delta": 1.084715}}
{"target": -35.038024490215406, "params": {"C": 8157.639910865844, "gamma": 0.06455838550353821}, "datetime": {"datetime": "2021-09-28 19:07:09", "elapsed": 72.86949, "delta": 0.650548}}
{"target": -35.19267329766296, "params": {"C": 8317.572850530518, "gamma": 0.07033157960661864}, "datetime": {"datetime": "2021-09-28 19:07:10", "elapsed": 73.556041, "delta": 0.686551}}
{"target": -36.05706253699123, "params": {"C": 7327.054532183924, "gamma": 0.11723924126239384}, "datetime": {"datetime": "2021-09-28 19:07:10", "elapsed": 74.243273, "delta": 0.687232}}
{"target": -34.70038653211293, "params": {"C": 7697.540257755085, "gamma": 0.049879540632950733}, "datetime": {"datetime": "2021-09-28 19:07:11", "elapsed": 74.898295, "delta": 0.655022}}
{"target": -34.5168947316389, "params": {"C": 7382.123081207267, "gamma": 0.02385662100150209}, "datetime": {"datetime": "2021-09-28 19:07:12", "elapsed": 75.76611, "delta": 0.867815}}
{"target": -35.15497214275232, "params": {"C": 8789.684941255771, "gamma": 0.06758471748086632}, "datetime": {"datetime": "2021-09-28 19:07:13", "elapsed": 76.691996, "delta": 0.925886}}
{"target": -34.74037070284709, "params": {"C": 8512.743892122593, "gamma": 0.05107057434198624}, "datetime": {"datetime": "2021-09-28 19:07:14", "elapsed": 77.609368, "delta": 0.917372}}
{"target": -35.168699457759104, "params": {"C": 7102.611239447196, "gamma": 0.07301039916582969}, "datetime": {"datetime": "2021-09-28 19:07:14", "elapsed": 78.468218, "delta": 0.85885}}
{"target": -36.07354370735105, "params": {"C": 8737.956252212458, "gamma": 0.11105784139138819}, "datetime": {"datetime": "2021-09-28 19:07:15", "elapsed": 79.096273, "delta": 0.628055}}
{"target": -35.89996405376208, "params": {"C": 8089.034221217153, "gamma": 0.10420121403991614}, "datetime": {"datetime": "2021-09-28 19:07:16", "elapsed": 79.800369, "delta": 0.704096}}
{"target": -35.25826446800943, "params": {"C": 8963.261741768338, "gamma": 0.07120877216270115}, "datetime": {"datetime": "2021-09-28 19:07:16", "elapsed": 80.487811, "delta": 0.687442}}
{"target": -35.70481956969785, "params": {"C": 7431.770589687716, "gamma": 0.09687222607725796}, "datetime": {"datetime": "2021-09-28 19:07:17", "elapsed": 81.155659, "delta": 0.667848}}
{"target": -34.63452810898913, "params": {"C": 8056.951604634688, "gamma": 0.01844450639037093}, "datetime": {"datetime": "2021-09-28 19:07:18", "elapsed": 81.934626, "delta": 0.778967}}
{"target": -36.60522218729124, "params": {"C": 8915.322995408873, "gamma": 0.1451540843478099}, "datetime": {"datetime": "2021-09-28 19:07:19", "elapsed": 82.620608, "delta": 0.685982}}
{"target": -34.703296981900756, "params": {"C": 7217.636436773408, "gamma": 0.050794703666628596}, "datetime": {"datetime": "2021-09-28 19:07:19", "elapsed": 83.42793, "delta": 0.807322}}
{"target": -36.31844226420744, "params": {"C": 7129.5503707466805, "gamma": 0.13604446133858464}, "datetime": {"datetime": "2021-09-28 19:07:20", "elapsed": 84.109322, "delta": 0.681392}}
{"target": -34.485013896715145, "params": {"C": 8757.741768877808, "gamma": 0.035447154836088506}, "datetime": {"datetime": "2021-09-28 19:07:21", "elapsed": 84.909379, "delta": 0.800057}}
{"target": -36.68800910305842, "params": {"C": 8599.597883324213, "gamma": 0.1531705625281367}, "datetime": {"datetime": "2021-09-28 19:07:22", "elapsed": 85.574977, "delta": 0.665598}}
{"target": -34.840798563073264, "params": {"C": 8274.09995012875, "gamma": 0.05650721826291462}, "datetime": {"datetime": "2021-09-28 19:07:22", "elapsed": 86.502896, "delta": 0.927919}}
{"target": -34.4742852178718, "params": {"C": 8789.713058732568, "gamma": 0.03476529377146331}, "datetime": {"datetime": "2021-09-28 19:07:23", "elapsed": 87.23339, "delta": 0.730494}}
{"target": -35.5684330045792, "params": {"C": 7560.309969435693, "gamma": 0.08942974363583817}, "datetime": {"datetime": "2021-09-28 19:07:24", "elapsed": 87.93929, "delta": 0.7059}}
{"target": -36.0321177180648, "params": {"C": 7873.901067167923, "gamma": 0.11295954809807127}, "datetime": {"datetime": "2021-09-28 19:07:25", "elapsed": 88.617029, "delta": 0.677739}}
{"target": -36.18479517992513, "params": {"C": 8856.168301613687, "gamma": 0.1176526551369683}, "datetime": {"datetime": "2021-09-28 19:07:25", "elapsed": 89.351776, "delta": 0.734747}}
{"target": -34.654421180227935, "params": {"C": 8017.052469408641, "gamma": 0.01816096953140825}, "datetime": {"datetime": "2021-09-28 19:07:26", "elapsed": 90.243113, "delta": 0.891337}}
{"target": -35.45645746721062, "params": {"C": 7382.091563715172, "gamma": 0.08485721882825345}, "datetime": {"datetime": "2021-09-28 19:07:27", "elapsed": 91.004515, "delta": 0.761402}}
{"target": -35.34434368922343, "params": {"C": 8111.28338138852, "gamma": 0.011675463494687618}, "datetime": {"datetime": "2021-09-28 19:07:28", "elapsed": 91.991986, "delta": 0.987471}}
{"target": -34.524970101204985, "params": {"C": 7667.647570432224, "gamma": 0.022733505459758364}, "datetime": {"datetime": "2021-09-28 19:07:29", "elapsed": 92.882244, "delta": 0.890258}}
{"target": -34.62149220104603, "params": {"C": 7102.530888916951, "gamma": 0.04579403634530582}, "datetime": {"datetime": "2021-09-28 19:07:30", "elapsed": 93.976053, "delta": 1.093809}}
{"target": -34.9251521110892, "params": {"C": 7113.69367908797, "gamma": 0.0626855130109015}, "datetime": {"datetime": "2021-09-28 19:07:31", "elapsed": 94.752327, "delta": 0.776274}}
{"target": -34.961519769967495, "params": {"C": 7293.0214331228235, "gamma": 0.06370751403040739}, "datetime": {"datetime": "2021-09-28 19:07:31", "elapsed": 95.497144, "delta": 0.744817}}
{"target": -34.48417270162813, "params": {"C": 7942.9158470595, "gamma": 0.023856361592062773}, "datetime": {"datetime": "2021-09-28 19:07:32", "elapsed": 96.358387, "delta": 0.861243}}
{"target": -34.6632880516156, "params": {"C": 8056.971500508789, "gamma": 0.0470769977515557}, "datetime": {"datetime": "2021-09-28 19:07:33", "elapsed": 97.367585, "delta": 1.009198}}
{"target": -35.2983319235253, "params": {"C": 8757.75122368006, "gamma": 0.07337946940755277}, "datetime": {"datetime": "2021-09-28 19:07:34", "elapsed": 98.422409, "delta": 1.054824}}
{"target": -36.4373207098927, "params": {"C": 8512.726486358446, "gamma": 0.0056288987228308544}, "datetime": {"datetime": "2021-09-28 19:07:36", "elapsed": 99.611398, "delta": 1.188989}}
{"target": -36.56720676189671, "params": {"C": 7440.905240843473, "gamma": 0.15220542465249118}, "datetime": {"datetime": "2021-09-28 19:07:36", "elapsed": 100.382004, "delta": 0.770606}}
{"target": -35.00710494514587, "params": {"C": 7382.052189336095, "gamma": 0.06534530021780896}, "datetime": {"datetime": "2021-09-28 19:07:37", "elapsed": 101.233674, "delta": 0.85167}}
{"target": -34.77958201347099, "params": {"C": 8111.231132584298, "gamma": 0.05371877381207702}, "datetime": {"datetime": "2021-09-28 19:07:38", "elapsed": 102.034921, "delta": 0.801247}}
{"target": -34.836829351348406, "params": {"C": 8056.952909712691, "gamma": 0.015616832732110512}, "datetime": {"datetime": "2021-09-28 19:07:39", "elapsed": 102.852761, "delta": 0.81784}}
{"target": -35.7462060888705, "params": {"C": 7829.333979363133, "gamma": 0.09713321482012335}, "datetime": {"datetime": "2021-09-28 19:07:40", "elapsed": 103.690992, "delta": 0.838231}}
{"target": -36.12968536294156, "params": {"C": 8462.417498289688, "gamma": 0.0072211329449506706}, "datetime": {"datetime": "2021-09-28 19:07:41", "elapsed": 104.62073, "delta": 0.929738}}
{"target": -35.806925389091965, "params": {"C": 8032.141633994624, "gamma": 0.09937246714146729}, "datetime": {"datetime": "2021-09-28 19:07:41", "elapsed": 105.41551, "delta": 0.79478}}
{"target": -34.731620375517444, "params": {"C": 8210.271291254445, "gamma": 0.051090951787825675}, "datetime": {"datetime": "2021-09-28 19:07:42", "elapsed": 106.188303, "delta": 0.772793}}
{"target": -35.65702353029468, "params": {"C": 8123.364822097552, "gamma": 0.09135494512623707}, "datetime": {"datetime": "2021-09-28 19:07:43", "elapsed": 106.934207, "delta": 0.745904}}
{"target": -34.41731524817182, "params": {"C": 8443.676114708413, "gamma": 0.02608481983431927}, "datetime": {"datetime": "2021-09-28 19:07:44", "elapsed": 107.733046, "delta": 0.798839}}
{"target": -34.54751559516417, "params": {"C": 8443.651949141238, "gamma": 0.039551053326841536}, "datetime": {"datetime": "2021-09-28 19:07:45", "elapsed": 108.879449, "delta": 1.146403}}
{"target": -34.530287102593036, "params": {"C": 7250.3957990668105, "gamma": 0.023610429621749914}, "datetime": {"datetime": "2021-09-28 19:07:46", "elapsed": 109.845621, "delta": 0.966172}}
{"target": -34.55059675696336, "params": {"C": 8111.247356927403, "gamma": 0.020759196436120123}, "datetime": {"datetime": "2021-09-28 19:07:47", "elapsed": 110.836303, "delta": 0.990682}}
{"target": -34.71093206715369, "params": {"C": 7942.902111847883, "gamma": 0.05018352773515644}, "datetime": {"datetime": "2021-09-28 19:07:48", "elapsed": 112.060686, "delta": 1.224383}}
{"target": -36.62597296754471, "params": {"C": 7318.021805530041, "gamma": 0.15761729211406134}, "datetime": {"datetime": "2021-09-28 19:07:49", "elapsed": 112.942098, "delta": 0.881412}}
{"target": -34.6941533548759, "params": {"C": 8017.104551093814, "gamma": 0.04903739764863557}, "datetime": {"datetime": "2021-09-28 19:07:50", "elapsed": 113.95351, "delta": 1.011412}}
{"target": -36.66882803119414, "params": {"C": 8941.205688331738, "gamma": 0.1496948014763742}, "datetime": {"datetime": "2021-09-28 19:07:51", "elapsed": 114.816466, "delta": 0.862956}}
{"target": -34.46541098189827, "params": {"C": 8645.874720491238, "gamma": 0.03435205830195101}, "datetime": {"datetime": "2021-09-28 19:07:52", "elapsed": 115.835007, "delta": 1.018541}}
{"target": -36.02898770245056, "params": {"C": 8645.895981172249, "gamma": 0.007654477671078576}, "datetime": {"datetime": "2021-09-28 19:07:53", "elapsed": 117.435151, "delta": 1.600144}}
{"target": -34.940680797649215, "params": {"C": 7667.615043064645, "gamma": 0.06188764520817524}, "datetime": {"datetime": "2021-09-28 19:07:54", "elapsed": 118.487668, "delta": 1.052517}}
{"target": -36.02728344260963, "params": {"C": 8631.494568414895, "gamma": 0.1088015960570581}, "datetime": {"datetime": "2021-09-28 19:07:55", "elapsed": 119.379856, "delta": 0.892188}}
{"target": -34.51902532209854, "params": {"C": 7102.637572665995, "gamma": 0.038770433821141315}, "datetime": {"datetime": "2021-09-28 19:07:56", "elapsed": 120.494395, "delta": 1.114539}}
{"target": -34.82518864306822, "params": {"C": 8136.540061918425, "gamma": 0.015644600871761078}, "datetime": {"datetime": "2021-09-28 19:07:57", "elapsed": 121.486757, "delta": 0.992362}}
{"target": -34.76237817015108, "params": {"C": 8633.828688304515, "gamma": 0.052023173788949544}, "datetime": {"datetime": "2021-09-28 19:07:59", "elapsed": 122.582048, "delta": 1.095291}}
{"target": -34.93761969745784, "params": {"C": 8017.055395457572, "gamma": 0.06092034293514167}, "datetime": {"datetime": "2021-09-28 19:08:00", "elapsed": 123.690879, "delta": 1.108831}}
{"target": -35.164869086296065, "params": {"C": 8462.407272185634, "gamma": 0.06882079537220123}, "datetime": {"datetime": "2021-09-28 19:08:01", "elapsed": 125.257737, "delta": 1.566858}}
{"target": -34.603217391157514, "params": {"C": 8534.362080049901, "gamma": 0.04282632226610714}, "datetime": {"datetime": "2021-09-28 19:08:03", "elapsed": 126.643212, "delta": 1.385475}}
{"target": -34.61932371462319, "params": {"C": 8443.651244144568, "gamma": 0.04390736096623484}, "datetime": {"datetime": "2021-09-28 19:08:03", "elapsed": 127.52325, "delta": 0.880038}}
{"target": -34.637580231487455, "params": {"C": 7647.477861853153, "gamma": 0.046034646080824526}, "datetime": {"datetime": "2021-09-28 19:08:04", "elapsed": 128.490604, "delta": 0.967354}}
{"target": -34.461399361528436, "params": {"C": 7523.822453249319, "gamma": 0.026398801165223224}, "datetime": {"datetime": "2021-09-28 19:08:06", "elapsed": 129.694153, "delta": 1.203549}}
{"target": -34.514439284896504, "params": {"C": 8645.842865005607, "gamma": 0.03733898276196218}, "datetime": {"datetime": "2021-09-28 19:08:07", "elapsed": 131.040355, "delta": 1.346202}}
{"target": -36.33218568410806, "params": {"C": 7217.561861556256, "gamma": 0.0066943060970424}, "datetime": {"datetime": "2021-09-28 19:08:08", "elapsed": 132.187205, "delta": 1.14685}}
{"target": -35.46087128120145, "params": {"C": 8462.333623194001, "gamma": 0.010758856657066555}, "datetime": {"datetime": "2021-09-28 19:08:09", "elapsed": 133.091024, "delta": 0.903819}}
{"target": -34.54938451596473, "params": {"C": 8462.353893109044, "gamma": 0.03964464774166782}, "datetime": {"datetime": "2021-09-28 19:08:10", "elapsed": 134.446345, "delta": 1.355321}}
{"target": -36.54670491872181, "params": {"C": 8665.341319004288, "gamma": 0.14254422966708788}, "datetime": {"datetime": "2021-09-28 19:08:11", "elapsed": 135.287224, "delta": 0.840879}}
{"target": -34.69218534086427, "params": {"C": 8645.883076584734, "gamma": 0.048089217423467605}, "datetime": {"datetime": "2021-09-28 19:08:13", "elapsed": 136.850358, "delta": 1.563134}}
{"target": -36.16616598452667, "params": {"C": 7251.20450399489, "gamma": 0.007604462159622857}, "datetime": {"datetime": "2021-09-28 19:08:14", "elapsed": 137.878295, "delta": 1.027937}}
{"target": -36.248742014783474, "params": {"C": 7621.8395419492745, "gamma": 0.12843730249744245}, "datetime": {"datetime": "2021-09-28 19:08:15", "elapsed": 138.800471, "delta": 0.922176}}
{"target": -36.75786694260496, "params": {"C": 8801.699849305141, "gamma": 0.15663993881183383}, "datetime": {"datetime": "2021-09-28 19:08:16", "elapsed": 139.751884, "delta": 0.951413}}
{"target": -35.02583516619168, "params": {"C": 7850.697905227651, "gamma": 0.0648538318999891}, "datetime": {"datetime": "2021-09-28 19:08:17", "elapsed": 140.596471, "delta": 0.844587}}
{"target": -35.09285822193773, "params": {"C": 8274.171214449518, "gamma": 0.06644250067071168}, "datetime": {"datetime": "2021-09-28 19:08:18", "elapsed": 141.833036, "delta": 1.236565}}
{"target": -34.83716739907049, "params": {"C": 7102.644644748398, "gamma": 0.058566694024875486}, "datetime": {"datetime": "2021-09-28 19:08:19", "elapsed": 142.991101, "delta": 1.158065}}
{"target": -34.56139670884826, "params": {"C": 7523.813552603942, "gamma": 0.04146159528012702}, "datetime": {"datetime": "2021-09-28 19:08:20", "elapsed": 144.426581, "delta": 1.43548}}
{"target": -34.7306167559702, "params": {"C": 8645.939753777377, "gamma": 0.05032157297241234}, "datetime": {"datetime": "2021-09-28 19:08:22", "elapsed": 145.896769, "delta": 1.470188}}
{"target": -34.647579669108154, "params": {"C": 7049.242145133404, "gamma": 0.019793518379715592}, "datetime": {"datetime": "2021-09-28 19:08:23", "elapsed": 146.814595, "delta": 0.917826}}
{"target": -36.59877528748469, "params": {"C": 7695.70818369895, "gamma": 0.1528153153269499}, "datetime": {"datetime": "2021-09-28 19:08:24", "elapsed": 147.779978, "delta": 0.965383}}
{"target": -34.46099561574664, "params": {"C": 8512.794266060831, "gamma": 0.023494509482432098}, "datetime": {"datetime": "2021-09-28 19:08:25", "elapsed": 149.408776, "delta": 1.628798}}
{"target": -36.45007948633725, "params": {"C": 7942.453798258742, "gamma": 0.14038703913599634}, "datetime": {"datetime": "2021-09-28 19:08:26", "elapsed": 150.302384, "delta": 0.893608}}
{"target": -36.53057980894934, "params": {"C": 8018.025397263527, "gamma": 0.005411020800586445}, "datetime": {"datetime": "2021-09-28 19:08:27", "elapsed": 151.245988, "delta": 0.943604}}
{"target": -35.25227405085664, "params": {"C": 7102.610257101421, "gamma": 0.07666430029477242}, "datetime": {"datetime": "2021-09-28 19:08:28", "elapsed": 152.266282, "delta": 1.020294}}
{"target": -36.52701321690057, "params": {"C": 7462.055200294593, "gamma": 0.14911927313223036}, "datetime": {"datetime": "2021-09-28 19:08:29", "elapsed": 153.258586, "delta": 0.992304}}
{"target": -35.50792947761928, "params": {"C": 7523.861946812972, "gamma": 0.011161445055469628}, "datetime": {"datetime": "2021-09-28 19:08:31", "elapsed": 154.856541, "delta": 1.597955}}
{"target": -34.45320461275573, "params": {"C": 8591.969897440775, "gamma": 0.03364950042927433}, "datetime": {"datetime": "2021-09-28 19:08:32", "elapsed": 156.149233, "delta": 1.292692}}
{"target": -35.14847367555806, "params": {"C": 8863.393558183816, "gamma": 0.0671471674088293}, "datetime": {"datetime": "2021-09-28 19:08:33", "elapsed": 157.149493, "delta": 1.00026}}
{"target": -35.33444039531339, "params": {"C": 8111.0283589677965, "gamma": 0.07682414344047139}, "datetime": {"datetime": "2021-09-28 19:08:34", "elapsed": 158.064832, "delta": 0.915339}}
{"target": -34.55568548083331, "params": {"C": 8056.900778745399, "gamma": 0.02068866709551804}, "datetime": {"datetime": "2021-09-28 19:08:35", "elapsed": 159.223086, "delta": 1.158254}}
{"target": -36.23871133740222, "params": {"C": 8009.135661117739, "gamma": 0.12556784865277393}, "datetime": {"datetime": "2021-09-28 19:08:36", "elapsed": 160.194641, "delta": 0.971555}}
{"target": -36.71822391661571, "params": {"C": 8124.078495687487, "gamma": 0.15840196771937257}, "datetime": {"datetime": "2021-09-28 19:08:37", "elapsed": 161.095798, "delta": 0.901157}}
{"target": -34.45983587354859, "params": {"C": 7990.082658585139, "gamma": 0.03437694786385076}, "datetime": {"datetime": "2021-09-28 19:08:38", "elapsed": 162.388638, "delta": 1.29284}}
{"target": -34.998395362512966, "params": {"C": 7990.058059124732, "gamma": 0.06339952669395245}, "datetime": {"datetime": "2021-09-28 19:08:40", "elapsed": 163.579716, "delta": 1.191078}}
{"target": -36.581434649923935, "params": {"C": 7990.084498745305, "gamma": 0.005197210409406634}, "datetime": {"datetime": "2021-09-28 19:08:41", "elapsed": 164.795336, "delta": 1.21562}}
{"target": -34.798780668114276, "params": {"C": 7692.1151996703, "gamma": 0.05542645060783255}, "datetime": {"datetime": "2021-09-28 19:08:42", "elapsed": 165.782003, "delta": 0.986667}}
{"target": -34.65768066455565, "params": {"C": 7556.144583037298, "gamma": 0.04741364678560734}, "datetime": {"datetime": "2021-09-28 19:08:43", "elapsed": 167.01232, "delta": 1.230317}}
{"target": -34.42568330750461, "params": {"C": 8462.369510745682, "gamma": 0.025482971543550663}, "datetime": {"datetime": "2021-09-28 19:08:44", "elapsed": 168.219589, "delta": 1.207269}}
{"target": -35.47646536543726, "params": {"C": 7432.329401545049, "gamma": 0.08558932824176933}, "datetime": {"datetime": "2021-09-28 19:08:45", "elapsed": 169.193469, "delta": 0.97388}}
{"target": -35.98852913486205, "params": {"C": 7667.611314683615, "gamma": 0.008354691446392042}, "datetime": {"datetime": "2021-09-28 19:08:46", "elapsed": 170.467248, "delta": 1.273779}}
