{"target": -35.17368036246445, "params": {"C": 34759.992438448346, "gamma": 0.008969560724087316}, "datetime": {"datetime": "2021-09-29 08:52:39", "elapsed": 43.701342, "delta": 0.485417}}
{"target": -35.632032095268336, "params": {"C": 31320.57227423003, "gamma": 0.05010294305646607}, "datetime": {"datetime": "2021-09-29 08:52:40", "elapsed": 44.193343, "delta": 0.492001}}
{"target": -34.51536521094382, "params": {"C": 34826.98973030032, "gamma": 0.02116064412668042}, "datetime": {"datetime": "2021-09-29 08:52:40", "elapsed": 44.696346, "delta": 0.503003}}
{"target": -35.47366282771333, "params": {"C": 30559.538066553105, "gamma": 0.047434310500604156}, "datetime": {"datetime": "2021-09-29 08:52:41", "elapsed": 45.201343, "delta": 0.504997}}
{"target": -36.04195791838337, "params": {"C": 34765.04192624642, "gamma": 0.05583362613741474}, "datetime": {"datetime": "2021-09-29 08:52:41", "elapsed": 45.686861, "delta": 0.485518}}
{"target": -36.83279576657639, "params": {"C": 31377.949710332916, "gamma": 0.07895424891788448}, "datetime": {"datetime": "2021-09-29 08:52:42", "elapsed": 46.20786, "delta": 0.520999}}
{"target": -37.085087508195144, "params": {"C": 34945.80301880571, "gamma": 0.07997476903118537}, "datetime": {"datetime": "2021-09-29 08:52:42", "elapsed": 46.68986, "delta": 0.482}}
{"target": -34.78321538738184, "params": {"C": 31712.095241986066, "gamma": 0.031827598434447}, "datetime": {"datetime": "2021-09-29 08:52:43", "elapsed": 47.18651, "delta": 0.49665}}
{"target": -35.63074869534701, "params": {"C": 32660.46593755421, "gamma": 0.04904350246880736}, "datetime": {"datetime": "2021-09-29 08:52:43", "elapsed": 47.702208, "delta": 0.515698}}
{"target": -34.6072106155948, "params": {"C": 32332.50648013441, "gamma": 0.014267012382642198}, "datetime": {"datetime": "2021-09-29 08:52:44", "elapsed": 48.312206, "delta": 0.609998}}
{"target": -36.73689515370806, "params": {"C": 32663.898819370417, "gamma": 0.0746312225867983}, "datetime": {"datetime": "2021-09-29 08:52:44", "elapsed": 48.808206, "delta": 0.496}}
{"target": -34.97780912424837, "params": {"C": 32280.065053403032, "gamma": 0.036114744564152104}, "datetime": {"datetime": "2021-09-29 08:52:45", "elapsed": 49.344207, "delta": 0.536001}}
{"target": -35.922781488607754, "params": {"C": 33424.92395692465, "gamma": 0.005553324745387297}, "datetime": {"datetime": "2021-09-29 08:52:45", "elapsed": 49.850933, "delta": 0.506726}}
{"target": -36.423192086706386, "params": {"C": 32076.931805162447, "gamma": 0.06765384406274746}, "datetime": {"datetime": "2021-09-29 08:52:46", "elapsed": 50.428931, "delta": 0.577998}}
{"target": -35.709763418527174, "params": {"C": 33988.733332531476, "gamma": 0.04967681056834497}, "datetime": {"datetime": "2021-09-29 08:52:47", "elapsed": 50.97293, "delta": 0.543999}}
{"target": -36.82877225866669, "params": {"C": 30676.877822515307, "gamma": 0.07997262857400808}, "datetime": {"datetime": "2021-09-29 08:52:47", "elapsed": 51.534077, "delta": 0.561147}}
{"target": -35.0236472458156, "params": {"C": 32810.04493908142, "gamma": 0.036927921570995434}, "datetime": {"datetime": "2021-09-29 08:52:48", "elapsed": 52.266786, "delta": 0.732709}}
{"target": -34.70131444226102, "params": {"C": 34701.07480320543, "gamma": 0.028541944176319417}, "datetime": {"datetime": "2021-09-29 08:52:49", "elapsed": 52.964789, "delta": 0.698003}}
{"target": -34.61332560643892, "params": {"C": 32593.822993789418, "gamma": 0.02588347080183907}, "datetime": {"datetime": "2021-09-29 08:52:49", "elapsed": 53.577838, "delta": 0.613049}}
{"target": -36.061667970642105, "params": {"C": 33897.059597146894, "gamma": 0.05704459692123947}, "datetime": {"datetime": "2021-09-29 08:52:50", "elapsed": 54.192835, "delta": 0.614997}}
{"target": -35.58810191006489, "params": {"C": 30178.11131990076, "gamma": 0.05009939886657885}, "datetime": {"datetime": "2021-09-29 08:52:50", "elapsed": 54.816831, "delta": 0.623996}}
{"target": -35.04208495171474, "params": {"C": 31987.812845023072, "gamma": 0.03776658194564901}, "datetime": {"datetime": "2021-09-29 08:52:51", "elapsed": 55.427835, "delta": 0.611004}}
{"target": -34.563300579914774, "params": {"C": 33725.01480670888, "gamma": 0.023748431709153084}, "datetime": {"datetime": "2021-09-29 08:52:52", "elapsed": 56.087483, "delta": 0.659648}}
{"target": -35.22126587185054, "params": {"C": 30546.679938084817, "gamma": 0.04260283436483836}, "datetime": {"datetime": "2021-09-29 08:52:52", "elapsed": 56.685474, "delta": 0.597991}}
{"target": -35.83566526684173, "params": {"C": 32848.62065236809, "gamma": 0.05307329267875746}, "datetime": {"datetime": "2021-09-29 08:52:53", "elapsed": 57.29135, "delta": 0.605876}}
{"target": -35.84378221288313, "params": {"C": 34850.53138391695, "gamma": 0.05164817846005469}, "datetime": {"datetime": "2021-09-29 08:52:54", "elapsed": 57.991528, "delta": 0.700178}}
{"target": -34.57658460135745, "params": {"C": 33399.210843859364, "gamma": 0.024327702429193594}, "datetime": {"datetime": "2021-09-29 08:52:54", "elapsed": 58.707529, "delta": 0.716001}}
{"target": -35.31267025513574, "params": {"C": 30717.918252243173, "gamma": 0.008475672225698352}, "datetime": {"datetime": "2021-09-29 08:52:55", "elapsed": 59.437529, "delta": 0.73}}
{"target": -36.983264222778736, "params": {"C": 33943.085524826936, "gamma": 0.07887775931896616}, "datetime": {"datetime": "2021-09-29 08:52:56", "elapsed": 60.274689, "delta": 0.83716}}
{"target": -35.30171391946862, "params": {"C": 34371.05724430465, "gamma": 0.041767332983525}, "datetime": {"datetime": "2021-09-29 08:52:57", "elapsed": 60.926685, "delta": 0.651996}}
{"target": -34.61189061334786, "params": {"C": 32214.383965412428, "gamma": 0.02590250536835885}, "datetime": {"datetime": "2021-09-29 08:52:57", "elapsed": 61.588267, "delta": 0.661582}}
{"target": -36.66535569338411, "params": {"C": 31437.965707550124, "gamma": 0.07450129500896517}, "datetime": {"datetime": "2021-09-29 08:52:58", "elapsed": 62.256862, "delta": 0.668595}}
{"target": -35.637444974613885, "params": {"C": 30396.367940229415, "gamma": 0.05097685859130593}, "datetime": {"datetime": "2021-09-29 08:52:59", "elapsed": 62.891865, "delta": 0.635003}}
{"target": -35.743215169657894, "params": {"C": 34912.52189686791, "gamma": 0.006248388189066624}, "datetime": {"datetime": "2021-09-29 08:52:59", "elapsed": 63.568068, "delta": 0.676203}}
{"target": -36.55316820930242, "params": {"C": 34852.1328626303, "gamma": 0.06772717429470741}, "datetime": {"datetime": "2021-09-29 08:53:00", "elapsed": 64.251066, "delta": 0.682998}}
{"target": -35.88449694763234, "params": {"C": 31087.287628328344, "gamma": 0.05568177102059613}, "datetime": {"datetime": "2021-09-29 08:53:01", "elapsed": 65.157068, "delta": 0.906002}}
{"target": -34.6521150748507, "params": {"C": 31717.81358623481, "gamma": 0.0274974475770112}, "datetime": {"datetime": "2021-09-29 08:53:02", "elapsed": 65.916264, "delta": 0.759196}}
{"target": -36.755216883900374, "params": {"C": 31273.290151566423, "gamma": 0.07706873858595027}, "datetime": {"datetime": "2021-09-29 08:53:02", "elapsed": 66.668262, "delta": 0.751998}}
{"target": -34.48182557211375, "params": {"C": 31946.439582122784, "gamma": 0.018414450015481525}, "datetime": {"datetime": "2021-09-29 08:53:03", "elapsed": 67.450069, "delta": 0.781807}}
{"target": -36.08950898984357, "params": {"C": 34879.36989970716, "gamma": 0.05678989097115436}, "datetime": {"datetime": "2021-09-29 08:53:04", "elapsed": 68.206705, "delta": 0.756636}}
{"target": -35.273977391331734, "params": {"C": 31026.97738200253, "gamma": 0.043267472279280156}, "datetime": {"datetime": "2021-09-29 08:53:05", "elapsed": 69.086706, "delta": 0.880001}}
{"target": -34.58232136581183, "params": {"C": 34948.99808868546, "gamma": 0.02429613185199803}, "datetime": {"datetime": "2021-09-29 08:53:06", "elapsed": 70.000354, "delta": 0.913648}}
{"target": -35.92630550889405, "params": {"C": 33799.0337541856, "gamma": 0.05416862689284891}, "datetime": {"datetime": "2021-09-29 08:53:06", "elapsed": 70.697352, "delta": 0.696998}}
{"target": -36.37555681562776, "params": {"C": 33269.771509059225, "gamma": 0.06519789442610592}, "datetime": {"datetime": "2021-09-29 08:53:07", "elapsed": 71.544354, "delta": 0.847002}}
{"target": -36.68253895997722, "params": {"C": 32625.975536839498, "gamma": 0.07339400526726884}, "datetime": {"datetime": "2021-09-29 08:53:08", "elapsed": 72.340342, "delta": 0.795988}}
{"target": -35.22258146981473, "params": {"C": 34508.06709833935, "gamma": 0.04033239735665152}, "datetime": {"datetime": "2021-09-29 08:53:09", "elapsed": 73.233347, "delta": 0.893005}}
{"target": -34.96161898230302, "params": {"C": 31343.720064123492, "gamma": 0.010832528253336894}, "datetime": {"datetime": "2021-09-29 08:53:10", "elapsed": 74.072478, "delta": 0.839131}}
{"target": -36.56913054214349, "params": {"C": 34698.748950848916, "gamma": 0.0682758171060925}, "datetime": {"datetime": "2021-09-29 08:53:10", "elapsed": 74.848484, "delta": 0.776006}}
{"target": -34.530952342757416, "params": {"C": 34088.1526063809, "gamma": 0.02212720429212684}, "datetime": {"datetime": "2021-09-29 08:53:11", "elapsed": 75.570481, "delta": 0.721997}}
{"target": -34.867537064781665, "params": {"C": 31409.86404816153, "gamma": 0.03392836819172721}, "datetime": {"datetime": "2021-09-29 08:53:12", "elapsed": 76.268635, "delta": 0.698154}}
{"target": -34.63816086454591, "params": {"C": 30706.445264036407, "gamma": 0.027205459623241914}, "datetime": {"datetime": "2021-09-29 08:53:13", "elapsed": 77.099293, "delta": 0.830658}}
{"target": -34.81216508142687, "params": {"C": 33962.251604332254, "gamma": 0.0315715874372467}, "datetime": {"datetime": "2021-09-29 08:53:13", "elapsed": 77.813467, "delta": 0.714174}}
{"target": -34.48900012606389, "params": {"C": 31563.49538372739, "gamma": 0.019029605552274134}, "datetime": {"datetime": "2021-09-29 08:53:14", "elapsed": 78.672473, "delta": 0.859006}}
{"target": -35.88167468513443, "params": {"C": 34280.46125611714, "gamma": 0.05284975579244941}, "datetime": {"datetime": "2021-09-29 08:53:15", "elapsed": 79.369466, "delta": 0.696993}}
{"target": -34.675468797844, "params": {"C": 30296.181928233575, "gamma": 0.02867735002327222}, "datetime": {"datetime": "2021-09-29 08:53:16", "elapsed": 80.118853, "delta": 0.749387}}
{"target": -34.63278406751213, "params": {"C": 33370.545147675795, "gamma": 0.02645105651374991}, "datetime": {"datetime": "2021-09-29 08:53:17", "elapsed": 80.964857, "delta": 0.846004}}
{"target": -35.62956918856248, "params": {"C": 34710.83451327757, "gamma": 0.04757004254317534}, "datetime": {"datetime": "2021-09-29 08:53:17", "elapsed": 81.671569, "delta": 0.706712}}
{"target": -34.902475637727306, "params": {"C": 30484.70439406468, "gamma": 0.03521003379161038}, "datetime": {"datetime": "2021-09-29 08:53:18", "elapsed": 82.392915, "delta": 0.721346}}
{"target": -36.25740673920072, "params": {"C": 31550.662196811278, "gamma": 0.06433817014829213}, "datetime": {"datetime": "2021-09-29 08:53:19", "elapsed": 83.127912, "delta": 0.734997}}
{"target": -34.578687753731806, "params": {"C": 30001.39839600226, "gamma": 0.024951874190538792}, "datetime": {"datetime": "2021-09-29 08:53:20", "elapsed": 83.881201, "delta": 0.753289}}
{"target": -35.92179207700929, "params": {"C": 32822.1652838363, "gamma": 0.054913238486607285}, "datetime": {"datetime": "2021-09-29 08:53:20", "elapsed": 84.638203, "delta": 0.757002}}
{"target": -36.22530893400454, "params": {"C": 30937.815561452247, "gamma": 0.06424778010977995}, "datetime": {"datetime": "2021-09-29 08:53:21", "elapsed": 85.408201, "delta": 0.769998}}
{"target": -36.073952159693064, "params": {"C": 34922.623477232046, "gamma": 0.05640376550917848}, "datetime": {"datetime": "2021-09-29 08:53:22", "elapsed": 86.121957, "delta": 0.713756}}
{"target": -35.52375730801624, "params": {"C": 31514.432478496892, "gamma": 0.04773011932280501}, "datetime": {"datetime": "2021-09-29 08:53:22", "elapsed": 86.848726, "delta": 0.726769}}
{"target": -35.08425796218662, "params": {"C": 33240.9986457794, "gamma": 0.00971572924767673}, "datetime": {"datetime": "2021-09-29 08:53:23", "elapsed": 87.626726, "delta": 0.778}}
{"target": -36.0058558033115, "params": {"C": 30991.35409873508, "gamma": 0.0585710987993137}, "datetime": {"datetime": "2021-09-29 08:53:24", "elapsed": 88.377879, "delta": 0.751153}}
{"target": -36.95912768245939, "params": {"C": 33768.63378512164, "gamma": 0.07853582066758598}, "datetime": {"datetime": "2021-09-29 08:53:25", "elapsed": 89.428878, "delta": 1.050999}}
{"target": -36.348141787052164, "params": {"C": 33302.16450318146, "gamma": 0.06453698650599982}, "datetime": {"datetime": "2021-09-29 08:53:26", "elapsed": 90.336048, "delta": 0.90717}}
{"target": -34.60651908012983, "params": {"C": 30843.43908667657, "gamma": 0.02596692412458159}, "datetime": {"datetime": "2021-09-29 08:53:27", "elapsed": 91.091048, "delta": 0.755}}
{"target": -36.23962283661496, "params": {"C": 32153.789948131147, "gamma": 0.06320490868462986}, "datetime": {"datetime": "2021-09-29 08:53:28", "elapsed": 91.87534, "delta": 0.784292}}
{"target": -36.37240911544377, "params": {"C": 31245.147825823056, "gamma": 0.06738959269553975}, "datetime": {"datetime": "2021-09-29 08:53:28", "elapsed": 92.79134, "delta": 0.916}}
{"target": -34.92143361564632, "params": {"C": 32920.28718058389, "gamma": 0.03448989812925375}, "datetime": {"datetime": "2021-09-29 08:53:29", "elapsed": 93.586338, "delta": 0.794998}}
{"target": -35.70135143101105, "params": {"C": 32138.899395059874, "gamma": 0.05091864179060422}, "datetime": {"datetime": "2021-09-29 08:53:30", "elapsed": 94.404566, "delta": 0.818228}}
{"target": -37.00006606268342, "params": {"C": 34058.0893138384, "gamma": 0.0791272959719713}, "datetime": {"datetime": "2021-09-29 08:53:31", "elapsed": 95.173569, "delta": 0.769003}}
{"target": -35.86938232430727, "params": {"C": 34049.960029821865, "gamma": 0.005755802950707521}, "datetime": {"datetime": "2021-09-29 08:53:32", "elapsed": 95.936262, "delta": 0.762693}}
{"target": -35.56651597814371, "params": {"C": 34993.23631705596, "gamma": 0.046178874566199825}, "datetime": {"datetime": "2021-09-29 08:53:32", "elapsed": 96.747718, "delta": 0.811456}}
{"target": -34.46548588669896, "params": {"C": 33022.86380494986, "gamma": 0.016855225984906474}, "datetime": {"datetime": "2021-09-29 08:53:33", "elapsed": 97.792379, "delta": 1.044661}}
{"target": -36.52394082897653, "params": {"C": 31913.569236481948, "gamma": 0.07028751502527163}, "datetime": {"datetime": "2021-09-29 08:53:34", "elapsed": 98.594376, "delta": 0.801997}}
{"target": -35.213669248252565, "params": {"C": 32632.449884278903, "gamma": 0.0412103938842178}, "datetime": {"datetime": "2021-09-29 08:53:35", "elapsed": 99.399376, "delta": 0.805}}
{"target": -35.12162543269889, "params": {"C": 31680.85852103296, "gamma": 0.03983558066322743}, "datetime": {"datetime": "2021-09-29 08:53:36", "elapsed": 100.168874, "delta": 0.769498}}
{"target": -35.686143053828964, "params": {"C": 33859.24502406415, "gamma": 0.006535984230848092}, "datetime": {"datetime": "2021-09-29 08:53:37", "elapsed": 100.920872, "delta": 0.751998}}
{"target": -37.03233860722897, "params": {"C": 34677.89797320738, "gamma": 0.07903856722516184}, "datetime": {"datetime": "2021-09-29 08:53:37", "elapsed": 101.646873, "delta": 0.726001}}
{"target": -34.907581981819405, "params": {"C": 31812.231386773918, "gamma": 0.011232268291834994}, "datetime": {"datetime": "2021-09-29 08:53:38", "elapsed": 102.532108, "delta": 0.885235}}
{"target": -34.57091999463142, "params": {"C": 31116.119459560905, "gamma": 0.024474058802112456}, "datetime": {"datetime": "2021-09-29 08:53:39", "elapsed": 103.298143, "delta": 0.766035}}
{"target": -36.852998899190254, "params": {"C": 31625.782959869455, "gamma": 0.07909940042272433}, "datetime": {"datetime": "2021-09-29 08:53:40", "elapsed": 104.088243, "delta": 0.7901}}
{"target": -34.712308214992724, "params": {"C": 34484.37684323964, "gamma": 0.02895367350935459}, "datetime": {"datetime": "2021-09-29 08:53:41", "elapsed": 104.908789, "delta": 0.820546}}
{"target": -34.48818337329006, "params": {"C": 34749.958844842535, "gamma": 0.01921140173969542}, "datetime": {"datetime": "2021-09-29 08:53:41", "elapsed": 105.768792, "delta": 0.860003}}
{"target": -34.49279016383763, "params": {"C": 33134.84118207828, "gamma": 0.019475854254889576}, "datetime": {"datetime": "2021-09-29 08:53:42", "elapsed": 106.626451, "delta": 0.857659}}
{"target": -36.090782583504414, "params": {"C": 33974.10223866928, "gamma": 0.05764009408795837}, "datetime": {"datetime": "2021-09-29 08:53:43", "elapsed": 107.53911, "delta": 0.912659}}
{"target": -34.50863924489623, "params": {"C": 34136.59763392639, "gamma": 0.020701146714498415}, "datetime": {"datetime": "2021-09-29 08:53:44", "elapsed": 108.418433, "delta": 0.879323}}
{"target": -34.5517691668849, "params": {"C": 31219.8035784343, "gamma": 0.023404108528090432}, "datetime": {"datetime": "2021-09-29 08:53:45", "elapsed": 109.250432, "delta": 0.831999}}
{"target": -34.579482307478926, "params": {"C": 33552.16249138214, "gamma": 0.02441562607641}, "datetime": {"datetime": "2021-09-29 08:53:46", "elapsed": 110.14675, "delta": 0.896318}}
{"target": -34.483081957586684, "params": {"C": 31998.648023697926, "gamma": 0.016405161084435925}, "datetime": {"datetime": "2021-09-29 08:53:47", "elapsed": 111.043755, "delta": 0.897005}}
{"target": -37.01198446935727, "params": {"C": 34895.91093366309, "gamma": 0.07823398119155033}, "datetime": {"datetime": "2021-09-29 08:53:48", "elapsed": 112.124695, "delta": 1.08094}}
{"target": -35.13422192090766, "params": {"C": 32486.67381455021, "gamma": 0.03969621056082799}, "datetime": {"datetime": "2021-09-29 08:53:49", "elapsed": 112.983694, "delta": 0.858999}}
{"target": -34.53169100668767, "params": {"C": 32213.997767377747, "gamma": 0.02218441260422303}, "datetime": {"datetime": "2021-09-29 08:53:50", "elapsed": 113.978869, "delta": 0.995175}}
{"target": -36.09392141786158, "params": {"C": 33325.79505443587, "gamma": 0.05832719917444838}, "datetime": {"datetime": "2021-09-29 08:53:50", "elapsed": 114.833486, "delta": 0.854617}}
{"target": -35.299190182775256, "params": {"C": 30692.410162832028, "gamma": 0.04395545423299609}, "datetime": {"datetime": "2021-09-29 08:53:51", "elapsed": 115.700128, "delta": 0.866642}}
{"target": -34.50322471704922, "params": {"C": 32092.330459779107, "gamma": 0.020229683239130786}, "datetime": {"datetime": "2021-09-29 08:53:52", "elapsed": 116.590645, "delta": 0.890517}}
{"target": -35.056155953334354, "params": {"C": 31801.72613406476, "gamma": 0.038195596988638426}, "datetime": {"datetime": "2021-09-29 08:53:53", "elapsed": 117.438229, "delta": 0.847584}}
{"target": -36.475619745876905, "params": {"C": 34318.25205576519, "gamma": 0.0034107614044105233}, "datetime": {"datetime": "2021-09-29 08:53:54", "elapsed": 118.294955, "delta": 0.856726}}
{"target": -35.05346319570661, "params": {"C": 32049.487963009888, "gamma": 0.03800308942748575}, "datetime": {"datetime": "2021-09-29 08:53:55", "elapsed": 119.193954, "delta": 0.898999}}
{"target": -34.97530431869023, "params": {"C": 33020.95644700506, "gamma": 0.03569497233171077}, "datetime": {"datetime": "2021-09-29 08:53:56", "elapsed": 120.070825, "delta": 0.876871}}
{"target": -34.46929835800915, "params": {"C": 31477.60834341345, "gamma": 0.017054313426654578}, "datetime": {"datetime": "2021-09-29 08:53:57", "elapsed": 121.015822, "delta": 0.944997}}
{"target": -35.80140569502619, "params": {"C": 32767.28021611315, "gamma": 0.0524391596831833}, "datetime": {"datetime": "2021-09-29 08:53:58", "elapsed": 122.113241, "delta": 1.097419}}
{"target": -35.04042011351928, "params": {"C": 30860.83106888292, "gamma": 0.038319813018538845}, "datetime": {"datetime": "2021-09-29 08:53:59", "elapsed": 123.021243, "delta": 0.908002}}
{"target": -36.62424710455865, "params": {"C": 34916.19447784942, "gamma": 0.06927631086112576}, "datetime": {"datetime": "2021-09-29 08:54:00", "elapsed": 123.987819, "delta": 0.966576}}
{"target": -36.25103187636509, "params": {"C": 31655.99242385734, "gamma": 0.06408026793472338}, "datetime": {"datetime": "2021-09-29 08:54:01", "elapsed": 124.955818, "delta": 0.967999}}
{"target": -36.16934534574304, "params": {"C": 34280.603476788114, "gamma": 0.05919954524064385}, "datetime": {"datetime": "2021-09-29 08:54:02", "elapsed": 125.878475, "delta": 0.922657}}
{"target": -36.358136729010894, "params": {"C": 34791.182157370604, "gamma": 0.06316929231561154}, "datetime": {"datetime": "2021-09-29 08:54:03", "elapsed": 127.023122, "delta": 1.144647}}
{"target": -34.47906639062701, "params": {"C": 31913.682251251874, "gamma": 0.01814558305771082}, "datetime": {"datetime": "2021-09-29 08:54:04", "elapsed": 127.951645, "delta": 0.928523}}
{"target": -36.912501995394514, "params": {"C": 34882.803845219, "gamma": 0.07589804894440152}, "datetime": {"datetime": "2021-09-29 08:54:05", "elapsed": 128.900645, "delta": 0.949}}
{"target": -36.78083029415573, "params": {"C": 34122.36613173032, "gamma": 0.073735421358459}, "datetime": {"datetime": "2021-09-29 08:54:06", "elapsed": 129.968907, "delta": 1.068262}}
{"target": -34.70625679759047, "params": {"C": 32053.356498694906, "gamma": 0.029329214100621386}, "datetime": {"datetime": "2021-09-29 08:54:07", "elapsed": 131.051905, "delta": 1.082998}}
{"target": -34.48529102838731, "params": {"C": 33748.98851183562, "gamma": 0.01889795922924715}, "datetime": {"datetime": "2021-09-29 08:54:08", "elapsed": 131.934969, "delta": 0.883064}}
{"target": -35.99055999156054, "params": {"C": 32037.791796237518, "gamma": 0.05716725943143977}, "datetime": {"datetime": "2021-09-29 08:54:09", "elapsed": 132.868969, "delta": 0.934}}
{"target": -34.524388632456365, "params": {"C": 30869.239755400093, "gamma": 0.02169780479626763}, "datetime": {"datetime": "2021-09-29 08:54:09", "elapsed": 133.756967, "delta": 0.887998}}
