{"target": -34.87304860973317, "params": {"C": 34084.495223779544, "gamma": 0.0362735665607554}, "datetime": {"datetime": "2021-09-29 09:06:19", "elapsed": 852.78381, "delta": 4.13942}}
{"target": -35.093677044554674, "params": {"C": 34087.54157883836, "gamma": 0.04126221579399595}, "datetime": {"datetime": "2021-09-29 09:06:22", "elapsed": 855.731456, "delta": 2.947646}}
{"target": -35.6056271018101, "params": {"C": 33335.456515611746, "gamma": 0.005}, "datetime": {"datetime": "2021-09-29 09:06:26", "elapsed": 860.527387, "delta": 4.795931}}
{"target": -36.43050697603326, "params": {"C": 34747.73123668651, "gamma": 0.07046968777031676}, "datetime": {"datetime": "2021-09-29 09:06:32", "elapsed": 866.158943, "delta": 5.631556}}
{"target": -36.01100329059567, "params": {"C": 30435.76749473845, "gamma": 0.06426253306857226}, "datetime": {"datetime": "2021-09-29 09:06:39", "elapsed": 872.99116, "delta": 6.832217}}
{"target": -36.55962931440558, "params": {"C": 30260.37144256848, "gamma": 0.0785974614349915}, "datetime": {"datetime": "2021-09-29 09:06:44", "elapsed": 878.336954, "delta": 5.345794}}
{"target": -37.53566508449992, "params": {"C": 34972.29223166447, "gamma": 0.09984895411023116}, "datetime": {"datetime": "2021-09-29 09:06:47", "elapsed": 880.952407, "delta": 2.615453}}
{"target": -35.144253412654145, "params": {"C": 30544.066348290653, "gamma": 0.0067447557340547725}, "datetime": {"datetime": "2021-09-29 09:06:51", "elapsed": 884.890586, "delta": 3.938179}}
{"target": -35.309988981112674, "params": {"C": 30124.84401246187, "gamma": 0.047980136742520704}, "datetime": {"datetime": "2021-09-29 09:06:55", "elapsed": 889.089106, "delta": 4.19852}}
{"target": -36.37081942589164, "params": {"C": 32435.38550553245, "gamma": 0.07127595201337697}, "datetime": {"datetime": "2021-09-29 09:06:58", "elapsed": 891.890771, "delta": 2.801665}}
{"target": -35.84545074387215, "params": {"C": 32729.00193215576, "gamma": 0.058567356138234127}, "datetime": {"datetime": "2021-09-29 09:07:01", "elapsed": 895.526479, "delta": 3.635708}}
{"target": -36.787708271683236, "params": {"C": 34113.91507054054, "gamma": 0.08050392993599834}, "datetime": {"datetime": "2021-09-29 09:07:04", "elapsed": 898.179851, "delta": 2.653372}}
{"target": -34.52852757935254, "params": {"C": 33291.25190523675, "gamma": 0.026208984568910645}, "datetime": {"datetime": "2021-09-29 09:07:08", "elapsed": 902.515635, "delta": 4.335784}}
{"target": -35.278234288672486, "params": {"C": 32051.436425101187, "gamma": 0.006126724715420569}, "datetime": {"datetime": "2021-09-29 09:07:12", "elapsed": 906.26708, "delta": 3.751445}}
{"target": -35.75433309938229, "params": {"C": 32099.307631977634, "gamma": 0.05696541441558775}, "datetime": {"datetime": "2021-09-29 09:07:16", "elapsed": 909.868246, "delta": 3.601166}}
{"target": -34.26183400303037, "params": {"C": 32841.407269633295, "gamma": 0.014528866094823657}, "datetime": {"datetime": "2021-09-29 09:07:20", "elapsed": 914.352122, "delta": 4.483876}}
{"target": -36.09706080727797, "params": {"C": 30257.50415653199, "gamma": 0.06657853572939344}, "datetime": {"datetime": "2021-09-29 09:07:26", "elapsed": 920.153382, "delta": 5.80126}}
{"target": -34.360519825835134, "params": {"C": 30626.129134968764, "gamma": 0.019978119539366835}, "datetime": {"datetime": "2021-09-29 09:07:30", "elapsed": 923.982866, "delta": 3.829484}}
{"target": -34.332508019156776, "params": {"C": 31669.02757007379, "gamma": 0.011776090511290596}, "datetime": {"datetime": "2021-09-29 09:07:36", "elapsed": 929.985058, "delta": 6.002192}}
{"target": -36.728428190843985, "params": {"C": 34830.37432619027, "gamma": 0.07798513425230176}, "datetime": {"datetime": "2021-09-29 09:07:42", "elapsed": 935.998884, "delta": 6.013826}}
{"target": -34.65033001474855, "params": {"C": 32420.761264431832, "gamma": 0.031084479804548176}, "datetime": {"datetime": "2021-09-29 09:07:45", "elapsed": 939.208868, "delta": 3.209984}}
{"target": -35.555898893401064, "params": {"C": 31669.060336874765, "gamma": 0.05263855605379742}, "datetime": {"datetime": "2021-09-29 09:07:50", "elapsed": 944.066663, "delta": 4.857795}}
{"target": -34.5414421886691, "params": {"C": 32099.36575051674, "gamma": 0.00935009976848019}, "datetime": {"datetime": "2021-09-29 09:07:54", "elapsed": 948.579101, "delta": 4.512438}}
{"target": -35.003017001261824, "params": {"C": 30256.579478779204, "gamma": 0.04093700921922599}, "datetime": {"datetime": "2021-09-29 09:07:58", "elapsed": 952.48854, "delta": 3.909439}}
{"target": -37.4099312765158, "params": {"C": 34307.35404621273, "gamma": 0.09725112584848424}, "datetime": {"datetime": "2021-09-29 09:08:01", "elapsed": 955.364885, "delta": 2.876345}}
{"target": -35.90310879672296, "params": {"C": 32980.91275668469, "gamma": 0.05967975511153654}, "datetime": {"datetime": "2021-09-29 09:08:07", "elapsed": 961.1957, "delta": 5.830815}}
{"target": -34.3123608472704, "params": {"C": 32642.54114316611, "gamma": 0.012106495017577485}, "datetime": {"datetime": "2021-09-29 09:08:11", "elapsed": 964.775184, "delta": 3.579484}}
{"target": -34.28398947686716, "params": {"C": 34341.8257313871, "gamma": 0.01260003802419666}, "datetime": {"datetime": "2021-09-29 09:08:16", "elapsed": 969.882128, "delta": 5.106944}}
{"target": -34.290237547550724, "params": {"C": 31427.744224844253, "gamma": 0.016377648938812453}, "datetime": {"datetime": "2021-09-29 09:08:24", "elapsed": 977.815946, "delta": 7.933818}}
{"target": -34.50011870340236, "params": {"C": 31427.709246866776, "gamma": 0.02562608360501267}, "datetime": {"datetime": "2021-09-29 09:08:28", "elapsed": 982.559972, "delta": 4.744026}}
{"target": -35.68137462974123, "params": {"C": 31852.132615112427, "gamma": 0.055415951741824156}, "datetime": {"datetime": "2021-09-29 09:08:31", "elapsed": 985.464074, "delta": 2.904102}}
{"target": -36.45479290601453, "params": {"C": 30626.14759539077, "gamma": 0.07531640242977586}, "datetime": {"datetime": "2021-09-29 09:08:36", "elapsed": 990.565355, "delta": 5.101281}}
{"target": -36.26002564728016, "params": {"C": 30872.73805039758, "gamma": 0.07004205914486086}, "datetime": {"datetime": "2021-09-29 09:08:40", "elapsed": 994.308683, "delta": 3.743328}}
{"target": -35.518695441466164, "params": {"C": 34341.78799998764, "gamma": 0.05026555426931228}, "datetime": {"datetime": "2021-09-29 09:08:44", "elapsed": 997.921835, "delta": 3.613152}}
{"target": -35.40141462665808, "params": {"C": 32789.44159048532, "gamma": 0.048541370164814204}, "datetime": {"datetime": "2021-09-29 09:08:48", "elapsed": 1002.653159, "delta": 4.731324}}
{"target": -35.48634113568589, "params": {"C": 33094.31911715779, "gamma": 0.0502417016466128}, "datetime": {"datetime": "2021-09-29 09:08:53", "elapsed": 1007.50222, "delta": 4.849061}}
{"target": -34.730390134932264, "params": {"C": 32642.563763090817, "gamma": 0.033127437648180234}, "datetime": {"datetime": "2021-09-29 09:08:57", "elapsed": 1011.100607, "delta": 3.598387}}
{"target": -34.58606542166043, "params": {"C": 33880.9700010394, "gamma": 0.028229427267358564}, "datetime": {"datetime": "2021-09-29 09:09:00", "elapsed": 1013.837543, "delta": 2.736936}}
{"target": -34.393012523263124, "params": {"C": 30872.818641295133, "gamma": 0.021516682622418442}, "datetime": {"datetime": "2021-09-29 09:09:04", "elapsed": 1018.47309, "delta": 4.635547}}
{"target": -34.59146329810763, "params": {"C": 32810.355932154904, "gamma": 0.00889120627424355}, "datetime": {"datetime": "2021-09-29 09:09:10", "elapsed": 1023.740049, "delta": 5.266959}}
{"target": -36.61307925326785, "params": {"C": 30621.26994303967, "gamma": 0.07966671615773514}, "datetime": {"datetime": "2021-09-29 09:09:13", "elapsed": 1026.756985, "delta": 3.016936}}
{"target": -34.392900529873444, "params": {"C": 33147.95895936853, "gamma": 0.020998071142938793}, "datetime": {"datetime": "2021-09-29 09:09:20", "elapsed": 1033.92692, "delta": 7.169935}}
{"target": -36.598893098772606, "params": {"C": 34670.10193233877, "gamma": 0.0746841512286258}, "datetime": {"datetime": "2021-09-29 09:09:23", "elapsed": 1037.076018, "delta": 3.149098}}
{"target": -34.33492418898867, "params": {"C": 32359.68567862415, "gamma": 0.018368930548863037}, "datetime": {"datetime": "2021-09-29 09:09:26", "elapsed": 1040.111768, "delta": 3.03575}}
{"target": -36.65775933484294, "params": {"C": 33821.21843222041, "gamma": 0.07714590079928281}, "datetime": {"datetime": "2021-09-29 09:09:31", "elapsed": 1045.540916, "delta": 5.429148}}
{"target": -35.65114650351718, "params": {"C": 34329.86312074143, "gamma": 0.05318938364295277}, "datetime": {"datetime": "2021-09-29 09:09:35", "elapsed": 1049.030289, "delta": 3.489373}}
{"target": -34.61833648356954, "params": {"C": 30124.767578788516, "gamma": 0.009106303060601872}, "datetime": {"datetime": "2021-09-29 09:09:40", "elapsed": 1053.970155, "delta": 4.939866}}
{"target": -34.54212089477781, "params": {"C": 32963.53892516132, "gamma": 0.02679982121188514}, "datetime": {"datetime": "2021-09-29 09:09:42", "elapsed": 1056.696948, "delta": 2.726793}}
{"target": -34.89466094821157, "params": {"C": 32359.716870602406, "gamma": 0.037484886483551146}, "datetime": {"datetime": "2021-09-29 09:09:47", "elapsed": 1060.759077, "delta": 4.062129}}
{"target": -35.31888700417269, "params": {"C": 32563.137010460152, "gamma": 0.005944233289797663}, "datetime": {"datetime": "2021-09-29 09:09:50", "elapsed": 1064.038156, "delta": 3.279079}}
{"target": -34.977870568174254, "params": {"C": 32554.232807827662, "gamma": 0.03930863410158096}, "datetime": {"datetime": "2021-09-29 09:09:55", "elapsed": 1069.400407, "delta": 5.362251}}
{"target": -35.04630465669688, "params": {"C": 30191.25032251933, "gamma": 0.04199039933258432}, "datetime": {"datetime": "2021-09-29 09:09:58", "elapsed": 1072.084588, "delta": 2.684181}}
{"target": -37.012915439461956, "params": {"C": 30695.46622521304, "gamma": 0.09171024342140335}, "datetime": {"datetime": "2021-09-29 09:10:01", "elapsed": 1074.82436, "delta": 2.739772}}
{"target": -36.68836420038101, "params": {"C": 33849.774067531485, "gamma": 0.07795732715791116}, "datetime": {"datetime": "2021-09-29 09:10:04", "elapsed": 1077.733663, "delta": 2.909303}}
{"target": -35.65728742348248, "params": {"C": 31390.464543257083, "gamma": 0.005}, "datetime": {"datetime": "2021-09-29 09:10:08", "elapsed": 1082.362547, "delta": 4.628884}}
{"target": -35.083153069085036, "params": {"C": 34329.78590099469, "gamma": 0.04092190429080865}, "datetime": {"datetime": "2021-09-29 09:10:12", "elapsed": 1086.264202, "delta": 3.901655}}
{"target": -37.208215512868584, "params": {"C": 33441.549994824665, "gamma": 0.0930206092953955}, "datetime": {"datetime": "2021-09-29 09:10:15", "elapsed": 1089.267704, "delta": 3.003502}}
{"target": -36.71391558089798, "params": {"C": 30940.957666949562, "gamma": 0.08224867529836374}, "datetime": {"datetime": "2021-09-29 09:10:18", "elapsed": 1092.352587, "delta": 3.084883}}
{"target": -35.4736415070923, "params": {"C": 30373.19933295211, "gamma": 0.051558961860080105}, "datetime": {"datetime": "2021-09-29 09:10:21", "elapsed": 1095.449043, "delta": 3.096456}}
{"target": -34.58825701038437, "params": {"C": 34747.653572258, "gamma": 0.00864956904414445}, "datetime": {"datetime": "2021-09-29 09:10:25", "elapsed": 1099.638166, "delta": 4.189123}}
{"target": -36.17693477840178, "params": {"C": 30256.487958984242, "gamma": 0.06858319468651454}, "datetime": {"datetime": "2021-09-29 09:10:31", "elapsed": 1104.792107, "delta": 5.153941}}
{"target": -36.079702818691565, "params": {"C": 30046.96552040319, "gamma": 0.06633080699526776}, "datetime": {"datetime": "2021-09-29 09:10:34", "elapsed": 1107.8274, "delta": 3.035293}}
{"target": -36.317415953419776, "params": {"C": 30414.094943786873, "gamma": 0.07200417287127485}, "datetime": {"datetime": "2021-09-29 09:10:38", "elapsed": 1111.931734, "delta": 4.104334}}
{"target": -35.67320191915299, "params": {"C": 30626.179228528097, "gamma": 0.005014018970474896}, "datetime": {"datetime": "2021-09-29 09:10:44", "elapsed": 1118.112183, "delta": 6.180449}}
{"target": -35.54621364129435, "params": {"C": 31390.397337335588, "gamma": 0.00532125382389529}, "datetime": {"datetime": "2021-09-29 09:10:49", "elapsed": 1123.232351, "delta": 5.120168}}
{"target": -35.284796047138855, "params": {"C": 30320.655552494125, "gamma": 0.04730175533959588}, "datetime": {"datetime": "2021-09-29 09:10:55", "elapsed": 1128.738212, "delta": 5.505861}}
{"target": -35.84384671910741, "params": {"C": 33880.99735598271, "gamma": 0.05772278987787748}, "datetime": {"datetime": "2021-09-29 09:11:04", "elapsed": 1137.817889, "delta": 9.079677}}
{"target": -34.931548133492896, "params": {"C": 32798.44308402906, "gamma": 0.007271621111051967}, "datetime": {"datetime": "2021-09-29 09:11:08", "elapsed": 1142.660276, "delta": 4.842387}}
{"target": -34.32538773624385, "params": {"C": 32359.62987359101, "gamma": 0.011806723715312868}, "datetime": {"datetime": "2021-09-29 09:11:17", "elapsed": 1150.914693, "delta": 8.254417}}
{"target": -34.8069481531895, "params": {"C": 30097.917693336047, "gamma": 0.036173088322497104}, "datetime": {"datetime": "2021-09-29 09:11:26", "elapsed": 1160.167397, "delta": 9.252704}}
{"target": -34.41967535663392, "params": {"C": 32320.04655276177, "gamma": 0.02247091264091782}, "datetime": {"datetime": "2021-09-29 09:11:32", "elapsed": 1166.595426, "delta": 6.428029}}
{"target": -37.17077810941333, "params": {"C": 32640.811682369247, "gamma": 0.09315239965553493}, "datetime": {"datetime": "2021-09-29 09:11:35", "elapsed": 1169.670646, "delta": 3.07522}}
{"target": -35.42168484701101, "params": {"C": 33114.3252890873, "gamma": 0.005562292368899006}, "datetime": {"datetime": "2021-09-29 09:11:38", "elapsed": 1172.664867, "delta": 2.994221}}
{"target": -34.25674937923163, "params": {"C": 34830.44247172707, "gamma": 0.013438285128827651}, "datetime": {"datetime": "2021-09-29 09:11:43", "elapsed": 1176.867188, "delta": 4.202321}}
{"target": -34.518079218019764, "params": {"C": 33377.277817870774, "gamma": 0.02580011571956762}, "datetime": {"datetime": "2021-09-29 09:11:46", "elapsed": 1180.405315, "delta": 3.538127}}
{"target": -37.17987689919745, "params": {"C": 32634.59043858844, "gamma": 0.09342319069685728}, "datetime": {"datetime": "2021-09-29 09:11:50", "elapsed": 1184.058241, "delta": 3.652926}}
{"target": -36.479061198001666, "params": {"C": 31427.72562248989, "gamma": 0.0750426628484421}, "datetime": {"datetime": "2021-09-29 09:11:56", "elapsed": 1189.982696, "delta": 5.924455}}
{"target": -34.88257304165188, "params": {"C": 34354.15170574254, "gamma": 0.007283539000778126}, "datetime": {"datetime": "2021-09-29 09:12:02", "elapsed": 1196.378561, "delta": 6.395865}}
{"target": -36.816584664599404, "params": {"C": 31852.050996947855, "gamma": 0.08422949768912755}, "datetime": {"datetime": "2021-09-29 09:12:06", "elapsed": 1200.194327, "delta": 3.815766}}
{"target": -36.77929000107586, "params": {"C": 32952.41204034009, "gamma": 0.0816597625532471}, "datetime": {"datetime": "2021-09-29 09:12:12", "elapsed": 1206.527802, "delta": 6.333475}}
{"target": -34.5953006230949, "params": {"C": 33021.33684014034, "gamma": 0.008835151774631842}, "datetime": {"datetime": "2021-09-29 09:12:20", "elapsed": 1214.694927, "delta": 8.167125}}
{"target": -36.6602921107743, "params": {"C": 31618.716683516453, "gamma": 0.07978537463079666}, "datetime": {"datetime": "2021-09-29 09:12:26", "elapsed": 1220.109341, "delta": 5.414414}}
{"target": -34.36177688078973, "params": {"C": 33743.886855128934, "gamma": 0.01938118151554998}, "datetime": {"datetime": "2021-09-29 09:12:29", "elapsed": 1223.272139, "delta": 3.162798}}
{"target": -35.16538293511417, "params": {"C": 33530.30504178796, "gamma": 0.043079156090097194}, "datetime": {"datetime": "2021-09-29 09:12:33", "elapsed": 1226.981687, "delta": 3.709548}}
{"target": -36.36288636598313, "params": {"C": 32963.54947547879, "gamma": 0.07056731773471873}, "datetime": {"datetime": "2021-09-29 09:12:39", "elapsed": 1233.007151, "delta": 6.025464}}
{"target": -34.438451435110906, "params": {"C": 33743.84028129812, "gamma": 0.022832793151985477}, "datetime": {"datetime": "2021-09-29 09:12:46", "elapsed": 1240.186879, "delta": 7.179728}}
{"target": -34.373767314006116, "params": {"C": 34830.40806838707, "gamma": 0.010512343419428541}, "datetime": {"datetime": "2021-09-29 09:12:53", "elapsed": 1247.10761, "delta": 6.920731}}
{"target": -36.34886046406761, "params": {"C": 30279.276384700497, "gamma": 0.07298795516873002}, "datetime": {"datetime": "2021-09-29 09:12:57", "elapsed": 1250.868606, "delta": 3.760996}}
{"target": -34.38621705007783, "params": {"C": 30872.862188583604, "gamma": 0.021182102619537596}, "datetime": {"datetime": "2021-09-29 09:13:07", "elapsed": 1261.016947, "delta": 10.148341}}
{"target": -35.61204391311076, "params": {"C": 33743.876615292145, "gamma": 0.052659230552282846}, "datetime": {"datetime": "2021-09-29 09:13:14", "elapsed": 1268.104414, "delta": 7.087467}}
{"target": -34.32726411788104, "params": {"C": 33101.26902629275, "gamma": 0.017857377218487125}, "datetime": {"datetime": "2021-09-29 09:13:17", "elapsed": 1271.628988, "delta": 3.524574}}
{"target": -35.04111881179752, "params": {"C": 33101.32412320815, "gamma": 0.04051004101552059}, "datetime": {"datetime": "2021-09-29 09:13:26", "elapsed": 1280.551083, "delta": 8.922095}}
{"target": -34.878288559851725, "params": {"C": 30414.018323283868, "gamma": 0.03792416718360211}, "datetime": {"datetime": "2021-09-29 09:13:34", "elapsed": 1288.101923, "delta": 7.55084}}
{"target": -34.304266831631836, "params": {"C": 33098.245648218435, "gamma": 0.012244026436619895}, "datetime": {"datetime": "2021-09-29 09:13:42", "elapsed": 1295.832149, "delta": 7.730226}}
{"target": -34.48648993229164, "params": {"C": 30224.755494126617, "gamma": 0.025439049449143505}, "datetime": {"datetime": "2021-09-29 09:13:46", "elapsed": 1300.397023, "delta": 4.564874}}
{"target": -37.30867103200145, "params": {"C": 32359.657789881447, "gamma": 0.09745126456303668}, "datetime": {"datetime": "2021-09-29 09:13:53", "elapsed": 1307.670444, "delta": 7.273421}}
{"target": -34.4130847111189, "params": {"C": 30787.076662841824, "gamma": 0.02253105737929139}, "datetime": {"datetime": "2021-09-29 09:13:59", "elapsed": 1313.4857, "delta": 5.815256}}
{"target": -34.77101720579686, "params": {"C": 30613.479796590054, "gamma": 0.034977840906651354}, "datetime": {"datetime": "2021-09-29 09:14:03", "elapsed": 1317.349528, "delta": 3.863828}}
{"target": -36.57835819414758, "params": {"C": 30872.8589423219, "gamma": 0.0783682990837634}, "datetime": {"datetime": "2021-09-29 09:14:10", "elapsed": 1324.689761, "delta": 7.340233}}
{"target": -36.77057249965316, "params": {"C": 31290.406021434726, "gamma": 0.08354518662121047}, "datetime": {"datetime": "2021-09-29 09:14:14", "elapsed": 1328.473007, "delta": 3.783246}}
{"target": -36.62075112422176, "params": {"C": 37753.989512872875, "gamma": 0.07227404314871996}, "datetime": {"datetime": "2021-09-29 09:14:19", "elapsed": 0.0, "delta": 0.0}}
{"target": -35.72198864754891, "params": {"C": 36454.52369456472, "gamma": 0.05352862249377798}, "datetime": {"datetime": "2021-09-29 09:14:19", "elapsed": 0.177996, "delta": 0.177996}}
{"target": -37.40352647116939, "params": {"C": 39464.73477173827, "gamma": 0.09014784344867662}, "datetime": {"datetime": "2021-09-29 09:14:19", "elapsed": 0.359003, "delta": 0.181007}}
{"target": -34.50190256626418, "params": {"C": 35627.92655231918, "gamma": 0.024688073423127743}, "datetime": {"datetime": "2021-09-29 09:14:19", "elapsed": 0.541747, "delta": 0.182744}}
{"target": -35.38240265582848, "params": {"C": 35257.33601650415, "gamma": 0.04687693514681046}, "datetime": {"datetime": "2021-09-29 09:14:19", "elapsed": 0.725172, "delta": 0.183425}}
{"target": -35.45162627079701, "params": {"C": 35149.381054392834, "gamma": 0.04839915631749755}, "datetime": {"datetime": "2021-09-29 09:14:19", "elapsed": 0.917172, "delta": 0.192}}
{"target": -37.59141005670929, "params": {"C": 35947.34107504197, "gamma": 0.1}, "datetime": {"datetime": "2021-09-29 09:14:20", "elapsed": 1.45717, "delta": 0.539998}}
{"target": -37.54875841397079, "params": {"C": 35629.308612904075, "gamma": 0.09922206238942953}, "datetime": {"datetime": "2021-09-29 09:14:20", "elapsed": 1.700175, "delta": 0.243005}}
{"target": -34.347512120049764, "params": {"C": 37357.2153520774, "gamma": 0.018054935000570378}, "datetime": {"datetime": "2021-09-29 09:14:21", "elapsed": 1.935172, "delta": 0.234997}}
{"target": -34.535943852461244, "params": {"C": 35257.47164626114, "gamma": 0.026013229723416607}, "datetime": {"datetime": "2021-09-29 09:14:21", "elapsed": 2.199172, "delta": 0.264}}
{"target": -37.348401762782316, "params": {"C": 36395.117752887534, "gamma": 0.0926374708829898}, "datetime": {"datetime": "2021-09-29 09:14:21", "elapsed": 2.441172, "delta": 0.242}}
{"target": -34.30040582496393, "params": {"C": 37099.30829789904, "gamma": 0.011588171134218131}, "datetime": {"datetime": "2021-09-29 09:14:21", "elapsed": 2.709403, "delta": 0.268231}}
{"target": -36.172931017143625, "params": {"C": 37099.0682596826, "gamma": 0.06265566042066197}, "datetime": {"datetime": "2021-09-29 09:14:22", "elapsed": 2.988397, "delta": 0.278994}}
{"target": -37.587417597486464, "params": {"C": 39707.234872664994, "gamma": 0.09440071569411028}, "datetime": {"datetime": "2021-09-29 09:14:22", "elapsed": 3.238402, "delta": 0.250005}}
{"target": -34.90058182399893, "params": {"C": 35627.580134689, "gamma": 0.03619728250089919}, "datetime": {"datetime": "2021-09-29 09:14:22", "elapsed": 3.512401, "delta": 0.273999}}
{"target": -36.32604584099145, "params": {"C": 35627.88533983326, "gamma": 0.06727210301135708}, "datetime": {"datetime": "2021-09-29 09:14:22", "elapsed": 3.739909, "delta": 0.227508}}
