{"target": -47.79247111763163, "params": {"C": 62584.51432827647, "gamma": 0.10645309227562692}, "datetime": {"datetime": "2021-10-04 11:52:53", "elapsed": 17.124133, "delta": 0.479651}}
{"target": -47.98067621054445, "params": {"C": 62576.65302892744, "gamma": 0.032795838358910874}, "datetime": {"datetime": "2021-10-04 11:52:53", "elapsed": 17.608159, "delta": 0.484026}}
{"target": -47.78976741631899, "params": {"C": 62569.11929541017, "gamma": 0.05988271723457195}, "datetime": {"datetime": "2021-10-04 11:52:54", "elapsed": 18.11451, "delta": 0.506351}}
{"target": -47.7134934864932, "params": {"C": 62626.325104766445, "gamma": 0.06700459159615134}, "datetime": {"datetime": "2021-10-04 11:52:55", "elapsed": 18.6095, "delta": 0.49499}}
{"target": -48.34380130514809, "params": {"C": 62635.26917145832, "gamma": 0.130076066784364}, "datetime": {"datetime": "2021-10-04 11:52:55", "elapsed": 19.091729, "delta": 0.482229}}
{"target": -48.18622971863568, "params": {"C": 62563.64718237572, "gamma": 0.026464100017692692}, "datetime": {"datetime": "2021-10-04 11:52:55", "elapsed": 19.493933, "delta": 0.402204}}
{"target": -48.50380592878304, "params": {"C": 57439.13431202621, "gamma": 0.14296203514090775}, "datetime": {"datetime": "2021-10-04 11:52:56", "elapsed": 19.881957, "delta": 0.388024}}
{"target": -47.89115665307836, "params": {"C": 119464.90160248867, "gamma": 0.06341666602583311}, "datetime": {"datetime": "2021-10-04 11:52:56", "elapsed": 20.315514, "delta": 0.433557}}
{"target": -48.23890430255628, "params": {"C": 119473.70414735684, "gamma": 0.040281786219212086}, "datetime": {"datetime": "2021-10-04 11:52:57", "elapsed": 20.753513, "delta": 0.437999}}
{"target": -49.49090767363031, "params": {"C": 119452.64961028594, "gamma": 0.1459348711952334}, "datetime": {"datetime": "2021-10-04 11:52:57", "elapsed": 21.175246, "delta": 0.421733}}
{"target": -48.17071941419246, "params": {"C": 67856.78689104666, "gamma": 0.1186625603667824}, "datetime": {"datetime": "2021-10-04 11:52:57", "elapsed": 21.595246, "delta": 0.42}}
{"target": -47.65689124924593, "params": {"C": 92559.54674722685, "gamma": 0.07812754077204556}, "datetime": {"datetime": "2021-10-04 11:52:58", "elapsed": 22.019758, "delta": 0.424512}}
{"target": -48.72420357243481, "params": {"C": 92552.83911662138, "gamma": 0.12651302361204814}, "datetime": {"datetime": "2021-10-04 11:52:58", "elapsed": 22.473765, "delta": 0.454007}}
{"target": -47.795382140306664, "params": {"C": 92581.63107774622, "gamma": 0.0904562182417065}, "datetime": {"datetime": "2021-10-04 11:52:59", "elapsed": 23.035368, "delta": 0.561603}}
{"target": -48.97605190609813, "params": {"C": 92570.40979296021, "gamma": 0.13964507905601917}, "datetime": {"datetime": "2021-10-04 11:52:59", "elapsed": 23.486046, "delta": 0.450678}}
{"target": -48.21325574111222, "params": {"C": 92617.25921281116, "gamma": 0.10522709614939367}, "datetime": {"datetime": "2021-10-04 11:53:00", "elapsed": 23.950369, "delta": 0.464323}}
{"target": -47.83015411649376, "params": {"C": 92587.00989489772, "gamma": 0.09202289025888154}, "datetime": {"datetime": "2021-10-04 11:53:00", "elapsed": 24.400575, "delta": 0.450206}}
{"target": -47.908655143002, "params": {"C": 92595.66983446493, "gamma": 0.051971078830677836}, "datetime": {"datetime": "2021-10-04 11:53:01", "elapsed": 24.81566, "delta": 0.415085}}
{"target": -50.2063915179274, "params": {"C": 66580.61788350833, "gamma": 0.010971332805107117}, "datetime": {"datetime": "2021-10-04 11:53:01", "elapsed": 25.242391, "delta": 0.426731}}
{"target": -48.30269345052818, "params": {"C": 88031.78770835117, "gamma": 0.11114456917342005}, "datetime": {"datetime": "2021-10-04 11:53:02", "elapsed": 25.666395, "delta": 0.424004}}
{"target": -47.732574321351045, "params": {"C": 92603.88088916239, "gamma": 0.06444335348544541}, "datetime": {"datetime": "2021-10-04 11:53:02", "elapsed": 26.160775, "delta": 0.49438}}
{"target": -47.66182296947886, "params": {"C": 92609.36376938745, "gamma": 0.07408229846520202}, "datetime": {"datetime": "2021-10-04 11:53:03", "elapsed": 26.628779, "delta": 0.468004}}
{"target": -47.80025409751538, "params": {"C": 55945.6926079821, "gamma": 0.05923471620290227}, "datetime": {"datetime": "2021-10-04 11:53:03", "elapsed": 27.07069, "delta": 0.441911}}
{"target": -48.08015425689771, "params": {"C": 55936.845760837095, "gamma": 0.12353234810752642}, "datetime": {"datetime": "2021-10-04 11:53:03", "elapsed": 27.590686, "delta": 0.519996}}
{"target": -47.96789545422392, "params": {"C": 55959.712839411586, "gamma": 0.038260227334028334}, "datetime": {"datetime": "2021-10-04 11:53:04", "elapsed": 28.118516, "delta": 0.52783}}
{"target": -48.09462121084771, "params": {"C": 55968.43582868873, "gamma": 0.12421599236764515}, "datetime": {"datetime": "2021-10-04 11:53:04", "elapsed": 28.547683, "delta": 0.429167}}
{"target": -48.138656527657815, "params": {"C": 55979.95182117333, "gamma": 0.030169806640112734}, "datetime": {"datetime": "2021-10-04 11:53:05", "elapsed": 28.97389, "delta": 0.426207}}
{"target": -47.7838193748668, "params": {"C": 55953.64224644294, "gamma": 0.10973061533106254}, "datetime": {"datetime": "2021-10-04 11:53:05", "elapsed": 29.435584, "delta": 0.461694}}
{"target": -48.198705395714484, "params": {"C": 55991.32532559133, "gamma": 0.02872309506110409}, "datetime": {"datetime": "2021-10-04 11:53:06", "elapsed": 29.942957, "delta": 0.507373}}
{"target": -47.843058700075716, "params": {"C": 55926.782129505205, "gamma": 0.0488269635693775}, "datetime": {"datetime": "2021-10-04 11:53:06", "elapsed": 30.428954, "delta": 0.485997}}
{"target": -47.848854077673074, "params": {"C": 55894.37663156032, "gamma": 0.04787948697138529}, "datetime": {"datetime": "2021-10-04 11:53:07", "elapsed": 30.929389, "delta": 0.500435}}
{"target": -47.673410141447405, "params": {"C": 55886.780212807615, "gamma": 0.07789745602866571}, "datetime": {"datetime": "2021-10-04 11:53:07", "elapsed": 31.371839, "delta": 0.44245}}
{"target": -48.793638808316246, "params": {"C": 55882.00666076761, "gamma": 0.019444398644554595}, "datetime": {"datetime": "2021-10-04 11:53:08", "elapsed": 31.816681, "delta": 0.444842}}
{"target": -48.01821742388856, "params": {"C": 55913.90059418921, "gamma": 0.12059206546775347}, "datetime": {"datetime": "2021-10-04 11:53:08", "elapsed": 32.307093, "delta": 0.490412}}
{"target": -47.572394820033615, "params": {"C": 62615.36984149326, "gamma": 0.08619309625556501}, "datetime": {"datetime": "2021-10-04 11:53:09", "elapsed": 32.849987, "delta": 0.542894}}
{"target": -48.254235871139905, "params": {"C": 55921.21095960884, "gamma": 0.13142548343150368}, "datetime": {"datetime": "2021-10-04 11:53:09", "elapsed": 33.415991, "delta": 0.566004}}
{"target": -48.39657234199826, "params": {"C": 111538.2524763879, "gamma": 0.016293829037956776}, "datetime": {"datetime": "2021-10-04 11:53:10", "elapsed": 34.05649, "delta": 0.640499}}
{"target": -48.075131120275245, "params": {"C": 55901.69924298728, "gamma": 0.12331177428976355}, "datetime": {"datetime": "2021-10-04 11:53:10", "elapsed": 34.558108, "delta": 0.501618}}
{"target": -48.298124246148944, "params": {"C": 93353.58545771052, "gamma": 0.019054427454528563}, "datetime": {"datetime": "2021-10-04 11:53:11", "elapsed": 35.024266, "delta": 0.466158}}
{"target": -47.95118121566551, "params": {"C": 95980.12976594083, "gamma": 0.09537846199026567}, "datetime": {"datetime": "2021-10-04 11:53:11", "elapsed": 35.582294, "delta": 0.558028}}
{"target": -48.69692569309635, "params": {"C": 95972.25821878559, "gamma": 0.12268997801394099}, "datetime": {"datetime": "2021-10-04 11:53:12", "elapsed": 36.084505, "delta": 0.502211}}
{"target": -47.94979411196003, "params": {"C": 95986.85642442667, "gamma": 0.05003808298434594}, "datetime": {"datetime": "2021-10-04 11:53:12", "elapsed": 36.590655, "delta": 0.50615}}
{"target": -48.11024748839747, "params": {"C": 95997.34742350156, "gamma": 0.022357279704194058}, "datetime": {"datetime": "2021-10-04 11:53:13", "elapsed": 37.099655, "delta": 0.509}}
{"target": -47.648040978621985, "params": {"C": 55890.3463984779, "gamma": 0.10314270966590458}, "datetime": {"datetime": "2021-10-04 11:53:13", "elapsed": 37.589654, "delta": 0.489999}}
{"target": -47.946750652269635, "params": {"C": 96034.62278038012, "gamma": 0.05033551882942442}, "datetime": {"datetime": "2021-10-04 11:53:14", "elapsed": 38.165897, "delta": 0.576243}}
{"target": -47.680691561911615, "params": {"C": 96023.97118915645, "gamma": 0.07764699898890137}, "datetime": {"datetime": "2021-10-04 11:53:15", "elapsed": 38.641076, "delta": 0.475179}}
{"target": -48.7511937652279, "params": {"C": 96015.15291307872, "gamma": 0.1253956024993312}, "datetime": {"datetime": "2021-10-04 11:53:15", "elapsed": 39.120447, "delta": 0.479371}}
{"target": -48.49844709260966, "params": {"C": 96044.46155892806, "gamma": 0.11374596418441982}, "datetime": {"datetime": "2021-10-04 11:53:16", "elapsed": 39.678138, "delta": 0.557691}}
{"target": -48.22033170466567, "params": {"C": 94604.21329578396, "gamma": 0.020318781288415938}, "datetime": {"datetime": "2021-10-04 11:53:16", "elapsed": 40.181934, "delta": 0.503796}}
{"target": -47.80615214654863, "params": {"C": 96028.69580236642, "gamma": 0.06004687208862987}, "datetime": {"datetime": "2021-10-04 11:53:17", "elapsed": 40.698584, "delta": 0.51665}}
{"target": -47.71870260889545, "params": {"C": 48820.44448403649, "gamma": 0.08271036760494233}, "datetime": {"datetime": "2021-10-04 11:53:17", "elapsed": 41.301171, "delta": 0.602587}}
{"target": -50.31298007556051, "params": {"C": 48811.25170210831, "gamma": 0.012453406687060301}, "datetime": {"datetime": "2021-10-04 11:53:18", "elapsed": 41.860432, "delta": 0.559261}}
{"target": -48.669132977540855, "params": {"C": 48868.46466373732, "gamma": 0.022722871044152985}, "datetime": {"datetime": "2021-10-04 11:53:18", "elapsed": 42.374647, "delta": 0.514215}}
{"target": -48.0857233597033, "params": {"C": 48826.4287340155, "gamma": 0.12901921716382778}, "datetime": {"datetime": "2021-10-04 11:53:19", "elapsed": 42.879204, "delta": 0.504557}}
{"target": -47.811555170505365, "params": {"C": 99387.31368923574, "gamma": 0.0874806978499023}, "datetime": {"datetime": "2021-10-04 11:53:19", "elapsed": 43.494311, "delta": 0.615107}}
{"target": -48.47876120068843, "params": {"C": 99398.80665125357, "gamma": 0.11091943666862075}, "datetime": {"datetime": "2021-10-04 11:53:20", "elapsed": 44.052316, "delta": 0.558005}}
{"target": -48.726886770955254, "params": {"C": 99365.94800473827, "gamma": 0.12170003981300749}, "datetime": {"datetime": "2021-10-04 11:53:21", "elapsed": 44.864529, "delta": 0.812213}}
{"target": -48.14207426810545, "params": {"C": 35671.18226637512, "gamma": 0.13180756014383438}, "datetime": {"datetime": "2021-10-04 11:53:21", "elapsed": 45.354319, "delta": 0.48979}}
{"target": -47.892133425519916, "params": {"C": 35658.41781722776, "gamma": 0.09114981535706894}, "datetime": {"datetime": "2021-10-04 11:53:22", "elapsed": 45.987111, "delta": 0.632792}}
{"target": -48.192548717163476, "params": {"C": 35652.86935730232, "gamma": 0.13493382950133018}, "datetime": {"datetime": "2021-10-04 11:53:22", "elapsed": 46.569629, "delta": 0.582518}}
{"target": -47.92737956197776, "params": {"C": 35690.517884344416, "gamma": 0.11164219157353289}, "datetime": {"datetime": "2021-10-04 11:53:23", "elapsed": 47.186628, "delta": 0.616999}}
{"target": -48.77878213020415, "params": {"C": 99378.64045093862, "gamma": 0.12430546652807074}, "datetime": {"datetime": "2021-10-04 11:53:24", "elapsed": 47.747877, "delta": 0.561249}}
{"target": -47.95202253918563, "params": {"C": 35681.04755015845, "gamma": 0.11513565968161694}, "datetime": {"datetime": "2021-10-04 11:53:24", "elapsed": 48.361431, "delta": 0.613554}}
{"target": -47.889811775727196, "params": {"C": 35700.301593650845, "gamma": 0.10236518894508766}, "datetime": {"datetime": "2021-10-04 11:53:25", "elapsed": 48.977834, "delta": 0.616403}}
{"target": -48.089863148569975, "params": {"C": 35706.6313900911, "gamma": 0.05548032795918887}, "datetime": {"datetime": "2021-10-04 11:53:26", "elapsed": 49.617497, "delta": 0.639663}}
{"target": -48.15846981303797, "params": {"C": 35722.36481130258, "gamma": 0.050514545587701354}, "datetime": {"datetime": "2021-10-04 11:53:26", "elapsed": 50.262619, "delta": 0.645122}}
{"target": -48.62192114126034, "params": {"C": 35744.63188227905, "gamma": 0.030734706267980354}, "datetime": {"datetime": "2021-10-04 11:53:27", "elapsed": 50.948617, "delta": 0.685998}}
{"target": -48.39761317591339, "params": {"C": 39227.09891379195, "gamma": 0.03359440176688909}, "datetime": {"datetime": "2021-10-04 11:53:28", "elapsed": 51.634619, "delta": 0.686002}}
{"target": -48.67108869925352, "params": {"C": 64083.62365462727, "gamma": 0.14614054119404743}, "datetime": {"datetime": "2021-10-04 11:53:28", "elapsed": 52.25311, "delta": 0.618491}}
{"target": -48.247686302825585, "params": {"C": 120528.31727999686, "gamma": 0.04018127133412921}, "datetime": {"datetime": "2021-10-04 11:53:29", "elapsed": 52.890381, "delta": 0.637271}}
{"target": -47.89620015000095, "params": {"C": 36697.40781246921, "gamma": 0.08081476315149642}, "datetime": {"datetime": "2021-10-04 11:53:29", "elapsed": 53.549768, "delta": 0.659387}}
{"target": -47.86307117409617, "params": {"C": 36691.41492221528, "gamma": 0.1046512151836943}, "datetime": {"datetime": "2021-10-04 11:53:30", "elapsed": 54.093174, "delta": 0.543406}}
{"target": -48.31713618150162, "params": {"C": 36681.38673650468, "gamma": 0.14274005666904938}, "datetime": {"datetime": "2021-10-04 11:53:31", "elapsed": 54.715285, "delta": 0.622111}}
{"target": -48.453043702814085, "params": {"C": 36719.45533958834, "gamma": 0.14881168790339658}, "datetime": {"datetime": "2021-10-04 11:53:31", "elapsed": 55.270768, "delta": 0.555483}}
{"target": -48.483261798842996, "params": {"C": 35663.573898406474, "gamma": 0.14899743852760378}, "datetime": {"datetime": "2021-10-04 11:53:32", "elapsed": 55.814351, "delta": 0.543583}}
{"target": -48.703685509677726, "params": {"C": 111800.64774560965, "gamma": 0.11274217102917627}, "datetime": {"datetime": "2021-10-04 11:53:32", "elapsed": 56.436391, "delta": 0.62204}}
{"target": -48.205950494234024, "params": {"C": 84236.08368749122, "gamma": 0.10997089580636356}, "datetime": {"datetime": "2021-10-04 11:53:33", "elapsed": 56.997758, "delta": 0.561367}}
{"target": -48.61660116512314, "params": {"C": 116357.14096372896, "gamma": 0.10693424120159806}, "datetime": {"datetime": "2021-10-04 11:53:33", "elapsed": 57.560186, "delta": 0.562428}}
{"target": -47.845265005224654, "params": {"C": 63894.29026029831, "gamma": 0.046098488123490655}, "datetime": {"datetime": "2021-10-04 11:53:34", "elapsed": 58.151817, "delta": 0.591631}}
{"target": -47.98885890404001, "params": {"C": 46325.28085766616, "gamma": 0.04527235188577769}, "datetime": {"datetime": "2021-10-04 11:53:35", "elapsed": 58.782115, "delta": 0.630298}}
{"target": -47.817864839221734, "params": {"C": 46309.716642956584, "gamma": 0.06035971143571282}, "datetime": {"datetime": "2021-10-04 11:53:35", "elapsed": 59.453117, "delta": 0.671002}}
{"target": -47.7716573897219, "params": {"C": 46299.48795749858, "gamma": 0.07788043791653876}, "datetime": {"datetime": "2021-10-04 11:53:36", "elapsed": 60.06217, "delta": 0.609053}}
{"target": -47.69967475295745, "params": {"C": 46292.379881727036, "gamma": 0.09101454208423145}, "datetime": {"datetime": "2021-10-04 11:53:37", "elapsed": 60.679143, "delta": 0.616973}}
{"target": -47.894074648262354, "params": {"C": 46285.664381816176, "gamma": 0.12103920952638976}, "datetime": {"datetime": "2021-10-04 11:53:37", "elapsed": 61.254769, "delta": 0.575626}}
{"target": -48.313267631212895, "params": {"C": 46318.258575385844, "gamma": 0.14349322250906887}, "datetime": {"datetime": "2021-10-04 11:53:38", "elapsed": 61.854308, "delta": 0.599539}}
{"target": -48.03507381969749, "params": {"C": 46305.60834791172, "gamma": 0.12836527694060773}, "datetime": {"datetime": "2021-10-04 11:53:38", "elapsed": 62.431856, "delta": 0.577548}}
{"target": -48.0020779954687, "params": {"C": 36705.25379298695, "gamma": 0.12297128864826792}, "datetime": {"datetime": "2021-10-04 11:53:39", "elapsed": 63.068442, "delta": 0.636586}}
{"target": -47.99822183854716, "params": {"C": 46343.51975392224, "gamma": 0.044636466969980075}, "datetime": {"datetime": "2021-10-04 11:53:40", "elapsed": 63.717314, "delta": 0.648872}}
{"target": -47.736257034929594, "params": {"C": 46276.36720316043, "gamma": 0.08535475274684265}, "datetime": {"datetime": "2021-10-04 11:53:40", "elapsed": 64.31842, "delta": 0.601106}}
{"target": -47.8348396506381, "params": {"C": 46332.2377332433, "gamma": 0.05758270216185004}, "datetime": {"datetime": "2021-10-04 11:53:41", "elapsed": 64.976996, "delta": 0.658576}}
{"target": -47.92402399243164, "params": {"C": 46268.936695040546, "gamma": 0.04975409759209983}, "datetime": {"datetime": "2021-10-04 11:53:42", "elapsed": 65.640682, "delta": 0.663686}}
{"target": -47.80380508003343, "params": {"C": 46259.938381090054, "gamma": 0.06275349010987342}, "datetime": {"datetime": "2021-10-04 11:53:42", "elapsed": 66.299295, "delta": 0.658613}}
{"target": -47.84134609403716, "params": {"C": 46251.03859886684, "gamma": 0.05705935924732484}, "datetime": {"datetime": "2021-10-04 11:53:43", "elapsed": 66.920404, "delta": 0.621109}}
{"target": -47.83639768188618, "params": {"C": 46240.895534465555, "gamma": 0.0575271796006014}, "datetime": {"datetime": "2021-10-04 11:53:43", "elapsed": 67.556838, "delta": 0.636434}}
{"target": -47.72513084822296, "params": {"C": 46350.83891784802, "gamma": 0.0870256197916634}, "datetime": {"datetime": "2021-10-04 11:53:44", "elapsed": 68.308813, "delta": 0.751975}}
{"target": -48.1438599672313, "params": {"C": 46355.72506382664, "gamma": 0.03601549866286278}, "datetime": {"datetime": "2021-10-04 11:53:45", "elapsed": 69.003865, "delta": 0.695052}}
{"target": -47.78505486760366, "params": {"C": 46216.108906277266, "gamma": 0.06796331292370072}, "datetime": {"datetime": "2021-10-04 11:53:46", "elapsed": 69.620995, "delta": 0.61713}}
{"target": -48.061414142367944, "params": {"C": 46223.09660050149, "gamma": 0.04106150634117628}, "datetime": {"datetime": "2021-10-04 11:53:46", "elapsed": 70.386342, "delta": 0.765347}}
{"target": -47.71955675560342, "params": {"C": 46235.190423352964, "gamma": 0.10838657834041707}, "datetime": {"datetime": "2021-10-04 11:53:47", "elapsed": 71.002829, "delta": 0.616487}}
{"target": -47.734530633538235, "params": {"C": 46209.642280566986, "gamma": 0.08580724869989612}, "datetime": {"datetime": "2021-10-04 11:53:48", "elapsed": 71.731054, "delta": 0.728225}}
{"target": -48.559283790836716, "params": {"C": 46201.11421803745, "gamma": 0.02531899083067214}, "datetime": {"datetime": "2021-10-04 11:53:48", "elapsed": 72.422291, "delta": 0.691237}}
{"target": -49.10005793158454, "params": {"C": 46230.3478971012, "gamma": 0.019362639359177713}, "datetime": {"datetime": "2021-10-04 11:53:49", "elapsed": 73.065632, "delta": 0.643341}}
{"target": -48.380349086106484, "params": {"C": 35571.67857318222, "gamma": 0.14460185153779256}, "datetime": {"datetime": "2021-10-04 11:53:50", "elapsed": 73.683402, "delta": 0.61777}}
{"target": -48.34251451255801, "params": {"C": 63880.25323551529, "gamma": 0.12901325060473123}, "datetime": {"datetime": "2021-10-04 11:53:50", "elapsed": 74.427624, "delta": 0.744222}}
{"target": -48.354660995153196, "params": {"C": 35694.73054107992, "gamma": 0.03806178839859578}, "datetime": {"datetime": "2021-10-04 11:53:51", "elapsed": 75.09374, "delta": 0.666116}}
{"target": -48.04048739286341, "params": {"C": 46280.12490932809, "gamma": 0.12865800603256716}, "datetime": {"datetime": "2021-10-04 11:53:52", "elapsed": 75.845206, "delta": 0.751466}}
{"target": -47.95158912637935, "params": {"C": 46255.16534888795, "gamma": 0.047843445950738646}, "datetime": {"datetime": "2021-10-04 11:53:52", "elapsed": 76.507598, "delta": 0.662392}}
{"target": -48.42300289350497, "params": {"C": 46338.206940087075, "gamma": 0.14962560676321898}, "datetime": {"datetime": "2021-10-04 11:53:53", "elapsed": 77.14911, "delta": 0.641512}}
{"target": -48.145071134860274, "params": {"C": 67714.92771756629, "gamma": 0.11774364797196266}, "datetime": {"datetime": "2021-10-04 11:53:54", "elapsed": 77.817411, "delta": 0.668301}}
{"target": -48.38422082212226, "params": {"C": 46264.473357440664, "gamma": 0.1475510014903423}, "datetime": {"datetime": "2021-10-04 11:53:55", "elapsed": 78.622077, "delta": 0.804666}}
{"target": -48.04737278637456, "params": {"C": 46245.70920441975, "gamma": 0.04184617752106087}, "datetime": {"datetime": "2021-10-04 11:53:55", "elapsed": 79.289971, "delta": 0.667894}}
{"target": -47.7843327115083, "params": {"C": 67878.66299564333, "gamma": 0.06068929821074942}, "datetime": {"datetime": "2021-10-04 11:53:56", "elapsed": 80.039625, "delta": 0.749654}}
{"target": -47.77564207281477, "params": {"C": 55949.629282656024, "gamma": 0.061961731889969486}, "datetime": {"datetime": "2021-10-04 11:53:57", "elapsed": 80.773146, "delta": 0.733521}}
{"target": -47.837036788311664, "params": {"C": 67727.20610019569, "gamma": 0.05363514204228031}, "datetime": {"datetime": "2021-10-04 11:53:57", "elapsed": 81.462395, "delta": 0.689249}}
{"target": -48.1399702628717, "params": {"C": 67733.15787223104, "gamma": 0.11753176381242415}, "datetime": {"datetime": "2021-10-04 11:53:58", "elapsed": 82.152823, "delta": 0.690428}}
{"target": -47.862401924500695, "params": {"C": 67884.52041927954, "gamma": 0.03933927538297167}, "datetime": {"datetime": "2021-10-04 11:53:59", "elapsed": 82.979438, "delta": 0.826615}}
{"target": -47.923586549054285, "params": {"C": 35686.21973382951, "gamma": 0.11109355633992783}, "datetime": {"datetime": "2021-10-04 11:54:00", "elapsed": 83.71309, "delta": 0.733652}}
