{"target": -52.18007145445305, "params": {"C": 343233.41515993985, "gamma": 0.2295081402866709}, "datetime": {"datetime": "2021-10-04 11:37:04", "elapsed": 33.110287, "delta": 0.533247}}
{"target": -51.04092886017155, "params": {"C": 191013.27012160778, "gamma": 0.02081898340285905}, "datetime": {"datetime": "2021-10-04 11:37:05", "elapsed": 33.806608, "delta": 0.696321}}
{"target": -50.732732932822216, "params": {"C": 111701.22216875937, "gamma": 0.22718631149869473}, "datetime": {"datetime": "2021-10-04 11:37:06", "elapsed": 34.253408, "delta": 0.4468}}
{"target": -51.2150133534336, "params": {"C": 112025.90480018497, "gamma": 0.16531188123408389}, "datetime": {"datetime": "2021-10-04 11:37:06", "elapsed": 34.720012, "delta": 0.466604}}
{"target": -50.20504476687106, "params": {"C": 403354.0192310301, "gamma": 0.38119420940343485}, "datetime": {"datetime": "2021-10-04 11:37:07", "elapsed": 35.274925, "delta": 0.554913}}
{"target": -52.12010238355747, "params": {"C": 246225.02702904792, "gamma": 0.09538961307526607}, "datetime": {"datetime": "2021-10-04 11:37:07", "elapsed": 35.85945, "delta": 0.584525}}
{"target": -51.1155681309606, "params": {"C": 35363.98546248286, "gamma": 0.2008574237254654}, "datetime": {"datetime": "2021-10-04 11:37:08", "elapsed": 36.381465, "delta": 0.522015}}
{"target": -51.08478793058167, "params": {"C": 111702.56669012595, "gamma": 0.18689953798089007}, "datetime": {"datetime": "2021-10-04 11:37:08", "elapsed": 37.003463, "delta": 0.621998}}
{"target": -51.367526949785045, "params": {"C": 123798.37387405067, "gamma": 0.12996115732820931}, "datetime": {"datetime": "2021-10-04 11:37:09", "elapsed": 37.550827, "delta": 0.547364}}
{"target": -50.71747472040506, "params": {"C": 63328.33395371396, "gamma": 0.22425330556340062}, "datetime": {"datetime": "2021-10-04 11:37:09", "elapsed": 38.081443, "delta": 0.530616}}
{"target": -49.634030040699706, "params": {"C": 221293.20830976975, "gamma": 0.38880396263900685}, "datetime": {"datetime": "2021-10-04 11:37:10", "elapsed": 38.644887, "delta": 0.563444}}
{"target": -50.45465296078272, "params": {"C": 221292.829751896, "gamma": 0.29713859877870263}, "datetime": {"datetime": "2021-10-04 11:37:11", "elapsed": 39.243727, "delta": 0.59884}}
{"target": -52.59893214506685, "params": {"C": 311067.5548779756, "gamma": 0.09515255428063334}, "datetime": {"datetime": "2021-10-04 11:37:11", "elapsed": 39.788729, "delta": 0.545002}}
{"target": -50.759548105155936, "params": {"C": 491223.52759694355, "gamma": 0.3506970656537021}, "datetime": {"datetime": "2021-10-04 11:37:12", "elapsed": 40.360187, "delta": 0.571458}}
{"target": -50.51625542890057, "params": {"C": 55145.333725025055, "gamma": 0.32020656600111624}, "datetime": {"datetime": "2021-10-04 11:37:12", "elapsed": 40.889186, "delta": 0.528999}}
{"target": -52.45832112613128, "params": {"C": 247806.11118887493, "gamma": 0.1791532077191024}, "datetime": {"datetime": "2021-10-04 11:37:13", "elapsed": 41.355187, "delta": 0.466001}}
{"target": -52.85941653382782, "params": {"C": 479859.80685464013, "gamma": 0.2330230405585095}, "datetime": {"datetime": "2021-10-04 11:37:13", "elapsed": 41.863615, "delta": 0.508428}}
{"target": -50.285592201939785, "params": {"C": 325436.907387285, "gamma": 0.35400970963571166}, "datetime": {"datetime": "2021-10-04 11:37:14", "elapsed": 42.419851, "delta": 0.556236}}
{"target": -53.19426057398099, "params": {"C": 425673.5130434768, "gamma": 0.20142542034909153}, "datetime": {"datetime": "2021-10-04 11:37:14", "elapsed": 43.055406, "delta": 0.635555}}
{"target": -51.8902928186289, "params": {"C": 313241.4512993586, "gamma": 0.06958214238198582}, "datetime": {"datetime": "2021-10-04 11:37:15", "elapsed": 43.567973, "delta": 0.512567}}
{"target": -51.55914311678484, "params": {"C": 297784.6960169166, "gamma": 0.24996130498551078}, "datetime": {"datetime": "2021-10-04 11:37:15", "elapsed": 44.00043, "delta": 0.432457}}
{"target": -50.97455996806942, "params": {"C": 259184.48977604206, "gamma": 0.04539022549989158}, "datetime": {"datetime": "2021-10-04 11:37:16", "elapsed": 44.53621, "delta": 0.53578}}
{"target": -52.199574133557604, "params": {"C": 440635.1636145907, "gamma": 0.060721863946813656}, "datetime": {"datetime": "2021-10-04 11:37:16", "elapsed": 45.022822, "delta": 0.486612}}
{"target": -49.85447879763737, "params": {"C": 151426.56165081268, "gamma": 0.3202672889602598}, "datetime": {"datetime": "2021-10-04 11:37:17", "elapsed": 45.50728, "delta": 0.484458}}
{"target": -51.26759035760433, "params": {"C": 439642.0396216589, "gamma": 0.3065680884249672}, "datetime": {"datetime": "2021-10-04 11:37:17", "elapsed": 45.993093, "delta": 0.485813}}
{"target": -50.179175174025616, "params": {"C": 225733.33100793534, "gamma": 0.32437839754473424}, "datetime": {"datetime": "2021-10-04 11:37:18", "elapsed": 46.540106, "delta": 0.547013}}
{"target": -51.959537768587026, "params": {"C": 456946.13496993715, "gamma": 0.27036989593965277}, "datetime": {"datetime": "2021-10-04 11:37:18", "elapsed": 47.076779, "delta": 0.536673}}
{"target": -51.83857399334174, "params": {"C": 299327.05815282464, "gamma": 0.23284112477025565}, "datetime": {"datetime": "2021-10-04 11:37:19", "elapsed": 47.762503, "delta": 0.685724}}
{"target": -51.03461623957934, "params": {"C": 39461.921029482946, "gamma": 0.15567069001763745}, "datetime": {"datetime": "2021-10-04 11:37:20", "elapsed": 48.278942, "delta": 0.516439}}
{"target": -52.87266780832672, "params": {"C": 440942.26656133117, "gamma": 0.22310864661560242}, "datetime": {"datetime": "2021-10-04 11:37:20", "elapsed": 48.844611, "delta": 0.565669}}
{"target": -51.16860784106512, "params": {"C": 126328.02652242876, "gamma": 0.022556817201278456}, "datetime": {"datetime": "2021-10-04 11:37:21", "elapsed": 49.324842, "delta": 0.480231}}
{"target": -50.52993457819334, "params": {"C": 57174.92408617518, "gamma": 0.27956463270078025}, "datetime": {"datetime": "2021-10-04 11:37:21", "elapsed": 49.82727, "delta": 0.502428}}
{"target": -51.22499653617755, "params": {"C": 135096.74462376826, "gamma": 0.1959499369544742}, "datetime": {"datetime": "2021-10-04 11:37:22", "elapsed": 50.444603, "delta": 0.617333}}
{"target": -50.68793168618935, "params": {"C": 324715.64069717453, "gamma": 0.02485216093258085}, "datetime": {"datetime": "2021-10-04 11:37:22", "elapsed": 51.118378, "delta": 0.673775}}
{"target": -50.11159163785598, "params": {"C": 224064.6019381707, "gamma": 0.33020392535240595}, "datetime": {"datetime": "2021-10-04 11:37:23", "elapsed": 51.660508, "delta": 0.54213}}
{"target": -49.544967644083556, "params": {"C": 174953.56432746744, "gamma": 0.37604117860825215}, "datetime": {"datetime": "2021-10-04 11:37:24", "elapsed": 52.298268, "delta": 0.63776}}
{"target": -52.129378686899145, "params": {"C": 299335.1581822072, "gamma": 0.07975380526904466}, "datetime": {"datetime": "2021-10-04 11:37:24", "elapsed": 52.799385, "delta": 0.501117}}
{"target": -51.69296381597653, "params": {"C": 238678.46556590064, "gamma": 0.2186340725026651}, "datetime": {"datetime": "2021-10-04 11:37:25", "elapsed": 53.420231, "delta": 0.620846}}
{"target": -52.106338218790846, "params": {"C": 194030.1894856612, "gamma": 0.16803161462953387}, "datetime": {"datetime": "2021-10-04 11:37:25", "elapsed": 53.959216, "delta": 0.538985}}
{"target": -49.86167882787219, "params": {"C": 171188.8510433143, "gamma": 0.32776566431184323}, "datetime": {"datetime": "2021-10-04 11:37:26", "elapsed": 54.471553, "delta": 0.512337}}
{"target": -49.73993373902091, "params": {"C": 248092.56568150542, "gamma": 0.3854739655397201}, "datetime": {"datetime": "2021-10-04 11:37:26", "elapsed": 54.97296, "delta": 0.501407}}
{"target": -52.21655655795184, "params": {"C": 288454.10600713757, "gamma": 0.08559580190288953}, "datetime": {"datetime": "2021-10-04 11:37:27", "elapsed": 55.518946, "delta": 0.545986}}
{"target": -50.63929093339789, "params": {"C": 183051.64186342552, "gamma": 0.03957658137299101}, "datetime": {"datetime": "2021-10-04 11:37:27", "elapsed": 56.170569, "delta": 0.651623}}
{"target": -51.016258793011836, "params": {"C": 60891.47275299596, "gamma": 0.15457124477554723}, "datetime": {"datetime": "2021-10-04 11:37:28", "elapsed": 56.735354, "delta": 0.564785}}
{"target": -51.207135417693856, "params": {"C": 185711.04799130707, "gamma": 0.23030070311922382}, "datetime": {"datetime": "2021-10-04 11:37:29", "elapsed": 57.283191, "delta": 0.547837}}
{"target": -51.69695155338117, "params": {"C": 21467.501124501825, "gamma": 0.14157349748056233}, "datetime": {"datetime": "2021-10-04 11:37:29", "elapsed": 57.785751, "delta": 0.50256}}
{"target": -52.15342041013347, "params": {"C": 279749.33677466796, "gamma": 0.08529000173085499}, "datetime": {"datetime": "2021-10-04 11:37:30", "elapsed": 58.344049, "delta": 0.558298}}
{"target": -52.511023567555185, "params": {"C": 376750.4161767733, "gamma": 0.2228220868673277}, "datetime": {"datetime": "2021-10-04 11:37:30", "elapsed": 58.882126, "delta": 0.538077}}
{"target": -51.75561844700388, "params": {"C": 251830.147072462, "gamma": 0.07742098012750107}, "datetime": {"datetime": "2021-10-04 11:37:31", "elapsed": 59.568101, "delta": 0.685975}}
{"target": -51.09055061785692, "params": {"C": 358270.80165171006, "gamma": 0.29767433807615373}, "datetime": {"datetime": "2021-10-04 11:37:32", "elapsed": 60.230661, "delta": 0.66256}}
{"target": -51.38305103837459, "params": {"C": 380624.23190017755, "gamma": 0.045334842250152815}, "datetime": {"datetime": "2021-10-04 11:37:32", "elapsed": 60.938889, "delta": 0.708228}}
{"target": -51.371659292566044, "params": {"C": 138342.3959318644, "gamma": 0.10078107153869403}, "datetime": {"datetime": "2021-10-04 11:37:33", "elapsed": 61.503049, "delta": 0.56416}}
{"target": -52.98563444265862, "params": {"C": 413248.71790511336, "gamma": 0.08094284370935273}, "datetime": {"datetime": "2021-10-04 11:37:33", "elapsed": 62.108603, "delta": 0.605554}}
{"target": -50.64297369082387, "params": {"C": 218625.49622133098, "gamma": 0.2802962914115103}, "datetime": {"datetime": "2021-10-04 11:37:34", "elapsed": 62.719891, "delta": 0.611288}}
{"target": -52.60860820126658, "params": {"C": 256092.61589985978, "gamma": 0.1733395182787888}, "datetime": {"datetime": "2021-10-04 11:37:35", "elapsed": 63.348679, "delta": 0.628788}}
{"target": -50.75938011718914, "params": {"C": 378078.4976911665, "gamma": 0.032063840061157325}, "datetime": {"datetime": "2021-10-04 11:37:35", "elapsed": 63.906733, "delta": 0.558054}}
{"target": -52.586123812479826, "params": {"C": 232522.85216931815, "gamma": 0.13777175559214044}, "datetime": {"datetime": "2021-10-04 11:37:36", "elapsed": 64.486831, "delta": 0.580098}}
{"target": -52.26696650854328, "params": {"C": 209020.63402369866, "gamma": 0.1304021227346964}, "datetime": {"datetime": "2021-10-04 11:37:36", "elapsed": 65.064042, "delta": 0.577211}}
{"target": -50.69343521966884, "params": {"C": 401319.80341690715, "gamma": 0.33997081145533176}, "datetime": {"datetime": "2021-10-04 11:37:37", "elapsed": 65.642047, "delta": 0.578005}}
{"target": -50.19616285366692, "params": {"C": 130973.49856763588, "gamma": 0.2825839690917285}, "datetime": {"datetime": "2021-10-04 11:37:37", "elapsed": 66.195713, "delta": 0.553666}}
{"target": -51.715045813591765, "params": {"C": 437994.06173168414, "gamma": 0.04949996105073094}, "datetime": {"datetime": "2021-10-04 11:37:38", "elapsed": 67.035841, "delta": 0.840128}}
{"target": -50.65062831995005, "params": {"C": 74728.14909497071, "gamma": 0.0541816832898914}, "datetime": {"datetime": "2021-10-04 11:37:39", "elapsed": 67.64518, "delta": 0.609339}}
{"target": -49.90343042029242, "params": {"C": 193731.563209869, "gamma": 0.33489248703962293}, "datetime": {"datetime": "2021-10-04 11:37:40", "elapsed": 68.264644, "delta": 0.619464}}
{"target": -49.91515503056491, "params": {"C": 86390.33838945553, "gamma": 0.34207984006309894}, "datetime": {"datetime": "2021-10-04 11:37:40", "elapsed": 69.079808, "delta": 0.815164}}
{"target": -53.630617752873135, "params": {"C": 426959.3440200142, "gamma": 0.18116523486198152}, "datetime": {"datetime": "2021-10-04 11:37:41", "elapsed": 69.779676, "delta": 0.699868}}
{"target": -53.39019041424619, "params": {"C": 384482.48654672375, "gamma": 0.09830817426438279}, "datetime": {"datetime": "2021-10-04 11:37:42", "elapsed": 70.379738, "delta": 0.600062}}
{"target": -51.563332402650104, "params": {"C": 168902.63223155166, "gamma": 0.19394379687651594}, "datetime": {"datetime": "2021-10-04 11:37:42", "elapsed": 71.041668, "delta": 0.66193}}
{"target": -52.03819017144358, "params": {"C": 426690.2128149649, "gamma": 0.26087225998364655}, "datetime": {"datetime": "2021-10-04 11:37:43", "elapsed": 71.633326, "delta": 0.591658}}
{"target": -51.88121248385774, "params": {"C": 410285.3018363859, "gamma": 0.0564118134406668}, "datetime": {"datetime": "2021-10-04 11:37:44", "elapsed": 72.248856, "delta": 0.61553}}
{"target": -50.69191320626936, "params": {"C": 164311.98432671407, "gamma": 0.25609383614623676}, "datetime": {"datetime": "2021-10-04 11:37:44", "elapsed": 72.858549, "delta": 0.609693}}
{"target": -50.05068373624701, "params": {"C": 227210.7972928845, "gamma": 0.33821787982911944}, "datetime": {"datetime": "2021-10-04 11:37:45", "elapsed": 73.474996, "delta": 0.616447}}
{"target": -51.22228599087983, "params": {"C": 402146.24735103815, "gamma": 0.01291661055080113}, "datetime": {"datetime": "2021-10-04 11:37:46", "elapsed": 74.266632, "delta": 0.791636}}
{"target": -52.34513618452714, "params": {"C": 245440.03548007132, "gamma": 0.1852387407072859}, "datetime": {"datetime": "2021-10-04 11:37:46", "elapsed": 74.864632, "delta": 0.598}}
{"target": -53.15455176719607, "params": {"C": 293621.7781621319, "gamma": 0.15616206877032987}, "datetime": {"datetime": "2021-10-04 11:37:47", "elapsed": 75.460689, "delta": 0.596057}}
{"target": -53.24115087617842, "params": {"C": 332805.34837997676, "gamma": 0.17091164854336116}, "datetime": {"datetime": "2021-10-04 11:37:47", "elapsed": 76.07716, "delta": 0.616471}}
{"target": -50.08083702840104, "params": {"C": 90128.36038506137, "gamma": 0.29075315832198684}, "datetime": {"datetime": "2021-10-04 11:37:48", "elapsed": 76.824438, "delta": 0.747278}}
{"target": -51.83379385839316, "params": {"C": 180897.36314999574, "gamma": 0.11865998768160319}, "datetime": {"datetime": "2021-10-04 11:37:49", "elapsed": 77.436815, "delta": 0.612377}}
{"target": -50.71717673778958, "params": {"C": 48409.729552182835, "gamma": 0.3005316607511684}, "datetime": {"datetime": "2021-10-04 11:37:50", "elapsed": 78.409897, "delta": 0.973082}}
{"target": -50.567397942942314, "params": {"C": 74459.12777200213, "gamma": 0.2340327685327157}, "datetime": {"datetime": "2021-10-04 11:37:50", "elapsed": 79.072314, "delta": 0.662417}}
{"target": -50.93474750380907, "params": {"C": 398553.8036489885, "gamma": 0.3203661216376844}, "datetime": {"datetime": "2021-10-04 11:37:51", "elapsed": 79.695643, "delta": 0.623329}}
{"target": -49.834374638308255, "params": {"C": 271883.3556614736, "gamma": 0.3841204819672717}, "datetime": {"datetime": "2021-10-04 11:37:52", "elapsed": 80.337608, "delta": 0.641965}}
{"target": -51.77987649719047, "params": {"C": 435799.28179205203, "gamma": 0.2749606786515466}, "datetime": {"datetime": "2021-10-04 11:37:52", "elapsed": 81.037848, "delta": 0.70024}}
{"target": -51.32272721822409, "params": {"C": 276813.3841982024, "gamma": 0.25744310167617285}, "datetime": {"datetime": "2021-10-04 11:37:53", "elapsed": 81.661676, "delta": 0.623828}}
{"target": -54.169659884869844, "params": {"C": 490999.12673324294, "gamma": 0.17315273404148163}, "datetime": {"datetime": "2021-10-04 11:37:54", "elapsed": 82.383973, "delta": 0.722297}}
{"target": -50.63984311272956, "params": {"C": 115783.79447349047, "gamma": 0.23871871952641385}, "datetime": {"datetime": "2021-10-04 11:37:54", "elapsed": 83.102398, "delta": 0.718425}}
{"target": -50.16488263079715, "params": {"C": 114256.94667846747, "gamma": 0.2805176472799453}, "datetime": {"datetime": "2021-10-04 11:37:55", "elapsed": 84.044777, "delta": 0.942379}}
{"target": -50.58229828517744, "params": {"C": 479254.13387517387, "gamma": 0.3620710800111789}, "datetime": {"datetime": "2021-10-04 11:37:56", "elapsed": 84.699994, "delta": 0.655217}}
{"target": -51.731977542674095, "params": {"C": 346751.00814829435, "gamma": 0.2559464597637708}, "datetime": {"datetime": "2021-10-04 11:37:57", "elapsed": 85.52134, "delta": 0.821346}}
{"target": -51.04377752325623, "params": {"C": 41739.84083293672, "gamma": 0.33879746251664206}, "datetime": {"datetime": "2021-10-04 11:37:58", "elapsed": 86.638693, "delta": 1.117353}}
{"target": -54.62600854307993, "params": {"C": 483377.86014133476, "gamma": 0.10892839672531941}, "datetime": {"datetime": "2021-10-04 11:37:59", "elapsed": 87.524639, "delta": 0.885946}}
{"target": -50.1900194298229, "params": {"C": 401901.4814144323, "gamma": 0.38255188878156215}, "datetime": {"datetime": "2021-10-04 11:38:00", "elapsed": 88.286305, "delta": 0.761666}}
{"target": -50.98763998611001, "params": {"C": 52857.10810295459, "gamma": 0.1756159710087522}, "datetime": {"datetime": "2021-10-04 11:38:00", "elapsed": 89.075718, "delta": 0.789413}}
{"target": -50.83742425518846, "params": {"C": 104846.43790586265, "gamma": 0.20814598994771524}, "datetime": {"datetime": "2021-10-04 11:38:01", "elapsed": 89.786113, "delta": 0.710395}}
{"target": -51.08009083165719, "params": {"C": 147275.94251174488, "gamma": 0.2197043772889801}, "datetime": {"datetime": "2021-10-04 11:38:02", "elapsed": 90.683633, "delta": 0.89752}}
{"target": -50.6838772028734, "params": {"C": 224105.76145614125, "gamma": 0.2798192325602337}, "datetime": {"datetime": "2021-10-04 11:38:03", "elapsed": 91.39226, "delta": 0.708627}}
{"target": -51.59385863329146, "params": {"C": 464761.23389535316, "gamma": 0.2918093640918674}, "datetime": {"datetime": "2021-10-04 11:38:03", "elapsed": 92.174599, "delta": 0.782339}}
{"target": -51.50712497007786, "params": {"C": 427908.8221595916, "gamma": 0.2891404033004793}, "datetime": {"datetime": "2021-10-04 11:38:04", "elapsed": 92.92434, "delta": 0.749741}}
{"target": -51.03430437741499, "params": {"C": 368475.41392491094, "gamma": 0.016001518146840192}, "datetime": {"datetime": "2021-10-04 11:38:05", "elapsed": 93.722238, "delta": 0.797898}}
{"target": -51.15516671777886, "params": {"C": 246412.7817382436, "gamma": 0.01696045826600473}, "datetime": {"datetime": "2021-10-04 11:38:06", "elapsed": 94.44127, "delta": 0.719032}}
{"target": -52.355359007576084, "params": {"C": 18855.18072406843, "gamma": 0.25488696291198115}, "datetime": {"datetime": "2021-10-04 11:38:07", "elapsed": 95.225684, "delta": 0.784414}}
{"target": -50.82008018674255, "params": {"C": 48213.88823305494, "gamma": 0.06139247855996713}, "datetime": {"datetime": "2021-10-04 11:38:07", "elapsed": 95.949258, "delta": 0.723574}}
{"target": -51.02476878142614, "params": {"C": 37854.95137655274, "gamma": 0.15137718162785158}, "datetime": {"datetime": "2021-10-04 11:38:08", "elapsed": 96.845482, "delta": 0.896224}}
{"target": -51.033858975800854, "params": {"C": 81790.25111509167, "gamma": 0.15398822939381504}, "datetime": {"datetime": "2021-10-04 11:38:09", "elapsed": 97.785691, "delta": 0.940209}}
{"target": -50.06248463549743, "params": {"C": 211031.55181593457, "gamma": 0.3280146095577321}, "datetime": {"datetime": "2021-10-04 11:38:10", "elapsed": 98.694708, "delta": 0.909017}}
{"target": -50.66305756817039, "params": {"C": 375982.6214445667, "gamma": 0.029238445405341106}, "datetime": {"datetime": "2021-10-04 11:38:11", "elapsed": 99.502252, "delta": 0.807544}}
{"target": -51.31120243033362, "params": {"C": 354239.8338634252, "gamma": 0.28163813620097455}, "datetime": {"datetime": "2021-10-04 11:38:12", "elapsed": 100.379648, "delta": 0.877396}}
{"target": -51.62694326821868, "params": {"C": 19599.798347673273, "gamma": 0.07981353910437453}, "datetime": {"datetime": "2021-10-04 11:38:13", "elapsed": 101.273604, "delta": 0.893956}}
{"target": -49.56625504807736, "params": {"C": 118021.78400665079, "gamma": 0.38008611717668717}, "datetime": {"datetime": "2021-10-04 11:38:13", "elapsed": 101.993003, "delta": 0.719399}}
{"target": -50.79867039100794, "params": {"C": 54509.137870970495, "gamma": 0.0537006308164608}, "datetime": {"datetime": "2021-10-04 11:38:14", "elapsed": 102.957556, "delta": 0.964553}}
{"target": -52.504090208744344, "params": {"C": 24448.551075841897, "gamma": 0.3811112401557966}, "datetime": {"datetime": "2021-10-04 11:38:15", "elapsed": 103.89578, "delta": 0.938224}}
{"target": -53.396387154348474, "params": {"C": 466656.3978502877, "gamma": 0.08203182162238308}, "datetime": {"datetime": "2021-10-04 11:38:16", "elapsed": 104.751382, "delta": 0.855602}}
{"target": -51.22734872079841, "params": {"C": 213186.8249439675, "gamma": 0.23938550366947645}, "datetime": {"datetime": "2021-10-04 11:38:17", "elapsed": 105.45397, "delta": 0.702588}}
{"target": -51.83135690408268, "params": {"C": 192044.32811154693, "gamma": 0.18980232204560227}, "datetime": {"datetime": "2021-10-04 11:38:18", "elapsed": 106.529424, "delta": 1.075454}}
{"target": -51.42884990884164, "params": {"C": 262874.70032868284, "gamma": 0.24510643218078096}, "datetime": {"datetime": "2021-10-04 11:38:19", "elapsed": 107.632944, "delta": 1.10352}}
{"target": -53.223345243871655, "params": {"C": 306516.46635733877, "gamma": 0.1217549477934127}, "datetime": {"datetime": "2021-10-04 11:38:20", "elapsed": 108.415206, "delta": 0.782262}}
{"target": -51.87468417233471, "params": {"C": 285224.38141390035, "gamma": 0.22462295658057987}, "datetime": {"datetime": "2021-10-04 11:38:21", "elapsed": 109.289963, "delta": 0.874757}}
{"target": -51.7545472014353, "params": {"C": 363700.648103561, "gamma": 0.0578683138992931}, "datetime": {"datetime": "2021-10-04 11:38:21", "elapsed": 110.158727, "delta": 0.868764}}
