{"target": -35.16880915241802, "params": {"C": 18079.054866966246, "gamma": 0.052632433408841744}, "datetime": {"datetime": "2021-09-29 07:42:21", "elapsed": 219.513437, "delta": 2.115466}}
{"target": -34.560995074940756, "params": {"C": 18582.725735145163, "gamma": 0.023917157621228702}, "datetime": {"datetime": "2021-09-29 07:42:23", "elapsed": 221.458382, "delta": 1.944945}}
{"target": -35.15111122880846, "params": {"C": 15773.122528758584, "gamma": 0.011660512386692419}, "datetime": {"datetime": "2021-09-29 07:42:24", "elapsed": 223.212725, "delta": 1.754343}}
{"target": -34.642818021314056, "params": {"C": 18386.062513673016, "gamma": 0.029451184390112156}, "datetime": {"datetime": "2021-09-29 07:42:27", "elapsed": 225.741423, "delta": 2.528698}}
{"target": -35.59169771451412, "params": {"C": 19567.635892218175, "gamma": 0.06286405193811949}, "datetime": {"datetime": "2021-09-29 07:42:29", "elapsed": 227.758333, "delta": 2.01691}}
{"target": -34.55967986299069, "params": {"C": 18386.00821959599, "gamma": 0.018127113421743255}, "datetime": {"datetime": "2021-09-29 07:42:32", "elapsed": 230.776199, "delta": 3.017866}}
{"target": -34.61111824692992, "params": {"C": 15165.968114701984, "gamma": 0.027584477841789027}, "datetime": {"datetime": "2021-09-29 07:42:35", "elapsed": 233.58437, "delta": 2.808171}}
{"target": -34.75455836295285, "params": {"C": 14984.470770051961, "gamma": 0.036330231118752034}, "datetime": {"datetime": "2021-09-29 07:42:37", "elapsed": 236.416045, "delta": 2.831675}}
{"target": -34.96840420159914, "params": {"C": 15463.743323114035, "gamma": 0.04623598917155538}, "datetime": {"datetime": "2021-09-29 07:42:40", "elapsed": 238.57242, "delta": 2.156375}}
{"target": -34.62887326263066, "params": {"C": 19370.196666536216, "gamma": 0.01636838712372969}, "datetime": {"datetime": "2021-09-29 07:42:42", "elapsed": 240.490812, "delta": 1.918392}}
{"target": -35.0562733168541, "params": {"C": 15043.085884001848, "gamma": 0.05032506313326986}, "datetime": {"datetime": "2021-09-29 07:42:44", "elapsed": 242.587003, "delta": 2.096191}}
{"target": -34.73966353967209, "params": {"C": 17276.045820673004, "gamma": 0.0350330828651581}, "datetime": {"datetime": "2021-09-29 07:42:45", "elapsed": 244.330455, "delta": 1.743452}}
{"target": -36.033370514808894, "params": {"C": 19423.53130651186, "gamma": 0.07587115812232983}, "datetime": {"datetime": "2021-09-29 07:42:47", "elapsed": 245.967454, "delta": 1.636999}}
{"target": -35.17320702880509, "params": {"C": 14001.662063995493, "gamma": 0.05640455171947931}, "datetime": {"datetime": "2021-09-29 07:42:49", "elapsed": 247.820061, "delta": 1.852607}}
{"target": -34.67942664784746, "params": {"C": 18044.681182023636, "gamma": 0.031618302963557054}, "datetime": {"datetime": "2021-09-29 07:42:51", "elapsed": 249.48038, "delta": 1.660319}}
{"target": -35.30671667934014, "params": {"C": 19792.4103720247, "gamma": 0.009755399135500605}, "datetime": {"datetime": "2021-09-29 07:42:52", "elapsed": 251.367652, "delta": 1.887272}}
{"target": -35.14759671676674, "params": {"C": 18470.015399171065, "gamma": 0.051428728201220485}, "datetime": {"datetime": "2021-09-29 07:42:54", "elapsed": 252.831314, "delta": 1.463662}}
{"target": -34.925938864021674, "params": {"C": 17313.23308089196, "gamma": 0.04350803414737918}, "datetime": {"datetime": "2021-09-29 07:42:55", "elapsed": 254.137312, "delta": 1.305998}}
{"target": -35.10605786187201, "params": {"C": 17565.46464159341, "gamma": 0.050615911041410465}, "datetime": {"datetime": "2021-09-29 07:42:57", "elapsed": 256.135481, "delta": 1.998169}}
{"target": -34.74643629202002, "params": {"C": 15944.168971002757, "gamma": 0.0356885687759616}, "datetime": {"datetime": "2021-09-29 07:42:59", "elapsed": 257.787888, "delta": 1.652407}}
{"target": -34.81326186290561, "params": {"C": 19320.425997197726, "gamma": 0.014041637006063482}, "datetime": {"datetime": "2021-09-29 07:43:01", "elapsed": 259.995601, "delta": 2.207713}}
{"target": -35.901071935331395, "params": {"C": 18205.43388784993, "gamma": 0.07438547064892498}, "datetime": {"datetime": "2021-09-29 07:43:02", "elapsed": 261.371487, "delta": 1.375886}}
{"target": -34.538114583528156, "params": {"C": 19008.690701353793, "gamma": 0.018956347688587907}, "datetime": {"datetime": "2021-09-29 07:43:04", "elapsed": 263.032044, "delta": 1.660557}}
{"target": -35.58178999207628, "params": {"C": 15012.096158485523, "gamma": 0.00855932057710274}, "datetime": {"datetime": "2021-09-29 07:43:06", "elapsed": 264.69827, "delta": 1.666226}}
{"target": -35.11959930507123, "params": {"C": 19370.208232528694, "gamma": 0.049576074580801176}, "datetime": {"datetime": "2021-09-29 07:43:08", "elapsed": 266.861273, "delta": 2.163003}}
{"target": -34.609510357936855, "params": {"C": 15724.148321745131, "gamma": 0.01832033084419657}, "datetime": {"datetime": "2021-09-29 07:43:10", "elapsed": 268.739267, "delta": 1.877994}}
{"target": -35.392530242968704, "params": {"C": 17927.031292119675, "gamma": 0.05964225024313507}, "datetime": {"datetime": "2021-09-29 07:43:12", "elapsed": 270.608746, "delta": 1.869479}}
{"target": -35.87601027842613, "params": {"C": 16061.399012056427, "gamma": 0.006547815683862811}, "datetime": {"datetime": "2021-09-29 07:43:14", "elapsed": 272.798021, "delta": 2.189275}}
{"target": -34.53386000214646, "params": {"C": 19148.009674602814, "gamma": 0.02048988607910124}, "datetime": {"datetime": "2021-09-29 07:43:16", "elapsed": 274.532015, "delta": 1.733994}}
{"target": -34.608369909938965, "params": {"C": 16510.8224523424, "gamma": 0.027350227540268675}, "datetime": {"datetime": "2021-09-29 07:43:18", "elapsed": 276.553993, "delta": 2.021978}}
{"target": -35.15435865402943, "params": {"C": 14750.132642419105, "gamma": 0.054919587977949845}, "datetime": {"datetime": "2021-09-29 07:43:20", "elapsed": 278.621989, "delta": 2.067996}}
{"target": -35.09502423988485, "params": {"C": 16061.369361228637, "gamma": 0.05134960118156035}, "datetime": {"datetime": "2021-09-29 07:43:22", "elapsed": 280.73837, "delta": 2.116381}}
{"target": -35.334833270999596, "params": {"C": 18905.762582056974, "gamma": 0.009708215011415685}, "datetime": {"datetime": "2021-09-29 07:43:25", "elapsed": 283.798414, "delta": 3.060044}}
{"target": -35.13467654045192, "params": {"C": 14816.482409143635, "gamma": 0.05397799287584345}, "datetime": {"datetime": "2021-09-29 07:43:26", "elapsed": 285.412341, "delta": 1.613927}}
{"target": -35.79846494271796, "params": {"C": 16501.436879161014, "gamma": 0.00697261543141396}, "datetime": {"datetime": "2021-09-29 07:43:28", "elapsed": 287.24162, "delta": 1.829279}}
{"target": -34.56094735381948, "params": {"C": 16335.68860957107, "gamma": 0.023043989502020346}, "datetime": {"datetime": "2021-09-29 07:43:31", "elapsed": 289.677501, "delta": 2.435881}}
{"target": -35.09701674702937, "params": {"C": 16801.075629951578, "gamma": 0.05095040879024945}, "datetime": {"datetime": "2021-09-29 07:43:33", "elapsed": 291.646998, "delta": 1.969497}}
{"target": -34.80706482400457, "params": {"C": 16406.076732137462, "gamma": 0.03846997299592264}, "datetime": {"datetime": "2021-09-29 07:43:35", "elapsed": 293.428296, "delta": 1.781298}}
{"target": -35.92707142256974, "params": {"C": 18790.117933750735, "gamma": 0.07396011702373118}, "datetime": {"datetime": "2021-09-29 07:43:36", "elapsed": 295.304948, "delta": 1.876652}}
{"target": -34.97486667490296, "params": {"C": 14001.703068082144, "gamma": 0.01373590291569091}, "datetime": {"datetime": "2021-09-29 07:43:39", "elapsed": 297.734301, "delta": 2.429353}}
{"target": -34.56446026821414, "params": {"C": 18386.020260601505, "gamma": 0.024175979536764553}, "datetime": {"datetime": "2021-09-29 07:43:40", "elapsed": 299.282598, "delta": 1.548297}}
{"target": -35.13697781015623, "params": {"C": 19823.79836081731, "gamma": 0.01088395457680149}, "datetime": {"datetime": "2021-09-29 07:43:42", "elapsed": 300.940577, "delta": 1.657979}}
{"target": -34.63867822656799, "params": {"C": 18440.37323743875, "gamma": 0.02919634644248666}, "datetime": {"datetime": "2021-09-29 07:43:44", "elapsed": 303.321471, "delta": 2.380894}}
{"target": -35.78784931243369, "params": {"C": 18181.162939117872, "gamma": 0.07114814624873918}, "datetime": {"datetime": "2021-09-29 07:43:46", "elapsed": 305.017806, "delta": 1.696335}}
{"target": -34.59519218998755, "params": {"C": 15891.356460141622, "gamma": 0.026427691743471995}, "datetime": {"datetime": "2021-09-29 07:43:48", "elapsed": 306.739708, "delta": 1.721902}}
{"target": -34.55920307448956, "params": {"C": 19005.744732390318, "gamma": 0.0176197268657802}, "datetime": {"datetime": "2021-09-29 07:43:50", "elapsed": 308.909878, "delta": 2.17017}}
{"target": -34.681571874675306, "params": {"C": 17199.259640232514, "gamma": 0.03187012977874811}, "datetime": {"datetime": "2021-09-29 07:43:52", "elapsed": 311.320015, "delta": 2.410137}}
{"target": -35.65353375342605, "params": {"C": 16258.397960846436, "gamma": 0.07106456663841582}, "datetime": {"datetime": "2021-09-29 07:43:54", "elapsed": 312.890984, "delta": 1.570969}}
{"target": -34.946662752522776, "params": {"C": 19008.71669277674, "gamma": 0.01267416093808069}, "datetime": {"datetime": "2021-09-29 07:43:56", "elapsed": 315.023262, "delta": 2.132278}}
{"target": -34.537928323673064, "params": {"C": 19395.95413662758, "gamma": 0.022019790200984417}, "datetime": {"datetime": "2021-09-29 07:43:58", "elapsed": 316.694382, "delta": 1.67112}}
{"target": -34.717451654215196, "params": {"C": 15773.123757862204, "gamma": 0.034164473961683144}, "datetime": {"datetime": "2021-09-29 07:44:00", "elapsed": 318.850401, "delta": 2.156019}}
{"target": -34.602288969494744, "params": {"C": 15773.146426284435, "gamma": 0.026940993729552696}, "datetime": {"datetime": "2021-09-29 07:44:03", "elapsed": 321.531152, "delta": 2.680751}}
{"target": -34.55403763303326, "params": {"C": 18262.62422193139, "gamma": 0.023353229092601815}, "datetime": {"datetime": "2021-09-29 07:44:06", "elapsed": 324.638154, "delta": 3.107002}}
{"target": -35.12132433395941, "params": {"C": 18044.662608730443, "gamma": 0.05078343479614612}, "datetime": {"datetime": "2021-09-29 07:44:08", "elapsed": 326.637515, "delta": 1.999361}}
{"target": -35.89554638971555, "params": {"C": 16991.019169826435, "gamma": 0.0063673068692493414}, "datetime": {"datetime": "2021-09-29 07:44:10", "elapsed": 328.755154, "delta": 2.117639}}
{"target": -34.79259024848132, "params": {"C": 14500.748921862265, "gamma": 0.038364474011370206}, "datetime": {"datetime": "2021-09-29 07:44:12", "elapsed": 330.702158, "delta": 1.947004}}
{"target": -34.71462851493583, "params": {"C": 19938.771340482006, "gamma": 0.015090300065063074}, "datetime": {"datetime": "2021-09-29 07:44:14", "elapsed": 333.199405, "delta": 2.497247}}
{"target": -34.83364823731128, "params": {"C": 19602.54407548473, "gamma": 0.013744450370436742}, "datetime": {"datetime": "2021-09-29 07:44:16", "elapsed": 335.076841, "delta": 1.877436}}
{"target": -34.74889611417418, "params": {"C": 19395.98446482997, "gamma": 0.034973176734783}, "datetime": {"datetime": "2021-09-29 07:44:19", "elapsed": 337.442386, "delta": 2.365545}}
{"target": -34.68717461448716, "params": {"C": 14530.067939357667, "gamma": 0.03261382840728585}, "datetime": {"datetime": "2021-09-29 07:44:20", "elapsed": 339.213352, "delta": 1.770966}}
{"target": -34.811818820389675, "params": {"C": 18858.879560587025, "gamma": 0.03792739738365325}, "datetime": {"datetime": "2021-09-29 07:44:22", "elapsed": 341.026881, "delta": 1.813529}}
{"target": -35.37361989180285, "params": {"C": 19881.116438849334, "gamma": 0.05603905973563997}, "datetime": {"datetime": "2021-09-29 07:44:24", "elapsed": 342.882543, "delta": 1.855662}}
{"target": -34.58887689984796, "params": {"C": 19699.915450357188, "gamma": 0.025953927120233165}, "datetime": {"datetime": "2021-09-29 07:44:27", "elapsed": 345.438108, "delta": 2.555565}}
{"target": -35.27327274584875, "params": {"C": 15463.784725145582, "gamma": 0.010786564994829453}, "datetime": {"datetime": "2021-09-29 07:44:29", "elapsed": 348.232086, "delta": 2.793978}}
{"target": -35.08042102723948, "params": {"C": 19792.360571978927, "gamma": 0.047781088694328656}, "datetime": {"datetime": "2021-09-29 07:44:32", "elapsed": 350.881322, "delta": 2.649236}}
{"target": -35.59456074508829, "params": {"C": 18658.517382620554, "gamma": 0.008057766920947229}, "datetime": {"datetime": "2021-09-29 07:44:34", "elapsed": 352.799112, "delta": 1.91779}}
{"target": -35.10311166623756, "params": {"C": 19512.601079327527, "gamma": 0.04884143784419492}, "datetime": {"datetime": "2021-09-29 07:44:36", "elapsed": 354.794549, "delta": 1.995437}}
{"target": -35.23249501539194, "params": {"C": 18220.388312473773, "gamma": 0.05462245798503643}, "datetime": {"datetime": "2021-09-29 07:44:38", "elapsed": 357.156967, "delta": 2.362418}}
{"target": -34.536418450642195, "params": {"C": 18587.619379864977, "gamma": 0.020325638461856397}, "datetime": {"datetime": "2021-09-29 07:44:40", "elapsed": 359.273641, "delta": 2.116674}}
{"target": -34.965250113215276, "params": {"C": 15593.426965785658, "gamma": 0.046033151971572796}, "datetime": {"datetime": "2021-09-29 07:44:43", "elapsed": 361.678362, "delta": 2.404721}}
{"target": -34.61752830113532, "params": {"C": 16061.351788900087, "gamma": 0.02799462819007072}, "datetime": {"datetime": "2021-09-29 07:44:46", "elapsed": 364.592499, "delta": 2.914137}}
{"target": -34.7895942955966, "params": {"C": 18498.800828113293, "gamma": 0.014517337940743457}, "datetime": {"datetime": "2021-09-29 07:44:49", "elapsed": 367.944484, "delta": 3.351985}}
{"target": -35.389560910968996, "params": {"C": 16728.425761950406, "gamma": 0.06159049966936605}, "datetime": {"datetime": "2021-09-29 07:44:51", "elapsed": 370.085184, "delta": 2.1407}}
{"target": -34.60447786216804, "params": {"C": 19118.23934914375, "gamma": 0.02700525662750726}, "datetime": {"datetime": "2021-09-29 07:44:54", "elapsed": 372.480692, "delta": 2.395508}}
{"target": -34.62086917821513, "params": {"C": 15876.213650921729, "gamma": 0.028230168634373404}, "datetime": {"datetime": "2021-09-29 07:44:59", "elapsed": 377.555792, "delta": 5.0751}}
{"target": -34.95708574554607, "params": {"C": 19938.785949795798, "gamma": 0.04314608111853714}, "datetime": {"datetime": "2021-09-29 07:45:03", "elapsed": 381.857707, "delta": 4.301915}}
{"target": -35.320342094549126, "params": {"C": 15876.212362255614, "gamma": 0.010344921017825946}, "datetime": {"datetime": "2021-09-29 07:45:08", "elapsed": 386.670673, "delta": 4.812966}}
{"target": -34.541574212529305, "params": {"C": 18386.01570100517, "gamma": 0.021432039019832892}, "datetime": {"datetime": "2021-09-29 07:45:10", "elapsed": 388.850691, "delta": 2.180018}}
{"target": -35.00945240170459, "params": {"C": 19792.39222492432, "gamma": 0.04517789592696216}, "datetime": {"datetime": "2021-09-29 07:45:14", "elapsed": 392.51114, "delta": 3.660449}}
{"target": -35.5556381837442, "params": {"C": 18101.03814527024, "gamma": 0.06444277603902376}, "datetime": {"datetime": "2021-09-29 07:45:16", "elapsed": 395.004213, "delta": 2.493073}}
{"target": -34.692035285443545, "params": {"C": 15233.791985596128, "gamma": 0.03279402491041226}, "datetime": {"datetime": "2021-09-29 07:45:19", "elapsed": 397.836535, "delta": 2.832322}}
{"target": -35.08019440077952, "params": {"C": 18585.525156642965, "gamma": 0.04872297338011166}, "datetime": {"datetime": "2021-09-29 07:45:21", "elapsed": 400.071535, "delta": 2.235}}
{"target": -34.828617119973465, "params": {"C": 19008.658466437697, "gamma": 0.013933031887416451}, "datetime": {"datetime": "2021-09-29 07:45:25", "elapsed": 404.24239, "delta": 4.170855}}
{"target": -35.19760850068269, "params": {"C": 16120.91148082781, "gamma": 0.05575799759081964}, "datetime": {"datetime": "2021-09-29 07:45:28", "elapsed": 406.979575, "delta": 2.737185}}
{"target": -36.430229030727254, "params": {"C": 18386.032774430503, "gamma": 0.0030135045046401263}, "datetime": {"datetime": "2021-09-29 07:45:32", "elapsed": 410.656063, "delta": 3.676488}}
{"target": -34.57131790695557, "params": {"C": 16936.28460945131, "gamma": 0.01876352583524787}, "datetime": {"datetime": "2021-09-29 07:45:34", "elapsed": 413.050465, "delta": 2.394402}}
{"target": -35.320999024269035, "params": {"C": 17050.675371556354, "gamma": 0.05886307060804206}, "datetime": {"datetime": "2021-09-29 07:45:37", "elapsed": 415.940597, "delta": 2.890132}}
{"target": -34.86263974783335, "params": {"C": 14070.42655000976, "gamma": 0.04196658102717065}, "datetime": {"datetime": "2021-09-29 07:45:40", "elapsed": 418.589597, "delta": 2.649}}
{"target": -34.58373327958994, "params": {"C": 16381.310060272015, "gamma": 0.01877793924009162}, "datetime": {"datetime": "2021-09-29 07:45:43", "elapsed": 421.552819, "delta": 2.963222}}
{"target": -35.38427268575228, "params": {"C": 16061.34259158931, "gamma": 0.009839706629248178}, "datetime": {"datetime": "2021-09-29 07:45:46", "elapsed": 424.838816, "delta": 3.285997}}
{"target": -34.606031600335726, "params": {"C": 14974.567552663595, "gamma": 0.0272277888504985}, "datetime": {"datetime": "2021-09-29 07:45:49", "elapsed": 428.166773, "delta": 3.327957}}
{"target": -34.54574761535423, "params": {"C": 19549.573997912405, "gamma": 0.017971781071169052}, "datetime": {"datetime": "2021-09-29 07:45:52", "elapsed": 430.871993, "delta": 2.70522}}
{"target": -35.498790956464596, "params": {"C": 19373.74950903884, "gamma": 0.008583296932110959}, "datetime": {"datetime": "2021-09-29 07:45:55", "elapsed": 433.437549, "delta": 2.565556}}
{"target": -34.61336143226868, "params": {"C": 16656.809036809267, "gamma": 0.027686918540908604}, "datetime": {"datetime": "2021-09-29 07:45:58", "elapsed": 436.910261, "delta": 3.472712}}
{"target": -34.84381529372239, "params": {"C": 18459.121630383535, "gamma": 0.03945810905516056}, "datetime": {"datetime": "2021-09-29 07:46:01", "elapsed": 439.612493, "delta": 2.702232}}
{"target": -34.77761037792636, "params": {"C": 15233.806447593732, "gamma": 0.01566553353208453}, "datetime": {"datetime": "2021-09-29 07:46:04", "elapsed": 442.846542, "delta": 3.234049}}
{"target": -34.88284396796074, "params": {"C": 19395.957404368557, "gamma": 0.04062229288078292}, "datetime": {"datetime": "2021-09-29 07:46:07", "elapsed": 445.906183, "delta": 3.059641}}
{"target": -34.601769230574604, "params": {"C": 18044.628600690685, "gamma": 0.026857280681710675}, "datetime": {"datetime": "2021-09-29 07:46:11", "elapsed": 449.535663, "delta": 3.62948}}
{"target": -35.02823889503917, "params": {"C": 18096.30567822153, "gamma": 0.012075550210041978}, "datetime": {"datetime": "2021-09-29 07:46:13", "elapsed": 452.029446, "delta": 2.493783}}
{"target": -35.12920639931302, "params": {"C": 19381.233314097823, "gamma": 0.04987878847061942}, "datetime": {"datetime": "2021-09-29 07:46:17", "elapsed": 455.491613, "delta": 3.462167}}
{"target": -35.485216293421715, "params": {"C": 15555.506381357867, "gamma": 0.06664338092936961}, "datetime": {"datetime": "2021-09-29 07:46:19", "elapsed": 458.36116, "delta": 2.869547}}
{"target": -35.03189881281166, "params": {"C": 15724.147761687598, "gamma": 0.04884338738477618}, "datetime": {"datetime": "2021-09-29 07:46:23", "elapsed": 461.481815, "delta": 3.120655}}
{"target": -34.81839059317557, "params": {"C": 18587.606001602624, "gamma": 0.038300256339114075}, "datetime": {"datetime": "2021-09-29 07:46:26", "elapsed": 465.292237, "delta": 3.810422}}
{"target": -34.628002558762034, "params": {"C": 16239.221990619704, "gamma": 0.028687097800087016}, "datetime": {"datetime": "2021-09-29 07:46:29", "elapsed": 468.324548, "delta": 3.032311}}
{"target": -34.68206626236137, "params": {"C": 14188.922022506826, "gamma": 0.03235056922566321}, "datetime": {"datetime": "2021-09-29 07:46:32", "elapsed": 471.036839, "delta": 2.712291}}
{"target": -34.69500861963042, "params": {"C": 14318.158247377325, "gamma": 0.03312521044019125}, "datetime": {"datetime": "2021-09-29 07:46:34", "elapsed": 473.384249, "delta": 2.34741}}
{"target": -35.190176667261426, "params": {"C": 18531.412150322478, "gamma": 0.05301852214699633}, "datetime": {"datetime": "2021-09-29 07:46:37", "elapsed": 475.87601, "delta": 2.491761}}
{"target": -34.69917125915829, "params": {"C": 18385.987201242646, "gamma": 0.03264624915461892}, "datetime": {"datetime": "2021-09-29 07:46:40", "elapsed": 478.813107, "delta": 2.937097}}
{"target": -34.71471181292415, "params": {"C": 19320.38307270189, "gamma": 0.03327865765079872}, "datetime": {"datetime": "2021-09-29 07:46:43", "elapsed": 481.821967, "delta": 3.00886}}
{"target": -34.73246736187875, "params": {"C": 19008.675215737574, "gamma": 0.03425046499349287}, "datetime": {"datetime": "2021-09-29 07:46:46", "elapsed": 485.364427, "delta": 3.54246}}
{"target": -35.42025131638232, "params": {"C": 15339.360613510424, "gamma": 0.009702430308268778}, "datetime": {"datetime": "2021-09-29 07:46:51", "elapsed": 489.618596, "delta": 4.254169}}
{"target": -35.84201493624858, "params": {"C": 17648.45259888783, "gamma": 0.07379486008480927}, "datetime": {"datetime": "2021-09-29 07:46:53", "elapsed": 492.001391, "delta": 2.382795}}
{"target": -35.003185694080464, "params": {"C": 19641.280395025286, "gamma": 0.04505241843017376}, "datetime": {"datetime": "2021-09-29 07:46:57", "elapsed": 495.442408, "delta": 3.441017}}
{"target": -35.07373532148944, "params": {"C": 17112.586725620873, "gamma": 0.049740087464420844}, "datetime": {"datetime": "2021-09-29 07:47:00", "elapsed": 499.009916, "delta": 3.567508}}
{"target": -34.6566972618587, "params": {"C": 19549.568619854945, "gamma": 0.030130305971888056}, "datetime": {"datetime": "2021-09-29 07:47:04", "elapsed": 502.486687, "delta": 3.476771}}
{"target": -35.13092653801214, "params": {"C": 17369.8308282771, "gamma": 0.011433500186701518}, "datetime": {"datetime": "2021-09-29 07:47:06", "elapsed": 504.906214, "delta": 2.419527}}
