{"target": -35.095000015720984, "params": {"C": 11417.069472112275, "gamma": 0.011257352895451954}, "datetime": {"datetime": "2021-09-28 20:21:54", "elapsed": 1132.142079, "delta": 8.170822}}
{"target": -35.02629493809168, "params": {"C": 10112.304412673508, "gamma": 0.05985654177131329}, "datetime": {"datetime": "2021-09-28 20:21:59", "elapsed": 1137.693971, "delta": 5.551892}}
{"target": -34.40573476946608, "params": {"C": 11995.109484103148, "gamma": 0.02846403299905523}, "datetime": {"datetime": "2021-09-28 20:22:02", "elapsed": 1140.599005, "delta": 2.905034}}
{"target": -35.322991050391636, "params": {"C": 11824.244033430368, "gamma": 0.06712914941015859}, "datetime": {"datetime": "2021-09-28 20:22:05", "elapsed": 1143.371521, "delta": 2.772516}}
{"target": -34.3807874255817, "params": {"C": 9528.422913948632, "gamma": 0.026698828122184184}, "datetime": {"datetime": "2021-09-28 20:22:10", "elapsed": 1148.297251, "delta": 4.92573}}
{"target": -34.504285413006485, "params": {"C": 11995.072225038497, "gamma": 0.03409560987955525}, "datetime": {"datetime": "2021-09-28 20:22:16", "elapsed": 1153.845407, "delta": 5.548156}}
{"target": -35.29816123063615, "params": {"C": 12068.778807790055, "gamma": 0.009736186652024675}, "datetime": {"datetime": "2021-09-28 20:22:20", "elapsed": 1158.575329, "delta": 4.729922}}
{"target": -35.19844577455557, "params": {"C": 11668.365852363593, "gamma": 0.06306173314442118}, "datetime": {"datetime": "2021-09-28 20:22:23", "elapsed": 1161.497392, "delta": 2.922063}}
{"target": -35.79692692270655, "params": {"C": 9208.351587548084, "gamma": 0.008564957216327999}, "datetime": {"datetime": "2021-09-28 20:22:33", "elapsed": 1171.229823, "delta": 9.732431}}
{"target": -36.464968084945454, "params": {"C": 9820.2784573387, "gamma": 0.13019433089219726}, "datetime": {"datetime": "2021-09-28 20:22:36", "elapsed": 1174.295462, "delta": 3.065639}}
{"target": -34.35952627675883, "params": {"C": 11481.015221034198, "gamma": 0.025977825988057944}, "datetime": {"datetime": "2021-09-28 20:22:39", "elapsed": 1177.310521, "delta": 3.015059}}
{"target": -35.05122860176238, "params": {"C": 11995.098728206867, "gamma": 0.057481601390356074}, "datetime": {"datetime": "2021-09-28 20:22:48", "elapsed": 1186.282947, "delta": 8.972426}}
{"target": -34.97684290378397, "params": {"C": 12579.46262993178, "gamma": 0.05414570845001196}, "datetime": {"datetime": "2021-09-28 20:22:55", "elapsed": 1192.919893, "delta": 6.636946}}
{"target": -35.21095639087996, "params": {"C": 11361.897446551926, "gamma": 0.06406775076762605}, "datetime": {"datetime": "2021-09-28 20:23:01", "elapsed": 1199.120401, "delta": 6.200508}}
{"target": -35.25722074263662, "params": {"C": 11887.755814875043, "gamma": 0.06470183664868709}, "datetime": {"datetime": "2021-09-28 20:23:05", "elapsed": 1203.472248, "delta": 4.351847}}
{"target": -36.14407005750678, "params": {"C": 11273.057530690985, "gamma": 0.0061888235594640155}, "datetime": {"datetime": "2021-09-28 20:23:10", "elapsed": 1208.465877, "delta": 4.993629}}
{"target": -34.67892500151741, "params": {"C": 10887.710292100219, "gamma": 0.04458119339086007}, "datetime": {"datetime": "2021-09-28 20:23:15", "elapsed": 1213.422942, "delta": 4.957065}}
{"target": -34.83206104531808, "params": {"C": 9490.783837272042, "gamma": 0.05391121411085221}, "datetime": {"datetime": "2021-09-28 20:23:19", "elapsed": 1217.126062, "delta": 3.70312}}
{"target": -34.610944469821135, "params": {"C": 11275.008879358815, "gamma": 0.040652557729984114}, "datetime": {"datetime": "2021-09-28 20:23:27", "elapsed": 1225.386253, "delta": 8.260191}}
{"target": -36.53015412461736, "params": {"C": 10032.32481714778, "gamma": 0.13315267290829075}, "datetime": {"datetime": "2021-09-28 20:23:31", "elapsed": 1229.130465, "delta": 3.744212}}
{"target": -34.794900790792994, "params": {"C": 11548.218444948521, "gamma": 0.049452590458834024}, "datetime": {"datetime": "2021-09-28 20:23:36", "elapsed": 1233.737957, "delta": 4.607492}}
{"target": -35.286393578771715, "params": {"C": 11914.397497610196, "gamma": 0.0656692826461328}, "datetime": {"datetime": "2021-09-28 20:23:38", "elapsed": 1236.703068, "delta": 2.965111}}
{"target": -34.878322289454246, "params": {"C": 9500.880377035652, "gamma": 0.055596767857648575}, "datetime": {"datetime": "2021-09-28 20:23:44", "elapsed": 1241.738283, "delta": 5.035215}}
{"target": -35.209237684669304, "params": {"C": 11775.094930997131, "gamma": 0.010382782716181628}, "datetime": {"datetime": "2021-09-28 20:23:47", "elapsed": 1244.893214, "delta": 3.154931}}
{"target": -34.490349258186384, "params": {"C": 12291.82448180683, "gamma": 0.03312459665947231}, "datetime": {"datetime": "2021-09-28 20:23:50", "elapsed": 1247.8804, "delta": 2.987186}}
{"target": -36.144640288349954, "params": {"C": 9908.318003344013, "gamma": 0.006599661966940043}, "datetime": {"datetime": "2021-09-28 20:23:53", "elapsed": 1251.133804, "delta": 3.253404}}
{"target": -34.70990355960132, "params": {"C": 11633.073822376398, "gamma": 0.045317507444514224}, "datetime": {"datetime": "2021-09-28 20:23:56", "elapsed": 1254.273015, "delta": 3.139211}}
{"target": -34.967897483623, "params": {"C": 11202.01116133152, "gamma": 0.012207770930881628}, "datetime": {"datetime": "2021-09-28 20:24:03", "elapsed": 1260.723456, "delta": 6.450441}}
{"target": -34.44472563708561, "params": {"C": 9698.23897586527, "gamma": 0.032230127126114796}, "datetime": {"datetime": "2021-09-28 20:24:07", "elapsed": 1265.540099, "delta": 4.816643}}
{"target": -34.33442355992421, "params": {"C": 12267.731139075127, "gamma": 0.02199547215126863}, "datetime": {"datetime": "2021-09-28 20:24:16", "elapsed": 1273.749268, "delta": 8.209169}}
{"target": -35.526200474456004, "params": {"C": 11154.833657576217, "gamma": 0.009014805897971895}, "datetime": {"datetime": "2021-09-28 20:24:20", "elapsed": 1278.067144, "delta": 4.317876}}
{"target": -35.095747724079395, "params": {"C": 9363.306416475138, "gamma": 0.012416057467199525}, "datetime": {"datetime": "2021-09-28 20:24:29", "elapsed": 1287.024565, "delta": 8.957421}}
{"target": -36.72718469573846, "params": {"C": 9778.256792285358, "gamma": 0.14817743464015967}, "datetime": {"datetime": "2021-09-28 20:24:32", "elapsed": 1290.651998, "delta": 3.627433}}
{"target": -36.021735696844374, "params": {"C": 11785.092276570758, "gamma": 0.095409162019513}, "datetime": {"datetime": "2021-09-28 20:24:36", "elapsed": 1294.240162, "delta": 3.588164}}
{"target": -34.54708490453035, "params": {"C": 12455.055656593715, "gamma": 0.015622880860234}, "datetime": {"datetime": "2021-09-28 20:24:41", "elapsed": 1298.81842, "delta": 4.578258}}
{"target": -36.80599784955686, "params": {"C": 10317.194293079618, "gamma": 0.14971282009858747}, "datetime": {"datetime": "2021-09-28 20:24:44", "elapsed": 1301.842593, "delta": 3.024173}}
{"target": -36.28882471798071, "params": {"C": 12068.696129737767, "gamma": 0.005363664097492996}, "datetime": {"datetime": "2021-09-28 20:24:49", "elapsed": 1307.238793, "delta": 5.3962}}
{"target": -36.373853199901816, "params": {"C": 9331.95508761065, "gamma": 0.12738810594977323}, "datetime": {"datetime": "2021-09-28 20:24:52", "elapsed": 1310.154909, "delta": 2.916116}}
{"target": -34.787401520442536, "params": {"C": 11272.97490388112, "gamma": 0.049552350809693876}, "datetime": {"datetime": "2021-09-28 20:24:59", "elapsed": 1317.023823, "delta": 6.868914}}
{"target": -36.12539003004645, "params": {"C": 10376.473553169702, "gamma": 0.00653717924454994}, "datetime": {"datetime": "2021-09-28 20:25:02", "elapsed": 1320.171276, "delta": 3.147453}}
{"target": -34.786386275866626, "params": {"C": 11095.609489952021, "gamma": 0.013606214255593867}, "datetime": {"datetime": "2021-09-28 20:25:07", "elapsed": 1325.627512, "delta": 5.456236}}
{"target": -34.403433942377404, "params": {"C": 12165.855278502298, "gamma": 0.02823958340268656}, "datetime": {"datetime": "2021-09-28 20:25:10", "elapsed": 1328.454364, "delta": 2.826852}}
{"target": -34.707305210352175, "params": {"C": 10855.971983853782, "gamma": 0.04605819804860909}, "datetime": {"datetime": "2021-09-28 20:25:15", "elapsed": 1333.176402, "delta": 4.722038}}
{"target": -34.86627916793621, "params": {"C": 11238.817786789827, "gamma": 0.01291510776667746}, "datetime": {"datetime": "2021-09-28 20:25:20", "elapsed": 1337.896869, "delta": 4.720467}}
{"target": -34.39561503054722, "params": {"C": 9836.279066444848, "gamma": 0.029146167926982214}, "datetime": {"datetime": "2021-09-28 20:25:23", "elapsed": 1340.971731, "delta": 3.074862}}
{"target": -35.4607212195832, "params": {"C": 9179.81877378778, "gamma": 0.010313477526639267}, "datetime": {"datetime": "2021-09-28 20:25:28", "elapsed": 1346.092393, "delta": 5.120662}}
{"target": -35.690022059072845, "params": {"C": 11887.726048357283, "gamma": 0.007991707158954078}, "datetime": {"datetime": "2021-09-28 20:25:32", "elapsed": 1350.359415, "delta": 4.267022}}
{"target": -35.096404581418156, "params": {"C": 11481.027095810394, "gamma": 0.05986318447798829}, "datetime": {"datetime": "2021-09-28 20:25:38", "elapsed": 1356.176046, "delta": 5.816631}}
{"target": -34.973813857256694, "params": {"C": 12493.85953104948, "gamma": 0.011518455136516975}, "datetime": {"datetime": "2021-09-28 20:25:43", "elapsed": 1361.459056, "delta": 5.28301}}
{"target": -36.03195964296004, "params": {"C": 10196.698591083034, "gamma": 0.10178960855256496}, "datetime": {"datetime": "2021-09-28 20:25:46", "elapsed": 1364.500688, "delta": 3.041632}}
{"target": -34.78755509609005, "params": {"C": 10412.621945290928, "gamma": 0.0507558685063187}, "datetime": {"datetime": "2021-09-28 20:25:53", "elapsed": 1370.772388, "delta": 6.2717}}
{"target": -34.68971783980697, "params": {"C": 10980.230947882865, "gamma": 0.045021316143986696}, "datetime": {"datetime": "2021-09-28 20:25:57", "elapsed": 1375.249465, "delta": 4.477077}}
{"target": -34.390184681008115, "params": {"C": 10112.33346408947, "gamma": 0.028632267757705932}, "datetime": {"datetime": "2021-09-28 20:26:01", "elapsed": 1378.739997, "delta": 3.490532}}
{"target": -35.8258100465526, "params": {"C": 11274.96389371076, "gamma": 0.007597305495295324}, "datetime": {"datetime": "2021-09-28 20:26:05", "elapsed": 1383.625783, "delta": 4.885786}}
{"target": -34.38653679387595, "params": {"C": 9715.773987413439, "gamma": 0.024343244742525767}, "datetime": {"datetime": "2021-09-28 20:26:12", "elapsed": 1390.630926, "delta": 7.005143}}
{"target": -36.01108956588617, "params": {"C": 11020.761842528185, "gamma": 0.09753003029539552}, "datetime": {"datetime": "2021-09-28 20:26:16", "elapsed": 1394.175583, "delta": 3.544657}}
{"target": -34.346352813290345, "params": {"C": 11887.37455395833, "gamma": 0.022064051898043592}, "datetime": {"datetime": "2021-09-28 20:26:21", "elapsed": 1399.540619, "delta": 5.365036}}
{"target": -35.41602019099242, "params": {"C": 9808.198240403484, "gamma": 0.07521801345741226}, "datetime": {"datetime": "2021-09-28 20:26:24", "elapsed": 1402.715334, "delta": 3.174715}}
{"target": -34.634208280556265, "params": {"C": 12104.757506190961, "gamma": 0.014652618393908724}, "datetime": {"datetime": "2021-09-28 20:26:30", "elapsed": 1408.615297, "delta": 5.899963}}
{"target": -35.50781617714962, "params": {"C": 9078.371726715352, "gamma": 0.010122082329894068}, "datetime": {"datetime": "2021-09-28 20:26:35", "elapsed": 1412.840744, "delta": 4.225447}}
{"target": -35.57443758555303, "params": {"C": 9974.772555522399, "gamma": 0.08119066251718078}, "datetime": {"datetime": "2021-09-28 20:26:42", "elapsed": 1420.048013, "delta": 7.207269}}
{"target": -34.47392030917185, "params": {"C": 11361.998755520493, "gamma": 0.03277875959979682}, "datetime": {"datetime": "2021-09-28 20:26:49", "elapsed": 1427.573367, "delta": 7.525354}}
{"target": -34.813340696088346, "params": {"C": 11370.857731774613, "gamma": 0.013230124203064308}, "datetime": {"datetime": "2021-09-28 20:26:56", "elapsed": 1434.679978, "delta": 7.106611}}
{"target": -34.648418166963985, "params": {"C": 11518.443305246397, "gamma": 0.04237540501525436}, "datetime": {"datetime": "2021-09-28 20:27:06", "elapsed": 1443.866187, "delta": 9.186209}}
{"target": -34.74476893747689, "params": {"C": 10679.491096575042, "gamma": 0.04819813755998735}, "datetime": {"datetime": "2021-09-28 20:27:09", "elapsed": 1447.100241, "delta": 3.234054}}
{"target": -36.26370392376301, "params": {"C": 11370.797148160353, "gamma": 0.005636150101293881}, "datetime": {"datetime": "2021-09-28 20:27:15", "elapsed": 1453.499209, "delta": 6.398968}}
{"target": -34.97168695971521, "params": {"C": 9698.204014829356, "gamma": 0.01310210997981726}, "datetime": {"datetime": "2021-09-28 20:27:24", "elapsed": 1462.121477, "delta": 8.622268}}
{"target": -35.27760991194266, "params": {"C": 9253.590736850396, "gamma": 0.07121154443775297}, "datetime": {"datetime": "2021-09-28 20:27:27", "elapsed": 1465.331855, "delta": 3.210378}}
{"target": -34.36543966169976, "params": {"C": 12579.460194053892, "gamma": 0.02029129781645569}, "datetime": {"datetime": "2021-09-28 20:27:32", "elapsed": 1470.403017, "delta": 5.071162}}
{"target": -34.909968870072554, "params": {"C": 12291.78299976252, "gamma": 0.052335975325317495}, "datetime": {"datetime": "2021-09-28 20:27:38", "elapsed": 1475.828448, "delta": 5.425431}}
{"target": -35.57511742129611, "params": {"C": 12423.578503149613, "gamma": 0.07499659815030814}, "datetime": {"datetime": "2021-09-28 20:27:41", "elapsed": 1479.085515, "delta": 3.257067}}
{"target": -34.542790016552686, "params": {"C": 11481.052608730097, "gamma": 0.01655323000509297}, "datetime": {"datetime": "2021-09-28 20:27:47", "elapsed": 1484.739726, "delta": 5.654211}}
{"target": -36.94018173484952, "params": {"C": 10400.832208860347, "gamma": 0.15767271586611176}, "datetime": {"datetime": "2021-09-28 20:27:50", "elapsed": 1488.372699, "delta": 3.632973}}
{"target": -35.6567191244277, "params": {"C": 9179.83350901272, "gamma": 0.08731634356031052}, "datetime": {"datetime": "2021-09-28 20:27:55", "elapsed": 1493.390258, "delta": 5.017559}}
{"target": -35.188489722119236, "params": {"C": 12866.12050201815, "gamma": 0.060688651184316836}, "datetime": {"datetime": "2021-09-28 20:27:58", "elapsed": 1496.64637, "delta": 3.256112}}
{"target": -34.47807321417937, "params": {"C": 11154.773069346682, "gamma": 0.033155327267048576}, "datetime": {"datetime": "2021-09-28 20:28:06", "elapsed": 1504.54457, "delta": 7.8982}}
{"target": -35.72097468145255, "params": {"C": 11450.462613305577, "gamma": 0.008006215246093837}, "datetime": {"datetime": "2021-09-28 20:28:13", "elapsed": 1510.724894, "delta": 6.180324}}
{"target": -35.20302453676699, "params": {"C": 11274.967361665062, "gamma": 0.06395316093284917}, "datetime": {"datetime": "2021-09-28 20:28:27", "elapsed": 1525.229592, "delta": 14.504698}}
{"target": -35.50305329590934, "params": {"C": 12025.47762439026, "gamma": 0.008778593811241596}, "datetime": {"datetime": "2021-09-28 20:28:35", "elapsed": 1533.042923, "delta": 7.813331}}
{"target": -35.17162702749948, "params": {"C": 9256.612823845302, "gamma": 0.06708884563592994}, "datetime": {"datetime": "2021-09-28 20:28:43", "elapsed": 1540.96947, "delta": 7.926547}}
{"target": -34.55059156694099, "params": {"C": 10412.580020346333, "gamma": 0.037895763814906926}, "datetime": {"datetime": "2021-09-28 20:28:51", "elapsed": 1549.198478, "delta": 8.229008}}
{"target": -35.249372813826405, "params": {"C": 9500.84100694753, "gamma": 0.011264300771395239}, "datetime": {"datetime": "2021-09-28 20:29:01", "elapsed": 1558.745, "delta": 9.546522}}
{"target": -35.109364327296454, "params": {"C": 11887.349280738694, "gamma": 0.05962205440796803}, "datetime": {"datetime": "2021-09-28 20:29:05", "elapsed": 1563.680133, "delta": 4.935133}}
{"target": -35.541717358081485, "params": {"C": 10412.641245246163, "gamma": 0.009263870932402454}, "datetime": {"datetime": "2021-09-28 20:29:13", "elapsed": 1571.535823, "delta": 7.85569}}
{"target": -34.45457043535719, "params": {"C": 12473.390930728689, "gamma": 0.03100148496447084}, "datetime": {"datetime": "2021-09-28 20:29:21", "elapsed": 1579.490595, "delta": 7.954772}}
{"target": -35.4739224758245, "params": {"C": 11732.175070865358, "gamma": 0.07277238330774319}, "datetime": {"datetime": "2021-09-28 20:29:28", "elapsed": 1586.152198, "delta": 6.661603}}
{"target": -35.03377806611291, "params": {"C": 10017.86780324279, "gamma": 0.01244069930251212}, "datetime": {"datetime": "2021-09-28 20:29:32", "elapsed": 1589.835058, "delta": 3.68286}}
{"target": -35.75887804358763, "params": {"C": 11411.296268675898, "gamma": 0.08476460430793793}, "datetime": {"datetime": "2021-09-28 20:29:35", "elapsed": 1593.143365, "delta": 3.308307}}
{"target": -35.214855826910096, "params": {"C": 9836.270900537187, "gamma": 0.06738094272895646}, "datetime": {"datetime": "2021-09-28 20:29:40", "elapsed": 1598.526282, "delta": 5.382917}}
{"target": -35.95692093606547, "params": {"C": 9715.71451983367, "gamma": 0.0075612850873801075}, "datetime": {"datetime": "2021-09-28 20:29:49", "elapsed": 1607.167974, "delta": 8.641692}}
{"target": -34.81011435157878, "params": {"C": 11701.786847568892, "gamma": 0.04978288863272588}, "datetime": {"datetime": "2021-09-28 20:29:56", "elapsed": 1614.05099, "delta": 6.883016}}
{"target": -34.383251735366684, "params": {"C": 12688.564584031137, "gamma": 0.01953932747157619}, "datetime": {"datetime": "2021-09-28 20:30:00", "elapsed": 1617.741572, "delta": 3.690582}}
{"target": -34.48439804657057, "params": {"C": 12427.924691775623, "gamma": 0.03270802742971727}, "datetime": {"datetime": "2021-09-28 20:30:03", "elapsed": 1621.598778, "delta": 3.857206}}
{"target": -34.39322344434111, "params": {"C": 10326.79184454781, "gamma": 0.022696457182552355}, "datetime": {"datetime": "2021-09-28 20:30:07", "elapsed": 1625.167331, "delta": 3.568553}}
{"target": -35.44767741931201, "params": {"C": 11324.715829248384, "gamma": 0.07270863667157959}, "datetime": {"datetime": "2021-09-28 20:30:11", "elapsed": 1629.047484, "delta": 3.880153}}
{"target": -35.45102754909303, "params": {"C": 11273.043063882544, "gamma": 0.0729515483364091}, "datetime": {"datetime": "2021-09-28 20:30:15", "elapsed": 1633.549076, "delta": 4.501592}}
{"target": -35.978134620076574, "params": {"C": 9655.116979048415, "gamma": 0.10118187035804639}, "datetime": {"datetime": "2021-09-28 20:30:19", "elapsed": 1637.086941, "delta": 3.537865}}
{"target": -35.96186316677231, "params": {"C": 11887.80146346767, "gamma": 0.006808150103540261}, "datetime": {"datetime": "2021-09-28 20:30:26", "elapsed": 1644.617243, "delta": 7.530302}}
{"target": -34.46651057351616, "params": {"C": 10326.765976136934, "gamma": 0.019857524457781422}, "datetime": {"datetime": "2021-09-28 20:30:32", "elapsed": 1650.337526, "delta": 5.720283}}
{"target": -34.79527509352528, "params": {"C": 11248.235046775573, "gamma": 0.013441862972749304}, "datetime": {"datetime": "2021-09-28 20:30:44", "elapsed": 1662.053765, "delta": 11.716239}}
{"target": -34.53997720333493, "params": {"C": 9078.436752817852, "gamma": 0.0384566927643048}, "datetime": {"datetime": "2021-09-28 20:30:48", "elapsed": 1665.90661, "delta": 3.852845}}
{"target": -34.616166688375586, "params": {"C": 11417.140147333159, "gamma": 0.015373818164495543}, "datetime": {"datetime": "2021-09-28 20:30:53", "elapsed": 1671.58777, "delta": 5.68116}}
{"target": -34.62163792686928, "params": {"C": 10093.335009683964, "gamma": 0.0423073438908129}, "datetime": {"datetime": "2021-09-28 20:31:03", "elapsed": 1681.345539, "delta": 9.757769}}
{"target": -34.536567143630705, "params": {"C": 10641.219168731093, "gamma": 0.036900713535926465}, "datetime": {"datetime": "2021-09-28 20:31:11", "elapsed": 1689.712978, "delta": 8.367439}}
{"target": -34.61046767454333, "params": {"C": 9528.411299564108, "gamma": 0.04220135673107107}, "datetime": {"datetime": "2021-09-28 20:31:17", "elapsed": 1695.393744, "delta": 5.680766}}
{"target": -34.52707543313892, "params": {"C": 10287.14843444998, "gamma": 0.03663251422466232}, "datetime": {"datetime": "2021-09-28 20:31:23", "elapsed": 1701.441741, "delta": 6.047997}}
{"target": -34.41476422385337, "params": {"C": 11248.355365887332, "gamma": 0.02941332169171592}, "datetime": {"datetime": "2021-09-28 20:31:28", "elapsed": 1706.576592, "delta": 5.134851}}
{"target": -35.66403648258959, "params": {"C": 10887.77147106133, "gamma": 0.008478330128915997}, "datetime": {"datetime": "2021-09-28 20:31:39", "elapsed": 1717.029603, "delta": 10.453011}}
{"target": -34.43700510879013, "params": {"C": 12068.664454740669, "gamma": 0.018621364954565737}, "datetime": {"datetime": "2021-09-28 20:31:45", "elapsed": 1723.250361, "delta": 6.220758}}
{"target": -35.7637888557541, "params": {"C": 9836.243552975056, "gamma": 0.008442417231867708}, "datetime": {"datetime": "2021-09-28 20:31:52", "elapsed": 1730.02625, "delta": 6.775889}}
{"target": -36.26235560918873, "params": {"C": 10189.340302508512, "gamma": 0.11543359006953294}, "datetime": {"datetime": "2021-09-28 20:31:56", "elapsed": 1733.800008, "delta": 3.773758}}
{"target": -34.83056169802706, "params": {"C": 12515.431117732354, "gamma": 0.049423885676990915}, "datetime": {"datetime": "2021-09-28 20:32:04", "elapsed": 1741.937336, "delta": 8.137328}}
{"target": -36.19623826203176, "params": {"C": 12727.779907440688, "gamma": 0.005608354017639722}, "datetime": {"datetime": "2021-09-28 20:32:10", "elapsed": 1747.806455, "delta": 5.869119}}
{"target": -35.46495032269813, "params": {"C": 9097.580399660332, "gamma": 0.07924538849071236}, "datetime": {"datetime": "2021-09-28 20:32:13", "elapsed": 1751.554279, "delta": 3.747824}}
{"target": -34.385332249927266, "params": {"C": 11274.92968707611, "gamma": 0.027649128055167237}, "datetime": {"datetime": "2021-09-28 20:32:18", "elapsed": 1756.643164, "delta": 5.088885}}
