{"target": -34.6125505506065, "params": {"C": 22092.352043618666, "gamma": 0.027350227540268675}, "datetime": {"datetime": "2021-09-29 08:08:16", "elapsed": 307.995235, "delta": 1.796198}}
{"target": -34.5999440863962, "params": {"C": 24728.27754751943, "gamma": 0.02644668167465373}, "datetime": {"datetime": "2021-09-29 08:08:18", "elapsed": 310.269959, "delta": 2.274724}}
{"target": -34.82210498149804, "params": {"C": 24238.78392249586, "gamma": 0.03599485351547977}, "datetime": {"datetime": "2021-09-29 08:08:22", "elapsed": 313.756778, "delta": 3.486819}}
{"target": -34.962493181621696, "params": {"C": 21998.66247277722, "gamma": 0.04208878218156025}, "datetime": {"datetime": "2021-09-29 08:08:24", "elapsed": 316.190916, "delta": 2.434138}}
{"target": -35.33652245409819, "params": {"C": 20680.402007619698, "gamma": 0.05397799287584345}, "datetime": {"datetime": "2021-09-29 08:08:26", "elapsed": 317.910663, "delta": 1.719747}}
{"target": -35.72992770371683, "params": {"C": 22084.53073263418, "gamma": 0.00697261543141396}, "datetime": {"datetime": "2021-09-29 08:08:28", "elapsed": 319.859033, "delta": 1.94837}}
{"target": -34.749999936066196, "params": {"C": 20456.191626403812, "gamma": 0.034757441463576635}, "datetime": {"datetime": "2021-09-29 08:08:30", "elapsed": 321.864793, "delta": 2.00576}}
{"target": -34.70813518736494, "params": {"C": 24705.312348594874, "gamma": 0.03153102541102083}, "datetime": {"datetime": "2021-09-29 08:08:32", "elapsed": 324.10994, "delta": 2.245147}}
{"target": -34.50148068464098, "params": {"C": 24289.99366956071, "gamma": 0.017905906588064766}, "datetime": {"datetime": "2021-09-29 08:08:34", "elapsed": 326.058795, "delta": 1.948855}}
{"target": -36.24832705129722, "params": {"C": 23991.76494479228, "gamma": 0.07396011702373118}, "datetime": {"datetime": "2021-09-29 08:08:36", "elapsed": 327.908607, "delta": 1.849812}}
{"target": -35.12459403618803, "params": {"C": 22203.91822771438, "gamma": 0.010550656176584332}, "datetime": {"datetime": "2021-09-29 08:08:38", "elapsed": 330.459328, "delta": 2.550721}}
{"target": -34.86817056664534, "params": {"C": 23700.261274969514, "gamma": 0.03784326986993045}, "datetime": {"datetime": "2021-09-29 08:08:41", "elapsed": 332.888433, "delta": 2.429105}}
{"target": -34.90527940792853, "params": {"C": 20552.930966293996, "gamma": 0.040801356846029264}, "datetime": {"datetime": "2021-09-29 08:08:42", "elapsed": 334.679796, "delta": 1.791363}}
{"target": -34.59962541397551, "params": {"C": 22459.859844859973, "gamma": 0.026557133544350655}, "datetime": {"datetime": "2021-09-29 08:08:44", "elapsed": 336.505472, "delta": 1.825676}}
{"target": -36.118963031938776, "params": {"C": 23484.30244926489, "gamma": 0.07114814624873918}, "datetime": {"datetime": "2021-09-29 08:08:46", "elapsed": 338.207472, "delta": 1.702}}
{"target": -34.73942893954806, "params": {"C": 21116.12361408359, "gamma": 0.03409307848234697}, "datetime": {"datetime": "2021-09-29 08:08:48", "elapsed": 340.332364, "delta": 2.124892}}
{"target": -34.6884910854254, "params": {"C": 24741.39809250323, "gamma": 0.03074815072585257}, "datetime": {"datetime": "2021-09-29 08:08:50", "elapsed": 342.466917, "delta": 2.134553}}
{"target": -34.57805736691966, "params": {"C": 24749.983825646064, "gamma": 0.02515211840093929}, "datetime": {"datetime": "2021-09-29 08:08:52", "elapsed": 344.260831, "delta": 1.793914}}
{"target": -36.02249537168592, "params": {"C": 21881.998300705363, "gamma": 0.07106456663841582}, "datetime": {"datetime": "2021-09-29 08:08:54", "elapsed": 346.191943, "delta": 1.931112}}
{"target": -36.44025701293784, "params": {"C": 20436.639733398013, "gamma": 0.0032118017289184306}, "datetime": {"datetime": "2021-09-29 08:08:57", "elapsed": 349.525712, "delta": 3.333769}}
{"target": -34.532293883208546, "params": {"C": 24496.62844718965, "gamma": 0.022019790200984417}, "datetime": {"datetime": "2021-09-29 08:08:59", "elapsed": 351.237756, "delta": 1.712044}}
{"target": -34.74279431150152, "params": {"C": 21477.603131551838, "gamma": 0.034164473961683144}, "datetime": {"datetime": "2021-09-29 08:09:01", "elapsed": 353.232801, "delta": 1.995045}}
{"target": -35.20785543134746, "params": {"C": 24136.57820063922, "gamma": 0.009749499263880084}, "datetime": {"datetime": "2021-09-29 08:09:03", "elapsed": 355.556832, "delta": 2.324031}}
{"target": -35.59304700130305, "params": {"C": 24238.77199051434, "gamma": 0.007564005022725606}, "datetime": {"datetime": "2021-09-29 08:09:06", "elapsed": 357.894789, "delta": 2.337957}}
{"target": -34.55692923335278, "params": {"C": 20439.17145204523, "gamma": 0.02368675059227104}, "datetime": {"datetime": "2021-09-29 08:09:08", "elapsed": 360.112832, "delta": 2.218043}}
{"target": -35.50531810904467, "params": {"C": 23404.634808416147, "gamma": 0.05488710075067454}, "datetime": {"datetime": "2021-09-29 08:09:10", "elapsed": 361.726835, "delta": 1.614003}}
{"target": -34.83884658764032, "params": {"C": 20417.290768218554, "gamma": 0.038364474011370206}, "datetime": {"datetime": "2021-09-29 08:09:11", "elapsed": 363.471918, "delta": 1.745083}}
{"target": -34.758130789977244, "params": {"C": 20606.160005095455, "gamma": 0.03510339021753257}, "datetime": {"datetime": "2021-09-29 08:09:14", "elapsed": 365.916794, "delta": 2.444876}}
{"target": -34.744150313021926, "params": {"C": 24668.78672957061, "gamma": 0.013744450370436742}, "datetime": {"datetime": "2021-09-29 08:09:15", "elapsed": 367.59107, "delta": 1.674276}}
{"target": -34.7967010108233, "params": {"C": 24496.653720691644, "gamma": 0.034973176734783}, "datetime": {"datetime": "2021-09-29 08:09:18", "elapsed": 370.045511, "delta": 2.454441}}
{"target": -34.70610428583592, "params": {"C": 20441.723282798055, "gamma": 0.03261382840728585}, "datetime": {"datetime": "2021-09-29 08:09:20", "elapsed": 371.744634, "delta": 1.699123}}
{"target": -34.74186610111582, "params": {"C": 21972.73713869818, "gamma": 0.03391294760331773}, "datetime": {"datetime": "2021-09-29 08:09:22", "elapsed": 374.350438, "delta": 2.605804}}
{"target": -35.620835071756105, "params": {"C": 24900.93036570778, "gamma": 0.05603905973563997}, "datetime": {"datetime": "2021-09-29 08:09:24", "elapsed": 376.124049, "delta": 1.773611}}
{"target": -34.59143113061437, "params": {"C": 24749.929541964324, "gamma": 0.025953927120233165}, "datetime": {"datetime": "2021-09-29 08:09:26", "elapsed": 378.343135, "delta": 2.219086}}
{"target": -34.76478059589823, "params": {"C": 23818.926737951624, "gamma": 0.034046132138124165}, "datetime": {"datetime": "2021-09-29 08:09:30", "elapsed": 381.719635, "delta": 3.3765}}
{"target": -34.58470598476982, "params": {"C": 22680.184489848492, "gamma": 0.025624335235776834}, "datetime": {"datetime": "2021-09-29 08:09:31", "elapsed": 383.612148, "delta": 1.892513}}
{"target": -35.50795696484034, "params": {"C": 23882.09781885046, "gamma": 0.008057766920947229}, "datetime": {"datetime": "2021-09-29 08:09:33", "elapsed": 385.527784, "delta": 1.915636}}
{"target": -35.30227207625095, "params": {"C": 24593.83423277294, "gamma": 0.04884143784419492}, "datetime": {"datetime": "2021-09-29 08:09:35", "elapsed": 387.162303, "delta": 1.634519}}
{"target": -35.50009058294524, "params": {"C": 23516.99026039481, "gamma": 0.05462245798503643}, "datetime": {"datetime": "2021-09-29 08:09:37", "elapsed": 388.802818, "delta": 1.640515}}
{"target": -34.512485686460984, "params": {"C": 23823.01614988748, "gamma": 0.020325638461856397}, "datetime": {"datetime": "2021-09-29 08:09:39", "elapsed": 390.83079, "delta": 2.027972}}
{"target": -34.704552868755655, "params": {"C": 24136.604112181074, "gamma": 0.03158773073213035}, "datetime": {"datetime": "2021-09-29 08:09:41", "elapsed": 393.605999, "delta": 2.775209}}
{"target": -34.6443563884241, "params": {"C": 20456.227719812006, "gamma": 0.029327385015754742}, "datetime": {"datetime": "2021-09-29 08:09:44", "elapsed": 396.004777, "delta": 2.398778}}
{"target": -34.69076619254454, "params": {"C": 23749.000690094414, "gamma": 0.014517337940743457}, "datetime": {"datetime": "2021-09-29 08:09:46", "elapsed": 398.205897, "delta": 2.20112}}
{"target": -35.698653468054474, "params": {"C": 22273.68813495867, "gamma": 0.06159049966936605}, "datetime": {"datetime": "2021-09-29 08:09:48", "elapsed": 400.155505, "delta": 1.949608}}
{"target": -34.609263779656146, "params": {"C": 24265.19945761979, "gamma": 0.02700525662750726}, "datetime": {"datetime": "2021-09-29 08:09:50", "elapsed": 402.01851, "delta": 1.863005}}
{"target": -35.77788262876019, "params": {"C": 24484.348790889555, "gamma": 0.060553600474341544}, "datetime": {"datetime": "2021-09-29 08:09:52", "elapsed": 404.640465, "delta": 2.621955}}
{"target": -34.98004945069704, "params": {"C": 23700.279775527917, "gamma": 0.011527805796099296}, "datetime": {"datetime": "2021-09-29 08:09:55", "elapsed": 407.319642, "delta": 2.679177}}
{"target": -35.6742204139096, "params": {"C": 22456.198150822245, "gamma": 0.007256882842395707}, "datetime": {"datetime": "2021-09-29 08:09:59", "elapsed": 410.94412, "delta": 3.624478}}
{"target": -35.14967223735207, "params": {"C": 21438.89390742945, "gamma": 0.048240925645358285}, "datetime": {"datetime": "2021-09-29 08:10:02", "elapsed": 414.104869, "delta": 3.160749}}
{"target": -35.15151247334582, "params": {"C": 24826.993520770266, "gamma": 0.04517789592696216}, "datetime": {"datetime": "2021-09-29 08:10:05", "elapsed": 417.17575, "delta": 3.070881}}
{"target": -35.86345179364731, "params": {"C": 23417.531787725202, "gamma": 0.06444277603902376}, "datetime": {"datetime": "2021-09-29 08:10:07", "elapsed": 419.407899, "delta": 2.232149}}
{"target": -34.712096963580535, "params": {"C": 21028.159987996773, "gamma": 0.03279402491041226}, "datetime": {"datetime": "2021-09-29 08:10:09", "elapsed": 421.519876, "delta": 2.111977}}
{"target": -35.15466762233615, "params": {"C": 22492.502140282246, "gamma": 0.047340479160532016}, "datetime": {"datetime": "2021-09-29 08:10:13", "elapsed": 424.934974, "delta": 3.415098}}
{"target": -34.87028297056188, "params": {"C": 24265.227048455396, "gamma": 0.037664133368707296}, "datetime": {"datetime": "2021-09-29 08:10:17", "elapsed": 429.025642, "delta": 4.090668}}
{"target": -35.459661091668856, "params": {"C": 21767.426234023173, "gamma": 0.05575799759081964}, "datetime": {"datetime": "2021-09-29 08:10:19", "elapsed": 431.278914, "delta": 2.253272}}
{"target": -34.824457912532, "params": {"C": 24234.099310451504, "gamma": 0.012971952278661741}, "datetime": {"datetime": "2021-09-29 08:10:23", "elapsed": 435.568712, "delta": 4.289798}}
{"target": -34.51179940745588, "params": {"C": 22446.903841209427, "gamma": 0.01876352583524787}, "datetime": {"datetime": "2021-09-29 08:10:25", "elapsed": 437.708693, "delta": 2.139981}}
{"target": -35.61387043846512, "params": {"C": 22542.22947629696, "gamma": 0.05886307060804206}, "datetime": {"datetime": "2021-09-29 08:10:27", "elapsed": 439.649969, "delta": 1.941276}}
{"target": -34.92824308074233, "params": {"C": 20058.688791674802, "gamma": 0.04196658102717065}, "datetime": {"datetime": "2021-09-29 08:10:30", "elapsed": 441.890717, "delta": 2.240748}}
{"target": -35.19281262961542, "params": {"C": 20606.179440639542, "gamma": 0.05049358317979475}, "datetime": {"datetime": "2021-09-29 08:10:34", "elapsed": 446.295856, "delta": 4.405139}}
{"target": -35.40283438991103, "params": {"C": 24226.530530200616, "gamma": 0.008609561950566183}, "datetime": {"datetime": "2021-09-29 08:10:37", "elapsed": 449.671504, "delta": 3.375648}}
{"target": -34.609199519086324, "params": {"C": 20812.13962721966, "gamma": 0.0272277888504985}, "datetime": {"datetime": "2021-09-29 08:10:42", "elapsed": 453.835837, "delta": 4.164333}}
{"target": -34.499811852866564, "params": {"C": 24624.644998260337, "gamma": 0.017971781071169052}, "datetime": {"datetime": "2021-09-29 08:10:50", "elapsed": 461.906657, "delta": 8.07082}}
{"target": -35.402841747103245, "params": {"C": 24478.1245908657, "gamma": 0.008583296932110959}, "datetime": {"datetime": "2021-09-29 08:10:53", "elapsed": 465.146801, "delta": 3.240144}}
{"target": -34.51766251517235, "params": {"C": 24265.227169169502, "gamma": 0.01683690733502146}, "datetime": {"datetime": "2021-09-29 08:10:57", "elapsed": 469.491596, "delta": 4.344795}}
{"target": -34.91438736442446, "params": {"C": 23715.93469198628, "gamma": 0.03945810905516056}, "datetime": {"datetime": "2021-09-29 08:11:03", "elapsed": 474.943991, "delta": 5.452395}}
{"target": -34.85576701722653, "params": {"C": 23823.036775787317, "gamma": 0.03735230808469121}, "datetime": {"datetime": "2021-09-29 08:11:11", "elapsed": 483.460851, "delta": 8.51686}}
{"target": -34.97502824572883, "params": {"C": 24496.631170307133, "gamma": 0.04062229288078292}, "datetime": {"datetime": "2021-09-29 08:11:17", "elapsed": 488.821957, "delta": 5.361106}}
{"target": -34.75381915097631, "params": {"C": 22203.925323447085, "gamma": 0.03429232405334708}, "datetime": {"datetime": "2021-09-29 08:11:20", "elapsed": 492.330409, "delta": 3.508452}}
{"target": -34.92738788300498, "params": {"C": 23413.58806518461, "gamma": 0.012075550210041978}, "datetime": {"datetime": "2021-09-29 08:11:24", "elapsed": 495.951506, "delta": 3.621097}}
{"target": -34.795537892399565, "params": {"C": 22593.847391423416, "gamma": 0.03573004077704338}, "datetime": {"datetime": "2021-09-29 08:11:32", "elapsed": 504.041764, "delta": 8.090258}}
{"target": -35.82460472946843, "params": {"C": 21296.255317798223, "gamma": 0.06664338092936961}, "datetime": {"datetime": "2021-09-29 08:11:37", "elapsed": 509.634889, "delta": 5.593125}}
{"target": -34.52099056534918, "params": {"C": 20869.262921407346, "gamma": 0.019218495459871872}, "datetime": {"datetime": "2021-09-29 08:11:42", "elapsed": 514.273652, "delta": 4.638763}}
{"target": -34.882790195394485, "params": {"C": 23823.005001335518, "gamma": 0.038300256339114075}, "datetime": {"datetime": "2021-09-29 08:11:46", "elapsed": 518.198973, "delta": 3.925321}}
{"target": -35.02976354168382, "params": {"C": 20456.15722733811, "gamma": 0.045461668137216825}, "datetime": {"datetime": "2021-09-29 08:11:51", "elapsed": 523.232831, "delta": 5.033858}}
{"target": -34.69984340082096, "params": {"C": 20157.43501875569, "gamma": 0.03235056922566321}, "datetime": {"datetime": "2021-09-29 08:11:53", "elapsed": 525.341147, "delta": 2.108316}}
{"target": -34.830229193304504, "params": {"C": 24088.10047265791, "gamma": 0.036341922143993725}, "datetime": {"datetime": "2021-09-29 08:11:57", "elapsed": 528.936782, "delta": 3.595635}}
{"target": -35.81287894664728, "params": {"C": 24249.029834586, "gamma": 0.006405082851617243}, "datetime": {"datetime": "2021-09-29 08:12:00", "elapsed": 532.600147, "delta": 3.663365}}
{"target": -34.64971616409623, "params": {"C": 24484.36823574266, "gamma": 0.01491703635124466}, "datetime": {"datetime": "2021-09-29 08:12:04", "elapsed": 536.312769, "delta": 3.712622}}
{"target": -35.28925803856919, "params": {"C": 24238.81103438531, "gamma": 0.048891804173548915}, "datetime": {"datetime": "2021-09-29 08:12:07", "elapsed": 539.266574, "delta": 2.953805}}
{"target": -34.59522845798855, "params": {"C": 21438.942258415696, "gamma": 0.02632851593118304}, "datetime": {"datetime": "2021-09-29 08:12:10", "elapsed": 542.549038, "delta": 3.282464}}
{"target": -34.51115863786045, "params": {"C": 22593.84236983857, "gamma": 0.017584191183684924}, "datetime": {"datetime": "2021-09-29 08:12:14", "elapsed": 545.828497, "delta": 3.279459}}
{"target": -36.18828822070457, "params": {"C": 23040.377165739857, "gamma": 0.07379486008480927}, "datetime": {"datetime": "2021-09-29 08:12:16", "elapsed": 548.67506, "delta": 2.846563}}
{"target": -35.29704422391141, "params": {"C": 24749.984416320825, "gamma": 0.00915188706125692}, "datetime": {"datetime": "2021-09-29 08:12:20", "elapsed": 551.787682, "delta": 3.112622}}
{"target": -34.71053140406557, "params": {"C": 22114.740465219096, "gamma": 0.03249611506032312}, "datetime": {"datetime": "2021-09-29 08:12:24", "elapsed": 555.901197, "delta": 4.113515}}
{"target": -34.672044132132775, "params": {"C": 24624.640516545787, "gamma": 0.030130305971888056}, "datetime": {"datetime": "2021-09-29 08:12:28", "elapsed": 559.832153, "delta": 3.930956}}
{"target": -35.002331657286575, "params": {"C": 22808.192356897584, "gamma": 0.011433500186701518}, "datetime": {"datetime": "2021-09-29 08:12:30", "elapsed": 562.079929, "delta": 2.247776}}
{"target": -34.615720305805425, "params": {"C": 22459.893467792386, "gamma": 0.02750840844445067}, "datetime": {"datetime": "2021-09-29 08:12:33", "elapsed": 565.668771, "delta": 3.588842}}
{"target": -34.501539420702024, "params": {"C": 24253.211085196283, "gamma": 0.017482011653956357}, "datetime": {"datetime": "2021-09-29 08:12:37", "elapsed": 568.926743, "delta": 3.257972}}
{"target": -34.50285281390898, "params": {"C": 24219.34288656249, "gamma": 0.01710404019130532}, "datetime": {"datetime": "2021-09-29 08:12:39", "elapsed": 571.139198, "delta": 2.212455}}
{"target": -36.380681221507885, "params": {"C": 24374.17721073781, "gamma": 0.00374504518325298}, "datetime": {"datetime": "2021-09-29 08:12:41", "elapsed": 573.45469, "delta": 2.315492}}
{"target": -34.555328218485734, "params": {"C": 23020.924679903343, "gamma": 0.02365713391692077}, "datetime": {"datetime": "2021-09-29 08:12:45", "elapsed": 576.931204, "delta": 3.476514}}
{"target": -35.36700472965744, "params": {"C": 22446.894717367224, "gamma": 0.009017444603317699}, "datetime": {"datetime": "2021-09-29 08:12:47", "elapsed": 579.633231, "delta": 2.702027}}
{"target": -35.68872420830307, "params": {"C": 24749.967748630417, "gamma": 0.057963009079201586}, "datetime": {"datetime": "2021-09-29 08:12:50", "elapsed": 582.573811, "delta": 2.94058}}
{"target": -34.966107061263735, "params": {"C": 21438.944982846377, "gamma": 0.04255062465217066}, "datetime": {"datetime": "2021-09-29 08:12:54", "elapsed": 585.935744, "delta": 3.361933}}
{"target": -34.741043447052874, "params": {"C": 21438.85575690784, "gamma": 0.03409183262587653}, "datetime": {"datetime": "2021-09-29 08:12:57", "elapsed": 589.257246, "delta": 3.321502}}
{"target": -34.64082967914584, "params": {"C": 21825.66779744979, "gamma": 0.02898022225151674}, "datetime": {"datetime": "2021-09-29 08:12:59", "elapsed": 591.710161, "delta": 2.452915}}
{"target": -34.71929557484923, "params": {"C": 23818.90410871922, "gamma": 0.03228274135662647}, "datetime": {"datetime": "2021-09-29 08:13:03", "elapsed": 595.006578, "delta": 3.296417}}
{"target": -36.435934704898415, "params": {"C": 22092.3536530356, "gamma": 0.0033675276180245247}, "datetime": {"datetime": "2021-09-29 08:13:06", "elapsed": 598.021763, "delta": 3.015185}}
{"target": -36.25209698704674, "params": {"C": 20869.2224928946, "gamma": 0.004356274916508818}, "datetime": {"datetime": "2021-09-29 08:13:10", "elapsed": 601.794771, "delta": 3.773008}}
{"target": -35.195091291440114, "params": {"C": 24807.552296534643, "gamma": 0.009737236793179975}, "datetime": {"datetime": "2021-09-29 08:13:12", "elapsed": 604.094938, "delta": 2.300167}}
{"target": -34.55483296036339, "params": {"C": 24728.30628960953, "gamma": 0.023654476042057792}, "datetime": {"datetime": "2021-09-29 08:13:15", "elapsed": 606.968533, "delta": 2.873595}}
{"target": -35.113608941093815, "params": {"C": 24229.263589244772, "gamma": 0.04462287988995972}, "datetime": {"datetime": "2021-09-29 08:13:18", "elapsed": 610.233276, "delta": 3.264743}}
{"target": -35.26471066552429, "params": {"C": 24636.89680200536, "gamma": 0.04797869935670142}, "datetime": {"datetime": "2021-09-29 08:13:20", "elapsed": 612.499295, "delta": 2.266019}}
{"target": -34.800958131066075, "params": {"C": 22459.87406216772, "gamma": 0.035985278552659386}, "datetime": {"datetime": "2021-09-29 08:13:25", "elapsed": 616.736309, "delta": 4.237014}}
{"target": -34.82090470577289, "params": {"C": 21087.721197223444, "gamma": 0.03735103776572256}, "datetime": {"datetime": "2021-09-29 08:13:27", "elapsed": 619.279394, "delta": 2.543085}}
{"target": -34.709483749518334, "params": {"C": 21438.956121645424, "gamma": 0.014795309940810228}, "datetime": {"datetime": "2021-09-29 08:13:31", "elapsed": 622.916047, "delta": 3.636653}}
{"target": -35.099849245098625, "params": {"C": 20456.20703494914, "gamma": 0.04773906013812729}, "datetime": {"datetime": "2021-09-29 08:13:34", "elapsed": 626.383803, "delta": 3.467756}}
{"target": -35.473890549892126, "params": {"C": 21188.521731267007, "gamma": 0.05691417582728951}, "datetime": {"datetime": "2021-09-29 08:13:37", "elapsed": 628.937489, "delta": 2.553686}}
{"target": -34.50753932891201, "params": {"C": 23461.171027125372, "gamma": 0.019536596842821382}, "datetime": {"datetime": "2021-09-29 08:13:39", "elapsed": 631.154652, "delta": 2.217163}}
{"target": -34.53988637388993, "params": {"C": 24223.316292751442, "gamma": 0.01651618092875615}, "datetime": {"datetime": "2021-09-29 08:13:43", "elapsed": 634.760376, "delta": 3.605724}}
{"target": -35.024023810786595, "params": {"C": 23461.166369800103, "gamma": 0.04278558226935301}, "datetime": {"datetime": "2021-09-29 08:13:47", "elapsed": 639.214302, "delta": 4.453926}}
{"target": -34.52104753512364, "params": {"C": 23277.409004491314, "gamma": 0.02101649381285336}, "datetime": {"datetime": "2021-09-29 08:13:50", "elapsed": 641.734356, "delta": 2.520054}}
{"target": -34.59171718925976, "params": {"C": 22066.2051911969, "gamma": 0.02608541609767129}, "datetime": {"datetime": "2021-09-29 08:13:52", "elapsed": 643.989508, "delta": 2.255152}}
{"target": -35.07786387612718, "params": {"C": 24496.651447797834, "gamma": 0.010556472226306627}, "datetime": {"datetime": "2021-09-29 08:13:57", "elapsed": 649.343348, "delta": 5.35384}}
{"target": -35.29266256510412, "params": {"C": 21825.674581057185, "gamma": 0.05149627146281731}, "datetime": {"datetime": "2021-09-29 08:14:00", "elapsed": 652.496638, "delta": 3.15329}}
