{"target": -35.98783262874856, "params": {"C": 2411.370190227297, "gamma": 0.13103123074436054}, "datetime": {"datetime": "2021-09-28 14:41:45", "elapsed": 10.012275, "delta": 0.533999}}
{"target": -35.89256621282659, "params": {"C": 2902.0494569365264, "gamma": 0.1266469436276049}, "datetime": {"datetime": "2021-09-28 14:41:46", "elapsed": 10.319276, "delta": 0.307001}}
{"target": -36.465758519483046, "params": {"C": 2325.4719649974622, "gamma": 0.16586270596882552}, "datetime": {"datetime": "2021-09-28 14:41:46", "elapsed": 10.699279, "delta": 0.380003}}
{"target": -34.987303306647064, "params": {"C": 2108.821015122299, "gamma": 0.033517124977688516}, "datetime": {"datetime": "2021-09-28 14:41:46", "elapsed": 11.001277, "delta": 0.301998}}
{"target": -35.59425737652893, "params": {"C": 2495.0614072656704, "gamma": 0.019528176480562327}, "datetime": {"datetime": "2021-09-28 14:41:47", "elapsed": 11.512801, "delta": 0.511524}}
{"target": -35.18609228239977, "params": {"C": 2250.069833223618, "gamma": 0.07728880997253908}, "datetime": {"datetime": "2021-09-28 14:41:47", "elapsed": 11.8368, "delta": 0.323999}}
{"target": -35.961701179045015, "params": {"C": 2614.42381051727, "gamma": 0.01520029479070148}, "datetime": {"datetime": "2021-09-28 14:41:48", "elapsed": 12.343848, "delta": 0.507048}}
{"target": -35.20246746130198, "params": {"C": 2125.5210121282566, "gamma": 0.02738884464782064}, "datetime": {"datetime": "2021-09-28 14:41:48", "elapsed": 12.815075, "delta": 0.471227}}
{"target": -34.76647544395428, "params": {"C": 2894.858954827103, "gamma": 0.03656869331463406}, "datetime": {"datetime": "2021-09-28 14:41:48", "elapsed": 13.102071, "delta": 0.286996}}
{"target": -36.82174346172867, "params": {"C": 2015.8924154138801, "gamma": 0.19809881923197417}, "datetime": {"datetime": "2021-09-28 14:41:49", "elapsed": 13.566395, "delta": 0.464324}}
{"target": -35.06204392146836, "params": {"C": 2035.104153248423, "gamma": 0.06567093509661556}, "datetime": {"datetime": "2021-09-28 14:41:49", "elapsed": 13.880392, "delta": 0.313997}}
{"target": -35.79520904069934, "params": {"C": 2051.52083420856, "gamma": 0.1163727336232974}, "datetime": {"datetime": "2021-09-28 14:41:50", "elapsed": 14.558692, "delta": 0.6783}}
{"target": -35.188238556420266, "params": {"C": 2894.8312240692458, "gamma": 0.08113719326764005}, "datetime": {"datetime": "2021-09-28 14:41:50", "elapsed": 14.92369, "delta": 0.364998}}
{"target": -36.66235628235982, "params": {"C": 2921.463745580751, "gamma": 0.18268251011998105}, "datetime": {"datetime": "2021-09-28 14:41:51", "elapsed": 15.267911, "delta": 0.344221}}
{"target": -35.32374280402205, "params": {"C": 2108.8404612766985, "gamma": 0.08617124022610237}, "datetime": {"datetime": "2021-09-28 14:41:51", "elapsed": 15.646913, "delta": 0.379002}}
{"target": -35.433653673289506, "params": {"C": 2094.0639896253297, "gamma": 0.09309733281956055}, "datetime": {"datetime": "2021-09-28 14:41:51", "elapsed": 15.97191, "delta": 0.324997}}
{"target": -34.9157552393337, "params": {"C": 2894.91968075032, "gamma": 0.061049277717636824}, "datetime": {"datetime": "2021-09-28 14:41:52", "elapsed": 16.313908, "delta": 0.341998}}
{"target": -34.86991604309809, "params": {"C": 2125.573375761287, "gamma": 0.04307896220770959}, "datetime": {"datetime": "2021-09-28 14:41:52", "elapsed": 16.651909, "delta": 0.338001}}
{"target": -34.876420276333164, "params": {"C": 2108.8892922590426, "gamma": 0.04568793586948874}, "datetime": {"datetime": "2021-09-28 14:41:52", "elapsed": 17.014911, "delta": 0.363002}}
{"target": -35.98561473300889, "params": {"C": 2138.3747151381754, "gamma": 0.1293862256321188}, "datetime": {"datetime": "2021-09-28 14:41:54", "elapsed": 19.023548, "delta": 2.008637}}
{"target": -35.55354012363215, "params": {"C": 2696.689068435645, "gamma": 0.1053380703900664}, "datetime": {"datetime": "2021-09-28 14:41:56", "elapsed": 20.688778, "delta": 1.66523}}
{"target": -37.576810737461166, "params": {"C": 2894.944966509739, "gamma": 0.005093897554257299}, "datetime": {"datetime": "2021-09-28 14:41:57", "elapsed": 21.404422, "delta": 0.715644}}
{"target": -35.10329221072457, "params": {"C": 2250.1222925869542, "gamma": 0.07120681075490379}, "datetime": {"datetime": "2021-09-28 14:41:57", "elapsed": 21.945417, "delta": 0.540995}}
{"target": -36.007705045869045, "params": {"C": 2894.807640476958, "gamma": 0.01390356708303921}, "datetime": {"datetime": "2021-09-28 14:41:58", "elapsed": 22.439416, "delta": 0.493999}}
{"target": -34.93126476592491, "params": {"C": 2108.9224938867546, "gamma": 0.05393645202606254}, "datetime": {"datetime": "2021-09-28 14:41:58", "elapsed": 22.890421, "delta": 0.451005}}
{"target": -35.60947440354478, "params": {"C": 2108.958337666645, "gamma": 0.10495654061710148}, "datetime": {"datetime": "2021-09-28 14:41:59", "elapsed": 23.345417, "delta": 0.454996}}
{"target": -36.310581600205786, "params": {"C": 2680.071690714273, "gamma": 0.154089450288626}, "datetime": {"datetime": "2021-09-28 14:41:59", "elapsed": 23.705728, "delta": 0.360311}}
{"target": -36.69409993284628, "params": {"C": 2857.1214140292777, "gamma": 0.18569789325947425}, "datetime": {"datetime": "2021-09-28 14:41:59", "elapsed": 24.079729, "delta": 0.374001}}
{"target": -34.99580197813138, "params": {"C": 2035.1760895173545, "gamma": 0.05925163723070422}, "datetime": {"datetime": "2021-09-28 14:42:00", "elapsed": 24.463727, "delta": 0.383998}}
{"target": -34.91163159236039, "params": {"C": 2051.5735833412336, "gamma": 0.040032506818924285}, "datetime": {"datetime": "2021-09-28 14:42:00", "elapsed": 24.826729, "delta": 0.363002}}
{"target": -35.86803451593181, "params": {"C": 2369.3999817822896, "gamma": 0.12305503427235742}, "datetime": {"datetime": "2021-09-28 14:42:01", "elapsed": 25.194874, "delta": 0.368145}}
{"target": -35.11157734115989, "params": {"C": 2450.286576569553, "gamma": 0.07328241524422915}, "datetime": {"datetime": "2021-09-28 14:42:01", "elapsed": 25.603805, "delta": 0.408931}}
{"target": -36.13005743966154, "params": {"C": 2894.874839781344, "gamma": 0.1416152346317821}, "datetime": {"datetime": "2021-09-28 14:42:01", "elapsed": 26.156808, "delta": 0.553003}}
{"target": -36.849377903381445, "params": {"C": 2108.875882051754, "gamma": 0.01082789606604604}, "datetime": {"datetime": "2021-09-28 14:42:02", "elapsed": 26.668804, "delta": 0.511996}}
{"target": -36.05039680580856, "params": {"C": 2909.2211720027703, "gamma": 0.13643878910207977}, "datetime": {"datetime": "2021-09-28 14:42:02", "elapsed": 27.022806, "delta": 0.354002}}
{"target": -35.28516443504537, "params": {"C": 2035.0622981632553, "gamma": 0.0826695511666265}, "datetime": {"datetime": "2021-09-28 14:42:03", "elapsed": 27.610873, "delta": 0.588067}}
{"target": -34.96078279138573, "params": {"C": 2894.894216159314, "gamma": 0.06469584111181668}, "datetime": {"datetime": "2021-09-28 14:42:04", "elapsed": 28.246871, "delta": 0.635998}}
{"target": -35.035066678895525, "params": {"C": 2035.1549851661828, "gamma": 0.03282367742152642}, "datetime": {"datetime": "2021-09-28 14:42:04", "elapsed": 28.812398, "delta": 0.565527}}
{"target": -34.993672901808814, "params": {"C": 2029.826736045197, "gamma": 0.0589258525224639}, "datetime": {"datetime": "2021-09-28 14:42:05", "elapsed": 29.3804, "delta": 0.568002}}
{"target": -36.713355811414196, "params": {"C": 2035.064018482603, "gamma": 0.01206455985906316}, "datetime": {"datetime": "2021-09-28 14:42:05", "elapsed": 29.847798, "delta": 0.467398}}
{"target": -34.87142707000309, "params": {"C": 2125.2151807727587, "gamma": 0.04518206482308535}, "datetime": {"datetime": "2021-09-28 14:42:06", "elapsed": 30.262802, "delta": 0.415004}}
{"target": -35.13577839519253, "params": {"C": 2287.756082809284, "gamma": 0.0738888725861973}, "datetime": {"datetime": "2021-09-28 14:42:06", "elapsed": 30.7508, "delta": 0.487998}}
{"target": -35.331443377894445, "params": {"C": 2094.0659441590133, "gamma": 0.08647154963948835}, "datetime": {"datetime": "2021-09-28 14:42:07", "elapsed": 31.231805, "delta": 0.481005}}
{"target": -35.05930321825008, "params": {"C": 2250.1645708034657, "gamma": 0.0679405296741957}, "datetime": {"datetime": "2021-09-28 14:42:07", "elapsed": 31.637017, "delta": 0.405212}}
{"target": -35.64291427642317, "params": {"C": 2035.1576020128007, "gamma": 0.10628643995844607}, "datetime": {"datetime": "2021-09-28 14:42:08", "elapsed": 32.220021, "delta": 0.583004}}
{"target": -36.30164103109057, "params": {"C": 2457.3026472043152, "gamma": 0.15303468840878534}, "datetime": {"datetime": "2021-09-28 14:42:08", "elapsed": 32.722018, "delta": 0.501997}}
{"target": -36.35616876533718, "params": {"C": 2464.217067132033, "gamma": 0.15721527969474974}, "datetime": {"datetime": "2021-09-28 14:42:08", "elapsed": 33.119016, "delta": 0.396998}}
{"target": -34.95912850467563, "params": {"C": 2125.2622098877896, "gamma": 0.0344881119600695}, "datetime": {"datetime": "2021-09-28 14:42:09", "elapsed": 33.581843, "delta": 0.462827}}
{"target": -35.06650007492175, "params": {"C": 2029.8411796566281, "gamma": 0.03169988262034617}, "datetime": {"datetime": "2021-09-28 14:42:09", "elapsed": 34.021843, "delta": 0.44}}
{"target": -36.690568170965, "params": {"C": 2587.4911343863478, "gamma": 0.1856689421933904}, "datetime": {"datetime": "2021-09-28 14:42:10", "elapsed": 34.429946, "delta": 0.408103}}
{"target": -34.89807926618857, "params": {"C": 2250.112126045298, "gamma": 0.03570102013317178}, "datetime": {"datetime": "2021-09-28 14:42:10", "elapsed": 34.851942, "delta": 0.421996}}
{"target": -34.96808657797834, "params": {"C": 2051.620250173672, "gamma": 0.056717513442112795}, "datetime": {"datetime": "2021-09-28 14:42:11", "elapsed": 35.303944, "delta": 0.452002}}
{"target": -36.83126161947317, "params": {"C": 2884.8885379593075, "gamma": 0.19961786588979927}, "datetime": {"datetime": "2021-09-28 14:42:11", "elapsed": 35.698119, "delta": 0.394175}}
{"target": -35.10625763352353, "params": {"C": 2125.5704020810444, "gamma": 0.07036976016218763}, "datetime": {"datetime": "2021-09-28 14:42:11", "elapsed": 36.122115, "delta": 0.423996}}
{"target": -36.12186110294951, "params": {"C": 2125.6867364429945, "gamma": 0.1384668088764152}, "datetime": {"datetime": "2021-09-28 14:42:12", "elapsed": 36.546117, "delta": 0.424002}}
{"target": -34.83886269691569, "params": {"C": 2894.8577821169597, "gamma": 0.029609112356136707}, "datetime": {"datetime": "2021-09-28 14:42:12", "elapsed": 36.956115, "delta": 0.409998}}
{"target": -35.4971434516482, "params": {"C": 2266.891799798058, "gamma": 0.09934402305382174}, "datetime": {"datetime": "2021-09-28 14:42:13", "elapsed": 37.451116, "delta": 0.495001}}
{"target": -35.33212366443191, "params": {"C": 2125.2483886778496, "gamma": 0.08692642258281162}, "datetime": {"datetime": "2021-09-28 14:42:13", "elapsed": 37.980084, "delta": 0.528968}}
{"target": -36.32541512859963, "params": {"C": 2650.274615248775, "gamma": 0.15516568726967547}, "datetime": {"datetime": "2021-09-28 14:42:14", "elapsed": 38.445611, "delta": 0.465527}}
{"target": -37.421429405965874, "params": {"C": 2051.6238160532967, "gamma": 0.007607382335179097}, "datetime": {"datetime": "2021-09-28 14:42:14", "elapsed": 38.991614, "delta": 0.546003}}
{"target": -34.99467848303336, "params": {"C": 2125.1738120462987, "gamma": 0.06086955479457741}, "datetime": {"datetime": "2021-09-28 14:42:15", "elapsed": 39.529429, "delta": 0.537815}}
{"target": -34.887844272183244, "params": {"C": 2108.7803161844895, "gamma": 0.04083369464386554}, "datetime": {"datetime": "2021-09-28 14:42:15", "elapsed": 40.099428, "delta": 0.569999}}
{"target": -35.96037249048811, "params": {"C": 2305.022329648089, "gamma": 0.12872996325698022}, "datetime": {"datetime": "2021-09-28 14:42:16", "elapsed": 40.628431, "delta": 0.529003}}
{"target": -35.55818026553399, "params": {"C": 2154.6970283634214, "gamma": 0.10206980669172949}, "datetime": {"datetime": "2021-09-28 14:42:16", "elapsed": 41.108435, "delta": 0.480004}}
{"target": -35.65095438288772, "params": {"C": 2273.161498771255, "gamma": 0.10914789655518903}, "datetime": {"datetime": "2021-09-28 14:42:17", "elapsed": 41.610783, "delta": 0.502348}}
{"target": -34.92765919856471, "params": {"C": 2051.305556297808, "gamma": 0.052186071808302745}, "datetime": {"datetime": "2021-09-28 14:42:17", "elapsed": 42.154785, "delta": 0.544002}}
{"target": -35.49646630235947, "params": {"C": 2450.242128726611, "gamma": 0.10124219720347745}, "datetime": {"datetime": "2021-09-28 14:42:18", "elapsed": 42.856781, "delta": 0.701996}}
{"target": -35.452725566411964, "params": {"C": 2125.3054608849393, "gamma": 0.023503224154240193}, "datetime": {"datetime": "2021-09-28 14:42:19", "elapsed": 43.409781, "delta": 0.553}}
{"target": -35.68905698212943, "params": {"C": 2134.7854753433253, "gamma": 0.11046720960754958}, "datetime": {"datetime": "2021-09-28 14:42:19", "elapsed": 44.082779, "delta": 0.672998}}
{"target": -36.82652840804555, "params": {"C": 2295.7943653919883, "gamma": 0.19993132860600835}, "datetime": {"datetime": "2021-09-28 14:42:20", "elapsed": 44.683072, "delta": 0.600293}}
{"target": -35.17159050288063, "params": {"C": 2108.7802371289995, "gamma": 0.07508821486584936}, "datetime": {"datetime": "2021-09-28 14:42:21", "elapsed": 45.30707, "delta": 0.623998}}
{"target": -36.446953203134306, "params": {"C": 2846.4244318668216, "gamma": 0.1648796250974893}, "datetime": {"datetime": "2021-09-28 14:42:21", "elapsed": 45.858284, "delta": 0.551214}}
{"target": -35.48674470400526, "params": {"C": 2051.6292186481624, "gamma": 0.09601995608417281}, "datetime": {"datetime": "2021-09-28 14:42:22", "elapsed": 46.430284, "delta": 0.572}}
{"target": -34.89413202584194, "params": {"C": 2051.5199234469937, "gamma": 0.042361665056156544}, "datetime": {"datetime": "2021-09-28 14:42:22", "elapsed": 46.948283, "delta": 0.517999}}
{"target": -36.240985578327056, "params": {"C": 2051.323324635169, "gamma": 0.01551575202005864}, "datetime": {"datetime": "2021-09-28 14:42:23", "elapsed": 47.544377, "delta": 0.596094}}
{"target": -35.05980834969622, "params": {"C": 2094.0631744996663, "gamma": 0.030893264978551358}, "datetime": {"datetime": "2021-09-28 14:42:23", "elapsed": 48.157374, "delta": 0.612997}}
{"target": -36.82271407341273, "params": {"C": 2488.4637448555172, "gamma": 0.009677453446846519}, "datetime": {"datetime": "2021-09-28 14:42:24", "elapsed": 48.725375, "delta": 0.568001}}
{"target": -35.90692859659876, "params": {"C": 2125.1869998476836, "gamma": 0.12407503731018057}, "datetime": {"datetime": "2021-09-28 14:42:25", "elapsed": 49.546567, "delta": 0.821192}}
{"target": -36.23063002429915, "params": {"C": 2094.112673327441, "gamma": 0.015351401642227473}, "datetime": {"datetime": "2021-09-28 14:42:26", "elapsed": 50.232569, "delta": 0.686002}}
{"target": -35.57563018827256, "params": {"C": 2051.7632356377203, "gamma": 0.10193736774360038}, "datetime": {"datetime": "2021-09-28 14:42:26", "elapsed": 50.878567, "delta": 0.645998}}
{"target": -36.250610026500375, "params": {"C": 2125.226012896766, "gamma": 0.015020869722649391}, "datetime": {"datetime": "2021-09-28 14:42:27", "elapsed": 51.393568, "delta": 0.515001}}
{"target": -35.9444212198885, "params": {"C": 2035.0650880208989, "gamma": 0.12590831512495362}, "datetime": {"datetime": "2021-09-28 14:42:27", "elapsed": 51.905496, "delta": 0.511928}}
{"target": -34.92761001674981, "params": {"C": 2029.7805456002634, "gamma": 0.03898055605853613}, "datetime": {"datetime": "2021-09-28 14:42:28", "elapsed": 52.526495, "delta": 0.620999}}
{"target": -35.98247387559037, "params": {"C": 2094.037653765119, "gamma": 0.017469772456038646}, "datetime": {"datetime": "2021-09-28 14:42:29", "elapsed": 53.222501, "delta": 0.696006}}
{"target": -36.73535734204894, "params": {"C": 2488.535461826886, "gamma": 0.19014730064619675}, "datetime": {"datetime": "2021-09-28 14:42:29", "elapsed": 53.99773, "delta": 0.775229}}
{"target": -35.14775565413871, "params": {"C": 2029.7368748423341, "gamma": 0.07259724946014841}, "datetime": {"datetime": "2021-09-28 14:42:30", "elapsed": 54.756727, "delta": 0.758997}}
{"target": -34.97631975413154, "params": {"C": 2108.8014772334, "gamma": 0.05873122359018129}, "datetime": {"datetime": "2021-09-28 14:42:31", "elapsed": 55.469733, "delta": 0.713006}}
{"target": -34.90496880820636, "params": {"C": 2051.2787439797994, "gamma": 0.04086845090697201}, "datetime": {"datetime": "2021-09-28 14:42:32", "elapsed": 56.449149, "delta": 0.979416}}
{"target": -35.08314773546932, "params": {"C": 2108.8954420419036, "gamma": 0.06848098923283152}, "datetime": {"datetime": "2021-09-28 14:42:33", "elapsed": 57.341148, "delta": 0.891999}}
{"target": -35.3913546057672, "params": {"C": 2250.2040645981033, "gamma": 0.09227817210794836}, "datetime": {"datetime": "2021-09-28 14:42:33", "elapsed": 58.008004, "delta": 0.666856}}
{"target": -35.15714025263621, "params": {"C": 2051.230013947045, "gamma": 0.07350053380271032}, "datetime": {"datetime": "2021-09-28 14:42:34", "elapsed": 58.78956, "delta": 0.781556}}
{"target": -35.50442195242162, "params": {"C": 2848.3132919254626, "gamma": 0.102217063050689}, "datetime": {"datetime": "2021-09-28 14:42:35", "elapsed": 59.686453, "delta": 0.896893}}
{"target": -35.596322230855726, "params": {"C": 2029.79779461951, "gamma": 0.10304234746340381}, "datetime": {"datetime": "2021-09-28 14:42:36", "elapsed": 60.392453, "delta": 0.706}}
{"target": -34.94625486518147, "params": {"C": 2450.3108325615335, "gamma": 0.030017040139477442}, "datetime": {"datetime": "2021-09-28 14:42:36", "elapsed": 61.141458, "delta": 0.749005}}
{"target": -35.14432880753005, "params": {"C": 2508.539775053147, "gamma": 0.02538155043555267}, "datetime": {"datetime": "2021-09-28 14:42:37", "elapsed": 61.898168, "delta": 0.75671}}
{"target": -34.79815985384263, "params": {"C": 2878.847272682838, "gamma": 0.032931220882900666}, "datetime": {"datetime": "2021-09-28 14:42:38", "elapsed": 62.669175, "delta": 0.771007}}
{"target": -36.40512887102898, "params": {"C": 2288.625636022067, "gamma": 0.1607376801698249}, "datetime": {"datetime": "2021-09-28 14:42:39", "elapsed": 63.432169, "delta": 0.762994}}
{"target": -35.02835694913793, "params": {"C": 2450.32416149541, "gamma": 0.06721029633476946}, "datetime": {"datetime": "2021-09-28 14:42:40", "elapsed": 64.489279, "delta": 1.05711}}
{"target": -36.42603208753836, "params": {"C": 2440.272104097827, "gamma": 0.1627620897000585}, "datetime": {"datetime": "2021-09-28 14:42:41", "elapsed": 65.278275, "delta": 0.788996}}
{"target": -34.9341801822612, "params": {"C": 2250.074496236904, "gamma": 0.033394382432812106}, "datetime": {"datetime": "2021-09-28 14:42:42", "elapsed": 66.333939, "delta": 1.055664}}
{"target": -36.75678688765054, "params": {"C": 2878.835578571911, "gamma": 0.009018134055453028}, "datetime": {"datetime": "2021-09-28 14:42:42", "elapsed": 67.020934, "delta": 0.686995}}
{"target": -35.01013529900705, "params": {"C": 2125.272891672155, "gamma": 0.06237028102497959}, "datetime": {"datetime": "2021-09-28 14:42:43", "elapsed": 68.147952, "delta": 1.127018}}
{"target": -35.66986453277355, "params": {"C": 2879.4740133904716, "gamma": 0.11289440931828908}, "datetime": {"datetime": "2021-09-28 14:42:44", "elapsed": 68.99348, "delta": 0.845528}}
{"target": -34.788028883538864, "params": {"C": 2878.823709816917, "gamma": 0.04795901582822479}, "datetime": {"datetime": "2021-09-28 14:42:45", "elapsed": 69.899088, "delta": 0.905608}}
{"target": -34.84866617565744, "params": {"C": 2450.3681596567562, "gamma": 0.04953112701927877}, "datetime": {"datetime": "2021-09-28 14:42:46", "elapsed": 70.756078, "delta": 0.85699}}
{"target": -36.37569479627492, "params": {"C": 2450.2785227460317, "gamma": 0.012622208319253326}, "datetime": {"datetime": "2021-09-28 14:42:47", "elapsed": 71.591084, "delta": 0.835006}}
{"target": -37.072123624207286, "params": {"C": 2029.7246954933523, "gamma": 0.0097228790328476}, "datetime": {"datetime": "2021-09-28 14:42:48", "elapsed": 72.330864, "delta": 0.73978}}
{"target": -34.77290495823947, "params": {"C": 2878.8261345471465, "gamma": 0.04538425957863499}, "datetime": {"datetime": "2021-09-28 14:42:48", "elapsed": 73.038866, "delta": 0.708002}}
{"target": -34.86790107613509, "params": {"C": 2125.577047441597, "gamma": 0.04405527665331326}, "datetime": {"datetime": "2021-09-28 14:42:49", "elapsed": 73.860029, "delta": 0.821163}}
{"target": -35.20397057115946, "params": {"C": 2051.287451400548, "gamma": 0.07699417933432}, "datetime": {"datetime": "2021-09-28 14:42:50", "elapsed": 74.766859, "delta": 0.90683}}
{"target": -37.05941382463329, "params": {"C": 2108.7713589545074, "gamma": 0.009512609766500636}, "datetime": {"datetime": "2021-09-28 14:42:51", "elapsed": 75.690858, "delta": 0.923999}}
{"target": -34.81873118759919, "params": {"C": 2450.3462450853344, "gamma": 0.040264200173516056}, "datetime": {"datetime": "2021-09-28 14:42:52", "elapsed": 76.525857, "delta": 0.834999}}
{"target": -35.39381974261148, "params": {"C": 2029.810451880076, "gamma": 0.02511245113532208}, "datetime": {"datetime": "2021-09-28 14:42:53", "elapsed": 77.422856, "delta": 0.896999}}
{"target": -35.08587224447691, "params": {"C": 2508.5875989910937, "gamma": 0.02625904988265942}, "datetime": {"datetime": "2021-09-28 14:42:54", "elapsed": 78.31848, "delta": 0.895624}}
{"target": -34.80851008031985, "params": {"C": 2568.2736857288523, "gamma": 0.04517975093702893}, "datetime": {"datetime": "2021-09-28 14:42:54", "elapsed": 79.137478, "delta": 0.818998}}
{"target": -35.41712283757026, "params": {"C": 2353.166616047807, "gamma": 0.022518771130639516}, "datetime": {"datetime": "2021-09-28 14:42:55", "elapsed": 80.084446, "delta": 0.946968}}
{"target": -35.226890231594055, "params": {"C": 2103.860148475502, "gamma": 0.07914493113947402}, "datetime": {"datetime": "2021-09-28 14:42:56", "elapsed": 80.956444, "delta": 0.871998}}
