{"target": -36.45355021994514, "params": {"C": 8803.695931084509, "gamma": 0.1353476778197895}, "datetime": {"datetime": "2021-09-28 19:06:04", "elapsed": 7.782757, "delta": 0.268878}}
{"target": -36.61306057777999, "params": {"C": 8842.927491161503, "gamma": 0.14623481573639519}, "datetime": {"datetime": "2021-09-28 19:06:04", "elapsed": 8.066124, "delta": 0.283367}}
{"target": -36.628665265947866, "params": {"C": 8412.307855580862, "gamma": 0.15033024525084507}, "datetime": {"datetime": "2021-09-28 19:06:04", "elapsed": 8.354012, "delta": 0.287888}}
{"target": -35.2217497376142, "params": {"C": 7188.127979250659, "gamma": 0.07502608506170197}, "datetime": {"datetime": "2021-09-28 19:06:05", "elapsed": 8.634637, "delta": 0.280625}}
{"target": -35.22520907770231, "params": {"C": 8162.35811748893, "gamma": 0.07210067924197303}, "datetime": {"datetime": "2021-09-28 19:06:05", "elapsed": 8.966215, "delta": 0.331578}}
{"target": -36.241649884224856, "params": {"C": 7338.827920495564, "gamma": 0.0071408382273320265}, "datetime": {"datetime": "2021-09-28 19:06:05", "elapsed": 9.26865, "delta": 0.302435}}
{"target": -35.81015469177401, "params": {"C": 8029.54181377673, "gamma": 0.09955727308394205}, "datetime": {"datetime": "2021-09-28 19:06:06", "elapsed": 9.598119, "delta": 0.329469}}
{"target": -35.82543333306167, "params": {"C": 7276.749430276351, "gamma": 0.10387110242553031}, "datetime": {"datetime": "2021-09-28 19:06:06", "elapsed": 9.899378, "delta": 0.301259}}
{"target": -35.538018348423975, "params": {"C": 8393.37813687129, "gamma": 0.08475590210492458}, "datetime": {"datetime": "2021-09-28 19:06:06", "elapsed": 10.194857, "delta": 0.295479}}
{"target": -36.65431504834238, "params": {"C": 8383.01393242549, "gamma": 0.1523250787283915}, "datetime": {"datetime": "2021-09-28 19:06:06", "elapsed": 10.493313, "delta": 0.298456}}
{"target": -35.28747320845213, "params": {"C": 8101.13572855848, "gamma": 0.07487135752318441}, "datetime": {"datetime": "2021-09-28 19:06:07", "elapsed": 10.790653, "delta": 0.29734}}
{"target": -36.32493686914805, "params": {"C": 8361.204882034668, "gamma": 0.12925770999662167}, "datetime": {"datetime": "2021-09-28 19:06:07", "elapsed": 11.121131, "delta": 0.330478}}
{"target": -35.678847893677336, "params": {"C": 7870.504385730855, "gamma": 0.09350941972133395}, "datetime": {"datetime": "2021-09-28 19:06:07", "elapsed": 11.472884, "delta": 0.351753}}
{"target": -35.763602002153185, "params": {"C": 7591.5184742113215, "gamma": 0.09920402097571898}, "datetime": {"datetime": "2021-09-28 19:06:08", "elapsed": 11.816886, "delta": 0.344002}}
{"target": -36.235717016141976, "params": {"C": 8360.143381428546, "gamma": 0.12350699894736938}, "datetime": {"datetime": "2021-09-28 19:06:08", "elapsed": 12.143761, "delta": 0.326875}}
{"target": -36.63251447374524, "params": {"C": 8714.242828058555, "gamma": 0.1486316587447103}, "datetime": {"datetime": "2021-09-28 19:06:08", "elapsed": 12.451598, "delta": 0.307837}}
{"target": -35.095828983194544, "params": {"C": 8550.043009864732, "gamma": 0.06586319037630145}, "datetime": {"datetime": "2021-09-28 19:06:09", "elapsed": 12.765519, "delta": 0.313921}}
{"target": -36.32959886509743, "params": {"C": 8310.895958474504, "gamma": 0.1298299492724428}, "datetime": {"datetime": "2021-09-28 19:06:09", "elapsed": 13.112875, "delta": 0.347356}}
{"target": -35.77034349273936, "params": {"C": 7738.799963564579, "gamma": 0.09883861698572001}, "datetime": {"datetime": "2021-09-28 19:06:09", "elapsed": 13.447011, "delta": 0.334136}}
{"target": -34.88929799088007, "params": {"C": 7900.573153139106, "gamma": 0.05927576596336163}, "datetime": {"datetime": "2021-09-28 19:06:10", "elapsed": 13.755495, "delta": 0.308484}}
{"target": -34.51560923641484, "params": {"C": 8534.372106809, "gamma": 0.021182881605706857}, "datetime": {"datetime": "2021-09-28 19:06:10", "elapsed": 14.101454, "delta": 0.345959}}
{"target": -34.95336416472514, "params": {"C": 8021.616950236352, "gamma": 0.061533052025668555}, "datetime": {"datetime": "2021-09-28 19:06:10", "elapsed": 14.429495, "delta": 0.328041}}
{"target": -36.054736930703584, "params": {"C": 8818.442344005542, "gamma": 0.10947698620934546}, "datetime": {"datetime": "2021-09-28 19:06:11", "elapsed": 14.755323, "delta": 0.325828}}
{"target": -34.72403347046048, "params": {"C": 8165.331529555319, "gamma": 0.05068334333951804}, "datetime": {"datetime": "2021-09-28 19:06:11", "elapsed": 15.112606, "delta": 0.357283}}
{"target": -34.665614482940605, "params": {"C": 8591.932722537336, "gamma": 0.017275070769728923}, "datetime": {"datetime": "2021-09-28 19:06:11", "elapsed": 15.457826, "delta": 0.34522}}
{"target": -36.3179175888595, "params": {"C": 8901.815910316607, "gamma": 0.1260231572992293}, "datetime": {"datetime": "2021-09-28 19:06:12", "elapsed": 15.823115, "delta": 0.365289}}
{"target": -36.374799779576726, "params": {"C": 7695.609131361995, "gamma": 0.13644286171455391}, "datetime": {"datetime": "2021-09-28 19:06:12", "elapsed": 16.168561, "delta": 0.345446}}
{"target": -36.36943658063362, "params": {"C": 7415.114157627467, "gamma": 0.1378227357511316}, "datetime": {"datetime": "2021-09-28 19:06:13", "elapsed": 16.528401, "delta": 0.35984}}
{"target": -34.49728546114256, "params": {"C": 7250.430361545517, "gamma": 0.03693958998758066}, "datetime": {"datetime": "2021-09-28 19:06:13", "elapsed": 16.858612, "delta": 0.330211}}
{"target": -34.88229008347285, "params": {"C": 7575.512165618568, "gamma": 0.059757821799285016}, "datetime": {"datetime": "2021-09-28 19:06:13", "elapsed": 17.191079, "delta": 0.332467}}
{"target": -34.43050980354579, "params": {"C": 8047.834138472175, "gamma": 0.026522001585471987}, "datetime": {"datetime": "2021-09-28 19:06:14", "elapsed": 17.542553, "delta": 0.351474}}
{"target": -35.655454573392035, "params": {"C": 8097.575669440043, "gamma": 0.09138582455277262}, "datetime": {"datetime": "2021-09-28 19:06:14", "elapsed": 17.895926, "delta": 0.353373}}
{"target": -35.212474916212734, "params": {"C": 7452.36016367305, "gamma": 0.07374691242999484}, "datetime": {"datetime": "2021-09-28 19:06:14", "elapsed": 18.25082, "delta": 0.354894}}
{"target": -36.187286030371254, "params": {"C": 7914.6052944086305, "gamma": 0.12266859847877809}, "datetime": {"datetime": "2021-09-28 19:06:15", "elapsed": 18.591664, "delta": 0.340844}}
{"target": -36.238449186480985, "params": {"C": 7928.434134264066, "gamma": 0.125991632577878}, "datetime": {"datetime": "2021-09-28 19:06:15", "elapsed": 18.931277, "delta": 0.339613}}
{"target": -35.50012956028233, "params": {"C": 8130.766256216124, "gamma": 0.08400075924417198}, "datetime": {"datetime": "2021-09-28 19:06:15", "elapsed": 19.297972, "delta": 0.366695}}
{"target": -36.38299820813717, "params": {"C": 7524.787541683497, "gamma": 0.13809868327124075}, "datetime": {"datetime": "2021-09-28 19:06:16", "elapsed": 19.645734, "delta": 0.347762}}
{"target": -36.584440778901275, "params": {"C": 8174.9822687726955, "gamma": 0.14860864635884877}, "datetime": {"datetime": "2021-09-28 19:06:16", "elapsed": 20.007152, "delta": 0.361418}}
{"target": -35.89011710850846, "params": {"C": 7138.598072498204, "gamma": 0.10809799233259064}, "datetime": {"datetime": "2021-09-28 19:06:16", "elapsed": 20.380086, "delta": 0.372934}}
{"target": -34.47498550329291, "params": {"C": 8274.10549202846, "gamma": 0.023431889938996628}, "datetime": {"datetime": "2021-09-28 19:06:17", "elapsed": 20.765925, "delta": 0.385839}}
{"target": -36.79991643035157, "params": {"C": 8769.777075918615, "gamma": 0.159696252373943}, "datetime": {"datetime": "2021-09-28 19:06:17", "elapsed": 21.156901, "delta": 0.390976}}
{"target": -34.442565498314266, "params": {"C": 7556.168640893326, "gamma": 0.028223007128237207}, "datetime": {"datetime": "2021-09-28 19:06:18", "elapsed": 21.536763, "delta": 0.379862}}
{"target": -35.791757809011, "params": {"C": 7951.96358913377, "gamma": 0.09894851244829869}, "datetime": {"datetime": "2021-09-28 19:06:18", "elapsed": 21.895947, "delta": 0.359184}}
{"target": -35.11713545786202, "params": {"C": 8316.51704756559, "gamma": 0.01300543439098402}, "datetime": {"datetime": "2021-09-28 19:06:18", "elapsed": 22.273806, "delta": 0.377859}}
{"target": -35.36215271743311, "params": {"C": 7533.783599596116, "gamma": 0.07999140294021728}, "datetime": {"datetime": "2021-09-28 19:06:19", "elapsed": 22.648278, "delta": 0.374472}}
{"target": -35.5606661305814, "params": {"C": 8831.270932308493, "gamma": 0.0842286996021477}, "datetime": {"datetime": "2021-09-28 19:06:19", "elapsed": 23.08277, "delta": 0.434492}}
{"target": -36.24395250750747, "params": {"C": 8300.549230497549, "gamma": 0.12436246936820358}, "datetime": {"datetime": "2021-09-28 19:06:19", "elapsed": 23.477948, "delta": 0.395178}}
{"target": -34.46745936058057, "params": {"C": 8111.309809328488, "gamma": 0.03497922079456876}, "datetime": {"datetime": "2021-09-28 19:06:20", "elapsed": 23.872959, "delta": 0.395011}}
{"target": -36.35702972780728, "params": {"C": 8050.026547015397, "gamma": 0.006205101140416365}, "datetime": {"datetime": "2021-09-28 19:06:20", "elapsed": 24.312237, "delta": 0.439278}}
{"target": -35.7061412907062, "params": {"C": 8199.070396261211, "gamma": 0.09344389806360016}, "datetime": {"datetime": "2021-09-28 19:06:21", "elapsed": 24.751048, "delta": 0.438811}}
{"target": -35.84218898886966, "params": {"C": 7610.044659296178, "gamma": 0.10334945797349711}, "datetime": {"datetime": "2021-09-28 19:06:21", "elapsed": 25.127905, "delta": 0.376857}}
{"target": -35.391707268981044, "params": {"C": 7309.394056726843, "gamma": 0.08215805147291319}, "datetime": {"datetime": "2021-09-28 19:06:22", "elapsed": 25.52947, "delta": 0.401565}}
{"target": -35.53287257599179, "params": {"C": 7546.32299754251, "gamma": 0.08778422546694513}, "datetime": {"datetime": "2021-09-28 19:06:22", "elapsed": 25.931116, "delta": 0.401646}}
{"target": -34.569350559041304, "params": {"C": 7102.611112595616, "gamma": 0.042506877591215}, "datetime": {"datetime": "2021-09-28 19:06:22", "elapsed": 26.363346, "delta": 0.43223}}
{"target": -36.35850435821631, "params": {"C": 8206.046680018988, "gamma": 0.1323137950454899}, "datetime": {"datetime": "2021-09-28 19:06:23", "elapsed": 26.772201, "delta": 0.408855}}
{"target": -34.65282701125393, "params": {"C": 7165.626155039649, "gamma": 0.04767863558852759}, "datetime": {"datetime": "2021-09-28 19:06:23", "elapsed": 27.175611, "delta": 0.40341}}
{"target": -35.53031265159364, "params": {"C": 7269.570950686651, "gamma": 0.08883291020087274}, "datetime": {"datetime": "2021-09-28 19:06:24", "elapsed": 27.60231, "delta": 0.426699}}
{"target": -36.686408533322826, "params": {"C": 7591.588730783977, "gamma": 0.1599454150458015}, "datetime": {"datetime": "2021-09-28 19:06:24", "elapsed": 28.010132, "delta": 0.407822}}
{"target": -35.59855748168814, "params": {"C": 8828.088640137878, "gamma": 0.08593017646977859}, "datetime": {"datetime": "2021-09-28 19:06:24", "elapsed": 28.454816, "delta": 0.444684}}
{"target": -36.39521066160223, "params": {"C": 8692.848863733643, "gamma": 0.13208380456467098}, "datetime": {"datetime": "2021-09-28 19:06:25", "elapsed": 28.873388, "delta": 0.418572}}
{"target": -35.6719197812459, "params": {"C": 7021.126477196234, "gamma": 0.09688882327170331}, "datetime": {"datetime": "2021-09-28 19:06:25", "elapsed": 29.303195, "delta": 0.429807}}
{"target": -34.44674733156054, "params": {"C": 7382.09173788399, "gamma": 0.02965003075890975}, "datetime": {"datetime": "2021-09-28 19:06:26", "elapsed": 29.730935, "delta": 0.42774}}
{"target": -34.422917673902646, "params": {"C": 8056.995839569409, "gamma": 0.0290058440261285}, "datetime": {"datetime": "2021-09-28 19:06:26", "elapsed": 30.148748, "delta": 0.417813}}
{"target": -36.725505385348136, "params": {"C": 8279.878611822756, "gamma": 0.15784303564489577}, "datetime": {"datetime": "2021-09-28 19:06:27", "elapsed": 30.576608, "delta": 0.42786}}
{"target": -35.88945590050177, "params": {"C": 7976.9274897110345, "gamma": 0.008717975816724156}, "datetime": {"datetime": "2021-09-28 19:06:27", "elapsed": 30.994129, "delta": 0.417521}}
{"target": -36.03146573515825, "params": {"C": 8874.853961637247, "gamma": 0.10779479584035724}, "datetime": {"datetime": "2021-09-28 19:06:27", "elapsed": 31.435107, "delta": 0.440978}}
{"target": -35.162007979957515, "params": {"C": 7571.1343766860555, "gamma": 0.013270607093345793}, "datetime": {"datetime": "2021-09-28 19:06:28", "elapsed": 31.899284, "delta": 0.464177}}
{"target": -35.37195940421194, "params": {"C": 7103.526471275441, "gamma": 0.08205277948850287}, "datetime": {"datetime": "2021-09-28 19:06:28", "elapsed": 32.347953, "delta": 0.448669}}
{"target": -35.25391649688899, "params": {"C": 7250.452025793532, "gamma": 0.012965306702618747}, "datetime": {"datetime": "2021-09-28 19:06:29", "elapsed": 32.795965, "delta": 0.448012}}
{"target": -34.43707001215942, "params": {"C": 8111.2672780643115, "gamma": 0.025894575473421725}, "datetime": {"datetime": "2021-09-28 19:06:29", "elapsed": 33.311559, "delta": 0.515594}}
{"target": -35.574069433668555, "params": {"C": 7217.666669198832, "gamma": 0.09121025849072499}, "datetime": {"datetime": "2021-09-28 19:06:30", "elapsed": 33.80634, "delta": 0.494781}}
{"target": -36.651900068746066, "params": {"C": 7862.421258407224, "gamma": 0.1556177126491062}, "datetime": {"datetime": "2021-09-28 19:06:30", "elapsed": 34.25696, "delta": 0.45062}}
{"target": -36.61541000193515, "params": {"C": 7977.070923653772, "gamma": 0.15216836718031024}, "datetime": {"datetime": "2021-09-28 19:06:31", "elapsed": 34.698571, "delta": 0.441611}}
{"target": -35.47052604791203, "params": {"C": 8047.82171601637, "gamma": 0.08297187742970495}, "datetime": {"datetime": "2021-09-28 19:06:31", "elapsed": 35.185201, "delta": 0.48663}}
{"target": -35.019777343813004, "params": {"C": 8021.631157888011, "gamma": 0.06417346924862982}, "datetime": {"datetime": "2021-09-28 19:06:32", "elapsed": 35.637702, "delta": 0.452501}}
{"target": -36.216655172460754, "params": {"C": 7184.266668265408, "gamma": 0.12876772154084096}, "datetime": {"datetime": "2021-09-28 19:06:32", "elapsed": 36.091229, "delta": 0.453527}}
{"target": -36.294495105460605, "params": {"C": 8057.043098052141, "gamma": 0.006533908780708385}, "datetime": {"datetime": "2021-09-28 19:06:33", "elapsed": 36.648326, "delta": 0.557097}}
{"target": -34.55497154684824, "params": {"C": 7382.058953477747, "gamma": 0.04123868928937881}, "datetime": {"datetime": "2021-09-28 19:06:33", "elapsed": 37.193436, "delta": 0.54511}}
{"target": -35.73511044518343, "params": {"C": 7556.193024986639, "gamma": 0.009825631305526768}, "datetime": {"datetime": "2021-09-28 19:06:34", "elapsed": 37.666008, "delta": 0.472572}}
{"target": -35.50579393812024, "params": {"C": 8696.626583850926, "gamma": 0.08227510139926562}, "datetime": {"datetime": "2021-09-28 19:06:34", "elapsed": 38.157023, "delta": 0.491015}}
{"target": -34.610798366613864, "params": {"C": 7217.599679832653, "gamma": 0.020569730588783}, "datetime": {"datetime": "2021-09-28 19:06:35", "elapsed": 38.656136, "delta": 0.499113}}
{"target": -34.50172436365474, "params": {"C": 8789.685372164662, "gamma": 0.03643100687384073}, "datetime": {"datetime": "2021-09-28 19:06:35", "elapsed": 39.168935, "delta": 0.512799}}
{"target": -34.543651961735506, "params": {"C": 8017.079550106294, "gamma": 0.021200719576977764}, "datetime": {"datetime": "2021-09-28 19:06:36", "elapsed": 39.644969, "delta": 0.476034}}
{"target": -34.40244456490701, "params": {"C": 8757.694545365677, "gamma": 0.02720173967615181}, "datetime": {"datetime": "2021-09-28 19:06:36", "elapsed": 40.117218, "delta": 0.472249}}
{"target": -36.25007571211272, "params": {"C": 7577.251272044134, "gamma": 0.12879148936575824}, "datetime": {"datetime": "2021-09-28 19:06:37", "elapsed": 40.63967, "delta": 0.522452}}
{"target": -34.717071587254935, "params": {"C": 7250.398664177347, "gamma": 0.051573158459904414}, "datetime": {"datetime": "2021-09-28 19:06:37", "elapsed": 41.17107, "delta": 0.5314}}
{"target": -36.301683354508505, "params": {"C": 7880.544208195654, "gamma": 0.13040063540261063}, "datetime": {"datetime": "2021-09-28 19:06:38", "elapsed": 41.664106, "delta": 0.493036}}
{"target": -36.05166757155517, "params": {"C": 8824.269938652804, "gamma": 0.10926094411779338}, "datetime": {"datetime": "2021-09-28 19:06:38", "elapsed": 42.127229, "delta": 0.463123}}
{"target": -35.912769131724396, "params": {"C": 8757.671157143823, "gamma": 0.008193901428693433}, "datetime": {"datetime": "2021-09-28 19:06:39", "elapsed": 42.759685, "delta": 0.632456}}
{"target": -35.063128518701994, "params": {"C": 7556.190418138171, "gamma": 0.06717001053240494}, "datetime": {"datetime": "2021-09-28 19:06:39", "elapsed": 43.281487, "delta": 0.521802}}
{"target": -35.697663987510715, "params": {"C": 8758.948026780943, "gamma": 0.09076222279146054}, "datetime": {"datetime": "2021-09-28 19:06:40", "elapsed": 43.803933, "delta": 0.522446}}
{"target": -34.812481283077275, "params": {"C": 8534.335153184926, "gamma": 0.05465630652641523}, "datetime": {"datetime": "2021-09-28 19:06:40", "elapsed": 44.366745, "delta": 0.562812}}
{"target": -35.97557604814727, "params": {"C": 7192.550710555817, "gamma": 0.11285989411267913}, "datetime": {"datetime": "2021-09-28 19:06:41", "elapsed": 44.856901, "delta": 0.490156}}
{"target": -35.23184474016939, "params": {"C": 8789.731282095136, "gamma": 0.07062020145268612}, "datetime": {"datetime": "2021-09-28 19:06:41", "elapsed": 45.459755, "delta": 0.602854}}
{"target": -34.549083449839614, "params": {"C": 7102.55495667667, "gamma": 0.0411000741831686}, "datetime": {"datetime": "2021-09-28 19:06:42", "elapsed": 45.983948, "delta": 0.524193}}
{"target": -36.33563080943601, "params": {"C": 7873.733069135391, "gamma": 0.13268082936773465}, "datetime": {"datetime": "2021-09-28 19:06:42", "elapsed": 46.493733, "delta": 0.509785}}
{"target": -36.56720332387163, "params": {"C": 7673.279854397826, "gamma": 0.15062217849565426}, "datetime": {"datetime": "2021-09-28 19:06:43", "elapsed": 46.997249, "delta": 0.503516}}
{"target": -35.343238228702646, "params": {"C": 8111.285524084189, "gamma": 0.07719794888469092}, "datetime": {"datetime": "2021-09-28 19:06:44", "elapsed": 47.591987, "delta": 0.594738}}
{"target": -34.68124640674187, "params": {"C": 8047.804808872593, "gamma": 0.017680305856460066}, "datetime": {"datetime": "2021-09-28 19:06:44", "elapsed": 48.197603, "delta": 0.605616}}
{"target": -34.618542368493955, "params": {"C": 8274.138778479866, "gamma": 0.04406131879426473}, "datetime": {"datetime": "2021-09-28 19:06:45", "elapsed": 48.842087, "delta": 0.644484}}
{"target": -34.489323063493615, "params": {"C": 8111.316975669444, "gamma": 0.036334608012657116}, "datetime": {"datetime": "2021-09-28 19:06:45", "elapsed": 49.396007, "delta": 0.55392}}
{"target": -35.155650197870756, "params": {"C": 8462.300422827755, "gamma": 0.06845327921351811}, "datetime": {"datetime": "2021-09-28 19:06:46", "elapsed": 50.069013, "delta": 0.673006}}
{"target": -34.499514346585784, "params": {"C": 8136.547371457705, "gamma": 0.036937750744817865}, "datetime": {"datetime": "2021-09-28 19:06:47", "elapsed": 50.653967, "delta": 0.584954}}
{"target": -34.63602313099089, "params": {"C": 7706.333232095614, "gamma": 0.018925177052559614}, "datetime": {"datetime": "2021-09-28 19:06:47", "elapsed": 51.218386, "delta": 0.564419}}
{"target": -34.96143918147108, "params": {"C": 7207.720296951004, "gamma": 0.06393571449547934}, "datetime": {"datetime": "2021-09-28 19:06:48", "elapsed": 51.78889, "delta": 0.570504}}
{"target": -35.666603320643105, "params": {"C": 7717.187950984927, "gamma": 0.0935772954128275}, "datetime": {"datetime": "2021-09-28 19:06:48", "elapsed": 52.355059, "delta": 0.566169}}
{"target": -34.69899741688887, "params": {"C": 8056.931591628519, "gamma": 0.0492824708338258}, "datetime": {"datetime": "2021-09-28 19:06:49", "elapsed": 52.984975, "delta": 0.629916}}
{"target": -34.41787610122367, "params": {"C": 8462.387988002365, "gamma": 0.03015246204355054}, "datetime": {"datetime": "2021-09-28 19:06:50", "elapsed": 53.605259, "delta": 0.620284}}
{"target": -35.315933213058756, "params": {"C": 7556.125672131163, "gamma": 0.07787344278260432}, "datetime": {"datetime": "2021-09-28 19:06:50", "elapsed": 54.27124, "delta": 0.665981}}
{"target": -34.65864733852862, "params": {"C": 8757.704125321974, "gamma": 0.04591872343413439}, "datetime": {"datetime": "2021-09-28 19:06:51", "elapsed": 55.055052, "delta": 0.783812}}
{"target": -36.18501129218764, "params": {"C": 8421.513476129428, "gamma": 0.11994828889344401}, "datetime": {"datetime": "2021-09-28 19:06:52", "elapsed": 55.651569, "delta": 0.596517}}
{"target": -34.51686914543093, "params": {"C": 8512.7519669395, "gamma": 0.021179041789832542}, "datetime": {"datetime": "2021-09-28 19:06:52", "elapsed": 56.215878, "delta": 0.564309}}
{"target": -34.58421689732906, "params": {"C": 7523.84651400761, "gamma": 0.042881480021458515}, "datetime": {"datetime": "2021-09-28 19:06:53", "elapsed": 56.828871, "delta": 0.612993}}
{"target": -34.477902436496144, "params": {"C": 8645.913134306586, "gamma": 0.03511651710845876}, "datetime": {"datetime": "2021-09-28 19:06:53", "elapsed": 57.412593, "delta": 0.583722}}
{"target": -36.03344902967987, "params": {"C": 7851.532637638085, "gamma": 0.1131462756787477}, "datetime": {"datetime": "2021-09-28 19:06:54", "elapsed": 58.014321, "delta": 0.601728}}
{"target": -35.194148167015754, "params": {"C": 8004.459656734121, "gamma": 0.07128188215457643}, "datetime": {"datetime": "2021-09-28 19:06:55", "elapsed": 58.592402, "delta": 0.578081}}
{"target": -34.81618083955182, "params": {"C": 7523.886684134675, "gamma": 0.05663315576906557}, "datetime": {"datetime": "2021-09-28 19:06:55", "elapsed": 59.316417, "delta": 0.724015}}
