{"target": -35.394965688988364, "params": {"C": 40205.26141016003, "gamma": 0.044736532741580064}, "datetime": {"datetime": "2021-09-29 09:36:22", "elapsed": 368.915792, "delta": 1.437672}}
{"target": -35.452681956039456, "params": {"C": 40123.06104430846, "gamma": 0.045974882194196785}, "datetime": {"datetime": "2021-09-29 09:36:24", "elapsed": 370.787678, "delta": 1.871886}}
{"target": -36.07266530286354, "params": {"C": 43211.35896173605, "gamma": 0.05675463396620625}, "datetime": {"datetime": "2021-09-29 09:36:26", "elapsed": 372.636904, "delta": 1.849226}}
{"target": -35.65683057757869, "params": {"C": 42619.61635719482, "gamma": 0.04900082620452312}, "datetime": {"datetime": "2021-09-29 09:36:28", "elapsed": 374.642489, "delta": 2.005585}}
{"target": -37.781808158979366, "params": {"C": 40378.2029034894, "gamma": 0.09879058591641368}, "datetime": {"datetime": "2021-09-29 09:36:29", "elapsed": 376.174099, "delta": 1.53161}}
{"target": -35.6965424732072, "params": {"C": 44254.68441977555, "gamma": 0.048950757284041975}, "datetime": {"datetime": "2021-09-29 09:36:31", "elapsed": 377.66675, "delta": 1.492651}}
{"target": -35.682449134877956, "params": {"C": 44242.48795484481, "gamma": 0.048686379372259406}, "datetime": {"datetime": "2021-09-29 09:36:33", "elapsed": 379.685787, "delta": 2.019037}}
{"target": -36.614469017461815, "params": {"C": 41587.62071953387, "gamma": 0.06893808349271803}, "datetime": {"datetime": "2021-09-29 09:36:35", "elapsed": 381.435131, "delta": 1.749344}}
{"target": -35.445888045434096, "params": {"C": 42542.66069809047, "gamma": 0.04470538525735885}, "datetime": {"datetime": "2021-09-29 09:36:38", "elapsed": 384.845453, "delta": 3.410322}}
{"target": -34.59052631964647, "params": {"C": 41366.6916091844, "gamma": 0.026100488942485525}, "datetime": {"datetime": "2021-09-29 09:36:41", "elapsed": 387.685003, "delta": 2.83955}}
{"target": -36.73965089840504, "params": {"C": 42320.00725532208, "gamma": 0.0712614042463518}, "datetime": {"datetime": "2021-09-29 09:36:43", "elapsed": 390.278044, "delta": 2.593041}}
{"target": -35.782328820855, "params": {"C": 44776.987467179584, "gamma": 0.050351788027837074}, "datetime": {"datetime": "2021-09-29 09:36:45", "elapsed": 391.860049, "delta": 1.582005}}
{"target": -34.379301227172355, "params": {"C": 41390.37031126475, "gamma": 0.01886692090017659}, "datetime": {"datetime": "2021-09-29 09:36:48", "elapsed": 395.312692, "delta": 3.452643}}
{"target": -37.24799981035068, "params": {"C": 41390.390448014296, "gamma": 0.08413342404539374}, "datetime": {"datetime": "2021-09-29 09:36:50", "elapsed": 397.418829, "delta": 2.106137}}
{"target": -34.26085610518309, "params": {"C": 43734.57171166188, "gamma": 0.011621306326954146}, "datetime": {"datetime": "2021-09-29 09:36:52", "elapsed": 399.307113, "delta": 1.888284}}
{"target": -35.347246173905766, "params": {"C": 41366.60381672476, "gamma": 0.04323072376968919}, "datetime": {"datetime": "2021-09-29 09:36:55", "elapsed": 401.472982, "delta": 2.165869}}
{"target": -34.26985374871792, "params": {"C": 42099.3478241567, "gamma": 0.013820498743451284}, "datetime": {"datetime": "2021-09-29 09:36:57", "elapsed": 403.596164, "delta": 2.123182}}
{"target": -34.35883852850688, "params": {"C": 44329.83225793191, "gamma": 0.009367647305900666}, "datetime": {"datetime": "2021-09-29 09:36:58", "elapsed": 405.25505, "delta": 1.658886}}
{"target": -36.6698306464547, "params": {"C": 42475.286862978544, "gamma": 0.06951215456248314}, "datetime": {"datetime": "2021-09-29 09:37:00", "elapsed": 407.418259, "delta": 2.163209}}
{"target": -34.7780819619054, "params": {"C": 44367.239953623066, "gamma": 0.03011771730828103}, "datetime": {"datetime": "2021-09-29 09:37:03", "elapsed": 409.557395, "delta": 2.139136}}
{"target": -34.38422201035114, "params": {"C": 41427.79129837556, "gamma": 0.019084531348973872}, "datetime": {"datetime": "2021-09-29 09:37:05", "elapsed": 412.35794, "delta": 2.800545}}
{"target": -37.528338373110714, "params": {"C": 41637.11403774898, "gamma": 0.09048434514133064}, "datetime": {"datetime": "2021-09-29 09:37:07", "elapsed": 414.275494, "delta": 1.917554}}
{"target": -34.78020969081436, "params": {"C": 43185.312627621366, "gamma": 0.030523602643949894}, "datetime": {"datetime": "2021-09-29 09:37:10", "elapsed": 416.652359, "delta": 2.376865}}
{"target": -35.352241620982944, "params": {"C": 40587.831929265754, "gamma": 0.04368075075339746}, "datetime": {"datetime": "2021-09-29 09:37:12", "elapsed": 419.316961, "delta": 2.664602}}
{"target": -35.69620708048794, "params": {"C": 43609.14324220687, "gamma": 0.04926449181307353}, "datetime": {"datetime": "2021-09-29 09:37:15", "elapsed": 422.000498, "delta": 2.683537}}
{"target": -36.54336203239381, "params": {"C": 40435.791364824094, "gamma": 0.06823704518736651}, "datetime": {"datetime": "2021-09-29 09:37:17", "elapsed": 424.071339, "delta": 2.070841}}
{"target": -35.22884199672786, "params": {"C": 41186.983635509314, "gamma": 0.04090905210382116}, "datetime": {"datetime": "2021-09-29 09:37:19", "elapsed": 426.331819, "delta": 2.26048}}
{"target": -34.636475731920974, "params": {"C": 41765.88447797551, "gamma": 0.02750996406063626}, "datetime": {"datetime": "2021-09-29 09:37:22", "elapsed": 429.01031, "delta": 2.678491}}
{"target": -34.93176518400508, "params": {"C": 43755.86658715539, "gamma": 0.03378053304839622}, "datetime": {"datetime": "2021-09-29 09:37:24", "elapsed": 431.151145, "delta": 2.140835}}
{"target": -35.800090421130975, "params": {"C": 44341.82439183909, "gamma": 0.050921437123787265}, "datetime": {"datetime": "2021-09-29 09:37:27", "elapsed": 433.484327, "delta": 2.333182}}
{"target": -35.79257393843072, "params": {"C": 43979.86799710166, "gamma": 0.05096034696511608}, "datetime": {"datetime": "2021-09-29 09:37:29", "elapsed": 435.844158, "delta": 2.359831}}
{"target": -36.49282822350671, "params": {"C": 43291.25055701665, "gamma": 0.06509326363350454}, "datetime": {"datetime": "2021-09-29 09:37:31", "elapsed": 438.275819, "delta": 2.431661}}
{"target": -34.92032775576526, "params": {"C": 44486.23175563192, "gamma": 0.033313942378850124}, "datetime": {"datetime": "2021-09-29 09:37:33", "elapsed": 439.972787, "delta": 1.696968}}
{"target": -34.29018168962895, "params": {"C": 42320.00055028639, "gamma": 0.014720973672894985}, "datetime": {"datetime": "2021-09-29 09:37:35", "elapsed": 441.866342, "delta": 1.893555}}
{"target": -35.09287988694115, "params": {"C": 40787.02966011538, "gamma": 0.038191159418855}, "datetime": {"datetime": "2021-09-29 09:37:37", "elapsed": 443.783564, "delta": 1.917222}}
{"target": -34.950066156478044, "params": {"C": 43021.251413309634, "gamma": 0.03439832301644298}, "datetime": {"datetime": "2021-09-29 09:37:39", "elapsed": 446.036704, "delta": 2.25314}}
{"target": -34.62068550932109, "params": {"C": 42789.49874142595, "gamma": 0.026685731042626313}, "datetime": {"datetime": "2021-09-29 09:37:42", "elapsed": 448.71933, "delta": 2.682626}}
{"target": -37.010156017596806, "params": {"C": 43781.92358157311, "gamma": 0.07636801021076615}, "datetime": {"datetime": "2021-09-29 09:37:44", "elapsed": 450.945993, "delta": 2.226663}}
{"target": -34.542093889067125, "params": {"C": 44341.89562640374, "gamma": 0.023792899152544632}, "datetime": {"datetime": "2021-09-29 09:37:46", "elapsed": 453.007222, "delta": 2.061229}}
{"target": -36.01084301626473, "params": {"C": 42752.49413678388, "gamma": 0.055839653071557395}, "datetime": {"datetime": "2021-09-29 09:37:48", "elapsed": 455.104562, "delta": 2.09734}}
{"target": -34.256726302917784, "params": {"C": 42843.751350774146, "gamma": 0.012938703235783059}, "datetime": {"datetime": "2021-09-29 09:37:52", "elapsed": 458.686455, "delta": 3.581893}}
{"target": -34.9592764071028, "params": {"C": 43609.24086286055, "gamma": 0.034387177420166656}, "datetime": {"datetime": "2021-09-29 09:37:55", "elapsed": 461.741687, "delta": 3.055232}}
{"target": -36.752293231717495, "params": {"C": 43734.57516651536, "gamma": 0.07045228762851252}, "datetime": {"datetime": "2021-09-29 09:37:57", "elapsed": 464.358178, "delta": 2.616491}}
{"target": -36.70765906507057, "params": {"C": 42642.47738731629, "gamma": 0.07025427925609876}, "datetime": {"datetime": "2021-09-29 09:38:00", "elapsed": 467.125639, "delta": 2.767461}}
{"target": -36.16573773723423, "params": {"C": 44367.30266995891, "gamma": 0.057897373807009274}, "datetime": {"datetime": "2021-09-29 09:38:03", "elapsed": 469.696978, "delta": 2.571339}}
{"target": -35.62680659278713, "params": {"C": 40894.56005293459, "gamma": 0.049258365870413774}, "datetime": {"datetime": "2021-09-29 09:38:05", "elapsed": 471.867555, "delta": 2.170577}}
{"target": -35.86184055159319, "params": {"C": 43094.2612695708, "gamma": 0.05277538454548206}, "datetime": {"datetime": "2021-09-29 09:38:07", "elapsed": 474.250785, "delta": 2.38323}}
{"target": -35.87682171235206, "params": {"C": 42965.67345614287, "gamma": 0.053128507810350584}, "datetime": {"datetime": "2021-09-29 09:38:09", "elapsed": 475.865139, "delta": 1.614354}}
{"target": -36.043113702851755, "params": {"C": 42843.76070460601, "gamma": 0.05639710718019361}, "datetime": {"datetime": "2021-09-29 09:38:11", "elapsed": 478.354739, "delta": 2.4896}}
{"target": -35.3715261247815, "params": {"C": 44354.065938768166, "gamma": 0.04245799849199572}, "datetime": {"datetime": "2021-09-29 09:38:14", "elapsed": 480.556564, "delta": 2.201825}}
{"target": -34.32251068206099, "params": {"C": 44329.77860814548, "gamma": 0.015918325567203618}, "datetime": {"datetime": "2021-09-29 09:38:16", "elapsed": 482.893765, "delta": 2.337201}}
{"target": -34.260456859599735, "params": {"C": 43979.76790251272, "gamma": 0.011595650755576357}, "datetime": {"datetime": "2021-09-29 09:38:18", "elapsed": 485.289617, "delta": 2.395852}}
{"target": -36.680593403396, "params": {"C": 42798.464251943915, "gamma": 0.06951109777403977}, "datetime": {"datetime": "2021-09-29 09:38:21", "elapsed": 487.658795, "delta": 2.369178}}
{"target": -35.59171170437732, "params": {"C": 42476.5837108174, "gamma": 0.047722443454934226}, "datetime": {"datetime": "2021-09-29 09:38:23", "elapsed": 489.539761, "delta": 1.880966}}
{"target": -36.53656718644033, "params": {"C": 43979.7889745343, "gamma": 0.06553246991626745}, "datetime": {"datetime": "2021-09-29 09:38:26", "elapsed": 492.76535, "delta": 3.225589}}
{"target": -37.1418743984775, "params": {"C": 43072.22662888173, "gamma": 0.08000413767774449}, "datetime": {"datetime": "2021-09-29 09:38:28", "elapsed": 494.645182, "delta": 1.879832}}
{"target": -35.122879154460435, "params": {"C": 40312.87974828737, "gamma": 0.03902216322277974}, "datetime": {"datetime": "2021-09-29 09:38:30", "elapsed": 496.478529, "delta": 1.833347}}
{"target": -37.41605735157966, "params": {"C": 40064.06110618432, "gamma": 0.08970870335795997}, "datetime": {"datetime": "2021-09-29 09:38:31", "elapsed": 498.400101, "delta": 1.921572}}
{"target": -37.44935230452768, "params": {"C": 41183.397647902486, "gamma": 0.0891524714081421}, "datetime": {"datetime": "2021-09-29 09:38:33", "elapsed": 500.176459, "delta": 1.776358}}
{"target": -36.55304134455633, "params": {"C": 44474.27713031284, "gamma": 0.06554246646358464}, "datetime": {"datetime": "2021-09-29 09:38:36", "elapsed": 502.478227, "delta": 2.301768}}
{"target": -37.01965934980848, "params": {"C": 43609.72473785894, "gamma": 0.07674320385559488}, "datetime": {"datetime": "2021-09-29 09:38:38", "elapsed": 504.997422, "delta": 2.519195}}
{"target": -34.268179797624214, "params": {"C": 44394.19617575603, "gamma": 0.011312163361688062}, "datetime": {"datetime": "2021-09-29 09:38:40", "elapsed": 507.406587, "delta": 2.409165}}
{"target": -34.40900947835804, "params": {"C": 44474.33632181748, "gamma": 0.019538855001302306}, "datetime": {"datetime": "2021-09-29 09:38:44", "elapsed": 511.220151, "delta": 3.813564}}
{"target": -36.69753390621907, "params": {"C": 42258.49471390273, "gamma": 0.07031854295706429}, "datetime": {"datetime": "2021-09-29 09:38:46", "elapsed": 513.108843, "delta": 1.888692}}
{"target": -36.10753951903325, "params": {"C": 42357.25791038465, "gamma": 0.05790628937005624}, "datetime": {"datetime": "2021-09-29 09:38:49", "elapsed": 515.764192, "delta": 2.655349}}
{"target": -34.3747762086996, "params": {"C": 42542.750349913, "gamma": 0.018489942399521817}, "datetime": {"datetime": "2021-09-29 09:38:51", "elapsed": 518.210282, "delta": 2.44609}}
{"target": -35.18221579237933, "params": {"C": 40389.886944818136, "gamma": 0.04025665697845051}, "datetime": {"datetime": "2021-09-29 09:38:54", "elapsed": 521.323266, "delta": 3.112984}}
{"target": -34.38923615398155, "params": {"C": 43211.42689075812, "gamma": 0.009128367826960027}, "datetime": {"datetime": "2021-09-29 09:38:58", "elapsed": 525.282726, "delta": 3.95946}}
{"target": -34.304826131973655, "params": {"C": 42467.70395918557, "gamma": 0.010642361900581904}, "datetime": {"datetime": "2021-09-29 09:39:01", "elapsed": 527.969681, "delta": 2.686955}}
{"target": -37.02493726019585, "params": {"C": 41366.659584528476, "gamma": 0.07896214115651785}, "datetime": {"datetime": "2021-09-29 09:39:06", "elapsed": 532.730199, "delta": 4.760518}}
{"target": -34.998808262315215, "params": {"C": 42030.81846979394, "gamma": 0.03574875955526857}, "datetime": {"datetime": "2021-09-29 09:39:08", "elapsed": 534.822232, "delta": 2.092033}}
{"target": -37.215899659630466, "params": {"C": 41427.81182233905, "gamma": 0.08332363272565674}, "datetime": {"datetime": "2021-09-29 09:39:10", "elapsed": 537.191204, "delta": 2.368972}}
{"target": -37.094272470318174, "params": {"C": 41485.558324672515, "gamma": 0.080447398605432}, "datetime": {"datetime": "2021-09-29 09:39:12", "elapsed": 539.147993, "delta": 1.956789}}
{"target": -35.148695943214165, "params": {"C": 42378.03054249901, "gamma": 0.03872832860031595}, "datetime": {"datetime": "2021-09-29 09:39:14", "elapsed": 541.140816, "delta": 1.992823}}
{"target": -35.89540040601306, "params": {"C": 42467.72338821372, "gamma": 0.053740346300992815}, "datetime": {"datetime": "2021-09-29 09:39:19", "elapsed": 546.122942, "delta": 4.982126}}
{"target": -35.787303005937915, "params": {"C": 41821.66673637574, "gamma": 0.05196166784384927}, "datetime": {"datetime": "2021-09-29 09:39:21", "elapsed": 548.206185, "delta": 2.083243}}
{"target": -35.03306245922298, "params": {"C": 40117.0105418556, "gamma": 0.03719446202981808}, "datetime": {"datetime": "2021-09-29 09:39:23", "elapsed": 550.248876, "delta": 2.042691}}
{"target": -36.75538815927362, "params": {"C": 41534.850209539305, "gamma": 0.0722827796688035}, "datetime": {"datetime": "2021-09-29 09:39:25", "elapsed": 552.046111, "delta": 1.797235}}
{"target": -36.07235125195831, "params": {"C": 40660.4512317425, "gamma": 0.05821936826349543}, "datetime": {"datetime": "2021-09-29 09:39:29", "elapsed": 556.171139, "delta": 4.125028}}
{"target": -35.79039092972728, "params": {"C": 40070.9486733709, "gamma": 0.052909732415186435}, "datetime": {"datetime": "2021-09-29 09:39:31", "elapsed": 558.246759, "delta": 2.07562}}
{"target": -36.72481160529763, "params": {"C": 42894.35566451269, "gamma": 0.07045814040682372}, "datetime": {"datetime": "2021-09-29 09:39:33", "elapsed": 560.371956, "delta": 2.125197}}
{"target": -35.09549387971746, "params": {"C": 40955.27791368002, "gamma": 0.0059873647634019365}, "datetime": {"datetime": "2021-09-29 09:39:39", "elapsed": 566.067919, "delta": 5.695963}}
{"target": -36.75916965500747, "params": {"C": 44394.21381496517, "gamma": 0.07011289400285112}, "datetime": {"datetime": "2021-09-29 09:39:42", "elapsed": 568.797635, "delta": 2.729716}}
{"target": -37.31928184831842, "params": {"C": 43021.29784286191, "gamma": 0.08409606086582672}, "datetime": {"datetime": "2021-09-29 09:39:46", "elapsed": 572.543633, "delta": 3.745998}}
{"target": -34.55402669534499, "params": {"C": 43409.92202066788, "gamma": 0.0079053704642998}, "datetime": {"datetime": "2021-09-29 09:39:48", "elapsed": 574.684457, "delta": 2.140824}}
{"target": -35.220560442142066, "params": {"C": 41898.42538493919, "gamma": 0.04043096749164072}, "datetime": {"datetime": "2021-09-29 09:39:51", "elapsed": 578.357487, "delta": 3.67303}}
{"target": -34.678649869722825, "params": {"C": 41280.19926810665, "gamma": 0.028743337206759773}, "datetime": {"datetime": "2021-09-29 09:39:57", "elapsed": 583.877971, "delta": 5.520484}}
{"target": -35.531069771298846, "params": {"C": 43185.263645657, "gamma": 0.046142821442414744}, "datetime": {"datetime": "2021-09-29 09:40:02", "elapsed": 588.921806, "delta": 5.043835}}
{"target": -36.529557385913265, "params": {"C": 41936.8573563215, "gamma": 0.06681255115365754}, "datetime": {"datetime": "2021-09-29 09:40:04", "elapsed": 591.08223, "delta": 2.160424}}
{"target": -35.32817561087071, "params": {"C": 41259.34874088783, "gamma": 0.04289176720906977}, "datetime": {"datetime": "2021-09-29 09:40:07", "elapsed": 594.429675, "delta": 3.347445}}
{"target": -35.23661557194937, "params": {"C": 44329.80965473745, "gamma": 0.03978700427479648}, "datetime": {"datetime": "2021-09-29 09:40:11", "elapsed": 598.042028, "delta": 3.612353}}
{"target": -34.631069295988, "params": {"C": 40894.63952029585, "gamma": 0.027588985241280332}, "datetime": {"datetime": "2021-09-29 09:40:14", "elapsed": 601.098187, "delta": 3.056159}}
{"target": -35.963041277996524, "params": {"C": 43072.10257658994, "gamma": 0.05476644097118424}, "datetime": {"datetime": "2021-09-29 09:40:17", "elapsed": 604.205586, "delta": 3.107399}}
{"target": -35.35536586797774, "params": {"C": 41280.250936331904, "gamma": 0.043433492045692836}, "datetime": {"datetime": "2021-09-29 09:40:20", "elapsed": 607.279075, "delta": 3.073489}}
{"target": -37.70942183971982, "params": {"C": 40163.61485164406, "gamma": 0.09705096120971375}, "datetime": {"datetime": "2021-09-29 09:40:22", "elapsed": 609.360055, "delta": 2.08098}}
{"target": -35.26550687446729, "params": {"C": 43003.17928124255, "gamma": 0.04091420419993662}, "datetime": {"datetime": "2021-09-29 09:40:24", "elapsed": 611.407443, "delta": 2.047388}}
{"target": -35.84983789387691, "params": {"C": 40620.82542284658, "gamma": 0.053796941524973406}, "datetime": {"datetime": "2021-09-29 09:40:27", "elapsed": 613.689968, "delta": 2.282525}}
{"target": -37.43911853324931, "params": {"C": 41625.65759737416, "gamma": 0.08840311887035894}, "datetime": {"datetime": "2021-09-29 09:40:29", "elapsed": 615.955238, "delta": 2.26527}}
{"target": -34.99505580488558, "params": {"C": 40626.02101132752, "gamma": 0.036193963100654064}, "datetime": {"datetime": "2021-09-29 09:40:33", "elapsed": 619.472672, "delta": 3.517434}}
{"target": -34.730562297657805, "params": {"C": 40121.08057023927, "gamma": 0.007266441024776965}, "datetime": {"datetime": "2021-09-29 09:40:35", "elapsed": 622.207805, "delta": 2.735133}}
{"target": -35.33670250685855, "params": {"C": 42051.52062645882, "gamma": 0.0427211972576001}, "datetime": {"datetime": "2021-09-29 09:40:39", "elapsed": 626.297413, "delta": 4.089608}}
{"target": -37.68884382100291, "params": {"C": 43622.20355927525, "gamma": 0.09206293003081197}, "datetime": {"datetime": "2021-09-29 09:40:42", "elapsed": 628.581556, "delta": 2.284143}}
{"target": -35.80838386030245, "params": {"C": 40454.15784789985, "gamma": 0.05306428156582958}, "datetime": {"datetime": "2021-09-29 09:40:45", "elapsed": 631.607018, "delta": 3.025462}}
{"target": -34.71222363971256, "params": {"C": 44659.70859641908, "gamma": 0.028528930338144635}, "datetime": {"datetime": "2021-09-29 09:40:48", "elapsed": 635.296265, "delta": 3.689247}}
{"target": -34.84046665359672, "params": {"C": 42693.54660643048, "gamma": 0.032100920561298756}, "datetime": {"datetime": "2021-09-29 09:40:51", "elapsed": 638.24429, "delta": 2.948025}}
{"target": -34.41500555792592, "params": {"C": 42357.17456602952, "gamma": 0.02011593646780664}, "datetime": {"datetime": "2021-09-29 09:40:57", "elapsed": 643.501451, "delta": 5.257161}}
{"target": -34.33467862523528, "params": {"C": 43063.10241416567, "gamma": 0.016622355188768985}, "datetime": {"datetime": "2021-09-29 09:40:59", "elapsed": 645.722974, "delta": 2.221523}}
{"target": -35.89791930736126, "params": {"C": 43063.152153606716, "gamma": 0.053490499329266826}, "datetime": {"datetime": "2021-09-29 09:41:02", "elapsed": 649.046921, "delta": 3.323947}}
{"target": -37.45397927615336, "params": {"C": 40941.129236589906, "gamma": 0.08954672632484761}, "datetime": {"datetime": "2021-09-29 09:41:04", "elapsed": 651.150758, "delta": 2.103837}}
{"target": -34.43148572028431, "params": {"C": 40454.213929469035, "gamma": 0.009014149791417285}, "datetime": {"datetime": "2021-09-29 09:41:09", "elapsed": 655.978489, "delta": 4.827731}}
{"target": -36.61657691538001, "params": {"C": 42693.51380209448, "gamma": 0.06815262144610412}, "datetime": {"datetime": "2021-09-29 09:41:12", "elapsed": 659.126978, "delta": 3.148489}}
{"target": -34.899389212160024, "params": {"C": 42778.31842100572, "gamma": 0.033444446721520645}, "datetime": {"datetime": "2021-09-29 09:41:15", "elapsed": 661.973505, "delta": 2.846527}}
{"target": -34.9282739754248, "params": {"C": 40660.54676740267, "gamma": 0.006543516869856833}, "datetime": {"datetime": "2021-09-29 09:41:18", "elapsed": 664.568833, "delta": 2.595328}}
{"target": -35.89709139823029, "params": {"C": 41143.19025778083, "gamma": 0.054461386855549306}, "datetime": {"datetime": "2021-09-29 09:41:20", "elapsed": 666.804007, "delta": 2.235174}}
{"target": -34.66432848843678, "params": {"C": 44084.50244149643, "gamma": 0.02760600773171767}, "datetime": {"datetime": "2021-09-29 09:41:23", "elapsed": 669.987155, "delta": 3.183148}}
{"target": -36.35770432083284, "params": {"C": 42810.41675086426, "gamma": 0.06269915343333622}, "datetime": {"datetime": "2021-09-29 09:41:26", "elapsed": 672.81877, "delta": 2.831615}}
