{"target": -51.91656425407449, "params": {"C": 9174.179950717387, "gamma": 0.13450416880335414}, "datetime": {"datetime": "2021-10-04 11:27:09", "elapsed": 49.211756, "delta": 0.5936}}
{"target": -50.72850913753877, "params": {"C": 9175.220902867057, "gamma": 0.052540379998308}, "datetime": {"datetime": "2021-10-04 11:27:09", "elapsed": 49.771541, "delta": 0.559785}}
{"target": -60.02724146750276, "params": {"C": 9175.871383140373, "gamma": 0.4494672377355966}, "datetime": {"datetime": "2021-10-04 11:27:10", "elapsed": 50.406782, "delta": 0.635241}}
{"target": -63.053779686533154, "params": {"C": 9174.5341620824, "gamma": 0.8326396712807995}, "datetime": {"datetime": "2021-10-04 11:27:11", "elapsed": 51.084704, "delta": 0.677922}}
{"target": -50.84534328201556, "params": {"C": 9621.32966189007, "gamma": 0.041449547017132535}, "datetime": {"datetime": "2021-10-04 11:27:11", "elapsed": 51.671799, "delta": 0.587095}}
{"target": -62.0982763790883, "params": {"C": 9172.59896526224, "gamma": 0.6340674249199288}, "datetime": {"datetime": "2021-10-04 11:27:12", "elapsed": 52.34601, "delta": 0.674211}}
{"target": -52.046634427997795, "params": {"C": 9620.540993637309, "gamma": 0.02179757563085134}, "datetime": {"datetime": "2021-10-04 11:27:13", "elapsed": 52.948032, "delta": 0.602022}}
{"target": -63.33047736736392, "params": {"C": 8639.804710230319, "gamma": 0.8426479750132999}, "datetime": {"datetime": "2021-10-04 11:27:13", "elapsed": 53.54132, "delta": 0.593288}}
{"target": -61.66236416314759, "params": {"C": 4364.7416576310325, "gamma": 0.34844057736918105}, "datetime": {"datetime": "2021-10-04 11:27:14", "elapsed": 54.120162, "delta": 0.578842}}
{"target": -52.54600510381162, "params": {"C": 5283.931274978711, "gamma": 0.07336985403216323}, "datetime": {"datetime": "2021-10-04 11:27:14", "elapsed": 54.721629, "delta": 0.601467}}
{"target": -65.39279986044127, "params": {"C": 5284.141919931534, "gamma": 0.8547129829630021}, "datetime": {"datetime": "2021-10-04 11:27:15", "elapsed": 55.263078, "delta": 0.541449}}
{"target": -59.417868381786555, "params": {"C": 5283.12843820559, "gamma": 0.29951666528238735}, "datetime": {"datetime": "2021-10-04 11:27:15", "elapsed": 55.839519, "delta": 0.576441}}
{"target": -64.57160686147705, "params": {"C": 5709.490534644471, "gamma": 0.7161340334523613}, "datetime": {"datetime": "2021-10-04 11:27:16", "elapsed": 56.49458, "delta": 0.655061}}
{"target": -66.20014784960692, "params": {"C": 3582.090833107278, "gamma": 0.6413846700952883}, "datetime": {"datetime": "2021-10-04 11:27:17", "elapsed": 57.08838, "delta": 0.5938}}
{"target": -50.75782333904777, "params": {"C": 8878.05607546946, "gamma": 0.05680148590024472}, "datetime": {"datetime": "2021-10-04 11:27:17", "elapsed": 57.712995, "delta": 0.624615}}
{"target": -64.38018161266201, "params": {"C": 1719.278771534779, "gamma": 0.2573249975219086}, "datetime": {"datetime": "2021-10-04 11:27:18", "elapsed": 58.345937, "delta": 0.632942}}
{"target": -53.67756262448619, "params": {"C": 6963.742605347098, "gamma": 0.1562931738853346}, "datetime": {"datetime": "2021-10-04 11:27:19", "elapsed": 58.994553, "delta": 0.648616}}
{"target": -51.62043019845626, "params": {"C": 6961.789349931489, "gamma": 0.08224434596910178}, "datetime": {"datetime": "2021-10-04 11:27:19", "elapsed": 59.580371, "delta": 0.585818}}
{"target": -62.82809832971466, "params": {"C": 6960.812704209223, "gamma": 0.5741727039765925}, "datetime": {"datetime": "2021-10-04 11:27:20", "elapsed": 60.282463, "delta": 0.702092}}
{"target": -59.20745647863789, "params": {"C": 6965.294045755612, "gamma": 0.34474144693634046}, "datetime": {"datetime": "2021-10-04 11:27:20", "elapsed": 60.868597, "delta": 0.586134}}
{"target": -53.059354157275955, "params": {"C": 9173.405815953653, "gamma": 0.17685337359359052}, "datetime": {"datetime": "2021-10-04 11:27:21", "elapsed": 61.501013, "delta": 0.632416}}
{"target": -52.743641651317965, "params": {"C": 6967.5092930428245, "gamma": 0.12418639222516463}, "datetime": {"datetime": "2021-10-04 11:27:22", "elapsed": 62.140248, "delta": 0.639235}}
{"target": -63.61270305055521, "params": {"C": 6968.629587274496, "gamma": 0.6946261664313259}, "datetime": {"datetime": "2021-10-04 11:27:22", "elapsed": 62.741989, "delta": 0.601741}}
{"target": -52.875519514313616, "params": {"C": 6962.911185538058, "gamma": 0.02159387723216959}, "datetime": {"datetime": "2021-10-04 11:27:23", "elapsed": 63.412546, "delta": 0.670557}}
{"target": -61.54482355856381, "params": {"C": 6966.557312778675, "gamma": 0.4632775653611273}, "datetime": {"datetime": "2021-10-04 11:27:24", "elapsed": 64.092502, "delta": 0.679956}}
{"target": -62.66669101017216, "params": {"C": 6962.811701225039, "gamma": 0.5563893699961816}, "datetime": {"datetime": "2021-10-04 11:27:24", "elapsed": 64.694368, "delta": 0.601866}}
{"target": -53.06371759144938, "params": {"C": 6962.133553580781, "gamma": 0.019921843115980158}, "datetime": {"datetime": "2021-10-04 11:27:25", "elapsed": 65.295779, "delta": 0.601411}}
{"target": -64.50808061092629, "params": {"C": 6967.605802285734, "gamma": 0.9632131229784834}, "datetime": {"datetime": "2021-10-04 11:27:26", "elapsed": 66.051031, "delta": 0.755252}}
{"target": -62.786755478558476, "params": {"C": 3716.0813252316166, "gamma": 0.36254555784679415}, "datetime": {"datetime": "2021-10-04 11:27:26", "elapsed": 66.715354, "delta": 0.664323}}
{"target": -53.56950805694782, "params": {"C": 6475.85596006311, "gamma": 0.017639721349448214}, "datetime": {"datetime": "2021-10-04 11:27:27", "elapsed": 67.41179, "delta": 0.696436}}
{"target": -61.26459111282013, "params": {"C": 6476.6046708415615, "gamma": 0.42468249924411583}, "datetime": {"datetime": "2021-10-04 11:27:28", "elapsed": 68.029152, "delta": 0.617362}}
{"target": -52.66052252866023, "params": {"C": 6474.962599713318, "gamma": 0.11113160657196021}, "datetime": {"datetime": "2021-10-04 11:27:28", "elapsed": 68.731262, "delta": 0.70211}}
{"target": -64.13352306994021, "params": {"C": 6475.383888122437, "gamma": 0.7373996886993618}, "datetime": {"datetime": "2021-10-04 11:27:29", "elapsed": 69.364022, "delta": 0.63276}}
{"target": -58.73138963616444, "params": {"C": 6474.3981279123645, "gamma": 0.31244089101621614}, "datetime": {"datetime": "2021-10-04 11:27:30", "elapsed": 70.050534, "delta": 0.686512}}
{"target": -52.547571445452, "params": {"C": 5284.609509597908, "gamma": 0.0734903365375909}, "datetime": {"datetime": "2021-10-04 11:27:30", "elapsed": 70.85292, "delta": 0.802386}}
{"target": -58.63749816615967, "params": {"C": 5285.229393497122, "gamma": 0.27224701400348067}, "datetime": {"datetime": "2021-10-04 11:27:31", "elapsed": 71.511937, "delta": 0.659017}}
{"target": -58.644686782835365, "params": {"C": 6964.2727571975765, "gamma": 0.3225934004454237}, "datetime": {"datetime": "2021-10-04 11:27:32", "elapsed": 72.191909, "delta": 0.679972}}
{"target": -71.399150347003, "params": {"C": 959.5456708356497, "gamma": 0.9041426959239108}, "datetime": {"datetime": "2021-10-04 11:27:33", "elapsed": 72.947299, "delta": 0.75539}}
{"target": -72.6037621698138, "params": {"C": 587.4338321394628, "gamma": 0.9617190876073674}, "datetime": {"datetime": "2021-10-04 11:27:33", "elapsed": 73.680245, "delta": 0.732946}}
{"target": -66.72525282651813, "params": {"C": 3429.073116539332, "gamma": 0.7205934813597327}, "datetime": {"datetime": "2021-10-04 11:27:34", "elapsed": 74.435693, "delta": 0.755448}}
{"target": -60.07760972082133, "params": {"C": 9328.024406807745, "gamma": 0.457217025938587}, "datetime": {"datetime": "2021-10-04 11:27:35", "elapsed": 75.053096, "delta": 0.617403}}
{"target": -54.299346240176355, "params": {"C": 9999.654009413436, "gamma": 0.23026494008709775}, "datetime": {"datetime": "2021-10-04 11:27:36", "elapsed": 76.00848, "delta": 0.955384}}
{"target": -51.122551921351715, "params": {"C": 9998.99610124403, "gamma": 0.031992363651823834}, "datetime": {"datetime": "2021-10-04 11:27:36", "elapsed": 76.788741, "delta": 0.780261}}
{"target": -52.54475017509405, "params": {"C": 9998.636260294194, "gamma": 0.171352041477914}, "datetime": {"datetime": "2021-10-04 11:27:37", "elapsed": 77.559041, "delta": 0.7703}}
{"target": -61.56975383669635, "params": {"C": 9997.740325618188, "gamma": 0.6124250785552726}, "datetime": {"datetime": "2021-10-04 11:27:38", "elapsed": 78.261039, "delta": 0.701998}}
{"target": -60.614915609049106, "params": {"C": 9998.993682003658, "gamma": 0.5172208758414036}, "datetime": {"datetime": "2021-10-04 11:27:39", "elapsed": 79.063346, "delta": 0.802307}}
{"target": -62.874949771639066, "params": {"C": 9868.850113189072, "gamma": 0.8662685233474114}, "datetime": {"datetime": "2021-10-04 11:27:39", "elapsed": 79.749829, "delta": 0.686483}}
{"target": -64.8242725396103, "params": {"C": 6361.610019349638, "gamma": 0.9373686996247772}, "datetime": {"datetime": "2021-10-04 11:27:40", "elapsed": 80.599185, "delta": 0.849356}}
{"target": -61.967027644548004, "params": {"C": 7575.278890619036, "gamma": 0.5254325214497837}, "datetime": {"datetime": "2021-10-04 11:27:41", "elapsed": 81.423032, "delta": 0.823847}}
{"target": -51.09482598805994, "params": {"C": 9290.12968256715, "gamma": 0.03650382613628041}, "datetime": {"datetime": "2021-10-04 11:27:42", "elapsed": 82.071761, "delta": 0.648729}}
{"target": -62.22479012170677, "params": {"C": 9290.455630629573, "gamma": 0.6608587390919994}, "datetime": {"datetime": "2021-10-04 11:27:42", "elapsed": 82.874177, "delta": 0.802416}}
{"target": -57.5157230405126, "params": {"C": 9289.746058952665, "gamma": 0.3335729780706187}, "datetime": {"datetime": "2021-10-04 11:27:43", "elapsed": 83.745163, "delta": 0.870986}}
{"target": -71.71529799943623, "params": {"C": 727.3725238005983, "gamma": 0.6210664673024958}, "datetime": {"datetime": "2021-10-04 11:27:44", "elapsed": 84.462941, "delta": 0.717778}}
{"target": -50.55892028879624, "params": {"C": 9291.245463627609, "gamma": 0.06375607529521457}, "datetime": {"datetime": "2021-10-04 11:27:45", "elapsed": 85.361886, "delta": 0.898945}}
{"target": -59.43235725365967, "params": {"C": 9291.379157262412, "gamma": 0.4195758781008947}, "datetime": {"datetime": "2021-10-04 11:27:46", "elapsed": 86.117159, "delta": 0.755273}}
{"target": -50.641694440455346, "params": {"C": 9294.009836514218, "gamma": 0.08271715341094822}, "datetime": {"datetime": "2021-10-04 11:27:46", "elapsed": 86.881819, "delta": 0.76466}}
{"target": -51.471757285322916, "params": {"C": 9290.801940999063, "gamma": 0.11943974782386438}, "datetime": {"datetime": "2021-10-04 11:27:47", "elapsed": 87.736737, "delta": 0.854918}}
{"target": -54.262842434775735, "params": {"C": 9293.149360491145, "gamma": 0.21896021144431008}, "datetime": {"datetime": "2021-10-04 11:27:48", "elapsed": 88.485782, "delta": 0.749045}}
{"target": -62.408875107849525, "params": {"C": 9295.055291221153, "gamma": 0.6921092908749163}, "datetime": {"datetime": "2021-10-04 11:27:49", "elapsed": 89.216423, "delta": 0.730641}}
{"target": -62.8721776442243, "params": {"C": 9293.150381392608, "gamma": 0.7937649254862577}, "datetime": {"datetime": "2021-10-04 11:27:50", "elapsed": 90.033208, "delta": 0.816785}}
{"target": -51.17835534405782, "params": {"C": 7619.053317426308, "gamma": 0.05975484461764101}, "datetime": {"datetime": "2021-10-04 11:27:50", "elapsed": 90.825206, "delta": 0.791998}}
{"target": -64.18271394243835, "params": {"C": 7618.045148899308, "gamma": 0.9809564042517906}, "datetime": {"datetime": "2021-10-04 11:27:51", "elapsed": 91.614841, "delta": 0.789635}}
{"target": -53.43912868574359, "params": {"C": 7619.9282571565545, "gamma": 0.1617073910760039}, "datetime": {"datetime": "2021-10-04 11:27:52", "elapsed": 92.456918, "delta": 0.842077}}
{"target": -64.04732085910524, "params": {"C": 7619.147779844709, "gamma": 0.9159215941164897}, "datetime": {"datetime": "2021-10-04 11:27:53", "elapsed": 93.390896, "delta": 0.933978}}
{"target": -52.04852085941612, "params": {"C": 7619.479708248832, "gamma": 0.1121856215527452}, "datetime": {"datetime": "2021-10-04 11:27:54", "elapsed": 94.335249, "delta": 0.944353}}
{"target": -63.774560144249975, "params": {"C": 7620.722556386613, "gamma": 0.8194138586882763}, "datetime": {"datetime": "2021-10-04 11:27:55", "elapsed": 95.109502, "delta": 0.774253}}
{"target": -63.56754734825471, "params": {"C": 7190.924726238594, "gamma": 0.7116284028882558}, "datetime": {"datetime": "2021-10-04 11:27:56", "elapsed": 96.170985, "delta": 1.061483}}
{"target": -51.451516928213046, "params": {"C": 9294.428139723426, "gamma": 0.11872324321317398}, "datetime": {"datetime": "2021-10-04 11:27:57", "elapsed": 96.919807, "delta": 0.748822}}
{"target": -59.36317397167822, "params": {"C": 9294.156415193138, "gamma": 0.41596088539588116}, "datetime": {"datetime": "2021-10-04 11:27:58", "elapsed": 97.906774, "delta": 0.986967}}
{"target": -51.32719158132151, "params": {"C": 9292.573920780947, "gamma": 0.11392602235979846}, "datetime": {"datetime": "2021-10-04 11:27:58", "elapsed": 98.88583, "delta": 0.979056}}
{"target": -59.93136708983124, "params": {"C": 8878.202323350359, "gamma": 0.43487800759133405}, "datetime": {"datetime": "2021-10-04 11:27:59", "elapsed": 99.71011, "delta": 0.82428}}
{"target": -59.44724845731444, "params": {"C": 7568.03602008707, "gamma": 0.37291460905180907}, "datetime": {"datetime": "2021-10-04 11:28:00", "elapsed": 100.598884, "delta": 0.888774}}
{"target": -54.6843062066416, "params": {"C": 7570.108216831085, "gamma": 0.2030418386219911}, "datetime": {"datetime": "2021-10-04 11:28:01", "elapsed": 101.566449, "delta": 0.967565}}
{"target": -58.00435050830842, "params": {"C": 7569.227718592951, "gamma": 0.31450173981151536}, "datetime": {"datetime": "2021-10-04 11:28:02", "elapsed": 102.299726, "delta": 0.733277}}
{"target": -56.2098067607142, "params": {"C": 7571.071965495073, "gamma": 0.25435106136690333}, "datetime": {"datetime": "2021-10-04 11:28:03", "elapsed": 103.06954, "delta": 0.769814}}
{"target": -54.57481124847511, "params": {"C": 5755.668566778193, "gamma": 0.1566402059458098}, "datetime": {"datetime": "2021-10-04 11:28:03", "elapsed": 103.8011, "delta": 0.73156}}
{"target": -51.99922852558194, "params": {"C": 7572.7692331305825, "gamma": 0.10954856236002186}, "datetime": {"datetime": "2021-10-04 11:28:04", "elapsed": 104.637852, "delta": 0.836752}}
{"target": -56.27597969090473, "params": {"C": 7619.9910556845325, "gamma": 0.2574428462174109}, "datetime": {"datetime": "2021-10-04 11:28:05", "elapsed": 105.414159, "delta": 0.776307}}
{"target": -63.239930267623265, "params": {"C": 7572.7923662472795, "gamma": 0.6880720106548416}, "datetime": {"datetime": "2021-10-04 11:28:06", "elapsed": 106.225564, "delta": 0.811405}}
{"target": -58.16040668616538, "params": {"C": 7571.02480520542, "gamma": 0.3201441587298037}, "datetime": {"datetime": "2021-10-04 11:28:07", "elapsed": 106.928886, "delta": 0.703322}}
{"target": -51.92260978345148, "params": {"C": 7572.447564808442, "gamma": 0.03035055788211754}, "datetime": {"datetime": "2021-10-04 11:28:08", "elapsed": 107.91545, "delta": 0.986564}}
{"target": -57.40148862971886, "params": {"C": 7571.716820596645, "gamma": 0.2932463789647112}, "datetime": {"datetime": "2021-10-04 11:28:08", "elapsed": 108.796007, "delta": 0.880557}}
{"target": -56.88891949906578, "params": {"C": 5756.532277942328, "gamma": 0.23181523537003768}, "datetime": {"datetime": "2021-10-04 11:28:09", "elapsed": 109.566987, "delta": 0.77098}}
{"target": -54.969540071371135, "params": {"C": 9292.0653991956, "gamma": 0.24278500808886064}, "datetime": {"datetime": "2021-10-04 11:28:10", "elapsed": 110.38201, "delta": 0.815023}}
{"target": -66.65446108924053, "params": {"C": 3542.5851530379505, "gamma": 0.7367193509685149}, "datetime": {"datetime": "2021-10-04 11:28:11", "elapsed": 111.08374, "delta": 0.70173}}
{"target": -64.82661570239434, "params": {"C": 5756.110082098345, "gamma": 0.7863748474032936}, "datetime": {"datetime": "2021-10-04 11:28:11", "elapsed": 111.870118, "delta": 0.786378}}
{"target": -70.68130971535619, "params": {"C": 7573.382782630289, "gamma": 0.0001}, "datetime": {"datetime": "2021-10-04 11:28:12", "elapsed": 112.703252, "delta": 0.833134}}
{"target": -62.488139795132085, "params": {"C": 9173.615495778766, "gamma": 0.6964267701428416}, "datetime": {"datetime": "2021-10-04 11:28:13", "elapsed": 113.850541, "delta": 1.147289}}
{"target": -53.85117218672204, "params": {"C": 5067.9734195429955, "gamma": 0.020567689473820556}, "datetime": {"datetime": "2021-10-04 11:28:14", "elapsed": 114.775848, "delta": 0.925307}}
{"target": -50.66410137884786, "params": {"C": 9293.514656171885, "gamma": 0.05454241905965457}, "datetime": {"datetime": "2021-10-04 11:28:15", "elapsed": 115.771232, "delta": 0.995384}}
{"target": -65.42513971264897, "params": {"C": 5068.302457059662, "gamma": 0.8054840206073115}, "datetime": {"datetime": "2021-10-04 11:28:16", "elapsed": 116.687561, "delta": 0.916329}}
{"target": -56.69698309582609, "params": {"C": 9294.931700922698, "gamma": 0.004325147339862059}, "datetime": {"datetime": "2021-10-04 11:28:17", "elapsed": 117.622411, "delta": 0.93485}}
{"target": -61.42875114496044, "params": {"C": 5067.1934206587, "gamma": 0.3714188759380548}, "datetime": {"datetime": "2021-10-04 11:28:18", "elapsed": 118.643094, "delta": 1.020683}}
{"target": -63.13740791089315, "params": {"C": 8908.093352475957, "gamma": 0.8235156493584763}, "datetime": {"datetime": "2021-10-04 11:28:19", "elapsed": 119.512935, "delta": 0.869841}}
{"target": -55.99008781563616, "params": {"C": 5755.032800675148, "gamma": 0.2026900735560271}, "datetime": {"datetime": "2021-10-04 11:28:20", "elapsed": 120.58269, "delta": 1.069755}}
{"target": -66.03028263656395, "params": {"C": 4000.6915753797243, "gamma": 0.7020049803931393}, "datetime": {"datetime": "2021-10-04 11:28:21", "elapsed": 121.365781, "delta": 0.783091}}
{"target": -61.89720487641638, "params": {"C": 6961.8459868452155, "gamma": 0.4879020646923551}, "datetime": {"datetime": "2021-10-04 11:28:22", "elapsed": 122.470537, "delta": 1.104756}}
{"target": -51.51581145169702, "params": {"C": 7618.420309795599, "gamma": 0.09247928272336692}, "datetime": {"datetime": "2021-10-04 11:28:23", "elapsed": 123.453641, "delta": 0.983104}}
{"target": -64.21026574930603, "params": {"C": 7569.836295727687, "gamma": 0.9823515494763462}, "datetime": {"datetime": "2021-10-04 11:28:24", "elapsed": 124.300765, "delta": 0.847124}}
{"target": -63.972043060152764, "params": {"C": 3389.1114435216623, "gamma": 0.4017727231397624}, "datetime": {"datetime": "2021-10-04 11:28:25", "elapsed": 125.003904, "delta": 0.703139}}
{"target": -50.999595884505425, "params": {"C": 8877.67997225723, "gamma": 0.043172811206955035}, "datetime": {"datetime": "2021-10-04 11:28:25", "elapsed": 125.86725, "delta": 0.863346}}
{"target": -61.789931938393956, "params": {"C": 5753.71657310135, "gamma": 0.4216586191964229}, "datetime": {"datetime": "2021-10-04 11:28:26", "elapsed": 126.828265, "delta": 0.961015}}
{"target": -58.67563454019939, "params": {"C": 5757.75287110436, "gamma": 0.28870480707509794}, "datetime": {"datetime": "2021-10-04 11:28:27", "elapsed": 127.661431, "delta": 0.833166}}
{"target": -51.06143611686006, "params": {"C": 9619.955128842124, "gamma": 0.10869674143151543}, "datetime": {"datetime": "2021-10-04 11:28:29", "elapsed": 128.903563, "delta": 1.242132}}
{"target": -53.59966898327196, "params": {"C": 3963.209828936173, "gamma": 0.06694040784380824}, "datetime": {"datetime": "2021-10-04 11:28:29", "elapsed": 129.655519, "delta": 0.751956}}
{"target": -52.644721355749056, "params": {"C": 7617.3708563376085, "gamma": 0.021651468552260966}, "datetime": {"datetime": "2021-10-04 11:28:30", "elapsed": 130.703403, "delta": 1.047884}}
{"target": -64.24081119267818, "params": {"C": 7133.644980556546, "gamma": 0.8870444304209374}, "datetime": {"datetime": "2021-10-04 11:28:31", "elapsed": 131.495708, "delta": 0.792305}}
{"target": -52.532624376266995, "params": {"C": 8363.091557818596, "gamma": 0.020586739916010535}, "datetime": {"datetime": "2021-10-04 11:28:32", "elapsed": 132.558636, "delta": 1.062928}}
{"target": -58.744045148539335, "params": {"C": 7615.926719731738, "gamma": 0.3436570496739534}, "datetime": {"datetime": "2021-10-04 11:28:33", "elapsed": 133.665234, "delta": 1.106598}}
{"target": -53.00759944355803, "params": {"C": 9173.800015698082, "gamma": 0.01595971438458428}, "datetime": {"datetime": "2021-10-04 11:28:34", "elapsed": 134.665237, "delta": 1.000003}}
{"target": -63.986659643518266, "params": {"C": 7616.736644728184, "gamma": 0.8905793948165404}, "datetime": {"datetime": "2021-10-04 11:28:35", "elapsed": 135.523969, "delta": 0.858732}}
{"target": -51.82432413879329, "params": {"C": 8364.020830224588, "gamma": 0.027978368974443803}, "datetime": {"datetime": "2021-10-04 11:28:36", "elapsed": 136.55733, "delta": 1.033361}}
{"target": -63.70912565492864, "params": {"C": 3732.3985971231673, "gamma": 0.4140559537303343}, "datetime": {"datetime": "2021-10-04 11:28:37", "elapsed": 137.305733, "delta": 0.748403}}
{"target": -51.956340535307774, "params": {"C": 8365.283054121905, "gamma": 0.12220267841446131}, "datetime": {"datetime": "2021-10-04 11:28:38", "elapsed": 138.136487, "delta": 0.830754}}
{"target": -63.38929895745192, "params": {"C": 8364.642263785656, "gamma": 0.8209849494112481}, "datetime": {"datetime": "2021-10-04 11:28:39", "elapsed": 139.220918, "delta": 1.084431}}
{"target": -50.90120986566205, "params": {"C": 8366.906051004713, "gamma": 0.07795015725270718}, "datetime": {"datetime": "2021-10-04 11:28:40", "elapsed": 140.118742, "delta": 0.897824}}
{"target": -59.77085127396818, "params": {"C": 2780.210254197945, "gamma": 0.19650317241691956}, "datetime": {"datetime": "2021-10-04 11:28:41", "elapsed": 140.968675, "delta": 0.849933}}
