{"target": -59.009852684394446, "params": {"C": 3951.7603679093854, "gamma": 0.363591073222702}, "datetime": {"datetime": "2021-10-04 11:34:22", "elapsed": 51.654562, "delta": 0.56301}}
{"target": -53.70895226610743, "params": {"C": 7777.9989762375235, "gamma": 0.1609484555669994}, "datetime": {"datetime": "2021-10-04 11:34:22", "elapsed": 52.335552, "delta": 0.68099}}
{"target": -56.410108903907506, "params": {"C": 8351.917636802236, "gamma": 0.39588974151159817}, "datetime": {"datetime": "2021-10-04 11:34:23", "elapsed": 53.011856, "delta": 0.676304}}
{"target": -53.69074315718325, "params": {"C": 9298.818818404401, "gamma": 0.19418927873672917}, "datetime": {"datetime": "2021-10-04 11:34:24", "elapsed": 53.585506, "delta": 0.57365}}
{"target": -58.779898090169674, "params": {"C": 4050.861010260795, "gamma": 0.3531331123895837}, "datetime": {"datetime": "2021-10-04 11:34:24", "elapsed": 54.19349, "delta": 0.607984}}
{"target": -54.16715619469984, "params": {"C": 6923.0100226616005, "gamma": 0.17325498774890793}, "datetime": {"datetime": "2021-10-04 11:34:25", "elapsed": 54.91847, "delta": 0.72498}}
{"target": -55.431371324583615, "params": {"C": 7874.8756437349075, "gamma": 0.29670387150609145}, "datetime": {"datetime": "2021-10-04 11:34:26", "elapsed": 55.678161, "delta": 0.759691}}
{"target": -71.29163550617014, "params": {"C": 148.58098241412344, "gamma": 0.20361386131497505}, "datetime": {"datetime": "2021-10-04 11:34:26", "elapsed": 56.362404, "delta": 0.684243}}
{"target": -64.06367944405795, "params": {"C": 1535.491538469996, "gamma": 0.3669347877821741}, "datetime": {"datetime": "2021-10-04 11:34:27", "elapsed": 56.937115, "delta": 0.574711}}
{"target": -65.80591272449794, "params": {"C": 1779.0969830195002, "gamma": 0.004}, "datetime": {"datetime": "2021-10-04 11:34:28", "elapsed": 57.682128, "delta": 0.745013}}
{"target": -58.71126434161195, "params": {"C": 4793.620061995285, "gamma": 0.4}, "datetime": {"datetime": "2021-10-04 11:34:28", "elapsed": 58.216403, "delta": 0.534275}}
{"target": -58.2978933863852, "params": {"C": 1336.1585661768713, "gamma": 0.0954956948054538}, "datetime": {"datetime": "2021-10-04 11:34:29", "elapsed": 58.875654, "delta": 0.659251}}
{"target": -65.50818836317254, "params": {"C": 399.5939833513193, "gamma": 0.1353878512218143}, "datetime": {"datetime": "2021-10-04 11:34:30", "elapsed": 59.515864, "delta": 0.64021}}
{"target": -55.96184743230685, "params": {"C": 4180.119207301812, "gamma": 0.18599134504681072}, "datetime": {"datetime": "2021-10-04 11:34:30", "elapsed": 60.197129, "delta": 0.681265}}
{"target": -53.526111168055074, "params": {"C": 9419.062964245684, "gamma": 0.1829527681485455}, "datetime": {"datetime": "2021-10-04 11:34:31", "elapsed": 60.764043, "delta": 0.566914}}
{"target": -56.2703725346995, "params": {"C": 5692.995459266799, "gamma": 0.26837470525624924}, "datetime": {"datetime": "2021-10-04 11:34:31", "elapsed": 61.348387, "delta": 0.584344}}
{"target": -55.34250325276915, "params": {"C": 4650.6476627981265, "gamma": 0.028465405832667323}, "datetime": {"datetime": "2021-10-04 11:34:32", "elapsed": 62.113529, "delta": 0.765142}}
{"target": -55.957625675047375, "params": {"C": 5566.289326156861, "gamma": 0.2436089727430971}, "datetime": {"datetime": "2021-10-04 11:34:33", "elapsed": 62.925415, "delta": 0.811886}}
{"target": -63.4875892749866, "params": {"C": 3246.518612897427, "gamma": 0.004014011227629582}, "datetime": {"datetime": "2021-10-04 11:34:34", "elapsed": 63.582811, "delta": 0.657396}}
{"target": -60.40622203396807, "params": {"C": 3367.987084783105, "gamma": 0.4}, "datetime": {"datetime": "2021-10-04 11:34:34", "elapsed": 64.174095, "delta": 0.591284}}
{"target": -53.788049001639976, "params": {"C": 7004.657628636849, "gamma": 0.14527877849115267}, "datetime": {"datetime": "2021-10-04 11:34:35", "elapsed": 64.908932, "delta": 0.734837}}
{"target": -57.19549644613463, "params": {"C": 3485.4251368172845, "gamma": 0.214812544733681}, "datetime": {"datetime": "2021-10-04 11:34:36", "elapsed": 65.591112, "delta": 0.68218}}
{"target": -62.686323537286704, "params": {"C": 2010.94353510968, "gamma": 0.3717554536365385}, "datetime": {"datetime": "2021-10-04 11:34:36", "elapsed": 66.202701, "delta": 0.611589}}
{"target": -54.90091098178333, "params": {"C": 9579.483191008496, "gamma": 0.3134931958598992}, "datetime": {"datetime": "2021-10-04 11:34:37", "elapsed": 66.850524, "delta": 0.647823}}
{"target": -58.81960389476955, "params": {"C": 3586.39220757089, "gamma": 0.32041809129096155}, "datetime": {"datetime": "2021-10-04 11:34:37", "elapsed": 67.419852, "delta": 0.569328}}
{"target": -53.62298645425492, "params": {"C": 5842.249211850854, "gamma": 0.08589477910728738}, "datetime": {"datetime": "2021-10-04 11:34:38", "elapsed": 68.423916, "delta": 1.004064}}
{"target": -60.37214335567574, "params": {"C": 839.3015359472452, "gamma": 0.08654382150099882}, "datetime": {"datetime": "2021-10-04 11:34:39", "elapsed": 69.157929, "delta": 0.734013}}
{"target": -57.48461028822428, "params": {"C": 5053.799712221939, "gamma": 0.3211298620577008}, "datetime": {"datetime": "2021-10-04 11:34:40", "elapsed": 69.926691, "delta": 0.768762}}
{"target": -54.88642824672579, "params": {"C": 9172.111072952504, "gamma": 0.2961533608871507}, "datetime": {"datetime": "2021-10-04 11:34:41", "elapsed": 70.536967, "delta": 0.610276}}
{"target": -69.1201455513842, "params": {"C": 618.2552165262265, "gamma": 0.4}, "datetime": {"datetime": "2021-10-04 11:34:41", "elapsed": 71.247382, "delta": 0.710415}}
{"target": -53.51199874563278, "params": {"C": 9049.098226786955, "gamma": 0.17416593536118513}, "datetime": {"datetime": "2021-10-04 11:34:42", "elapsed": 71.825323, "delta": 0.577941}}
{"target": -62.042649699005146, "params": {"C": 4897.412735416881, "gamma": 0.004}, "datetime": {"datetime": "2021-10-04 11:34:42", "elapsed": 72.394332, "delta": 0.569009}}
{"target": -59.358171742662876, "params": {"C": 3088.0159694745935, "gamma": 0.012466335336219943}, "datetime": {"datetime": "2021-10-04 11:34:43", "elapsed": 73.197693, "delta": 0.803361}}
{"target": -53.91807142618445, "params": {"C": 9669.123451108528, "gamma": 0.02558126552340368}, "datetime": {"datetime": "2021-10-04 11:34:44", "elapsed": 74.280008, "delta": 1.082315}}
{"target": -55.970955678422925, "params": {"C": 8988.703150982425, "gamma": 0.3836682367842581}, "datetime": {"datetime": "2021-10-04 11:34:45", "elapsed": 74.838985, "delta": 0.558977}}
{"target": -53.08233601058497, "params": {"C": 8455.049275875099, "gamma": 0.11935708630638253}, "datetime": {"datetime": "2021-10-04 11:34:46", "elapsed": 75.683642, "delta": 0.844657}}
{"target": -53.24752478708323, "params": {"C": 7115.8602495417035, "gamma": 0.09266407423466948}, "datetime": {"datetime": "2021-10-04 11:34:46", "elapsed": 76.398567, "delta": 0.714925}}
{"target": -53.08655153713854, "params": {"C": 9221.854389003513, "gamma": 0.043534414164764154}, "datetime": {"datetime": "2021-10-04 11:34:47", "elapsed": 77.369769, "delta": 0.971202}}
{"target": -59.33748702164256, "params": {"C": 3771.484684500475, "gamma": 0.3720161014412116}, "datetime": {"datetime": "2021-10-04 11:34:48", "elapsed": 78.217146, "delta": 0.847377}}
{"target": -58.462354561660746, "params": {"C": 3665.6408147179086, "gamma": 0.30123920675397065}, "datetime": {"datetime": "2021-10-04 11:34:49", "elapsed": 79.000049, "delta": 0.782903}}
{"target": -54.04964198401294, "params": {"C": 8174.177362778207, "gamma": 0.19636734232419603}, "datetime": {"datetime": "2021-10-04 11:34:50", "elapsed": 79.881528, "delta": 0.881479}}
{"target": -53.935591261965435, "params": {"C": 5763.645188199015, "gamma": 0.046158505767811275}, "datetime": {"datetime": "2021-10-04 11:34:51", "elapsed": 80.687931, "delta": 0.806403}}
{"target": -61.05276458634611, "params": {"C": 6584.0476879383705, "gamma": 0.004}, "datetime": {"datetime": "2021-10-04 11:34:52", "elapsed": 81.628377, "delta": 0.940446}}
{"target": -53.426881167724964, "params": {"C": 6680.276219190887, "gamma": 0.054310327679295264}, "datetime": {"datetime": "2021-10-04 11:34:52", "elapsed": 82.336582, "delta": 0.708205}}
{"target": -53.78261572301635, "params": {"C": 6046.087570861832, "gamma": 0.11279431065965692}, "datetime": {"datetime": "2021-10-04 11:34:53", "elapsed": 83.058513, "delta": 0.721931}}
{"target": -55.33455182392289, "params": {"C": 9911.680595978813, "gamma": 0.3633558349175107}, "datetime": {"datetime": "2021-10-04 11:34:54", "elapsed": 83.79975, "delta": 0.741237}}
{"target": -55.407193005270635, "params": {"C": 9448.454854271507, "gamma": 0.3548095307450403}, "datetime": {"datetime": "2021-10-04 11:34:55", "elapsed": 84.859444, "delta": 1.059694}}
{"target": -53.7416336615484, "params": {"C": 8031.008683714429, "gamma": 0.16984375342462824}, "datetime": {"datetime": "2021-10-04 11:34:56", "elapsed": 85.6164, "delta": 0.756956}}
{"target": -54.550608825065076, "params": {"C": 5246.899566028843, "gamma": 0.14547007011699345}, "datetime": {"datetime": "2021-10-04 11:34:56", "elapsed": 86.355731, "delta": 0.739331}}
{"target": -56.844211138845886, "params": {"C": 2152.834262598979, "gamma": 0.11488566687116829}, "datetime": {"datetime": "2021-10-04 11:34:57", "elapsed": 87.196519, "delta": 0.840788}}
{"target": -59.10713964149229, "params": {"C": 4365.414841827921, "gamma": 0.39943819154169113}, "datetime": {"datetime": "2021-10-04 11:34:58", "elapsed": 87.994512, "delta": 0.797993}}
{"target": -55.34319640435724, "params": {"C": 2961.2900909527566, "gamma": 0.08239303309654568}, "datetime": {"datetime": "2021-10-04 11:34:59", "elapsed": 88.741511, "delta": 0.746999}}
{"target": -57.63716970584943, "params": {"C": 2476.1717781717894, "gamma": 0.17348567345698077}, "datetime": {"datetime": "2021-10-04 11:35:00", "elapsed": 89.648323, "delta": 0.906812}}
{"target": -53.4632223903849, "params": {"C": 7556.753095293713, "gamma": 0.13296813586410677}, "datetime": {"datetime": "2021-10-04 11:35:01", "elapsed": 90.539973, "delta": 0.89165}}
{"target": -65.46312986545729, "params": {"C": 1046.3813487410036, "gamma": 0.33415242022717007}, "datetime": {"datetime": "2021-10-04 11:35:01", "elapsed": 91.329928, "delta": 0.789955}}
{"target": -53.55470364918111, "params": {"C": 8661.8475280416, "gamma": 0.03426926074863873}, "datetime": {"datetime": "2021-10-04 11:35:02", "elapsed": 92.294749, "delta": 0.964821}}
{"target": -58.60384762792463, "params": {"C": 8511.022272346148, "gamma": 0.006798083037016468}, "datetime": {"datetime": "2021-10-04 11:35:03", "elapsed": 93.004656, "delta": 0.709907}}
{"target": -54.70797975898974, "params": {"C": 9390.68264700089, "gamma": 0.2870212945909383}, "datetime": {"datetime": "2021-10-04 11:35:04", "elapsed": 93.823434, "delta": 0.818778}}
{"target": -59.26383965640745, "params": {"C": 2361.8739807974002, "gamma": 0.2436321619311178}, "datetime": {"datetime": "2021-10-04 11:35:05", "elapsed": 94.623779, "delta": 0.800345}}
{"target": -62.22254538691277, "params": {"C": 2275.3623338430866, "gamma": 0.3818950661404964}, "datetime": {"datetime": "2021-10-04 11:35:06", "elapsed": 95.657211, "delta": 1.033432}}
{"target": -52.73278427280878, "params": {"C": 9976.756154032746, "gamma": 0.11507412327918738}, "datetime": {"datetime": "2021-10-04 11:35:07", "elapsed": 96.480976, "delta": 0.823765}}
{"target": -57.478058501518355, "params": {"C": 6119.022782745902, "gamma": 0.38048757037223346}, "datetime": {"datetime": "2021-10-04 11:35:07", "elapsed": 97.335533, "delta": 0.854557}}
{"target": -56.16597779447444, "params": {"C": 4277.826293395931, "gamma": 0.20125743547716873}, "datetime": {"datetime": "2021-10-04 11:35:08", "elapsed": 98.070038, "delta": 0.734505}}
{"target": -55.13150716564418, "params": {"C": 8245.516509603902, "gamma": 0.2845353343149408}, "datetime": {"datetime": "2021-10-04 11:35:09", "elapsed": 99.09107, "delta": 1.021032}}
{"target": -54.798649424850765, "params": {"C": 7668.334901253367, "gamma": 0.23971485698057216}, "datetime": {"datetime": "2021-10-04 11:35:10", "elapsed": 100.031195, "delta": 0.940125}}
{"target": -54.377658769404796, "params": {"C": 7713.1739905349095, "gamma": 0.025896952366868464}, "datetime": {"datetime": "2021-10-04 11:35:11", "elapsed": 100.922293, "delta": 0.891098}}
{"target": -53.319282431846325, "params": {"C": 7624.397444455251, "gamma": 0.12012244919895862}, "datetime": {"datetime": "2021-10-04 11:35:12", "elapsed": 101.861724, "delta": 0.939431}}
{"target": -57.607931153103884, "params": {"C": 4475.81680998414, "gamma": 0.2961800673958396}, "datetime": {"datetime": "2021-10-04 11:35:13", "elapsed": 102.947722, "delta": 1.085998}}
{"target": -56.920113956024714, "params": {"C": 7430.836860481945, "gamma": 0.4}, "datetime": {"datetime": "2021-10-04 11:35:14", "elapsed": 103.849919, "delta": 0.902197}}
{"target": -55.207192996595545, "params": {"C": 7965.039175003969, "gamma": 0.28085440842345577}, "datetime": {"datetime": "2021-10-04 11:35:15", "elapsed": 104.597067, "delta": 0.747148}}
{"target": -54.39551108310819, "params": {"C": 6497.776956770539, "gamma": 0.030334841314976147}, "datetime": {"datetime": "2021-10-04 11:35:15", "elapsed": 105.405904, "delta": 0.808837}}
{"target": -59.669782246682594, "params": {"C": 2694.003702388284, "gamma": 0.2965603108576319}, "datetime": {"datetime": "2021-10-04 11:35:16", "elapsed": 106.22994, "delta": 0.824036}}
{"target": -52.92016334771133, "params": {"C": 9762.897440390703, "gamma": 0.13637981740583008}, "datetime": {"datetime": "2021-10-04 11:35:17", "elapsed": 106.93213, "delta": 0.70219}}
{"target": -56.9564911318771, "params": {"C": 7136.75369619573, "gamma": 0.3894184485165125}, "datetime": {"datetime": "2021-10-04 11:35:18", "elapsed": 107.680098, "delta": 0.747968}}
{"target": -56.535854749635, "params": {"C": 7095.504709371511, "gamma": 0.3542478545908021}, "datetime": {"datetime": "2021-10-04 11:35:19", "elapsed": 108.751681, "delta": 1.071583}}
{"target": -54.80098528552777, "params": {"C": 5909.782771460532, "gamma": 0.18774031964979762}, "datetime": {"datetime": "2021-10-04 11:35:20", "elapsed": 109.522214, "delta": 0.770533}}
{"target": -58.18081676514358, "params": {"C": 5465.060076012878, "gamma": 0.4}, "datetime": {"datetime": "2021-10-04 11:35:20", "elapsed": 110.202002, "delta": 0.679788}}
{"target": -56.86927988460652, "params": {"C": 6857.002909557341, "gamma": 0.36941009117608276}, "datetime": {"datetime": "2021-10-04 11:35:21", "elapsed": 110.907453, "delta": 0.705451}}
{"target": -58.4087985614316, "params": {"C": 5143.6121933043905, "gamma": 0.3986033448043595}, "datetime": {"datetime": "2021-10-04 11:35:22", "elapsed": 111.757858, "delta": 0.850405}}
{"target": -55.82296433105508, "params": {"C": 2574.2305516706365, "gamma": 0.05352555863147429}, "datetime": {"datetime": "2021-10-04 11:35:23", "elapsed": 112.655061, "delta": 0.897203}}
{"target": -56.25623781298788, "params": {"C": 2757.6799920157173, "gamma": 0.12855060738310586}, "datetime": {"datetime": "2021-10-04 11:35:24", "elapsed": 113.740929, "delta": 1.085868}}
{"target": -55.22737358679407, "params": {"C": 6227.1779319151065, "gamma": 0.2227894691060083}, "datetime": {"datetime": "2021-10-04 11:35:25", "elapsed": 114.527637, "delta": 0.786708}}
{"target": -55.366089848543105, "params": {"C": 8569.981904779686, "gamma": 0.016596338413565566}, "datetime": {"datetime": "2021-10-04 11:35:26", "elapsed": 115.481969, "delta": 0.954332}}
{"target": -56.831357277732366, "params": {"C": 5341.3510844802395, "gamma": 0.28949938270686804}, "datetime": {"datetime": "2021-10-04 11:35:27", "elapsed": 116.541312, "delta": 1.059343}}
{"target": -67.36402394091743, "params": {"C": 1207.5962611303416, "gamma": 0.004}, "datetime": {"datetime": "2021-10-04 11:35:28", "elapsed": 117.480734, "delta": 0.939422}}
{"target": -62.53470510417409, "params": {"C": 1295.2320415166587, "gamma": 0.2565261754680183}, "datetime": {"datetime": "2021-10-04 11:35:28", "elapsed": 118.28321, "delta": 0.802476}}
{"target": -62.558875389543104, "params": {"C": 1376.439391385852, "gamma": 0.27057978783571673}, "datetime": {"datetime": "2021-10-04 11:35:29", "elapsed": 119.058551, "delta": 0.775341}}
{"target": -53.53476603507373, "params": {"C": 6748.450619594872, "gamma": 0.11329988072236474}, "datetime": {"datetime": "2021-10-04 11:35:30", "elapsed": 119.990478, "delta": 0.931927}}
{"target": -56.5579766404501, "params": {"C": 4563.600338505556, "gamma": 0.2361176681606435}, "datetime": {"datetime": "2021-10-04 11:35:31", "elapsed": 120.929815, "delta": 0.939337}}
{"target": -54.80473534575683, "params": {"C": 9277.733036813925, "gamma": 0.2921858569657439}, "datetime": {"datetime": "2021-10-04 11:35:32", "elapsed": 121.914329, "delta": 0.984514}}
{"target": -53.22736023649917, "params": {"C": 9321.08365822428, "gamma": 0.038953505272168926}, "datetime": {"datetime": "2021-10-04 11:35:33", "elapsed": 122.904947, "delta": 0.990618}}
{"target": -55.81203881069869, "params": {"C": 7027.45956079088, "gamma": 0.29239434042089124}, "datetime": {"datetime": "2021-10-04 11:35:34", "elapsed": 123.956266, "delta": 1.051319}}
{"target": -57.06499638576181, "params": {"C": 6982.467950226249, "gamma": 0.39102569593880804}, "datetime": {"datetime": "2021-10-04 11:35:35", "elapsed": 125.080535, "delta": 1.124269}}
{"target": -55.47976354544882, "params": {"C": 5983.456733897427, "gamma": 0.23049036058369266}, "datetime": {"datetime": "2021-10-04 11:35:36", "elapsed": 126.042931, "delta": 0.962396}}
{"target": -58.67920532850876, "params": {"C": 2863.045687107662, "gamma": 0.2538999915171729}, "datetime": {"datetime": "2021-10-04 11:35:37", "elapsed": 126.946891, "delta": 0.90396}}
{"target": -55.32454923431679, "params": {"C": 8386.179289194355, "gamma": 0.30754177568212576}, "datetime": {"datetime": "2021-10-04 11:35:38", "elapsed": 128.429825, "delta": 1.482934}}
{"target": -53.40273672722062, "params": {"C": 7361.052036240118, "gamma": 0.04680887005778642}, "datetime": {"datetime": "2021-10-04 11:35:40", "elapsed": 129.868129, "delta": 1.438304}}
{"target": -54.32691059154951, "params": {"C": 8470.234344572793, "gamma": 0.22820981258397974}, "datetime": {"datetime": "2021-10-04 11:35:41", "elapsed": 130.919007, "delta": 1.050878}}
{"target": -61.13951837729081, "params": {"C": 6412.183342473073, "gamma": 0.004}, "datetime": {"datetime": "2021-10-04 11:35:42", "elapsed": 131.840241, "delta": 0.921234}}
{"target": -56.534419634845726, "params": {"C": 6333.085657004847, "gamma": 0.3168390578238333}, "datetime": {"datetime": "2021-10-04 11:35:43", "elapsed": 132.81469, "delta": 0.974449}}
{"target": -55.9265547464543, "params": {"C": 9550.31986933294, "gamma": 0.4}, "datetime": {"datetime": "2021-10-04 11:35:44", "elapsed": 134.141375, "delta": 1.326685}}
{"target": -53.265194297109964, "params": {"C": 7758.449463035696, "gamma": 0.1183415242908835}, "datetime": {"datetime": "2021-10-04 11:35:45", "elapsed": 135.193694, "delta": 1.052319}}
{"target": -56.96163137326673, "params": {"C": 4679.858042108757, "gamma": 0.01666392293250718}, "datetime": {"datetime": "2021-10-04 11:35:46", "elapsed": 136.319329, "delta": 1.125635}}
{"target": -56.59103355979546, "params": {"C": 7847.488021427386, "gamma": 0.3906580658999844}, "datetime": {"datetime": "2021-10-04 11:35:47", "elapsed": 137.356046, "delta": 1.036717}}
{"target": -52.98809638687128, "params": {"C": 8855.284924208603, "gamma": 0.04981648653267795}, "datetime": {"datetime": "2021-10-04 11:35:49", "elapsed": 138.610427, "delta": 1.254381}}
{"target": -55.20008318435119, "params": {"C": 8769.308322056773, "gamma": 0.01721852327895427}, "datetime": {"datetime": "2021-10-04 11:35:50", "elapsed": 139.898684, "delta": 1.288257}}
{"target": -53.55803144503276, "params": {"C": 9729.189180976042, "gamma": 0.19242954200265114}, "datetime": {"datetime": "2021-10-04 11:35:51", "elapsed": 141.016163, "delta": 1.117479}}
{"target": -56.6256229430507, "params": {"C": 5597.706670133511, "gamma": 0.28770532459764364}, "datetime": {"datetime": "2021-10-04 11:35:52", "elapsed": 141.953215, "delta": 0.937052}}
{"target": -55.91825585857441, "params": {"C": 8317.010592666462, "gamma": 0.3559029866327217}, "datetime": {"datetime": "2021-10-04 11:35:53", "elapsed": 142.944458, "delta": 0.991243}}
{"target": -56.388916167618305, "params": {"C": 8439.839364215779, "gamma": 0.39756510838918063}, "datetime": {"datetime": "2021-10-04 11:35:54", "elapsed": 143.932655, "delta": 0.988197}}
{"target": -58.141058920635274, "params": {"C": 1596.5468486262034, "gamma": 0.12340353823858724}, "datetime": {"datetime": "2021-10-04 11:35:55", "elapsed": 144.90959, "delta": 0.976935}}
{"target": -62.77328373965856, "params": {"C": 1475.017414599016, "gamma": 0.2951248933369985}, "datetime": {"datetime": "2021-10-04 11:35:56", "elapsed": 145.689449, "delta": 0.779859}}
{"target": -53.43772135084188, "params": {"C": 7536.190210384922, "gamma": 0.13000613671019287}, "datetime": {"datetime": "2021-10-04 11:35:57", "elapsed": 146.580226, "delta": 0.890777}}
{"target": -55.036368941885605, "params": {"C": 4624.744319275436, "gamma": 0.1545227856044696}, "datetime": {"datetime": "2021-10-04 11:35:58", "elapsed": 147.582324, "delta": 1.002098}}
{"target": -53.81531734954621, "params": {"C": 8128.412167522432, "gamma": 0.17761713228536072}, "datetime": {"datetime": "2021-10-04 11:35:59", "elapsed": 148.701728, "delta": 1.119404}}
{"target": -57.0220578254788, "params": {"C": 4209.208158152634, "gamma": 0.24517883869689353}, "datetime": {"datetime": "2021-10-04 11:36:00", "elapsed": 149.608189, "delta": 0.906461}}
{"target": -58.03703005247077, "params": {"C": 4150.461537600672, "gamma": 0.30579505559765524}, "datetime": {"datetime": "2021-10-04 11:36:01", "elapsed": 150.605044, "delta": 0.996855}}
{"target": -55.19073581646362, "params": {"C": 7901.9452907620625, "gamma": 0.27721289998269544}, "datetime": {"datetime": "2021-10-04 11:36:02", "elapsed": 151.597226, "delta": 0.992182}}
