{"target": 0.16607106803686045, "params": {"C": 320358.0660699504, "gamma": 0.27907061687338414}, "datetime": {"datetime": "2021-10-04 10:56:19", "elapsed": 12.861032, "delta": 0.312808}}
{"target": 0.22653452971154686, "params": {"C": 305913.9875504183, "gamma": 0.7734549653592119}, "datetime": {"datetime": "2021-10-04 10:56:19", "elapsed": 13.205862, "delta": 0.34483}}
{"target": 0.24367124663969242, "params": {"C": 114048.66599664131, "gamma": 0.5526880608722807}, "datetime": {"datetime": "2021-10-04 10:56:20", "elapsed": 13.576862, "delta": 0.371}}
{"target": 0.2301348067241219, "params": {"C": 216356.59381501743, "gamma": 0.378557852443334}, "datetime": {"datetime": "2021-10-04 10:56:20", "elapsed": 13.889862, "delta": 0.313}}
{"target": 0.19917836665688893, "params": {"C": 216297.82819155432, "gamma": 0.8901536611138934}, "datetime": {"datetime": "2021-10-04 10:56:20", "elapsed": 14.210395, "delta": 0.320533}}
{"target": 0.20576104416261665, "params": {"C": 320264.3686315433, "gamma": 0.8828568906239227}, "datetime": {"datetime": "2021-10-04 10:56:21", "elapsed": 14.594455, "delta": 0.38406}}
{"target": 0.10109502711720153, "params": {"C": 320370.0774410666, "gamma": 0.18446683936946434}, "datetime": {"datetime": "2021-10-04 10:56:21", "elapsed": 14.925585, "delta": 0.33113}}
{"target": 0.10601829299270737, "params": {"C": 305863.5025492931, "gamma": 0.18527081460892728}, "datetime": {"datetime": "2021-10-04 10:56:21", "elapsed": 15.317391, "delta": 0.391806}}
{"target": 0.16956398479402834, "params": {"C": 120604.5195393815, "gamma": 0.08357310991254999}, "datetime": {"datetime": "2021-10-04 10:56:22", "elapsed": 15.665517, "delta": 0.348126}}
{"target": 0.21775691267375663, "params": {"C": 114046.48405846705, "gamma": 0.713682666253537}, "datetime": {"datetime": "2021-10-04 10:56:22", "elapsed": 16.034517, "delta": 0.369}}
{"target": 0.2530372839722276, "params": {"C": 305909.6048949778, "gamma": 0.5588660241572772}, "datetime": {"datetime": "2021-10-04 10:56:23", "elapsed": 16.421792, "delta": 0.387275}}
{"target": 0.16984773598963887, "params": {"C": 114058.9527022855, "gamma": 0.1685064763790875}, "datetime": {"datetime": "2021-10-04 10:56:23", "elapsed": 16.835043, "delta": 0.413251}}
{"target": 0.22733217383083426, "params": {"C": 305905.505671146, "gamma": 0.7691519400983194}, "datetime": {"datetime": "2021-10-04 10:56:23", "elapsed": 17.18044, "delta": 0.345397}}
{"target": 0.18659225551015923, "params": {"C": 216284.19239270795, "gamma": 0.9537872689105683}, "datetime": {"datetime": "2021-10-04 10:56:24", "elapsed": 17.736456, "delta": 0.556016}}
{"target": 0.2231527269963045, "params": {"C": 320273.5966098418, "gamma": 0.3854585790368771}, "datetime": {"datetime": "2021-10-04 10:56:24", "elapsed": 18.128121, "delta": 0.391665}}
{"target": 0.2476065597944772, "params": {"C": 305884.7408846, "gamma": 0.639150791658956}, "datetime": {"datetime": "2021-10-04 10:56:25", "elapsed": 18.484636, "delta": 0.356515}}
{"target": 0.12131799241642993, "params": {"C": 320349.3869017461, "gamma": 0.21502641203720305}, "datetime": {"datetime": "2021-10-04 10:56:25", "elapsed": 18.940934, "delta": 0.456298}}
{"target": 0.20185275991295304, "params": {"C": 320268.45336693013, "gamma": 0.9027167066096665}, "datetime": {"datetime": "2021-10-04 10:56:26", "elapsed": 19.385152, "delta": 0.444218}}
{"target": 0.18462539510566145, "params": {"C": 216365.11368643038, "gamma": 0.035111303988801766}, "datetime": {"datetime": "2021-10-04 10:56:26", "elapsed": 19.81371, "delta": 0.428558}}
{"target": 0.10162094639014174, "params": {"C": 305888.2293873423, "gamma": 0.17746024822931258}, "datetime": {"datetime": "2021-10-04 10:56:26", "elapsed": 20.24471, "delta": 0.431}}
{"target": 0.24562462298422572, "params": {"C": 216359.69634480466, "gamma": 0.4402260111610714}, "datetime": {"datetime": "2021-10-04 10:56:27", "elapsed": 20.684893, "delta": 0.440183}}
{"target": 0.21679403486751636, "params": {"C": 216290.9845599288, "gamma": 0.802148226648621}, "datetime": {"datetime": "2021-10-04 10:56:27", "elapsed": 21.063622, "delta": 0.378729}}
{"target": 0.18421103235012948, "params": {"C": 320321.74444406136, "gamma": 0.30764590036903783}, "datetime": {"datetime": "2021-10-04 10:56:28", "elapsed": 21.466599, "delta": 0.402977}}
{"target": 0.1230157133071158, "params": {"C": 216383.4599074216, "gamma": 0.1333003468265767}, "datetime": {"datetime": "2021-10-04 10:56:28", "elapsed": 21.904606, "delta": 0.438007}}
{"target": 0.18980561540984808, "params": {"C": 305883.6700821655, "gamma": 0.9621296776469035}, "datetime": {"datetime": "2021-10-04 10:56:29", "elapsed": 22.41791, "delta": 0.513304}}
{"target": 0.2191373265772747, "params": {"C": 305910.7830891943, "gamma": 0.8123865568131897}, "datetime": {"datetime": "2021-10-04 10:56:29", "elapsed": 22.862903, "delta": 0.444993}}
{"target": 0.1882466622536808, "params": {"C": 216332.01114177826, "gamma": 0.9453358525810795}, "datetime": {"datetime": "2021-10-04 10:56:29", "elapsed": 23.243641, "delta": 0.380738}}
{"target": 0.2001095310041907, "params": {"C": 120576.58153340398, "gamma": 0.8091808588887418}, "datetime": {"datetime": "2021-10-04 10:56:30", "elapsed": 23.642449, "delta": 0.398808}}
{"target": 0.2040984098535712, "params": {"C": 320317.43930072116, "gamma": 0.34329709779087275}, "datetime": {"datetime": "2021-10-04 10:56:30", "elapsed": 24.054449, "delta": 0.412}}
{"target": 0.24610173873643149, "params": {"C": 320354.93172767106, "gamma": 0.6534915695379805}, "datetime": {"datetime": "2021-10-04 10:56:31", "elapsed": 24.526481, "delta": 0.472032}}
{"target": 0.18005091400302997, "params": {"C": 120557.12983571038, "gamma": 0.9056962156741758}, "datetime": {"datetime": "2021-10-04 10:56:31", "elapsed": 24.968468, "delta": 0.441987}}
{"target": 0.16475197997829916, "params": {"C": 120565.59875797479, "gamma": 0.15681907938464948}, "datetime": {"datetime": "2021-10-04 10:56:32", "elapsed": 25.479739, "delta": 0.511271}}
{"target": 0.17053190077768643, "params": {"C": 120570.90213848295, "gamma": 0.08079585029572602}, "datetime": {"datetime": "2021-10-04 10:56:32", "elapsed": 25.92969, "delta": 0.449951}}
{"target": 0.18747044091713583, "params": {"C": 120612.30350888388, "gamma": 0.869688953416327}, "datetime": {"datetime": "2021-10-04 10:56:33", "elapsed": 26.382202, "delta": 0.452512}}
{"target": 0.13001046447482179, "params": {"C": 216376.67161598516, "gamma": 0.1706323119505632}, "datetime": {"datetime": "2021-10-04 10:56:33", "elapsed": 26.876638, "delta": 0.494436}}
{"target": 0.24778872916152106, "params": {"C": 120644.23603903895, "gamma": 0.5127000517423661}, "datetime": {"datetime": "2021-10-04 10:56:34", "elapsed": 27.321907, "delta": 0.445269}}
{"target": 0.23400077986254952, "params": {"C": 120561.36829609163, "gamma": 0.6364374696407633}, "datetime": {"datetime": "2021-10-04 10:56:34", "elapsed": 27.762347, "delta": 0.44044}}
{"target": 0.17645244725387588, "params": {"C": 120568.30660390081, "gamma": 0.9234874546140793}, "datetime": {"datetime": "2021-10-04 10:56:34", "elapsed": 28.224441, "delta": 0.462094}}
{"target": 0.09461156212018729, "params": {"C": 320354.7850558201, "gamma": 0.10193725426854089}, "datetime": {"datetime": "2021-10-04 10:56:35", "elapsed": 28.67877, "delta": 0.454329}}
{"target": 0.2525708828022981, "params": {"C": 339814.07925224234, "gamma": 0.5744703418130823}, "datetime": {"datetime": "2021-10-04 10:56:35", "elapsed": 29.074324, "delta": 0.395554}}
{"target": 0.24560533269833484, "params": {"C": 222008.93185923557, "gamma": 0.6378020183982944}, "datetime": {"datetime": "2021-10-04 10:56:36", "elapsed": 29.607719, "delta": 0.533395}}
{"target": 0.25174571577786853, "params": {"C": 161878.8113453685, "gamma": 0.502313735546174}, "datetime": {"datetime": "2021-10-04 10:56:36", "elapsed": 30.069965, "delta": 0.462246}}
{"target": 0.2529947820931382, "params": {"C": 209264.59950850203, "gamma": 0.5382849512112426}, "datetime": {"datetime": "2021-10-04 10:56:37", "elapsed": 30.474903, "delta": 0.404938}}
{"target": 0.19602281278373257, "params": {"C": 120522.22251912314, "gamma": 0.24880203672834883}, "datetime": {"datetime": "2021-10-04 10:56:37", "elapsed": 30.989649, "delta": 0.514746}}
{"target": 0.2180177831355069, "params": {"C": 341209.3360037977, "gamma": 0.8229869089682612}, "datetime": {"datetime": "2021-10-04 10:56:38", "elapsed": 31.505524, "delta": 0.515875}}
{"target": 0.2063013861243982, "params": {"C": 133125.23100792977, "gamma": 0.2818679217305216}, "datetime": {"datetime": "2021-10-04 10:56:38", "elapsed": 31.954608, "delta": 0.449084}}
{"target": 0.2502130977871323, "params": {"C": 153914.1901373301, "gamma": 0.5449897678004186}, "datetime": {"datetime": "2021-10-04 10:56:39", "elapsed": 32.389845, "delta": 0.435237}}
{"target": 0.17795093001720086, "params": {"C": 218317.7461567953, "gamma": 0.9996510084541245}, "datetime": {"datetime": "2021-10-04 10:56:39", "elapsed": 32.803363, "delta": 0.413518}}
{"target": 0.25010726757573454, "params": {"C": 465617.72802757536, "gamma": 0.5264309992358102}, "datetime": {"datetime": "2021-10-04 10:56:39", "elapsed": 33.257409, "delta": 0.454046}}
{"target": 0.21985905191614352, "params": {"C": 438569.7727467286, "gamma": 0.8215164537005737}, "datetime": {"datetime": "2021-10-04 10:56:40", "elapsed": 33.773558, "delta": 0.516149}}
{"target": 0.235411428781782, "params": {"C": 104225.2954392469, "gamma": 0.5964956378210192}, "datetime": {"datetime": "2021-10-04 10:56:40", "elapsed": 34.159109, "delta": 0.385551}}
{"target": 0.14440278184044508, "params": {"C": 176418.34757679817, "gamma": 0.16660116440051329}, "datetime": {"datetime": "2021-10-04 10:56:41", "elapsed": 34.678538, "delta": 0.519429}}
{"target": 0.09258225304827161, "params": {"C": 311399.1679138819, "gamma": 0.16248252535415061}, "datetime": {"datetime": "2021-10-04 10:56:41", "elapsed": 35.212432, "delta": 0.533894}}
{"target": 0.18661787764281934, "params": {"C": 355975.7223645514, "gamma": 0.986209344026398}, "datetime": {"datetime": "2021-10-04 10:56:42", "elapsed": 35.690355, "delta": 0.477923}}
{"target": 0.1836432492635761, "params": {"C": 295385.4979422069, "gamma": 0.03277105828628154}, "datetime": {"datetime": "2021-10-04 10:56:42", "elapsed": 36.21789, "delta": 0.527535}}
{"target": 0.24545041549240998, "params": {"C": 474970.7923274494, "gamma": 0.6662235011470582}, "datetime": {"datetime": "2021-10-04 10:56:43", "elapsed": 36.640938, "delta": 0.423048}}
{"target": 0.1630949008779704, "params": {"C": 214226.87533721118, "gamma": 0.06187852664197213}, "datetime": {"datetime": "2021-10-04 10:56:43", "elapsed": 37.048456, "delta": 0.407518}}
{"target": 0.24815231795221782, "params": {"C": 120705.29425508805, "gamma": 0.5016406740200409}, "datetime": {"datetime": "2021-10-04 10:56:44", "elapsed": 37.482449, "delta": 0.433993}}
{"target": 0.18860590142197198, "params": {"C": 197475.1526249416, "gamma": 0.27500981432151855}, "datetime": {"datetime": "2021-10-04 10:56:44", "elapsed": 37.980934, "delta": 0.498485}}
{"target": 0.21266294030014732, "params": {"C": 192896.6317339189, "gamma": 0.32422097705115005}, "datetime": {"datetime": "2021-10-04 10:56:45", "elapsed": 38.497416, "delta": 0.516482}}
{"target": 0.21782746632953043, "params": {"C": 142984.4749688268, "gamma": 0.7508912528075439}, "datetime": {"datetime": "2021-10-04 10:56:45", "elapsed": 38.948024, "delta": 0.450608}}
{"target": 0.18657226476805067, "params": {"C": 272484.2516814447, "gamma": 0.9719816337758984}, "datetime": {"datetime": "2021-10-04 10:56:46", "elapsed": 39.383992, "delta": 0.435968}}
{"target": 0.19178960356257801, "params": {"C": 295414.1847307545, "gamma": 0.9499280766173384}, "datetime": {"datetime": "2021-10-04 10:56:46", "elapsed": 39.816455, "delta": 0.432463}}
{"target": 0.2489254441234029, "params": {"C": 143116.8453821676, "gamma": 0.4560358212532254}, "datetime": {"datetime": "2021-10-04 10:56:46", "elapsed": 40.285151, "delta": 0.468696}}
{"target": 0.2098142403849198, "params": {"C": 492835.5327321988, "gamma": 0.8766181617747949}, "datetime": {"datetime": "2021-10-04 10:56:47", "elapsed": 40.73486, "delta": 0.449709}}
{"target": 0.20639104839296585, "params": {"C": 136853.33365308167, "gamma": 0.8003149164320863}, "datetime": {"datetime": "2021-10-04 10:56:47", "elapsed": 41.20513, "delta": 0.47027}}
{"target": 0.2433134610352573, "params": {"C": 294127.437705204, "gamma": 0.4473253253778547}, "datetime": {"datetime": "2021-10-04 10:56:48", "elapsed": 41.706581, "delta": 0.501451}}
{"target": 0.2515547109745254, "params": {"C": 483559.0260037879, "gamma": 0.5821359424077851}, "datetime": {"datetime": "2021-10-04 10:56:48", "elapsed": 42.139026, "delta": 0.432445}}
{"target": 0.2062974521710974, "params": {"C": 357499.5162345184, "gamma": 0.8849081369923997}, "datetime": {"datetime": "2021-10-04 10:56:49", "elapsed": 42.608769, "delta": 0.469743}}
{"target": 0.24815238998291977, "params": {"C": 439325.31677018513, "gamma": 0.5030620999140144}, "datetime": {"datetime": "2021-10-04 10:56:49", "elapsed": 43.157127, "delta": 0.548358}}
{"target": 0.08616617880702016, "params": {"C": 347544.0418770274, "gamma": 0.1731209674256261}, "datetime": {"datetime": "2021-10-04 10:56:50", "elapsed": 43.674197, "delta": 0.51707}}
{"target": 0.24939574705660672, "params": {"C": 334926.2824627891, "gamma": 0.6245243768703059}, "datetime": {"datetime": "2021-10-04 10:56:50", "elapsed": 44.128811, "delta": 0.454614}}
{"target": 0.09402331473523262, "params": {"C": 303415.91002125887, "gamma": 0.11258008452119331}, "datetime": {"datetime": "2021-10-04 10:56:51", "elapsed": 44.588258, "delta": 0.459447}}
{"target": 0.04358946143057496, "params": {"C": 451538.90907313523, "gamma": 0.15094789689720287}, "datetime": {"datetime": "2021-10-04 10:56:51", "elapsed": 45.046846, "delta": 0.458588}}
{"target": 0.21706291313259007, "params": {"C": 215450.25440882667, "gamma": 0.800466877170751}, "datetime": {"datetime": "2021-10-04 10:56:52", "elapsed": 45.524068, "delta": 0.477222}}
{"target": 0.23015104755999627, "params": {"C": 450728.1956095175, "gamma": 0.7661842818917739}, "datetime": {"datetime": "2021-10-04 10:56:52", "elapsed": 45.983648, "delta": 0.45958}}
{"target": 0.21841483972293374, "params": {"C": 276108.8416391309, "gamma": 0.8107550302192718}, "datetime": {"datetime": "2021-10-04 10:56:53", "elapsed": 46.541038, "delta": 0.55739}}
{"target": 0.2442794404257389, "params": {"C": 464853.98773056094, "gamma": 0.6755973911015047}, "datetime": {"datetime": "2021-10-04 10:56:53", "elapsed": 47.187362, "delta": 0.646324}}
{"target": 0.25232731295021416, "params": {"C": 336185.35359414254, "gamma": 0.5816806935538468}, "datetime": {"datetime": "2021-10-04 10:56:54", "elapsed": 47.842511, "delta": 0.655149}}
{"target": 0.23955463228498142, "params": {"C": 124050.54777916975, "gamma": 0.3885597318370674}, "datetime": {"datetime": "2021-10-04 10:56:55", "elapsed": 48.343991, "delta": 0.50148}}
{"target": 0.2518067804341271, "params": {"C": 451789.6053561887, "gamma": 0.5573249212021767}, "datetime": {"datetime": "2021-10-04 10:56:55", "elapsed": 48.838623, "delta": 0.494632}}
{"target": 0.17189126914317632, "params": {"C": 194961.65430402348, "gamma": 0.05543890365269432}, "datetime": {"datetime": "2021-10-04 10:56:56", "elapsed": 49.346512, "delta": 0.507889}}
{"target": 0.22710218020540918, "params": {"C": 138510.1421111634, "gamma": 0.6986074520365485}, "datetime": {"datetime": "2021-10-04 10:56:56", "elapsed": 49.847981, "delta": 0.501469}}
{"target": 0.2518544260081863, "params": {"C": 202119.79152960674, "gamma": 0.48935956444920187}, "datetime": {"datetime": "2021-10-04 10:56:57", "elapsed": 50.349462, "delta": 0.501481}}
{"target": 0.13770660858452455, "params": {"C": 356910.7270997343, "gamma": 0.061183059303504095}, "datetime": {"datetime": "2021-10-04 10:56:57", "elapsed": 50.91311, "delta": 0.563648}}
{"target": 0.2155083576838691, "params": {"C": 274746.61382707814, "gamma": 0.8253335606672583}, "datetime": {"datetime": "2021-10-04 10:56:58", "elapsed": 51.452356, "delta": 0.539246}}
{"target": 0.1906501736908519, "params": {"C": 234655.97087956526, "gamma": 0.9400424444464088}, "datetime": {"datetime": "2021-10-04 10:56:58", "elapsed": 52.069786, "delta": 0.61743}}
{"target": 0.1056515907746548, "params": {"C": 336191.96586302633, "gamma": 0.1985758106606648}, "datetime": {"datetime": "2021-10-04 10:56:59", "elapsed": 52.638664, "delta": 0.568878}}
{"target": 0.2532066291865609, "params": {"C": 286676.2984211434, "gamma": 0.5461271864902553}, "datetime": {"datetime": "2021-10-04 10:56:59", "elapsed": 53.134731, "delta": 0.496067}}
{"target": 0.2392796204400146, "params": {"C": 250228.72611074382, "gamma": 0.41949325782289915}, "datetime": {"datetime": "2021-10-04 10:57:00", "elapsed": 53.688669, "delta": 0.553938}}
{"target": 0.21447632360966085, "params": {"C": 231582.73554556267, "gamma": 0.8192317508410016}, "datetime": {"datetime": "2021-10-04 10:57:00", "elapsed": 54.190191, "delta": 0.501522}}
{"target": 0.18909602307654017, "params": {"C": 294361.2781073514, "gamma": 0.9636482319440974}, "datetime": {"datetime": "2021-10-04 10:57:01", "elapsed": 54.691058, "delta": 0.500867}}
{"target": 0.11823293286305969, "params": {"C": 327309.47429154086, "gamma": 0.2131955547620291}, "datetime": {"datetime": "2021-10-04 10:57:01", "elapsed": 55.25477, "delta": 0.563712}}
{"target": 0.12517877413014922, "params": {"C": 241266.64641912287, "gamma": 0.09803129328442953}, "datetime": {"datetime": "2021-10-04 10:57:02", "elapsed": 55.871199, "delta": 0.616429}}
{"target": 0.23841592134785827, "params": {"C": 141544.05939020077, "gamma": 0.38580834235496797}, "datetime": {"datetime": "2021-10-04 10:57:03", "elapsed": 56.448238, "delta": 0.577039}}
{"target": 0.25219275811950115, "params": {"C": 243437.59019698537, "gamma": 0.5753232242200778}, "datetime": {"datetime": "2021-10-04 10:57:03", "elapsed": 56.991887, "delta": 0.543649}}
{"target": 0.2322509978474836, "params": {"C": 109361.22540775659, "gamma": 0.3532811515233264}, "datetime": {"datetime": "2021-10-04 10:57:04", "elapsed": 57.509003, "delta": 0.517116}}
{"target": 0.11954280941353301, "params": {"C": 320203.54022421874, "gamma": 0.21243028210928608}, "datetime": {"datetime": "2021-10-04 10:57:04", "elapsed": 58.041733, "delta": 0.53273}}
{"target": 0.2523212968148083, "params": {"C": 399388.0948381823, "gamma": 0.556607798195762}, "datetime": {"datetime": "2021-10-04 10:57:05", "elapsed": 58.581826, "delta": 0.540093}}
{"target": 0.11306414814724064, "params": {"C": 297412.36495711183, "gamma": 0.19273785683422615}, "datetime": {"datetime": "2021-10-04 10:57:05", "elapsed": 59.082474, "delta": 0.500648}}
{"target": 0.23333861201914907, "params": {"C": 384302.6952258858, "gamma": 0.743927447054213}, "datetime": {"datetime": "2021-10-04 10:57:06", "elapsed": 59.683995, "delta": 0.601521}}
{"target": 0.05909430919346115, "params": {"C": 402550.3933879, "gamma": 0.11244148654015515}, "datetime": {"datetime": "2021-10-04 10:57:06", "elapsed": 60.20112, "delta": 0.517125}}
{"target": 0.174227937713061, "params": {"C": 204769.30280152196, "gamma": 0.2511970754920348}, "datetime": {"datetime": "2021-10-04 10:57:07", "elapsed": 60.849775, "delta": 0.648655}}
{"target": 0.08452296913367852, "params": {"C": 429182.626861317, "gamma": 0.20155140938375896}, "datetime": {"datetime": "2021-10-04 10:57:08", "elapsed": 61.382481, "delta": 0.532706}}
{"target": 0.2382665515120912, "params": {"C": 270306.5275276171, "gamma": 0.7004384464363804}, "datetime": {"datetime": "2021-10-04 10:57:08", "elapsed": 61.915267, "delta": 0.532786}}
{"target": 0.2396219637634277, "params": {"C": 300891.9313468243, "gamma": 0.43277642074313055}, "datetime": {"datetime": "2021-10-04 10:57:09", "elapsed": 62.470162, "delta": 0.554895}}
{"target": 0.09668865084675948, "params": {"C": 400472.24301319715, "gamma": 0.07923046843587603}, "datetime": {"datetime": "2021-10-04 10:57:09", "elapsed": 63.018559, "delta": 0.548397}}
{"target": 0.20888093747815284, "params": {"C": 281651.3078933209, "gamma": 0.34376719644396764}, "datetime": {"datetime": "2021-10-04 10:57:10", "elapsed": 63.573446, "delta": 0.554887}}
{"target": 0.20242126473943522, "params": {"C": 262465.82369281526, "gamma": 0.32532450411637404}, "datetime": {"datetime": "2021-10-04 10:57:10", "elapsed": 64.1445, "delta": 0.571054}}
{"target": 0.21420960318834592, "params": {"C": 419444.7374831895, "gamma": 0.8497754397783681}, "datetime": {"datetime": "2021-10-04 10:57:11", "elapsed": 64.714467, "delta": 0.569967}}
{"target": 0.23358040698627802, "params": {"C": 198753.87638174358, "gamma": 0.706163417600765}, "datetime": {"datetime": "2021-10-04 10:57:12", "elapsed": 65.347588, "delta": 0.633121}}
{"target": 0.03976823906315119, "params": {"C": 449382.9075360687, "gamma": 0.1228648015183696}, "datetime": {"datetime": "2021-10-04 10:57:12", "elapsed": 65.902146, "delta": 0.554558}}
{"target": 0.14913983995889935, "params": {"C": 152839.30538364957, "gamma": 0.13458092964717772}, "datetime": {"datetime": "2021-10-04 10:57:13", "elapsed": 66.472739, "delta": 0.570593}}
{"target": 0.2120212644963826, "params": {"C": 249984.94955907672, "gamma": 0.8370668046875412}, "datetime": {"datetime": "2021-10-04 10:57:13", "elapsed": 67.067774, "delta": 0.595035}}
{"target": 0.20008004480147046, "params": {"C": 162359.4599097596, "gamma": 0.8550533371276037}, "datetime": {"datetime": "2021-10-04 10:57:14", "elapsed": 67.622666, "delta": 0.554892}}
{"target": 0.23847013774032055, "params": {"C": 440374.9747102157, "gamma": 0.45236047411167596}, "datetime": {"datetime": "2021-10-04 10:57:14", "elapsed": 68.19326, "delta": 0.570594}}
{"target": 0.12548654961939698, "params": {"C": 405699.98901773366, "gamma": 0.24500858761617006}, "datetime": {"datetime": "2021-10-04 10:57:15", "elapsed": 68.757186, "delta": 0.563926}}
