{"target": -37.15298084536678, "params": {"C": 35324.2285003112, "gamma": 0.08886787450006177}, "datetime": {"datetime": "2021-09-29 09:14:23", "elapsed": 3.992552, "delta": 0.252643}}
{"target": -34.264269687151746, "params": {"C": 39341.85909822002, "gamma": 0.012249092966033204}, "datetime": {"datetime": "2021-09-29 09:14:23", "elapsed": 4.364551, "delta": 0.371999}}
{"target": -36.586677728291676, "params": {"C": 38231.371563086796, "gamma": 0.0710335452211565}, "datetime": {"datetime": "2021-09-29 09:14:23", "elapsed": 4.603884, "delta": 0.239333}}
{"target": -36.22109621056816, "params": {"C": 38691.99756544565, "gamma": 0.06255436447743457}, "datetime": {"datetime": "2021-09-29 09:14:23", "elapsed": 4.893885, "delta": 0.290001}}
{"target": -37.40380500068212, "params": {"C": 39013.79574213122, "gamma": 0.09070846274416948}, "datetime": {"datetime": "2021-09-29 09:14:24", "elapsed": 5.173884, "delta": 0.279999}}
{"target": -36.33870046835512, "params": {"C": 37056.85095113648, "gamma": 0.06639983036263718}, "datetime": {"datetime": "2021-09-29 09:14:24", "elapsed": 5.432887, "delta": 0.259003}}
{"target": -36.32619084952232, "params": {"C": 39510.247284682635, "gamma": 0.06426389561344853}, "datetime": {"datetime": "2021-09-29 09:14:24", "elapsed": 5.702883, "delta": 0.269996}}
{"target": -36.99876047708938, "params": {"C": 36627.35982498731, "gamma": 0.08336901060019704}, "datetime": {"datetime": "2021-09-29 09:14:25", "elapsed": 5.985884, "delta": 0.283001}}
{"target": -34.35868880259191, "params": {"C": 35544.10507561149, "gamma": 0.018892958322463637}, "datetime": {"datetime": "2021-09-29 09:14:25", "elapsed": 6.272887, "delta": 0.287003}}
{"target": -34.28084544495416, "params": {"C": 37475.30703632835, "gamma": 0.01207782956745344}, "datetime": {"datetime": "2021-09-29 09:14:25", "elapsed": 6.544405, "delta": 0.271518}}
{"target": -35.094056267230876, "params": {"C": 36250.34916611809, "gamma": 0.04021762537123698}, "datetime": {"datetime": "2021-09-29 09:14:25", "elapsed": 6.822131, "delta": 0.277726}}
{"target": -34.37546454652346, "params": {"C": 38072.11905258635, "gamma": 0.009969374385213541}, "datetime": {"datetime": "2021-09-29 09:14:26", "elapsed": 7.155131, "delta": 0.333}}
{"target": -34.543840419480446, "params": {"C": 36668.98220906327, "gamma": 0.025984904594804282}, "datetime": {"datetime": "2021-09-29 09:14:26", "elapsed": 7.49013, "delta": 0.334999}}
{"target": -34.407396914895735, "params": {"C": 39474.29477413552, "gamma": 0.02037961981994993}, "datetime": {"datetime": "2021-09-29 09:14:26", "elapsed": 7.812132, "delta": 0.322002}}
{"target": -37.514955972428915, "params": {"C": 35079.4620770694, "gamma": 0.09907378372839767}, "datetime": {"datetime": "2021-09-29 09:14:27", "elapsed": 8.19513, "delta": 0.382998}}
{"target": -34.82476905248781, "params": {"C": 35175.520766242116, "gamma": 0.03455763504706912}, "datetime": {"datetime": "2021-09-29 09:14:27", "elapsed": 8.498132, "delta": 0.303002}}
{"target": -35.25757382310881, "params": {"C": 36169.684885795694, "gamma": 0.005840691333871485}, "datetime": {"datetime": "2021-09-29 09:14:27", "elapsed": 8.879808, "delta": 0.381676}}
{"target": -37.19552337349899, "params": {"C": 39509.239827711266, "gamma": 0.08489051221212907}, "datetime": {"datetime": "2021-09-29 09:14:28", "elapsed": 9.244807, "delta": 0.364999}}
{"target": -37.46976509410811, "params": {"C": 39607.31872790375, "gamma": 0.09156327416101641}, "datetime": {"datetime": "2021-09-29 09:14:28", "elapsed": 9.591815, "delta": 0.347008}}
{"target": -37.51337066674245, "params": {"C": 38530.76963895215, "gamma": 0.0940733761214857}, "datetime": {"datetime": "2021-09-29 09:14:29", "elapsed": 10.021816, "delta": 0.430001}}
{"target": -35.43657406744802, "params": {"C": 35470.31994812665, "gamma": 0.047919213424914106}, "datetime": {"datetime": "2021-09-29 09:14:29", "elapsed": 10.409823, "delta": 0.388007}}
{"target": -35.406912576429406, "params": {"C": 37905.89529372232, "gamma": 0.04612622276120927}, "datetime": {"datetime": "2021-09-29 09:14:29", "elapsed": 10.864718, "delta": 0.454895}}
{"target": -35.12037352820375, "params": {"C": 35847.06980123891, "gamma": 0.006312126655461565}, "datetime": {"datetime": "2021-09-29 09:14:30", "elapsed": 11.276708, "delta": 0.41199}}
{"target": -36.20267934572209, "params": {"C": 37573.85453444182, "gamma": 0.06295445769660965}, "datetime": {"datetime": "2021-09-29 09:14:30", "elapsed": 11.796728, "delta": 0.52002}}
{"target": -36.256571297176095, "params": {"C": 35691.87357569088, "gamma": 0.06559841761564761}, "datetime": {"datetime": "2021-09-29 09:14:31", "elapsed": 12.200708, "delta": 0.40398}}
{"target": -35.79622230562615, "params": {"C": 38483.445342178224, "gamma": 0.05388264967721183}, "datetime": {"datetime": "2021-09-29 09:14:31", "elapsed": 12.603714, "delta": 0.403006}}
{"target": -37.556385248528606, "params": {"C": 38457.53483106373, "gamma": 0.09529601599482058}, "datetime": {"datetime": "2021-09-29 09:14:32", "elapsed": 12.995709, "delta": 0.391995}}
{"target": -35.484306519382685, "params": {"C": 37752.8393213962, "gamma": 0.04782438041743561}, "datetime": {"datetime": "2021-09-29 09:14:32", "elapsed": 13.401707, "delta": 0.405998}}
{"target": -36.99098484348128, "params": {"C": 38403.01220508667, "gamma": 0.081157951288252}, "datetime": {"datetime": "2021-09-29 09:14:32", "elapsed": 13.879336, "delta": 0.477629}}
{"target": -36.014214822134065, "params": {"C": 37176.260964327135, "gamma": 0.05924770886146274}, "datetime": {"datetime": "2021-09-29 09:14:33", "elapsed": 14.368336, "delta": 0.489}}
{"target": -36.15566788420388, "params": {"C": 36478.79618552831, "gamma": 0.0627379483399568}, "datetime": {"datetime": "2021-09-29 09:14:33", "elapsed": 14.845615, "delta": 0.477279}}
{"target": -36.853031997093346, "params": {"C": 38400.35845357137, "gamma": 0.07763332193548447}, "datetime": {"datetime": "2021-09-29 09:14:34", "elapsed": 15.276614, "delta": 0.430999}}
{"target": -37.51218006334846, "params": {"C": 39285.60707014639, "gamma": 0.09303230697256437}, "datetime": {"datetime": "2021-09-29 09:14:34", "elapsed": 15.603619, "delta": 0.327005}}
{"target": -35.24728539333866, "params": {"C": 38875.10752466183, "gamma": 0.042303245714507345}, "datetime": {"datetime": "2021-09-29 09:14:35", "elapsed": 16.046613, "delta": 0.442994}}
{"target": -36.99913325402683, "params": {"C": 38277.23989618626, "gamma": 0.08150867858633591}, "datetime": {"datetime": "2021-09-29 09:14:35", "elapsed": 16.443613, "delta": 0.397}}
{"target": -36.15784971096912, "params": {"C": 36846.99990891145, "gamma": 0.06251399105576387}, "datetime": {"datetime": "2021-09-29 09:14:35", "elapsed": 16.786917, "delta": 0.343304}}
{"target": -35.02683773710872, "params": {"C": 37251.43288284777, "gamma": 0.038265792042060355}, "datetime": {"datetime": "2021-09-29 09:14:36", "elapsed": 17.244939, "delta": 0.458022}}
{"target": -34.284568025241995, "params": {"C": 38835.9302670225, "gamma": 0.014918540338981622}, "datetime": {"datetime": "2021-09-29 09:14:36", "elapsed": 17.736928, "delta": 0.491989}}
{"target": -35.09607384227414, "params": {"C": 37554.04237559088, "gamma": 0.03964928995121621}, "datetime": {"datetime": "2021-09-29 09:14:37", "elapsed": 18.202917, "delta": 0.465989}}
{"target": -36.5476555489601, "params": {"C": 39546.10586001385, "gamma": 0.06903428187024399}, "datetime": {"datetime": "2021-09-29 09:14:37", "elapsed": 18.663589, "delta": 0.460672}}
{"target": -34.80763586757278, "params": {"C": 37913.328823888296, "gamma": 0.03299946849841428}, "datetime": {"datetime": "2021-09-29 09:14:38", "elapsed": 19.235312, "delta": 0.571723}}
{"target": -34.25795395796677, "params": {"C": 38979.83180634334, "gamma": 0.012523430471769341}, "datetime": {"datetime": "2021-09-29 09:14:38", "elapsed": 19.664316, "delta": 0.429004}}
{"target": -36.96890186419515, "params": {"C": 39754.53977579152, "gamma": 0.07917548350597925}, "datetime": {"datetime": "2021-09-29 09:14:39", "elapsed": 20.156308, "delta": 0.491992}}
{"target": -37.092977693028345, "params": {"C": 36739.02282840499, "gamma": 0.08556175395408144}, "datetime": {"datetime": "2021-09-29 09:14:39", "elapsed": 20.509307, "delta": 0.352999}}
{"target": -37.09271693932658, "params": {"C": 36037.78539406867, "gamma": 0.08640748320230647}, "datetime": {"datetime": "2021-09-29 09:14:39", "elapsed": 20.8947, "delta": 0.385393}}
{"target": -34.49878116723393, "params": {"C": 35626.07590386379, "gamma": 0.024575877734323633}, "datetime": {"datetime": "2021-09-29 09:14:40", "elapsed": 21.273706, "delta": 0.379006}}
{"target": -35.02360542745359, "params": {"C": 36438.78041404642, "gamma": 0.03856124561891662}, "datetime": {"datetime": "2021-09-29 09:14:40", "elapsed": 21.713705, "delta": 0.439999}}
{"target": -34.35139239652631, "params": {"C": 37619.585346180436, "gamma": 0.018190904197547347}, "datetime": {"datetime": "2021-09-29 09:14:41", "elapsed": 22.113701, "delta": 0.399996}}
{"target": -35.970877172301016, "params": {"C": 37743.93917360011, "gamma": 0.05794615053234451}, "datetime": {"datetime": "2021-09-29 09:14:41", "elapsed": 22.543709, "delta": 0.430008}}
{"target": -35.414537125035594, "params": {"C": 36130.90040918263, "gamma": 0.04713520439257748}, "datetime": {"datetime": "2021-09-29 09:14:42", "elapsed": 22.947544, "delta": 0.403835}}
{"target": -36.791038146713944, "params": {"C": 37286.51323602158, "gamma": 0.07711946358376723}, "datetime": {"datetime": "2021-09-29 09:14:42", "elapsed": 23.345544, "delta": 0.398}}
{"target": -36.86889419847543, "params": {"C": 37321.085335660166, "gamma": 0.07915616190257038}, "datetime": {"datetime": "2021-09-29 09:14:42", "elapsed": 23.729542, "delta": 0.383998}}
{"target": -35.7551210976191, "params": {"C": 37826.91564054031, "gamma": 0.05341982018191186}, "datetime": {"datetime": "2021-09-29 09:14:43", "elapsed": 24.091373, "delta": 0.361831}}
{"target": -37.11289257796109, "params": {"C": 36311.96885420874, "gamma": 0.08657661232753466}, "datetime": {"datetime": "2021-09-29 09:14:43", "elapsed": 24.452373, "delta": 0.361}}
{"target": -37.44153192327839, "params": {"C": 37937.45567193174, "gamma": 0.09301820260703635}, "datetime": {"datetime": "2021-09-29 09:14:43", "elapsed": 24.840588, "delta": 0.388215}}
{"target": -36.354352095734264, "params": {"C": 35346.49518124551, "gamma": 0.06818909207481362}, "datetime": {"datetime": "2021-09-29 09:14:44", "elapsed": 25.24158, "delta": 0.400992}}
{"target": -34.31230981600201, "params": {"C": 38185.26373007115, "gamma": 0.016296964801320514}, "datetime": {"datetime": "2021-09-29 09:14:44", "elapsed": 25.673586, "delta": 0.432006}}
{"target": -37.76897952851328, "params": {"C": 39424.44268979654, "gamma": 0.09981383210015862}, "datetime": {"datetime": "2021-09-29 09:14:45", "elapsed": 26.126582, "delta": 0.452996}}
{"target": -34.36922050295807, "params": {"C": 36390.42160223331, "gamma": 0.019233455981822804}, "datetime": {"datetime": "2021-09-29 09:14:45", "elapsed": 26.522585, "delta": 0.396003}}
{"target": -36.17893417880318, "params": {"C": 37379.908972834426, "gamma": 0.06258134633927984}, "datetime": {"datetime": "2021-09-29 09:14:46", "elapsed": 26.925773, "delta": 0.403188}}
{"target": -34.377982080192666, "params": {"C": 38291.292618913976, "gamma": 0.009906556562216012}, "datetime": {"datetime": "2021-09-29 09:14:46", "elapsed": 27.308774, "delta": 0.383001}}
{"target": -35.60005453828989, "params": {"C": 36334.45899899029, "gamma": 0.050962472769810585}, "datetime": {"datetime": "2021-09-29 09:14:46", "elapsed": 27.725777, "delta": 0.417003}}
{"target": -35.809972246725344, "params": {"C": 39578.17733077123, "gamma": 0.05355952556260665}, "datetime": {"datetime": "2021-09-29 09:14:47", "elapsed": 28.207775, "delta": 0.481998}}
{"target": -36.86763963696824, "params": {"C": 38251.37307624387, "gamma": 0.07815764251599575}, "datetime": {"datetime": "2021-09-29 09:14:47", "elapsed": 28.624777, "delta": 0.417002}}
{"target": -34.47755629949764, "params": {"C": 37778.27452332122, "gamma": 0.02337436113215505}, "datetime": {"datetime": "2021-09-29 09:14:48", "elapsed": 29.024011, "delta": 0.399234}}
{"target": -35.25446632158583, "params": {"C": 37625.06636753849, "gamma": 0.005738610376384224}, "datetime": {"datetime": "2021-09-29 09:14:48", "elapsed": 29.509335, "delta": 0.485324}}
{"target": -36.03785213470251, "params": {"C": 37997.67599065303, "gamma": 0.05920755042607751}, "datetime": {"datetime": "2021-09-29 09:14:49", "elapsed": 30.019338, "delta": 0.510003}}
{"target": -36.27163769998653, "params": {"C": 36525.11164824045, "gamma": 0.06527870004827242}, "datetime": {"datetime": "2021-09-29 09:14:49", "elapsed": 30.469336, "delta": 0.449998}}
{"target": -35.647499453248635, "params": {"C": 35773.48514181711, "gamma": 0.052290418644688724}, "datetime": {"datetime": "2021-09-29 09:14:50", "elapsed": 30.995038, "delta": 0.525702}}
{"target": -35.82635778230426, "params": {"C": 36365.80749385628, "gamma": 0.055738718834579266}, "datetime": {"datetime": "2021-09-29 09:14:50", "elapsed": 31.529046, "delta": 0.534008}}
{"target": -34.58880505330363, "params": {"C": 35256.527781489036, "gamma": 0.02798808626558339}, "datetime": {"datetime": "2021-09-29 09:14:51", "elapsed": 32.034041, "delta": 0.504995}}
{"target": -37.04976829791185, "params": {"C": 38015.116700047474, "gamma": 0.08303103567304221}, "datetime": {"datetime": "2021-09-29 09:14:51", "elapsed": 32.509038, "delta": 0.474997}}
{"target": -34.69471860027758, "params": {"C": 35414.06538759912, "gamma": 0.03115787342522659}, "datetime": {"datetime": "2021-09-29 09:14:52", "elapsed": 33.029461, "delta": 0.520423}}
{"target": -35.83639250260319, "params": {"C": 35673.92737671662, "gamma": 0.05638146109085748}, "datetime": {"datetime": "2021-09-29 09:14:52", "elapsed": 33.591459, "delta": 0.561998}}
{"target": -37.61853202401294, "params": {"C": 36478.97182695994, "gamma": 0.09996654470549125}, "datetime": {"datetime": "2021-09-29 09:14:53", "elapsed": 34.049111, "delta": 0.457652}}
{"target": -35.86170102256908, "params": {"C": 39570.221600344696, "gamma": 0.05460236622341268}, "datetime": {"datetime": "2021-09-29 09:14:53", "elapsed": 34.632111, "delta": 0.583}}
{"target": -37.09938268168613, "params": {"C": 39232.12215933411, "gamma": 0.0828900737654435}, "datetime": {"datetime": "2021-09-29 09:14:54", "elapsed": 35.140387, "delta": 0.508276}}
{"target": -36.04154122574576, "params": {"C": 35052.816192990584, "gamma": 0.0613189561987859}, "datetime": {"datetime": "2021-09-29 09:14:54", "elapsed": 35.598387, "delta": 0.458}}
{"target": -34.386117991843655, "params": {"C": 35955.22934470998, "gamma": 0.02010808336836404}, "datetime": {"datetime": "2021-09-29 09:14:55", "elapsed": 36.094388, "delta": 0.496001}}
{"target": -34.38428422374471, "params": {"C": 37642.48959892352, "gamma": 0.019713259241820696}, "datetime": {"datetime": "2021-09-29 09:14:55", "elapsed": 36.809603, "delta": 0.715215}}
{"target": -37.66621194594896, "params": {"C": 38199.696529556895, "gamma": 0.09867798958880708}, "datetime": {"datetime": "2021-09-29 09:14:56", "elapsed": 37.310611, "delta": 0.501008}}
{"target": -34.79755769540434, "params": {"C": 37442.31872427759, "gamma": 0.007278759371540612}, "datetime": {"datetime": "2021-09-29 09:14:56", "elapsed": 37.839593, "delta": 0.528982}}
{"target": -36.50650514116185, "params": {"C": 39687.134904093116, "gamma": 0.06800326196667057}, "datetime": {"datetime": "2021-09-29 09:14:57", "elapsed": 38.420595, "delta": 0.581002}}
{"target": -34.38801791390755, "params": {"C": 36427.83594171514, "gamma": 0.010069081766889358}, "datetime": {"datetime": "2021-09-29 09:14:58", "elapsed": 39.144784, "delta": 0.724189}}
{"target": -35.631520851562655, "params": {"C": 35258.8161781886, "gamma": 0.05222589710585659}, "datetime": {"datetime": "2021-09-29 09:14:58", "elapsed": 39.729784, "delta": 0.585}}
{"target": -34.68058863108941, "params": {"C": 36218.43940781177, "gamma": 0.030500436287128417}, "datetime": {"datetime": "2021-09-29 09:14:59", "elapsed": 40.352787, "delta": 0.623003}}
{"target": -34.86687420221733, "params": {"C": 36161.20789667399, "gamma": 0.035217954409545164}, "datetime": {"datetime": "2021-09-29 09:14:59", "elapsed": 40.921233, "delta": 0.568446}}
{"target": -36.68764938018565, "params": {"C": 35537.30593711034, "gamma": 0.07611974673735285}, "datetime": {"datetime": "2021-09-29 09:15:00", "elapsed": 41.635234, "delta": 0.714001}}
{"target": -37.561515571842904, "params": {"C": 37156.05314601806, "gamma": 0.09731408194622639}, "datetime": {"datetime": "2021-09-29 09:15:01", "elapsed": 42.234234, "delta": 0.599}}
{"target": -37.498831074965075, "params": {"C": 37442.67730913443, "gamma": 0.09519996698148048}, "datetime": {"datetime": "2021-09-29 09:15:01", "elapsed": 42.849141, "delta": 0.614907}}
{"target": -35.43509494377355, "params": {"C": 35538.96056727709, "gamma": 0.04785408982750394}, "datetime": {"datetime": "2021-09-29 09:15:02", "elapsed": 43.571143, "delta": 0.722002}}
{"target": -37.342616421346555, "params": {"C": 39910.44415915248, "gamma": 0.08817227585126693}, "datetime": {"datetime": "2021-09-29 09:15:03", "elapsed": 44.229207, "delta": 0.658064}}
{"target": -36.855822959489295, "params": {"C": 35460.66667066352, "gamma": 0.08085763578309607}, "datetime": {"datetime": "2021-09-29 09:15:03", "elapsed": 44.853278, "delta": 0.624071}}
{"target": -35.43803375384105, "params": {"C": 37426.59297131505, "gamma": 0.04701907760938062}, "datetime": {"datetime": "2021-09-29 09:15:04", "elapsed": 45.459274, "delta": 0.605996}}
{"target": -36.13148409172023, "params": {"C": 39794.48782504735, "gamma": 0.059942396093581825}, "datetime": {"datetime": "2021-09-29 09:15:05", "elapsed": 46.075281, "delta": 0.616007}}
{"target": -37.29566482397442, "params": {"C": 38218.74395293148, "gamma": 0.08896697579644598}, "datetime": {"datetime": "2021-09-29 09:15:05", "elapsed": 46.911488, "delta": 0.836207}}
{"target": -35.74052916590516, "params": {"C": 39241.56645962731, "gamma": 0.05236215892213054}, "datetime": {"datetime": "2021-09-29 09:15:06", "elapsed": 47.69849, "delta": 0.787002}}
{"target": -34.40946711186747, "params": {"C": 38094.30052346284, "gamma": 0.020733089712850133}, "datetime": {"datetime": "2021-09-29 09:15:07", "elapsed": 48.516491, "delta": 0.818001}}
{"target": -36.26280823691449, "params": {"C": 37936.578530784864, "gamma": 0.06400586862026142}, "datetime": {"datetime": "2021-09-29 09:15:08", "elapsed": 49.37305, "delta": 0.856559}}
{"target": -34.28091917969116, "params": {"C": 37542.698875265734, "gamma": 0.014929473289115404}, "datetime": {"datetime": "2021-09-29 09:15:09", "elapsed": 50.113049, "delta": 0.739999}}
{"target": -34.36674169658765, "params": {"C": 39394.23636341419, "gamma": 0.01860751786602853}, "datetime": {"datetime": "2021-09-29 09:15:09", "elapsed": 50.825678, "delta": 0.712629}}
{"target": -36.89705162706961, "params": {"C": 36443.12818011033, "gamma": 0.08087220315965828}, "datetime": {"datetime": "2021-09-29 09:15:10", "elapsed": 51.659675, "delta": 0.833997}}
{"target": -36.889440691087025, "params": {"C": 39384.102445118966, "gamma": 0.0775857787888179}, "datetime": {"datetime": "2021-09-29 09:15:11", "elapsed": 52.47808, "delta": 0.818405}}
{"target": -36.96669020331199, "params": {"C": 37201.360520489136, "gamma": 0.08185845395643877}, "datetime": {"datetime": "2021-09-29 09:15:12", "elapsed": 53.218199, "delta": 0.740119}}
{"target": -36.5423062277173, "params": {"C": 39560.67484663201, "gamma": 0.06890186897542175}, "datetime": {"datetime": "2021-09-29 09:15:12", "elapsed": 53.804798, "delta": 0.586599}}
{"target": -36.07027813086932, "params": {"C": 37952.31691992678, "gamma": 0.059898754679733046}, "datetime": {"datetime": "2021-09-29 09:15:13", "elapsed": 54.464787, "delta": 0.659989}}
{"target": -35.12491506783893, "params": {"C": 35300.63184723962, "gamma": 0.04138564533251403}, "datetime": {"datetime": "2021-09-29 09:15:14", "elapsed": 55.138513, "delta": 0.673726}}
{"target": -36.000388688879944, "params": {"C": 39397.37006695236, "gamma": 0.05756394300121775}, "datetime": {"datetime": "2021-09-29 09:15:14", "elapsed": 55.792512, "delta": 0.653999}}
{"target": -34.446380626902204, "params": {"C": 36187.02067880029, "gamma": 0.009451761702326903}, "datetime": {"datetime": "2021-09-29 09:15:15", "elapsed": 56.457517, "delta": 0.665005}}
{"target": -36.48620355839806, "params": {"C": 35481.376776389545, "gamma": 0.07110767703680335}, "datetime": {"datetime": "2021-09-29 09:15:16", "elapsed": 57.227559, "delta": 0.770042}}
{"target": -35.60264748277976, "params": {"C": 36276.49739412009, "gamma": 0.051048595986553154}, "datetime": {"datetime": "2021-09-29 09:15:17", "elapsed": 57.976555, "delta": 0.748996}}
{"target": -34.37102753924244, "params": {"C": 38211.38408874668, "gamma": 0.010002412344937324}, "datetime": {"datetime": "2021-09-29 09:15:17", "elapsed": 58.799216, "delta": 0.822661}}
{"target": -37.020426215537405, "params": {"C": 37184.33267283848, "gamma": 0.08325599219312768}, "datetime": {"datetime": "2021-09-29 09:15:18", "elapsed": 59.495749, "delta": 0.696533}}
{"target": -37.42510576580777, "params": {"C": 36683.19963599456, "gamma": 0.09425230294894939}, "datetime": {"datetime": "2021-09-29 09:15:19", "elapsed": 60.202748, "delta": 0.706999}}
{"target": -34.47296178129547, "params": {"C": 37952.39957328783, "gamma": 0.023173261365048593}, "datetime": {"datetime": "2021-09-29 09:15:20", "elapsed": 61.154924, "delta": 0.952176}}
{"target": -35.89033546091366, "params": {"C": 37333.45373026429, "gamma": 0.05649049719129591}, "datetime": {"datetime": "2021-09-29 09:15:20", "elapsed": 61.907931, "delta": 0.753007}}
{"target": -35.29893189895678, "params": {"C": 36877.859076384295, "gamma": 0.04435101866112554}, "datetime": {"datetime": "2021-09-29 09:15:21", "elapsed": 62.770926, "delta": 0.862995}}
