{"target": -42.20456846815566, "params": {"C": 5845.600445812387, "gamma": 0.013033533453830088}, "datetime": {"datetime": "2021-09-29 18:21:24", "elapsed": 56.678728, "delta": 0.699004}}
{"target": -41.522510192155636, "params": {"C": 6327.833864894843, "gamma": 0.002980543647258775}, "datetime": {"datetime": "2021-09-29 18:21:24", "elapsed": 57.308255, "delta": 0.629527}}
{"target": -41.7072153235523, "params": {"C": 5971.802556082988, "gamma": 0.005861714184286598}, "datetime": {"datetime": "2021-09-29 18:21:25", "elapsed": 58.167263, "delta": 0.859008}}
{"target": -43.18846587299329, "params": {"C": 5676.877822515306, "gamma": 0.029989691281119925}, "datetime": {"datetime": "2021-09-29 18:21:26", "elapsed": 58.88581, "delta": 0.718547}}
{"target": -42.46340226993862, "params": {"C": 5625.141255688098, "gamma": 0.017611731411324518}, "datetime": {"datetime": "2021-09-29 18:21:27", "elapsed": 59.567808, "delta": 0.681998}}
{"target": -41.46300567802868, "params": {"C": 5203.021084469953, "gamma": 0.0028692936817389827}, "datetime": {"datetime": "2021-09-29 18:21:27", "elapsed": 60.399931, "delta": 0.832123}}
{"target": -42.22385489768701, "params": {"C": 7593.8229937894175, "gamma": 0.009618450042251078}, "datetime": {"datetime": "2021-09-29 18:21:28", "elapsed": 61.067598, "delta": 0.667667}}
{"target": -43.33136762426398, "params": {"C": 8897.059597146894, "gamma": 0.02135445858072655}, "datetime": {"datetime": "2021-09-29 18:21:29", "elapsed": 61.7736, "delta": 0.706002}}
{"target": -42.0454330556668, "params": {"C": 7593.7966210551895, "gamma": 0.007365005861923772}, "datetime": {"datetime": "2021-09-29 18:21:29", "elapsed": 62.528596, "delta": 0.754996}}
{"target": -42.60519969734251, "params": {"C": 8818.909578450628, "gamma": 0.012347710983135255}, "datetime": {"datetime": "2021-09-29 18:21:30", "elapsed": 63.141353, "delta": 0.612757}}
{"target": -42.3058288067324, "params": {"C": 8725.014806708883, "gamma": 0.00881434440994077}, "datetime": {"datetime": "2021-09-29 18:21:31", "elapsed": 63.798349, "delta": 0.656996}}
{"target": -42.340099018664986, "params": {"C": 5546.679938084816, "gamma": 0.015915353202341716}, "datetime": {"datetime": "2021-09-29 18:21:31", "elapsed": 64.373353, "delta": 0.575004}}
{"target": -42.179114981828626, "params": {"C": 5971.723882921958, "gamma": 0.012348917161802406}, "datetime": {"datetime": "2021-09-29 18:21:32", "elapsed": 65.292354, "delta": 0.919001}}
{"target": -42.76957978408908, "params": {"C": 5971.768879978867, "gamma": 0.021389249001084208}, "datetime": {"datetime": "2021-09-29 18:21:33", "elapsed": 66.185148, "delta": 0.892794}}
{"target": -42.35668343565048, "params": {"C": 8856.580719801215, "gamma": 0.009243718938261015}, "datetime": {"datetime": "2021-09-29 18:21:34", "elapsed": 67.102146, "delta": 0.916998}}
{"target": -44.03413230352214, "params": {"C": 9414.572430010918, "gamma": 0.029746551207513395}, "datetime": {"datetime": "2021-09-29 18:21:36", "elapsed": 68.653144, "delta": 1.550998}}
{"target": -43.2314933311119, "params": {"C": 9455.066999534061, "gamma": 0.018881228894519292}, "datetime": {"datetime": "2021-09-29 18:21:36", "elapsed": 69.383758, "delta": 0.730614}}
{"target": -41.535657509151484, "params": {"C": 8856.537867867231, "gamma": 0.001100431361544194}, "datetime": {"datetime": "2021-09-29 18:21:37", "elapsed": 70.187757, "delta": 0.803999}}
{"target": -42.82918133810378, "params": {"C": 5186.617700467488, "gamma": 0.025652687270633315}, "datetime": {"datetime": "2021-09-29 18:21:38", "elapsed": 70.867417, "delta": 0.67966}}
{"target": -43.17559800959806, "params": {"C": 9414.646318188457, "gamma": 0.018265514043748456}, "datetime": {"datetime": "2021-09-29 18:21:39", "elapsed": 71.578596, "delta": 0.711179}}
{"target": -42.50502046537598, "params": {"C": 5396.367940229414, "gamma": 0.019069206482439892}, "datetime": {"datetime": "2021-09-29 18:21:39", "elapsed": 72.209595, "delta": 0.630999}}
{"target": -43.856420507315164, "params": {"C": 9455.096181077848, "gamma": 0.027134332113549486}, "datetime": {"datetime": "2021-09-29 18:21:40", "elapsed": 72.91134, "delta": 0.701745}}
{"target": -42.837026774584515, "params": {"C": 7593.767734526126, "gamma": 0.01770299899297546}, "datetime": {"datetime": "2021-09-29 18:21:41", "elapsed": 73.658344, "delta": 0.747004}}
{"target": -42.511236472246175, "params": {"C": 5971.8013310538345, "gamma": 0.017278767467074352}, "datetime": {"datetime": "2021-09-29 18:21:41", "elapsed": 74.358347, "delta": 0.700003}}
{"target": -43.13239654990924, "params": {"C": 5845.371217644744, "gamma": 0.028169439367563973}, "datetime": {"datetime": "2021-09-29 18:21:42", "elapsed": 75.208497, "delta": 0.85015}}
{"target": -42.37863757657821, "params": {"C": 5914.597315827445, "gamma": 0.015427643583359262}, "datetime": {"datetime": "2021-09-29 18:21:43", "elapsed": 76.041132, "delta": 0.832635}}
{"target": -41.68440429509783, "params": {"C": 5845.390823437784, "gamma": 0.0057815174526893755}, "datetime": {"datetime": "2021-09-29 18:21:44", "elapsed": 77.025162, "delta": 0.98403}}
{"target": -42.60606513902558, "params": {"C": 5971.881997270692, "gamma": 0.01875614476910046}, "datetime": {"datetime": "2021-09-29 18:21:45", "elapsed": 77.693157, "delta": 0.667995}}
{"target": -42.492339409427764, "params": {"C": 9455.044688942278, "gamma": 0.010024584801038062}, "datetime": {"datetime": "2021-09-29 18:21:46", "elapsed": 78.692164, "delta": 0.999007}}
{"target": -43.855412978759304, "params": {"C": 8856.550647523132, "gamma": 0.028819545212285393}, "datetime": {"datetime": "2021-09-29 18:21:46", "elapsed": 79.46457, "delta": 0.772406}}
{"target": -43.233084531991274, "params": {"C": 8799.033754185595, "gamma": 0.020271301037566473}, "datetime": {"datetime": "2021-09-29 18:21:47", "elapsed": 80.176568, "delta": 0.711998}}
{"target": -43.153411826207574, "params": {"C": 5971.715945284616, "gamma": 0.027981470326216524}, "datetime": {"datetime": "2021-09-29 18:21:48", "elapsed": 81.189456, "delta": 1.012888}}
{"target": -41.92931587047053, "params": {"C": 8856.623947771797, "gamma": 0.004417745343182419}, "datetime": {"datetime": "2021-09-29 18:21:49", "elapsed": 82.040454, "delta": 0.850998}}
{"target": -41.52535805295173, "params": {"C": 8700.264924647872, "gamma": 0.0018577812095917725}, "datetime": {"datetime": "2021-09-29 18:21:50", "elapsed": 82.813452, "delta": 0.772998}}
{"target": -42.289109055961816, "params": {"C": 6327.8319752399375, "gamma": 0.013058452975978706}, "datetime": {"datetime": "2021-09-29 18:21:51", "elapsed": 83.823118, "delta": 1.009666}}
{"target": -41.567995862967614, "params": {"C": 5570.369410241658, "gamma": 0.004629986600316418}, "datetime": {"datetime": "2021-09-29 18:21:52", "elapsed": 84.661116, "delta": 0.837998}}
{"target": -42.29959731232422, "params": {"C": 9088.152606380901, "gamma": 0.008203752265865952}, "datetime": {"datetime": "2021-09-29 18:21:52", "elapsed": 85.535576, "delta": 0.87446}}
{"target": -43.519711417768356, "params": {"C": 9418.161442762957, "gamma": 0.02265558466508475}, "datetime": {"datetime": "2021-09-29 18:21:53", "elapsed": 86.217575, "delta": 0.681999}}
{"target": -41.76689735539919, "params": {"C": 5971.732515063142, "gamma": 0.0011192400312987048}, "datetime": {"datetime": "2021-09-29 18:21:54", "elapsed": 87.076768, "delta": 0.859193}}
{"target": -41.47217874579085, "params": {"C": 5203.036242912637, "gamma": 0.00245063446586763}, "datetime": {"datetime": "2021-09-29 18:21:55", "elapsed": 88.013772, "delta": 0.937004}}
{"target": -41.879801734422834, "params": {"C": 6563.49538372739, "gamma": 0.007037124169038311}, "datetime": {"datetime": "2021-09-29 18:21:56", "elapsed": 88.685774, "delta": 0.672002}}
{"target": -43.27462227710274, "params": {"C": 9280.461256117134, "gamma": 0.019774583350403024}, "datetime": {"datetime": "2021-09-29 18:21:56", "elapsed": 89.375975, "delta": 0.690201}}
{"target": -42.98458199138013, "params": {"C": 6801.294092005168, "gamma": 0.022037566237221935}, "datetime": {"datetime": "2021-09-29 18:21:57", "elapsed": 90.143977, "delta": 0.768002}}
{"target": -41.66731927924188, "params": {"C": 6563.451709976509, "gamma": 0.00445858732577083}, "datetime": {"datetime": "2021-09-29 18:21:58", "elapsed": 91.049445, "delta": 0.905468}}
{"target": -42.00883897433326, "params": {"C": 5570.33326505326, "gamma": 0.010875552718332616}, "datetime": {"datetime": "2021-09-29 18:21:59", "elapsed": 91.855454, "delta": 0.806009}}
{"target": -43.24417991805941, "params": {"C": 8700.290329327114, "gamma": 0.020643380941079488}, "datetime": {"datetime": "2021-09-29 18:22:00", "elapsed": 92.987458, "delta": 1.132004}}
{"target": -41.61356564978899, "params": {"C": 5570.357977857241, "gamma": 0.005292401503964662}, "datetime": {"datetime": "2021-09-29 18:22:01", "elapsed": 93.92312, "delta": 0.935662}}
{"target": -42.00016996591959, "params": {"C": 5186.83655756993, "gamma": 0.011738106975998731}, "datetime": {"datetime": "2021-09-29 18:22:02", "elapsed": 94.99112, "delta": 1.068}}
{"target": -42.193140010735334, "params": {"C": 5570.309351720727, "gamma": 0.013596594186678447}, "datetime": {"datetime": "2021-09-29 18:22:03", "elapsed": 96.205695, "delta": 1.214575}}
{"target": -42.740608480307124, "params": {"C": 5203.036254987815, "gamma": 0.02394685932904479}, "datetime": {"datetime": "2021-09-29 18:22:04", "elapsed": 97.248953, "delta": 1.043258}}
{"target": -42.258636477760916, "params": {"C": 6563.432743758442, "gamma": 0.012095183421189981}, "datetime": {"datetime": "2021-09-29 18:22:05", "elapsed": 98.465953, "delta": 1.217}}
{"target": -41.60927151430318, "params": {"C": 9414.601087930045, "gamma": 0.0021039302958500332}, "datetime": {"datetime": "2021-09-29 18:22:06", "elapsed": 99.390138, "delta": 0.924185}}
{"target": -41.75387809935319, "params": {"C": 8240.9986457794, "gamma": 0.003529300625748378}, "datetime": {"datetime": "2021-09-29 18:22:07", "elapsed": 100.231139, "delta": 0.841001}}
{"target": -42.319129379757996, "params": {"C": 5971.741871485296, "gamma": 0.014385593245945457}, "datetime": {"datetime": "2021-09-29 18:22:08", "elapsed": 101.095912, "delta": 0.864773}}
{"target": -41.76533808374686, "params": {"C": 6712.075100803693, "gamma": 0.005386889289775115}, "datetime": {"datetime": "2021-09-29 18:22:09", "elapsed": 102.165914, "delta": 1.070002}}
{"target": -41.9718225729864, "params": {"C": 9455.130712798249, "gamma": 0.004205032671403938}, "datetime": {"datetime": "2021-09-29 18:22:10", "elapsed": 103.204219, "delta": 1.038305}}
{"target": -41.48856908826887, "params": {"C": 5546.647563592803, "gamma": 0.003295123291810015}, "datetime": {"datetime": "2021-09-29 18:22:11", "elapsed": 104.219223, "delta": 1.015004}}
{"target": -43.16252892906442, "params": {"C": 7153.789948131145, "gamma": 0.02367457599810735}, "datetime": {"datetime": "2021-09-29 18:22:12", "elapsed": 105.126104, "delta": 0.906881}}
{"target": -41.57904821597492, "params": {"C": 8241.051320333328, "gamma": 0.002334627590235106}, "datetime": {"datetime": "2021-09-29 18:22:13", "elapsed": 106.293876, "delta": 1.167772}}
{"target": -42.522078847175116, "params": {"C": 7920.287180583886, "gamma": 0.0128598317629657}, "datetime": {"datetime": "2021-09-29 18:22:14", "elapsed": 107.076933, "delta": 0.783057}}
{"target": -41.46550778892723, "params": {"C": 5186.774844500698, "gamma": 0.00319305067258608}, "datetime": {"datetime": "2021-09-29 18:22:15", "elapsed": 107.998056, "delta": 0.921123}}
{"target": -42.086596384679204, "params": {"C": 5546.619990959289, "gamma": 0.012073028674697988}, "datetime": {"datetime": "2021-09-29 18:22:16", "elapsed": 109.232245, "delta": 1.234189}}
{"target": -43.25866205688403, "params": {"C": 6563.4815864182565, "gamma": 0.027338212622635746}, "datetime": {"datetime": "2021-09-29 18:22:17", "elapsed": 110.337246, "delta": 1.105001}}
{"target": -42.55016558710031, "params": {"C": 5186.792814237474, "gamma": 0.02062699025122747}, "datetime": {"datetime": "2021-09-29 18:22:19", "elapsed": 112.148305, "delta": 1.811059}}
{"target": -43.69031722035268, "params": {"C": 8241.056187278247, "gamma": 0.028278583849161928}, "datetime": {"datetime": "2021-09-29 18:22:21", "elapsed": 113.897862, "delta": 1.749557}}
{"target": -42.853239348267216, "params": {"C": 6563.510555601011, "gamma": 0.020748484859403327}, "datetime": {"datetime": "2021-09-29 18:22:22", "elapsed": 115.05885, "delta": 1.160988}}
{"target": -42.67246243241013, "params": {"C": 7632.449884278904, "gamma": 0.015390927566783327}, "datetime": {"datetime": "2021-09-29 18:22:23", "elapsed": 115.87627, "delta": 0.81742}}
{"target": -43.83940734578839, "params": {"C": 9827.066772291237, "gamma": 0.02594652070990718}, "datetime": {"datetime": "2021-09-29 18:22:24", "elapsed": 116.840269, "delta": 0.963999}}
{"target": -41.52725417516607, "params": {"C": 9577.094949661527, "gamma": 0.0016898095345273686}, "datetime": {"datetime": "2021-09-29 18:22:25", "elapsed": 117.785739, "delta": 0.94547}}
{"target": -42.019275828954974, "params": {"C": 5546.651975280776, "gamma": 0.011085823679179787}, "datetime": {"datetime": "2021-09-29 18:22:26", "elapsed": 118.90674, "delta": 1.121001}}
{"target": -41.590253788659204, "params": {"C": 6327.782902316827, "gamma": 0.0038503702352391507}, "datetime": {"datetime": "2021-09-29 18:22:27", "elapsed": 120.129987, "delta": 1.223247}}
{"target": -41.96959512267788, "params": {"C": 6116.119459560905, "gamma": 0.009087632535860535}, "datetime": {"datetime": "2021-09-29 18:22:28", "elapsed": 121.125042, "delta": 0.995055}}
{"target": -41.53007581263215, "params": {"C": 6327.768226214772, "gamma": 0.003085573558092786}, "datetime": {"datetime": "2021-09-29 18:22:29", "elapsed": 122.423811, "delta": 1.298769}}
{"target": -42.558372123472616, "params": {"C": 9484.37684323964, "gamma": 0.010774760152873805}, "datetime": {"datetime": "2021-09-29 18:22:30", "elapsed": 123.403672, "delta": 0.979861}}
{"target": -42.28420289381845, "params": {"C": 9749.958844842538, "gamma": 0.007105592863002171}, "datetime": {"datetime": "2021-09-29 18:22:31", "elapsed": 124.273677, "delta": 0.870005}}
{"target": -41.65516877860826, "params": {"C": 5546.634866600777, "gamma": 0.005923430776213821}, "datetime": {"datetime": "2021-09-29 18:22:32", "elapsed": 125.412925, "delta": 1.139248}}
{"target": -43.20151299341506, "params": {"C": 6116.1187384141695, "gamma": 0.02820299374717619}, "datetime": {"datetime": "2021-09-29 18:22:33", "elapsed": 126.53651, "delta": 1.123585}}
{"target": -42.26111877819609, "params": {"C": 9136.59763392639, "gamma": 0.007666665645720183}, "datetime": {"datetime": "2021-09-29 18:22:34", "elapsed": 127.422447, "delta": 0.885937}}
{"target": -42.03643865777673, "params": {"C": 5203.013214725707, "gamma": 0.012243760263967958}, "datetime": {"datetime": "2021-09-29 18:22:36", "elapsed": 128.69245, "delta": 1.270003}}
{"target": -43.754403981446, "params": {"C": 8240.986971318809, "gamma": 0.02925231956518436}, "datetime": {"datetime": "2021-09-29 18:22:37", "elapsed": 130.384657, "delta": 1.692207}}
{"target": -41.85843848967515, "params": {"C": 6998.648023697926, "gamma": 0.006048697031800543}, "datetime": {"datetime": "2021-09-29 18:22:38", "elapsed": 131.397722, "delta": 1.013065}}
{"target": -43.84986018961814, "params": {"C": 9827.006576259446, "gamma": 0.02608735071700491}, "datetime": {"datetime": "2021-09-29 18:22:40", "elapsed": 132.612723, "delta": 1.215001}}
{"target": -42.6064480273983, "params": {"C": 7486.67381455021, "gamma": 0.014820650730701448}, "datetime": {"datetime": "2021-09-29 18:22:41", "elapsed": 133.621302, "delta": 1.008579}}
{"target": -42.16567163324737, "params": {"C": 5428.976679052877, "gamma": 0.013575734625923954}, "datetime": {"datetime": "2021-09-29 18:22:42", "elapsed": 135.137306, "delta": 1.516004}}
{"target": -43.265201969755836, "params": {"C": 8325.795054435866, "gamma": 0.02183751657219484}, "datetime": {"datetime": "2021-09-29 18:22:43", "elapsed": 136.045694, "delta": 0.908388}}
{"target": -41.59860979786422, "params": {"C": 5570.379238073458, "gamma": 0.005078173018625486}, "datetime": {"datetime": "2021-09-29 18:22:44", "elapsed": 137.209132, "delta": 1.163438}}
{"target": -41.98843468803516, "params": {"C": 7092.330459779105, "gamma": 0.007489101479672634}, "datetime": {"datetime": "2021-09-29 18:22:45", "elapsed": 138.088137, "delta": 0.879005}}
{"target": -42.45365915579602, "params": {"C": 6801.726134064762, "gamma": 0.014255484580136549}, "datetime": {"datetime": "2021-09-29 18:22:46", "elapsed": 138.98714, "delta": 0.899003}}
{"target": -43.68365530805526, "params": {"C": 8700.244615609721, "gamma": 0.026780826856399244}, "datetime": {"datetime": "2021-09-29 18:22:47", "elapsed": 140.165584, "delta": 1.178444}}
{"target": -42.69183348680895, "params": {"C": 7092.363530327837, "gamma": 0.016891395165517575}, "datetime": {"datetime": "2021-09-29 18:22:48", "elapsed": 141.409685, "delta": 1.244101}}
{"target": -42.57213599681546, "params": {"C": 8020.956447005063, "gamma": 0.01331369087817678}, "datetime": {"datetime": "2021-09-29 18:22:49", "elapsed": 142.403684, "delta": 0.993999}}
{"target": -41.80907027924633, "params": {"C": 6477.608343413447, "gamma": 0.006293182978869905}, "datetime": {"datetime": "2021-09-29 18:22:50", "elapsed": 143.399289, "delta": 0.995605}}
{"target": -42.615993996137036, "params": {"C": 6327.772571121939, "gamma": 0.017826218432364573}, "datetime": {"datetime": "2021-09-29 18:22:51", "elapsed": 144.512293, "delta": 1.113004}}
{"target": -42.29341490571083, "params": {"C": 5860.831068882918, "gamma": 0.014302267240748394}, "datetime": {"datetime": "2021-09-29 18:22:52", "elapsed": 145.450204, "delta": 0.937911}}
{"target": -43.856809770402535, "params": {"C": 9916.194477849418, "gamma": 0.025961207986657756}, "datetime": {"datetime": "2021-09-29 18:22:53", "elapsed": 146.336203, "delta": 0.885999}}
{"target": -42.40596157255851, "params": {"C": 5202.995159004515, "gamma": 0.01811314790449675}, "datetime": {"datetime": "2021-09-29 18:22:54", "elapsed": 147.334638, "delta": 0.998435}}
{"target": -43.45883450959766, "params": {"C": 9280.603476788112, "gamma": 0.022166062493229503}, "datetime": {"datetime": "2021-09-29 18:22:55", "elapsed": 148.174639, "delta": 0.840001}}
{"target": -43.40556028211928, "params": {"C": 7092.327956468542, "gamma": 0.02775767947507962}, "datetime": {"datetime": "2021-09-29 18:22:57", "elapsed": 149.56674, "delta": 1.392101}}
{"target": -42.86918883058105, "params": {"C": 8724.991918166717, "gamma": 0.015757001761744965}, "datetime": {"datetime": "2021-09-29 18:22:58", "elapsed": 150.699875, "delta": 1.133135}}
{"target": -42.00137924387579, "params": {"C": 6477.638701197589, "gamma": 0.00878384799991359}, "datetime": {"datetime": "2021-09-29 18:22:59", "elapsed": 152.33233, "delta": 1.632455}}
{"target": -41.52996149686608, "params": {"C": 7334.1886168021665, "gamma": 0.0013347784342421232}, "datetime": {"datetime": "2021-09-29 18:23:01", "elapsed": 153.612899, "delta": 1.280569}}
{"target": -41.550715123287254, "params": {"C": 5186.786452136954, "gamma": 0.0018055185594058275}, "datetime": {"datetime": "2021-09-29 18:23:02", "elapsed": 155.247894, "delta": 1.634995}}
{"target": -42.34282374158264, "params": {"C": 5914.596882845818, "gamma": 0.01489132952492412}, "datetime": {"datetime": "2021-09-29 18:23:03", "elapsed": 156.308113, "delta": 1.060219}}
{"target": -42.99069009483131, "params": {"C": 7037.791796237518, "gamma": 0.02140065614950329}, "datetime": {"datetime": "2021-09-29 18:23:04", "elapsed": 157.3305, "delta": 1.022387}}
{"target": -42.52145240795364, "params": {"C": 5570.5072019535155, "gamma": 0.018728986783800323}, "datetime": {"datetime": "2021-09-29 18:23:06", "elapsed": 158.634497, "delta": 1.303997}}
{"target": -41.6427775494007, "params": {"C": 6327.735061267888, "gamma": 0.004488532356880296}, "datetime": {"datetime": "2021-09-29 18:23:07", "elapsed": 159.943675, "delta": 1.309178}}
{"target": -42.45060471872403, "params": {"C": 6567.06349133633, "gamma": 0.01476984879852454}, "datetime": {"datetime": "2021-09-29 18:23:08", "elapsed": 160.911347, "delta": 0.967672}}
{"target": -42.493298105859374, "params": {"C": 9414.607748402634, "gamma": 0.010093640307401217}, "datetime": {"datetime": "2021-09-29 18:23:09", "elapsed": 162.390389, "delta": 1.479042}}
{"target": -43.4126606517122, "params": {"C": 6712.048049757029, "gamma": 0.029354046737032305}, "datetime": {"datetime": "2021-09-29 18:23:11", "elapsed": 163.608129, "delta": 1.21774}}
{"target": -42.683460279873586, "params": {"C": 9455.11221897923, "gamma": 0.012303069617320583}, "datetime": {"datetime": "2021-09-29 18:23:12", "elapsed": 165.319396, "delta": 1.711267}}
{"target": -43.77524242252099, "params": {"C": 9056.673171036924, "gamma": 0.027082159412549545}, "datetime": {"datetime": "2021-09-29 18:23:13", "elapsed": 166.388389, "delta": 1.068993}}
{"target": -43.62578440600273, "params": {"C": 9639.696576848477, "gamma": 0.023546201379291757}, "datetime": {"datetime": "2021-09-29 18:23:14", "elapsed": 167.452945, "delta": 1.064556}}
{"target": -42.94162924248819, "params": {"C": 5570.587346263828, "gamma": 0.02595716316319164}, "datetime": {"datetime": "2021-09-29 18:23:16", "elapsed": 168.753947, "delta": 1.301002}}
{"target": -42.221710745716265, "params": {"C": 5971.820809461138, "gamma": 0.012962623630012444}, "datetime": {"datetime": "2021-09-29 18:23:17", "elapsed": 170.273823, "delta": 1.519876}}
{"target": -41.525055100391114, "params": {"C": 5845.419497486418, "gamma": 0.0035654974357105127}, "datetime": {"datetime": "2021-09-29 18:23:18", "elapsed": 171.479143, "delta": 1.20532}}
{"target": -41.51128953868662, "params": {"C": 5570.469157941484, "gamma": 0.0018857999607362246}, "datetime": {"datetime": "2021-09-29 18:23:20", "elapsed": 172.613144, "delta": 1.134001}}
