{"target": -35.335046809625666, "params": {"C": 2809.832144749963, "gamma": 0.019704588547757914}, "datetime": {"datetime": "2021-09-28 14:48:05", "elapsed": 392.737887, "delta": 2.589865}}
{"target": -35.345463568312965, "params": {"C": 2942.122181094537, "gamma": 0.04484312809164995}, "datetime": {"datetime": "2021-09-28 14:48:08", "elapsed": 395.442948, "delta": 2.705061}}
{"target": -36.00293361931285, "params": {"C": 2608.0754331479716, "gamma": 0.07379486008480927}, "datetime": {"datetime": "2021-09-28 14:48:09", "elapsed": 396.916128, "delta": 1.47318}}
{"target": -35.49709873405746, "params": {"C": 2899.3463023913177, "gamma": 0.05426104796908993}, "datetime": {"datetime": "2021-09-28 14:48:11", "elapsed": 399.021736, "delta": 2.105608}}
{"target": -35.28363696233534, "params": {"C": 2949.9293693765285, "gamma": 0.039266376395127006}, "datetime": {"datetime": "2021-09-28 14:48:14", "elapsed": 401.497829, "delta": 2.476093}}
{"target": -36.54911423696336, "params": {"C": 2604.2268415096996, "gamma": 0.003048377686626219}, "datetime": {"datetime": "2021-09-28 14:48:16", "elapsed": 403.808119, "delta": 2.31029}}
{"target": -35.68911886558143, "params": {"C": 2561.638471379517, "gamma": 0.011433500186701518}, "datetime": {"datetime": "2021-09-28 14:48:17", "elapsed": 405.3454, "delta": 1.537281}}
{"target": -35.3853096399812, "params": {"C": 2697.4638082424503, "gamma": 0.04306056383412852}, "datetime": {"datetime": "2021-09-28 14:48:20", "elapsed": 407.938854, "delta": 2.593454}}
{"target": -35.26806947586297, "params": {"C": 2827.369695552825, "gamma": 0.03084362652844502}, "datetime": {"datetime": "2021-09-28 14:48:22", "elapsed": 410.063211, "delta": 2.124357}}
{"target": -35.356901015672285, "params": {"C": 2743.1899139885345, "gamma": 0.04146292065870773}, "datetime": {"datetime": "2021-09-28 14:48:24", "elapsed": 411.715937, "delta": 1.652726}}
{"target": -36.340341320775515, "params": {"C": 2874.835442147562, "gamma": 0.00374504518325298}, "datetime": {"datetime": "2021-09-28 14:48:25", "elapsed": 413.206232, "delta": 1.490295}}
{"target": -35.39988204799043, "params": {"C": 2745.046896003731, "gamma": 0.017157055161416062}, "datetime": {"datetime": "2021-09-28 14:48:27", "elapsed": 415.359833, "delta": 2.153601}}
{"target": -35.432944890084556, "params": {"C": 2764.6256597652673, "gamma": 0.04850900462766109}, "datetime": {"datetime": "2021-09-28 14:48:29", "elapsed": 417.24436, "delta": 1.884527}}
{"target": -35.34927186328855, "params": {"C": 2498.482221438777, "gamma": 0.022425896591749015}, "datetime": {"datetime": "2021-09-28 14:48:31", "elapsed": 419.280269, "delta": 2.035909}}
{"target": -35.95850010926762, "params": {"C": 2584.0716466410327, "gamma": 0.007619223699390846}, "datetime": {"datetime": "2021-09-28 14:48:35", "elapsed": 422.453804, "delta": 3.173535}}
{"target": -35.44976618751177, "params": {"C": 2827.385940069422, "gamma": 0.050746958558196435}, "datetime": {"datetime": "2021-09-28 14:48:37", "elapsed": 424.707171, "delta": 2.253367}}
{"target": -35.314212275513775, "params": {"C": 2924.9021616348596, "gamma": 0.04172978218453483}, "datetime": {"datetime": "2021-09-28 14:48:39", "elapsed": 427.04339, "delta": 2.336219}}
{"target": -35.35132269534621, "params": {"C": 2924.9331225181622, "gamma": 0.044992819046095756}, "datetime": {"datetime": "2021-09-28 14:48:41", "elapsed": 429.230818, "delta": 2.187428}}
{"target": -35.26948390364279, "params": {"C": 2882.9600584364916, "gamma": 0.02351231329001769}, "datetime": {"datetime": "2021-09-28 14:48:44", "elapsed": 432.288417, "delta": 3.057599}}
{"target": -36.48503748414209, "params": {"C": 2809.8071059311915, "gamma": 0.003076164970648644}, "datetime": {"datetime": "2021-09-28 14:48:47", "elapsed": 434.665729, "delta": 2.377312}}
{"target": -35.752245614821845, "params": {"C": 2961.5104593069286, "gamma": 0.009737236793179975}, "datetime": {"datetime": "2021-09-28 14:48:48", "elapsed": 436.193735, "delta": 1.528006}}
{"target": -35.68787880113641, "params": {"C": 2817.6508790213575, "gamma": 0.011026868793641387}, "datetime": {"datetime": "2021-09-28 14:48:50", "elapsed": 438.098567, "delta": 1.904832}}
{"target": -35.244797571155004, "params": {"C": 2949.9029963538032, "gamma": 0.02461410794819491}, "datetime": {"datetime": "2021-09-28 14:48:52", "elapsed": 440.246217, "delta": 2.14765}}
{"target": -35.38517349889918, "params": {"C": 2927.3793604010725, "gamma": 0.04797869935670142}, "datetime": {"datetime": "2021-09-28 14:48:54", "elapsed": 441.882054, "delta": 1.635837}}
{"target": -35.465422168260844, "params": {"C": 2701.7469943722617, "gamma": 0.04982031671951508}, "datetime": {"datetime": "2021-09-28 14:48:57", "elapsed": 444.583088, "delta": 2.701034}}
{"target": -35.486029815538494, "params": {"C": 2217.544239444689, "gamma": 0.03735103776572256}, "datetime": {"datetime": "2021-09-28 14:48:58", "elapsed": 446.243087, "delta": 1.659999}}
{"target": -35.666504720335794, "params": {"C": 2927.357388500478, "gamma": 0.06283902434307324}, "datetime": {"datetime": "2021-09-28 14:49:01", "elapsed": 448.828461, "delta": 2.585374}}
{"target": -35.22710653577643, "params": {"C": 2949.8830473914413, "gamma": 0.02726854181686897}, "datetime": {"datetime": "2021-09-28 14:49:03", "elapsed": 451.243219, "delta": 2.414758}}
{"target": -35.772061299948675, "params": {"C": 2237.7043462534016, "gamma": 0.05691417582728951}, "datetime": {"datetime": "2021-09-28 14:49:05", "elapsed": 452.93709, "delta": 1.693871}}
{"target": -35.354676169522875, "params": {"C": 2692.234205425074, "gamma": 0.019536596842821382}, "datetime": {"datetime": "2021-09-28 14:49:07", "elapsed": 454.736245, "delta": 1.799155}}
{"target": -35.38870465348358, "params": {"C": 2882.977887510823, "gamma": 0.017080220202422856}, "datetime": {"datetime": "2021-09-28 14:49:10", "elapsed": 457.737607, "delta": 3.001362}}
{"target": -35.90646903177589, "params": {"C": 2949.925308593788, "gamma": 0.007732053149783476}, "datetime": {"datetime": "2021-09-28 14:49:13", "elapsed": 461.118044, "delta": 3.380437}}
{"target": -35.24854191554816, "params": {"C": 2924.901700031577, "gamma": 0.02466526323783024}, "datetime": {"datetime": "2021-09-28 14:49:16", "elapsed": 463.892004, "delta": 2.77396}}
{"target": -35.36272880807689, "params": {"C": 2413.2410382393796, "gamma": 0.02608541609767129}, "datetime": {"datetime": "2021-09-28 14:49:18", "elapsed": 465.774685, "delta": 1.882681}}
{"target": -35.34220527964294, "params": {"C": 2692.2527432588695, "gamma": 0.038191186334454}, "datetime": {"datetime": "2021-09-28 14:49:21", "elapsed": 469.099047, "delta": 3.324362}}
{"target": -35.25968353770513, "params": {"C": 2949.865810599308, "gamma": 0.036327185623589726}, "datetime": {"datetime": "2021-09-28 14:49:23", "elapsed": 471.245842, "delta": 2.146795}}
{"target": -35.231589037642415, "params": {"C": 2942.143256360391, "gamma": 0.02821173524002164}, "datetime": {"datetime": "2021-09-28 14:49:26", "elapsed": 473.819782, "delta": 2.57394}}
{"target": -35.46511834796641, "params": {"C": 2924.95570740576, "gamma": 0.01524545543400049}, "datetime": {"datetime": "2021-09-28 14:49:29", "elapsed": 476.835754, "delta": 3.015972}}
{"target": -35.54669024442227, "params": {"C": 2965.4939722476784, "gamma": 0.05772027495795807}, "datetime": {"datetime": "2021-09-28 14:49:31", "elapsed": 479.23919, "delta": 2.403436}}
{"target": -35.272842265522094, "params": {"C": 2809.850250994579, "gamma": 0.030945955536887306}, "datetime": {"datetime": "2021-09-28 14:49:34", "elapsed": 481.511048, "delta": 2.271858}}
{"target": -35.47032060203506, "params": {"C": 2809.8661358489726, "gamma": 0.015342390019853325}, "datetime": {"datetime": "2021-09-28 14:49:37", "elapsed": 484.434264, "delta": 2.923216}}
{"target": -35.4762272100669, "params": {"C": 2949.854562712023, "gamma": 0.014955628101777654}, "datetime": {"datetime": "2021-09-28 14:49:40", "elapsed": 487.627746, "delta": 3.193482}}
{"target": -35.39733775425548, "params": {"C": 2692.2308829204467, "gamma": 0.044017667478731676}, "datetime": {"datetime": "2021-09-28 14:49:42", "elapsed": 489.829525, "delta": 2.201779}}
{"target": -35.843435594978764, "params": {"C": 2536.0201812085697, "gamma": 0.009185640332553405}, "datetime": {"datetime": "2021-09-28 14:49:45", "elapsed": 493.074483, "delta": 3.244958}}
{"target": -35.874142597230474, "params": {"C": 2924.9278138277236, "gamma": 0.07231529223193264}, "datetime": {"datetime": "2021-09-28 14:49:48", "elapsed": 495.533023, "delta": 2.45854}}
{"target": -35.78235600065556, "params": {"C": 2949.880764465329, "gamma": 0.06839898883763415}, "datetime": {"datetime": "2021-09-28 14:49:51", "elapsed": 498.747153, "delta": 3.21413}}
{"target": -35.55828618686762, "params": {"C": 2949.929452846037, "gamma": 0.05805368105120504}, "datetime": {"datetime": "2021-09-28 14:49:53", "elapsed": 500.8721, "delta": 2.124947}}
{"target": -35.982296898907435, "params": {"C": 2764.6211210508145, "gamma": 0.0070750834571939505}, "datetime": {"datetime": "2021-09-28 14:49:55", "elapsed": 503.084607, "delta": 2.212507}}
{"target": -35.577059320396764, "params": {"C": 2924.9096843114685, "gamma": 0.01283839350778829}, "datetime": {"datetime": "2021-09-28 14:49:58", "elapsed": 505.941923, "delta": 2.857316}}
{"target": -35.8264785583388, "params": {"C": 2348.7122970657542, "gamma": 0.061285839954454684}, "datetime": {"datetime": "2021-09-28 14:50:00", "elapsed": 507.67742, "delta": 1.735497}}
{"target": -35.453907679442196, "params": {"C": 2626.8382771968354, "gamma": 0.047249613106228064}, "datetime": {"datetime": "2021-09-28 14:50:03", "elapsed": 510.941366, "delta": 3.263946}}
{"target": -35.42460092366954, "params": {"C": 2882.964874041187, "gamma": 0.050002999347552965}, "datetime": {"datetime": "2021-09-28 14:50:06", "elapsed": 513.942322, "delta": 3.000956}}
{"target": -35.4157002460969, "params": {"C": 2584.036434159516, "gamma": 0.042947898929646636}, "datetime": {"datetime": "2021-09-28 14:50:08", "elapsed": 516.094502, "delta": 2.15218}}
{"target": -35.42556611245819, "params": {"C": 2905.116798039921, "gamma": 0.016176525204533033}, "datetime": {"datetime": "2021-09-28 14:50:10", "elapsed": 517.925744, "delta": 1.831242}}
{"target": -35.32726429820948, "params": {"C": 2584.269366389929, "gamma": 0.030333419848021608}, "datetime": {"datetime": "2021-09-28 14:50:12", "elapsed": 519.634969, "delta": 1.709225}}
{"target": -35.5556108310822, "params": {"C": 2070.332066317074, "gamma": 0.03893641177448632}, "datetime": {"datetime": "2021-09-28 14:50:13", "elapsed": 521.399089, "delta": 1.76412}}
{"target": -35.41861561022861, "params": {"C": 2654.145319456725, "gamma": 0.04496527661721822}, "datetime": {"datetime": "2021-09-28 14:50:15", "elapsed": 523.108594, "delta": 1.709505}}
{"target": -35.33511916549485, "params": {"C": 2999.297279976112, "gamma": 0.045137874730061874}, "datetime": {"datetime": "2021-09-28 14:50:17", "elapsed": 524.83859, "delta": 1.729996}}
{"target": -35.58803706528366, "params": {"C": 2584.2870023397336, "gamma": 0.013333002837986923}, "datetime": {"datetime": "2021-09-28 14:50:21", "elapsed": 528.710152, "delta": 3.871562}}
{"target": -35.333800507369624, "params": {"C": 2604.2486373335178, "gamma": 0.03244128053283768}, "datetime": {"datetime": "2021-09-28 14:50:24", "elapsed": 531.600183, "delta": 2.890031}}
{"target": -35.356055571853894, "params": {"C": 2999.3188905005927, "gamma": 0.046986740994831605}, "datetime": {"datetime": "2021-09-28 14:50:27", "elapsed": 535.018195, "delta": 3.418012}}
{"target": -35.40778371340598, "params": {"C": 2546.0238777376285, "gamma": 0.01751083080756027}, "datetime": {"datetime": "2021-09-28 14:50:30", "elapsed": 537.519685, "delta": 2.50149}}
{"target": -35.67113063472549, "params": {"C": 2777.6983575629692, "gamma": 0.011387028641679012}, "datetime": {"datetime": "2021-09-28 14:50:31", "elapsed": 539.400713, "delta": 1.881028}}
{"target": -36.04713723516576, "params": {"C": 2853.044527207103, "gamma": 0.0062579397773725835}, "datetime": {"datetime": "2021-09-28 14:50:34", "elapsed": 541.643816, "delta": 2.243103}}
{"target": -36.04331735901215, "params": {"C": 2749.7698586106862, "gamma": 0.006409869323414108}, "datetime": {"datetime": "2021-09-28 14:50:38", "elapsed": 546.161482, "delta": 4.517666}}
{"target": -35.28675627081746, "params": {"C": 2853.026547605693, "gamma": 0.036467899904171666}, "datetime": {"datetime": "2021-09-28 14:50:42", "elapsed": 550.071341, "delta": 3.909859}}
{"target": -35.381957524206584, "params": {"C": 2749.818253001563, "gamma": 0.04393931138193636}, "datetime": {"datetime": "2021-09-28 14:50:46", "elapsed": 553.588145, "delta": 3.516804}}
{"target": -35.90635611493532, "params": {"C": 2745.0216407154844, "gamma": 0.008001906235306392}, "datetime": {"datetime": "2021-09-28 14:50:49", "elapsed": 556.468842, "delta": 2.880697}}
{"target": -35.7739582147696, "params": {"C": 2692.2429788812105, "gamma": 0.06449274280217515}, "datetime": {"datetime": "2021-09-28 14:50:53", "elapsed": 560.430527, "delta": 3.961685}}
{"target": -35.75420514312017, "params": {"C": 2114.725124604712, "gamma": 0.05402230118091997}, "datetime": {"datetime": "2021-09-28 14:50:54", "elapsed": 562.238182, "delta": 1.807655}}
{"target": -35.34367236122026, "params": {"C": 2853.083415187104, "gamma": 0.04282704207503292}, "datetime": {"datetime": "2021-09-28 14:50:57", "elapsed": 565.097378, "delta": 2.859196}}
{"target": -35.61739287802818, "params": {"C": 2411.264517273738, "gamma": 0.05278664407183307}, "datetime": {"datetime": "2021-09-28 14:50:59", "elapsed": 567.210142, "delta": 2.112764}}
{"target": -35.26275078786465, "params": {"C": 2853.070273326967, "gamma": 0.03109568353701036}, "datetime": {"datetime": "2021-09-28 14:51:03", "elapsed": 571.054996, "delta": 3.844854}}
{"target": -35.86941741199928, "params": {"C": 2581.5030755117614, "gamma": 0.06721249892319063}, "datetime": {"datetime": "2021-09-28 14:51:05", "elapsed": 573.088488, "delta": 2.033492}}
{"target": -35.24044726210009, "params": {"C": 2965.4625986145957, "gamma": 0.03254260626855027}, "datetime": {"datetime": "2021-09-28 14:51:08", "elapsed": 576.22517, "delta": 3.136682}}
{"target": -35.442338431862666, "params": {"C": 2536.061356962627, "gamma": 0.044151144692318955}, "datetime": {"datetime": "2021-09-28 14:51:12", "elapsed": 579.449147, "delta": 3.223977}}
{"target": -35.299756357617916, "params": {"C": 2853.05884767462, "gamma": 0.03843422378503329}, "datetime": {"datetime": "2021-09-28 14:51:14", "elapsed": 582.269781, "delta": 2.820634}}
{"target": -35.569205973133236, "params": {"C": 2584.2651104657825, "gamma": 0.053212209853298886}, "datetime": {"datetime": "2021-09-28 14:51:18", "elapsed": 586.062162, "delta": 3.792381}}
{"target": -35.642190214721616, "params": {"C": 2697.5283962991425, "gamma": 0.05829615391802194}, "datetime": {"datetime": "2021-09-28 14:51:21", "elapsed": 588.775296, "delta": 2.713134}}
{"target": -35.44384831442828, "params": {"C": 2817.6045497480427, "gamma": 0.015939381497230395}, "datetime": {"datetime": "2021-09-28 14:51:23", "elapsed": 590.700452, "delta": 1.925156}}
{"target": -35.24695772868239, "params": {"C": 2999.2950417709626, "gamma": 0.023762711975405353}, "datetime": {"datetime": "2021-09-28 14:51:26", "elapsed": 594.387211, "delta": 3.686759}}
{"target": -35.23040745798466, "params": {"C": 2924.8667773498887, "gamma": 0.02650228582297697}, "datetime": {"datetime": "2021-09-28 14:51:29", "elapsed": 596.980876, "delta": 2.593665}}
{"target": -35.55209258050212, "params": {"C": 2023.1157420526347, "gamma": 0.036971077013063854}, "datetime": {"datetime": "2021-09-28 14:51:31", "elapsed": 599.070779, "delta": 2.089903}}
{"target": -35.5778334637413, "params": {"C": 2418.491718968455, "gamma": 0.050931919348804935}, "datetime": {"datetime": "2021-09-28 14:51:35", "elapsed": 602.574784, "delta": 3.504005}}
{"target": -35.798018924174855, "params": {"C": 2949.8936632294262, "gamma": 0.009061152232422476}, "datetime": {"datetime": "2021-09-28 14:51:38", "elapsed": 605.70286, "delta": 3.128076}}
{"target": -35.25919887408547, "params": {"C": 2924.9165067673794, "gamma": 0.034677125251107825}, "datetime": {"datetime": "2021-09-28 14:51:41", "elapsed": 608.879516, "delta": 3.176656}}
{"target": -36.17046736985076, "params": {"C": 2924.875515567449, "gamma": 0.004919370969578918}, "datetime": {"datetime": "2021-09-28 14:51:44", "elapsed": 611.921307, "delta": 3.041791}}
{"target": -35.23940379998213, "params": {"C": 2999.2819228518, "gamma": 0.03455846455176794}, "datetime": {"datetime": "2021-09-28 14:51:48", "elapsed": 615.628577, "delta": 3.70727}}
{"target": -35.574835291688586, "params": {"C": 2584.050723864297, "gamma": 0.05346521927773049}, "datetime": {"datetime": "2021-09-28 14:51:51", "elapsed": 618.584872, "delta": 2.956295}}
{"target": -35.31195260439733, "params": {"C": 2764.6487334043345, "gamma": 0.036559897808033155}, "datetime": {"datetime": "2021-09-28 14:51:54", "elapsed": 621.707047, "delta": 3.122175}}
{"target": -35.29932703892247, "params": {"C": 2999.3391058739076, "gamma": 0.0202373740325212}, "datetime": {"datetime": "2021-09-28 14:51:56", "elapsed": 624.391693, "delta": 2.684646}}
{"target": -35.400167765013016, "params": {"C": 2352.7129692827266, "gamma": 0.031788087185341735}, "datetime": {"datetime": "2021-09-28 14:51:59", "elapsed": 626.432404, "delta": 2.040711}}
{"target": -36.09951150985299, "params": {"C": 2332.5499959716544, "gamma": 0.07345470837885522}, "datetime": {"datetime": "2021-09-28 14:52:01", "elapsed": 628.677244, "delta": 2.24484}}
{"target": -35.48656344967273, "params": {"C": 2008.300777019393, "gamma": 0.02592867119581696}, "datetime": {"datetime": "2021-09-28 14:52:03", "elapsed": 630.59424, "delta": 1.916996}}
{"target": -35.7453968522792, "params": {"C": 2999.2871867922495, "gamma": 0.009809770933634193}, "datetime": {"datetime": "2021-09-28 14:52:07", "elapsed": 634.431829, "delta": 3.837589}}
{"target": -35.54284407759066, "params": {"C": 2853.081186091663, "gamma": 0.013635943585416952}, "datetime": {"datetime": "2021-09-28 14:52:10", "elapsed": 638.283209, "delta": 3.85138}}
{"target": -35.42000142294387, "params": {"C": 2546.0339510799204, "gamma": 0.04234331053542935}, "datetime": {"datetime": "2021-09-28 14:52:14", "elapsed": 641.422828, "delta": 3.139619}}
{"target": -35.265325152274514, "params": {"C": 2794.6452602047752, "gamma": 0.02554245135628548}, "datetime": {"datetime": "2021-09-28 14:52:15", "elapsed": 643.394951, "delta": 1.972123}}
{"target": -35.38065123339102, "params": {"C": 2367.5530459906427, "gamma": 0.022272402961532586}, "datetime": {"datetime": "2021-09-28 14:52:18", "elapsed": 645.554125, "delta": 2.159174}}
{"target": -35.27825006452144, "params": {"C": 2749.8261452348415, "gamma": 0.02488961967688301}, "datetime": {"datetime": "2021-09-28 14:52:22", "elapsed": 649.776063, "delta": 4.221938}}
{"target": -35.350258824788575, "params": {"C": 2924.88328504898, "gamma": 0.04489899905685422}, "datetime": {"datetime": "2021-09-28 14:52:25", "elapsed": 653.307287, "delta": 3.531224}}
{"target": -35.44416102589694, "params": {"C": 2141.0786995648937, "gamma": 0.026720984419486914}, "datetime": {"datetime": "2021-09-28 14:52:27", "elapsed": 655.368601, "delta": 2.061314}}
{"target": -35.35806367235361, "params": {"C": 2924.8446994031683, "gamma": 0.04557785550026669}, "datetime": {"datetime": "2021-09-28 14:52:32", "elapsed": 659.860102, "delta": 4.491501}}
{"target": -35.22974596434526, "params": {"C": 2999.308657354083, "gamma": 0.031853164686288016}, "datetime": {"datetime": "2021-09-28 14:52:34", "elapsed": 662.326964, "delta": 2.466862}}
{"target": -35.331680362678895, "params": {"C": 2999.3605832992157, "gamma": 0.018358819889398213}, "datetime": {"datetime": "2021-09-28 14:52:37", "elapsed": 665.206717, "delta": 2.879753}}
{"target": -35.335628507821895, "params": {"C": 2584.2467165111248, "gamma": 0.03181280768930814}, "datetime": {"datetime": "2021-09-28 14:52:40", "elapsed": 668.261123, "delta": 3.054406}}
{"target": -35.29008414204386, "params": {"C": 2749.8440882403947, "gamma": 0.023689021757023546}, "datetime": {"datetime": "2021-09-28 14:52:44", "elapsed": 671.867333, "delta": 3.60621}}
{"target": -35.44934795691937, "params": {"C": 2122.61407215127, "gamma": 0.026058295770440755}, "datetime": {"datetime": "2021-09-28 14:52:46", "elapsed": 673.967858, "delta": 2.100525}}
{"target": -35.58092788279971, "params": {"C": 2584.2540103462434, "gamma": 0.013474473077818187}, "datetime": {"datetime": "2021-09-28 14:52:49", "elapsed": 676.94461, "delta": 2.976752}}
{"target": -36.008924154864474, "params": {"C": 2316.5501068408294, "gamma": 0.06927508243396777}, "datetime": {"datetime": "2021-09-28 14:52:51", "elapsed": 678.92743, "delta": 1.98282}}
{"target": -35.78076328127239, "params": {"C": 2167.2501418998627, "gamma": 0.01105054088870389}, "datetime": {"datetime": "2021-09-28 14:52:53", "elapsed": 680.960557, "delta": 2.033127}}
{"target": -35.366436726457565, "params": {"C": 2794.6201176395653, "gamma": 0.017850818304265638}, "datetime": {"datetime": "2021-09-28 14:52:56", "elapsed": 684.237284, "delta": 3.276727}}
{"target": -35.34731260153522, "params": {"C": 2701.6316761965995, "gamma": 0.019950344600109388}, "datetime": {"datetime": "2021-09-28 14:53:00", "elapsed": 687.975784, "delta": 3.7385}}
{"target": -35.730326897487025, "params": {"C": 2999.318364952822, "gamma": 0.01006097985961488}, "datetime": {"datetime": "2021-09-28 14:53:04", "elapsed": 692.134786, "delta": 4.159002}}
{"target": -35.45137453278965, "params": {"C": 2413.257756749535, "gamma": 0.04125415924338841}, "datetime": {"datetime": "2021-09-28 14:53:10", "elapsed": 697.748116, "delta": 5.61333}}
{"target": -35.23442293381315, "params": {"C": 2925.922907045726, "gamma": 0.02589987202090021}, "datetime": {"datetime": "2021-09-28 14:53:12", "elapsed": 699.949348, "delta": 2.201232}}
