{"target": -0.23902675377137372, "params": {"C": 713.661284699218, "gamma": 0.06189294318387948}, "datetime": {"datetime": "2021-10-04 10:28:40", "elapsed": 313.415163, "delta": 1.871224}}
{"target": -0.22970087387551974, "params": {"C": 671.2782287319623, "gamma": 0.022041199765098603}, "datetime": {"datetime": "2021-10-04 10:28:41", "elapsed": 314.81292, "delta": 1.397757}}
{"target": -0.3051610365898372, "params": {"C": 924.333276388871, "gamma": 0.12633480458833865}, "datetime": {"datetime": "2021-10-04 10:28:43", "elapsed": 317.081225, "delta": 2.268305}}
{"target": -0.6485219548353245, "params": {"C": 398.6914536217757, "gamma": 0.25079818751890165}, "datetime": {"datetime": "2021-10-04 10:28:45", "elapsed": 318.51828, "delta": 1.437055}}
{"target": -0.18936160551697556, "params": {"C": 991.9869039133288, "gamma": 0.013748145289705797}, "datetime": {"datetime": "2021-10-04 10:28:47", "elapsed": 320.762759, "delta": 2.244479}}
{"target": -0.16589783530401192, "params": {"C": 975.6017664432712, "gamma": 0.05882339640295147}, "datetime": {"datetime": "2021-10-04 10:28:49", "elapsed": 322.775852, "delta": 2.013093}}
{"target": -0.33435772484378323, "params": {"C": 989.8626069752321, "gamma": 0.004677610844892689}, "datetime": {"datetime": "2021-10-04 10:28:52", "elapsed": 325.805276, "delta": 3.029424}}
{"target": -0.4308547793089337, "params": {"C": 682.8411215985279, "gamma": 0.15580366160970932}, "datetime": {"datetime": "2021-10-04 10:28:54", "elapsed": 327.249743, "delta": 1.444467}}
{"target": -0.15406815545138253, "params": {"C": 990.8384867059457, "gamma": 0.052587418197508964}, "datetime": {"datetime": "2021-10-04 10:28:56", "elapsed": 329.446741, "delta": 2.196998}}
{"target": -0.1754101747561181, "params": {"C": 991.9748937199976, "gamma": 0.067065280915971}, "datetime": {"datetime": "2021-10-04 10:28:58", "elapsed": 331.779619, "delta": 2.332878}}
{"target": -0.7466032428520166, "params": {"C": 93.47742502630513, "gamma": 0.004126063556095219}, "datetime": {"datetime": "2021-10-04 10:29:00", "elapsed": 333.184274, "delta": 1.404655}}
{"target": -0.24521316948575844, "params": {"C": 975.3442594752171, "gamma": 0.10226502827945413}, "datetime": {"datetime": "2021-10-04 10:29:02", "elapsed": 335.29605, "delta": 2.111776}}
{"target": -0.3030118436446918, "params": {"C": 972.7101591349625, "gamma": 0.13160274322821797}, "datetime": {"datetime": "2021-10-04 10:29:04", "elapsed": 337.147009, "delta": 1.850959}}
{"target": -0.2976077546331237, "params": {"C": 991.9207959030499, "gamma": 0.005873018800293115}, "datetime": {"datetime": "2021-10-04 10:29:06", "elapsed": 339.405324, "delta": 2.258315}}
{"target": -0.16239157260303672, "params": {"C": 991.0276789859824, "gamma": 0.019016225715342075}, "datetime": {"datetime": "2021-10-04 10:29:09", "elapsed": 342.223329, "delta": 2.818005}}
{"target": -0.17005068471659301, "params": {"C": 925.6915222721955, "gamma": 0.020565296398718715}, "datetime": {"datetime": "2021-10-04 10:29:10", "elapsed": 343.998386, "delta": 1.775057}}
{"target": -0.2984518353905077, "params": {"C": 906.0934200802469, "gamma": 0.12043032057903483}, "datetime": {"datetime": "2021-10-04 10:29:12", "elapsed": 345.845826, "delta": 1.84744}}
{"target": -0.1679601824357817, "params": {"C": 925.7142000875795, "gamma": 0.05241901732315897}, "datetime": {"datetime": "2021-10-04 10:29:15", "elapsed": 348.526274, "delta": 2.680448}}
{"target": -0.18800072494040676, "params": {"C": 990.9806132325195, "gamma": 0.07419707909020795}, "datetime": {"datetime": "2021-10-04 10:29:18", "elapsed": 351.21564, "delta": 2.689366}}
{"target": -0.1744139686488635, "params": {"C": 926.7681202936799, "gamma": 0.01915605461714188}, "datetime": {"datetime": "2021-10-04 10:29:19", "elapsed": 353.071255, "delta": 1.855615}}
{"target": -0.22048588476083109, "params": {"C": 703.5414537466326, "gamma": 0.021872186092512725}, "datetime": {"datetime": "2021-10-04 10:29:21", "elapsed": 354.952408, "delta": 1.881153}}
{"target": -0.1771420581381944, "params": {"C": 925.782376567499, "gamma": 0.05890175044188575}, "datetime": {"datetime": "2021-10-04 10:29:23", "elapsed": 356.843438, "delta": 1.89103}}
{"target": -0.31376027861067035, "params": {"C": 703.3075199527192, "gamma": 0.09814930363956}, "datetime": {"datetime": "2021-10-04 10:29:25", "elapsed": 358.841022, "delta": 1.997584}}
{"target": -0.688752051731703, "params": {"C": 130.67305358739043, "gamma": 0.12566744170009553}, "datetime": {"datetime": "2021-10-04 10:29:27", "elapsed": 360.360733, "delta": 1.519711}}
{"target": -0.6224774024095319, "params": {"C": 395.03933122744996, "gamma": 0.21784875944321477}, "datetime": {"datetime": "2021-10-04 10:29:28", "elapsed": 361.768646, "delta": 1.407913}}
{"target": -0.2990692935734709, "params": {"C": 671.2929140483618, "gamma": 0.08566277392870691}, "datetime": {"datetime": "2021-10-04 10:29:30", "elapsed": 363.665249, "delta": 1.896603}}
{"target": -0.15366373456481486, "params": {"C": 926.9009947789731, "gamma": 0.0333877386833789}, "datetime": {"datetime": "2021-10-04 10:29:32", "elapsed": 365.522759, "delta": 1.85751}}
{"target": -0.28653043483509677, "params": {"C": 925.7336205312123, "gamma": 0.11695896873361457}, "datetime": {"datetime": "2021-10-04 10:29:34", "elapsed": 367.368737, "delta": 1.845978}}
{"target": -0.2861158446442038, "params": {"C": 925.8123341610508, "gamma": 0.11675827453416003}, "datetime": {"datetime": "2021-10-04 10:29:36", "elapsed": 369.925906, "delta": 2.557169}}
{"target": -0.1631236320460565, "params": {"C": 926.732123450893, "gamma": 0.04864227454274317}, "datetime": {"datetime": "2021-10-04 10:29:39", "elapsed": 372.206141, "delta": 2.280235}}
{"target": -0.242447573581126, "params": {"C": 667.812190000871, "gamma": 0.01825726321730962}, "datetime": {"datetime": "2021-10-04 10:29:41", "elapsed": 374.419246, "delta": 2.213105}}
{"target": -0.5929878471260013, "params": {"C": 160.99738495331613, "gamma": 0.07846607204823135}, "datetime": {"datetime": "2021-10-04 10:29:42", "elapsed": 375.884454, "delta": 1.465208}}
{"target": -0.2473614082398281, "params": {"C": 926.7515864975726, "gamma": 0.09731022645162628}, "datetime": {"datetime": "2021-10-04 10:29:44", "elapsed": 377.795459, "delta": 1.911005}}
{"target": -0.16258363942507925, "params": {"C": 926.9792710820867, "gamma": 0.023509445163399378}, "datetime": {"datetime": "2021-10-04 10:29:47", "elapsed": 380.203449, "delta": 2.40799}}
{"target": -0.5729197263283898, "params": {"C": 927.005772605911, "gamma": 0.0013205126826785689}, "datetime": {"datetime": "2021-10-04 10:29:49", "elapsed": 382.307694, "delta": 2.104245}}
{"target": -0.1411534549360891, "params": {"C": 992.3542263676026, "gamma": 0.030969429813336693}, "datetime": {"datetime": "2021-10-04 10:29:51", "elapsed": 384.812007, "delta": 2.504313}}
{"target": -0.3068997209617401, "params": {"C": 719.7719297829778, "gamma": 0.09745626496436685}, "datetime": {"datetime": "2021-10-04 10:29:55", "elapsed": 388.989469, "delta": 4.177462}}
{"target": -0.15753768146847014, "params": {"C": 925.7655402462098, "gamma": 0.026961081830831814}, "datetime": {"datetime": "2021-10-04 10:29:59", "elapsed": 392.092547, "delta": 3.103078}}
{"target": -0.1669688952536741, "params": {"C": 926.768445414827, "gamma": 0.05183454831888653}, "datetime": {"datetime": "2021-10-04 10:30:01", "elapsed": 394.301276, "delta": 2.208729}}
{"target": -0.33720308749934413, "params": {"C": 594.6265819624878, "gamma": 0.09042177480021313}, "datetime": {"datetime": "2021-10-04 10:30:02", "elapsed": 395.898533, "delta": 1.597257}}
{"target": -0.3562313356775615, "params": {"C": 926.8627924654662, "gamma": 0.004450025331806914}, "datetime": {"datetime": "2021-10-04 10:30:05", "elapsed": 398.9488, "delta": 3.050267}}
{"target": -0.3972655869616577, "params": {"C": 780.292469304923, "gamma": 0.15429394592376267}, "datetime": {"datetime": "2021-10-04 10:30:07", "elapsed": 400.8208, "delta": 1.872}}
{"target": -0.28608843992423605, "params": {"C": 667.8294596111327, "gamma": 0.07867314110796603}, "datetime": {"datetime": "2021-10-04 10:30:09", "elapsed": 402.931728, "delta": 2.110928}}
{"target": -0.19473261427368338, "params": {"C": 975.4897097532386, "gamma": 0.013437775727809262}, "datetime": {"datetime": "2021-10-04 10:30:12", "elapsed": 405.55813, "delta": 2.626402}}
{"target": -0.23060887182736134, "params": {"C": 927.0133379185643, "gamma": 0.08883597353648087}, "datetime": {"datetime": "2021-10-04 10:30:14", "elapsed": 407.870178, "delta": 2.312048}}
{"target": -0.24620032656024704, "params": {"C": 671.2267345675162, "gamma": 0.058080162208517395}, "datetime": {"datetime": "2021-10-04 10:30:16", "elapsed": 409.944604, "delta": 2.074426}}
{"target": -0.21272500712222464, "params": {"C": 926.8154524474157, "gamma": 0.0795157792990802}, "datetime": {"datetime": "2021-10-04 10:30:18", "elapsed": 411.896182, "delta": 1.951578}}
{"target": -0.2904421546683613, "params": {"C": 926.9438947434168, "gamma": 0.006740013199446636}, "datetime": {"datetime": "2021-10-04 10:30:23", "elapsed": 416.705276, "delta": 4.809094}}
{"target": -0.7685710731614379, "params": {"C": 53.9382109805719, "gamma": 0.11948524589002064}, "datetime": {"datetime": "2021-10-04 10:30:25", "elapsed": 418.339451, "delta": 1.634175}}
{"target": -0.25046164499806944, "params": {"C": 991.0332624667858, "gamma": 0.1068362172904851}, "datetime": {"datetime": "2021-10-04 10:30:27", "elapsed": 420.785561, "delta": 2.44611}}
{"target": -0.16083546307318475, "params": {"C": 991.0246372871469, "gamma": 0.05761838973444558}, "datetime": {"datetime": "2021-10-04 10:30:29", "elapsed": 422.988195, "delta": 2.202634}}
{"target": -0.642479276835064, "params": {"C": 229.04799808720205, "gamma": 0.15457946199130404}, "datetime": {"datetime": "2021-10-04 10:30:31", "elapsed": 424.455581, "delta": 1.467386}}
{"target": -0.17059662683135857, "params": {"C": 906.2978693055059, "gamma": 0.05101942941990497}, "datetime": {"datetime": "2021-10-04 10:30:34", "elapsed": 428.044426, "delta": 3.588845}}
{"target": -0.1748009009955762, "params": {"C": 989.5832713078953, "gamma": 0.0663869915561642}, "datetime": {"datetime": "2021-10-04 10:30:36", "elapsed": 429.690043, "delta": 1.645617}}
{"target": -0.17614562066381123, "params": {"C": 906.3490253464894, "gamma": 0.05516447403568112}, "datetime": {"datetime": "2021-10-04 10:30:39", "elapsed": 432.291342, "delta": 2.601299}}
{"target": -0.15346376764323955, "params": {"C": 991.0977160823716, "gamma": 0.02196286604368004}, "datetime": {"datetime": "2021-10-04 10:30:41", "elapsed": 434.52123, "delta": 2.229888}}
{"target": -0.5591346078427943, "params": {"C": 926.7049085377978, "gamma": 0.0014313574948872005}, "datetime": {"datetime": "2021-10-04 10:30:44", "elapsed": 437.23913, "delta": 2.7179}}
{"target": -0.3456304273771418, "params": {"C": 914.6849133709741, "gamma": 0.14653801828706242}, "datetime": {"datetime": "2021-10-04 10:30:46", "elapsed": 439.538787, "delta": 2.299657}}
{"target": -0.1970879034013493, "params": {"C": 991.1074896799499, "gamma": 0.07920338799695152}, "datetime": {"datetime": "2021-10-04 10:30:50", "elapsed": 443.26706, "delta": 3.728273}}
{"target": -0.14270001819715072, "params": {"C": 991.126300419876, "gamma": 0.04091166236092697}, "datetime": {"datetime": "2021-10-04 10:30:52", "elapsed": 445.486196, "delta": 2.219136}}
{"target": -0.173824484327193, "params": {"C": 926.9750591663429, "gamma": 0.056862347146258034}, "datetime": {"datetime": "2021-10-04 10:30:55", "elapsed": 448.310576, "delta": 2.82438}}
{"target": -0.1701218407037648, "params": {"C": 914.6125060020896, "gamma": 0.021351129606054894}, "datetime": {"datetime": "2021-10-04 10:30:58", "elapsed": 451.152785, "delta": 2.842209}}
{"target": -0.2514424043989709, "params": {"C": 926.6879286031443, "gamma": 0.09936089188812795}, "datetime": {"datetime": "2021-10-04 10:31:00", "elapsed": 453.273775, "delta": 2.12099}}
{"target": -0.6872338503074635, "params": {"C": 302.46521892378763, "gamma": 0.2515391581234885}, "datetime": {"datetime": "2021-10-04 10:31:01", "elapsed": 454.892392, "delta": 1.618617}}
{"target": -0.15408790638737013, "params": {"C": 925.8579169505067, "gamma": 0.03215830855207109}, "datetime": {"datetime": "2021-10-04 10:31:03", "elapsed": 457.0317, "delta": 2.139308}}
{"target": -0.19347477144110048, "params": {"C": 991.9111832172277, "gamma": 0.07733680855057186}, "datetime": {"datetime": "2021-10-04 10:31:06", "elapsed": 459.632811, "delta": 2.601111}}
{"target": -0.3244405512446158, "params": {"C": 906.3301412375292, "gamma": 0.1339475181398003}, "datetime": {"datetime": "2021-10-04 10:31:09", "elapsed": 462.568524, "delta": 2.935713}}
{"target": -0.20532781112310783, "params": {"C": 925.9205677061816, "gamma": 0.07543719496127817}, "datetime": {"datetime": "2021-10-04 10:31:11", "elapsed": 464.790378, "delta": 2.221854}}
{"target": -0.2083499609540993, "params": {"C": 717.3321593477336, "gamma": 0.02675850695552358}, "datetime": {"datetime": "2021-10-04 10:31:13", "elapsed": 466.531445, "delta": 1.741067}}
{"target": -0.16440956447629684, "params": {"C": 992.2114521899665, "gamma": 0.060209915159363234}, "datetime": {"datetime": "2021-10-04 10:31:15", "elapsed": 468.39934, "delta": 1.867895}}
{"target": -0.185920951070788, "params": {"C": 925.9730313722454, "gamma": 0.064430145945734}, "datetime": {"datetime": "2021-10-04 10:31:18", "elapsed": 472.040693, "delta": 3.641353}}
{"target": -0.15625360164727953, "params": {"C": 914.6437173551419, "gamma": 0.03435497519800712}, "datetime": {"datetime": "2021-10-04 10:31:22", "elapsed": 475.396898, "delta": 3.356205}}
{"target": -0.7095074229325911, "params": {"C": 117.41353458668664, "gamma": 0.13365476483041733}, "datetime": {"datetime": "2021-10-04 10:31:24", "elapsed": 477.115331, "delta": 1.718433}}
{"target": -0.6154809080823791, "params": {"C": 292.6899405314783, "gamma": 0.16504158388525692}, "datetime": {"datetime": "2021-10-04 10:31:25", "elapsed": 478.988091, "delta": 1.87276}}
{"target": -0.41489377421837204, "params": {"C": 934.2724672714545, "gamma": 0.19117711126660425}, "datetime": {"datetime": "2021-10-04 10:31:27", "elapsed": 480.760178, "delta": 1.772087}}
{"target": -0.17253800906132621, "params": {"C": 991.1591168959907, "gamma": 0.06522181367903146}, "datetime": {"datetime": "2021-10-04 10:31:30", "elapsed": 483.151549, "delta": 2.391371}}
{"target": -0.3172001369116708, "params": {"C": 987.4637619665374, "gamma": 0.14109228857431802}, "datetime": {"datetime": "2021-10-04 10:31:32", "elapsed": 485.808206, "delta": 2.656657}}
{"target": -0.22204078875054023, "params": {"C": 926.0067999811222, "gamma": 0.01139696199141802}, "datetime": {"datetime": "2021-10-04 10:31:35", "elapsed": 488.412499, "delta": 2.604293}}
{"target": -0.21075093446151572, "params": {"C": 702.1592416446096, "gamma": 0.029306613352072446}, "datetime": {"datetime": "2021-10-04 10:31:37", "elapsed": 490.13877, "delta": 1.726271}}
{"target": -0.20627243317713062, "params": {"C": 717.3856828105982, "gamma": 0.03665148985909355}, "datetime": {"datetime": "2021-10-04 10:31:39", "elapsed": 492.664171, "delta": 2.525401}}
{"target": -0.23901807008732479, "params": {"C": 702.2071136827497, "gamma": 0.0597945798771039}, "datetime": {"datetime": "2021-10-04 10:31:44", "elapsed": 497.178673, "delta": 4.514502}}
{"target": -0.1650852859542442, "params": {"C": 991.2421560114308, "gamma": 0.060518915887524866}, "datetime": {"datetime": "2021-10-04 10:31:46", "elapsed": 499.97938, "delta": 2.800707}}
{"target": -0.3021958768343438, "params": {"C": 717.3565796066695, "gamma": 0.09477159521198408}, "datetime": {"datetime": "2021-10-04 10:31:51", "elapsed": 504.610595, "delta": 4.631215}}
{"target": -0.2526831209829128, "params": {"C": 991.1449865539857, "gamma": 0.10798043871894815}, "datetime": {"datetime": "2021-10-04 10:31:54", "elapsed": 507.35233, "delta": 2.741735}}
{"target": -0.3751836518200007, "params": {"C": 719.9848309424787, "gamma": 0.005461184945559421}, "datetime": {"datetime": "2021-10-04 10:31:59", "elapsed": 512.618078, "delta": 5.265748}}
{"target": -0.17487069674737699, "params": {"C": 924.1966483665889, "gamma": 0.0571417181645606}, "datetime": {"datetime": "2021-10-04 10:32:02", "elapsed": 515.176026, "delta": 2.557948}}
{"target": -0.3134514507120503, "params": {"C": 884.5256421866882, "gamma": 0.12517356838991905}, "datetime": {"datetime": "2021-10-04 10:32:03", "elapsed": 516.837118, "delta": 1.661092}}
{"target": -0.29428959966948054, "params": {"C": 702.1386174629517, "gamma": 0.08845274867810446}, "datetime": {"datetime": "2021-10-04 10:32:08", "elapsed": 521.699974, "delta": 4.862856}}
{"target": -0.14271617749353882, "params": {"C": 991.0664082472143, "gamma": 0.040918624369866756}, "datetime": {"datetime": "2021-10-04 10:32:12", "elapsed": 525.168274, "delta": 3.4683}}
{"target": -0.7697217578325355, "params": {"C": 28.32472329130716, "gamma": 0.04604531082295342}, "datetime": {"datetime": "2021-10-04 10:32:13", "elapsed": 526.930561, "delta": 1.762287}}
{"target": -0.5388395495636722, "params": {"C": 717.4275842944185, "gamma": 0.0021281857292867012}, "datetime": {"datetime": "2021-10-04 10:32:17", "elapsed": 531.042312, "delta": 4.111751}}
{"target": -0.17269648015889927, "params": {"C": 925.8031743999317, "gamma": 0.019713792777925496}, "datetime": {"datetime": "2021-10-04 10:32:20", "elapsed": 533.448686, "delta": 2.406374}}
{"target": -0.14168357012275812, "params": {"C": 991.285250744333, "gamma": 0.03033421867833238}, "datetime": {"datetime": "2021-10-04 10:32:22", "elapsed": 536.05726, "delta": 2.608574}}
{"target": -0.6872698989325803, "params": {"C": 130.99819927992715, "gamma": 0.12457943631534316}, "datetime": {"datetime": "2021-10-04 10:32:24", "elapsed": 537.908739, "delta": 1.851479}}
{"target": -0.15451654115229396, "params": {"C": 991.1802109243436, "gamma": 0.02154439407429216}, "datetime": {"datetime": "2021-10-04 10:32:27", "elapsed": 540.987766, "delta": 3.079027}}
{"target": -0.29098917389601553, "params": {"C": 991.8784514100662, "gamma": 0.12775949384303675}, "datetime": {"datetime": "2021-10-04 10:32:30", "elapsed": 543.90989, "delta": 2.922124}}
{"target": -0.1595503220986414, "params": {"C": 991.2361523025037, "gamma": 0.019828478562050635}, "datetime": {"datetime": "2021-10-04 10:32:33", "elapsed": 547.032368, "delta": 3.122478}}
{"target": -0.17851674282728514, "params": {"C": 925.9252888429418, "gamma": 0.01812203762419794}, "datetime": {"datetime": "2021-10-04 10:32:38", "elapsed": 551.13705, "delta": 4.104682}}
{"target": -0.2073709942529085, "params": {"C": 718.7044598228555, "gamma": 0.039263937167429076}, "datetime": {"datetime": "2021-10-04 10:32:41", "elapsed": 554.617183, "delta": 3.480133}}
{"target": -0.22767789031565555, "params": {"C": 991.29277843399, "gamma": 0.09524753258472388}, "datetime": {"datetime": "2021-10-04 10:32:45", "elapsed": 558.121615, "delta": 3.504432}}
{"target": -0.2047652403336695, "params": {"C": 906.4219569669449, "gamma": 0.07254008943288069}, "datetime": {"datetime": "2021-10-04 10:32:49", "elapsed": 562.120117, "delta": 3.998502}}
{"target": -0.16283080758248714, "params": {"C": 991.3489524477186, "gamma": 0.05903260871100016}, "datetime": {"datetime": "2021-10-04 10:32:51", "elapsed": 564.487094, "delta": 2.366977}}
{"target": -0.2500886103213835, "params": {"C": 906.4461068014646, "gamma": 0.00933583117773952}, "datetime": {"datetime": "2021-10-04 10:32:54", "elapsed": 567.412468, "delta": 2.925374}}
{"target": -0.25403882929290766, "params": {"C": 991.3344965247139, "gamma": 0.007937221307740435}, "datetime": {"datetime": "2021-10-04 10:32:56", "elapsed": 569.813655, "delta": 2.401187}}
{"target": -0.24878276189324033, "params": {"C": 989.4881477617093, "gamma": 0.10579524533928762}, "datetime": {"datetime": "2021-10-04 10:32:59", "elapsed": 572.575807, "delta": 2.762152}}
{"target": -0.2005502673271209, "params": {"C": 924.1437265835416, "gamma": 0.07258753984121062}, "datetime": {"datetime": "2021-10-04 10:33:02", "elapsed": 575.952665, "delta": 3.376858}}
{"target": -0.3117243581717959, "params": {"C": 991.3376720965845, "gamma": 0.13865386469681254}, "datetime": {"datetime": "2021-10-04 10:33:06", "elapsed": 579.930982, "delta": 3.978317}}
{"target": -0.21974732457411017, "params": {"C": 926.0408998881783, "gamma": 0.08310517693322193}, "datetime": {"datetime": "2021-10-04 10:33:11", "elapsed": 584.356352, "delta": 4.42537}}
{"target": -0.3291266397797281, "params": {"C": 924.1525564824393, "gamma": 0.138926650136477}, "datetime": {"datetime": "2021-10-04 10:33:17", "elapsed": 590.240872, "delta": 5.88452}}
{"target": -0.591837523183808, "params": {"C": 264.04316647887106, "gamma": 0.13402754475771309}, "datetime": {"datetime": "2021-10-04 10:33:18", "elapsed": 591.900174, "delta": 1.659302}}
{"target": -0.18445622625299762, "params": {"C": 914.5710438373466, "gamma": 0.06189838745016895}, "datetime": {"datetime": "2021-10-04 10:33:21", "elapsed": 594.352455, "delta": 2.452281}}
{"target": -0.3086813068263592, "params": {"C": 991.9589883565515, "gamma": 0.13710631574983914}, "datetime": {"datetime": "2021-10-04 10:33:24", "elapsed": 597.942044, "delta": 3.589589}}
{"target": -0.5947442666750575, "params": {"C": 361.58671823802354, "gamma": 0.17801158304238818}, "datetime": {"datetime": "2021-10-04 10:33:26", "elapsed": 599.81301, "delta": 1.870966}}
{"target": -0.3841905172211375, "params": {"C": 926.9936497245196, "gamma": 0.1705535649580162}, "datetime": {"datetime": "2021-10-04 10:33:31", "elapsed": 605.017012, "delta": 5.204002}}
{"target": -0.15920931186783882, "params": {"C": 906.3801452042507, "gamma": 0.029790286490907304}, "datetime": {"datetime": "2021-10-04 10:33:35", "elapsed": 608.517542, "delta": 3.50053}}
{"target": -0.26639656852321014, "params": {"C": 991.2089738072824, "gamma": 0.11498277852796701}, "datetime": {"datetime": "2021-10-04 10:33:38", "elapsed": 611.74846, "delta": 3.230918}}
