{"target": -35.397080223610736, "params": {"C": 12552.11444917326, "gamma": 0.010439246935056955}, "datetime": {"datetime": "2021-09-28 19:44:29", "elapsed": 269.082171, "delta": 2.441599}}
{"target": -34.66797876284281, "params": {"C": 9188.783980583185, "gamma": 0.03079094620095499}, "datetime": {"datetime": "2021-09-28 19:44:30", "elapsed": 270.418368, "delta": 1.336197}}
{"target": -35.531043512948976, "params": {"C": 12040.377165739857, "gamma": 0.07379486008480927}, "datetime": {"datetime": "2021-09-28 19:44:31", "elapsed": 271.876987, "delta": 1.458619}}
{"target": -34.71528773336124, "params": {"C": 10366.348844936574, "gamma": 0.02086746427064556}, "datetime": {"datetime": "2021-09-28 19:44:33", "elapsed": 273.294619, "delta": 1.417632}}
{"target": -34.83096923686985, "params": {"C": 13484.325919178742, "gamma": 0.040626173711801536}, "datetime": {"datetime": "2021-09-28 19:44:35", "elapsed": 275.340231, "delta": 2.045612}}
{"target": -35.41042803415279, "params": {"C": 13136.541906578383, "gamma": 0.010200795987783846}, "datetime": {"datetime": "2021-09-28 19:44:37", "elapsed": 277.569158, "delta": 2.228927}}
{"target": -35.305357118365805, "params": {"C": 11808.192356897584, "gamma": 0.011433500186701518}, "datetime": {"datetime": "2021-09-28 19:44:38", "elapsed": 278.926162, "delta": 1.357004}}
{"target": -35.33451141238062, "params": {"C": 9843.457369102218, "gamma": 0.06975717560059594}, "datetime": {"datetime": "2021-09-28 19:44:41", "elapsed": 281.156649, "delta": 2.230487}}
{"target": -35.21762432442618, "params": {"C": 12725.037640054179, "gamma": 0.05973607475913257}, "datetime": {"datetime": "2021-09-28 19:44:42", "elapsed": 282.857296, "delta": 1.700647}}
{"target": -34.79377020743063, "params": {"C": 10385.602702307442, "gamma": 0.03981881398745069}, "datetime": {"datetime": "2021-09-28 19:44:44", "elapsed": 284.249655, "delta": 1.392359}}
{"target": -34.713314219600505, "params": {"C": 12901.108171807564, "gamma": 0.01760140425015574}, "datetime": {"datetime": "2021-09-28 19:44:45", "elapsed": 285.783604, "delta": 1.533949}}
{"target": -36.10650418269806, "params": {"C": 10672.1984063373, "gamma": 0.0051260941313629295}, "datetime": {"datetime": "2021-09-28 19:44:47", "elapsed": 287.1696, "delta": 1.385996}}
{"target": -34.75149452916495, "params": {"C": 10219.81012958896, "gamma": 0.019482411550061873}, "datetime": {"datetime": "2021-09-28 19:44:48", "elapsed": 288.493432, "delta": 1.323832}}
{"target": -35.37305808155864, "params": {"C": 11680.19776313668, "gamma": 0.06864159298422164}, "datetime": {"datetime": "2021-09-28 19:44:50", "elapsed": 290.526203, "delta": 2.032771}}
{"target": -34.74563239412877, "params": {"C": 13826.955992904888, "gamma": 0.01668307365298083}, "datetime": {"datetime": "2021-09-28 19:44:52", "elapsed": 292.27346, "delta": 1.747257}}
{"target": -35.53643230011453, "params": {"C": 9445.94368816195, "gamma": 0.07821637006777853}, "datetime": {"datetime": "2021-09-28 19:44:53", "elapsed": 293.637229, "delta": 1.363769}}
{"target": -34.63518186136928, "params": {"C": 10825.66779744979, "gamma": 0.02898022225151674}, "datetime": {"datetime": "2021-09-28 19:44:55", "elapsed": 295.089231, "delta": 1.452002}}
{"target": -34.67787286370193, "params": {"C": 12818.90410871922, "gamma": 0.03228274135662647}, "datetime": {"datetime": "2021-09-28 19:44:57", "elapsed": 297.140595, "delta": 2.051364}}
{"target": -34.791607710384206, "params": {"C": 12552.198731267403, "gamma": 0.038934343843985614}, "datetime": {"datetime": "2021-09-28 19:44:58", "elapsed": 298.800875, "delta": 1.66028}}
{"target": -35.490646644536675, "params": {"C": 12967.467573064298, "gamma": 0.07086264540870145}, "datetime": {"datetime": "2021-09-28 19:45:00", "elapsed": 300.192128, "delta": 1.391253}}
{"target": -35.451529365396325, "params": {"C": 13807.552296534643, "gamma": 0.009737236793179975}, "datetime": {"datetime": "2021-09-28 19:45:01", "elapsed": 301.601898, "delta": 1.40977}}
{"target": -35.257298504000936, "params": {"C": 13136.627297891053, "gamma": 0.06129165436898593}, "datetime": {"datetime": "2021-09-28 19:45:03", "elapsed": 303.542143, "delta": 1.940245}}
{"target": -35.06138393774864, "params": {"C": 13592.651401599653, "gamma": 0.051517132847281245}, "datetime": {"datetime": "2021-09-28 19:45:04", "elapsed": 304.927577, "delta": 1.385434}}
{"target": -34.98538382311301, "params": {"C": 13636.896802005362, "gamma": 0.04797869935670142}, "datetime": {"datetime": "2021-09-28 19:45:06", "elapsed": 306.261153, "delta": 1.333576}}
{"target": -34.78447063180627, "params": {"C": 9049.71053834547, "gamma": 0.03984680428774258}, "datetime": {"datetime": "2021-09-28 19:45:07", "elapsed": 307.704679, "delta": 1.443526}}
{"target": -34.748198841815494, "params": {"C": 10087.721197223445, "gamma": 0.03735103776572256}, "datetime": {"datetime": "2021-09-28 19:45:09", "elapsed": 309.157679, "delta": 1.453}}
{"target": -35.34828575045649, "params": {"C": 12370.578851853144, "gamma": 0.06641226334496057}, "datetime": {"datetime": "2021-09-28 19:45:11", "elapsed": 311.592214, "delta": 2.434535}}
{"target": -34.58073067836616, "params": {"C": 13667.363462092406, "gamma": 0.022882393138167315}, "datetime": {"datetime": "2021-09-28 19:45:13", "elapsed": 312.977897, "delta": 1.385683}}
{"target": -35.1149227084931, "params": {"C": 10188.521731267007, "gamma": 0.05691417582728951}, "datetime": {"datetime": "2021-09-28 19:45:14", "elapsed": 314.433894, "delta": 1.455997}}
{"target": -34.664139880814794, "params": {"C": 12461.17102712537, "gamma": 0.019536596842821382}, "datetime": {"datetime": "2021-09-28 19:45:15", "elapsed": 315.905094, "delta": 1.4712}}
{"target": -35.16731177699718, "params": {"C": 11593.833040930169, "gamma": 0.05831163991091636}, "datetime": {"datetime": "2021-09-28 19:45:17", "elapsed": 317.739193, "delta": 1.834099}}
{"target": -34.82709663330936, "params": {"C": 13496.601614781619, "gamma": 0.04042698937597152}, "datetime": {"datetime": "2021-09-28 19:45:20", "elapsed": 320.614916, "delta": 2.875723}}
{"target": -34.643650346200275, "params": {"C": 12277.409004491315, "gamma": 0.02101649381285336}, "datetime": {"datetime": "2021-09-28 19:45:22", "elapsed": 322.076142, "delta": 1.461226}}
{"target": -34.615930623458055, "params": {"C": 11066.2051911969, "gamma": 0.02608541609767129}, "datetime": {"datetime": "2021-09-28 19:45:23", "elapsed": 323.585324, "delta": 1.509182}}
{"target": -35.00846625148052, "params": {"C": 13978.88132236358, "gamma": 0.04883802489419777}, "datetime": {"datetime": "2021-09-28 19:45:25", "elapsed": 325.006327, "delta": 1.421003}}
{"target": -34.60414761828177, "params": {"C": 12399.254534032843, "gamma": 0.023471620144570132}, "datetime": {"datetime": "2021-09-28 19:45:27", "elapsed": 327.245543, "delta": 2.239216}}
{"target": -35.60053389569957, "params": {"C": 13004.720622060402, "gamma": 0.0744614864594455}, "datetime": {"datetime": "2021-09-28 19:45:28", "elapsed": 328.672375, "delta": 1.426832}}
{"target": -35.061748097924635, "params": {"C": 9738.277657221674, "gamma": 0.05445998249614167}, "datetime": {"datetime": "2021-09-28 19:45:30", "elapsed": 330.089542, "delta": 1.417167}}
{"target": -36.30229675384262, "params": {"C": 13433.696638921356, "gamma": 0.0035411801033434906}, "datetime": {"datetime": "2021-09-28 19:45:32", "elapsed": 332.23422, "delta": 2.144678}}
{"target": -34.73572155753591, "params": {"C": 13827.018594276939, "gamma": 0.03564106341504065}, "datetime": {"datetime": "2021-09-28 19:45:34", "elapsed": 334.444008, "delta": 2.209788}}
{"target": -34.82331823596262, "params": {"C": 12818.966250633664, "gamma": 0.04048473509457909}, "datetime": {"datetime": "2021-09-28 19:45:36", "elapsed": 336.354654, "delta": 1.910646}}
{"target": -36.01993889049682, "params": {"C": 13701.050723193803, "gamma": 0.005778171113719716}, "datetime": {"datetime": "2021-09-28 19:45:38", "elapsed": 337.994873, "delta": 1.640219}}
{"target": -35.86240889002339, "params": {"C": 11999.396125611753, "gamma": 0.006959384833364109}, "datetime": {"datetime": "2021-09-28 19:45:39", "elapsed": 339.685407, "delta": 1.690534}}
{"target": -34.756226595065755, "params": {"C": 13484.373843025478, "gamma": 0.03680875861875161}, "datetime": {"datetime": "2021-09-28 19:45:41", "elapsed": 341.248405, "delta": 1.562998}}
{"target": -35.05229648838054, "params": {"C": 13433.663392373237, "gamma": 0.05120334030187999}, "datetime": {"datetime": "2021-09-28 19:45:43", "elapsed": 343.476743, "delta": 2.228338}}
{"target": -34.69402712744027, "params": {"C": 11704.939802975598, "gamma": 0.033509342392483446}, "datetime": {"datetime": "2021-09-28 19:45:45", "elapsed": 345.291902, "delta": 1.815159}}
{"target": -36.13128190396952, "params": {"C": 13826.990489241092, "gamma": 0.0050482984819235355}, "datetime": {"datetime": "2021-09-28 19:45:47", "elapsed": 347.446773, "delta": 2.154871}}
{"target": -34.63272300010811, "params": {"C": 12552.168930300142, "gamma": 0.021226379254489388}, "datetime": {"datetime": "2021-09-28 19:45:49", "elapsed": 348.999787, "delta": 1.553014}}
{"target": -35.218986552747225, "params": {"C": 11920.281032336188, "gamma": 0.012187532650190236}, "datetime": {"datetime": "2021-09-28 19:45:51", "elapsed": 351.189821, "delta": 2.190034}}
{"target": -35.20680046267067, "params": {"C": 10743.561485328772, "gamma": 0.061285839954454684}, "datetime": {"datetime": "2021-09-28 19:45:52", "elapsed": 352.709265, "delta": 1.519444}}
{"target": -34.73397952394042, "params": {"C": 9265.155945440194, "gamma": 0.036670718558186446}, "datetime": {"datetime": "2021-09-28 19:45:54", "elapsed": 354.60778, "delta": 1.898515}}
{"target": -34.66588864631973, "params": {"C": 9283.304573370362, "gamma": 0.027389161423160658}, "datetime": {"datetime": "2021-09-28 19:45:56", "elapsed": 356.50599, "delta": 1.89821}}
{"target": -34.602404534163036, "params": {"C": 13088.163469671492, "gamma": 0.026532671453877492}, "datetime": {"datetime": "2021-09-28 19:45:58", "elapsed": 358.542859, "delta": 2.036869}}
{"target": -34.79445400925876, "params": {"C": 13525.583990199604, "gamma": 0.016176525204533033}, "datetime": {"datetime": "2021-09-28 19:46:00", "elapsed": 360.087525, "delta": 1.544666}}
{"target": -34.64712496391268, "params": {"C": 11921.346831949646, "gamma": 0.030333419848021608}, "datetime": {"datetime": "2021-09-28 19:46:01", "elapsed": 361.615514, "delta": 1.527989}}
{"target": -34.770776091703155, "params": {"C": 9351.660331585368, "gamma": 0.03893641177448632}, "datetime": {"datetime": "2021-09-28 19:46:03", "elapsed": 363.144945, "delta": 1.529431}}
{"target": -34.90671593046938, "params": {"C": 12270.726597283625, "gamma": 0.04496527661721822}, "datetime": {"datetime": "2021-09-28 19:46:04", "elapsed": 364.600619, "delta": 1.455674}}
{"target": -34.927579582296744, "params": {"C": 13996.486399880561, "gamma": 0.045137874730061874}, "datetime": {"datetime": "2021-09-28 19:46:06", "elapsed": 366.197018, "delta": 1.596399}}
{"target": -34.62107989012967, "params": {"C": 10854.812971734304, "gamma": 0.02627574299974177}, "datetime": {"datetime": "2021-09-28 19:46:08", "elapsed": 368.333937, "delta": 2.136919}}
{"target": -34.917501622094385, "params": {"C": 12818.913412263719, "gamma": 0.04522649803284641}, "datetime": {"datetime": "2021-09-28 19:46:10", "elapsed": 370.702367, "delta": 2.36843}}
{"target": -34.78765037700974, "params": {"C": 11486.669228847815, "gamma": 0.0390827687285041}, "datetime": {"datetime": "2021-09-28 19:46:12", "elapsed": 372.367362, "delta": 1.664995}}
{"target": -34.975287323624286, "params": {"C": 11005.041823263331, "gamma": 0.04903846055575398}, "datetime": {"datetime": "2021-09-28 19:46:14", "elapsed": 374.482747, "delta": 2.115385}}
{"target": -35.27663478505783, "params": {"C": 12888.491787814846, "gamma": 0.011387028641679012}, "datetime": {"datetime": "2021-09-28 19:46:16", "elapsed": 376.126945, "delta": 1.644198}}
{"target": -34.70124585139122, "params": {"C": 9265.136881642607, "gamma": 0.034502969916036144}, "datetime": {"datetime": "2021-09-28 19:46:17", "elapsed": 377.75256, "delta": 1.625615}}
{"target": -34.64703803369776, "params": {"C": 13433.654512964278, "gamma": 0.01913696116564285}, "datetime": {"datetime": "2021-09-28 19:46:19", "elapsed": 379.89379, "delta": 2.14123}}
{"target": -34.60027175193493, "params": {"C": 13475.215069446469, "gamma": 0.021669865162164417}, "datetime": {"datetime": "2021-09-28 19:46:23", "elapsed": 383.155011, "delta": 3.261221}}
{"target": -34.654617644676165, "params": {"C": 12399.253590031281, "gamma": 0.020163905084064678}, "datetime": {"datetime": "2021-09-28 19:46:24", "elapsed": 384.844233, "delta": 1.689222}}
{"target": -34.78141679130123, "params": {"C": 9866.395006899093, "gamma": 0.039332240239926035}, "datetime": {"datetime": "2021-09-28 19:46:26", "elapsed": 386.471943, "delta": 1.62771}}
{"target": -34.62734062253233, "params": {"C": 13827.000904812761, "gamma": 0.02878853101391017}, "datetime": {"datetime": "2021-09-28 19:46:28", "elapsed": 388.611284, "delta": 2.139341}}
{"target": -35.0510853992327, "params": {"C": 9573.62562302356, "gamma": 0.05402230118091997}, "datetime": {"datetime": "2021-09-28 19:46:30", "elapsed": 390.242646, "delta": 1.631362}}
{"target": -35.86383702404276, "params": {"C": 10576.124009634499, "gamma": 0.0070617590762681965}, "datetime": {"datetime": "2021-09-28 19:46:32", "elapsed": 392.199605, "delta": 1.956959}}
{"target": -35.04991392284537, "params": {"C": 11056.32258636869, "gamma": 0.05278664407183307}, "datetime": {"datetime": "2021-09-28 19:46:33", "elapsed": 393.783522, "delta": 1.583917}}
{"target": -36.29165070042886, "params": {"C": 13496.622407045446, "gamma": 0.0036897667338382134}, "datetime": {"datetime": "2021-09-28 19:46:36", "elapsed": 396.444946, "delta": 2.661424}}
{"target": -35.34844000118284, "params": {"C": 11907.515377558808, "gamma": 0.06721249892319063}, "datetime": {"datetime": "2021-09-28 19:46:38", "elapsed": 398.084178, "delta": 1.639232}}
{"target": -34.78222978409969, "params": {"C": 11482.25863458465, "gamma": 0.0387915739244922}, "datetime": {"datetime": "2021-09-28 19:46:40", "elapsed": 400.310512, "delta": 2.226334}}
{"target": -35.22083130270319, "params": {"C": 12136.595833400148, "gamma": 0.06050466663156993}, "datetime": {"datetime": "2021-09-28 19:46:42", "elapsed": 401.97615, "delta": 1.665638}}
{"target": -35.24364762108638, "params": {"C": 11066.207562663736, "gamma": 0.012239897754843031}, "datetime": {"datetime": "2021-09-28 19:46:43", "elapsed": 403.911751, "delta": 1.935601}}
{"target": -34.653056442816975, "params": {"C": 12399.221692024508, "gamma": 0.03068713855347936}, "datetime": {"datetime": "2021-09-28 19:46:46", "elapsed": 406.328328, "delta": 2.416577}}
{"target": -34.654459743139164, "params": {"C": 12749.004306981325, "gamma": 0.030743121724306433}, "datetime": {"datetime": "2021-09-28 19:46:48", "elapsed": 408.323239, "delta": 1.994911}}
{"target": -35.590367640673406, "params": {"C": 10374.498941638964, "gamma": 0.07868445450986032}, "datetime": {"datetime": "2021-09-28 19:46:49", "elapsed": 409.902238, "delta": 1.578999}}
{"target": -35.42181345356945, "params": {"C": 11215.726048318877, "gamma": 0.010527713505324842}, "datetime": {"datetime": "2021-09-28 19:46:51", "elapsed": 411.56542, "delta": 1.663182}}
{"target": -34.82200053803048, "params": {"C": 11999.376976772477, "gamma": 0.04072485532882789}, "datetime": {"datetime": "2021-09-28 19:46:53", "elapsed": 413.826864, "delta": 2.261444}}
{"target": -34.73789606307386, "params": {"C": 9115.578710263175, "gamma": 0.036971077013063854}, "datetime": {"datetime": "2021-09-28 19:46:55", "elapsed": 415.572412, "delta": 1.745548}}
{"target": -34.78565419112163, "params": {"C": 13265.203873983024, "gamma": 0.03839650120185165}, "datetime": {"datetime": "2021-09-28 19:46:58", "elapsed": 418.123223, "delta": 2.550811}}
{"target": -35.56379250896391, "params": {"C": 11214.384415303906, "gamma": 0.009356704280428335}, "datetime": {"datetime": "2021-09-28 19:47:00", "elapsed": 420.83638, "delta": 2.713157}}
{"target": -34.658521155518194, "params": {"C": 9606.933063107876, "gamma": 0.030697060328825156}, "datetime": {"datetime": "2021-09-28 19:47:03", "elapsed": 423.162361, "delta": 2.325981}}
{"target": -34.74449362094094, "params": {"C": 11704.938324325136, "gamma": 0.017837853642629808}, "datetime": {"datetime": "2021-09-28 19:47:05", "elapsed": 425.273644, "delta": 2.111283}}
{"target": -34.82119696398415, "params": {"C": 12277.418682666223, "gamma": 0.04057722601464052}, "datetime": {"datetime": "2021-09-28 19:47:07", "elapsed": 427.817953, "delta": 2.544309}}
{"target": -35.518719363049875, "params": {"C": 12077.967883726005, "gamma": 0.07330350668196273}, "datetime": {"datetime": "2021-09-28 19:47:09", "elapsed": 429.540787, "delta": 1.722834}}
{"target": -34.61613666713138, "params": {"C": 11334.251811116568, "gamma": 0.027017384882546663}, "datetime": {"datetime": "2021-09-28 19:47:12", "elapsed": 432.512358, "delta": 2.971571}}
{"target": -34.796454300851934, "params": {"C": 11066.226826812068, "gamma": 0.03970929594226334}, "datetime": {"datetime": "2021-09-28 19:47:14", "elapsed": 434.883243, "delta": 2.370885}}
{"target": -34.66586394318764, "params": {"C": 10763.564846413632, "gamma": 0.031788087185341735}, "datetime": {"datetime": "2021-09-28 19:47:16", "elapsed": 436.844923, "delta": 1.96168}}
{"target": -35.44758569744131, "params": {"C": 10662.749979858272, "gamma": 0.07345470837885522}, "datetime": {"datetime": "2021-09-28 19:47:18", "elapsed": 438.676721, "delta": 1.831798}}
{"target": -34.69054332485311, "params": {"C": 9041.503885096965, "gamma": 0.02592867119581696}, "datetime": {"datetime": "2021-09-28 19:47:20", "elapsed": 440.781389, "delta": 2.104668}}
{"target": -34.82966144999972, "params": {"C": 11666.084650042874, "gamma": 0.041259415348208116}, "datetime": {"datetime": "2021-09-28 19:47:24", "elapsed": 444.467411, "delta": 3.686022}}
{"target": -35.549552297516776, "params": {"C": 10468.629950442517, "gamma": 0.07714603669957519}, "datetime": {"datetime": "2021-09-28 19:47:26", "elapsed": 446.318616, "delta": 1.851205}}
{"target": -34.824566902982845, "params": {"C": 13136.59295337768, "gamma": 0.04043125907185483}, "datetime": {"datetime": "2021-09-28 19:47:29", "elapsed": 449.151006, "delta": 2.83239}}
{"target": -34.596030846517706, "params": {"C": 12973.226301023877, "gamma": 0.02554245135628548}, "datetime": {"datetime": "2021-09-28 19:47:31", "elapsed": 451.315632, "delta": 2.164626}}
{"target": -34.66680013669482, "params": {"C": 10837.765229953213, "gamma": 0.022272402961532586}, "datetime": {"datetime": "2021-09-28 19:47:33", "elapsed": 453.249673, "delta": 1.934041}}
{"target": -34.63393512424325, "params": {"C": 12461.156068307113, "gamma": 0.029355089377051478}, "datetime": {"datetime": "2021-09-28 19:47:37", "elapsed": 457.299051, "delta": 4.049378}}
{"target": -34.86063481931922, "params": {"C": 10477.612164403927, "gamma": 0.016813769342565683}, "datetime": {"datetime": "2021-09-28 19:47:39", "elapsed": 459.263944, "delta": 1.964893}}
{"target": -34.65602674051361, "params": {"C": 9705.393497824467, "gamma": 0.026720984419486914}, "datetime": {"datetime": "2021-09-28 19:47:41", "elapsed": 461.161889, "delta": 1.897945}}
{"target": -34.61452165734064, "params": {"C": 13948.978334158848, "gamma": 0.027874746027061442}, "datetime": {"datetime": "2021-09-28 19:47:43", "elapsed": 463.688989, "delta": 2.5271}}
{"target": -34.75323464955766, "params": {"C": 10825.68685611416, "gamma": 0.018488062384393118}, "datetime": {"datetime": "2021-09-28 19:47:46", "elapsed": 466.147018, "delta": 2.458029}}
{"target": -34.94966557380884, "params": {"C": 13475.208202294723, "gamma": 0.04641392399068949}, "datetime": {"datetime": "2021-09-28 19:47:48", "elapsed": 468.723388, "delta": 2.57637}}
{"target": -34.94871701539659, "params": {"C": 12776.43633819501, "gamma": 0.046732945591134535}, "datetime": {"datetime": "2021-09-28 19:47:50", "elapsed": 470.619791, "delta": 1.896403}}
{"target": -35.066484520372384, "params": {"C": 9188.770253771014, "gamma": 0.01492512767233296}, "datetime": {"datetime": "2021-09-28 19:47:54", "elapsed": 474.161721, "delta": 3.54193}}
{"target": -34.66453229736858, "params": {"C": 9613.07036075635, "gamma": 0.026058295770440755}, "datetime": {"datetime": "2021-09-28 19:47:56", "elapsed": 476.159978, "delta": 1.998257}}
{"target": -34.60619604967584, "params": {"C": 12818.920188174914, "gamma": 0.0224603605020181}, "datetime": {"datetime": "2021-09-28 19:47:58", "elapsed": 478.813445, "delta": 2.653467}}
{"target": -35.34459145939214, "params": {"C": 10582.750534204146, "gamma": 0.06927508243396777}, "datetime": {"datetime": "2021-09-28 19:48:00", "elapsed": 480.685429, "delta": 1.871984}}
{"target": -35.40927025307089, "params": {"C": 9836.250709499313, "gamma": 0.01105054088870389}, "datetime": {"datetime": "2021-09-28 19:48:02", "elapsed": 482.49774, "delta": 1.812311}}
{"target": -34.6263524620542, "params": {"C": 11921.363818498094, "gamma": 0.022862460850830747}, "datetime": {"datetime": "2021-09-28 19:48:05", "elapsed": 485.420559, "delta": 2.922819}}
{"target": -35.3954926954913, "params": {"C": 11020.244499688624, "gamma": 0.0707975719903404}, "datetime": {"datetime": "2021-09-28 19:48:07", "elapsed": 487.24047, "delta": 1.819911}}
{"target": -34.83707873191934, "params": {"C": 11334.25231775129, "gamma": 0.04178957917539872}, "datetime": {"datetime": "2021-09-28 19:48:10", "elapsed": 490.528854, "delta": 3.288384}}
{"target": -35.6274683924198, "params": {"C": 12167.360246957103, "gamma": 0.00867287960507428}, "datetime": {"datetime": "2021-09-28 19:48:12", "elapsed": 492.391105, "delta": 1.862251}}
{"target": -34.59461995821693, "params": {"C": 13629.61453522863, "gamma": 0.02589987202090021}, "datetime": {"datetime": "2021-09-28 19:48:14", "elapsed": 494.316783, "delta": 1.925678}}
