{"target": -40.82451674213844, "params": {"C": 4292.055716214675, "gamma": 0.026169402623011293}, "datetime": {"datetime": "2021-09-29 17:27:12", "elapsed": 175.465661, "delta": 1.804998}}
{"target": -42.46746224699313, "params": {"C": 1205.5115095855565, "gamma": 0.009988809442342697}, "datetime": {"datetime": "2021-09-29 17:27:14", "elapsed": 177.377302, "delta": 1.911641}}
{"target": -43.82210287779984, "params": {"C": 1881.8104816869452, "gamma": 0.1901436337541179}, "datetime": {"datetime": "2021-09-29 17:27:16", "elapsed": 178.884707, "delta": 1.507405}}
{"target": -41.42109395313032, "params": {"C": 2395.1470119601745, "gamma": 0.06773102225278599}, "datetime": {"datetime": "2021-09-29 17:27:17", "elapsed": 180.322136, "delta": 1.437429}}
{"target": -40.83339716270334, "params": {"C": 4291.639162629068, "gamma": 0.029851274147650663}, "datetime": {"datetime": "2021-09-29 17:27:19", "elapsed": 181.957906, "delta": 1.63577}}
{"target": -42.589568140690695, "params": {"C": 3457.270234486751, "gamma": 0.09355039485129181}, "datetime": {"datetime": "2021-09-29 17:27:21", "elapsed": 184.200421, "delta": 2.242515}}
{"target": -42.94338381247601, "params": {"C": 2658.667958726265, "gamma": 0.12050393615963986}, "datetime": {"datetime": "2021-09-29 17:27:22", "elapsed": 185.491424, "delta": 1.291003}}
{"target": -43.765299319166616, "params": {"C": 4291.526022466187, "gamma": 0.11800735850928194}, "datetime": {"datetime": "2021-09-29 17:27:24", "elapsed": 186.921813, "delta": 1.430389}}
{"target": -41.455571618735824, "params": {"C": 4515.315513443833, "gamma": 0.010306427802348547}, "datetime": {"datetime": "2021-09-29 17:27:26", "elapsed": 189.240258, "delta": 2.318445}}
{"target": -41.54038263407293, "params": {"C": 3420.542582508888, "gamma": 0.06228275193815376}, "datetime": {"datetime": "2021-09-29 17:27:27", "elapsed": 190.372196, "delta": 1.131938}}
{"target": -43.06738141132767, "params": {"C": 3246.729644195105, "gamma": 0.11319722093382237}, "datetime": {"datetime": "2021-09-29 17:27:28", "elapsed": 191.392849, "delta": 1.020653}}
{"target": -40.81910851209155, "params": {"C": 3887.3522294168247, "gamma": 0.03066209475823598}, "datetime": {"datetime": "2021-09-29 17:27:29", "elapsed": 192.426002, "delta": 1.033153}}
{"target": -41.181373700007775, "params": {"C": 3887.303898282478, "gamma": 0.04769036420684479}, "datetime": {"datetime": "2021-09-29 17:27:31", "elapsed": 193.928744, "delta": 1.502742}}
{"target": -41.861225199644366, "params": {"C": 4291.684371887621, "gamma": 0.006461986796952801}, "datetime": {"datetime": "2021-09-29 17:27:32", "elapsed": 195.185743, "delta": 1.256999}}
{"target": -41.46175783277955, "params": {"C": 3887.40839574366, "gamma": 0.056197355757813275}, "datetime": {"datetime": "2021-09-29 17:27:33", "elapsed": 196.702264, "delta": 1.516521}}
{"target": -40.804859746461645, "params": {"C": 3273.1744030258255, "gamma": 0.032299782292404974}, "datetime": {"datetime": "2021-09-29 17:27:35", "elapsed": 198.497899, "delta": 1.795635}}
{"target": -43.81762073723091, "params": {"C": 1636.0436110600815, "gamma": 0.19698702744745822}, "datetime": {"datetime": "2021-09-29 17:27:36", "elapsed": 199.638905, "delta": 1.141006}}
{"target": -41.205069110602054, "params": {"C": 3420.453236325108, "gamma": 0.05160112938794924}, "datetime": {"datetime": "2021-09-29 17:27:39", "elapsed": 201.746658, "delta": 2.107753}}
{"target": -45.61819431489319, "params": {"C": 4882.411376663475, "gamma": 0.18696891025399578}, "datetime": {"datetime": "2021-09-29 17:27:40", "elapsed": 203.064653, "delta": 1.317995}}
{"target": -41.670236697283876, "params": {"C": 1207.185450549778, "gamma": 0.018723309499648788}, "datetime": {"datetime": "2021-09-29 17:27:42", "elapsed": 205.529403, "delta": 2.46475}}
{"target": -41.7563905505231, "params": {"C": 4291.791962344498, "gamma": 0.007356629829234845}, "datetime": {"datetime": "2021-09-29 17:27:45", "elapsed": 208.097341, "delta": 2.567938}}
{"target": -40.85155104189113, "params": {"C": 3420.3542402530366, "gamma": 0.036388196884607524}, "datetime": {"datetime": "2021-09-29 17:27:47", "elapsed": 210.339205, "delta": 2.241864}}
{"target": -44.21956668913188, "params": {"C": 4262.989136829791, "gamma": 0.13525879243344122}, "datetime": {"datetime": "2021-09-29 17:27:49", "elapsed": 211.800948, "delta": 1.461743}}
{"target": -43.27653966970733, "params": {"C": 3887.2317602220537, "gamma": 0.10881434732137461}, "datetime": {"datetime": "2021-09-29 17:27:50", "elapsed": 213.608479, "delta": 1.807531}}
{"target": -41.33431342746526, "params": {"C": 2885.724343497851, "gamma": 0.013989835044162643}, "datetime": {"datetime": "2021-09-29 17:27:52", "elapsed": 215.54653, "delta": 1.938051}}
{"target": -40.947592398983105, "params": {"C": 3420.264669493537, "gamma": 0.04169812066429521}, "datetime": {"datetime": "2021-09-29 17:27:54", "elapsed": 217.701233, "delta": 2.154703}}
{"target": -41.14602328678468, "params": {"C": 1205.9133104275838, "gamma": 0.034091094062799907}, "datetime": {"datetime": "2021-09-29 17:27:57", "elapsed": 220.21335, "delta": 2.512117}}
{"target": -42.840933382769144, "params": {"C": 1415.6177770992772, "gamma": 0.006490812435535245}, "datetime": {"datetime": "2021-09-29 17:27:59", "elapsed": 222.619058, "delta": 2.405708}}
{"target": -43.31152181078583, "params": {"C": 1205.442750325279, "gamma": 0.16865931787953373}, "datetime": {"datetime": "2021-09-29 17:28:02", "elapsed": 225.377947, "delta": 2.758889}}
{"target": -42.9672693762134, "params": {"C": 4292.067477362021, "gamma": 0.09339912407863185}, "datetime": {"datetime": "2021-09-29 17:28:06", "elapsed": 229.145934, "delta": 3.767987}}
{"target": -41.10917655875172, "params": {"C": 2294.9557237063063, "gamma": 0.05588897181833295}, "datetime": {"datetime": "2021-09-29 17:28:07", "elapsed": 230.687089, "delta": 1.541155}}
{"target": -42.51140333088791, "params": {"C": 3420.2099110135655, "gamma": 0.09162378963228061}, "datetime": {"datetime": "2021-09-29 17:28:10", "elapsed": 233.318919, "delta": 2.63183}}
{"target": -42.924420142426406, "params": {"C": 2295.0151716584855, "gamma": 0.1278391158491831}, "datetime": {"datetime": "2021-09-29 17:28:14", "elapsed": 237.318836, "delta": 3.999917}}
{"target": -42.456636961388696, "params": {"C": 3420.3529768317394, "gamma": 0.08991225743560212}, "datetime": {"datetime": "2021-09-29 17:28:16", "elapsed": 239.076967, "delta": 1.758131}}
{"target": -41.54678573268952, "params": {"C": 3772.880597577824, "gamma": 0.05953153769305626}, "datetime": {"datetime": "2021-09-29 17:28:17", "elapsed": 240.553848, "delta": 1.476881}}
{"target": -42.82617377643092, "params": {"C": 2294.8531440693305, "gamma": 0.12347491858409529}, "datetime": {"datetime": "2021-09-29 17:28:19", "elapsed": 242.698787, "delta": 2.144939}}
{"target": -45.135246663763766, "params": {"C": 4330.682638008575, "gamma": 0.17792689686934982}, "datetime": {"datetime": "2021-09-29 17:28:21", "elapsed": 244.106786, "delta": 1.407999}}
{"target": -40.878206984866736, "params": {"C": 3457.7652757509354, "gamma": 0.02281637163314743}, "datetime": {"datetime": "2021-09-29 17:28:23", "elapsed": 246.222908, "delta": 2.116122}}
{"target": -42.49126202070864, "params": {"C": 3273.230418204694, "gamma": 0.09309052865140943}, "datetime": {"datetime": "2021-09-29 17:28:25", "elapsed": 247.886126, "delta": 1.663218}}
{"target": -43.5363018121851, "params": {"C": 2243.679083898549, "gamma": 0.16008845993224982}, "datetime": {"datetime": "2021-09-29 17:28:26", "elapsed": 249.1479, "delta": 1.261774}}
{"target": -45.57152192352345, "params": {"C": 4603.399698610283, "gamma": 0.1957511484330286}, "datetime": {"datetime": "2021-09-29 17:28:28", "elapsed": 250.728655, "delta": 1.580755}}
{"target": -41.85040788958459, "params": {"C": 2701.3958104553026, "gamma": 0.07968613582192172}, "datetime": {"datetime": "2021-09-29 17:28:29", "elapsed": 252.045658, "delta": 1.317003}}
{"target": -41.185272040251995, "params": {"C": 4292.134145529841, "gamma": 0.014215132207760911}, "datetime": {"datetime": "2021-09-29 17:28:31", "elapsed": 254.306932, "delta": 2.261274}}
{"target": -40.81552902734846, "params": {"C": 3033.9958738655155, "gamma": 0.027808878046409604}, "datetime": {"datetime": "2021-09-29 17:28:33", "elapsed": 256.365688, "delta": 2.058756}}
{"target": -42.65283402892271, "params": {"C": 3033.982937896719, "gamma": 0.10227658520515125}, "datetime": {"datetime": "2021-09-29 17:28:36", "elapsed": 259.127335, "delta": 2.761647}}
{"target": -42.353224496928235, "params": {"C": 2000.2958670588216, "gamma": 0.006821578874159762}, "datetime": {"datetime": "2021-09-29 17:28:37", "elapsed": 260.571335, "delta": 1.444}}
{"target": -41.56039443424624, "params": {"C": 1098.484290266807, "gamma": 0.022706642596285527}, "datetime": {"datetime": "2021-09-29 17:28:39", "elapsed": 262.068223, "delta": 1.496888}}
{"target": -44.10464968765108, "params": {"C": 2391.4163673978996, "gamma": 0.19091485034891728}, "datetime": {"datetime": "2021-09-29 17:28:40", "elapsed": 263.382002, "delta": 1.313779}}
{"target": -41.966940424538, "params": {"C": 1207.5279300057437, "gamma": 0.09810014833964006}, "datetime": {"datetime": "2021-09-29 17:28:43", "elapsed": 266.691988, "delta": 3.309986}}
{"target": -41.886358912305724, "params": {"C": 3420.393032466769, "gamma": 0.007140961508025528}, "datetime": {"datetime": "2021-09-29 17:28:46", "elapsed": 268.746129, "delta": 2.054141}}
{"target": -41.75578293892626, "params": {"C": 4291.964899798848, "gamma": 0.0073619604184606315}, "datetime": {"datetime": "2021-09-29 17:28:47", "elapsed": 270.675233, "delta": 1.929104}}
{"target": -42.800274404694015, "params": {"C": 4177.817484495292, "gamma": 0.09013263272536577}, "datetime": {"datetime": "2021-09-29 17:28:49", "elapsed": 272.374235, "delta": 1.699002}}
{"target": -43.7860683550263, "params": {"C": 1924.1104005891866, "gamma": 0.18624114538011066}, "datetime": {"datetime": "2021-09-29 17:28:52", "elapsed": 274.937289, "delta": 2.563054}}
{"target": -41.715973686379705, "params": {"C": 2047.723893625943, "gamma": 0.011791246650787401}, "datetime": {"datetime": "2021-09-29 17:28:54", "elapsed": 277.24983, "delta": 2.312541}}
{"target": -41.52462594000532, "params": {"C": 1098.5446247468587, "gamma": 0.07447104928642721}, "datetime": {"datetime": "2021-09-29 17:28:56", "elapsed": 279.174827, "delta": 1.924997}}
{"target": -42.751004052023646, "params": {"C": 4726.787116367632, "gamma": 0.08258609556213253}, "datetime": {"datetime": "2021-09-29 17:28:58", "elapsed": 281.084302, "delta": 1.909475}}
{"target": -42.52125584563389, "params": {"C": 3222.056717935593, "gamma": 0.09482278783440252}, "datetime": {"datetime": "2021-09-29 17:28:59", "elapsed": 282.5253, "delta": 1.440998}}
{"target": -41.03178692316645, "params": {"C": 2294.881624323024, "gamma": 0.021822610966095245}, "datetime": {"datetime": "2021-09-29 17:29:01", "elapsed": 284.526943, "delta": 2.001643}}
{"target": -43.93060729289829, "params": {"C": 3018.2713222354782, "gamma": 0.15645998926415283}, "datetime": {"datetime": "2021-09-29 17:29:03", "elapsed": 285.938189, "delta": 1.411246}}
{"target": -44.73464430858717, "params": {"C": 3248.156991374974, "gamma": 0.1979792624064324}, "datetime": {"datetime": "2021-09-29 17:29:04", "elapsed": 287.706933, "delta": 1.768744}}
{"target": -41.10426862715644, "params": {"C": 2953.6833442391885, "gamma": 0.01771929294834021}, "datetime": {"datetime": "2021-09-29 17:29:07", "elapsed": 290.636193, "delta": 2.92926}}
{"target": -41.63924852495579, "params": {"C": 2624.523992732529, "gamma": 0.010819653989874372}, "datetime": {"datetime": "2021-09-29 17:29:09", "elapsed": 292.65377, "delta": 2.017577}}
{"target": -45.06822497876966, "params": {"C": 3772.956318736479, "gamma": 0.19757011639241803}, "datetime": {"datetime": "2021-09-29 17:29:14", "elapsed": 296.853729, "delta": 4.199959}}
{"target": -41.419339016959356, "params": {"C": 2384.2303993406003, "gamma": 0.06776506012345278}, "datetime": {"datetime": "2021-09-29 17:29:15", "elapsed": 298.178728, "delta": 1.324999}}
{"target": -41.95338172182901, "params": {"C": 3457.453556581449, "gamma": 0.006579169364004751}, "datetime": {"datetime": "2021-09-29 17:29:17", "elapsed": 300.177212, "delta": 1.998484}}
{"target": -43.737555435600434, "params": {"C": 2384.2839140585556, "gamma": 0.16717427013396022}, "datetime": {"datetime": "2021-09-29 17:29:19", "elapsed": 302.657957, "delta": 2.480745}}
{"target": -40.817344989918304, "params": {"C": 2624.745357622608, "gamma": 0.02987537070429588}, "datetime": {"datetime": "2021-09-29 17:29:22", "elapsed": 305.326111, "delta": 2.668154}}
{"target": -43.02324215676904, "params": {"C": 1415.385938018324, "gamma": 0.15067056679311638}, "datetime": {"datetime": "2021-09-29 17:29:24", "elapsed": 307.145306, "delta": 1.819195}}
{"target": -43.43293022619151, "params": {"C": 3887.358820851063, "gamma": 0.1140542790902475}, "datetime": {"datetime": "2021-09-29 17:29:26", "elapsed": 309.394758, "delta": 2.249452}}
{"target": -41.853493057194065, "params": {"C": 2295.0439608469883, "gamma": 0.009590196772975066}, "datetime": {"datetime": "2021-09-29 17:29:28", "elapsed": 311.341834, "delta": 1.947076}}
{"target": -41.63185146851961, "params": {"C": 1098.3923692359667, "gamma": 0.08016854521601348}, "datetime": {"datetime": "2021-09-29 17:29:30", "elapsed": 313.706188, "delta": 2.364354}}
{"target": -43.19962173289004, "params": {"C": 2624.735184328437, "gamma": 0.1322961682082192}, "datetime": {"datetime": "2021-09-29 17:29:33", "elapsed": 315.863988, "delta": 2.1578}}
{"target": -41.795998656574284, "params": {"C": 2395.1884465314656, "gamma": 0.009836569561303979}, "datetime": {"datetime": "2021-09-29 17:29:36", "elapsed": 319.621683, "delta": 3.757695}}
{"target": -43.35961902257115, "params": {"C": 3338.5027307248447, "gamma": 0.12228022877425096}, "datetime": {"datetime": "2021-09-29 17:29:38", "elapsed": 321.055684, "delta": 1.434001}}
{"target": -40.96605918898369, "params": {"C": 1500.9123284372224, "gamma": 0.036913308397114195}, "datetime": {"datetime": "2021-09-29 17:29:40", "elapsed": 322.953687, "delta": 1.898003}}
{"target": -40.82839985067179, "params": {"C": 4393.967206714475, "gamma": 0.025709748861970975}, "datetime": {"datetime": "2021-09-29 17:29:41", "elapsed": 324.365134, "delta": 1.411447}}
{"target": -42.07517821793618, "params": {"C": 4394.0829836064995, "gamma": 0.0048609790498705605}, "datetime": {"datetime": "2021-09-29 17:29:43", "elapsed": 326.594697, "delta": 2.229563}}
{"target": -41.594011938936426, "params": {"C": 2395.1094050224756, "gamma": 0.011938331251874969}, "datetime": {"datetime": "2021-09-29 17:29:45", "elapsed": 328.370672, "delta": 1.775975}}
{"target": -40.805433804751594, "params": {"C": 2624.84547845212, "gamma": 0.03282774768608579}, "datetime": {"datetime": "2021-09-29 17:29:48", "elapsed": 330.761088, "delta": 2.390416}}
{"target": -42.01454236540077, "params": {"C": 1207.5551685656958, "gamma": 0.01409981638980082}, "datetime": {"datetime": "2021-09-29 17:29:50", "elapsed": 333.141322, "delta": 2.380234}}
{"target": -41.30923458178575, "params": {"C": 3231.555316530455, "gamma": 0.013668016094689346}, "datetime": {"datetime": "2021-09-29 17:29:51", "elapsed": 334.700954, "delta": 1.559632}}
{"target": -40.94805918683718, "params": {"C": 3231.649320875162, "gamma": 0.042820627201274566}, "datetime": {"datetime": "2021-09-29 17:29:55", "elapsed": 338.065262, "delta": 3.364308}}
{"target": -41.329656806911196, "params": {"C": 3231.595370138997, "gamma": 0.05719326556344745}, "datetime": {"datetime": "2021-09-29 17:29:57", "elapsed": 340.042349, "delta": 1.977087}}
{"target": -43.74240788079028, "params": {"C": 4393.975667712512, "gamma": 0.11541671273431048}, "datetime": {"datetime": "2021-09-29 17:30:00", "elapsed": 343.498418, "delta": 3.456069}}
{"target": -42.14709903728061, "params": {"C": 2624.8330680238914, "gamma": 0.0910003935247078}, "datetime": {"datetime": "2021-09-29 17:30:02", "elapsed": 345.661021, "delta": 2.162603}}
{"target": -41.837215762885975, "params": {"C": 2953.5944178987293, "gamma": 0.008243991196949891}, "datetime": {"datetime": "2021-09-29 17:30:05", "elapsed": 347.866613, "delta": 2.205592}}
{"target": -44.28660992400281, "params": {"C": 4819.3583804412465, "gamma": 0.12613424521108751}, "datetime": {"datetime": "2021-09-29 17:30:06", "elapsed": 349.675608, "delta": 1.808995}}
{"target": -42.02672848139605, "params": {"C": 1501.9792525698526, "gamma": 0.01148404856753115}, "datetime": {"datetime": "2021-09-29 17:30:08", "elapsed": 351.456645, "delta": 1.781037}}
{"target": -41.343320694577024, "params": {"C": 2679.513001431716, "gamma": 0.014364241607240098}, "datetime": {"datetime": "2021-09-29 17:30:12", "elapsed": 355.433623, "delta": 3.976978}}
{"target": -40.81759849488716, "params": {"C": 2624.953793537, "gamma": 0.029840751529198264}, "datetime": {"datetime": "2021-09-29 17:30:15", "elapsed": 357.792472, "delta": 2.358849}}
{"target": -41.56174278253782, "params": {"C": 3456.7993943096817, "gamma": 0.010153827018219121}, "datetime": {"datetime": "2021-09-29 17:30:19", "elapsed": 362.699576, "delta": 4.907104}}
{"target": -41.368816756541285, "params": {"C": 2624.6907967840607, "gamma": 0.014146563065981319}, "datetime": {"datetime": "2021-09-29 17:30:22", "elapsed": 365.075205, "delta": 2.375629}}
{"target": -43.99030217552411, "params": {"C": 2547.1472253538677, "gamma": 0.1768411400989459}, "datetime": {"datetime": "2021-09-29 17:30:24", "elapsed": 366.734419, "delta": 1.659214}}
{"target": -41.236804042894754, "params": {"C": 1181.5922456240066, "gamma": 0.05916425811142742}, "datetime": {"datetime": "2021-09-29 17:30:25", "elapsed": 368.547041, "delta": 1.812622}}
{"target": -43.69576936879815, "params": {"C": 1873.9513075408604, "gamma": 0.18171683109816475}, "datetime": {"datetime": "2021-09-29 17:30:28", "elapsed": 370.865384, "delta": 2.318343}}
{"target": -43.52858614040568, "params": {"C": 1098.3688639964541, "gamma": 0.18156167786597913}, "datetime": {"datetime": "2021-09-29 17:30:30", "elapsed": 373.054313, "delta": 2.188929}}
{"target": -42.19308478324178, "params": {"C": 1181.6321506783515, "gamma": 0.10876534598086783}, "datetime": {"datetime": "2021-09-29 17:30:32", "elapsed": 375.073598, "delta": 2.019285}}
{"target": -42.88019142604197, "params": {"C": 1416.1252947730395, "gamma": 0.14285494492034}, "datetime": {"datetime": "2021-09-29 17:30:34", "elapsed": 377.424038, "delta": 2.35044}}
{"target": -41.45394130923984, "params": {"C": 2624.881973347201, "gamma": 0.01299465216545079}, "datetime": {"datetime": "2021-09-29 17:30:36", "elapsed": 379.229324, "delta": 1.805286}}
{"target": -41.65254007548454, "params": {"C": 1181.4995043066028, "gamma": 0.019406449866497734}, "datetime": {"datetime": "2021-09-29 17:30:39", "elapsed": 382.586513, "delta": 3.357189}}
{"target": -43.949284421807945, "params": {"C": 1955.5716074206568, "gamma": 0.19681417192694065}, "datetime": {"datetime": "2021-09-29 17:30:41", "elapsed": 384.445934, "delta": 1.859421}}
{"target": -40.905691655535584, "params": {"C": 3231.7381823437063, "gamma": 0.04069293014529213}, "datetime": {"datetime": "2021-09-29 17:30:44", "elapsed": 387.632816, "delta": 3.186882}}
{"target": -41.9365131963969, "params": {"C": 3420.2114474519535, "gamma": 0.006751595823596844}, "datetime": {"datetime": "2021-09-29 17:30:48", "elapsed": 390.76083, "delta": 3.128014}}
{"target": -42.42602180728956, "params": {"C": 2625.0162005299217, "gamma": 0.1010673037098875}, "datetime": {"datetime": "2021-09-29 17:30:50", "elapsed": 393.109524, "delta": 2.348694}}
{"target": -42.32819881400969, "params": {"C": 2293.8074099011915, "gamma": 0.10292062762919224}, "datetime": {"datetime": "2021-09-29 17:30:52", "elapsed": 394.757677, "delta": 1.648153}}
{"target": -40.90195611406525, "params": {"C": 2624.798559235658, "gamma": 0.024425251219507865}, "datetime": {"datetime": "2021-09-29 17:30:54", "elapsed": 397.110623, "delta": 2.352946}}
{"target": -42.569776220847956, "params": {"C": 3231.8659891758175, "gamma": 0.09626661044772174}, "datetime": {"datetime": "2021-09-29 17:30:56", "elapsed": 399.371205, "delta": 2.260582}}
{"target": -40.80068549876577, "params": {"C": 3238.782131298312, "gamma": 0.031202788217599343}, "datetime": {"datetime": "2021-09-29 17:30:58", "elapsed": 400.999472, "delta": 1.628267}}
{"target": -41.235383542011085, "params": {"C": 3772.7690208850295, "gamma": 0.050171075146761904}, "datetime": {"datetime": "2021-09-29 17:31:00", "elapsed": 403.700615, "delta": 2.701143}}
{"target": -41.44849092993187, "params": {"C": 3238.846488322997, "gamma": 0.0609914539415697}, "datetime": {"datetime": "2021-09-29 17:31:03", "elapsed": 406.440825, "delta": 2.74021}}
{"target": -42.45883068135174, "params": {"C": 1856.9969108593468, "gamma": 0.11577331045307555}, "datetime": {"datetime": "2021-09-29 17:31:05", "elapsed": 408.040438, "delta": 1.599613}}
{"target": -40.813059089578296, "params": {"C": 3887.768833409415, "gamma": 0.0273731201370478}, "datetime": {"datetime": "2021-09-29 17:31:06", "elapsed": 409.551031, "delta": 1.510593}}
{"target": -43.932577052432315, "params": {"C": 3231.663225745019, "gamma": 0.1498587102543691}, "datetime": {"datetime": "2021-09-29 17:31:08", "elapsed": 411.441623, "delta": 1.890592}}
{"target": -41.50994920155511, "params": {"C": 3238.6971350332274, "gamma": 0.06294418653495762}, "datetime": {"datetime": "2021-09-29 17:31:10", "elapsed": 413.681819, "delta": 2.240196}}
{"target": -45.28001315226246, "params": {"C": 4446.958131780618, "gamma": 0.18244577372084916}, "datetime": {"datetime": "2021-09-29 17:31:12", "elapsed": 415.585564, "delta": 1.903745}}
{"target": -43.971043872182655, "params": {"C": 3238.8435920011066, "gamma": 0.15154589019710044}, "datetime": {"datetime": "2021-09-29 17:31:16", "elapsed": 418.769858, "delta": 3.184294}}
