{"target": -39.90633658513937, "params": {"C": 152.67732112199917, "gamma": 0.04726407366134454}, "datetime": {"datetime": "2021-09-28 11:50:51", "elapsed": 200.299254, "delta": 1.619655}}
{"target": -41.43499074136014, "params": {"C": 152.3583067145127, "gamma": 0.0034505677926720316}, "datetime": {"datetime": "2021-09-28 11:50:53", "elapsed": 201.862662, "delta": 1.563408}}
{"target": -39.85556634235806, "params": {"C": 152.7333318782629, "gamma": 0.012059460554174312}, "datetime": {"datetime": "2021-09-28 11:50:54", "elapsed": 202.961175, "delta": 1.098513}}
{"target": -39.57915760087084, "params": {"C": 174.7867714832201, "gamma": 0.043034842807241076}, "datetime": {"datetime": "2021-09-28 11:50:55", "elapsed": 204.700994, "delta": 1.739819}}
{"target": -41.54373097221249, "params": {"C": 68.9033938843352, "gamma": 0.060868521481329686}, "datetime": {"datetime": "2021-09-28 11:50:56", "elapsed": 205.710995, "delta": 1.010001}}
{"target": -40.96014942845173, "params": {"C": 152.44773429933542, "gamma": 0.004968403548117671}, "datetime": {"datetime": "2021-09-28 11:50:58", "elapsed": 207.085072, "delta": 1.374077}}
{"target": -40.39989180893866, "params": {"C": 152.7172249966029, "gamma": 0.06974216129303877}, "datetime": {"datetime": "2021-09-28 11:50:59", "elapsed": 208.488076, "delta": 1.403004}}
{"target": -40.35336910075538, "params": {"C": 152.4083953692297, "gamma": 0.06740739728910003}, "datetime": {"datetime": "2021-09-28 11:51:01", "elapsed": 210.006705, "delta": 1.518629}}
{"target": -40.66775751936508, "params": {"C": 90.20728793748006, "gamma": 0.0287597822023495}, "datetime": {"datetime": "2021-09-28 11:51:02", "elapsed": 211.071411, "delta": 1.064706}}
{"target": -39.55829650936981, "params": {"C": 152.77832723935524, "gamma": 0.01788052064338638}, "datetime": {"datetime": "2021-09-28 11:51:04", "elapsed": 212.862523, "delta": 1.791112}}
{"target": -39.63280733920344, "params": {"C": 152.84274288593895, "gamma": 0.03363918559620427}, "datetime": {"datetime": "2021-09-28 11:51:06", "elapsed": 214.838253, "delta": 1.97573}}
{"target": -39.63005865388755, "params": {"C": 152.8842497146782, "gamma": 0.03350497330726922}, "datetime": {"datetime": "2021-09-28 11:51:08", "elapsed": 217.200951, "delta": 2.362698}}
{"target": -39.72152705519606, "params": {"C": 152.80584320543718, "gamma": 0.03850715889079582}, "datetime": {"datetime": "2021-09-28 11:51:10", "elapsed": 218.971891, "delta": 1.77094}}
{"target": -41.16514223500907, "params": {"C": 152.72382104457094, "gamma": 0.11038831510910962}, "datetime": {"datetime": "2021-09-28 11:51:11", "elapsed": 220.103091, "delta": 1.1312}}
{"target": -40.68843024879417, "params": {"C": 152.82396183236435, "gamma": 0.00606666064447455}, "datetime": {"datetime": "2021-09-28 11:51:13", "elapsed": 222.00735, "delta": 1.904259}}
{"target": -41.69402201427418, "params": {"C": 93.12646057157846, "gamma": 0.09982480695830934}, "datetime": {"datetime": "2021-09-28 11:51:14", "elapsed": 223.217116, "delta": 1.209766}}
{"target": -40.19352663066496, "params": {"C": 152.8705587206609, "gamma": 0.060426056012498515}, "datetime": {"datetime": "2021-09-28 11:51:16", "elapsed": 225.101885, "delta": 1.884769}}
{"target": -40.033058166010214, "params": {"C": 152.77075998736615, "gamma": 0.05312540686180056}, "datetime": {"datetime": "2021-09-28 11:51:18", "elapsed": 226.942261, "delta": 1.840376}}
{"target": -39.854239188766485, "params": {"C": 152.91629273992058, "gamma": 0.0120401997093308}, "datetime": {"datetime": "2021-09-28 11:51:19", "elapsed": 228.655261, "delta": 1.713}}
{"target": -40.13578982228124, "params": {"C": 152.52376795389438, "gamma": 0.057695869579890355}, "datetime": {"datetime": "2021-09-28 11:51:21", "elapsed": 230.573016, "delta": 1.917755}}
{"target": -40.74058546993972, "params": {"C": 148.6322659098701, "gamma": 0.08433733226898414}, "datetime": {"datetime": "2021-09-28 11:51:23", "elapsed": 231.943779, "delta": 1.370763}}
{"target": -40.420727493237955, "params": {"C": 152.94852161173756, "gamma": 0.07084889189840658}, "datetime": {"datetime": "2021-09-28 11:51:24", "elapsed": 233.706778, "delta": 1.762999}}
{"target": -39.597410324548335, "params": {"C": 152.66266212679523, "gamma": 0.016615824605508756}, "datetime": {"datetime": "2021-09-28 11:51:26", "elapsed": 235.083523, "delta": 1.376745}}
{"target": -41.040888661315776, "params": {"C": 158.35586447538049, "gamma": 0.10627845331866291}, "datetime": {"datetime": "2021-09-28 11:51:27", "elapsed": 236.473519, "delta": 1.389996}}
{"target": -41.07150757069527, "params": {"C": 152.55033802020978, "gamma": 0.0045672752122638376}, "datetime": {"datetime": "2021-09-28 11:51:29", "elapsed": 237.988475, "delta": 1.514956}}
{"target": -39.341469083890935, "params": {"C": 185.1087571075215, "gamma": 0.03675583217399048}, "datetime": {"datetime": "2021-09-28 11:51:30", "elapsed": 239.367245, "delta": 1.37877}}
{"target": -39.96605601001329, "params": {"C": 149.9275077697945, "gamma": 0.011310295414060978}, "datetime": {"datetime": "2021-09-28 11:51:32", "elapsed": 240.929641, "delta": 1.562396}}
{"target": -39.68869532254772, "params": {"C": 167.87699213709402, "gamma": 0.044866576958732515}, "datetime": {"datetime": "2021-09-28 11:51:33", "elapsed": 242.390641, "delta": 1.461}}
{"target": -39.194348841153875, "params": {"C": 195.46041811016198, "gamma": 0.03428878194069485}, "datetime": {"datetime": "2021-09-28 11:51:35", "elapsed": 244.577647, "delta": 2.187006}}
{"target": -41.3505294987774, "params": {"C": 179.9899100688348, "gamma": 0.003}, "datetime": {"datetime": "2021-09-28 11:51:37", "elapsed": 246.137884, "delta": 1.560237}}
{"target": -39.415060634924174, "params": {"C": 185.49956254862423, "gamma": 0.04040669666216878}, "datetime": {"datetime": "2021-09-28 11:51:39", "elapsed": 248.144704, "delta": 2.00682}}
{"target": -39.41691145932838, "params": {"C": 174.88297462335115, "gamma": 0.03522728420838802}, "datetime": {"datetime": "2021-09-28 11:51:41", "elapsed": 249.852025, "delta": 1.707321}}
{"target": -40.74721878402636, "params": {"C": 152.9721040133394, "gamma": 0.005794917262048312}, "datetime": {"datetime": "2021-09-28 11:51:42", "elapsed": 251.340149, "delta": 1.488124}}
{"target": -40.521044397465815, "params": {"C": 99.93193234905166, "gamma": 0.034942119993883136}, "datetime": {"datetime": "2021-09-28 11:51:44", "elapsed": 253.313938, "delta": 1.973789}}
{"target": -39.88832755255841, "params": {"C": 130.17654783330414, "gamma": 0.0291469136784146}, "datetime": {"datetime": "2021-09-28 11:51:46", "elapsed": 255.203777, "delta": 1.889839}}
{"target": -39.97364726681031, "params": {"C": 199.77612417851944, "gamma": 0.006625307716545438}, "datetime": {"datetime": "2021-09-28 11:51:47", "elapsed": 256.231777, "delta": 1.028}}
{"target": -40.84481377831033, "params": {"C": 130.16408768134065, "gamma": 0.07783459658215475}, "datetime": {"datetime": "2021-09-28 11:51:48", "elapsed": 257.575656, "delta": 1.343879}}
{"target": -39.60336899863467, "params": {"C": 199.8170834175585, "gamma": 0.05451231906519634}, "datetime": {"datetime": "2021-09-28 11:51:50", "elapsed": 259.181843, "delta": 1.606187}}
{"target": -40.033674775622735, "params": {"C": 199.76740784385643, "gamma": 0.07433217539385781}, "datetime": {"datetime": "2021-09-28 11:51:52", "elapsed": 261.00692, "delta": 1.825077}}
{"target": -39.031975143342066, "params": {"C": 199.82062159569358, "gamma": 0.021460215243252527}, "datetime": {"datetime": "2021-09-28 11:51:53", "elapsed": 262.745915, "delta": 1.738995}}
{"target": -39.180740135113034, "params": {"C": 199.8442201896191, "gamma": 0.035777471406751915}, "datetime": {"datetime": "2021-09-28 11:51:55", "elapsed": 264.66094, "delta": 1.915025}}
{"target": -39.0869371261313, "params": {"C": 199.88099524137462, "gamma": 0.02979431514347764}, "datetime": {"datetime": "2021-09-28 11:51:57", "elapsed": 266.464372, "delta": 1.803432}}
{"target": -39.68917948530759, "params": {"C": 199.9099444551162, "gamma": 0.05831991248863792}, "datetime": {"datetime": "2021-09-28 11:51:59", "elapsed": 268.436347, "delta": 1.971975}}
{"target": -39.53767825539671, "params": {"C": 199.86290579235686, "gamma": 0.0516839928273548}, "datetime": {"datetime": "2021-09-28 11:52:01", "elapsed": 270.089605, "delta": 1.653258}}
{"target": -39.13129014336286, "params": {"C": 199.90102196137389, "gamma": 0.03305025564362544}, "datetime": {"datetime": "2021-09-28 11:52:03", "elapsed": 272.097272, "delta": 2.007667}}
{"target": -40.9631186390162, "params": {"C": 199.84810782872395, "gamma": 0.0034755196092250517}, "datetime": {"datetime": "2021-09-28 11:52:05", "elapsed": 273.916187, "delta": 1.818915}}
{"target": -39.490917621243774, "params": {"C": 199.91105861531923, "gamma": 0.00926885950448069}, "datetime": {"datetime": "2021-09-28 11:52:07", "elapsed": 275.962389, "delta": 2.046202}}
{"target": -39.09727348082719, "params": {"C": 199.9411897988674, "gamma": 0.030648589247055633}, "datetime": {"datetime": "2021-09-28 11:52:09", "elapsed": 278.010732, "delta": 2.048343}}
{"target": -39.86937485791104, "params": {"C": 199.97312367963175, "gamma": 0.06657468154910605}, "datetime": {"datetime": "2021-09-28 11:52:10", "elapsed": 279.566255, "delta": 1.555523}}
{"target": -39.102035720868386, "params": {"C": 199.79482410636538, "gamma": 0.030911467584085067}, "datetime": {"datetime": "2021-09-28 11:52:12", "elapsed": 281.575902, "delta": 2.009647}}
{"target": -39.87074999392941, "params": {"C": 134.93430695401196, "gamma": 0.017442173570376442}, "datetime": {"datetime": "2021-09-28 11:52:14", "elapsed": 282.970904, "delta": 1.395002}}
{"target": -39.05930497790047, "params": {"C": 199.96251314386316, "gamma": 0.017580857597491867}, "datetime": {"datetime": "2021-09-28 11:52:15", "elapsed": 284.352011, "delta": 1.381107}}
{"target": -39.788136881484384, "params": {"C": 199.94115935997647, "gamma": 0.007482532147893063}, "datetime": {"datetime": "2021-09-28 11:52:17", "elapsed": 286.410308, "delta": 2.058297}}
{"target": -39.24072231761746, "params": {"C": 199.97195323153474, "gamma": 0.038854562651710195}, "datetime": {"datetime": "2021-09-28 11:52:20", "elapsed": 288.777178, "delta": 2.36687}}
{"target": -39.55970961909043, "params": {"C": 199.94330194863764, "gamma": 0.052665498362742307}, "datetime": {"datetime": "2021-09-28 11:52:22", "elapsed": 290.933877, "delta": 2.156699}}
{"target": -39.22283579719516, "params": {"C": 199.99529266509322, "gamma": 0.012155192371463487}, "datetime": {"datetime": "2021-09-28 11:52:23", "elapsed": 292.396122, "delta": 1.462245}}
{"target": -40.24154310486343, "params": {"C": 130.23296165224156, "gamma": 0.011904446108210752}, "datetime": {"datetime": "2021-09-28 11:52:25", "elapsed": 294.442509, "delta": 2.046387}}
{"target": -40.19482200315861, "params": {"C": 134.89366770829375, "gamma": 0.05000915855644872}, "datetime": {"datetime": "2021-09-28 11:52:27", "elapsed": 296.624439, "delta": 2.18193}}
{"target": -41.237130240449034, "params": {"C": 134.97146381345613, "gamma": 0.10323725553129573}, "datetime": {"datetime": "2021-09-28 11:52:30", "elapsed": 298.902947, "delta": 2.278508}}
{"target": -40.119110777833484, "params": {"C": 130.11959657360893, "gamma": 0.013727906942219148}, "datetime": {"datetime": "2021-09-28 11:52:31", "elapsed": 300.600407, "delta": 1.69746}}
{"target": -39.3752186837906, "params": {"C": 199.69932190059342, "gamma": 0.044642942789964286}, "datetime": {"datetime": "2021-09-28 11:52:33", "elapsed": 302.308114, "delta": 1.707707}}
{"target": -39.25600917486906, "params": {"C": 199.69034098426883, "gamma": 0.011661557224325523}, "datetime": {"datetime": "2021-09-28 11:52:35", "elapsed": 303.986297, "delta": 1.678183}}
{"target": -39.036784317644425, "params": {"C": 199.71633485944224, "gamma": 0.020198590710432108}, "datetime": {"datetime": "2021-09-28 11:52:37", "elapsed": 305.796507, "delta": 1.81021}}
{"target": -39.222697274439575, "params": {"C": 199.6397135861245, "gamma": 0.037865889803338174}, "datetime": {"datetime": "2021-09-28 11:52:39", "elapsed": 307.907252, "delta": 2.110745}}
{"target": -39.32085146776822, "params": {"C": 199.6704059384494, "gamma": 0.04227557140956408}, "datetime": {"datetime": "2021-09-28 11:52:40", "elapsed": 309.498876, "delta": 1.591624}}
{"target": -39.98966208345377, "params": {"C": 199.63721802612986, "gamma": 0.07225685924713372}, "datetime": {"datetime": "2021-09-28 11:52:42", "elapsed": 311.660078, "delta": 2.161202}}
{"target": -39.087929712169284, "params": {"C": 199.6486998929334, "gamma": 0.016143601683025987}, "datetime": {"datetime": "2021-09-28 11:52:44", "elapsed": 313.67691, "delta": 2.016832}}
{"target": -39.32462187190828, "params": {"C": 199.61655641032735, "gamma": 0.010798516355099735}, "datetime": {"datetime": "2021-09-28 11:52:46", "elapsed": 315.572608, "delta": 1.895698}}
{"target": -41.286566555116664, "params": {"C": 153.22143327111965, "gamma": 0.11864012126700084}, "datetime": {"datetime": "2021-09-28 11:52:48", "elapsed": 317.069786, "delta": 1.497178}}
{"target": -39.151022261407206, "params": {"C": 199.75189401349533, "gamma": 0.03411088543869925}, "datetime": {"datetime": "2021-09-28 11:52:50", "elapsed": 319.132295, "delta": 2.062509}}
{"target": -39.34255991889331, "params": {"C": 199.7338859660158, "gamma": 0.04324514845073007}, "datetime": {"datetime": "2021-09-28 11:52:52", "elapsed": 321.050674, "delta": 1.918379}}
{"target": -41.70615101690932, "params": {"C": 76.98306676122397, "gamma": 0.082865881391824}, "datetime": {"datetime": "2021-09-28 11:52:53", "elapsed": 322.515733, "delta": 1.465059}}
{"target": -40.84779507757265, "params": {"C": 199.54435850236132, "gamma": 0.0037593364263413596}, "datetime": {"datetime": "2021-09-28 11:52:56", "elapsed": 325.459435, "delta": 2.943702}}
{"target": -39.42147585774779, "params": {"C": 163.94082724458366, "gamma": 0.028032842495640243}, "datetime": {"datetime": "2021-09-28 11:52:58", "elapsed": 326.893433, "delta": 1.433998}}
{"target": -40.53002145162502, "params": {"C": 163.90660202503193, "gamma": 0.0061363811206650385}, "datetime": {"datetime": "2021-09-28 11:53:00", "elapsed": 329.013081, "delta": 2.119648}}
{"target": -39.40323166470042, "params": {"C": 164.0094033544995, "gamma": 0.026253053537366254}, "datetime": {"datetime": "2021-09-28 11:53:02", "elapsed": 331.669111, "delta": 2.65603}}
{"target": -40.32150084342799, "params": {"C": 164.01536974580938, "gamma": 0.07189340345595341}, "datetime": {"datetime": "2021-09-28 11:53:04", "elapsed": 333.586564, "delta": 1.917453}}
{"target": -39.49179975624752, "params": {"C": 199.60580228278218, "gamma": 0.04961254711595739}, "datetime": {"datetime": "2021-09-28 11:53:06", "elapsed": 335.184186, "delta": 1.597622}}
{"target": -39.739049355759704, "params": {"C": 163.98330829733072, "gamma": 0.045351963449511035}, "datetime": {"datetime": "2021-09-28 11:53:08", "elapsed": 336.996392, "delta": 1.812206}}
{"target": -40.41111044633799, "params": {"C": 164.07737859812062, "gamma": 0.006679227097030383}, "datetime": {"datetime": "2021-09-28 11:53:11", "elapsed": 340.200656, "delta": 3.204264}}
{"target": -40.59152908565591, "params": {"C": 163.9419215952471, "gamma": 0.0849760607249156}, "datetime": {"datetime": "2021-09-28 11:53:12", "elapsed": 341.7521, "delta": 1.551444}}
{"target": -40.757784612960506, "params": {"C": 199.56753522101906, "gamma": 0.11125101867649584}, "datetime": {"datetime": "2021-09-28 11:53:15", "elapsed": 344.120535, "delta": 2.368435}}
{"target": -39.362580597447995, "params": {"C": 199.7425658947512, "gamma": 0.010364533643725653}, "datetime": {"datetime": "2021-09-28 11:53:17", "elapsed": 346.578329, "delta": 2.457794}}
{"target": -39.91264315776572, "params": {"C": 129.96685686683702, "gamma": 0.019353116504776533}, "datetime": {"datetime": "2021-09-28 11:53:20", "elapsed": 349.400833, "delta": 2.822504}}
{"target": -40.88016389470228, "params": {"C": 129.97067363955472, "gamma": 0.0795175527300424}, "datetime": {"datetime": "2021-09-28 11:53:22", "elapsed": 351.583724, "delta": 2.182891}}
{"target": -41.45489090873045, "params": {"C": 163.96721413401437, "gamma": 0.0031043346516428172}, "datetime": {"datetime": "2021-09-28 11:53:25", "elapsed": 354.073471, "delta": 2.489747}}
{"target": -40.165435244937, "params": {"C": 199.69525165982645, "gamma": 0.08048417494546979}, "datetime": {"datetime": "2021-09-28 11:53:27", "elapsed": 355.819084, "delta": 1.745613}}
{"target": -39.922490866537615, "params": {"C": 129.89629398385495, "gamma": 0.018949151779132412}, "datetime": {"datetime": "2021-09-28 11:53:28", "elapsed": 357.513821, "delta": 1.694737}}
{"target": -40.23121564069614, "params": {"C": 129.83208807114784, "gamma": 0.04830761916899904}, "datetime": {"datetime": "2021-09-28 11:53:32", "elapsed": 360.991449, "delta": 3.477628}}
{"target": -41.35740271393061, "params": {"C": 140.5354431140409, "gamma": 0.11505939505721505}, "datetime": {"datetime": "2021-09-28 11:53:34", "elapsed": 362.900154, "delta": 1.908705}}
{"target": -40.931664662885595, "params": {"C": 134.99340505274435, "gamma": 0.006046009733805046}, "datetime": {"datetime": "2021-09-28 11:53:37", "elapsed": 365.824921, "delta": 2.924767}}
{"target": -40.40090175090229, "params": {"C": 102.47319903302954, "gamma": 0.027189169324428074}, "datetime": {"datetime": "2021-09-28 11:53:38", "elapsed": 367.078925, "delta": 1.254004}}
{"target": -40.91205175348112, "params": {"C": 187.46668167462113, "gamma": 0.1148584107917872}, "datetime": {"datetime": "2021-09-28 11:53:40", "elapsed": 369.234239, "delta": 2.155314}}
{"target": -40.06287399550818, "params": {"C": 130.04913597463872, "gamma": 0.014796922201805434}, "datetime": {"datetime": "2021-09-28 11:53:42", "elapsed": 371.385468, "delta": 2.151229}}
{"target": -41.252651645545875, "params": {"C": 191.14103182495018, "gamma": 0.003}, "datetime": {"datetime": "2021-09-28 11:53:45", "elapsed": 373.840963, "delta": 2.455495}}
{"target": -39.44238630075623, "params": {"C": 184.343737725971, "gamma": 0.011483710922817948}, "datetime": {"datetime": "2021-09-28 11:53:46", "elapsed": 375.644531, "delta": 1.803568}}
{"target": -39.40502618908825, "params": {"C": 184.2930627228412, "gamma": 0.03938675020262166}, "datetime": {"datetime": "2021-09-28 11:53:48", "elapsed": 377.737822, "delta": 2.093291}}
{"target": -39.77180430503729, "params": {"C": 184.31055776653275, "gamma": 0.05592640032559234}, "datetime": {"datetime": "2021-09-28 11:53:51", "elapsed": 379.835631, "delta": 2.097809}}
{"target": -40.1915853582528, "params": {"C": 184.3190738692762, "gamma": 0.006497743575013073}, "datetime": {"datetime": "2021-09-28 11:53:54", "elapsed": 382.998493, "delta": 3.162862}}
{"target": -39.44259813177581, "params": {"C": 184.38144812103977, "gamma": 0.041162547301831574}, "datetime": {"datetime": "2021-09-28 11:53:57", "elapsed": 386.150705, "delta": 3.152212}}
{"target": -39.849675100609424, "params": {"C": 184.39203333752886, "gamma": 0.008243566503481629}, "datetime": {"datetime": "2021-09-28 11:53:59", "elapsed": 388.134833, "delta": 1.984128}}
{"target": -40.364003340622446, "params": {"C": 182.75314219392865, "gamma": 0.08270085282922698}, "datetime": {"datetime": "2021-09-28 11:54:00", "elapsed": 389.464462, "delta": 1.329629}}
{"target": -40.22292013558524, "params": {"C": 184.37128875219452, "gamma": 0.07688774166548996}, "datetime": {"datetime": "2021-09-28 11:54:02", "elapsed": 391.615712, "delta": 2.15125}}
{"target": -39.573742434555406, "params": {"C": 163.1432230534778, "gamma": 0.036798249933857774}, "datetime": {"datetime": "2021-09-28 11:54:04", "elapsed": 392.923861, "delta": 1.308149}}
{"target": -40.37228200974375, "params": {"C": 163.1540778091496, "gamma": 0.0738202721512298}, "datetime": {"datetime": "2021-09-28 11:54:06", "elapsed": 395.283941, "delta": 2.36008}}
{"target": -39.397609451544604, "params": {"C": 163.179623998775, "gamma": 0.024086175352488765}, "datetime": {"datetime": "2021-09-28 11:54:08", "elapsed": 397.220876, "delta": 1.936935}}
{"target": -39.80092273798186, "params": {"C": 184.25999628241223, "gamma": 0.0572383393511512}, "datetime": {"datetime": "2021-09-28 11:54:10", "elapsed": 399.318089, "delta": 2.097213}}
{"target": -39.391525652488845, "params": {"C": 163.22926149518162, "gamma": 0.0220030311593271}, "datetime": {"datetime": "2021-09-28 11:54:12", "elapsed": 401.564743, "delta": 2.246654}}
{"target": -41.64590875624565, "params": {"C": 50.58527892775436, "gamma": 0.019897652389522926}, "datetime": {"datetime": "2021-09-28 11:54:14", "elapsed": 403.022968, "delta": 1.458225}}
{"target": -39.84116581886427, "params": {"C": 163.20947367537332, "gamma": 0.04982276980826848}, "datetime": {"datetime": "2021-09-28 11:54:16", "elapsed": 404.908766, "delta": 1.885798}}
{"target": -40.59908951399636, "params": {"C": 163.21446682109718, "gamma": 0.005874002981065709}, "datetime": {"datetime": "2021-09-28 11:54:17", "elapsed": 406.685741, "delta": 1.776975}}
{"target": -39.54021166053669, "params": {"C": 184.43717031655217, "gamma": 0.0455906037298149}, "datetime": {"datetime": "2021-09-28 11:54:21", "elapsed": 409.918336, "delta": 3.232595}}
{"target": -39.61591195409088, "params": {"C": 163.258473529532, "gamma": 0.03901132512991056}, "datetime": {"datetime": "2021-09-28 11:54:23", "elapsed": 411.832507, "delta": 1.914171}}
{"target": -39.875504596100946, "params": {"C": 163.1447670933407, "gamma": 0.010211256494951757}, "datetime": {"datetime": "2021-09-28 11:54:26", "elapsed": 415.222409, "delta": 3.389902}}
{"target": -39.94973030025216, "params": {"C": 184.41232386384124, "gamma": 0.06429166450910183}, "datetime": {"datetime": "2021-09-28 11:54:29", "elapsed": 418.073204, "delta": 2.850795}}
{"target": -39.72525211008149, "params": {"C": 184.4865268054499, "gamma": 0.053886471888914954}, "datetime": {"datetime": "2021-09-28 11:54:32", "elapsed": 420.926744, "delta": 2.85354}}
