{"target": -35.60011032715686, "params": {"C": 33094.2612695708, "gamma": 0.05277538454548206}, "datetime": {"datetime": "2021-09-29 09:00:00", "elapsed": 474.479524, "delta": 3.337436}}
{"target": -35.61235047236656, "params": {"C": 32965.67345614287, "gamma": 0.053128507810350584}, "datetime": {"datetime": "2021-09-29 09:00:02", "elapsed": 476.263716, "delta": 1.784192}}
{"target": -35.54746035096395, "params": {"C": 34242.42135086238, "gamma": 0.005095974252584382}, "datetime": {"datetime": "2021-09-29 09:00:05", "elapsed": 478.856245, "delta": 2.592529}}
{"target": -35.23446672113383, "params": {"C": 30955.204020666635, "gamma": 0.006383024196002311}, "datetime": {"datetime": "2021-09-29 09:00:07", "elapsed": 481.072748, "delta": 2.216503}}
{"target": -35.4710841422667, "params": {"C": 33291.31440761367, "gamma": 0.04979691380714594}, "datetime": {"datetime": "2021-09-29 09:00:09", "elapsed": 483.548917, "delta": 2.476169}}
{"target": -36.58736743982065, "params": {"C": 32841.33930704804, "gamma": 0.07632707821672204}, "datetime": {"datetime": "2021-09-29 09:00:12", "elapsed": 486.261681, "delta": 2.712764}}
{"target": -36.31409894969819, "params": {"C": 32798.464251943915, "gamma": 0.06951109777403977}, "datetime": {"datetime": "2021-09-29 09:00:15", "elapsed": 488.851427, "delta": 2.589746}}
{"target": -35.35643203776916, "params": {"C": 32476.583710817402, "gamma": 0.047722443454934226}, "datetime": {"datetime": "2021-09-29 09:00:17", "elapsed": 490.778662, "delta": 1.927235}}
{"target": -36.192282890165, "params": {"C": 33979.7889745343, "gamma": 0.06553246991626745}, "datetime": {"datetime": "2021-09-29 09:00:19", "elapsed": 493.569887, "delta": 2.791225}}
{"target": -36.728589945404984, "params": {"C": 33072.22662888173, "gamma": 0.08000413767774449}, "datetime": {"datetime": "2021-09-29 09:00:21", "elapsed": 495.542496, "delta": 1.972609}}
{"target": -34.9229180632841, "params": {"C": 30312.879748287367, "gamma": 0.03902216322277974}, "datetime": {"datetime": "2021-09-29 09:00:23", "elapsed": 497.686379, "delta": 2.143883}}
{"target": -36.908196326741766, "params": {"C": 30064.06110618432, "gamma": 0.08970870335795997}, "datetime": {"datetime": "2021-09-29 09:00:25", "elapsed": 499.639146, "delta": 1.952767}}
{"target": -36.94582051088197, "params": {"C": 31183.397647902482, "gamma": 0.0891524714081421}, "datetime": {"datetime": "2021-09-29 09:00:27", "elapsed": 501.576234, "delta": 1.937088}}
{"target": -34.3415430693157, "params": {"C": 34114.73412056568, "gamma": 0.018347322294732845}, "datetime": {"datetime": "2021-09-29 09:00:32", "elapsed": 506.009128, "delta": 4.432894}}
{"target": -34.38185572387161, "params": {"C": 30120.981008684324, "gamma": 0.021145275794141247}, "datetime": {"datetime": "2021-09-29 09:00:35", "elapsed": 508.901584, "delta": 2.892456}}
{"target": -34.32951332963515, "params": {"C": 34394.19617575603, "gamma": 0.011312163361688062}, "datetime": {"datetime": "2021-09-29 09:00:37", "elapsed": 511.553896, "delta": 2.652312}}
{"target": -34.38830031883043, "params": {"C": 32642.4475719223, "gamma": 0.01071955388575812}, "datetime": {"datetime": "2021-09-29 09:00:42", "elapsed": 515.758017, "delta": 4.204121}}
{"target": -36.325437884431125, "params": {"C": 32258.494713902728, "gamma": 0.07031854295706429}, "datetime": {"datetime": "2021-09-29 09:00:44", "elapsed": 517.724575, "delta": 1.966558}}
{"target": -35.80375255100096, "params": {"C": 32357.25791038465, "gamma": 0.05790628937005624}, "datetime": {"datetime": "2021-09-29 09:00:46", "elapsed": 520.589238, "delta": 2.864663}}
{"target": -34.32098039805432, "params": {"C": 34084.601418460086, "gamma": 0.01158719115082893}, "datetime": {"datetime": "2021-09-29 09:00:50", "elapsed": 523.720443, "delta": 3.131205}}
{"target": -35.64650766271661, "params": {"C": 30544.107369591547, "gamma": 0.05547454209992615}, "datetime": {"datetime": "2021-09-29 09:00:53", "elapsed": 526.966235, "delta": 3.245792}}
{"target": -34.61742343133294, "params": {"C": 33335.5424831558, "gamma": 0.008642567367534448}, "datetime": {"datetime": "2021-09-29 09:00:57", "elapsed": 531.241694, "delta": 4.275459}}
{"target": -34.39671413966568, "params": {"C": 32467.70395918557, "gamma": 0.010642361900581904}, "datetime": {"datetime": "2021-09-29 09:01:00", "elapsed": 534.203568, "delta": 2.961874}}
{"target": -36.62078478720359, "params": {"C": 31366.659584528472, "gamma": 0.07896214115651785}, "datetime": {"datetime": "2021-09-29 09:01:05", "elapsed": 539.049404, "delta": 4.845836}}
{"target": -34.82004709326766, "params": {"C": 32030.818469793943, "gamma": 0.03574875955526857}, "datetime": {"datetime": "2021-09-29 09:01:07", "elapsed": 541.160879, "delta": 2.111475}}
{"target": -35.396048139655065, "params": {"C": 34084.63251292996, "gamma": 0.047748002124278724}, "datetime": {"datetime": "2021-09-29 09:01:11", "elapsed": 545.632784, "delta": 4.471905}}
{"target": -36.677304528758505, "params": {"C": 31485.55832467252, "gamma": 0.080447398605432}, "datetime": {"datetime": "2021-09-29 09:01:14", "elapsed": 547.766705, "delta": 2.133921}}
{"target": -34.94921347850048, "params": {"C": 32378.030542499007, "gamma": 0.03872832860031595}, "datetime": {"datetime": "2021-09-29 09:01:16", "elapsed": 549.958655, "delta": 2.19195}}
{"target": -35.6258575413433, "params": {"C": 32467.723388213723, "gamma": 0.053740346300992815}, "datetime": {"datetime": "2021-09-29 09:01:19", "elapsed": 553.525809, "delta": 3.567154}}
{"target": -35.530223250658324, "params": {"C": 31821.666736375737, "gamma": 0.05196166784384927}, "datetime": {"datetime": "2021-09-29 09:01:22", "elapsed": 555.737832, "delta": 2.212023}}
{"target": -34.75241774492153, "params": {"C": 34084.57356552855, "gamma": 0.03316660863149221}, "datetime": {"datetime": "2021-09-29 09:01:25", "elapsed": 559.197705, "delta": 3.459873}}
{"target": -36.37437115673685, "params": {"C": 31534.850209539305, "gamma": 0.0722827796688035}, "datetime": {"datetime": "2021-09-29 09:01:27", "elapsed": 561.167963, "delta": 1.970258}}
{"target": -36.25172827496069, "params": {"C": 34114.76170806169, "gamma": 0.06680382988668537}, "datetime": {"datetime": "2021-09-29 09:01:31", "elapsed": 565.647229, "delta": 4.479266}}
{"target": -35.5237432965193, "params": {"C": 30070.948673370895, "gamma": 0.052909732415186435}, "datetime": {"datetime": "2021-09-29 09:01:34", "elapsed": 567.727494, "delta": 2.080265}}
{"target": -36.35541635446012, "params": {"C": 32894.35566451269, "gamma": 0.07045814040682372}, "datetime": {"datetime": "2021-09-29 09:01:36", "elapsed": 569.867269, "delta": 2.139775}}
{"target": -35.34993867618991, "params": {"C": 30955.27791368002, "gamma": 0.0059873647634019365}, "datetime": {"datetime": "2021-09-29 09:01:39", "elapsed": 573.290337, "delta": 3.423068}}
{"target": -36.401277034960984, "params": {"C": 34394.21381496517, "gamma": 0.07011289400285112}, "datetime": {"datetime": "2021-09-29 09:01:42", "elapsed": 576.07276, "delta": 2.782423}}
{"target": -34.46934534505462, "params": {"C": 33021.253398820656, "gamma": 0.02410447501036152}, "datetime": {"datetime": "2021-09-29 09:01:46", "elapsed": 580.046963, "delta": 3.974203}}
{"target": -34.746751312974496, "params": {"C": 33409.92202066788, "gamma": 0.0079053704642998}, "datetime": {"datetime": "2021-09-29 09:01:48", "elapsed": 582.145606, "delta": 2.098643}}
{"target": -34.96998274526424, "params": {"C": 30660.472556462923, "gamma": 0.03996966491428317}, "datetime": {"datetime": "2021-09-29 09:01:52", "elapsed": 585.818863, "delta": 3.673257}}
{"target": -36.72531442133954, "params": {"C": 34354.11885421443, "gamma": 0.07842599041680207}, "datetime": {"datetime": "2021-09-29 09:01:55", "elapsed": 589.478362, "delta": 3.659499}}
{"target": -35.30053183128044, "params": {"C": 33185.263645657, "gamma": 0.046142821442414744}, "datetime": {"datetime": "2021-09-29 09:01:59", "elapsed": 592.937577, "delta": 3.459215}}
{"target": -36.17026721188413, "params": {"C": 31936.857356321507, "gamma": 0.06681255115365754}, "datetime": {"datetime": "2021-09-29 09:02:01", "elapsed": 595.186341, "delta": 2.248764}}
{"target": -35.10823932475915, "params": {"C": 31259.348740887828, "gamma": 0.04289176720906977}, "datetime": {"datetime": "2021-09-29 09:02:05", "elapsed": 598.7404, "delta": 3.554059}}
{"target": -35.29843650272252, "params": {"C": 33211.347438077326, "gamma": 0.046084636653043694}, "datetime": {"datetime": "2021-09-29 09:02:08", "elapsed": 602.397711, "delta": 3.657311}}
{"target": -36.29254385240399, "params": {"C": 32693.493924442057, "gamma": 0.06907464390540782}, "datetime": {"datetime": "2021-09-29 09:02:11", "elapsed": 605.345858, "delta": 2.948147}}
{"target": -34.37935166545421, "params": {"C": 33094.34003255969, "gamma": 0.02035572704344283}, "datetime": {"datetime": "2021-09-29 09:02:14", "elapsed": 608.368963, "delta": 3.023105}}
{"target": -34.376599987618306, "params": {"C": 32693.544088272316, "gamma": 0.010865603043979002}, "datetime": {"datetime": "2021-09-29 09:02:17", "elapsed": 611.569113, "delta": 3.20015}}
{"target": -37.16640963773339, "params": {"C": 30163.61485164406, "gamma": 0.09705096120971375}, "datetime": {"datetime": "2021-09-29 09:02:20", "elapsed": 613.849983, "delta": 2.28087}}
{"target": -35.05702283011855, "params": {"C": 33003.17928124255, "gamma": 0.04091420419993662}, "datetime": {"datetime": "2021-09-29 09:02:22", "elapsed": 616.011545, "delta": 2.161562}}
{"target": -35.57724487306157, "params": {"C": 30620.82542284658, "gamma": 0.053796941524973406}, "datetime": {"datetime": "2021-09-29 09:02:24", "elapsed": 618.331364, "delta": 2.319819}}
{"target": -36.94217336710614, "params": {"C": 31625.65759737416, "gamma": 0.08840311887035894}, "datetime": {"datetime": "2021-09-29 09:02:26", "elapsed": 620.649814, "delta": 2.31845}}
{"target": -34.81570168315555, "params": {"C": 30626.021011327513, "gamma": 0.036193963100654064}, "datetime": {"datetime": "2021-09-29 09:02:30", "elapsed": 624.495786, "delta": 3.845972}}
{"target": -34.788798130638924, "params": {"C": 30097.991011734688, "gamma": 0.03567346055617726}, "datetime": {"datetime": "2021-09-29 09:02:33", "elapsed": 627.357604, "delta": 2.861818}}
{"target": -35.60997535476797, "params": {"C": 34659.79364589501, "gamma": 0.05208794392148918}, "datetime": {"datetime": "2021-09-29 09:02:37", "elapsed": 631.596043, "delta": 4.238439}}
{"target": -37.18383052897017, "params": {"C": 33622.20355927525, "gamma": 0.09206293003081197}, "datetime": {"datetime": "2021-09-29 09:02:40", "elapsed": 633.837222, "delta": 2.241179}}
{"target": -35.54107275066003, "params": {"C": 30454.157847899845, "gamma": 0.05306428156582958}, "datetime": {"datetime": "2021-09-29 09:02:43", "elapsed": 636.825756, "delta": 2.988534}}
{"target": -34.5991182768013, "params": {"C": 34659.70859641908, "gamma": 0.028528930338144635}, "datetime": {"datetime": "2021-09-29 09:02:46", "elapsed": 640.588463, "delta": 3.762707}}
{"target": -36.50420521169885, "params": {"C": 32475.284426438986, "gamma": 0.07454571959400355}, "datetime": {"datetime": "2021-09-29 09:02:51", "elapsed": 645.117637, "delta": 4.529174}}
{"target": -34.371150313008556, "params": {"C": 32357.174566029524, "gamma": 0.02011593646780664}, "datetime": {"datetime": "2021-09-29 09:02:56", "elapsed": 650.389273, "delta": 5.271636}}
{"target": -34.30140201108436, "params": {"C": 33063.10241416567, "gamma": 0.016622355188768985}, "datetime": {"datetime": "2021-09-29 09:02:58", "elapsed": 652.638173, "delta": 2.2489}}
{"target": -36.170694393679895, "params": {"C": 32357.189118896134, "gamma": 0.06644114534809142}, "datetime": {"datetime": "2021-09-29 09:03:02", "elapsed": 655.844432, "delta": 3.206259}}
{"target": -36.946939073411336, "params": {"C": 30941.129236589906, "gamma": 0.08954672632484761}, "datetime": {"datetime": "2021-09-29 09:03:04", "elapsed": 658.179633, "delta": 2.335201}}
{"target": -35.760111184574036, "params": {"C": 32242.887884424446, "gamma": 0.0570046329609949}, "datetime": {"datetime": "2021-09-29 09:03:09", "elapsed": 663.627208, "delta": 5.447575}}
{"target": -34.499435458958885, "params": {"C": 32789.483688201944, "gamma": 0.025256471436746596}, "datetime": {"datetime": "2021-09-29 09:03:13", "elapsed": 667.14887, "delta": 3.521662}}
{"target": -34.74416096350732, "params": {"C": 32778.31842100572, "gamma": 0.033444446721520645}, "datetime": {"datetime": "2021-09-29 09:03:16", "elapsed": 670.476884, "delta": 3.328014}}
{"target": -35.19729632342589, "params": {"C": 30660.546767402673, "gamma": 0.006543516869856833}, "datetime": {"datetime": "2021-09-29 09:03:19", "elapsed": 673.272866, "delta": 2.795982}}
{"target": -35.62045511688565, "params": {"C": 31143.190257780832, "gamma": 0.054461386855549306}, "datetime": {"datetime": "2021-09-29 09:03:21", "elapsed": 675.547628, "delta": 2.274762}}
{"target": -36.2973301832359, "params": {"C": 31427.837954247578, "gamma": 0.07042942727918305}, "datetime": {"datetime": "2021-09-29 09:03:24", "elapsed": 678.626448, "delta": 3.07882}}
{"target": -34.26024443380895, "params": {"C": 33063.13380726471, "gamma": 0.014352610624185313}, "datetime": {"datetime": "2021-09-29 09:03:28", "elapsed": 682.155181, "delta": 3.528733}}
{"target": -34.67628332693503, "params": {"C": 30389.980607933077, "gamma": 0.0324885697946268}, "datetime": {"datetime": "2021-09-29 09:03:32", "elapsed": 685.997462, "delta": 3.842281}}
{"target": -34.75678495729669, "params": {"C": 30435.729479995927, "gamma": 0.03466014144893746}, "datetime": {"datetime": "2021-09-29 09:03:35", "elapsed": 689.131264, "delta": 3.133802}}
{"target": -36.00793097935045, "params": {"C": 33290.0997134132, "gamma": 0.061854002477176435}, "datetime": {"datetime": "2021-09-29 09:03:37", "elapsed": 691.326125, "delta": 2.194861}}
{"target": -36.92429490226618, "params": {"C": 32396.99038657447, "gamma": 0.08674992109083361}, "datetime": {"datetime": "2021-09-29 09:03:39", "elapsed": 693.696978, "delta": 2.370853}}
{"target": -34.334977129463354, "params": {"C": 33781.819404070404, "gamma": 0.01809752297306237}, "datetime": {"datetime": "2021-09-29 09:03:43", "elapsed": 696.955432, "delta": 3.258454}}
{"target": -35.51677198762019, "params": {"C": 30224.839822083297, "gamma": 0.05264828222312785}, "datetime": {"datetime": "2021-09-29 09:03:47", "elapsed": 700.988123, "delta": 4.032691}}
{"target": -36.27417831710183, "params": {"C": 32752.521838644294, "gamma": 0.06856678498255224}, "datetime": {"datetime": "2021-09-29 09:03:50", "elapsed": 704.275511, "delta": 3.287388}}
{"target": -36.63251774964814, "params": {"C": 33542.693271203214, "gamma": 0.07676700776537267}, "datetime": {"datetime": "2021-09-29 09:03:53", "elapsed": 706.72725, "delta": 2.451739}}
{"target": -34.59124761891824, "params": {"C": 32728.960919229638, "gamma": 0.008904269905463254}, "datetime": {"datetime": "2021-09-29 09:03:55", "elapsed": 709.229395, "delta": 2.502145}}
{"target": -34.574435003348285, "params": {"C": 34318.89856109326, "gamma": 0.027676215233675732}, "datetime": {"datetime": "2021-09-29 09:03:58", "elapsed": 712.415992, "delta": 3.186597}}
{"target": -35.19622390672683, "params": {"C": 32619.55419196995, "gamma": 0.04416437924083261}, "datetime": {"datetime": "2021-09-29 09:04:01", "elapsed": 715.48647, "delta": 3.070478}}
{"target": -35.89448684207156, "params": {"C": 32778.28158538697, "gamma": 0.059633756181826744}, "datetime": {"datetime": "2021-09-29 09:04:04", "elapsed": 718.695097, "delta": 3.208627}}
{"target": -34.40330455172865, "params": {"C": 30260.41264804955, "gamma": 0.02217488250567558}, "datetime": {"datetime": "2021-09-29 09:04:07", "elapsed": 721.145099, "delta": 2.450002}}
{"target": -35.23295867688038, "params": {"C": 33358.96716559155, "gamma": 0.044604498928397275}, "datetime": {"datetime": "2021-09-29 09:04:10", "elapsed": 723.735107, "delta": 2.590008}}
{"target": -35.050854812456855, "params": {"C": 33755.9506581833, "gamma": 0.040445370544202726}, "datetime": {"datetime": "2021-09-29 09:04:14", "elapsed": 727.717478, "delta": 3.982371}}
{"target": -34.73048573367495, "params": {"C": 31234.136789223463, "gamma": 0.033640180789949896}, "datetime": {"datetime": "2021-09-29 09:04:16", "elapsed": 730.091397, "delta": 2.373919}}
{"target": -36.65373152527038, "params": {"C": 33063.1156368972, "gamma": 0.07788540236783655}, "datetime": {"datetime": "2021-09-29 09:04:20", "elapsed": 734.538531, "delta": 4.447134}}
{"target": -34.61867353488503, "params": {"C": 30627.9715890596, "gamma": 0.009025261556356239}, "datetime": {"datetime": "2021-09-29 09:04:25", "elapsed": 738.913554, "delta": 4.375023}}
{"target": -35.20561926195703, "params": {"C": 31509.81794171627, "gamma": 0.04491243183724738}, "datetime": {"datetime": "2021-09-29 09:04:27", "elapsed": 741.343738, "delta": 2.430184}}
{"target": -35.218126750585625, "params": {"C": 32752.596760948083, "gamma": 0.00626419280412601}, "datetime": {"datetime": "2021-09-29 09:04:31", "elapsed": 745.453379, "delta": 4.109641}}
{"target": -35.85433088025547, "params": {"C": 32810.38061552392, "gamma": 0.058707062312860325}, "datetime": {"datetime": "2021-09-29 09:04:35", "elapsed": 748.953152, "delta": 3.499773}}
{"target": -36.473068889166434, "params": {"C": 31851.308504364177, "gamma": 0.07442088718066546}, "datetime": {"datetime": "2021-09-29 09:04:37", "elapsed": 751.447001, "delta": 2.493849}}
{"target": -34.41536150620003, "params": {"C": 32952.44051880881, "gamma": 0.022132686882269742}, "datetime": {"datetime": "2021-09-29 09:04:45", "elapsed": 758.981073, "delta": 7.534072}}
{"target": -34.97523680988473, "params": {"C": 33211.42374093549, "gamma": 0.03897071157955999}, "datetime": {"datetime": "2021-09-29 09:04:48", "elapsed": 762.478844, "delta": 3.497771}}
{"target": -34.96386122078409, "params": {"C": 30257.43642328003, "gamma": 0.04001333421634772}, "datetime": {"datetime": "2021-09-29 09:04:52", "elapsed": 766.108105, "delta": 3.629261}}
{"target": -35.256607753987076, "params": {"C": 32642.462356856107, "gamma": 0.04546155104689986}, "datetime": {"datetime": "2021-09-29 09:04:56", "elapsed": 770.295133, "delta": 4.187028}}
{"target": -34.29759123393257, "params": {"C": 33072.071588894236, "gamma": 0.01643680234636353}, "datetime": {"datetime": "2021-09-29 09:05:00", "elapsed": 773.718552, "delta": 3.423419}}
{"target": -36.15471106742699, "params": {"C": 33781.82188416243, "gamma": 0.06483742533146096}, "datetime": {"datetime": "2021-09-29 09:05:03", "elapsed": 777.02786, "delta": 3.309308}}
{"target": -34.55710196053883, "params": {"C": 32980.887075958606, "gamma": 0.027360554456522048}, "datetime": {"datetime": "2021-09-29 09:05:06", "elapsed": 780.500006, "delta": 3.472146}}
{"target": -35.96412422353019, "params": {"C": 31280.247056797634, "gamma": 0.062414019461013895}, "datetime": {"datetime": "2021-09-29 09:05:10", "elapsed": 783.712644, "delta": 3.212638}}
{"target": -35.82190703057868, "params": {"C": 33609.192291987354, "gamma": 0.057429066539526626}, "datetime": {"datetime": "2021-09-29 09:05:14", "elapsed": 788.535817, "delta": 4.823173}}
{"target": -34.568586976932174, "params": {"C": 31259.411363556406, "gamma": 0.02826530608415859}, "datetime": {"datetime": "2021-09-29 09:05:19", "elapsed": 793.511684, "delta": 4.975867}}
{"target": -34.275821937223846, "params": {"C": 33185.22118481025, "gamma": 0.013127886779143814}, "datetime": {"datetime": "2021-09-29 09:05:24", "elapsed": 798.63285, "delta": 5.121166}}
{"target": -34.757677187072055, "params": {"C": 30587.746566401907, "gamma": 0.03462450623728578}, "datetime": {"datetime": "2021-09-29 09:05:28", "elapsed": 802.33056, "delta": 3.69771}}
{"target": -35.111654050521196, "params": {"C": 31214.19534013402, "gamma": 0.006789271990402452}, "datetime": {"datetime": "2021-09-29 09:05:32", "elapsed": 805.750334, "delta": 3.419774}}
{"target": -34.34268344449829, "params": {"C": 33185.26588392853, "gamma": 0.018578989458679352}, "datetime": {"datetime": "2021-09-29 09:05:34", "elapsed": 808.152386, "delta": 2.402052}}
{"target": -34.708667111301594, "params": {"C": 30454.222236812013, "gamma": 0.008450903518616245}, "datetime": {"datetime": "2021-09-29 09:05:38", "elapsed": 811.850532, "delta": 3.698146}}
{"target": -36.57939521692835, "params": {"C": 31309.629423794475, "gamma": 0.07787057489736217}, "datetime": {"datetime": "2021-09-29 09:05:46", "elapsed": 820.174501, "delta": 8.323969}}
{"target": -36.339065417566125, "params": {"C": 33072.11865153332, "gamma": 0.06987615701961443}, "datetime": {"datetime": "2021-09-29 09:05:49", "elapsed": 823.625297, "delta": 3.450796}}
{"target": -34.85103979261254, "params": {"C": 32099.275791266806, "gamma": 0.007656019417545514}, "datetime": {"datetime": "2021-09-29 09:05:54", "elapsed": 828.371745, "delta": 4.746448}}
{"target": -36.76194093883861, "params": {"C": 32051.47967691798, "gamma": 0.08227111288145064}, "datetime": {"datetime": "2021-09-29 09:05:58", "elapsed": 832.013288, "delta": 3.641543}}
{"target": -35.55145637301207, "params": {"C": 30999.610541388218, "gamma": 0.05295547143113522}, "datetime": {"datetime": "2021-09-29 09:06:00", "elapsed": 834.664509, "delta": 2.651221}}
{"target": -34.32145784904567, "params": {"C": 33734.47746976503, "gamma": 0.017462389705597017}, "datetime": {"datetime": "2021-09-29 09:06:04", "elapsed": 838.117979, "delta": 3.45347}}
{"target": -34.562231011879135, "params": {"C": 34114.68946485387, "gamma": 0.008910489015957524}, "datetime": {"datetime": "2021-09-29 09:06:07", "elapsed": 841.647273, "delta": 3.529294}}
{"target": -34.7448571836207, "params": {"C": 33072.032418992116, "gamma": 0.033359534650534255}, "datetime": {"datetime": "2021-09-29 09:06:11", "elapsed": 845.320021, "delta": 3.672748}}
{"target": -35.34130795025564, "params": {"C": 30260.462177050602, "gamma": 0.048610858880921724}, "datetime": {"datetime": "2021-09-29 09:06:14", "elapsed": 848.64439, "delta": 3.324369}}
