{"target": -36.14235559843571, "params": {"C": 960.5313353675721, "gamma": 0.09616354124415677}, "datetime": {"datetime": "2021-09-28 13:24:20", "elapsed": 29.237972, "delta": 0.529995}}
{"target": -37.160750651520644, "params": {"C": 780.096844569189, "gamma": 0.14637440181440234}, "datetime": {"datetime": "2021-09-28 13:24:21", "elapsed": 29.708978, "delta": 0.471006}}
{"target": -37.60599953017962, "params": {"C": 834.9964537545391, "gamma": 0.1856689421933904}, "datetime": {"datetime": "2021-09-28 13:24:22", "elapsed": 30.877932, "delta": 1.168954}}
{"target": -39.12488342250109, "params": {"C": 780.1715655619229, "gamma": 0.006045070641766989}, "datetime": {"datetime": "2021-09-28 13:24:23", "elapsed": 31.713932, "delta": 0.836}}
{"target": -35.92335686333065, "params": {"C": 960.4850823009003, "gamma": 0.07711657455107825}, "datetime": {"datetime": "2021-09-28 13:24:23", "elapsed": 32.190932, "delta": 0.477}}
{"target": -37.60548081599072, "params": {"C": 726.8202780268269, "gamma": 0.017294290856294504}, "datetime": {"datetime": "2021-09-28 13:24:24", "elapsed": 32.657158, "delta": 0.466226}}
{"target": -36.03146049585054, "params": {"C": 960.4221300098977, "gamma": 0.08697227663561984}, "datetime": {"datetime": "2021-09-28 13:24:24", "elapsed": 33.173157, "delta": 0.515999}}
{"target": -36.1493556901906, "params": {"C": 960.256645077432, "gamma": 0.09669085638892426}, "datetime": {"datetime": "2021-09-28 13:24:25", "elapsed": 33.60282, "delta": 0.429663}}
{"target": -36.14175233673812, "params": {"C": 780.0459423650519, "gamma": 0.05974138619431749}, "datetime": {"datetime": "2021-09-28 13:24:25", "elapsed": 34.159818, "delta": 0.556998}}
{"target": -36.6784589833493, "params": {"C": 706.7567199192232, "gamma": 0.09934402305382174}, "datetime": {"datetime": "2021-09-28 13:24:26", "elapsed": 34.615661, "delta": 0.455843}}
{"target": -37.700253988327056, "params": {"C": 726.7375686621741, "gamma": 0.17454519100744254}, "datetime": {"datetime": "2021-09-28 13:24:26", "elapsed": 35.157658, "delta": 0.541997}}
{"target": -37.09940583109848, "params": {"C": 860.1098460995099, "gamma": 0.15516568726967547}, "datetime": {"datetime": "2021-09-28 13:24:27", "elapsed": 35.667661, "delta": 0.510003}}
{"target": -36.34202636379051, "params": {"C": 726.9561329629436, "gamma": 0.04444502245862495}, "datetime": {"datetime": "2021-09-28 13:24:28", "elapsed": 36.253661, "delta": 0.586}}
{"target": -37.18795524435092, "params": {"C": 960.3749608567166, "gamma": 0.17452812492530975}, "datetime": {"datetime": "2021-09-28 13:24:28", "elapsed": 37.030547, "delta": 0.776886}}
{"target": -35.8662310013387, "params": {"C": 960.581410772153, "gamma": 0.07113754112352512}, "datetime": {"datetime": "2021-09-28 13:24:29", "elapsed": 37.920697, "delta": 0.89015}}
{"target": -37.05311001478817, "params": {"C": 722.0089318592356, "gamma": 0.12872996325698022}, "datetime": {"datetime": "2021-09-28 13:24:30", "elapsed": 38.510405, "delta": 0.589708}}
{"target": -35.96482964160301, "params": {"C": 960.4167165131039, "gamma": 0.08105307463113674}, "datetime": {"datetime": "2021-09-28 13:24:30", "elapsed": 39.092402, "delta": 0.581997}}
{"target": -36.80166475935927, "params": {"C": 709.264599508502, "gamma": 0.10914789655518903}, "datetime": {"datetime": "2021-09-28 13:24:31", "elapsed": 39.722402, "delta": 0.63}}
{"target": -36.56171376159655, "params": {"C": 620.5222225191231, "gamma": 0.052186071808302745}, "datetime": {"datetime": "2021-09-28 13:24:32", "elapsed": 40.329402, "delta": 0.607}}
{"target": -36.558142115085914, "params": {"C": 699.5741451093057, "gamma": 0.08758016227564346}, "datetime": {"datetime": "2021-09-28 13:24:32", "elapsed": 40.949245, "delta": 0.619843}}
{"target": -36.4379628293497, "params": {"C": 878.7691834752574, "gamma": 0.1090225809277964}, "datetime": {"datetime": "2021-09-28 13:24:33", "elapsed": 41.556247, "delta": 0.607002}}
{"target": -37.64375427224114, "params": {"C": 878.7330143834649, "gamma": 0.19470222905659806}, "datetime": {"datetime": "2021-09-28 13:24:33", "elapsed": 42.208246, "delta": 0.651999}}
{"target": -38.07379799128103, "params": {"C": 718.3177461567952, "gamma": 0.19993132860600835}, "datetime": {"datetime": "2021-09-28 13:24:34", "elapsed": 43.107999, "delta": 0.899753}}
{"target": -37.021095162868114, "params": {"C": 878.7048383829613, "gamma": 0.02066629813625071}, "datetime": {"datetime": "2021-09-28 13:24:35", "elapsed": 43.753642, "delta": 0.645643}}
{"target": -37.07970191300418, "params": {"C": 938.5697727467286, "gamma": 0.1648796250974893}, "datetime": {"datetime": "2021-09-28 13:24:36", "elapsed": 44.546078, "delta": 0.792436}}
{"target": -36.52031493674232, "params": {"C": 650.137373927809, "gamma": 0.04664071449164109}, "datetime": {"datetime": "2021-09-28 13:24:37", "elapsed": 45.264078, "delta": 0.718}}
{"target": -36.385666730177135, "params": {"C": 878.7659311903783, "gamma": 0.10495938420497145}, "datetime": {"datetime": "2021-09-28 13:24:37", "elapsed": 45.860085, "delta": 0.596007}}
{"target": -37.26761361196358, "params": {"C": 699.6708930995545, "gamma": 0.1390431771922307}, "datetime": {"datetime": "2021-09-28 13:24:38", "elapsed": 46.725503, "delta": 0.865418}}
{"target": -39.429825003580206, "params": {"C": 699.5507337743559, "gamma": 0.005678931121130251}, "datetime": {"datetime": "2021-09-28 13:24:39", "elapsed": 47.50692, "delta": 0.781417}}
{"target": -38.35905950538713, "params": {"C": 795.3854979422069, "gamma": 0.009677453446846519}, "datetime": {"datetime": "2021-09-28 13:24:39", "elapsed": 48.05592, "delta": 0.549}}
{"target": -37.76121871621017, "params": {"C": 699.5592243946638, "gamma": 0.1738247746240836}, "datetime": {"datetime": "2021-09-28 13:24:40", "elapsed": 48.796329, "delta": 0.740409}}
{"target": -36.59629623997612, "params": {"C": 715.0220499020014, "gamma": 0.09436863947653122}, "datetime": {"datetime": "2021-09-28 13:24:42", "elapsed": 50.399332, "delta": 1.603003}}
{"target": -36.97076569046236, "params": {"C": 620.705294255088, "gamma": 0.10193736774360038}, "datetime": {"datetime": "2021-09-28 13:24:43", "elapsed": 51.381814, "delta": 0.982482}}
{"target": -37.54994790314942, "params": {"C": 715.1138878225515, "gamma": 0.16162657830042082}, "datetime": {"datetime": "2021-09-28 13:24:43", "elapsed": 52.101508, "delta": 0.719694}}
{"target": -37.020237150029466, "params": {"C": 700.1070136764056, "gamma": 0.0261716469380145}, "datetime": {"datetime": "2021-09-28 13:24:44", "elapsed": 52.691692, "delta": 0.590184}}
{"target": -38.68696361585277, "params": {"C": 960.4862954071334, "gamma": 0.006377054531314227}, "datetime": {"datetime": "2021-09-28 13:24:45", "elapsed": 53.416372, "delta": 0.72468}}
{"target": -37.30981307559987, "params": {"C": 780.075240048823, "gamma": 0.019441071664034554}, "datetime": {"datetime": "2021-09-28 13:24:45", "elapsed": 54.145371, "delta": 0.728999}}
{"target": -37.75555680214601, "params": {"C": 795.4141847307545, "gamma": 0.19014730064619675}, "datetime": {"datetime": "2021-09-28 13:24:46", "elapsed": 54.788994, "delta": 0.643623}}
{"target": -36.691735882499025, "params": {"C": 780.021217578284, "gamma": 0.11423096267026858}, "datetime": {"datetime": "2021-09-28 13:24:47", "elapsed": 55.564996, "delta": 0.776002}}
{"target": -35.787221684194606, "params": {"C": 960.2432366233297, "gamma": 0.04881477390588456}, "datetime": {"datetime": "2021-09-28 13:24:48", "elapsed": 56.26499, "delta": 0.699994}}
{"target": -36.40966805227077, "params": {"C": 715.1773298487738, "gamma": 0.041848262349828684}, "datetime": {"datetime": "2021-09-28 13:24:48", "elapsed": 57.07147, "delta": 0.80648}}
{"target": -36.871906370859456, "params": {"C": 650.1667677371888, "gamma": 0.10160680168452489}, "datetime": {"datetime": "2021-09-28 13:24:49", "elapsed": 58.042472, "delta": 0.971002}}
{"target": -37.143911469989, "params": {"C": 715.0635137445153, "gamma": 0.023634093157593787}, "datetime": {"datetime": "2021-09-28 13:24:50", "elapsed": 58.838955, "delta": 0.796483}}
{"target": -36.13549077321976, "params": {"C": 779.9536490440044, "gamma": 0.05577468870941293}, "datetime": {"datetime": "2021-09-28 13:24:51", "elapsed": 59.713003, "delta": 0.874048}}
{"target": -36.251801652590416, "params": {"C": 939.325316770185, "gamma": 0.102217063050689}, "datetime": {"datetime": "2021-09-28 13:24:52", "elapsed": 60.593955, "delta": 0.880952}}
{"target": -36.32112028820165, "params": {"C": 779.9908007926292, "gamma": 0.038932405832593324}, "datetime": {"datetime": "2021-09-28 13:24:53", "elapsed": 61.503931, "delta": 0.909976}}
{"target": -36.10768821868065, "params": {"C": 939.2515061185647, "gamma": 0.09062043944370114}, "datetime": {"datetime": "2021-09-28 13:24:54", "elapsed": 62.660711, "delta": 1.15678}}
{"target": -36.9213735964948, "params": {"C": 700.3735916823476, "gamma": 0.11565483020455199}, "datetime": {"datetime": "2021-09-28 13:24:55", "elapsed": 63.560712, "delta": 0.900001}}
{"target": -36.69805160340467, "params": {"C": 939.2730851921526, "gamma": 0.13668818211441824}, "datetime": {"datetime": "2021-09-28 13:24:56", "elapsed": 64.409708, "delta": 0.848996}}
{"target": -36.2075119061781, "params": {"C": 960.327373302259, "gamma": 0.10130710182064866}, "datetime": {"datetime": "2021-09-28 13:24:56", "elapsed": 65.197612, "delta": 0.787904}}
{"target": -36.74439643367229, "params": {"C": 939.2663860993574, "gamma": 0.023027261550397814}, "datetime": {"datetime": "2021-09-28 13:24:57", "elapsed": 66.129583, "delta": 0.931971}}
{"target": -37.40913993786126, "params": {"C": 776.1088416391309, "gamma": 0.1627620897000585}, "datetime": {"datetime": "2021-09-28 13:24:58", "elapsed": 66.769945, "delta": 0.640362}}
{"target": -35.80506547880445, "params": {"C": 939.1830076371332, "gamma": 0.05147462139116662}, "datetime": {"datetime": "2021-09-28 13:24:59", "elapsed": 67.643684, "delta": 0.873739}}
{"target": -36.05028358818074, "params": {"C": 939.1970463680591, "gamma": 0.08573064647696227}, "datetime": {"datetime": "2021-09-28 13:25:01", "elapsed": 69.784214, "delta": 2.14053}}
{"target": -37.133993610622355, "params": {"C": 939.130617995056, "gamma": 0.01804703255006322}, "datetime": {"datetime": "2021-09-28 13:25:02", "elapsed": 70.666444, "delta": 0.88223}}
{"target": -35.81900118862863, "params": {"C": 939.3798844892526, "gamma": 0.05985092867118088}, "datetime": {"datetime": "2021-09-28 13:25:03", "elapsed": 71.32945, "delta": 0.663006}}
{"target": -36.35220100334307, "params": {"C": 939.3833474899302, "gamma": 0.1100103833036013}, "datetime": {"datetime": "2021-09-28 13:25:03", "elapsed": 72.231439, "delta": 0.901989}}
{"target": -36.59393854697281, "params": {"C": 779.9191112621904, "gamma": 0.10682236511435657}, "datetime": {"datetime": "2021-09-28 13:25:04", "elapsed": 72.914425, "delta": 0.682986}}
{"target": -38.09428527203631, "params": {"C": 939.4062909693462, "gamma": 0.009668847157384532}, "datetime": {"datetime": "2021-09-28 13:25:05", "elapsed": 73.774506, "delta": 0.860081}}
{"target": -35.92204853091751, "params": {"C": 939.2169235926615, "gamma": 0.04161798146816354}, "datetime": {"datetime": "2021-09-28 13:25:06", "elapsed": 74.59851, "delta": 0.824004}}
{"target": -36.58663189391206, "params": {"C": 699.5769142204676, "gamma": 0.09011089836406617}, "datetime": {"datetime": "2021-09-28 13:25:06", "elapsed": 75.215399, "delta": 0.616889}}
{"target": -35.91914736744317, "params": {"C": 878.8178400890358, "gamma": 0.05304017801385256}, "datetime": {"datetime": "2021-09-28 13:25:07", "elapsed": 76.159397, "delta": 0.943998}}
{"target": -36.61420923324552, "params": {"C": 779.9012311376044, "gamma": 0.03053181847571655}, "datetime": {"datetime": "2021-09-28 13:25:08", "elapsed": 76.985226, "delta": 0.825829}}
{"target": -35.92551377042146, "params": {"C": 878.8772393851771, "gamma": 0.06023295693525663}, "datetime": {"datetime": "2021-09-28 13:25:09", "elapsed": 77.968953, "delta": 0.983727}}
{"target": -36.3006267888286, "params": {"C": 878.8620335669964, "gamma": 0.09827014732727961}, "datetime": {"datetime": "2021-09-28 13:25:10", "elapsed": 78.75499, "delta": 0.786037}}
{"target": -39.173021984843295, "params": {"C": 878.8605116970048, "gamma": 0.005166199058724001}, "datetime": {"datetime": "2021-09-28 13:25:11", "elapsed": 79.634988, "delta": 0.879998}}
{"target": -36.170559599930186, "params": {"C": 878.9196651645684, "gamma": 0.08757111494204785}, "datetime": {"datetime": "2021-09-28 13:25:12", "elapsed": 80.443988, "delta": 0.809}}
{"target": -36.09706396998213, "params": {"C": 827.3094742915409, "gamma": 0.04517975093702893}, "datetime": {"datetime": "2021-09-28 13:25:12", "elapsed": 81.165722, "delta": 0.721734}}
{"target": -37.15897456537059, "params": {"C": 741.2666464191229, "gamma": 0.022518771130639516}, "datetime": {"datetime": "2021-09-28 13:25:14", "elapsed": 82.589421, "delta": 1.423699}}
{"target": -36.63169584475954, "params": {"C": 641.5440593902008, "gamma": 0.07914493113947402}, "datetime": {"datetime": "2021-09-28 13:25:15", "elapsed": 83.952984, "delta": 1.363563}}
{"target": -36.81277353274609, "params": {"C": 743.4375901969854, "gamma": 0.11643595229355719}, "datetime": {"datetime": "2021-09-28 13:25:16", "elapsed": 84.794984, "delta": 0.842}}
{"target": -36.65555330550889, "params": {"C": 827.2678518999667, "gamma": 0.027743255289575837}, "datetime": {"datetime": "2021-09-28 13:25:17", "elapsed": 85.70498, "delta": 0.909996}}
{"target": -36.33510040901817, "params": {"C": 699.9708860435325, "gamma": 0.05512226656006415}, "datetime": {"datetime": "2021-09-28 13:25:18", "elapsed": 86.638984, "delta": 0.934004}}
{"target": -35.80079838557112, "params": {"C": 939.3190909165019, "gamma": 0.05535664887890077}, "datetime": {"datetime": "2021-09-28 13:25:19", "elapsed": 87.85022, "delta": 1.211236}}
{"target": -36.258635139263504, "params": {"C": 827.3274731448785, "gamma": 0.08733636395655481}, "datetime": {"datetime": "2021-09-28 13:25:20", "elapsed": 89.244247, "delta": 1.394027}}
{"target": -36.961589624208955, "params": {"C": 884.3026952258858, "gamma": 0.14961236344659085}, "datetime": {"datetime": "2021-09-28 13:25:21", "elapsed": 90.08925, "delta": 0.845003}}
{"target": -36.00467843304328, "params": {"C": 878.9924217716768, "gamma": 0.0717856970956229}, "datetime": {"datetime": "2021-09-28 13:25:22", "elapsed": 91.122575, "delta": 1.033325}}
{"target": -36.32409481576628, "params": {"C": 704.7693028015219, "gamma": 0.05265734583344781}, "datetime": {"datetime": "2021-09-28 13:25:23", "elapsed": 92.114572, "delta": 0.991997}}
{"target": -35.92028143355899, "params": {"C": 929.182626861317, "gamma": 0.0428885215235449}, "datetime": {"datetime": "2021-09-28 13:25:24", "elapsed": 92.912391, "delta": 0.797819}}
{"target": -37.1072281049209, "params": {"C": 770.3065275276172, "gamma": 0.14105499198294066}, "datetime": {"datetime": "2021-09-28 13:25:25", "elapsed": 93.763389, "delta": 0.850998}}
{"target": -36.65007505561141, "params": {"C": 878.969536340872, "gamma": 0.1254138719923081}, "datetime": {"datetime": "2021-09-28 13:25:26", "elapsed": 94.889967, "delta": 1.126578}}
{"target": -36.1181108606003, "params": {"C": 929.1324952821853, "gamma": 0.09014700971112466}, "datetime": {"datetime": "2021-09-28 13:25:27", "elapsed": 95.959969, "delta": 1.070002}}
{"target": -38.18992202055617, "params": {"C": 929.11166361235, "gamma": 0.009204946762793901}, "datetime": {"datetime": "2021-09-28 13:25:28", "elapsed": 96.814966, "delta": 0.854997}}
{"target": -36.21728563521147, "params": {"C": 762.4658236928152, "gamma": 0.06724346952844898}, "datetime": {"datetime": "2021-09-28 13:25:29", "elapsed": 97.839265, "delta": 1.024299}}
{"target": -37.20438648131018, "params": {"C": 919.4447374831896, "gamma": 0.17044017230754974}, "datetime": {"datetime": "2021-09-28 13:25:30", "elapsed": 98.782748, "delta": 0.943483}}
{"target": -36.01399232277939, "params": {"C": 929.2151463435362, "gamma": 0.08105765112551697}, "datetime": {"datetime": "2021-09-28 13:25:31", "elapsed": 100.227063, "delta": 1.444315}}
{"target": -36.642395995965074, "params": {"C": 929.2012733901952, "gamma": 0.13111237044682542}, "datetime": {"datetime": "2021-09-28 13:25:33", "elapsed": 101.580101, "delta": 1.353038}}
{"target": -35.98718063840045, "params": {"C": 929.239612095679, "gamma": 0.03920335081554625}, "datetime": {"datetime": "2021-09-28 13:25:34", "elapsed": 102.797837, "delta": 1.217736}}
{"target": -36.69098488052502, "params": {"C": 879.0276585391955, "gamma": 0.02544070610478055}, "datetime": {"datetime": "2021-09-28 13:25:36", "elapsed": 104.409033, "delta": 1.611196}}
{"target": -36.09004489471541, "params": {"C": 929.300327002366, "gamma": 0.08779952426932376}, "datetime": {"datetime": "2021-09-28 13:25:37", "elapsed": 106.241982, "delta": 1.832949}}
{"target": -37.03903508015211, "params": {"C": 929.2862143823357, "gamma": 0.16111070343678685}, "datetime": {"datetime": "2021-09-28 13:25:38", "elapsed": 107.120193, "delta": 0.878211}}
{"target": -35.82756221259598, "params": {"C": 929.3562352451451, "gamma": 0.0582843498740538}, "datetime": {"datetime": "2021-09-28 13:25:39", "elapsed": 108.037777, "delta": 0.917584}}
{"target": -36.5308989012933, "params": {"C": 762.5179777028175, "gamma": 0.09866824542664138}, "datetime": {"datetime": "2021-09-28 13:25:40", "elapsed": 108.952688, "delta": 0.914911}}
{"target": -38.650918754355885, "params": {"C": 929.3195567771536, "gamma": 0.006765361942088376}, "datetime": {"datetime": "2021-09-28 13:25:41", "elapsed": 109.896689, "delta": 0.944001}}
{"target": -36.29661536897487, "params": {"C": 926.7635117031722, "gamma": 0.030808847527601078}, "datetime": {"datetime": "2021-09-28 13:25:42", "elapsed": 110.752694, "delta": 0.856005}}
{"target": -38.43747028227086, "params": {"C": 762.4712521272298, "gamma": 0.009600301801167247}, "datetime": {"datetime": "2021-09-28 13:25:43", "elapsed": 112.072797, "delta": 1.320103}}
{"target": -36.03269734785312, "params": {"C": 827.3670507875676, "gamma": 0.051895357579990795}, "datetime": {"datetime": "2021-09-28 13:25:45", "elapsed": 113.406115, "delta": 1.333318}}
{"target": -36.190584051280375, "params": {"C": 929.3383494269797, "gamma": 0.09610836058382265}, "datetime": {"datetime": "2021-09-28 13:25:46", "elapsed": 114.451118, "delta": 1.045003}}
{"target": -36.810515661641276, "params": {"C": 929.1147930926863, "gamma": 0.14437494132072598}, "datetime": {"datetime": "2021-09-28 13:25:47", "elapsed": 115.760855, "delta": 1.309737}}
{"target": -36.16851687091555, "params": {"C": 831.5279821731689, "gamma": 0.07992829143993516}, "datetime": {"datetime": "2021-09-28 13:25:48", "elapsed": 116.653854, "delta": 0.892999}}
{"target": -36.19263092794618, "params": {"C": 863.5145701061035, "gamma": 0.08719134208574603}, "datetime": {"datetime": "2021-09-28 13:25:49", "elapsed": 117.450537, "delta": 0.796683}}
{"target": -37.470230811177814, "params": {"C": 665.4109064367848, "gamma": 0.14620420674946322}, "datetime": {"datetime": "2021-09-28 13:25:49", "elapsed": 118.227762, "delta": 0.777225}}
{"target": -36.24557307645017, "params": {"C": 739.5080515510169, "gamma": 0.06146135757048641}, "datetime": {"datetime": "2021-09-28 13:25:50", "elapsed": 118.975918, "delta": 0.748156}}
{"target": -35.95600301193391, "params": {"C": 929.3920270794281, "gamma": 0.04076700268210456}, "datetime": {"datetime": "2021-09-28 13:25:51", "elapsed": 120.049922, "delta": 1.074004}}
{"target": -36.01007057351772, "params": {"C": 929.3828783816552, "gamma": 0.08071955808684772}, "datetime": {"datetime": "2021-09-28 13:25:53", "elapsed": 122.187092, "delta": 2.13717}}
{"target": -38.95798041799588, "params": {"C": 827.3383748818567, "gamma": 0.006296469728501401}, "datetime": {"datetime": "2021-09-28 13:25:54", "elapsed": 123.183086, "delta": 0.995994}}
{"target": -36.20364478210127, "params": {"C": 878.8117873531636, "gamma": 0.09035653215719062}, "datetime": {"datetime": "2021-09-28 13:25:56", "elapsed": 124.326733, "delta": 1.143647}}
{"target": -36.259594344498105, "params": {"C": 779.992127926101, "gamma": 0.04141608497342735}, "datetime": {"datetime": "2021-09-28 13:25:57", "elapsed": 125.360729, "delta": 1.033996}}
{"target": -36.039616625938734, "params": {"C": 827.4419653278786, "gamma": 0.05088522669857136}, "datetime": {"datetime": "2021-09-28 13:25:58", "elapsed": 126.477732, "delta": 1.117003}}
{"target": -36.665748164938044, "params": {"C": 831.5358573868741, "gamma": 0.027408464000902823}, "datetime": {"datetime": "2021-09-28 13:25:59", "elapsed": 127.737459, "delta": 1.259727}}
{"target": -37.034130407157726, "params": {"C": 686.3541179375433, "gamma": 0.12058118764558258}, "datetime": {"datetime": "2021-09-28 13:26:00", "elapsed": 128.660541, "delta": 0.923082}}
{"target": -36.22845951301847, "params": {"C": 960.5664519336793, "gamma": 0.030907031924368996}, "datetime": {"datetime": "2021-09-28 13:26:01", "elapsed": 129.951826, "delta": 1.291285}}
{"target": -37.24864610928302, "params": {"C": 983.0645990817745, "gamma": 0.18132288030853505}, "datetime": {"datetime": "2021-09-28 13:26:02", "elapsed": 131.058662, "delta": 1.106836}}
{"target": -36.528521925574765, "params": {"C": 827.4512817180437, "gamma": 0.10912613500285798}, "datetime": {"datetime": "2021-09-28 13:26:04", "elapsed": 132.358665, "delta": 1.300003}}
{"target": -37.92189045633697, "params": {"C": 625.9100741493361, "gamma": 0.16986238684531615}, "datetime": {"datetime": "2021-09-28 13:26:05", "elapsed": 133.500445, "delta": 1.14178}}
{"target": -36.284992699630855, "params": {"C": 827.4971768325142, "gamma": 0.03649391952937028}, "datetime": {"datetime": "2021-09-28 13:26:06", "elapsed": 135.049846, "delta": 1.549401}}
{"target": -37.515820062584524, "params": {"C": 919.9195766648427, "gamma": 0.19140812705152682}, "datetime": {"datetime": "2021-09-28 13:26:07", "elapsed": 136.035852, "delta": 0.986006}}
