{"target": -34.76588017697884, "params": {"C": 6846.63999650275, "gamma": 0.03681362598504574}, "datetime": {"datetime": "2021-09-28 18:15:18", "elapsed": 751.17816, "delta": 3.917349}}
{"target": -35.21801495275709, "params": {"C": 6407.966008544275, "gamma": 0.015061433529030149}, "datetime": {"datetime": "2021-09-28 18:15:21", "elapsed": 754.409636, "delta": 3.231476}}
{"target": -34.795890755645175, "params": {"C": 6874.1676747861875, "gamma": 0.027090235749404525}, "datetime": {"datetime": "2021-09-28 18:15:24", "elapsed": 757.402961, "delta": 2.993325}}
{"target": -35.40707410020225, "params": {"C": 6823.811466235379, "gamma": 0.07413934175323174}, "datetime": {"datetime": "2021-09-28 18:15:26", "elapsed": 759.826909, "delta": 2.423948}}
{"target": -34.80964907060481, "params": {"C": 6127.9688069334525, "gamma": 0.03265947526494276}, "datetime": {"datetime": "2021-09-28 18:15:30", "elapsed": 763.362153, "delta": 3.535244}}
{"target": -35.14701992942728, "params": {"C": 6141.309047907807, "gamma": 0.016269743112968745}, "datetime": {"datetime": "2021-09-28 18:15:34", "elapsed": 767.655945, "delta": 4.293792}}
{"target": -34.854588429456754, "params": {"C": 6382.849576227707, "gamma": 0.04350181281924112}, "datetime": {"datetime": "2021-09-28 18:15:36", "elapsed": 769.96007, "delta": 2.304125}}
{"target": -35.53498426272333, "params": {"C": 6080.975413249667, "gamma": 0.011337532500069254}, "datetime": {"datetime": "2021-09-28 18:15:41", "elapsed": 774.583128, "delta": 4.623058}}
{"target": -35.35130466133957, "params": {"C": 6657.380285067526, "gamma": 0.013216203181023872}, "datetime": {"datetime": "2021-09-28 18:15:44", "elapsed": 777.641954, "delta": 3.058826}}
{"target": -34.91166665801045, "params": {"C": 6336.1625393369395, "gamma": 0.020755951661960134}, "datetime": {"datetime": "2021-09-28 18:15:49", "elapsed": 782.189625, "delta": 4.547671}}
{"target": -34.97335748317207, "params": {"C": 6448.499809978392, "gamma": 0.05047387778689587}, "datetime": {"datetime": "2021-09-28 18:15:52", "elapsed": 785.362523, "delta": 3.172898}}
{"target": -35.19064865357701, "params": {"C": 6187.403342096599, "gamma": 0.01563159286758263}, "datetime": {"datetime": "2021-09-28 18:15:56", "elapsed": 789.675994, "delta": 4.313471}}
{"target": -35.17857968744422, "params": {"C": 6202.175528976995, "gamma": 0.01577792584802723}, "datetime": {"datetime": "2021-09-28 18:16:00", "elapsed": 793.284137, "delta": 3.608143}}
{"target": -36.172160688050134, "params": {"C": 6679.848453591321, "gamma": 0.00381387019234647}, "datetime": {"datetime": "2021-09-28 18:16:04", "elapsed": 797.375171, "delta": 4.091034}}
{"target": -35.08247893798223, "params": {"C": 6860.585350405504, "gamma": 0.056989060894215404}, "datetime": {"datetime": "2021-09-28 18:16:06", "elapsed": 799.707138, "delta": 2.331967}}
{"target": -35.2162229087266, "params": {"C": 6503.759431550671, "gamma": 0.06407625511059846}, "datetime": {"datetime": "2021-09-28 18:16:10", "elapsed": 803.817959, "delta": 4.110821}}
{"target": -35.514200041625564, "params": {"C": 6352.719146177195, "gamma": 0.01145712120701331}, "datetime": {"datetime": "2021-09-28 18:16:13", "elapsed": 806.938287, "delta": 3.120328}}
{"target": -35.02522208074116, "params": {"C": 6315.971745889932, "gamma": 0.05310815183456126}, "datetime": {"datetime": "2021-09-28 18:16:16", "elapsed": 809.201778, "delta": 2.263491}}
{"target": -35.04679422053448, "params": {"C": 6526.487725692744, "gamma": 0.017202290553497493}, "datetime": {"datetime": "2021-09-28 18:16:23", "elapsed": 816.478967, "delta": 7.277189}}
{"target": -34.84387976674135, "params": {"C": 6584.2528952676075, "gamma": 0.023982804124011346}, "datetime": {"datetime": "2021-09-28 18:16:28", "elapsed": 822.069986, "delta": 5.591019}}
{"target": -34.83941662704622, "params": {"C": 6343.543523717356, "gamma": 0.04239249846174202}, "datetime": {"datetime": "2021-09-28 18:16:33", "elapsed": 826.482995, "delta": 4.413009}}
{"target": -35.880629947146225, "params": {"C": 6515.21207653485, "gamma": 0.0071656808501753995}, "datetime": {"datetime": "2021-09-28 18:16:35", "elapsed": 828.907194, "delta": 2.424199}}
{"target": -34.78437787809241, "params": {"C": 6679.819883402517, "gamma": 0.03838429655821468}, "datetime": {"datetime": "2021-09-28 18:16:41", "elapsed": 834.424, "delta": 5.516806}}
{"target": -35.22335090063453, "params": {"C": 6002.565716478956, "gamma": 0.06329765619832903}, "datetime": {"datetime": "2021-09-28 18:16:43", "elapsed": 836.683988, "delta": 2.259988}}
{"target": -35.464724703855495, "params": {"C": 6874.171739445443, "gamma": 0.011771359618068772}, "datetime": {"datetime": "2021-09-28 18:16:47", "elapsed": 840.391602, "delta": 3.707614}}
{"target": -34.75777494363835, "params": {"C": 6849.271161594808, "gamma": 0.03496836276602984}, "datetime": {"datetime": "2021-09-28 18:16:50", "elapsed": 844.084171, "delta": 3.692569}}
{"target": -34.87384562509588, "params": {"C": 6901.633579636926, "gamma": 0.045545341332938354}, "datetime": {"datetime": "2021-09-28 18:16:56", "elapsed": 849.405935, "delta": 5.321764}}
{"target": -35.338950879913426, "params": {"C": 6849.261145180829, "gamma": 0.013233222722102828}, "datetime": {"datetime": "2021-09-28 18:16:59", "elapsed": 852.965976, "delta": 3.560041}}
{"target": -34.77367915805865, "params": {"C": 6674.149168204096, "gamma": 0.03647946992343655}, "datetime": {"datetime": "2021-09-28 18:17:04", "elapsed": 857.589072, "delta": 4.623096}}
{"target": -35.21183101393229, "params": {"C": 6885.008170034449, "gamma": 0.014723911906864031}, "datetime": {"datetime": "2021-09-28 18:17:09", "elapsed": 862.705712, "delta": 5.11664}}
{"target": -34.988522024557795, "params": {"C": 6849.288953649693, "gamma": 0.052050393337641124}, "datetime": {"datetime": "2021-09-28 18:17:12", "elapsed": 865.948874, "delta": 3.243162}}
{"target": -35.46203372430746, "params": {"C": 6483.380163229048, "gamma": 0.07549061437698737}, "datetime": {"datetime": "2021-09-28 18:17:15", "elapsed": 868.441977, "delta": 2.493103}}
{"target": -34.84723104451211, "params": {"C": 6405.347091861947, "gamma": 0.043087935183565025}, "datetime": {"datetime": "2021-09-28 18:17:18", "elapsed": 871.402025, "delta": 2.960048}}
{"target": -34.83552785456958, "params": {"C": 6305.293932216993, "gamma": 0.026315496308504802}, "datetime": {"datetime": "2021-09-28 18:17:21", "elapsed": 874.797935, "delta": 3.39591}}
{"target": -34.89486595793398, "params": {"C": 6352.689765981237, "gamma": 0.045795317047226065}, "datetime": {"datetime": "2021-09-28 18:17:25", "elapsed": 878.530534, "delta": 3.732599}}
{"target": -34.98974319637459, "params": {"C": 6679.827737760992, "gamma": 0.05185103484614426}, "datetime": {"datetime": "2021-09-28 18:17:28", "elapsed": 881.915075, "delta": 3.384541}}
{"target": -34.7523544175695, "params": {"C": 6874.144187621245, "gamma": 0.033871375426347446}, "datetime": {"datetime": "2021-09-28 18:17:31", "elapsed": 885.155996, "delta": 3.240921}}
{"target": -36.09621366179063, "params": {"C": 6986.153705253579, "gamma": 0.0046984498589329685}, "datetime": {"datetime": "2021-09-28 18:17:34", "elapsed": 887.684609, "delta": 2.528613}}
{"target": -34.80480648162053, "params": {"C": 6326.360549297276, "gamma": 0.03872112598351926}, "datetime": {"datetime": "2021-09-28 18:17:36", "elapsed": 889.988063, "delta": 2.303454}}
{"target": -34.78041431051356, "params": {"C": 6429.557570658119, "gamma": 0.034975333157968545}, "datetime": {"datetime": "2021-09-28 18:17:39", "elapsed": 892.411985, "delta": 2.423922}}
{"target": -35.21822763630082, "params": {"C": 6848.623639938391, "gamma": 0.014676031367311854}, "datetime": {"datetime": "2021-09-28 18:17:42", "elapsed": 896.066585, "delta": 3.6546}}
{"target": -34.831625880186664, "params": {"C": 6182.689263278549, "gamma": 0.027780574417584646}, "datetime": {"datetime": "2021-09-28 18:17:45", "elapsed": 898.660099, "delta": 2.593514}}
{"target": -34.82554426802499, "params": {"C": 6080.942509742276, "gamma": 0.039185719491569376}, "datetime": {"datetime": "2021-09-28 18:17:49", "elapsed": 902.348019, "delta": 3.68792}}
{"target": -34.78343119617221, "params": {"C": 6407.991076961493, "gamma": 0.03538550847544259}, "datetime": {"datetime": "2021-09-28 18:17:54", "elapsed": 907.344194, "delta": 4.996175}}
{"target": -35.06303265278008, "params": {"C": 6643.569198972737, "gamma": 0.016850778511710792}, "datetime": {"datetime": "2021-09-28 18:17:58", "elapsed": 911.348286, "delta": 4.004092}}
{"target": -35.02785306727192, "params": {"C": 6326.381600873864, "gamma": 0.05327656390944631}, "datetime": {"datetime": "2021-09-28 18:18:01", "elapsed": 915.135216, "delta": 3.78693}}
{"target": -34.92537946876567, "params": {"C": 6429.571506273244, "gamma": 0.04771873822291089}, "datetime": {"datetime": "2021-09-28 18:18:06", "elapsed": 919.690255, "delta": 4.555039}}
{"target": -34.82645209062831, "params": {"C": 6989.813620971166, "gamma": 0.042488107624594304}, "datetime": {"datetime": "2021-09-28 18:18:09", "elapsed": 923.164295, "delta": 3.47404}}
{"target": -34.89639292045602, "params": {"C": 6080.975318827654, "gamma": 0.04524643093978681}, "datetime": {"datetime": "2021-09-28 18:18:13", "elapsed": 926.859253, "delta": 3.694958}}
{"target": -34.92850614384481, "params": {"C": 6217.522980980488, "gamma": 0.020416106641752092}, "datetime": {"datetime": "2021-09-28 18:18:23", "elapsed": 936.600941, "delta": 9.741688}}
{"target": -35.78136651130205, "params": {"C": 6059.22158867209, "gamma": 0.008295489803895703}, "datetime": {"datetime": "2021-09-28 18:18:28", "elapsed": 942.162814, "delta": 5.561873}}
{"target": -34.8495804459562, "params": {"C": 6497.318531772606, "gamma": 0.023930641933547454}, "datetime": {"datetime": "2021-09-28 18:18:36", "elapsed": 949.350351, "delta": 7.187537}}
{"target": -35.0139873618005, "params": {"C": 6187.429769575442, "gamma": 0.05220842822339347}, "datetime": {"datetime": "2021-09-28 18:18:41", "elapsed": 954.693016, "delta": 5.342665}}
{"target": -35.05693984666092, "params": {"C": 6407.9726861838935, "gamma": 0.05505994031289787}, "datetime": {"datetime": "2021-09-28 18:18:49", "elapsed": 962.930192, "delta": 8.237176}}
{"target": -35.41365110209643, "params": {"C": 6498.110774847633, "gamma": 0.012575296161734442}, "datetime": {"datetime": "2021-09-28 18:18:53", "elapsed": 967.002194, "delta": 4.072002}}
{"target": -34.8676340911827, "params": {"C": 6325.414809758113, "gamma": 0.023307097821808162}, "datetime": {"datetime": "2021-09-28 18:18:57", "elapsed": 970.190218, "delta": 3.188024}}
{"target": -34.872313290884875, "params": {"C": 6326.339890784477, "gamma": 0.04442320850386535}, "datetime": {"datetime": "2021-09-28 18:19:01", "elapsed": 974.325177, "delta": 4.134959}}
{"target": -35.23099671050643, "params": {"C": 6834.5635893320095, "gamma": 0.06506305864525752}, "datetime": {"datetime": "2021-09-28 18:19:07", "elapsed": 980.638166, "delta": 6.312989}}
{"target": -34.948083409818764, "params": {"C": 6730.350293947482, "gamma": 0.01833893716426472}, "datetime": {"datetime": "2021-09-28 18:19:10", "elapsed": 983.628357, "delta": 2.990191}}
{"target": -34.894133230601796, "params": {"C": 6448.489101022193, "gamma": 0.02122407644696425}, "datetime": {"datetime": "2021-09-28 18:19:16", "elapsed": 989.67902, "delta": 6.050663}}
{"target": -35.388742980647734, "params": {"C": 6862.1623118492, "gamma": 0.07347130494853897}, "datetime": {"datetime": "2021-09-28 18:19:19", "elapsed": 992.530926, "delta": 2.851906}}
{"target": -34.92420358807083, "params": {"C": 6874.147185741249, "gamma": 0.04857180180466853}, "datetime": {"datetime": "2021-09-28 18:19:24", "elapsed": 997.328336, "delta": 4.79741}}
{"target": -34.882929380779835, "params": {"C": 6657.403951666969, "gamma": 0.04578224850883704}, "datetime": {"datetime": "2021-09-28 18:19:30", "elapsed": 1003.945755, "delta": 6.617419}}
{"target": -34.98277615885849, "params": {"C": 6023.0981155205745, "gamma": 0.019071024082910466}, "datetime": {"datetime": "2021-09-28 18:19:39", "elapsed": 1012.517243, "delta": 8.571488}}
{"target": -34.90539324109056, "params": {"C": 6409.8754732933985, "gamma": 0.046531246779997815}, "datetime": {"datetime": "2021-09-28 18:19:48", "elapsed": 1021.809961, "delta": 9.292718}}
{"target": -35.751365022624604, "params": {"C": 6448.527049361381, "gamma": 0.008615219071388631}, "datetime": {"datetime": "2021-09-28 18:19:52", "elapsed": 1025.952542, "delta": 4.142581}}
{"target": -34.79586448568039, "params": {"C": 6834.529534185514, "gamma": 0.039980497155181184}, "datetime": {"datetime": "2021-09-28 18:19:58", "elapsed": 1031.660097, "delta": 5.707555}}
{"target": -34.872846848988466, "params": {"C": 6264.906555689992, "gamma": 0.023168862863903364}, "datetime": {"datetime": "2021-09-28 18:20:04", "elapsed": 1037.839336, "delta": 6.179239}}
{"target": -34.89234714476061, "params": {"C": 6326.341410601395, "gamma": 0.02167443833447535}, "datetime": {"datetime": "2021-09-28 18:20:09", "elapsed": 1042.31766, "delta": 4.478324}}
{"target": -34.78104908160638, "params": {"C": 6874.2252941578045, "gamma": 0.02884698764525524}, "datetime": {"datetime": "2021-09-28 18:20:16", "elapsed": 1049.795083, "delta": 7.477423}}
{"target": -34.83242786860157, "params": {"C": 6503.731864819941, "gamma": 0.025403025819885596}, "datetime": {"datetime": "2021-09-28 18:20:22", "elapsed": 1055.175048, "delta": 5.379965}}
{"target": -34.83291086407429, "params": {"C": 6587.74836150066, "gamma": 0.04246965904989585}, "datetime": {"datetime": "2021-09-28 18:20:24", "elapsed": 1057.901549, "delta": 2.726501}}
{"target": -35.221280162443826, "params": {"C": 6202.18414952489, "gamma": 0.0638144445862792}, "datetime": {"datetime": "2021-09-28 18:20:28", "elapsed": 1061.687515, "delta": 3.785966}}
{"target": -34.988606567263595, "params": {"C": 6182.66918104909, "gamma": 0.018508365301232236}, "datetime": {"datetime": "2021-09-28 18:20:35", "elapsed": 1068.528175, "delta": 6.84066}}
{"target": -35.05684820280731, "params": {"C": 6702.167515789098, "gamma": 0.01686866825518755}, "datetime": {"datetime": "2021-09-28 18:20:38", "elapsed": 1071.449034, "delta": 2.920859}}
{"target": -34.83244278954955, "params": {"C": 6168.711238840585, "gamma": 0.027791786897672973}, "datetime": {"datetime": "2021-09-28 18:20:42", "elapsed": 1075.926258, "delta": 4.477224}}
{"target": -35.04686919700152, "params": {"C": 6305.283999622456, "gamma": 0.05429658224528437}, "datetime": {"datetime": "2021-09-28 18:20:50", "elapsed": 1083.754427, "delta": 7.828169}}
{"target": -35.099767442568904, "params": {"C": 6794.674718688585, "gamma": 0.016210005651537705}, "datetime": {"datetime": "2021-09-28 18:20:55", "elapsed": 1088.205389, "delta": 4.450962}}
{"target": -34.790685368932884, "params": {"C": 6429.5353805457935, "gamma": 0.032022436483622574}, "datetime": {"datetime": "2021-09-28 18:21:00", "elapsed": 1093.26411, "delta": 5.058721}}
{"target": -35.5306883234841, "params": {"C": 6429.529572985992, "gamma": 0.011225288235913771}, "datetime": {"datetime": "2021-09-28 18:21:05", "elapsed": 1098.578993, "delta": 5.314883}}
{"target": -34.89313102403231, "params": {"C": 6182.706169417178, "gamma": 0.04529960422201532}, "datetime": {"datetime": "2021-09-28 18:21:09", "elapsed": 1102.831684, "delta": 4.252691}}
{"target": -34.77198962732761, "params": {"C": 6679.8431134025, "gamma": 0.036173959066283935}, "datetime": {"datetime": "2021-09-28 18:21:15", "elapsed": 1108.806267, "delta": 5.974583}}
{"target": -35.130950466255165, "params": {"C": 6127.963911564811, "gamma": 0.05864962629112287}, "datetime": {"datetime": "2021-09-28 18:21:20", "elapsed": 1113.642023, "delta": 4.835756}}
{"target": -35.20900186005837, "params": {"C": 6429.545879383904, "gamma": 0.06355622832081584}, "datetime": {"datetime": "2021-09-28 18:21:27", "elapsed": 1120.225481, "delta": 6.583458}}
{"target": -35.5082191085679, "params": {"C": 6537.953916725307, "gamma": 0.07741127297080515}, "datetime": {"datetime": "2021-09-28 18:21:29", "elapsed": 1123.036173, "delta": 2.810692}}
{"target": -34.875294255828955, "params": {"C": 6589.82790160042, "gamma": 0.021759114236272453}, "datetime": {"datetime": "2021-09-28 18:21:32", "elapsed": 1126.047392, "delta": 3.011219}}
{"target": -36.12368625888649, "params": {"C": 8542.641286533491, "gamma": 0.004597900100673916}, "datetime": {"datetime": "2021-09-28 19:05:43", "elapsed": 0.0, "delta": 0.0}}
{"target": -35.14953615741173, "params": {"C": 8267.29646985255, "gamma": 0.06065789895547311}, "datetime": {"datetime": "2021-09-28 19:05:43", "elapsed": 0.161739, "delta": 0.161739}}
{"target": -34.831607909793675, "params": {"C": 7997.014024605181, "gamma": 0.02030934170587527}, "datetime": {"datetime": "2021-09-28 19:05:43", "elapsed": 0.318426, "delta": 0.156687}}
{"target": -35.16660138828426, "params": {"C": 7396.125729519248, "gamma": 0.06156086483931982}, "datetime": {"datetime": "2021-09-28 19:05:43", "elapsed": 0.497594, "delta": 0.179168}}
{"target": -34.713821195608226, "params": {"C": 7998.322785058113, "gamma": 0.03401337223691818}, "datetime": {"datetime": "2021-09-28 19:05:44", "elapsed": 0.765324, "delta": 0.26773}}
{"target": -35.35891610278604, "params": {"C": 8007.720817446803, "gamma": 0.01233069362716991}, "datetime": {"datetime": "2021-09-28 19:05:44", "elapsed": 0.994276, "delta": 0.228952}}
{"target": -35.39663391860917, "params": {"C": 8255.113095569597, "gamma": 0.07363655398332523}, "datetime": {"datetime": "2021-09-28 19:05:44", "elapsed": 1.260039, "delta": 0.265763}}
{"target": -34.82887219374414, "params": {"C": 8277.83999588871, "gamma": 0.019813294396689978}, "datetime": {"datetime": "2021-09-28 19:05:44", "elapsed": 1.554995, "delta": 0.294956}}
{"target": -35.358248640227316, "params": {"C": 8284.277530069177, "gamma": 0.07171552187265004}, "datetime": {"datetime": "2021-09-28 19:05:45", "elapsed": 1.799132, "delta": 0.244137}}
{"target": -36.07477111270765, "params": {"C": 8273.582992187536, "gamma": 0.00513937050632576}, "datetime": {"datetime": "2021-09-28 19:05:45", "elapsed": 2.136997, "delta": 0.337865}}
{"target": -34.85779605814155, "params": {"C": 8000.913564161056, "gamma": 0.04441593700882992}, "datetime": {"datetime": "2021-09-28 19:05:45", "elapsed": 2.376206, "delta": 0.239209}}
{"target": -35.288923625782814, "params": {"C": 8280.324531686709, "gamma": 0.012908225547003417}, "datetime": {"datetime": "2021-09-28 19:05:45", "elapsed": 2.604952, "delta": 0.228746}}
{"target": -35.541969720685614, "params": {"C": 7993.133370245407, "gamma": 0.08}, "datetime": {"datetime": "2021-09-28 19:05:46", "elapsed": 2.908457, "delta": 0.303505}}
{"target": -35.35027641886323, "params": {"C": 8003.713181673633, "gamma": 0.012422635200711525}, "datetime": {"datetime": "2021-09-28 19:05:46", "elapsed": 3.156436, "delta": 0.247979}}
{"target": -34.74181400674874, "params": {"C": 8263.312868501162, "gamma": 0.03750712854466254}, "datetime": {"datetime": "2021-09-28 19:05:46", "elapsed": 3.413883, "delta": 0.257447}}
{"target": -35.37395967092927, "params": {"C": 8260.773414064159, "gamma": 0.07250321539553184}, "datetime": {"datetime": "2021-09-28 19:05:46", "elapsed": 3.661336, "delta": 0.247453}}
{"target": -35.02509667722419, "params": {"C": 8264.75611181679, "gamma": 0.05368319229332828}, "datetime": {"datetime": "2021-09-28 19:05:47", "elapsed": 3.899576, "delta": 0.23824}}
{"target": -35.18415869300036, "params": {"C": 7400.385635730568, "gamma": 0.014639992967619184}, "datetime": {"datetime": "2021-09-28 19:05:47", "elapsed": 4.19809, "delta": 0.298514}}
{"target": -35.2615974744115, "params": {"C": 7391.974512389071, "gamma": 0.066735659350669}, "datetime": {"datetime": "2021-09-28 19:05:47", "elapsed": 4.429012, "delta": 0.230922}}
{"target": -34.7421092108616, "params": {"C": 7404.659480308409, "gamma": 0.03586307593405333}, "datetime": {"datetime": "2021-09-28 19:05:47", "elapsed": 4.680784, "delta": 0.251772}}
{"target": -34.73402829644017, "params": {"C": 7406.299727259712, "gamma": 0.030679405549140195}, "datetime": {"datetime": "2021-09-28 19:05:48", "elapsed": 4.915905, "delta": 0.235121}}
{"target": -35.506964527786515, "params": {"C": 7408.735145839572, "gamma": 0.07881701454463033}, "datetime": {"datetime": "2021-09-28 19:05:48", "elapsed": 5.175207, "delta": 0.259302}}
{"target": -34.82012613873625, "params": {"C": 8790.076424430366, "gamma": 0.019180499365464204}, "datetime": {"datetime": "2021-09-28 19:05:48", "elapsed": 5.450439, "delta": 0.275232}}
{"target": -34.696739898107325, "params": {"C": 8787.859720964327, "gamma": 0.03428004658947969}, "datetime": {"datetime": "2021-09-28 19:05:48", "elapsed": 5.707085, "delta": 0.256646}}
{"target": -36.139098628612125, "params": {"C": 8785.745290842857, "gamma": 0.0044676684706285}, "datetime": {"datetime": "2021-09-28 19:05:49", "elapsed": 5.947052, "delta": 0.239967}}
{"target": -35.08184345206695, "params": {"C": 8789.085145800009, "gamma": 0.05642762132388571}, "datetime": {"datetime": "2021-09-28 19:05:49", "elapsed": 6.199849, "delta": 0.252797}}
{"target": -34.84499403773622, "params": {"C": 7999.416460914232, "gamma": 0.04369582457176751}, "datetime": {"datetime": "2021-09-28 19:05:49", "elapsed": 6.495144, "delta": 0.295295}}
{"target": -35.10960997399261, "params": {"C": 8791.406346064849, "gamma": 0.05800467824658329}, "datetime": {"datetime": "2021-09-28 19:05:49", "elapsed": 6.76079, "delta": 0.265646}}
{"target": -34.81436576507708, "params": {"C": 7403.400306334053, "gamma": 0.022909709851545695}, "datetime": {"datetime": "2021-09-28 19:05:50", "elapsed": 7.026548, "delta": 0.265758}}
{"target": -34.71222468149365, "params": {"C": 8276.583860098286, "gamma": 0.03479143564290934}, "datetime": {"datetime": "2021-09-28 19:05:50", "elapsed": 7.294471, "delta": 0.267923}}
{"target": -35.245305396937326, "params": {"C": 7567.147720294578, "gamma": 0.06581201845555704}, "datetime": {"datetime": "2021-09-28 19:05:50", "elapsed": 7.558221, "delta": 0.26375}}
