{"target": -34.7451712746505, "params": {"C": 7687.125434493923, "gamma": 0.0274974475770112}, "datetime": {"datetime": "2021-09-28 19:06:45", "elapsed": 62.141731, "delta": 0.587274}}
{"target": -35.46461473759174, "params": {"C": 7509.316060626569, "gamma": 0.07706873858595027}, "datetime": {"datetime": "2021-09-28 19:06:45", "elapsed": 62.742705, "delta": 0.600974}}
{"target": -34.88747267742184, "params": {"C": 7778.575832849114, "gamma": 0.018414450015481525}, "datetime": {"datetime": "2021-09-28 19:06:46", "elapsed": 63.346183, "delta": 0.603478}}
{"target": -35.091055945665836, "params": {"C": 8951.747959882865, "gamma": 0.05678989097115436}, "datetime": {"datetime": "2021-09-28 19:06:47", "elapsed": 63.958113, "delta": 0.61193}}
{"target": -34.83243017013947, "params": {"C": 7410.790952801012, "gamma": 0.043267472279280156}, "datetime": {"datetime": "2021-09-28 19:06:47", "elapsed": 64.673124, "delta": 0.715011}}
{"target": -34.71690184456148, "params": {"C": 8979.599235474183, "gamma": 0.02429613185199803}, "datetime": {"datetime": "2021-09-28 19:06:48", "elapsed": 65.364541, "delta": 0.691417}}
{"target": -35.037533738414076, "params": {"C": 8519.613501674237, "gamma": 0.05416862689284891}, "datetime": {"datetime": "2021-09-28 19:06:49", "elapsed": 65.996437, "delta": 0.631896}}
{"target": -35.2364362738809, "params": {"C": 8307.908603623691, "gamma": 0.06519789442610592}, "datetime": {"datetime": "2021-09-28 19:06:49", "elapsed": 66.741995, "delta": 0.745558}}
{"target": -35.38975571187246, "params": {"C": 8050.390214735799, "gamma": 0.07339400526726884}, "datetime": {"datetime": "2021-09-28 19:06:50", "elapsed": 67.35443, "delta": 0.612435}}
{"target": -34.79097780785203, "params": {"C": 8803.226839335739, "gamma": 0.04033239735665152}, "datetime": {"datetime": "2021-09-28 19:06:51", "elapsed": 68.245242, "delta": 0.890812}}
{"target": -35.52359477521497, "params": {"C": 7537.488025649398, "gamma": 0.010832528253336894}, "datetime": {"datetime": "2021-09-28 19:06:52", "elapsed": 69.000577, "delta": 0.755335}}
{"target": -35.29765974021445, "params": {"C": 8879.499580339567, "gamma": 0.0682758171060925}, "datetime": {"datetime": "2021-09-28 19:06:52", "elapsed": 69.614123, "delta": 0.613546}}
{"target": -34.76731098628662, "params": {"C": 8635.26104255236, "gamma": 0.02212720429212684}, "datetime": {"datetime": "2021-09-28 19:06:53", "elapsed": 70.24552, "delta": 0.631397}}
{"target": -34.723846577427864, "params": {"C": 7563.945619264612, "gamma": 0.03392836819172721}, "datetime": {"datetime": "2021-09-28 19:06:54", "elapsed": 70.894971, "delta": 0.649451}}
{"target": -34.77121306673616, "params": {"C": 7282.578105614562, "gamma": 0.027205459623241914}, "datetime": {"datetime": "2021-09-28 19:06:54", "elapsed": 71.692055, "delta": 0.797084}}
{"target": -34.68535157074791, "params": {"C": 8584.900641732904, "gamma": 0.0315715874372467}, "datetime": {"datetime": "2021-09-28 19:06:55", "elapsed": 72.319221, "delta": 0.627166}}
{"target": -34.87836573890613, "params": {"C": 7625.398153490956, "gamma": 0.019029605552274134}, "datetime": {"datetime": "2021-09-28 19:06:56", "elapsed": 73.13247, "delta": 0.813249}}
{"target": -35.01692181800308, "params": {"C": 8712.184502446853, "gamma": 0.05284975579244941}, "datetime": {"datetime": "2021-09-28 19:06:57", "elapsed": 73.774261, "delta": 0.641791}}
{"target": -34.767562254554086, "params": {"C": 7118.472771293429, "gamma": 0.02867735002327222}, "datetime": {"datetime": "2021-09-28 19:06:57", "elapsed": 74.48435, "delta": 0.710089}}
{"target": -34.72025242627332, "params": {"C": 8348.218059070317, "gamma": 0.02645105651374991}, "datetime": {"datetime": "2021-09-28 19:06:58", "elapsed": 75.355124, "delta": 0.870774}}
{"target": -34.92336545218454, "params": {"C": 8884.33380531103, "gamma": 0.04757004254317534}, "datetime": {"datetime": "2021-09-28 19:06:59", "elapsed": 76.029406, "delta": 0.674282}}
{"target": -34.7429069813488, "params": {"C": 7193.8817576258725, "gamma": 0.03521003379161038}, "datetime": {"datetime": "2021-09-28 19:06:59", "elapsed": 76.678006, "delta": 0.6486}}
{"target": -35.21834383851681, "params": {"C": 7620.264878724512, "gamma": 0.06433817014829213}, "datetime": {"datetime": "2021-09-28 19:07:00", "elapsed": 77.333008, "delta": 0.655002}}
{"target": -34.810001124767304, "params": {"C": 7000.559358400904, "gamma": 0.024951874190538792}, "datetime": {"datetime": "2021-09-28 19:07:01", "elapsed": 78.115158, "delta": 0.78215}}
{"target": -35.04443198769284, "params": {"C": 8128.866113534521, "gamma": 0.054913238486607285}, "datetime": {"datetime": "2021-09-28 19:07:02", "elapsed": 78.809723, "delta": 0.694565}}
{"target": -35.21636899946038, "params": {"C": 7375.126224580899, "gamma": 0.06424778010977995}, "datetime": {"datetime": "2021-09-28 19:07:02", "elapsed": 79.497489, "delta": 0.687766}}
{"target": -35.084490094212406, "params": {"C": 8969.049390892818, "gamma": 0.05640376550917848}, "datetime": {"datetime": "2021-09-28 19:07:03", "elapsed": 80.225454, "delta": 0.727965}}
{"target": -34.912116409475956, "params": {"C": 7605.772991398757, "gamma": 0.04773011932280501}, "datetime": {"datetime": "2021-09-28 19:07:04", "elapsed": 80.895016, "delta": 0.669562}}
{"target": -35.60910925617647, "params": {"C": 8296.39945831176, "gamma": 0.00971572924767673}, "datetime": {"datetime": "2021-09-28 19:07:04", "elapsed": 81.683654, "delta": 0.788638}}
{"target": -35.110180048539426, "params": {"C": 7396.541639494032, "gamma": 0.0585710987993137}, "datetime": {"datetime": "2021-09-28 19:07:05", "elapsed": 82.54413, "delta": 0.860476}}
{"target": -35.50913643180127, "params": {"C": 8507.453514048655, "gamma": 0.07853582066758598}, "datetime": {"datetime": "2021-09-28 19:07:06", "elapsed": 83.564564, "delta": 1.020434}}
{"target": -35.22401329426095, "params": {"C": 8320.865801272585, "gamma": 0.06453698650599982}, "datetime": {"datetime": "2021-09-28 19:07:07", "elapsed": 84.384878, "delta": 0.820314}}
{"target": -34.780790759097854, "params": {"C": 7337.375634670629, "gamma": 0.02596692412458159}, "datetime": {"datetime": "2021-09-28 19:07:08", "elapsed": 85.099308, "delta": 0.71443}}
{"target": -35.19761424794521, "params": {"C": 7861.515979252458, "gamma": 0.06320490868462986}, "datetime": {"datetime": "2021-09-28 19:07:09", "elapsed": 85.988261, "delta": 0.888953}}
{"target": -35.273668185390974, "params": {"C": 7498.059130329223, "gamma": 0.06738959269553975}, "datetime": {"datetime": "2021-09-28 19:07:10", "elapsed": 86.847836, "delta": 0.859575}}
{"target": -34.712851392064465, "params": {"C": 8168.114872233555, "gamma": 0.03448989812925375}, "datetime": {"datetime": "2021-09-28 19:07:10", "elapsed": 87.646415, "delta": 0.798579}}
{"target": -34.97090306916925, "params": {"C": 7855.559758023949, "gamma": 0.05091864179060422}, "datetime": {"datetime": "2021-09-28 19:07:11", "elapsed": 88.484678, "delta": 0.838263}}
{"target": -35.53200566163394, "params": {"C": 8623.235725535358, "gamma": 0.0791272959719713}, "datetime": {"datetime": "2021-09-28 19:07:12", "elapsed": 89.221238, "delta": 0.73656}}
{"target": -36.0233987058079, "params": {"C": 8619.984011928746, "gamma": 0.005755802950707521}, "datetime": {"datetime": "2021-09-28 19:07:13", "elapsed": 89.923994, "delta": 0.702756}}
{"target": -34.899040891589756, "params": {"C": 8997.294526822387, "gamma": 0.046178874566199825}, "datetime": {"datetime": "2021-09-28 19:07:13", "elapsed": 90.604031, "delta": 0.680037}}
{"target": -34.96083309283444, "params": {"C": 8209.145521979946, "gamma": 0.016855225984906474}, "datetime": {"datetime": "2021-09-28 19:07:14", "elapsed": 91.66686, "delta": 1.062829}}
{"target": -35.32658614696116, "params": {"C": 7765.427694592779, "gamma": 0.07028751502527163}, "datetime": {"datetime": "2021-09-28 19:07:15", "elapsed": 92.36451, "delta": 0.69765}}
{"target": -34.801306659449445, "params": {"C": 8052.979953711561, "gamma": 0.0412103938842178}, "datetime": {"datetime": "2021-09-28 19:07:16", "elapsed": 93.068383, "delta": 0.703873}}
{"target": -34.77879630407248, "params": {"C": 7672.343408413183, "gamma": 0.03983558066322743}, "datetime": {"datetime": "2021-09-28 19:07:17", "elapsed": 93.766338, "delta": 0.697955}}
{"target": -35.94210589699013, "params": {"C": 8543.69800962566, "gamma": 0.006535984230848092}, "datetime": {"datetime": "2021-09-28 19:07:17", "elapsed": 94.470991, "delta": 0.704653}}
{"target": -35.537729068403884, "params": {"C": 8871.159189282951, "gamma": 0.07903856722516184}, "datetime": {"datetime": "2021-09-28 19:07:18", "elapsed": 95.167681, "delta": 0.69669}}
{"target": -35.47784864029851, "params": {"C": 7724.892554709568, "gamma": 0.011232268291834994}, "datetime": {"datetime": "2021-09-28 19:07:19", "elapsed": 96.030183, "delta": 0.862502}}
{"target": -34.79196291700358, "params": {"C": 7446.447783824362, "gamma": 0.024474058802112456}, "datetime": {"datetime": "2021-09-28 19:07:19", "elapsed": 96.763813, "delta": 0.73363}}
{"target": -35.51396172850956, "params": {"C": 7650.313183947782, "gamma": 0.07909940042272433}, "datetime": {"datetime": "2021-09-28 19:07:20", "elapsed": 97.427835, "delta": 0.664022}}
{"target": -34.67427133328454, "params": {"C": 8793.750737295857, "gamma": 0.02895367350935459}, "datetime": {"datetime": "2021-09-28 19:07:21", "elapsed": 98.123964, "delta": 0.696129}}
{"target": -34.81466386141502, "params": {"C": 8899.983537937016, "gamma": 0.01921140173969542}, "datetime": {"datetime": "2021-09-28 19:07:22", "elapsed": 98.85291, "delta": 0.728946}}
{"target": -34.83708440206699, "params": {"C": 8253.936472831312, "gamma": 0.019475854254889576}, "datetime": {"datetime": "2021-09-28 19:07:22", "elapsed": 99.58485, "delta": 0.73194}}
{"target": -35.09960118706058, "params": {"C": 8589.64089546771, "gamma": 0.05764009408795837}, "datetime": {"datetime": "2021-09-28 19:07:23", "elapsed": 100.44801, "delta": 0.86316}}
{"target": -34.792822914408454, "params": {"C": 8654.639053570556, "gamma": 0.020701146714498415}, "datetime": {"datetime": "2021-09-28 19:07:24", "elapsed": 101.19866, "delta": 0.75065}}
{"target": -34.80323949629259, "params": {"C": 7487.92143137372, "gamma": 0.023404108528090432}, "datetime": {"datetime": "2021-09-28 19:07:25", "elapsed": 101.975313, "delta": 0.776653}}
{"target": -34.74292190635461, "params": {"C": 8420.864996552857, "gamma": 0.02441562607641}, "datetime": {"datetime": "2021-09-28 19:07:26", "elapsed": 102.885142, "delta": 0.909829}}
{"target": -35.019357609398135, "params": {"C": 7799.459209479171, "gamma": 0.016405161084435925}, "datetime": {"datetime": "2021-09-28 19:07:26", "elapsed": 103.645813, "delta": 0.760671}}
{"target": -35.51567250993828, "params": {"C": 8958.364373465236, "gamma": 0.07823398119155033}, "datetime": {"datetime": "2021-09-28 19:07:27", "elapsed": 104.622809, "delta": 0.976996}}
{"target": -34.77465711030408, "params": {"C": 7994.669525820084, "gamma": 0.03969621056082799}, "datetime": {"datetime": "2021-09-28 19:07:28", "elapsed": 105.413858, "delta": 0.791049}}
{"target": -34.80154209971658, "params": {"C": 7885.599106951099, "gamma": 0.02218441260422303}, "datetime": {"datetime": "2021-09-28 19:07:29", "elapsed": 106.295554, "delta": 0.881696}}
{"target": -35.106726371111, "params": {"C": 8330.318021774347, "gamma": 0.05832719917444838}, "datetime": {"datetime": "2021-09-28 19:07:30", "elapsed": 107.062316, "delta": 0.766762}}
{"target": -34.844662584890564, "params": {"C": 7276.96406513281, "gamma": 0.04395545423299609}, "datetime": {"datetime": "2021-09-28 19:07:31", "elapsed": 107.889614, "delta": 0.827298}}
{"target": -34.840639098280235, "params": {"C": 7836.932183911642, "gamma": 0.020229683239130786}, "datetime": {"datetime": "2021-09-28 19:07:31", "elapsed": 108.720937, "delta": 0.831323}}
{"target": -34.75714860554804, "params": {"C": 7720.690453625904, "gamma": 0.038195596988638426}, "datetime": {"datetime": "2021-09-28 19:07:32", "elapsed": 109.531699, "delta": 0.810762}}
{"target": -36.22163483764142, "params": {"C": 8727.300822306073, "gamma": 0.0034107614044105233}, "datetime": {"datetime": "2021-09-28 19:07:33", "elapsed": 110.276404, "delta": 0.744705}}
{"target": -34.75302862733024, "params": {"C": 7819.795185203955, "gamma": 0.03800308942748575}, "datetime": {"datetime": "2021-09-28 19:07:34", "elapsed": 111.117991, "delta": 0.841587}}
{"target": -34.72010880717981, "params": {"C": 8208.382578802026, "gamma": 0.03569497233171077}, "datetime": {"datetime": "2021-09-28 19:07:35", "elapsed": 111.994585, "delta": 0.876594}}
{"target": -34.98288238878504, "params": {"C": 7591.043337365379, "gamma": 0.017054313426654578}, "datetime": {"datetime": "2021-09-28 19:07:36", "elapsed": 112.809879, "delta": 0.815294}}
{"target": -35.000966589935686, "params": {"C": 8106.912086445261, "gamma": 0.0524391596831833}, "datetime": {"datetime": "2021-09-28 19:07:36", "elapsed": 113.761057, "delta": 0.951178}}
{"target": -34.76542065729695, "params": {"C": 7344.332427553167, "gamma": 0.038319813018538845}, "datetime": {"datetime": "2021-09-28 19:07:37", "elapsed": 114.516951, "delta": 0.755894}}
{"target": -35.317037458948846, "params": {"C": 8966.477791139767, "gamma": 0.06927631086112576}, "datetime": {"datetime": "2021-09-28 19:07:38", "elapsed": 115.645332, "delta": 1.128381}}
{"target": -35.21363697453413, "params": {"C": 7662.396969542936, "gamma": 0.06408026793472338}, "datetime": {"datetime": "2021-09-28 19:07:39", "elapsed": 116.447922, "delta": 0.80259}}
{"target": -35.12891028032983, "params": {"C": 8712.241390715244, "gamma": 0.05919954524064385}, "datetime": {"datetime": "2021-09-28 19:07:40", "elapsed": 117.304314, "delta": 0.856392}}
{"target": -35.20095768054201, "params": {"C": 8916.47286294824, "gamma": 0.06316929231561154}, "datetime": {"datetime": "2021-09-28 19:07:41", "elapsed": 118.433902, "delta": 1.129588}}
{"target": -34.90161637847876, "params": {"C": 7765.47290050075, "gamma": 0.01814558305771082}, "datetime": {"datetime": "2021-09-28 19:07:42", "elapsed": 119.275868, "delta": 0.841966}}
{"target": -35.45185944230632, "params": {"C": 8953.1215380876, "gamma": 0.07589804894440152}, "datetime": {"datetime": "2021-09-28 19:07:43", "elapsed": 120.107104, "delta": 0.831236}}
{"target": -35.40286605299974, "params": {"C": 8648.946452692126, "gamma": 0.073735421358459}, "datetime": {"datetime": "2021-09-28 19:07:44", "elapsed": 121.376755, "delta": 1.269651}}
{"target": -34.719836652831646, "params": {"C": 7821.342599477963, "gamma": 0.029329214100621386}, "datetime": {"datetime": "2021-09-28 19:07:45", "elapsed": 122.503212, "delta": 1.126457}}
{"target": -34.83902257183099, "params": {"C": 8499.595404734247, "gamma": 0.01889795922924715}, "datetime": {"datetime": "2021-09-28 19:07:46", "elapsed": 123.402763, "delta": 0.899551}}
{"target": -35.082056836813166, "params": {"C": 7815.116718495007, "gamma": 0.05716725943143977}, "datetime": {"datetime": "2021-09-28 19:07:47", "elapsed": 124.582204, "delta": 1.179441}}
{"target": -34.83751276212893, "params": {"C": 7347.695902160037, "gamma": 0.02169780479626763}, "datetime": {"datetime": "2021-09-28 19:07:48", "elapsed": 125.455118, "delta": 0.872914}}
{"target": -35.84755006990492, "params": {"C": 7514.908657894046, "gamma": 0.007469249644462619}, "datetime": {"datetime": "2021-09-28 19:07:49", "elapsed": 126.474638, "delta": 1.01952}}
{"target": -34.77605388343911, "params": {"C": 7626.825396534532, "gamma": 0.039561322671944475}, "datetime": {"datetime": "2021-09-28 19:07:50", "elapsed": 127.307464, "delta": 0.832826}}
{"target": -34.69451002456825, "params": {"C": 8081.986261697318, "gamma": 0.03060599278263082}, "datetime": {"datetime": "2021-09-28 19:07:51", "elapsed": 128.111632, "delta": 0.804168}}
{"target": -35.24730025149921, "params": {"C": 8593.078134893965, "gamma": 0.06570085987097486}, "datetime": {"datetime": "2021-09-28 19:07:52", "elapsed": 129.046037, "delta": 0.934405}}
{"target": -34.782424121983, "params": {"C": 7019.887906331787, "gamma": 0.03919773047075062}, "datetime": {"datetime": "2021-09-28 19:07:53", "elapsed": 129.959481, "delta": 0.913444}}
{"target": -35.37248946627962, "params": {"C": 8622.66926841477, "gamma": 0.0722526301643557}, "datetime": {"datetime": "2021-09-28 19:07:54", "elapsed": 131.156371, "delta": 1.19689}}
{"target": -35.19447780821096, "params": {"C": 8855.878630739391, "gamma": 0.06286405193811949}, "datetime": {"datetime": "2021-09-28 19:07:55", "elapsed": 132.106416, "delta": 0.950045}}
{"target": -35.30218970827726, "params": {"C": 8860.488397794243, "gamma": 0.06852602095755195}, "datetime": {"datetime": "2021-09-28 19:07:56", "elapsed": 133.536927, "delta": 1.430511}}
{"target": -34.79757906861362, "params": {"C": 7752.258742947118, "gamma": 0.022864629562096114}, "datetime": {"datetime": "2021-09-28 19:07:58", "elapsed": 135.115871, "delta": 1.578944}}
{"target": -34.82557895274595, "params": {"C": 7679.128554765676, "gamma": 0.02143096883029656}, "datetime": {"datetime": "2021-09-28 19:07:59", "elapsed": 136.125708, "delta": 1.009837}}
{"target": -34.81550986274154, "params": {"C": 7207.096973823147, "gamma": 0.041960619178932436}, "datetime": {"datetime": "2021-09-28 19:08:00", "elapsed": 136.955455, "delta": 0.829747}}
{"target": -34.7671517328146, "params": {"C": 7491.314381024284, "gamma": 0.03867117726650462}, "datetime": {"datetime": "2021-09-28 19:08:01", "elapsed": 138.163282, "delta": 1.207827}}
{"target": -35.150310343900756, "params": {"C": 7577.753209669657, "gamma": 0.06070332044034016}, "datetime": {"datetime": "2021-09-28 19:08:02", "elapsed": 139.163294, "delta": 1.000012}}
{"target": -34.71839092229623, "params": {"C": 8092.015273557668, "gamma": 0.0350330828651581}, "datetime": {"datetime": "2021-09-28 19:08:03", "elapsed": 140.129574, "delta": 0.96628}}
{"target": -35.44821709486974, "params": {"C": 8807.843768837287, "gamma": 0.07587115812232983}, "datetime": {"datetime": "2021-09-28 19:08:04", "elapsed": 141.27152, "delta": 1.141946}}
{"target": -35.30921277346761, "params": {"C": 7108.2359150534, "gamma": 0.06947608708886233}, "datetime": {"datetime": "2021-09-28 19:08:06", "elapsed": 142.768122, "delta": 1.496602}}
{"target": -35.881835026197265, "params": {"C": 7754.733473337272, "gamma": 0.0071249256149967365}, "datetime": {"datetime": "2021-09-28 19:08:06", "elapsed": 143.733998, "delta": 0.965876}}
{"target": -34.69825527743028, "params": {"C": 8424.671205519364, "gamma": 0.03316477164663843}, "datetime": {"datetime": "2021-09-28 19:08:08", "elapsed": 144.908413, "delta": 1.174415}}
{"target": -35.235391460393835, "params": {"C": 7219.0881488256155, "gamma": 0.014181000226115958}, "datetime": {"datetime": "2021-09-28 19:08:09", "elapsed": 146.414886, "delta": 1.506473}}
{"target": -35.12027252053679, "params": {"C": 7789.393139491064, "gamma": 0.05914087474929255}, "datetime": {"datetime": "2021-09-28 19:08:10", "elapsed": 147.559029, "delta": 1.144143}}
{"target": -34.96995678991158, "params": {"C": 8188.488213864471, "gamma": 0.050615911041410465}, "datetime": {"datetime": "2021-09-28 19:08:11", "elapsed": 148.460937, "delta": 0.901908}}
{"target": -34.73414635686076, "params": {"C": 7648.056323667585, "gamma": 0.0356885687759616}, "datetime": {"datetime": "2021-09-28 19:08:12", "elapsed": 149.379031, "delta": 0.918094}}
{"target": -35.32382143122986, "params": {"C": 8813.05364574968, "gamma": 0.012278492208859713}, "datetime": {"datetime": "2021-09-28 19:08:14", "elapsed": 150.953781, "delta": 1.57475}}
{"target": -35.41313606065826, "params": {"C": 8401.811295949978, "gamma": 0.07438547064892498}, "datetime": {"datetime": "2021-09-28 19:08:15", "elapsed": 151.872211, "delta": 0.91843}}
{"target": -35.22443558547853, "params": {"C": 8559.383676271189, "gamma": 0.013438088413466855}, "datetime": {"datetime": "2021-09-28 19:08:16", "elapsed": 152.833235, "delta": 0.961024}}
{"target": -35.05998342573103, "params": {"C": 8483.536316546053, "gamma": 0.055475859574753456}, "datetime": {"datetime": "2021-09-28 19:08:17", "elapsed": 154.478136, "delta": 1.644901}}
{"target": -35.93230731137418, "params": {"C": 8499.258400378176, "gamma": 0.006626811268599542}, "datetime": {"datetime": "2021-09-28 19:08:19", "elapsed": 155.956171, "delta": 1.478035}}
{"target": -35.089835065990954, "params": {"C": 8249.844243041149, "gamma": 0.05742672953488737}, "datetime": {"datetime": "2021-09-28 19:08:20", "elapsed": 157.235811, "delta": 1.27964}}
{"target": -35.1298098014676, "params": {"C": 8309.010430706558, "gamma": 0.05964225024313507}, "datetime": {"datetime": "2021-09-28 19:08:21", "elapsed": 158.245376, "delta": 1.009565}}
{"target": -34.76982275479427, "params": {"C": 8262.132826266152, "gamma": 0.03932239590243249}, "datetime": {"datetime": "2021-09-28 19:08:22", "elapsed": 159.495942, "delta": 1.250566}}
{"target": -34.794451186401595, "params": {"C": 8716.003224867605, "gamma": 0.02048988607910124}, "datetime": {"datetime": "2021-09-28 19:08:23", "elapsed": 160.47749, "delta": 0.981548}}
{"target": -35.13793864368374, "params": {"C": 7789.619641606008, "gamma": 0.060061728000194874}, "datetime": {"datetime": "2021-09-28 19:08:24", "elapsed": 161.504531, "delta": 1.027041}}
{"target": -34.696477987360495, "params": {"C": 8496.65994312499, "gamma": 0.033150097104101016}, "datetime": {"datetime": "2021-09-28 19:08:26", "elapsed": 163.193062, "delta": 1.688531}}
{"target": -35.993840468005786, "params": {"C": 7701.598862571074, "gamma": 0.005981525419016904}, "datetime": {"datetime": "2021-09-28 19:08:28", "elapsed": 164.770235, "delta": 1.577173}}
{"target": -36.161050006823174, "params": {"C": 7275.97317269414, "gamma": 0.003916310864893623}, "datetime": {"datetime": "2021-09-28 19:08:28", "elapsed": 165.759341, "delta": 0.989106}}
{"target": -35.022563542294655, "params": {"C": 7272.160803047878, "gamma": 0.05397799287584345}, "datetime": {"datetime": "2021-09-28 19:08:29", "elapsed": 166.7579, "delta": 0.998559}}
