{"target": -40.96623845719791, "params": {"C": 2539.1205678555475, "gamma": 0.02252409228252164}, "datetime": {"datetime": "2021-09-29 20:47:01", "elapsed": 92.396541, "delta": 0.778008}}
{"target": -40.866967417594616, "params": {"C": 3417.504067392292, "gamma": 0.023399849506649487}, "datetime": {"datetime": "2021-09-29 20:47:02", "elapsed": 93.249496, "delta": 0.852955}}
{"target": -40.80684313134351, "params": {"C": 3633.1791223274126, "gamma": 0.02831940932429359}, "datetime": {"datetime": "2021-09-29 20:47:02", "elapsed": 94.059461, "delta": 0.809965}}
{"target": -40.820614765801906, "params": {"C": 3637.9661157718656, "gamma": 0.03248152114393228}, "datetime": {"datetime": "2021-09-29 20:47:03", "elapsed": 94.868463, "delta": 0.809002}}
{"target": -40.85335216694408, "params": {"C": 3694.278963686739, "gamma": 0.035025763189683895}, "datetime": {"datetime": "2021-09-29 20:47:04", "elapsed": 95.690464, "delta": 0.822001}}
{"target": -44.276931943202044, "params": {"C": 2829.488899434255, "gamma": 0.0013}, "datetime": {"datetime": "2021-09-29 20:47:05", "elapsed": 96.463729, "delta": 0.773265}}
{"target": -40.87710492379677, "params": {"C": 3777.7564687361446, "gamma": 0.022338141614764884}, "datetime": {"datetime": "2021-09-29 20:47:06", "elapsed": 97.263731, "delta": 0.800002}}
{"target": -41.02006434469453, "params": {"C": 3676.233376821128, "gamma": 0.043272744389743906}, "datetime": {"datetime": "2021-09-29 20:47:07", "elapsed": 98.256858, "delta": 0.993127}}
{"target": -40.80829268877777, "params": {"C": 2544.761243794143, "gamma": 0.03392454659198863}, "datetime": {"datetime": "2021-09-29 20:47:07", "elapsed": 99.072542, "delta": 0.815684}}
{"target": -40.904227386527864, "params": {"C": 3463.7059812335774, "gamma": 0.021781881870808782}, "datetime": {"datetime": "2021-09-29 20:47:08", "elapsed": 99.864536, "delta": 0.791994}}
{"target": -40.935796776698005, "params": {"C": 3864.4852603339323, "gamma": 0.03865668669570176}, "datetime": {"datetime": "2021-09-29 20:47:09", "elapsed": 100.628725, "delta": 0.764189}}
{"target": -40.89585397871589, "params": {"C": 3909.5791197306726, "gamma": 0.03644133216433269}, "datetime": {"datetime": "2021-09-29 20:47:10", "elapsed": 101.567722, "delta": 0.938997}}
{"target": -41.06209904515957, "params": {"C": 2883.858462325595, "gamma": 0.05}, "datetime": {"datetime": "2021-09-29 20:47:11", "elapsed": 102.441398, "delta": 0.873676}}
{"target": -40.90515784483314, "params": {"C": 3615.9604191187254, "gamma": 0.03852251169644621}, "datetime": {"datetime": "2021-09-29 20:47:12", "elapsed": 103.226399, "delta": 0.785001}}
{"target": -40.80401837547453, "params": {"C": 3163.8337712242665, "gamma": 0.02898510513322757}, "datetime": {"datetime": "2021-09-29 20:47:13", "elapsed": 104.224452, "delta": 0.998053}}
{"target": -40.83744577844842, "params": {"C": 2966.8336696003144, "gamma": 0.03761983559299978}, "datetime": {"datetime": "2021-09-29 20:47:14", "elapsed": 105.108858, "delta": 0.884406}}
{"target": -41.93196890192396, "params": {"C": 3580.56996574415, "gamma": 0.006593074034835756}, "datetime": {"datetime": "2021-09-29 20:47:14", "elapsed": 105.885863, "delta": 0.777005}}
{"target": -40.843561807419036, "params": {"C": 3477.1845061662457, "gamma": 0.024520076900889403}, "datetime": {"datetime": "2021-09-29 20:47:15", "elapsed": 106.756752, "delta": 0.870889}}
{"target": -40.809403162766216, "params": {"C": 3788.4057006255257, "gamma": 0.028270043476385086}, "datetime": {"datetime": "2021-09-29 20:47:16", "elapsed": 107.579789, "delta": 0.823037}}
{"target": -41.22357426073218, "params": {"C": 3399.173821648878, "gamma": 0.014689541140162146}, "datetime": {"datetime": "2021-09-29 20:47:17", "elapsed": 108.559297, "delta": 0.979508}}
{"target": -41.21472881962409, "params": {"C": 3698.990165362552, "gamma": 0.05}, "datetime": {"datetime": "2021-09-29 20:47:18", "elapsed": 109.443928, "delta": 0.884631}}
{"target": -41.01211213247542, "params": {"C": 2533.2883851763427, "gamma": 0.05}, "datetime": {"datetime": "2021-09-29 20:47:19", "elapsed": 110.260119, "delta": 0.816191}}
{"target": -41.2941343052152, "params": {"C": 2609.7814056234192, "gamma": 0.015299976205231883}, "datetime": {"datetime": "2021-09-29 20:47:20", "elapsed": 111.119123, "delta": 0.859004}}
{"target": -40.80396382736684, "params": {"C": 3196.129822130427, "gamma": 0.028918278061756304}, "datetime": {"datetime": "2021-09-29 20:47:21", "elapsed": 112.133862, "delta": 1.014739}}
{"target": -40.811106540396004, "params": {"C": 3804.9883200729564, "gamma": 0.027601565742256775}, "datetime": {"datetime": "2021-09-29 20:47:21", "elapsed": 112.993618, "delta": 0.859756}}
{"target": -43.996260745034, "params": {"C": 3306.7537690139798, "gamma": 0.0013}, "datetime": {"datetime": "2021-09-29 20:47:22", "elapsed": 113.848618, "delta": 0.855}}
{"target": -41.07418517769522, "params": {"C": 3296.951950448696, "gamma": 0.017581222712345357}, "datetime": {"datetime": "2021-09-29 20:47:23", "elapsed": 114.77159, "delta": 0.922972}}
{"target": -41.103890723010856, "params": {"C": 3331.090329909094, "gamma": 0.04862855194558505}, "datetime": {"datetime": "2021-09-29 20:47:24", "elapsed": 115.716624, "delta": 0.945034}}
{"target": -41.53869054820828, "params": {"C": 3339.3304122028103, "gamma": 0.010574729235916066}, "datetime": {"datetime": "2021-09-29 20:47:25", "elapsed": 116.575922, "delta": 0.859298}}
{"target": -40.83650438629056, "params": {"C": 3689.700313829563, "gamma": 0.02465325985155476}, "datetime": {"datetime": "2021-09-29 20:47:26", "elapsed": 117.522927, "delta": 0.947005}}
{"target": -41.16505296008043, "params": {"C": 3923.036020298488, "gamma": 0.04693508818579018}, "datetime": {"datetime": "2021-09-29 20:47:27", "elapsed": 118.56869, "delta": 1.045763}}
{"target": -40.80972877858179, "params": {"C": 3379.4749875545585, "gamma": 0.02761206830872205}, "datetime": {"datetime": "2021-09-29 20:47:28", "elapsed": 119.494049, "delta": 0.925359}}
{"target": -41.20601915424535, "params": {"C": 3593.781043553644, "gamma": 0.014678239160319267}, "datetime": {"datetime": "2021-09-29 20:47:29", "elapsed": 120.585565, "delta": 1.091516}}
{"target": -40.80862405818344, "params": {"C": 2921.8233287966546, "gamma": 0.034600628014029355}, "datetime": {"datetime": "2021-09-29 20:47:30", "elapsed": 121.529948, "delta": 0.944383}}
{"target": -40.81812929344284, "params": {"C": 2764.742659274164, "gamma": 0.03643646243248082}, "datetime": {"datetime": "2021-09-29 20:47:31", "elapsed": 122.484199, "delta": 0.954251}}
{"target": -40.80258700988124, "params": {"C": 3362.1243061025675, "gamma": 0.02913960106339207}, "datetime": {"datetime": "2021-09-29 20:47:32", "elapsed": 124.089365, "delta": 1.605166}}
{"target": -40.81593138374974, "params": {"C": 3990.7200199016106, "gamma": 0.027006391941804854}, "datetime": {"datetime": "2021-09-29 20:47:34", "elapsed": 125.212325, "delta": 1.12296}}
{"target": -40.83748416756815, "params": {"C": 2976.674540159448, "gamma": 0.03757777103168672}, "datetime": {"datetime": "2021-09-29 20:47:35", "elapsed": 126.231167, "delta": 1.018842}}
{"target": -41.35607929557953, "params": {"C": 2682.119095720238, "gamma": 0.0141732384759066}, "datetime": {"datetime": "2021-09-29 20:47:35", "elapsed": 126.988173, "delta": 0.757006}}
{"target": -40.963942010619306, "params": {"C": 3445.133906727966, "gamma": 0.04229569268530992}, "datetime": {"datetime": "2021-09-29 20:47:36", "elapsed": 127.717172, "delta": 0.728999}}
{"target": -40.880578790649174, "params": {"C": 3713.6378090120484, "gamma": 0.03664594244312653}, "datetime": {"datetime": "2021-09-29 20:47:37", "elapsed": 128.677347, "delta": 0.960175}}
{"target": -44.14582160459027, "params": {"C": 3013.0864604739936, "gamma": 0.001312226016784294}, "datetime": {"datetime": "2021-09-29 20:47:38", "elapsed": 129.48501, "delta": 0.807663}}
{"target": -40.9332274062246, "params": {"C": 3147.9558354912465, "gamma": 0.042588278385608434}, "datetime": {"datetime": "2021-09-29 20:47:39", "elapsed": 130.350285, "delta": 0.865275}}
{"target": -42.54988185160218, "params": {"C": 3844.528795462963, "gamma": 0.003173948794770031}, "datetime": {"datetime": "2021-09-29 20:47:40", "elapsed": 131.158279, "delta": 0.807994}}
{"target": -40.86477823580625, "params": {"C": 3834.6108957307815, "gamma": 0.022835584193846983}, "datetime": {"datetime": "2021-09-29 20:47:40", "elapsed": 132.087283, "delta": 0.929004}}
{"target": -43.73315533160087, "params": {"C": 3854.492409070381, "gamma": 0.0013}, "datetime": {"datetime": "2021-09-29 20:47:42", "elapsed": 133.352765, "delta": 1.265482}}
{"target": -41.08801347904998, "params": {"C": 3873.716951132587, "gamma": 0.0446218736890547}, "datetime": {"datetime": "2021-09-29 20:47:43", "elapsed": 134.378774, "delta": 1.026009}}
{"target": -40.88338332722168, "params": {"C": 3813.8690967766515, "gamma": 0.036265843771045685}, "datetime": {"datetime": "2021-09-29 20:47:44", "elapsed": 135.320777, "delta": 0.942003}}
{"target": -41.462015662288835, "params": {"C": 3214.187801936556, "gamma": 0.011668364099173857}, "datetime": {"datetime": "2021-09-29 20:47:45", "elapsed": 136.17495, "delta": 0.854173}}
{"target": -41.9460664676302, "params": {"C": 3206.4785032297273, "gamma": 0.0069661089934771585}, "datetime": {"datetime": "2021-09-29 20:47:45", "elapsed": 137.073949, "delta": 0.898999}}
{"target": -40.823967408985, "params": {"C": 2702.2691169930563, "gamma": 0.037308337599728056}, "datetime": {"datetime": "2021-09-29 20:47:47", "elapsed": 138.108954, "delta": 1.035005}}
{"target": -44.072328672391485, "params": {"C": 3167.97298967975, "gamma": 0.0013}, "datetime": {"datetime": "2021-09-29 20:47:48", "elapsed": 139.121206, "delta": 1.012252}}
{"target": -40.843486703146674, "params": {"C": 3160.680659301859, "gamma": 0.037162664662850675}, "datetime": {"datetime": "2021-09-29 20:47:49", "elapsed": 140.201495, "delta": 1.080289}}
{"target": -41.57404655691674, "params": {"C": 3288.5039535083124, "gamma": 0.010257879763819498}, "datetime": {"datetime": "2021-09-29 20:47:50", "elapsed": 141.232499, "delta": 1.031004}}
{"target": -43.00104885752861, "params": {"C": 3280.9359287162906, "gamma": 0.002507237179901485}, "datetime": {"datetime": "2021-09-29 20:47:51", "elapsed": 142.378657, "delta": 1.146158}}
{"target": -40.835192005226126, "params": {"C": 3055.6369637804846, "gamma": 0.03701014757822479}, "datetime": {"datetime": "2021-09-29 20:47:52", "elapsed": 143.362946, "delta": 0.984289}}
{"target": -43.27793415606685, "params": {"C": 3628.929317756622, "gamma": 0.001854205154493303}, "datetime": {"datetime": "2021-09-29 20:47:53", "elapsed": 144.487652, "delta": 1.124706}}
{"target": -40.801456867630144, "params": {"C": 2800.1803618777276, "gamma": 0.03198242209977034}, "datetime": {"datetime": "2021-09-29 20:47:54", "elapsed": 145.653652, "delta": 1.166}}
{"target": -40.89104841712113, "params": {"C": 2628.8466547079297, "gamma": 0.04298594554677297}, "datetime": {"datetime": "2021-09-29 20:47:55", "elapsed": 146.776383, "delta": 1.122731}}
{"target": -41.140283783826945, "params": {"C": 3517.401378311549, "gamma": 0.04869961722548964}, "datetime": {"datetime": "2021-09-29 20:47:57", "elapsed": 148.133766, "delta": 1.357383}}
{"target": -41.008698762182135, "params": {"C": 2515.162576663529, "gamma": 0.04994057016283001}, "datetime": {"datetime": "2021-09-29 20:47:58", "elapsed": 149.185907, "delta": 1.052141}}
{"target": -40.868836914514475, "params": {"C": 3888.1587768593417, "gamma": 0.034999910810344904}, "datetime": {"datetime": "2021-09-29 20:47:59", "elapsed": 150.202005, "delta": 1.016098}}
{"target": -41.87778213554117, "params": {"C": 2694.580342444376, "gamma": 0.00839285815856383}, "datetime": {"datetime": "2021-09-29 20:48:00", "elapsed": 151.257657, "delta": 1.055652}}
{"target": -41.26881171485036, "params": {"C": 3369.387844683768, "gamma": 0.01403477454564888}, "datetime": {"datetime": "2021-09-29 20:48:01", "elapsed": 152.472242, "delta": 1.214585}}
{"target": -41.640247200975686, "params": {"C": 3905.3910245656775, "gamma": 0.00880880854702955}, "datetime": {"datetime": "2021-09-29 20:48:02", "elapsed": 153.568948, "delta": 1.096706}}
{"target": -41.424296687023386, "params": {"C": 3823.6102048548064, "gamma": 0.011310048422212195}, "datetime": {"datetime": "2021-09-29 20:48:03", "elapsed": 154.829958, "delta": 1.26101}}
{"target": -40.851552600410315, "params": {"C": 2581.0333207005137, "gamma": 0.027206876475088872}, "datetime": {"datetime": "2021-09-29 20:48:05", "elapsed": 156.12492, "delta": 1.294962}}
{"target": -42.48271699622103, "params": {"C": 2813.073774565539, "gamma": 0.004489763461754848}, "datetime": {"datetime": "2021-09-29 20:48:06", "elapsed": 157.247127, "delta": 1.122207}}
{"target": -40.82676199164189, "params": {"C": 2806.5465537688215, "gamma": 0.03728928892287832}, "datetime": {"datetime": "2021-09-29 20:48:07", "elapsed": 158.33398, "delta": 1.086853}}
{"target": -40.84211954459897, "params": {"C": 3118.792105001007, "gamma": 0.0372681261414205}, "datetime": {"datetime": "2021-09-29 20:48:08", "elapsed": 159.397753, "delta": 1.063773}}
{"target": -40.79970596911676, "params": {"C": 2996.4305043507634, "gamma": 0.031062028345378554}, "datetime": {"datetime": "2021-09-29 20:48:09", "elapsed": 160.934825, "delta": 1.537072}}
{"target": -41.02122299900707, "params": {"C": 3459.6110095428235, "gamma": 0.04462430600871032}, "datetime": {"datetime": "2021-09-29 20:48:11", "elapsed": 162.3084, "delta": 1.373575}}
{"target": -41.11738444113874, "params": {"C": 3987.0382395580477, "gamma": 0.015706600868045418}, "datetime": {"datetime": "2021-09-29 20:48:12", "elapsed": 163.291007, "delta": 0.982607}}
{"target": -40.90644355296341, "params": {"C": 3657.3322714191413, "gamma": 0.03836127058843288}, "datetime": {"datetime": "2021-09-29 20:48:13", "elapsed": 164.498285, "delta": 1.207278}}
{"target": -41.401125391483085, "params": {"C": 3968.841873000284, "gamma": 0.011445976353336895}, "datetime": {"datetime": "2021-09-29 20:48:14", "elapsed": 165.626297, "delta": 1.128012}}
{"target": -40.88384994294337, "params": {"C": 2620.043188858513, "gamma": 0.02524189467733706}, "datetime": {"datetime": "2021-09-29 20:48:15", "elapsed": 167.007601, "delta": 1.381304}}
{"target": -40.83572835397697, "params": {"C": 2861.5784424970902, "gamma": 0.03793240747347418}, "datetime": {"datetime": "2021-09-29 20:48:16", "elapsed": 168.074643, "delta": 1.067042}}
{"target": -40.80036868759764, "params": {"C": 2888.3981489642792, "gamma": 0.03231114471362703}, "datetime": {"datetime": "2021-09-29 20:48:18", "elapsed": 169.254947, "delta": 1.180304}}
{"target": -42.269968471176874, "params": {"C": 2590.557621756183, "gamma": 0.005882868386564284}, "datetime": {"datetime": "2021-09-29 20:48:19", "elapsed": 170.741819, "delta": 1.486872}}
{"target": -40.949044554877666, "params": {"C": 2768.319480532148, "gamma": 0.022139077550559612}, "datetime": {"datetime": "2021-09-29 20:48:20", "elapsed": 171.945819, "delta": 1.204}}
{"target": -41.29857422263382, "params": {"C": 2932.8859635709055, "gamma": 0.014409770051122504}, "datetime": {"datetime": "2021-09-29 20:48:22", "elapsed": 173.286463, "delta": 1.340644}}
{"target": -43.66863901063199, "params": {"C": 2548.344084651883, "gamma": 0.002059277796523402}, "datetime": {"datetime": "2021-09-29 20:48:23", "elapsed": 174.811127, "delta": 1.524664}}
{"target": -40.97455934401821, "params": {"C": 2542.198961818579, "gamma": 0.04810353296417071}, "datetime": {"datetime": "2021-09-29 20:48:25", "elapsed": 176.321093, "delta": 1.509966}}
{"target": -41.166971464249706, "params": {"C": 2674.799708407034, "gamma": 0.01727248933986554}, "datetime": {"datetime": "2021-09-29 20:48:27", "elapsed": 178.583739, "delta": 2.262646}}
{"target": -40.80221184822587, "params": {"C": 3382.996060580361, "gamma": 0.029364071341233502}, "datetime": {"datetime": "2021-09-29 20:48:28", "elapsed": 179.95028, "delta": 1.366541}}
{"target": -40.83442952354561, "params": {"C": 3024.9092714165, "gamma": 0.03709060459933499}, "datetime": {"datetime": "2021-09-29 20:48:30", "elapsed": 181.17017, "delta": 1.21989}}
{"target": -40.951495320363136, "params": {"C": 2879.2536059323597, "gamma": 0.021685094570366503}, "datetime": {"datetime": "2021-09-29 20:48:31", "elapsed": 182.425692, "delta": 1.255522}}
{"target": -40.80773313801477, "params": {"C": 2949.0081394885447, "gamma": 0.029137975088778155}, "datetime": {"datetime": "2021-09-29 20:48:33", "elapsed": 184.417481, "delta": 1.991789}}
{"target": -41.86592207805959, "params": {"C": 3186.211530999757, "gamma": 0.007628349539769508}, "datetime": {"datetime": "2021-09-29 20:48:34", "elapsed": 185.685521, "delta": 1.26804}}
{"target": -40.92960659883253, "params": {"C": 3503.639184618952, "gamma": 0.02084527021069336}, "datetime": {"datetime": "2021-09-29 20:48:36", "elapsed": 187.144773, "delta": 1.459252}}
{"target": -41.074055045787276, "params": {"C": 3408.000211719297, "gamma": 0.047005611494235065}, "datetime": {"datetime": "2021-09-29 20:48:37", "elapsed": 188.300776, "delta": 1.156003}}
{"target": -42.735823337825444, "params": {"C": 2655.0057556895163, "gamma": 0.0038040827102719795}, "datetime": {"datetime": "2021-09-29 20:48:38", "elapsed": 189.462994, "delta": 1.162218}}
{"target": -40.83086315361343, "params": {"C": 2662.4758554841687, "gamma": 0.03816585812230598}, "datetime": {"datetime": "2021-09-29 20:48:39", "elapsed": 190.880982, "delta": 1.417988}}
{"target": -43.729539889500266, "params": {"C": 2647.785553547008, "gamma": 0.001908356086304652}, "datetime": {"datetime": "2021-09-29 20:48:41", "elapsed": 192.155991, "delta": 1.275009}}
{"target": -41.068700512349814, "params": {"C": 3635.4264787891543, "gamma": 0.017118496728737935}, "datetime": {"datetime": "2021-09-29 20:48:42", "elapsed": 193.637171, "delta": 1.48118}}
{"target": -40.92462542271606, "params": {"C": 3764.7284154995605, "gamma": 0.03867548595928845}, "datetime": {"datetime": "2021-09-29 20:48:44", "elapsed": 195.13827, "delta": 1.501099}}
{"target": -41.59783564692363, "params": {"C": 2642.6893731421346, "gamma": 0.01122727605271433}, "datetime": {"datetime": "2021-09-29 20:48:45", "elapsed": 196.859464, "delta": 1.721194}}
{"target": -41.888083851104454, "params": {"C": 3424.9459802641204, "gamma": 0.007121416557841137}, "datetime": {"datetime": "2021-09-29 20:48:47", "elapsed": 198.648653, "delta": 1.789189}}
{"target": -40.980040881450556, "params": {"C": 3430.0754687705767, "gamma": 0.043090206156481195}, "datetime": {"datetime": "2021-09-29 20:48:49", "elapsed": 200.617136, "delta": 1.968483}}
{"target": -40.81146329689187, "params": {"C": 3420.069767162454, "gamma": 0.027317583940219953}, "datetime": {"datetime": "2021-09-29 20:48:51", "elapsed": 202.831769, "delta": 2.214633}}
{"target": -42.4607537865957, "params": {"C": 3524.4429818612693, "gamma": 0.0037479400638538328}, "datetime": {"datetime": "2021-09-29 20:48:53", "elapsed": 205.010421, "delta": 2.178652}}
{"target": -40.83758389420722, "params": {"C": 3529.158815340712, "gamma": 0.02480765099045355}, "datetime": {"datetime": "2021-09-29 20:48:56", "elapsed": 207.909432, "delta": 2.899011}}
{"target": -42.24913129444227, "params": {"C": 3608.6254601694773, "gamma": 0.00458249312264539}, "datetime": {"datetime": "2021-09-29 20:48:58", "elapsed": 210.062247, "delta": 2.152815}}
{"target": -40.80605523675106, "params": {"C": 3363.952021692527, "gamma": 0.028239344584156074}, "datetime": {"datetime": "2021-09-29 20:49:00", "elapsed": 211.765463, "delta": 1.703216}}
{"target": -40.809084560196695, "params": {"C": 3613.2187768757617, "gamma": 0.030861971719361465}, "datetime": {"datetime": "2021-09-29 20:49:02", "elapsed": 213.826371, "delta": 2.060908}}
{"target": -41.06070611553397, "params": {"C": 3807.2895500046766, "gamma": 0.04403576517915329}, "datetime": {"datetime": "2021-09-29 20:49:04", "elapsed": 215.930527, "delta": 2.104156}}
{"target": -41.04625177749072, "params": {"C": 3604.0536680758564, "gamma": 0.044719342396566206}, "datetime": {"datetime": "2021-09-29 20:49:06", "elapsed": 218.045285, "delta": 2.114758}}
{"target": -40.81869936866467, "params": {"C": 2596.862077264859, "gamma": 0.02993354947111423}, "datetime": {"datetime": "2021-09-29 20:49:08", "elapsed": 219.684922, "delta": 1.639637}}
{"target": -40.80352927639752, "params": {"C": 2719.3092352849726, "gamma": 0.03345557334460501}, "datetime": {"datetime": "2021-09-29 20:49:10", "elapsed": 221.354846, "delta": 1.669924}}
{"target": -40.889068181510105, "params": {"C": 2736.770671571301, "gamma": 0.04236568447396355}, "datetime": {"datetime": "2021-09-29 20:49:12", "elapsed": 223.138466, "delta": 1.78362}}
{"target": -40.972078757757764, "params": {"C": 3049.2171022148664, "gamma": 0.020586934179913363}, "datetime": {"datetime": "2021-09-29 20:49:13", "elapsed": 224.965915, "delta": 1.827449}}
{"target": -41.14614383360679, "params": {"C": 2730.6181315253616, "gamma": 0.01750003650077}, "datetime": {"datetime": "2021-09-29 20:49:16", "elapsed": 227.332245, "delta": 2.36633}}
{"target": -40.81115109756255, "params": {"C": 3321.63940765528, "gamma": 0.027511753769817193}, "datetime": {"datetime": "2021-09-29 20:49:18", "elapsed": 229.56924, "delta": 2.236995}}
{"target": -40.92785353570481, "params": {"C": 3770.29849861775, "gamma": 0.038799138278754725}, "datetime": {"datetime": "2021-09-29 20:49:20", "elapsed": 231.191685, "delta": 1.622445}}
{"target": -44.3504110497828, "params": {"C": 2668.7104015609475, "gamma": 0.0013249032617519525}, "datetime": {"datetime": "2021-09-29 20:49:22", "elapsed": 233.236553, "delta": 2.044868}}
{"target": -41.55036500147448, "params": {"C": 2664.0579988018408, "gamma": 0.011715222030000475}, "datetime": {"datetime": "2021-09-29 20:49:24", "elapsed": 235.15121, "delta": 1.914657}}
