{"target": -35.893867895128814, "params": {"C": 6895.604347803186, "gamma": 0.10947698620934546}, "datetime": {"datetime": "2021-09-28 17:22:29", "elapsed": 15.165412, "delta": 0.324751}}
{"target": -34.685825683224905, "params": {"C": 6520.065629494308, "gamma": 0.05068334333951804}, "datetime": {"datetime": "2021-09-28 17:22:30", "elapsed": 15.52398, "delta": 0.358568}}
{"target": -34.82251945002966, "params": {"C": 6765.361315458968, "gamma": 0.017275070769728923}, "datetime": {"datetime": "2021-09-28 17:22:30", "elapsed": 15.867179, "delta": 0.343199}}
{"target": -36.15611227884023, "params": {"C": 6943.54414843205, "gamma": 0.1260231572992293}, "datetime": {"datetime": "2021-09-28 17:22:30", "elapsed": 16.204848, "delta": 0.337669}}
{"target": -36.249820584220444, "params": {"C": 6249.975250533147, "gamma": 0.13644286171455391}, "datetime": {"datetime": "2021-09-28 17:22:31", "elapsed": 16.516964, "delta": 0.312116}}
{"target": -36.256527483505835, "params": {"C": 6088.690640635794, "gamma": 0.1378227357511316}, "datetime": {"datetime": "2021-09-28 17:22:31", "elapsed": 16.852965, "delta": 0.336001}}
{"target": -34.52992186936953, "params": {"C": 5993.997457888672, "gamma": 0.03693958998758066}, "datetime": {"datetime": "2021-09-28 17:22:31", "elapsed": 17.190356, "delta": 0.337391}}
{"target": -34.828929195311446, "params": {"C": 6180.919495230677, "gamma": 0.059757821799285016}, "datetime": {"datetime": "2021-09-28 17:22:32", "elapsed": 17.55448, "delta": 0.364124}}
{"target": -34.52663560421209, "params": {"C": 6452.5046296215005, "gamma": 0.026522001585471987}, "datetime": {"datetime": "2021-09-28 17:22:32", "elapsed": 17.855963, "delta": 0.301483}}
{"target": -35.5191230924851, "params": {"C": 6481.106009928025, "gamma": 0.09138582455277262}, "datetime": {"datetime": "2021-09-28 17:22:32", "elapsed": 18.283972, "delta": 0.428009}}
{"target": -35.11317425223759, "params": {"C": 6110.107094112004, "gamma": 0.07374691242999484}, "datetime": {"datetime": "2021-09-28 17:22:33", "elapsed": 18.658844, "delta": 0.374872}}
{"target": -36.0573896146011, "params": {"C": 6375.898044284962, "gamma": 0.12266859847877809}, "datetime": {"datetime": "2021-09-28 17:22:33", "elapsed": 18.992692, "delta": 0.333848}}
{"target": -36.10558344931025, "params": {"C": 6383.849627201838, "gamma": 0.125991632577878}, "datetime": {"datetime": "2021-09-28 17:22:33", "elapsed": 19.339032, "delta": 0.34634}}
{"target": -35.36547832133643, "params": {"C": 6500.190597324272, "gamma": 0.08400075924417198}, "datetime": {"datetime": "2021-09-28 17:22:34", "elapsed": 19.702269, "delta": 0.363237}}
{"target": -36.26619782220646, "params": {"C": 6151.752836468011, "gamma": 0.13809868327124075}, "datetime": {"datetime": "2021-09-28 17:22:34", "elapsed": 20.100916, "delta": 0.398647}}
{"target": -36.44507520914122, "params": {"C": 6525.6148045443, "gamma": 0.14860864635884877}, "datetime": {"datetime": "2021-09-28 17:22:35", "elapsed": 20.459712, "delta": 0.358796}}
{"target": -35.786529986687434, "params": {"C": 5929.693891686467, "gamma": 0.10809799233259064}, "datetime": {"datetime": "2021-09-28 17:22:35", "elapsed": 20.790998, "delta": 0.331286}}
{"target": -34.57787677464976, "params": {"C": 6582.610657916365, "gamma": 0.023431889938996628}, "datetime": {"datetime": "2021-09-28 17:22:35", "elapsed": 21.163688, "delta": 0.37269}}
{"target": -36.609066540439656, "params": {"C": 6867.621818653204, "gamma": 0.159696252373943}, "datetime": {"datetime": "2021-09-28 17:22:36", "elapsed": 21.511554, "delta": 0.347866}}
{"target": -34.52041700776878, "params": {"C": 6169.796968513662, "gamma": 0.028223007128237207}, "datetime": {"datetime": "2021-09-28 17:22:36", "elapsed": 21.899959, "delta": 0.388405}}
{"target": -35.66148709597151, "params": {"C": 6397.379063751918, "gamma": 0.09894851244829869}, "datetime": {"datetime": "2021-09-28 17:22:36", "elapsed": 22.268251, "delta": 0.368292}}
{"target": -35.346172267531706, "params": {"C": 6606.997302350214, "gamma": 0.01300543439098402}, "datetime": {"datetime": "2021-09-28 17:22:37", "elapsed": 22.588467, "delta": 0.320216}}
{"target": -35.2542033197704, "params": {"C": 6156.925569767767, "gamma": 0.07999140294021728}, "datetime": {"datetime": "2021-09-28 17:22:37", "elapsed": 22.949191, "delta": 0.360724}}
{"target": -35.401275627260624, "params": {"C": 6902.9807860773835, "gamma": 0.0842286996021477}, "datetime": {"datetime": "2021-09-28 17:22:37", "elapsed": 23.327562, "delta": 0.378371}}
{"target": -36.10130081814405, "params": {"C": 6597.815807536091, "gamma": 0.12436246936820358}, "datetime": {"datetime": "2021-09-28 17:22:38", "elapsed": 23.747883, "delta": 0.420321}}
{"target": -34.49977222145792, "params": {"C": 6489.00314036388, "gamma": 0.03497922079456876}, "datetime": {"datetime": "2021-09-28 17:22:38", "elapsed": 24.091123, "delta": 0.34324}}
{"target": -36.51560317039614, "params": {"C": 6453.765264533854, "gamma": 0.006205101140416365}, "datetime": {"datetime": "2021-09-28 17:22:39", "elapsed": 24.507813, "delta": 0.41669}}
{"target": -35.56535524752156, "params": {"C": 6539.465477850197, "gamma": 0.09344389806360016}, "datetime": {"datetime": "2021-09-28 17:22:39", "elapsed": 24.904625, "delta": 0.396812}}
{"target": -35.72661672284465, "params": {"C": 6200.775679095303, "gamma": 0.10334945797349711}, "datetime": {"datetime": "2021-09-28 17:22:39", "elapsed": 25.250194, "delta": 0.345569}}
{"target": -35.29185908890301, "params": {"C": 6027.901582617935, "gamma": 0.08215805147291319}, "datetime": {"datetime": "2021-09-28 17:22:40", "elapsed": 25.603254, "delta": 0.35306}}
{"target": -35.42055904410021, "params": {"C": 6164.135723586944, "gamma": 0.08778422546694513}, "datetime": {"datetime": "2021-09-28 17:22:40", "elapsed": 25.998197, "delta": 0.394943}}
{"target": -34.58463214236392, "params": {"C": 5909.001389742479, "gamma": 0.042506877591215}, "datetime": {"datetime": "2021-09-28 17:22:41", "elapsed": 26.44293, "delta": 0.444733}}
{"target": -36.21226337974212, "params": {"C": 6543.476841010918, "gamma": 0.1323137950454899}, "datetime": {"datetime": "2021-09-28 17:22:41", "elapsed": 26.878193, "delta": 0.435263}}
{"target": -34.64402042869806, "params": {"C": 5945.2350391477985, "gamma": 0.04767863558852759}, "datetime": {"datetime": "2021-09-28 17:22:41", "elapsed": 27.267474, "delta": 0.389281}}
{"target": -35.429885585243795, "params": {"C": 6005.003296644824, "gamma": 0.08883291020087274}, "datetime": {"datetime": "2021-09-28 17:22:42", "elapsed": 27.665163, "delta": 0.397689}}
{"target": -36.55364661985816, "params": {"C": 6190.1635202007865, "gamma": 0.1599454150458015}, "datetime": {"datetime": "2021-09-28 17:22:42", "elapsed": 28.099071, "delta": 0.433908}}
{"target": -35.43694738829404, "params": {"C": 6901.150968079279, "gamma": 0.08593017646977859}, "datetime": {"datetime": "2021-09-28 17:22:43", "elapsed": 28.529559, "delta": 0.430488}}
{"target": -36.231383906715436, "params": {"C": 6823.388096646845, "gamma": 0.13208380456467098}, "datetime": {"datetime": "2021-09-28 17:22:43", "elapsed": 28.939131, "delta": 0.409572}}
{"target": -35.57755727314436, "params": {"C": 5862.147724387834, "gamma": 0.09688882327170331}, "datetime": {"datetime": "2021-09-28 17:22:43", "elapsed": 29.305499, "delta": 0.366368}}
{"target": -34.50919229418016, "params": {"C": 6069.702749283295, "gamma": 0.02965003075890975}, "datetime": {"datetime": "2021-09-28 17:22:44", "elapsed": 29.685902, "delta": 0.380403}}
{"target": -34.49041547219756, "params": {"C": 6457.77260775241, "gamma": 0.0290058440261285}, "datetime": {"datetime": "2021-09-28 17:22:44", "elapsed": 30.107693, "delta": 0.421791}}
{"target": -36.56279739006792, "params": {"C": 6585.930201798085, "gamma": 0.15784303564489577}, "datetime": {"datetime": "2021-09-28 17:22:45", "elapsed": 30.475592, "delta": 0.367899}}
{"target": -36.06141507012495, "params": {"C": 6411.733306583845, "gamma": 0.008717975816724156}, "datetime": {"datetime": "2021-09-28 17:22:45", "elapsed": 30.90854, "delta": 0.432948}}
{"target": -35.86741270503901, "params": {"C": 6928.041027941417, "gamma": 0.10779479584035724}, "datetime": {"datetime": "2021-09-28 17:22:45", "elapsed": 31.322942, "delta": 0.414402}}
{"target": -35.37666079087762, "params": {"C": 6178.402266594482, "gamma": 0.013270607093345793}, "datetime": {"datetime": "2021-09-28 17:22:46", "elapsed": 31.777338, "delta": 0.454396}}
{"target": -35.28108881464789, "params": {"C": 5909.5277209833785, "gamma": 0.08205277948850287}, "datetime": {"datetime": "2021-09-28 17:22:46", "elapsed": 32.151343, "delta": 0.374005}}
{"target": -34.62655630392507, "params": {"C": 6130.241063796707, "gamma": 0.04660597499478847}, "datetime": {"datetime": "2021-09-28 17:22:47", "elapsed": 32.576544, "delta": 0.425201}}
{"target": -34.74027114303978, "params": {"C": 6117.077816235017, "gamma": 0.05430297824715263}, "datetime": {"datetime": "2021-09-28 17:22:47", "elapsed": 32.982364, "delta": 0.40582}}
{"target": -35.99812544904317, "params": {"C": 5973.5803655353775, "gamma": 0.12103748151883885}, "datetime": {"datetime": "2021-09-28 17:22:48", "elapsed": 33.553771, "delta": 0.571407}}
{"target": -36.51698898086037, "params": {"C": 6345.892223584154, "gamma": 0.1556177126491062}, "datetime": {"datetime": "2021-09-28 17:22:48", "elapsed": 34.018947, "delta": 0.465176}}
{"target": -36.48071877887709, "params": {"C": 6411.81578110092, "gamma": 0.15216836718031024}, "datetime": {"datetime": "2021-09-28 17:22:49", "elapsed": 34.434438, "delta": 0.415491}}
{"target": -35.13057696587318, "params": {"C": 5973.960930473732, "gamma": 0.07491983077119065}, "datetime": {"datetime": "2021-09-28 17:22:49", "elapsed": 34.88185, "delta": 0.447412}}
{"target": -36.37458275871846, "params": {"C": 6979.4021566050715, "gamma": 0.14070213428364603}, "datetime": {"datetime": "2021-09-28 17:22:49", "elapsed": 35.294673, "delta": 0.412823}}
{"target": -36.11350576144734, "params": {"C": 5955.95333425261, "gamma": 0.12876772154084096}, "datetime": {"datetime": "2021-09-28 17:22:50", "elapsed": 35.735151, "delta": 0.440478}}
{"target": -35.127544134142205, "params": {"C": 6408.116383402462, "gamma": 0.07355744241530524}, "datetime": {"datetime": "2021-09-28 17:22:50", "elapsed": 36.20657, "delta": 0.471419}}
{"target": -35.62184879975656, "params": {"C": 6952.732199760891, "gamma": 0.09464285678426508}, "datetime": {"datetime": "2021-09-28 17:22:51", "elapsed": 36.651727, "delta": 0.445157}}
{"target": -36.360727896587264, "params": {"C": 6590.31110917424, "gamma": 0.141998749983675}, "datetime": {"datetime": "2021-09-28 17:22:51", "elapsed": 37.182911, "delta": 0.531184}}
{"target": -35.352764649916615, "params": {"C": 6825.560285714282, "gamma": 0.08227510139926562}, "datetime": {"datetime": "2021-09-28 17:22:52", "elapsed": 37.69774, "delta": 0.514829}}
{"target": -34.48025448865594, "params": {"C": 6561.689120396454, "gamma": 0.03066977795254495}, "datetime": {"datetime": "2021-09-28 17:22:52", "elapsed": 38.185411, "delta": 0.487671}}
{"target": -35.71587934673043, "params": {"C": 6525.413062080519, "gamma": 0.10127273301200548}, "datetime": {"datetime": "2021-09-28 17:22:53", "elapsed": 38.668986, "delta": 0.483575}}
{"target": -34.645359816634134, "params": {"C": 6434.8207413111195, "gamma": 0.021200719576977764}, "datetime": {"datetime": "2021-09-28 17:22:53", "elapsed": 39.148713, "delta": 0.479727}}
{"target": -34.48900576977939, "params": {"C": 6860.674363585264, "gamma": 0.02720173967615181}, "datetime": {"datetime": "2021-09-28 17:22:54", "elapsed": 39.617902, "delta": 0.469189}}
{"target": -36.131907693913675, "params": {"C": 6181.919481425377, "gamma": 0.12879148936575824}, "datetime": {"datetime": "2021-09-28 17:22:54", "elapsed": 40.088773, "delta": 0.470871}}
{"target": -36.11053118859596, "params": {"C": 6858.343562377363, "gamma": 0.12342942855017655}, "datetime": {"datetime": "2021-09-28 17:22:55", "elapsed": 40.60243, "delta": 0.513657}}
{"target": -36.16969014349008, "params": {"C": 6356.312919712502, "gamma": 0.13040063540261063}, "datetime": {"datetime": "2021-09-28 17:22:55", "elapsed": 41.098445, "delta": 0.496015}}
{"target": -35.890435858767894, "params": {"C": 6898.955214725363, "gamma": 0.10926094411779338}, "datetime": {"datetime": "2021-09-28 17:22:56", "elapsed": 41.727875, "delta": 0.62943}}
{"target": -35.58705992685834, "params": {"C": 6529.03289158316, "gamma": 0.09457165237219603}, "datetime": {"datetime": "2021-09-28 17:22:57", "elapsed": 42.441351, "delta": 0.713476}}
{"target": -34.90109417688481, "params": {"C": 5919.145324865113, "gamma": 0.06436605291094394}, "datetime": {"datetime": "2021-09-28 17:22:57", "elapsed": 43.093354, "delta": 0.652003}}
{"target": -35.53552470689412, "params": {"C": 6861.395115399043, "gamma": 0.09076222279146054}, "datetime": {"datetime": "2021-09-28 17:22:58", "elapsed": 43.716398, "delta": 0.623044}}
{"target": -35.53463160095159, "params": {"C": 6123.014756124067, "gamma": 0.012263400672217577}, "datetime": {"datetime": "2021-09-28 17:22:58", "elapsed": 44.258332, "delta": 0.541934}}
{"target": -35.86888024807065, "params": {"C": 5960.716658569595, "gamma": 0.11285989411267913}, "datetime": {"datetime": "2021-09-28 17:22:59", "elapsed": 44.71558, "delta": 0.457248}}
{"target": -35.25633504186791, "params": {"C": 6143.594400647619, "gamma": 0.0801319197675341}, "datetime": {"datetime": "2021-09-28 17:22:59", "elapsed": 45.18576, "delta": 0.47018}}
{"target": -35.325696547277225, "params": {"C": 6588.618340411736, "gamma": 0.013161830668055634}, "datetime": {"datetime": "2021-09-28 17:23:00", "elapsed": 45.722247, "delta": 0.536487}}
{"target": -36.20259054858982, "params": {"C": 6352.39651475285, "gamma": 0.13268082936773465}, "datetime": {"datetime": "2021-09-28 17:23:00", "elapsed": 46.24515, "delta": 0.522903}}
{"target": -36.44642943508, "params": {"C": 6237.13591627875, "gamma": 0.15062217849565426}, "datetime": {"datetime": "2021-09-28 17:23:01", "elapsed": 46.723063, "delta": 0.477913}}
{"target": -34.496246295922994, "params": {"C": 6529.051901856201, "gamma": 0.03465111064823717}, "datetime": {"datetime": "2021-09-28 17:23:01", "elapsed": 47.271907, "delta": 0.548844}}
{"target": -35.46300343995353, "params": {"C": 6386.694357960787, "gamma": 0.08901081120685123}, "datetime": {"datetime": "2021-09-28 17:23:02", "elapsed": 47.808055, "delta": 0.536148}}
{"target": -35.02076138642595, "params": {"C": 6281.907587568388, "gamma": 0.06920429360499432}, "datetime": {"datetime": "2021-09-28 17:23:02", "elapsed": 48.277871, "delta": 0.469816}}
{"target": -36.179001812941536, "params": {"C": 6228.300364693493, "gamma": 0.13172645951599926}, "datetime": {"datetime": "2021-09-28 17:23:03", "elapsed": 48.750128, "delta": 0.472257}}
{"target": -36.506705435720356, "params": {"C": 6408.788674558635, "gamma": 0.15431430469357732}, "datetime": {"datetime": "2021-09-28 17:23:03", "elapsed": 49.221047, "delta": 0.470919}}
{"target": -34.514638540789164, "params": {"C": 6503.51473858818, "gamma": 0.036937750744817865}, "datetime": {"datetime": "2021-09-28 17:23:04", "elapsed": 49.714642, "delta": 0.493595}}
{"target": -34.76393337983073, "params": {"C": 6256.141608454978, "gamma": 0.018925177052559614}, "datetime": {"datetime": "2021-09-28 17:23:04", "elapsed": 50.205494, "delta": 0.490852}}
{"target": -34.8947895313674, "params": {"C": 5969.439170746828, "gamma": 0.06393571449547934}, "datetime": {"datetime": "2021-09-28 17:23:05", "elapsed": 50.730436, "delta": 0.524942}}
{"target": -35.54597368139652, "params": {"C": 6262.383071816333, "gamma": 0.0935772954128275}, "datetime": {"datetime": "2021-09-28 17:23:05", "elapsed": 51.32067, "delta": 0.590234}}
{"target": -34.810659666518795, "params": {"C": 5876.9135230473, "gamma": 0.058848212397694846}, "datetime": {"datetime": "2021-09-28 17:23:06", "elapsed": 51.80821, "delta": 0.48754}}
{"target": -34.51421524232215, "params": {"C": 6483.085178144629, "gamma": 0.03681805623303667}, "datetime": {"datetime": "2021-09-28 17:23:06", "elapsed": 52.307297, "delta": 0.499087}}
{"target": -35.52172459898796, "params": {"C": 6710.740772659774, "gamma": 0.09065005925362575}, "datetime": {"datetime": "2021-09-28 17:23:07", "elapsed": 52.851104, "delta": 0.543807}}
{"target": -34.493594418896436, "params": {"C": 6417.560549251697, "gamma": 0.03373800989839056}, "datetime": {"datetime": "2021-09-28 17:23:08", "elapsed": 53.544614, "delta": 0.69351}}
{"target": -36.04288383912211, "params": {"C": 6667.370248774421, "gamma": 0.11994828889344401}, "datetime": {"datetime": "2021-09-28 17:23:08", "elapsed": 54.112392, "delta": 0.567778}}
{"target": -34.62553111883281, "params": {"C": 6719.832380990212, "gamma": 0.021179041789832542}, "datetime": {"datetime": "2021-09-28 17:23:09", "elapsed": 54.662858, "delta": 0.550466}}
{"target": -34.58231243174453, "params": {"C": 6151.211745554376, "gamma": 0.042881480021458515}, "datetime": {"datetime": "2021-09-28 17:23:09", "elapsed": 55.33653, "delta": 0.673672}}
{"target": -34.491912934023325, "params": {"C": 6796.400052226287, "gamma": 0.03511651710845876}, "datetime": {"datetime": "2021-09-28 17:23:10", "elapsed": 56.112229, "delta": 0.775699}}
{"target": -35.907474375691976, "params": {"C": 6339.631266641899, "gamma": 0.1131462756787477}, "datetime": {"datetime": "2021-09-28 17:23:11", "elapsed": 56.697701, "delta": 0.585472}}
{"target": -35.07682988106477, "params": {"C": 6427.56430262212, "gamma": 0.07128188215457643}, "datetime": {"datetime": "2021-09-28 17:23:11", "elapsed": 57.304808, "delta": 0.607107}}
{"target": -34.95496225213035, "params": {"C": 6713.857698662941, "gamma": 0.01598458386232168}, "datetime": {"datetime": "2021-09-28 17:23:12", "elapsed": 57.885376, "delta": 0.580568}}
{"target": -34.791781024339016, "params": {"C": 6372.247510193298, "gamma": 0.057360156860560015}, "datetime": {"datetime": "2021-09-28 17:23:13", "elapsed": 58.544755, "delta": 0.659379}}
{"target": -34.74452097989928, "params": {"C": 6317.089243116844, "gamma": 0.0544755783431261}, "datetime": {"datetime": "2021-09-28 17:23:13", "elapsed": 59.208404, "delta": 0.663649}}
{"target": -36.29501728945943, "params": {"C": 6768.40362026417, "gamma": 0.13650372670600106}, "datetime": {"datetime": "2021-09-28 17:23:14", "elapsed": 59.746704, "delta": 0.5383}}
{"target": -35.90366417189558, "params": {"C": 6133.917394597513, "gamma": 0.11404170507378261}, "datetime": {"datetime": "2021-09-28 17:23:14", "elapsed": 60.266, "delta": 0.519296}}
{"target": -34.57396725049489, "params": {"C": 6854.475859166198, "gamma": 0.02280932818904873}, "datetime": {"datetime": "2021-09-28 17:23:15", "elapsed": 60.805707, "delta": 0.539707}}
{"target": -34.59363632142682, "params": {"C": 6001.913002977993, "gamma": 0.024641820479629206}, "datetime": {"datetime": "2021-09-28 17:23:15", "elapsed": 61.313787, "delta": 0.50808}}
{"target": -36.22300884851203, "params": {"C": 6281.206729982346, "gamma": 0.13451599871500391}, "datetime": {"datetime": "2021-09-28 17:23:16", "elapsed": 61.9309, "delta": 0.617113}}
{"target": -36.243866834904246, "params": {"C": 6029.283447240559, "gamma": 0.13732923032772812}, "datetime": {"datetime": "2021-09-28 17:23:17", "elapsed": 62.592683, "delta": 0.661783}}
{"target": -35.17782615376554, "params": {"C": 6828.57805229187, "gamma": 0.07434497829193722}, "datetime": {"datetime": "2021-09-28 17:23:17", "elapsed": 63.191131, "delta": 0.598448}}
{"target": -34.560174021758925, "params": {"C": 6728.8874684259845, "gamma": 0.041913553058028616}, "datetime": {"datetime": "2021-09-28 17:23:18", "elapsed": 63.731297, "delta": 0.540166}}
{"target": -35.24467208391175, "params": {"C": 6222.9347491148665, "gamma": 0.07934668817136356}, "datetime": {"datetime": "2021-09-28 17:23:18", "elapsed": 64.270914, "delta": 0.539617}}
{"target": -35.819187082732675, "params": {"C": 6827.94641783104, "gamma": 0.10554343509460913}, "datetime": {"datetime": "2021-09-28 17:23:19", "elapsed": 64.819598, "delta": 0.548684}}
{"target": -34.521602649358755, "params": {"C": 6789.44509614662, "gamma": 0.025514724957836753}, "datetime": {"datetime": "2021-09-28 17:23:19", "elapsed": 65.391108, "delta": 0.57151}}
{"target": -35.73344898337183, "params": {"C": 6212.160779542288, "gamma": 0.10367309243097651}, "datetime": {"datetime": "2021-09-28 17:23:20", "elapsed": 66.040485, "delta": 0.649377}}
{"target": -36.24978452863037, "params": {"C": 6359.780442626157, "gamma": 0.13581760447856947}, "datetime": {"datetime": "2021-09-28 17:23:21", "elapsed": 66.606262, "delta": 0.565777}}
{"target": -36.05952393891594, "params": {"C": 6770.343233578968, "gamma": 0.0084900874630661}, "datetime": {"datetime": "2021-09-28 17:23:21", "elapsed": 67.181324, "delta": 0.575062}}
{"target": -35.18100546267236, "params": {"C": 6402.563348575678, "gamma": 0.07593940608492251}, "datetime": {"datetime": "2021-09-28 17:23:22", "elapsed": 67.823963, "delta": 0.642639}}
{"target": -34.929215617240146, "params": {"C": 6515.642948747861, "gamma": 0.06455838550353821}, "datetime": {"datetime": "2021-09-28 17:23:22", "elapsed": 68.377471, "delta": 0.553508}}
{"target": -35.069159716409494, "params": {"C": 6607.604389055047, "gamma": 0.07033157960661864}, "datetime": {"datetime": "2021-09-28 17:23:23", "elapsed": 68.956397, "delta": 0.578926}}
{"target": -35.945459167885396, "params": {"C": 6038.056356005756, "gamma": 0.11723924126239384}, "datetime": {"datetime": "2021-09-28 17:23:24", "elapsed": 69.556882, "delta": 0.600485}}
{"target": -34.672300434685994, "params": {"C": 6251.085648209174, "gamma": 0.049879540632950733}, "datetime": {"datetime": "2021-09-28 17:23:24", "elapsed": 70.174666, "delta": 0.617784}}
{"target": -35.995998361121444, "params": {"C": 5940.145283642878, "gamma": 0.12106668539502803}, "datetime": {"datetime": "2021-09-28 17:23:25", "elapsed": 70.9221, "delta": 0.747434}}
