{"target": -59.500625239701925, "params": {"C": 8795.960697319277, "gamma": 0.6992487011719295}, "datetime": {"datetime": "2021-10-04 11:30:30", "elapsed": 109.694468, "delta": 0.877483}}
{"target": -61.26487214771816, "params": {"C": 8733.716901061594, "gamma": 0.9343873707913118}, "datetime": {"datetime": "2021-10-04 11:30:30", "elapsed": 110.491487, "delta": 0.797019}}
{"target": -54.35957795119845, "params": {"C": 8813.838035195751, "gamma": 0.023230354887235502}, "datetime": {"datetime": "2021-10-04 11:30:31", "elapsed": 111.541349, "delta": 1.049862}}
{"target": -58.94767587232485, "params": {"C": 3475.4574408446424, "gamma": 0.32068933290923446}, "datetime": {"datetime": "2021-10-04 11:30:33", "elapsed": 112.61253, "delta": 1.071181}}
{"target": -52.84296904075865, "params": {"C": 8830.843454115617, "gamma": 0.06095620023479738}, "datetime": {"datetime": "2021-10-04 11:30:33", "elapsed": 113.458878, "delta": 0.846348}}
{"target": -56.46160859097472, "params": {"C": 6051.751320626593, "gamma": 0.29743124317836706}, "datetime": {"datetime": "2021-10-04 11:30:34", "elapsed": 114.206837, "delta": 0.747959}}
{"target": -60.100434506462456, "params": {"C": 5617.262428076714, "gamma": 0.5571729653659642}, "datetime": {"datetime": "2021-10-04 11:30:35", "elapsed": 114.902245, "delta": 0.695408}}
{"target": -61.59419628483187, "params": {"C": 6050.765114310566, "gamma": 0.734678495013022}, "datetime": {"datetime": "2021-10-04 11:30:36", "elapsed": 115.673409, "delta": 0.771164}}
{"target": -52.8282456773716, "params": {"C": 8738.036921200162, "gamma": 0.06891076552358125}, "datetime": {"datetime": "2021-10-04 11:30:36", "elapsed": 116.556973, "delta": 0.883564}}
{"target": -57.91235293518986, "params": {"C": 4773.032115731573, "gamma": 0.3365328386658468}, "datetime": {"datetime": "2021-10-04 11:30:37", "elapsed": 117.273954, "delta": 0.716981}}
{"target": -62.85223329112918, "params": {"C": 6052.95802869217, "gamma": 0.9316038998382355}, "datetime": {"datetime": "2021-10-04 11:30:38", "elapsed": 118.31545, "delta": 1.041496}}
{"target": -67.35595281549875, "params": {"C": 450.58801710230404, "gamma": 0.22920147207485564}, "datetime": {"datetime": "2021-10-04 11:30:39", "elapsed": 119.05924, "delta": 0.74379}}
{"target": -52.963286965031116, "params": {"C": 8890.274791249181, "gamma": 0.11708409478275267}, "datetime": {"datetime": "2021-10-04 11:30:40", "elapsed": 120.021018, "delta": 0.961778}}
{"target": -52.90107237199418, "params": {"C": 8819.370732987607, "gamma": 0.10221325017825754}, "datetime": {"datetime": "2021-10-04 11:30:41", "elapsed": 120.834003, "delta": 0.812985}}
{"target": -52.79487559211948, "params": {"C": 8890.711617755009, "gamma": 0.0727874858808272}, "datetime": {"datetime": "2021-10-04 11:30:42", "elapsed": 121.660615, "delta": 0.826612}}
{"target": -59.163376228387705, "params": {"C": 8889.47909520003, "gamma": 0.6709984834259812}, "datetime": {"datetime": "2021-10-04 11:30:43", "elapsed": 122.690143, "delta": 1.029528}}
{"target": -63.58651506758225, "params": {"C": 3483.394793835479, "gamma": 0.6460075782952527}, "datetime": {"datetime": "2021-10-04 11:30:44", "elapsed": 123.806394, "delta": 1.116251}}
{"target": -58.580328272294174, "params": {"C": 8890.695795547375, "gamma": 0.6156773245933375}, "datetime": {"datetime": "2021-10-04 11:30:45", "elapsed": 124.986332, "delta": 1.179938}}
{"target": -60.99174541643326, "params": {"C": 6586.70720015321, "gamma": 0.711763736435816}, "datetime": {"datetime": "2021-10-04 11:30:46", "elapsed": 126.118474, "delta": 1.132142}}
{"target": -57.49838270587779, "params": {"C": 4881.151926383122, "gamma": 0.31197555844039726}, "datetime": {"datetime": "2021-10-04 11:30:47", "elapsed": 127.370292, "delta": 1.251818}}
{"target": -62.243908922223845, "params": {"C": 6589.46129422751, "gamma": 0.8864869474662554}, "datetime": {"datetime": "2021-10-04 11:30:48", "elapsed": 128.524634, "delta": 1.154342}}
{"target": -54.367347132861, "params": {"C": 5790.189912373689, "gamma": 0.15143747135157293}, "datetime": {"datetime": "2021-10-04 11:30:50", "elapsed": 129.722197, "delta": 1.197563}}
{"target": -62.34445229674449, "params": {"C": 5790.536584616763, "gamma": 0.8068168122060946}, "datetime": {"datetime": "2021-10-04 11:30:51", "elapsed": 130.616409, "delta": 0.894212}}
{"target": -54.51142485724284, "params": {"C": 5786.81769662155, "gamma": 0.16222925461159082}, "datetime": {"datetime": "2021-10-04 11:30:52", "elapsed": 131.898654, "delta": 1.282245}}
{"target": -55.26951072235361, "params": {"C": 8891.509564485774, "gamma": 0.016662755624076722}, "datetime": {"datetime": "2021-10-04 11:30:53", "elapsed": 133.146259, "delta": 1.247605}}
{"target": -58.52152274568725, "params": {"C": 6182.402607570271, "gamma": 0.47262373423069237}, "datetime": {"datetime": "2021-10-04 11:30:54", "elapsed": 133.96488, "delta": 0.818621}}
{"target": -62.70598566655504, "params": {"C": 5786.101735403829, "gamma": 0.8648449366725108}, "datetime": {"datetime": "2021-10-04 11:30:55", "elapsed": 135.089695, "delta": 1.124815}}
{"target": -62.62490249283095, "params": {"C": 5787.173283329833, "gamma": 0.8509858882405805}, "datetime": {"datetime": "2021-10-04 11:30:56", "elapsed": 136.065392, "delta": 0.975697}}
{"target": -52.9722767917865, "params": {"C": 8819.716468885797, "gamma": 0.11583814539960195}, "datetime": {"datetime": "2021-10-04 11:30:57", "elapsed": 137.35821, "delta": 1.292818}}
{"target": -54.35397141845556, "params": {"C": 4879.9267379443445, "gamma": 0.11642611886195652}, "datetime": {"datetime": "2021-10-04 11:30:58", "elapsed": 138.363562, "delta": 1.005352}}
{"target": -53.830595589513756, "params": {"C": 5789.523880118267, "gamma": 0.1076235633372077}, "datetime": {"datetime": "2021-10-04 11:30:59", "elapsed": 139.309101, "delta": 0.945539}}
{"target": -60.67086350761344, "params": {"C": 9587.407594424796, "gamma": 0.9018686013411115}, "datetime": {"datetime": "2021-10-04 11:31:00", "elapsed": 140.533307, "delta": 1.224206}}
{"target": -61.191671765948605, "params": {"C": 8326.873924361935, "gamma": 0.8873933886717494}, "datetime": {"datetime": "2021-10-04 11:31:01", "elapsed": 141.325616, "delta": 0.792309}}
{"target": -55.692714095850654, "params": {"C": 4879.393077861477, "gamma": 0.20172144257536131}, "datetime": {"datetime": "2021-10-04 11:31:02", "elapsed": 142.381959, "delta": 1.056343}}
{"target": -63.17956083813427, "params": {"C": 5789.401939847646, "gamma": 0.9595163411540985}, "datetime": {"datetime": "2021-10-04 11:31:03", "elapsed": 143.476733, "delta": 1.094774}}
{"target": -62.54479250959431, "params": {"C": 4879.941305240866, "gamma": 0.7246800441686767}, "datetime": {"datetime": "2021-10-04 11:31:05", "elapsed": 144.849074, "delta": 1.372341}}
{"target": -61.36785111967488, "params": {"C": 9008.598396601055, "gamma": 0.9783243536642107}, "datetime": {"datetime": "2021-10-04 11:31:06", "elapsed": 145.690448, "delta": 0.841374}}
{"target": -57.312289175548074, "params": {"C": 4877.486044319164, "gamma": 0.2985640028276239}, "datetime": {"datetime": "2021-10-04 11:31:07", "elapsed": 146.584673, "delta": 0.894225}}
{"target": -62.922630020066315, "params": {"C": 4876.281038065311, "gamma": 0.7735454080429238}, "datetime": {"datetime": "2021-10-04 11:31:08", "elapsed": 147.662277, "delta": 1.077604}}
{"target": -66.70610588055649, "params": {"C": 4878.44793153621, "gamma": 0.0011206653220676398}, "datetime": {"datetime": "2021-10-04 11:31:09", "elapsed": 149.095049, "delta": 1.432772}}
{"target": -53.12504186574477, "params": {"C": 8905.148746279754, "gamma": 0.044303853175622444}, "datetime": {"datetime": "2021-10-04 11:31:10", "elapsed": 150.323068, "delta": 1.228019}}
{"target": -52.89989115425491, "params": {"C": 8830.383918267142, "gamma": 0.1024313142641218}, "datetime": {"datetime": "2021-10-04 11:31:11", "elapsed": 151.323496, "delta": 1.000428}}
{"target": -53.95120128283687, "params": {"C": 8908.993007460029, "gamma": 0.20702324029474842}, "datetime": {"datetime": "2021-10-04 11:31:12", "elapsed": 152.258259, "delta": 0.934763}}
{"target": -65.70200059627915, "params": {"C": 3479.1930644029, "gamma": 0.9536518309381754}, "datetime": {"datetime": "2021-10-04 11:31:13", "elapsed": 153.118381, "delta": 0.860122}}
{"target": -53.03086756258669, "params": {"C": 8910.095189096071, "gamma": 0.12690900205298977}, "datetime": {"datetime": "2021-10-04 11:31:14", "elapsed": 154.426662, "delta": 1.308281}}
{"target": -55.459323217436804, "params": {"C": 8909.766837932788, "gamma": 0.3405817268885367}, "datetime": {"datetime": "2021-10-04 11:31:16", "elapsed": 155.686016, "delta": 1.259354}}
{"target": -59.950026014054686, "params": {"C": 8910.806319559057, "gamma": 0.7559296132719083}, "datetime": {"datetime": "2021-10-04 11:31:17", "elapsed": 156.749725, "delta": 1.063709}}
{"target": -54.27065954194271, "params": {"C": 8908.4766089036, "gamma": 0.23621746312935363}, "datetime": {"datetime": "2021-10-04 11:31:18", "elapsed": 157.902141, "delta": 1.152416}}
{"target": -53.82093817347192, "params": {"C": 9590.389551949898, "gamma": 0.2123143096723381}, "datetime": {"datetime": "2021-10-04 11:31:19", "elapsed": 159.148831, "delta": 1.24669}}
{"target": -59.22168551722829, "params": {"C": 9590.952280407353, "gamma": 0.7141836977598341}, "datetime": {"datetime": "2021-10-04 11:31:21", "elapsed": 160.695204, "delta": 1.546373}}
{"target": -59.368028985878446, "params": {"C": 8900.714116520507, "gamma": 0.005177040546934702}, "datetime": {"datetime": "2021-10-04 11:31:22", "elapsed": 162.332348, "delta": 1.637144}}
{"target": -56.036934784008146, "params": {"C": 9317.036094139989, "gamma": 0.401009372207022}, "datetime": {"datetime": "2021-10-04 11:31:23", "elapsed": 163.193045, "delta": 0.860697}}
{"target": -58.89875070561194, "params": {"C": 5555.586280659499, "gamma": 0.463435232426628}, "datetime": {"datetime": "2021-10-04 11:31:24", "elapsed": 164.066451, "delta": 0.873406}}
{"target": -60.67531039779332, "params": {"C": 8314.66375570208, "gamma": 0.8075328811079582}, "datetime": {"datetime": "2021-10-04 11:31:25", "elapsed": 164.955237, "delta": 0.888786}}
{"target": -58.969420753716555, "params": {"C": 9589.670124243501, "gamma": 0.0055420511515066415}, "datetime": {"datetime": "2021-10-04 11:31:26", "elapsed": 166.21154, "delta": 1.256303}}
{"target": -63.466372300126736, "params": {"C": 5620.830439189591, "gamma": 0.9896911453071008}, "datetime": {"datetime": "2021-10-04 11:31:27", "elapsed": 167.084666, "delta": 0.873126}}
{"target": -52.81481003174721, "params": {"C": 8829.507924012227, "gamma": 0.06724248199304553}, "datetime": {"datetime": "2021-10-04 11:31:29", "elapsed": 168.623842, "delta": 1.539176}}
{"target": -59.79325944889534, "params": {"C": 8908.857179059722, "gamma": 0.7375541431307976}, "datetime": {"datetime": "2021-10-04 11:31:30", "elapsed": 169.910612, "delta": 1.28677}}
{"target": -56.323272451489515, "params": {"C": 8825.19037305876, "gamma": 0.01228481293363753}, "datetime": {"datetime": "2021-10-04 11:31:32", "elapsed": 171.759518, "delta": 1.848906}}
{"target": -58.256922320719525, "params": {"C": 4774.451086858821, "gamma": 0.36340208293631493}, "datetime": {"datetime": "2021-10-04 11:31:33", "elapsed": 172.964618, "delta": 1.2051}}
{"target": -61.41141013853109, "params": {"C": 1148.1485812227768, "gamma": 0.020364001493889304}, "datetime": {"datetime": "2021-10-04 11:31:34", "elapsed": 173.872902, "delta": 0.908284}}
{"target": -60.839104994716436, "params": {"C": 9318.34328601645, "gamma": 0.9090505472077851}, "datetime": {"datetime": "2021-10-04 11:31:35", "elapsed": 174.937224, "delta": 1.064322}}
{"target": -59.73451751203563, "params": {"C": 9316.11157560275, "gamma": 0.7555874719705777}, "datetime": {"datetime": "2021-10-04 11:31:36", "elapsed": 176.300179, "delta": 1.362955}}
{"target": -61.22887873285925, "params": {"C": 8798.14797987043, "gamma": 0.9335318435993769}, "datetime": {"datetime": "2021-10-04 11:31:37", "elapsed": 177.175946, "delta": 0.875767}}
{"target": -52.89577507891701, "params": {"C": 8829.859512607853, "gamma": 0.05493077025073773}, "datetime": {"datetime": "2021-10-04 11:31:39", "elapsed": 178.658734, "delta": 1.482788}}
{"target": -60.944700171180976, "params": {"C": 4771.445045149852, "gamma": 0.5588165082966728}, "datetime": {"datetime": "2021-10-04 11:31:40", "elapsed": 179.979033, "delta": 1.320299}}
{"target": -61.59636067698696, "params": {"C": 7060.956284717243, "gamma": 0.83248293468693}, "datetime": {"datetime": "2021-10-04 11:31:41", "elapsed": 180.901174, "delta": 0.922141}}
{"target": -59.66992780759045, "params": {"C": 4780.47151893994, "gamma": 0.46643515395011403}, "datetime": {"datetime": "2021-10-04 11:31:42", "elapsed": 182.396262, "delta": 1.495088}}
{"target": -53.02397988694917, "params": {"C": 8797.212549877564, "gamma": 0.12290941250753219}, "datetime": {"datetime": "2021-10-04 11:31:43", "elapsed": 183.523441, "delta": 1.127179}}
{"target": -60.46898231533206, "params": {"C": 5846.6722011294305, "gamma": 0.6035102079151711}, "datetime": {"datetime": "2021-10-04 11:31:44", "elapsed": 184.494274, "delta": 0.970833}}
{"target": -55.123261205881775, "params": {"C": 9785.921718662195, "gamma": 0.34091206867807095}, "datetime": {"datetime": "2021-10-04 11:31:46", "elapsed": 185.633831, "delta": 1.139557}}
{"target": -53.01966168302145, "params": {"C": 8485.069524984508, "gamma": 0.11085294840349376}, "datetime": {"datetime": "2021-10-04 11:31:47", "elapsed": 186.591667, "delta": 0.957836}}
{"target": -60.09786544366733, "params": {"C": 8484.951023078846, "gamma": 0.7458383243142696}, "datetime": {"datetime": "2021-10-04 11:31:48", "elapsed": 188.452876, "delta": 1.861209}}
{"target": -53.0499877862875, "params": {"C": 8484.571581947203, "gamma": 0.11601067736233127}, "datetime": {"datetime": "2021-10-04 11:31:50", "elapsed": 189.608409, "delta": 1.155533}}
{"target": -60.39667236697223, "params": {"C": 9786.739744116861, "gamma": 0.8736615585002987}, "datetime": {"datetime": "2021-10-04 11:31:51", "elapsed": 190.876695, "delta": 1.268286}}
{"target": -56.45625883903327, "params": {"C": 4103.541004534918, "gamma": 0.208562518260496}, "datetime": {"datetime": "2021-10-04 11:31:52", "elapsed": 191.819397, "delta": 0.942702}}
{"target": -53.92381561441207, "params": {"C": 5579.330402497005, "gamma": 0.04942168006673407}, "datetime": {"datetime": "2021-10-04 11:31:53", "elapsed": 192.814726, "delta": 0.995329}}
{"target": -53.778776443642315, "params": {"C": 5579.882851209487, "gamma": 0.09316880857627596}, "datetime": {"datetime": "2021-10-04 11:31:54", "elapsed": 193.980815, "delta": 1.166089}}
{"target": -61.431217001843166, "params": {"C": 5580.031462211305, "gamma": 0.6725987785735612}, "datetime": {"datetime": "2021-10-04 11:31:56", "elapsed": 195.718516, "delta": 1.737701}}
{"target": -54.153467313930435, "params": {"C": 9785.240003035127, "gamma": 0.25031447134016493}, "datetime": {"datetime": "2021-10-04 11:31:57", "elapsed": 196.915594, "delta": 1.197078}}
{"target": -60.39185035591172, "params": {"C": 9785.335124840143, "gamma": 0.8728554344704904}, "datetime": {"datetime": "2021-10-04 11:31:58", "elapsed": 198.476797, "delta": 1.561203}}
{"target": -59.13086224242512, "params": {"C": 5578.548934545898, "gamma": 0.4826593720877235}, "datetime": {"datetime": "2021-10-04 11:32:00", "elapsed": 199.723931, "delta": 1.247134}}
{"target": -58.33029376589299, "params": {"C": 9548.441111508007, "gamma": 0.6231715907477877}, "datetime": {"datetime": "2021-10-04 11:32:01", "elapsed": 200.74649, "delta": 1.022559}}
{"target": -67.51441960885282, "params": {"C": 1989.579843483322, "gamma": 0.7936977586233243}, "datetime": {"datetime": "2021-10-04 11:32:02", "elapsed": 201.692272, "delta": 0.945782}}
{"target": -60.22272208357145, "params": {"C": 4102.584469920565, "gamma": 0.45168791663905367}, "datetime": {"datetime": "2021-10-04 11:32:03", "elapsed": 203.276699, "delta": 1.584427}}
{"target": -52.8799416465496, "params": {"C": 8486.067438259724, "gamma": 0.07968253532507792}, "datetime": {"datetime": "2021-10-04 11:32:05", "elapsed": 205.078786, "delta": 1.802087}}
{"target": -58.44513190458635, "params": {"C": 4104.3137396837765, "gamma": 0.3321859980628078}, "datetime": {"datetime": "2021-10-04 11:32:07", "elapsed": 206.910062, "delta": 1.831276}}
{"target": -67.38352835373743, "params": {"C": 642.3694048773955, "gamma": 0.30765229534183014}, "datetime": {"datetime": "2021-10-04 11:32:08", "elapsed": 207.966984, "delta": 1.056922}}
{"target": -64.82543970960141, "params": {"C": 3868.48127657833, "gamma": 0.8818543672700815}, "datetime": {"datetime": "2021-10-04 11:32:09", "elapsed": 209.253432, "delta": 1.286448}}
{"target": -54.23598419833596, "params": {"C": 8483.842262607166, "gamma": 0.22040170078680008}, "datetime": {"datetime": "2021-10-04 11:32:11", "elapsed": 210.800464, "delta": 1.547032}}
{"target": -67.63369258696173, "params": {"C": 2185.6597810252656, "gamma": 0.9067278541584435}, "datetime": {"datetime": "2021-10-04 11:32:12", "elapsed": 211.958161, "delta": 1.157697}}
{"target": -55.91647803161779, "params": {"C": 8486.992259818831, "gamma": 0.3620157707780899}, "datetime": {"datetime": "2021-10-04 11:32:13", "elapsed": 213.394544, "delta": 1.436383}}
{"target": -61.62373742506895, "params": {"C": 8486.572831218076, "gamma": 0.9784925919809727}, "datetime": {"datetime": "2021-10-04 11:32:15", "elapsed": 214.951818, "delta": 1.557274}}
{"target": -53.799424547115, "params": {"C": 8482.448321509268, "gamma": 0.1842134630244687}, "datetime": {"datetime": "2021-10-04 11:32:16", "elapsed": 216.454238, "delta": 1.50242}}
{"target": -52.960539333094985, "params": {"C": 8483.166600731822, "gamma": 0.09994725481079175}, "datetime": {"datetime": "2021-10-04 11:32:18", "elapsed": 217.900105, "delta": 1.445867}}
{"target": -60.11184908500288, "params": {"C": 8482.173685883285, "gamma": 0.747302036327605}, "datetime": {"datetime": "2021-10-04 11:32:20", "elapsed": 220.004613, "delta": 2.104508}}
{"target": -67.53627043718896, "params": {"C": 2389.6901256497868, "gamma": 0.9837474005599385}, "datetime": {"datetime": "2021-10-04 11:32:21", "elapsed": 221.137076, "delta": 1.132463}}
{"target": -52.88967299116981, "params": {"C": 8488.298248057503, "gamma": 0.0646486303941589}, "datetime": {"datetime": "2021-10-04 11:32:22", "elapsed": 222.565886, "delta": 1.42881}}
{"target": -58.5599669991171, "params": {"C": 9783.680924413919, "gamma": 0.655766121309036}, "datetime": {"datetime": "2021-10-04 11:32:25", "elapsed": 224.983926, "delta": 2.41804}}
{"target": -55.16982218516791, "params": {"C": 8488.898968590263, "gamma": 0.29704153447978426}, "datetime": {"datetime": "2021-10-04 11:32:28", "elapsed": 227.613726, "delta": 2.6298}}
{"target": -59.66234241847213, "params": {"C": 8483.271309872564, "gamma": 0.6977802091124816}, "datetime": {"datetime": "2021-10-04 11:32:30", "elapsed": 229.820756, "delta": 2.20703}}
{"target": -55.712441403865306, "params": {"C": 8490.217847943914, "gamma": 0.34562513539013906}, "datetime": {"datetime": "2021-10-04 11:32:33", "elapsed": 232.730097, "delta": 2.909341}}
{"target": -53.039843533875704, "params": {"C": 8487.581668093813, "gamma": 0.11453423108456239}, "datetime": {"datetime": "2021-10-04 11:32:35", "elapsed": 235.015589, "delta": 2.285492}}
{"target": -54.45574335404945, "params": {"C": 8491.335906580201, "gamma": 0.23895426334178488}, "datetime": {"datetime": "2021-10-04 11:32:37", "elapsed": 236.985073, "delta": 1.969484}}
{"target": -61.321258001906514, "params": {"C": 8487.788581632876, "gamma": 0.9229085356667509}, "datetime": {"datetime": "2021-10-04 11:32:39", "elapsed": 238.957296, "delta": 1.972223}}
{"target": -61.70755968209283, "params": {"C": 8490.969722586497, "gamma": 0.995493890830954}, "datetime": {"datetime": "2021-10-04 11:32:41", "elapsed": 240.64308, "delta": 1.685784}}
{"target": -54.4450202190735, "params": {"C": 8492.448280649529, "gamma": 0.23814932352945875}, "datetime": {"datetime": "2021-10-04 11:32:42", "elapsed": 242.438171, "delta": 1.795091}}
{"target": -58.07723864684101, "params": {"C": 8493.24317515137, "gamma": 0.5517487285978042}, "datetime": {"datetime": "2021-10-04 11:32:44", "elapsed": 244.315881, "delta": 1.87771}}
{"target": -55.17787658267211, "params": {"C": 8485.576261084372, "gamma": 0.29765948051031443}, "datetime": {"datetime": "2021-10-04 11:32:46", "elapsed": 246.439566, "delta": 2.123685}}
{"target": -62.44129256634993, "params": {"C": 4776.669743955816, "gamma": 0.7002651337921818}, "datetime": {"datetime": "2021-10-04 11:32:48", "elapsed": 248.522356, "delta": 2.08279}}
{"target": -61.0182435486365, "params": {"C": 9590.120013765933, "gamma": 0.9619052031600688}, "datetime": {"datetime": "2021-10-04 11:32:50", "elapsed": 250.427058, "delta": 1.904702}}
{"target": -59.567013050437964, "params": {"C": 8492.298089451693, "gamma": 0.688584203128797}, "datetime": {"datetime": "2021-10-04 11:32:54", "elapsed": 254.56363, "delta": 4.136572}}
{"target": -56.32629919205339, "params": {"C": 9545.309334238453, "gamma": 0.43606415819083505}, "datetime": {"datetime": "2021-10-04 11:32:57", "elapsed": 256.779513, "delta": 2.215883}}
{"target": -61.075605273672764, "params": {"C": 9546.280204134126, "gamma": 0.9690175127071149}, "datetime": {"datetime": "2021-10-04 11:32:59", "elapsed": 258.76686, "delta": 1.987347}}
{"target": -61.14562301786245, "params": {"C": 9544.378131557494, "gamma": 0.982345755522343}, "datetime": {"datetime": "2021-10-04 11:33:01", "elapsed": 260.747924, "delta": 1.981064}}
{"target": -53.71615265214661, "params": {"C": 8486.71932177674, "gamma": 0.03189002584842235}, "datetime": {"datetime": "2021-10-04 11:33:03", "elapsed": 263.204483, "delta": 2.456559}}
{"target": -53.03373417121167, "params": {"C": 8489.547937701194, "gamma": 0.051179568836037824}, "datetime": {"datetime": "2021-10-04 11:33:06", "elapsed": 265.653918, "delta": 2.449435}}
