{"target": -36.97310491986371, "params": {"C": 36644.78419431953, "gamma": 0.08267105583238664}, "datetime": {"datetime": "2021-09-29 09:15:22", "elapsed": 63.416962, "delta": 0.646036}}
{"target": -37.54701982044688, "params": {"C": 37429.51597634189, "gamma": 0.09651521900574093}, "datetime": {"datetime": "2021-09-29 09:15:23", "elapsed": 64.103559, "delta": 0.686597}}
{"target": -34.51176365957206, "params": {"C": 37841.36842864426, "gamma": 0.024574750456501277}, "datetime": {"datetime": "2021-09-29 09:15:23", "elapsed": 64.80373, "delta": 0.700171}}
{"target": -34.2558286426449, "params": {"C": 36765.833080239034, "gamma": 0.013534785935439764}, "datetime": {"datetime": "2021-09-29 09:15:24", "elapsed": 65.490732, "delta": 0.687002}}
{"target": -35.11819479989145, "params": {"C": 35519.30074237751, "gamma": 0.04112188952948734}, "datetime": {"datetime": "2021-09-29 09:15:25", "elapsed": 66.234732, "delta": 0.744}}
{"target": -36.00463181410672, "params": {"C": 36792.96987746232, "gamma": 0.05928931009173298}, "datetime": {"datetime": "2021-09-29 09:15:26", "elapsed": 66.944868, "delta": 0.710136}}
{"target": -34.971126240677165, "params": {"C": 35117.01531759696, "gamma": 0.03800374308245813}, "datetime": {"datetime": "2021-09-29 09:15:26", "elapsed": 67.729882, "delta": 0.785014}}
{"target": -34.509206084770994, "params": {"C": 37752.544252802734, "gamma": 0.024501389304119253}, "datetime": {"datetime": "2021-09-29 09:15:27", "elapsed": 68.481866, "delta": 0.751984}}
{"target": -35.978521895924494, "params": {"C": 38742.35118547728, "gamma": 0.057495197607060934}, "datetime": {"datetime": "2021-09-29 09:15:28", "elapsed": 69.168665, "delta": 0.686799}}
{"target": -34.45575091919278, "params": {"C": 37467.6545619639, "gamma": 0.022613618969981316}, "datetime": {"datetime": "2021-09-29 09:15:29", "elapsed": 70.173665, "delta": 1.005}}
{"target": -36.77550900954762, "params": {"C": 38553.78369032357, "gamma": 0.07545217706372374}, "datetime": {"datetime": "2021-09-29 09:15:29", "elapsed": 70.915691, "delta": 0.742026}}
{"target": -34.28435721491192, "params": {"C": 38781.87991734875, "gamma": 0.014916186903445754}, "datetime": {"datetime": "2021-09-29 09:15:30", "elapsed": 71.818692, "delta": 0.903001}}
{"target": -34.60530051567605, "params": {"C": 36309.61628501902, "gamma": 0.028217681303474577}, "datetime": {"datetime": "2021-09-29 09:15:31", "elapsed": 72.548689, "delta": 0.729997}}
{"target": -34.487301209643945, "params": {"C": 39114.78283576646, "gamma": 0.02345851048582957}, "datetime": {"datetime": "2021-09-29 09:15:32", "elapsed": 73.204287, "delta": 0.655598}}
{"target": -36.55638573885927, "params": {"C": 37128.831594095216, "gamma": 0.07128320122245828}, "datetime": {"datetime": "2021-09-29 09:15:32", "elapsed": 73.886052, "delta": 0.681765}}
{"target": -35.373823708125144, "params": {"C": 37511.1491418353, "gamma": 0.04562437938506297}, "datetime": {"datetime": "2021-09-29 09:15:33", "elapsed": 74.607049, "delta": 0.720997}}
{"target": -34.284859484632655, "params": {"C": 38755.90303766496, "gamma": 0.01173248688335845}, "datetime": {"datetime": "2021-09-29 09:15:34", "elapsed": 75.279267, "delta": 0.672218}}
{"target": -34.97356958025379, "params": {"C": 37270.64134866651, "gamma": 0.037091709043569045}, "datetime": {"datetime": "2021-09-29 09:15:35", "elapsed": 76.01727, "delta": 0.738003}}
{"target": -34.887933617120474, "params": {"C": 37030.82279616019, "gamma": 0.03532374156514181}, "datetime": {"datetime": "2021-09-29 09:15:35", "elapsed": 76.735269, "delta": 0.717999}}
{"target": -37.20069283075497, "params": {"C": 38993.05921853987, "gamma": 0.08559905830367807}, "datetime": {"datetime": "2021-09-29 09:15:36", "elapsed": 77.515416, "delta": 0.780147}}
{"target": -36.54543213107692, "params": {"C": 36234.42345477179, "gamma": 0.07183201278715709}, "datetime": {"datetime": "2021-09-29 09:15:37", "elapsed": 78.225418, "delta": 0.710002}}
{"target": -34.30777923197658, "params": {"C": 39367.28634420086, "gamma": 0.01591539469651374}, "datetime": {"datetime": "2021-09-29 09:15:38", "elapsed": 79.182562, "delta": 0.957144}}
{"target": -34.31961919920845, "params": {"C": 35660.49131729562, "gamma": 0.017038535132675964}, "datetime": {"datetime": "2021-09-29 09:15:39", "elapsed": 79.954563, "delta": 0.772001}}
{"target": -37.05146288222178, "params": {"C": 36874.81186948846, "gamma": 0.08438077340597015}, "datetime": {"datetime": "2021-09-29 09:15:39", "elapsed": 80.810562, "delta": 0.855999}}
{"target": -37.06785282406871, "params": {"C": 35779.49324887199, "gamma": 0.0861050121363495}, "datetime": {"datetime": "2021-09-29 09:15:40", "elapsed": 81.787841, "delta": 0.977279}}
{"target": -35.50430868702576, "params": {"C": 39254.68718387769, "gamma": 0.04750176088860667}, "datetime": {"datetime": "2021-09-29 09:15:41", "elapsed": 82.811829, "delta": 1.023988}}
{"target": -34.612933625902585, "params": {"C": 38821.24986272167, "gamma": 0.027624435745243345}, "datetime": {"datetime": "2021-09-29 09:15:42", "elapsed": 83.612692, "delta": 0.800863}}
{"target": -35.588557801620595, "params": {"C": 36621.4554309342, "gamma": 0.05056732500825508}, "datetime": {"datetime": "2021-09-29 09:15:43", "elapsed": 84.356412, "delta": 0.74372}}
{"target": -36.427650924071926, "params": {"C": 39251.940947091476, "gamma": 0.06662339570314753}, "datetime": {"datetime": "2021-09-29 09:15:44", "elapsed": 85.190934, "delta": 0.834522}}
{"target": -34.343088671811124, "params": {"C": 39084.54389628965, "gamma": 0.017573541103190267}, "datetime": {"datetime": "2021-09-29 09:15:45", "elapsed": 86.003932, "delta": 0.812998}}
{"target": -36.28204774544609, "params": {"C": 36574.61208496647, "gamma": 0.06547705665124366}, "datetime": {"datetime": "2021-09-29 09:15:45", "elapsed": 86.799934, "delta": 0.796002}}
{"target": -37.10040007256298, "params": {"C": 37216.43670707025, "gamma": 0.08517853177718773}, "datetime": {"datetime": "2021-09-29 09:15:46", "elapsed": 87.615586, "delta": 0.815652}}
{"target": -34.795304924296374, "params": {"C": 39001.49231990855, "gamma": 0.007139085864459867}, "datetime": {"datetime": "2021-09-29 09:15:47", "elapsed": 88.493577, "delta": 0.877991}}
{"target": -35.507874435147855, "params": {"C": 37402.44934163338, "gamma": 0.04847899082624283}, "datetime": {"datetime": "2021-09-29 09:15:48", "elapsed": 89.383224, "delta": 0.889647}}
{"target": -35.187395451277496, "params": {"C": 37894.099777164614, "gamma": 0.04150352659894276}, "datetime": {"datetime": "2021-09-29 09:15:49", "elapsed": 90.10422, "delta": 0.720996}}
{"target": -35.36515073824763, "params": {"C": 38293.93212632629, "gamma": 0.04504193588792755}, "datetime": {"datetime": "2021-09-29 09:15:50", "elapsed": 90.932918, "delta": 0.828698}}
{"target": -36.60879452143212, "params": {"C": 35817.63633045981, "gamma": 0.07379179303178977}, "datetime": {"datetime": "2021-09-29 09:15:50", "elapsed": 91.709918, "delta": 0.777}}
{"target": -34.76968673570136, "params": {"C": 36743.85064438771, "gamma": 0.03250681522664722}, "datetime": {"datetime": "2021-09-29 09:15:51", "elapsed": 92.570917, "delta": 0.860999}}
{"target": -36.682672072642845, "params": {"C": 35391.9360158386, "gamma": 0.07613764588727524}, "datetime": {"datetime": "2021-09-29 09:15:52", "elapsed": 93.518255, "delta": 0.947338}}
{"target": -36.01036223574789, "params": {"C": 35657.74620175512, "gamma": 0.060184628814666644}, "datetime": {"datetime": "2021-09-29 09:15:53", "elapsed": 94.224898, "delta": 0.706643}}
{"target": -37.00428232820725, "params": {"C": 38964.834731112125, "gamma": 0.08089591301914145}, "datetime": {"datetime": "2021-09-29 09:15:54", "elapsed": 95.239857, "delta": 1.014959}}
{"target": -37.5480672910458, "params": {"C": 37672.27913940279, "gamma": 0.0961905196638657}, "datetime": {"datetime": "2021-09-29 09:15:55", "elapsed": 96.009859, "delta": 0.770002}}
{"target": -36.58287918138164, "params": {"C": 39344.89063053114, "gamma": 0.07000319311085082}, "datetime": {"datetime": "2021-09-29 09:15:55", "elapsed": 96.819857, "delta": 0.809998}}
{"target": -36.335376305933885, "params": {"C": 37722.58555304288, "gamma": 0.06580074408898086}, "datetime": {"datetime": "2021-09-29 09:15:56", "elapsed": 97.663468, "delta": 0.843611}}
{"target": -35.42871050396684, "params": {"C": 39908.15435442085, "gamma": 0.04557957003520392}, "datetime": {"datetime": "2021-09-29 09:15:57", "elapsed": 98.569469, "delta": 0.906001}}
{"target": -36.07536428579477, "params": {"C": 36079.42647421929, "gamma": 0.061308783724771}, "datetime": {"datetime": "2021-09-29 09:15:58", "elapsed": 99.48462, "delta": 0.915151}}
{"target": -36.5182639646197, "params": {"C": 36063.84639467824, "gamma": 0.07133630427170405}, "datetime": {"datetime": "2021-09-29 09:15:59", "elapsed": 100.636617, "delta": 1.151997}}
{"target": -37.45187244846614, "params": {"C": 39788.30748852218, "gamma": 0.0909008904067222}, "datetime": {"datetime": "2021-09-29 09:16:00", "elapsed": 101.526106, "delta": 0.889489}}
{"target": -36.34352471226344, "params": {"C": 38436.23477702341, "gamma": 0.0654417012059551}, "datetime": {"datetime": "2021-09-29 09:16:01", "elapsed": 102.854098, "delta": 1.327992}}
{"target": -37.01410367064405, "params": {"C": 35323.8759268667, "gamma": 0.08531757307848736}, "datetime": {"datetime": "2021-09-29 09:16:02", "elapsed": 103.789658, "delta": 0.93556}}
{"target": -34.7197365309282, "params": {"C": 39830.3863279728, "gamma": 0.030172216386124606}, "datetime": {"datetime": "2021-09-29 09:16:03", "elapsed": 104.62826, "delta": 0.838602}}
{"target": -37.604290989885634, "params": {"C": 38998.994708310536, "gamma": 0.09581421574305153}, "datetime": {"datetime": "2021-09-29 09:16:04", "elapsed": 105.641258, "delta": 1.012998}}
{"target": -35.35294240216478, "params": {"C": 35437.31742962199, "gamma": 0.04617049809553398}, "datetime": {"datetime": "2021-09-29 09:16:05", "elapsed": 106.57426, "delta": 0.933002}}
{"target": -35.7298302173639, "params": {"C": 35967.820794957785, "gamma": 0.05397441678038623}, "datetime": {"datetime": "2021-09-29 09:16:06", "elapsed": 107.441323, "delta": 0.867063}}
{"target": -35.875191919845335, "params": {"C": 36400.77492358923, "gamma": 0.05674726222841694}, "datetime": {"datetime": "2021-09-29 09:16:07", "elapsed": 108.623322, "delta": 1.181999}}
{"target": -36.55367077899593, "params": {"C": 37184.752667919805, "gamma": 0.07116875528591465}, "datetime": {"datetime": "2021-09-29 09:16:08", "elapsed": 109.505726, "delta": 0.882404}}
{"target": -36.76014317890518, "params": {"C": 39640.42075403422, "gamma": 0.07404517572910961}, "datetime": {"datetime": "2021-09-29 09:16:09", "elapsed": 110.58973, "delta": 1.084004}}
{"target": -36.721419246073964, "params": {"C": 39264.37573632236, "gamma": 0.07340489473117559}, "datetime": {"datetime": "2021-09-29 09:16:10", "elapsed": 111.744624, "delta": 1.154894}}
{"target": -34.63819495616146, "params": {"C": 38657.912386988886, "gamma": 0.007879152080681358}, "datetime": {"datetime": "2021-09-29 09:16:12", "elapsed": 113.079725, "delta": 1.335101}}
{"target": -34.622076676145205, "params": {"C": 37412.375323859625, "gamma": 0.00810920084664255}, "datetime": {"datetime": "2021-09-29 09:16:13", "elapsed": 114.269458, "delta": 1.189733}}
{"target": -36.2173169784222, "params": {"C": 35090.35898698029, "gamma": 0.06518752898140961}, "datetime": {"datetime": "2021-09-29 09:16:14", "elapsed": 115.410927, "delta": 1.141469}}
{"target": -34.35544186259501, "params": {"C": 35389.93763503117, "gamma": 0.01876839763433555}, "datetime": {"datetime": "2021-09-29 09:16:15", "elapsed": 116.274928, "delta": 0.864001}}
{"target": -35.07911992989794, "params": {"C": 35284.234197719925, "gamma": 0.040355637006681565}, "datetime": {"datetime": "2021-09-29 09:16:16", "elapsed": 117.169122, "delta": 0.894194}}
{"target": -35.11675274300649, "params": {"C": 35732.55358280706, "gamma": 0.040982024728314206}, "datetime": {"datetime": "2021-09-29 09:16:17", "elapsed": 118.316124, "delta": 1.147002}}
{"target": -36.99293917586284, "params": {"C": 37051.34236546872, "gamma": 0.08273077754541552}, "datetime": {"datetime": "2021-09-29 09:16:18", "elapsed": 119.462074, "delta": 1.14595}}
{"target": -34.310501882733455, "params": {"C": 38734.51654535272, "gamma": 0.011054677559362134}, "datetime": {"datetime": "2021-09-29 09:16:19", "elapsed": 120.398073, "delta": 0.935999}}
{"target": -36.62090839484162, "params": {"C": 38512.651365953316, "gamma": 0.07160510843205198}, "datetime": {"datetime": "2021-09-29 09:16:20", "elapsed": 121.498606, "delta": 1.100533}}
{"target": -34.456693798860705, "params": {"C": 35097.95712599667, "gamma": 0.02318759145180702}, "datetime": {"datetime": "2021-09-29 09:16:21", "elapsed": 122.888605, "delta": 1.389999}}
{"target": -37.43134556799067, "params": {"C": 36102.26310210868, "gamma": 0.09522267962572041}, "datetime": {"datetime": "2021-09-29 09:16:23", "elapsed": 123.928916, "delta": 1.040311}}
{"target": -34.31642752632306, "params": {"C": 35454.17487623439, "gamma": 0.016923131130211558}, "datetime": {"datetime": "2021-09-29 09:16:23", "elapsed": 124.914876, "delta": 0.98596}}
{"target": -37.39027353587379, "params": {"C": 35147.43419465145, "gamma": 0.09546860559293101}, "datetime": {"datetime": "2021-09-29 09:16:25", "elapsed": 125.987128, "delta": 1.072252}}
{"target": -34.49932928721287, "params": {"C": 39659.75916173763, "gamma": 0.023719755187187858}, "datetime": {"datetime": "2021-09-29 09:16:25", "elapsed": 126.896127, "delta": 0.908999}}
{"target": -36.11656571683508, "params": {"C": 37073.334948407835, "gamma": 0.06146874456717238}, "datetime": {"datetime": "2021-09-29 09:16:26", "elapsed": 127.755279, "delta": 0.859152}}
{"target": -35.54737911033434, "params": {"C": 36857.595184811704, "gamma": 0.0495737893796268}, "datetime": {"datetime": "2021-09-29 09:16:27", "elapsed": 128.861865, "delta": 1.106586}}
{"target": -36.19767108657946, "params": {"C": 37580.35408498656, "gamma": 0.06284118953831866}, "datetime": {"datetime": "2021-09-29 09:16:28", "elapsed": 129.771167, "delta": 0.909302}}
{"target": -34.8193960938089, "params": {"C": 38025.67822813611, "gamma": 0.033249293031247996}, "datetime": {"datetime": "2021-09-29 09:16:29", "elapsed": 130.677167, "delta": 0.906}}
{"target": -35.97187417495537, "params": {"C": 37808.41205524388, "gamma": 0.057927224432209816}, "datetime": {"datetime": "2021-09-29 09:16:30", "elapsed": 131.682347, "delta": 1.00518}}
{"target": -34.34907794745131, "params": {"C": 38609.19028677103, "gamma": 0.017922954092002133}, "datetime": {"datetime": "2021-09-29 09:16:31", "elapsed": 132.851346, "delta": 1.168999}}
{"target": -34.99030010027315, "params": {"C": 36042.52281693023, "gamma": 0.03800372589514249}, "datetime": {"datetime": "2021-09-29 09:16:33", "elapsed": 134.085716, "delta": 1.23437}}
{"target": -34.96999791026387, "params": {"C": 37386.25468333412, "gamma": 0.03696431610486593}, "datetime": {"datetime": "2021-09-29 09:16:34", "elapsed": 135.102715, "delta": 1.016999}}
{"target": -36.950088568315145, "params": {"C": 35125.508307353644, "gamma": 0.0838771050671301}, "datetime": {"datetime": "2021-09-29 09:16:35", "elapsed": 136.862784, "delta": 1.760069}}
{"target": -34.556077377545805, "params": {"C": 35224.81649020017, "gamma": 0.026766816528764163}, "datetime": {"datetime": "2021-09-29 09:16:37", "elapsed": 137.981975, "delta": 1.119191}}
{"target": -37.53394233591812, "params": {"C": 35795.054513825104, "gamma": 0.09853963065055373}, "datetime": {"datetime": "2021-09-29 09:16:38", "elapsed": 139.183454, "delta": 1.201479}}
{"target": -36.35417644568369, "params": {"C": 39747.430531493956, "gamma": 0.0647128072999185}, "datetime": {"datetime": "2021-09-29 09:16:39", "elapsed": 140.234451, "delta": 1.050997}}
{"target": -37.56716329287599, "params": {"C": 39853.01422082934, "gamma": 0.09368391058229388}, "datetime": {"datetime": "2021-09-29 09:16:40", "elapsed": 141.535767, "delta": 1.301316}}
{"target": -36.864474724488204, "params": {"C": 36302.345063472654, "gamma": 0.08014304514982634}, "datetime": {"datetime": "2021-09-29 09:16:41", "elapsed": 142.578754, "delta": 1.042987}}
{"target": -37.641745652207725, "params": {"C": 37132.37962796539, "gamma": 0.09960840286993522}, "datetime": {"datetime": "2021-09-29 09:16:42", "elapsed": 143.830648, "delta": 1.251894}}
{"target": -34.25639365395433, "params": {"C": 37554.26604987585, "gamma": 0.013486094509108305}, "datetime": {"datetime": "2021-09-29 09:16:43", "elapsed": 144.858646, "delta": 1.027998}}
{"target": -36.51258348967162, "params": {"C": 39078.73642103724, "gamma": 0.06862033306722916}, "datetime": {"datetime": "2021-09-29 09:16:45", "elapsed": 146.149838, "delta": 1.291192}}
{"target": -36.895234183484995, "params": {"C": 36718.4279491867, "gamma": 0.08051529689989326}, "datetime": {"datetime": "2021-09-29 09:16:46", "elapsed": 147.387841, "delta": 1.238003}}
{"target": -34.42813385786133, "params": {"C": 37693.5056925563, "gamma": 0.02151201931238188}, "datetime": {"datetime": "2021-09-29 09:16:48", "elapsed": 149.165832, "delta": 1.777991}}
{"target": -35.725135573032, "params": {"C": 37227.57455591604, "gamma": 0.05315107310933523}, "datetime": {"datetime": "2021-09-29 09:16:49", "elapsed": 150.176022, "delta": 1.01019}}
{"target": -34.30683479145924, "params": {"C": 38148.00782961528, "gamma": 0.016049473108982453}, "datetime": {"datetime": "2021-09-29 09:16:50", "elapsed": 151.029024, "delta": 0.853002}}
{"target": -35.70435261545148, "params": {"C": 39893.329746221505, "gamma": 0.05131936473152519}, "datetime": {"datetime": "2021-09-29 09:16:51", "elapsed": 152.247533, "delta": 1.218509}}
{"target": -35.611153826115505, "params": {"C": 35789.37725315227, "gamma": 0.051491560007123995}, "datetime": {"datetime": "2021-09-29 09:16:52", "elapsed": 153.265923, "delta": 1.01839}}
{"target": -35.591625568710725, "params": {"C": 38091.01040482562, "gamma": 0.04989424417633341}, "datetime": {"datetime": "2021-09-29 09:16:53", "elapsed": 154.234577, "delta": 0.968654}}
{"target": -34.67233201813334, "params": {"C": 36618.69465463288, "gamma": 0.030150266952763422}, "datetime": {"datetime": "2021-09-29 09:16:54", "elapsed": 155.140575, "delta": 0.905998}}
{"target": -36.961522933083465, "params": {"C": 36484.8253074451, "gamma": 0.08254756840802531}, "datetime": {"datetime": "2021-09-29 09:16:55", "elapsed": 156.059753, "delta": 0.919178}}
{"target": -35.16583696688254, "params": {"C": 38268.044860155125, "gamma": 0.0059674643392706814}, "datetime": {"datetime": "2021-09-29 09:16:56", "elapsed": 157.403937, "delta": 1.344184}}
{"target": -36.47682654617665, "params": {"C": 38445.11751096262, "gamma": 0.06833191250622848}, "datetime": {"datetime": "2021-09-29 09:16:57", "elapsed": 158.637937, "delta": 1.234}}
{"target": -34.7721717329064, "params": {"C": 38466.10074697228, "gamma": 0.031915796330818084}, "datetime": {"datetime": "2021-09-29 09:16:58", "elapsed": 159.674659, "delta": 1.036722}}
{"target": -34.359073664967354, "params": {"C": 37843.79928299003, "gamma": 0.01850876687046054}, "datetime": {"datetime": "2021-09-29 09:17:00", "elapsed": 161.380655, "delta": 1.705996}}
{"target": -37.35367398860049, "params": {"C": 39163.353297510715, "gamma": 0.0893013020540216}, "datetime": {"datetime": "2021-09-29 09:17:01", "elapsed": 162.308658, "delta": 0.928003}}
{"target": -34.257541702130645, "params": {"C": 36280.232655507, "gamma": 0.013729842952590103}, "datetime": {"datetime": "2021-09-29 09:17:02", "elapsed": 163.223656, "delta": 0.914998}}
{"target": -37.280207110721136, "params": {"C": 36240.857152845834, "gamma": 0.09109559714556771}, "datetime": {"datetime": "2021-09-29 09:17:03", "elapsed": 164.675534, "delta": 1.451878}}
{"target": -36.89368279087472, "params": {"C": 36554.598854873184, "gamma": 0.08065512088552926}, "datetime": {"datetime": "2021-09-29 09:17:04", "elapsed": 165.742803, "delta": 1.067269}}
{"target": -37.70783496069715, "params": {"C": 39504.249623262855, "gamma": 0.0979406076588659}, "datetime": {"datetime": "2021-09-29 09:17:05", "elapsed": 166.814809, "delta": 1.072006}}
{"target": -35.17882638630995, "params": {"C": 37126.74476306913, "gamma": 0.04168460664838042}, "datetime": {"datetime": "2021-09-29 09:17:06", "elapsed": 167.852961, "delta": 1.038152}}
{"target": -35.256722190604016, "params": {"C": 36777.26015388116, "gamma": 0.04350267415092113}, "datetime": {"datetime": "2021-09-29 09:17:08", "elapsed": 169.312583, "delta": 1.459622}}
{"target": -37.166136260189276, "params": {"C": 35782.42643328042, "gamma": 0.08861605398535065}, "datetime": {"datetime": "2021-09-29 09:17:09", "elapsed": 170.671821, "delta": 1.359238}}
{"target": -35.97405319492848, "params": {"C": 39098.00639062431, "gamma": 0.05718775083862398}, "datetime": {"datetime": "2021-09-29 09:17:11", "elapsed": 172.034733, "delta": 1.362912}}
{"target": -37.10491055300306, "params": {"C": 35218.2950447644, "gamma": 0.0877524982897482}, "datetime": {"datetime": "2021-09-29 09:17:12", "elapsed": 173.363941, "delta": 1.329208}}
{"target": -34.25994986400946, "params": {"C": 35123.10536283351, "gamma": 0.014066995135954719}, "datetime": {"datetime": "2021-09-29 09:17:13", "elapsed": 174.413318, "delta": 1.049377}}
{"target": -37.47783858844073, "params": {"C": 36739.270459247375, "gamma": 0.09559648358748542}, "datetime": {"datetime": "2021-09-29 09:17:14", "elapsed": 175.39138, "delta": 0.978062}}
{"target": -36.09386264034894, "params": {"C": 39465.87568160496, "gamma": 0.05938971547634222}, "datetime": {"datetime": "2021-09-29 09:17:16", "elapsed": 177.035385, "delta": 1.644005}}
{"target": -37.21787575618212, "params": {"C": 37356.13449564685, "gamma": 0.08797915301883648}, "datetime": {"datetime": "2021-09-29 09:17:17", "elapsed": 178.040535, "delta": 1.00515}}
{"target": -35.41568596202801, "params": {"C": 37545.06349315882, "gamma": 0.005251915974552983}, "datetime": {"datetime": "2021-09-29 09:17:18", "elapsed": 179.261539, "delta": 1.221004}}
