{"target": -36.737481504022426, "params": {"C": 41249.149108931895, "gamma": 0.07208486737137582}, "datetime": {"datetime": "2021-09-29 09:33:31", "elapsed": 197.451967, "delta": 1.313943}}
{"target": -37.715416263714616, "params": {"C": 43369.29736696073, "gamma": 0.0930398471115922}, "datetime": {"datetime": "2021-09-29 09:33:32", "elapsed": 198.990966, "delta": 1.538999}}
{"target": -37.34178224133563, "params": {"C": 43530.33117547617, "gamma": 0.08408428722398076}, "datetime": {"datetime": "2021-09-29 09:33:33", "elapsed": 200.001653, "delta": 1.010687}}
{"target": -34.29615095421316, "params": {"C": 40587.78275441793, "gamma": 0.011130137071723183}, "datetime": {"datetime": "2021-09-29 09:33:35", "elapsed": 201.494357, "delta": 1.492704}}
{"target": -36.2944134515321, "params": {"C": 41096.34100228112, "gamma": 0.06248206705134576}, "datetime": {"datetime": "2021-09-29 09:33:36", "elapsed": 202.603359, "delta": 1.109002}}
{"target": -36.34318495726167, "params": {"C": 42923.128413406055, "gamma": 0.06232970272221347}, "datetime": {"datetime": "2021-09-29 09:33:37", "elapsed": 203.73208, "delta": 1.128721}}
{"target": -35.1289362078554, "params": {"C": 44892.95015434653, "gamma": 0.03738038456287303}, "datetime": {"datetime": "2021-09-29 09:33:38", "elapsed": 205.266089, "delta": 1.534009}}
{"target": -34.313347724812786, "params": {"C": 44242.459008393096, "gamma": 0.015522582356567564}, "datetime": {"datetime": "2021-09-29 09:33:39", "elapsed": 206.345089, "delta": 1.079}}
{"target": -34.581023008699155, "params": {"C": 40121.0389273921, "gamma": 0.02615494977121011}, "datetime": {"datetime": "2021-09-29 09:33:40", "elapsed": 207.299267, "delta": 0.954178}}
{"target": -36.113315341503224, "params": {"C": 43998.78901643983, "gamma": 0.057095512325305894}, "datetime": {"datetime": "2021-09-29 09:33:42", "elapsed": 208.614265, "delta": 1.314998}}
{"target": -36.53842692549433, "params": {"C": 43447.580950926, "gamma": 0.06593386225034249}, "datetime": {"datetime": "2021-09-29 09:33:43", "elapsed": 209.673501, "delta": 1.059236}}
{"target": -34.55592936746532, "params": {"C": 42051.47564983244, "gamma": 0.024805919826729795}, "datetime": {"datetime": "2021-09-29 09:33:44", "elapsed": 210.723505, "delta": 1.050004}}
{"target": -34.3496711126571, "params": {"C": 42789.44414566307, "gamma": 0.009686028209160653}, "datetime": {"datetime": "2021-09-29 09:33:45", "elapsed": 211.8551, "delta": 1.131595}}
{"target": -35.25971082952745, "params": {"C": 44469.72215976726, "gamma": 0.04020831813675452}, "datetime": {"datetime": "2021-09-29 09:33:46", "elapsed": 213.329319, "delta": 1.474219}}
{"target": -34.39029131675938, "params": {"C": 42242.906328827215, "gamma": 0.019234784936089763}, "datetime": {"datetime": "2021-09-29 09:33:48", "elapsed": 214.790913, "delta": 1.461594}}
{"target": -36.66659263572989, "params": {"C": 40229.23226810893, "gamma": 0.07123187933551464}, "datetime": {"datetime": "2021-09-29 09:33:49", "elapsed": 215.960529, "delta": 1.169616}}
{"target": -36.86928068148122, "params": {"C": 43786.106482565265, "gamma": 0.07317755304376015}, "datetime": {"datetime": "2021-09-29 09:33:51", "elapsed": 217.58836, "delta": 1.627831}}
{"target": -35.453807660844845, "params": {"C": 41059.72125024749, "gamma": 0.045547903973857856}, "datetime": {"datetime": "2021-09-29 09:33:52", "elapsed": 218.648368, "delta": 1.060008}}
{"target": -36.496850066936375, "params": {"C": 44774.19797555156, "gamma": 0.06419772089312915}, "datetime": {"datetime": "2021-09-29 09:33:53", "elapsed": 219.706478, "delta": 1.05811}}
{"target": -37.071108150497544, "params": {"C": 40994.38936067773, "gamma": 0.080399327001916}, "datetime": {"datetime": "2021-09-29 09:33:54", "elapsed": 220.789475, "delta": 1.082997}}
{"target": -35.791930752056764, "params": {"C": 43563.97911407884, "gamma": 0.051165326941029564}, "datetime": {"datetime": "2021-09-29 09:33:55", "elapsed": 222.424697, "delta": 1.635222}}
{"target": -34.50995403452631, "params": {"C": 42810.390592529584, "gamma": 0.023176795152477052}, "datetime": {"datetime": "2021-09-29 09:33:57", "elapsed": 223.609892, "delta": 1.185195}}
{"target": -36.72304323375601, "params": {"C": 40787.01207796505, "gamma": 0.07212153406165757}, "datetime": {"datetime": "2021-09-29 09:33:59", "elapsed": 225.509325, "delta": 1.899433}}
{"target": -34.89565868544643, "params": {"C": 40320.71677411611, "gamma": 0.03422039009648351}, "datetime": {"datetime": "2021-09-29 09:34:00", "elapsed": 226.775368, "delta": 1.266043}}
{"target": -37.47059132341609, "params": {"C": 41933.93403169233, "gamma": 0.08877504239489724}, "datetime": {"datetime": "2021-09-29 09:34:01", "elapsed": 228.002522, "delta": 1.227154}}
{"target": -34.79063151288363, "params": {"C": 40226.990307030006, "gamma": 0.03173777816625308}, "datetime": {"datetime": "2021-09-29 09:34:02", "elapsed": 229.311143, "delta": 1.308621}}
{"target": -37.52817888780197, "params": {"C": 41092.43913442607, "gamma": 0.09113825997104924}, "datetime": {"datetime": "2021-09-29 09:34:04", "elapsed": 230.540142, "delta": 1.228999}}
{"target": -37.01327443130526, "params": {"C": 43175.08125939341, "gamma": 0.07698173300552867}, "datetime": {"datetime": "2021-09-29 09:34:05", "elapsed": 232.14532, "delta": 1.605178}}
{"target": -35.44244324530162, "params": {"C": 44824.31363702393, "gamma": 0.04365956553729707}, "datetime": {"datetime": "2021-09-29 09:34:07", "elapsed": 233.485967, "delta": 1.340647}}
{"target": -36.721178855612116, "params": {"C": 40520.1566184663, "gamma": 0.07230214167057296}, "datetime": {"datetime": "2021-09-29 09:34:08", "elapsed": 234.745581, "delta": 1.259614}}
{"target": -34.582048565678434, "params": {"C": 44354.11630258993, "gamma": 0.02502132062900377}, "datetime": {"datetime": "2021-09-29 09:34:09", "elapsed": 236.366178, "delta": 1.620597}}
{"target": -35.073186437506436, "params": {"C": 40301.59641838978, "gamma": 0.03797073028875413}, "datetime": {"datetime": "2021-09-29 09:34:10", "elapsed": 237.430321, "delta": 1.064143}}
{"target": -37.81048093360869, "params": {"C": 41194.46450927582, "gamma": 0.09845584863805797}, "datetime": {"datetime": "2021-09-29 09:34:12", "elapsed": 238.632318, "delta": 1.201997}}
{"target": -34.600412217164944, "params": {"C": 44318.85231143799, "gamma": 0.0256126163884349}, "datetime": {"datetime": "2021-09-29 09:34:13", "elapsed": 239.81222, "delta": 1.179902}}
{"target": -37.34721536294436, "params": {"C": 44549.099581873634, "gamma": 0.08316396193480552}, "datetime": {"datetime": "2021-09-29 09:34:14", "elapsed": 241.021225, "delta": 1.209005}}
{"target": -37.449817196784245, "params": {"C": 42639.32868383988, "gamma": 0.08750676655239181}, "datetime": {"datetime": "2021-09-29 09:34:15", "elapsed": 242.275504, "delta": 1.254279}}
{"target": -35.832815478021594, "params": {"C": 41617.25926237649, "gamma": 0.052946222575373784}, "datetime": {"datetime": "2021-09-29 09:34:17", "elapsed": 243.552706, "delta": 1.277202}}
{"target": -36.53389980362671, "params": {"C": 41424.87944950948, "gamma": 0.06728114596533115}, "datetime": {"datetime": "2021-09-29 09:34:18", "elapsed": 245.118366, "delta": 1.56566}}
{"target": -35.105692386339335, "params": {"C": 42569.9890935928, "gamma": 0.00584306517753527}, "datetime": {"datetime": "2021-09-29 09:34:19", "elapsed": 246.377069, "delta": 1.258703}}
{"target": -34.368812751661416, "params": {"C": 42798.47766412289, "gamma": 0.018185024901387438}, "datetime": {"datetime": "2021-09-29 09:34:21", "elapsed": 247.633434, "delta": 1.256365}}
{"target": -35.39549921369935, "params": {"C": 44845.386341245416, "gamma": 0.042730259849322515}, "datetime": {"datetime": "2021-09-29 09:34:22", "elapsed": 248.905433, "delta": 1.271999}}
{"target": -37.46508373516437, "params": {"C": 44346.38182068329, "gamma": 0.0860205827304855}, "datetime": {"datetime": "2021-09-29 09:34:24", "elapsed": 250.536904, "delta": 1.631471}}
{"target": -36.133160548832045, "params": {"C": 41071.246138574184, "gamma": 0.05917583925021519}, "datetime": {"datetime": "2021-09-29 09:34:25", "elapsed": 251.716202, "delta": 1.179298}}
{"target": -34.32969813659174, "params": {"C": 43609.711041761766, "gamma": 0.016328808229691537}, "datetime": {"datetime": "2021-09-29 09:34:26", "elapsed": 252.929198, "delta": 1.212996}}
{"target": -34.7653003681532, "params": {"C": 43098.282151185675, "gamma": 0.03020269367139929}, "datetime": {"datetime": "2021-09-29 09:34:27", "elapsed": 254.233628, "delta": 1.30443}}
{"target": -36.252355910769154, "params": {"C": 41524.34439714579, "gamma": 0.06131991476395222}, "datetime": {"datetime": "2021-09-29 09:34:29", "elapsed": 255.963668, "delta": 1.73004}}
{"target": -37.698169077357335, "params": {"C": 44308.69766472577, "gamma": 0.09149157399735036}, "datetime": {"datetime": "2021-09-29 09:34:30", "elapsed": 257.154667, "delta": 1.190999}}
{"target": -34.302966597412635, "params": {"C": 40435.77302848054, "gamma": 0.01098046506873539}, "datetime": {"datetime": "2021-09-29 09:34:32", "elapsed": 258.483852, "delta": 1.329185}}
{"target": -36.216845725507966, "params": {"C": 44268.51795476598, "gamma": 0.0589482497272536}, "datetime": {"datetime": "2021-09-29 09:34:33", "elapsed": 259.759708, "delta": 1.275856}}
{"target": -34.30805979320915, "params": {"C": 41259.379665797336, "gamma": 0.010735030282989251}, "datetime": {"datetime": "2021-09-29 09:34:35", "elapsed": 261.469455, "delta": 1.709747}}
{"target": -37.733785967249965, "params": {"C": 42053.032958159805, "gamma": 0.09517230723480088}, "datetime": {"datetime": "2021-09-29 09:34:36", "elapsed": 263.074456, "delta": 1.605001}}
{"target": -34.70090966622508, "params": {"C": 41214.149595281684, "gamma": 0.029282190580862007}, "datetime": {"datetime": "2021-09-29 09:34:38", "elapsed": 264.439359, "delta": 1.364903}}
{"target": -34.679768105023086, "params": {"C": 42980.932867401556, "gamma": 0.0282652002880907}, "datetime": {"datetime": "2021-09-29 09:34:39", "elapsed": 265.694597, "delta": 1.255238}}
{"target": -35.80309697357192, "params": {"C": 44143.74049901843, "gamma": 0.05108325254385888}, "datetime": {"datetime": "2021-09-29 09:34:41", "elapsed": 267.433707, "delta": 1.73911}}
{"target": -36.07789740641951, "params": {"C": 44595.686303039576, "gamma": 0.05610756170625309}, "datetime": {"datetime": "2021-09-29 09:34:42", "elapsed": 268.72571, "delta": 1.292003}}
{"target": -35.229583006015325, "params": {"C": 41161.95618684949, "gamma": 0.04093567090454194}, "datetime": {"datetime": "2021-09-29 09:34:43", "elapsed": 270.040728, "delta": 1.315018}}
{"target": -35.77175398392395, "params": {"C": 44444.15844808895, "gamma": 0.050313215481789124}, "datetime": {"datetime": "2021-09-29 09:34:45", "elapsed": 272.081034, "delta": 2.040306}}
{"target": -35.652957193329804, "params": {"C": 40754.63549693677, "gamma": 0.049893287625892346}, "datetime": {"datetime": "2021-09-29 09:34:46", "elapsed": 273.425097, "delta": 1.344063}}
{"target": -35.942260813674025, "params": {"C": 40720.40574497626, "gamma": 0.055600923593434444}, "datetime": {"datetime": "2021-09-29 09:34:48", "elapsed": 275.241273, "delta": 1.816176}}
{"target": -35.83576868373363, "params": {"C": 44789.53650327715, "gamma": 0.05139522372428499}, "datetime": {"datetime": "2021-09-29 09:34:50", "elapsed": 276.561556, "delta": 1.320283}}
{"target": -37.1738343437864, "params": {"C": 42077.488646761245, "gamma": 0.08168285719575204}, "datetime": {"datetime": "2021-09-29 09:34:51", "elapsed": 277.949756, "delta": 1.3882}}
{"target": -36.763707159934654, "params": {"C": 44084.183242677995, "gamma": 0.07045242885754457}, "datetime": {"datetime": "2021-09-29 09:34:53", "elapsed": 279.701991, "delta": 1.752235}}
{"target": -34.328514512054944, "params": {"C": 42319.99972894677, "gamma": 0.01644606583074699}, "datetime": {"datetime": "2021-09-29 09:34:54", "elapsed": 281.00099, "delta": 1.298999}}
{"target": -36.66092058854811, "params": {"C": 43611.39201260479, "gamma": 0.0684619929487311}, "datetime": {"datetime": "2021-09-29 09:34:55", "elapsed": 282.333301, "delta": 1.332311}}
{"target": -35.00392807043309, "params": {"C": 43617.56518722103, "gamma": 0.03529189847638006}, "datetime": {"datetime": "2021-09-29 09:34:57", "elapsed": 283.742972, "delta": 1.409671}}
{"target": -37.85627829268833, "params": {"C": 43558.10439629627, "gamma": 0.09656184385679416}, "datetime": {"datetime": "2021-09-29 09:34:59", "elapsed": 285.512972, "delta": 1.77}}
{"target": -36.01452945842324, "params": {"C": 43969.177282903525, "gamma": 0.0552599186005509}, "datetime": {"datetime": "2021-09-29 09:35:00", "elapsed": 286.924968, "delta": 1.411996}}
{"target": -37.63836872173711, "params": {"C": 42026.70136818416, "gamma": 0.09272360692160937}, "datetime": {"datetime": "2021-09-29 09:35:02", "elapsed": 288.97831, "delta": 2.053342}}
{"target": -35.41502668131298, "params": {"C": 40617.82231865057, "gamma": 0.04495637823817276}, "datetime": {"datetime": "2021-09-29 09:35:04", "elapsed": 290.834709, "delta": 1.856399}}
{"target": -34.82988477927789, "params": {"C": 44747.70182704898, "gamma": 0.031203769102626774}, "datetime": {"datetime": "2021-09-29 09:35:06", "elapsed": 292.722111, "delta": 1.887402}}
{"target": -34.60700594176352, "params": {"C": 40124.81402320439, "gamma": 0.027012849516783156}, "datetime": {"datetime": "2021-09-29 09:35:08", "elapsed": 294.60413, "delta": 1.882019}}
{"target": -37.66524175043307, "params": {"C": 44347.22440706876, "gamma": 0.09063819237442794}, "datetime": {"datetime": "2021-09-29 09:35:09", "elapsed": 296.050316, "delta": 1.446186}}
{"target": -35.98281864428478, "params": {"C": 43911.03904937623, "gamma": 0.054707369887840716}, "datetime": {"datetime": "2021-09-29 09:35:10", "elapsed": 297.34484, "delta": 1.294524}}
{"target": -34.30988534826219, "params": {"C": 40894.596314521776, "gamma": 0.015798885359771468}, "datetime": {"datetime": "2021-09-29 09:35:12", "elapsed": 298.634995, "delta": 1.290155}}
{"target": -37.85126655062863, "params": {"C": 43021.53069857418, "gamma": 0.09712416837632046}, "datetime": {"datetime": "2021-09-29 09:35:13", "elapsed": 300.405741, "delta": 1.770746}}
{"target": -37.766759486971836, "params": {"C": 44016.37576262721, "gamma": 0.09358030760399923}, "datetime": {"datetime": "2021-09-29 09:35:15", "elapsed": 301.861453, "delta": 1.455712}}
{"target": -36.94143426735702, "params": {"C": 44888.5491502011, "gamma": 0.07387640688595602}, "datetime": {"datetime": "2021-09-29 09:35:16", "elapsed": 303.255453, "delta": 1.394}}
{"target": -35.12885375818956, "params": {"C": 40040.51920623676, "gamma": 0.03926434891956537}, "datetime": {"datetime": "2021-09-29 09:35:18", "elapsed": 304.507236, "delta": 1.251783}}
{"target": -37.6307836418677, "params": {"C": 42342.2423066879, "gamma": 0.09214571360754564}, "datetime": {"datetime": "2021-09-29 09:35:19", "elapsed": 305.923847, "delta": 1.416611}}
{"target": -36.812141761785995, "params": {"C": 40247.17246598118, "gamma": 0.07483414607285523}, "datetime": {"datetime": "2021-09-29 09:35:21", "elapsed": 307.61105, "delta": 1.687203}}
{"target": -37.18272775086872, "params": {"C": 40946.436139790436, "gamma": 0.0830373824594494}, "datetime": {"datetime": "2021-09-29 09:35:22", "elapsed": 308.937041, "delta": 1.325991}}
{"target": -34.99274248931281, "params": {"C": 42298.045037305594, "gamma": 0.035526945637657}, "datetime": {"datetime": "2021-09-29 09:35:23", "elapsed": 310.229918, "delta": 1.292877}}
{"target": -34.5444214417241, "params": {"C": 41898.396676397344, "gamma": 0.008112033667631515}, "datetime": {"datetime": "2021-09-29 09:35:25", "elapsed": 311.662248, "delta": 1.43233}}
{"target": -34.70064360276839, "params": {"C": 43415.186694466785, "gamma": 0.028617253911116764}, "datetime": {"datetime": "2021-09-29 09:35:26", "elapsed": 312.899249, "delta": 1.237001}}
{"target": -34.2780738214757, "params": {"C": 43021.302271809436, "gamma": 0.014087121811680016}, "datetime": {"datetime": "2021-09-29 09:35:27", "elapsed": 314.226499, "delta": 1.32725}}
{"target": -36.495562078265, "params": {"C": 41161.33621077183, "gamma": 0.06664997996044182}, "datetime": {"datetime": "2021-09-29 09:35:29", "elapsed": 315.915522, "delta": 1.689023}}
{"target": -36.15398124023594, "params": {"C": 41363.586549725485, "gamma": 0.059413688453017394}, "datetime": {"datetime": "2021-09-29 09:35:30", "elapsed": 317.236525, "delta": 1.321003}}
{"target": -34.67801500940282, "params": {"C": 40872.75679908723, "gamma": 0.028853964315580335}, "datetime": {"datetime": "2021-09-29 09:35:32", "elapsed": 318.631199, "delta": 1.394674}}
{"target": -34.660409665151256, "params": {"C": 40640.329698445, "gamma": 0.007556402461260488}, "datetime": {"datetime": "2021-09-29 09:35:33", "elapsed": 320.345563, "delta": 1.714364}}
{"target": -36.00511661037968, "params": {"C": 42758.35223295794, "gamma": 0.05572926630846401}, "datetime": {"datetime": "2021-09-29 09:35:35", "elapsed": 321.703732, "delta": 1.358169}}
{"target": -35.10981813285795, "params": {"C": 42913.35073778858, "gamma": 0.03771552150526224}, "datetime": {"datetime": "2021-09-29 09:35:36", "elapsed": 323.138728, "delta": 1.434996}}
{"target": -34.77809308717808, "params": {"C": 43609.75737677639, "gamma": 0.030344566439091288}, "datetime": {"datetime": "2021-09-29 09:35:38", "elapsed": 325.125552, "delta": 1.986824}}
{"target": -34.485869341468636, "params": {"C": 40121.03849120845, "gamma": 0.023172396499024982}, "datetime": {"datetime": "2021-09-29 09:35:40", "elapsed": 326.467759, "delta": 1.342207}}
{"target": -35.5641774171143, "params": {"C": 41765.798497287775, "gamma": 0.04749585944012356}, "datetime": {"datetime": "2021-09-29 09:35:41", "elapsed": 328.190597, "delta": 1.722838}}
{"target": -36.81807270828748, "params": {"C": 43335.50267267515, "gamma": 0.07233946623122896}, "datetime": {"datetime": "2021-09-29 09:35:43", "elapsed": 329.971532, "delta": 1.780935}}
{"target": -37.51955327247348, "params": {"C": 42716.30111318608, "gamma": 0.08902012797501217}, "datetime": {"datetime": "2021-09-29 09:35:44", "elapsed": 331.294534, "delta": 1.323002}}
{"target": -34.736505983582774, "params": {"C": 41608.983396209245, "gamma": 0.029992029905254465}, "datetime": {"datetime": "2021-09-29 09:35:46", "elapsed": 332.678054, "delta": 1.38352}}
{"target": -36.16432738564276, "params": {"C": 43148.017300516156, "gamma": 0.058558750872278846}, "datetime": {"datetime": "2021-09-29 09:35:48", "elapsed": 334.630171, "delta": 1.952117}}
{"target": -34.43050174054843, "params": {"C": 42319.969274909854, "gamma": 0.02068402223164908}, "datetime": {"datetime": "2021-09-29 09:35:49", "elapsed": 336.325478, "delta": 1.695307}}
{"target": -37.23127893594505, "params": {"C": 43003.818136140835, "gamma": 0.0820969203190234}, "datetime": {"datetime": "2021-09-29 09:35:51", "elapsed": 337.766249, "delta": 1.440771}}
{"target": -35.42237386143498, "params": {"C": 43734.48813105669, "gamma": 0.04371685506440485}, "datetime": {"datetime": "2021-09-29 09:35:53", "elapsed": 339.685234, "delta": 1.918985}}
{"target": -36.87620170173269, "params": {"C": 44307.078803867655, "gamma": 0.07291686747557485}, "datetime": {"datetime": "2021-09-29 09:35:54", "elapsed": 341.057235, "delta": 1.372001}}
{"target": -34.36510108411755, "params": {"C": 42554.226346628035, "gamma": 0.01805350119918587}, "datetime": {"datetime": "2021-09-29 09:35:56", "elapsed": 343.05646, "delta": 1.999225}}
{"target": -35.06795639638138, "params": {"C": 41259.43446423604, "gamma": 0.006050946378124733}, "datetime": {"datetime": "2021-09-29 09:35:58", "elapsed": 344.7236, "delta": 1.66714}}
{"target": -34.32420739744409, "params": {"C": 42475.25275376141, "gamma": 0.01623227737359732}, "datetime": {"datetime": "2021-09-29 09:36:00", "elapsed": 346.491238, "delta": 1.767638}}
{"target": -34.29774210248159, "params": {"C": 43781.93170238656, "gamma": 0.014882947211371015}, "datetime": {"datetime": "2021-09-29 09:36:02", "elapsed": 348.831898, "delta": 2.34066}}
{"target": -35.13539025885557, "params": {"C": 41280.28543992227, "gamma": 0.0058414899096575785}, "datetime": {"datetime": "2021-09-29 09:36:04", "elapsed": 350.945187, "delta": 2.113289}}
{"target": -36.28110369765199, "params": {"C": 43835.89633384906, "gamma": 0.06048376863034092}, "datetime": {"datetime": "2021-09-29 09:36:07", "elapsed": 353.48089, "delta": 2.535703}}
{"target": -36.76831307979018, "params": {"C": 42554.241026128235, "gamma": 0.0717601362750538}, "datetime": {"datetime": "2021-09-29 09:36:08", "elapsed": 355.408258, "delta": 1.927368}}
{"target": -36.665504960875, "params": {"C": 44235.61326800517, "gamma": 0.06811238237960347}, "datetime": {"datetime": "2021-09-29 09:36:10", "elapsed": 356.827302, "delta": 1.419044}}
{"target": -34.282192483763204, "params": {"C": 41366.64304981463, "gamma": 0.014476052346067678}, "datetime": {"datetime": "2021-09-29 09:36:11", "elapsed": 358.284477, "delta": 1.457175}}
{"target": -37.626927483984055, "params": {"C": 42470.563007488454, "gamma": 0.0918940560224615}, "datetime": {"datetime": "2021-09-29 09:36:13", "elapsed": 359.760658, "delta": 1.476181}}
{"target": -34.40905235773278, "params": {"C": 43835.99768675277, "gamma": 0.008845980345484372}, "datetime": {"datetime": "2021-09-29 09:36:15", "elapsed": 362.102031, "delta": 2.341373}}
{"target": -34.386066761421276, "params": {"C": 43291.23450206602, "gamma": 0.018888240717949555}, "datetime": {"datetime": "2021-09-29 09:36:17", "elapsed": 364.397908, "delta": 2.295877}}
{"target": -36.971326051752854, "params": {"C": 40934.34660164544, "gamma": 0.0780675595901704}, "datetime": {"datetime": "2021-09-29 09:36:19", "elapsed": 365.87912, "delta": 1.481212}}
{"target": -35.144432035029446, "params": {"C": 40353.278848467955, "gamma": 0.03946463827309956}, "datetime": {"datetime": "2021-09-29 09:36:21", "elapsed": 367.47812, "delta": 1.599}}
