{"target": -48.141373109123485, "params": {"C": 151321.3717919572, "gamma": 0.018375362711259016}, "datetime": {"datetime": "2021-10-04 11:42:31", "elapsed": 18.107495, "delta": 0.420352}}
{"target": -49.47737890600142, "params": {"C": 376998.49055189564, "gamma": 0.007465923950089825}, "datetime": {"datetime": "2021-10-04 11:42:31", "elapsed": 18.502463, "delta": 0.394968}}
{"target": -48.22311117619357, "params": {"C": 151528.1664515036, "gamma": 0.02850755213271732}, "datetime": {"datetime": "2021-10-04 11:42:32", "elapsed": 18.92071, "delta": 0.418247}}
{"target": -48.191634694555745, "params": {"C": 214310.91433235188, "gamma": 0.015748957084930543}, "datetime": {"datetime": "2021-10-04 11:42:32", "elapsed": 19.342404, "delta": 0.421694}}
{"target": -48.27185011044054, "params": {"C": 169659.6498790512, "gamma": 0.02680547179763892}, "datetime": {"datetime": "2021-10-04 11:42:33", "elapsed": 19.770649, "delta": 0.428245}}
{"target": -48.09634596793271, "params": {"C": 136019.38772761764, "gamma": 0.019957847779763067}, "datetime": {"datetime": "2021-10-04 11:42:33", "elapsed": 20.136231, "delta": 0.365582}}
{"target": -56.057886002432454, "params": {"C": 92365.44364841473, "gamma": 0.0013243910289797442}, "datetime": {"datetime": "2021-10-04 11:42:33", "elapsed": 20.601707, "delta": 0.465476}}
{"target": -52.09558408298211, "params": {"C": 169666.72264100763, "gamma": 0.004606847820572262}, "datetime": {"datetime": "2021-10-04 11:42:34", "elapsed": 21.006969, "delta": 0.405262}}
{"target": -48.910562543385986, "params": {"C": 92360.89945453222, "gamma": 0.01416179767028601}, "datetime": {"datetime": "2021-10-04 11:42:34", "elapsed": 21.426982, "delta": 0.420013}}
{"target": -51.52951125456056, "params": {"C": 232975.80272159356, "gamma": 0.004870497167450208}, "datetime": {"datetime": "2021-10-04 11:42:35", "elapsed": 21.77925, "delta": 0.352268}}
{"target": -48.6121437533014, "params": {"C": 204413.05006096882, "gamma": 0.028863530139292205}, "datetime": {"datetime": "2021-10-04 11:42:35", "elapsed": 22.213865, "delta": 0.434615}}
{"target": -49.70361043434982, "params": {"C": 214305.80899392086, "gamma": 0.00823203299382626}, "datetime": {"datetime": "2021-10-04 11:42:36", "elapsed": 22.675955, "delta": 0.46209}}
{"target": -50.636099812600655, "params": {"C": 101280.07243718494, "gamma": 0.00818032257428926}, "datetime": {"datetime": "2021-10-04 11:42:36", "elapsed": 23.144954, "delta": 0.468999}}
{"target": -49.99253789994949, "params": {"C": 214331.62538580064, "gamma": 0.00760997429598392}, "datetime": {"datetime": "2021-10-04 11:42:36", "elapsed": 23.584961, "delta": 0.440007}}
{"target": -55.90983733882824, "params": {"C": 198678.97645177983, "gamma": 0.0005180344033525023}, "datetime": {"datetime": "2021-10-04 11:42:37", "elapsed": 24.03232, "delta": 0.447359}}
{"target": -48.379271698949694, "params": {"C": 151529.74976829253, "gamma": 0.014709077266133474}, "datetime": {"datetime": "2021-10-04 11:42:37", "elapsed": 24.489301, "delta": 0.456981}}
{"target": -49.14661007042097, "params": {"C": 366339.17818628374, "gamma": 0.022529235533213322}, "datetime": {"datetime": "2021-10-04 11:42:38", "elapsed": 24.907503, "delta": 0.418202}}
{"target": -48.073801363352985, "params": {"C": 138831.41534342256, "gamma": 0.022656279714161825}, "datetime": {"datetime": "2021-10-04 11:42:38", "elapsed": 25.420532, "delta": 0.513029}}
{"target": -49.24352058318603, "params": {"C": 143825.151346434, "gamma": 0.010752610031679277}, "datetime": {"datetime": "2021-10-04 11:42:39", "elapsed": 25.885308, "delta": 0.464776}}
{"target": -51.10341381382772, "params": {"C": 138832.5300953284, "gamma": 0.006432624668177507}, "datetime": {"datetime": "2021-10-04 11:42:39", "elapsed": 26.414233, "delta": 0.528925}}
{"target": -48.397812881678455, "params": {"C": 214308.91257307862, "gamma": 0.013222200849230583}, "datetime": {"datetime": "2021-10-04 11:42:40", "elapsed": 26.913304, "delta": 0.499071}}
{"target": -48.63690958651358, "params": {"C": 70758.27412101481, "gamma": 0.017913493252917558}, "datetime": {"datetime": "2021-10-04 11:42:40", "elapsed": 27.380233, "delta": 0.466929}}
{"target": -48.796097749108746, "params": {"C": 103563.01053189588, "gamma": 0.014037075067387071}, "datetime": {"datetime": "2021-10-04 11:42:41", "elapsed": 27.876212, "delta": 0.495979}}
{"target": -48.99605458279851, "params": {"C": 204415.05530342305, "gamma": 0.010379114477188275}, "datetime": {"datetime": "2021-10-04 11:42:41", "elapsed": 28.406304, "delta": 0.530092}}
{"target": -49.37885025285413, "params": {"C": 403202.69499787374, "gamma": 0.02326020105659657}, "datetime": {"datetime": "2021-10-04 11:42:42", "elapsed": 28.864533, "delta": 0.458229}}
{"target": -48.47921617367747, "params": {"C": 343573.48820723384, "gamma": 0.015916609656212107}, "datetime": {"datetime": "2021-10-04 11:42:42", "elapsed": 29.38953, "delta": 0.524997}}
{"target": -48.07329468401322, "params": {"C": 151526.43697904993, "gamma": 0.02025716712296454}, "datetime": {"datetime": "2021-10-04 11:42:43", "elapsed": 29.926239, "delta": 0.536709}}
{"target": -49.35210831533409, "params": {"C": 204408.86763479112, "gamma": 0.009255268326726108}, "datetime": {"datetime": "2021-10-04 11:42:43", "elapsed": 30.472257, "delta": 0.546018}}
{"target": -48.198125629328366, "params": {"C": 92362.43164010013, "gamma": 0.020933498324561574}, "datetime": {"datetime": "2021-10-04 11:42:44", "elapsed": 31.054251, "delta": 0.581994}}
{"target": -56.00652752218107, "params": {"C": 101271.88903570609, "gamma": 0.001313863052368911}, "datetime": {"datetime": "2021-10-04 11:42:44", "elapsed": 31.620244, "delta": 0.565993}}
{"target": -55.77259379652263, "params": {"C": 214302.85812548187, "gamma": 0.0011085928006463312}, "datetime": {"datetime": "2021-10-04 11:42:45", "elapsed": 32.066482, "delta": 0.446238}}
{"target": -48.40113724538154, "params": {"C": 354454.02940961433, "gamma": 0.01393755277387274}, "datetime": {"datetime": "2021-10-04 11:42:45", "elapsed": 32.602489, "delta": 0.536007}}
{"target": -54.7323776423127, "params": {"C": 430565.723299264, "gamma": 0.0016467055903184942}, "datetime": {"datetime": "2021-10-04 11:42:46", "elapsed": 33.127319, "delta": 0.52483}}
{"target": -57.53359767875427, "params": {"C": 17630.543960605093, "gamma": 0.0016401419700760506}, "datetime": {"datetime": "2021-10-04 11:42:46", "elapsed": 33.608322, "delta": 0.481003}}
{"target": -54.00939695618538, "params": {"C": 336771.1249924017, "gamma": 0.0022321090843291065}, "datetime": {"datetime": "2021-10-04 11:42:47", "elapsed": 34.075581, "delta": 0.467259}}
{"target": -48.688394373076655, "params": {"C": 350318.5640559053, "gamma": 0.018417134847581163}, "datetime": {"datetime": "2021-10-04 11:42:47", "elapsed": 34.505945, "delta": 0.430364}}
{"target": -49.10774012090021, "params": {"C": 458040.6704449829, "gamma": 0.018489259122951792}, "datetime": {"datetime": "2021-10-04 11:42:48", "elapsed": 34.975946, "delta": 0.470001}}
{"target": -50.70065954485908, "params": {"C": 51998.539688820194, "gamma": 0.010773556641087352}, "datetime": {"datetime": "2021-10-04 11:42:48", "elapsed": 35.460422, "delta": 0.484476}}
{"target": -51.62196972163755, "params": {"C": 70849.31662225409, "gamma": 0.007197833707176147}, "datetime": {"datetime": "2021-10-04 11:42:49", "elapsed": 35.950283, "delta": 0.489861}}
{"target": -49.78404995576805, "params": {"C": 309577.73691256554, "gamma": 0.007217237440146395}, "datetime": {"datetime": "2021-10-04 11:42:49", "elapsed": 36.400092, "delta": 0.449809}}
{"target": -48.15110722110639, "params": {"C": 187342.07059114834, "gamma": 0.0203723832032057}, "datetime": {"datetime": "2021-10-04 11:42:50", "elapsed": 36.860602, "delta": 0.46051}}
{"target": -51.545048287057156, "params": {"C": 13642.18847395372, "gamma": 0.019119437833710246}, "datetime": {"datetime": "2021-10-04 11:42:50", "elapsed": 37.550136, "delta": 0.689534}}
{"target": -48.46520668524227, "params": {"C": 123352.48656014042, "gamma": 0.014807914344207036}, "datetime": {"datetime": "2021-10-04 11:42:51", "elapsed": 38.118246, "delta": 0.56811}}
{"target": -50.800758973436245, "params": {"C": 494221.4438799228, "gamma": 0.004835267269757115}, "datetime": {"datetime": "2021-10-04 11:42:51", "elapsed": 38.585184, "delta": 0.466938}}
{"target": -53.61253720450454, "params": {"C": 343221.7317361489, "gamma": 0.0025002238335009685}, "datetime": {"datetime": "2021-10-04 11:42:52", "elapsed": 39.085746, "delta": 0.500562}}
{"target": -48.11726639351959, "params": {"C": 157501.89287336505, "gamma": 0.01857708073416532}, "datetime": {"datetime": "2021-10-04 11:42:53", "elapsed": 39.754754, "delta": 0.669008}}
{"target": -48.45911832118441, "params": {"C": 107073.87154924084, "gamma": 0.015730780080764367}, "datetime": {"datetime": "2021-10-04 11:42:53", "elapsed": 40.289251, "delta": 0.534497}}
{"target": -48.6176562563568, "params": {"C": 444266.44515525294, "gamma": 0.014158100383163574}, "datetime": {"datetime": "2021-10-04 11:42:54", "elapsed": 40.999527, "delta": 0.710276}}
{"target": -54.203914260524826, "params": {"C": 107502.37589900363, "gamma": 0.0029364996745136203}, "datetime": {"datetime": "2021-10-04 11:42:54", "elapsed": 41.500206, "delta": 0.500679}}
{"target": -49.57667880884512, "params": {"C": 143020.87033942944, "gamma": 0.009802983617213634}, "datetime": {"datetime": "2021-10-04 11:42:55", "elapsed": 41.974428, "delta": 0.474222}}
{"target": -48.61044300499134, "params": {"C": 367892.4600813212, "gamma": 0.016742360749731056}, "datetime": {"datetime": "2021-10-04 11:42:55", "elapsed": 42.581387, "delta": 0.606959}}
{"target": -50.52419617541481, "params": {"C": 419760.8811965093, "gamma": 0.005416940843161947}, "datetime": {"datetime": "2021-10-04 11:42:56", "elapsed": 43.095323, "delta": 0.513936}}
{"target": -48.587027940525516, "params": {"C": 396583.0640624413, "gamma": 0.015387018087301588}, "datetime": {"datetime": "2021-10-04 11:42:57", "elapsed": 43.67501, "delta": 0.579687}}
{"target": -48.738164026601446, "params": {"C": 39251.361163408525, "gamma": 0.026142170555323748}, "datetime": {"datetime": "2021-10-04 11:42:57", "elapsed": 44.199624, "delta": 0.524614}}
{"target": -56.56510119327924, "params": {"C": 33122.842583765305, "gamma": 0.0018061506946642492}, "datetime": {"datetime": "2021-10-04 11:42:58", "elapsed": 44.665553, "delta": 0.465929}}
{"target": -49.55954160233936, "params": {"C": 401885.07422938774, "gamma": 0.026514367383665964}, "datetime": {"datetime": "2021-10-04 11:42:58", "elapsed": 45.196174, "delta": 0.530621}}
{"target": -55.92212879153985, "params": {"C": 187945.76306297697, "gamma": 0.0004852846380245419}, "datetime": {"datetime": "2021-10-04 11:42:59", "elapsed": 45.684508, "delta": 0.488334}}
{"target": -49.11063675738957, "params": {"C": 331055.0271945281, "gamma": 0.02431408291255337}, "datetime": {"datetime": "2021-10-04 11:42:59", "elapsed": 46.17389, "delta": 0.489382}}
{"target": -48.69382139994023, "params": {"C": 350435.2648499118, "gamma": 0.01848164443014718}, "datetime": {"datetime": "2021-10-04 11:43:00", "elapsed": 46.853149, "delta": 0.679259}}
{"target": -52.75949222980327, "params": {"C": 459556.50930847466, "gamma": 0.002941760300835042}, "datetime": {"datetime": "2021-10-04 11:43:00", "elapsed": 47.552782, "delta": 0.699633}}
{"target": -53.7371953653343, "params": {"C": 70607.75701280613, "gamma": 0.004029115105095792}, "datetime": {"datetime": "2021-10-04 11:43:01", "elapsed": 48.115412, "delta": 0.56263}}
{"target": -55.205113183977666, "params": {"C": 136086.94927468328, "gamma": 0.0018600757087302226}, "datetime": {"datetime": "2021-10-04 11:43:02", "elapsed": 48.658277, "delta": 0.542865}}
{"target": -49.02513222526849, "params": {"C": 137465.3791643687, "gamma": 0.011700809531514757}, "datetime": {"datetime": "2021-10-04 11:43:02", "elapsed": 49.238584, "delta": 0.580307}}
{"target": -53.08342639645036, "params": {"C": 57592.40492376901, "gamma": 0.005315408601631092}, "datetime": {"datetime": "2021-10-04 11:43:03", "elapsed": 49.840484, "delta": 0.6019}}
{"target": -48.50112922322691, "params": {"C": 185799.74306070906, "gamma": 0.029181575756751905}, "datetime": {"datetime": "2021-10-04 11:43:03", "elapsed": 50.367921, "delta": 0.527437}}
{"target": -49.62720616232824, "params": {"C": 476935.531233668, "gamma": 0.00671219867298201}, "datetime": {"datetime": "2021-10-04 11:43:04", "elapsed": 50.952159, "delta": 0.584238}}
{"target": -49.7959734639304, "params": {"C": 44544.52450642013, "gamma": 0.015328804384608109}, "datetime": {"datetime": "2021-10-04 11:43:04", "elapsed": 51.543356, "delta": 0.591197}}
{"target": -49.632093417409386, "params": {"C": 433343.76517780335, "gamma": 0.025294703923289995}, "datetime": {"datetime": "2021-10-04 11:43:05", "elapsed": 52.053359, "delta": 0.510003}}
{"target": -48.865655351763166, "params": {"C": 223844.72569649023, "gamma": 0.010516424905829096}, "datetime": {"datetime": "2021-10-04 11:43:05", "elapsed": 52.595554, "delta": 0.542195}}
{"target": -54.106989326993606, "params": {"C": 268889.52142609947, "gamma": 0.002290987734335114}, "datetime": {"datetime": "2021-10-04 11:43:06", "elapsed": 53.222195, "delta": 0.626641}}
{"target": -51.16430983387705, "params": {"C": 326576.81396072666, "gamma": 0.004883074126073929}, "datetime": {"datetime": "2021-10-04 11:43:07", "elapsed": 53.846276, "delta": 0.624081}}
{"target": -49.40582111021093, "params": {"C": 431919.130477355, "gamma": 0.022099226338811142}, "datetime": {"datetime": "2021-10-04 11:43:07", "elapsed": 54.363599, "delta": 0.517323}}
{"target": -48.65105861618044, "params": {"C": 289744.01059863897, "gamma": 0.02151155875610121}, "datetime": {"datetime": "2021-10-04 11:43:08", "elapsed": 54.879569, "delta": 0.51597}}
{"target": -48.12535202630834, "params": {"C": 185490.99992224886, "gamma": 0.019276329268776}, "datetime": {"datetime": "2021-10-04 11:43:08", "elapsed": 55.432916, "delta": 0.553347}}
{"target": -49.409787160875304, "params": {"C": 72126.12639012441, "gamma": 0.013426209902358599}, "datetime": {"datetime": "2021-10-04 11:43:09", "elapsed": 56.175328, "delta": 0.742412}}
{"target": -50.90775784985066, "params": {"C": 94204.08021322549, "gamma": 0.007791796605565625}, "datetime": {"datetime": "2021-10-04 11:43:10", "elapsed": 56.788652, "delta": 0.613324}}
{"target": -51.180425909905935, "params": {"C": 351208.5085128591, "gamma": 0.004770642963467852}, "datetime": {"datetime": "2021-10-04 11:43:10", "elapsed": 57.473124, "delta": 0.684472}}
{"target": -48.63707213047975, "params": {"C": 470610.01513988205, "gamma": 0.013619274514564864}, "datetime": {"datetime": "2021-10-04 11:43:11", "elapsed": 58.042807, "delta": 0.569683}}
{"target": -51.58812244626348, "params": {"C": 364582.3622264732, "gamma": 0.004229227713158411}, "datetime": {"datetime": "2021-10-04 11:43:12", "elapsed": 58.62496, "delta": 0.582153}}
{"target": -48.55710476574934, "params": {"C": 251074.36120578562, "gamma": 0.011720750685804105}, "datetime": {"datetime": "2021-10-04 11:43:12", "elapsed": 59.18431, "delta": 0.55935}}
{"target": -50.71471796358993, "params": {"C": 34490.92832411312, "gamma": 0.013387898090238791}, "datetime": {"datetime": "2021-10-04 11:43:13", "elapsed": 59.844371, "delta": 0.660061}}
{"target": -48.77194400055557, "params": {"C": 424476.15133853693, "gamma": 0.016421868422627092}, "datetime": {"datetime": "2021-10-04 11:43:13", "elapsed": 60.528769, "delta": 0.684398}}
{"target": -48.960151223910316, "params": {"C": 426660.21093937877, "gamma": 0.018316345453373382}, "datetime": {"datetime": "2021-10-04 11:43:14", "elapsed": 61.203731, "delta": 0.674962}}
{"target": -49.66660141562414, "params": {"C": 216420.00238741626, "gamma": 0.008288006112912336}, "datetime": {"datetime": "2021-10-04 11:43:15", "elapsed": 61.79982, "delta": 0.596089}}
{"target": -49.83339528226783, "params": {"C": 415314.52844972233, "gamma": 0.006569338695117638}, "datetime": {"datetime": "2021-10-04 11:43:15", "elapsed": 62.439511, "delta": 0.639691}}
{"target": -48.40772526619852, "params": {"C": 199129.7826843531, "gamma": 0.02595849637704788}, "datetime": {"datetime": "2021-10-04 11:43:16", "elapsed": 63.187144, "delta": 0.747633}}
{"target": -48.05593617040907, "params": {"C": 95146.91422030074, "gamma": 0.02358015355341106}, "datetime": {"datetime": "2021-10-04 11:43:17", "elapsed": 63.84364, "delta": 0.656496}}
{"target": -54.75778204021683, "params": {"C": 154681.20324052588, "gamma": 0.0021234832736703128}, "datetime": {"datetime": "2021-10-04 11:43:17", "elapsed": 64.621372, "delta": 0.777732}}
{"target": -48.89513576152, "params": {"C": 192057.19065541474, "gamma": 0.010938206000219166}, "datetime": {"datetime": "2021-10-04 11:43:18", "elapsed": 65.317372, "delta": 0.696}}
{"target": -55.82917563872185, "params": {"C": 327299.6720102934, "gamma": 0.0006244901173602377}, "datetime": {"datetime": "2021-10-04 11:43:19", "elapsed": 65.904798, "delta": 0.587426}}
{"target": -49.35282191622115, "params": {"C": 357222.00959568867, "gamma": 0.02622704129272974}, "datetime": {"datetime": "2021-10-04 11:43:20", "elapsed": 66.628441, "delta": 0.723643}}
{"target": -49.36017432232856, "params": {"C": 356009.50131464965, "gamma": 0.026512518084535263}, "datetime": {"datetime": "2021-10-04 11:43:20", "elapsed": 67.345435, "delta": 0.716994}}
{"target": -49.378881560964544, "params": {"C": 489601.6552642961, "gamma": 0.019633307239036373}, "datetime": {"datetime": "2021-10-04 11:43:21", "elapsed": 68.037214, "delta": 0.691779}}
{"target": -55.21290571467857, "params": {"C": 487938.21162973635, "gamma": 0.0012988472432126407}, "datetime": {"datetime": "2021-10-04 11:43:22", "elapsed": 68.653369, "delta": 0.616155}}
{"target": -49.38061988103119, "params": {"C": 80273.26423443547, "gamma": 0.0129540036522917}, "datetime": {"datetime": "2021-10-04 11:43:22", "elapsed": 69.490037, "delta": 0.836668}}
{"target": -55.808739234406424, "params": {"C": 442217.1683377203, "gamma": 0.0006288262280215651}, "datetime": {"datetime": "2021-10-04 11:43:23", "elapsed": 70.177414, "delta": 0.687377}}
{"target": -48.067851102702406, "params": {"C": 146096.809882264, "gamma": 0.02030878169612842}, "datetime": {"datetime": "2021-10-04 11:43:24", "elapsed": 70.754454, "delta": 0.57704}}
{"target": -48.24966978244618, "params": {"C": 56973.435214468285, "gamma": 0.027133579966121545}, "datetime": {"datetime": "2021-10-04 11:43:24", "elapsed": 71.395316, "delta": 0.640862}}
{"target": -48.60157890490641, "params": {"C": 38738.13158799248, "gamma": 0.02885528624808509}, "datetime": {"datetime": "2021-10-04 11:43:25", "elapsed": 72.168248, "delta": 0.772932}}
{"target": -48.15367276810868, "params": {"C": 177992.38194862215, "gamma": 0.02164490958361437}, "datetime": {"datetime": "2021-10-04 11:43:26", "elapsed": 72.815465, "delta": 0.647217}}
{"target": -48.640182157929466, "params": {"C": 467069.9029238718, "gamma": 0.013769165992162966}, "datetime": {"datetime": "2021-10-04 11:43:26", "elapsed": 73.506462, "delta": 0.690997}}
{"target": -49.482836345145685, "params": {"C": 499983.0447657349, "gamma": 0.006982619970601283}, "datetime": {"datetime": "2021-10-04 11:43:27", "elapsed": 74.16632, "delta": 0.659858}}
{"target": -54.44755918869856, "params": {"C": 86509.94835177144, "gamma": 0.002959425755203988}, "datetime": {"datetime": "2021-10-04 11:43:28", "elapsed": 74.874808, "delta": 0.708488}}
{"target": -49.70530841521848, "params": {"C": 292835.4074216898, "gamma": 0.007497349008336531}, "datetime": {"datetime": "2021-10-04 11:43:28", "elapsed": 75.540284, "delta": 0.665476}}
{"target": -52.67313517321422, "params": {"C": 59863.00154428211, "gamma": 0.005844644007255339}, "datetime": {"datetime": "2021-10-04 11:43:29", "elapsed": 76.293163, "delta": 0.752879}}
{"target": -51.1902527939661, "params": {"C": 482653.6975021882, "gamma": 0.00439653204305549}, "datetime": {"datetime": "2021-10-04 11:43:30", "elapsed": 76.998798, "delta": 0.705635}}
{"target": -49.89316973285737, "params": {"C": 493573.0128475493, "gamma": 0.0260010289509827}, "datetime": {"datetime": "2021-10-04 11:43:31", "elapsed": 77.651517, "delta": 0.652719}}
{"target": -49.257466940333536, "params": {"C": 321701.0610542377, "gamma": 0.02812713683246408}, "datetime": {"datetime": "2021-10-04 11:43:31", "elapsed": 78.367561, "delta": 0.716044}}
{"target": -48.576270203390955, "params": {"C": 381176.78331866465, "gamma": 0.015809013292677802}, "datetime": {"datetime": "2021-10-04 11:43:32", "elapsed": 79.033161, "delta": 0.6656}}
{"target": -55.389282296627556, "params": {"C": 465212.8757333637, "gamma": 0.001188583259800764}, "datetime": {"datetime": "2021-10-04 11:43:33", "elapsed": 79.65391, "delta": 0.620749}}
{"target": -51.055530481715515, "params": {"C": 31499.107602720695, "gamma": 0.012762976298324307}, "datetime": {"datetime": "2021-10-04 11:43:33", "elapsed": 80.432559, "delta": 0.778649}}
{"target": -48.603266955268126, "params": {"C": 488807.2556702402, "gamma": 0.011730239790738744}, "datetime": {"datetime": "2021-10-04 11:43:34", "elapsed": 81.087017, "delta": 0.654458}}
{"target": -49.20909379364576, "params": {"C": 45595.81324755407, "gamma": 0.0186687542477694}, "datetime": {"datetime": "2021-10-04 11:43:35", "elapsed": 81.9022, "delta": 0.815183}}
{"target": -49.90564622962296, "params": {"C": 128678.5709588599, "gamma": 0.009275678224821124}, "datetime": {"datetime": "2021-10-04 11:43:35", "elapsed": 82.545501, "delta": 0.643301}}
{"target": -48.51948859753483, "params": {"C": 420936.58796398976, "gamma": 0.013449323612855928}, "datetime": {"datetime": "2021-10-04 11:43:36", "elapsed": 83.304329, "delta": 0.758828}}
{"target": -49.245112646587884, "params": {"C": 335711.2694627084, "gamma": 0.026139895395609822}, "datetime": {"datetime": "2021-10-04 11:43:37", "elapsed": 84.037866, "delta": 0.733537}}
