{"target": -35.906301795131114, "params": {"C": 1360.257577428708, "gamma": 0.014839973477404893}, "datetime": {"datetime": "2021-09-28 13:55:32", "elapsed": 5.534296, "delta": 0.328996}}
{"target": -36.24141309048643, "params": {"C": 1334.6933163977615, "gamma": 0.050583388568287445}, "datetime": {"datetime": "2021-09-28 13:55:32", "elapsed": 5.965298, "delta": 0.431002}}
{"target": -36.373254144138684, "params": {"C": 1967.339784940742, "gamma": 0.07751916818104951}, "datetime": {"datetime": "2021-09-28 13:55:32", "elapsed": 6.263457, "delta": 0.298159}}
{"target": -36.05114709088877, "params": {"C": 1498.454647222338, "gamma": 0.010085729964123375}, "datetime": {"datetime": "2021-09-28 13:55:33", "elapsed": 6.665461, "delta": 0.402004}}
{"target": -35.81579114640766, "params": {"C": 1635.0711619016256, "gamma": 0.040961742053115494}, "datetime": {"datetime": "2021-09-28 13:55:33", "elapsed": 6.987462, "delta": 0.322001}}
{"target": -36.38509467649679, "params": {"C": 1037.3717359176526, "gamma": 0.010793891167573726}, "datetime": {"datetime": "2021-09-28 13:55:33", "elapsed": 7.288459, "delta": 0.300997}}
{"target": -36.60898967165741, "params": {"C": 1498.8761824858968, "gamma": 0.005178772969632222}, "datetime": {"datetime": "2021-09-28 13:55:34", "elapsed": 7.62646, "delta": 0.338001}}
{"target": -35.762944485752044, "params": {"C": 1634.9075617110202, "gamma": 0.014100055322631408}, "datetime": {"datetime": "2021-09-28 13:55:34", "elapsed": 7.941344, "delta": 0.314884}}
{"target": -36.75185221954517, "params": {"C": 1287.1214431891508, "gamma": 0.07113131071228894}, "datetime": {"datetime": "2021-09-28 13:55:34", "elapsed": 8.292373, "delta": 0.351029}}
{"target": -36.172929806333244, "params": {"C": 1321.1483719430062, "gamma": 0.04653090842217702}, "datetime": {"datetime": "2021-09-28 13:55:35", "elapsed": 8.715097, "delta": 0.422724}}
{"target": -36.59947415801207, "params": {"C": 1353.262497569715, "gamma": 0.0678290010244642}, "datetime": {"datetime": "2021-09-28 13:55:35", "elapsed": 9.018096, "delta": 0.302999}}
{"target": -36.11884459893465, "params": {"C": 1634.7928215048319, "gamma": 0.057988845907145876}, "datetime": {"datetime": "2021-09-28 13:55:35", "elapsed": 9.397095, "delta": 0.378999}}
{"target": -36.09539023784409, "params": {"C": 1360.1423819821216, "gamma": 0.044763170086919116}, "datetime": {"datetime": "2021-09-28 13:55:36", "elapsed": 9.858101, "delta": 0.461006}}
{"target": -36.149031056749365, "params": {"C": 1634.7720681300452, "gamma": 0.059282285328269596}, "datetime": {"datetime": "2021-09-28 13:55:36", "elapsed": 10.171615, "delta": 0.313514}}
{"target": -36.4572207358113, "params": {"C": 1013.827254887859, "gamma": 0.04213267385727652}, "datetime": {"datetime": "2021-09-28 13:55:37", "elapsed": 10.567611, "delta": 0.395996}}
{"target": -36.46207906535217, "params": {"C": 1635.039156925955, "gamma": 0.0729982756347461}, "datetime": {"datetime": "2021-09-28 13:55:37", "elapsed": 10.979609, "delta": 0.411998}}
{"target": -36.64722125007921, "params": {"C": 1498.772596850564, "gamma": 0.07556533671533879}, "datetime": {"datetime": "2021-09-28 13:55:37", "elapsed": 11.28361, "delta": 0.304001}}
{"target": -35.70656901365663, "params": {"C": 1634.8837012455383, "gamma": 0.015580002410787653}, "datetime": {"datetime": "2021-09-28 13:55:38", "elapsed": 11.788609, "delta": 0.504999}}
{"target": -36.28846061027764, "params": {"C": 1533.6667730208276, "gamma": 0.06214866104026043}, "datetime": {"datetime": "2021-09-28 13:55:38", "elapsed": 12.116074, "delta": 0.327465}}
{"target": -36.516363031776486, "params": {"C": 1634.9815438959072, "gamma": 0.005095003995926087}, "datetime": {"datetime": "2021-09-28 13:55:39", "elapsed": 12.479078, "delta": 0.363004}}
{"target": -36.61267889288558, "params": {"C": 1182.918764275435, "gamma": 0.006902377318163285}, "datetime": {"datetime": "2021-09-28 13:55:39", "elapsed": 12.816774, "delta": 0.337696}}
{"target": -35.73012737230211, "params": {"C": 1635.086538776907, "gamma": 0.03501363502168183}, "datetime": {"datetime": "2021-09-28 13:55:39", "elapsed": 13.264775, "delta": 0.448001}}
{"target": -35.79234814570673, "params": {"C": 1635.0297207926874, "gamma": 0.039358652020451426}, "datetime": {"datetime": "2021-09-28 13:55:42", "elapsed": 15.768049, "delta": 2.503274}}
{"target": -35.73658822016904, "params": {"C": 1498.7252043955484, "gamma": 0.020286107041536786}, "datetime": {"datetime": "2021-09-28 13:55:42", "elapsed": 16.193405, "delta": 0.425356}}
{"target": -36.181160587423086, "params": {"C": 1297.6339313891324, "gamma": 0.045682202680261616}, "datetime": {"datetime": "2021-09-28 13:55:43", "elapsed": 16.547406, "delta": 0.354001}}
{"target": -35.790204157920144, "params": {"C": 1498.4865490664806, "gamma": 0.03187294852810986}, "datetime": {"datetime": "2021-09-28 13:55:43", "elapsed": 17.315406, "delta": 0.768}}
{"target": -36.05090361144414, "params": {"C": 1635.1462815096488, "gamma": 0.05432285544132623}, "datetime": {"datetime": "2021-09-28 13:55:44", "elapsed": 17.844406, "delta": 0.529}}
{"target": -36.695596843047255, "params": {"C": 1360.177334777206, "gamma": 0.005381755283958074}, "datetime": {"datetime": "2021-09-28 13:55:44", "elapsed": 18.316081, "delta": 0.471675}}
{"target": -37.22452757331521, "params": {"C": 1072.0397205147374, "gamma": 0.0788152940770872}, "datetime": {"datetime": "2021-09-28 13:55:45", "elapsed": 18.745768, "delta": 0.429687}}
{"target": -36.004640234361815, "params": {"C": 1564.6732436894008, "gamma": 0.048835177606528814}, "datetime": {"datetime": "2021-09-28 13:55:45", "elapsed": 19.235762, "delta": 0.489994}}
{"target": -35.76392566539192, "params": {"C": 1915.421869586943, "gamma": 0.01231773750724273}, "datetime": {"datetime": "2021-09-28 13:55:46", "elapsed": 19.720763, "delta": 0.485001}}
{"target": -35.55183762393262, "params": {"C": 1915.37822226346, "gamma": 0.03311560355542889}, "datetime": {"datetime": "2021-09-28 13:55:46", "elapsed": 20.279621, "delta": 0.558858}}
{"target": -36.150529253387745, "params": {"C": 1634.9248964711762, "gamma": 0.05934937590952501}, "datetime": {"datetime": "2021-09-28 13:55:47", "elapsed": 21.092622, "delta": 0.813001}}
{"target": -36.06350526668902, "params": {"C": 1265.5701558498406, "gamma": 0.03793985841889618}, "datetime": {"datetime": "2021-09-28 13:55:48", "elapsed": 21.551622, "delta": 0.459}}
{"target": -35.86831269104989, "params": {"C": 1427.836180665995, "gamma": 0.03446575854314585}, "datetime": {"datetime": "2021-09-28 13:55:48", "elapsed": 21.98262, "delta": 0.430998}}
{"target": -36.36922859865298, "params": {"C": 1559.9414572990613, "gamma": 0.06643476100101274}, "datetime": {"datetime": "2021-09-28 13:55:48", "elapsed": 22.45178, "delta": 0.46916}}
{"target": -36.183269395113996, "params": {"C": 1498.5524041812948, "gamma": 0.05565841845714327}, "datetime": {"datetime": "2021-09-28 13:55:49", "elapsed": 22.897685, "delta": 0.445905}}
{"target": -36.274037080870976, "params": {"C": 1202.1675139288004, "gamma": 0.044902394267645425}, "datetime": {"datetime": "2021-09-28 13:55:50", "elapsed": 23.486682, "delta": 0.588997}}
{"target": -36.40941851427421, "params": {"C": 1799.8184471926395, "gamma": 0.07519173492704552}, "datetime": {"datetime": "2021-09-28 13:55:50", "elapsed": 24.010687, "delta": 0.524005}}
{"target": -35.758488094903605, "params": {"C": 1466.8463514899126, "gamma": 0.02267584143630391}, "datetime": {"datetime": "2021-09-28 13:55:51", "elapsed": 24.511681, "delta": 0.500994}}
{"target": -35.784881548839294, "params": {"C": 1466.9071355243925, "gamma": 0.016463355463781984}, "datetime": {"datetime": "2021-09-28 13:55:51", "elapsed": 25.122688, "delta": 0.611007}}
{"target": -35.604330021949615, "params": {"C": 1882.9253368596312, "gamma": 0.015575790324553074}, "datetime": {"datetime": "2021-09-28 13:55:52", "elapsed": 25.654682, "delta": 0.531994}}
{"target": -35.5396383539262, "params": {"C": 1882.8889401082797, "gamma": 0.02725353987480315}, "datetime": {"datetime": "2021-09-28 13:55:52", "elapsed": 26.259376, "delta": 0.604694}}
{"target": -35.65549531076687, "params": {"C": 1915.3448129160035, "gamma": 0.04141043081404233}, "datetime": {"datetime": "2021-09-28 13:55:53", "elapsed": 26.860378, "delta": 0.601002}}
{"target": -35.85068996690131, "params": {"C": 1915.4122547169093, "gamma": 0.0536862822530107}, "datetime": {"datetime": "2021-09-28 13:55:54", "elapsed": 27.533374, "delta": 0.672996}}
{"target": -35.64198481313509, "params": {"C": 1882.9071372378676, "gamma": 0.03914029884312979}, "datetime": {"datetime": "2021-09-28 13:55:54", "elapsed": 28.015373, "delta": 0.481999}}
{"target": -35.890543508783715, "params": {"C": 1635.0848032205902, "gamma": 0.04544186592083942}, "datetime": {"datetime": "2021-09-28 13:55:55", "elapsed": 28.557045, "delta": 0.541672}}
{"target": -36.54546527516384, "params": {"C": 1915.3426124400028, "gamma": 0.004145821788742318}, "datetime": {"datetime": "2021-09-28 13:55:55", "elapsed": 29.074046, "delta": 0.517001}}
{"target": -36.27585476731038, "params": {"C": 1634.7912139407108, "gamma": 0.06468631470208691}, "datetime": {"datetime": "2021-09-28 13:55:56", "elapsed": 29.579052, "delta": 0.505006}}
{"target": -36.18685278386191, "params": {"C": 1499.2335991759078, "gamma": 0.055883826236900226}, "datetime": {"datetime": "2021-09-28 13:55:56", "elapsed": 30.052048, "delta": 0.472996}}
{"target": -36.082963217298655, "params": {"C": 1466.8887271153774, "gamma": 0.04889954157337271}, "datetime": {"datetime": "2021-09-28 13:55:57", "elapsed": 30.784392, "delta": 0.732344}}
{"target": -36.30609829502935, "params": {"C": 1176.7549682115452, "gamma": 0.044972956123961974}, "datetime": {"datetime": "2021-09-28 13:55:57", "elapsed": 31.322389, "delta": 0.537997}}
{"target": -36.54869596380944, "params": {"C": 1634.8442765817554, "gamma": 0.00494065478438945}, "datetime": {"datetime": "2021-09-28 13:55:58", "elapsed": 31.917386, "delta": 0.594997}}
{"target": -36.224122727349005, "params": {"C": 1882.833637090734, "gamma": 0.06922885491629911}, "datetime": {"datetime": "2021-09-28 13:55:59", "elapsed": 32.586755, "delta": 0.669369}}
{"target": -35.854271754396564, "params": {"C": 1464.252087220137, "gamma": 0.03574892821491672}, "datetime": {"datetime": "2021-09-28 13:55:59", "elapsed": 33.141753, "delta": 0.554998}}
{"target": -35.53682482764388, "params": {"C": 1882.9694434930468, "gamma": 0.022345140308213565}, "datetime": {"datetime": "2021-09-28 13:56:00", "elapsed": 33.773758, "delta": 0.632005}}
{"target": -36.06465347009787, "params": {"C": 1882.9352238144168, "gamma": 0.06240240432909207}, "datetime": {"datetime": "2021-09-28 13:56:00", "elapsed": 34.45357, "delta": 0.679812}}
{"target": -35.53666159748792, "params": {"C": 1882.9495517591754, "gamma": 0.022575192118529777}, "datetime": {"datetime": "2021-09-28 13:56:01", "elapsed": 35.133575, "delta": 0.680005}}
{"target": -35.768895613665684, "params": {"C": 1596.4592153598082, "gamma": 0.03602064218566662}, "datetime": {"datetime": "2021-09-28 13:56:02", "elapsed": 35.842567, "delta": 0.708992}}
{"target": -36.05447492018594, "params": {"C": 1714.2207554453921, "gamma": 0.05751324547027216}, "datetime": {"datetime": "2021-09-28 13:56:03", "elapsed": 36.669564, "delta": 0.826997}}
{"target": -35.81731507635365, "params": {"C": 1396.8817832692894, "gamma": 0.020482095551111173}, "datetime": {"datetime": "2021-09-28 13:56:03", "elapsed": 37.339841, "delta": 0.670277}}
{"target": -36.297009077993515, "params": {"C": 1357.727578524527, "gamma": 0.05453939492968337}, "datetime": {"datetime": "2021-09-28 13:56:04", "elapsed": 37.999839, "delta": 0.659998}}
{"target": -36.60421645981694, "params": {"C": 1596.4245810606858, "gamma": 0.004833581580991358}, "datetime": {"datetime": "2021-09-28 13:56:05", "elapsed": 38.676624, "delta": 0.676785}}
{"target": -36.25708132638855, "params": {"C": 1882.9931403445858, "gamma": 0.07067437752142611}, "datetime": {"datetime": "2021-09-28 13:56:05", "elapsed": 39.305627, "delta": 0.629003}}
{"target": -36.088599783317086, "params": {"C": 1293.1721623768012, "gamma": 0.01188453966538651}, "datetime": {"datetime": "2021-09-28 13:56:06", "elapsed": 39.886628, "delta": 0.581001}}
{"target": -35.610921851176876, "params": {"C": 1882.8412943931871, "gamma": 0.015437065294894317}, "datetime": {"datetime": "2021-09-28 13:56:07", "elapsed": 40.592847, "delta": 0.706219}}
{"target": -35.769945792404364, "params": {"C": 1882.880580160364, "gamma": 0.04802235164111988}, "datetime": {"datetime": "2021-09-28 13:56:07", "elapsed": 41.300846, "delta": 0.707999}}
{"target": -35.6608866575687, "params": {"C": 1882.8714462394869, "gamma": 0.014414156487499004}, "datetime": {"datetime": "2021-09-28 13:56:08", "elapsed": 42.015843, "delta": 0.714997}}
{"target": -36.79383002301348, "params": {"C": 1339.4832719776607, "gamma": 0.07496537361987834}, "datetime": {"datetime": "2021-09-28 13:56:09", "elapsed": 42.621148, "delta": 0.605305}}
{"target": -35.688966161606565, "params": {"C": 1883.0023263303356, "gamma": 0.013862996454983192}, "datetime": {"datetime": "2021-09-28 13:56:09", "elapsed": 43.384149, "delta": 0.763001}}
{"target": -36.352759421767914, "params": {"C": 1891.0203995644065, "gamma": 0.005307582996117149}, "datetime": {"datetime": "2021-09-28 13:56:10", "elapsed": 44.034338, "delta": 0.650189}}
{"target": -35.595213599118956, "params": {"C": 1883.6325500093742, "gamma": 0.01576540268466732}, "datetime": {"datetime": "2021-09-28 13:56:11", "elapsed": 44.588404, "delta": 0.554066}}
{"target": -36.03027646551704, "params": {"C": 1374.3554905970238, "gamma": 0.04222503233619222}, "datetime": {"datetime": "2021-09-28 13:56:11", "elapsed": 45.225405, "delta": 0.637001}}
{"target": -35.54587107427892, "params": {"C": 1883.5974789767868, "gamma": 0.018096375144196875}, "datetime": {"datetime": "2021-09-28 13:56:12", "elapsed": 45.888403, "delta": 0.662998}}
{"target": -36.34260752429005, "params": {"C": 1187.8321604801029, "gamma": 0.009293022310586943}, "datetime": {"datetime": "2021-09-28 13:56:13", "elapsed": 46.483396, "delta": 0.594993}}
{"target": -36.26867051275149, "params": {"C": 1915.313431862659, "gamma": 0.07197088737979311}, "datetime": {"datetime": "2021-09-28 13:56:13", "elapsed": 47.159397, "delta": 0.676001}}
{"target": -36.48818180805007, "params": {"C": 1856.5703383980997, "gamma": 0.07971227249163923}, "datetime": {"datetime": "2021-09-28 13:56:14", "elapsed": 47.7924, "delta": 0.633003}}
{"target": -36.273251366634355, "params": {"C": 1040.6019201937452, "gamma": 0.012838575305870254}, "datetime": {"datetime": "2021-09-28 13:56:14", "elapsed": 48.290847, "delta": 0.498447}}
{"target": -36.05119778522229, "params": {"C": 1635.115386639711, "gamma": 0.00922026199548931}, "datetime": {"datetime": "2021-09-28 13:56:15", "elapsed": 48.999041, "delta": 0.708194}}
{"target": -36.15824096735251, "params": {"C": 1883.6123191037884, "gamma": 0.06640394366518139}, "datetime": {"datetime": "2021-09-28 13:56:16", "elapsed": 49.702041, "delta": 0.703}}
{"target": -35.831697403103625, "params": {"C": 1396.8277039554819, "gamma": 0.02714179067079394}, "datetime": {"datetime": "2021-09-28 13:56:18", "elapsed": 51.809792, "delta": 2.107751}}
{"target": -36.1099432456221, "params": {"C": 1448.5547176627952, "gamma": 0.049526687543391866}, "datetime": {"datetime": "2021-09-28 13:56:19", "elapsed": 52.772116, "delta": 0.962324}}
{"target": -35.587602047984305, "params": {"C": 1763.7886740450076, "gamma": 0.02309734319944852}, "datetime": {"datetime": "2021-09-28 13:56:19", "elapsed": 53.358116, "delta": 0.586}}
{"target": -36.61346738910706, "params": {"C": 1383.5657107819127, "gamma": 0.06969155139105139}, "datetime": {"datetime": "2021-09-28 13:56:20", "elapsed": 53.957864, "delta": 0.599748}}
{"target": -35.66803772152391, "params": {"C": 1596.516267851492, "gamma": 0.023542897839381238}, "datetime": {"datetime": "2021-09-28 13:56:21", "elapsed": 54.687534, "delta": 0.72967}}
{"target": -35.87168540598245, "params": {"C": 1883.5512823765564, "gamma": 0.010656941459779109}, "datetime": {"datetime": "2021-09-28 13:56:21", "elapsed": 55.407528, "delta": 0.719994}}
{"target": -36.07332758059796, "params": {"C": 1142.456413053359, "gamma": 0.01663228082804163}, "datetime": {"datetime": "2021-09-28 13:56:22", "elapsed": 56.028526, "delta": 0.620998}}
{"target": -36.03647495687949, "params": {"C": 1763.7836443974456, "gamma": 0.058070406555255714}, "datetime": {"datetime": "2021-09-28 13:56:23", "elapsed": 56.93716, "delta": 0.908634}}
{"target": -35.749437476734066, "params": {"C": 1596.4860111142893, "gamma": 0.034660951888280944}, "datetime": {"datetime": "2021-09-28 13:56:24", "elapsed": 57.631163, "delta": 0.694003}}
{"target": -37.178455851087634, "params": {"C": 1085.7912086367903, "gamma": 0.004686849966479714}, "datetime": {"datetime": "2021-09-28 13:56:24", "elapsed": 58.286162, "delta": 0.654999}}
{"target": -36.22852776245031, "params": {"C": 1427.7882430026411, "gamma": 0.05486978244540248}, "datetime": {"datetime": "2021-09-28 13:56:25", "elapsed": 58.959367, "delta": 0.673205}}
{"target": -35.67861931161582, "params": {"C": 1596.5581449104104, "gamma": 0.02570486141996413}, "datetime": {"datetime": "2021-09-28 13:56:26", "elapsed": 59.592369, "delta": 0.633002}}
{"target": -35.94035291217781, "params": {"C": 1287.775375325598, "gamma": 0.015719620600296864}, "datetime": {"datetime": "2021-09-28 13:56:26", "elapsed": 60.144366, "delta": 0.551997}}
{"target": -35.9049766539492, "params": {"C": 1596.5941655250638, "gamma": 0.04471785456888562}, "datetime": {"datetime": "2021-09-28 13:56:27", "elapsed": 60.781639, "delta": 0.637273}}
{"target": -36.02964278076352, "params": {"C": 1596.5483843427305, "gamma": 0.0515238044569268}, "datetime": {"datetime": "2021-09-28 13:56:28", "elapsed": 61.483642, "delta": 0.702003}}
{"target": -36.072245381232946, "params": {"C": 1763.8227173065065, "gamma": 0.008349242848182383}, "datetime": {"datetime": "2021-09-28 13:56:28", "elapsed": 62.36264, "delta": 0.878998}}
{"target": -35.599544932066536, "params": {"C": 1740.0607687878094, "gamma": 0.019520311939908812}, "datetime": {"datetime": "2021-09-28 13:56:29", "elapsed": 62.916246, "delta": 0.553606}}
{"target": -35.82949156293863, "params": {"C": 1740.0902427532835, "gamma": 0.046086488161088755}, "datetime": {"datetime": "2021-09-28 13:56:30", "elapsed": 63.518853, "delta": 0.602607}}
{"target": -36.650741971524056, "params": {"C": 1396.858953052598, "gamma": 0.07176733580682841}, "datetime": {"datetime": "2021-09-28 13:56:30", "elapsed": 64.155858, "delta": 0.637005}}
{"target": -35.5062278242612, "params": {"C": 1965.3979460600644, "gamma": 0.02116064412668042}, "datetime": {"datetime": "2021-09-28 13:56:31", "elapsed": 64.799724, "delta": 0.643866}}
{"target": -36.44089344260453, "params": {"C": 1111.907613310621, "gamma": 0.047434310500604156}, "datetime": {"datetime": "2021-09-28 13:56:32", "elapsed": 65.524723, "delta": 0.724999}}
{"target": -35.872997032998676, "params": {"C": 1953.008385249284, "gamma": 0.05583362613741474}, "datetime": {"datetime": "2021-09-28 13:56:32", "elapsed": 66.104727, "delta": 0.580004}}
{"target": -35.538554291941225, "params": {"C": 1882.9210684779646, "gamma": 0.02096528932885536}, "datetime": {"datetime": "2021-09-28 13:56:33", "elapsed": 66.74356, "delta": 0.638833}}
{"target": -36.42503132801561, "params": {"C": 1989.1606037611414, "gamma": 0.07997476903118537}, "datetime": {"datetime": "2021-09-28 13:56:33", "elapsed": 67.384556, "delta": 0.640996}}
{"target": -35.91738449400074, "params": {"C": 1342.4190483972134, "gamma": 0.031827598434447}, "datetime": {"datetime": "2021-09-28 13:56:34", "elapsed": 67.989558, "delta": 0.605002}}
{"target": -36.033652486855985, "params": {"C": 1532.0931875108417, "gamma": 0.04904350246880736}, "datetime": {"datetime": "2021-09-28 13:56:35", "elapsed": 68.63666, "delta": 0.647102}}
{"target": -36.40348297831293, "params": {"C": 1965.4127819975856, "gamma": 0.07865857614146597}, "datetime": {"datetime": "2021-09-28 13:56:35", "elapsed": 69.399656, "delta": 0.762996}}
{"target": -36.58980482085781, "params": {"C": 1532.7797638740835, "gamma": 0.0746312225867983}, "datetime": {"datetime": "2021-09-28 13:56:36", "elapsed": 70.046657, "delta": 0.647001}}
{"target": -35.865723083048415, "params": {"C": 1456.0130106806062, "gamma": 0.036114744564152104}, "datetime": {"datetime": "2021-09-28 13:56:37", "elapsed": 70.650262, "delta": 0.603605}}
{"target": -36.28216438909177, "params": {"C": 1915.369929903282, "gamma": 0.07257223920425379}, "datetime": {"datetime": "2021-09-28 13:56:37", "elapsed": 71.28426, "delta": 0.633998}}
{"target": -35.80602652990415, "params": {"C": 1882.8068714540846, "gamma": 0.011740217305597014}, "datetime": {"datetime": "2021-09-28 13:56:38", "elapsed": 71.986278, "delta": 0.702018}}
{"target": -36.86586897643586, "params": {"C": 1763.783832992821, "gamma": 0.0034568431702644287}, "datetime": {"datetime": "2021-09-28 13:56:39", "elapsed": 72.67811, "delta": 0.691832}}
{"target": -37.16594870413022, "params": {"C": 1135.3755645030612, "gamma": 0.07997262857400808}, "datetime": {"datetime": "2021-09-28 13:56:39", "elapsed": 73.382114, "delta": 0.704004}}
{"target": -36.14365309806504, "params": {"C": 1965.4062132528961, "gamma": 0.006870414659698972}, "datetime": {"datetime": "2021-09-28 13:56:40", "elapsed": 74.210734, "delta": 0.82862}}
{"target": -35.9062686720801, "params": {"C": 1915.3997522604009, "gamma": 0.009997125360035518}, "datetime": {"datetime": "2021-09-28 13:56:41", "elapsed": 75.014504, "delta": 0.80377}}
{"target": -35.72893585016574, "params": {"C": 1518.7645987578835, "gamma": 0.02588347080183907}, "datetime": {"datetime": "2021-09-28 13:56:42", "elapsed": 75.623507, "delta": 0.609003}}
{"target": -36.00249560229456, "params": {"C": 1779.4119194293787, "gamma": 0.05704459692123947}, "datetime": {"datetime": "2021-09-28 13:56:42", "elapsed": 76.333504, "delta": 0.709997}}
