{"target": -0.04633429562880642, "params": {"C": 4369.400132500587, "gamma": 0.016990091984825373}, "datetime": {"datetime": "2021-10-04 10:36:44", "elapsed": 111.544981, "delta": 0.865898}}
{"target": 0.04458692592711777, "params": {"C": 4801.546001910718, "gamma": 0.15394586626828594}, "datetime": {"datetime": "2021-10-04 10:36:45", "elapsed": 112.516357, "delta": 0.971376}}
{"target": 0.01737301446893691, "params": {"C": 3052.652737240336, "gamma": 0.10347969086696092}, "datetime": {"datetime": "2021-10-04 10:36:45", "elapsed": 113.340591, "delta": 0.824234}}
{"target": -0.05743678115444961, "params": {"C": 1798.0559056369154, "gamma": 0.09252656837623126}, "datetime": {"datetime": "2021-10-04 10:36:46", "elapsed": 114.17625, "delta": 0.835659}}
{"target": -0.02690608289891383, "params": {"C": 3737.7462314902127, "gamma": 0.2}, "datetime": {"datetime": "2021-10-04 10:36:47", "elapsed": 115.038648, "delta": 0.862398}}
{"target": 0.0007586608349517965, "params": {"C": 3638.91412639447, "gamma": 0.16127869388886967}, "datetime": {"datetime": "2021-10-04 10:36:48", "elapsed": 115.905955, "delta": 0.867307}}
{"target": -0.053435194924825735, "params": {"C": 2556.8816290142254, "gamma": 0.15823394544998914}, "datetime": {"datetime": "2021-10-04 10:36:49", "elapsed": 116.79014, "delta": 0.884185}}
{"target": 0.06994694532753387, "params": {"C": 4434.119154055125, "gamma": 0.07048432073344152}, "datetime": {"datetime": "2021-10-04 10:36:50", "elapsed": 117.885318, "delta": 1.095178}}
{"target": 0.010004609006259435, "params": {"C": 4626.328714573843, "gamma": 0.19592015510560204}, "datetime": {"datetime": "2021-10-04 10:36:51", "elapsed": 119.170941, "delta": 1.285623}}
{"target": -0.1366665405571077, "params": {"C": 1656.3281842721804, "gamma": 0.16077714511280886}, "datetime": {"datetime": "2021-10-04 10:36:52", "elapsed": 120.099407, "delta": 0.928466}}
{"target": -0.15937046447255265, "params": {"C": 1079.344166874499, "gamma": 0.10227296313210055}, "datetime": {"datetime": "2021-10-04 10:36:53", "elapsed": 120.994676, "delta": 0.895269}}
{"target": -0.13114779535449128, "params": {"C": 1846.351700502004, "gamma": 0.17505966595943306}, "datetime": {"datetime": "2021-10-04 10:36:55", "elapsed": 122.473928, "delta": 1.479252}}
{"target": -0.29140105673067307, "params": {"C": 1609.3635403150236, "gamma": 0.009}, "datetime": {"datetime": "2021-10-04 10:36:56", "elapsed": 123.591722, "delta": 1.117794}}
{"target": -0.07615964664658215, "params": {"C": 1569.034361674328, "gamma": 0.08379047444288705}, "datetime": {"datetime": "2021-10-04 10:36:57", "elapsed": 124.690624, "delta": 1.098902}}
{"target": -0.14797746960303315, "params": {"C": 1522.5960764775732, "gamma": 0.15594868460019037}, "datetime": {"datetime": "2021-10-04 10:36:58", "elapsed": 125.594864, "delta": 0.90424}}
{"target": 0.06271231006937761, "params": {"C": 4392.745878625325, "gamma": 0.1042328102184048}, "datetime": {"datetime": "2021-10-04 10:36:59", "elapsed": 126.451443, "delta": 0.856579}}
{"target": -0.025690934558163736, "params": {"C": 3621.111777642997, "gamma": 0.19229383880168333}, "datetime": {"datetime": "2021-10-04 10:37:00", "elapsed": 127.704788, "delta": 1.253345}}
{"target": -0.0015036574885631815, "params": {"C": 2517.1857867895606, "gamma": 0.08517774443184149}, "datetime": {"datetime": "2021-10-04 10:37:01", "elapsed": 128.990772, "delta": 1.285984}}
{"target": -0.06960078193566366, "params": {"C": 3323.251907843331, "gamma": 0.018546215160004847}, "datetime": {"datetime": "2021-10-04 10:37:02", "elapsed": 130.019591, "delta": 1.028819}}
{"target": 0.019609905120599902, "params": {"C": 3305.320698164068, "gamma": 0.11780252236906992}, "datetime": {"datetime": "2021-10-04 10:37:03", "elapsed": 130.89018, "delta": 0.870589}}
{"target": -0.022957855345833167, "params": {"C": 3340.9074167681247, "gamma": 0.027191717310074172}, "datetime": {"datetime": "2021-10-04 10:37:04", "elapsed": 132.092862, "delta": 1.202682}}
{"target": 0.025124369909984123, "params": {"C": 4289.99132858685, "gamma": 0.16043910822978427}, "datetime": {"datetime": "2021-10-04 10:37:06", "elapsed": 133.560463, "delta": 1.467601}}
{"target": -0.25206480881040516, "params": {"C": 1140.9970169105575, "gamma": 0.1917792606607598}, "datetime": {"datetime": "2021-10-04 10:37:07", "elapsed": 134.488868, "delta": 0.928405}}
{"target": 0.0364190702849132, "params": {"C": 3433.7292934304483, "gamma": 0.057205150767693745}, "datetime": {"datetime": "2021-10-04 10:37:07", "elapsed": 135.238536, "delta": 0.749668}}
{"target": 0.03171351444597559, "params": {"C": 3914.8328528386505, "gamma": 0.13376543610524494}, "datetime": {"datetime": "2021-10-04 10:37:08", "elapsed": 136.120666, "delta": 0.88213}}
{"target": -0.007349622184988025, "params": {"C": 3171.3656163762844, "gamma": 0.14574402321250987}, "datetime": {"datetime": "2021-10-04 10:37:09", "elapsed": 137.34351, "delta": 1.222844}}
{"target": -0.02962138265910208, "params": {"C": 3394.082036001998, "gamma": 0.1844087122136849}, "datetime": {"datetime": "2021-10-04 10:37:11", "elapsed": 138.48983, "delta": 1.14632}}
{"target": -0.04127193114916805, "params": {"C": 3414.9844512470413, "gamma": 0.19897268629361237}, "datetime": {"datetime": "2021-10-04 10:37:12", "elapsed": 139.766262, "delta": 1.276432}}
{"target": 0.03983988591988441, "params": {"C": 4691.3249727269085, "gamma": 0.034800269652691805}, "datetime": {"datetime": "2021-10-04 10:37:13", "elapsed": 141.007844, "delta": 1.241582}}
{"target": 0.0010004024071512685, "params": {"C": 4175.820110974984, "gamma": 0.18726893294277386}, "datetime": {"datetime": "2021-10-04 10:37:14", "elapsed": 141.885861, "delta": 0.878017}}
{"target": 0.009812623510742302, "params": {"C": 4215.80178639981, "gamma": 0.17765150875946117}, "datetime": {"datetime": "2021-10-04 10:37:15", "elapsed": 143.151055, "delta": 1.265194}}
{"target": -0.0068230088773042485, "params": {"C": 4230.917713449663, "gamma": 0.2}, "datetime": {"datetime": "2021-10-04 10:37:16", "elapsed": 143.98132, "delta": 0.830265}}
{"target": -0.06245508806307787, "params": {"C": 1890.172122336408, "gamma": 0.11145706010142767}, "datetime": {"datetime": "2021-10-04 10:37:17", "elapsed": 144.873143, "delta": 0.891823}}
{"target": -0.0857337233845854, "params": {"C": 2849.669505508309, "gamma": 0.019241256157797607}, "datetime": {"datetime": "2021-10-04 10:37:18", "elapsed": 145.843747, "delta": 0.970604}}
{"target": 0.013006830175120498, "params": {"C": 2820.9724461896867, "gamma": 0.08962086925464097}, "datetime": {"datetime": "2021-10-04 10:37:19", "elapsed": 146.787674, "delta": 0.943927}}
{"target": 0.005358154928581715, "params": {"C": 4581.576829835361, "gamma": 0.025029800759070922}, "datetime": {"datetime": "2021-10-04 10:37:20", "elapsed": 148.128214, "delta": 1.34054}}
{"target": -0.27461085306926947, "params": {"C": 1026.6779769091622, "gamma": 0.19109463047804698}, "datetime": {"datetime": "2021-10-04 10:37:22", "elapsed": 149.616288, "delta": 1.488074}}
{"target": -0.1025427229106044, "params": {"C": 1336.464019932242, "gamma": 0.07864540497870622}, "datetime": {"datetime": "2021-10-04 10:37:23", "elapsed": 150.792452, "delta": 1.176164}}
{"target": -0.06354547379299369, "params": {"C": 1927.997487714762, "gamma": 0.03938390265416062}, "datetime": {"datetime": "2021-10-04 10:37:24", "elapsed": 151.633986, "delta": 0.841534}}
{"target": 0.006759611646602548, "params": {"C": 3376.546272104335, "gamma": 0.036470256493035876}, "datetime": {"datetime": "2021-10-04 10:37:25", "elapsed": 152.62787, "delta": 0.993884}}
{"target": 0.0665098697058577, "params": {"C": 4646.766899946924, "gamma": 0.05302277227146091}, "datetime": {"datetime": "2021-10-04 10:37:26", "elapsed": 153.625483, "delta": 0.997613}}
{"target": 0.00026329608390673886, "params": {"C": 3595.8348061853276, "gamma": 0.15967545468977348}, "datetime": {"datetime": "2021-10-04 10:37:27", "elapsed": 154.471574, "delta": 0.846091}}
{"target": 0.07616353427933886, "params": {"C": 4772.372822576884, "gamma": 0.06519756639975806}, "datetime": {"datetime": "2021-10-04 10:37:28", "elapsed": 155.680485, "delta": 1.208911}}
{"target": -0.004608793154183832, "params": {"C": 2488.4400295145033, "gamma": 0.08907047818823934}, "datetime": {"datetime": "2021-10-04 10:37:29", "elapsed": 156.88726, "delta": 1.206775}}
{"target": 0.08061562803751376, "params": {"C": 4904.883319505647, "gamma": 0.07336889916696836}, "datetime": {"datetime": "2021-10-04 10:37:30", "elapsed": 158.200484, "delta": 1.313224}}
{"target": 0.013479792456370543, "params": {"C": 3360.590465435625, "gamma": 0.12994636635724874}, "datetime": {"datetime": "2021-10-04 10:37:31", "elapsed": 159.00489, "delta": 0.804406}}
{"target": 0.05464846773055876, "params": {"C": 4143.943856481648, "gamma": 0.10709413441214864}, "datetime": {"datetime": "2021-10-04 10:37:32", "elapsed": 160.222634, "delta": 1.217744}}
{"target": 0.037925536951144534, "params": {"C": 4545.121916032611, "gamma": 0.15331291981253156}, "datetime": {"datetime": "2021-10-04 10:37:34", "elapsed": 161.64788, "delta": 1.425246}}
{"target": 0.06605070845396044, "params": {"C": 4450.006200471573, "gamma": 0.09958708650904613}, "datetime": {"datetime": "2021-10-04 10:37:35", "elapsed": 162.511696, "delta": 0.863816}}
{"target": -0.10915926114284802, "params": {"C": 1386.6911995586806, "gamma": 0.04387196160753547}, "datetime": {"datetime": "2021-10-04 10:37:36", "elapsed": 163.742299, "delta": 1.230603}}
{"target": -0.09469083754757035, "params": {"C": 4085.835223083482, "gamma": 0.012607412132209436}, "datetime": {"datetime": "2021-10-04 10:37:37", "elapsed": 164.589369, "delta": 0.84707}}
{"target": 0.024040185585180174, "params": {"C": 4071.0349780894676, "gamma": 0.15200726870020284}, "datetime": {"datetime": "2021-10-04 10:37:38", "elapsed": 165.716726, "delta": 1.127357}}
{"target": -0.08713400263669846, "params": {"C": 1971.4606699624446, "gamma": 0.02965770716936069}, "datetime": {"datetime": "2021-10-04 10:37:39", "elapsed": 166.701779, "delta": 0.985053}}
{"target": -0.18594729855264647, "params": {"C": 1296.8613795250103, "gamma": 0.16023756406832193}, "datetime": {"datetime": "2021-10-04 10:37:40", "elapsed": 167.644457, "delta": 0.942678}}
{"target": -0.03312524621607871, "params": {"C": 2015.1570517931177, "gamma": 0.06235534582031952}, "datetime": {"datetime": "2021-10-04 10:37:41", "elapsed": 168.640423, "delta": 0.995966}}
{"target": -0.02146550160470695, "params": {"C": 3192.736528613507, "gamma": 0.16361236185397152}, "datetime": {"datetime": "2021-10-04 10:37:42", "elapsed": 169.594018, "delta": 0.953595}}
{"target": 0.05620938627274685, "params": {"C": 4602.730479141934, "gamma": 0.127213873263633}, "datetime": {"datetime": "2021-10-04 10:37:43", "elapsed": 171.036369, "delta": 1.442351}}
{"target": 0.03506866069615755, "params": {"C": 4879.859744148311, "gamma": 0.03146356887530854}, "datetime": {"datetime": "2021-10-04 10:37:45", "elapsed": 172.418749, "delta": 1.38238}}
{"target": 0.0200922041698558, "params": {"C": 3518.9181523699935, "gamma": 0.040551332244481604}, "datetime": {"datetime": "2021-10-04 10:37:46", "elapsed": 173.681728, "delta": 1.262979}}
{"target": 0.05776468400126766, "params": {"C": 4307.18836124625, "gamma": 0.1100213533490343}, "datetime": {"datetime": "2021-10-04 10:37:47", "elapsed": 175.271579, "delta": 1.589851}}
{"target": -0.06921278411483689, "params": {"C": 2930.1764074198495, "gamma": 0.2}, "datetime": {"datetime": "2021-10-04 10:37:49", "elapsed": 176.514673, "delta": 1.243094}}
{"target": 0.016506937041785186, "params": {"C": 2970.7304872557297, "gamma": 0.09795141902609059}, "datetime": {"datetime": "2021-10-04 10:37:50", "elapsed": 177.557077, "delta": 1.042404}}
{"target": 0.03901203250022356, "params": {"C": 3474.1717697618033, "gamma": 0.09354203925939873}, "datetime": {"datetime": "2021-10-04 10:37:51", "elapsed": 178.543408, "delta": 0.986331}}
{"target": 0.055766169686390366, "params": {"C": 3949.217399479295, "gamma": 0.08965463900737367}, "datetime": {"datetime": "2021-10-04 10:37:52", "elapsed": 180.120899, "delta": 1.577491}}
{"target": -0.01382175212927339, "params": {"C": 2653.8042906831706, "gamma": 0.11985374026085176}, "datetime": {"datetime": "2021-10-04 10:37:53", "elapsed": 181.188801, "delta": 1.067902}}
{"target": -0.05329242023100744, "params": {"C": 4784.192780304749, "gamma": 0.014813278031267148}, "datetime": {"datetime": "2021-10-04 10:37:54", "elapsed": 182.345044, "delta": 1.156243}}
{"target": 0.003499092932595649, "params": {"C": 4124.854543489637, "gamma": 0.18163463037176544}, "datetime": {"datetime": "2021-10-04 10:37:56", "elapsed": 183.514475, "delta": 1.169431}}
{"target": 0.0524562199961659, "params": {"C": 4563.267519431905, "gamma": 0.13176459944185434}, "datetime": {"datetime": "2021-10-04 10:37:57", "elapsed": 184.456732, "delta": 0.942257}}
{"target": 0.07186377587179071, "params": {"C": 4495.874357378159, "gamma": 0.07891041096254035}, "datetime": {"datetime": "2021-10-04 10:37:58", "elapsed": 186.220034, "delta": 1.763302}}
{"target": 0.056399720929490194, "params": {"C": 4413.116574590824, "gamma": 0.04818870790861844}, "datetime": {"datetime": "2021-10-04 10:37:59", "elapsed": 187.197178, "delta": 0.977144}}
{"target": -0.004204670152053724, "params": {"C": 4190.125760718022, "gamma": 0.19466290715749598}, "datetime": {"datetime": "2021-10-04 10:38:00", "elapsed": 188.215131, "delta": 1.017953}}
{"target": 0.059713254172212404, "params": {"C": 4201.432682507136, "gamma": 0.09917571095948984}, "datetime": {"datetime": "2021-10-04 10:38:01", "elapsed": 189.276144, "delta": 1.061013}}
{"target": 0.03351469045806188, "params": {"C": 4321.859408522123, "gamma": 0.035808655602234486}, "datetime": {"datetime": "2021-10-04 10:38:03", "elapsed": 190.63439, "delta": 1.358246}}
{"target": -0.04037699664017658, "params": {"C": 2086.5946368626114, "gamma": 0.10424892981359432}, "datetime": {"datetime": "2021-10-04 10:38:04", "elapsed": 191.669643, "delta": 1.035253}}
{"target": -0.21804284750866176, "params": {"C": 1187.7967937446842, "gamma": 0.17127193293690682}, "datetime": {"datetime": "2021-10-04 10:38:05", "elapsed": 193.154215, "delta": 1.484572}}
{"target": 0.0538632788185589, "params": {"C": 4024.522115194426, "gamma": 0.10121393221229945}, "datetime": {"datetime": "2021-10-04 10:38:07", "elapsed": 194.399517, "delta": 1.245302}}
{"target": -0.22024489362759714, "params": {"C": 2435.3745786991776, "gamma": 0.009}, "datetime": {"datetime": "2021-10-04 10:38:08", "elapsed": 195.824459, "delta": 1.424942}}
{"target": -0.008753841354288028, "params": {"C": 2463.958159112938, "gamma": 0.09489966805146771}, "datetime": {"datetime": "2021-10-04 10:38:09", "elapsed": 197.094102, "delta": 1.269643}}
{"target": -0.08781745685369913, "params": {"C": 2410.5288453341923, "gamma": 0.182386182822652}, "datetime": {"datetime": "2021-10-04 10:38:11", "elapsed": 198.502065, "delta": 1.407963}}
{"target": -0.11792950765685939, "params": {"C": 4916.329342758915, "gamma": 0.009}, "datetime": {"datetime": "2021-10-04 10:38:12", "elapsed": 199.542811, "delta": 1.040746}}
{"target": -0.02656279778384829, "params": {"C": 4929.848059963708, "gamma": 0.01776314029011504}, "datetime": {"datetime": "2021-10-04 10:38:13", "elapsed": 200.677693, "delta": 1.134882}}
{"target": 0.012236047143224238, "params": {"C": 2990.57596353838, "gamma": 0.048788836352535926}, "datetime": {"datetime": "2021-10-04 10:38:14", "elapsed": 202.264959, "delta": 1.587266}}
{"target": -0.07697000261055198, "params": {"C": 2129.3822343664615, "gamma": 0.02924143447552599}, "datetime": {"datetime": "2021-10-04 10:38:16", "elapsed": 203.713415, "delta": 1.448456}}
{"target": 0.04427781334216707, "params": {"C": 4892.615767890868, "gamma": 0.15804533514506058}, "datetime": {"datetime": "2021-10-04 10:38:17", "elapsed": 205.199742, "delta": 1.486327}}
{"target": -0.004833749986047797, "params": {"C": 3027.1526025369203, "gamma": 0.13395231088878226}, "datetime": {"datetime": "2021-10-04 10:38:19", "elapsed": 206.954128, "delta": 1.754386}}
{"target": -0.21332807078388027, "params": {"C": 1425.9144361938936, "gamma": 0.2}, "datetime": {"datetime": "2021-10-04 10:38:21", "elapsed": 208.407749, "delta": 1.453621}}
{"target": 0.019180368374741796, "params": {"C": 2906.731129075143, "gamma": 0.0647589457532171}, "datetime": {"datetime": "2021-10-04 10:38:22", "elapsed": 209.687525, "delta": 1.279776}}
{"target": 0.03030062031479641, "params": {"C": 3143.7802797756412, "gamma": 0.07060462628737374}, "datetime": {"datetime": "2021-10-04 10:38:24", "elapsed": 211.726777, "delta": 2.039252}}
{"target": -0.07561009399095542, "params": {"C": 2789.0540097719104, "gamma": 0.021301002780273397}, "datetime": {"datetime": "2021-10-04 10:38:26", "elapsed": 213.62659, "delta": 1.899813}}
{"target": -0.03407838884420378, "params": {"C": 2770.7557651647357, "gamma": 0.15193587135839848}, "datetime": {"datetime": "2021-10-04 10:38:27", "elapsed": 214.923015, "delta": 1.296425}}
{"target": 0.03867545931716221, "params": {"C": 4351.895146128202, "gamma": 0.03782262590690649}, "datetime": {"datetime": "2021-10-04 10:38:29", "elapsed": 216.652531, "delta": 1.729516}}
{"target": -0.012597648287723473, "params": {"C": 2294.719609812918, "gamma": 0.06848054171016833}, "datetime": {"datetime": "2021-10-04 10:38:30", "elapsed": 218.087754, "delta": 1.435223}}
{"target": -0.0018932290837454513, "params": {"C": 4864.299952478534, "gamma": 0.02210294516039052}, "datetime": {"datetime": "2021-10-04 10:38:32", "elapsed": 219.355557, "delta": 1.267803}}
{"target": 0.03715676908923049, "params": {"C": 4038.773344690433, "gamma": 0.13174956095429863}, "datetime": {"datetime": "2021-10-04 10:38:33", "elapsed": 220.871975, "delta": 1.516418}}
{"target": 0.026298381011337968, "params": {"C": 3451.9940503154357, "gamma": 0.11658842209039634}, "datetime": {"datetime": "2021-10-04 10:38:35", "elapsed": 222.369924, "delta": 1.497949}}
{"target": -0.1499825611680845, "params": {"C": 1455.85869199593, "gamma": 0.026406674603373016}, "datetime": {"datetime": "2021-10-04 10:38:36", "elapsed": 223.711219, "delta": 1.341295}}
{"target": -0.17043255891758946, "params": {"C": 1487.3412348875813, "gamma": 0.17118130349870472}, "datetime": {"datetime": "2021-10-04 10:38:38", "elapsed": 225.368985, "delta": 1.657766}}
{"target": -0.08032541939866666, "params": {"C": 2316.3281881885605, "gamma": 0.16777072429872428}, "datetime": {"datetime": "2021-10-04 10:38:39", "elapsed": 226.970043, "delta": 1.601058}}
{"target": -0.06573332226047879, "params": {"C": 2338.2300527762836, "gamma": 0.15485657738962905}, "datetime": {"datetime": "2021-10-04 10:38:41", "elapsed": 229.281098, "delta": 2.311055}}
{"target": -0.03067692068291361, "params": {"C": 3654.2092640112564, "gamma": 0.2}, "datetime": {"datetime": "2021-10-04 10:38:43", "elapsed": 231.233718, "delta": 1.95262}}
{"target": 0.046884601874833454, "params": {"C": 3666.4077465494693, "gamma": 0.08989810097610085}, "datetime": {"datetime": "2021-10-04 10:38:45", "elapsed": 232.902971, "delta": 1.669253}}
{"target": -0.017162479612970127, "params": {"C": 3773.9776251841677, "gamma": 0.19013680943568184}, "datetime": {"datetime": "2021-10-04 10:38:47", "elapsed": 234.352077, "delta": 1.449106}}
{"target": 0.02541908864969067, "params": {"C": 3758.82868169767, "gamma": 0.03930854750674891}, "datetime": {"datetime": "2021-10-04 10:38:48", "elapsed": 236.198399, "delta": 1.846322}}
{"target": -0.02423168088344152, "params": {"C": 4852.815891791439, "gamma": 0.018364654908756654}, "datetime": {"datetime": "2021-10-04 10:38:50", "elapsed": 237.583497, "delta": 1.385098}}
{"target": 0.07192113163979341, "params": {"C": 4842.236938486281, "gamma": 0.054615104620360136}, "datetime": {"datetime": "2021-10-04 10:38:52", "elapsed": 239.48376, "delta": 1.900263}}
{"target": -0.11327235665633895, "params": {"C": 1258.7748058202721, "gamma": 0.07793818137729135}, "datetime": {"datetime": "2021-10-04 10:38:54", "elapsed": 242.054632, "delta": 2.570872}}
{"target": 0.07549232486513502, "params": {"C": 4666.21043066614, "gamma": 0.07239932082842893}, "datetime": {"datetime": "2021-10-04 10:38:56", "elapsed": 243.620291, "delta": 1.565659}}
{"target": -0.00299236445943607, "params": {"C": 3061.353487951702, "gamma": 0.13375562686382414}, "datetime": {"datetime": "2021-10-04 10:38:58", "elapsed": 245.625058, "delta": 2.004767}}
{"target": -0.024000152612653425, "params": {"C": 3261.091407368474, "gamma": 0.17044111827034358}, "datetime": {"datetime": "2021-10-04 10:39:00", "elapsed": 248.187446, "delta": 2.562388}}
{"target": -0.1646354334218496, "params": {"C": 3494.4233964436203, "gamma": 0.009}, "datetime": {"datetime": "2021-10-04 10:39:02", "elapsed": 249.968928, "delta": 1.781482}}
{"target": -0.12333872205639618, "params": {"C": 2153.6677019951867, "gamma": 0.19585126308034903}, "datetime": {"datetime": "2021-10-04 10:39:04", "elapsed": 251.942206, "delta": 1.973278}}
{"target": -0.07757585752497187, "params": {"C": 4339.181748685062, "gamma": 0.013504326845639056}, "datetime": {"datetime": "2021-10-04 10:39:06", "elapsed": 253.828591, "delta": 1.886385}}
{"target": 0.007640600182025059, "params": {"C": 4796.159190368009, "gamma": 0.02440415151028591}, "datetime": {"datetime": "2021-10-04 10:39:07", "elapsed": 255.314419, "delta": 1.485828}}
{"target": 0.02000213551037544, "params": {"C": 3933.4038937336145, "gamma": 0.03454077149501618}, "datetime": {"datetime": "2021-10-04 10:39:09", "elapsed": 256.960503, "delta": 1.646084}}
{"target": 0.04870171576861293, "params": {"C": 4098.209672352533, "gamma": 0.04834494061306728}, "datetime": {"datetime": "2021-10-04 10:39:11", "elapsed": 258.684103, "delta": 1.7236}}
{"target": -0.10305712173844084, "params": {"C": 3282.972645549453, "gamma": 0.014653052007489672}, "datetime": {"datetime": "2021-10-04 10:39:13", "elapsed": 260.433977, "delta": 1.749874}}
