{"target": -56.17538174369112, "params": {"C": 8892.666815297298, "gamma": 0.2785277355193899}, "datetime": {"datetime": "2021-10-04 11:35:39", "elapsed": 8.076459, "delta": 0.391}}
{"target": -54.70339631630326, "params": {"C": 8944.187726736158, "gamma": 0.22814231350638323}, "datetime": {"datetime": "2021-10-04 11:35:39", "elapsed": 8.423175, "delta": 0.346716}}
{"target": -53.34859821849308, "params": {"C": 8898.476786940693, "gamma": 0.014651563848617218}, "datetime": {"datetime": "2021-10-04 11:35:39", "elapsed": 8.732182, "delta": 0.309007}}
{"target": -50.65513203489174, "params": {"C": 8940.013712819451, "gamma": 0.06942610740731199}, "datetime": {"datetime": "2021-10-04 11:35:40", "elapsed": 9.092762, "delta": 0.36058}}
{"target": -53.19682442063468, "params": {"C": 8950.466054903743, "gamma": 0.015314936665563252}, "datetime": {"datetime": "2021-10-04 11:35:40", "elapsed": 9.506761, "delta": 0.413999}}
{"target": -51.10231561338512, "params": {"C": 8904.296934335032, "gamma": 0.09900027390124291}, "datetime": {"datetime": "2021-10-04 11:35:40", "elapsed": 9.815546, "delta": 0.308785}}
{"target": -50.90217653627895, "params": {"C": 8914.673695125399, "gamma": 0.047054739020022926}, "datetime": {"datetime": "2021-10-04 11:35:41", "elapsed": 10.124642, "delta": 0.309096}}
{"target": -63.17342969423957, "params": {"C": 2224.8091826430323, "gamma": 0.26476062646369114}, "datetime": {"datetime": "2021-10-04 11:35:41", "elapsed": 10.485878, "delta": 0.361236}}
{"target": -50.95507949198763, "params": {"C": 8917.581969359915, "gamma": 0.04456801519384121}, "datetime": {"datetime": "2021-10-04 11:35:41", "elapsed": 10.792879, "delta": 0.307001}}
{"target": -52.06619141164101, "params": {"C": 6607.396150206222, "gamma": 0.03446109023656415}, "datetime": {"datetime": "2021-10-04 11:35:42", "elapsed": 11.180876, "delta": 0.387997}}
{"target": -52.53176128943439, "params": {"C": 6612.193471975783, "gamma": 0.10956250085995817}, "datetime": {"datetime": "2021-10-04 11:35:42", "elapsed": 11.615138, "delta": 0.434262}}
{"target": -53.79309319581497, "params": {"C": 6603.060402193187, "gamma": 0.15199102045920213}, "datetime": {"datetime": "2021-10-04 11:35:43", "elapsed": 11.988013, "delta": 0.372875}}
{"target": -57.09651155385319, "params": {"C": 6616.98019207698, "gamma": 0.26080521199778206}, "datetime": {"datetime": "2021-10-04 11:35:43", "elapsed": 12.378281, "delta": 0.390268}}
{"target": -55.4878196141349, "params": {"C": 6595.101729488432, "gamma": 0.20853433375120475}, "datetime": {"datetime": "2021-10-04 11:35:43", "elapsed": 12.728609, "delta": 0.350328}}
{"target": -56.944905075867986, "params": {"C": 6112.372741291082, "gamma": 0.24327786667031417}, "datetime": {"datetime": "2021-10-04 11:35:44", "elapsed": 13.252829, "delta": 0.52422}}
{"target": -66.60032989749078, "params": {"C": 627.2648992074027, "gamma": 0.15963970408772724}, "datetime": {"datetime": "2021-10-04 11:35:44", "elapsed": 13.603007, "delta": 0.350178}}
{"target": -58.44805753686271, "params": {"C": 3433.437150411505, "gamma": 0.1928674350669127}, "datetime": {"datetime": "2021-10-04 11:35:45", "elapsed": 13.99749, "delta": 0.394483}}
{"target": -51.346488159626844, "params": {"C": 7272.448776191714, "gamma": 0.07471612180522025}, "datetime": {"datetime": "2021-10-04 11:35:45", "elapsed": 14.361615, "delta": 0.364125}}
{"target": -52.44104718232291, "params": {"C": 7268.284825647852, "gamma": 0.11952309924067117}, "datetime": {"datetime": "2021-10-04 11:35:45", "elapsed": 14.828324, "delta": 0.466709}}
{"target": -54.13100395350588, "params": {"C": 7277.343794890607, "gamma": 0.17815711571584208}, "datetime": {"datetime": "2021-10-04 11:35:46", "elapsed": 15.232971, "delta": 0.404647}}
{"target": -55.053225131415175, "params": {"C": 7261.763216910793, "gamma": 0.20890189732428519}, "datetime": {"datetime": "2021-10-04 11:35:46", "elapsed": 15.715964, "delta": 0.482993}}
{"target": -55.61332550234505, "params": {"C": 7286.114849428969, "gamma": 0.22832254129171178}, "datetime": {"datetime": "2021-10-04 11:35:47", "elapsed": 16.099966, "delta": 0.384002}}
{"target": -65.83411460375173, "params": {"C": 1313.6493755661536, "gamma": 0.25959446383115}, "datetime": {"datetime": "2021-10-04 11:35:47", "elapsed": 16.520687, "delta": 0.420721}}
{"target": -55.76219539818204, "params": {"C": 6890.311915593412, "gamma": 0.007900047210562946}, "datetime": {"datetime": "2021-10-04 11:35:48", "elapsed": 16.952692, "delta": 0.432005}}
{"target": -57.88422409005656, "params": {"C": 6740.959588164737, "gamma": 0.2892274681801244}, "datetime": {"datetime": "2021-10-04 11:35:48", "elapsed": 17.382687, "delta": 0.429995}}
{"target": -56.49337130814308, "params": {"C": 1940.6767778562996, "gamma": 0.05833015493413364}, "datetime": {"datetime": "2021-10-04 11:35:48", "elapsed": 17.717831, "delta": 0.335144}}
{"target": -52.90556210412803, "params": {"C": 5622.730859915052, "gamma": 0.10039851932469428}, "datetime": {"datetime": "2021-10-04 11:35:49", "elapsed": 18.115066, "delta": 0.397235}}
{"target": -54.34176812420791, "params": {"C": 5628.022299924043, "gamma": 0.1459681902434653}, "datetime": {"datetime": "2021-10-04 11:35:49", "elapsed": 18.590861, "delta": 0.475795}}
{"target": -54.04854659241126, "params": {"C": 5617.325594025625, "gamma": 0.13662960610743785}, "datetime": {"datetime": "2021-10-04 11:35:50", "elapsed": 18.991318, "delta": 0.400457}}
{"target": -56.78744714460983, "params": {"C": 5609.525277944989, "gamma": 0.22453632084886976}, "datetime": {"datetime": "2021-10-04 11:35:50", "elapsed": 19.428327, "delta": 0.437009}}
{"target": -56.03968707003037, "params": {"C": 5635.686578717897, "gamma": 0.20092759014615266}, "datetime": {"datetime": "2021-10-04 11:35:51", "elapsed": 19.880282, "delta": 0.451955}}
{"target": -62.32209806719794, "params": {"C": 2889.0410945889485, "gamma": 0.2851753506159546}, "datetime": {"datetime": "2021-10-04 11:35:51", "elapsed": 20.324797, "delta": 0.444515}}
{"target": -51.327461919581594, "params": {"C": 7248.452804029128, "gamma": 0.06306547154276504}, "datetime": {"datetime": "2021-10-04 11:35:51", "elapsed": 20.800056, "delta": 0.475259}}
{"target": -54.454134411631365, "params": {"C": 7252.357713135763, "gamma": 0.18873164218464575}, "datetime": {"datetime": "2021-10-04 11:35:52", "elapsed": 21.237855, "delta": 0.437799}}
{"target": -53.79330407373929, "params": {"C": 7243.9530977346285, "gamma": 0.16614790414312305}, "datetime": {"datetime": "2021-10-04 11:35:52", "elapsed": 21.686862, "delta": 0.449007}}
{"target": -52.38903608935804, "params": {"C": 7235.82342082915, "gamma": 0.11705469215322277}, "datetime": {"datetime": "2021-10-04 11:35:53", "elapsed": 22.160091, "delta": 0.473229}}
{"target": -57.26973696102858, "params": {"C": 7231.119144128239, "gamma": 0.2808400149762546}, "datetime": {"datetime": "2021-10-04 11:35:53", "elapsed": 22.7047, "delta": 0.544609}}
{"target": -54.703433307038, "params": {"C": 7239.421226662893, "gamma": 0.19674004806177287}, "datetime": {"datetime": "2021-10-04 11:35:54", "elapsed": 23.133288, "delta": 0.428588}}
{"target": -52.92951994964911, "params": {"C": 4551.071533496355, "gamma": 0.050385874874003735}, "datetime": {"datetime": "2021-10-04 11:35:54", "elapsed": 23.66982, "delta": 0.536532}}
{"target": -53.625804434549806, "params": {"C": 4555.875981770348, "gamma": 0.09492940350111115}, "datetime": {"datetime": "2021-10-04 11:35:55", "elapsed": 24.085223, "delta": 0.415403}}
{"target": -53.43152274213237, "params": {"C": 4544.297793130777, "gamma": 0.08715339160346613}, "datetime": {"datetime": "2021-10-04 11:35:55", "elapsed": 24.496463, "delta": 0.41124}}
{"target": -56.59196646957282, "params": {"C": 4537.995548134042, "gamma": 0.18343118968954317}, "datetime": {"datetime": "2021-10-04 11:35:56", "elapsed": 24.923131, "delta": 0.426668}}
{"target": -52.925894147348714, "params": {"C": 4561.982707145069, "gamma": 0.05586335506844012}, "datetime": {"datetime": "2021-10-04 11:35:56", "elapsed": 25.3179, "delta": 0.394769}}
{"target": -52.98946332178655, "params": {"C": 4566.474234683888, "gamma": 0.06468007145529754}, "datetime": {"datetime": "2021-10-04 11:35:56", "elapsed": 25.81186, "delta": 0.49396}}
{"target": -57.19762714525267, "params": {"C": 4572.368227025783, "gamma": 0.20314037996812115}, "datetime": {"datetime": "2021-10-04 11:35:57", "elapsed": 26.263117, "delta": 0.451257}}
{"target": -55.95993906730384, "params": {"C": 8956.88831239456, "gamma": 0.2722200049034722}, "datetime": {"datetime": "2021-10-04 11:35:57", "elapsed": 26.817731, "delta": 0.554614}}
{"target": -61.13819221332778, "params": {"C": 2629.9496367732286, "gamma": 0.22705401588983487}, "datetime": {"datetime": "2021-10-04 11:35:58", "elapsed": 27.261813, "delta": 0.444082}}
{"target": -56.53984856673341, "params": {"C": 2731.852425128558, "gamma": 0.10881355115079415}, "datetime": {"datetime": "2021-10-04 11:35:58", "elapsed": 27.655098, "delta": 0.393285}}
{"target": -59.11967408014566, "params": {"C": 5345.449353166785, "gamma": 0.2911365237756889}, "datetime": {"datetime": "2021-10-04 11:35:59", "elapsed": 28.151362, "delta": 0.496264}}
{"target": -50.80537310321942, "params": {"C": 8934.046704602752, "gamma": 0.08507591183361962}, "datetime": {"datetime": "2021-10-04 11:35:59", "elapsed": 28.635609, "delta": 0.484247}}
{"target": -63.71261887685565, "params": {"C": 1240.840781502096, "gamma": 0.17994339451894698}, "datetime": {"datetime": "2021-10-04 11:36:00", "elapsed": 29.071196, "delta": 0.435587}}
{"target": -57.001012249738196, "params": {"C": 7056.538190970438, "gamma": 0.26798383506614887}, "datetime": {"datetime": "2021-10-04 11:36:00", "elapsed": 29.57096, "delta": 0.499764}}
{"target": -53.52288697516426, "params": {"C": 7533.30522341691, "gamma": 0.015738881885393824}, "datetime": {"datetime": "2021-10-04 11:36:01", "elapsed": 30.049681, "delta": 0.478721}}
{"target": -51.96376143240186, "params": {"C": 7538.946388324368, "gamma": 0.10764474448345246}, "datetime": {"datetime": "2021-10-04 11:36:01", "elapsed": 30.54455, "delta": 0.494869}}
{"target": -53.8903591641908, "params": {"C": 7544.3784973794955, "gamma": 0.17575324281104335}, "datetime": {"datetime": "2021-10-04 11:36:02", "elapsed": 31.086143, "delta": 0.541593}}
{"target": -55.12375080925966, "params": {"C": 7526.529843950912, "gamma": 0.2166309993486928}, "datetime": {"datetime": "2021-10-04 11:36:02", "elapsed": 31.619142, "delta": 0.532999}}
{"target": -51.98631678183742, "params": {"C": 7551.626068063168, "gamma": 0.10869226263782764}, "datetime": {"datetime": "2021-10-04 11:36:03", "elapsed": 32.060754, "delta": 0.441612}}
{"target": -51.84992911048181, "params": {"C": 7556.22617937212, "gamma": 0.10384602917404695}, "datetime": {"datetime": "2021-10-04 11:36:03", "elapsed": 32.600172, "delta": 0.539418}}
{"target": -51.83999534161819, "params": {"C": 7560.774496706099, "gamma": 0.031667905262543775}, "datetime": {"datetime": "2021-10-04 11:36:04", "elapsed": 33.140174, "delta": 0.540002}}
{"target": -54.782102676206186, "params": {"C": 7565.379030613816, "gamma": 0.2061081767162288}, "datetime": {"datetime": "2021-10-04 11:36:04", "elapsed": 33.586288, "delta": 0.446114}}
{"target": -55.9076043087914, "params": {"C": 5216.110022242914, "gamma": 0.18381920377099412}, "datetime": {"datetime": "2021-10-04 11:36:05", "elapsed": 34.049844, "delta": 0.463556}}
{"target": -52.749528630133824, "params": {"C": 8583.11564748845, "gamma": 0.01836359733527066}, "datetime": {"datetime": "2021-10-04 11:36:05", "elapsed": 34.563574, "delta": 0.51373}}
{"target": -50.78718629015893, "params": {"C": 8578.255435083645, "gamma": 0.06955211203925743}, "datetime": {"datetime": "2021-10-04 11:36:06", "elapsed": 35.051941, "delta": 0.488367}}
{"target": -56.30081365767307, "params": {"C": 8574.488801871146, "gamma": 0.2768611420065585}, "datetime": {"datetime": "2021-10-04 11:36:06", "elapsed": 35.654729, "delta": 0.602788}}
{"target": -52.22236734107708, "params": {"C": 8588.380536673678, "gamma": 0.1360014908634248}, "datetime": {"datetime": "2021-10-04 11:36:07", "elapsed": 36.203735, "delta": 0.549006}}
{"target": -54.409101413865166, "params": {"C": 8592.834437690117, "gamma": 0.21278461266752144}, "datetime": {"datetime": "2021-10-04 11:36:07", "elapsed": 36.802069, "delta": 0.598334}}
{"target": -50.797042959358926, "params": {"C": 8604.80127241503, "gamma": 0.0766469903691748}, "datetime": {"datetime": "2021-10-04 11:36:08", "elapsed": 37.341153, "delta": 0.539084}}
{"target": -52.32228875192692, "params": {"C": 8601.278877099972, "gamma": 0.13998757775301124}, "datetime": {"datetime": "2021-10-04 11:36:09", "elapsed": 37.939151, "delta": 0.597998}}
{"target": -54.961452418301235, "params": {"C": 8609.94526466879, "gamma": 0.2313544756185473}, "datetime": {"datetime": "2021-10-04 11:36:09", "elapsed": 38.51018, "delta": 0.571029}}
{"target": -58.54715210126919, "params": {"C": 3619.8640078385556, "gamma": 0.20436781977766197}, "datetime": {"datetime": "2021-10-04 11:36:10", "elapsed": 39.11072, "delta": 0.60054}}
{"target": -73.88202501692042, "params": {"C": 75.32294398176171, "gamma": 0.19192217513752316}, "datetime": {"datetime": "2021-10-04 11:36:10", "elapsed": 39.614723, "delta": 0.504003}}
{"target": -59.004674550170265, "params": {"C": 2314.0847206425387, "gamma": 0.14909533646252476}, "datetime": {"datetime": "2021-10-04 11:36:11", "elapsed": 40.337439, "delta": 0.722716}}
{"target": -50.57708158062782, "params": {"C": 9882.082076235405, "gamma": 0.050035932411968666}, "datetime": {"datetime": "2021-10-04 11:36:12", "elapsed": 40.948802, "delta": 0.611363}}
{"target": -53.02445130502846, "params": {"C": 9886.019071528775, "gamma": 0.1862246992030278}, "datetime": {"datetime": "2021-10-04 11:36:12", "elapsed": 41.47511, "delta": 0.526308}}
{"target": -52.343312862624735, "params": {"C": 9877.754465145523, "gamma": 0.16220435420015486}, "datetime": {"datetime": "2021-10-04 11:36:13", "elapsed": 42.102123, "delta": 0.627013}}
{"target": -50.79157304142854, "params": {"C": 9871.69539551865, "gamma": 0.10157386002744648}, "datetime": {"datetime": "2021-10-04 11:36:13", "elapsed": 42.641666, "delta": 0.539543}}
{"target": -55.391423473484075, "params": {"C": 9867.504010098546, "gamma": 0.2663144461829037}, "datetime": {"datetime": "2021-10-04 11:36:14", "elapsed": 43.174093, "delta": 0.532427}}
{"target": -51.307573926591424, "params": {"C": 9893.269840864725, "gamma": 0.12250139305377765}, "datetime": {"datetime": "2021-10-04 11:36:14", "elapsed": 43.764881, "delta": 0.590788}}
{"target": -53.43875679989963, "params": {"C": 9898.031323327497, "gamma": 0.013164963685601352}, "datetime": {"datetime": "2021-10-04 11:36:15", "elapsed": 44.314766, "delta": 0.549885}}
{"target": -50.354125316935615, "params": {"C": 9906.046271229086, "gamma": 0.06647184136417168}, "datetime": {"datetime": "2021-10-04 11:36:15", "elapsed": 44.818211, "delta": 0.503445}}
{"target": -50.32580363671489, "params": {"C": 9912.134001811497, "gamma": 0.07185235401981886}, "datetime": {"datetime": "2021-10-04 11:36:16", "elapsed": 45.367252, "delta": 0.549041}}
{"target": -52.13921880630205, "params": {"C": 9915.900000730942, "gamma": 0.15537729067916545}, "datetime": {"datetime": "2021-10-04 11:36:17", "elapsed": 45.960548, "delta": 0.593296}}
{"target": -56.93181910314131, "params": {"C": 9909.483772019794, "gamma": 0.0037067531961336685}, "datetime": {"datetime": "2021-10-04 11:36:17", "elapsed": 46.553686, "delta": 0.593138}}
{"target": -55.26524132683179, "params": {"C": 9903.674555133197, "gamma": 0.262306786707191}, "datetime": {"datetime": "2021-10-04 11:36:18", "elapsed": 47.137572, "delta": 0.583886}}
{"target": -51.224467261265104, "params": {"C": 9890.381969512155, "gamma": 0.03063757253498802}, "datetime": {"datetime": "2021-10-04 11:36:18", "elapsed": 47.729033, "delta": 0.591461}}
{"target": -56.29991144429281, "params": {"C": 9874.400462082493, "gamma": 0.3}, "datetime": {"datetime": "2021-10-04 11:36:19", "elapsed": 48.375214, "delta": 0.646181}}
{"target": -50.591983715186146, "params": {"C": 9920.500061246757, "gamma": 0.048765428461224745}, "datetime": {"datetime": "2021-10-04 11:36:20", "elapsed": 48.881209, "delta": 0.505995}}
{"target": -54.7382025763555, "params": {"C": 9923.106589671343, "gamma": 0.24435638878812127}, "datetime": {"datetime": "2021-10-04 11:36:20", "elapsed": 49.448996, "delta": 0.567787}}
{"target": -52.36395209119698, "params": {"C": 7548.287316610813, "gamma": 0.12215659508821346}, "datetime": {"datetime": "2021-10-04 11:36:21", "elapsed": 49.959277, "delta": 0.510281}}
{"target": -55.8430322275009, "params": {"C": 8967.321196961058, "gamma": 0.26828232384251743}, "datetime": {"datetime": "2021-10-04 11:36:21", "elapsed": 50.522977, "delta": 0.5637}}
{"target": -55.8386917470533, "params": {"C": 2573.9457261174657, "gamma": 0.020483026270664752}, "datetime": {"datetime": "2021-10-04 11:36:22", "elapsed": 51.071454, "delta": 0.548477}}
{"target": -54.02337855911922, "params": {"C": 9638.868657845858, "gamma": 0.21599467004649617}, "datetime": {"datetime": "2021-10-04 11:36:22", "elapsed": 51.609555, "delta": 0.538101}}
{"target": -53.94766863891853, "params": {"C": 9633.236287329462, "gamma": 0.21337730938984922}, "datetime": {"datetime": "2021-10-04 11:36:23", "elapsed": 52.160539, "delta": 0.550984}}
{"target": -50.95018222235156, "params": {"C": 8580.423338611112, "gamma": 0.08597368774563757}, "datetime": {"datetime": "2021-10-04 11:36:23", "elapsed": 52.69306, "delta": 0.532521}}
{"target": -56.19682984456711, "params": {"C": 9645.1227213122, "gamma": 0.005203965412958822}, "datetime": {"datetime": "2021-10-04 11:36:24", "elapsed": 53.232192, "delta": 0.539132}}
{"target": -54.753665257495626, "params": {"C": 9626.978388776755, "gamma": 0.2404134501278416}, "datetime": {"datetime": "2021-10-04 11:36:24", "elapsed": 53.796136, "delta": 0.563944}}
{"target": -52.00081883691583, "params": {"C": 9615.662830598863, "gamma": 0.14511569779006633}, "datetime": {"datetime": "2021-10-04 11:36:25", "elapsed": 54.424249, "delta": 0.628113}}
{"target": -53.95731223670176, "params": {"C": 9611.951178204432, "gamma": 0.2134175696199109}, "datetime": {"datetime": "2021-10-04 11:36:26", "elapsed": 54.962637, "delta": 0.538388}}
{"target": -55.438447639782936, "params": {"C": 9619.678506331305, "gamma": 0.26418997254185117}, "datetime": {"datetime": "2021-10-04 11:36:26", "elapsed": 55.55817, "delta": 0.595533}}
{"target": -50.429589309918114, "params": {"C": 9603.265794595409, "gamma": 0.06867893166800419}, "datetime": {"datetime": "2021-10-04 11:36:27", "elapsed": 56.08865, "delta": 0.53048}}
{"target": -56.123264315003226, "params": {"C": 9600.059525299077, "gamma": 0.28913715245519045}, "datetime": {"datetime": "2021-10-04 11:36:27", "elapsed": 56.690051, "delta": 0.601401}}
{"target": -56.09825391262253, "params": {"C": 9606.480527618402, "gamma": 0.2883970833793836}, "datetime": {"datetime": "2021-10-04 11:36:28", "elapsed": 57.222324, "delta": 0.532273}}
{"target": -55.42461412711551, "params": {"C": 8597.635923997526, "gamma": 0.24735715189991067}, "datetime": {"datetime": "2021-10-04 11:36:28", "elapsed": 57.776951, "delta": 0.554627}}
{"target": -52.33264788295141, "params": {"C": 9322.295648734482, "gamma": 0.1530155606214431}, "datetime": {"datetime": "2021-10-04 11:36:29", "elapsed": 58.410374, "delta": 0.633423}}
{"target": -56.55118690922004, "params": {"C": 9326.252050457546, "gamma": 0.2991977053971537}, "datetime": {"datetime": "2021-10-04 11:36:30", "elapsed": 59.103827, "delta": 0.693453}}
{"target": -51.21540580916253, "params": {"C": 9318.012195860709, "gamma": 0.033455505568446266}, "datetime": {"datetime": "2021-10-04 11:36:30", "elapsed": 59.857367, "delta": 0.75354}}
{"target": -50.61955410961495, "params": {"C": 9314.962363195207, "gamma": 0.08176303608414263}, "datetime": {"datetime": "2021-10-04 11:36:31", "elapsed": 60.54051, "delta": 0.683143}}
{"target": -56.55293620321322, "params": {"C": 9311.820587926804, "gamma": 0.2989955408576459}, "datetime": {"datetime": "2021-10-04 11:36:32", "elapsed": 61.28997, "delta": 0.74946}}
{"target": -54.936954720212555, "params": {"C": 9880.130210678799, "gamma": 0.2504806793648057}, "datetime": {"datetime": "2021-10-04 11:36:33", "elapsed": 61.896291, "delta": 0.606321}}
{"target": -56.15716794954984, "params": {"C": 8962.628968265913, "gamma": 0.2791745132266776}, "datetime": {"datetime": "2021-10-04 11:36:33", "elapsed": 62.544529, "delta": 0.648238}}
{"target": -53.38276942067442, "params": {"C": 9913.959251774244, "gamma": 0.013386243597516854}, "datetime": {"datetime": "2021-10-04 11:36:34", "elapsed": 63.1504, "delta": 0.605871}}
{"target": -50.9114736672208, "params": {"C": 9918.675024699622, "gamma": 0.03719487562853847}, "datetime": {"datetime": "2021-10-04 11:36:34", "elapsed": 63.835923, "delta": 0.685523}}
{"target": -51.755250812566636, "params": {"C": 8887.226941193174, "gamma": 0.12360945894916518}, "datetime": {"datetime": "2021-10-04 11:36:35", "elapsed": 64.530321, "delta": 0.694398}}
{"target": -56.29536285047605, "params": {"C": 9883.766384840015, "gamma": 0.3}, "datetime": {"datetime": "2021-10-04 11:36:36", "elapsed": 65.235561, "delta": 0.70524}}
{"target": -53.86083534002075, "params": {"C": 9320.082450308539, "gamma": 0.20632940053957982}, "datetime": {"datetime": "2021-10-04 11:36:37", "elapsed": 65.870843, "delta": 0.635282}}
{"target": -56.41255445188725, "params": {"C": 9316.494321658945, "gamma": 0.2941296454585513}, "datetime": {"datetime": "2021-10-04 11:36:37", "elapsed": 66.521321, "delta": 0.650478}}
{"target": -54.73052013565935, "params": {"C": 8916.363393398071, "gamma": 0.2286112818108311}, "datetime": {"datetime": "2021-10-04 11:36:38", "elapsed": 67.292323, "delta": 0.771002}}
{"target": -54.971891901126554, "params": {"C": 8941.19350856785, "gamma": 0.23721338674728223}, "datetime": {"datetime": "2021-10-04 11:36:39", "elapsed": 68.07357, "delta": 0.781247}}
