{"target": -34.25663498704603, "params": {"C": 46254.4113739295, "gamma": 0.012607380452776606}, "datetime": {"datetime": "2021-09-29 09:49:08", "elapsed": 1.729147, "delta": 0.253999}}
{"target": -36.709735801783616, "params": {"C": 46246.16939850771, "gamma": 0.06767789504831195}, "datetime": {"datetime": "2021-09-29 09:49:08", "elapsed": 2.002151, "delta": 0.273004}}
{"target": -34.95735999992357, "params": {"C": 45522.3500794095, "gamma": 0.033727604786735255}, "datetime": {"datetime": "2021-09-29 09:49:09", "elapsed": 2.252571, "delta": 0.25042}}
{"target": -36.70033400426356, "params": {"C": 45527.89899109066, "gamma": 0.06796705089787348}, "datetime": {"datetime": "2021-09-29 09:49:09", "elapsed": 2.497568, "delta": 0.244997}}
{"target": -35.87625948704236, "params": {"C": 46263.06395709342, "gamma": 0.051444419319730574}, "datetime": {"datetime": "2021-09-29 09:49:09", "elapsed": 2.755571, "delta": 0.258003}}
{"target": -37.5798957069228, "params": {"C": 45290.940490619694, "gamma": 0.08759780257851589}, "datetime": {"datetime": "2021-09-29 09:49:10", "elapsed": 3.157572, "delta": 0.402001}}
{"target": -37.91602921986201, "params": {"C": 45304.77855944513, "gamma": 0.0960038121441972}, "datetime": {"datetime": "2021-09-29 09:49:10", "elapsed": 3.42157, "delta": 0.263998}}
{"target": -37.898827470824536, "params": {"C": 45519.30468591473, "gamma": 0.09526732247889806}, "datetime": {"datetime": "2021-09-29 09:49:10", "elapsed": 3.739632, "delta": 0.318062}}
{"target": -34.40711276173746, "params": {"C": 46252.952901147175, "gamma": 0.01918738082686068}, "datetime": {"datetime": "2021-09-29 09:49:10", "elapsed": 3.996626, "delta": 0.256994}}
{"target": -36.645636985838465, "params": {"C": 46258.67905086972, "gamma": 0.06629519673154195}, "datetime": {"datetime": "2021-09-29 09:49:11", "elapsed": 4.288009, "delta": 0.291383}}
{"target": -36.6851903851548, "params": {"C": 45524.03410406337, "gamma": 0.06763841492344362}, "datetime": {"datetime": "2021-09-29 09:49:11", "elapsed": 4.552008, "delta": 0.263999}}
{"target": -34.51414652207004, "params": {"C": 46250.4215434437, "gamma": 0.022404553319173324}, "datetime": {"datetime": "2021-09-29 09:49:11", "elapsed": 4.840007, "delta": 0.287999}}
{"target": -35.762347039186956, "params": {"C": 45510.75547159289, "gamma": 0.049602564403395166}, "datetime": {"datetime": "2021-09-29 09:49:12", "elapsed": 5.105008, "delta": 0.265001}}
{"target": -36.1569489178432, "params": {"C": 46251.57495229388, "gamma": 0.05672213431977895}, "datetime": {"datetime": "2021-09-29 09:49:12", "elapsed": 5.400008, "delta": 0.295}}
{"target": -37.04592383188856, "params": {"C": 46253.66719252111, "gamma": 0.07509797987357975}, "datetime": {"datetime": "2021-09-29 09:49:12", "elapsed": 5.677008, "delta": 0.277}}
{"target": -36.77401402920823, "params": {"C": 54020.49456936527, "gamma": 0.06426389561344853}, "datetime": {"datetime": "2021-09-29 09:49:12", "elapsed": 5.963702, "delta": 0.286694}}
{"target": -37.51915608405875, "params": {"C": 48254.71964997462, "gamma": 0.08336901060019704}, "datetime": {"datetime": "2021-09-29 09:49:13", "elapsed": 6.237129, "delta": 0.273427}}
{"target": -34.39790516170906, "params": {"C": 46088.210151222986, "gamma": 0.018892958322463637}, "datetime": {"datetime": "2021-09-29 09:49:13", "elapsed": 6.536126, "delta": 0.298997}}
{"target": -34.25365253892075, "params": {"C": 49950.6140726567, "gamma": 0.01207782956745344}, "datetime": {"datetime": "2021-09-29 09:49:13", "elapsed": 6.843129, "delta": 0.307003}}
{"target": -35.31652633439931, "params": {"C": 47500.69833223618, "gamma": 0.04021762537123698}, "datetime": {"datetime": "2021-09-29 09:49:14", "elapsed": 7.106125, "delta": 0.262996}}
{"target": -34.28825795459885, "params": {"C": 51144.2381051727, "gamma": 0.009969374385213541}, "datetime": {"datetime": "2021-09-29 09:49:14", "elapsed": 7.389128, "delta": 0.283003}}
{"target": -34.64320603827872, "params": {"C": 48337.96441812655, "gamma": 0.025984904594804282}, "datetime": {"datetime": "2021-09-29 09:49:14", "elapsed": 7.659128, "delta": 0.27}}
{"target": -34.50247637375912, "params": {"C": 53948.58954827103, "gamma": 0.02037961981994993}, "datetime": {"datetime": "2021-09-29 09:49:14", "elapsed": 7.955127, "delta": 0.295999}}
{"target": -38.01653501299084, "params": {"C": 45158.924154138804, "gamma": 0.09907378372839767}, "datetime": {"datetime": "2021-09-29 09:49:15", "elapsed": 8.238905, "delta": 0.283778}}
{"target": -34.99623571609928, "params": {"C": 45351.04153248423, "gamma": 0.03455763504706912}, "datetime": {"datetime": "2021-09-29 09:49:15", "elapsed": 8.532906, "delta": 0.294001}}
{"target": -35.00362910321839, "params": {"C": 47339.36977159139, "gamma": 0.005840691333871485}, "datetime": {"datetime": "2021-09-29 09:49:15", "elapsed": 8.835906, "delta": 0.303}}
{"target": -37.834656473717764, "params": {"C": 54018.47965542254, "gamma": 0.08489051221212907}, "datetime": {"datetime": "2021-09-29 09:49:16", "elapsed": 9.155905, "delta": 0.319999}}
{"target": -38.127000661171394, "params": {"C": 54214.63745580751, "gamma": 0.09156327416101641}, "datetime": {"datetime": "2021-09-29 09:49:16", "elapsed": 9.456909, "delta": 0.301004}}
{"target": -38.13659232489516, "params": {"C": 52061.53927790431, "gamma": 0.0940733761214857}, "datetime": {"datetime": "2021-09-29 09:49:16", "elapsed": 9.764906, "delta": 0.307997}}
{"target": -35.684381941702355, "params": {"C": 45940.6398962533, "gamma": 0.047919213424914106}, "datetime": {"datetime": "2021-09-29 09:49:17", "elapsed": 10.099906, "delta": 0.335}}
{"target": -35.700042675012966, "params": {"C": 50811.79058744465, "gamma": 0.04612622276120927}, "datetime": {"datetime": "2021-09-29 09:49:17", "elapsed": 10.474126, "delta": 0.37422}}
{"target": -34.86185566808528, "params": {"C": 46694.13960247782, "gamma": 0.006312126655461565}, "datetime": {"datetime": "2021-09-29 09:49:17", "elapsed": 10.778125, "delta": 0.303999}}
{"target": -36.59777851412321, "params": {"C": 50147.709068883654, "gamma": 0.06295445769660965}, "datetime": {"datetime": "2021-09-29 09:49:18", "elapsed": 11.102775, "delta": 0.32465}}
{"target": -36.61621427970405, "params": {"C": 46383.74715138175, "gamma": 0.06559841761564761}, "datetime": {"datetime": "2021-09-29 09:49:18", "elapsed": 11.425779, "delta": 0.323004}}
{"target": -36.1577390183696, "params": {"C": 51966.89068435645, "gamma": 0.05388264967721183}, "datetime": {"datetime": "2021-09-29 09:49:18", "elapsed": 11.765774, "delta": 0.339995}}
{"target": -38.1752715134414, "params": {"C": 51915.069662127455, "gamma": 0.09529601599482058}, "datetime": {"datetime": "2021-09-29 09:49:19", "elapsed": 12.098779, "delta": 0.333005}}
{"target": -35.78740020477183, "params": {"C": 50505.6786427924, "gamma": 0.04782438041743561}, "datetime": {"datetime": "2021-09-29 09:49:19", "elapsed": 12.4263, "delta": 0.327521}}
{"target": -37.562001150830824, "params": {"C": 51806.02441017335, "gamma": 0.081157951288252}, "datetime": {"datetime": "2021-09-29 09:49:19", "elapsed": 12.7753, "delta": 0.349}}
{"target": -36.3754313560157, "params": {"C": 49352.52192865427, "gamma": 0.05924770886146274}, "datetime": {"datetime": "2021-09-29 09:49:20", "elapsed": 13.117299, "delta": 0.341999}}
{"target": -36.52167514758114, "params": {"C": 47957.592371056606, "gamma": 0.0627379483399568}, "datetime": {"datetime": "2021-09-29 09:49:20", "elapsed": 13.449302, "delta": 0.332003}}
{"target": -37.389852786825465, "params": {"C": 51800.71690714273, "gamma": 0.07763332193548447}, "datetime": {"datetime": "2021-09-29 09:49:20", "elapsed": 13.794303, "delta": 0.345001}}
{"target": -38.15808859951295, "params": {"C": 53571.21414029278, "gamma": 0.09303230697256437}, "datetime": {"datetime": "2021-09-29 09:49:21", "elapsed": 14.171302, "delta": 0.376999}}
{"target": -35.52622084916731, "params": {"C": 52750.21504932366, "gamma": 0.042303245714507345}, "datetime": {"datetime": "2021-09-29 09:49:21", "elapsed": 14.515633, "delta": 0.344331}}
{"target": -37.56912647621981, "params": {"C": 51554.47979237252, "gamma": 0.08150867858633591}, "datetime": {"datetime": "2021-09-29 09:49:21", "elapsed": 14.865614, "delta": 0.349981}}
{"target": -36.53214594604986, "params": {"C": 48693.99981782289, "gamma": 0.06251399105576387}, "datetime": {"datetime": "2021-09-29 09:49:22", "elapsed": 15.214616, "delta": 0.349002}}
{"target": -35.25309665856739, "params": {"C": 49502.865765695526, "gamma": 0.038265792042060355}, "datetime": {"datetime": "2021-09-29 09:49:22", "elapsed": 15.549617, "delta": 0.335001}}
{"target": -34.320565035313244, "params": {"C": 52671.860534045, "gamma": 0.014918540338981622}, "datetime": {"datetime": "2021-09-29 09:49:22", "elapsed": 15.930413, "delta": 0.380796}}
{"target": -35.3341851401378, "params": {"C": 50108.084751181756, "gamma": 0.03964928995121621}, "datetime": {"datetime": "2021-09-29 09:49:23", "elapsed": 16.275986, "delta": 0.345573}}
{"target": -37.022538559042964, "params": {"C": 54092.211720027706, "gamma": 0.06903428187024399}, "datetime": {"datetime": "2021-09-29 09:49:23", "elapsed": 16.650987, "delta": 0.375001}}
{"target": -34.99980804171934, "params": {"C": 50826.6576477766, "gamma": 0.03299946849841428}, "datetime": {"datetime": "2021-09-29 09:49:23", "elapsed": 17.006986, "delta": 0.355999}}
{"target": -34.265239990540195, "params": {"C": 52959.66361268668, "gamma": 0.012523430471769341}, "datetime": {"datetime": "2021-09-29 09:49:24", "elapsed": 17.385987, "delta": 0.379001}}
{"target": -37.570018553569625, "params": {"C": 54509.07955158304, "gamma": 0.07917548350597925}, "datetime": {"datetime": "2021-09-29 09:49:24", "elapsed": 17.751988, "delta": 0.366001}}
{"target": -37.63165761641991, "params": {"C": 48478.045656809976, "gamma": 0.08556175395408144}, "datetime": {"datetime": "2021-09-29 09:49:25", "elapsed": 18.169987, "delta": 0.417999}}
{"target": -37.608092885318726, "params": {"C": 47075.57078813733, "gamma": 0.08640748320230647}, "datetime": {"datetime": "2021-09-29 09:49:25", "elapsed": 18.538157, "delta": 0.36817}}
{"target": -34.582785787675576, "params": {"C": 46252.15180772759, "gamma": 0.024575877734323633}, "datetime": {"datetime": "2021-09-29 09:49:25", "elapsed": 18.895156, "delta": 0.356999}}
{"target": -37.81057563317466, "params": {"C": 46088.244449857666, "gamma": 0.09227359202310474}, "datetime": {"datetime": "2021-09-29 09:49:26", "elapsed": 19.308159, "delta": 0.413003}}
{"target": -34.39716588688888, "params": {"C": 50239.17069236087, "gamma": 0.018190904197547347}, "datetime": {"datetime": "2021-09-29 09:49:26", "elapsed": 19.715161, "delta": 0.407002}}
{"target": -36.33549733482034, "params": {"C": 50487.87834720022, "gamma": 0.05794615053234451}, "datetime": {"datetime": "2021-09-29 09:49:27", "elapsed": 20.107159, "delta": 0.391998}}
{"target": -35.67410348724577, "params": {"C": 47261.80081836525, "gamma": 0.04713520439257748}, "datetime": {"datetime": "2021-09-29 09:49:27", "elapsed": 20.508855, "delta": 0.401696}}
{"target": -37.276085510858756, "params": {"C": 49573.02647204315, "gamma": 0.07711946358376723}, "datetime": {"datetime": "2021-09-29 09:49:27", "elapsed": 20.903852, "delta": 0.394997}}
{"target": -37.37843064721437, "params": {"C": 49642.17067132033, "gamma": 0.07915616190257038}, "datetime": {"datetime": "2021-09-29 09:49:28", "elapsed": 21.290497, "delta": 0.386645}}
{"target": -36.098028146474675, "params": {"C": 50653.831281080624, "gamma": 0.05341982018191186}, "datetime": {"datetime": "2021-09-29 09:49:28", "elapsed": 21.715498, "delta": 0.425001}}
{"target": -37.6400278227579, "params": {"C": 47623.937708417485, "gamma": 0.08657661232753466}, "datetime": {"datetime": "2021-09-29 09:49:29", "elapsed": 22.121497, "delta": 0.405999}}
{"target": -38.04807678339864, "params": {"C": 50874.911343863474, "gamma": 0.09301820260703635}, "datetime": {"datetime": "2021-09-29 09:49:29", "elapsed": 22.505782, "delta": 0.384285}}
{"target": -36.715637952050365, "params": {"C": 45692.990362491015, "gamma": 0.06818909207481362}, "datetime": {"datetime": "2021-09-29 09:49:29", "elapsed": 22.91578, "delta": 0.409998}}
{"target": -34.3498454332343, "params": {"C": 51370.52746014231, "gamma": 0.016296964801320514}, "datetime": {"datetime": "2021-09-29 09:49:30", "elapsed": 23.352781, "delta": 0.437001}}
{"target": -38.414814192240605, "params": {"C": 53848.88537959308, "gamma": 0.09981383210015862}, "datetime": {"datetime": "2021-09-29 09:49:30", "elapsed": 23.768781, "delta": 0.416}}
{"target": -34.418181941411994, "params": {"C": 47780.843204466626, "gamma": 0.019233455981822804}, "datetime": {"datetime": "2021-09-29 09:49:31", "elapsed": 24.169782, "delta": 0.401001}}
{"target": -36.56713130559586, "params": {"C": 49759.81794566885, "gamma": 0.06258134633927984}, "datetime": {"datetime": "2021-09-29 09:49:31", "elapsed": 24.595135, "delta": 0.425353}}
{"target": -34.28898410797786, "params": {"C": 51582.58523782795, "gamma": 0.009906556562216012}, "datetime": {"datetime": "2021-09-29 09:49:31", "elapsed": 25.029132, "delta": 0.433997}}
{"target": -35.88689583629473, "params": {"C": 47668.91799798058, "gamma": 0.050962472769810585}, "datetime": {"datetime": "2021-09-29 09:49:32", "elapsed": 25.459132, "delta": 0.43}}
{"target": -36.19625661680537, "params": {"C": 54156.354661542464, "gamma": 0.05355952556260665}, "datetime": {"datetime": "2021-09-29 09:49:32", "elapsed": 25.942815, "delta": 0.483683}}
{"target": -37.40395432135578, "params": {"C": 51502.74615248775, "gamma": 0.07815764251599575}, "datetime": {"datetime": "2021-09-29 09:49:33", "elapsed": 26.380135, "delta": 0.43732}}
{"target": -34.57602671759643, "params": {"C": 50556.54904664244, "gamma": 0.02337436113215505}, "datetime": {"datetime": "2021-09-29 09:49:33", "elapsed": 26.792133, "delta": 0.411998}}
{"target": -34.97973941421654, "params": {"C": 50250.132735076986, "gamma": 0.005738610376384224}, "datetime": {"datetime": "2021-09-29 09:49:34", "elapsed": 27.335135, "delta": 0.543002}}
{"target": -36.420400408011375, "params": {"C": 50995.351981306056, "gamma": 0.05920755042607751}, "datetime": {"datetime": "2021-09-29 09:49:34", "elapsed": 27.825135, "delta": 0.49}}
{"target": -36.651899845557466, "params": {"C": 48050.223296480886, "gamma": 0.06527870004827242}, "datetime": {"datetime": "2021-09-29 09:49:35", "elapsed": 28.27679, "delta": 0.451655}}
{"target": -35.92634461134139, "params": {"C": 46546.97028363421, "gamma": 0.052290418644688724}, "datetime": {"datetime": "2021-09-29 09:49:35", "elapsed": 28.703803, "delta": 0.427013}}
{"target": -36.14411024288543, "params": {"C": 47731.61498771255, "gamma": 0.055738718834579266}, "datetime": {"datetime": "2021-09-29 09:49:36", "elapsed": 29.168803, "delta": 0.465}}
{"target": -34.698526711905956, "params": {"C": 45513.05556297808, "gamma": 0.02798808626558339}, "datetime": {"datetime": "2021-09-29 09:49:36", "elapsed": 29.630808, "delta": 0.462005}}
{"target": -37.62187481834097, "params": {"C": 51030.23340009494, "gamma": 0.08303103567304221}, "datetime": {"datetime": "2021-09-29 09:49:37", "elapsed": 30.080807, "delta": 0.449999}}
{"target": -34.84184268599251, "params": {"C": 45828.130775198246, "gamma": 0.03115787342522659}, "datetime": {"datetime": "2021-09-29 09:49:37", "elapsed": 30.533805, "delta": 0.452998}}
{"target": -36.141371583367906, "params": {"C": 46347.854753433254, "gamma": 0.05638146109085748}, "datetime": {"datetime": "2021-09-29 09:49:37", "elapsed": 30.999506, "delta": 0.465701}}
{"target": -38.170226841566404, "params": {"C": 47957.94365391988, "gamma": 0.09996654470549125}, "datetime": {"datetime": "2021-09-29 09:49:38", "elapsed": 31.441507, "delta": 0.442001}}
{"target": -36.252543583912185, "params": {"C": 54140.443200689384, "gamma": 0.05460236622341268}, "datetime": {"datetime": "2021-09-29 09:49:38", "elapsed": 31.921506, "delta": 0.479999}}
{"target": -37.71682901535974, "params": {"C": 53464.244318668214, "gamma": 0.0828900737654435}, "datetime": {"datetime": "2021-09-29 09:49:39", "elapsed": 32.329105, "delta": 0.407599}}
{"target": -36.35968378374857, "params": {"C": 45105.632385981175, "gamma": 0.0613189561987859}, "datetime": {"datetime": "2021-09-29 09:49:39", "elapsed": 32.771105, "delta": 0.442}}
{"target": -34.442867781122395, "params": {"C": 46910.45868941995, "gamma": 0.02010808336836404}, "datetime": {"datetime": "2021-09-29 09:49:40", "elapsed": 33.193104, "delta": 0.421999}}
{"target": -34.45401502470229, "params": {"C": 50284.979197847046, "gamma": 0.019713259241820696}, "datetime": {"datetime": "2021-09-29 09:49:40", "elapsed": 33.731261, "delta": 0.538157}}
{"target": -38.272145494604445, "params": {"C": 51399.39305911378, "gamma": 0.09867798958880708}, "datetime": {"datetime": "2021-09-29 09:49:41", "elapsed": 34.170258, "delta": 0.438997}}
{"target": -34.56780592215929, "params": {"C": 49884.63744855517, "gamma": 0.007278759371540612}, "datetime": {"datetime": "2021-09-29 09:49:41", "elapsed": 34.62123, "delta": 0.450972}}
{"target": -36.977821609845016, "params": {"C": 54374.26980818623, "gamma": 0.06800326196667057}, "datetime": {"datetime": "2021-09-29 09:49:42", "elapsed": 35.07123, "delta": 0.45}}
{"target": -34.30021241373819, "params": {"C": 47855.67188343028, "gamma": 0.010069081766889358}, "datetime": {"datetime": "2021-09-29 09:49:42", "elapsed": 35.55923, "delta": 0.488}}
{"target": -35.896539081652755, "params": {"C": 45517.6323563772, "gamma": 0.05222589710585659}, "datetime": {"datetime": "2021-09-29 09:49:42", "elapsed": 36.021923, "delta": 0.462693}}
{"target": -34.833233845877245, "params": {"C": 47436.87881562354, "gamma": 0.030500436287128417}, "datetime": {"datetime": "2021-09-29 09:49:43", "elapsed": 36.49413, "delta": 0.472207}}
{"target": -35.06138346806251, "params": {"C": 47322.41579334797, "gamma": 0.035217954409545164}, "datetime": {"datetime": "2021-09-29 09:49:43", "elapsed": 37.002129, "delta": 0.507999}}
{"target": -37.08476997531017, "params": {"C": 46074.61187422067, "gamma": 0.07611974673735285}, "datetime": {"datetime": "2021-09-29 09:49:44", "elapsed": 37.521128, "delta": 0.518999}}
{"target": -38.13881263288387, "params": {"C": 49312.106292036115, "gamma": 0.09731408194622639}, "datetime": {"datetime": "2021-09-29 09:49:44", "elapsed": 38.016126, "delta": 0.494998}}
{"target": -38.08797717840731, "params": {"C": 49885.354618268866, "gamma": 0.09519996698148048}, "datetime": {"datetime": "2021-09-29 09:49:45", "elapsed": 38.492857, "delta": 0.476731}}
{"target": -35.68426818823831, "params": {"C": 46077.92113455419, "gamma": 0.04785408982750394}, "datetime": {"datetime": "2021-09-29 09:49:45", "elapsed": 39.038857, "delta": 0.546}}
{"target": -38.01253623684232, "params": {"C": 54820.88831830497, "gamma": 0.08817227585126693}, "datetime": {"datetime": "2021-09-29 09:49:46", "elapsed": 39.513877, "delta": 0.47502}}
{"target": -37.30337636829864, "params": {"C": 45921.333341327045, "gamma": 0.08085763578309607}, "datetime": {"datetime": "2021-09-29 09:49:46", "elapsed": 39.998855, "delta": 0.484978}}
{"target": -35.7281391336949, "params": {"C": 49853.1859426301, "gamma": 0.04701907760938062}, "datetime": {"datetime": "2021-09-29 09:49:47", "elapsed": 40.493001, "delta": 0.494146}}
{"target": -36.561112819209555, "params": {"C": 54588.9756500947, "gamma": 0.059942396093581825}, "datetime": {"datetime": "2021-09-29 09:49:47", "elapsed": 40.981645, "delta": 0.488644}}
{"target": -37.90871311610225, "params": {"C": 51437.48790586296, "gamma": 0.08896697579644598}, "datetime": {"datetime": "2021-09-29 09:49:48", "elapsed": 41.540645, "delta": 0.559}}
{"target": -36.1127834495356, "params": {"C": 53483.132919254625, "gamma": 0.05236215892213054}, "datetime": {"datetime": "2021-09-29 09:49:48", "elapsed": 42.04065, "delta": 0.500005}}
{"target": -34.49591478512871, "params": {"C": 51188.60104692569, "gamma": 0.020733089712850133}, "datetime": {"datetime": "2021-09-29 09:49:49", "elapsed": 42.594843, "delta": 0.554193}}
{"target": -36.6723715872983, "params": {"C": 50873.15706156973, "gamma": 0.06400586862026142}, "datetime": {"datetime": "2021-09-29 09:49:50", "elapsed": 43.130841, "delta": 0.535998}}
{"target": -34.31477991287124, "params": {"C": 50085.39775053147, "gamma": 0.014929473289115404}, "datetime": {"datetime": "2021-09-29 09:49:50", "elapsed": 43.641842, "delta": 0.511001}}
{"target": -34.43755479458117, "params": {"C": 53788.47272682838, "gamma": 0.01860751786602853}, "datetime": {"datetime": "2021-09-29 09:49:51", "elapsed": 44.168842, "delta": 0.527}}
{"target": -37.387042170685305, "params": {"C": 47886.256360220665, "gamma": 0.08087220315965828}, "datetime": {"datetime": "2021-09-29 09:49:51", "elapsed": 44.673116, "delta": 0.504274}}
{"target": -37.46249822773977, "params": {"C": 53768.20489023794, "gamma": 0.0775857787888179}, "datetime": {"datetime": "2021-09-29 09:49:52", "elapsed": 45.199115, "delta": 0.525999}}
{"target": -37.49539038659939, "params": {"C": 49402.72104097827, "gamma": 0.08185845395643877}, "datetime": {"datetime": "2021-09-29 09:49:52", "elapsed": 45.700116, "delta": 0.501001}}
{"target": -37.016428309001746, "params": {"C": 54121.34969326403, "gamma": 0.06890186897542175}, "datetime": {"datetime": "2021-09-29 09:49:53", "elapsed": 46.200726, "delta": 0.50061}}
{"target": -36.45634574715109, "params": {"C": 50904.633839853566, "gamma": 0.059898754679733046}, "datetime": {"datetime": "2021-09-29 09:49:53", "elapsed": 46.729059, "delta": 0.528333}}
{"target": -35.34140890558594, "params": {"C": 45601.26369447925, "gamma": 0.04138564533251403}, "datetime": {"datetime": "2021-09-29 09:49:54", "elapsed": 47.30266, "delta": 0.573601}}
{"target": -36.403728699861205, "params": {"C": 53794.74013390472, "gamma": 0.05756394300121775}, "datetime": {"datetime": "2021-09-29 09:49:54", "elapsed": 47.86766, "delta": 0.565}}
