{"target": -35.80140456577004, "params": {"C": 8316.03988536528, "gamma": 0.09776179351539314}, "datetime": {"datetime": "2021-09-28 19:17:29", "elapsed": 692.890079, "delta": 2.084232}}
{"target": -36.4244007660996, "params": {"C": 7958.796154629787, "gamma": 0.13838145020083378}, "datetime": {"datetime": "2021-09-28 19:17:31", "elapsed": 695.085241, "delta": 2.195162}}
{"target": -35.81044601132732, "params": {"C": 7706.314553203526, "gamma": 0.10116837101788645}, "datetime": {"datetime": "2021-09-28 19:17:34", "elapsed": 698.15632, "delta": 3.071079}}
{"target": -36.422041939137515, "params": {"C": 8165.278321087641, "gamma": 0.005830039533787884}, "datetime": {"datetime": "2021-09-28 19:17:38", "elapsed": 701.683626, "delta": 3.527306}}
{"target": -34.95768778237484, "params": {"C": 7643.56059885985, "gamma": 0.014924309475613986}, "datetime": {"datetime": "2021-09-28 19:17:41", "elapsed": 705.449652, "delta": 3.766026}}
{"target": -36.21847592944134, "params": {"C": 8417.077308481284, "gamma": 0.12209353898560803}, "datetime": {"datetime": "2021-09-28 19:17:44", "elapsed": 707.709851, "delta": 2.260199}}
{"target": -35.39907598148426, "params": {"C": 8091.584367691856, "gamma": 0.011370124582597941}, "datetime": {"datetime": "2021-09-28 19:17:46", "elapsed": 709.792471, "delta": 2.08262}}
{"target": -35.0191853637403, "params": {"C": 8794.51484321343, "gamma": 0.013392743568289237}, "datetime": {"datetime": "2021-09-28 19:17:49", "elapsed": 713.14185, "delta": 3.349379}}
{"target": -35.75045996819145, "params": {"C": 8443.81339470094, "gamma": 0.09460701937781582}, "datetime": {"datetime": "2021-09-28 19:17:52", "elapsed": 716.465523, "delta": 3.323673}}
{"target": -34.412539146278, "params": {"C": 8443.705843336498, "gamma": 0.028841010697711385}, "datetime": {"datetime": "2021-09-28 19:17:55", "elapsed": 719.360921, "delta": 2.895398}}
{"target": -34.46882140577468, "params": {"C": 7104.165059219819, "gamma": 0.03302217671978647}, "datetime": {"datetime": "2021-09-28 19:17:58", "elapsed": 721.758048, "delta": 2.397127}}
{"target": -35.17677211530737, "params": {"C": 8343.586866236621, "gamma": 0.0696178666726482}, "datetime": {"datetime": "2021-09-28 19:18:00", "elapsed": 724.505113, "delta": 2.747065}}
{"target": -34.71905969535827, "params": {"C": 7165.692785292519, "gamma": 0.05180771369756634}, "datetime": {"datetime": "2021-09-28 19:18:07", "elapsed": 730.641995, "delta": 6.136882}}
{"target": -34.63615419455281, "params": {"C": 7224.945410418121, "gamma": 0.04653972730906924}, "datetime": {"datetime": "2021-09-28 19:18:12", "elapsed": 736.129143, "delta": 5.487148}}
{"target": -34.442380652006584, "params": {"C": 8443.789200262087, "gamma": 0.024602206095427178}, "datetime": {"datetime": "2021-09-28 19:18:17", "elapsed": 741.022168, "delta": 4.893025}}
{"target": -34.738890610784146, "params": {"C": 8047.89973265184, "gamma": 0.016777618087445136}, "datetime": {"datetime": "2021-09-28 19:18:22", "elapsed": 745.586618, "delta": 4.56445}}
{"target": -35.13768012479769, "params": {"C": 7603.927176686508, "gamma": 0.07012028352392993}, "datetime": {"datetime": "2021-09-28 19:18:24", "elapsed": 747.97008, "delta": 2.383462}}
{"target": -34.60469276681109, "params": {"C": 7104.11954437105, "gamma": 0.0447322118327175}, "datetime": {"datetime": "2021-09-28 19:18:28", "elapsed": 751.532855, "delta": 3.562775}}
{"target": -35.00986601198441, "params": {"C": 7104.1600004059155, "gamma": 0.06624678540995026}, "datetime": {"datetime": "2021-09-28 19:18:33", "elapsed": 757.34906, "delta": 5.816205}}
{"target": -36.106422407341796, "params": {"C": 7740.523401745671, "gamma": 0.11826565803161206}, "datetime": {"datetime": "2021-09-28 19:18:36", "elapsed": 759.83901, "delta": 2.48995}}
{"target": -35.0652657771899, "params": {"C": 8443.760253647046, "gamma": 0.013307539183759754}, "datetime": {"datetime": "2021-09-28 19:18:41", "elapsed": 764.82713, "delta": 4.98812}}
{"target": -35.269108195632306, "params": {"C": 8633.879679879297, "gamma": 0.0725436746073703}, "datetime": {"datetime": "2021-09-28 19:18:44", "elapsed": 767.923354, "delta": 3.096224}}
{"target": -35.03559535220003, "params": {"C": 7224.972364385959, "gamma": 0.066973797743256}, "datetime": {"datetime": "2021-09-28 19:18:49", "elapsed": 772.695467, "delta": 4.772113}}
{"target": -34.95500162826126, "params": {"C": 8592.020420727262, "gamma": 0.014076949504684175}, "datetime": {"datetime": "2021-09-28 19:18:52", "elapsed": 775.928895, "delta": 3.233428}}
{"target": -35.316423718528405, "params": {"C": 8647.265860524234, "gamma": 0.07443407041746289}, "datetime": {"datetime": "2021-09-28 19:18:54", "elapsed": 778.33789, "delta": 2.408995}}
{"target": -34.59183586888573, "params": {"C": 7942.763433909609, "gamma": 0.04282759301745941}, "datetime": {"datetime": "2021-09-28 19:18:58", "elapsed": 781.93983, "delta": 3.60194}}
{"target": -35.12609668685865, "params": {"C": 8789.629735895489, "gamma": 0.06645649470649331}, "datetime": {"datetime": "2021-09-28 19:19:01", "elapsed": 784.861712, "delta": 2.921882}}
{"target": -34.486779695560735, "params": {"C": 7667.678115807533, "gamma": 0.03649584459357495}, "datetime": {"datetime": "2021-09-28 19:19:07", "elapsed": 791.069038, "delta": 6.207326}}
{"target": -34.928860743070224, "params": {"C": 8057.012891916049, "gamma": 0.06048087241030589}, "datetime": {"datetime": "2021-09-28 19:19:12", "elapsed": 795.896102, "delta": 4.827064}}
{"target": -34.75242090784355, "params": {"C": 8696.869280410747, "gamma": 0.05142430648450944}, "datetime": {"datetime": "2021-09-28 19:19:16", "elapsed": 800.068582, "delta": 4.17248}}
{"target": -34.45324331831762, "params": {"C": 7217.711853511053, "gamma": 0.03077483244965845}, "datetime": {"datetime": "2021-09-28 19:19:21", "elapsed": 805.253736, "delta": 5.185154}}
{"target": -34.46764795123451, "params": {"C": 7217.7572908273405, "gamma": 0.03331900068776487}, "datetime": {"datetime": "2021-09-28 19:19:27", "elapsed": 811.162771, "delta": 5.909035}}
{"target": -34.51418418436164, "params": {"C": 8056.8487422930675, "gamma": 0.037924849456278165}, "datetime": {"datetime": "2021-09-28 19:19:30", "elapsed": 813.857502, "delta": 2.694731}}
{"target": -34.553251388846235, "params": {"C": 7667.713734032488, "gamma": 0.04077930527851738}, "datetime": {"datetime": "2021-09-28 19:19:34", "elapsed": 818.309815, "delta": 4.452313}}
{"target": -35.35206453470203, "params": {"C": 7647.414562530408, "gamma": 0.011997003357092837}, "datetime": {"datetime": "2021-09-28 19:19:38", "elapsed": 821.674869, "delta": 3.365054}}
{"target": -35.05824492752205, "params": {"C": 7217.749912084217, "gamma": 0.014458305609311935}, "datetime": {"datetime": "2021-09-28 19:19:49", "elapsed": 833.190639, "delta": 11.51577}}
{"target": -35.03221712209689, "params": {"C": 7217.713310238553, "gamma": 0.06685359104508692}, "datetime": {"datetime": "2021-09-28 19:19:53", "elapsed": 836.594413, "delta": 3.403774}}
{"target": -34.69911236502169, "params": {"C": 8136.475887747822, "gamma": 0.049180445680549134}, "datetime": {"datetime": "2021-09-28 19:19:57", "elapsed": 841.181565, "delta": 4.587152}}
{"target": -34.532932063976034, "params": {"C": 7942.973439074292, "gamma": 0.03920407479844177}, "datetime": {"datetime": "2021-09-28 19:20:00", "elapsed": 844.436198, "delta": 3.254633}}
{"target": -35.34879540246805, "params": {"C": 8443.80359844158, "gamma": 0.011405708506896187}, "datetime": {"datetime": "2021-09-28 19:20:05", "elapsed": 848.6185, "delta": 4.182302}}
{"target": -34.83264735774124, "params": {"C": 7189.209838686183, "gamma": 0.05815047256183595}, "datetime": {"datetime": "2021-09-28 19:20:07", "elapsed": 851.201277, "delta": 2.582777}}
{"target": -35.04015931104753, "params": {"C": 8651.609960744536, "gamma": 0.013340265796399388}, "datetime": {"datetime": "2021-09-28 19:20:10", "elapsed": 853.640196, "delta": 2.438919}}
{"target": -34.98681546173441, "params": {"C": 8056.825791003424, "gamma": 0.06277461204130326}, "datetime": {"datetime": "2021-09-28 19:20:13", "elapsed": 857.310851, "delta": 3.670655}}
{"target": -35.180108620516855, "params": {"C": 7349.054059393952, "gamma": 0.013349662800603897}, "datetime": {"datetime": "2021-09-28 19:20:17", "elapsed": 861.497036, "delta": 4.186185}}
{"target": -34.76095987516027, "params": {"C": 7942.9433510025865, "gamma": 0.05306355752543265}, "datetime": {"datetime": "2021-09-28 19:20:22", "elapsed": 866.511424, "delta": 5.014388}}
{"target": -34.554256558702455, "params": {"C": 7217.805279323958, "gamma": 0.02265363952766436}, "datetime": {"datetime": "2021-09-28 19:20:28", "elapsed": 872.023747, "delta": 5.512323}}
{"target": -34.5023809485649, "params": {"C": 7643.630107107125, "gamma": 0.03763897225687727}, "datetime": {"datetime": "2021-09-28 19:20:32", "elapsed": 876.22807, "delta": 4.204323}}
{"target": -34.733435838202716, "params": {"C": 8047.880590781633, "gamma": 0.0514350306696526}, "datetime": {"datetime": "2021-09-28 19:20:41", "elapsed": 884.912262, "delta": 8.684192}}
{"target": -35.33877413121973, "params": {"C": 7070.256368620543, "gamma": 0.08066384331823519}, "datetime": {"datetime": "2021-09-28 19:20:47", "elapsed": 890.582581, "delta": 5.670319}}
{"target": -35.06320731516982, "params": {"C": 7250.361278332241, "gamma": 0.06805583652321556}, "datetime": {"datetime": "2021-09-28 19:20:52", "elapsed": 895.867658, "delta": 5.285077}}
{"target": -36.82524238270902, "params": {"C": 8988.916892665788, "gamma": 0.15975355670616662}, "datetime": {"datetime": "2021-09-28 19:20:54", "elapsed": 898.433149, "delta": 2.565491}}
{"target": -35.58518229924496, "params": {"C": 7643.6222128486515, "gamma": 0.08988598543555691}, "datetime": {"datetime": "2021-09-28 19:21:00", "elapsed": 903.582639, "delta": 5.14949}}
{"target": -34.530530781827146, "params": {"C": 8645.958357301542, "gamma": 0.02043996593305663}, "datetime": {"datetime": "2021-09-28 19:21:05", "elapsed": 909.412199, "delta": 5.82956}}
{"target": -36.042863728800135, "params": {"C": 7974.15420221298, "gamma": 0.11313444802182557}, "datetime": {"datetime": "2021-09-28 19:21:08", "elapsed": 911.899593, "delta": 2.487394}}
{"target": -35.54135959799058, "params": {"C": 7546.682738534649, "gamma": 0.08818709759089949}, "datetime": {"datetime": "2021-09-28 19:21:12", "elapsed": 915.863701, "delta": 3.964108}}
{"target": -36.33175004767148, "params": {"C": 8645.566028216215, "gamma": 0.12819062252715518}, "datetime": {"datetime": "2021-09-28 19:21:14", "elapsed": 918.424907, "delta": 2.561206}}
{"target": -36.11234698848483, "params": {"C": 8107.385111275886, "gamma": 0.11679843920698041}, "datetime": {"datetime": "2021-09-28 19:21:17", "elapsed": 920.918399, "delta": 2.493492}}
{"target": -36.34938297287258, "params": {"C": 7942.991486114901, "gamma": 0.00628782352290516}, "datetime": {"datetime": "2021-09-28 19:21:21", "elapsed": 924.988897, "delta": 4.070498}}
{"target": -35.276599056718084, "params": {"C": 7217.794375339105, "gamma": 0.07733010677328538}, "datetime": {"datetime": "2021-09-28 19:21:25", "elapsed": 929.326733, "delta": 4.337836}}
{"target": -35.696201911642426, "params": {"C": 7942.732719578958, "gamma": 0.009790625762910897}, "datetime": {"datetime": "2021-09-28 19:21:31", "elapsed": 935.152606, "delta": 5.825873}}
{"target": -34.79502500564847, "params": {"C": 8789.795986391982, "gamma": 0.053387866498573924}, "datetime": {"datetime": "2021-09-28 19:21:37", "elapsed": 941.015982, "delta": 5.863376}}
{"target": -36.231591843517485, "params": {"C": 8119.3065170450045, "gamma": 0.006839310156619633}, "datetime": {"datetime": "2021-09-28 19:21:44", "elapsed": 948.414098, "delta": 7.398116}}
{"target": -34.485768462103565, "params": {"C": 7919.183099046301, "gamma": 0.0363112923761362}, "datetime": {"datetime": "2021-09-28 19:21:51", "elapsed": 954.802447, "delta": 6.388349}}
{"target": -34.45857105804492, "params": {"C": 8119.252630462051, "gamma": 0.03435153505827624}, "datetime": {"datetime": "2021-09-28 19:21:57", "elapsed": 960.534537, "delta": 5.73209}}
{"target": -34.57515249195027, "params": {"C": 8696.791070644866, "gamma": 0.04095319147692567}, "datetime": {"datetime": "2021-09-28 19:22:01", "elapsed": 965.346799, "delta": 4.812262}}
{"target": -35.54511598311221, "params": {"C": 7165.672173280818, "gamma": 0.0900133928257891}, "datetime": {"datetime": "2021-09-28 19:22:05", "elapsed": 968.770578, "delta": 3.423779}}
{"target": -34.627144565334405, "params": {"C": 7667.756157694476, "gamma": 0.04535920529626741}, "datetime": {"datetime": "2021-09-28 19:22:10", "elapsed": 973.542484, "delta": 4.771906}}
{"target": -34.872800869597214, "params": {"C": 8443.786943974737, "gamma": 0.057442402635033564}, "datetime": {"datetime": "2021-09-28 19:22:13", "elapsed": 977.104213, "delta": 3.561729}}
{"target": -36.73431259322396, "params": {"C": 8722.941618485089, "gamma": 0.15551499480542164}, "datetime": {"datetime": "2021-09-28 19:22:16", "elapsed": 979.554303, "delta": 2.45009}}
{"target": -35.55486357803661, "params": {"C": 7643.6204020208, "gamma": 0.010795829816253166}, "datetime": {"datetime": "2021-09-28 19:22:21", "elapsed": 985.485183, "delta": 5.93088}}
{"target": -36.534205876224526, "params": {"C": 7224.917755869388, "gamma": 0.005727957373415605}, "datetime": {"datetime": "2021-09-28 19:22:28", "elapsed": 992.252595, "delta": 6.767412}}
{"target": -34.453793840429455, "params": {"C": 8136.568614820002, "gamma": 0.033983049718550755}, "datetime": {"datetime": "2021-09-28 19:22:35", "elapsed": 998.776202, "delta": 6.523607}}
{"target": -35.12172052572085, "params": {"C": 8696.78532832371, "gamma": 0.012685488621016908}, "datetime": {"datetime": "2021-09-28 19:22:39", "elapsed": 1003.368222, "delta": 4.59202}}
{"target": -34.93934710833248, "params": {"C": 7667.728017695318, "gamma": 0.06183359013092557}, "datetime": {"datetime": "2021-09-28 19:22:43", "elapsed": 1007.441462, "delta": 4.07324}}
{"target": -35.538490298969016, "params": {"C": 7740.85304604497, "gamma": 0.08725760547350257}, "datetime": {"datetime": "2021-09-28 19:22:46", "elapsed": 1010.218205, "delta": 2.776743}}
{"target": -35.88284771561039, "params": {"C": 7667.743077714882, "gamma": 0.0089321851866892}, "datetime": {"datetime": "2021-09-28 19:22:51", "elapsed": 1015.175396, "delta": 4.957191}}
{"target": -35.61691838187141, "params": {"C": 7217.69760734215, "gamma": 0.01075391239215375}, "datetime": {"datetime": "2021-09-28 19:22:57", "elapsed": 1020.862981, "delta": 5.687585}}
{"target": -34.47181354550388, "params": {"C": 7485.725316388889, "gamma": 0.025899597829847472}, "datetime": {"datetime": "2021-09-28 19:23:02", "elapsed": 1025.546605, "delta": 4.683624}}
{"target": -35.10794734027833, "params": {"C": 7919.222397731973, "gamma": 0.013398999152367735}, "datetime": {"datetime": "2021-09-28 19:23:06", "elapsed": 1029.852335, "delta": 4.30573}}
{"target": -36.51934736857749, "params": {"C": 7090.832408808081, "gamma": 0.005859648123563701}, "datetime": {"datetime": "2021-09-28 19:23:10", "elapsed": 1033.967044, "delta": 4.114709}}
{"target": -34.57775062297317, "params": {"C": 7090.77034014919, "gamma": 0.02203094800412137}, "datetime": {"datetime": "2021-09-28 19:23:14", "elapsed": 1038.020493, "delta": 4.053449}}
{"target": -34.604783392353376, "params": {"C": 8552.38800041576, "gamma": 0.04290064448884818}, "datetime": {"datetime": "2021-09-28 19:23:17", "elapsed": 1040.677342, "delta": 2.656849}}
{"target": -36.13859475799967, "params": {"C": 8512.78063809115, "gamma": 0.007154031239230009}, "datetime": {"datetime": "2021-09-28 19:23:22", "elapsed": 1046.209025, "delta": 5.531683}}
{"target": -35.87164532237847, "params": {"C": 8552.382303594213, "gamma": 0.008505879492927318}, "datetime": {"datetime": "2021-09-28 19:23:28", "elapsed": 1051.803125, "delta": 5.5941}}
{"target": -36.19419524103854, "params": {"C": 7248.507977215869, "gamma": 0.12682464215209416}, "datetime": {"datetime": "2021-09-28 19:23:31", "elapsed": 1054.68372, "delta": 2.880595}}
{"target": -34.57036128919114, "params": {"C": 7217.833859559871, "gamma": 0.042415935775314065}, "datetime": {"datetime": "2021-09-28 19:23:38", "elapsed": 1061.650604, "delta": 6.966884}}
{"target": -36.36532263271743, "params": {"C": 8119.206609958951, "gamma": 0.006134602537782795}, "datetime": {"datetime": "2021-09-28 19:23:43", "elapsed": 1067.123971, "delta": 5.473367}}
{"target": -34.43234982269164, "params": {"C": 7943.874271449661, "gamma": 0.02681246563235548}, "datetime": {"datetime": "2021-09-28 19:23:46", "elapsed": 1070.141874, "delta": 3.017903}}
{"target": -34.46754290792182, "params": {"C": 7217.785217431932, "gamma": 0.033303279024607134}, "datetime": {"datetime": "2021-09-28 19:23:51", "elapsed": 1075.091096, "delta": 4.949222}}
{"target": -36.431068966415246, "params": {"C": 8068.737388971131, "gamma": 0.13819208263053534}, "datetime": {"datetime": "2021-09-28 19:23:54", "elapsed": 1077.939017, "delta": 2.847921}}
{"target": -34.90069339133679, "params": {"C": 7943.90740573198, "gamma": 0.015142474068979332}, "datetime": {"datetime": "2021-09-28 19:24:03", "elapsed": 1087.091346, "delta": 9.152329}}
{"target": -34.559591711037584, "params": {"C": 8185.415570064529, "gamma": 0.04056812934570733}, "datetime": {"datetime": "2021-09-28 19:24:06", "elapsed": 1089.878183, "delta": 2.786837}}
{"target": -34.85960666891975, "params": {"C": 7943.886748240962, "gamma": 0.05800165689421503}, "datetime": {"datetime": "2021-09-28 19:24:10", "elapsed": 1094.079395, "delta": 4.201212}}
{"target": -36.29568390451154, "params": {"C": 8025.25480418406, "gamma": 0.006540591157038291}, "datetime": {"datetime": "2021-09-28 19:24:13", "elapsed": 1096.925978, "delta": 2.846583}}
{"target": -34.57489949593158, "params": {"C": 8017.148102899226, "gamma": 0.0416985014065808}, "datetime": {"datetime": "2021-09-28 19:24:16", "elapsed": 1100.470924, "delta": 3.544946}}
{"target": -34.98664241932083, "params": {"C": 7076.500129007732, "gamma": 0.06535275680579547}, "datetime": {"datetime": "2021-09-28 19:24:19", "elapsed": 1103.165022, "delta": 2.694098}}
{"target": -36.47833964771801, "params": {"C": 7278.186490085215, "gamma": 0.14647460768755283}, "datetime": {"datetime": "2021-09-28 19:24:22", "elapsed": 1105.90657, "delta": 2.741548}}
{"target": -36.25774012996115, "params": {"C": 8539.909627012594, "gamma": 0.12403563904711822}, "datetime": {"datetime": "2021-09-28 19:24:25", "elapsed": 1108.881367, "delta": 2.974797}}
{"target": -35.853868645134426, "params": {"C": 7250.354464499545, "gamma": 0.00935653141695806}, "datetime": {"datetime": "2021-09-28 19:24:32", "elapsed": 1116.233258, "delta": 7.351891}}
{"target": -34.61282859307191, "params": {"C": 8185.409463573392, "gamma": 0.018779504119041394}, "datetime": {"datetime": "2021-09-28 19:24:38", "elapsed": 1122.517809, "delta": 6.284551}}
{"target": -36.60207622055146, "params": {"C": 8376.619997929865, "gamma": 0.14861257306090844}, "datetime": {"datetime": "2021-09-28 19:24:42", "elapsed": 1125.632315, "delta": 3.114506}}
{"target": -36.2667531314833, "params": {"C": 7376.383066779825, "gamma": 0.13103731232890925}, "datetime": {"datetime": "2021-09-28 19:24:44", "elapsed": 1128.498742, "delta": 2.866427}}
{"target": -35.35203947336269, "params": {"C": 7149.279733180844, "gamma": 0.08096462198223597}, "datetime": {"datetime": "2021-09-28 19:24:47", "elapsed": 1131.523315, "delta": 3.024573}}
{"target": -35.14920933288844, "params": {"C": 7349.086540955884, "gamma": 0.0713815074712011}, "datetime": {"datetime": "2021-09-28 19:24:53", "elapsed": 1136.780661, "delta": 5.257346}}
{"target": -34.55153721942132, "params": {"C": 8185.385216281772, "gamma": 0.040076015707553085}, "datetime": {"datetime": "2021-09-28 19:24:59", "elapsed": 1143.414084, "delta": 6.633423}}
{"target": -35.82633567943205, "params": {"C": 7018.786208161277, "gamma": 0.10506605351859478}, "datetime": {"datetime": "2021-09-28 19:25:02", "elapsed": 1146.208123, "delta": 2.794039}}
{"target": -34.697902469137574, "params": {"C": 7485.719612532588, "gamma": 0.05003830057361184}, "datetime": {"datetime": "2021-09-28 19:25:06", "elapsed": 1150.502978, "delta": 4.294855}}
{"target": -34.54267191830782, "params": {"C": 7943.8334327829525, "gamma": 0.03980304265907034}, "datetime": {"datetime": "2021-09-28 19:25:17", "elapsed": 1161.051365, "delta": 10.548387}}
{"target": -35.50793672609075, "params": {"C": 8136.658844788863, "gamma": 0.08433155368117155}, "datetime": {"datetime": "2021-09-28 19:25:25", "elapsed": 1168.836834, "delta": 7.785469}}
{"target": -35.61546037946914, "params": {"C": 8696.797565711007, "gamma": 0.08716827378277396}, "datetime": {"datetime": "2021-09-28 19:25:30", "elapsed": 1174.461763, "delta": 5.624929}}
{"target": -35.68615647185939, "params": {"C": 8552.398942393085, "gamma": 0.09102139401127379}, "datetime": {"datetime": "2021-09-28 19:25:38", "elapsed": 1181.747206, "delta": 7.285443}}
{"target": -35.87691208302537, "params": {"C": 8119.3772336116235, "gamma": 0.008706329181190051}, "datetime": {"datetime": "2021-09-28 19:25:44", "elapsed": 1188.482008, "delta": 6.734802}}
{"target": -34.79763880617992, "params": {"C": 7943.851949436404, "gamma": 0.016105707114457836}, "datetime": {"datetime": "2021-09-28 19:25:51", "elapsed": 1194.828898, "delta": 6.34689}}
{"target": -34.861817510676836, "params": {"C": 7667.773472715873, "gamma": 0.05869833536883322}, "datetime": {"datetime": "2021-09-28 19:26:00", "elapsed": 1204.283068, "delta": 9.45417}}
{"target": -34.696689570066575, "params": {"C": 8697.025329373533, "gamma": 0.04829923930222793}, "datetime": {"datetime": "2021-09-28 19:26:08", "elapsed": 1212.026281, "delta": 7.743213}}
{"target": -36.576997066031204, "params": {"C": 8056.3246729477, "gamma": 0.14882759943797805}, "datetime": {"datetime": "2021-09-28 19:26:11", "elapsed": 1214.910583, "delta": 2.884302}}
