{"target": 0.2659154662976002, "params": {"C": 28235.74540354094, "gamma": 0.07231772895148553}, "datetime": {"datetime": "2021-10-04 10:54:20", "elapsed": 456.293469, "delta": 2.303264}}
{"target": 0.2649379604294012, "params": {"C": 28171.322399756154, "gamma": 0.06935380154679975}, "datetime": {"datetime": "2021-10-04 10:54:22", "elapsed": 458.740808, "delta": 2.447339}}
{"target": 0.242945777959653, "params": {"C": 28115.61277741892, "gamma": 0.03646809604114278}, "datetime": {"datetime": "2021-10-04 10:54:26", "elapsed": 462.407337, "delta": 3.666529}}
{"target": 0.12940457054885335, "params": {"C": 13057.988610984072, "gamma": 0.014593853015364602}, "datetime": {"datetime": "2021-10-04 10:54:29", "elapsed": 466.140373, "delta": 3.733036}}
{"target": 0.27733139969921905, "params": {"C": 40135.75109893734, "gamma": 0.12830090203797}, "datetime": {"datetime": "2021-10-04 10:54:32", "elapsed": 468.357013, "delta": 2.21664}}
{"target": 0.26171876045506404, "params": {"C": 40091.39407873953, "gamma": 0.18530745966598622}, "datetime": {"datetime": "2021-10-04 10:54:36", "elapsed": 472.37785, "delta": 4.020837}}
{"target": 0.24634584617271016, "params": {"C": 40182.54614611855, "gamma": 0.029220878613031534}, "datetime": {"datetime": "2021-10-04 10:54:38", "elapsed": 474.981999, "delta": 2.604149}}
{"target": 0.27353472428013614, "params": {"C": 40020.28202151708, "gamma": 0.14714383298526607}, "datetime": {"datetime": "2021-10-04 10:54:42", "elapsed": 478.601193, "delta": 3.619194}}
{"target": 0.26118411917325945, "params": {"C": 39973.57090177938, "gamma": 0.18647161434448997}, "datetime": {"datetime": "2021-10-04 10:54:45", "elapsed": 481.673819, "delta": 3.072626}}
{"target": 0.0645126529412604, "params": {"C": 6089.2084607606985, "gamma": 0.16115204592443816}, "datetime": {"datetime": "2021-10-04 10:54:48", "elapsed": 484.78889, "delta": 3.115071}}
{"target": 0.18558362249214733, "params": {"C": 14486.217368469119, "gamma": 0.026580795794900816}, "datetime": {"datetime": "2021-10-04 10:54:50", "elapsed": 487.213013, "delta": 2.424123}}
{"target": 0.15925316179155824, "params": {"C": 7293.699427499377, "gamma": 0.07961445809339143}, "datetime": {"datetime": "2021-10-04 10:54:54", "elapsed": 490.806715, "delta": 3.593702}}
{"target": 0.2532163506353109, "params": {"C": 24998.34380835815, "gamma": 0.1486427621290992}, "datetime": {"datetime": "2021-10-04 10:54:58", "elapsed": 494.493592, "delta": 3.686877}}
{"target": 0.2341104798945408, "params": {"C": 25080.85457697681, "gamma": 0.03398009241178844}, "datetime": {"datetime": "2021-10-04 10:55:00", "elapsed": 497.255748, "delta": 2.762156}}
{"target": 0.2625384679901168, "params": {"C": 24918.19270269783, "gamma": 0.11442374143659048}, "datetime": {"datetime": "2021-10-04 10:55:04", "elapsed": 500.983687, "delta": 3.727939}}
{"target": 0.2633066047676438, "params": {"C": 24858.325570223024, "gamma": 0.08611602099548712}, "datetime": {"datetime": "2021-10-04 10:55:07", "elapsed": 503.995011, "delta": 3.011324}}
{"target": 0.263329539280981, "params": {"C": 24801.586726320264, "gamma": 0.08737542264389166}, "datetime": {"datetime": "2021-10-04 10:55:11", "elapsed": 507.465783, "delta": 3.470772}}
{"target": 0.11143311764941921, "params": {"C": 7955.142013647426, "gamma": 0.16207994718657334}, "datetime": {"datetime": "2021-10-04 10:55:14", "elapsed": 510.311639, "delta": 2.845856}}
{"target": 0.1793399932016677, "params": {"C": 11290.415194448298, "gamma": 0.14387506827785843}, "datetime": {"datetime": "2021-10-04 10:55:16", "elapsed": 513.125474, "delta": 2.813835}}
{"target": 0.19771013688662364, "params": {"C": 18041.50216106786, "gamma": 0.1977715064728812}, "datetime": {"datetime": "2021-10-04 10:55:22", "elapsed": 518.566875, "delta": 5.441401}}
{"target": 0.2718666112732052, "params": {"C": 30108.653037406184, "gamma": 0.10243552432374466}, "datetime": {"datetime": "2021-10-04 10:55:26", "elapsed": 522.910359, "delta": 4.343484}}
{"target": 0.25754180376991087, "params": {"C": 30054.595741484285, "gamma": 0.16457697145349937}, "datetime": {"datetime": "2021-10-04 10:55:29", "elapsed": 526.093884, "delta": 3.183525}}
{"target": 0.24568511130510395, "params": {"C": 30158.598692441145, "gamma": 0.0362556066379568}, "datetime": {"datetime": "2021-10-04 10:55:33", "elapsed": 529.638536, "delta": 3.544652}}
{"target": 0.26613685382869556, "params": {"C": 29978.05271605831, "gamma": 0.13855996012168675}, "datetime": {"datetime": "2021-10-04 10:55:36", "elapsed": 532.670863, "delta": 3.032327}}
{"target": 0.24178361013677052, "params": {"C": 29924.858767239188, "gamma": 0.19860051549163407}, "datetime": {"datetime": "2021-10-04 10:55:40", "elapsed": 536.270872, "delta": 3.600009}}
{"target": 0.15297774917213847, "params": {"C": 9877.358010083759, "gamma": 0.1540372525031248}, "datetime": {"datetime": "2021-10-04 10:55:43", "elapsed": 539.657515, "delta": 3.386643}}
{"target": 0.2617472726541834, "params": {"C": 45399.15047090379, "gamma": 0.1949369649772879}, "datetime": {"datetime": "2021-10-04 10:55:46", "elapsed": 543.157861, "delta": 3.500346}}
{"target": 0.2797525586949695, "params": {"C": 45461.9918217788, "gamma": 0.12273562549426688}, "datetime": {"datetime": "2021-10-04 10:55:49", "elapsed": 546.217416, "delta": 3.059555}}
{"target": 0.2643795009822598, "params": {"C": 45511.348567693945, "gamma": 0.041639299205005836}, "datetime": {"datetime": "2021-10-04 10:55:55", "elapsed": 551.445871, "delta": 5.228455}}
{"target": 0.11879997015764288, "params": {"C": 45329.35557109823, "gamma": 0.005965047072662632}, "datetime": {"datetime": "2021-10-04 10:55:58", "elapsed": 554.76673, "delta": 3.320859}}
{"target": 0.280849751218905, "params": {"C": 45572.86318291714, "gamma": 0.10779444326349678}, "datetime": {"datetime": "2021-10-04 10:56:02", "elapsed": 558.855079, "delta": 4.088349}}
{"target": 0.28067021203615694, "params": {"C": 45613.11335900854, "gamma": 0.09378543969331142}, "datetime": {"datetime": "2021-10-04 10:56:06", "elapsed": 562.280414, "delta": 3.425335}}
{"target": 0.19165718797764553, "params": {"C": 11901.70209004236, "gamma": 0.037621658084963594}, "datetime": {"datetime": "2021-10-04 10:56:09", "elapsed": 565.286701, "delta": 3.006287}}
{"target": 0.21948398794415502, "params": {"C": 15108.541612071875, "gamma": 0.04706228880905637}, "datetime": {"datetime": "2021-10-04 10:56:12", "elapsed": 568.603376, "delta": 3.316675}}
{"target": 0.007183590815802332, "params": {"C": 23765.99021161583, "gamma": 0.560162246721079}, "datetime": {"datetime": "2021-10-04 10:56:14", "elapsed": 0.0, "delta": 0.0}}
{"target": -0.18724647368416725, "params": {"C": 5005.14686678052, "gamma": 0.35116628631591984}, "datetime": {"datetime": "2021-10-04 10:56:14", "elapsed": 0.149404, "delta": 0.149404}}
{"target": 0.09409855693261804, "params": {"C": 11604.015086770087, "gamma": 0.2461692973843989}, "datetime": {"datetime": "2021-10-04 10:56:14", "elapsed": 0.323747, "delta": 0.174343}}
{"target": 0.012793061628236124, "params": {"C": 13381.70951199519, "gamma": 0.3727803635215239}, "datetime": {"datetime": "2021-10-04 10:56:14", "elapsed": 0.477443, "delta": 0.153696}}
{"target": 0.04289065430974115, "params": {"C": 22854.536340380146, "gamma": 0.46940836700167843}, "datetime": {"datetime": "2021-10-04 10:56:15", "elapsed": 0.651546, "delta": 0.174103}}
{"target": 0.014218615326092476, "params": {"C": 19528.40609044573, "gamma": 0.477440988422346}, "datetime": {"datetime": "2021-10-04 10:56:15", "elapsed": 0.93306, "delta": 0.281514}}
{"target": 0.08648760236484876, "params": {"C": 9639.392354995383, "gamma": 0.22010756813934068}, "datetime": {"datetime": "2021-10-04 10:56:15", "elapsed": 1.215785, "delta": 0.282725}}
{"target": 0.1918947945679088, "params": {"C": 49989.713615266744, "gamma": 0.34756113863388827}, "datetime": {"datetime": "2021-10-04 10:56:15", "elapsed": 1.484112, "delta": 0.268327}}
{"target": 0.09940848892955867, "params": {"C": 47250.91042915403, "gamma": 0.5266824589584576}, "datetime": {"datetime": "2021-10-04 10:56:16", "elapsed": 1.925855, "delta": 0.441743}}
{"target": 0.04597373017738693, "params": {"C": 38510.70468721581, "gamma": 0.6225273687373376}, "datetime": {"datetime": "2021-10-04 10:56:16", "elapsed": 2.257076, "delta": 0.331221}}
{"target": 0.05010593974228139, "params": {"C": 49988.59274008239, "gamma": 0.6948758957614144}, "datetime": {"datetime": "2021-10-04 10:56:16", "elapsed": 2.542171, "delta": 0.285095}}
{"target": 0.2118782773613097, "params": {"C": 47250.21271559354, "gamma": 0.30494365343250124}, "datetime": {"datetime": "2021-10-04 10:56:17", "elapsed": 2.795773, "delta": 0.253602}}
{"target": 0.24996622677021962, "params": {"C": 47248.61246329654, "gamma": 0.22755338020656574}, "datetime": {"datetime": "2021-10-04 10:56:17", "elapsed": 3.078426, "delta": 0.282653}}
{"target": 0.23060588280666228, "params": {"C": 49990.81322099072, "gamma": 0.27390144560014595}, "datetime": {"datetime": "2021-10-04 10:56:17", "elapsed": 3.368425, "delta": 0.289999}}
{"target": 0.18708032747434777, "params": {"C": 49994.769987170206, "gamma": 0.3564372320348874}, "datetime": {"datetime": "2021-10-04 10:56:18", "elapsed": 3.632789, "delta": 0.264364}}
{"target": 0.22861262690757478, "params": {"C": 49991.95470959871, "gamma": 0.27793503950015946}, "datetime": {"datetime": "2021-10-04 10:56:18", "elapsed": 3.886791, "delta": 0.254002}}
{"target": 0.20151035117929694, "params": {"C": 47245.73864168322, "gamma": 0.3239692501745587}, "datetime": {"datetime": "2021-10-04 10:56:18", "elapsed": 4.222018, "delta": 0.335227}}
{"target": 0.08936259822888437, "params": {"C": 47241.114824564094, "gamma": 0.5520814570911822}, "datetime": {"datetime": "2021-10-04 10:56:18", "elapsed": 4.478232, "delta": 0.256214}}
{"target": 0.1410419112312472, "params": {"C": 49998.73778221264, "gamma": 0.44427406927028634}, "datetime": {"datetime": "2021-10-04 10:56:19", "elapsed": 4.777942, "delta": 0.29971}}
{"target": 0.05704690977990712, "params": {"C": 47247.09560842401, "gamma": 0.6503314770140496}, "datetime": {"datetime": "2021-10-04 10:56:19", "elapsed": 5.025248, "delta": 0.247306}}
{"target": 0.1532858459726718, "params": {"C": 47243.661626609646, "gamma": 0.41227132208249095}, "datetime": {"datetime": "2021-10-04 10:56:19", "elapsed": 5.276577, "delta": 0.251329}}
{"target": 0.17447156679115206, "params": {"C": 47249.32452248703, "gamma": 0.37296104861714807}, "datetime": {"datetime": "2021-10-04 10:56:20", "elapsed": 5.55758, "delta": 0.281003}}
{"target": 0.06844145832847848, "params": {"C": 49996.99120523211, "gamma": 0.6272470883341696}, "datetime": {"datetime": "2021-10-04 10:56:20", "elapsed": 5.845577, "delta": 0.287997}}
{"target": 0.062326736173687114, "params": {"C": 49990.26061751936, "gamma": 0.6481948276311253}, "datetime": {"datetime": "2021-10-04 10:56:20", "elapsed": 6.121579, "delta": 0.276002}}
{"target": 0.01917922530914129, "params": {"C": 27965.521862183607, "gamma": 0.5892751397808592}, "datetime": {"datetime": "2021-10-04 10:56:20", "elapsed": 6.383112, "delta": 0.261533}}
{"target": 0.10058088267099441, "params": {"C": 42984.576255552594, "gamma": 0.5048602084230481}, "datetime": {"datetime": "2021-10-04 10:56:21", "elapsed": 6.652168, "delta": 0.269056}}
{"target": 0.06396655487974212, "params": {"C": 40617.58332713294, "gamma": 0.5842772580614051}, "datetime": {"datetime": "2021-10-04 10:56:21", "elapsed": 6.938168, "delta": 0.286}}
{"target": -0.1912093132077446, "params": {"C": 5465.434259319043, "gamma": 0.38249346327412526}, "datetime": {"datetime": "2021-10-04 10:56:21", "elapsed": 7.216579, "delta": 0.278411}}
{"target": 0.07353002178866919, "params": {"C": 25764.91242156804, "gamma": 0.44398994750532095}, "datetime": {"datetime": "2021-10-04 10:56:21", "elapsed": 7.521109, "delta": 0.30453}}
{"target": 0.20728226980962738, "params": {"C": 27249.29671136751, "gamma": 0.2456315128063285}, "datetime": {"datetime": "2021-10-04 10:56:22", "elapsed": 7.796235, "delta": 0.275126}}
{"target": 0.12222937865991668, "params": {"C": 19145.220380302817, "gamma": 0.30722551580547014}, "datetime": {"datetime": "2021-10-04 10:56:22", "elapsed": 8.089235, "delta": 0.293}}
{"target": 0.22946292992152284, "params": {"C": 44615.23109125347, "gamma": 0.2660572068604444}, "datetime": {"datetime": "2021-10-04 10:56:22", "elapsed": 8.356238, "delta": 0.267003}}
{"target": 0.001139843713424904, "params": {"C": 6043.721929980449, "gamma": 0.21380772734684456}, "datetime": {"datetime": "2021-10-04 10:56:23", "elapsed": 8.671506, "delta": 0.315268}}
{"target": -0.11664297805531043, "params": {"C": 7803.112211996023, "gamma": 0.39484084472976044}, "datetime": {"datetime": "2021-10-04 10:56:23", "elapsed": 8.993761, "delta": 0.322255}}
{"target": 0.1722308492022504, "params": {"C": 38239.82460056926, "gamma": 0.3490694166863171}, "datetime": {"datetime": "2021-10-04 10:56:23", "elapsed": 9.314761, "delta": 0.321}}
{"target": 0.02104414260898224, "params": {"C": 34964.156275374175, "gamma": 0.6728939389285783}, "datetime": {"datetime": "2021-10-04 10:56:24", "elapsed": 9.647158, "delta": 0.332397}}
{"target": -0.09774388975544057, "params": {"C": 15008.142136107255, "gamma": 0.6406744553260793}, "datetime": {"datetime": "2021-10-04 10:56:24", "elapsed": 10.105811, "delta": 0.458653}}
{"target": -0.16362583859547608, "params": {"C": 8822.924338750709, "gamma": 0.523874649555478}, "datetime": {"datetime": "2021-10-04 10:56:24", "elapsed": 10.395841, "delta": 0.29003}}
{"target": 0.1381764396026418, "params": {"C": 45285.21460836102, "gamma": 0.4351940885410511}, "datetime": {"datetime": "2021-10-04 10:56:25", "elapsed": 10.691355, "delta": 0.295514}}
{"target": 0.19621345583190375, "params": {"C": 44613.966293948266, "gamma": 0.32719692656944244}, "datetime": {"datetime": "2021-10-04 10:56:25", "elapsed": 11.047654, "delta": 0.356299}}
{"target": -0.05405821560454682, "params": {"C": 6255.591374499669, "gamma": 0.26910253860049343}, "datetime": {"datetime": "2021-10-04 10:56:25", "elapsed": 11.399928, "delta": 0.352274}}
{"target": 0.14403441154393903, "params": {"C": 46668.43874876248, "gamma": 0.4283035100898819}, "datetime": {"datetime": "2021-10-04 10:56:26", "elapsed": 11.801425, "delta": 0.401497}}
{"target": 0.061121625713320804, "params": {"C": 44704.75236494877, "gamma": 0.6201351135329398}, "datetime": {"datetime": "2021-10-04 10:56:26", "elapsed": 12.151427, "delta": 0.350002}}
{"target": 0.1753727496166757, "params": {"C": 47247.96892869724, "gamma": 0.37131594784492905}, "datetime": {"datetime": "2021-10-04 10:56:26", "elapsed": 12.522424, "delta": 0.370997}}
{"target": 0.04812155662683326, "params": {"C": 47244.744417067544, "gamma": 0.6838479469869311}, "datetime": {"datetime": "2021-10-04 10:56:27", "elapsed": 12.906616, "delta": 0.384192}}
{"target": 0.061273367864047246, "params": {"C": 47242.38200508101, "gamma": 0.6356039003672982}, "datetime": {"datetime": "2021-10-04 10:56:27", "elapsed": 13.246337, "delta": 0.339721}}
{"target": 0.1880313401083229, "params": {"C": 37724.79197205992, "gamma": 0.3207342117933001}, "datetime": {"datetime": "2021-10-04 10:56:28", "elapsed": 13.586313, "delta": 0.339976}}
{"target": 0.04468349319115461, "params": {"C": 38816.96825624197, "gamma": 0.6293824482682389}, "datetime": {"datetime": "2021-10-04 10:56:28", "elapsed": 13.967315, "delta": 0.381002}}
{"target": 0.1200580677287243, "params": {"C": 45285.30029969018, "gamma": 0.47197802697484}, "datetime": {"datetime": "2021-10-04 10:56:28", "elapsed": 14.344316, "delta": 0.377001}}
{"target": 0.18626466805742625, "params": {"C": 37723.55529618415, "gamma": 0.323683984552959}, "datetime": {"datetime": "2021-10-04 10:56:29", "elapsed": 14.827623, "delta": 0.483307}}
{"target": 0.049995840051516915, "params": {"C": 44615.990164697985, "gamma": 0.6575591194428299}, "datetime": {"datetime": "2021-10-04 10:56:29", "elapsed": 15.191217, "delta": 0.363594}}
{"target": 0.1608632219349836, "params": {"C": 44613.98964678057, "gamma": 0.3903048578423095}, "datetime": {"datetime": "2021-10-04 10:56:29", "elapsed": 15.518636, "delta": 0.327419}}
{"target": 0.24757469203868387, "params": {"C": 36005.00412058241, "gamma": 0.20824923772822046}, "datetime": {"datetime": "2021-10-04 10:56:30", "elapsed": 15.837801, "delta": 0.319165}}
{"target": 0.22214299848763208, "params": {"C": 36004.305240565955, "gamma": 0.2568965352072271}, "datetime": {"datetime": "2021-10-04 10:56:30", "elapsed": 16.216173, "delta": 0.378372}}
{"target": 0.08116644765035352, "params": {"C": 13729.418442197568, "gamma": 0.293148408980023}, "datetime": {"datetime": "2021-10-04 10:56:31", "elapsed": 16.59277, "delta": 0.376597}}
{"target": 0.1409120503956125, "params": {"C": 30300.318901507882, "gamma": 0.36397057125369403}, "datetime": {"datetime": "2021-10-04 10:56:31", "elapsed": 17.002187, "delta": 0.409417}}
{"target": 0.20549515095945614, "params": {"C": 39943.44520828388, "gamma": 0.29812326993659144}, "datetime": {"datetime": "2021-10-04 10:56:31", "elapsed": 17.374205, "delta": 0.372018}}
{"target": 0.11559846708795551, "params": {"C": 27248.450188508545, "gamma": 0.3848888702202804}, "datetime": {"datetime": "2021-10-04 10:56:32", "elapsed": 17.815413, "delta": 0.441208}}
{"target": -0.013724116148583265, "params": {"C": 17978.493327832803, "gamma": 0.5056080720946323}, "datetime": {"datetime": "2021-10-04 10:56:32", "elapsed": 18.173408, "delta": 0.357995}}
{"target": 0.18856100631908312, "params": {"C": 38703.943009867966, "gamma": 0.32317598578745527}, "datetime": {"datetime": "2021-10-04 10:56:33", "elapsed": 18.57392, "delta": 0.400512}}
{"target": -0.07472694917381428, "params": {"C": 17997.48467411768, "gamma": 0.6750426778046374}, "datetime": {"datetime": "2021-10-04 10:56:33", "elapsed": 18.993359, "delta": 0.419439}}
{"target": 0.07503953084887849, "params": {"C": 47249.978298413866, "gamma": 0.5920317426297708}, "datetime": {"datetime": "2021-10-04 10:56:33", "elapsed": 19.485623, "delta": 0.492264}}
{"target": 0.03738561582691147, "params": {"C": 36004.01894530197, "gamma": 0.6270873509986031}, "datetime": {"datetime": "2021-10-04 10:56:34", "elapsed": 19.89983, "delta": 0.414207}}
{"target": -0.04015908182507566, "params": {"C": 16573.20907702611, "gamma": 0.5320710331064058}, "datetime": {"datetime": "2021-10-04 10:56:34", "elapsed": 20.280984, "delta": 0.381154}}
{"target": 0.116947127434045, "params": {"C": 37723.88372129343, "gamma": 0.44521863928166283}, "datetime": {"datetime": "2021-10-04 10:56:35", "elapsed": 20.731003, "delta": 0.450019}}
{"target": 0.17676886946007342, "params": {"C": 39943.87188879253, "gamma": 0.34732901718454545}, "datetime": {"datetime": "2021-10-04 10:56:35", "elapsed": 21.134833, "delta": 0.40383}}
{"target": 0.03345094663976078, "params": {"C": 27249.252938255693, "gamma": 0.5428506632954654}, "datetime": {"datetime": "2021-10-04 10:56:36", "elapsed": 21.580216, "delta": 0.445383}}
{"target": 0.17792736511251261, "params": {"C": 25477.369637697368, "gamma": 0.2797742001245854}, "datetime": {"datetime": "2021-10-04 10:56:36", "elapsed": 21.990675, "delta": 0.410459}}
{"target": 0.19845191977751442, "params": {"C": 47249.06775756251, "gamma": 0.3295348682965412}, "datetime": {"datetime": "2021-10-04 10:56:36", "elapsed": 22.387684, "delta": 0.397009}}
{"target": 0.16539275099220696, "params": {"C": 38704.32824391937, "gamma": 0.36238349226935085}, "datetime": {"datetime": "2021-10-04 10:56:37", "elapsed": 22.802618, "delta": 0.414934}}
{"target": 0.17983916238910846, "params": {"C": 49992.275606465315, "gamma": 0.3697910360953507}, "datetime": {"datetime": "2021-10-04 10:56:37", "elapsed": 23.242381, "delta": 0.439763}}
{"target": 0.05737715676106081, "params": {"C": 49989.526827788926, "gamma": 0.666266946813294}, "datetime": {"datetime": "2021-10-04 10:56:38", "elapsed": 23.706621, "delta": 0.46424}}
{"target": 0.21365499050400327, "params": {"C": 22327.661102714475, "gamma": 0.206990541862082}, "datetime": {"datetime": "2021-10-04 10:56:38", "elapsed": 24.169323, "delta": 0.462702}}
{"target": 0.08068595085058528, "params": {"C": 47248.38855063322, "gamma": 0.575713553672757}, "datetime": {"datetime": "2021-10-04 10:56:39", "elapsed": 24.584562, "delta": 0.415239}}
{"target": 0.2072783193317519, "params": {"C": 49991.56547867817, "gamma": 0.3190773003990657}, "datetime": {"datetime": "2021-10-04 10:56:39", "elapsed": 25.033081, "delta": 0.448519}}
{"target": -0.05570742259585737, "params": {"C": 16831.456511130644, "gamma": 0.5771953129458499}, "datetime": {"datetime": "2021-10-04 10:56:39", "elapsed": 25.464943, "delta": 0.431862}}
{"target": 0.07307996217161472, "params": {"C": 45285.25414185796, "gamma": 0.587070831954412}, "datetime": {"datetime": "2021-10-04 10:56:40", "elapsed": 25.83414, "delta": 0.369197}}
{"target": 0.2353452949958812, "params": {"C": 39942.95174401727, "gamma": 0.24373797848703393}, "datetime": {"datetime": "2021-10-04 10:56:40", "elapsed": 26.250752, "delta": 0.416612}}
{"target": 0.028132642210291103, "params": {"C": 20884.669817544836, "gamma": 0.4713776645461649}, "datetime": {"datetime": "2021-10-04 10:56:41", "elapsed": 26.627836, "delta": 0.377084}}
{"target": -0.11211777222061725, "params": {"C": 10579.841500909522, "gamma": 0.4978845025571498}, "datetime": {"datetime": "2021-10-04 10:56:41", "elapsed": 27.044258, "delta": 0.416422}}
{"target": -0.11679159818344442, "params": {"C": 11697.10265980531, "gamma": 0.5547761588250015}, "datetime": {"datetime": "2021-10-04 10:56:41", "elapsed": 27.495148, "delta": 0.45089}}
{"target": 0.20990160564082438, "params": {"C": 37723.025706294764, "gamma": 0.2837384405869951}, "datetime": {"datetime": "2021-10-04 10:56:42", "elapsed": 27.996139, "delta": 0.500991}}
{"target": 0.12510187008212958, "params": {"C": 23765.99021161583, "gamma": 0.3440648986884316}, "datetime": {"datetime": "2021-10-04 10:56:44", "elapsed": 0.0, "delta": 0.0}}
