{"target": -34.470166912085496, "params": {"C": 13756.03698373263, "gamma": 0.016274368717405688}, "datetime": {"datetime": "2021-09-29 07:44:43", "elapsed": 246.762703, "delta": 2.209729}}
{"target": -36.19758952290192, "params": {"C": 13879.075402644576, "gamma": 0.09735276330679948}, "datetime": {"datetime": "2021-09-29 07:44:46", "elapsed": 249.533379, "delta": 2.770676}}
{"target": -34.40126685984087, "params": {"C": 13179.69939136678, "gamma": 0.01849821556526143}, "datetime": {"datetime": "2021-09-29 07:44:48", "elapsed": 251.742816, "delta": 2.209437}}
{"target": -34.99559810721318, "params": {"C": 16709.21248579074, "gamma": 0.04989424417633341}, "datetime": {"datetime": "2021-09-29 07:44:51", "elapsed": 253.867518, "delta": 2.124702}}
{"target": -34.46178649461207, "params": {"C": 14942.43358555946, "gamma": 0.030150266952763422}, "datetime": {"datetime": "2021-09-29 07:44:52", "elapsed": 255.687351, "delta": 1.819833}}
{"target": -36.08351121769122, "params": {"C": 13879.054200822045, "gamma": 0.005817092643099342}, "datetime": {"datetime": "2021-09-29 07:44:55", "elapsed": 257.987669, "delta": 2.300318}}
{"target": -35.83576582351504, "params": {"C": 17901.4954490632, "gamma": 0.005982525646618768}, "datetime": {"datetime": "2021-09-29 07:44:58", "elapsed": 260.956394, "delta": 2.968725}}
{"target": -34.55331919938225, "params": {"C": 13756.079830254937, "gamma": 0.014627484655577214}, "datetime": {"datetime": "2021-09-29 07:45:00", "elapsed": 263.629245, "delta": 2.672851}}
{"target": -34.51802702651952, "params": {"C": 17159.320896366735, "gamma": 0.031915796330818084}, "datetime": {"datetime": "2021-09-29 07:45:02", "elapsed": 265.342247, "delta": 1.713002}}
{"target": -35.499976875348395, "params": {"C": 13341.118375531061, "gamma": 0.07041757442847152}, "datetime": {"datetime": "2021-09-29 07:45:04", "elapsed": 267.621042, "delta": 2.278795}}
{"target": -36.26398299799076, "params": {"C": 17996.02395701286, "gamma": 0.0893013020540216}, "datetime": {"datetime": "2021-09-29 07:45:06", "elapsed": 269.637731, "delta": 2.016689}}
{"target": -34.629797357220035, "params": {"C": 17538.280429920065, "gamma": 0.01201918978367361}, "datetime": {"datetime": "2021-09-29 07:45:09", "elapsed": 272.601025, "delta": 2.963294}}
{"target": -34.3502920101917, "params": {"C": 17937.713804137384, "gamma": 0.023010867864764105}, "datetime": {"datetime": "2021-09-29 07:45:11", "elapsed": 274.782794, "delta": 2.181769}}
{"target": -35.86693227369609, "params": {"C": 14865.518625847822, "gamma": 0.08065512088552926}, "datetime": {"datetime": "2021-09-29 07:45:14", "elapsed": 276.903476, "delta": 2.120682}}
{"target": -36.500968940934264, "params": {"C": 18405.099547915423, "gamma": 0.0979406076588659}, "datetime": {"datetime": "2021-09-29 07:45:16", "elapsed": 279.033547, "delta": 2.130071}}
{"target": -34.70652317394086, "params": {"C": 15552.093715682953, "gamma": 0.04168460664838042}, "datetime": {"datetime": "2021-09-29 07:45:18", "elapsed": 280.908922, "delta": 1.875375}}
{"target": -34.45102463168059, "params": {"C": 15002.800305795236, "gamma": 0.029540093705421017}, "datetime": {"datetime": "2021-09-29 07:45:20", "elapsed": 283.13087, "delta": 2.221948}}
{"target": -34.56990899351694, "params": {"C": 15003.363897955347, "gamma": 0.013747355278887506}, "datetime": {"datetime": "2021-09-29 07:45:23", "elapsed": 286.401319, "delta": 3.270449}}
{"target": -34.35819625965879, "params": {"C": 14942.389606706767, "gamma": 0.024417472354472745}, "datetime": {"datetime": "2021-09-29 07:45:26", "elapsed": 289.161726, "delta": 2.760407}}
{"target": -34.80912175135982, "params": {"C": 16143.546577923868, "gamma": 0.04485102881556993}, "datetime": {"datetime": "2021-09-29 07:45:28", "elapsed": 291.543909, "delta": 2.382183}}
{"target": -34.628648591787226, "params": {"C": 13147.72643540021, "gamma": 0.014066995135954719}, "datetime": {"datetime": "2021-09-29 07:45:30", "elapsed": 293.351037, "delta": 1.807128}}
{"target": -36.238537682201844, "params": {"C": 15087.12455109685, "gamma": 0.09559648358748542}, "datetime": {"datetime": "2021-09-29 07:45:32", "elapsed": 295.153265, "delta": 1.802228}}
{"target": -34.43538977056137, "params": {"C": 17331.065969054376, "gamma": 0.027621475495874886}, "datetime": {"datetime": "2021-09-29 07:45:35", "elapsed": 298.410897, "delta": 3.257632}}
{"target": -36.10428022142636, "params": {"C": 15827.361394776224, "gamma": 0.08797915301883648}, "datetime": {"datetime": "2021-09-29 07:45:37", "elapsed": 300.440929, "delta": 2.030032}}
{"target": -36.12636967463908, "params": {"C": 16054.076191790582, "gamma": 0.005251915974552983}, "datetime": {"datetime": "2021-09-29 07:45:39", "elapsed": 302.70093, "delta": 2.260001}}
{"target": -35.32224484848274, "params": {"C": 14680.932357244666, "gamma": 0.06225116492214894}, "datetime": {"datetime": "2021-09-29 07:45:41", "elapsed": 304.376237, "delta": 1.675307}}
{"target": -36.143673024209, "params": {"C": 14386.16560088378, "gamma": 0.09333116740362507}, "datetime": {"datetime": "2021-09-29 07:45:43", "elapsed": 306.385152, "delta": 2.008915}}
{"target": -35.319619464812305, "params": {"C": 14571.585840438915, "gamma": 0.008776369550126546}, "datetime": {"datetime": "2021-09-29 07:45:46", "elapsed": 308.980155, "delta": 2.595003}}
{"target": -35.54966199522746, "params": {"C": 13753.534507653325, "gamma": 0.00800050251479353}, "datetime": {"datetime": "2021-09-29 07:45:48", "elapsed": 311.726228, "delta": 2.746073}}
{"target": -34.81711655703034, "params": {"C": 18590.180674551448, "gamma": 0.043090199379605044}, "datetime": {"datetime": "2021-09-29 07:45:51", "elapsed": 314.192328, "delta": 2.4661}}
{"target": -34.95300952174203, "params": {"C": 16333.08507690339, "gamma": 0.0490212492054502}, "datetime": {"datetime": "2021-09-29 07:45:53", "elapsed": 316.176709, "delta": 1.984381}}
{"target": -35.68536503728119, "params": {"C": 15003.463131876224, "gamma": 0.007119641211813474}, "datetime": {"datetime": "2021-09-29 07:45:55", "elapsed": 318.743604, "delta": 2.566895}}
{"target": -35.88283362287743, "params": {"C": 16027.406983353218, "gamma": 0.07889642336782918}, "datetime": {"datetime": "2021-09-29 07:45:57", "elapsed": 320.688002, "delta": 1.944398}}
{"target": -36.399874353873244, "params": {"C": 16372.23548706246, "gamma": 0.0990205608602606}, "datetime": {"datetime": "2021-09-29 07:45:59", "elapsed": 322.768418, "delta": 2.080416}}
{"target": -35.224249904795506, "params": {"C": 15552.138638251297, "gamma": 0.05799537356383555}, "datetime": {"datetime": "2021-09-29 07:46:03", "elapsed": 326.212878, "delta": 3.44446}}
{"target": -34.488780398051745, "params": {"C": 17159.341615806272, "gamma": 0.01382441520016104}, "datetime": {"datetime": "2021-09-29 07:46:05", "elapsed": 328.808218, "delta": 2.59534}}
{"target": -34.81636935421804, "params": {"C": 15092.601437525773, "gamma": 0.01141378491527975}, "datetime": {"datetime": "2021-09-29 07:46:08", "elapsed": 331.166519, "delta": 2.358301}}
{"target": -34.57487701935263, "params": {"C": 15076.3455990109, "gamma": 0.03590653424351027}, "datetime": {"datetime": "2021-09-29 07:46:10", "elapsed": 333.246998, "delta": 2.080479}}
{"target": -34.40756996325172, "params": {"C": 15003.864500803955, "gamma": 0.01679546046707378}, "datetime": {"datetime": "2021-09-29 07:46:12", "elapsed": 335.433997, "delta": 2.186999}}
{"target": -34.34767612320839, "params": {"C": 13751.2335013034, "gamma": 0.024256009948681632}, "datetime": {"datetime": "2021-09-29 07:46:14", "elapsed": 337.801779, "delta": 2.367782}}
{"target": -35.055647478826806, "params": {"C": 14296.988204635147, "gamma": 0.054393459244955394}, "datetime": {"datetime": "2021-09-29 07:46:17", "elapsed": 339.85995, "delta": 2.058171}}
{"target": -35.70171628778875, "params": {"C": 15002.833944050846, "gamma": 0.007056101209078994}, "datetime": {"datetime": "2021-09-29 07:46:19", "elapsed": 342.546497, "delta": 2.686547}}
{"target": -35.308897381078424, "params": {"C": 17331.038231276594, "gamma": 0.05834263527333424}, "datetime": {"datetime": "2021-09-29 07:46:22", "elapsed": 345.430407, "delta": 2.88391}}
{"target": -34.4579987460762, "params": {"C": 14571.509520848578, "gamma": 0.030115979459838318}, "datetime": {"datetime": "2021-09-29 07:46:25", "elapsed": 347.92908, "delta": 2.498673}}
{"target": -35.210260693525655, "params": {"C": 14942.432137304293, "gamma": 0.058362260190567915}, "datetime": {"datetime": "2021-09-29 07:46:27", "elapsed": 350.827297, "delta": 2.898217}}
{"target": -34.46005883149106, "params": {"C": 13269.802232282234, "gamma": 0.030875482225911157}, "datetime": {"datetime": "2021-09-29 07:46:30", "elapsed": 353.793885, "delta": 2.966588}}
{"target": -34.72174397506762, "params": {"C": 13179.672560206902, "gamma": 0.044366255342157955}, "datetime": {"datetime": "2021-09-29 07:46:34", "elapsed": 357.53759, "delta": 3.743705}}
{"target": -35.40720283416461, "params": {"C": 16507.75409608727, "gamma": 0.06232970272221347}, "datetime": {"datetime": "2021-09-29 07:46:36", "elapsed": 359.254907, "delta": 1.717317}}
{"target": -34.53226412578062, "params": {"C": 13179.739071018123, "gamma": 0.015376161958418517}, "datetime": {"datetime": "2021-09-29 07:46:38", "elapsed": 361.085037, "delta": 1.83013}}
{"target": -34.37762710202771, "params": {"C": 18090.950810071714, "gamma": 0.015522582356567564}, "datetime": {"datetime": "2021-09-29 07:46:39", "elapsed": 362.74844, "delta": 1.663403}}
{"target": -34.567466992525794, "params": {"C": 16143.502968612334, "gamma": 0.03479674120290671}, "datetime": {"datetime": "2021-09-29 07:46:42", "elapsed": 365.31459, "delta": 2.56615}}
{"target": -35.28457688381579, "params": {"C": 17798.54681972779, "gamma": 0.057095512325305894}, "datetime": {"datetime": "2021-09-29 07:46:44", "elapsed": 366.980953, "delta": 1.666363}}
{"target": -35.84105890378587, "params": {"C": 14571.501652518275, "gamma": 0.08029852306651944}, "datetime": {"datetime": "2021-09-29 07:46:47", "elapsed": 369.91576, "delta": 2.934807}}
{"target": -35.57812887566031, "params": {"C": 13754.07752856546, "gamma": 0.07236795839069117}, "datetime": {"datetime": "2021-09-29 07:46:50", "elapsed": 373.374931, "delta": 3.459171}}
{"target": -35.04532359086728, "params": {"C": 16347.332974795681, "gamma": 0.009686028209160653}, "datetime": {"datetime": "2021-09-29 07:46:52", "elapsed": 375.325381, "delta": 1.95045}}
{"target": -35.58645734159158, "params": {"C": 13751.274712058559, "gamma": 0.00784814187431793}, "datetime": {"datetime": "2021-09-29 07:46:54", "elapsed": 377.791726, "delta": 2.466345}}
{"target": -34.40846513931859, "params": {"C": 13179.990737789129, "gamma": 0.028020698867513953}, "datetime": {"datetime": "2021-09-29 07:46:57", "elapsed": 380.468659, "delta": 2.676933}}
{"target": -35.36191640319818, "params": {"C": 18090.963501568767, "gamma": 0.059002998519181095}, "datetime": {"datetime": "2021-09-29 07:47:00", "elapsed": 383.43825, "delta": 2.969591}}
{"target": -34.34478849716296, "params": {"C": 15092.674701600241, "gamma": 0.018381275345893518}, "datetime": {"datetime": "2021-09-29 07:47:03", "elapsed": 386.379498, "delta": 2.941248}}
{"target": -34.77670976301107, "params": {"C": 14271.665500296986, "gamma": 0.045547903973857856}, "datetime": {"datetime": "2021-09-29 07:47:05", "elapsed": 388.357567, "delta": 1.978069}}
{"target": -35.564743109832456, "params": {"C": 18729.03757066187, "gamma": 0.06419772089312915}, "datetime": {"datetime": "2021-09-29 07:47:07", "elapsed": 390.29655, "delta": 1.938983}}
{"target": -35.31493588958736, "params": {"C": 13269.740371243464, "gamma": 0.06423457836451069}, "datetime": {"datetime": "2021-09-29 07:47:09", "elapsed": 392.798362, "delta": 2.501812}}
{"target": -34.53130135726221, "params": {"C": 13623.162762041438, "gamma": 0.015079678468406056}, "datetime": {"datetime": "2021-09-29 07:47:12", "elapsed": 395.217853, "delta": 2.419491}}
{"target": -34.321657276706624, "params": {"C": 17159.402324250805, "gamma": 0.021617777097089688}, "datetime": {"datetime": "2021-09-29 07:47:14", "elapsed": 397.815945, "delta": 2.598092}}
{"target": -34.91558962931289, "params": {"C": 17937.712922484927, "gamma": 0.04647707162122545}, "datetime": {"datetime": "2021-09-29 07:47:18", "elapsed": 401.343525, "delta": 3.52758}}
{"target": -34.6785107156942, "params": {"C": 17159.381974245225, "gamma": 0.039212323654314256}, "datetime": {"datetime": "2021-09-29 07:47:21", "elapsed": 404.068123, "delta": 2.724598}}
{"target": -36.094863203399356, "params": {"C": 15320.7208380308, "gamma": 0.08877504239489724}, "datetime": {"datetime": "2021-09-29 07:47:23", "elapsed": 406.041128, "delta": 1.973005}}
{"target": -34.47561238574347, "params": {"C": 13272.38836843601, "gamma": 0.03173777816625308}, "datetime": {"datetime": "2021-09-29 07:47:25", "elapsed": 407.986435, "delta": 1.945307}}
{"target": -36.09068246245498, "params": {"C": 14310.92696131129, "gamma": 0.09113825997104924}, "datetime": {"datetime": "2021-09-29 07:47:27", "elapsed": 410.225429, "delta": 2.238994}}
{"target": -35.4403248901588, "params": {"C": 15076.357165970268, "gamma": 0.0654390793971285}, "datetime": {"datetime": "2021-09-29 07:47:29", "elapsed": 412.508155, "delta": 2.282726}}
{"target": -34.63053030241009, "params": {"C": 17331.05338279203, "gamma": 0.012088947370446532}, "datetime": {"datetime": "2021-09-29 07:47:32", "elapsed": 415.11364, "delta": 2.605485}}
{"target": -35.569146335811816, "params": {"C": 13624.187942159559, "gamma": 0.07230214167057296}, "datetime": {"datetime": "2021-09-29 07:47:34", "elapsed": 417.5846, "delta": 2.47096}}
{"target": -34.56000243933012, "params": {"C": 18273.113812857962, "gamma": 0.012446660319373578}, "datetime": {"datetime": "2021-09-29 07:47:37", "elapsed": 420.257599, "delta": 2.672999}}
{"target": -34.446800804237704, "params": {"C": 15118.962377182077, "gamma": 0.029259833614296002}, "datetime": {"datetime": "2021-09-29 07:47:40", "elapsed": 423.290651, "delta": 3.033052}}
{"target": -36.258659811365916, "params": {"C": 14433.357411130984, "gamma": 0.09845584863805797}, "datetime": {"datetime": "2021-09-29 07:47:42", "elapsed": 425.733539, "delta": 2.442888}}
{"target": -34.361423073484275, "params": {"C": 17330.98915697595, "gamma": 0.023802055847798067}, "datetime": {"datetime": "2021-09-29 07:47:45", "elapsed": 428.49885, "delta": 2.765311}}
{"target": -34.92784285145948, "params": {"C": 17330.95468243045, "gamma": 0.04735462461214941}, "datetime": {"datetime": "2021-09-29 07:47:48", "elapsed": 431.541782, "delta": 3.042932}}
{"target": -34.70406610192483, "params": {"C": 13341.076065199333, "gamma": 0.04335659282571836}, "datetime": {"datetime": "2021-09-29 07:47:50", "elapsed": 433.738782, "delta": 2.197}}
{"target": -35.034121925492705, "params": {"C": 14940.711114851787, "gamma": 0.052946222575373784}, "datetime": {"datetime": "2021-09-29 07:47:53", "elapsed": 435.873712, "delta": 2.13493}}
{"target": -34.68132006921089, "params": {"C": 17331.099358520827, "gamma": 0.039224722786586445}, "datetime": {"datetime": "2021-09-29 07:47:56", "elapsed": 439.242777, "delta": 3.369065}}
{"target": -35.9635530533249, "params": {"C": 16083.986912311355, "gamma": 0.00584306517753527}, "datetime": {"datetime": "2021-09-29 07:47:58", "elapsed": 441.401359, "delta": 2.158582}}
{"target": -34.31631954524039, "params": {"C": 16358.173196947468, "gamma": 0.018185024901387438}, "datetime": {"datetime": "2021-09-29 07:48:00", "elapsed": 443.310985, "delta": 1.909626}}
{"target": -35.50023595748451, "params": {"C": 13751.262742928424, "gamma": 0.06966328963705434}, "datetime": {"datetime": "2021-09-29 07:48:03", "elapsed": 446.460586, "delta": 3.149601}}
{"target": -35.31511162307204, "params": {"C": 17330.960255134323, "gamma": 0.008091722401807047}, "datetime": {"datetime": "2021-09-29 07:48:06", "elapsed": 449.657625, "delta": 3.197039}}
{"target": -35.20743855847924, "params": {"C": 14285.49536628902, "gamma": 0.05917583925021519}, "datetime": {"datetime": "2021-09-29 07:48:08", "elapsed": 451.680704, "delta": 2.023079}}
{"target": -34.36156028149844, "params": {"C": 17331.653250114123, "gamma": 0.016328808229691537}, "datetime": {"datetime": "2021-09-29 07:48:11", "elapsed": 453.890281, "delta": 2.209577}}
{"target": -34.48036883915995, "params": {"C": 16717.93858142281, "gamma": 0.03020269367139929}, "datetime": {"datetime": "2021-09-29 07:48:13", "elapsed": 456.081746, "delta": 2.191465}}
{"target": -35.27368444955898, "params": {"C": 14942.367199147113, "gamma": 0.008906148397780221}, "datetime": {"datetime": "2021-09-29 07:48:16", "elapsed": 459.031647, "delta": 2.949901}}
{"target": -36.32856964281558, "params": {"C": 18170.437197670926, "gamma": 0.09149157399735036}, "datetime": {"datetime": "2021-09-29 07:48:18", "elapsed": 461.538679, "delta": 2.507032}}
{"target": -34.333980107851, "params": {"C": 17937.76858802071, "gamma": 0.016624652881071393}, "datetime": {"datetime": "2021-09-29 07:48:21", "elapsed": 464.310959, "delta": 2.77228}}
{"target": -35.08747142186725, "params": {"C": 17159.435772517798, "gamma": 0.05209972397341537}, "datetime": {"datetime": "2021-09-29 07:48:24", "elapsed": 467.034248, "delta": 2.723289}}
{"target": -34.80857246951787, "params": {"C": 15092.68590390938, "gamma": 0.045823859863451076}, "datetime": {"datetime": "2021-09-29 07:48:27", "elapsed": 470.410388, "delta": 3.37614}}
{"target": -34.36118270783047, "params": {"C": 16717.89751923363, "gamma": 0.023980276168931263}, "datetime": {"datetime": "2021-09-29 07:48:30", "elapsed": 473.426716, "delta": 3.016328}}
{"target": -34.44177789818388, "params": {"C": 14456.979514338018, "gamma": 0.029282190580862007}, "datetime": {"datetime": "2021-09-29 07:48:33", "elapsed": 475.873421, "delta": 2.446705}}
{"target": -34.74234903813808, "params": {"C": 18273.05488315924, "gamma": 0.0409072639126106}, "datetime": {"datetime": "2021-09-29 07:48:37", "elapsed": 480.325317, "delta": 4.451896}}
{"target": -36.195742027807384, "params": {"C": 15092.724545022058, "gamma": 0.005153458116450834}, "datetime": {"datetime": "2021-09-29 07:48:42", "elapsed": 484.85633, "delta": 4.531013}}
{"target": -34.478408298458326, "params": {"C": 18273.05554389947, "gamma": 0.013484894654239337}, "datetime": {"datetime": "2021-09-29 07:48:45", "elapsed": 488.714632, "delta": 3.858302}}
{"target": -34.67198424570485, "params": {"C": 14394.347424219395, "gamma": 0.04093567090454194}, "datetime": {"datetime": "2021-09-29 07:48:48", "elapsed": 491.388098, "delta": 2.673466}}
{"target": -35.334669902702004, "params": {"C": 13272.403176377367, "gamma": 0.009107062086832027}, "datetime": {"datetime": "2021-09-29 07:48:52", "elapsed": 495.230476, "delta": 3.842378}}
{"target": -34.65446143138742, "params": {"C": 13753.555852805897, "gamma": 0.0406186953632953}, "datetime": {"datetime": "2021-09-29 07:48:55", "elapsed": 498.62153, "delta": 3.391054}}
{"target": -34.301559920961274, "params": {"C": 15076.300632755021, "gamma": 0.019977265495698976}, "datetime": {"datetime": "2021-09-29 07:48:59", "elapsed": 502.374244, "delta": 3.752714}}
{"target": -34.349413336654244, "params": {"C": 13754.137345702398, "gamma": 0.0194812238841052}, "datetime": {"datetime": "2021-09-29 07:49:03", "elapsed": 506.394826, "delta": 4.020582}}
{"target": -35.92852954385371, "params": {"C": 15492.986376113491, "gamma": 0.08168285719575204}, "datetime": {"datetime": "2021-09-29 07:49:06", "elapsed": 509.316908, "delta": 2.922082}}
{"target": -34.68608945044303, "params": {"C": 16630.774742430647, "gamma": 0.03995335997712837}, "datetime": {"datetime": "2021-09-29 07:49:10", "elapsed": 513.662996, "delta": 4.346088}}
{"target": -34.78064445665526, "params": {"C": 15003.053290563937, "gamma": 0.044952829344003326}, "datetime": {"datetime": "2021-09-29 07:49:14", "elapsed": 517.577355, "delta": 3.914359}}
{"target": -34.31381665344864, "params": {"C": 15076.332893573908, "gamma": 0.021769451182263734}, "datetime": {"datetime": "2021-09-29 07:49:20", "elapsed": 522.858761, "delta": 5.281406}}
{"target": -34.59616722859317, "params": {"C": 17341.078224665234, "gamma": 0.03529189847638006}, "datetime": {"datetime": "2021-09-29 07:49:22", "elapsed": 525.510024, "delta": 2.651263}}
{"target": -35.08812224502099, "params": {"C": 15002.752399611183, "gamma": 0.05452319066858861}, "datetime": {"datetime": "2021-09-29 07:49:28", "elapsed": 531.078803, "delta": 5.568779}}
{"target": -34.30854685566945, "params": {"C": 15092.533987641264, "gamma": 0.0195024041115557}, "datetime": {"datetime": "2021-09-29 07:49:32", "elapsed": 534.932714, "delta": 3.853911}}
{"target": -35.45269794957094, "params": {"C": 13272.40012933156, "gamma": 0.06890508322322716}, "datetime": {"datetime": "2021-09-29 07:49:36", "elapsed": 539.604464, "delta": 4.67175}}
{"target": -35.157396446048935, "params": {"C": 14942.385458636847, "gamma": 0.0567265496135542}, "datetime": {"datetime": "2021-09-29 07:49:42", "elapsed": 545.466459, "delta": 5.861995}}
{"target": -34.63009386642905, "params": {"C": 17331.68899225407, "gamma": 0.03684038784892513}, "datetime": {"datetime": "2021-09-29 07:49:47", "elapsed": 550.132038, "delta": 4.665579}}
{"target": -34.818726356260974, "params": {"C": 13269.790105280537, "gamma": 0.0481408321529953}, "datetime": {"datetime": "2021-09-29 07:49:50", "elapsed": 553.136146, "delta": 3.004108}}
{"target": -36.31010452365307, "params": {"C": 18216.669288482517, "gamma": 0.09063819237442794}, "datetime": {"datetime": "2021-09-29 07:49:52", "elapsed": 555.703594, "delta": 2.567448}}
{"target": -35.44514922512859, "params": {"C": 13308.779573598453, "gamma": 0.008583778886721377}, "datetime": {"datetime": "2021-09-29 07:49:56", "elapsed": 558.860381, "delta": 3.156787}}
{"target": -35.294425256904105, "params": {"C": 13179.777463012739, "gamma": 0.06370009284820888}, "datetime": {"datetime": "2021-09-29 07:50:00", "elapsed": 563.042785, "delta": 4.182404}}
