{"target": -34.939542168847524, "params": {"C": 10438.87687662799, "gamma": 0.015719620600296864}, "datetime": {"datetime": "2021-09-28 19:40:46", "elapsed": 46.488828, "delta": 0.48122}}
{"target": -34.61997962691676, "params": {"C": 11761.050074424824, "gamma": 0.023717629694156164}, "datetime": {"datetime": "2021-09-28 19:40:47", "elapsed": 47.10782, "delta": 0.618992}}
{"target": -35.437722701051605, "params": {"C": 12007.137026004086, "gamma": 0.07067181365245237}, "datetime": {"datetime": "2021-09-28 19:40:47", "elapsed": 47.65144, "delta": 0.54362}}
{"target": -35.30575168141818, "params": {"C": 11893.110096378154, "gamma": 0.06524946749956295}, "datetime": {"datetime": "2021-09-28 19:40:48", "elapsed": 48.118437, "delta": 0.466997}}
{"target": -34.65827470368395, "params": {"C": 12700.303843939048, "gamma": 0.019520311939908812}, "datetime": {"datetime": "2021-09-28 19:40:48", "elapsed": 48.609778, "delta": 0.491341}}
{"target": -35.55002834664816, "params": {"C": 13759.992438448344, "gamma": 0.008969560724087316}, "datetime": {"datetime": "2021-09-28 19:40:49", "elapsed": 49.301776, "delta": 0.691998}}
{"target": -34.98758082672019, "params": {"C": 10320.57227423003, "gamma": 0.05010294305646607}, "datetime": {"datetime": "2021-09-28 19:40:49", "elapsed": 49.90177, "delta": 0.599994}}
{"target": -34.59936739072582, "params": {"C": 13826.989730300324, "gamma": 0.02116064412668042}, "datetime": {"datetime": "2021-09-28 19:40:50", "elapsed": 50.417253, "delta": 0.515483}}
{"target": -34.92805610847442, "params": {"C": 9559.538066553105, "gamma": 0.047434310500604156}, "datetime": {"datetime": "2021-09-28 19:40:50", "elapsed": 50.895257, "delta": 0.478004}}
{"target": -35.156767650269835, "params": {"C": 13765.04192624642, "gamma": 0.05583362613741474}, "datetime": {"datetime": "2021-09-28 19:40:51", "elapsed": 51.403252, "delta": 0.507995}}
{"target": -35.59830092784277, "params": {"C": 10377.949710332914, "gamma": 0.07895424891788448}, "datetime": {"datetime": "2021-09-28 19:40:51", "elapsed": 51.87726, "delta": 0.474008}}
{"target": -35.816596095791546, "params": {"C": 13945.803018805706, "gamma": 0.07997476903118537}, "datetime": {"datetime": "2021-09-28 19:40:52", "elapsed": 52.351407, "delta": 0.474147}}
{"target": -34.66631478460788, "params": {"C": 10712.095241986066, "gamma": 0.031827598434447}, "datetime": {"datetime": "2021-09-28 19:40:53", "elapsed": 52.976029, "delta": 0.624622}}
{"target": -34.983386438149715, "params": {"C": 11660.46593755421, "gamma": 0.04904350246880736}, "datetime": {"datetime": "2021-09-28 19:40:53", "elapsed": 53.54003, "delta": 0.564001}}
{"target": -35.026702839290344, "params": {"C": 11332.506480134409, "gamma": 0.014267012382642198}, "datetime": {"datetime": "2021-09-28 19:40:54", "elapsed": 54.152071, "delta": 0.612041}}
{"target": -35.53506750478434, "params": {"C": 11663.898819370417, "gamma": 0.0746312225867983}, "datetime": {"datetime": "2021-09-28 19:40:54", "elapsed": 54.697291, "delta": 0.54522}}
{"target": -34.73356243843231, "params": {"C": 11280.065053403032, "gamma": 0.036114744564152104}, "datetime": {"datetime": "2021-09-28 19:40:55", "elapsed": 55.232292, "delta": 0.535001}}
{"target": -36.058591529459264, "params": {"C": 12424.92395692465, "gamma": 0.005553324745387297}, "datetime": {"datetime": "2021-09-28 19:40:55", "elapsed": 55.739285, "delta": 0.506993}}
{"target": -35.329280082046765, "params": {"C": 11076.931805162447, "gamma": 0.06765384406274746}, "datetime": {"datetime": "2021-09-28 19:40:56", "elapsed": 56.275293, "delta": 0.536008}}
{"target": -35.0135215253177, "params": {"C": 12988.733332531478, "gamma": 0.04967681056834497}, "datetime": {"datetime": "2021-09-28 19:40:56", "elapsed": 56.829852, "delta": 0.554559}}
{"target": -35.59651541575438, "params": {"C": 9676.877822515307, "gamma": 0.07997262857400808}, "datetime": {"datetime": "2021-09-28 19:40:57", "elapsed": 57.42685, "delta": 0.596998}}
{"target": -34.74975491212953, "params": {"C": 11810.044939081414, "gamma": 0.036927921570995434}, "datetime": {"datetime": "2021-09-28 19:40:58", "elapsed": 58.039497, "delta": 0.612647}}
{"target": -34.62371569161785, "params": {"C": 13701.074803205433, "gamma": 0.028541944176319417}, "datetime": {"datetime": "2021-09-28 19:40:58", "elapsed": 58.618018, "delta": 0.578521}}
{"target": -34.60596151879194, "params": {"C": 11593.822993789418, "gamma": 0.02588347080183907}, "datetime": {"datetime": "2021-09-28 19:40:59", "elapsed": 59.170051, "delta": 0.552033}}
{"target": -35.16634296577684, "params": {"C": 12897.059597146894, "gamma": 0.05704459692123947}, "datetime": {"datetime": "2021-09-28 19:40:59", "elapsed": 59.708018, "delta": 0.537967}}
{"target": -34.97318561818827, "params": {"C": 9178.11131990076, "gamma": 0.05009939886657885}, "datetime": {"datetime": "2021-09-28 19:41:00", "elapsed": 60.241051, "delta": 0.533033}}
{"target": -34.76048310375614, "params": {"C": 10987.81284502307, "gamma": 0.03776658194564901}, "datetime": {"datetime": "2021-09-28 19:41:00", "elapsed": 60.782663, "delta": 0.541612}}
{"target": -34.591466010477525, "params": {"C": 12725.014806708883, "gamma": 0.023748431709153084}, "datetime": {"datetime": "2021-09-28 19:41:01", "elapsed": 61.488668, "delta": 0.706005}}
{"target": -34.83767605067683, "params": {"C": 9546.679938084817, "gamma": 0.04260283436483836}, "datetime": {"datetime": "2021-09-28 19:41:02", "elapsed": 62.026672, "delta": 0.538004}}
{"target": -35.0675924616916, "params": {"C": 11848.620652368085, "gamma": 0.05307329267875746}, "datetime": {"datetime": "2021-09-28 19:41:02", "elapsed": 62.570532, "delta": 0.54386}}
{"target": -35.06806792398443, "params": {"C": 13850.531383916947, "gamma": 0.05164817846005469}, "datetime": {"datetime": "2021-09-28 19:41:03", "elapsed": 63.177278, "delta": 0.606746}}
{"target": -34.594014041624774, "params": {"C": 12399.210843859366, "gamma": 0.024327702429193594}, "datetime": {"datetime": "2021-09-28 19:41:03", "elapsed": 63.755243, "delta": 0.577965}}
{"target": -35.70947785896037, "params": {"C": 9717.918252243173, "gamma": 0.008475672225698352}, "datetime": {"datetime": "2021-09-28 19:41:04", "elapsed": 64.330883, "delta": 0.57564}}
{"target": -35.7254447257251, "params": {"C": 12943.085524826936, "gamma": 0.07887775931896616}, "datetime": {"datetime": "2021-09-28 19:41:05", "elapsed": 65.039544, "delta": 0.708661}}
{"target": -34.852854730723756, "params": {"C": 13371.05724430465, "gamma": 0.041767332983525}, "datetime": {"datetime": "2021-09-28 19:41:05", "elapsed": 65.687546, "delta": 0.648002}}
{"target": -34.612882794160356, "params": {"C": 11214.383965412428, "gamma": 0.02590250536835885}, "datetime": {"datetime": "2021-09-28 19:41:06", "elapsed": 66.226542, "delta": 0.538996}}
{"target": -35.46926232035271, "params": {"C": 10437.965707550124, "gamma": 0.07450129500896517}, "datetime": {"datetime": "2021-09-28 19:41:06", "elapsed": 66.945362, "delta": 0.71882}}
{"target": -34.992188166326734, "params": {"C": 9396.367940229415, "gamma": 0.05097685859130593}, "datetime": {"datetime": "2021-09-28 19:41:07", "elapsed": 67.581975, "delta": 0.636613}}
{"target": -35.94424489608933, "params": {"C": 13912.52189686791, "gamma": 0.006248388189066624}, "datetime": {"datetime": "2021-09-28 19:41:08", "elapsed": 68.141975, "delta": 0.56}}
{"target": -35.44382756746083, "params": {"C": 13852.132862630302, "gamma": 0.06772717429470741}, "datetime": {"datetime": "2021-09-28 19:41:08", "elapsed": 68.711204, "delta": 0.569229}}
{"target": -35.090169226115215, "params": {"C": 10087.287628328344, "gamma": 0.05568177102059613}, "datetime": {"datetime": "2021-09-28 19:41:09", "elapsed": 69.497204, "delta": 0.786}}
{"target": -34.624430503273295, "params": {"C": 10717.813586234808, "gamma": 0.0274974475770112}, "datetime": {"datetime": "2021-09-28 19:41:10", "elapsed": 70.156004, "delta": 0.6588}}
{"target": -35.53895305904252, "params": {"C": 10273.290151566423, "gamma": 0.07706873858595027}, "datetime": {"datetime": "2021-09-28 19:41:10", "elapsed": 70.919671, "delta": 0.763667}}
{"target": -34.75051964001588, "params": {"C": 10946.439582122784, "gamma": 0.018414450015481525}, "datetime": {"datetime": "2021-09-28 19:41:11", "elapsed": 71.47767, "delta": 0.557999}}
{"target": -35.17916239379764, "params": {"C": 13879.369899707159, "gamma": 0.05678989097115436}, "datetime": {"datetime": "2021-09-28 19:41:12", "elapsed": 72.05567, "delta": 0.578}}
{"target": -34.85381995783538, "params": {"C": 10026.977382002531, "gamma": 0.043267472279280156}, "datetime": {"datetime": "2021-09-28 19:41:12", "elapsed": 72.690825, "delta": 0.635155}}
{"target": -34.582145895555826, "params": {"C": 13948.99808868546, "gamma": 0.02429613185199803}, "datetime": {"datetime": "2021-09-28 19:41:13", "elapsed": 73.393825, "delta": 0.703}}
{"target": -35.1051637033013, "params": {"C": 12799.033754185595, "gamma": 0.05416862689284891}, "datetime": {"datetime": "2021-09-28 19:41:14", "elapsed": 73.965829, "delta": 0.572004}}
{"target": -35.31366012155619, "params": {"C": 12269.771509059228, "gamma": 0.06519789442610592}, "datetime": {"datetime": "2021-09-28 19:41:14", "elapsed": 74.837364, "delta": 0.871535}}
{"target": -35.49762184394932, "params": {"C": 11625.975536839498, "gamma": 0.07339400526726884}, "datetime": {"datetime": "2021-09-28 19:41:15", "elapsed": 75.465362, "delta": 0.627998}}
{"target": -34.82529932287093, "params": {"C": 13508.067098339347, "gamma": 0.04033239735665152}, "datetime": {"datetime": "2021-09-28 19:41:16", "elapsed": 76.292364, "delta": 0.827002}}
{"target": -35.41373724085382, "params": {"C": 10343.720064123494, "gamma": 0.010832528253336894}, "datetime": {"datetime": "2021-09-28 19:41:17", "elapsed": 77.231098, "delta": 0.938734}}
{"target": -35.45130211980647, "params": {"C": 13698.748950848916, "gamma": 0.0682758171060925}, "datetime": {"datetime": "2021-09-28 19:41:17", "elapsed": 77.847728, "delta": 0.61663}}
{"target": -34.603669157489584, "params": {"C": 13088.152606380901, "gamma": 0.02212720429212684}, "datetime": {"datetime": "2021-09-28 19:41:18", "elapsed": 78.478168, "delta": 0.63044}}
{"target": -34.696622576966114, "params": {"C": 10409.864048161531, "gamma": 0.03392836819172721}, "datetime": {"datetime": "2021-09-28 19:41:19", "elapsed": 79.21517, "delta": 0.737002}}
{"target": -34.65231329495005, "params": {"C": 9706.445264036407, "gamma": 0.027205459623241914}, "datetime": {"datetime": "2021-09-28 19:41:19", "elapsed": 79.878173, "delta": 0.663003}}
{"target": -34.66727388083694, "params": {"C": 12962.251604332258, "gamma": 0.0315715874372467}, "datetime": {"datetime": "2021-09-28 19:41:20", "elapsed": 80.524167, "delta": 0.645994}}
{"target": -34.74900585910847, "params": {"C": 10563.49538372739, "gamma": 0.019029605552274134}, "datetime": {"datetime": "2021-09-28 19:41:21", "elapsed": 81.34517, "delta": 0.821003}}
{"target": -35.08515727612482, "params": {"C": 13280.461256117134, "gamma": 0.05284975579244941}, "datetime": {"datetime": "2021-09-28 19:41:22", "elapsed": 81.992168, "delta": 0.646998}}
{"target": -34.6572571511994, "params": {"C": 9296.181928233575, "gamma": 0.02867735002327222}, "datetime": {"datetime": "2021-09-28 19:41:22", "elapsed": 82.641935, "delta": 0.649767}}
{"target": -34.606054287419106, "params": {"C": 12370.545147675793, "gamma": 0.02645105651374991}, "datetime": {"datetime": "2021-09-28 19:41:23", "elapsed": 83.331933, "delta": 0.689998}}
{"target": -34.977408944839, "params": {"C": 13710.834513277576, "gamma": 0.04757004254317534}, "datetime": {"datetime": "2021-09-28 19:41:24", "elapsed": 84.09494, "delta": 0.763007}}
{"target": -34.712696003078456, "params": {"C": 9484.704394064682, "gamma": 0.03521003379161038}, "datetime": {"datetime": "2021-09-28 19:41:24", "elapsed": 84.73539, "delta": 0.64045}}
{"target": -35.25796809588101, "params": {"C": 10550.66219681128, "gamma": 0.06433817014829213}, "datetime": {"datetime": "2021-09-28 19:41:25", "elapsed": 85.395904, "delta": 0.660514}}
{"target": -34.706197683473775, "params": {"C": 9001.398396002262, "gamma": 0.024951874190538792}, "datetime": {"datetime": "2021-09-28 19:41:26", "elapsed": 86.051928, "delta": 0.656024}}
{"target": -35.10420444798166, "params": {"C": 11822.165283836304, "gamma": 0.054913238486607285}, "datetime": {"datetime": "2021-09-28 19:41:26", "elapsed": 86.687733, "delta": 0.635805}}
{"target": -35.24235888792494, "params": {"C": 9937.81556145225, "gamma": 0.06424778010977995}, "datetime": {"datetime": "2021-09-28 19:41:27", "elapsed": 87.392734, "delta": 0.705001}}
{"target": -35.1717475870003, "params": {"C": 13922.623477232046, "gamma": 0.05640376550917848}, "datetime": {"datetime": "2021-09-28 19:41:28", "elapsed": 88.046399, "delta": 0.653665}}
{"target": -34.943999656959676, "params": {"C": 10514.432478496894, "gamma": 0.04773011932280501}, "datetime": {"datetime": "2021-09-28 19:41:28", "elapsed": 88.72877, "delta": 0.682371}}
{"target": -35.489332515413466, "params": {"C": 12240.9986457794, "gamma": 0.00971572924767673}, "datetime": {"datetime": "2021-09-28 19:41:29", "elapsed": 89.524769, "delta": 0.795999}}
{"target": -35.141946455527275, "params": {"C": 9991.35409873508, "gamma": 0.0585710987993137}, "datetime": {"datetime": "2021-09-28 19:41:30", "elapsed": 90.508832, "delta": 0.984063}}
{"target": -35.70494124600203, "params": {"C": 12768.633785121638, "gamma": 0.07853582066758598}, "datetime": {"datetime": "2021-09-28 19:41:31", "elapsed": 91.558836, "delta": 1.050004}}
{"target": -35.3019707707842, "params": {"C": 12302.164503181459, "gamma": 0.06453698650599982}, "datetime": {"datetime": "2021-09-28 19:41:32", "elapsed": 92.323836, "delta": 0.765}}
{"target": -34.65750546068706, "params": {"C": 9843.439086676572, "gamma": 0.02596692412458159}, "datetime": {"datetime": "2021-09-28 19:41:33", "elapsed": 93.049642, "delta": 0.725806}}
{"target": -35.25103886327541, "params": {"C": 11153.789948131145, "gamma": 0.06320490868462986}, "datetime": {"datetime": "2021-09-28 19:41:33", "elapsed": 93.843637, "delta": 0.793995}}
{"target": -35.303917722403696, "params": {"C": 10245.147825823058, "gamma": 0.06738959269553975}, "datetime": {"datetime": "2021-09-28 19:41:34", "elapsed": 94.684061, "delta": 0.840424}}
{"target": -34.70997017897602, "params": {"C": 11920.287180583886, "gamma": 0.03448989812925375}, "datetime": {"datetime": "2021-09-28 19:41:35", "elapsed": 95.563062, "delta": 0.879001}}
{"target": -35.01421519109452, "params": {"C": 11138.899395059872, "gamma": 0.05091864179060422}, "datetime": {"datetime": "2021-09-28 19:41:36", "elapsed": 96.379061, "delta": 0.815999}}
{"target": -35.739645390335475, "params": {"C": 13058.089313838398, "gamma": 0.0791272959719713}, "datetime": {"datetime": "2021-09-28 19:41:37", "elapsed": 97.084251, "delta": 0.70519}}
{"target": -36.027067792584624, "params": {"C": 13049.960029821863, "gamma": 0.005755802950707521}, "datetime": {"datetime": "2021-09-28 19:41:37", "elapsed": 97.782082, "delta": 0.697831}}
{"target": -34.95031709906313, "params": {"C": 13993.236317055966, "gamma": 0.046178874566199825}, "datetime": {"datetime": "2021-09-28 19:41:38", "elapsed": 98.41308, "delta": 0.630998}}
{"target": -34.799216736088056, "params": {"C": 12022.863804949864, "gamma": 0.016855225984906474}, "datetime": {"datetime": "2021-09-28 19:41:39", "elapsed": 99.417566, "delta": 1.004486}}
{"target": -35.377696964529214, "params": {"C": 10913.569236481946, "gamma": 0.07028751502527163}, "datetime": {"datetime": "2021-09-28 19:41:40", "elapsed": 100.128568, "delta": 0.711002}}
{"target": -34.82848087808171, "params": {"C": 11632.449884278903, "gamma": 0.0412103938842178}, "datetime": {"datetime": "2021-09-28 19:41:40", "elapsed": 100.83078, "delta": 0.702212}}
{"target": -34.79612838289757, "params": {"C": 10680.858521032958, "gamma": 0.03983558066322743}, "datetime": {"datetime": "2021-09-28 19:41:41", "elapsed": 101.583781, "delta": 0.753001}}
{"target": -35.91158933942393, "params": {"C": 12859.245024064146, "gamma": 0.006535984230848092}, "datetime": {"datetime": "2021-09-28 19:41:42", "elapsed": 102.346783, "delta": 0.763002}}
{"target": -35.77324713505738, "params": {"C": 13677.897973207379, "gamma": 0.07903856722516184}, "datetime": {"datetime": "2021-09-28 19:41:43", "elapsed": 103.175768, "delta": 0.828985}}
{"target": -35.35745059000605, "params": {"C": 10812.23138677392, "gamma": 0.011232268291834994}, "datetime": {"datetime": "2021-09-28 19:41:44", "elapsed": 104.154811, "delta": 0.979043}}
{"target": -34.66259601717182, "params": {"C": 10116.119459560905, "gamma": 0.024474058802112456}, "datetime": {"datetime": "2021-09-28 19:41:44", "elapsed": 104.889096, "delta": 0.734285}}
{"target": -35.61335363739194, "params": {"C": 10625.782959869455, "gamma": 0.07909940042272433}, "datetime": {"datetime": "2021-09-28 19:41:45", "elapsed": 105.723051, "delta": 0.833955}}
{"target": -34.62937568339197, "params": {"C": 13484.37684323964, "gamma": 0.02895367350935459}, "datetime": {"datetime": "2021-09-28 19:41:46", "elapsed": 106.557574, "delta": 0.834523}}
{"target": -34.63767093228078, "params": {"C": 13749.958844842538, "gamma": 0.01921140173969542}, "datetime": {"datetime": "2021-09-28 19:41:47", "elapsed": 107.327574, "delta": 0.77}}
{"target": -34.67780315067753, "params": {"C": 12134.841182078282, "gamma": 0.019475854254889576}, "datetime": {"datetime": "2021-09-28 19:41:48", "elapsed": 108.080213, "delta": 0.752639}}
{"target": -35.180000450362684, "params": {"C": 12974.102238669275, "gamma": 0.05764009408795837}, "datetime": {"datetime": "2021-09-28 19:41:48", "elapsed": 108.872386, "delta": 0.792173}}
{"target": -34.6257027557298, "params": {"C": 13136.59763392639, "gamma": 0.020701146714498415}, "datetime": {"datetime": "2021-09-28 19:41:49", "elapsed": 109.811388, "delta": 0.939002}}
{"target": -34.67287755021715, "params": {"C": 10219.8035784343, "gamma": 0.023404108528090432}, "datetime": {"datetime": "2021-09-28 19:41:50", "elapsed": 110.697771, "delta": 0.886383}}
{"target": -34.590785277533264, "params": {"C": 12552.16249138214, "gamma": 0.02441562607641}, "datetime": {"datetime": "2021-09-28 19:41:51", "elapsed": 111.445774, "delta": 0.748003}}
{"target": -34.868349451416314, "params": {"C": 10998.648023697926, "gamma": 0.016405161084435925}, "datetime": {"datetime": "2021-09-28 19:41:52", "elapsed": 112.22778, "delta": 0.782006}}
{"target": -35.76149793528087, "params": {"C": 13895.91093366309, "gamma": 0.07823398119155033}, "datetime": {"datetime": "2021-09-28 19:41:53", "elapsed": 113.202608, "delta": 0.974828}}
{"target": -34.79904876398082, "params": {"C": 11486.67381455021, "gamma": 0.03969621056082799}, "datetime": {"datetime": "2021-09-28 19:41:54", "elapsed": 113.977601, "delta": 0.774993}}
{"target": -34.656321052369734, "params": {"C": 11213.997767377748, "gamma": 0.02218441260422303}, "datetime": {"datetime": "2021-09-28 19:41:54", "elapsed": 114.762809, "delta": 0.785208}}
{"target": -35.181584282284504, "params": {"C": 12325.795054435866, "gamma": 0.05832719917444838}, "datetime": {"datetime": "2021-09-28 19:41:55", "elapsed": 115.527114, "delta": 0.764305}}
{"target": -34.86406904862719, "params": {"C": 9692.410162832026, "gamma": 0.04395545423299609}, "datetime": {"datetime": "2021-09-28 19:41:56", "elapsed": 116.415117, "delta": 0.888003}}
{"target": -34.69974495464026, "params": {"C": 11092.330459779105, "gamma": 0.020229683239130786}, "datetime": {"datetime": "2021-09-28 19:41:57", "elapsed": 117.235332, "delta": 0.820215}}
{"target": -34.767136823635056, "params": {"C": 10801.726134064762, "gamma": 0.038195596988638426}, "datetime": {"datetime": "2021-09-28 19:41:58", "elapsed": 118.031997, "delta": 0.796665}}
{"target": -36.30882067599342, "params": {"C": 13318.252055765184, "gamma": 0.0034107614044105233}, "datetime": {"datetime": "2021-09-28 19:41:58", "elapsed": 118.749932, "delta": 0.717935}}
{"target": -34.7651382352797, "params": {"C": 11049.487963009888, "gamma": 0.03800308942748575}, "datetime": {"datetime": "2021-09-28 19:41:59", "elapsed": 119.497937, "delta": 0.748005}}
{"target": -34.729624203172996, "params": {"C": 12020.956447005063, "gamma": 0.03569497233171077}, "datetime": {"datetime": "2021-09-28 19:42:00", "elapsed": 120.271936, "delta": 0.773999}}
{"target": -34.844975759608445, "params": {"C": 10477.608343413447, "gamma": 0.017054313426654578}, "datetime": {"datetime": "2021-09-28 19:42:01", "elapsed": 121.062756, "delta": 0.79082}}
{"target": -35.05355162985231, "params": {"C": 11767.280216113151, "gamma": 0.0524391596831833}, "datetime": {"datetime": "2021-09-28 19:42:02", "elapsed": 122.207755, "delta": 1.144999}}
{"target": -34.76341197503184, "params": {"C": 9860.831068882919, "gamma": 0.038319813018538845}, "datetime": {"datetime": "2021-09-28 19:42:03", "elapsed": 123.122225, "delta": 0.91447}}
{"target": -35.487130007765124, "params": {"C": 13916.194477849418, "gamma": 0.06927631086112576}, "datetime": {"datetime": "2021-09-28 19:42:04", "elapsed": 124.056221, "delta": 0.933996}}
{"target": -35.25576126314612, "params": {"C": 10655.99242385734, "gamma": 0.06408026793472338}, "datetime": {"datetime": "2021-09-28 19:42:04", "elapsed": 124.871827, "delta": 0.815606}}
{"target": -35.21789923706354, "params": {"C": 13280.603476788112, "gamma": 0.05919954524064385}, "datetime": {"datetime": "2021-09-28 19:42:05", "elapsed": 125.685831, "delta": 0.814004}}
{"target": -35.32111908404781, "params": {"C": 13791.1821573706, "gamma": 0.06316929231561154}, "datetime": {"datetime": "2021-09-28 19:42:06", "elapsed": 126.770506, "delta": 1.084675}}
{"target": -34.75946130283868, "params": {"C": 10913.682251251874, "gamma": 0.01814558305771082}, "datetime": {"datetime": "2021-09-28 19:42:07", "elapsed": 127.641203, "delta": 0.870697}}
{"target": -35.68860188369727, "params": {"C": 13882.803845219001, "gamma": 0.07589804894440152}, "datetime": {"datetime": "2021-09-28 19:42:08", "elapsed": 128.521208, "delta": 0.880005}}
