{"target": -35.10262369875512, "params": {"C": 3998.7049483353267, "gamma": 0.043133867256378806}, "datetime": {"datetime": "2021-09-28 15:41:49", "elapsed": 713.84892, "delta": 3.672947}}
{"target": -35.18327168104942, "params": {"C": 3855.9777608790273, "gamma": 0.02033124187377845}, "datetime": {"datetime": "2021-09-28 15:41:54", "elapsed": 718.788628, "delta": 4.939708}}
{"target": -35.167954423061, "params": {"C": 3743.1611583022705, "gamma": 0.04468424796521961}, "datetime": {"datetime": "2021-09-28 15:41:57", "elapsed": 722.036207, "delta": 3.247579}}
{"target": -35.105945480732146, "params": {"C": 3794.6452602047752, "gamma": 0.02554245135628548}, "datetime": {"datetime": "2021-09-28 15:42:00", "elapsed": 724.518614, "delta": 2.482407}}
{"target": -35.21131927444488, "params": {"C": 3367.5530459906427, "gamma": 0.022272402961532586}, "datetime": {"datetime": "2021-09-28 15:42:02", "elapsed": 726.661778, "delta": 2.143164}}
{"target": -35.120497596861995, "params": {"C": 3887.5831512629316, "gamma": 0.02313426370050713}, "datetime": {"datetime": "2021-09-28 15:42:07", "elapsed": 731.355698, "delta": 4.69392}}
{"target": -35.72801326764164, "params": {"C": 3890.6308045629507, "gamma": 0.009356892914564898}, "datetime": {"datetime": "2021-09-28 15:42:10", "elapsed": 734.43189, "delta": 3.076192}}
{"target": -35.193004833954866, "params": {"C": 3141.0786995648937, "gamma": 0.026720984419486914}, "datetime": {"datetime": "2021-09-28 15:42:12", "elapsed": 736.552083, "delta": 2.120193}}
{"target": -35.24543700684995, "params": {"C": 3855.873827860849, "gamma": 0.05124315328911672}, "datetime": {"datetime": "2021-09-28 15:42:16", "elapsed": 740.358206, "delta": 3.806123}}
{"target": -35.118348502856094, "params": {"C": 3792.4382636972823, "gamma": 0.04035620968999781}, "datetime": {"datetime": "2021-09-28 15:42:18", "elapsed": 743.227096, "delta": 2.86889}}
{"target": -35.32540915186429, "params": {"C": 3518.7459990558314, "gamma": 0.052263906815442275}, "datetime": {"datetime": "2021-09-28 15:42:22", "elapsed": 746.352082, "delta": 3.124986}}
{"target": -35.31690938059891, "params": {"C": 3442.878772475426, "gamma": 0.05073385614631767}, "datetime": {"datetime": "2021-09-28 15:42:26", "elapsed": 750.558451, "delta": 4.206369}}
{"target": -35.1042281945568, "params": {"C": 3989.80432761427, "gamma": 0.04312292625088866}, "datetime": {"datetime": "2021-09-28 15:42:30", "elapsed": 754.649994, "delta": 4.091543}}
{"target": -35.19911112009614, "params": {"C": 3122.61407215127, "gamma": 0.026058295770440755}, "datetime": {"datetime": "2021-09-28 15:42:32", "elapsed": 756.952522, "delta": 2.302528}}
{"target": -35.50747843600172, "params": {"C": 3584.2540103462434, "gamma": 0.013474473077818187}, "datetime": {"datetime": "2021-09-28 15:42:35", "elapsed": 759.47474, "delta": 2.522218}}
{"target": -35.70059293801677, "params": {"C": 3316.5501068408294, "gamma": 0.06927508243396777}, "datetime": {"datetime": "2021-09-28 15:42:37", "elapsed": 761.637025, "delta": 2.162285}}
{"target": -35.65920526349324, "params": {"C": 3167.2501418998627, "gamma": 0.01105054088870389}, "datetime": {"datetime": "2021-09-28 15:42:39", "elapsed": 763.756631, "delta": 2.119606}}
{"target": -35.25968865559129, "params": {"C": 3794.6201176395653, "gamma": 0.017850818304265638}, "datetime": {"datetime": "2021-09-28 15:42:42", "elapsed": 766.474289, "delta": 2.717658}}
{"target": -35.055428483205084, "params": {"C": 3887.6654713233065, "gamma": 0.030254490591887038}, "datetime": {"datetime": "2021-09-28 15:42:46", "elapsed": 770.840945, "delta": 4.366656}}
{"target": -35.43174992098766, "params": {"C": 3710.4043174618564, "gamma": 0.014726870154403243}, "datetime": {"datetime": "2021-09-28 15:42:50", "elapsed": 774.406518, "delta": 3.565573}}
{"target": -35.98655089368791, "params": {"C": 3342.4122378122224, "gamma": 0.0064898144086394305}, "datetime": {"datetime": "2021-09-28 15:42:53", "elapsed": 777.48882, "delta": 3.082302}}
{"target": -35.084745657148, "params": {"C": 3925.922907045726, "gamma": 0.02589987202090021}, "datetime": {"datetime": "2021-09-28 15:42:55", "elapsed": 779.635566, "delta": 2.146746}}
{"target": -35.33788637928989, "params": {"C": 3343.584805938607, "gamma": 0.01718171076119836}, "datetime": {"datetime": "2021-09-28 15:42:58", "elapsed": 782.357392, "delta": 2.721826}}
{"target": -35.21002816537933, "params": {"C": 3080.9665269622456, "gamma": 0.03181746224095463}, "datetime": {"datetime": "2021-09-28 15:43:00", "elapsed": 784.708727, "delta": 2.351335}}
{"target": -35.080625401800866, "params": {"C": 3849.2519840974264, "gamma": 0.036988996400087695}, "datetime": {"datetime": "2021-09-28 15:43:02", "elapsed": 786.893978, "delta": 2.185251}}
{"target": -35.26795187056628, "params": {"C": 3849.2405169800345, "gamma": 0.017583917600231366}, "datetime": {"datetime": "2021-09-28 15:43:06", "elapsed": 790.516766, "delta": 3.622788}}
{"target": -35.21713401369745, "params": {"C": 3794.6313058791834, "gamma": 0.04859472053838225}, "datetime": {"datetime": "2021-09-28 15:43:09", "elapsed": 793.763288, "delta": 3.246522}}
{"target": -35.29255014898632, "params": {"C": 3887.658551619951, "gamma": 0.01704531079528995}, "datetime": {"datetime": "2021-09-28 15:43:14", "elapsed": 798.310307, "delta": 4.547019}}
{"target": -35.13432387015574, "params": {"C": 3679.8704730767518, "gamma": 0.02411283099212729}, "datetime": {"datetime": "2021-09-28 15:43:17", "elapsed": 801.411704, "delta": 3.101397}}
{"target": -35.21543620953098, "params": {"C": 3450.046803100663, "gamma": 0.04340547176298926}, "datetime": {"datetime": "2021-09-28 15:43:19", "elapsed": 803.687383, "delta": 2.275679}}
{"target": -35.22053415139113, "params": {"C": 3887.6841721615583, "gamma": 0.04995777379975253}, "datetime": {"datetime": "2021-09-28 15:43:22", "elapsed": 806.573263, "delta": 2.88588}}
{"target": -35.528253085195715, "params": {"C": 3342.4306980948486, "gamma": 0.06137163143592206}, "datetime": {"datetime": "2021-09-28 15:43:25", "elapsed": 809.495393, "delta": 2.92213}}
{"target": -35.162797150461984, "params": {"C": 3679.8435861066196, "gamma": 0.0428716277247764}, "datetime": {"datetime": "2021-09-28 15:43:28", "elapsed": 813.165038, "delta": 3.669645}}
{"target": -35.14803891812635, "params": {"C": 3849.2330320420615, "gamma": 0.04459014743605296}, "datetime": {"datetime": "2021-09-28 15:43:32", "elapsed": 816.622515, "delta": 3.457477}}
{"target": -35.641299674161985, "params": {"C": 3062.5978959393656, "gamma": 0.011487492132656565}, "datetime": {"datetime": "2021-09-28 15:43:34", "elapsed": 818.721149, "delta": 2.098634}}
{"target": -35.45565285265063, "params": {"C": 3849.267966609107, "gamma": 0.06291212034553866}, "datetime": {"datetime": "2021-09-28 15:43:37", "elapsed": 822.152149, "delta": 3.431}}
{"target": -35.06039083915757, "params": {"C": 3998.766080660961, "gamma": 0.027452112465362728}, "datetime": {"datetime": "2021-09-28 15:43:41", "elapsed": 825.638238, "delta": 3.486089}}
{"target": -35.90019636377644, "params": {"C": 3925.9096556946206, "gamma": 0.00704960697896027}, "datetime": {"datetime": "2021-09-28 15:43:44", "elapsed": 829.224957, "delta": 3.586719}}
{"target": -35.173863674842565, "params": {"C": 3498.11890755786, "gamma": 0.04011370147911079}, "datetime": {"datetime": "2021-09-28 15:43:47", "elapsed": 831.472054, "delta": 2.247097}}
{"target": -36.177924559363355, "params": {"C": 3965.4168104715754, "gamma": 0.004209241223639295}, "datetime": {"datetime": "2021-09-28 15:43:50", "elapsed": 835.264001, "delta": 3.791947}}
{"target": -35.41768688082224, "params": {"C": 3834.3167137183577, "gamma": 0.014823024488131956}, "datetime": {"datetime": "2021-09-28 15:43:54", "elapsed": 839.160683, "delta": 3.896682}}
{"target": -35.26786424199746, "params": {"C": 3456.0352005549785, "gamma": 0.018737394726008737}, "datetime": {"datetime": "2021-09-28 15:43:57", "elapsed": 841.678047, "delta": 2.517364}}
{"target": -35.10343459319588, "params": {"C": 3925.9271875807062, "gamma": 0.041597378330940786}, "datetime": {"datetime": "2021-09-28 15:44:01", "elapsed": 845.632009, "delta": 3.953962}}
{"target": -35.05833882610054, "params": {"C": 3859.772202680612, "gamma": 0.030824055112419882}, "datetime": {"datetime": "2021-09-28 15:44:05", "elapsed": 849.478224, "delta": 3.846215}}
{"target": -35.55183265041157, "params": {"C": 3309.142448635298, "gamma": 0.06218314869414196}, "datetime": {"datetime": "2021-09-28 15:44:07", "elapsed": 852.043709, "delta": 2.565485}}
{"target": -35.051372276356055, "params": {"C": 3901.5924493954276, "gamma": 0.032731786894532815}, "datetime": {"datetime": "2021-09-28 15:44:11", "elapsed": 856.20782, "delta": 4.164111}}
{"target": -35.06775126560097, "params": {"C": 3925.9421087289147, "gamma": 0.027816958262114812}, "datetime": {"datetime": "2021-09-28 15:44:16", "elapsed": 860.707216, "delta": 4.499396}}
{"target": -35.954152309517795, "params": {"C": 3893.204253108043, "gamma": 0.006489999258571579}, "datetime": {"datetime": "2021-09-28 15:44:18", "elapsed": 863.240243, "delta": 2.533027}}
{"target": -35.2024742963365, "params": {"C": 3901.5793788534065, "gamma": 0.04890617468046228}, "datetime": {"datetime": "2021-09-28 15:44:24", "elapsed": 868.601363, "delta": 5.36112}}
{"target": -35.14918552170158, "params": {"C": 3945.920927866957, "gamma": 0.0458053113144135}, "datetime": {"datetime": "2021-09-28 15:44:27", "elapsed": 871.828534, "delta": 3.227171}}
{"target": -35.06370109990449, "params": {"C": 3998.790725309708, "gamma": 0.038290887821135114}, "datetime": {"datetime": "2021-09-28 15:44:32", "elapsed": 876.744129, "delta": 4.915595}}
{"target": -35.93595386153777, "params": {"C": 3998.7896443129816, "gamma": 0.006622458506877742}, "datetime": {"datetime": "2021-09-28 15:44:36", "elapsed": 880.564086, "delta": 3.819957}}
{"target": -35.83357611190563, "params": {"C": 3763.8039450102747, "gamma": 0.007981277875979595}, "datetime": {"datetime": "2021-09-28 15:44:42", "elapsed": 886.806148, "delta": 6.242062}}
{"target": -35.72224890247353, "params": {"C": 3597.172149432651, "gamma": 0.07353386160109679}, "datetime": {"datetime": "2021-09-28 15:44:44", "elapsed": 889.235923, "delta": 2.429775}}
{"target": -35.11021219644196, "params": {"C": 3657.392486391833, "gamma": 0.036328462987420485}, "datetime": {"datetime": "2021-09-28 15:44:47", "elapsed": 891.689175, "delta": 2.453252}}
{"target": -35.338681685699434, "params": {"C": 3399.8082295708373, "gamma": 0.05157414531199938}, "datetime": {"datetime": "2021-09-28 15:44:49", "elapsed": 894.050857, "delta": 2.361682}}
{"target": -35.08050314290844, "params": {"C": 3998.768434354889, "gamma": 0.04046145805432006}, "datetime": {"datetime": "2021-09-28 15:44:53", "elapsed": 897.851075, "delta": 3.800218}}
{"target": -36.27712570797807, "params": {"C": 3972.2187522131303, "gamma": 0.003297659426484729}, "datetime": {"datetime": "2021-09-28 15:44:55", "elapsed": 900.146915, "delta": 2.29584}}
{"target": -35.15096459764156, "params": {"C": 3763.7669654094743, "gamma": 0.022459711535874883}, "datetime": {"datetime": "2021-09-28 15:44:59", "elapsed": 903.575962, "delta": 3.429047}}
{"target": -35.12603899018452, "params": {"C": 3604.2209456122787, "gamma": 0.026340119750395408}, "datetime": {"datetime": "2021-09-28 15:45:03", "elapsed": 907.642146, "delta": 4.066184}}
{"target": -35.14037792664569, "params": {"C": 3763.778263393658, "gamma": 0.042245006345085614}, "datetime": {"datetime": "2021-09-28 15:45:06", "elapsed": 911.116991, "delta": 3.474845}}
{"target": -35.26984168396181, "params": {"C": 3794.6580221477398, "gamma": 0.05211564338388731}, "datetime": {"datetime": "2021-09-28 15:45:10", "elapsed": 914.545064, "delta": 3.428073}}
{"target": -35.05936256228802, "params": {"C": 3965.4561434382854, "gamma": 0.03690190621176736}, "datetime": {"datetime": "2021-09-28 15:45:13", "elapsed": 917.849994, "delta": 3.30493}}
{"target": -35.49322221791202, "params": {"C": 3965.460840565415, "gamma": 0.06579587229543149}, "datetime": {"datetime": "2021-09-28 15:45:17", "elapsed": 921.82183, "delta": 3.971836}}
{"target": -35.11087901841526, "params": {"C": 3794.935527373748, "gamma": 0.02500001135803897}, "datetime": {"datetime": "2021-09-28 15:45:20", "elapsed": 924.302788, "delta": 2.480958}}
{"target": -35.55417124411433, "params": {"C": 3825.389466083609, "gamma": 0.012411702940320683}, "datetime": {"datetime": "2021-09-28 15:45:22", "elapsed": 926.894374, "delta": 2.591586}}
{"target": -35.087665601349066, "params": {"C": 3713.8876077826676, "gamma": 0.03475341135190462}, "datetime": {"datetime": "2021-09-28 15:45:26", "elapsed": 931.037088, "delta": 4.142714}}
{"target": -35.146346485184445, "params": {"C": 3965.4608523121697, "gamma": 0.021339052742018663}, "datetime": {"datetime": "2021-09-28 15:45:30", "elapsed": 934.472185, "delta": 3.435097}}
{"target": -35.54520244617987, "params": {"C": 3743.138388307418, "gamma": 0.0663632453454983}, "datetime": {"datetime": "2021-09-28 15:45:35", "elapsed": 940.151745, "delta": 5.67956}}
{"target": -36.238860431198745, "params": {"C": 3733.127047883391, "gamma": 0.0037486062734451587}, "datetime": {"datetime": "2021-09-28 15:45:38", "elapsed": 942.689215, "delta": 2.53747}}
{"target": -35.46746744795621, "params": {"C": 3999.315936272054, "gamma": 0.06482626816110854}, "datetime": {"datetime": "2021-09-28 15:45:42", "elapsed": 946.898095, "delta": 4.20888}}
{"target": -35.370282299902364, "params": {"C": 3998.808169874055, "gamma": 0.06004954669438203}, "datetime": {"datetime": "2021-09-28 15:45:46", "elapsed": 950.945343, "delta": 4.047248}}
{"target": -35.21008104642679, "params": {"C": 3679.868236952146, "gamma": 0.0467300732251527}, "datetime": {"datetime": "2021-09-28 15:45:50", "elapsed": 955.17898, "delta": 4.233637}}
{"target": -35.1793491614481, "params": {"C": 3901.569040759257, "gamma": 0.020253925315114742}, "datetime": {"datetime": "2021-09-28 15:45:56", "elapsed": 961.186432, "delta": 6.007452}}
{"target": -35.138864727326585, "params": {"C": 3448.514229729516, "gamma": 0.027897982037375254}, "datetime": {"datetime": "2021-09-28 15:45:59", "elapsed": 963.617639, "delta": 2.431207}}
{"target": -35.73369029360753, "params": {"C": 3087.2623270274967, "gamma": 0.009909242321653314}, "datetime": {"datetime": "2021-09-28 15:46:02", "elapsed": 966.374382, "delta": 2.756743}}
{"target": -36.13457908746005, "params": {"C": 3794.9357117709706, "gamma": 0.004704699480237256}, "datetime": {"datetime": "2021-09-28 15:46:07", "elapsed": 971.530922, "delta": 5.15654}}
{"target": -35.06046546739929, "params": {"C": 3998.633045778463, "gamma": 0.02744581594490774}, "datetime": {"datetime": "2021-09-28 15:46:12", "elapsed": 976.98926, "delta": 5.458338}}
{"target": -35.418747800822835, "params": {"C": 3657.3774111668267, "gamma": 0.059187579080658664}, "datetime": {"datetime": "2021-09-28 15:46:16", "elapsed": 980.360372, "delta": 3.371112}}
{"target": -35.25786757669479, "params": {"C": 3713.9014443558526, "gamma": 0.018051558502666452}, "datetime": {"datetime": "2021-09-28 15:46:21", "elapsed": 985.414558, "delta": 5.054186}}
{"target": -35.35358141268106, "params": {"C": 3887.656509151316, "gamma": 0.05810337381448171}, "datetime": {"datetime": "2021-09-28 15:46:24", "elapsed": 988.744168, "delta": 3.32961}}
{"target": -35.21208923468277, "params": {"C": 3305.306165143786, "gamma": 0.03998310935689349}, "datetime": {"datetime": "2021-09-28 15:46:27", "elapsed": 991.382028, "delta": 2.63786}}
{"target": -35.20948301467455, "params": {"C": 3794.9615011189985, "gamma": 0.04808642137560829}, "datetime": {"datetime": "2021-09-28 15:46:30", "elapsed": 994.7483, "delta": 3.366272}}
{"target": -35.13381426205338, "params": {"C": 3407.9772870634565, "gamma": 0.030563127116603632}, "datetime": {"datetime": "2021-09-28 15:46:32", "elapsed": 997.288581, "delta": 2.540281}}
{"target": -35.07320461698508, "params": {"C": 3794.93192328395, "gamma": 0.03471351487521757}, "datetime": {"datetime": "2021-09-28 15:46:37", "elapsed": 1001.599855, "delta": 4.311274}}
{"target": -35.26327732374944, "params": {"C": 3744.9811041756916, "gamma": 0.017880031691128506}, "datetime": {"datetime": "2021-09-28 15:46:41", "elapsed": 1005.325188, "delta": 3.725333}}
{"target": -35.08130341988219, "params": {"C": 3874.1676747861875, "gamma": 0.027090235749404525}, "datetime": {"datetime": "2021-09-28 15:46:44", "elapsed": 1008.586629, "delta": 3.261441}}
{"target": -35.689961076626254, "params": {"C": 3823.811466235379, "gamma": 0.07413934175323174}, "datetime": {"datetime": "2021-09-28 15:46:47", "elapsed": 1011.299794, "delta": 2.713165}}
{"target": -35.11334705708972, "params": {"C": 3853.055774855231, "gamma": 0.04112981112706644}, "datetime": {"datetime": "2021-09-28 15:46:51", "elapsed": 1015.334851, "delta": 4.035057}}
{"target": -35.23599206260548, "params": {"C": 3604.2407002748355, "gamma": 0.047513198164358963}, "datetime": {"datetime": "2021-09-28 15:46:56", "elapsed": 1020.810055, "delta": 5.475204}}
{"target": -35.39663860478157, "params": {"C": 3888.885731885212, "gamma": 0.06033782558592637}, "datetime": {"datetime": "2021-09-28 15:47:01", "elapsed": 1025.799234, "delta": 4.989179}}
{"target": -35.11173106109485, "params": {"C": 3998.6235777469446, "gamma": 0.04383297381735335}, "datetime": {"datetime": "2021-09-28 15:47:06", "elapsed": 1030.524262, "delta": 4.725028}}
{"target": -35.51745050235945, "params": {"C": 3657.3802850675256, "gamma": 0.013216203181023872}, "datetime": {"datetime": "2021-09-28 15:47:09", "elapsed": 1034.192064, "delta": 3.667802}}
{"target": -35.14308089731542, "params": {"C": 3925.9580460317793, "gamma": 0.04515193954824923}, "datetime": {"datetime": "2021-09-28 15:47:17", "elapsed": 1041.365875, "delta": 7.173811}}
{"target": -35.132811736970325, "params": {"C": 3965.4356433669805, "gamma": 0.04490781130473131}, "datetime": {"datetime": "2021-09-28 15:47:20", "elapsed": 1045.047893, "delta": 3.682018}}
{"target": -35.104353825831964, "params": {"C": 3942.139925791727, "gamma": 0.04207121181587791}, "datetime": {"datetime": "2021-09-28 15:47:24", "elapsed": 1048.827147, "delta": 3.779254}}
{"target": -35.05425487218485, "params": {"C": 3886.3842344680133, "gamma": 0.03138358931270373}, "datetime": {"datetime": "2021-09-28 15:47:30", "elapsed": 1054.409935, "delta": 5.582788}}
{"target": -35.35394940701095, "params": {"C": 3925.972956059454, "gamma": 0.01584892071443857}, "datetime": {"datetime": "2021-09-28 15:47:35", "elapsed": 1060.005965, "delta": 5.59603}}
{"target": -35.33907320498055, "params": {"C": 3860.585350405504, "gamma": 0.056989060894215404}, "datetime": {"datetime": "2021-09-28 15:47:39", "elapsed": 1063.369011, "delta": 3.363046}}
{"target": -35.18654453863425, "params": {"C": 3456.0636260892434, "gamma": 0.022975616687529708}, "datetime": {"datetime": "2021-09-28 15:47:44", "elapsed": 1068.605029, "delta": 5.236018}}
{"target": -36.322711374532304, "params": {"C": 3886.3749587196, "gamma": 0.003016151777940058}, "datetime": {"datetime": "2021-09-28 15:47:50", "elapsed": 1074.471217, "delta": 5.866188}}
{"target": -35.37999571949332, "params": {"C": 3315.9717458899318, "gamma": 0.05310815183456126}, "datetime": {"datetime": "2021-09-28 15:47:54", "elapsed": 1078.392592, "delta": 3.921375}}
{"target": -35.78805580657738, "params": {"C": 3942.1499686212587, "gamma": 0.07924044582686798}, "datetime": {"datetime": "2021-09-28 15:48:05", "elapsed": 1089.796866, "delta": 11.404274}}
{"target": -36.31018537809386, "params": {"C": 3998.6244787139876, "gamma": 0.0030285483144323827}, "datetime": {"datetime": "2021-09-28 15:48:10", "elapsed": 1094.778909, "delta": 4.982043}}
{"target": -35.189880969396796, "params": {"C": 3886.367261066015, "gamma": 0.047870112487460356}, "datetime": {"datetime": "2021-09-28 15:48:14", "elapsed": 1099.131919, "delta": 4.35301}}
{"target": -35.911986356621306, "params": {"C": 3515.2120765348495, "gamma": 0.0071656808501753995}, "datetime": {"datetime": "2021-09-28 15:48:18", "elapsed": 1102.72576, "delta": 3.593841}}
{"target": -35.04667349542916, "params": {"C": 3942.157051880252, "gamma": 0.03155063141557994}, "datetime": {"datetime": "2021-09-28 15:48:25", "elapsed": 1110.224056, "delta": 7.498296}}
{"target": -35.6551646395942, "params": {"C": 3002.565716478957, "gamma": 0.06329765619832903}, "datetime": {"datetime": "2021-09-28 15:48:29", "elapsed": 1113.889086, "delta": 3.66503}}
{"target": -35.49232778425914, "params": {"C": 3407.961085402183, "gamma": 0.013962839067454682}, "datetime": {"datetime": "2021-09-28 15:48:34", "elapsed": 1118.860334, "delta": 4.971248}}
{"target": -35.13030405866529, "params": {"C": 3792.4092751751946, "gamma": 0.041739984402514405}, "datetime": {"datetime": "2021-09-28 15:48:40", "elapsed": 1124.362155, "delta": 5.501821}}
{"target": -35.05122049621933, "params": {"C": 3999.2815313854226, "gamma": 0.02852046072954521}, "datetime": {"datetime": "2021-09-28 15:48:48", "elapsed": 1132.908414, "delta": 8.546259}}
{"target": -35.153073948202376, "params": {"C": 3604.853898964837, "gamma": 0.04016451779449124}, "datetime": {"datetime": "2021-09-28 15:48:52", "elapsed": 1136.974524, "delta": 4.06611}}
{"target": -36.288398635078316, "params": {"C": 3942.159296294787, "gamma": 0.003214737446991231}, "datetime": {"datetime": "2021-09-28 15:49:03", "elapsed": 1148.276231, "delta": 11.301707}}
{"target": -35.512066901215185, "params": {"C": 3874.176579622229, "gamma": 0.013106204336124708}, "datetime": {"datetime": "2021-09-28 15:49:10", "elapsed": 1154.710698, "delta": 6.434467}}
{"target": -35.11349953931588, "params": {"C": 3942.8280617690834, "gamma": 0.023088551177908097}, "datetime": {"datetime": "2021-09-28 15:49:15", "elapsed": 1159.986455, "delta": 5.275757}}
{"target": -35.796876709472464, "params": {"C": 3483.3801632290483, "gamma": 0.07549061437698737}, "datetime": {"datetime": "2021-09-28 15:49:19", "elapsed": 1163.960575, "delta": 3.97412}}
