{"target": -43.546043404891144, "params": {"C": 3064.9453881098434, "gamma": 0.000702142582355414}, "datetime": {"datetime": "2021-09-29 20:50:02", "elapsed": 4.832642, "delta": 0.597003}}
{"target": -43.18587682204341, "params": {"C": 3029.9557303471915, "gamma": 0.0008453410268810895}, "datetime": {"datetime": "2021-09-29 20:50:03", "elapsed": 5.200332, "delta": 0.36769}}
{"target": -43.38619096064383, "params": {"C": 2993.278741187807, "gamma": 0.0007754441300166632}, "datetime": {"datetime": "2021-09-29 20:50:03", "elapsed": 5.642336, "delta": 0.442004}}
{"target": -47.08702549326249, "params": {"C": 2951.7403183235238, "gamma": 0.00010104343897179856}, "datetime": {"datetime": "2021-09-29 20:50:04", "elapsed": 6.074703, "delta": 0.432367}}
{"target": -43.27152738319848, "params": {"C": 3107.20378062916, "gamma": 0.0007905086327047802}, "datetime": {"datetime": "2021-09-29 20:50:04", "elapsed": 6.423704, "delta": 0.349001}}
{"target": -42.79403547031536, "params": {"C": 3145.1751658108064, "gamma": 0.001}, "datetime": {"datetime": "2021-09-29 20:50:05", "elapsed": 7.144705, "delta": 0.721001}}
{"target": -47.01725400752629, "params": {"C": 3179.2040344682573, "gamma": 0.0001}, "datetime": {"datetime": "2021-09-29 20:50:05", "elapsed": 7.517704, "delta": 0.372999}}
{"target": -43.06402241912003, "params": {"C": 3127.999209358467, "gamma": 0.0008712936526063886}, "datetime": {"datetime": "2021-09-29 20:50:05", "elapsed": 7.987423, "delta": 0.469719}}
{"target": -46.5387745731816, "params": {"C": 3828.506296719783, "gamma": 0.00012109342287937303}, "datetime": {"datetime": "2021-09-29 20:50:06", "elapsed": 8.440443, "delta": 0.45302}}
{"target": -44.563398585691374, "params": {"C": 2626.3023665872984, "gamma": 0.0005108110426015579}, "datetime": {"datetime": "2021-09-29 20:50:06", "elapsed": 8.80144, "delta": 0.360997}}
{"target": -42.584296764911024, "params": {"C": 3547.4008119089235, "gamma": 0.001}, "datetime": {"datetime": "2021-09-29 20:50:07", "elapsed": 9.293442, "delta": 0.492002}}
{"target": -43.5923806642921, "params": {"C": 3574.3335461937427, "gamma": 0.0005926735055075247}, "datetime": {"datetime": "2021-09-29 20:50:07", "elapsed": 9.736441, "delta": 0.442999}}
{"target": -42.59792599736438, "params": {"C": 3518.75325409911, "gamma": 0.001}, "datetime": {"datetime": "2021-09-29 20:50:08", "elapsed": 10.105182, "delta": 0.368741}}
{"target": -45.096560714542164, "params": {"C": 3743.072085780169, "gamma": 0.00028161816421079565}, "datetime": {"datetime": "2021-09-29 20:50:08", "elapsed": 10.44218, "delta": 0.336998}}
{"target": -42.42521494378764, "params": {"C": 3913.6901960357904, "gamma": 0.001}, "datetime": {"datetime": "2021-09-29 20:50:08", "elapsed": 10.830183, "delta": 0.388003}}
{"target": -46.7602371405872, "params": {"C": 3938.821797237222, "gamma": 0.0001}, "datetime": {"datetime": "2021-09-29 20:50:09", "elapsed": 11.316182, "delta": 0.485999}}
{"target": -45.760533958139135, "params": {"C": 3893.777496427516, "gamma": 0.00019232421692854176}, "datetime": {"datetime": "2021-09-29 20:50:09", "elapsed": 11.681182, "delta": 0.365}}
{"target": -46.89512481688233, "params": {"C": 3532.967490210532, "gamma": 0.0001}, "datetime": {"datetime": "2021-09-29 20:50:10", "elapsed": 12.083204, "delta": 0.402022}}
{"target": -43.639885294941486, "params": {"C": 3137.300132644744, "gamma": 0.0006568732008699756}, "datetime": {"datetime": "2021-09-29 20:50:10", "elapsed": 12.768286, "delta": 0.685082}}
{"target": -43.45606754418367, "params": {"C": 3554.7034620619033, "gamma": 0.0006352710415362035}, "datetime": {"datetime": "2021-09-29 20:50:11", "elapsed": 13.534286, "delta": 0.766}}
{"target": -42.626580507494275, "params": {"C": 3511.0850901543718, "gamma": 0.0009855525658048264}, "datetime": {"datetime": "2021-09-29 20:50:11", "elapsed": 13.928287, "delta": 0.394001}}
{"target": -43.93206377644323, "params": {"C": 3117.726199152988, "gamma": 0.0005773951240605485}, "datetime": {"datetime": "2021-09-29 20:50:12", "elapsed": 14.433468, "delta": 0.505181}}
{"target": -46.90500388662257, "params": {"C": 3154.723376608412, "gamma": 0.00011102068522778367}, "datetime": {"datetime": "2021-09-29 20:50:12", "elapsed": 14.886466, "delta": 0.452998}}
{"target": -42.85321264183404, "params": {"C": 3920.2763409437302, "gamma": 0.0007813933118118548}, "datetime": {"datetime": "2021-09-29 20:50:13", "elapsed": 15.602103, "delta": 0.715637}}
{"target": -46.92740671048471, "params": {"C": 3438.229663708264, "gamma": 0.0001}, "datetime": {"datetime": "2021-09-29 20:50:14", "elapsed": 16.073257, "delta": 0.471154}}
{"target": -46.8082285907519, "params": {"C": 3503.176591640211, "gamma": 0.00010821826123899772}, "datetime": {"datetime": "2021-09-29 20:50:14", "elapsed": 16.527251, "delta": 0.453994}}
{"target": -42.685344951094315, "params": {"C": 3907.687476718402, "gamma": 0.0008588111625909514}, "datetime": {"datetime": "2021-09-29 20:50:14", "elapsed": 16.993255, "delta": 0.466004}}
{"target": -44.37877598326024, "params": {"C": 3037.8869269291013, "gamma": 0.00048270318589519357}, "datetime": {"datetime": "2021-09-29 20:50:15", "elapsed": 17.771252, "delta": 0.777997}}
{"target": -44.002542640816564, "params": {"C": 3021.8022433734186, "gamma": 0.0005761824025903288}, "datetime": {"datetime": "2021-09-29 20:50:16", "elapsed": 18.213491, "delta": 0.442239}}
{"target": -44.51692343471567, "params": {"C": 2819.172547305569, "gamma": 0.00048706203765288067}, "datetime": {"datetime": "2021-09-29 20:50:16", "elapsed": 18.757491, "delta": 0.544}}
{"target": -47.14014916454132, "params": {"C": 2835.525121787349, "gamma": 0.0001}, "datetime": {"datetime": "2021-09-29 20:50:17", "elapsed": 19.191492, "delta": 0.434001}}
{"target": -45.30821638685516, "params": {"C": 3514.8684622444607, "gamma": 0.00026953505548666523}, "datetime": {"datetime": "2021-09-29 20:50:17", "elapsed": 19.776492, "delta": 0.585}}
{"target": -42.430704085009936, "params": {"C": 3910.797668943392, "gamma": 0.0009972895207955594}, "datetime": {"datetime": "2021-09-29 20:50:18", "elapsed": 20.444984, "delta": 0.668492}}
{"target": -44.006175508717725, "params": {"C": 3521.9467292217314, "gamma": 0.000496596228572183}, "datetime": {"datetime": "2021-09-29 20:50:18", "elapsed": 20.830981, "delta": 0.385997}}
{"target": -46.02549755052819, "params": {"C": 3916.9766632316605, "gamma": 0.00016443509011961993}, "datetime": {"datetime": "2021-09-29 20:50:19", "elapsed": 21.368986, "delta": 0.538005}}
{"target": -45.86597807595266, "params": {"C": 3549.7106783035497, "gamma": 0.0001985944301923262}, "datetime": {"datetime": "2021-09-29 20:50:19", "elapsed": 21.900985, "delta": 0.531999}}
{"target": -43.83127379132483, "params": {"C": 3912.435981239605, "gamma": 0.00048707059806157995}, "datetime": {"datetime": "2021-09-29 20:50:20", "elapsed": 22.335475, "delta": 0.43449}}
{"target": -46.17366156953146, "params": {"C": 3909.3432629498207, "gamma": 0.00015069149610694887}, "datetime": {"datetime": "2021-09-29 20:50:21", "elapsed": 23.163481, "delta": 0.828006}}
{"target": -46.560701267217816, "params": {"C": 3911.295723004487, "gamma": 0.00011673126026364354}, "datetime": {"datetime": "2021-09-29 20:50:21", "elapsed": 23.76948, "delta": 0.605999}}
{"target": -43.00687820258303, "params": {"C": 3339.9121859485917, "gamma": 0.0008414452584533956}, "datetime": {"datetime": "2021-09-29 20:50:22", "elapsed": 24.257028, "delta": 0.487548}}
{"target": -43.8695771964704, "params": {"C": 3419.1752895218056, "gamma": 0.0005438220642671895}, "datetime": {"datetime": "2021-09-29 20:50:22", "elapsed": 24.671028, "delta": 0.414}}
{"target": -44.11085668191434, "params": {"C": 2803.251270893201, "gamma": 0.0005897682446867647}, "datetime": {"datetime": "2021-09-29 20:50:23", "elapsed": 25.042612, "delta": 0.371584}}
{"target": -42.612616313816524, "params": {"C": 3699.7276707889596, "gamma": 0.0009437994991472854}, "datetime": {"datetime": "2021-09-29 20:50:23", "elapsed": 25.738608, "delta": 0.695996}}
{"target": -45.08290952289037, "params": {"C": 3200.269527234869, "gamma": 0.0003299773674373184}, "datetime": {"datetime": "2021-09-29 20:50:24", "elapsed": 26.153815, "delta": 0.415207}}
{"target": -45.01114090107517, "params": {"C": 3101.514576863996, "gamma": 0.00035216502758788487}, "datetime": {"datetime": "2021-09-29 20:50:24", "elapsed": 26.578812, "delta": 0.424997}}
{"target": -45.318723797540486, "params": {"C": 3824.388005289447, "gamma": 0.0002469897570402307}, "datetime": {"datetime": "2021-09-29 20:50:25", "elapsed": 27.079807, "delta": 0.500995}}
{"target": -45.73372358754746, "params": {"C": 2897.1606683338696, "gamma": 0.000260839901987001}, "datetime": {"datetime": "2021-09-29 20:50:25", "elapsed": 27.518809, "delta": 0.439002}}
{"target": -44.17426345542527, "params": {"C": 3152.5243519894198, "gamma": 0.0005113910141324144}, "datetime": {"datetime": "2021-09-29 20:50:25", "elapsed": 27.942808, "delta": 0.423999}}
{"target": -42.91720058921631, "params": {"C": 3251.9905913542493, "gamma": 0.0009051542454231414}, "datetime": {"datetime": "2021-09-29 20:50:26", "elapsed": 28.522629, "delta": 0.579821}}
{"target": -43.24053236277896, "params": {"C": 3993.6665570451564, "gamma": 0.0006310792415631137}, "datetime": {"datetime": "2021-09-29 20:50:27", "elapsed": 29.019636, "delta": 0.497007}}
{"target": -46.583997998642616, "params": {"C": 3792.952774192272, "gamma": 0.00011836833712929941}, "datetime": {"datetime": "2021-09-29 20:50:27", "elapsed": 29.429631, "delta": 0.409995}}
{"target": -44.19021372027711, "params": {"C": 2721.4843522004776, "gamma": 0.0005854076789739063}, "datetime": {"datetime": "2021-09-29 20:50:27", "elapsed": 29.928755, "delta": 0.499124}}
{"target": -45.00296647652966, "params": {"C": 2746.125458239798, "gamma": 0.0003979919109485101}, "datetime": {"datetime": "2021-09-29 20:50:28", "elapsed": 30.334025, "delta": 0.40527}}
{"target": -43.38013996205055, "params": {"C": 3248.8503987638614, "gamma": 0.0007181226443274052}, "datetime": {"datetime": "2021-09-29 20:50:28", "elapsed": 30.745021, "delta": 0.410996}}
{"target": -44.27025871009116, "params": {"C": 3168.4099584312685, "gamma": 0.0004870964854069212}, "datetime": {"datetime": "2021-09-29 20:50:29", "elapsed": 31.372021, "delta": 0.627}}
{"target": -44.136972225070046, "params": {"C": 2765.132452317318, "gamma": 0.0005905929936566984}, "datetime": {"datetime": "2021-09-29 20:50:29", "elapsed": 31.755026, "delta": 0.383005}}
{"target": -43.588822124697884, "params": {"C": 3450.4724262069985, "gamma": 0.0006139564323547348}, "datetime": {"datetime": "2021-09-29 20:50:30", "elapsed": 32.151626, "delta": 0.3966}}
{"target": -45.21294147748728, "params": {"C": 3029.9545263736977, "gamma": 0.0003265638045608299}, "datetime": {"datetime": "2021-09-29 20:50:30", "elapsed": 32.557629, "delta": 0.406003}}
{"target": -45.94291354819817, "params": {"C": 3424.887618871433, "gamma": 0.00019690506157960658}, "datetime": {"datetime": "2021-09-29 20:50:30", "elapsed": 32.983398, "delta": 0.425769}}
{"target": -43.4036476235523, "params": {"C": 3561.2675974322615, "gamma": 0.0006501693526810341}, "datetime": {"datetime": "2021-09-29 20:50:31", "elapsed": 33.597238, "delta": 0.61384}}
{"target": -45.244620282956, "params": {"C": 3127.9999297806107, "gamma": 0.0003116682543235529}, "datetime": {"datetime": "2021-09-29 20:50:31", "elapsed": 34.019232, "delta": 0.421994}}
{"target": -44.075248598256515, "params": {"C": 2707.812607363991, "gamma": 0.0006200445807668061}, "datetime": {"datetime": "2021-09-29 20:50:32", "elapsed": 34.463835, "delta": 0.444603}}
{"target": -43.09011318159688, "params": {"C": 2819.1769026688294, "gamma": 0.0009531333718431625}, "datetime": {"datetime": "2021-09-29 20:50:32", "elapsed": 34.956212, "delta": 0.492377}}
{"target": -44.05037170351221, "params": {"C": 3521.947945250791, "gamma": 0.0004866591340696448}, "datetime": {"datetime": "2021-09-29 20:50:33", "elapsed": 35.409209, "delta": 0.452997}}
{"target": -45.769381878825016, "params": {"C": 3511.0898144083785, "gamma": 0.00021182843714805946}, "datetime": {"datetime": "2021-09-29 20:50:34", "elapsed": 36.240583, "delta": 0.831374}}
{"target": -43.87571676372282, "params": {"C": 3064.9448662358423, "gamma": 0.0006023693653329863}, "datetime": {"datetime": "2021-09-29 20:50:34", "elapsed": 36.700585, "delta": 0.460002}}
{"target": -43.480637696752765, "params": {"C": 3685.405320585536, "gamma": 0.0006067418917532624}, "datetime": {"datetime": "2021-09-29 20:50:35", "elapsed": 37.183586, "delta": 0.483001}}
{"target": -43.90942640251947, "params": {"C": 3607.9151913252203, "gamma": 0.0005073239382450733}, "datetime": {"datetime": "2021-09-29 20:50:35", "elapsed": 37.851584, "delta": 0.667998}}
{"target": -45.17571738119462, "params": {"C": 3451.812909509218, "gamma": 0.00029301274282200176}, "datetime": {"datetime": "2021-09-29 20:50:36", "elapsed": 38.549516, "delta": 0.697932}}
{"target": -45.103616382132536, "params": {"C": 2791.4998638664547, "gamma": 0.00037314579826499454}, "datetime": {"datetime": "2021-09-29 20:50:37", "elapsed": 39.443519, "delta": 0.894003}}
{"target": -46.753936368165775, "params": {"C": 3254.2575017640943, "gamma": 0.00012150320847971848}, "datetime": {"datetime": "2021-09-29 20:50:38", "elapsed": 40.115249, "delta": 0.67173}}
{"target": -44.76216237185276, "params": {"C": 2661.3988321144843, "gamma": 0.0004598075114941181}, "datetime": {"datetime": "2021-09-29 20:50:38", "elapsed": 40.656891, "delta": 0.541642}}
{"target": -42.988946223041964, "params": {"C": 3009.224907966491, "gamma": 0.0009411537176349416}, "datetime": {"datetime": "2021-09-29 20:50:39", "elapsed": 41.196885, "delta": 0.539994}}
{"target": -43.29283689332931, "params": {"C": 3117.7237863046057, "gamma": 0.000779729071528395}, "datetime": {"datetime": "2021-09-29 20:50:40", "elapsed": 42.164661, "delta": 0.967776}}
{"target": -46.46721516107011, "params": {"C": 3836.53059934661, "gamma": 0.00012697174930526538}, "datetime": {"datetime": "2021-09-29 20:50:40", "elapsed": 42.646672, "delta": 0.482011}}
{"target": -45.30048777965535, "params": {"C": 3825.448825014061, "gamma": 0.00024920600540520246}, "datetime": {"datetime": "2021-09-29 20:50:41", "elapsed": 43.22766, "delta": 0.580988}}
{"target": -44.0432094937891, "params": {"C": 3061.5332358955357, "gamma": 0.0005584744039295195}, "datetime": {"datetime": "2021-09-29 20:50:41", "elapsed": 43.67766, "delta": 0.45}}
{"target": -43.6482940473396, "params": {"C": 3007.7679722367106, "gamma": 0.0006815873509371062}, "datetime": {"datetime": "2021-09-29 20:50:42", "elapsed": 44.377899, "delta": 0.700239}}
{"target": -43.69737855679566, "params": {"C": 3699.726442396469, "gamma": 0.0005462376648448402}, "datetime": {"datetime": "2021-09-29 20:50:42", "elapsed": 44.823901, "delta": 0.446002}}
{"target": -43.33595126112175, "params": {"C": 3780.2472454811214, "gamma": 0.0006346035286920858}, "datetime": {"datetime": "2021-09-29 20:50:43", "elapsed": 45.316616, "delta": 0.492715}}
{"target": -42.483620136141184, "params": {"C": 3784.85550759715, "gamma": 0.000996636951200978}, "datetime": {"datetime": "2021-09-29 20:50:43", "elapsed": 45.867616, "delta": 0.551}}
{"target": -45.42439141987875, "params": {"C": 2993.2765235483707, "gamma": 0.000297229839886166}, "datetime": {"datetime": "2021-09-29 20:50:44", "elapsed": 46.741879, "delta": 0.874263}}
{"target": -44.7055823762191, "params": {"C": 3830.1011389272635, "gamma": 0.0003321021437612499}, "datetime": {"datetime": "2021-09-29 20:50:45", "elapsed": 47.35388, "delta": 0.612001}}
{"target": -43.901647590477836, "params": {"C": 3800.622751345879, "gamma": 0.00048463894428596595}, "datetime": {"datetime": "2021-09-29 20:50:45", "elapsed": 47.926871, "delta": 0.572991}}
{"target": -43.51039194125198, "params": {"C": 3554.704647612548, "gamma": 0.0006191627858296551}, "datetime": {"datetime": "2021-09-29 20:50:46", "elapsed": 48.474091, "delta": 0.54722}}
{"target": -43.659606734146536, "params": {"C": 3172.8320764941927, "gamma": 0.0006438184258318531}, "datetime": {"datetime": "2021-09-29 20:50:46", "elapsed": 48.997092, "delta": 0.523001}}
{"target": -44.78840728155535, "params": {"C": 3645.683011067511, "gamma": 0.0003349040114221256}, "datetime": {"datetime": "2021-09-29 20:50:47", "elapsed": 49.766093, "delta": 0.769001}}
{"target": -46.03828016783103, "params": {"C": 3152.5250250020335, "gamma": 0.00020213651066638323}, "datetime": {"datetime": "2021-09-29 20:50:48", "elapsed": 50.242593, "delta": 0.4765}}
{"target": -42.804020512491206, "params": {"C": 3891.5574509080925, "gamma": 0.000807848120254288}, "datetime": {"datetime": "2021-09-29 20:50:48", "elapsed": 50.770267, "delta": 0.527674}}
{"target": -43.197805017415256, "params": {"C": 3891.5573656352462, "gamma": 0.0006603045029064378}, "datetime": {"datetime": "2021-09-29 20:50:49", "elapsed": 51.282261, "delta": 0.511994}}
{"target": -45.86108793938532, "params": {"C": 2713.6846195800385, "gamma": 0.00025933834734074635}, "datetime": {"datetime": "2021-09-29 20:50:49", "elapsed": 52.008259, "delta": 0.725998}}
{"target": -43.9645636752599, "params": {"C": 3751.433699503259, "gamma": 0.0004766890989821668}, "datetime": {"datetime": "2021-09-29 20:50:50", "elapsed": 52.508842, "delta": 0.500583}}
{"target": -45.24289830555967, "params": {"C": 3152.5207885903915, "gamma": 0.0003095715350889215}, "datetime": {"datetime": "2021-09-29 20:50:51", "elapsed": 53.07484, "delta": 0.565998}}
{"target": -43.247476103321574, "params": {"C": 2993.281320488634, "gamma": 0.000829753278569886}, "datetime": {"datetime": "2021-09-29 20:50:51", "elapsed": 53.649846, "delta": 0.575006}}
{"target": -45.00211157034221, "params": {"C": 2682.075877098263, "gamma": 0.0004074302300455974}, "datetime": {"datetime": "2021-09-29 20:50:52", "elapsed": 54.468689, "delta": 0.818843}}
{"target": -43.15978185517268, "params": {"C": 3866.9752193226745, "gamma": 0.0006768291565086335}, "datetime": {"datetime": "2021-09-29 20:50:52", "elapsed": 54.986309, "delta": 0.51762}}
{"target": -46.63626630530694, "params": {"C": 2993.2813518706234, "gamma": 0.00014420313490138377}, "datetime": {"datetime": "2021-09-29 20:50:53", "elapsed": 55.582311, "delta": 0.596002}}
{"target": -44.92849336651868, "params": {"C": 3328.315022327447, "gamma": 0.0003421541133083188}, "datetime": {"datetime": "2021-09-29 20:50:54", "elapsed": 56.110345, "delta": 0.528034}}
{"target": -45.68600585770523, "params": {"C": 2803.2520816085307, "gamma": 0.000276446532824573}, "datetime": {"datetime": "2021-09-29 20:50:54", "elapsed": 56.967552, "delta": 0.857207}}
{"target": -43.023329840628165, "params": {"C": 3367.9330289134464, "gamma": 0.0008275911785663203}, "datetime": {"datetime": "2021-09-29 20:50:55", "elapsed": 57.49455, "delta": 0.526998}}
{"target": -43.32910534170304, "params": {"C": 3021.803812515199, "gamma": 0.0007898229237749197}, "datetime": {"datetime": "2021-09-29 20:50:56", "elapsed": 58.18155, "delta": 0.687}}
{"target": -45.966097045571594, "params": {"C": 3927.997731534503, "gamma": 0.00016977408638543616}, "datetime": {"datetime": "2021-09-29 20:50:56", "elapsed": 58.679769, "delta": 0.498219}}
{"target": -43.827882157585385, "params": {"C": 2896.171682269009, "gamma": 0.0006505538798807722}, "datetime": {"datetime": "2021-09-29 20:50:57", "elapsed": 59.390767, "delta": 0.710998}}
{"target": -44.774520765634826, "params": {"C": 3948.096919090097, "gamma": 0.0003122672690131478}, "datetime": {"datetime": "2021-09-29 20:50:57", "elapsed": 59.872771, "delta": 0.482004}}
{"target": -44.34446009089287, "params": {"C": 3009.225143766548, "gamma": 0.000494856363722171}, "datetime": {"datetime": "2021-09-29 20:50:58", "elapsed": 60.68381, "delta": 0.811039}}
{"target": -43.0130917047803, "params": {"C": 3929.512577873926, "gamma": 0.0007175358899178346}, "datetime": {"datetime": "2021-09-29 20:50:59", "elapsed": 61.192809, "delta": 0.508999}}
{"target": -42.999916337022654, "params": {"C": 3521.9516048454107, "gamma": 0.0008020797226574481}, "datetime": {"datetime": "2021-09-29 20:50:59", "elapsed": 61.893806, "delta": 0.700997}}
{"target": -45.55858826123517, "params": {"C": 3511.0846535050614, "gamma": 0.00023724570070014404}, "datetime": {"datetime": "2021-09-29 20:51:00", "elapsed": 62.574266, "delta": 0.68046}}
{"target": -43.202179171749464, "params": {"C": 3450.4695688785728, "gamma": 0.0007389066801383262}, "datetime": {"datetime": "2021-09-29 20:51:01", "elapsed": 63.148266, "delta": 0.574}}
{"target": -43.59860596790347, "params": {"C": 3298.1397812662626, "gamma": 0.0006381708080769691}, "datetime": {"datetime": "2021-09-29 20:51:01", "elapsed": 63.686266, "delta": 0.538}}
{"target": -42.821040785759486, "params": {"C": 3920.2760118335673, "gamma": 0.0007949045383039197}, "datetime": {"datetime": "2021-09-29 20:51:02", "elapsed": 64.504953, "delta": 0.818687}}
{"target": -42.59575078141789, "params": {"C": 3607.9139006827018, "gamma": 0.0009768756852861565}, "datetime": {"datetime": "2021-09-29 20:51:03", "elapsed": 65.123445, "delta": 0.618492}}
{"target": -43.088328936803, "params": {"C": 3117.7214018894724, "gamma": 0.000863345814423763}, "datetime": {"datetime": "2021-09-29 20:51:03", "elapsed": 65.909442, "delta": 0.785997}}
{"target": -42.82625269787906, "params": {"C": 3751.4361102665953, "gamma": 0.0008267986022320858}, "datetime": {"datetime": "2021-09-29 20:51:04", "elapsed": 66.879186, "delta": 0.969744}}
{"target": -43.10253065364611, "params": {"C": 3123.079541548734, "gamma": 0.0008556942812528924}, "datetime": {"datetime": "2021-09-29 20:51:05", "elapsed": 67.453183, "delta": 0.573997}}
{"target": -43.88481470662114, "params": {"C": 3367.9284339260057, "gamma": 0.0005478827053503486}, "datetime": {"datetime": "2021-09-29 20:51:06", "elapsed": 68.072186, "delta": 0.619003}}
