{"target": -37.933703776012145, "params": {"C": 558.2833817356602, "gamma": 0.0059665046870539615}, "datetime": {"datetime": "2021-09-28 12:44:54", "elapsed": 652.165744, "delta": 3.657837}}
{"target": -37.310944991917275, "params": {"C": 579.9346193621402, "gamma": 0.009916915907264975}, "datetime": {"datetime": "2021-09-28 12:44:57", "elapsed": 655.195126, "delta": 3.029382}}
{"target": -39.11456204118177, "params": {"C": 364.50580690949516, "gamma": 0.07864983579746063}, "datetime": {"datetime": "2021-09-28 12:45:00", "elapsed": 657.539879, "delta": 2.344753}}
{"target": -38.179481984705845, "params": {"C": 558.3662118840534, "gamma": 0.005008445357399227}, "datetime": {"datetime": "2021-09-28 12:45:04", "elapsed": 661.337795, "delta": 3.797916}}
{"target": -37.65547435630035, "params": {"C": 580.1352825438106, "gamma": 0.007079871261704952}, "datetime": {"datetime": "2021-09-28 12:45:07", "elapsed": 665.246582, "delta": 3.908787}}
{"target": -37.01427120554139, "params": {"C": 580.4503783457587, "gamma": 0.023201459525174085}, "datetime": {"datetime": "2021-09-28 12:45:11", "elapsed": 668.453284, "delta": 3.206702}}
{"target": -37.4411901618426, "params": {"C": 511.0392624213918, "gamma": 0.011367552343539908}, "datetime": {"datetime": "2021-09-28 12:45:14", "elapsed": 671.771134, "delta": 3.31785}}
{"target": -37.095302458887595, "params": {"C": 580.2197403026503, "gamma": 0.03026413957862272}, "datetime": {"datetime": "2021-09-28 12:45:19", "elapsed": 677.187853, "delta": 5.416719}}
{"target": -37.03612767755189, "params": {"C": 580.4818890202873, "gamma": 0.02603101540702892}, "datetime": {"datetime": "2021-09-28 12:45:24", "elapsed": 681.818674, "delta": 4.630821}}
{"target": -37.61507496205743, "params": {"C": 580.504608628738, "gamma": 0.05514343120789152}, "datetime": {"datetime": "2021-09-28 12:45:29", "elapsed": 687.171662, "delta": 5.352988}}
{"target": -37.15747257603669, "params": {"C": 569.7512888125173, "gamma": 0.013498801049247024}, "datetime": {"datetime": "2021-09-28 12:45:35", "elapsed": 692.978304, "delta": 5.806642}}
{"target": -37.08428882939378, "params": {"C": 569.7175336113582, "gamma": 0.016399415528846252}, "datetime": {"datetime": "2021-09-28 12:45:41", "elapsed": 698.333732, "delta": 5.355428}}
{"target": -37.06666965337707, "params": {"C": 569.6730423823719, "gamma": 0.017606743451836594}, "datetime": {"datetime": "2021-09-28 12:45:45", "elapsed": 702.623948, "delta": 4.290216}}
{"target": -39.525618126864224, "params": {"C": 209.2462968210539, "gamma": 0.05461838974712299}, "datetime": {"datetime": "2021-09-28 12:45:47", "elapsed": 705.213952, "delta": 2.590004}}
{"target": -37.561283935988406, "params": {"C": 569.6838426409411, "gamma": 0.05120625103656062}, "datetime": {"datetime": "2021-09-28 12:45:52", "elapsed": 709.763142, "delta": 4.54919}}
{"target": -37.63318998489689, "params": {"C": 569.7230057347538, "gamma": 0.05441442635124662}, "datetime": {"datetime": "2021-09-28 12:45:57", "elapsed": 714.920088, "delta": 5.156946}}
{"target": -37.45429182163225, "params": {"C": 558.1174266566399, "gamma": 0.04471441342707213}, "datetime": {"datetime": "2021-09-28 12:46:01", "elapsed": 718.545345, "delta": 3.625257}}
{"target": -37.04475762146235, "params": {"C": 569.6313591995141, "gamma": 0.02102914334067254}, "datetime": {"datetime": "2021-09-28 12:46:07", "elapsed": 724.847602, "delta": 6.302257}}
{"target": -37.50165743677395, "params": {"C": 569.6460890466528, "gamma": 0.04854162350634733}, "datetime": {"datetime": "2021-09-28 12:46:15", "elapsed": 732.438268, "delta": 7.590666}}
{"target": -37.198929060340454, "params": {"C": 580.5332367791857, "gamma": 0.011728841962398984}, "datetime": {"datetime": "2021-09-28 12:46:18", "elapsed": 736.09018, "delta": 3.651912}}
{"target": -37.171008783634726, "params": {"C": 580.5856856933781, "gamma": 0.03462359187933028}, "datetime": {"datetime": "2021-09-28 12:46:27", "elapsed": 744.763985, "delta": 8.673805}}
{"target": -37.535255653465626, "params": {"C": 580.6204935011306, "gamma": 0.051548020144827934}, "datetime": {"datetime": "2021-09-28 12:46:30", "elapsed": 748.188691, "delta": 3.424706}}
{"target": -38.418814976569266, "params": {"C": 341.0851877130906, "gamma": 0.046742937671233546}, "datetime": {"datetime": "2021-09-28 12:46:33", "elapsed": 750.958114, "delta": 2.769423}}
{"target": -39.927483526472734, "params": {"C": 333.0199983886617, "gamma": 0.11005455688735143}, "datetime": {"datetime": "2021-09-28 12:46:36", "elapsed": 753.517413, "delta": 2.559299}}
{"target": -38.232417966022886, "params": {"C": 580.5932022005396, "gamma": 0.07771926281872375}, "datetime": {"datetime": "2021-09-28 12:46:41", "elapsed": 758.790912, "delta": 5.273499}}
{"target": -37.18827177791494, "params": {"C": 569.5922481657376, "gamma": 0.033666096808802656}, "datetime": {"datetime": "2021-09-28 12:46:46", "elapsed": 763.886797, "delta": 5.095885}}
{"target": -37.203835558960705, "params": {"C": 569.548510490551, "gamma": 0.012331990604320383}, "datetime": {"datetime": "2021-09-28 12:46:51", "elapsed": 768.567478, "delta": 4.680681}}
{"target": -37.23687024398393, "params": {"C": 580.5839474197198, "gamma": 0.011022563436717123}, "datetime": {"datetime": "2021-09-28 12:46:56", "elapsed": 773.490474, "delta": 4.922996}}
{"target": -37.433650434182965, "params": {"C": 517.8581040819101, "gamma": 0.037252815697213004}, "datetime": {"datetime": "2021-09-28 12:46:58", "elapsed": 776.08668, "delta": 2.596206}}
{"target": -38.08394832833079, "params": {"C": 347.02121839625704, "gamma": 0.03228404086362743}, "datetime": {"datetime": "2021-09-28 12:47:01", "elapsed": 778.75511, "delta": 2.66843}}
{"target": -38.25106289014648, "params": {"C": 569.5616704471704, "gamma": 0.07709157668016572}, "datetime": {"datetime": "2021-09-28 12:47:08", "elapsed": 785.447657, "delta": 6.692547}}
{"target": -37.91436017492233, "params": {"C": 580.4668450303353, "gamma": 0.005737259027355998}, "datetime": {"datetime": "2021-09-28 12:47:12", "elapsed": 789.693809, "delta": 4.246152}}
{"target": -37.31015017759002, "params": {"C": 580.6362327335964, "gamma": 0.009898790910743407}, "datetime": {"datetime": "2021-09-28 12:47:16", "elapsed": 794.132883, "delta": 4.439074}}
{"target": -38.020457530399256, "params": {"C": 558.2213328442899, "gamma": 0.005605396687370926}, "datetime": {"datetime": "2021-09-28 12:47:22", "elapsed": 799.806354, "delta": 5.673471}}
{"target": -37.28424085558543, "params": {"C": 580.6744068198817, "gamma": 0.010264159207319105}, "datetime": {"datetime": "2021-09-28 12:47:29", "elapsed": 806.49896, "delta": 6.692606}}
{"target": -37.925569562632774, "params": {"C": 569.8001908159745, "gamma": 0.005836372882214015}, "datetime": {"datetime": "2021-09-28 12:47:34", "elapsed": 811.700839, "delta": 5.201879}}
{"target": -38.64301347093591, "params": {"C": 517.8741408369086, "gamma": 0.0039913501595074865}, "datetime": {"datetime": "2021-09-28 12:47:38", "elapsed": 815.999518, "delta": 4.298679}}
{"target": -37.346071824549156, "params": {"C": 569.5838703957957, "gamma": 0.00986923164848801}, "datetime": {"datetime": "2021-09-28 12:47:44", "elapsed": 821.627515, "delta": 5.627997}}
{"target": -37.393602690854934, "params": {"C": 580.4671377641411, "gamma": 0.04513484235104543}, "datetime": {"datetime": "2021-09-28 12:47:48", "elapsed": 825.592406, "delta": 3.964891}}
{"target": -37.71755120975821, "params": {"C": 505.3792326934227, "gamma": 0.04836370005382281}, "datetime": {"datetime": "2021-09-28 12:47:52", "elapsed": 829.302525, "delta": 3.710119}}
{"target": -39.839906220265334, "params": {"C": 326.6200427363317, "gamma": 0.1037036966853796}, "datetime": {"datetime": "2021-09-28 12:47:54", "elapsed": 832.281622, "delta": 2.979097}}
{"target": -38.56030004002308, "params": {"C": 266.9000567599451, "gamma": 0.01523264005166695}, "datetime": {"datetime": "2021-09-28 12:47:57", "elapsed": 835.167031, "delta": 2.885409}}
{"target": -37.52335340009761, "params": {"C": 580.691356005454, "gamma": 0.05102062024990722}, "datetime": {"datetime": "2021-09-28 12:48:01", "elapsed": 838.928281, "delta": 3.76125}}
{"target": -37.33540608716106, "params": {"C": 580.6586750981703, "gamma": 0.04250643965220176}, "datetime": {"datetime": "2021-09-28 12:48:06", "elapsed": 843.876619, "delta": 4.948338}}
{"target": -37.80258717000664, "params": {"C": 569.7932836922951, "gamma": 0.06143328599279861}, "datetime": {"datetime": "2021-09-28 12:48:14", "elapsed": 852.147226, "delta": 8.270607}}
{"target": -38.466208702972544, "params": {"C": 517.8065102370925, "gamma": 0.07834059732346949}, "datetime": {"datetime": "2021-09-28 12:48:19", "elapsed": 856.690401, "delta": 4.543175}}
{"target": -37.26644613086224, "params": {"C": 570.3691628182903, "gamma": 0.03779590943435487}, "datetime": {"datetime": "2021-09-28 12:48:22", "elapsed": 859.583023, "delta": 2.892622}}
{"target": -37.954527078398876, "params": {"C": 570.335422960162, "gamma": 0.06688096490366867}, "datetime": {"datetime": "2021-09-28 12:48:26", "elapsed": 863.857476, "delta": 4.274453}}
{"target": -39.14406075189292, "params": {"C": 232.3866107848982, "gamma": 0.046787572495996}, "datetime": {"datetime": "2021-09-28 12:48:29", "elapsed": 866.753704, "delta": 2.896228}}
{"target": -37.73760570352186, "params": {"C": 539.7007936389705, "gamma": 0.05464561790662675}, "datetime": {"datetime": "2021-09-28 12:48:32", "elapsed": 869.658519, "delta": 2.904815}}
{"target": -38.1483423084327, "params": {"C": 573.4192126027383, "gamma": 0.0049450376607597275}, "datetime": {"datetime": "2021-09-28 12:48:37", "elapsed": 875.16378, "delta": 5.505261}}
{"target": -37.92304864320811, "params": {"C": 580.7105991318317, "gamma": 0.005698437401724448}, "datetime": {"datetime": "2021-09-28 12:48:44", "elapsed": 881.642648, "delta": 6.478868}}
{"target": -37.30566750563508, "params": {"C": 569.514180074973, "gamma": 0.039555130032749686}, "datetime": {"datetime": "2021-09-28 12:48:50", "elapsed": 887.497959, "delta": 5.855311}}
{"target": -37.44216169303928, "params": {"C": 560.9255883890421, "gamma": 0.04458378198266375}, "datetime": {"datetime": "2021-09-28 12:49:00", "elapsed": 897.416071, "delta": 9.918112}}
{"target": -38.66592140366053, "params": {"C": 380.0187212402652, "gamma": 0.06439532722428239}, "datetime": {"datetime": "2021-09-28 12:49:03", "elapsed": 900.362582, "delta": 2.946511}}
{"target": -38.80916739330709, "params": {"C": 569.6414475022659, "gamma": 0.003178431298890872}, "datetime": {"datetime": "2021-09-28 12:49:07", "elapsed": 904.524208, "delta": 4.161626}}
{"target": -37.11187172024836, "params": {"C": 570.3409464364261, "gamma": 0.014988585849815054}, "datetime": {"datetime": "2021-09-28 12:49:11", "elapsed": 908.955081, "delta": 4.430873}}
{"target": -37.76188440220045, "params": {"C": 569.482847382239, "gamma": 0.059856519656407654}, "datetime": {"datetime": "2021-09-28 12:49:15", "elapsed": 912.50316, "delta": 3.548079}}
{"target": -37.2697182745241, "params": {"C": 580.5081121190614, "gamma": 0.010490628364801753}, "datetime": {"datetime": "2021-09-28 12:49:21", "elapsed": 918.393395, "delta": 5.890235}}
{"target": -37.59795710353252, "params": {"C": 566.2835623795077, "gamma": 0.05234882074854624}, "datetime": {"datetime": "2021-09-28 12:49:26", "elapsed": 923.317947, "delta": 4.924552}}
{"target": -37.04405838448647, "params": {"C": 570.4152497059871, "gamma": 0.023044450612097388}, "datetime": {"datetime": "2021-09-28 12:49:32", "elapsed": 929.376046, "delta": 6.058099}}
{"target": -37.05879203733238, "params": {"C": 570.4466160911312, "gamma": 0.018097324013694654}, "datetime": {"datetime": "2021-09-28 12:49:38", "elapsed": 935.558221, "delta": 6.182175}}
{"target": -37.40959080483378, "params": {"C": 570.3638622778483, "gamma": 0.009153298916082488}, "datetime": {"datetime": "2021-09-28 12:49:44", "elapsed": 941.492414, "delta": 5.934193}}
{"target": -38.42822177603172, "params": {"C": 399.24756302314404, "gamma": 0.059393546403324185}, "datetime": {"datetime": "2021-09-28 12:49:47", "elapsed": 944.448661, "delta": 2.956247}}
{"target": -37.494583061860645, "params": {"C": 570.5010183677666, "gamma": 0.048348915166835746}, "datetime": {"datetime": "2021-09-28 12:49:54", "elapsed": 951.998527, "delta": 7.549866}}
{"target": -37.81928440246507, "params": {"C": 505.9269515263221, "gamma": 0.0075226649217781634}, "datetime": {"datetime": "2021-09-28 12:50:00", "elapsed": 957.619316, "delta": 5.620789}}
{"target": -37.8197634886943, "params": {"C": 382.41408022199136, "gamma": 0.02691266471354574}, "datetime": {"datetime": "2021-09-28 12:50:03", "elapsed": 960.531743, "delta": 2.912427}}
{"target": -37.64796606661796, "params": {"C": 570.4222507480131, "gamma": 0.05517399787935541}, "datetime": {"datetime": "2021-09-28 12:50:13", "elapsed": 970.768862, "delta": 10.237119}}
{"target": -37.373668409468536, "params": {"C": 580.5462962959518, "gamma": 0.04423982727751322}, "datetime": {"datetime": "2021-09-28 12:50:18", "elapsed": 975.325652, "delta": 4.55679}}
{"target": -39.64228012833018, "params": {"C": 323.6569794541192, "gamma": 0.09292764152226765}, "datetime": {"datetime": "2021-09-28 12:50:21", "elapsed": 978.53558, "delta": 3.209928}}
{"target": -38.47344554724707, "params": {"C": 496.00946369973474, "gamma": 0.004744781818591223}, "datetime": {"datetime": "2021-09-28 12:50:25", "elapsed": 982.532799, "delta": 3.997219}}
{"target": -37.60455482220935, "params": {"C": 570.4808350167795, "gamma": 0.00758645339939047}, "datetime": {"datetime": "2021-09-28 12:50:30", "elapsed": 988.286004, "delta": 5.753205}}
{"target": -37.544772081656085, "params": {"C": 557.2817012432172, "gamma": 0.008302985886400969}, "datetime": {"datetime": "2021-09-28 12:50:34", "elapsed": 991.509013, "delta": 3.223009}}
{"target": -37.66956481333753, "params": {"C": 558.3368752811491, "gamma": 0.05438359375561675}, "datetime": {"datetime": "2021-09-28 12:50:40", "elapsed": 997.383341, "delta": 5.874328}}
{"target": -37.22589867290475, "params": {"C": 580.4292229611735, "gamma": 0.03733411973692983}, "datetime": {"datetime": "2021-09-28 12:50:46", "elapsed": 1003.653451, "delta": 6.27011}}
{"target": -37.277460617803285, "params": {"C": 580.1021588966271, "gamma": 0.03974244665576869}, "datetime": {"datetime": "2021-09-28 12:50:54", "elapsed": 1011.368488, "delta": 7.715037}}
{"target": -37.86886970456124, "params": {"C": 570.4727015180924, "gamma": 0.06397891715966131}, "datetime": {"datetime": "2021-09-28 12:51:02", "elapsed": 1019.742251, "delta": 8.373763}}
{"target": -38.374782201557686, "params": {"C": 517.890055958998, "gamma": 0.07509796812207774}, "datetime": {"datetime": "2021-09-28 12:51:12", "elapsed": 1029.91028, "delta": 10.168029}}
{"target": -39.50919786698959, "params": {"C": 438.8688597730604, "gamma": 0.11017482866660162}, "datetime": {"datetime": "2021-09-28 12:51:15", "elapsed": 1032.918648, "delta": 3.008368}}
{"target": -37.06375632892661, "params": {"C": 570.3132661031854, "gamma": 0.025581998048534227}, "datetime": {"datetime": "2021-09-28 12:51:21", "elapsed": 1038.737295, "delta": 5.818647}}
{"target": -39.09253105922428, "params": {"C": 359.9232918283348, "gamma": 0.07680746755199906}, "datetime": {"datetime": "2021-09-28 12:51:24", "elapsed": 1041.941555, "delta": 3.20426}}
{"target": -37.05379261725504, "params": {"C": 570.2673148426027, "gamma": 0.02453842478918054}, "datetime": {"datetime": "2021-09-28 12:51:30", "elapsed": 1048.225417, "delta": 6.283862}}
{"target": -37.04629760571985, "params": {"C": 570.2309575379011, "gamma": 0.023531843538795286}, "datetime": {"datetime": "2021-09-28 12:51:38", "elapsed": 1055.387479, "delta": 7.162062}}
{"target": -37.893180392126844, "params": {"C": 570.2183321451779, "gamma": 0.06477311950082826}, "datetime": {"datetime": "2021-09-28 12:51:42", "elapsed": 1059.650042, "delta": 4.262563}}
{"target": -37.91314979337791, "params": {"C": 586.1013817742632, "gamma": 0.005667797061251937}, "datetime": {"datetime": "2021-09-28 12:51:46", "elapsed": 1063.635082, "delta": 3.98504}}
{"target": -37.06377868771456, "params": {"C": 569.6927125369589, "gamma": 0.025390921247443923}, "datetime": {"datetime": "2021-09-28 12:51:50", "elapsed": 1068.068593, "delta": 4.433511}}
{"target": -37.69601363863901, "params": {"C": 570.2587091030448, "gamma": 0.057233188264161704}, "datetime": {"datetime": "2021-09-28 12:51:56", "elapsed": 1073.660162, "delta": 5.591569}}
{"target": -38.76745223881462, "params": {"C": 505.3801785325046, "gamma": 0.0037693325490180006}, "datetime": {"datetime": "2021-09-28 12:52:01", "elapsed": 1078.695198, "delta": 5.035036}}
{"target": -37.12342676540832, "params": {"C": 570.1847948765378, "gamma": 0.014561901833169896}, "datetime": {"datetime": "2021-09-28 12:52:07", "elapsed": 1084.580991, "delta": 5.885793}}
{"target": -38.87237161223251, "params": {"C": 570.2129356177386, "gamma": 0.0030383353794695973}, "datetime": {"datetime": "2021-09-28 12:52:12", "elapsed": 1090.065215, "delta": 5.484224}}
{"target": -37.19555910810002, "params": {"C": 530.1557864334436, "gamma": 0.017300899272954803}, "datetime": {"datetime": "2021-09-28 12:52:15", "elapsed": 1093.153271, "delta": 3.088056}}
{"target": -37.051468748755724, "params": {"C": 570.135433943005, "gamma": 0.024216716638154896}, "datetime": {"datetime": "2021-09-28 12:52:24", "elapsed": 1101.423782, "delta": 8.270511}}
{"target": -37.62455740431939, "params": {"C": 570.1551374833596, "gamma": 0.05409174633460888}, "datetime": {"datetime": "2021-09-28 12:52:31", "elapsed": 1108.929649, "delta": 7.505867}}
{"target": -38.02442299595412, "params": {"C": 505.97355108733194, "gamma": 0.061855065519669294}, "datetime": {"datetime": "2021-09-28 12:52:39", "elapsed": 1116.882766, "delta": 7.953117}}
{"target": -37.64994252803848, "params": {"C": 566.1459619263296, "gamma": 0.007374300980327928}, "datetime": {"datetime": "2021-09-28 12:52:45", "elapsed": 1122.954648, "delta": 6.071882}}
{"target": -37.286223944581415, "params": {"C": 570.1064133660582, "gamma": 0.03871533894083442}, "datetime": {"datetime": "2021-09-28 12:52:52", "elapsed": 1130.276923, "delta": 7.322275}}
{"target": -37.60473086118246, "params": {"C": 570.0717404677439, "gamma": 0.05319651671247553}, "datetime": {"datetime": "2021-09-28 12:53:00", "elapsed": 1138.259596, "delta": 7.982673}}
{"target": -37.79043840179965, "params": {"C": 530.1598525244143, "gamma": 0.05555383421051329}, "datetime": {"datetime": "2021-09-28 12:53:08", "elapsed": 1145.403593, "delta": 7.143997}}
{"target": -37.08277162315268, "params": {"C": 570.076906371135, "gamma": 0.016423927609219995}, "datetime": {"datetime": "2021-09-28 12:53:17", "elapsed": 1154.411222, "delta": 9.007629}}
{"target": -38.08248158479465, "params": {"C": 379.4056918918063, "gamma": 0.0408319986801676}, "datetime": {"datetime": "2021-09-28 12:53:20", "elapsed": 1157.785464, "delta": 3.374242}}
{"target": -38.8656643941815, "params": {"C": 234.9049308109986, "gamma": 0.013498459112122569}, "datetime": {"datetime": "2021-09-28 12:53:23", "elapsed": 1161.281462, "delta": 3.495998}}
{"target": -37.20418521927802, "params": {"C": 570.5554307036456, "gamma": 0.03467943414669178}, "datetime": {"datetime": "2021-09-28 12:53:30", "elapsed": 1168.024915, "delta": 6.743453}}
{"target": -38.49231210932886, "params": {"C": 570.5764281229613, "gamma": 0.08597868485057122}, "datetime": {"datetime": "2021-09-28 12:53:38", "elapsed": 1175.620379, "delta": 7.595464}}
{"target": -37.14175916503233, "params": {"C": 569.6237089820129, "gamma": 0.031031577828452596}, "datetime": {"datetime": "2021-09-28 12:53:42", "elapsed": 1179.819061, "delta": 4.198682}}
{"target": -37.34262972832635, "params": {"C": 570.1568015338339, "gamma": 0.00989195773096226}, "datetime": {"datetime": "2021-09-28 12:53:49", "elapsed": 1186.448701, "delta": 6.62964}}
{"target": -37.27680034730517, "params": {"C": 530.1250616229016, "gamma": 0.013687513041205884}, "datetime": {"datetime": "2021-09-28 12:53:53", "elapsed": 1190.749827, "delta": 4.301126}}
{"target": -38.84452404729484, "params": {"C": 322.12246605751443, "gamma": 0.05919511421761737}, "datetime": {"datetime": "2021-09-28 12:53:56", "elapsed": 1193.889132, "delta": 3.139305}}
{"target": -37.863526562794185, "params": {"C": 496.0368831256637, "gamma": 0.053398537074248735}, "datetime": {"datetime": "2021-09-28 12:54:02", "elapsed": 1199.819006, "delta": 5.929874}}
{"target": -38.257345724499004, "params": {"C": 363.1909148253826, "gamma": 0.04488163470964448}, "datetime": {"datetime": "2021-09-28 12:54:05", "elapsed": 1203.020918, "delta": 3.201912}}
{"target": -38.44778580146765, "params": {"C": 569.5099100124081, "gamma": 0.004065948758860104}, "datetime": {"datetime": "2021-09-28 12:54:16", "elapsed": 1213.361844, "delta": 10.340926}}
{"target": -37.3592944759158, "params": {"C": 505.44705747140375, "gamma": 0.030834481042274983}, "datetime": {"datetime": "2021-09-28 12:54:20", "elapsed": 1218.119198, "delta": 4.757354}}
{"target": -37.20527011844521, "params": {"C": 579.7526002496527, "gamma": 0.03623020770565278}, "datetime": {"datetime": "2021-09-28 12:54:25", "elapsed": 1223.039275, "delta": 4.920077}}
{"target": -39.21958289412046, "params": {"C": 529.5245864941517, "gamma": 0.11109484396270276}, "datetime": {"datetime": "2021-09-28 12:54:29", "elapsed": 1226.388373, "delta": 3.349098}}
{"target": -38.40473886890278, "params": {"C": 570.2610339446196, "gamma": 0.0041788721923517475}, "datetime": {"datetime": "2021-09-28 12:54:35", "elapsed": 1233.108487, "delta": 6.720114}}
{"target": -37.17758127395597, "params": {"C": 559.792614130475, "gamma": 0.03125475608016476}, "datetime": {"datetime": "2021-09-28 12:54:43", "elapsed": 1240.620093, "delta": 7.511606}}
{"target": -37.04483999912855, "params": {"C": 570.0474729372802, "gamma": 0.020428863333573345}, "datetime": {"datetime": "2021-09-28 12:54:49", "elapsed": 1246.904358, "delta": 6.284265}}
