{"target": -35.12072917828651, "params": {"C": 4232.3912373698995, "gamma": 0.07876269290932295}, "datetime": {"datetime": "2021-09-28 16:16:20", "elapsed": 294.753687, "delta": 1.382728}}
{"target": -37.02499044317362, "params": {"C": 4024.7658574505626, "gamma": 0.005933809585271557}, "datetime": {"datetime": "2021-09-28 16:16:22", "elapsed": 296.948249, "delta": 2.194562}}
{"target": -34.62253982445135, "params": {"C": 4323.902419748885, "gamma": 0.04008909090949757}, "datetime": {"datetime": "2021-09-28 16:16:24", "elapsed": 298.968459, "delta": 2.02021}}
{"target": -34.93854498690283, "params": {"C": 4605.240004393928, "gamma": 0.06691882469640019}, "datetime": {"datetime": "2021-09-28 16:16:26", "elapsed": 300.633545, "delta": 1.665086}}
{"target": -37.2634629764674, "params": {"C": 4024.6824341250285, "gamma": 0.005}, "datetime": {"datetime": "2021-09-28 16:16:28", "elapsed": 302.530691, "delta": 1.897146}}
{"target": -36.43773814250337, "params": {"C": 4415.497729352248, "gamma": 0.16240165424391206}, "datetime": {"datetime": "2021-09-28 16:16:29", "elapsed": 303.972694, "delta": 1.442003}}
{"target": -36.72735811845321, "params": {"C": 4721.861134106307, "gamma": 0.006400914322577157}, "datetime": {"datetime": "2021-09-28 16:16:31", "elapsed": 305.699838, "delta": 1.727144}}
{"target": -34.82139053950486, "params": {"C": 4848.529798091985, "gamma": 0.02077841765787637}, "datetime": {"datetime": "2021-09-28 16:16:34", "elapsed": 308.427634, "delta": 2.727796}}
{"target": -34.69275132963455, "params": {"C": 4406.238426421577, "gamma": 0.026744092800626233}, "datetime": {"datetime": "2021-09-28 16:16:37", "elapsed": 311.029464, "delta": 2.60183}}
{"target": -34.94063511952386, "params": {"C": 4723.513037444206, "gamma": 0.0671781073988854}, "datetime": {"datetime": "2021-09-28 16:16:38", "elapsed": 312.255462, "delta": 1.225998}}
{"target": -34.64946866781931, "params": {"C": 4323.807137141668, "gamma": 0.043452676395523276}, "datetime": {"datetime": "2021-09-28 16:16:40", "elapsed": 314.453142, "delta": 2.19768}}
{"target": -35.00059551744135, "params": {"C": 4816.7650106465735, "gamma": 0.07123752070133278}, "datetime": {"datetime": "2021-09-28 16:16:42", "elapsed": 316.091143, "delta": 1.638001}}
{"target": -35.30495068533778, "params": {"C": 4323.904756961307, "gamma": 0.08840537997743288}, "datetime": {"datetime": "2021-09-28 16:16:44", "elapsed": 318.440959, "delta": 2.349816}}
{"target": -34.89446792332508, "params": {"C": 4045.308545854126, "gamma": 0.06297336022707038}, "datetime": {"datetime": "2021-09-28 16:16:47", "elapsed": 321.407716, "delta": 2.966757}}
{"target": -34.7553982880626, "params": {"C": 4323.868908747078, "gamma": 0.05303111258160236}, "datetime": {"datetime": "2021-09-28 16:16:49", "elapsed": 323.829607, "delta": 2.421891}}
{"target": -34.842840734587874, "params": {"C": 4848.483817156666, "gamma": 0.060618906881285066}, "datetime": {"datetime": "2021-09-28 16:16:52", "elapsed": 326.013516, "delta": 2.183909}}
{"target": -36.67559343733332, "params": {"C": 4869.444881413752, "gamma": 0.18078365803172053}, "datetime": {"datetime": "2021-09-28 16:16:53", "elapsed": 327.462149, "delta": 1.448633}}
{"target": -35.233751422174585, "params": {"C": 4406.231024147816, "gamma": 0.08447866583156619}, "datetime": {"datetime": "2021-09-28 16:16:55", "elapsed": 329.375973, "delta": 1.913824}}
{"target": -34.60016912541474, "params": {"C": 4605.287680319476, "gamma": 0.03916982777637314}, "datetime": {"datetime": "2021-09-28 16:16:57", "elapsed": 331.944164, "delta": 2.568191}}
{"target": -34.772988446514205, "params": {"C": 4721.983431243983, "gamma": 0.05534558469266723}, "datetime": {"datetime": "2021-09-28 16:16:59", "elapsed": 333.911491, "delta": 1.967327}}
{"target": -35.27365178613307, "params": {"C": 4242.868707713391, "gamma": 0.08699417494863204}, "datetime": {"datetime": "2021-09-28 16:17:02", "elapsed": 336.454526, "delta": 2.543035}}
{"target": -36.27532871996614, "params": {"C": 4977.7098300402195, "gamma": 0.1463778878185413}, "datetime": {"datetime": "2021-09-28 16:17:03", "elapsed": 337.908236, "delta": 1.45371}}
{"target": -35.58368255379434, "params": {"C": 4605.251597940274, "gamma": 0.013901195036100131}, "datetime": {"datetime": "2021-09-28 16:17:06", "elapsed": 340.448086, "delta": 2.53985}}
{"target": -36.69992308342863, "params": {"C": 4468.448461337581, "gamma": 0.18387804372075156}, "datetime": {"datetime": "2021-09-28 16:17:08", "elapsed": 342.040534, "delta": 1.592448}}
{"target": -34.89500358845264, "params": {"C": 4619.617415979077, "gamma": 0.06394818490786433}, "datetime": {"datetime": "2021-09-28 16:17:10", "elapsed": 344.077018, "delta": 2.036484}}
{"target": -34.896957762283684, "params": {"C": 4605.2818959224105, "gamma": 0.06406510736452035}, "datetime": {"datetime": "2021-09-28 16:17:11", "elapsed": 345.941241, "delta": 1.864223}}
{"target": -34.951753631740125, "params": {"C": 4459.609007461118, "gamma": 0.06766057262466438}, "datetime": {"datetime": "2021-09-28 16:17:13", "elapsed": 347.548696, "delta": 1.607455}}
{"target": -35.957517988988975, "params": {"C": 4379.679335279468, "gamma": 0.011387858580927848}, "datetime": {"datetime": "2021-09-28 16:17:14", "elapsed": 348.97413, "delta": 1.425434}}
{"target": -35.37292451572334, "params": {"C": 4619.658852456715, "gamma": 0.0910715834833228}, "datetime": {"datetime": "2021-09-28 16:17:17", "elapsed": 351.603544, "delta": 2.629414}}
{"target": -34.678665861673586, "params": {"C": 4024.7329489538706, "gamma": 0.0450652349974402}, "datetime": {"datetime": "2021-09-28 16:17:19", "elapsed": 353.523759, "delta": 1.920215}}
{"target": -34.81138159485656, "params": {"C": 4756.484144068211, "gamma": 0.02123046858068526}, "datetime": {"datetime": "2021-09-28 16:17:21", "elapsed": 355.324017, "delta": 1.800258}}
{"target": -34.77105762748502, "params": {"C": 4323.93848710599, "gamma": 0.023466801951602504}, "datetime": {"datetime": "2021-09-28 16:17:23", "elapsed": 357.447716, "delta": 2.123699}}
{"target": -34.77214922736746, "params": {"C": 4174.551359817446, "gamma": 0.05396340043724384}, "datetime": {"datetime": "2021-09-28 16:17:24", "elapsed": 358.956899, "delta": 1.509183}}
{"target": -35.57819583742949, "params": {"C": 4353.039334985683, "gamma": 0.014377477371060113}, "datetime": {"datetime": "2021-09-28 16:17:26", "elapsed": 360.739101, "delta": 1.782202}}
{"target": -34.700665340663626, "params": {"C": 4406.282356307438, "gamma": 0.026292081807653914}, "datetime": {"datetime": "2021-09-28 16:17:28", "elapsed": 362.594098, "delta": 1.854997}}
{"target": -35.01663010148924, "params": {"C": 4582.670147557717, "gamma": 0.07215291256343302}, "datetime": {"datetime": "2021-09-28 16:17:30", "elapsed": 364.115095, "delta": 1.520997}}
{"target": -34.79550609111856, "params": {"C": 4721.951475355278, "gamma": 0.05702305742760843}, "datetime": {"datetime": "2021-09-28 16:17:32", "elapsed": 366.248264, "delta": 2.133169}}
{"target": -34.91166068242476, "params": {"C": 4605.325196868428, "gamma": 0.06508010190768138}, "datetime": {"datetime": "2021-09-28 16:17:34", "elapsed": 368.356203, "delta": 2.107939}}
{"target": -35.86580786003219, "params": {"C": 4174.532356064906, "gamma": 0.012391214209967584}, "datetime": {"datetime": "2021-09-28 16:17:36", "elapsed": 370.500839, "delta": 2.144636}}
{"target": -34.82270311857967, "params": {"C": 4242.860048570732, "gamma": 0.022491488888495018}, "datetime": {"datetime": "2021-09-28 16:17:38", "elapsed": 372.516271, "delta": 2.015432}}
{"target": -36.62931162044908, "params": {"C": 4543.2602226372155, "gamma": 0.17746236794870918}, "datetime": {"datetime": "2021-09-28 16:17:39", "elapsed": 373.956196, "delta": 1.439925}}
{"target": -34.796960385760414, "params": {"C": 4321.796679241848, "gamma": 0.05629942980552232}, "datetime": {"datetime": "2021-09-28 16:17:41", "elapsed": 375.561849, "delta": 1.605653}}
{"target": -34.93836588236902, "params": {"C": 4174.606553027686, "gamma": 0.06634959375562595}, "datetime": {"datetime": "2021-09-28 16:17:43", "elapsed": 377.849259, "delta": 2.28741}}
{"target": -34.769845683570296, "params": {"C": 4045.413048895249, "gamma": 0.024780412358400956}, "datetime": {"datetime": "2021-09-28 16:17:45", "elapsed": 379.83206, "delta": 1.982801}}
{"target": -36.4532880514466, "params": {"C": 4600.763627228167, "gamma": 0.16325157328641646}, "datetime": {"datetime": "2021-09-28 16:17:47", "elapsed": 381.426983, "delta": 1.594923}}
{"target": -36.75509901815487, "params": {"C": 4559.722745793187, "gamma": 0.006445943178331148}, "datetime": {"datetime": "2021-09-28 16:17:49", "elapsed": 383.864187, "delta": 2.437204}}
{"target": -36.23712126189413, "params": {"C": 4861.415760773531, "gamma": 0.1444083069235484}, "datetime": {"datetime": "2021-09-28 16:17:51", "elapsed": 385.3766, "delta": 1.512413}}
{"target": -36.63058613034006, "params": {"C": 4605.318323806964, "gamma": 0.006920049943470486}, "datetime": {"datetime": "2021-09-28 16:17:53", "elapsed": 387.636539, "delta": 2.259939}}
{"target": -34.82211365712524, "params": {"C": 4406.2959017246, "gamma": 0.058383886958758444}, "datetime": {"datetime": "2021-09-28 16:17:55", "elapsed": 389.610676, "delta": 1.974137}}
{"target": -36.73868818465221, "params": {"C": 4605.211427944237, "gamma": 0.006467442711347611}, "datetime": {"datetime": "2021-09-28 16:17:57", "elapsed": 391.580883, "delta": 1.970207}}
{"target": -34.675139782026164, "params": {"C": 4619.629628761128, "gamma": 0.026543547114490307}, "datetime": {"datetime": "2021-09-28 16:18:00", "elapsed": 394.394882, "delta": 2.813999}}
{"target": -34.830088966286574, "params": {"C": 4323.957798791361, "gamma": 0.05880699874308695}, "datetime": {"datetime": "2021-09-28 16:18:02", "elapsed": 396.612448, "delta": 2.217566}}
{"target": -34.58064780579188, "params": {"C": 4722.016901685995, "gamma": 0.03467841779593556}, "datetime": {"datetime": "2021-09-28 16:18:05", "elapsed": 399.79882, "delta": 3.186372}}
{"target": -35.2158326225274, "params": {"C": 4722.060512166862, "gamma": 0.08275898774106431}, "datetime": {"datetime": "2021-09-28 16:18:08", "elapsed": 402.032181, "delta": 2.233361}}
{"target": -36.10445493542257, "params": {"C": 4847.1226536010345, "gamma": 0.13454646909497556}, "datetime": {"datetime": "2021-09-28 16:18:09", "elapsed": 403.568869, "delta": 1.536688}}
{"target": -34.751559153523594, "params": {"C": 4273.328609962926, "gamma": 0.02445084428929681}, "datetime": {"datetime": "2021-09-28 16:18:11", "elapsed": 405.066097, "delta": 1.497228}}
{"target": -36.69444317876801, "params": {"C": 4494.112601497691, "gamma": 0.18336148341452624}, "datetime": {"datetime": "2021-09-28 16:18:12", "elapsed": 406.686101, "delta": 1.620004}}
{"target": -35.17954631093992, "params": {"C": 4174.5793609635075, "gamma": 0.0820615667185438}, "datetime": {"datetime": "2021-09-28 16:18:15", "elapsed": 409.073624, "delta": 2.387523}}
{"target": -35.53630439451041, "params": {"C": 4323.981329731013, "gamma": 0.01477411087910386}, "datetime": {"datetime": "2021-09-28 16:18:17", "elapsed": 411.776714, "delta": 2.70309}}
{"target": -36.32793661188178, "params": {"C": 4186.869320329089, "gamma": 0.1549807802114024}, "datetime": {"datetime": "2021-09-28 16:18:19", "elapsed": 413.316421, "delta": 1.539707}}
{"target": -35.07574056999844, "params": {"C": 4070.655769693591, "gamma": 0.07574320487636227}, "datetime": {"datetime": "2021-09-28 16:18:20", "elapsed": 414.97134, "delta": 1.654919}}
{"target": -34.620150792718334, "params": {"C": 4323.77594634449, "gamma": 0.039507546497775804}, "datetime": {"datetime": "2021-09-28 16:18:22", "elapsed": 416.586339, "delta": 1.614999}}
{"target": -35.10711155328342, "params": {"C": 4321.7598176007705, "gamma": 0.07790605965355119}, "datetime": {"datetime": "2021-09-28 16:18:24", "elapsed": 418.983246, "delta": 2.396907}}
{"target": -34.6487201382726, "params": {"C": 4559.661720347887, "gamma": 0.02856876067909079}, "datetime": {"datetime": "2021-09-28 16:18:27", "elapsed": 421.104522, "delta": 2.121276}}
{"target": -34.58010492589717, "params": {"C": 4722.068541200843, "gamma": 0.034139497441672544}, "datetime": {"datetime": "2021-09-28 16:18:29", "elapsed": 423.043742, "delta": 1.93922}}
{"target": -36.84353504723438, "params": {"C": 4075.6405806978796, "gamma": 0.19751751846000704}, "datetime": {"datetime": "2021-09-28 16:18:30", "elapsed": 424.624476, "delta": 1.580734}}
{"target": -34.85636538379789, "params": {"C": 4419.705020883777, "gamma": 0.060915351161999004}, "datetime": {"datetime": "2021-09-28 16:18:32", "elapsed": 426.115996, "delta": 1.49152}}
{"target": -36.520582379138176, "params": {"C": 4946.5656010599705, "gamma": 0.007217420670598728}, "datetime": {"datetime": "2021-09-28 16:18:33", "elapsed": 427.598824, "delta": 1.482828}}
{"target": -36.083277328223836, "params": {"C": 4317.524143906774, "gamma": 0.13624132927452648}, "datetime": {"datetime": "2021-09-28 16:18:35", "elapsed": 429.061812, "delta": 1.462988}}
{"target": -34.84163508999914, "params": {"C": 4756.506050783456, "gamma": 0.060404578414887854}, "datetime": {"datetime": "2021-09-28 16:18:38", "elapsed": 432.587237, "delta": 3.525425}}
{"target": -35.176715887160405, "params": {"C": 4406.154011169232, "gamma": 0.01773069910651412}, "datetime": {"datetime": "2021-09-28 16:18:41", "elapsed": 435.903953, "delta": 3.316716}}
{"target": -34.6401366957289, "params": {"C": 4045.4433083917775, "gamma": 0.039490654523047126}, "datetime": {"datetime": "2021-09-28 16:18:46", "elapsed": 440.144015, "delta": 4.240062}}
{"target": -35.527102292331534, "params": {"C": 4955.397493435917, "gamma": 0.09809051226766559}, "datetime": {"datetime": "2021-09-28 16:18:47", "elapsed": 441.761851, "delta": 1.617836}}
{"target": -34.60426561600079, "params": {"C": 4419.664827210125, "gamma": 0.03655472587583626}, "datetime": {"datetime": "2021-09-28 16:18:51", "elapsed": 445.054887, "delta": 3.293036}}
{"target": -36.17540149301294, "params": {"C": 4242.806716840904, "gamma": 0.010019687241948808}, "datetime": {"datetime": "2021-09-28 16:18:53", "elapsed": 447.798761, "delta": 2.743874}}
{"target": -34.64393961566653, "params": {"C": 4045.4902720951973, "gamma": 0.033631912373235116}, "datetime": {"datetime": "2021-09-28 16:18:55", "elapsed": 449.900568, "delta": 2.101807}}
{"target": -35.383857132190016, "params": {"C": 4242.809988758203, "gamma": 0.09285412723851513}, "datetime": {"datetime": "2021-09-28 16:18:58", "elapsed": 452.292166, "delta": 2.391598}}
{"target": -35.188607584429825, "params": {"C": 4419.6468801669125, "gamma": 0.08213342590253354}, "datetime": {"datetime": "2021-09-28 16:19:00", "elapsed": 454.762892, "delta": 2.470726}}
{"target": -35.52191262609652, "params": {"C": 4865.966451586381, "gamma": 0.013965170785796104}, "datetime": {"datetime": "2021-09-28 16:19:02", "elapsed": 456.529104, "delta": 1.766212}}
{"target": -34.63095753896308, "params": {"C": 4321.840129193093, "gamma": 0.03194649628825199}, "datetime": {"datetime": "2021-09-28 16:19:05", "elapsed": 459.265866, "delta": 2.736762}}
{"target": -34.59171008866553, "params": {"C": 4568.328479881607, "gamma": 0.035305060464284305}, "datetime": {"datetime": "2021-09-28 16:19:08", "elapsed": 462.163407, "delta": 2.897541}}
{"target": -34.88606115822255, "params": {"C": 4045.5265373870334, "gamma": 0.062358680775672276}, "datetime": {"datetime": "2021-09-28 16:19:10", "elapsed": 464.82532, "delta": 2.661913}}
{"target": -36.6595080403065, "params": {"C": 4327.422807549796, "gamma": 0.1804678663427313}, "datetime": {"datetime": "2021-09-28 16:19:12", "elapsed": 466.561104, "delta": 1.735784}}
{"target": -35.152994727283364, "params": {"C": 4346.060010457774, "gamma": 0.018091568286993407}, "datetime": {"datetime": "2021-09-28 16:19:14", "elapsed": 468.801238, "delta": 2.240134}}
{"target": -37.16602492881341, "params": {"C": 4419.644003755796, "gamma": 0.005}, "datetime": {"datetime": "2021-09-28 16:19:17", "elapsed": 471.627862, "delta": 2.826624}}
{"target": -34.9952894604089, "params": {"C": 4045.475531437252, "gamma": 0.07015179901850138}, "datetime": {"datetime": "2021-09-28 16:19:20", "elapsed": 474.621793, "delta": 2.993931}}
{"target": -36.20596874303418, "params": {"C": 4014.5015705578644, "gamma": 0.14694467072874556}, "datetime": {"datetime": "2021-09-28 16:19:22", "elapsed": 476.39079, "delta": 1.768997}}
{"target": -35.622921137018004, "params": {"C": 4039.377624862916, "gamma": 0.014598956153586081}, "datetime": {"datetime": "2021-09-28 16:19:24", "elapsed": 478.127476, "delta": 1.736686}}
{"target": -35.40653080336713, "params": {"C": 4273.287948933062, "gamma": 0.015971404218479233}, "datetime": {"datetime": "2021-09-28 16:19:26", "elapsed": 480.419294, "delta": 2.291818}}
{"target": -35.344907552966305, "params": {"C": 4045.5557129788854, "gamma": 0.017027154467281886}, "datetime": {"datetime": "2021-09-28 16:19:28", "elapsed": 482.832498, "delta": 2.413204}}
{"target": -34.929145012235075, "params": {"C": 4321.828464355354, "gamma": 0.06592096953943503}, "datetime": {"datetime": "2021-09-28 16:19:30", "elapsed": 484.783675, "delta": 1.951177}}
{"target": -35.80913201558214, "params": {"C": 4045.4658056286244, "gamma": 0.01305471319166487}, "datetime": {"datetime": "2021-09-28 16:19:34", "elapsed": 488.444328, "delta": 3.660653}}
{"target": -36.74939037444943, "params": {"C": 4756.531782604921, "gamma": 0.006278754722099909}, "datetime": {"datetime": "2021-09-28 16:19:36", "elapsed": 490.639277, "delta": 2.194949}}
{"target": -34.878123096095855, "params": {"C": 4897.246351126383, "gamma": 0.06311809225132395}, "datetime": {"datetime": "2021-09-28 16:19:38", "elapsed": 492.175608, "delta": 1.536331}}
{"target": -34.841761945038044, "params": {"C": 4914.264554229586, "gamma": 0.0606307634439487}, "datetime": {"datetime": "2021-09-28 16:19:39", "elapsed": 493.724001, "delta": 1.548393}}
{"target": -35.03640154059457, "params": {"C": 4157.405932023075, "gamma": 0.07312922196501817}, "datetime": {"datetime": "2021-09-28 16:19:41", "elapsed": 495.405848, "delta": 1.681847}}
{"target": -34.613110204626274, "params": {"C": 4273.359455489683, "gamma": 0.03572652890708656}, "datetime": {"datetime": "2021-09-28 16:19:43", "elapsed": 497.802793, "delta": 2.396945}}
{"target": -36.87804787718599, "params": {"C": 4523.835242193048, "gamma": 0.0059967755976362246}, "datetime": {"datetime": "2021-09-28 16:19:47", "elapsed": 501.048318, "delta": 3.245525}}
{"target": -35.2011141277272, "params": {"C": 4397.455024325687, "gamma": 0.08282704665223596}, "datetime": {"datetime": "2021-09-28 16:19:48", "elapsed": 502.84548, "delta": 1.797162}}
{"target": -35.1164837866129, "params": {"C": 4323.864171551985, "gamma": 0.01849101047860978}, "datetime": {"datetime": "2021-09-28 16:19:51", "elapsed": 505.067221, "delta": 2.221741}}
{"target": -35.12516844768033, "params": {"C": 4816.807689085562, "gamma": 0.0780413354870734}, "datetime": {"datetime": "2021-09-28 16:19:53", "elapsed": 507.185013, "delta": 2.117792}}
{"target": -36.685830427126646, "params": {"C": 4722.0176577455, "gamma": 0.006570961299258557}, "datetime": {"datetime": "2021-09-28 16:19:55", "elapsed": 509.501399, "delta": 2.316386}}
{"target": -34.648963100019465, "params": {"C": 4125.689948874949, "gamma": 0.03216649026673457}, "datetime": {"datetime": "2021-09-28 16:19:58", "elapsed": 512.498137, "delta": 2.996738}}
{"target": -34.79092909417175, "params": {"C": 4722.018553071919, "gamma": 0.056685317744831716}, "datetime": {"datetime": "2021-09-28 16:20:00", "elapsed": 514.916723, "delta": 2.418586}}
{"target": -34.725776456310356, "params": {"C": 4273.336995247513, "gamma": 0.05041490498229703}, "datetime": {"datetime": "2021-09-28 16:20:06", "elapsed": 520.382963, "delta": 5.46624}}
{"target": -34.871707897100855, "params": {"C": 4816.885683653403, "gamma": 0.06258451696816915}, "datetime": {"datetime": "2021-09-28 16:20:08", "elapsed": 522.432628, "delta": 2.049665}}
{"target": -34.68082502456756, "params": {"C": 4914.296870175003, "gamma": 0.0247760408678858}, "datetime": {"datetime": "2021-09-28 16:20:10", "elapsed": 524.715449, "delta": 2.282821}}
{"target": -34.98182404447407, "params": {"C": 4827.144060320163, "gamma": 0.07000610052928569}, "datetime": {"datetime": "2021-09-28 16:20:13", "elapsed": 526.993467, "delta": 2.278018}}
{"target": -35.60525908356216, "params": {"C": 4593.1346912285735, "gamma": 0.10379009497914068}, "datetime": {"datetime": "2021-09-28 16:20:15", "elapsed": 529.132126, "delta": 2.138659}}
{"target": -34.90122375699085, "params": {"C": 4273.3633623992755, "gamma": 0.06387825201515869}, "datetime": {"datetime": "2021-09-28 16:20:17", "elapsed": 531.860089, "delta": 2.727963}}
{"target": -34.85101396747774, "params": {"C": 4822.980832571438, "gamma": 0.06115619820915135}, "datetime": {"datetime": "2021-09-28 16:20:20", "elapsed": 534.62404, "delta": 2.763951}}
{"target": -35.6188855290443, "params": {"C": 4459.5813992774265, "gamma": 0.105124692098432}, "datetime": {"datetime": "2021-09-28 16:20:23", "elapsed": 537.551106, "delta": 2.927066}}
{"target": -34.744086854939795, "params": {"C": 4323.932318879202, "gamma": 0.05210777025319494}, "datetime": {"datetime": "2021-09-28 16:20:26", "elapsed": 540.284032, "delta": 2.732926}}
{"target": -36.82916220882282, "params": {"C": 4220.833710009361, "gamma": 0.19573635392142413}, "datetime": {"datetime": "2021-09-28 16:20:28", "elapsed": 542.192703, "delta": 1.908671}}
{"target": -35.39621468379211, "params": {"C": 4495.316742163481, "gamma": 0.09269343656539131}, "datetime": {"datetime": "2021-09-28 16:20:30", "elapsed": 544.246002, "delta": 2.053299}}
{"target": -34.93498517961178, "params": {"C": 4722.101184794246, "gamma": 0.01947738692107134}, "datetime": {"datetime": "2021-09-28 16:20:33", "elapsed": 547.570426, "delta": 3.324424}}
