{"target": -57.57069603122045, "params": {"C": 178206.24099426318, "gamma": 0.7474990052082118}, "datetime": {"datetime": "2021-10-04 11:44:54", "elapsed": 11.850069, "delta": 0.369904}}
{"target": -54.5217897936812, "params": {"C": 366336.6236957636, "gamma": 0.46902789651062005}, "datetime": {"datetime": "2021-10-04 11:44:54", "elapsed": 12.150935, "delta": 0.300866}}
{"target": -58.9193695397571, "params": {"C": 378229.2099013015, "gamma": 0.9011354275755343}, "datetime": {"datetime": "2021-10-04 11:44:55", "elapsed": 12.451814, "delta": 0.300879}}
{"target": -57.61932407155482, "params": {"C": 87742.06005515318, "gamma": 0.7688086501693998}, "datetime": {"datetime": "2021-10-04 11:44:55", "elapsed": 12.768354, "delta": 0.31654}}
{"target": -58.82357539063953, "params": {"C": 153360.69707127474, "gamma": 0.9984658203728212}, "datetime": {"datetime": "2021-10-04 11:44:55", "elapsed": 13.084492, "delta": 0.316138}}
{"target": -56.44739401187771, "params": {"C": 479537.2084270981, "gamma": 0.5800252054045987}, "datetime": {"datetime": "2021-10-04 11:44:56", "elapsed": 13.422924, "delta": 0.338432}}
{"target": -58.39779574443885, "params": {"C": 74326.25202794431, "gamma": 0.904768096571734}, "datetime": {"datetime": "2021-10-04 11:44:56", "elapsed": 13.75505, "delta": 0.332126}}
{"target": -52.42412239687017, "params": {"C": 347610.04486856406, "gamma": 0.31154893281950863}, "datetime": {"datetime": "2021-10-04 11:44:56", "elapsed": 14.071572, "delta": 0.316522}}
{"target": -59.168635559097446, "params": {"C": 340291.0489249646, "gamma": 0.9746101943639296}, "datetime": {"datetime": "2021-10-04 11:44:57", "elapsed": 14.413475, "delta": 0.341903}}
{"target": -53.50103032698284, "params": {"C": 105053.66748170686, "gamma": 0.4304077725720321}, "datetime": {"datetime": "2021-10-04 11:44:57", "elapsed": 14.725865, "delta": 0.31239}}
{"target": -55.5070726493223, "params": {"C": 285492.36137197475, "gamma": 0.5295587997551716}, "datetime": {"datetime": "2021-10-04 11:44:57", "elapsed": 15.042077, "delta": 0.316212}}
{"target": -53.98591569847505, "params": {"C": 390495.2922679801, "gamma": 0.43737257791122797}, "datetime": {"datetime": "2021-10-04 11:44:58", "elapsed": 15.343006, "delta": 0.300929}}
{"target": -58.57418214037395, "params": {"C": 475452.04100647755, "gamma": 0.8043476834305348}, "datetime": {"datetime": "2021-10-04 11:44:58", "elapsed": 15.728628, "delta": 0.385622}}
{"target": -57.35164390727451, "params": {"C": 151321.3717919572, "gamma": 0.7278513009324854}, "datetime": {"datetime": "2021-10-04 11:44:58", "elapsed": 16.060805, "delta": 0.332177}}
{"target": -54.60064903174532, "params": {"C": 376998.49055189564, "gamma": 0.47244638010243734}, "datetime": {"datetime": "2021-10-04 11:44:59", "elapsed": 16.377315, "delta": 0.31651}}
{"target": -58.68783218980294, "params": {"C": 151528.1664515036, "gamma": 0.9650597489264923}, "datetime": {"datetime": "2021-10-04 11:44:59", "elapsed": 16.731672, "delta": 0.354357}}
{"target": -54.385176539901536, "params": {"C": 119013.33201356932, "gamma": 0.4765971069803303}, "datetime": {"datetime": "2021-10-04 11:44:59", "elapsed": 17.063546, "delta": 0.331874}}
{"target": -58.23721176805442, "params": {"C": 385905.0290565038, "gamma": 0.7712108439869846}, "datetime": {"datetime": "2021-10-04 11:45:00", "elapsed": 17.411334, "delta": 0.347788}}
{"target": -57.5635348361175, "params": {"C": 136019.38772761764, "gamma": 0.7648994463489681}, "datetime": {"datetime": "2021-10-04 11:45:00", "elapsed": 17.765621, "delta": 0.354287}}
{"target": -53.60712690769201, "params": {"C": 377544.01014234044, "gamma": 0.41389820801544447}, "datetime": {"datetime": "2021-10-04 11:45:00", "elapsed": 18.097865, "delta": 0.332244}}
{"target": -57.04165186735684, "params": {"C": 332675.556906749, "gamma": 0.6431863726271766}, "datetime": {"datetime": "2021-10-04 11:45:01", "elapsed": 18.489659, "delta": 0.391794}}
{"target": -54.15227100344975, "params": {"C": 351019.8147754625, "gamma": 0.44951476906450205}, "datetime": {"datetime": "2021-10-04 11:45:01", "elapsed": 18.852068, "delta": 0.362409}}
{"target": -53.301590280496015, "params": {"C": 232975.80272159356, "gamma": 0.4116838801744196}, "datetime": {"datetime": "2021-10-04 11:45:02", "elapsed": 19.215188, "delta": 0.36312}}
{"target": -52.926891588258826, "params": {"C": 144617.97708606627, "gamma": 0.4022022120797599}, "datetime": {"datetime": "2021-10-04 11:45:02", "elapsed": 19.640057, "delta": 0.424869}}
{"target": -57.5509020950885, "params": {"C": 39149.82359146398, "gamma": 0.6500643850398271}, "datetime": {"datetime": "2021-10-04 11:45:02", "elapsed": 19.994443, "delta": 0.354386}}
{"target": -56.51611513199686, "params": {"C": 114492.00745121446, "gamma": 0.6366534128709145}, "datetime": {"datetime": "2021-10-04 11:45:03", "elapsed": 20.496005, "delta": 0.501562}}
{"target": -59.10554427517119, "params": {"C": 451287.7020120324, "gamma": 0.9237378649117018}, "datetime": {"datetime": "2021-10-04 11:45:03", "elapsed": 20.843801, "delta": 0.347796}}
{"target": -51.91557460158847, "params": {"C": 198678.97645177983, "gamma": 0.30978675860691474}, "datetime": {"datetime": "2021-10-04 11:45:04", "elapsed": 21.228996, "delta": 0.385195}}
{"target": -58.32993241155373, "params": {"C": 309321.85239044286, "gamma": 0.8071006980240711}, "datetime": {"datetime": "2021-10-04 11:45:04", "elapsed": 21.63015, "delta": 0.401154}}
{"target": -57.47511553883438, "params": {"C": 427128.17834366224, "gamma": 0.6733718523002331}, "datetime": {"datetime": "2021-10-04 11:45:04", "elapsed": 22.015688, "delta": 0.385538}}
{"target": -57.96551569666678, "params": {"C": 138831.41534342256, "gamma": 0.8280734381241899}, "datetime": {"datetime": "2021-10-04 11:45:05", "elapsed": 22.379097, "delta": 0.363409}}
{"target": -55.58617571915465, "params": {"C": 143825.151346434, "gamma": 0.5493922080995148}, "datetime": {"datetime": "2021-10-04 11:45:05", "elapsed": 22.749071, "delta": 0.369974}}
{"target": -58.31949753322037, "params": {"C": 119326.78444691458, "gamma": 0.9051879510801812}, "datetime": {"datetime": "2021-10-04 11:45:05", "elapsed": 23.149965, "delta": 0.400894}}
{"target": -57.09198001958084, "params": {"C": 182966.40467993266, "gamma": 0.6799287303646309}, "datetime": {"datetime": "2021-10-04 11:45:06", "elapsed": 23.51956, "delta": 0.369595}}
{"target": -57.39711153107627, "params": {"C": 70758.27412101481, "gamma": 0.7170383035800096}, "datetime": {"datetime": "2021-10-04 11:45:06", "elapsed": 23.936387, "delta": 0.416827}}
{"target": -57.82079848381056, "params": {"C": 82924.00674010227, "gamma": 0.7966866223550022}, "datetime": {"datetime": "2021-10-04 11:45:07", "elapsed": 24.305929, "delta": 0.369542}}
{"target": -52.63240029556103, "params": {"C": 379119.86793422204, "gamma": 0.33002430073998545}, "datetime": {"datetime": "2021-10-04 11:45:07", "elapsed": 24.722398, "delta": 0.416469}}
{"target": -58.68513825884219, "params": {"C": 403202.69499787374, "gamma": 0.8422120648701539}, "datetime": {"datetime": "2021-10-04 11:45:07", "elapsed": 25.123341, "delta": 0.400943}}
{"target": -57.331277158718784, "params": {"C": 343573.48820723384, "gamma": 0.6702885203795477}, "datetime": {"datetime": "2021-10-04 11:45:08", "elapsed": 25.538274, "delta": 0.414933}}
{"target": -59.32745617243664, "params": {"C": 416178.92568721646, "gamma": 0.9895154287818013}, "datetime": {"datetime": "2021-10-04 11:45:08", "elapsed": 25.945041, "delta": 0.406767}}
{"target": -59.10421956563898, "params": {"C": 393137.0923176408, "gamma": 0.9382379922120845}, "datetime": {"datetime": "2021-10-04 11:45:09", "elapsed": 26.363779, "delta": 0.418738}}
{"target": -57.9887501695037, "params": {"C": 340759.86561661813, "gamma": 0.7476833259829503}, "datetime": {"datetime": "2021-10-04 11:45:09", "elapsed": 26.796317, "delta": 0.432538}}
{"target": -54.55285530179222, "params": {"C": 212685.30621713685, "gamma": 0.48058808720213486}, "datetime": {"datetime": "2021-10-04 11:45:09", "elapsed": 27.181652, "delta": 0.385335}}
{"target": -57.527226010227075, "params": {"C": 314268.56680001423, "gamma": 0.6971576534891204}, "datetime": {"datetime": "2021-10-04 11:45:10", "elapsed": 27.560682, "delta": 0.37903}}
{"target": -56.85291837285176, "params": {"C": 354454.02940961433, "gamma": 0.6239560850070541}, "datetime": {"datetime": "2021-10-04 11:45:10", "elapsed": 27.946379, "delta": 0.385697}}
{"target": -52.76692668414521, "params": {"C": 430565.723299264, "gamma": 0.3362104987699982}, "datetime": {"datetime": "2021-10-04 11:45:11", "elapsed": 28.347231, "delta": 0.400852}}
{"target": -54.92191048241696, "params": {"C": 17630.543960605093, "gamma": 0.33605683541984066}, "datetime": {"datetime": "2021-10-04 11:45:11", "elapsed": 28.770641, "delta": 0.42341}}
{"target": -52.722924251962795, "params": {"C": 336771.1249924017, "gamma": 0.34991559729198574}, "datetime": {"datetime": "2021-10-04 11:45:11", "elapsed": 29.171816, "delta": 0.401175}}
{"target": -57.85651041611111, "params": {"C": 350318.5640559053, "gamma": 0.7288292439233048}, "datetime": {"datetime": "2021-10-04 11:45:12", "elapsed": 29.651159, "delta": 0.479343}}
{"target": -58.029240648315955, "params": {"C": 458040.6704449829, "gamma": 0.7305177721092393}, "datetime": {"datetime": "2021-10-04 11:45:12", "elapsed": 30.137082, "delta": 0.485923}}
{"target": -55.94338186309022, "params": {"C": 51998.539688820194, "gamma": 0.5498825969485333}, "datetime": {"datetime": "2021-10-04 11:45:13", "elapsed": 30.538367, "delta": 0.401285}}
{"target": -54.32585050455257, "params": {"C": 70849.31662225409, "gamma": 0.4661700199004449}, "datetime": {"datetime": "2021-10-04 11:45:13", "elapsed": 31.009913, "delta": 0.471546}}
{"target": -54.42086225122379, "params": {"C": 309577.73691256554, "gamma": 0.46662428789640387}, "datetime": {"datetime": "2021-10-04 11:45:14", "elapsed": 31.498735, "delta": 0.488822}}
{"target": -57.77116417459533, "params": {"C": 187342.07059114834, "gamma": 0.7746042890382605}, "datetime": {"datetime": "2021-10-04 11:45:14", "elapsed": 31.937707, "delta": 0.438972}}
{"target": -61.16334939698519, "params": {"C": 13642.18847395372, "gamma": 0.7452711198527482}, "datetime": {"datetime": "2021-10-04 11:45:15", "elapsed": 32.418171, "delta": 0.480464}}
{"target": -56.61405535754122, "params": {"C": 123352.48656014042, "gamma": 0.6443324428409674}, "datetime": {"datetime": "2021-10-04 11:45:15", "elapsed": 32.91962, "delta": 0.501449}}
{"target": -53.713653034999226, "params": {"C": 494221.4438799228, "gamma": 0.4108590999608689}, "datetime": {"datetime": "2021-10-04 11:45:16", "elapsed": 33.317909, "delta": 0.398289}}
{"target": -52.79396966996752, "params": {"C": 343221.7317361489, "gamma": 0.35619253121908623}, "datetime": {"datetime": "2021-10-04 11:45:16", "elapsed": 33.788227, "delta": 0.470318}}
{"target": -57.40400589560441, "params": {"C": 157501.89287336505, "gamma": 0.7325737964520309}, "datetime": {"datetime": "2021-10-04 11:45:17", "elapsed": 34.25804, "delta": 0.469813}}
{"target": -56.77758399981308, "params": {"C": 107073.87154924084, "gamma": 0.6659379952018414}, "datetime": {"datetime": "2021-10-04 11:45:17", "elapsed": 34.674592, "delta": 0.416552}}
{"target": -57.01855960366596, "params": {"C": 444266.44515525294, "gamma": 0.6291194069636957}, "datetime": {"datetime": "2021-10-04 11:45:17", "elapsed": 35.160095, "delta": 0.485503}}
{"target": -52.32738567327157, "params": {"C": 107502.37589900363, "gamma": 0.3664063468949677}, "datetime": {"datetime": "2021-10-04 11:45:18", "elapsed": 35.592575, "delta": 0.43248}}
{"target": -55.25426111688062, "params": {"C": 143020.87033942944, "gamma": 0.5271601515735633}, "datetime": {"datetime": "2021-10-04 11:45:18", "elapsed": 36.025064, "delta": 0.432489}}
{"target": -57.54882772506559, "params": {"C": 367892.4600813212, "gamma": 0.6896204857796568}, "datetime": {"datetime": "2021-10-04 11:45:19", "elapsed": 36.456556, "delta": 0.431492}}
{"target": -53.82010747465647, "params": {"C": 419760.8811965093, "gamma": 0.4244768759268683}, "datetime": {"datetime": "2021-10-04 11:45:19", "elapsed": 36.935888, "delta": 0.479332}}
{"target": -57.2798494366694, "params": {"C": 396583.0640624413, "gamma": 0.6578900555555556}, "datetime": {"datetime": "2021-10-04 11:45:20", "elapsed": 37.405888, "delta": 0.47}}
{"target": -59.07342244732057, "params": {"C": 39251.361163408525, "gamma": 0.909682922699887}, "datetime": {"datetime": "2021-10-04 11:45:20", "elapsed": 37.86048, "delta": 0.454592}}
{"target": -53.253246352129736, "params": {"C": 33122.842583765305, "gamma": 0.3399433272998319}, "datetime": {"datetime": "2021-10-04 11:45:21", "elapsed": 38.340212, "delta": 0.479732}}
{"target": -59.02884594364775, "params": {"C": 401885.07422938774, "gamma": 0.9183965608216111}, "datetime": {"datetime": "2021-10-04 11:45:21", "elapsed": 38.810411, "delta": 0.470199}}
{"target": -51.85276303207311, "params": {"C": 187945.76306297697, "gamma": 0.3090200416928822}, "datetime": {"datetime": "2021-10-04 11:45:22", "elapsed": 39.258257, "delta": 0.447846}}
{"target": -58.68566221393403, "params": {"C": 331055.0271945281, "gamma": 0.8668848842403798}, "datetime": {"datetime": "2021-10-04 11:45:22", "elapsed": 39.742943, "delta": 0.484686}}
{"target": -57.86921345019494, "params": {"C": 350435.2648499118, "gamma": 0.7303395017091313}, "datetime": {"datetime": "2021-10-04 11:45:23", "elapsed": 40.228381, "delta": 0.485438}}
{"target": -53.08012390215437, "params": {"C": 459556.50930847466, "gamma": 0.36652950537072004}, "datetime": {"datetime": "2021-10-04 11:45:23", "elapsed": 40.682573, "delta": 0.454192}}
{"target": -53.06568790823062, "params": {"C": 70607.75701280613, "gamma": 0.39198597236010213}, "datetime": {"datetime": "2021-10-04 11:45:23", "elapsed": 41.146143, "delta": 0.46357}}
{"target": -51.974732142524324, "params": {"C": 136086.94927468328, "gamma": 0.34120578582311556}, "datetime": {"datetime": "2021-10-04 11:45:24", "elapsed": 41.62341, "delta": 0.477267}}
{"target": -55.87352185450112, "params": {"C": 137465.3791643687, "gamma": 0.5715908585973355}, "datetime": {"datetime": "2021-10-04 11:45:24", "elapsed": 42.0937, "delta": 0.47029}}
{"target": -53.78643547020266, "params": {"C": 57592.40492376901, "gamma": 0.4220998669278182}, "datetime": {"datetime": "2021-10-04 11:45:25", "elapsed": 42.557586, "delta": 0.463886}}
{"target": -58.865885518764294, "params": {"C": 185799.74306070906, "gamma": 0.980839566211583}, "datetime": {"datetime": "2021-10-04 11:45:25", "elapsed": 43.070825, "delta": 0.513239}}
{"target": -54.38243131439446, "params": {"C": 476935.531233668, "gamma": 0.45480063782901026}, "datetime": {"datetime": "2021-10-04 11:45:26", "elapsed": 43.529176, "delta": 0.458351}}
{"target": -57.3894353624035, "params": {"C": 44544.52450642013, "gamma": 0.6565271929506915}, "datetime": {"datetime": "2021-10-04 11:45:26", "elapsed": 44.045536, "delta": 0.51636}}
{"target": -58.9483599894224, "params": {"C": 433343.76517780335, "gamma": 0.8898425667659864}, "datetime": {"datetime": "2021-10-04 11:45:27", "elapsed": 44.552752, "delta": 0.507216}}
{"target": -55.64502265371671, "params": {"C": 223844.72569649023, "gamma": 0.5438627904374704}, "datetime": {"datetime": "2021-10-04 11:45:27", "elapsed": 45.054236, "delta": 0.501484}}
{"target": -52.563141060734836, "params": {"C": 268889.52142609947, "gamma": 0.3512940272252368}, "datetime": {"datetime": "2021-10-04 11:45:28", "elapsed": 45.533731, "delta": 0.479495}}
{"target": -53.49182523616436, "params": {"C": 326576.81396072666, "gamma": 0.4119783240217977}, "datetime": {"datetime": "2021-10-04 11:45:28", "elapsed": 46.057407, "delta": 0.523676}}
{"target": -58.57969707021846, "params": {"C": 431919.130477355, "gamma": 0.8150320547547758}, "datetime": {"datetime": "2021-10-04 11:45:29", "elapsed": 46.574569, "delta": 0.517162}}
{"target": -58.25117750965125, "params": {"C": 289744.01059863897, "gamma": 0.8012739508117339}, "datetime": {"datetime": "2021-10-04 11:45:30", "elapsed": 47.20738, "delta": 0.632811}}
{"target": -57.60447356667846, "params": {"C": 185490.99992224886, "gamma": 0.74894416348305}, "datetime": {"datetime": "2021-10-04 11:45:30", "elapsed": 47.755831, "delta": 0.548451}}
{"target": -56.399708754444944, "params": {"C": 72126.12639012441, "gamma": 0.6119848472124086}, "datetime": {"datetime": "2021-10-04 11:45:31", "elapsed": 48.341285, "delta": 0.585454}}
{"target": -54.46342520330978, "params": {"C": 94204.08021322549, "gamma": 0.4800755058159176}, "datetime": {"datetime": "2021-10-04 11:45:31", "elapsed": 48.911842, "delta": 0.570557}}
{"target": -53.4994291688173, "params": {"C": 351208.5085128591, "gamma": 0.40934615633536775}, "datetime": {"datetime": "2021-10-04 11:45:32", "elapsed": 49.450167, "delta": 0.538325}}
{"target": -56.889828627925716, "params": {"C": 470610.01513988205, "gamma": 0.6165047545215854}, "datetime": {"datetime": "2021-10-04 11:45:32", "elapsed": 49.998571, "delta": 0.548404}}
{"target": -53.33776004646849, "params": {"C": 364582.3622264732, "gamma": 0.39667088291675207}, "datetime": {"datetime": "2021-10-04 11:45:33", "elapsed": 50.569187, "delta": 0.570616}}
{"target": -56.08205761645818, "params": {"C": 251074.36120578562, "gamma": 0.5720577083633067}, "datetime": {"datetime": "2021-10-04 11:45:33", "elapsed": 51.136246, "delta": 0.567059}}
{"target": -57.43301258919184, "params": {"C": 34490.92832411312, "gamma": 0.6110879151560921}, "datetime": {"datetime": "2021-10-04 11:45:34", "elapsed": 51.715913, "delta": 0.579667}}
{"target": -57.55683350698654, "params": {"C": 424476.15133853693, "gamma": 0.682117320931069}, "datetime": {"datetime": "2021-10-04 11:45:35", "elapsed": 52.257517, "delta": 0.541604}}
{"target": -57.95435946262728, "params": {"C": 426660.21093937877, "gamma": 0.726469625998708}, "datetime": {"datetime": "2021-10-04 11:45:35", "elapsed": 52.805877, "delta": 0.54836}}
{"target": -54.76361689563349, "params": {"C": 216420.00238741626, "gamma": 0.49169245080396773}, "datetime": {"datetime": "2021-10-04 11:45:36", "elapsed": 53.344568, "delta": 0.538691}}
{"target": -54.26318342908167, "params": {"C": 415314.52844972233, "gamma": 0.4514560898522524}, "datetime": {"datetime": "2021-10-04 11:45:36", "elapsed": 54.008862, "delta": 0.664294}}
{"target": -58.581419377556074, "params": {"C": 199129.7826843531, "gamma": 0.9053828583255357}, "datetime": {"datetime": "2021-10-04 11:45:37", "elapsed": 54.547045, "delta": 0.538183}}
{"target": -58.037987043911514, "params": {"C": 95146.91422030074, "gamma": 0.8497025915514296}, "datetime": {"datetime": "2021-10-04 11:45:38", "elapsed": 55.197463, "delta": 0.650418}}
{"target": -52.10659984420988, "params": {"C": 154681.20324052588, "gamma": 0.3473725181126829}, "datetime": {"datetime": "2021-10-04 11:45:38", "elapsed": 55.846116, "delta": 0.648653}}
{"target": -55.73323974052058, "params": {"C": 192057.19065541474, "gamma": 0.5537372642191778}, "datetime": {"datetime": "2021-10-04 11:45:39", "elapsed": 56.393826, "delta": 0.54771}}
{"target": -52.38264401554142, "params": {"C": 327299.6720102934, "gamma": 0.31227903284789854}, "datetime": {"datetime": "2021-10-04 11:45:39", "elapsed": 56.948371, "delta": 0.554545}}
{"target": -58.939817410718234, "params": {"C": 357222.00959568867, "gamma": 0.9116698630404956}, "datetime": {"datetime": "2021-10-04 11:45:40", "elapsed": 57.480785, "delta": 0.532414}}
{"target": -58.96818617623229, "params": {"C": 356009.50131464965, "gamma": 0.9183532661931333}, "datetime": {"datetime": "2021-10-04 11:45:40", "elapsed": 58.043408, "delta": 0.562623}}
{"target": -58.276861555051646, "params": {"C": 489601.6552642961, "gamma": 0.75730150726841}, "datetime": {"datetime": "2021-10-04 11:45:41", "elapsed": 58.629354, "delta": 0.585946}}
{"target": -52.7978745554091, "params": {"C": 487938.21162973635, "gamma": 0.32806665786785444}, "datetime": {"datetime": "2021-10-04 11:45:42", "elapsed": 59.204491, "delta": 0.575137}}
{"target": -56.20265602905396, "params": {"C": 80273.26423443547, "gamma": 0.6009298513914445}, "datetime": {"datetime": "2021-10-04 11:45:42", "elapsed": 59.796091, "delta": 0.5916}}
{"target": -52.6109681577894, "params": {"C": 442217.1683377203, "gamma": 0.31238054714431757}, "datetime": {"datetime": "2021-10-04 11:45:43", "elapsed": 60.360243, "delta": 0.564152}}
{"target": -57.64307238910767, "params": {"C": 146096.809882264, "gamma": 0.7731152905448125}, "datetime": {"datetime": "2021-10-04 11:45:43", "elapsed": 61.009038, "delta": 0.648795}}
{"target": -58.726357539198354, "params": {"C": 56973.435214468285, "gamma": 0.932893176464384}, "datetime": {"datetime": "2021-10-04 11:45:44", "elapsed": 61.592791, "delta": 0.583753}}
{"target": -59.2813897766024, "params": {"C": 38738.13158799248, "gamma": 0.9732006813932965}, "datetime": {"datetime": "2021-10-04 11:45:44", "elapsed": 62.178909, "delta": 0.586118}}
{"target": -57.941835746506605, "params": {"C": 177992.38194862215, "gamma": 0.8043958765394668}, "datetime": {"datetime": "2021-10-04 11:45:45", "elapsed": 62.909063, "delta": 0.730154}}
{"target": -56.93023558437178, "params": {"C": 467069.9029238718, "gamma": 0.6200139195489658}, "datetime": {"datetime": "2021-10-04 11:45:46", "elapsed": 63.463323, "delta": 0.55426}}
{"target": -54.51154236220275, "params": {"C": 499983.0447657349, "gamma": 0.46113157121809023}, "datetime": {"datetime": "2021-10-04 11:45:46", "elapsed": 64.054493, "delta": 0.59117}}
{"target": -52.4303788596824, "params": {"C": 86509.94835177144, "gamma": 0.3669430778810298}, "datetime": {"datetime": "2021-10-04 11:45:47", "elapsed": 64.617767, "delta": 0.563274}}
{"target": -54.533213587347795, "params": {"C": 292835.4074216898, "gamma": 0.4731820838072097}, "datetime": {"datetime": "2021-10-04 11:45:48", "elapsed": 65.27574, "delta": 0.657973}}
{"target": -53.94566794741608, "params": {"C": 59863.00154428211, "gamma": 0.43448999348089423}, "datetime": {"datetime": "2021-10-04 11:45:48", "elapsed": 65.9088, "delta": 0.63306}}
