{"target": 0.19170686696160744, "params": {"C": 89826.83864485018, "gamma": 0.2148750227452898}, "datetime": {"datetime": "2021-10-04 10:50:36", "elapsed": 127.4281, "delta": 1.473786}}
{"target": 0.20121173525284797, "params": {"C": 61963.20821092357, "gamma": 0.2352859682299326}, "datetime": {"datetime": "2021-10-04 10:50:37", "elapsed": 128.511886, "delta": 1.083786}}
{"target": 0.2122735823320715, "params": {"C": 47774.73947375498, "gamma": 0.32193338553413026}, "datetime": {"datetime": "2021-10-04 10:50:38", "elapsed": 130.279838, "delta": 1.767952}}
{"target": 0.21103573211359328, "params": {"C": 50336.8374278805, "gamma": 0.29794320139394825}, "datetime": {"datetime": "2021-10-04 10:50:40", "elapsed": 131.476596, "delta": 1.196758}}
{"target": 0.2399757548460698, "params": {"C": 94323.89666847888, "gamma": 0.5306166042485423}, "datetime": {"datetime": "2021-10-04 10:50:41", "elapsed": 132.590598, "delta": 1.114002}}
{"target": 0.2162337594069188, "params": {"C": 50334.785045070676, "gamma": 0.4481679598594607}, "datetime": {"datetime": "2021-10-04 10:50:42", "elapsed": 134.019663, "delta": 1.429065}}
{"target": 0.14538702269177362, "params": {"C": 47779.555809281075, "gamma": 0.7788194067014429}, "datetime": {"datetime": "2021-10-04 10:50:44", "elapsed": 135.766451, "delta": 1.746788}}
{"target": 0.20180974554872155, "params": {"C": 94349.9748166656, "gamma": 0.24786078535541167}, "datetime": {"datetime": "2021-10-04 10:50:46", "elapsed": 137.556591, "delta": 1.79014}}
{"target": 0.12588464853783388, "params": {"C": 60353.078197296316, "gamma": 0.9686422444563887}, "datetime": {"datetime": "2021-10-04 10:50:47", "elapsed": 139.244299, "delta": 1.687708}}
{"target": 0.16796173590164054, "params": {"C": 94322.37604089515, "gamma": 0.9097522259070379}, "datetime": {"datetime": "2021-10-04 10:50:49", "elapsed": 140.59462, "delta": 1.350321}}
{"target": 0.12862570364524695, "params": {"C": 50333.318539246044, "gamma": 0.8755689189938631}, "datetime": {"datetime": "2021-10-04 10:50:50", "elapsed": 141.795313, "delta": 1.200693}}
{"target": 0.22231337325687694, "params": {"C": 60343.24209280365, "gamma": 0.33816767335747927}, "datetime": {"datetime": "2021-10-04 10:50:51", "elapsed": 142.965763, "delta": 1.17045}}
{"target": 0.14836427490357973, "params": {"C": 89806.92312199606, "gamma": 0.9952474140263792}, "datetime": {"datetime": "2021-10-04 10:50:52", "elapsed": 143.891353, "delta": 0.92559}}
{"target": 0.1614712317927064, "params": {"C": 84103.71265270365, "gamma": 0.9099057015075502}, "datetime": {"datetime": "2021-10-04 10:50:53", "elapsed": 144.848172, "delta": 0.956819}}
{"target": 0.1833535040297739, "params": {"C": 29324.42045463303, "gamma": 0.2735144669691798}, "datetime": {"datetime": "2021-10-04 10:50:54", "elapsed": 145.652347, "delta": 0.804175}}
{"target": 0.04879767635534926, "params": {"C": 28576.28590407079, "gamma": 0.9250155549100438}, "datetime": {"datetime": "2021-10-04 10:50:55", "elapsed": 146.577601, "delta": 0.925254}}
{"target": 0.09449743233373586, "params": {"C": 34537.37824259054, "gamma": 0.8370957548255096}, "datetime": {"datetime": "2021-10-04 10:50:56", "elapsed": 147.657295, "delta": 1.079694}}
{"target": 0.19361163258822223, "params": {"C": 60242.94685669967, "gamma": 0.6590156245081038}, "datetime": {"datetime": "2021-10-04 10:50:57", "elapsed": 148.537359, "delta": 0.880064}}
{"target": 0.19018242533541863, "params": {"C": 60206.22462375485, "gamma": 0.6742652453467612}, "datetime": {"datetime": "2021-10-04 10:50:58", "elapsed": 149.460868, "delta": 0.923509}}
{"target": 0.2271771241171041, "params": {"C": 60213.1200288653, "gamma": 0.39845599831509415}, "datetime": {"datetime": "2021-10-04 10:50:59", "elapsed": 150.436045, "delta": 0.975177}}
{"target": 0.19543115934664523, "params": {"C": 94374.44455605713, "gamma": 0.22932311579481937}, "datetime": {"datetime": "2021-10-04 10:51:00", "elapsed": 151.804249, "delta": 1.368204}}
{"target": 0.2043635036530549, "params": {"C": 60208.38622499933, "gamma": 0.2483393871300444}, "datetime": {"datetime": "2021-10-04 10:51:01", "elapsed": 152.827696, "delta": 1.023447}}
{"target": 0.2319826633146882, "params": {"C": 89805.1787349171, "gamma": 0.3541534723163694}, "datetime": {"datetime": "2021-10-04 10:51:02", "elapsed": 153.774553, "delta": 0.946857}}
{"target": 0.2148236961445772, "params": {"C": 71122.12245971589, "gamma": 0.6110201523472375}, "datetime": {"datetime": "2021-10-04 10:51:03", "elapsed": 154.739006, "delta": 0.964453}}
{"target": 0.07963254566739641, "params": {"C": 38046.13872570012, "gamma": 0.962917756526193}, "datetime": {"datetime": "2021-10-04 10:51:04", "elapsed": 155.588796, "delta": 0.84979}}
{"target": 0.16947803533929617, "params": {"C": 94426.59004291355, "gamma": 0.9026556419721008}, "datetime": {"datetime": "2021-10-04 10:51:05", "elapsed": 156.568082, "delta": 0.979286}}
{"target": 0.15288778654977841, "params": {"C": 60401.902059380925, "gamma": 0.8398832351853478}, "datetime": {"datetime": "2021-10-04 10:51:06", "elapsed": 157.710805, "delta": 1.142723}}
{"target": 0.19402592513552253, "params": {"C": 61951.940623316594, "gamma": 0.666691653484676}, "datetime": {"datetime": "2021-10-04 10:51:07", "elapsed": 158.798317, "delta": 1.087512}}
{"target": 0.13728448720398223, "params": {"C": 71120.75810262692, "gamma": 0.975583523508393}, "datetime": {"datetime": "2021-10-04 10:51:08", "elapsed": 159.867735, "delta": 1.069418}}
{"target": 0.20629017268017413, "params": {"C": 94324.87148237145, "gamma": 0.7293536745231446}, "datetime": {"datetime": "2021-10-04 10:51:09", "elapsed": 160.978673, "delta": 1.110938}}
{"target": 0.18858227611603184, "params": {"C": 61964.50467401961, "gamma": 0.6912193291648616}, "datetime": {"datetime": "2021-10-04 10:51:10", "elapsed": 161.949022, "delta": 0.970349}}
{"target": 0.18340550333090666, "params": {"C": 94348.91464148204, "gamma": 0.8361692305870192}, "datetime": {"datetime": "2021-10-04 10:51:11", "elapsed": 163.11991, "delta": 1.170888}}
{"target": 0.2405480359229143, "params": {"C": 93511.19401373126, "gamma": 0.52075957372299}, "datetime": {"datetime": "2021-10-04 10:51:12", "elapsed": 163.972866, "delta": 0.852956}}
{"target": 0.20863986301230775, "params": {"C": 57773.84705097033, "gamma": 0.570705256466949}, "datetime": {"datetime": "2021-10-04 10:51:13", "elapsed": 164.858866, "delta": 0.886}}
{"target": 0.17483654975189733, "params": {"C": 83987.70444961471, "gamma": 0.8460109059769643}, "datetime": {"datetime": "2021-10-04 10:51:14", "elapsed": 165.817805, "delta": 0.958939}}
{"target": 0.22392644822359742, "params": {"C": 60221.29041214281, "gamma": 0.48455257089915504}, "datetime": {"datetime": "2021-10-04 10:51:15", "elapsed": 166.894821, "delta": 1.077016}}
{"target": 0.11859714475883842, "params": {"C": 58393.72854515563, "gamma": 0.9917520914548261}, "datetime": {"datetime": "2021-10-04 10:51:16", "elapsed": 167.962903, "delta": 1.068082}}
{"target": 0.22260071620933664, "params": {"C": 93511.83840986305, "gamma": 0.6463077749413222}, "datetime": {"datetime": "2021-10-04 10:51:17", "elapsed": 169.275052, "delta": 1.312149}}
{"target": 0.1776917182809451, "params": {"C": 98107.980699248, "gamma": 0.8725920835277492}, "datetime": {"datetime": "2021-10-04 10:51:18", "elapsed": 170.331706, "delta": 1.056654}}
{"target": 0.12713634219210868, "params": {"C": 60264.65248907718, "gamma": 0.9616614112357325}, "datetime": {"datetime": "2021-10-04 10:51:20", "elapsed": 171.68112, "delta": 1.349414}}
{"target": 0.22882162374219472, "params": {"C": 94395.6084313876, "gamma": 0.6137132041887244}, "datetime": {"datetime": "2021-10-04 10:51:21", "elapsed": 172.939983, "delta": 1.258863}}
{"target": 0.14182484183815414, "params": {"C": 15899.001421758556, "gamma": 0.21621282247735918}, "datetime": {"datetime": "2021-10-04 10:51:22", "elapsed": 173.824375, "delta": 0.884392}}
{"target": 0.23815634178594813, "params": {"C": 93510.3042466556, "gamma": 0.5453839767650659}, "datetime": {"datetime": "2021-10-04 10:51:23", "elapsed": 175.107556, "delta": 1.283181}}
{"target": 0.19234009285550313, "params": {"C": 93509.4710674915, "gamma": 0.21959577133171743}, "datetime": {"datetime": "2021-10-04 10:51:24", "elapsed": 176.344398, "delta": 1.236842}}
{"target": 0.15702360600269305, "params": {"C": 88581.2639351626, "gamma": 0.9468201568951911}, "datetime": {"datetime": "2021-10-04 10:51:25", "elapsed": 177.262445, "delta": 0.918047}}
{"target": 0.22655850299327362, "params": {"C": 60363.29427546772, "gamma": 0.45216761928125626}, "datetime": {"datetime": "2021-10-04 10:51:26", "elapsed": 178.32584, "delta": 1.063395}}
{"target": 0.2413088839115577, "params": {"C": 94377.0126359498, "gamma": 0.5149373898893765}, "datetime": {"datetime": "2021-10-04 10:51:28", "elapsed": 179.76194, "delta": 1.4361}}
{"target": 0.16068224528286446, "params": {"C": 72076.29233404722, "gamma": 0.8659729450440485}, "datetime": {"datetime": "2021-10-04 10:51:29", "elapsed": 180.824839, "delta": 1.062899}}
{"target": 0.21818598805934375, "params": {"C": 50334.854370239125, "gamma": 0.3726140640344129}, "datetime": {"datetime": "2021-10-04 10:51:30", "elapsed": 181.772807, "delta": 0.947968}}
{"target": 0.194032161791726, "params": {"C": 94328.66892454529, "gamma": 0.7866462540998109}, "datetime": {"datetime": "2021-10-04 10:51:31", "elapsed": 182.913314, "delta": 1.140507}}
{"target": 0.18870080896211416, "params": {"C": 60539.43985471506, "gamma": 0.6827764439765345}, "datetime": {"datetime": "2021-10-04 10:51:32", "elapsed": 183.900368, "delta": 0.987054}}
{"target": 0.24228353254489465, "params": {"C": 94427.83872755038, "gamma": 0.4305685223502906}, "datetime": {"datetime": "2021-10-04 10:51:33", "elapsed": 185.178359, "delta": 1.277991}}
{"target": 0.2159039939791343, "params": {"C": 85606.72115946878, "gamma": 0.2886112198447795}, "datetime": {"datetime": "2021-10-04 10:51:34", "elapsed": 186.129326, "delta": 0.950967}}
{"target": 0.2266697166945223, "params": {"C": 60351.108876072634, "gamma": 0.44987973966216144}, "datetime": {"datetime": "2021-10-04 10:51:36", "elapsed": 187.364278, "delta": 1.234952}}
{"target": 0.24186310037369751, "params": {"C": 94359.98838030122, "gamma": 0.4242492527933217}, "datetime": {"datetime": "2021-10-04 10:51:37", "elapsed": 188.685014, "delta": 1.320736}}
{"target": 0.19293445434204792, "params": {"C": 70504.03806759398, "gamma": 0.7131272610555157}, "datetime": {"datetime": "2021-10-04 10:51:38", "elapsed": 189.629141, "delta": 0.944127}}
{"target": 0.21082937381863642, "params": {"C": 43978.0373468164, "gamma": 0.3667866932777246}, "datetime": {"datetime": "2021-10-04 10:51:39", "elapsed": 190.581728, "delta": 0.952587}}
{"target": 0.20185511859177707, "params": {"C": 57999.4387675983, "gamma": 0.2394612901824055}, "datetime": {"datetime": "2021-10-04 10:51:40", "elapsed": 191.705153, "delta": 1.123425}}
{"target": 0.2030175037368841, "params": {"C": 43979.30825096619, "gamma": 0.2746887254774447}, "datetime": {"datetime": "2021-10-04 10:51:41", "elapsed": 193.108424, "delta": 1.403271}}
{"target": 0.2041162362989597, "params": {"C": 60400.09251396813, "gamma": 0.6104503308645409}, "datetime": {"datetime": "2021-10-04 10:51:43", "elapsed": 194.499737, "delta": 1.391313}}
{"target": 0.1624820934691381, "params": {"C": 94422.36395947597, "gamma": 0.9370455891039207}, "datetime": {"datetime": "2021-10-04 10:51:44", "elapsed": 195.732739, "delta": 1.233002}}
{"target": 0.24187831357651757, "params": {"C": 94425.008765034, "gamma": 0.4242830446130347}, "datetime": {"datetime": "2021-10-04 10:51:45", "elapsed": 197.037255, "delta": 1.304516}}
{"target": 0.2144392773180328, "params": {"C": 60269.50995289722, "gamma": 0.5545037899282772}, "datetime": {"datetime": "2021-10-04 10:51:46", "elapsed": 198.310528, "delta": 1.273273}}
{"target": 0.21340909616094417, "params": {"C": 95709.76153547961, "gamma": 0.6985071233105613}, "datetime": {"datetime": "2021-10-04 10:51:47", "elapsed": 199.34019, "delta": 1.029662}}
{"target": 0.04130457203638449, "params": {"C": 23893.397852876846, "gamma": 0.8349417010687663}, "datetime": {"datetime": "2021-10-04 10:51:49", "elapsed": 200.412273, "delta": 1.072083}}
{"target": 0.15547754193186936, "params": {"C": 60406.11056441372, "gamma": 0.828227909862949}, "datetime": {"datetime": "2021-10-04 10:51:50", "elapsed": 202.286895, "delta": 1.874622}}
{"target": 0.22690008584174337, "params": {"C": 60264.20662946727, "gamma": 0.4433997617658547}, "datetime": {"datetime": "2021-10-04 10:51:51", "elapsed": 203.309997, "delta": 1.023102}}
{"target": 0.16851049537261809, "params": {"C": 94333.48880491388, "gamma": 0.9071074415668932}, "datetime": {"datetime": "2021-10-04 10:51:53", "elapsed": 205.299798, "delta": 1.989801}}
{"target": 0.025181082585541636, "params": {"C": 11093.618708206077, "gamma": 0.4460664429177559}, "datetime": {"datetime": "2021-10-04 10:51:54", "elapsed": 206.308867, "delta": 1.009069}}
{"target": 0.1992387583880043, "params": {"C": 94359.50564713197, "gamma": 0.7625187000287508}, "datetime": {"datetime": "2021-10-04 10:51:56", "elapsed": 207.857576, "delta": 1.548709}}
{"target": 0.14428724517665792, "params": {"C": 71126.61104916473, "gamma": 0.9402372149520974}, "datetime": {"datetime": "2021-10-04 10:51:58", "elapsed": 209.622462, "delta": 1.764886}}
{"target": 0.18322517268001914, "params": {"C": 89803.60919329488, "gamma": 0.8247374826374605}, "datetime": {"datetime": "2021-10-04 10:51:59", "elapsed": 210.940772, "delta": 1.31831}}
{"target": 0.21341995875746267, "params": {"C": 47775.98348113201, "gamma": 0.4403665476462535}, "datetime": {"datetime": "2021-10-04 10:52:01", "elapsed": 212.628577, "delta": 1.687805}}
{"target": 0.20327611939592527, "params": {"C": 94373.08239736113, "gamma": 0.7436773837441779}, "datetime": {"datetime": "2021-10-04 10:52:02", "elapsed": 214.104697, "delta": 1.47612}}
{"target": 0.2192792482825856, "params": {"C": 60241.926158764254, "gamma": 0.31829390381734907}, "datetime": {"datetime": "2021-10-04 10:52:04", "elapsed": 215.572624, "delta": 1.467927}}
{"target": 0.2218594895614231, "params": {"C": 94374.38122673695, "gamma": 0.31107004772204905}, "datetime": {"datetime": "2021-10-04 10:52:05", "elapsed": 216.725707, "delta": 1.153083}}
{"target": 0.11913072996506069, "params": {"C": 50338.0508074157, "gamma": 0.9203029617158807}, "datetime": {"datetime": "2021-10-04 10:52:07", "elapsed": 218.536042, "delta": 1.810335}}
{"target": 0.031680568355458405, "params": {"C": 27694.825676240598, "gamma": 0.9869966201099618}, "datetime": {"datetime": "2021-10-04 10:52:08", "elapsed": 219.824816, "delta": 1.288774}}
{"target": 0.2349889371169529, "params": {"C": 87058.19391732186, "gamma": 0.37357992748155705}, "datetime": {"datetime": "2021-10-04 10:52:09", "elapsed": 221.066646, "delta": 1.24183}}
{"target": 0.21554845915982546, "params": {"C": 50335.8417147378, "gamma": 0.456042278557078}, "datetime": {"datetime": "2021-10-04 10:52:11", "elapsed": 222.529643, "delta": 1.462997}}
{"target": 0.23677297248205298, "params": {"C": 87057.4149900699, "gamma": 0.3865260879762811}, "datetime": {"datetime": "2021-10-04 10:52:13", "elapsed": 224.850806, "delta": 2.321163}}
{"target": 0.1651899515110261, "params": {"C": 94394.17045781453, "gamma": 0.9235440938600277}, "datetime": {"datetime": "2021-10-04 10:52:15", "elapsed": 226.352588, "delta": 1.501782}}
{"target": 0.17963869139673694, "params": {"C": 94378.93896012583, "gamma": 0.8539496167965259}, "datetime": {"datetime": "2021-10-04 10:52:16", "elapsed": 228.189012, "delta": 1.836424}}
{"target": 0.1656244653160518, "params": {"C": 89828.39995456999, "gamma": 0.9082306966700779}, "datetime": {"datetime": "2021-10-04 10:52:18", "elapsed": 229.974807, "delta": 1.785795}}
{"target": 0.17357867903970392, "params": {"C": 94393.24275217702, "gamma": 0.8827900314675996}, "datetime": {"datetime": "2021-10-04 10:52:20", "elapsed": 231.515375, "delta": 1.540568}}
{"target": 0.13715258830170374, "params": {"C": 71129.54264851849, "gamma": 0.9763077803813343}, "datetime": {"datetime": "2021-10-04 10:52:21", "elapsed": 233.065403, "delta": 1.550028}}
{"target": 0.1669666066295068, "params": {"C": 93511.04813533541, "gamma": 0.9123728663930326}, "datetime": {"datetime": "2021-10-04 10:52:23", "elapsed": 234.854773, "delta": 1.78937}}
{"target": 0.09745362635861532, "params": {"C": 25353.676632909483, "gamma": 0.6562175936860226}, "datetime": {"datetime": "2021-10-04 10:52:24", "elapsed": 236.343281, "delta": 1.488508}}
{"target": 0.21756253444262652, "params": {"C": 73584.50979347361, "gamma": 0.29540049035529714}, "datetime": {"datetime": "2021-10-04 10:52:26", "elapsed": 237.801606, "delta": 1.458325}}
{"target": 0.12021499137351499, "params": {"C": 60212.72770799863, "gamma": 0.996989726380817}, "datetime": {"datetime": "2021-10-04 10:52:28", "elapsed": 239.506087, "delta": 1.704481}}
{"target": 0.22292505839483168, "params": {"C": 60221.20248501738, "gamma": 0.49413921763755086}, "datetime": {"datetime": "2021-10-04 10:52:29", "elapsed": 241.222081, "delta": 1.715994}}
{"target": 0.15961069117779092, "params": {"C": 86865.25562978968, "gamma": 0.9283500968197924}, "datetime": {"datetime": "2021-10-04 10:52:31", "elapsed": 242.669426, "delta": 1.447345}}
{"target": 0.2097467587906494, "params": {"C": 60364.222381425476, "gamma": 0.58142050566077}, "datetime": {"datetime": "2021-10-04 10:52:33", "elapsed": 245.106755, "delta": 2.437329}}
{"target": 0.21710128280126617, "params": {"C": 86101.84114055359, "gamma": 0.6543010503347673}, "datetime": {"datetime": "2021-10-04 10:52:35", "elapsed": 246.428457, "delta": 1.321702}}
{"target": 0.20945562809067808, "params": {"C": 94356.58238465025, "gamma": 0.714357426440245}, "datetime": {"datetime": "2021-10-04 10:52:36", "elapsed": 248.243756, "delta": 1.815299}}
{"target": 0.16531903362369393, "params": {"C": 89802.33149683604, "gamma": 0.909638603288063}, "datetime": {"datetime": "2021-10-04 10:52:38", "elapsed": 250.048159, "delta": 1.804403}}
{"target": 0.180092632590791, "params": {"C": 94376.48377817367, "gamma": 0.8518027375957804}, "datetime": {"datetime": "2021-10-04 10:52:40", "elapsed": 252.231966, "delta": 2.183807}}
{"target": 0.22804434347992608, "params": {"C": 61637.72448062962, "gamma": 0.39591747611023753}, "datetime": {"datetime": "2021-10-04 10:52:42", "elapsed": 253.391846, "delta": 1.15988}}
{"target": 0.13619342159485526, "params": {"C": 60343.66795424084, "gamma": 0.9174438655347008}, "datetime": {"datetime": "2021-10-04 10:52:43", "elapsed": 255.169409, "delta": 1.777563}}
{"target": 0.1872798331345058, "params": {"C": 94372.98525449855, "gamma": 0.20496326825036704}, "datetime": {"datetime": "2021-10-04 10:52:45", "elapsed": 256.899585, "delta": 1.730176}}
{"target": 0.22190029379377085, "params": {"C": 60263.471213018114, "gamma": 0.5033795133492536}, "datetime": {"datetime": "2021-10-04 10:52:47", "elapsed": 258.558552, "delta": 1.658967}}
{"target": 0.24174884979985023, "params": {"C": 94332.42729469002, "gamma": 0.5084094630559832}, "datetime": {"datetime": "2021-10-04 10:52:49", "elapsed": 260.625649, "delta": 2.067097}}
{"target": 0.21178873192514902, "params": {"C": 94373.09549006548, "gamma": 0.7031521400870211}, "datetime": {"datetime": "2021-10-04 10:52:50", "elapsed": 262.071679, "delta": 1.44603}}
{"target": 0.18184684914757732, "params": {"C": 94425.71923982164, "gamma": 0.8436772981319973}, "datetime": {"datetime": "2021-10-04 10:52:53", "elapsed": 264.481086, "delta": 2.409407}}
{"target": 0.23318945918504086, "params": {"C": 96001.19356226595, "gamma": 0.5906966208360842}, "datetime": {"datetime": "2021-10-04 10:52:54", "elapsed": 265.949735, "delta": 1.468649}}
{"target": 0.12561175224433996, "params": {"C": 60207.866046010015, "gamma": 0.9690021948562137}, "datetime": {"datetime": "2021-10-04 10:52:56", "elapsed": 268.152787, "delta": 2.203052}}
{"target": 0.18683553073558878, "params": {"C": 94323.75500928775, "gamma": 0.20353539225658093}, "datetime": {"datetime": "2021-10-04 10:52:58", "elapsed": 270.078325, "delta": 1.925538}}
{"target": 0.21241258539732233, "params": {"C": 94424.671382069, "gamma": 0.70024861145239}, "datetime": {"datetime": "2021-10-04 10:53:00", "elapsed": 271.772502, "delta": 1.694177}}
{"target": 0.23791893610156223, "params": {"C": 89802.80999673517, "gamma": 0.5335453650858961}, "datetime": {"datetime": "2021-10-04 10:53:01", "elapsed": 273.312039, "delta": 1.539537}}
{"target": 0.23549544762681995, "params": {"C": 73733.73855719954, "gamma": 0.4550896713800427}, "datetime": {"datetime": "2021-10-04 10:53:03", "elapsed": 274.854961, "delta": 1.542922}}
{"target": 0.12931850774566278, "params": {"C": 60259.78737870279, "gamma": 0.9506540008645938}, "datetime": {"datetime": "2021-10-04 10:53:05", "elapsed": 276.800216, "delta": 1.945255}}
{"target": 0.22614541003946642, "params": {"C": 87057.89477089433, "gamma": 0.6081938365697941}, "datetime": {"datetime": "2021-10-04 10:53:07", "elapsed": 278.531398, "delta": 1.731182}}
{"target": 0.2407150511230447, "params": {"C": 87058.86800637688, "gamma": 0.43612371055493687}, "datetime": {"datetime": "2021-10-04 10:53:09", "elapsed": 281.186872, "delta": 2.655474}}
{"target": 0.23030851494950133, "params": {"C": 94396.7270339066, "gamma": 0.34479832434263846}, "datetime": {"datetime": "2021-10-04 10:53:11", "elapsed": 283.130572, "delta": 1.9437}}
{"target": 0.20666179243123028, "params": {"C": 87059.62340242892, "gamma": 0.2588222106310973}, "datetime": {"datetime": "2021-10-04 10:53:14", "elapsed": 286.015499, "delta": 2.884927}}
{"target": 0.20177670211621002, "params": {"C": 60403.840853151254, "gamma": 0.6218645117803818}, "datetime": {"datetime": "2021-10-04 10:53:16", "elapsed": 288.153664, "delta": 2.138165}}
{"target": 0.21042774589270352, "params": {"C": 96000.43949058767, "gamma": 0.7136618088073592}, "datetime": {"datetime": "2021-10-04 10:53:18", "elapsed": 289.88201, "delta": 1.728346}}
