{"target": -41.82455959332896, "params": {"C": 2920.119233796456, "gamma": 0.008412867778760505}, "datetime": {"datetime": "2021-09-29 20:49:25", "elapsed": 237.012372, "delta": 1.861162}}
{"target": -40.90145889054601, "params": {"C": 3381.2729094105125, "gamma": 0.03963033951534361}, "datetime": {"datetime": "2021-09-29 20:49:27", "elapsed": 238.766795, "delta": 1.754423}}
{"target": -41.01409947730244, "params": {"C": 2700.5859662236694, "gamma": 0.0205213970091414}, "datetime": {"datetime": "2021-09-29 20:49:29", "elapsed": 240.420558, "delta": 1.653763}}
{"target": -41.464028721823105, "params": {"C": 3725.445634288763, "gamma": 0.010937506895936765}, "datetime": {"datetime": "2021-09-29 20:49:30", "elapsed": 242.032228, "delta": 1.61167}}
{"target": -40.99651369527205, "params": {"C": 2994.5790063849695, "gamma": 0.04647121475679372}, "datetime": {"datetime": "2021-09-29 20:49:32", "elapsed": 243.668491, "delta": 1.636263}}
{"target": -41.02840115150764, "params": {"C": 3886.146568121996, "gamma": 0.042373089353685174}, "datetime": {"datetime": "2021-09-29 20:49:34", "elapsed": 245.238823, "delta": 1.570332}}
{"target": -40.81890013751564, "params": {"C": 2923.6668713848753, "gamma": 0.03599325321802131}, "datetime": {"datetime": "2021-09-29 20:49:35", "elapsed": 246.815241, "delta": 1.576418}}
{"target": -40.867566295263515, "params": {"C": 3721.328690606861, "gamma": 0.022850862204026014}, "datetime": {"datetime": "2021-09-29 20:49:38", "elapsed": 249.233277, "delta": 2.418036}}
{"target": -41.87389738859169, "params": {"C": 3691.983976330879, "gamma": 0.006920284246097074}, "datetime": {"datetime": "2021-09-29 20:49:40", "elapsed": 251.825779, "delta": 2.592502}}
{"target": -41.36875147703245, "params": {"C": 3031.0694679950093, "gamma": 0.01320169342781704}, "datetime": {"datetime": "2021-09-29 20:49:42", "elapsed": 253.716204, "delta": 1.890425}}
{"target": -40.98638283093419, "params": {"C": 3811.6910447257706, "gamma": 0.04114045787708655}, "datetime": {"datetime": "2021-09-29 20:49:44", "elapsed": 255.874734, "delta": 2.15853}}
{"target": -41.37021839272398, "params": {"C": 2741.816728313217, "gamma": 0.013820283264108522}, "datetime": {"datetime": "2021-09-29 20:49:46", "elapsed": 257.478352, "delta": 1.603618}}
{"target": -40.826003368700285, "params": {"C": 2974.5376974527217, "gamma": 0.027072721175514517}, "datetime": {"datetime": "2021-09-29 20:49:47", "elapsed": 259.080899, "delta": 1.602547}}
{"target": -40.80791237638415, "params": {"C": 3231.020984810208, "gamma": 0.033112410753739295}, "datetime": {"datetime": "2021-09-29 20:49:49", "elapsed": 261.042151, "delta": 1.961252}}
{"target": -41.23058960957829, "params": {"C": 3775.4715435832886, "gamma": 0.05}, "datetime": {"datetime": "2021-09-29 20:49:51", "elapsed": 262.769189, "delta": 1.727038}}
{"target": -40.920871665978815, "params": {"C": 3953.45250551771, "gamma": 0.02045043295073659}, "datetime": {"datetime": "2021-09-29 20:49:54", "elapsed": 265.332479, "delta": 2.56329}}
{"target": -40.84538331620532, "params": {"C": 3942.743033834323, "gamma": 0.033066604152329655}, "datetime": {"datetime": "2021-09-29 20:49:57", "elapsed": 268.602865, "delta": 3.270386}}
{"target": -40.83058376460027, "params": {"C": 3126.516796316977, "gamma": 0.03626001810908617}, "datetime": {"datetime": "2021-09-29 20:50:00", "elapsed": 271.668093, "delta": 3.065228}}
{"target": -41.196668639228825, "params": {"C": 2724.953239053116, "gamma": 0.016585104043756706}, "datetime": {"datetime": "2021-09-29 20:50:03", "elapsed": 274.290013, "delta": 2.62192}}
{"target": -43.86104252778353, "params": {"C": 3535.1968447248864, "gamma": 0.001314453859863898}, "datetime": {"datetime": "2021-09-29 20:50:05", "elapsed": 276.678387, "delta": 2.388374}}
{"target": -40.85388616162851, "params": {"C": 3539.231106582591, "gamma": 0.023823828184542255}, "datetime": {"datetime": "2021-09-29 20:50:07", "elapsed": 278.839127, "delta": 2.16074}}
{"target": -41.60273694494762, "params": {"C": 3434.8968398258603, "gamma": 0.009741973294908442}, "datetime": {"datetime": "2021-09-29 20:50:09", "elapsed": 280.740868, "delta": 1.901741}}
{"target": -41.045728374996536, "params": {"C": 3438.6259568503942, "gamma": 0.04572351269375889}, "datetime": {"datetime": "2021-09-29 20:50:12", "elapsed": 283.12215, "delta": 2.381282}}
{"target": -40.88066003696668, "params": {"C": 3026.691678871328, "gamma": 0.040381617341721944}, "datetime": {"datetime": "2021-09-29 20:50:13", "elapsed": 285.078782, "delta": 1.956632}}
{"target": -41.952386257772915, "params": {"C": 2916.41832079316, "gamma": 0.007373524159172235}, "datetime": {"datetime": "2021-09-29 20:50:16", "elapsed": 287.278174, "delta": 2.199392}}
{"target": -40.93525925452996, "params": {"C": 2798.449276922924, "gamma": 0.044678705637862276}, "datetime": {"datetime": "2021-09-29 20:50:18", "elapsed": 289.935668, "delta": 2.657494}}
{"target": -40.88446336640917, "params": {"C": 3442.67354728397, "gamma": 0.02258376719398821}, "datetime": {"datetime": "2021-09-29 20:50:21", "elapsed": 292.943162, "delta": 3.007494}}
{"target": -40.88613525819233, "params": {"C": 3673.8919178470323, "gamma": 0.03717892786230765}, "datetime": {"datetime": "2021-09-29 20:50:24", "elapsed": 295.389489, "delta": 2.446327}}
{"target": -40.94624360810254, "params": {"C": 2969.1652250450097, "gamma": 0.04426960604160233}, "datetime": {"datetime": "2021-09-29 20:50:27", "elapsed": 298.550311, "delta": 3.160822}}
{"target": -40.95461592494679, "params": {"C": 3687.5918631466266, "gamma": 0.040486372490873765}, "datetime": {"datetime": "2021-09-29 20:50:29", "elapsed": 300.866707, "delta": 2.316396}}
{"target": -41.03539364307628, "params": {"C": 3786.0291821734336, "gamma": 0.043217787683263384}, "datetime": {"datetime": "2021-09-29 20:50:32", "elapsed": 303.127918, "delta": 2.261211}}
{"target": -41.05327456673865, "params": {"C": 3193.8556860723443, "gamma": 0.047588367358283555}, "datetime": {"datetime": "2021-09-29 20:50:34", "elapsed": 305.940267, "delta": 2.812349}}
{"target": -43.03536244618485, "params": {"C": 2601.6672141678014, "gamma": 0.0030754142780541}, "datetime": {"datetime": "2021-09-29 20:50:38", "elapsed": 309.21393, "delta": 3.273663}}
{"target": -40.93174069160558, "params": {"C": 2704.088061912251, "gamma": 0.04500042536472054}, "datetime": {"datetime": "2021-09-29 20:50:40", "elapsed": 311.754343, "delta": 2.540413}}
{"target": -41.14452640204625, "params": {"C": 2886.4320707391726, "gamma": 0.01710258404041767}, "datetime": {"datetime": "2021-09-29 20:50:42", "elapsed": 313.956583, "delta": 2.20224}}
{"target": -40.80888991813345, "params": {"C": 3748.845258673398, "gamma": 0.02944382230823323}, "datetime": {"datetime": "2021-09-29 20:50:45", "elapsed": 316.580555, "delta": 2.623972}}
{"target": -40.83251563052285, "params": {"C": 2714.152972538846, "gamma": 0.03818077969124854}, "datetime": {"datetime": "2021-09-29 20:50:48", "elapsed": 319.324274, "delta": 2.743719}}
{"target": -40.80900806857496, "params": {"C": 3780.0812266095054, "gamma": 0.02855217401833936}, "datetime": {"datetime": "2021-09-29 20:50:50", "elapsed": 321.708518, "delta": 2.384244}}
{"target": -40.825237583717374, "params": {"C": 3881.4567101907182, "gamma": 0.025446402040216577}, "datetime": {"datetime": "2021-09-29 20:50:52", "elapsed": 324.07999, "delta": 2.371472}}
{"target": -40.98329233114662, "params": {"C": 3948.672930177435, "gamma": 0.04025107047709988}, "datetime": {"datetime": "2021-09-29 20:50:55", "elapsed": 326.164232, "delta": 2.084242}}
{"target": -41.52648669044815, "params": {"C": 2747.0158420177095, "gamma": 0.011799859776740727}, "datetime": {"datetime": "2021-09-29 20:50:57", "elapsed": 328.88745, "delta": 2.723218}}
{"target": -40.80710881643787, "params": {"C": 3220.0274368746245, "gamma": 0.02829541023362801}, "datetime": {"datetime": "2021-09-29 20:51:00", "elapsed": 331.396487, "delta": 2.509037}}
{"target": -40.80857248331342, "params": {"C": 3716.2085863190932, "gamma": 0.029738281280683603}, "datetime": {"datetime": "2021-09-29 20:51:02", "elapsed": 333.996122, "delta": 2.599635}}
{"target": -44.270182686913124, "params": {"C": 2606.646160734937, "gamma": 0.0014189435764557403}, "datetime": {"datetime": "2021-09-29 20:51:05", "elapsed": 336.347866, "delta": 2.351744}}
{"target": -41.30194479715475, "params": {"C": 3659.3124188495194, "gamma": 0.013131588290393074}, "datetime": {"datetime": "2021-09-29 20:51:07", "elapsed": 338.772432, "delta": 2.424566}}
{"target": -41.36584583508086, "params": {"C": 3519.7494407060817, "gamma": 0.01243654412040366}, "datetime": {"datetime": "2021-09-29 20:51:09", "elapsed": 340.979493, "delta": 2.207061}}
{"target": -40.84264096289702, "params": {"C": 3121.06452218609, "gamma": 0.03729766644050338}, "datetime": {"datetime": "2021-09-29 20:51:12", "elapsed": 343.440215, "delta": 2.460722}}
{"target": -40.95272015387687, "params": {"C": 2859.557071056823, "gamma": 0.021710987412240805}, "datetime": {"datetime": "2021-09-29 20:51:15", "elapsed": 346.157274, "delta": 2.717059}}
{"target": -40.81828562658605, "params": {"C": 2790.6625044436987, "gamma": 0.036382820741473566}, "datetime": {"datetime": "2021-09-29 20:51:17", "elapsed": 348.481973, "delta": 2.324699}}
{"target": -43.80362196825403, "params": {"C": 3696.233993383665, "gamma": 0.0013}, "datetime": {"datetime": "2021-09-29 20:51:19", "elapsed": 350.943854, "delta": 2.461881}}
{"target": -43.55845975617315, "params": {"C": 3162.2557048996105, "gamma": 0.0017705473928841036}, "datetime": {"datetime": "2021-09-29 20:51:22", "elapsed": 353.304118, "delta": 2.360264}}
{"target": -40.865143204590055, "params": {"C": 2918.211127445441, "gamma": 0.02485896138645783}, "datetime": {"datetime": "2021-09-29 20:51:23", "elapsed": 355.051706, "delta": 1.747588}}
{"target": -40.80587857041347, "params": {"C": 3612.0915252540653, "gamma": 0.029806438867105982}, "datetime": {"datetime": "2021-09-29 20:51:26", "elapsed": 357.521482, "delta": 2.469776}}
{"target": -40.932584394398674, "params": {"C": 3882.771157597056, "gamma": 0.03840878297449959}, "datetime": {"datetime": "2021-09-29 20:51:29", "elapsed": 360.191783, "delta": 2.670301}}
{"target": -41.086442416312444, "params": {"C": 2598.1198350278846, "gamma": 0.01915771935984558}, "datetime": {"datetime": "2021-09-29 20:51:32", "elapsed": 363.332793, "delta": 3.14101}}
{"target": -40.99424993582178, "params": {"C": 3159.4152711920315, "gamma": 0.04534946987630335}, "datetime": {"datetime": "2021-09-29 20:51:35", "elapsed": 366.980693, "delta": 3.6479}}
{"target": -41.7824867387995, "params": {"C": 3164.8954468728743, "gamma": 0.008378326220251968}, "datetime": {"datetime": "2021-09-29 20:51:38", "elapsed": 370.076139, "delta": 3.095446}}
{"target": -43.54257458521911, "params": {"C": 2717.9218916914215, "gamma": 0.0020856326331142126}, "datetime": {"datetime": "2021-09-29 20:51:41", "elapsed": 372.351695, "delta": 2.275556}}
{"target": -40.815432653548974, "params": {"C": 3362.9636758233682, "gamma": 0.026931127667418033}, "datetime": {"datetime": "2021-09-29 20:51:43", "elapsed": 374.34533, "delta": 1.993635}}
{"target": -43.05900092033051, "params": {"C": 2922.8210031444423, "gamma": 0.0026920860252811502}, "datetime": {"datetime": "2021-09-29 20:51:46", "elapsed": 377.159548, "delta": 2.814218}}
{"target": -41.089068676879336, "params": {"C": 3611.4872906671085, "gamma": 0.04626539595500392}, "datetime": {"datetime": "2021-09-29 20:51:48", "elapsed": 379.23998, "delta": 2.080432}}
{"target": -40.801182360904704, "params": {"C": 3325.337194588443, "gamma": 0.030638136455904328}, "datetime": {"datetime": "2021-09-29 20:51:51", "elapsed": 382.894584, "delta": 3.654604}}
{"target": -40.80205867738658, "params": {"C": 2924.330957693118, "gamma": 0.030436737919302324}, "datetime": {"datetime": "2021-09-29 20:51:54", "elapsed": 385.499398, "delta": 2.604814}}
{"target": -41.412104545877305, "params": {"C": 3538.421865443766, "gamma": 0.011809636414700415}, "datetime": {"datetime": "2021-09-29 20:51:56", "elapsed": 388.027068, "delta": 2.52767}}
{"target": -40.85948902990658, "params": {"C": 3637.9595484551505, "gamma": 0.02337046427590428}, "datetime": {"datetime": "2021-09-29 20:51:58", "elapsed": 389.6657, "delta": 1.638632}}
{"target": -40.8148942000717, "params": {"C": 3638.4567003241464, "gamma": 0.03172702916874922}, "datetime": {"datetime": "2021-09-29 20:52:01", "elapsed": 392.957015, "delta": 3.291315}}
{"target": -41.08432613945349, "params": {"C": 3382.2287932059057, "gamma": 0.017214156035336648}, "datetime": {"datetime": "2021-09-29 20:52:04", "elapsed": 395.860875, "delta": 2.90386}}
{"target": -40.80323102185069, "params": {"C": 2719.312780117956, "gamma": 0.03210371838034041}, "datetime": {"datetime": "2021-09-29 20:52:06", "elapsed": 397.626877, "delta": 1.766002}}
{"target": -42.13876919855259, "params": {"C": 3364.9454097325897, "gamma": 0.00545770778650303}, "datetime": {"datetime": "2021-09-29 20:52:09", "elapsed": 400.289332, "delta": 2.662455}}
{"target": -40.931178184119496, "params": {"C": 3025.778629762826, "gamma": 0.04318739000967081}, "datetime": {"datetime": "2021-09-29 20:52:11", "elapsed": 402.392119, "delta": 2.102787}}
{"target": -41.41228261699557, "params": {"C": 3380.395250672571, "gamma": 0.012030097115892688}, "datetime": {"datetime": "2021-09-29 20:52:14", "elapsed": 405.152905, "delta": 2.760786}}
{"target": -41.044591158077715, "params": {"C": 3374.0052213365757, "gamma": 0.018071009445329165}, "datetime": {"datetime": "2021-09-29 20:52:15", "elapsed": 406.957886, "delta": 1.804981}}
{"target": -41.121434832449125, "params": {"C": 3366.5868939807556, "gamma": 0.016516006310889522}, "datetime": {"datetime": "2021-09-29 20:52:18", "elapsed": 409.603162, "delta": 2.645276}}
{"target": -41.13780761272617, "params": {"C": 2789.721100692986, "gamma": 0.017490768170871893}, "datetime": {"datetime": "2021-09-29 20:52:22", "elapsed": 413.207641, "delta": 3.604479}}
{"target": -42.34584238535901, "params": {"C": 2799.3892832325014, "gamma": 0.005125584575969764}, "datetime": {"datetime": "2021-09-29 20:52:25", "elapsed": 416.314997, "delta": 3.107356}}
{"target": -40.80534988021341, "params": {"C": 2800.8129068701896, "gamma": 0.034236648066394156}, "datetime": {"datetime": "2021-09-29 20:52:28", "elapsed": 419.455504, "delta": 3.140507}}
{"target": -40.993714790631046, "params": {"C": 3314.890333955823, "gamma": 0.044371370867190445}, "datetime": {"datetime": "2021-09-29 20:52:30", "elapsed": 421.232295, "delta": 1.776791}}
{"target": -40.8168751628422, "params": {"C": 2797.4928223127094, "gamma": 0.02875342957769475}, "datetime": {"datetime": "2021-09-29 20:52:33", "elapsed": 424.21351, "delta": 2.981215}}
{"target": -41.87469431829249, "params": {"C": 2704.965941009534, "gamma": 0.008397352038930272}, "datetime": {"datetime": "2021-09-29 20:52:36", "elapsed": 427.277644, "delta": 3.064134}}
{"target": -40.93871647487378, "params": {"C": 2703.0788447952455, "gamma": 0.04537999412718718}, "datetime": {"datetime": "2021-09-29 20:52:39", "elapsed": 430.333013, "delta": 3.055369}}
{"target": -40.86444666176659, "params": {"C": 3027.690240863372, "gamma": 0.024519772940561395}, "datetime": {"datetime": "2021-09-29 20:52:41", "elapsed": 432.980779, "delta": 2.647766}}
{"target": -41.30351693636356, "params": {"C": 2706.5624253963965, "gamma": 0.014884501303842671}, "datetime": {"datetime": "2021-09-29 20:52:45", "elapsed": 436.414932, "delta": 3.434153}}
{"target": -40.87876645918394, "params": {"C": 3792.123641160296, "gamma": 0.03611633101116311}, "datetime": {"datetime": "2021-09-29 20:52:47", "elapsed": 438.142077, "delta": 1.727145}}
{"target": -40.987680374786954, "params": {"C": 3722.4172298065305, "gamma": 0.041701862252134965}, "datetime": {"datetime": "2021-09-29 20:52:50", "elapsed": 441.262938, "delta": 3.120861}}
{"target": -40.98059607028036, "params": {"C": 3527.892558785922, "gamma": 0.019332506353165493}, "datetime": {"datetime": "2021-09-29 20:52:53", "elapsed": 444.298186, "delta": 3.035248}}
{"target": -41.53911590886845, "params": {"C": 2715.852626971656, "gamma": 0.011723282626501585}, "datetime": {"datetime": "2021-09-29 20:52:56", "elapsed": 447.577406, "delta": 3.27922}}
{"target": -41.93960995126359, "params": {"C": 3749.820160663971, "gamma": 0.00635037785862126}, "datetime": {"datetime": "2021-09-29 20:53:00", "elapsed": 451.772949, "delta": 4.195543}}
{"target": -40.96612000293452, "params": {"C": 2995.6111396070287, "gamma": 0.04507305521490608}, "datetime": {"datetime": "2021-09-29 20:53:03", "elapsed": 454.936534, "delta": 3.163585}}
{"target": -41.44305647679927, "params": {"C": 2975.5762691698287, "gamma": 0.012333924885342469}, "datetime": {"datetime": "2021-09-29 20:53:08", "elapsed": 459.358671, "delta": 4.422137}}
{"target": -40.98386843714608, "params": {"C": 2699.5383446860797, "gamma": 0.02134473552807378}, "datetime": {"datetime": "2021-09-29 20:53:11", "elapsed": 462.371099, "delta": 3.012428}}
{"target": -40.84073315824074, "params": {"C": 3770.683980401551, "gamma": 0.0336534002303862}, "datetime": {"datetime": "2021-09-29 20:53:12", "elapsed": 463.907099, "delta": 1.536}}
{"target": -42.12870411247539, "params": {"C": 2909.9929149443888, "gamma": 0.006157723676352588}, "datetime": {"datetime": "2021-09-29 20:53:14", "elapsed": 465.546232, "delta": 1.639133}}
{"target": -41.01786642240844, "params": {"C": 3241.1689022465353, "gamma": 0.04584463713993553}, "datetime": {"datetime": "2021-09-29 20:53:16", "elapsed": 467.258654, "delta": 1.712422}}
{"target": -40.82354905752165, "params": {"C": 3421.1819251480183, "gamma": 0.03405044956077569}, "datetime": {"datetime": "2021-09-29 20:53:19", "elapsed": 470.434448, "delta": 3.175794}}
{"target": -41.236361502789485, "params": {"C": 3218.894561541635, "gamma": 0.014794971980491716}, "datetime": {"datetime": "2021-09-29 20:53:23", "elapsed": 474.244142, "delta": 3.809694}}
{"target": -40.84141342826151, "params": {"C": 2780.303980493633, "gamma": 0.03875673844253998}, "datetime": {"datetime": "2021-09-29 20:53:24", "elapsed": 475.78014, "delta": 1.535998}}
{"target": -41.093852807766396, "params": {"C": 2605.983654540387, "gamma": 0.018967661935788933}, "datetime": {"datetime": "2021-09-29 20:53:26", "elapsed": 477.241722, "delta": 1.461582}}
{"target": -41.01515847924914, "params": {"C": 2605.3114474364725, "gamma": 0.020845155473855747}, "datetime": {"datetime": "2021-09-29 20:53:28", "elapsed": 479.870265, "delta": 2.628543}}
{"target": -41.08417837240814, "params": {"C": 3672.479749720982, "gamma": 0.04570745302650795}, "datetime": {"datetime": "2021-09-29 20:53:31", "elapsed": 482.515735, "delta": 2.64547}}
{"target": -40.84016876559854, "params": {"C": 2919.0110310079035, "gamma": 0.026265635294912538}, "datetime": {"datetime": "2021-09-29 20:53:33", "elapsed": 484.988005, "delta": 2.47227}}
{"target": -40.82446936932481, "params": {"C": 3748.0432310953993, "gamma": 0.025572559859041406}, "datetime": {"datetime": "2021-09-29 20:53:36", "elapsed": 488.019101, "delta": 3.031096}}
{"target": -40.89809165729809, "params": {"C": 3439.745210550643, "gamma": 0.03912391153210084}, "datetime": {"datetime": "2021-09-29 20:53:39", "elapsed": 490.179257, "delta": 2.160156}}
{"target": -40.882917005202316, "params": {"C": 3121.0678719886896, "gamma": 0.040015298854967386}, "datetime": {"datetime": "2021-09-29 20:53:40", "elapsed": 491.744413, "delta": 1.565156}}
{"target": -41.014762672332814, "params": {"C": 3120.8080893123065, "gamma": 0.019294383400640096}, "datetime": {"datetime": "2021-09-29 20:53:43", "elapsed": 494.608831, "delta": 2.864418}}
{"target": -40.806696536749065, "params": {"C": 2976.2862158601606, "gamma": 0.03407668069574071}, "datetime": {"datetime": "2021-09-29 20:53:45", "elapsed": 496.496183, "delta": 1.887352}}
{"target": -41.0343060525462, "params": {"C": 2918.640129837038, "gamma": 0.019341000118189948}, "datetime": {"datetime": "2021-09-29 20:53:49", "elapsed": 500.856337, "delta": 4.360154}}
{"target": -40.85757371836631, "params": {"C": 2923.990303307407, "gamma": 0.025226883090155028}, "datetime": {"datetime": "2021-09-29 20:53:53", "elapsed": 505.004559, "delta": 4.148222}}
{"target": -40.80175154398877, "params": {"C": 2797.105764669893, "gamma": 0.03290176718062728}, "datetime": {"datetime": "2021-09-29 20:53:56", "elapsed": 507.27, "delta": 2.265441}}
{"target": -41.01306697521366, "params": {"C": 3362.550838206688, "gamma": 0.044890091502014104}, "datetime": {"datetime": "2021-09-29 20:53:58", "elapsed": 509.261337, "delta": 1.991337}}
{"target": -40.81910752664219, "params": {"C": 3325.7635600628128, "gamma": 0.0340977379499221}, "datetime": {"datetime": "2021-09-29 20:54:03", "elapsed": 514.174086, "delta": 4.912749}}
{"target": -41.107444189951444, "params": {"C": 3363.526128472027, "gamma": 0.0485435099809592}, "datetime": {"datetime": "2021-09-29 20:54:07", "elapsed": 518.710233, "delta": 4.536147}}
{"target": -40.84285714115445, "params": {"C": 2996.062970689846, "gamma": 0.03792778908603001}, "datetime": {"datetime": "2021-09-29 20:54:11", "elapsed": 522.298664, "delta": 3.588431}}
{"target": -40.79951463238573, "params": {"C": 3028.093224876365, "gamma": 0.03106432455199781}, "datetime": {"datetime": "2021-09-29 20:54:13", "elapsed": 524.883879, "delta": 2.585215}}
{"target": -41.09612381050438, "params": {"C": 3748.4224864144153, "gamma": 0.0456668642528122}, "datetime": {"datetime": "2021-09-29 20:54:18", "elapsed": 529.599531, "delta": 4.715652}}
{"target": -41.10522727362449, "params": {"C": 3421.7345584785335, "gamma": 0.04807627476283069}, "datetime": {"datetime": "2021-09-29 20:54:21", "elapsed": 532.176836, "delta": 2.577305}}
{"target": -41.31667324042097, "params": {"C": 3612.6761151499286, "gamma": 0.012984043242908163}, "datetime": {"datetime": "2021-09-29 20:54:25", "elapsed": 536.6748, "delta": 4.497964}}
