{"target": -51.3198146585405, "params": {"C": 371837.8583809658, "gamma": 0.6808751688016796}, "datetime": {"datetime": "2021-10-04 11:43:09", "elapsed": 137.991702, "delta": 1.354095}}
{"target": -51.63484292278462, "params": {"C": 215736.65707366943, "gamma": 0.6991702152898502}, "datetime": {"datetime": "2021-10-04 11:43:11", "elapsed": 139.373789, "delta": 1.382087}}
{"target": -49.55657869755732, "params": {"C": 384483.0530843821, "gamma": 0.49005311423714354}, "datetime": {"datetime": "2021-10-04 11:43:12", "elapsed": 140.375218, "delta": 1.001429}}
{"target": -51.55057017087857, "params": {"C": 435501.60832802777, "gamma": 0.70335269280558}, "datetime": {"datetime": "2021-10-04 11:43:13", "elapsed": 141.664413, "delta": 1.289195}}
{"target": -53.95398541000368, "params": {"C": 418008.6231560504, "gamma": 0.9324292761306627}, "datetime": {"datetime": "2021-10-04 11:43:14", "elapsed": 142.55504, "delta": 0.890627}}
{"target": -49.4549919994431, "params": {"C": 135462.80023968616, "gamma": 0.45513585022688485}, "datetime": {"datetime": "2021-10-04 11:43:15", "elapsed": 143.485546, "delta": 0.930506}}
{"target": -49.42003050349931, "params": {"C": 135462.4828763028, "gamma": 0.4086071174982571}, "datetime": {"datetime": "2021-10-04 11:43:16", "elapsed": 144.752184, "delta": 1.266638}}
{"target": -52.97125783902966, "params": {"C": 126328.16877116733, "gamma": 0.7932553099265249}, "datetime": {"datetime": "2021-10-04 11:43:17", "elapsed": 145.958414, "delta": 1.20623}}
{"target": -54.451352018150146, "params": {"C": 451416.4630797597, "gamma": 0.9869933115296794}, "datetime": {"datetime": "2021-10-04 11:43:18", "elapsed": 147.015414, "delta": 1.057}}
{"target": -50.84381304291286, "params": {"C": 218420.98678077458, "gamma": 0.6316922525160868}, "datetime": {"datetime": "2021-10-04 11:43:19", "elapsed": 147.965042, "delta": 0.949628}}
{"target": -50.20320983176454, "params": {"C": 135460.65941928857, "gamma": 0.5605930672848242}, "datetime": {"datetime": "2021-10-04 11:43:20", "elapsed": 149.238494, "delta": 1.273452}}
{"target": -53.2347482407948, "params": {"C": 448480.76649320533, "gamma": 0.8589148639050238}, "datetime": {"datetime": "2021-10-04 11:43:22", "elapsed": 150.441157, "delta": 1.202663}}
{"target": -52.26969370324601, "params": {"C": 311074.150460671, "gamma": 0.7627505005054505}, "datetime": {"datetime": "2021-10-04 11:43:23", "elapsed": 151.648074, "delta": 1.206917}}
{"target": -51.26750275206346, "params": {"C": 368269.1654219546, "gamma": 0.676223048405771}, "datetime": {"datetime": "2021-10-04 11:43:24", "elapsed": 152.761948, "delta": 1.113874}}
{"target": -53.38586654546266, "params": {"C": 22064.325557683864, "gamma": 0.45726523243760875}, "datetime": {"datetime": "2021-10-04 11:43:25", "elapsed": 153.716476, "delta": 0.954528}}
{"target": -54.43634699453938, "params": {"C": 180448.50500624272, "gamma": 0.9721883173946447}, "datetime": {"datetime": "2021-10-04 11:43:26", "elapsed": 154.707505, "delta": 0.991029}}
{"target": -53.56385355739322, "params": {"C": 135462.8279244161, "gamma": 0.8615925375025544}, "datetime": {"datetime": "2021-10-04 11:43:27", "elapsed": 155.98936, "delta": 1.281855}}
{"target": -50.41914569305617, "params": {"C": 279749.6824181779, "gamma": 0.6017061049537705}, "datetime": {"datetime": "2021-10-04 11:43:28", "elapsed": 157.103325, "delta": 1.113965}}
{"target": -53.63933607637715, "params": {"C": 384484.5064804605, "gamma": 0.8988563115939422}, "datetime": {"datetime": "2021-10-04 11:43:29", "elapsed": 158.272204, "delta": 1.168879}}
{"target": -50.66627110346638, "params": {"C": 146261.40300152107, "gamma": 0.6025793149913313}, "datetime": {"datetime": "2021-10-04 11:43:30", "elapsed": 159.297837, "delta": 1.025633}}
{"target": -49.86057700342566, "params": {"C": 378079.2432041222, "gamma": 0.5522190228951573}, "datetime": {"datetime": "2021-10-04 11:43:32", "elapsed": 160.350605, "delta": 1.052768}}
{"target": -54.44274994892804, "params": {"C": 413249.5329297495, "gamma": 0.9859697146782821}, "datetime": {"datetime": "2021-10-04 11:43:33", "elapsed": 161.668798, "delta": 1.318193}}
{"target": -53.38615979662325, "params": {"C": 123798.43369491256, "gamma": 0.8356942432622881}, "datetime": {"datetime": "2021-10-04 11:43:34", "elapsed": 163.183239, "delta": 1.514441}}
{"target": -50.827759381438966, "params": {"C": 466531.42175503494, "gamma": 0.6405696802922425}, "datetime": {"datetime": "2021-10-04 11:43:35", "elapsed": 164.149547, "delta": 0.966308}}
{"target": -51.33754814701923, "params": {"C": 282201.94794711017, "gamma": 0.6780289423502118}, "datetime": {"datetime": "2021-10-04 11:43:36", "elapsed": 165.056371, "delta": 0.906824}}
{"target": -53.498310552733265, "params": {"C": 417410.2650559075, "gamma": 0.8845081794827232}, "datetime": {"datetime": "2021-10-04 11:43:37", "elapsed": 166.01737, "delta": 0.960999}}
{"target": -49.86673670373895, "params": {"C": 440634.73499570764, "gamma": 0.4277827749660381}, "datetime": {"datetime": "2021-10-04 11:43:38", "elapsed": 167.058368, "delta": 1.040998}}
{"target": -54.53206814615722, "params": {"C": 285399.2314434343, "gamma": 0.9938140685911195}, "datetime": {"datetime": "2021-10-04 11:43:39", "elapsed": 167.988787, "delta": 0.930419}}
{"target": -51.11401370459337, "params": {"C": 209019.32136006726, "gamma": 0.6528346314755931}, "datetime": {"datetime": "2021-10-04 11:43:40", "elapsed": 169.165952, "delta": 1.177165}}
{"target": -53.69392363299053, "params": {"C": 490241.1636066476, "gamma": 0.9044440626458119}, "datetime": {"datetime": "2021-10-04 11:43:41", "elapsed": 170.1948, "delta": 1.028848}}
{"target": -51.93082025658324, "params": {"C": 311071.7536121025, "gamma": 0.7318052643056216}, "datetime": {"datetime": "2021-10-04 11:43:43", "elapsed": 171.426812, "delta": 1.232012}}
{"target": -53.82735212382271, "params": {"C": 215734.91586305478, "gamma": 0.9095215798504849}, "datetime": {"datetime": "2021-10-04 11:43:44", "elapsed": 172.583628, "delta": 1.156816}}
{"target": -50.335310547481434, "params": {"C": 66215.90207012308, "gamma": 0.4121596168580194}, "datetime": {"datetime": "2021-10-04 11:43:45", "elapsed": 173.573838, "delta": 0.99021}}
{"target": -52.959526965301315, "params": {"C": 332805.73970860476, "gamma": 0.8305344513318373}, "datetime": {"datetime": "2021-10-04 11:43:46", "elapsed": 174.799946, "delta": 1.226108}}
{"target": -49.75995131413155, "params": {"C": 152542.75527817223, "gamma": 0.5289383371146583}, "datetime": {"datetime": "2021-10-04 11:43:48", "elapsed": 176.387842, "delta": 1.587896}}
{"target": -54.206279327171785, "params": {"C": 441103.361349786, "gamma": 0.9601151176713932}, "datetime": {"datetime": "2021-10-04 11:43:49", "elapsed": 177.493017, "delta": 1.105175}}
{"target": -50.05333389528396, "params": {"C": 440634.68962721794, "gamma": 0.5696988759027055}, "datetime": {"datetime": "2021-10-04 11:43:50", "elapsed": 179.07349, "delta": 1.580473}}
{"target": -49.598316475243706, "params": {"C": 259184.7617992374, "gamma": 0.41640854336869065}, "datetime": {"datetime": "2021-10-04 11:43:52", "elapsed": 180.356823, "delta": 1.283333}}
{"target": -53.64523401312793, "params": {"C": 355972.45519666455, "gamma": 0.8994797087830364}, "datetime": {"datetime": "2021-10-04 11:43:53", "elapsed": 181.538831, "delta": 1.182008}}
{"target": -53.76386811321346, "params": {"C": 260296.86512295497, "gamma": 0.9074791034282228}, "datetime": {"datetime": "2021-10-04 11:43:54", "elapsed": 183.264914, "delta": 1.726083}}
{"target": -52.72110477895454, "params": {"C": 117441.41822355018, "gamma": 0.7630446340084995}, "datetime": {"datetime": "2021-10-04 11:43:56", "elapsed": 184.446439, "delta": 1.181525}}
{"target": -52.270272285672284, "params": {"C": 296466.58451379347, "gamma": 0.7620823329824009}, "datetime": {"datetime": "2021-10-04 11:43:57", "elapsed": 185.582329, "delta": 1.13589}}
{"target": -52.08855654769762, "params": {"C": 435499.00113372545, "gamma": 0.7502885539377513}, "datetime": {"datetime": "2021-10-04 11:43:58", "elapsed": 187.127184, "delta": 1.544855}}
{"target": -49.65440139773033, "params": {"C": 425760.98282252316, "gamma": 0.46645841488358464}, "datetime": {"datetime": "2021-10-04 11:43:59", "elapsed": 188.222914, "delta": 1.09573}}
{"target": -54.13047645177367, "params": {"C": 21861.81488442643, "gamma": 0.5336102090813271}, "datetime": {"datetime": "2021-10-04 11:44:00", "elapsed": 189.167282, "delta": 0.944368}}
{"target": -53.929764950630414, "params": {"C": 440634.3323309012, "gamma": 0.9296647852408296}, "datetime": {"datetime": "2021-10-04 11:44:02", "elapsed": 190.400941, "delta": 1.233659}}
{"target": -52.491112235605854, "params": {"C": 347862.9331907479, "gamma": 0.7848454457916368}, "datetime": {"datetime": "2021-10-04 11:44:03", "elapsed": 191.417758, "delta": 1.016817}}
{"target": -49.621445245891884, "params": {"C": 211044.61368357931, "gamma": 0.5250900199582934}, "datetime": {"datetime": "2021-10-04 11:44:04", "elapsed": 192.424366, "delta": 1.006608}}
{"target": -49.59164382928798, "params": {"C": 283365.52627498074, "gamma": 0.42959596763680413}, "datetime": {"datetime": "2021-10-04 11:44:05", "elapsed": 193.479216, "delta": 1.05485}}
{"target": -53.6572285611686, "params": {"C": 384480.51421445113, "gamma": 0.9007142844225998}, "datetime": {"datetime": "2021-10-04 11:44:06", "elapsed": 194.764871, "delta": 1.285655}}
{"target": -52.55358832319961, "params": {"C": 371836.5113310234, "gamma": 0.7911267542490018}, "datetime": {"datetime": "2021-10-04 11:44:07", "elapsed": 196.337473, "delta": 1.572602}}
{"target": -51.98782607593834, "params": {"C": 425762.0192947828, "gamma": 0.741071569594828}, "datetime": {"datetime": "2021-10-04 11:44:09", "elapsed": 197.486733, "delta": 1.14926}}
{"target": -52.502095190509735, "params": {"C": 363697.07651507756, "gamma": 0.7861587408297726}, "datetime": {"datetime": "2021-10-04 11:44:10", "elapsed": 199.027031, "delta": 1.540298}}
{"target": -51.558839377696884, "params": {"C": 113852.68252425382, "gamma": 0.6560920250980496}, "datetime": {"datetime": "2021-10-04 11:44:11", "elapsed": 200.088877, "delta": 1.061846}}
{"target": -52.350926185330195, "params": {"C": 477871.40160405275, "gamma": 0.773880342482921}, "datetime": {"datetime": "2021-10-04 11:44:13", "elapsed": 201.351876, "delta": 1.262999}}
{"target": -53.85582332301521, "params": {"C": 107450.15734641741, "gamma": 0.8762062758015747}, "datetime": {"datetime": "2021-10-04 11:44:14", "elapsed": 202.583302, "delta": 1.231426}}
{"target": -53.783536027905804, "params": {"C": 209020.28852969967, "gamma": 0.904169577418745}, "datetime": {"datetime": "2021-10-04 11:44:16", "elapsed": 204.388999, "delta": 1.805697}}
{"target": -49.520810372316376, "params": {"C": 285418.27806789894, "gamma": 0.5148008114893288}, "datetime": {"datetime": "2021-10-04 11:44:17", "elapsed": 205.633892, "delta": 1.244893}}
{"target": -51.5309619644475, "params": {"C": 283365.69157832034, "gamma": 0.6952097409917277}, "datetime": {"datetime": "2021-10-04 11:44:18", "elapsed": 207.138294, "delta": 1.504402}}
{"target": -52.56261985021726, "params": {"C": 41430.24386337871, "gamma": 0.5845498321883169}, "datetime": {"datetime": "2021-10-04 11:44:19", "elapsed": 208.120544, "delta": 0.98225}}
{"target": -54.031322116992065, "params": {"C": 199525.53510584874, "gamma": 0.9291055309151405}, "datetime": {"datetime": "2021-10-04 11:44:20", "elapsed": 209.135, "delta": 1.014456}}
{"target": -52.95957484422479, "params": {"C": 135459.55398753632, "gamma": 0.7971028666490801}, "datetime": {"datetime": "2021-10-04 11:44:22", "elapsed": 210.364661, "delta": 1.229661}}
{"target": -54.40745332599427, "params": {"C": 117059.03517375539, "gamma": 0.9440311156066268}, "datetime": {"datetime": "2021-10-04 11:44:23", "elapsed": 211.569314, "delta": 1.204653}}
{"target": -49.46794648134657, "params": {"C": 173560.76754665535, "gamma": 0.495300525234738}, "datetime": {"datetime": "2021-10-04 11:44:24", "elapsed": 212.984209, "delta": 1.414895}}
{"target": -52.454849504962716, "params": {"C": 168901.79379855376, "gamma": 0.7620170115491479}, "datetime": {"datetime": "2021-10-04 11:44:26", "elapsed": 214.44263, "delta": 1.458421}}
{"target": -54.143191192680966, "params": {"C": 60975.34860969733, "gamma": 0.8250661579194081}, "datetime": {"datetime": "2021-10-04 11:44:27", "elapsed": 215.501309, "delta": 1.058679}}
{"target": -49.78112136656333, "params": {"C": 180895.6263932018, "gamma": 0.5394431146257874}, "datetime": {"datetime": "2021-10-04 11:44:28", "elapsed": 217.211983, "delta": 1.710674}}
{"target": -51.313307672495476, "params": {"C": 368265.61025607283, "gamma": 0.6801754021347772}, "datetime": {"datetime": "2021-10-04 11:44:30", "elapsed": 218.759542, "delta": 1.547559}}
{"target": -54.734057029196535, "params": {"C": 127057.52190903046, "gamma": 0.9902474650824713}, "datetime": {"datetime": "2021-10-04 11:44:31", "elapsed": 219.942656, "delta": 1.183114}}
{"target": -49.694651811909196, "params": {"C": 433247.52652092325, "gamma": 0.5301849456111678}, "datetime": {"datetime": "2021-10-04 11:44:32", "elapsed": 221.039582, "delta": 1.096926}}
{"target": -50.03176716321174, "params": {"C": 413247.47692323127, "gamma": 0.5680141201560116}, "datetime": {"datetime": "2021-10-04 11:44:33", "elapsed": 222.289795, "delta": 1.250213}}
{"target": -51.48473985567074, "params": {"C": 66217.26686690279, "gamma": 0.5856794072238029}, "datetime": {"datetime": "2021-10-04 11:44:35", "elapsed": 223.816732, "delta": 1.526937}}
{"target": -51.78265453775636, "params": {"C": 168491.40771289595, "gamma": 0.702818247844466}, "datetime": {"datetime": "2021-10-04 11:44:36", "elapsed": 224.955554, "delta": 1.138822}}
{"target": -52.726306790971364, "params": {"C": 135460.28921065555, "gamma": 0.773962984628498}, "datetime": {"datetime": "2021-10-04 11:44:38", "elapsed": 226.548886, "delta": 1.593332}}
{"target": -49.452092044467385, "params": {"C": 256091.81691762025, "gamma": 0.505370512611314}, "datetime": {"datetime": "2021-10-04 11:44:39", "elapsed": 227.948849, "delta": 1.399963}}
{"target": -49.41578289796169, "params": {"C": 173560.49987594952, "gamma": 0.40483553516907}, "datetime": {"datetime": "2021-10-04 11:44:41", "elapsed": 229.384372, "delta": 1.435523}}
{"target": -51.932785604393274, "params": {"C": 318504.49896856776, "gamma": 0.7323388742745285}, "datetime": {"datetime": "2021-10-04 11:44:43", "elapsed": 231.561202, "delta": 2.17683}}
{"target": -49.53179018794876, "params": {"C": 375982.97604848497, "gamma": 0.500176750688434}, "datetime": {"datetime": "2021-10-04 11:44:44", "elapsed": 232.790133, "delta": 1.228931}}
{"target": -52.5177042305331, "params": {"C": 114982.12158026997, "gamma": 0.742163195264517}, "datetime": {"datetime": "2021-10-04 11:44:45", "elapsed": 233.88129, "delta": 1.091157}}
{"target": -49.56925682257936, "params": {"C": 363751.68209265335, "gamma": 0.47155036776647286}, "datetime": {"datetime": "2021-10-04 11:44:46", "elapsed": 234.995277, "delta": 1.113987}}
{"target": -52.938319468237395, "params": {"C": 435499.82176857116, "gamma": 0.8295571843657307}, "datetime": {"datetime": "2021-10-04 11:44:47", "elapsed": 236.313255, "delta": 1.317978}}
{"target": -52.67532820645519, "params": {"C": 413246.598360606, "gamma": 0.8033096898779782}, "datetime": {"datetime": "2021-10-04 11:44:49", "elapsed": 237.77092, "delta": 1.457665}}
{"target": -54.078298690594686, "params": {"C": 432252.3711431257, "gamma": 0.9462625726148444}, "datetime": {"datetime": "2021-10-04 11:44:50", "elapsed": 238.873911, "delta": 1.102991}}
{"target": -54.36031812404755, "params": {"C": 243853.48043647263, "gamma": 0.9706334996498192}, "datetime": {"datetime": "2021-10-04 11:44:52", "elapsed": 240.523644, "delta": 1.649733}}
{"target": -51.98316081500972, "params": {"C": 428314.75956706586, "gamma": 0.7407257877510753}, "datetime": {"datetime": "2021-10-04 11:44:53", "elapsed": 241.712825, "delta": 1.189181}}
{"target": -51.46813018029526, "params": {"C": 368264.7959669414, "gamma": 0.693766420051799}, "datetime": {"datetime": "2021-10-04 11:44:54", "elapsed": 243.216966, "delta": 1.504141}}
{"target": -54.363564045168594, "params": {"C": 448479.56634852797, "gamma": 0.9772734305180635}, "datetime": {"datetime": "2021-10-04 11:44:56", "elapsed": 244.805467, "delta": 1.588501}}
{"target": -52.57235375323638, "params": {"C": 378079.2201936342, "gamma": 0.7929976533625174}, "datetime": {"datetime": "2021-10-04 11:44:58", "elapsed": 246.872814, "delta": 2.067347}}
{"target": -49.78824242374388, "params": {"C": 302131.42100535275, "gamma": 0.5469381070826781}, "datetime": {"datetime": "2021-10-04 11:44:59", "elapsed": 247.998302, "delta": 1.125488}}
{"target": -52.329987643574135, "params": {"C": 146261.9432797933, "gamma": 0.7420546307195455}, "datetime": {"datetime": "2021-10-04 11:45:01", "elapsed": 249.764402, "delta": 1.7661}}
{"target": -52.08307038729699, "params": {"C": 368269.6343075035, "gamma": 0.7478427969851023}, "datetime": {"datetime": "2021-10-04 11:45:03", "elapsed": 251.39264, "delta": 1.628238}}
{"target": -51.12743119769435, "params": {"C": 123871.70631125066, "gamma": 0.626962132028686}, "datetime": {"datetime": "2021-10-04 11:45:04", "elapsed": 252.526854, "delta": 1.134214}}
{"target": -50.11883015206164, "params": {"C": 318504.93861671194, "gamma": 0.5761966078619798}, "datetime": {"datetime": "2021-10-04 11:45:05", "elapsed": 254.169127, "delta": 1.642273}}
{"target": -52.20190431075557, "params": {"C": 83954.27869980299, "gamma": 0.6835365534266886}, "datetime": {"datetime": "2021-10-04 11:45:06", "elapsed": 255.272032, "delta": 1.102905}}
{"target": -50.92719547000328, "params": {"C": 413248.9450860364, "gamma": 0.6486015554094311}, "datetime": {"datetime": "2021-10-04 11:45:08", "elapsed": 256.889552, "delta": 1.61752}}
{"target": -51.42240535389643, "params": {"C": 479374.5773211612, "gamma": 0.6930224656270632}, "datetime": {"datetime": "2021-10-04 11:45:09", "elapsed": 258.031675, "delta": 1.142123}}
{"target": -53.048419465525335, "params": {"C": 402146.10479164455, "gamma": 0.8405910999699333}, "datetime": {"datetime": "2021-10-04 11:45:11", "elapsed": 259.451049, "delta": 1.419374}}
{"target": -49.79557079141403, "params": {"C": 152542.02700439494, "gamma": 0.5330050966646197}, "datetime": {"datetime": "2021-10-04 11:45:12", "elapsed": 261.171874, "delta": 1.720825}}
{"target": -50.05279362412199, "params": {"C": 433247.9639163544, "gamma": 0.40425640030865306}, "datetime": {"datetime": "2021-10-04 11:45:14", "elapsed": 262.586936, "delta": 1.415062}}
{"target": -52.656548608813274, "params": {"C": 363916.41723526904, "gamma": 0.8008125870446174}, "datetime": {"datetime": "2021-10-04 11:45:15", "elapsed": 263.706931, "delta": 1.119995}}
{"target": -50.27811145517747, "params": {"C": 364521.3883476608, "gamma": 0.591317253535032}, "datetime": {"datetime": "2021-10-04 11:45:16", "elapsed": 264.885511, "delta": 1.17858}}
{"target": -50.39476568132245, "params": {"C": 168902.09116756762, "gamma": 0.5898650836469401}, "datetime": {"datetime": "2021-10-04 11:45:18", "elapsed": 266.342046, "delta": 1.456535}}
{"target": -54.6572758010483, "params": {"C": 48214.45796367828, "gamma": 0.8337213243419113}, "datetime": {"datetime": "2021-10-04 11:45:19", "elapsed": 267.78567, "delta": 1.443624}}
{"target": -54.26022079397327, "params": {"C": 302131.9089030974, "gamma": 0.963295580248917}, "datetime": {"datetime": "2021-10-04 11:45:21", "elapsed": 269.691489, "delta": 1.905819}}
{"target": -53.20035931482219, "params": {"C": 215735.7585737932, "gamma": 0.8481939398462055}, "datetime": {"datetime": "2021-10-04 11:45:22", "elapsed": 271.14765, "delta": 1.456161}}
{"target": -50.12249519495353, "params": {"C": 364521.89874136617, "gamma": 0.5775616678836709}, "datetime": {"datetime": "2021-10-04 11:45:24", "elapsed": 272.874404, "delta": 1.726754}}
{"target": -50.10569319393245, "params": {"C": 311074.55893594585, "gamma": 0.5748504894259039}, "datetime": {"datetime": "2021-10-04 11:45:25", "elapsed": 274.294589, "delta": 1.420185}}
{"target": -54.03070355585919, "params": {"C": 436027.9918927388, "gamma": 0.9408727939437554}, "datetime": {"datetime": "2021-10-04 11:45:27", "elapsed": 275.491727, "delta": 1.197138}}
{"target": -51.90171024764987, "params": {"C": 385920.77465429425, "gamma": 0.7322677328911046}, "datetime": {"datetime": "2021-10-04 11:45:28", "elapsed": 277.270631, "delta": 1.778904}}
{"target": -49.58380310554065, "params": {"C": 241008.29927759556, "gamma": 0.4087685961150119}, "datetime": {"datetime": "2021-10-04 11:45:30", "elapsed": 278.975571, "delta": 1.70494}}
{"target": -49.59286075280109, "params": {"C": 433247.6774633415, "gamma": 0.4973898543091243}, "datetime": {"datetime": "2021-10-04 11:45:32", "elapsed": 280.801456, "delta": 1.825885}}
{"target": -50.05312336600953, "params": {"C": 413247.2722619042, "gamma": 0.4003983715024594}, "datetime": {"datetime": "2021-10-04 11:45:34", "elapsed": 282.481005, "delta": 1.679549}}
{"target": -52.98767617358601, "params": {"C": 489077.8167197077, "gamma": 0.8350088855955118}, "datetime": {"datetime": "2021-10-04 11:45:35", "elapsed": 283.809413, "delta": 1.328408}}
{"target": -56.63940852844048, "params": {"C": 13970.88221120225, "gamma": 0.6164064142288339}, "datetime": {"datetime": "2021-10-04 11:45:36", "elapsed": 285.012402, "delta": 1.202989}}
{"target": -54.18496533856305, "params": {"C": 239539.74605541438, "gamma": 0.9503939806792355}, "datetime": {"datetime": "2021-10-04 11:45:38", "elapsed": 286.379435, "delta": 1.367033}}
{"target": -51.18139711645464, "params": {"C": 425761.30500503, "gamma": 0.6707897478518019}, "datetime": {"datetime": "2021-10-04 11:45:39", "elapsed": 288.052177, "delta": 1.672742}}
{"target": -49.765033165760855, "params": {"C": 402147.82766942604, "gamma": 0.43501413974708875}, "datetime": {"datetime": "2021-10-04 11:45:41", "elapsed": 289.510438, "delta": 1.458261}}
