{"target": -36.663449952186895, "params": {"C": 9216.223886806714, "gamma": 0.14749373751798645}, "datetime": {"datetime": "2021-09-28 20:32:22", "elapsed": 1760.437921, "delta": 3.794757}}
{"target": -34.35183116317332, "params": {"C": 10855.912265675695, "gamma": 0.024568870686306657}, "datetime": {"datetime": "2021-09-28 20:32:28", "elapsed": 1766.528913, "delta": 6.090992}}
{"target": -35.25946698079305, "params": {"C": 10794.287195545887, "gamma": 0.06693681075688668}, "datetime": {"datetime": "2021-09-28 20:32:41", "elapsed": 1779.411775, "delta": 12.882862}}
{"target": -34.78091789359947, "params": {"C": 10856.019293835736, "gamma": 0.04986170163910099}, "datetime": {"datetime": "2021-09-28 20:32:50", "elapsed": 1787.837773, "delta": 8.425998}}
{"target": -34.42253939463987, "params": {"C": 12004.792654504761, "gamma": 0.029433813938969544}, "datetime": {"datetime": "2021-09-28 20:32:57", "elapsed": 1795.416197, "delta": 7.578424}}
{"target": -35.528949322192965, "params": {"C": 9162.552355093056, "gamma": 0.08175450540961213}, "datetime": {"datetime": "2021-09-28 20:33:01", "elapsed": 1799.348546, "delta": 3.932349}}
{"target": -35.02287588446882, "params": {"C": 9331.225078007494, "gamma": 0.06128845177225155}, "datetime": {"datetime": "2021-09-28 20:33:08", "elapsed": 1806.464525, "delta": 7.115979}}
{"target": -34.52403896864563, "params": {"C": 12057.044043503234, "gamma": 0.03516717743952372}, "datetime": {"datetime": "2021-09-28 20:33:15", "elapsed": 1813.202603, "delta": 6.738078}}
{"target": -35.70832765009421, "params": {"C": 16304.787415447452, "gamma": 0.07227404314871996}, "datetime": {"datetime": "2021-09-29 07:40:37", "elapsed": 0.0, "delta": 0.0}}
{"target": -35.045553348680656, "params": {"C": 14745.428433477666, "gamma": 0.05352862249377798}, "datetime": {"datetime": "2021-09-29 07:40:37", "elapsed": 0.316, "delta": 0.316}}
{"target": -36.30576349907083, "params": {"C": 18357.681726085928, "gamma": 0.09014784344867662}, "datetime": {"datetime": "2021-09-29 07:40:37", "elapsed": 0.645001, "delta": 0.329001}}
{"target": -34.35503130313264, "params": {"C": 13753.511862783018, "gamma": 0.024688073423127743}, "datetime": {"datetime": "2021-09-29 07:40:38", "elapsed": 0.891236, "delta": 0.246235}}
{"target": -34.784803378133745, "params": {"C": 13308.803219804979, "gamma": 0.04687693514681046}, "datetime": {"datetime": "2021-09-29 07:40:38", "elapsed": 1.447247, "delta": 0.556011}}
{"target": -34.82351403705994, "params": {"C": 13179.257265271403, "gamma": 0.04839915631749755}, "datetime": {"datetime": "2021-09-29 07:40:38", "elapsed": 1.653235, "delta": 0.205988}}
{"target": -36.27768886267084, "params": {"C": 14146.816103941346, "gamma": 0.005}, "datetime": {"datetime": "2021-09-29 07:40:39", "elapsed": 2.206484, "delta": 0.553249}}
{"target": -34.73005549768853, "params": {"C": 13752.6468243577, "gamma": 0.012607380452776606}, "datetime": {"datetime": "2021-09-29 07:40:39", "elapsed": 2.656485, "delta": 0.450001}}
{"target": -34.848906539851825, "params": {"C": 13755.97265295378, "gamma": 0.04855399285262047}, "datetime": {"datetime": "2021-09-29 07:40:40", "elapsed": 3.178483, "delta": 0.521998}}
{"target": -35.7573564794877, "params": {"C": 13305.416836303177, "gamma": 0.0798986211900752}, "datetime": {"datetime": "2021-09-29 07:40:40", "elapsed": 3.568551, "delta": 0.390068}}
{"target": -35.57708292109242, "params": {"C": 13311.544255419936, "gamma": 0.07320138038425904}, "datetime": {"datetime": "2021-09-29 07:40:41", "elapsed": 4.035745, "delta": 0.467194}}
{"target": -36.14526945759871, "params": {"C": 13181.045659431398, "gamma": 0.09692433408547589}, "datetime": {"datetime": "2021-09-29 07:40:41", "elapsed": 4.392747, "delta": 0.357002}}
{"target": -34.7550807153653, "params": {"C": 13754.750973583037, "gamma": 0.045329039050513685}, "datetime": {"datetime": "2021-09-29 07:40:42", "elapsed": 5.049743, "delta": 0.656996}}
{"target": -36.32147974790759, "params": {"C": 13177.58523766609, "gamma": 0.005}, "datetime": {"datetime": "2021-09-29 07:40:43", "elapsed": 5.886557, "delta": 0.836814}}
{"target": -35.803667350967984, "params": {"C": 13757.58278151164, "gamma": 0.08065614213062479}, "datetime": {"datetime": "2021-09-29 07:40:43", "elapsed": 6.374566, "delta": 0.488009}}
{"target": -35.90885263151202, "params": {"C": 13307.58315731315, "gamma": 0.08594381811142976}, "datetime": {"datetime": "2021-09-29 07:40:44", "elapsed": 6.847556, "delta": 0.47299}}
{"target": -34.667341001495366, "params": {"C": 13754.070960279036, "gamma": 0.04123183526959065}, "datetime": {"datetime": "2021-09-29 07:40:44", "elapsed": 7.644559, "delta": 0.797003}}
{"target": -35.81244571985941, "params": {"C": 14743.905098315452, "gamma": 0.07886021925144762}, "datetime": {"datetime": "2021-09-29 07:40:45", "elapsed": 8.370392, "delta": 0.725833}}
{"target": -35.81878356005304, "params": {"C": 14747.219792474414, "gamma": 0.0790895831567972}, "datetime": {"datetime": "2021-09-29 07:40:46", "elapsed": 9.012393, "delta": 0.642001}}
{"target": -36.054079810495764, "params": {"C": 13309.84077629313, "gamma": 0.006059112490665013}, "datetime": {"datetime": "2021-09-29 07:40:46", "elapsed": 9.533392, "delta": 0.520999}}
{"target": -35.10671040088841, "params": {"C": 13750.944971376328, "gamma": 0.05672213431977895}, "datetime": {"datetime": "2021-09-29 07:40:47", "elapsed": 9.961798, "delta": 0.428406}}
{"target": -35.36793845557163, "params": {"C": 13749.353722384321, "gamma": 0.06519908786294216}, "datetime": {"datetime": "2021-09-29 07:40:47", "elapsed": 10.346799, "delta": 0.385001}}
{"target": -35.41458044894197, "params": {"C": 13755.424331906694, "gamma": 0.008570157263063859}, "datetime": {"datetime": "2021-09-29 07:40:48", "elapsed": 10.946553, "delta": 0.599754}}
{"target": -35.941962197814945, "params": {"C": 14952.831789984773, "gamma": 0.08336901060019704}, "datetime": {"datetime": "2021-09-29 07:40:48", "elapsed": 11.341143, "delta": 0.39459}}
{"target": -34.40440766893044, "params": {"C": 13180.010603234059, "gamma": 0.027789539421155317}, "datetime": {"datetime": "2021-09-29 07:40:49", "elapsed": 12.004096, "delta": 0.662953}}
{"target": -34.6437961863057, "params": {"C": 13179.64988270868, "gamma": 0.04059128132622173}, "datetime": {"datetime": "2021-09-29 07:40:49", "elapsed": 12.509095, "delta": 0.504999}}
{"target": -34.95058807023349, "params": {"C": 13752.033152785853, "gamma": 0.05177272993183591}, "datetime": {"datetime": "2021-09-29 07:40:50", "elapsed": 12.961095, "delta": 0.452}}
{"target": -34.97309402899474, "params": {"C": 16686.54286310362, "gamma": 0.009969374385213541}, "datetime": {"datetime": "2021-09-29 07:40:50", "elapsed": 13.339097, "delta": 0.378002}}
{"target": -34.38632718541359, "params": {"C": 15002.778650875925, "gamma": 0.025984904594804282}, "datetime": {"datetime": "2021-09-29 07:40:50", "elapsed": 13.760096, "delta": 0.420999}}
{"target": -34.634631778326394, "params": {"C": 15003.83607236833, "gamma": 0.013023497530825032}, "datetime": {"datetime": "2021-09-29 07:40:51", "elapsed": 14.290627, "delta": 0.530531}}
{"target": -36.1829430688147, "params": {"C": 13095.35449248328, "gamma": 0.09907378372839767}, "datetime": {"datetime": "2021-09-29 07:40:51", "elapsed": 14.763627, "delta": 0.473}}
{"target": -34.526062787409636, "params": {"C": 13210.624919490538, "gamma": 0.03455763504706912}, "datetime": {"datetime": "2021-09-29 07:40:52", "elapsed": 15.287628, "delta": 0.524001}}
{"target": -35.36959500603231, "params": {"C": 15002.035677324855, "gamma": 0.06328379741173075}, "datetime": {"datetime": "2021-09-29 07:40:52", "elapsed": 15.814858, "delta": 0.52723}}
{"target": -35.80142840702581, "params": {"C": 13210.077101026825, "gamma": 0.08183808368304438}, "datetime": {"datetime": "2021-09-29 07:40:53", "elapsed": 16.253691, "delta": 0.438833}}
{"target": -36.3508479175839, "params": {"C": 18528.782473484505, "gamma": 0.09156327416101641}, "datetime": {"datetime": "2021-09-29 07:40:54", "elapsed": 17.175692, "delta": 0.922001}}
{"target": -36.33665620617357, "params": {"C": 17236.923566742586, "gamma": 0.0940733761214857}, "datetime": {"datetime": "2021-09-29 07:40:54", "elapsed": 17.763689, "delta": 0.587997}}
{"target": -34.8221846859311, "params": {"C": 13564.383937751978, "gamma": 0.047919213424914106}, "datetime": {"datetime": "2021-09-29 07:40:55", "elapsed": 18.43242, "delta": 0.668731}}
{"target": -34.59943453782957, "params": {"C": 15003.332717145448, "gamma": 0.037099775290198096}, "datetime": {"datetime": "2021-09-29 07:40:56", "elapsed": 19.52842, "delta": 1.096}}
{"target": -35.950464135102884, "params": {"C": 14016.483761486692, "gamma": 0.006312126655461565}, "datetime": {"datetime": "2021-09-29 07:40:57", "elapsed": 20.095938, "delta": 0.567518}}
{"target": -35.88468680628048, "params": {"C": 13211.295801129736, "gamma": 0.08518921321931884}, "datetime": {"datetime": "2021-09-29 07:40:57", "elapsed": 20.713938, "delta": 0.618}}
{"target": -35.38401096962043, "params": {"C": 13830.248290829051, "gamma": 0.06559841761564761}, "datetime": {"datetime": "2021-09-29 07:40:58", "elapsed": 21.158522, "delta": 0.444584}}
{"target": -35.14997128899132, "params": {"C": 17180.13441061387, "gamma": 0.05388264967721183}, "datetime": {"datetime": "2021-09-29 07:40:58", "elapsed": 21.823521, "delta": 0.664999}}
{"target": -36.36124818038461, "params": {"C": 17149.04179727647, "gamma": 0.09529601599482058}, "datetime": {"datetime": "2021-09-29 07:40:59", "elapsed": 22.263844, "delta": 0.440323}}
{"target": -35.97762244402241, "params": {"C": 13753.135886031809, "gamma": 0.08768836158009656}, "datetime": {"datetime": "2021-09-29 07:41:00", "elapsed": 23.008845, "delta": 0.745001}}
{"target": -34.43850442346714, "params": {"C": 15003.084282889946, "gamma": 0.01607852718732137}, "datetime": {"datetime": "2021-09-29 07:41:00", "elapsed": 23.769843, "delta": 0.760998}}
{"target": -36.03282370811466, "params": {"C": 13753.78026381808, "gamma": 0.006044794841343275}, "datetime": {"datetime": "2021-09-29 07:41:01", "elapsed": 24.527123, "delta": 0.75728}}
{"target": -35.28591987071675, "params": {"C": 15003.307804761824, "gamma": 0.060638650180451975}, "datetime": {"datetime": "2021-09-29 07:41:02", "elapsed": 25.008123, "delta": 0.481}}
{"target": -35.90211649895076, "params": {"C": 17080.430144285638, "gamma": 0.07763332193548447}, "datetime": {"datetime": "2021-09-29 07:41:02", "elapsed": 25.45912, "delta": 0.450997}}
{"target": -36.365758938901244, "params": {"C": 18142.728484175666, "gamma": 0.09303230697256437}, "datetime": {"datetime": "2021-09-29 07:41:03", "elapsed": 26.254916, "delta": 0.795796}}
{"target": -34.3171142859304, "params": {"C": 13753.54001999948, "gamma": 0.022327004215191654}, "datetime": {"datetime": "2021-09-29 07:41:04", "elapsed": 27.070916, "delta": 0.816}}
{"target": -34.92500424224617, "params": {"C": 13210.566123202323, "gamma": 0.011503900826290284}, "datetime": {"datetime": "2021-09-29 07:41:04", "elapsed": 27.633915, "delta": 0.562999}}
{"target": -35.91820366826652, "params": {"C": 13753.571241360485, "gamma": 0.0852135452043579}, "datetime": {"datetime": "2021-09-29 07:41:05", "elapsed": 28.607746, "delta": 0.973831}}
{"target": -34.63582044547103, "params": {"C": 15701.719459417316, "gamma": 0.038265792042060355}, "datetime": {"datetime": "2021-09-29 07:41:06", "elapsed": 29.168742, "delta": 0.560996}}
{"target": -34.616354214074065, "params": {"C": 15002.826934987626, "gamma": 0.03788485801803501}, "datetime": {"datetime": "2021-09-29 07:41:07", "elapsed": 30.166965, "delta": 0.998223}}
{"target": -35.11222155324522, "params": {"C": 15003.10464458265, "gamma": 0.05526086127005891}, "datetime": {"datetime": "2021-09-29 07:41:08", "elapsed": 30.893083, "delta": 0.726118}}
{"target": -35.71055829619393, "params": {"C": 18455.327032016623, "gamma": 0.06903428187024399}, "datetime": {"datetime": "2021-09-29 07:41:08", "elapsed": 31.46808, "delta": 0.574997}}
{"target": -34.32130953146748, "params": {"C": 13754.15430691593, "gamma": 0.022670914774021188}, "datetime": {"datetime": "2021-09-29 07:41:09", "elapsed": 32.470774, "delta": 1.002694}}
{"target": -35.13586818405558, "params": {"C": 13180.06540615001, "gamma": 0.05847722737210951}, "datetime": {"datetime": "2021-09-29 07:41:10", "elapsed": 33.060775, "delta": 0.590001}}
{"target": -34.838464467543055, "params": {"C": 13179.956402923957, "gamma": 0.04888048167913802}, "datetime": {"datetime": "2021-09-29 07:41:10", "elapsed": 33.754299, "delta": 0.693524}}
{"target": -36.00434866474686, "params": {"C": 15086.827394085985, "gamma": 0.08556175395408144}, "datetime": {"datetime": "2021-09-29 07:41:11", "elapsed": 34.347299, "delta": 0.593}}
{"target": -35.18721413964248, "params": {"C": 15002.699332103872, "gamma": 0.057568873652987185}, "datetime": {"datetime": "2021-09-29 07:41:12", "elapsed": 35.295299, "delta": 0.948}}
{"target": -34.35310475285981, "params": {"C": 13751.291084636552, "gamma": 0.024575877734323633}, "datetime": {"datetime": "2021-09-29 07:41:13", "elapsed": 35.856108, "delta": 0.560809}}
{"target": -34.626689319136986, "params": {"C": 14726.536496855706, "gamma": 0.03856124561891662}, "datetime": {"datetime": "2021-09-29 07:41:13", "elapsed": 36.384298, "delta": 0.52819}}
{"target": -34.32186234416545, "params": {"C": 16143.502415416526, "gamma": 0.018190904197547347}, "datetime": {"datetime": "2021-09-29 07:41:14", "elapsed": 36.929299, "delta": 0.545001}}
{"target": -35.253363172799304, "params": {"C": 16292.727008320131, "gamma": 0.05794615053234451}, "datetime": {"datetime": "2021-09-29 07:41:14", "elapsed": 37.5453, "delta": 0.616001}}
{"target": -34.52772796412445, "params": {"C": 13752.672890818256, "gamma": 0.034334823569263505}, "datetime": {"datetime": "2021-09-29 07:41:15", "elapsed": 38.219061, "delta": 0.673761}}
{"target": -35.81891918221349, "params": {"C": 15743.815883225892, "gamma": 0.07711946358376723}, "datetime": {"datetime": "2021-09-29 07:41:15", "elapsed": 38.768062, "delta": 0.549001}}
{"target": -35.87706198941193, "params": {"C": 15785.3024027922, "gamma": 0.07915616190257038}, "datetime": {"datetime": "2021-09-29 07:41:16", "elapsed": 39.494062, "delta": 0.726}}
{"target": -34.68507070356252, "params": {"C": 13179.96353328172, "gamma": 0.0425784336714386}, "datetime": {"datetime": "2021-09-29 07:41:17", "elapsed": 40.233383, "delta": 0.739321}}
{"target": -34.31713551557472, "params": {"C": 13210.724214748574, "gamma": 0.022076723244062475}, "datetime": {"datetime": "2021-09-29 07:41:18", "elapsed": 41.240852, "delta": 1.007469}}
{"target": -36.26911705064742, "params": {"C": 16524.946806318087, "gamma": 0.09301820260703635}, "datetime": {"datetime": "2021-09-29 07:41:19", "elapsed": 42.10785, "delta": 0.866998}}
{"target": -34.5967750106767, "params": {"C": 14726.632218843744, "gamma": 0.03717822588853108}, "datetime": {"datetime": "2021-09-29 07:41:19", "elapsed": 42.835851, "delta": 0.728001}}
{"target": -34.42309273930428, "params": {"C": 15003.437921175704, "gamma": 0.02801777612652248}, "datetime": {"datetime": "2021-09-29 07:41:20", "elapsed": 43.672852, "delta": 0.837001}}
{"target": -34.5186964708556, "params": {"C": 13210.727493019798, "gamma": 0.03415200347780315}, "datetime": {"datetime": "2021-09-29 07:41:21", "elapsed": 44.497311, "delta": 0.824459}}
{"target": -34.83526397009166, "params": {"C": 13754.298240991806, "gamma": 0.04812383013918994}, "datetime": {"datetime": "2021-09-29 07:41:22", "elapsed": 45.407308, "delta": 0.909997}}
{"target": -35.741402651933385, "params": {"C": 15002.960474255417, "gamma": 0.07575462651787428}, "datetime": {"datetime": "2021-09-29 07:41:23", "elapsed": 46.307002, "delta": 0.899694}}
{"target": -35.71653657732321, "params": {"C": 13751.334294878743, "gamma": 0.07737407484646298}, "datetime": {"datetime": "2021-09-29 07:41:24", "elapsed": 47.089003, "delta": 0.782001}}
{"target": -34.956665346182234, "params": {"C": 14601.35079878835, "gamma": 0.050962472769810585}, "datetime": {"datetime": "2021-09-29 07:41:24", "elapsed": 47.823002, "delta": 0.733999}}
{"target": -35.96912567490881, "params": {"C": 15002.795763214965, "gamma": 0.08433461412386593}, "datetime": {"datetime": "2021-09-29 07:41:25", "elapsed": 48.679935, "delta": 0.856933}}
{"target": -35.90772566662492, "params": {"C": 16901.64769149265, "gamma": 0.07815764251599575}, "datetime": {"datetime": "2021-09-29 07:41:26", "elapsed": 49.389937, "delta": 0.710002}}
{"target": -36.10559290006336, "params": {"C": 16143.436448114491, "gamma": 0.08731364933558146}, "datetime": {"datetime": "2021-09-29 07:41:27", "elapsed": 50.207146, "delta": 0.817209}}
{"target": -36.156542095027945, "params": {"C": 15701.69061638222, "gamma": 0.09049215574908785}, "datetime": {"datetime": "2021-09-29 07:41:28", "elapsed": 51.342865, "delta": 1.135719}}
{"target": -35.26169469592945, "params": {"C": 15003.395124498116, "gamma": 0.05988069115363526}, "datetime": {"datetime": "2021-09-29 07:41:29", "elapsed": 52.382671, "delta": 1.039806}}
{"target": -35.423510493348, "params": {"C": 14830.133977888534, "gamma": 0.06527870004827242}, "datetime": {"datetime": "2021-09-29 07:41:30", "elapsed": 53.18067, "delta": 0.797999}}
{"target": -34.97383881806046, "params": {"C": 13928.182170180527, "gamma": 0.052290418644688724}, "datetime": {"datetime": "2021-09-29 07:41:30", "elapsed": 53.816668, "delta": 0.635998}}
{"target": -35.112875104944045, "params": {"C": 14638.96899262753, "gamma": 0.055738718834579266}, "datetime": {"datetime": "2021-09-29 07:41:31", "elapsed": 54.600973, "delta": 0.784305}}
{"target": -34.408964936940514, "params": {"C": 13307.833337786848, "gamma": 0.02798808626558339}, "datetime": {"datetime": "2021-09-29 07:41:32", "elapsed": 55.346972, "delta": 0.745999}}
{"target": -35.14038901874254, "params": {"C": 13210.79655205735, "gamma": 0.010208542975595336}, "datetime": {"datetime": "2021-09-29 07:41:33", "elapsed": 56.327328, "delta": 0.980356}}
{"target": -35.01935082228258, "params": {"C": 13210.648555769163, "gamma": 0.054661841591528926}, "datetime": {"datetime": "2021-09-29 07:41:34", "elapsed": 57.25533, "delta": 0.928002}}
{"target": -35.09848761639728, "params": {"C": 13808.71285205995, "gamma": 0.05638146109085748}, "datetime": {"datetime": "2021-09-29 07:41:35", "elapsed": 57.945334, "delta": 0.690004}}
{"target": -36.31402906134162, "params": {"C": 14774.76619235193, "gamma": 0.09996654470549125}, "datetime": {"datetime": "2021-09-29 07:41:36", "elapsed": 59.005402, "delta": 1.060068}}
{"target": -34.887706269526234, "params": {"C": 13754.82971451416, "gamma": 0.04978253159966021}, "datetime": {"datetime": "2021-09-29 07:41:37", "elapsed": 59.998403, "delta": 0.993001}}
{"target": -36.0963299713419, "params": {"C": 18078.54659120093, "gamma": 0.0828900737654435}, "datetime": {"datetime": "2021-09-29 07:41:37", "elapsed": 60.804628, "delta": 0.806225}}
{"target": -36.191421775886326, "params": {"C": 13179.655793023998, "gamma": 0.09923081277304974}, "datetime": {"datetime": "2021-09-29 07:41:39", "elapsed": 61.843612, "delta": 1.038984}}
{"target": -34.319168149883374, "params": {"C": 14146.275213651972, "gamma": 0.02010808336836404}, "datetime": {"datetime": "2021-09-29 07:41:39", "elapsed": 62.722842, "delta": 0.87923}}
{"target": -34.94990991937337, "params": {"C": 13754.087078514809, "gamma": 0.011120949329994013}, "datetime": {"datetime": "2021-09-29 07:41:40", "elapsed": 63.580895, "delta": 0.858053}}
{"target": -36.42202907868863, "params": {"C": 16839.63583546827, "gamma": 0.09867798958880708}, "datetime": {"datetime": "2021-09-29 07:41:41", "elapsed": 64.392906, "delta": 0.812011}}
{"target": -35.587506995424995, "params": {"C": 15930.782469133104, "gamma": 0.007278759371540612}, "datetime": {"datetime": "2021-09-29 07:41:42", "elapsed": 65.658894, "delta": 1.265988}}
{"target": -34.515077666965844, "params": {"C": 13751.216578041873, "gamma": 0.03364540832162743}, "datetime": {"datetime": "2021-09-29 07:41:43", "elapsed": 66.742548, "delta": 1.083654}}
{"target": -35.95170838083897, "params": {"C": 14726.59652075554, "gamma": 0.08426552094652943}, "datetime": {"datetime": "2021-09-29 07:41:45", "elapsed": 68.386181, "delta": 1.643633}}
{"target": -34.94758516435956, "params": {"C": 13310.57941382632, "gamma": 0.05222589710585659}, "datetime": {"datetime": "2021-09-29 07:41:46", "elapsed": 69.61618, "delta": 1.229999}}
{"target": -34.599310546352655, "params": {"C": 15003.411670954434, "gamma": 0.013412754034764253}, "datetime": {"datetime": "2021-09-29 07:41:48", "elapsed": 70.996173, "delta": 1.379993}}
{"target": -35.24170297897969, "params": {"C": 13752.742285630831, "gamma": 0.06105418002854759}, "datetime": {"datetime": "2021-09-29 07:41:49", "elapsed": 72.129538, "delta": 1.133365}}
{"target": -34.54983780402212, "params": {"C": 14726.488111704548, "gamma": 0.03498582556889134}, "datetime": {"datetime": "2021-09-29 07:41:50", "elapsed": 73.307239, "delta": 1.177701}}
{"target": -36.30947926243838, "params": {"C": 15587.26377522167, "gamma": 0.09731408194622639}, "datetime": {"datetime": "2021-09-29 07:41:51", "elapsed": 74.547083, "delta": 1.239844}}
{"target": -36.283523892833514, "params": {"C": 15931.212770961318, "gamma": 0.09519996698148048}, "datetime": {"datetime": "2021-09-29 07:41:52", "elapsed": 75.707084, "delta": 1.160001}}
{"target": -35.94355780283544, "params": {"C": 13752.667856132139, "gamma": 0.08626091411886487}, "datetime": {"datetime": "2021-09-29 07:41:54", "elapsed": 77.285486, "delta": 1.578402}}
{"target": -34.35494915943994, "params": {"C": 15003.881487950881, "gamma": 0.01816557283893937}, "datetime": {"datetime": "2021-09-29 07:41:55", "elapsed": 78.368487, "delta": 1.083001}}
{"target": -35.12351683431171, "params": {"C": 15003.107179274684, "gamma": 0.055607309765188934}, "datetime": {"datetime": "2021-09-29 07:41:56", "elapsed": 79.718488, "delta": 1.350001}}
