{"target": -36.27401224892226, "params": {"C": 827.3820347824636, "gamma": 0.08866218656804192}, "datetime": {"datetime": "2021-09-28 13:26:08", "elapsed": 137.227147, "delta": 1.191295}}
{"target": -36.365066978621016, "params": {"C": 863.4609262012158, "gamma": 0.1012937006513131}, "datetime": {"datetime": "2021-09-28 13:26:11", "elapsed": 139.396336, "delta": 2.169189}}
{"target": -38.124372216500255, "params": {"C": 960.2549324509175, "gamma": 0.009279730129437384}, "datetime": {"datetime": "2021-09-28 13:26:12", "elapsed": 140.377334, "delta": 0.980998}}
{"target": -37.03119727088622, "params": {"C": 863.5154123154823, "gamma": 0.15115383874544364}, "datetime": {"datetime": "2021-09-28 13:26:13", "elapsed": 141.446354, "delta": 1.06902}}
{"target": -36.08353425110553, "params": {"C": 863.4971772761016, "gamma": 0.04099650735096044}, "datetime": {"datetime": "2021-09-28 13:26:14", "elapsed": 142.433359, "delta": 0.987005}}
{"target": -36.60580220933321, "params": {"C": 762.4618476311374, "gamma": 0.10455868053124236}, "datetime": {"datetime": "2021-09-28 13:26:15", "elapsed": 143.499477, "delta": 1.066118}}
{"target": -35.84504761169418, "params": {"C": 960.2974339832847, "gamma": 0.06859519117308714}, "datetime": {"datetime": "2021-09-28 13:26:16", "elapsed": 144.445477, "delta": 0.946}}
{"target": -35.94160644324605, "params": {"C": 960.6167138536964, "gamma": 0.07890426082439284}, "datetime": {"datetime": "2021-09-28 13:26:17", "elapsed": 145.527689, "delta": 1.082212}}
{"target": -36.08356932562401, "params": {"C": 879.0606058379026, "gamma": 0.07980765597155512}, "datetime": {"datetime": "2021-09-28 13:26:18", "elapsed": 146.612694, "delta": 1.085005}}
{"target": -36.05112132257016, "params": {"C": 960.2202763138198, "gamma": 0.08862198811312147}, "datetime": {"datetime": "2021-09-28 13:26:19", "elapsed": 148.018561, "delta": 1.405867}}
{"target": -36.178509366117304, "params": {"C": 863.5150943296555, "gamma": 0.08596820080006448}, "datetime": {"datetime": "2021-09-28 13:26:20", "elapsed": 148.842239, "delta": 0.823678}}
{"target": -36.867754927426645, "params": {"C": 879.0458007828599, "gamma": 0.14211976835517293}, "datetime": {"datetime": "2021-09-28 13:26:21", "elapsed": 149.897884, "delta": 1.055645}}
{"target": -36.427186385036755, "params": {"C": 739.5538966202154, "gamma": 0.0849695768696596}, "datetime": {"datetime": "2021-09-28 13:26:22", "elapsed": 150.883884, "delta": 0.986}}
{"target": -36.384348108422756, "params": {"C": 863.556605536075, "gamma": 0.03168507139164949}, "datetime": {"datetime": "2021-09-28 13:26:23", "elapsed": 151.882035, "delta": 0.998151}}
{"target": -36.58145868477673, "params": {"C": 831.4866091811982, "gamma": 0.11379189221974258}, "datetime": {"datetime": "2021-09-28 13:26:24", "elapsed": 153.10274, "delta": 1.220705}}
{"target": -36.09656636292428, "params": {"C": 879.098076015709, "gamma": 0.03899851167706525}, "datetime": {"datetime": "2021-09-28 13:26:27", "elapsed": 155.568709, "delta": 2.465969}}
{"target": -38.01642775060751, "params": {"C": 688.1810481686945, "gamma": 0.19019392133700505}, "datetime": {"datetime": "2021-09-28 13:26:28", "elapsed": 156.397707, "delta": 0.828998}}
{"target": -36.331770126716485, "params": {"C": 879.1518078137148, "gamma": 0.032181221489202244}, "datetime": {"datetime": "2021-09-28 13:26:29", "elapsed": 157.670561, "delta": 1.272854}}
{"target": -38.52014100728903, "params": {"C": 929.2004440714409, "gamma": 0.007405577761207646}, "datetime": {"datetime": "2021-09-28 13:26:30", "elapsed": 159.168194, "delta": 1.497633}}
{"target": -36.205233802618345, "params": {"C": 929.1804181645999, "gamma": 0.097262625434458}, "datetime": {"datetime": "2021-09-28 13:26:32", "elapsed": 160.373537, "delta": 1.205343}}
{"target": -36.819176391772125, "params": {"C": 765.8667958726265, "gamma": 0.12090952832209068}, "datetime": {"datetime": "2021-09-28 13:26:33", "elapsed": 161.375794, "delta": 1.002257}}
{"target": -36.06132431162248, "params": {"C": 863.4441469623347, "gamma": 0.042308803532884603}, "datetime": {"datetime": "2021-09-28 13:26:34", "elapsed": 162.425796, "delta": 1.050002}}
{"target": -36.75982959811531, "params": {"C": 806.4283267989248, "gamma": 0.12372665221023305}, "datetime": {"datetime": "2021-09-28 13:26:35", "elapsed": 163.507993, "delta": 1.082197}}
{"target": -36.01319824876638, "params": {"C": 842.0542582508888, "gamma": 0.06298539095887747}, "datetime": {"datetime": "2021-09-28 13:26:36", "elapsed": 164.399991, "delta": 0.891998}}
{"target": -36.34728805955796, "params": {"C": 842.0144978021003, "gamma": 0.09688563862666845}, "datetime": {"datetime": "2021-09-28 13:26:37", "elapsed": 165.635242, "delta": 1.235251}}
{"target": -36.33953313572764, "params": {"C": 888.7352229416824, "gamma": 0.03152606366253069}, "datetime": {"datetime": "2021-09-28 13:26:38", "elapsed": 166.567247, "delta": 0.932005}}
{"target": -36.33412294974421, "params": {"C": 842.0325284156218, "gamma": 0.0341380651405798}, "datetime": {"datetime": "2021-09-28 13:26:40", "elapsed": 169.130915, "delta": 2.563668}}
{"target": -36.03207818250721, "params": {"C": 842.1010922283676, "gamma": 0.048062902450425694}, "datetime": {"datetime": "2021-09-28 13:26:41", "elapsed": 170.1203, "delta": 0.989385}}
{"target": -35.849256506569176, "params": {"C": 929.1628089525484, "gamma": 0.062338281352950026}, "datetime": {"datetime": "2021-09-28 13:26:43", "elapsed": 171.287302, "delta": 1.167002}}
{"target": -36.00450527366548, "params": {"C": 842.1564383635323, "gamma": 0.06072765561987564}, "datetime": {"datetime": "2021-09-28 13:26:44", "elapsed": 172.407143, "delta": 1.119841}}
{"target": -36.005790815562925, "params": {"C": 863.3910235519257, "gamma": 0.06877819504712293}, "datetime": {"datetime": "2021-09-28 13:26:45", "elapsed": 173.828279, "delta": 1.421136}}
{"target": -36.44001490053353, "params": {"C": 842.1086475703745, "gamma": 0.10425591640409897}, "datetime": {"datetime": "2021-09-28 13:26:46", "elapsed": 175.03928, "delta": 1.211001}}
{"target": -37.32399945754914, "params": {"C": 988.2411376663474, "gamma": 0.1870353954057611}, "datetime": {"datetime": "2021-09-28 13:26:47", "elapsed": 176.014277, "delta": 0.974997}}
{"target": -35.96636835935202, "params": {"C": 939.3519893786257, "gamma": 0.07808615978450156}, "datetime": {"datetime": "2021-09-28 13:26:50", "elapsed": 178.522575, "delta": 2.508298}}
{"target": -38.71133464465794, "params": {"C": 842.1290367243491, "gamma": 0.007178883965430405}, "datetime": {"datetime": "2021-09-28 13:26:51", "elapsed": 179.818897, "delta": 1.296322}}
{"target": -38.942224541531594, "params": {"C": 863.3862087597474, "gamma": 0.006077010164273729}, "datetime": {"datetime": "2021-09-28 13:26:52", "elapsed": 180.896896, "delta": 1.077999}}
{"target": -36.704236976266394, "params": {"C": 926.2989136829791, "gamma": 0.13558910471694405}, "datetime": {"datetime": "2021-09-28 13:26:53", "elapsed": 181.875485, "delta": 0.978589}}
{"target": -36.61734276291181, "params": {"C": 863.3680250529478, "gamma": 0.12085156100761228}, "datetime": {"datetime": "2021-09-28 13:26:54", "elapsed": 183.161177, "delta": 1.285692}}
{"target": -38.8771513138808, "params": {"C": 929.4423311085545, "gamma": 0.0058500472674732655}, "datetime": {"datetime": "2021-09-28 13:26:56", "elapsed": 184.875296, "delta": 1.714119}}
{"target": -36.169805673703934, "params": {"C": 878.7703289790218, "gamma": 0.03663022226722933}, "datetime": {"datetime": "2021-09-28 13:26:57", "elapsed": 186.205363, "delta": 1.330067}}
{"target": -36.13538888922744, "params": {"C": 827.270051885524, "gamma": 0.07593988439211283}, "datetime": {"datetime": "2021-09-28 13:26:59", "elapsed": 187.332359, "delta": 1.126996}}
{"target": -36.23130374735905, "params": {"C": 863.4193129164873, "gamma": 0.09045844666976108}, "datetime": {"datetime": "2021-09-28 13:27:01", "elapsed": 189.989686, "delta": 2.657327}}
{"target": -36.21996886227663, "params": {"C": 842.2168685831664, "gamma": 0.08631202320121188}, "datetime": {"datetime": "2021-09-28 13:27:03", "elapsed": 191.259689, "delta": 1.270003}}
{"target": -36.15121034504066, "params": {"C": 827.4038537187485, "gamma": 0.04152293619526569}, "datetime": {"datetime": "2021-09-28 13:27:04", "elapsed": 192.646053, "delta": 1.386364}}
{"target": -36.2594222899893, "params": {"C": 729.4955723706306, "gamma": 0.0566242321661986}, "datetime": {"datetime": "2021-09-28 13:27:05", "elapsed": 193.675195, "delta": 1.029142}}
{"target": -36.62676829925914, "params": {"C": 831.561581183945, "gamma": 0.11730918521062683}, "datetime": {"datetime": "2021-09-28 13:27:07", "elapsed": 195.259194, "delta": 1.583999}}
{"target": -36.36198044892577, "params": {"C": 960.5887380940537, "gamma": 0.11328484913542075}, "datetime": {"datetime": "2021-09-28 13:27:08", "elapsed": 196.882637, "delta": 1.623443}}
{"target": -36.02125482947409, "params": {"C": 939.1477239354101, "gamma": 0.08315885098156789}, "datetime": {"datetime": "2021-09-28 13:27:10", "elapsed": 198.259137, "delta": 1.3765}}
{"target": -35.875817323771436, "params": {"C": 929.2646362590358, "gamma": 0.06627141828552163}, "datetime": {"datetime": "2021-09-28 13:27:11", "elapsed": 199.722351, "delta": 1.463214}}
{"target": -37.0880568193185, "params": {"C": 842.1779413057417, "gamma": 0.151684245056927}, "datetime": {"datetime": "2021-09-28 13:27:12", "elapsed": 201.098351, "delta": 1.376}}
{"target": -36.202296456458136, "params": {"C": 780.1130318510984, "gamma": 0.07125582396553917}, "datetime": {"datetime": "2021-09-28 13:27:14", "elapsed": 203.132953, "delta": 2.034602}}
{"target": -35.94543057661186, "params": {"C": 878.9509731596436, "gamma": 0.04898208579535425}, "datetime": {"datetime": "2021-09-28 13:27:16", "elapsed": 204.622391, "delta": 1.489438}}
{"target": -37.05799386764437, "params": {"C": 729.4338682446182, "gamma": 0.024404794349974505}, "datetime": {"datetime": "2021-09-28 13:27:18", "elapsed": 206.256043, "delta": 1.633652}}
{"target": -37.5063241518752, "params": {"C": 724.3679083898548, "gamma": 0.16029209023871793}, "datetime": {"datetime": "2021-09-28 13:27:19", "elapsed": 207.333039, "delta": 1.076996}}
{"target": -36.5859184359032, "params": {"C": 650.2369840698774, "gamma": 0.0418776640690305}, "datetime": {"datetime": "2021-09-28 13:27:20", "elapsed": 208.302091, "delta": 0.969052}}
{"target": -36.25631728128338, "params": {"C": 779.9953081007684, "gamma": 0.04161061285794884}, "datetime": {"datetime": "2021-09-28 13:27:21", "elapsed": 209.422094, "delta": 1.120003}}
{"target": -36.37260293950839, "params": {"C": 842.2569555686168, "gamma": 0.03310001480438654}, "datetime": {"datetime": "2021-09-28 13:27:23", "elapsed": 211.248237, "delta": 1.826143}}
{"target": -36.93343796189158, "params": {"C": 939.1685452958832, "gamma": 0.15460383324894802}, "datetime": {"datetime": "2021-09-28 13:27:24", "elapsed": 212.911088, "delta": 1.662851}}
{"target": -36.72142771890153, "params": {"C": 729.5196229658668, "gamma": 0.10726272517690283}, "datetime": {"datetime": "2021-09-28 13:27:26", "elapsed": 214.499065, "delta": 1.587977}}
{"target": -38.84051766794654, "params": {"C": 739.519710593476, "gamma": 0.007624291145607471}, "datetime": {"datetime": "2021-09-28 13:27:27", "elapsed": 215.724802, "delta": 1.225737}}
{"target": -37.41810036652981, "params": {"C": 609.8484290266807, "gamma": 0.023611200542222845}, "datetime": {"datetime": "2021-09-28 13:27:28", "elapsed": 216.746802, "delta": 1.022}}
{"target": -37.89508826922466, "params": {"C": 739.14163673979, "gamma": 0.19096120315325954}, "datetime": {"datetime": "2021-09-28 13:27:29", "elapsed": 217.819581, "delta": 1.072779}}
{"target": -36.60415027909156, "params": {"C": 739.480598021982, "gamma": 0.1000361912653528}, "datetime": {"datetime": "2021-09-28 13:27:31", "elapsed": 219.55261, "delta": 1.733029}}
{"target": -37.558302546399666, "params": {"C": 788.4907596517484, "gamma": 0.1753256298807696}, "datetime": {"datetime": "2021-09-28 13:27:32", "elapsed": 220.589942, "delta": 1.037332}}
{"target": -36.182817649662965, "params": {"C": 888.7555935383549, "gamma": 0.09002045415204087}, "datetime": {"datetime": "2021-09-28 13:27:34", "elapsed": 223.127707, "delta": 2.537765}}
{"target": -35.99069066589994, "params": {"C": 888.8091355088707, "gamma": 0.043499985767199385}, "datetime": {"datetime": "2021-09-28 13:27:36", "elapsed": 225.138936, "delta": 2.011229}}
{"target": -37.95088228444358, "params": {"C": 692.4110400589186, "gamma": 0.18631134361796725}, "datetime": {"datetime": "2021-09-28 13:27:39", "elapsed": 227.328128, "delta": 2.189192}}
{"target": -36.83450044833343, "params": {"C": 888.8297517418956, "gamma": 0.14102644523590632}, "datetime": {"datetime": "2021-09-28 13:27:41", "elapsed": 229.428994, "delta": 2.100866}}
{"target": -35.89894163005719, "params": {"C": 926.8115207063828, "gamma": 0.06872077289772621}, "datetime": {"datetime": "2021-09-28 13:27:42", "elapsed": 230.677202, "delta": 1.248208}}
{"target": -35.95023574665218, "params": {"C": 888.8672586165258, "gamma": 0.06730175854821327}, "datetime": {"datetime": "2021-09-28 13:27:43", "elapsed": 232.244114, "delta": 1.566912}}
{"target": -36.4188265928348, "params": {"C": 878.7648744874185, "gamma": 0.10753893828747643}, "datetime": {"datetime": "2021-09-28 13:27:45", "elapsed": 233.582358, "delta": 1.338244}}
{"target": -36.387879197473545, "params": {"C": 926.7616527246805, "gamma": 0.11122113108192848}, "datetime": {"datetime": "2021-09-28 13:27:46", "elapsed": 235.122707, "delta": 1.540349}}
{"target": -37.257380846400636, "params": {"C": 801.8271322235478, "gamma": 0.15668213217607044}, "datetime": {"datetime": "2021-09-28 13:27:47", "elapsed": 236.231199, "delta": 1.108492}}
{"target": -37.8004062915328, "params": {"C": 824.8156991374974, "gamma": 0.19798957229211386}, "datetime": {"datetime": "2021-09-28 13:27:49", "elapsed": 237.33324, "delta": 1.102041}}
{"target": -36.35325194335298, "params": {"C": 842.2937866487653, "gamma": 0.09740520899959032}, "datetime": {"datetime": "2021-09-28 13:27:51", "elapsed": 239.280784, "delta": 1.947544}}
{"target": -36.49211062496451, "params": {"C": 926.8379175484847, "gamma": 0.11923161995737754}, "datetime": {"datetime": "2021-09-28 13:27:52", "elapsed": 240.825052, "delta": 1.544268}}
{"target": -37.503867176281446, "params": {"C": 926.8193217653397, "gamma": 0.014537130240543643}, "datetime": {"datetime": "2021-09-28 13:27:55", "elapsed": 243.321295, "delta": 2.496243}}
{"target": -36.28393484662305, "params": {"C": 738.4230399340601, "gamma": 0.06843972818404741}, "datetime": {"datetime": "2021-09-28 13:27:56", "elapsed": 244.616129, "delta": 1.294834}}
{"target": -36.24623339448013, "params": {"C": 888.854396940437, "gamma": 0.033855580222904615}, "datetime": {"datetime": "2021-09-28 13:27:58", "elapsed": 246.853329, "delta": 2.2372}}
{"target": -38.73496526745644, "params": {"C": 729.5512575639524, "gamma": 0.00824336937944877}, "datetime": {"datetime": "2021-09-28 13:28:00", "elapsed": 248.956949, "delta": 2.10362}}
{"target": -36.470732797864784, "params": {"C": 888.9030379044584, "gamma": 0.11286149310289845}, "datetime": {"datetime": "2021-09-28 13:28:03", "elapsed": 251.69993, "delta": 2.742981}}
{"target": -35.89716994367454, "params": {"C": 888.9392936668858, "gamma": 0.05458531304512029}, "datetime": {"datetime": "2021-09-28 13:28:04", "elapsed": 253.159343, "delta": 1.459413}}
{"target": -37.30988570088661, "params": {"C": 888.9207735601728, "gamma": 0.017072484808662292}, "datetime": {"datetime": "2021-09-28 13:28:06", "elapsed": 254.950258, "delta": 1.790915}}
{"target": -36.25443036381005, "params": {"C": 888.6720868975569, "gamma": 0.0958911447241994}, "datetime": {"datetime": "2021-09-28 13:28:08", "elapsed": 256.339826, "delta": 1.389568}}
{"target": -36.83315923350933, "params": {"C": 738.3864506722255, "gamma": 0.1168906356557569}, "datetime": {"datetime": "2021-09-28 13:28:10", "elapsed": 258.259706, "delta": 1.91988}}
{"target": -37.74909824127615, "params": {"C": 738.3938261270761, "gamma": 0.0154676660298145}, "datetime": {"datetime": "2021-09-28 13:28:11", "elapsed": 260.109414, "delta": 1.849708}}
{"target": -35.89886237352676, "params": {"C": 888.6151370554021, "gamma": 0.05698741548004794}, "datetime": {"datetime": "2021-09-28 13:28:13", "elapsed": 262.121169, "delta": 2.011755}}
{"target": -36.69199649270972, "params": {"C": 833.8502730724845, "gamma": 0.1226767582192803}, "datetime": {"datetime": "2021-09-28 13:28:15", "elapsed": 263.48894, "delta": 1.367771}}
{"target": -36.11646937053763, "params": {"C": 888.8091312597217, "gamma": 0.0843183087151744}, "datetime": {"datetime": "2021-09-28 13:28:17", "elapsed": 265.55311, "delta": 2.06417}}
{"target": -36.50888304104048, "params": {"C": 939.3967206714475, "gamma": 0.026598984837165003}, "datetime": {"datetime": "2021-09-28 13:28:18", "elapsed": 266.856734, "delta": 1.303624}}
{"target": -36.827108435548, "params": {"C": 888.9701857684217, "gamma": 0.1405114623606096}, "datetime": {"datetime": "2021-09-28 13:28:21", "elapsed": 270.104281, "delta": 3.247547}}
{"target": -36.88351728348264, "params": {"C": 888.6455745163004, "gamma": 0.022302173486157546}, "datetime": {"datetime": "2021-09-28 13:28:24", "elapsed": 272.447282, "delta": 2.343001}}
{"target": -35.89879379026807, "params": {"C": 888.9899218811918, "gamma": 0.052752523984360034}, "datetime": {"datetime": "2021-09-28 13:28:26", "elapsed": 274.834031, "delta": 2.386749}}
{"target": -36.250054690503596, "params": {"C": 888.5805341553794, "gamma": 0.09552539378367159}, "datetime": {"datetime": "2021-09-28 13:28:28", "elapsed": 276.799879, "delta": 1.965848}}
{"target": -37.6723385091735, "params": {"C": 823.1555316530455, "gamma": 0.01461868948196134}, "datetime": {"datetime": "2021-09-28 13:28:29", "elapsed": 278.084648, "delta": 1.284769}}
{"target": -36.21638851095083, "params": {"C": 888.952818122274, "gamma": 0.09283349723615215}, "datetime": {"datetime": "2021-09-28 13:28:31", "elapsed": 280.122263, "delta": 2.037615}}
{"target": -36.14848223124284, "params": {"C": 889.0286397753744, "gamma": 0.036627553079607814}, "datetime": {"datetime": "2021-09-28 13:28:33", "elapsed": 281.700528, "delta": 1.578265}}
{"target": -36.61738906069081, "params": {"C": 888.5747147251202, "gamma": 0.02634517039269089}, "datetime": {"datetime": "2021-09-28 13:28:36", "elapsed": 284.39732, "delta": 2.696792}}
{"target": -36.17913394317945, "params": {"C": 889.0185253148215, "gamma": 0.08974829399929932}, "datetime": {"datetime": "2021-09-28 13:28:38", "elapsed": 286.602264, "delta": 2.204944}}
{"target": -36.81862608814974, "params": {"C": 888.6118189187387, "gamma": 0.13985219004564678}, "datetime": {"datetime": "2021-09-28 13:28:40", "elapsed": 288.47232, "delta": 1.870056}}
{"target": -36.50511803386727, "params": {"C": 981.9358380441247, "gamma": 0.1265111113069493}, "datetime": {"datetime": "2021-09-28 13:28:41", "elapsed": 289.728327, "delta": 1.256007}}
{"target": -36.10227335719483, "params": {"C": 939.4414408664281, "gamma": 0.09019379368322405}, "datetime": {"datetime": "2021-09-28 13:28:43", "elapsed": 291.34957, "delta": 1.621243}}
{"target": -36.89150170983254, "params": {"C": 699.9582982074514, "gamma": 0.11352137243137146}, "datetime": {"datetime": "2021-09-28 13:28:44", "elapsed": 293.072863, "delta": 1.723293}}
{"target": -36.04406016318315, "params": {"C": 889.0813164630235, "gamma": 0.07764909441134717}, "datetime": {"datetime": "2021-09-28 13:28:47", "elapsed": 295.761742, "delta": 2.688879}}
{"target": -36.116733798929765, "params": {"C": 889.1570921654786, "gamma": 0.08439364319668394}, "datetime": {"datetime": "2021-09-28 13:28:51", "elapsed": 299.31501, "delta": 3.553268}}
{"target": -36.0705153797499, "params": {"C": 889.1802128708375, "gamma": 0.039165329933327914}, "datetime": {"datetime": "2021-09-28 13:28:52", "elapsed": 300.979215, "delta": 1.664205}}
{"target": -37.66309534247361, "params": {"C": 754.7147225353867, "gamma": 0.17695929754742065}, "datetime": {"datetime": "2021-09-28 13:28:53", "elapsed": 302.240211, "delta": 1.260996}}
{"target": -36.57408622489728, "params": {"C": 618.1592245624007, "gamma": 0.05988280781494054}, "datetime": {"datetime": "2021-09-28 13:28:55", "elapsed": 303.789138, "delta": 1.548927}}
{"target": -37.902537349603236, "params": {"C": 687.395130754086, "gamma": 0.1818101125721537}, "datetime": {"datetime": "2021-09-28 13:28:56", "elapsed": 305.053831, "delta": 1.264693}}
{"target": -35.94577233945654, "params": {"C": 939.3499030419566, "gamma": 0.04029798270093913}, "datetime": {"datetime": "2021-09-28 13:28:58", "elapsed": 306.603147, "delta": 1.549316}}
{"target": -36.86518918399877, "params": {"C": 939.4874157577201, "gamma": 0.14974369575627677}, "datetime": {"datetime": "2021-09-28 13:29:00", "elapsed": 308.459856, "delta": 1.856709}}
{"target": -35.95919499032327, "params": {"C": 889.0987901334763, "gamma": 0.04577108591560578}, "datetime": {"datetime": "2021-09-28 13:29:01", "elapsed": 310.201449, "delta": 1.741593}}
{"target": -36.39838464434525, "params": {"C": 889.211702254859, "gamma": 0.10731161617946756}, "datetime": {"datetime": "2021-09-28 13:29:04", "elapsed": 313.17094, "delta": 2.969491}}
{"target": -37.1003919389912, "params": {"C": 889.1299716235342, "gamma": 0.15951555368843803}, "datetime": {"datetime": "2021-09-28 13:29:06", "elapsed": 315.185878, "delta": 2.014938}}
{"target": -38.09185745342882, "params": {"C": 695.5571607420657, "gamma": 0.19683042615180318}, "datetime": {"datetime": "2021-09-28 13:29:08", "elapsed": 316.609881, "delta": 1.424003}}
{"target": -35.99671270242725, "params": {"C": 889.2376023074032, "gamma": 0.04304507505929238}, "datetime": {"datetime": "2021-09-28 13:29:11", "elapsed": 319.274449, "delta": 2.664568}}
{"target": -36.0178491965398, "params": {"C": 889.2698052317469, "gamma": 0.07505646576923654}, "datetime": {"datetime": "2021-09-28 13:29:13", "elapsed": 321.330653, "delta": 2.056204}}
