{"target": 0.21418450642464726, "params": {"C": 60404.83594540793, "gamma": 0.5568922693497784}, "datetime": {"datetime": "2021-10-04 10:49:09", "elapsed": 41.011928, "delta": 0.581591}}
{"target": 0.16731088141288053, "params": {"C": 60413.90912007843, "gamma": 0.7758232287931979}, "datetime": {"datetime": "2021-10-04 10:49:10", "elapsed": 41.553978, "delta": 0.54205}}
{"target": 0.16162031393562715, "params": {"C": 71089.41024518423, "gamma": 0.8570952799187328}, "datetime": {"datetime": "2021-10-04 10:49:10", "elapsed": 42.073527, "delta": 0.519549}}
{"target": 0.2280410219765424, "params": {"C": 61962.40979674328, "gamma": 0.39112302304757063}, "datetime": {"datetime": "2021-10-04 10:49:11", "elapsed": 42.603819, "delta": 0.530292}}
{"target": 0.22748239499870038, "params": {"C": 60361.43624285911, "gamma": 0.4073953262679599}, "datetime": {"datetime": "2021-10-04 10:49:11", "elapsed": 43.133591, "delta": 0.529772}}
{"target": 0.19016878501451084, "params": {"C": 61967.73687125689, "gamma": 0.6841579805894711}, "datetime": {"datetime": "2021-10-04 10:49:12", "elapsed": 43.633821, "delta": 0.50023}}
{"target": 0.14721710325405635, "params": {"C": 60433.37126556356, "gamma": 0.8660008439162503}, "datetime": {"datetime": "2021-10-04 10:49:12", "elapsed": 44.201528, "delta": 0.567707}}
{"target": 0.18197576376546754, "params": {"C": 94403.58401909316, "gamma": 0.843014666695787}, "datetime": {"datetime": "2021-10-04 10:49:13", "elapsed": 44.689219, "delta": 0.487691}}
{"target": 0.21382791175566473, "params": {"C": 47747.81518824944, "gamma": 0.3392098700824342}, "datetime": {"datetime": "2021-10-04 10:49:13", "elapsed": 45.202402, "delta": 0.513183}}
{"target": 0.21637133516074425, "params": {"C": 61945.348134255946, "gamma": 0.2993198534315853}, "datetime": {"datetime": "2021-10-04 10:49:14", "elapsed": 45.71792, "delta": 0.515518}}
{"target": 0.15236374791480112, "params": {"C": 60267.10186791228, "gamma": 0.8414196428793672}, "datetime": {"datetime": "2021-10-04 10:49:14", "elapsed": 46.331551, "delta": 0.613631}}
{"target": 0.14905475637474364, "params": {"C": 60240.33020767674, "gamma": 0.8563277019923121}, "datetime": {"datetime": "2021-10-04 10:49:15", "elapsed": 46.875071, "delta": 0.54352}}
{"target": 0.1997716888490365, "params": {"C": 60355.18352779111, "gamma": 0.6311455670472794}, "datetime": {"datetime": "2021-10-04 10:49:16", "elapsed": 47.450677, "delta": 0.575606}}
{"target": 0.22260978836796164, "params": {"C": 60235.346494804035, "gamma": 0.340810303191044}, "datetime": {"datetime": "2021-10-04 10:49:16", "elapsed": 47.975912, "delta": 0.525235}}
{"target": 0.19564737901773088, "params": {"C": 57784.770523444924, "gamma": 0.214434772385441}, "datetime": {"datetime": "2021-10-04 10:49:17", "elapsed": 48.500419, "delta": 0.524507}}
{"target": 0.23787437212473095, "params": {"C": 94393.58550627837, "gamma": 0.38644334423903315}, "datetime": {"datetime": "2021-10-04 10:49:17", "elapsed": 49.115805, "delta": 0.615386}}
{"target": 0.20510485327071637, "params": {"C": 94415.27999582376, "gamma": 0.7351771058721794}, "datetime": {"datetime": "2021-10-04 10:49:18", "elapsed": 49.668144, "delta": 0.552339}}
{"target": 0.19254877486480126, "params": {"C": 94423.29053963748, "gamma": 0.7937703084646424}, "datetime": {"datetime": "2021-10-04 10:49:18", "elapsed": 50.201209, "delta": 0.533065}}
{"target": 0.21590572018693444, "params": {"C": 60260.572956984775, "gamma": 0.545564053104894}, "datetime": {"datetime": "2021-10-04 10:49:19", "elapsed": 50.747939, "delta": 0.54673}}
{"target": 0.21953885103525217, "params": {"C": 61964.47075822053, "gamma": 0.5336216178673016}, "datetime": {"datetime": "2021-10-04 10:49:19", "elapsed": 51.2655, "delta": 0.517561}}
{"target": 0.15288487352052915, "params": {"C": 94410.66637283766, "gamma": 0.9858738826887248}, "datetime": {"datetime": "2021-10-04 10:49:20", "elapsed": 51.867429, "delta": 0.601929}}
{"target": 0.242825179920525, "params": {"C": 94420.45497680042, "gamma": 0.4417463989548651}, "datetime": {"datetime": "2021-10-04 10:49:21", "elapsed": 52.399153, "delta": 0.531724}}
{"target": 0.2431297663481693, "params": {"C": 94382.404966709, "gamma": 0.47666795126977535}, "datetime": {"datetime": "2021-10-04 10:49:21", "elapsed": 52.945909, "delta": 0.546756}}
{"target": 0.20519981517889085, "params": {"C": 94358.5501312265, "gamma": 0.7345895776153395}, "datetime": {"datetime": "2021-10-04 10:49:22", "elapsed": 53.514852, "delta": 0.568943}}
{"target": 0.21705661000065535, "params": {"C": 60209.25370346027, "gamma": 0.5379432070840044}, "datetime": {"datetime": "2021-10-04 10:49:22", "elapsed": 54.118638, "delta": 0.603786}}
{"target": 0.23915598902715118, "params": {"C": 89804.14675311354, "gamma": 0.5205300025820518}, "datetime": {"datetime": "2021-10-04 10:49:23", "elapsed": 54.711874, "delta": 0.593236}}
{"target": 0.15172952380684523, "params": {"C": 94397.70157189104, "gamma": 0.9918689877563018}, "datetime": {"datetime": "2021-10-04 10:49:24", "elapsed": 55.361847, "delta": 0.649973}}
{"target": 0.24118309301280794, "params": {"C": 94375.96903816694, "gamma": 0.4155118269006368}, "datetime": {"datetime": "2021-10-04 10:49:24", "elapsed": 56.006987, "delta": 0.64514}}
{"target": 0.2152775511082825, "params": {"C": 60272.68903812237, "gamma": 0.5494964620468892}, "datetime": {"datetime": "2021-10-04 10:49:25", "elapsed": 56.60085, "delta": 0.593863}}
{"target": 0.20340073648758827, "params": {"C": 71125.21384042232, "gamma": 0.6676040365186702}, "datetime": {"datetime": "2021-10-04 10:49:25", "elapsed": 57.139492, "delta": 0.538642}}
{"target": 0.21375828526516183, "params": {"C": 60406.96841772127, "gamma": 0.5593955326488527}, "datetime": {"datetime": "2021-10-04 10:49:26", "elapsed": 57.809146, "delta": 0.669654}}
{"target": 0.19491783213689384, "params": {"C": 94384.48498287909, "gamma": 0.2278315002950853}, "datetime": {"datetime": "2021-10-04 10:49:27", "elapsed": 58.382397, "delta": 0.573251}}
{"target": 0.22211394848022648, "params": {"C": 61948.33774767698, "gamma": 0.5149282364541321}, "datetime": {"datetime": "2021-10-04 10:49:27", "elapsed": 59.011688, "delta": 0.629291}}
{"target": 0.18873970940698426, "params": {"C": 94331.37993904151, "gamma": 0.20941834594754846}, "datetime": {"datetime": "2021-10-04 10:49:28", "elapsed": 59.581615, "delta": 0.569927}}
{"target": 0.1904304648580779, "params": {"C": 94380.67904021955, "gamma": 0.8035017193429976}, "datetime": {"datetime": "2021-10-04 10:49:28", "elapsed": 60.249884, "delta": 0.668269}}
{"target": 0.16486417272354803, "params": {"C": 94345.03752381014, "gamma": 0.9250154858404152}, "datetime": {"datetime": "2021-10-04 10:49:29", "elapsed": 60.833138, "delta": 0.583254}}
{"target": 0.2391955031710099, "params": {"C": 94327.47888647276, "gamma": 0.3965169431241063}, "datetime": {"datetime": "2021-10-04 10:49:30", "elapsed": 61.454559, "delta": 0.621421}}
{"target": 0.1204913705813273, "params": {"C": 60218.58719065169, "gamma": 0.99557944413173}, "datetime": {"datetime": "2021-10-04 10:49:30", "elapsed": 62.0712, "delta": 0.616641}}
{"target": 0.1256602594981061, "params": {"C": 60253.740110588136, "gamma": 0.9690812432080911}, "datetime": {"datetime": "2021-10-04 10:49:31", "elapsed": 62.839405, "delta": 0.768205}}
{"target": 0.20269368517867437, "params": {"C": 60222.51803487282, "gamma": 0.6163677425339713}, "datetime": {"datetime": "2021-10-04 10:49:32", "elapsed": 63.718703, "delta": 0.879298}}
{"target": 0.22162331349607445, "params": {"C": 94377.92838946889, "gamma": 0.6537099882435844}, "datetime": {"datetime": "2021-10-04 10:49:33", "elapsed": 64.65108, "delta": 0.932377}}
{"target": 0.1272260395096403, "params": {"C": 47732.89778446889, "gamma": 0.8578035430282791}, "datetime": {"datetime": "2021-10-04 10:49:33", "elapsed": 65.325972, "delta": 0.674892}}
{"target": 0.24095084036436587, "params": {"C": 94427.36993462661, "gamma": 0.41279688242951934}, "datetime": {"datetime": "2021-10-04 10:49:34", "elapsed": 66.033205, "delta": 0.707233}}
{"target": 0.17272206250415978, "params": {"C": 60349.6703699774, "gamma": 0.7517859511840281}, "datetime": {"datetime": "2021-10-04 10:49:35", "elapsed": 66.707598, "delta": 0.674393}}
{"target": 0.21623131434452625, "params": {"C": 94394.98502147346, "gamma": 0.6813610124702324}, "datetime": {"datetime": "2021-10-04 10:49:36", "elapsed": 67.395573, "delta": 0.687975}}
{"target": 0.18669301608912137, "params": {"C": 57789.284406933046, "gamma": 0.6754583892740295}, "datetime": {"datetime": "2021-10-04 10:49:36", "elapsed": 68.099089, "delta": 0.703516}}
{"target": 0.24021093759392997, "params": {"C": 89807.9229120435, "gamma": 0.41477526770413714}, "datetime": {"datetime": "2021-10-04 10:49:37", "elapsed": 68.73121, "delta": 0.632121}}
{"target": 0.227581012940537, "params": {"C": 61950.838279753836, "gamma": 0.45774041093760043}, "datetime": {"datetime": "2021-10-04 10:49:38", "elapsed": 69.459736, "delta": 0.728526}}
{"target": 0.19652017494967744, "params": {"C": 89810.12555352817, "gamma": 0.7632872739840995}, "datetime": {"datetime": "2021-10-04 10:49:38", "elapsed": 70.136, "delta": 0.676264}}
{"target": 0.16697713151965488, "params": {"C": 60249.15563334912, "gamma": 0.7763137945723024}, "datetime": {"datetime": "2021-10-04 10:49:39", "elapsed": 70.776214, "delta": 0.640214}}
{"target": 0.13056824659241284, "params": {"C": 60360.02337508409, "gamma": 0.9451193354673011}, "datetime": {"datetime": "2021-10-04 10:49:40", "elapsed": 71.627557, "delta": 0.851343}}
{"target": 0.13191958102990375, "params": {"C": 60389.953189377185, "gamma": 0.9386311669196914}, "datetime": {"datetime": "2021-10-04 10:49:40", "elapsed": 72.329089, "delta": 0.701532}}
{"target": 0.1774788839665029, "params": {"C": 89801.16354821027, "gamma": 0.8515611994544363}, "datetime": {"datetime": "2021-10-04 10:49:41", "elapsed": 72.951436, "delta": 0.622347}}
{"target": 0.20498084963031882, "params": {"C": 60387.0351165161, "gamma": 0.6060889054793239}, "datetime": {"datetime": "2021-10-04 10:49:42", "elapsed": 73.585851, "delta": 0.634415}}
{"target": 0.21280720967852473, "params": {"C": 60366.423496829615, "gamma": 0.564597748840513}, "datetime": {"datetime": "2021-10-04 10:49:42", "elapsed": 74.226166, "delta": 0.640315}}
{"target": 0.16463936268983048, "params": {"C": 94355.26763751675, "gamma": 0.9261540178990726}, "datetime": {"datetime": "2021-10-04 10:49:43", "elapsed": 74.835102, "delta": 0.608936}}
{"target": 0.14326777278314629, "params": {"C": 61960.618013785956, "gamma": 0.8940518423114912}, "datetime": {"datetime": "2021-10-04 10:49:44", "elapsed": 75.642407, "delta": 0.807305}}
{"target": 0.20810327957617447, "params": {"C": 94357.34518466143, "gamma": 0.7208222688990253}, "datetime": {"datetime": "2021-10-04 10:49:45", "elapsed": 76.574634, "delta": 0.932227}}
{"target": 0.22013673055994443, "params": {"C": 61949.64879274396, "gamma": 0.5294153855777215}, "datetime": {"datetime": "2021-10-04 10:49:45", "elapsed": 77.344661, "delta": 0.770027}}
{"target": 0.16640784420379973, "params": {"C": 60357.14575195933, "gamma": 0.7794500378198737}, "datetime": {"datetime": "2021-10-04 10:49:46", "elapsed": 77.961137, "delta": 0.616476}}
{"target": 0.24293437972491483, "params": {"C": 94373.64564641789, "gamma": 0.48428844007529315}, "datetime": {"datetime": "2021-10-04 10:49:47", "elapsed": 78.788197, "delta": 0.82706}}
{"target": 0.2127863073315197, "params": {"C": 60362.369749839556, "gamma": 0.28423487794863994}, "datetime": {"datetime": "2021-10-04 10:49:48", "elapsed": 79.449149, "delta": 0.660952}}
{"target": 0.19170922142904945, "params": {"C": 89808.92832873952, "gamma": 0.21486857652807725}, "datetime": {"datetime": "2021-10-04 10:49:48", "elapsed": 80.058417, "delta": 0.609268}}
{"target": 0.20439879551544193, "params": {"C": 94413.7352568735, "gamma": 0.25547641647350555}, "datetime": {"datetime": "2021-10-04 10:49:49", "elapsed": 80.737742, "delta": 0.679325}}
{"target": 0.2067638651268453, "params": {"C": 61947.035407365176, "gamma": 0.6062151433425196}, "datetime": {"datetime": "2021-10-04 10:49:50", "elapsed": 81.717551, "delta": 0.979809}}
{"target": 0.2059918630620433, "params": {"C": 60236.733386831365, "gamma": 0.25493108001821396}, "datetime": {"datetime": "2021-10-04 10:49:51", "elapsed": 82.475555, "delta": 0.758004}}
{"target": 0.19503275550442167, "params": {"C": 94392.45539973232, "gamma": 0.2281727958400821}, "datetime": {"datetime": "2021-10-04 10:49:51", "elapsed": 83.169495, "delta": 0.69394}}
{"target": 0.23052664108626253, "params": {"C": 94342.06751136179, "gamma": 0.603226175374542}, "datetime": {"datetime": "2021-10-04 10:49:52", "elapsed": 83.84635, "delta": 0.676855}}
{"target": 0.209381263475806, "params": {"C": 61952.76088670765, "gamma": 0.5928353271479341}, "datetime": {"datetime": "2021-10-04 10:49:53", "elapsed": 84.51365, "delta": 0.6673}}
{"target": 0.23973557921234945, "params": {"C": 89805.3291920628, "gamma": 0.5135440781038191}, "datetime": {"datetime": "2021-10-04 10:49:53", "elapsed": 85.211446, "delta": 0.697796}}
{"target": 0.1642501363694827, "params": {"C": 94339.43670537071, "gamma": 0.9280345837075452}, "datetime": {"datetime": "2021-10-04 10:49:54", "elapsed": 85.998577, "delta": 0.787131}}
{"target": 0.2104115420433763, "params": {"C": 71128.86372004107, "gamma": 0.26828770679711167}, "datetime": {"datetime": "2021-10-04 10:49:55", "elapsed": 86.716676, "delta": 0.718099}}
{"target": 0.1938890774043207, "params": {"C": 47746.023124746134, "gamma": 0.5689271621435668}, "datetime": {"datetime": "2021-10-04 10:49:56", "elapsed": 87.539712, "delta": 0.823036}}
{"target": 0.20158019696919982, "params": {"C": 47752.72536229253, "gamma": 0.5288421094826317}, "datetime": {"datetime": "2021-10-04 10:49:56", "elapsed": 88.290522, "delta": 0.75081}}
{"target": 0.18410756326774502, "params": {"C": 94420.89480123209, "gamma": 0.8330681447596708}, "datetime": {"datetime": "2021-10-04 10:49:57", "elapsed": 88.949794, "delta": 0.659272}}
{"target": 0.2283652223455621, "params": {"C": 94419.46985798533, "gamma": 0.6164743433838147}, "datetime": {"datetime": "2021-10-04 10:49:58", "elapsed": 89.700062, "delta": 0.750268}}
{"target": 0.21616689505682274, "params": {"C": 94390.97206567499, "gamma": 0.2916326857368585}, "datetime": {"datetime": "2021-10-04 10:49:59", "elapsed": 90.45412, "delta": 0.754058}}
{"target": 0.2048046965519027, "params": {"C": 60403.043552497824, "gamma": 0.6070600703013611}, "datetime": {"datetime": "2021-10-04 10:49:59", "elapsed": 91.24915, "delta": 0.79503}}
{"target": 0.19165830337575374, "params": {"C": 94334.2546774973, "gamma": 0.21819924872391924}, "datetime": {"datetime": "2021-10-04 10:50:00", "elapsed": 92.022073, "delta": 0.772923}}
{"target": 0.20286645422867355, "params": {"C": 60210.64443540386, "gamma": 0.615457228506431}, "datetime": {"datetime": "2021-10-04 10:50:01", "elapsed": 92.805773, "delta": 0.7837}}
{"target": 0.1928409210886416, "params": {"C": 94381.73457093771, "gamma": 0.22173564770229204}, "datetime": {"datetime": "2021-10-04 10:50:02", "elapsed": 93.639194, "delta": 0.833421}}
{"target": 0.218691973028866, "params": {"C": 60259.27713638391, "gamma": 0.3147815487910334}, "datetime": {"datetime": "2021-10-04 10:50:03", "elapsed": 94.393898, "delta": 0.754704}}
{"target": 0.12499640406535562, "params": {"C": 61943.05351007546, "gamma": 0.9842940878477531}, "datetime": {"datetime": "2021-10-04 10:50:03", "elapsed": 95.251087, "delta": 0.857189}}
{"target": 0.1871507836313001, "params": {"C": 60408.24591530125, "gamma": 0.6889154929473758}, "datetime": {"datetime": "2021-10-04 10:50:04", "elapsed": 96.148038, "delta": 0.896951}}
{"target": 0.1965408201232426, "params": {"C": 47749.04251167636, "gamma": 0.22752929849655734}, "datetime": {"datetime": "2021-10-04 10:50:05", "elapsed": 96.886082, "delta": 0.738044}}
{"target": 0.21605725811015408, "params": {"C": 60214.04810717329, "gamma": 0.30044778812195166}, "datetime": {"datetime": "2021-10-04 10:50:06", "elapsed": 97.613483, "delta": 0.727401}}
{"target": 0.16691789846748661, "params": {"C": 60416.2616209999, "gamma": 0.7775607826548712}, "datetime": {"datetime": "2021-10-04 10:50:07", "elapsed": 98.433848, "delta": 0.820365}}
{"target": 0.12585239127441628, "params": {"C": 57783.48579253369, "gamma": 0.9500295949455488}, "datetime": {"datetime": "2021-10-04 10:50:07", "elapsed": 99.286675, "delta": 0.852827}}
{"target": 0.21750040404880455, "params": {"C": 94382.97745695992, "gamma": 0.2960262371646393}, "datetime": {"datetime": "2021-10-04 10:50:08", "elapsed": 100.10343, "delta": 0.816755}}
{"target": 0.23308630416381548, "params": {"C": 89827.88734868812, "gamma": 0.5728961897665819}, "datetime": {"datetime": "2021-10-04 10:50:09", "elapsed": 100.874098, "delta": 0.770668}}
{"target": 0.22343815715438098, "params": {"C": 60207.55842076958, "gamma": 0.3476337804223231}, "datetime": {"datetime": "2021-10-04 10:50:10", "elapsed": 101.876373, "delta": 1.002275}}
{"target": 0.24300312164297377, "params": {"C": 94372.6960026637, "gamma": 0.48193478323078526}, "datetime": {"datetime": "2021-10-04 10:50:11", "elapsed": 102.693882, "delta": 0.817509}}
{"target": 0.1539433366028129, "params": {"C": 94412.52691948428, "gamma": 0.9803824141618596}, "datetime": {"datetime": "2021-10-04 10:50:12", "elapsed": 103.58476, "delta": 0.890878}}
{"target": 0.16475438191995861, "params": {"C": 94375.11710491734, "gamma": 0.925640812571696}, "datetime": {"datetime": "2021-10-04 10:50:12", "elapsed": 104.335556, "delta": 0.750796}}
{"target": 0.18347868625066155, "params": {"C": 71740.37595311305, "gamma": 0.7608851236383325}, "datetime": {"datetime": "2021-10-04 10:50:13", "elapsed": 105.109408, "delta": 0.773852}}
{"target": -0.022559844611147906, "params": {"C": 6861.185393936656, "gamma": 0.3531586648573223}, "datetime": {"datetime": "2021-10-04 10:50:14", "elapsed": 105.812068, "delta": 0.70266}}
{"target": 0.027028796572807545, "params": {"C": 25942.99894006495, "gamma": 0.9597699336902772}, "datetime": {"datetime": "2021-10-04 10:50:15", "elapsed": 106.554328, "delta": 0.74226}}
{"target": 0.14289827706654123, "params": {"C": 60410.91555860103, "gamma": 0.8859599930382962}, "datetime": {"datetime": "2021-10-04 10:50:16", "elapsed": 107.460845, "delta": 0.906517}}
{"target": -0.2118429741645762, "params": {"C": 7801.249698377511, "gamma": 0.9618408892036296}, "datetime": {"datetime": "2021-10-04 10:50:16", "elapsed": 108.219811, "delta": 0.758966}}
{"target": 0.19386838443855337, "params": {"C": 60233.97173460468, "gamma": 0.20694062132473362}, "datetime": {"datetime": "2021-10-04 10:50:18", "elapsed": 109.377321, "delta": 1.15751}}
{"target": 0.22228558296135814, "params": {"C": 60264.24859522452, "gamma": 0.33823982583398426}, "datetime": {"datetime": "2021-10-04 10:50:19", "elapsed": 110.481735, "delta": 1.104414}}
{"target": 0.14884001637915045, "params": {"C": 60271.503549929665, "gamma": 0.8575089852447457}, "datetime": {"datetime": "2021-10-04 10:50:20", "elapsed": 111.52267, "delta": 1.040935}}
{"target": 0.13063228245914005, "params": {"C": 57786.388930159264, "gamma": 0.9264872679411569}, "datetime": {"datetime": "2021-10-04 10:50:21", "elapsed": 112.540154, "delta": 1.017484}}
{"target": 0.22275893017422366, "params": {"C": 60353.87097927457, "gamma": 0.34152069545135133}, "datetime": {"datetime": "2021-10-04 10:50:22", "elapsed": 113.414511, "delta": 0.874357}}
{"target": 0.15968697689081124, "params": {"C": 60274.226457625955, "gamma": 0.8086190326184839}, "datetime": {"datetime": "2021-10-04 10:50:22", "elapsed": 114.236964, "delta": 0.822453}}
{"target": 0.16391084879500806, "params": {"C": 61965.573311618915, "gamma": 0.7998195706396067}, "datetime": {"datetime": "2021-10-04 10:50:23", "elapsed": 115.131017, "delta": 0.894053}}
{"target": 0.16971349302459715, "params": {"C": 94326.9792758366, "gamma": 0.9012431348162921}, "datetime": {"datetime": "2021-10-04 10:50:24", "elapsed": 116.10092, "delta": 0.969903}}
{"target": 0.2142291431024681, "params": {"C": 50338.83898334827, "gamma": 0.46917318825150267}, "datetime": {"datetime": "2021-10-04 10:50:25", "elapsed": 116.927914, "delta": 0.826994}}
{"target": -0.20438137365444686, "params": {"C": 7384.657839719266, "gamma": 0.864228253196885}, "datetime": {"datetime": "2021-10-04 10:50:26", "elapsed": 117.647692, "delta": 0.719778}}
{"target": 0.21458431808566925, "params": {"C": 71123.09854982523, "gamma": 0.6122860580994127}, "datetime": {"datetime": "2021-10-04 10:50:27", "elapsed": 118.618662, "delta": 0.97097}}
{"target": 0.16074406943443642, "params": {"C": 60244.367931991124, "gamma": 0.8037478551698716}, "datetime": {"datetime": "2021-10-04 10:50:28", "elapsed": 119.636816, "delta": 1.018154}}
{"target": 0.19476082405310824, "params": {"C": 94401.29598394367, "gamma": 0.7834445248393325}, "datetime": {"datetime": "2021-10-04 10:50:29", "elapsed": 120.568856, "delta": 0.93204}}
{"target": 0.22077738086013932, "params": {"C": 60401.032020165585, "gamma": 0.5134023387617472}, "datetime": {"datetime": "2021-10-04 10:50:30", "elapsed": 121.617493, "delta": 1.048637}}
{"target": 0.23400620924513849, "params": {"C": 71121.06739173301, "gamma": 0.45660875664789047}, "datetime": {"datetime": "2021-10-04 10:50:31", "elapsed": 122.627389, "delta": 1.009896}}
{"target": 0.20888798378766937, "params": {"C": 60344.75807140796, "gamma": 0.5858543516135837}, "datetime": {"datetime": "2021-10-04 10:50:32", "elapsed": 123.661974, "delta": 1.034585}}
{"target": 0.1640926369597323, "params": {"C": 50340.408734142, "gamma": 0.7211100897674245}, "datetime": {"datetime": "2021-10-04 10:50:33", "elapsed": 124.808978, "delta": 1.147004}}
{"target": 0.18276381231964633, "params": {"C": 57781.38834280997, "gamma": 0.6926905064386095}, "datetime": {"datetime": "2021-10-04 10:50:34", "elapsed": 125.954314, "delta": 1.145336}}
