{"target": -34.58969314283549, "params": {"C": 23510.815744941618, "gamma": 0.015939850694560286}, "datetime": {"datetime": "2021-09-29 08:29:04", "elapsed": 1555.957453, "delta": 6.748559}}
{"target": -34.52750312005763, "params": {"C": 21970.16139152036, "gamma": 0.021445292034339033}, "datetime": {"datetime": "2021-09-29 08:29:13", "elapsed": 1565.099839, "delta": 9.142386}}
{"target": -36.279122478098856, "params": {"C": 22589.98538734508, "gamma": 0.07729335451074539}, "datetime": {"datetime": "2021-09-29 08:29:16", "elapsed": 1568.497647, "delta": 3.397808}}
{"target": -34.69135000195923, "params": {"C": 21121.156165629887, "gamma": 0.015091538610251216}, "datetime": {"datetime": "2021-09-29 08:29:20", "elapsed": 1571.93636, "delta": 3.438713}}
{"target": -36.46499859280898, "params": {"C": 24289.969045528425, "gamma": 0.0032938412514922017}, "datetime": {"datetime": "2021-09-29 08:29:27", "elapsed": 1579.714587, "delta": 7.778227}}
{"target": -35.90427448948018, "params": {"C": 20712.26025634369, "gamma": 0.0060888584379421955}, "datetime": {"datetime": "2021-09-29 08:29:34", "elapsed": 1586.016631, "delta": 6.302044}}
{"target": -34.61152311252249, "params": {"C": 22921.363178452488, "gamma": 0.015744904114942386}, "datetime": {"datetime": "2021-09-29 08:29:39", "elapsed": 1591.343387, "delta": 5.326756}}
{"target": -36.04640844020677, "params": {"C": 20906.22573809429, "gamma": 0.0734126857718889}, "datetime": {"datetime": "2021-09-29 08:29:42", "elapsed": 1594.695251, "delta": 3.351864}}
{"target": -35.25313338100495, "params": {"C": 20634.57652158276, "gamma": 0.05193389461832012}, "datetime": {"datetime": "2021-09-29 08:29:46", "elapsed": 1598.255485, "delta": 3.560234}}
{"target": -34.91587623855346, "params": {"C": 23277.405182248825, "gamma": 0.039727183684400556}, "datetime": {"datetime": "2021-09-29 08:29:51", "elapsed": 1603.657971, "delta": 5.402486}}
{"target": -34.954617374090375, "params": {"C": 21998.638699911415, "gamma": 0.04180152368321699}, "datetime": {"datetime": "2021-09-29 08:29:57", "elapsed": 1608.920223, "delta": 5.262252}}
{"target": -34.7809893690082, "params": {"C": 20404.856622745363, "gamma": 0.03614875007366376}, "datetime": {"datetime": "2021-09-29 08:30:02", "elapsed": 1614.479879, "delta": 5.559656}}
{"target": -34.87597113902812, "params": {"C": 23020.89991839283, "gamma": 0.03843527410766178}, "datetime": {"datetime": "2021-09-29 08:30:10", "elapsed": 1622.221496, "delta": 7.741617}}
{"target": -34.64286670650705, "params": {"C": 21300.21407669336, "gamma": 0.015653285599828093}, "datetime": {"datetime": "2021-09-29 08:30:13", "elapsed": 1625.711352, "delta": 3.489856}}
{"target": -35.66370105648525, "params": {"C": 21378.263449600337, "gamma": 0.007397459392929554}, "datetime": {"datetime": "2021-09-29 08:30:17", "elapsed": 1628.846327, "delta": 3.134975}}
{"target": -35.30482770483468, "params": {"C": 23748.952743228816, "gamma": 0.04972219906392481}, "datetime": {"datetime": "2021-09-29 08:30:24", "elapsed": 1636.668746, "delta": 7.822419}}
{"target": -34.57852619829179, "params": {"C": 24705.372645194235, "gamma": 0.025182231516210237}, "datetime": {"datetime": "2021-09-29 08:30:32", "elapsed": 1644.616873, "delta": 7.948127}}
{"target": -34.90024555162347, "params": {"C": 23651.739561673763, "gamma": 0.038992969280338866}, "datetime": {"datetime": "2021-09-29 08:30:38", "elapsed": 1649.952216, "delta": 5.335343}}
{"target": -36.25890500804715, "params": {"C": 22894.46075585612, "gamma": 0.07612537511645909}, "datetime": {"datetime": "2021-09-29 08:30:41", "elapsed": 1653.285065, "delta": 3.332849}}
{"target": -34.540215291972345, "params": {"C": 22492.552691543417, "gamma": 0.022513279264546812}, "datetime": {"datetime": "2021-09-29 08:30:47", "elapsed": 1658.727512, "delta": 5.442447}}
{"target": -34.841503125981255, "params": {"C": 23651.76128404123, "gamma": 0.03692480579597745}, "datetime": {"datetime": "2021-09-29 08:30:53", "elapsed": 1665.604662, "delta": 6.87715}}
{"target": -35.75261445818142, "params": {"C": 20913.462150354382, "gamma": 0.006918677748859986}, "datetime": {"datetime": "2021-09-29 08:31:00", "elapsed": 1672.042357, "delta": 6.437695}}
{"target": -35.125124740617494, "params": {"C": 23923.889680651428, "gamma": 0.01029557335523159}, "datetime": {"datetime": "2021-09-29 08:31:03", "elapsed": 1675.408229, "delta": 3.365872}}
{"target": -34.52596823615177, "params": {"C": 23973.25024752511, "gamma": 0.021484551149250998}, "datetime": {"datetime": "2021-09-29 08:31:08", "elapsed": 1680.415112, "delta": 5.006883}}
{"target": -34.55845966194557, "params": {"C": 20115.562132592204, "gamma": 0.017209879572852978}, "datetime": {"datetime": "2021-09-29 08:31:14", "elapsed": 1686.250109, "delta": 5.834997}}
{"target": -34.501089391113986, "params": {"C": 24693.428669549525, "gamma": 0.019378502067192795}, "datetime": {"datetime": "2021-09-29 08:31:22", "elapsed": 1694.159833, "delta": 7.909724}}
{"target": -34.684360239276465, "params": {"C": 21943.15026318028, "gamma": 0.031245231220787196}, "datetime": {"datetime": "2021-09-29 08:31:27", "elapsed": 1698.769921, "delta": 4.610088}}
{"target": -34.970423769298996, "params": {"C": 22242.560809338185, "gamma": 0.0422368891710682}, "datetime": {"datetime": "2021-09-29 08:31:33", "elapsed": 1704.76437, "delta": 5.994449}}
{"target": -34.519766832712946, "params": {"C": 22454.377551647838, "gamma": 0.020826144333176175}, "datetime": {"datetime": "2021-09-29 08:31:36", "elapsed": 1708.306985, "delta": 3.542615}}
{"target": -34.92002482080394, "params": {"C": 20844.009690404975, "gamma": 0.012558408879974635}, "datetime": {"datetime": "2021-09-29 08:31:40", "elapsed": 1711.981881, "delta": 3.674896}}
{"target": -34.70310674976372, "params": {"C": 21403.407597860358, "gamma": 0.03227618039180301}, "datetime": {"datetime": "2021-09-29 08:31:43", "elapsed": 1715.497363, "delta": 3.515482}}
{"target": -34.955720907875275, "params": {"C": 22974.620691264987, "gamma": 0.011861968235074873}, "datetime": {"datetime": "2021-09-29 08:31:47", "elapsed": 1718.878485, "delta": 3.381122}}
{"target": -36.15484165931852, "params": {"C": 21987.909942964394, "gamma": 0.07463261321285738}, "datetime": {"datetime": "2021-09-29 08:31:50", "elapsed": 1722.245934, "delta": 3.367449}}
{"target": -34.88279666258862, "params": {"C": 22148.598433532443, "gamma": 0.03910888247493471}, "datetime": {"datetime": "2021-09-29 08:31:54", "elapsed": 1725.769362, "delta": 3.523428}}
{"target": -34.816630250958625, "params": {"C": 22454.40860441471, "gamma": 0.013363719512792901}, "datetime": {"datetime": "2021-09-29 08:31:59", "elapsed": 1731.390598, "delta": 5.621236}}
{"target": -34.51907292087329, "params": {"C": 21825.700543011866, "gamma": 0.020629256092450615}, "datetime": {"datetime": "2021-09-29 08:32:06", "elapsed": 1738.43816, "delta": 7.047562}}
{"target": -34.56146472458899, "params": {"C": 24219.332988225084, "gamma": 0.016201854857798462}, "datetime": {"datetime": "2021-09-29 08:32:12", "elapsed": 1744.099041, "delta": 5.660881}}
{"target": -34.80723294465545, "params": {"C": 22492.479725781668, "gamma": 0.03620008281998158}, "datetime": {"datetime": "2021-09-29 08:32:18", "elapsed": 1750.042014, "delta": 5.942973}}
{"target": -34.61813946352624, "params": {"C": 23642.259323200535, "gamma": 0.015507556655982156}, "datetime": {"datetime": "2021-09-29 08:32:24", "elapsed": 1756.43988, "delta": 6.397866}}
{"target": -35.6654248704357, "params": {"C": 22242.555737838324, "gamma": 0.007321680513049015}, "datetime": {"datetime": "2021-09-29 08:32:29", "elapsed": 1761.688446, "delta": 5.248566}}
{"target": -34.51831266041617, "params": {"C": 23651.768411442354, "gamma": 0.020817862513431148}, "datetime": {"datetime": "2021-09-29 08:32:35", "elapsed": 1767.29389, "delta": 5.605444}}
{"target": -35.46886402075186, "params": {"C": 23020.914629969833, "gamma": 0.054428897324874284}, "datetime": {"datetime": "2021-09-29 08:32:41", "elapsed": 1773.209096, "delta": 5.915206}}
{"target": -35.13295984755811, "params": {"C": 22217.39352737262, "gamma": 0.046962757121989496}, "datetime": {"datetime": "2021-09-29 08:32:45", "elapsed": 1777.088788, "delta": 3.879692}}
{"target": -34.89957780221392, "params": {"C": 21998.62187008766, "gamma": 0.039796494773531706}, "datetime": {"datetime": "2021-09-29 08:32:50", "elapsed": 1782.312624, "delta": 5.223836}}
{"target": -35.258041190380034, "params": {"C": 22039.891164290453, "gamma": 0.05043178455363391}, "datetime": {"datetime": "2021-09-29 08:32:56", "elapsed": 1788.188623, "delta": 5.875999}}
{"target": -35.03106176638873, "params": {"C": 24265.207031534206, "gamma": 0.010982555866834151}, "datetime": {"datetime": "2021-09-29 08:33:03", "elapsed": 1795.317662, "delta": 7.129039}}
{"target": -36.490933942752164, "params": {"C": 24629.62669014332, "gamma": 0.0031495928619143464}, "datetime": {"datetime": "2021-09-29 08:33:09", "elapsed": 1801.472362, "delta": 6.1547}}
{"target": -34.722705297331736, "params": {"C": 21438.890476634402, "gamma": 0.014635806464139572}, "datetime": {"datetime": "2021-09-29 08:33:15", "elapsed": 1807.332215, "delta": 5.859853}}
{"target": -35.18018611000907, "params": {"C": 22784.89462979684, "gamma": 0.04781487864715841}, "datetime": {"datetime": "2021-09-29 08:33:19", "elapsed": 1811.119446, "delta": 3.787231}}
{"target": -35.59554739189549, "params": {"C": 22506.55873477534, "gamma": 0.007692256329902271}, "datetime": {"datetime": "2021-09-29 08:33:23", "elapsed": 1814.775047, "delta": 3.655601}}
{"target": -34.707648159030086, "params": {"C": 20514.622176600413, "gamma": 0.032676985554781976}, "datetime": {"datetime": "2021-09-29 08:33:27", "elapsed": 1819.065774, "delta": 4.290727}}
{"target": -34.89570698430428, "params": {"C": 22203.94198911947, "gamma": 0.03954926213181702}, "datetime": {"datetime": "2021-09-29 08:33:37", "elapsed": 1829.560585, "delta": 10.494811}}
{"target": -35.87432568076683, "params": {"C": 20399.58173243462, "gamma": 0.06951850486407814}, "datetime": {"datetime": "2021-09-29 08:33:41", "elapsed": 1833.335156, "delta": 3.774571}}
{"target": -34.55067409636913, "params": {"C": 21837.743397225626, "gamma": 0.01689828385856365}, "datetime": {"datetime": "2021-09-29 08:33:46", "elapsed": 1838.041919, "delta": 4.706763}}
{"target": -34.74370465844993, "params": {"C": 20436.605096898238, "gamma": 0.03446151752358163}, "datetime": {"datetime": "2021-09-29 08:33:53", "elapsed": 1844.934106, "delta": 6.892187}}
{"target": -36.192375411115314, "params": {"C": 22521.447854789876, "gamma": 0.07479799427587341}, "datetime": {"datetime": "2021-09-29 08:33:57", "elapsed": 1848.938385, "delta": 4.004279}}
{"target": -36.174825014194, "params": {"C": 28856.60321633373, "gamma": 0.004597900100673916}, "datetime": {"datetime": "2021-09-29 08:37:57", "elapsed": 0.0, "delta": 0.0}}
{"target": -35.96319445954172, "params": {"C": 28168.241174631377, "gamma": 0.06065789895547311}, "datetime": {"datetime": "2021-09-29 08:37:57", "elapsed": 0.230998, "delta": 0.230998}}
{"target": -34.508193929058166, "params": {"C": 27492.535061512954, "gamma": 0.02030934170587527}, "datetime": {"datetime": "2021-09-29 08:37:57", "elapsed": 0.479465, "delta": 0.248467}}
{"target": -35.89274328786587, "params": {"C": 25990.31432379812, "gamma": 0.06156086483931982}, "datetime": {"datetime": "2021-09-29 08:37:57", "elapsed": 0.739466, "delta": 0.260001}}
{"target": -34.52922464477137, "params": {"C": 27491.584992434993, "gamma": 0.01608553254494268}, "datetime": {"datetime": "2021-09-29 08:37:58", "elapsed": 1.062133, "delta": 0.322667}}
{"target": -35.39192875032583, "params": {"C": 27547.015123310506, "gamma": 0.04814175356352521}, "datetime": {"datetime": "2021-09-29 08:37:58", "elapsed": 1.442106, "delta": 0.379973}}
{"target": -35.9041313842596, "params": {"C": 27409.248538217962, "gamma": 0.06006911901751652}, "datetime": {"datetime": "2021-09-29 08:37:58", "elapsed": 1.872105, "delta": 0.429999}}
{"target": -36.00565972437603, "params": {"C": 25410.642255265608, "gamma": 0.06537287325741435}, "datetime": {"datetime": "2021-09-29 08:37:59", "elapsed": 2.394108, "delta": 0.522003}}
{"target": -35.994337029330715, "params": {"C": 27515.168304433897, "gamma": 0.062278708153183863}, "datetime": {"datetime": "2021-09-29 08:37:59", "elapsed": 2.876986, "delta": 0.482878}}
{"target": -34.908593730866144, "params": {"C": 27475.08530716721, "gamma": 0.03697269725818774}, "datetime": {"datetime": "2021-09-29 08:38:00", "elapsed": 3.197949, "delta": 0.320963}}
{"target": -35.480872558058785, "params": {"C": 27456.027058148433, "gamma": 0.05012671806039366}, "datetime": {"datetime": "2021-09-29 08:38:00", "elapsed": 3.493945, "delta": 0.295996}}
{"target": -36.37879000509399, "params": {"C": 27574.917744562626, "gamma": 0.07222812980380136}, "datetime": {"datetime": "2021-09-29 08:38:00", "elapsed": 3.866943, "delta": 0.372998}}
{"target": -35.00841127171534, "params": {"C": 29345.951697630982, "gamma": 0.03837909346168699}, "datetime": {"datetime": "2021-09-29 08:38:01", "elapsed": 4.298944, "delta": 0.432001}}
{"target": -34.48120337732931, "params": {"C": 29363.81960628215, "gamma": 0.018032792635196852}, "datetime": {"datetime": "2021-09-29 08:38:01", "elapsed": 4.679451, "delta": 0.380507}}
{"target": -35.31625299810391, "params": {"C": 29379.21137223355, "gamma": 0.04518863180353662}, "datetime": {"datetime": "2021-09-29 08:38:02", "elapsed": 5.108468, "delta": 0.429017}}
{"target": -36.11614767175217, "params": {"C": 29319.25871326773, "gamma": 0.06328051069198476}, "datetime": {"datetime": "2021-09-29 08:38:02", "elapsed": 5.524456, "delta": 0.415988}}
{"target": -35.73842317758184, "params": {"C": 29356.495319339167, "gamma": 0.05412439809014597}, "datetime": {"datetime": "2021-09-29 08:38:03", "elapsed": 5.883802, "delta": 0.359346}}
{"target": -34.862087667597066, "params": {"C": 29368.60735188138, "gamma": 0.011892728932500554}, "datetime": {"datetime": "2021-09-29 08:38:03", "elapsed": 6.263805, "delta": 0.380003}}
{"target": -36.27238218115759, "params": {"C": 27483.252009117, "gamma": 0.06959729394424077}, "datetime": {"datetime": "2021-09-29 08:38:03", "elapsed": 6.605536, "delta": 0.341731}}
{"target": -35.72874699375413, "params": {"C": 27497.244130823055, "gamma": 0.05577083490954681}, "datetime": {"datetime": "2021-09-29 08:38:04", "elapsed": 6.943536, "delta": 0.338}}
{"target": -34.476974710736954, "params": {"C": 29365.73997160106, "gamma": 0.01710156277644205}, "datetime": {"datetime": "2021-09-29 08:38:04", "elapsed": 7.220534, "delta": 0.276998}}
{"target": -35.8908180117828, "params": {"C": 27470.031855398895, "gamma": 0.005884814980664867}, "datetime": {"datetime": "2021-09-29 08:38:04", "elapsed": 7.601535, "delta": 0.381001}}
{"target": -34.94082699674261, "params": {"C": 29340.55450058778, "gamma": 0.03673585437809564}, "datetime": {"datetime": "2021-09-29 08:38:05", "elapsed": 7.946538, "delta": 0.345003}}
{"target": -34.63023530568013, "params": {"C": 29334.7672071488, "gamma": 0.027212106202123262}, "datetime": {"datetime": "2021-09-29 08:38:05", "elapsed": 8.461519, "delta": 0.514981}}
{"target": -36.04377939416345, "params": {"C": 29331.07383460142, "gamma": 0.005126557823410496}, "datetime": {"datetime": "2021-09-29 08:38:05", "elapsed": 8.734517, "delta": 0.272998}}
{"target": -36.118473681705034, "params": {"C": 29337.331837658312, "gamma": 0.06332126335266718}, "datetime": {"datetime": "2021-09-29 08:38:06", "elapsed": 9.158514, "delta": 0.423997}}
{"target": -35.000553538841785, "params": {"C": 29362.159987804425, "gamma": 0.03817681399394879}, "datetime": {"datetime": "2021-09-29 08:38:06", "elapsed": 9.519518, "delta": 0.361004}}
{"target": -34.61630711460464, "params": {"C": 29342.962015956426, "gamma": 0.026666492523693523}, "datetime": {"datetime": "2021-09-29 08:38:06", "elapsed": 9.850524, "delta": 0.331006}}
{"target": -34.71948007494329, "params": {"C": 27489.18974931442, "gamma": 0.031056254038861367}, "datetime": {"datetime": "2021-09-29 08:38:07", "elapsed": 10.18953, "delta": 0.339006}}
{"target": -35.19598110011171, "params": {"C": 29371.886262174754, "gamma": 0.009223754524319474}, "datetime": {"datetime": "2021-09-29 08:38:07", "elapsed": 10.500676, "delta": 0.311146}}
{"target": -34.55289118094405, "params": {"C": 27478.01458467359, "gamma": 0.023535076474632936}, "datetime": {"datetime": "2021-09-29 08:38:07", "elapsed": 10.832815, "delta": 0.332139}}
{"target": -36.0083236874312, "params": {"C": 29349.90007609377, "gamma": 0.06041971182382512}, "datetime": {"datetime": "2021-09-29 08:38:08", "elapsed": 11.173816, "delta": 0.341001}}
{"target": -35.172632101269826, "params": {"C": 29384.967877489937, "gamma": 0.04242685035396458}, "datetime": {"datetime": "2021-09-29 08:38:08", "elapsed": 11.508814, "delta": 0.334998}}
{"target": -35.34709311887861, "params": {"C": 29388.76598698592, "gamma": 0.04578572599073921}, "datetime": {"datetime": "2021-09-29 08:38:09", "elapsed": 11.889811, "delta": 0.380997}}
{"target": -36.14568419130269, "params": {"C": 29395.85461253151, "gamma": 0.06399514321654699}, "datetime": {"datetime": "2021-09-29 08:38:09", "elapsed": 12.29082, "delta": 0.401009}}
{"target": -35.34545914861916, "params": {"C": 27539.959947312105, "gamma": 0.0471799823565617}, "datetime": {"datetime": "2021-09-29 08:38:09", "elapsed": 12.797814, "delta": 0.506994}}
{"target": -34.99096017463292, "params": {"C": 27534.3295542832, "gamma": 0.039011987209805414}, "datetime": {"datetime": "2021-09-29 08:38:10", "elapsed": 13.279816, "delta": 0.482002}}
{"target": -35.62907529259248, "params": {"C": 27531.215640486105, "gamma": 0.053406252684459546}, "datetime": {"datetime": "2021-09-29 08:38:10", "elapsed": 13.759813, "delta": 0.479997}}
{"target": -35.00281445769525, "params": {"C": 27476.774128680147, "gamma": 0.039350736510398665}, "datetime": {"datetime": "2021-09-29 08:38:11", "elapsed": 14.223813, "delta": 0.464}}
{"target": -36.01243758239598, "params": {"C": 27479.591582256835, "gamma": 0.06281101022245769}, "datetime": {"datetime": "2021-09-29 08:38:11", "elapsed": 14.591196, "delta": 0.367383}}
{"target": -34.49938216723997, "params": {"C": 29367.13222675146, "gamma": 0.016427809845921244}, "datetime": {"datetime": "2021-09-29 08:38:12", "elapsed": 15.025196, "delta": 0.434}}
{"target": -34.687059384685014, "params": {"C": 27494.07387683459, "gamma": 0.013963999619938203}, "datetime": {"datetime": "2021-09-29 08:38:12", "elapsed": 15.449196, "delta": 0.424}}
{"target": -34.737569466814016, "params": {"C": 27487.23119651801, "gamma": 0.03171623257308587}, "datetime": {"datetime": "2021-09-29 08:38:13", "elapsed": 16.007776, "delta": 0.55858}}
{"target": -36.11467191721105, "params": {"C": 29344.284887945563, "gamma": 0.004828862777573785}, "datetime": {"datetime": "2021-09-29 08:38:13", "elapsed": 16.438771, "delta": 0.430995}}
{"target": -35.256096287049786, "params": {"C": 29364.768356578494, "gamma": 0.04403873158021786}, "datetime": {"datetime": "2021-09-29 08:38:13", "elapsed": 16.832455, "delta": 0.393684}}
{"target": -35.71260412777499, "params": {"C": 29366.419998464447, "gamma": 0.05356104738255723}, "datetime": {"datetime": "2021-09-29 08:38:14", "elapsed": 17.255453, "delta": 0.422998}}
{"target": -35.25300174274166, "params": {"C": 27862.396358899292, "gamma": 0.04506020224636284}, "datetime": {"datetime": "2021-09-29 08:38:14", "elapsed": 17.606452, "delta": 0.350999}}
{"target": -36.26864562274309, "params": {"C": 28710.942247393155, "gamma": 0.06793551508327296}, "datetime": {"datetime": "2021-09-29 08:38:15", "elapsed": 18.092453, "delta": 0.486001}}
{"target": -34.91998306545944, "params": {"C": 26327.850779249202, "gamma": 0.03793985841889618}, "datetime": {"datetime": "2021-09-29 08:38:15", "elapsed": 18.587656, "delta": 0.495203}}
{"target": -34.81140589825692, "params": {"C": 27139.180903329976, "gamma": 0.03446575854314585}, "datetime": {"datetime": "2021-09-29 08:38:16", "elapsed": 19.088644, "delta": 0.500988}}
{"target": -36.16747611070047, "params": {"C": 27799.707286495308, "gamma": 0.06643476100101274}, "datetime": {"datetime": "2021-09-29 08:38:16", "elapsed": 19.492645, "delta": 0.404001}}
{"target": -35.08009838178493, "params": {"C": 28063.91763173935, "gamma": 0.04097144327619288}, "datetime": {"datetime": "2021-09-29 08:38:17", "elapsed": 19.944646, "delta": 0.452001}}
{"target": -35.176113795260264, "params": {"C": 26010.837569644, "gamma": 0.044902394267645425}, "datetime": {"datetime": "2021-09-29 08:38:17", "elapsed": 20.370643, "delta": 0.425997}}
{"target": -36.56711387684097, "params": {"C": 28999.0922359632, "gamma": 0.07519173492704552}, "datetime": {"datetime": "2021-09-29 08:38:17", "elapsed": 20.772542, "delta": 0.401899}}
{"target": -34.53983716627722, "params": {"C": 27334.231757449565, "gamma": 0.02267584143630391}, "datetime": {"datetime": "2021-09-29 08:38:18", "elapsed": 21.178539, "delta": 0.405997}}
{"target": -34.569625880001844, "params": {"C": 27005.04858954665, "gamma": 0.024574119026963482}, "datetime": {"datetime": "2021-09-29 08:38:18", "elapsed": 21.576542, "delta": 0.398003}}
{"target": -34.543670325799965, "params": {"C": 29414.626684298157, "gamma": 0.015575790324553074}, "datetime": {"datetime": "2021-09-29 08:38:19", "elapsed": 22.039538, "delta": 0.462996}}
{"target": -34.503790901167406, "params": {"C": 26323.86889444623, "gamma": 0.016760747169998976}, "datetime": {"datetime": "2021-09-29 08:38:19", "elapsed": 22.48754, "delta": 0.448002}}
{"target": -34.95029763665697, "params": {"C": 27175.081173298066, "gamma": 0.038196786764662115}, "datetime": {"datetime": "2021-09-29 08:38:20", "elapsed": 22.888119, "delta": 0.400579}}
{"target": -36.36166424696539, "params": {"C": 27506.635304514166, "gamma": 0.07188541877509098}, "datetime": {"datetime": "2021-09-29 08:38:20", "elapsed": 23.321115, "delta": 0.432996}}
