{"target": -40.99235978948831, "params": {"C": 9114.782835766462, "gamma": 0.017155408609417958}, "datetime": {"datetime": "2021-09-29 18:20:01", "elapsed": 62.586195, "delta": 0.594065}}
{"target": -42.31583186284947, "params": {"C": 7128.831594095214, "gamma": 0.05642199679317626}, "datetime": {"datetime": "2021-09-29 18:20:02", "elapsed": 63.157198, "delta": 0.571003}}
{"target": -41.310628877710165, "params": {"C": 7511.149141835303, "gamma": 0.035354753600367494}, "datetime": {"datetime": "2021-09-29 18:20:03", "elapsed": 63.717798, "delta": 0.5606}}
{"target": -41.8031253145723, "params": {"C": 6455.424204135139, "gamma": 0.005855274745158656}, "datetime": {"datetime": "2021-09-29 18:20:03", "elapsed": 64.392828, "delta": 0.67503}}
{"target": -42.756875746571964, "params": {"C": 5470.347552311232, "gamma": 0.07585646915540852}, "datetime": {"datetime": "2021-09-29 18:20:04", "elapsed": 65.219422, "delta": 0.826594}}
{"target": -40.96848510720258, "params": {"C": 7030.822796160191, "gamma": 0.02689738781137959}, "datetime": {"datetime": "2021-09-29 18:20:05", "elapsed": 65.78446, "delta": 0.565038}}
{"target": -43.48560398381319, "params": {"C": 8993.05921853987, "gamma": 0.06817606892301989}, "datetime": {"datetime": "2021-09-29 18:20:05", "elapsed": 66.389419, "delta": 0.604959}}
{"target": -42.69463313117022, "params": {"C": 5256.474088616486, "gamma": 0.002058470590677711}, "datetime": {"datetime": "2021-09-29 18:20:06", "elapsed": 67.293635, "delta": 0.904216}}
{"target": -43.46770202688467, "params": {"C": 7554.030592216683, "gamma": 0.07563061456920703}, "datetime": {"datetime": "2021-09-29 18:20:07", "elapsed": 68.002599, "delta": 0.708964}}
{"target": -41.54974130789324, "params": {"C": 6309.58580964689, "gamma": 0.04480653456043486}, "datetime": {"datetime": "2021-09-29 18:20:08", "elapsed": 68.728039, "delta": 0.72544}}
{"target": -41.272057680760724, "params": {"C": 5256.413061738497, "gamma": 0.04283735819383566}, "datetime": {"datetime": "2021-09-29 18:20:08", "elapsed": 69.479034, "delta": 0.750995}}
{"target": -42.53573639840084, "params": {"C": 5779.493248871995, "gamma": 0.06859148364879221}, "datetime": {"datetime": "2021-09-29 18:20:09", "elapsed": 70.119034, "delta": 0.64}}
{"target": -41.279307440449756, "params": {"C": 5256.44139538202, "gamma": 0.04303049258316153}, "datetime": {"datetime": "2021-09-29 18:20:10", "elapsed": 70.867356, "delta": 0.748322}}
{"target": -41.79554348106884, "params": {"C": 6309.645540134161, "gamma": 0.0500311287577551}, "datetime": {"datetime": "2021-09-29 18:20:10", "elapsed": 71.523319, "delta": 0.655963}}
{"target": -41.907248447625875, "params": {"C": 7030.859463857763, "gamma": 0.04910914672852896}, "datetime": {"datetime": "2021-09-29 18:20:11", "elapsed": 72.369319, "delta": 0.846}}
{"target": -41.646688581285424, "params": {"C": 6334.462147496713, "gamma": 0.04678901225889267}, "datetime": {"datetime": "2021-09-29 18:20:12", "elapsed": 72.977677, "delta": 0.608358}}
{"target": -41.18729396443501, "params": {"C": 9084.543896289651, "gamma": 0.01232353901104043}, "datetime": {"datetime": "2021-09-29 18:20:12", "elapsed": 73.615193, "delta": 0.637516}}
{"target": -41.57878617170262, "params": {"C": 5544.9156158073665, "gamma": 0.04899512963534926}, "datetime": {"datetime": "2021-09-29 18:20:13", "elapsed": 74.306016, "delta": 0.690823}}
{"target": -41.01598695340424, "params": {"C": 7356.067567955584, "gamma": 0.016119972280638148}, "datetime": {"datetime": "2021-09-29 18:20:14", "elapsed": 75.18958, "delta": 0.883564}}
{"target": -40.88451406364937, "params": {"C": 5519.341963618643, "gamma": 0.027821888164542008}, "datetime": {"datetime": "2021-09-29 18:20:15", "elapsed": 76.008576, "delta": 0.818996}}
{"target": -40.9486009754616, "params": {"C": 5175.558161268661, "gamma": 0.03285090059408151}, "datetime": {"datetime": "2021-09-29 18:20:16", "elapsed": 76.771146, "delta": 0.76257}}
{"target": -41.21018984004577, "params": {"C": 7894.099777164611, "gamma": 0.03197131657597406}, "datetime": {"datetime": "2021-09-29 18:20:16", "elapsed": 77.345146, "delta": 0.574}}
{"target": -41.3898844040025, "params": {"C": 8293.932126326294, "gamma": 0.03487653683429841}, "datetime": {"datetime": "2021-09-29 18:20:17", "elapsed": 78.076428, "delta": 0.731282}}
{"target": -42.07515977322188, "params": {"C": 5817.63633045981, "gamma": 0.058481682699785285}, "datetime": {"datetime": "2021-09-29 18:20:18", "elapsed": 78.731227, "delta": 0.654799}}
{"target": -40.91423258124533, "params": {"C": 6743.850644387711, "gamma": 0.024584543028194565}, "datetime": {"datetime": "2021-09-29 18:20:18", "elapsed": 79.411223, "delta": 0.679996}}
{"target": -42.485373223539135, "params": {"C": 7251.451969409645, "gamma": 0.058991606388028084}, "datetime": {"datetime": "2021-09-29 18:20:19", "elapsed": 80.263221, "delta": 0.851998}}
{"target": -40.94165911301978, "params": {"C": 5257.562813282096, "gamma": 0.018802839640483605}, "datetime": {"datetime": "2021-09-29 18:20:20", "elapsed": 81.172188, "delta": 0.908967}}
{"target": -41.96085538366121, "params": {"C": 6743.828219207214, "gamma": 0.051390993181058255}, "datetime": {"datetime": "2021-09-29 18:20:21", "elapsed": 82.197188, "delta": 1.025}}
{"target": -41.687900417730276, "params": {"C": 5175.268338034662, "gamma": 0.053570263349803283}, "datetime": {"datetime": "2021-09-29 18:20:22", "elapsed": 83.070372, "delta": 0.873184}}
{"target": -42.78110680294459, "params": {"C": 9344.890630531143, "gamma": 0.05537104276469857}, "datetime": {"datetime": "2021-09-29 18:20:23", "elapsed": 83.754033, "delta": 0.683661}}
{"target": -42.210370834548975, "params": {"C": 7722.585553042882, "gamma": 0.05192061093621587}, "datetime": {"datetime": "2021-09-29 18:20:23", "elapsed": 84.401003, "delta": 0.64697}}
{"target": -41.07274888429717, "params": {"C": 7030.825847062433, "gamma": 0.030687339410092586}, "datetime": {"datetime": "2021-09-29 18:20:24", "elapsed": 85.135249, "delta": 0.734246}}
{"target": -41.660563997715016, "params": {"C": 6079.42647421929, "gamma": 0.04823247505823303}, "datetime": {"datetime": "2021-09-29 18:20:25", "elapsed": 85.954238, "delta": 0.818989}}
{"target": -41.7509528387212, "params": {"C": 7030.794473338574, "gamma": 0.006170545762004193}, "datetime": {"datetime": "2021-09-29 18:20:26", "elapsed": 86.771432, "delta": 0.817194}}
{"target": -43.97477267637747, "params": {"C": 9788.307488522183, "gamma": 0.07252915212341401}, "datetime": {"datetime": "2021-09-29 18:20:26", "elapsed": 87.404433, "delta": 0.633001}}
{"target": -41.23116412622087, "params": {"C": 5547.706908476824, "gamma": 0.04042400888585054}, "datetime": {"datetime": "2021-09-29 18:20:27", "elapsed": 88.19879, "delta": 0.794357}}
{"target": -42.35772100158252, "params": {"C": 5323.875926866702, "gamma": 0.06794495473812646}, "datetime": {"datetime": "2021-09-29 18:20:28", "elapsed": 89.079674, "delta": 0.880884}}
{"target": -41.54452054858608, "params": {"C": 7356.0179302635, "gamma": 0.008160364830238714}, "datetime": {"datetime": "2021-09-29 18:20:29", "elapsed": 90.35861, "delta": 1.278936}}
{"target": -43.97988716503116, "params": {"C": 8998.994708310533, "gamma": 0.07656325082061073}, "datetime": {"datetime": "2021-09-29 18:20:30", "elapsed": 91.245772, "delta": 0.887162}}
{"target": -41.45352714264043, "params": {"C": 6456.360109164882, "gamma": 0.04209467544456161}, "datetime": {"datetime": "2021-09-29 18:20:31", "elapsed": 92.397775, "delta": 1.152003}}
{"target": -41.372890057977415, "params": {"C": 5967.820794957782, "gamma": 0.04221057377758027}, "datetime": {"datetime": "2021-09-29 18:20:32", "elapsed": 93.286987, "delta": 0.889212}}
{"target": -41.552480370622426, "params": {"C": 6400.774923589233, "gamma": 0.04448722582964759}, "datetime": {"datetime": "2021-09-29 18:20:33", "elapsed": 94.17065, "delta": 0.883663}}
{"target": -42.324807144111666, "params": {"C": 7184.752667919809, "gamma": 0.05632803065580361}, "datetime": {"datetime": "2021-09-29 18:20:34", "elapsed": 95.030811, "delta": 0.860161}}
{"target": -43.061490323220184, "params": {"C": 9640.420754034216, "gamma": 0.05868972323021631}, "datetime": {"datetime": "2021-09-29 18:20:35", "elapsed": 95.916804, "delta": 0.885993}}
{"target": -41.27974709722944, "params": {"C": 7251.461097339492, "gamma": 0.011359760423661845}, "datetime": {"datetime": "2021-09-29 18:20:36", "elapsed": 97.350503, "delta": 1.433699}}
{"target": -41.95774607530958, "params": {"C": 6334.458304330179, "gamma": 0.004643742855238286}, "datetime": {"datetime": "2021-09-29 18:20:37", "elapsed": 98.282501, "delta": 0.931998}}
{"target": -41.4600551438701, "params": {"C": 5519.349738645564, "gamma": 0.04632123169590331}, "datetime": {"datetime": "2021-09-29 18:20:38", "elapsed": 99.495348, "delta": 1.212847}}
{"target": -41.28709894456134, "params": {"C": 6456.39870652651, "gamma": 0.011493759754021381}, "datetime": {"datetime": "2021-09-29 18:20:39", "elapsed": 100.498345, "delta": 1.002997}}
{"target": -41.81345881340642, "params": {"C": 5627.901591501057, "gamma": 0.05386883964370051}, "datetime": {"datetime": "2021-09-29 18:20:40", "elapsed": 101.519203, "delta": 1.020858}}
{"target": -40.919643026278294, "params": {"C": 5284.234197719926, "gamma": 0.031028838805485917}, "datetime": {"datetime": "2021-09-29 18:20:41", "elapsed": 102.486204, "delta": 0.967001}}
{"target": -40.97148514833469, "params": {"C": 5732.553582807058, "gamma": 0.03154313609272114}, "datetime": {"datetime": "2021-09-29 18:20:42", "elapsed": 103.485832, "delta": 0.999628}}
{"target": -41.47526474637627, "params": {"C": 7841.351723360928, "gamma": 0.037860101067720024}, "datetime": {"datetime": "2021-09-29 18:20:43", "elapsed": 104.683412, "delta": 1.19758}}
{"target": -41.44369353113954, "params": {"C": 6455.8254779385825, "gamma": 0.04187753834531528}, "datetime": {"datetime": "2021-09-29 18:20:45", "elapsed": 105.783632, "delta": 1.10022}}
{"target": -41.605936597823515, "params": {"C": 5546.4996004212135, "gamma": 0.008064378871977501}, "datetime": {"datetime": "2021-09-29 18:20:46", "elapsed": 107.307046, "delta": 1.523414}}
{"target": -42.7860772779719, "params": {"C": 5519.285929562528, "gamma": 0.07611600137059435}, "datetime": {"datetime": "2021-09-29 18:20:47", "elapsed": 108.530039, "delta": 1.222993}}
{"target": -42.99384541304263, "params": {"C": 6102.263102108682, "gamma": 0.07607756853480202}, "datetime": {"datetime": "2021-09-29 18:20:48", "elapsed": 109.332028, "delta": 0.801989}}
{"target": -42.87110306376562, "params": {"C": 5732.551534466221, "gamma": 0.0762883183248145}, "datetime": {"datetime": "2021-09-29 18:20:49", "elapsed": 110.489029, "delta": 1.157001}}
{"target": -42.3128499092164, "params": {"C": 7356.452438392819, "gamma": 0.0023922042546691454}, "datetime": {"datetime": "2021-09-29 18:20:50", "elapsed": 111.579314, "delta": 1.090285}}
{"target": -41.77398516283748, "params": {"C": 5546.474718376273, "gamma": 0.05343766807650949}, "datetime": {"datetime": "2021-09-29 18:20:51", "elapsed": 112.546315, "delta": 0.967001}}
{"target": -41.87764444887153, "params": {"C": 7073.334948407832, "gamma": 0.04836381132883627}, "datetime": {"datetime": "2021-09-29 18:20:52", "elapsed": 113.491197, "delta": 0.944882}}
{"target": -42.34301227484934, "params": {"C": 5546.43269010892, "gamma": 0.002892005832110858}, "datetime": {"datetime": "2021-09-29 18:20:53", "elapsed": 114.463821, "delta": 0.972624}}
{"target": -42.044774088355766, "params": {"C": 7580.35408498656, "gamma": 0.04949066088409322}, "datetime": {"datetime": "2021-09-29 18:20:54", "elapsed": 115.479429, "delta": 1.015608}}
{"target": -40.99538669396976, "params": {"C": 8025.67822813611, "gamma": 0.025194156383550985}, "datetime": {"datetime": "2021-09-29 18:20:55", "elapsed": 116.438429, "delta": 0.959}}
{"target": -41.86953740350679, "params": {"C": 7808.412055243882, "gamma": 0.04545603690223543}, "datetime": {"datetime": "2021-09-29 18:20:56", "elapsed": 117.405648, "delta": 0.967219}}
{"target": -41.174890680159685, "params": {"C": 8609.19028677103, "gamma": 0.012610425465012277}, "datetime": {"datetime": "2021-09-29 18:20:57", "elapsed": 118.339653, "delta": 0.934005}}
{"target": -41.29630314293477, "params": {"C": 5256.416974502619, "gamma": 0.011874257107711712}, "datetime": {"datetime": "2021-09-29 18:20:58", "elapsed": 119.713868, "delta": 1.374215}}
{"target": -42.17752253285765, "params": {"C": 5544.962505677166, "gamma": 0.06238498545154312}, "datetime": {"datetime": "2021-09-29 18:21:00", "elapsed": 121.011505, "delta": 1.297637}}
{"target": -41.05602172659827, "params": {"C": 5545.280135143617, "gamma": 0.015715960589540237}, "datetime": {"datetime": "2021-09-29 18:21:01", "elapsed": 122.094504, "delta": 1.082999}}
{"target": -40.912681987149405, "params": {"C": 5224.816490200172, "gamma": 0.019871701992037943}, "datetime": {"datetime": "2021-09-29 18:21:02", "elapsed": 123.013626, "delta": 0.919122}}
{"target": -43.00659520077273, "params": {"C": 5795.054513825102, "gamma": 0.0788009599025599}, "datetime": {"datetime": "2021-09-29 18:21:03", "elapsed": 123.931259, "delta": 0.917633}}
{"target": -41.061077127753194, "params": {"C": 9114.751718659689, "gamma": 0.01478698734066583}, "datetime": {"datetime": "2021-09-29 18:21:04", "elapsed": 125.043502, "delta": 1.112243}}
{"target": -44.13307888978807, "params": {"C": 9853.014220829344, "gamma": 0.07481415816230444}, "datetime": {"datetime": "2021-09-29 18:21:05", "elapsed": 125.927503, "delta": 0.884001}}
{"target": -42.46402199700978, "params": {"C": 6302.345063472654, "gamma": 0.06369639496512057}, "datetime": {"datetime": "2021-09-29 18:21:06", "elapsed": 126.750137, "delta": 0.822634}}
{"target": -42.32559318281082, "params": {"C": 5175.209136022071, "gamma": 0.0031301242020002826}, "datetime": {"datetime": "2021-09-29 18:21:07", "elapsed": 127.761801, "delta": 1.011664}}
{"target": -41.1714881190936, "params": {"C": 5284.258968550638, "gamma": 0.013728472394280869}, "datetime": {"datetime": "2021-09-29 18:21:08", "elapsed": 128.896256, "delta": 1.134455}}
{"target": -42.65014500337614, "params": {"C": 9078.73642103724, "gamma": 0.054235641886777625}, "datetime": {"datetime": "2021-09-29 18:21:09", "elapsed": 129.834258, "delta": 0.938002}}
{"target": -41.261930096713535, "params": {"C": 5256.508217512959, "gamma": 0.04256552297543299}, "datetime": {"datetime": "2021-09-29 18:21:10", "elapsed": 131.03642, "delta": 1.202162}}
{"target": -42.792660957989185, "params": {"C": 7841.390232743677, "gamma": 0.06171939314745574}, "datetime": {"datetime": "2021-09-29 18:21:11", "elapsed": 132.354421, "delta": 1.318001}}
{"target": -40.90664474350979, "params": {"C": 6743.883969275957, "gamma": 0.021160025239613134}, "datetime": {"datetime": "2021-09-29 18:21:13", "elapsed": 133.791454, "delta": 1.437033}}
{"target": -44.00058130586378, "params": {"C": 8609.191520316836, "gamma": 0.07912746255055732}, "datetime": {"datetime": "2021-09-29 18:21:14", "elapsed": 134.879449, "delta": 1.087995}}
{"target": -42.19874721900687, "params": {"C": 9114.773537906418, "gamma": 0.046856523673818935}, "datetime": {"datetime": "2021-09-29 18:21:15", "elapsed": 136.447667, "delta": 1.568218}}
{"target": -41.641717342986844, "params": {"C": 5257.514721832611, "gamma": 0.007834642446111657}, "datetime": {"datetime": "2021-09-29 18:21:17", "elapsed": 137.846817, "delta": 1.39915}}
{"target": -41.56366585344253, "params": {"C": 8091.010404825618, "gamma": 0.03886053732372638}, "datetime": {"datetime": "2021-09-29 18:21:18", "elapsed": 138.820459, "delta": 0.973642}}
{"target": -40.89859768579755, "params": {"C": 6618.694654632883, "gamma": 0.022649692866479443}, "datetime": {"datetime": "2021-09-29 18:21:19", "elapsed": 139.835333, "delta": 1.014874}}
{"target": -42.38419740968741, "params": {"C": 5732.545167351705, "gamma": 0.0026708760648605123}, "datetime": {"datetime": "2021-09-29 18:21:20", "elapsed": 141.134638, "delta": 1.299305}}
{"target": -42.13544832166216, "params": {"C": 9084.579540886001, "gamma": 0.0028067052677501463}, "datetime": {"datetime": "2021-09-29 18:21:21", "elapsed": 142.348635, "delta": 1.213997}}
{"target": -42.28062212965832, "params": {"C": 9114.813062397547, "gamma": 0.002128487271816952}, "datetime": {"datetime": "2021-09-29 18:21:22", "elapsed": 143.521908, "delta": 1.173273}}
{"target": -40.996906524630404, "params": {"C": 8466.100746972279, "gamma": 0.024099285408461166}, "datetime": {"datetime": "2021-09-29 18:21:23", "elapsed": 144.532513, "delta": 1.010605}}
{"target": -41.8074360490075, "params": {"C": 5284.265312942552, "gamma": 0.05571127163600819}, "datetime": {"datetime": "2021-09-29 18:21:25", "elapsed": 145.847041, "delta": 1.314528}}
{"target": -43.71598669580404, "params": {"C": 9163.35329751072, "gamma": 0.07121580589698616}, "datetime": {"datetime": "2021-09-29 18:21:26", "elapsed": 147.015593, "delta": 1.168552}}
{"target": -41.31090892770457, "params": {"C": 9394.267655151047, "gamma": 0.03068735515252067}, "datetime": {"datetime": "2021-09-29 18:21:27", "elapsed": 148.557721, "delta": 1.542128}}
{"target": -41.10106758253074, "params": {"C": 5627.965365447275, "gamma": 0.014782177764383524}, "datetime": {"datetime": "2021-09-29 18:21:28", "elapsed": 149.637383, "delta": 1.079662}}
{"target": -42.55937051741828, "params": {"C": 6554.598854873186, "gamma": 0.06411683609548717}, "datetime": {"datetime": "2021-09-29 18:21:29", "elapsed": 150.595391, "delta": 0.958008}}
{"target": -44.23671818547895, "params": {"C": 9504.249623262855, "gamma": 0.07830913049885832}, "datetime": {"datetime": "2021-09-29 18:21:30", "elapsed": 151.513141, "delta": 0.91775}}
{"target": -41.13230758964538, "params": {"C": 7126.744763069128, "gamma": 0.03211999282709129}, "datetime": {"datetime": "2021-09-29 18:21:31", "elapsed": 152.523139, "delta": 1.009998}}
{"target": -43.37694962302599, "params": {"C": 8466.0946621465, "gamma": 0.06887724583524948}, "datetime": {"datetime": "2021-09-29 18:21:33", "elapsed": 153.894933, "delta": 1.371794}}
{"target": -41.76621018833439, "params": {"C": 7126.778402523024, "gamma": 0.04599059521019548}, "datetime": {"datetime": "2021-09-29 18:21:34", "elapsed": 155.363934, "delta": 1.469001}}
{"target": -40.95951664535939, "params": {"C": 6618.658005588972, "gamma": 0.017942766775251306}, "datetime": {"datetime": "2021-09-29 18:21:36", "elapsed": 156.949935, "delta": 1.586001}}
{"target": -41.01707207528605, "params": {"C": 6455.7575313164625, "gamma": 0.03067434656598738}, "datetime": {"datetime": "2021-09-29 18:21:37", "elapsed": 158.048546, "delta": 1.098611}}
{"target": -41.49706263267671, "params": {"C": 5123.1053628335085, "gamma": 0.009444480216889137}, "datetime": {"datetime": "2021-09-29 18:21:38", "elapsed": 159.083387, "delta": 1.034841}}
{"target": -43.231471545433955, "params": {"C": 6739.270459247375, "gamma": 0.07638448126130382}, "datetime": {"datetime": "2021-09-29 18:21:39", "elapsed": 160.102385, "delta": 1.018998}}
{"target": -41.14785583551292, "params": {"C": 7511.09863721558, "gamma": 0.031435695865619506}, "datetime": {"datetime": "2021-09-29 18:21:41", "elapsed": 161.953124, "delta": 1.850739}}
{"target": -43.11388125414789, "params": {"C": 7356.134495646855, "gamma": 0.07013025195230785}, "datetime": {"datetime": "2021-09-29 18:21:42", "elapsed": 162.888128, "delta": 0.935004}}
{"target": -42.35368456242961, "params": {"C": 7545.063493158817, "gamma": 0.0022068362738435015}, "datetime": {"datetime": "2021-09-29 18:21:43", "elapsed": 163.948928, "delta": 1.0608}}
{"target": -41.766261405737666, "params": {"C": 6400.776964370555, "gamma": 0.04900621962029071}, "datetime": {"datetime": "2021-09-29 18:21:44", "elapsed": 165.187951, "delta": 1.239023}}
{"target": -42.939657650767806, "params": {"C": 6155.138000736483, "gamma": 0.0745245374471869}, "datetime": {"datetime": "2021-09-29 18:21:45", "elapsed": 166.205946, "delta": 1.017995}}
{"target": -40.94845280442403, "params": {"C": 6457.426870366565, "gamma": 0.027869664921888367}, "datetime": {"datetime": "2021-09-29 18:21:46", "elapsed": 167.709355, "delta": 1.503409}}
{"target": -42.89174087722482, "params": {"C": 6455.754147069978, "gamma": 0.07141313380008217}, "datetime": {"datetime": "2021-09-29 18:21:48", "elapsed": 168.993042, "delta": 1.283687}}
{"target": -40.882131853534595, "params": {"C": 5257.298789859279, "gamma": 0.02891705087337483}, "datetime": {"datetime": "2021-09-29 18:21:49", "elapsed": 170.232242, "delta": 1.2392}}
{"target": -40.904810316143944, "params": {"C": 6743.881307519463, "gamma": 0.023341730147545592}, "datetime": {"datetime": "2021-09-29 18:21:50", "elapsed": 171.382907, "delta": 1.150665}}
{"target": -42.04809810844139, "params": {"C": 9084.520659058508, "gamma": 0.04448845243277139}, "datetime": {"datetime": "2021-09-29 18:21:51", "elapsed": 172.706902, "delta": 1.323995}}
{"target": -42.75923656443248, "params": {"C": 7522.839152794348, "gamma": 0.06267285287042816}, "datetime": {"datetime": "2021-09-29 18:21:53", "elapsed": 173.823362, "delta": 1.11646}}
{"target": -43.7400259326362, "params": {"C": 7810.196239218718, "gamma": 0.07919582891684554}, "datetime": {"datetime": "2021-09-29 18:21:54", "elapsed": 174.755365, "delta": 0.932003}}
{"target": -42.34674919252847, "params": {"C": 7357.099838919031, "gamma": 0.002276246725037746}, "datetime": {"datetime": "2021-09-29 18:21:55", "elapsed": 175.999561, "delta": 1.244196}}
{"target": -41.42791184536624, "params": {"C": 8466.118013171894, "gamma": 0.009245309322237485}, "datetime": {"datetime": "2021-09-29 18:21:56", "elapsed": 177.236765, "delta": 1.237204}}
{"target": -41.32310474671145, "params": {"C": 5257.577599775835, "gamma": 0.044176264460743735}, "datetime": {"datetime": "2021-09-29 18:21:57", "elapsed": 178.528766, "delta": 1.292001}}
{"target": -40.95772798551416, "params": {"C": 6730.28799917575, "gamma": 0.02737589127361896}, "datetime": {"datetime": "2021-09-29 18:21:58", "elapsed": 179.636236, "delta": 1.10747}}
