{"target": -35.088182551325474, "params": {"C": 2287.5998091086167, "gamma": 0.07038919611340051}, "datetime": {"datetime": "2021-09-28 14:55:46", "elapsed": 850.952132, "delta": 4.511223}}
{"target": -34.76164441765652, "params": {"C": 2827.212131146982, "gamma": 0.04167716659483996}, "datetime": {"datetime": "2021-09-28 14:55:52", "elapsed": 856.367773, "delta": 5.415641}}
{"target": -34.769905606117604, "params": {"C": 2816.8120090125494, "gamma": 0.03797939835149284}, "datetime": {"datetime": "2021-09-28 14:56:00", "elapsed": 864.875897, "delta": 8.508124}}
{"target": -35.92188674238244, "params": {"C": 2827.1049798191625, "gamma": 0.014819793723943514}, "datetime": {"datetime": "2021-09-28 14:56:07", "elapsed": 871.429897, "delta": 6.554}}
{"target": -37.087643562637844, "params": {"C": 2827.200294457988, "gamma": 0.0074449132665390175}, "datetime": {"datetime": "2021-09-28 14:56:14", "elapsed": 878.854991, "delta": 7.425094}}
{"target": -36.61142468952095, "params": {"C": 2188.225847317981, "gamma": 0.178543280351003}, "datetime": {"datetime": "2021-09-28 14:56:17", "elapsed": 881.812024, "delta": 2.957033}}
{"target": -35.1049012734946, "params": {"C": 2827.1754488447227, "gamma": 0.07498545191215486}, "datetime": {"datetime": "2021-09-28 14:56:24", "elapsed": 888.285609, "delta": 6.473585}}
{"target": -36.243552530618366, "params": {"C": 2723.4221640366322, "gamma": 0.0125697268911544}, "datetime": {"datetime": "2021-09-28 14:56:28", "elapsed": 892.266071, "delta": 3.980462}}
{"target": -34.91820304976439, "params": {"C": 2878.9797466325076, "gamma": 0.06117826460539563}, "datetime": {"datetime": "2021-09-28 14:56:32", "elapsed": 896.659389, "delta": 4.393318}}
{"target": -35.64410684131707, "params": {"C": 2406.0988943307507, "gamma": 0.1095553289889523}, "datetime": {"datetime": "2021-09-28 14:56:36", "elapsed": 900.658769, "delta": 3.99938}}
{"target": -35.61159607623736, "params": {"C": 2228.6380515561664, "gamma": 0.1065260045982328}, "datetime": {"datetime": "2021-09-28 14:56:39", "elapsed": 903.964486, "delta": 3.305717}}
{"target": -35.41952287743274, "params": {"C": 2827.24033830659, "gamma": 0.09695310509382757}, "datetime": {"datetime": "2021-09-28 14:56:45", "elapsed": 909.575145, "delta": 5.610659}}
{"target": -35.083618474239486, "params": {"C": 2157.4634439347865, "gamma": 0.06895886369922435}, "datetime": {"datetime": "2021-09-28 14:56:49", "elapsed": 913.919479, "delta": 4.344334}}
{"target": -35.1085702906957, "params": {"C": 2345.7951748114124, "gamma": 0.07233004697407448}, "datetime": {"datetime": "2021-09-28 14:56:55", "elapsed": 919.432457, "delta": 5.512978}}
{"target": -36.54967656793234, "params": {"C": 2997.872106470521, "gamma": 0.17287522530365668}, "datetime": {"datetime": "2021-09-28 14:56:58", "elapsed": 922.293455, "delta": 2.860998}}
{"target": -35.82491497804153, "params": {"C": 2658.01994268264, "gamma": 0.12170032087420428}, "datetime": {"datetime": "2021-09-28 14:57:00", "elapsed": 924.942356, "delta": 2.648901}}
{"target": -36.54474181616572, "params": {"C": 2479.3980773148937, "gamma": 0.1728024696075006}, "datetime": {"datetime": "2021-09-28 14:57:03", "elapsed": 927.980042, "delta": 3.037686}}
{"target": -35.213081323529636, "params": {"C": 2242.7274991323275, "gamma": 0.026243588416733507}, "datetime": {"datetime": "2021-09-28 14:57:08", "elapsed": 932.365377, "delta": 4.385335}}
{"target": -35.69727054123974, "params": {"C": 2157.42146613652, "gamma": 0.01998198190399697}, "datetime": {"datetime": "2021-09-28 14:57:12", "elapsed": 936.316273, "delta": 3.950896}}
{"target": -35.686381205531994, "params": {"C": 2722.008162524977, "gamma": 0.11357744664070639}, "datetime": {"datetime": "2021-09-28 14:57:16", "elapsed": 940.911228, "delta": 4.594955}}
{"target": -36.28614431985523, "params": {"C": 2708.5386542406422, "gamma": 0.15231122646576495}, "datetime": {"datetime": "2021-09-28 14:57:19", "elapsed": 943.680476, "delta": 2.769248}}
{"target": -36.26671431865681, "params": {"C": 2545.792183845928, "gamma": 0.013014027700687731}, "datetime": {"datetime": "2021-09-28 14:57:22", "elapsed": 946.383854, "delta": 2.703378}}
{"target": -35.318397998809544, "params": {"C": 2287.634451007701, "gamma": 0.08724024622379481}, "datetime": {"datetime": "2021-09-28 14:57:25", "elapsed": 950.004784, "delta": 3.62093}}
{"target": -35.44742534854126, "params": {"C": 2242.653078538264, "gamma": 0.09581872675195256}, "datetime": {"datetime": "2021-09-28 14:57:29", "elapsed": 953.687721, "delta": 3.682937}}
{"target": -35.41466218630223, "params": {"C": 2346.0867495912435, "gamma": 0.0947376814520585}, "datetime": {"datetime": "2021-09-28 14:57:33", "elapsed": 957.56378, "delta": 3.876059}}
{"target": -34.909636387163545, "params": {"C": 2052.0825296099097, "gamma": 0.0402537061958604}, "datetime": {"datetime": "2021-09-28 14:57:36", "elapsed": 960.498289, "delta": 2.934509}}
{"target": -35.275631128078565, "params": {"C": 2671.7934331183105, "gamma": 0.08629344516881547}, "datetime": {"datetime": "2021-09-28 14:57:39", "elapsed": 963.450244, "delta": 2.951955}}
{"target": -34.797843833577566, "params": {"C": 2816.782441212238, "gamma": 0.048440049228637656}, "datetime": {"datetime": "2021-09-28 14:57:45", "elapsed": 969.305716, "delta": 5.855472}}
{"target": -35.219512657116134, "params": {"C": 2108.960713298322, "gamma": 0.027249888800953543}, "datetime": {"datetime": "2021-09-28 14:57:50", "elapsed": 974.610199, "delta": 5.304483}}
{"target": -34.933022899275336, "params": {"C": 2827.194458756464, "gamma": 0.06215959794946169}, "datetime": {"datetime": "2021-09-28 14:57:56", "elapsed": 981.043538, "delta": 6.433339}}
{"target": -35.03505111554085, "params": {"C": 2242.632356290514, "gamma": 0.029594154643279098}, "datetime": {"datetime": "2021-09-28 14:58:02", "elapsed": 987.090882, "delta": 6.047344}}
{"target": -35.312855146031566, "params": {"C": 2301.963588343254, "gamma": 0.08692551798171831}, "datetime": {"datetime": "2021-09-28 14:58:06", "elapsed": 990.24846, "delta": 3.157578}}
{"target": -35.65568597300274, "params": {"C": 2822.638303912035, "gamma": 0.017502549315372835}, "datetime": {"datetime": "2021-09-28 14:58:10", "elapsed": 994.705956, "delta": 4.457496}}
{"target": -35.27189806385046, "params": {"C": 2052.0800002029578, "gamma": 0.08205240745122774}, "datetime": {"datetime": "2021-09-28 14:58:15", "elapsed": 999.2586, "delta": 4.552644}}
{"target": -36.229678992292094, "params": {"C": 2370.2617008728357, "gamma": 0.14749550526557648}, "datetime": {"datetime": "2021-09-28 14:58:18", "elapsed": 1002.613277, "delta": 3.354677}}
{"target": -35.48695071138016, "params": {"C": 2822.625012412569, "gamma": 0.10112226271462715}, "datetime": {"datetime": "2021-09-28 14:58:25", "elapsed": 1009.214808, "delta": 6.601531}}
{"target": -35.69573220721954, "params": {"C": 2261.9935826761625, "gamma": 0.11174944724329926}, "datetime": {"datetime": "2021-09-28 14:58:30", "elapsed": 1014.280497, "delta": 5.065689}}
{"target": -35.660624637331495, "params": {"C": 2052.1080008280705, "gamma": 0.021091330168312605}, "datetime": {"datetime": "2021-09-28 14:58:34", "elapsed": 1018.96462, "delta": 4.684123}}
{"target": -34.7696213236223, "params": {"C": 2848.5752753588713, "gamma": 0.04408666246257941}, "datetime": {"datetime": "2021-09-28 14:58:39", "elapsed": 1023.647467, "delta": 4.682847}}
{"target": -35.35093997100709, "params": {"C": 2823.632930262117, "gamma": 0.0923525402026146}, "datetime": {"datetime": "2021-09-28 14:58:42", "elapsed": 1026.746622, "delta": 3.099155}}
{"target": -34.785732835221026, "params": {"C": 2848.6255277170044, "gamma": 0.03485384335991938}, "datetime": {"datetime": "2021-09-28 14:58:47", "elapsed": 1031.65279, "delta": 4.906168}}
{"target": -35.25980214462602, "params": {"C": 2848.6264755064312, "gamma": 0.08596555971186627}, "datetime": {"datetime": "2021-09-28 14:58:54", "elapsed": 1038.825064, "delta": 7.172274}}
{"target": -34.98953092092141, "params": {"C": 2345.9497710498563, "gamma": 0.06349470142112704}, "datetime": {"datetime": "2021-09-28 14:59:01", "elapsed": 1045.7822, "delta": 6.957136}}
{"target": -35.670059649006774, "params": {"C": 2721.838458397471, "gamma": 0.1126175576337652}, "datetime": {"datetime": "2021-09-28 14:59:10", "elapsed": 1055.108192, "delta": 9.325992}}
{"target": -35.720509378746144, "params": {"C": 2345.8166331410866, "gamma": 0.11376078581446664}, "datetime": {"datetime": "2021-09-28 14:59:17", "elapsed": 1061.297778, "delta": 6.189586}}
{"target": -35.15992831961619, "params": {"C": 2242.7408192231132, "gamma": 0.07531632096524013}, "datetime": {"datetime": "2021-09-28 14:59:24", "elapsed": 1068.331667, "delta": 7.033889}}
{"target": -35.190402796178645, "params": {"C": 2242.5916344493467, "gamma": 0.07754848553305149}, "datetime": {"datetime": "2021-09-28 14:59:31", "elapsed": 1075.334751, "delta": 7.003084}}
{"target": -35.20308833585657, "params": {"C": 2157.5173064463606, "gamma": 0.0778220784692195}, "datetime": {"datetime": "2021-09-28 14:59:35", "elapsed": 1080.042358, "delta": 4.707607}}
{"target": -35.85361588756082, "params": {"C": 2157.43956930957, "gamma": 0.12084388437114052}, "datetime": {"datetime": "2021-09-28 14:59:40", "elapsed": 1085.089958, "delta": 5.0476}}
{"target": -35.71443357709684, "params": {"C": 2146.5503383261102, "gamma": 0.11209100859760648}, "datetime": {"datetime": "2021-09-28 14:59:45", "elapsed": 1089.957588, "delta": 4.86763}}
{"target": -34.83049380419791, "params": {"C": 2600.6708177749315, "gamma": 0.03419029709825136}, "datetime": {"datetime": "2021-09-28 14:59:58", "elapsed": 1102.877327, "delta": 12.919739}}
{"target": -37.57647478377574, "params": {"C": 2600.6218426874457, "gamma": 0.005578523718232018}, "datetime": {"datetime": "2021-09-28 15:00:04", "elapsed": 1108.480674, "delta": 5.603347}}
{"target": -34.85756261896102, "params": {"C": 2475.5644682497723, "gamma": 0.03422768284528789}, "datetime": {"datetime": "2021-09-28 15:00:10", "elapsed": 1114.379491, "delta": 5.898817}}
{"target": -35.14664516145967, "params": {"C": 2848.5895314581658, "gamma": 0.07801801349058946}, "datetime": {"datetime": "2021-09-28 15:00:15", "elapsed": 1119.359142, "delta": 4.979651}}
{"target": -34.75558498916601, "params": {"C": 2848.598377752493, "gamma": 0.040096671524465}, "datetime": {"datetime": "2021-09-28 15:00:20", "elapsed": 1124.405174, "delta": 5.046032}}
{"target": -35.13000004046003, "params": {"C": 2094.6049193430913, "gamma": 0.07186672354553555}, "datetime": {"datetime": "2021-09-28 15:00:23", "elapsed": 1127.508564, "delta": 3.10339}}
{"target": -35.849538167070406, "params": {"C": 2825.8049803722683, "gamma": 0.015492592453534716}, "datetime": {"datetime": "2021-09-28 15:00:26", "elapsed": 1130.588648, "delta": 3.080084}}
{"target": -34.833204069266905, "params": {"C": 2345.748811240093, "gamma": 0.0413812972246556}, "datetime": {"datetime": "2021-09-28 15:00:30", "elapsed": 1134.730831, "delta": 4.142183}}
{"target": -34.76190539535273, "params": {"C": 2827.1584391994697, "gamma": 0.0417443331684272}, "datetime": {"datetime": "2021-09-28 15:00:34", "elapsed": 1138.938818, "delta": 4.207987}}
{"target": -34.96557735606653, "params": {"C": 2604.8688679796674, "gamma": 0.06366451139793355}, "datetime": {"datetime": "2021-09-28 15:00:39", "elapsed": 1143.524894, "delta": 4.586076}}
{"target": -34.92943367063764, "params": {"C": 2345.714055946445, "gamma": 0.03208178976226692}, "datetime": {"datetime": "2021-09-28 15:00:44", "elapsed": 1148.36736, "delta": 4.842466}}
{"target": -34.81222652718689, "params": {"C": 2475.648066983177, "gamma": 0.040849618247436936}, "datetime": {"datetime": "2021-09-28 15:00:49", "elapsed": 1153.20655, "delta": 4.83919}}
{"target": -34.80995876849974, "params": {"C": 2600.708723771378, "gamma": 0.046232074967468395}, "datetime": {"datetime": "2021-09-28 15:00:58", "elapsed": 1162.529759, "delta": 9.323209}}
{"target": -35.36863306788282, "params": {"C": 2345.7289786071224, "gamma": 0.09130911946580401}, "datetime": {"datetime": "2021-09-28 15:01:04", "elapsed": 1168.681531, "delta": 6.151772}}
{"target": -34.815710545959426, "params": {"C": 2475.5264809539826, "gamma": 0.03993539633761845}, "datetime": {"datetime": "2021-09-28 15:01:10", "elapsed": 1174.987996, "delta": 6.306465}}
{"target": -36.83357155546454, "params": {"C": 2994.458446332894, "gamma": 0.19968995843679027}, "datetime": {"datetime": "2021-09-28 15:01:13", "elapsed": 1177.875949, "delta": 2.887953}}
{"target": -34.82509556651346, "params": {"C": 2604.8417679169447, "gamma": 0.03475468319909588}, "datetime": {"datetime": "2021-09-28 15:01:17", "elapsed": 1182.091221, "delta": 4.215272}}
{"target": -34.97505052917511, "params": {"C": 2475.4700796115158, "gamma": 0.06343357455715047}, "datetime": {"datetime": "2021-09-28 15:01:23", "elapsed": 1187.876552, "delta": 5.785331}}
{"target": -36.13237874732387, "params": {"C": 2487.07710110649, "gamma": 0.14104011202745798}, "datetime": {"datetime": "2021-09-28 15:01:26", "elapsed": 1190.73187, "delta": 2.855318}}
{"target": -34.88864333576196, "params": {"C": 2604.786236359131, "gamma": 0.05718616165129826}, "datetime": {"datetime": "2021-09-28 15:01:31", "elapsed": 1195.247721, "delta": 4.515851}}
{"target": -36.38479849537334, "params": {"C": 2822.7830141081076, "gamma": 0.15998175092125974}, "datetime": {"datetime": "2021-09-28 15:01:34", "elapsed": 1198.296997, "delta": 3.049276}}
{"target": -35.59000687431177, "params": {"C": 2242.5680638238255, "gamma": 0.02088101349471459}, "datetime": {"datetime": "2021-09-28 15:01:38", "elapsed": 1202.897514, "delta": 4.600517}}
{"target": -35.00880926805982, "params": {"C": 2604.8336018262107, "gamma": 0.06684561927238256}, "datetime": {"datetime": "2021-09-28 15:01:43", "elapsed": 1207.572989, "delta": 4.675475}}
{"target": -34.849536341188916, "params": {"C": 2604.7490290361416, "gamma": 0.05241902922380464}, "datetime": {"datetime": "2021-09-28 15:01:51", "elapsed": 1215.871282, "delta": 8.298293}}
{"target": -34.94346928116833, "params": {"C": 2600.6706607933093, "gamma": 0.06190088530751107}, "datetime": {"datetime": "2021-09-28 15:01:59", "elapsed": 1223.508337, "delta": 7.637055}}
{"target": -35.051372651923614, "params": {"C": 2475.5126799809345, "gamma": 0.06907895905191841}, "datetime": {"datetime": "2021-09-28 15:02:07", "elapsed": 1231.287699, "delta": 7.779362}}
{"target": -34.87532551213663, "params": {"C": 2827.2416094654286, "gamma": 0.05729843659498647}, "datetime": {"datetime": "2021-09-28 15:02:13", "elapsed": 1237.411756, "delta": 6.124057}}
{"target": -36.81855063829057, "params": {"C": 2345.8323796176865, "gamma": 0.010153238164108125}, "datetime": {"datetime": "2021-09-28 15:02:20", "elapsed": 1244.435155, "delta": 7.023399}}
{"target": -35.298350217225654, "params": {"C": 2604.753833820769, "gamma": 0.08759365300460516}, "datetime": {"datetime": "2021-09-28 15:02:28", "elapsed": 1252.707376, "delta": 8.272221}}
{"target": -35.426479945807806, "params": {"C": 2848.677177710053, "gamma": 0.01993324270670935}, "datetime": {"datetime": "2021-09-28 15:02:34", "elapsed": 1258.202424, "delta": 5.495048}}
{"target": -34.9109252673131, "params": {"C": 2475.6816876708617, "gamma": 0.031156153477142307}, "datetime": {"datetime": "2021-09-28 15:02:38", "elapsed": 1262.423473, "delta": 4.221049}}
{"target": -35.17863417053647, "params": {"C": 2250.034411353805, "gamma": 0.02673374409572184}, "datetime": {"datetime": "2021-09-28 15:02:43", "elapsed": 1267.266183, "delta": 4.84271}}
{"target": -34.809805826131694, "params": {"C": 2604.7193093364194, "gamma": 0.03688409416765823}, "datetime": {"datetime": "2021-09-28 15:02:49", "elapsed": 1273.694195, "delta": 6.428012}}
{"target": -36.7817624059262, "params": {"C": 2861.470809242545, "gamma": 0.1943575741100466}, "datetime": {"datetime": "2021-09-28 15:02:52", "elapsed": 1276.538276, "delta": 2.844081}}
{"target": -35.85623800046231, "params": {"C": 2029.720075788808, "gamma": 0.12008450142620934}, "datetime": {"datetime": "2021-09-28 15:02:58", "elapsed": 1282.859374, "delta": 6.321098}}
{"target": -35.49104139117567, "params": {"C": 2604.761699275032, "gamma": 0.020249708762590586}, "datetime": {"datetime": "2021-09-28 15:03:03", "elapsed": 1287.386111, "delta": 4.526737}}
{"target": -35.33844086904396, "params": {"C": 2475.6877423580418, "gamma": 0.08982774482573533}, "datetime": {"datetime": "2021-09-28 15:03:14", "elapsed": 1298.566105, "delta": 11.179994}}
{"target": -34.894410630710745, "params": {"C": 2604.6622351963615, "gamma": 0.030300578215350385}, "datetime": {"datetime": "2021-09-28 15:03:20", "elapsed": 1304.632991, "delta": 6.066886}}
{"target": -36.770321900400724, "params": {"C": 2604.7051625051654, "gamma": 0.009646115137589964}, "datetime": {"datetime": "2021-09-28 15:03:25", "elapsed": 1309.636626, "delta": 5.003635}}
{"target": -35.62943858735269, "params": {"C": 2370.426523022485, "gamma": 0.10848537462795485}, "datetime": {"datetime": "2021-09-28 15:03:28", "elapsed": 1312.952785, "delta": 3.316159}}
{"target": -35.02954417653059, "params": {"C": 2604.7165518904562, "gamma": 0.06835376988439085}, "datetime": {"datetime": "2021-09-28 15:03:34", "elapsed": 1318.252263, "delta": 5.299478}}
{"target": -34.87043157382599, "params": {"C": 2475.493809446203, "gamma": 0.03333059870067883}, "datetime": {"datetime": "2021-09-28 15:03:39", "elapsed": 1323.503942, "delta": 5.251679}}
{"target": -36.006033425815986, "params": {"C": 2475.452193323416, "gamma": 0.01532505596837638}, "datetime": {"datetime": "2021-09-28 15:03:43", "elapsed": 1327.959518, "delta": 4.455576}}
{"target": -37.47497775677001, "params": {"C": 2604.8678788747725, "gamma": 0.006019118878509321}, "datetime": {"datetime": "2021-09-28 15:03:53", "elapsed": 1338.093988, "delta": 10.13447}}
{"target": -34.79757326792602, "params": {"C": 2604.806373555141, "gamma": 0.04385938865940193}, "datetime": {"datetime": "2021-09-28 15:03:58", "elapsed": 1342.724324, "delta": 4.630336}}
{"target": -36.070085666845586, "params": {"C": 2475.6027561604114, "gamma": 0.014775915618993014}, "datetime": {"datetime": "2021-09-28 15:04:03", "elapsed": 1347.606842, "delta": 4.882518}}
{"target": -34.8322350416627, "params": {"C": 2776.19400020788, "gamma": 0.05268145596984126}, "datetime": {"datetime": "2021-09-28 15:04:06", "elapsed": 1350.598237, "delta": 2.991395}}
{"target": -35.072856550984255, "params": {"C": 2475.650483677796, "gamma": 0.07064547680540127}, "datetime": {"datetime": "2021-09-28 15:04:12", "elapsed": 1356.528542, "delta": 5.930305}}
{"target": -35.884421256256694, "params": {"C": 2600.7131598095984, "gamma": 0.015937161121755566}, "datetime": {"datetime": "2021-09-28 15:04:19", "elapsed": 1363.322671, "delta": 6.794129}}
{"target": -36.383664650463835, "params": {"C": 2124.2539886079344, "gamma": 0.15826325948166686}, "datetime": {"datetime": "2021-09-28 15:04:22", "elapsed": 1366.808746, "delta": 3.486075}}
{"target": -35.20007257328798, "params": {"C": 2094.5605148784325, "gamma": 0.07707956644211715}, "datetime": {"datetime": "2021-09-28 15:04:30", "elapsed": 1374.529958, "delta": 7.721212}}
{"target": -37.23965668834378, "params": {"C": 2848.5806305611845, "gamma": 0.006671201431793512}, "datetime": {"datetime": "2021-09-28 15:04:35", "elapsed": 1379.724695, "delta": 5.194737}}
{"target": -35.05747595521744, "params": {"C": 2345.888041441187, "gamma": 0.06857589761499014}, "datetime": {"datetime": "2021-09-28 15:04:42", "elapsed": 1386.758264, "delta": 7.033569}}
{"target": -35.75918488895843, "params": {"C": 2604.599121017053, "gamma": 0.017192067746794628}, "datetime": {"datetime": "2021-09-28 15:04:48", "elapsed": 1392.807884, "delta": 6.04962}}
{"target": -35.37236075799729, "params": {"C": 2776.217661456937, "gamma": 0.09370871188972306}, "datetime": {"datetime": "2021-09-28 15:04:53", "elapsed": 1397.868775, "delta": 5.060891}}
{"target": -35.317210024891, "params": {"C": 2600.7406869202823, "gamma": 0.08893338594648328}, "datetime": {"datetime": "2021-09-28 15:05:01", "elapsed": 1405.952475, "delta": 8.0837}}
{"target": -34.83221686685431, "params": {"C": 2592.7077850322644, "gamma": 0.049747001434922125}, "datetime": {"datetime": "2021-09-28 15:05:04", "elapsed": 1409.124789, "delta": 3.172314}}
{"target": -35.267695851815354, "params": {"C": 2592.6897268408097, "gamma": 0.08533028388838905}, "datetime": {"datetime": "2021-09-28 15:05:09", "elapsed": 1413.519669, "delta": 4.39488}}
{"target": -37.323671981456926, "params": {"C": 2512.62740209203, "gamma": 0.0069381630685320436}, "datetime": {"datetime": "2021-09-28 15:05:12", "elapsed": 1416.558133, "delta": 3.038464}}
{"target": -35.951675208865446, "params": {"C": 2592.652443287975, "gamma": 0.015367775411063524}, "datetime": {"datetime": "2021-09-28 15:05:18", "elapsed": 1422.886589, "delta": 6.328456}}
{"target": -35.258314926398214, "params": {"C": 2038.2500645038658, "gamma": 0.08092766178793624}, "datetime": {"datetime": "2021-09-28 15:05:21", "elapsed": 1426.038509, "delta": 3.15192}}
{"target": -36.66347731042538, "params": {"C": 2139.0932450426076, "gamma": 0.18298418386498583}, "datetime": {"datetime": "2021-09-28 15:05:24", "elapsed": 1429.035571, "delta": 2.997062}}
{"target": -36.31783931317182, "params": {"C": 2769.9548135062973, "gamma": 0.15475451363992293}, "datetime": {"datetime": "2021-09-28 15:05:28", "elapsed": 1432.416656, "delta": 3.381085}}
{"target": -35.0850616103923, "params": {"C": 2604.669361576272, "gamma": 0.07235560008689021}, "datetime": {"datetime": "2021-09-28 15:05:32", "elapsed": 1437.159982, "delta": 4.743326}}
{"target": -35.43397061972994, "params": {"C": 2693.3355864352234, "gamma": 0.09777238037807685}, "datetime": {"datetime": "2021-09-28 15:05:39", "elapsed": 1443.204709, "delta": 6.044727}}
{"target": -36.69177942995077, "params": {"C": 2688.3099989649327, "gamma": 0.1856738822379171}, "datetime": {"datetime": "2021-09-28 15:05:42", "elapsed": 1446.477395, "delta": 3.272686}}
