{"target": -42.347789654537614, "params": {"C": 12971.116649345033, "gamma": 0.039976719074574084}, "datetime": {"datetime": "2021-09-29 20:12:02", "elapsed": 520.31876, "delta": 1.852003}}
{"target": -42.36324946674894, "params": {"C": 10826.225080262338, "gamma": 0.044702150740000876}, "datetime": {"datetime": "2021-09-29 20:12:05", "elapsed": 522.911549, "delta": 2.592789}}
{"target": -41.489915894102936, "params": {"C": 10507.903932414663, "gamma": 0.03185204957247226}, "datetime": {"datetime": "2021-09-29 20:12:08", "elapsed": 526.462658, "delta": 3.551109}}
{"target": -41.38575433225826, "params": {"C": 13643.333472751478, "gamma": 0.025374033936794313}, "datetime": {"datetime": "2021-09-29 20:12:11", "elapsed": 528.60328, "delta": 2.140622}}
{"target": -42.17350092939115, "params": {"C": 12206.5138842692, "gamma": 0.0021884235852578687}, "datetime": {"datetime": "2021-09-29 20:12:13", "elapsed": 530.62332, "delta": 2.02004}}
{"target": -42.045622029735426, "params": {"C": 13069.700419078608, "gamma": 0.035791277577586635}, "datetime": {"datetime": "2021-09-29 20:12:14", "elapsed": 532.486752, "delta": 1.863432}}
{"target": -41.069025439163084, "params": {"C": 12914.75239993172, "gamma": 0.014933049236971845}, "datetime": {"datetime": "2021-09-29 20:12:18", "elapsed": 536.332522, "delta": 3.84577}}
{"target": -41.15890157104843, "params": {"C": 10141.897346741789, "gamma": 0.02586004177494294}, "datetime": {"datetime": "2021-09-29 20:12:20", "elapsed": 538.34785, "delta": 2.015328}}
{"target": -42.281986670254085, "params": {"C": 15788.711329025375, "gamma": 0.03485590987170858}, "datetime": {"datetime": "2021-09-29 20:12:22", "elapsed": 540.32824, "delta": 1.98039}}
{"target": -41.020361317797935, "params": {"C": 11038.707525132944, "gamma": 0.016895330895186373}, "datetime": {"datetime": "2021-09-29 20:12:26", "elapsed": 543.972482, "delta": 3.644242}}
{"target": -41.13945088959524, "params": {"C": 10081.131197437553, "gamma": 0.02547356672094628}, "datetime": {"datetime": "2021-09-29 20:12:29", "elapsed": 546.856448, "delta": 2.883966}}
{"target": -41.65993467158301, "params": {"C": 11268.4355184343, "gamma": 0.03326806022960537}, "datetime": {"datetime": "2021-09-29 20:12:33", "elapsed": 550.879053, "delta": 4.022605}}
{"target": -42.06082084609204, "params": {"C": 16819.844041335768, "gamma": 0.0027893846485410557}, "datetime": {"datetime": "2021-09-29 20:12:35", "elapsed": 552.707202, "delta": 1.828149}}
{"target": -42.2881205586678, "params": {"C": 15559.261704016577, "gamma": 0.03522810769917123}, "datetime": {"datetime": "2021-09-29 20:12:39", "elapsed": 556.801323, "delta": 4.094121}}
{"target": -41.49690931872875, "params": {"C": 10601.345173880205, "gamma": 0.0317985597740661}, "datetime": {"datetime": "2021-09-29 20:12:43", "elapsed": 561.515469, "delta": 4.714146}}
{"target": -41.06092646922544, "params": {"C": 10838.965216428562, "gamma": 0.021728128669821763}, "datetime": {"datetime": "2021-09-29 20:12:48", "elapsed": 566.256451, "delta": 4.740982}}
{"target": -41.927368063271956, "params": {"C": 13873.71471264301, "gamma": 0.032987065696664444}, "datetime": {"datetime": "2021-09-29 20:12:51", "elapsed": 569.246134, "delta": 2.989683}}
{"target": -41.399601381859526, "params": {"C": 11794.763004748796, "gamma": 0.028099016063124704}, "datetime": {"datetime": "2021-09-29 20:12:56", "elapsed": 573.559163, "delta": 4.313029}}
{"target": -42.0168138076756, "params": {"C": 10507.006216893253, "gamma": 0.040315750666437326}, "datetime": {"datetime": "2021-09-29 20:13:00", "elapsed": 578.443274, "delta": 4.884111}}
{"target": -41.13537027293576, "params": {"C": 10838.4536886948, "gamma": 0.024062858677139885}, "datetime": {"datetime": "2021-09-29 20:13:05", "elapsed": 582.560548, "delta": 4.117274}}
{"target": -42.12098301341044, "params": {"C": 11274.97181679673, "gamma": 0.04017093831323395}, "datetime": {"datetime": "2021-09-29 20:13:09", "elapsed": 586.961713, "delta": 4.401165}}
{"target": -42.591417396306284, "params": {"C": 11274.612722287588, "gamma": 0.04686341296791213}, "datetime": {"datetime": "2021-09-29 20:13:13", "elapsed": 590.613345, "delta": 3.651632}}
{"target": -42.5324663777206, "params": {"C": 10327.22970328812, "gamma": 0.04848822958855852}, "datetime": {"datetime": "2021-09-29 20:13:15", "elapsed": 593.326422, "delta": 2.713077}}
{"target": -41.213964613003434, "params": {"C": 16006.3585624851, "gamma": 0.01971075520565172}, "datetime": {"datetime": "2021-09-29 20:13:18", "elapsed": 595.834637, "delta": 2.508215}}
{"target": -41.26052023207826, "params": {"C": 11241.650845693162, "gamma": 0.026314853181749524}, "datetime": {"datetime": "2021-09-29 20:13:21", "elapsed": 598.539865, "delta": 2.705228}}
{"target": -41.866386558190285, "params": {"C": 10507.218893096036, "gamma": 0.0380014438656562}, "datetime": {"datetime": "2021-09-29 20:13:25", "elapsed": 603.361191, "delta": 4.821326}}
{"target": -41.87482870009068, "params": {"C": 12084.92472631421, "gamma": 0.03506315583351877}, "datetime": {"datetime": "2021-09-29 20:13:31", "elapsed": 608.859128, "delta": 5.497937}}
{"target": -42.065519616001986, "params": {"C": 10828.23835759914, "gamma": 0.04032489558815169}, "datetime": {"datetime": "2021-09-29 20:13:35", "elapsed": 612.70297, "delta": 3.843842}}
{"target": -41.10875385251765, "params": {"C": 10514.386921880914, "gamma": 0.023867885841322614}, "datetime": {"datetime": "2021-09-29 20:13:41", "elapsed": 618.795657, "delta": 6.092687}}
{"target": -43.44749114285356, "params": {"C": 17244.407118550505, "gamma": 0.045931207289479394}, "datetime": {"datetime": "2021-09-29 20:13:44", "elapsed": 621.854673, "delta": 3.059016}}
{"target": -41.969236757456514, "params": {"C": 14196.948506463923, "gamma": 0.03308750274856351}, "datetime": {"datetime": "2021-09-29 20:13:48", "elapsed": 625.984514, "delta": 4.129841}}
{"target": -41.07415171798639, "params": {"C": 10483.309136084323, "gamma": 0.014405427559091407}, "datetime": {"datetime": "2021-09-29 20:13:52", "elapsed": 629.888219, "delta": 3.903705}}
{"target": -41.91432459742223, "params": {"C": 11274.442266424274, "gamma": 0.03714314037446672}, "datetime": {"datetime": "2021-09-29 20:13:56", "elapsed": 634.320306, "delta": 4.432087}}
{"target": -41.761937591051876, "params": {"C": 11267.353456280169, "gamma": 0.005548324848503781}, "datetime": {"datetime": "2021-09-29 20:14:01", "elapsed": 639.14953, "delta": 4.829224}}
{"target": -41.54694441885891, "params": {"C": 16126.204828331334, "gamma": 0.007257986291505784}, "datetime": {"datetime": "2021-09-29 20:14:04", "elapsed": 641.741627, "delta": 2.592097}}
{"target": -42.341335635087276, "params": {"C": 15961.778663839363, "gamma": 0.03533457112969335}, "datetime": {"datetime": "2021-09-29 20:14:08", "elapsed": 646.274303, "delta": 4.532676}}
{"target": -42.533273002591216, "params": {"C": 11882.25847317981, "gamma": 0.044641321810737676}, "datetime": {"datetime": "2021-09-29 20:14:11", "elapsed": 649.057779, "delta": 2.783476}}
{"target": -41.98195842960153, "params": {"C": 10453.893026594696, "gamma": 0.0036795577508961516}, "datetime": {"datetime": "2021-09-29 20:14:17", "elapsed": 655.172882, "delta": 6.115103}}
{"target": -41.17876773996478, "params": {"C": 11275.14930506012, "gamma": 0.024462848509499296}, "datetime": {"datetime": "2021-09-29 20:14:22", "elapsed": 659.906576, "delta": 4.733694}}
{"target": -41.10477407118422, "params": {"C": 10603.281567023794, "gamma": 0.023598950335090133}, "datetime": {"datetime": "2021-09-29 20:14:26", "elapsed": 664.415032, "delta": 4.508456}}
{"target": -41.50177632231289, "params": {"C": 10507.689642959784, "gamma": 0.008155386590877393}, "datetime": {"datetime": "2021-09-29 20:14:31", "elapsed": 668.523805, "delta": 4.108773}}
{"target": -41.3586591428009, "params": {"C": 12286.380515561663, "gamma": 0.026655468840686855}, "datetime": {"datetime": "2021-09-29 20:14:34", "elapsed": 671.666774, "delta": 3.142969}}
{"target": -41.42001121369685, "params": {"C": 10874.549567250739, "gamma": 0.008999014455781672}, "datetime": {"datetime": "2021-09-29 20:14:38", "elapsed": 676.156213, "delta": 4.489439}}
{"target": -42.42036726670575, "params": {"C": 10828.055398382474, "gamma": 0.04552639500417132}, "datetime": {"datetime": "2021-09-29 20:14:43", "elapsed": 680.880933, "delta": 4.72472}}
{"target": -42.67210835149631, "params": {"C": 12436.977674200576, "gamma": 0.04530220506504817}, "datetime": {"datetime": "2021-09-29 20:14:48", "elapsed": 686.352948, "delta": 5.472015}}
{"target": -43.02424552324876, "params": {"C": 13487.779513504998, "gamma": 0.047633618535703054}, "datetime": {"datetime": "2021-09-29 20:14:54", "elapsed": 691.852007, "delta": 5.499059}}
{"target": -41.99079703409167, "params": {"C": 16580.199426826395, "gamma": 0.030445157059352555}, "datetime": {"datetime": "2021-09-29 20:14:57", "elapsed": 694.92787, "delta": 3.075863}}
{"target": -42.86184253712718, "params": {"C": 14793.980773148938, "gamma": 0.04320759112761681}, "datetime": {"datetime": "2021-09-29 20:15:00", "elapsed": 698.421339, "delta": 3.493469}}
{"target": -41.658709757958015, "params": {"C": 10874.718717821526, "gamma": 0.006546935984421438}, "datetime": {"datetime": "2021-09-29 20:15:05", "elapsed": 702.865249, "delta": 4.44391}}
{"target": -41.12466859724989, "params": {"C": 12121.310300068397, "gamma": 0.02182122900064298}, "datetime": {"datetime": "2021-09-29 20:15:08", "elapsed": 706.009114, "delta": 3.143865}}
{"target": -41.02044259176829, "params": {"C": 11268.242519614076, "gamma": 0.017655916556061566}, "datetime": {"datetime": "2021-09-29 20:15:12", "elapsed": 710.195694, "delta": 4.18658}}
{"target": -42.32913107032132, "params": {"C": 15507.979025745755, "gamma": 0.035786798961501706}, "datetime": {"datetime": "2021-09-29 20:23:32", "elapsed": 0.0, "delta": 0.0}}
{"target": -41.37918899411414, "params": {"C": 12909.047389129442, "gamma": 0.026177304373126188}, "datetime": {"datetime": "2021-09-29 20:23:32", "elapsed": 0.450997, "delta": 0.450997}}
{"target": -43.58246662613894, "params": {"C": 18929.469543476545, "gamma": 0.044949473431058436}, "datetime": {"datetime": "2021-09-29 20:23:33", "elapsed": 0.923264, "delta": 0.472267}}
{"target": -41.22688578782594, "params": {"C": 11255.853104638363, "gamma": 0.011392728165329696}, "datetime": {"datetime": "2021-09-29 20:23:33", "elapsed": 1.211261, "delta": 0.287997}}
{"target": -41.07363051861544, "params": {"C": 10514.672033008299, "gamma": 0.022767439385785994}, "datetime": {"datetime": "2021-09-29 20:23:34", "elapsed": 1.848178, "delta": 0.636917}}
{"target": -42.55944684954806, "params": {"C": 10000.0, "gamma": 0.0013}, "datetime": {"datetime": "2021-09-29 20:23:35", "elapsed": 3.049226, "delta": 1.201048}}
{"target": -41.80005477753999, "params": {"C": 11254.4113739295, "gamma": 0.005199783453160217}, "datetime": {"datetime": "2021-09-29 20:23:36", "elapsed": 3.749056, "delta": 0.69983}}
{"target": -41.054923536107815, "params": {"C": 10511.688073446328, "gamma": 0.014967115969487431}, "datetime": {"datetime": "2021-09-29 20:23:37", "elapsed": 5.161552, "delta": 1.412496}}
{"target": -41.461561248837654, "params": {"C": 11260.502918349564, "gamma": 0.030025954639304842}, "datetime": {"datetime": "2021-09-29 20:23:37", "elapsed": 5.546465, "delta": 0.384913}}
{"target": -42.08883464114802, "params": {"C": 13433.244045933914, "gamma": 0.035786798961501706}, "datetime": {"datetime": "2021-09-29 20:45:17", "elapsed": 0.0, "delta": 0.0}}
{"target": -41.8149858374031, "params": {"C": 18891.000482828167, "gamma": 0.026177304373126188}, "datetime": {"datetime": "2021-09-29 20:45:17", "elapsed": 0.172999, "delta": 0.172999}}
{"target": -41.54442338298796, "params": {"C": 6248.11395869925, "gamma": 0.044949473431058436}, "datetime": {"datetime": "2021-09-29 20:45:17", "elapsed": 0.346638, "delta": 0.173639}}
{"target": -41.19753344872509, "params": {"C": 22362.70848025944, "gamma": 0.011392728165329696}, "datetime": {"datetime": "2021-09-29 20:45:18", "elapsed": 0.515938, "delta": 0.1693}}
{"target": -41.81407392399162, "params": {"C": 23919.188730682574, "gamma": 0.022767439385785994}, "datetime": {"datetime": "2021-09-29 20:45:18", "elapsed": 0.708759, "delta": 0.192821}}
{"target": -40.83702384863806, "params": {"C": 3326.196853861863, "gamma": 0.035786798961501706}, "datetime": {"datetime": "2021-09-29 20:45:28", "elapsed": 0.0, "delta": 0.0}}
{"target": -40.8404893087007, "params": {"C": 2936.3571083694164, "gamma": 0.026177304373126188}, "datetime": {"datetime": "2021-09-29 20:45:29", "elapsed": 0.168963, "delta": 0.168963}}
{"target": -41.09148361223298, "params": {"C": 3839.420431521482, "gamma": 0.044949473431058436}, "datetime": {"datetime": "2021-09-29 20:45:29", "elapsed": 0.347015, "delta": 0.178052}}
{"target": -41.57339608354225, "params": {"C": 2688.3779656957545, "gamma": 0.011392728165329696}, "datetime": {"datetime": "2021-09-29 20:45:29", "elapsed": 0.514535, "delta": 0.16752}}
{"target": -40.95330046587928, "params": {"C": 2577.2008049512447, "gamma": 0.022767439385785994}, "datetime": {"datetime": "2021-09-29 20:45:29", "elapsed": 0.689083, "delta": 0.174548}}
{"target": -40.80656442299196, "params": {"C": 3324.741980494988, "gamma": 0.028190818261160936}, "datetime": {"datetime": "2021-09-29 20:45:29", "elapsed": 0.926579, "delta": 0.237496}}
{"target": -41.1035586321881, "params": {"C": 3301.0361289117136, "gamma": 0.04881746830130822}, "datetime": {"datetime": "2021-09-29 20:45:30", "elapsed": 1.197124, "delta": 0.270545}}
{"target": -40.800573497584985, "params": {"C": 2918.2549999653907, "gamma": 0.032548484442181475}, "datetime": {"datetime": "2021-09-29 20:45:30", "elapsed": 1.461655, "delta": 0.264531}}
{"target": -43.66191415288218, "params": {"C": 2897.6519814147196, "gamma": 0.0018140979127180797}, "datetime": {"datetime": "2021-09-29 20:45:30", "elapsed": 1.956152, "delta": 0.494497}}
{"target": -42.598068781224335, "params": {"C": 2555.379085760192, "gamma": 0.0044273113704367435}, "datetime": {"datetime": "2021-09-29 20:45:31", "elapsed": 2.273738, "delta": 0.317586}}
{"target": -40.88527439160865, "params": {"C": 2594.4618928263217, "gamma": 0.025305789983709047}, "datetime": {"datetime": "2021-09-29 20:45:31", "elapsed": 2.512516, "delta": 0.238778}}
{"target": -41.15130672435072, "params": {"C": 2615.4390431957504, "gamma": 0.017758256609765162}, "datetime": {"datetime": "2021-09-29 20:45:31", "elapsed": 2.852428, "delta": 0.339912}}
{"target": -42.43140925570548, "params": {"C": 2957.073518234417, "gamma": 0.0045044876768416545}, "datetime": {"datetime": "2021-09-29 20:45:32", "elapsed": 3.200356, "delta": 0.347928}}
{"target": -41.07801165737332, "params": {"C": 3818.6091545049803, "gamma": 0.044595365101693304}, "datetime": {"datetime": "2021-09-29 20:45:32", "elapsed": 3.449932, "delta": 0.249576}}
{"target": -41.89051421757272, "params": {"C": 3797.293959846543, "gamma": 0.006676823774051994}, "datetime": {"datetime": "2021-09-29 20:45:32", "elapsed": 3.744886, "delta": 0.294954}}
{"target": -40.99329246624702, "params": {"C": 3859.645383625827, "gamma": 0.041151358623142606}, "datetime": {"datetime": "2021-09-29 20:45:33", "elapsed": 4.120885, "delta": 0.375999}}
{"target": -40.9198541739152, "params": {"C": 3878.159045124035, "gamma": 0.020580017251382313}, "datetime": {"datetime": "2021-09-29 20:45:33", "elapsed": 4.453459, "delta": 0.332574}}
{"target": -43.34528352244931, "params": {"C": 3896.830992794215, "gamma": 0.0016482401210439592}, "datetime": {"datetime": "2021-09-29 20:45:33", "elapsed": 4.850639, "delta": 0.39718}}
{"target": -41.58423064354356, "params": {"C": 2927.452245447249, "gamma": 0.010761522375929412}, "datetime": {"datetime": "2021-09-29 20:45:34", "elapsed": 5.211601, "delta": 0.360962}}
{"target": -40.95020631319604, "params": {"C": 3869.267666945262, "gamma": 0.03928157108658556}, "datetime": {"datetime": "2021-09-29 20:45:34", "elapsed": 5.551962, "delta": 0.340361}}
{"target": -41.137923811148895, "params": {"C": 3312.731400158229, "gamma": 0.05}, "datetime": {"datetime": "2021-09-29 20:45:34", "elapsed": 5.956919, "delta": 0.404957}}
{"target": -40.82012829622026, "params": {"C": 3284.9544065987366, "gamma": 0.026625869992770782}, "datetime": {"datetime": "2021-09-29 20:45:35", "elapsed": 6.282869, "delta": 0.32595}}
{"target": -42.467509230204556, "params": {"C": 3272.2940462715947, "gamma": 0.003977459986927211}, "datetime": {"datetime": "2021-09-29 20:45:35", "elapsed": 6.683565, "delta": 0.400696}}
{"target": -40.976425747416926, "params": {"C": 2604.3112739638777, "gamma": 0.021931478532321705}, "datetime": {"datetime": "2021-09-29 20:45:35", "elapsed": 7.063561, "delta": 0.379996}}
{"target": -41.029478996037675, "params": {"C": 3343.3916112239567, "gamma": 0.01847059072633577}, "datetime": {"datetime": "2021-09-29 20:45:36", "elapsed": 7.455914, "delta": 0.392353}}
{"target": -41.078306586547406, "params": {"C": 3358.093285404808, "gamma": 0.017380856887802106}, "datetime": {"datetime": "2021-09-29 20:45:36", "elapsed": 7.850661, "delta": 0.394747}}
{"target": -41.09095167259641, "params": {"C": 3373.8309038603215, "gamma": 0.017095708796277493}, "datetime": {"datetime": "2021-09-29 20:45:37", "elapsed": 8.142603, "delta": 0.291942}}
{"target": -42.37932683714279, "params": {"C": 3389.655325976135, "gamma": 0.0042084851777433666}, "datetime": {"datetime": "2021-09-29 20:45:37", "elapsed": 8.466611, "delta": 0.324008}}
{"target": -40.879607373945845, "params": {"C": 2632.681127760598, "gamma": 0.02537899424858741}, "datetime": {"datetime": "2021-09-29 20:45:37", "elapsed": 8.782674, "delta": 0.316063}}
{"target": -40.93038803455547, "params": {"C": 2644.9113986399466, "gamma": 0.045233420795509675}, "datetime": {"datetime": "2021-09-29 20:45:37", "elapsed": 9.069471, "delta": 0.286797}}
{"target": -41.09858876260448, "params": {"C": 2658.99771211497, "gamma": 0.01868527344185727}, "datetime": {"datetime": "2021-09-29 20:45:38", "elapsed": 9.432394, "delta": 0.362923}}
{"target": -41.4433150261376, "params": {"C": 3622.6131124645667, "gamma": 0.011311979850619401}, "datetime": {"datetime": "2021-09-29 20:45:38", "elapsed": 9.740979, "delta": 0.308585}}
{"target": -40.81629219240192, "params": {"C": 3099.27892414432, "gamma": 0.027503942270602502}, "datetime": {"datetime": "2021-09-29 20:45:38", "elapsed": 10.089416, "delta": 0.348437}}
{"target": -41.09654745178932, "params": {"C": 3087.5954579953195, "gamma": 0.05}, "datetime": {"datetime": "2021-09-29 20:45:39", "elapsed": 10.495296, "delta": 0.40588}}
{"target": -41.88720138228796, "params": {"C": 3111.4100680749334, "gamma": 0.0075678193388804575}, "datetime": {"datetime": "2021-09-29 20:45:39", "elapsed": 10.856234, "delta": 0.360938}}
{"target": -40.85093856443285, "params": {"C": 3070.4723974565277, "gamma": 0.02508894463502793}, "datetime": {"datetime": "2021-09-29 20:45:40", "elapsed": 11.190669, "delta": 0.334435}}
{"target": -40.84484588680356, "params": {"C": 3058.732191393252, "gamma": 0.03777990641482331}, "datetime": {"datetime": "2021-09-29 20:45:40", "elapsed": 11.628015, "delta": 0.437346}}
{"target": -40.84778400296264, "params": {"C": 3046.250861228582, "gamma": 0.025344763255417666}, "datetime": {"datetime": "2021-09-29 20:45:40", "elapsed": 12.021011, "delta": 0.392996}}
{"target": -40.84059252537724, "params": {"C": 3033.454015072834, "gamma": 0.03756671678928935}, "datetime": {"datetime": "2021-09-29 20:45:41", "elapsed": 12.415052, "delta": 0.394041}}
{"target": -41.410567859516526, "params": {"C": 3020.3698058098257, "gamma": 0.012663887232285589}, "datetime": {"datetime": "2021-09-29 20:45:41", "elapsed": 12.900015, "delta": 0.484963}}
{"target": -41.63128788888989, "params": {"C": 3510.4751959528653, "gamma": 0.009345862660685229}, "datetime": {"datetime": "2021-09-29 20:45:42", "elapsed": 13.286011, "delta": 0.385996}}
{"target": -40.839022887372025, "params": {"C": 2788.71047496164, "gamma": 0.026908894780370757}, "datetime": {"datetime": "2021-09-29 20:45:42", "elapsed": 13.676485, "delta": 0.390474}}
{"target": -44.31144445915564, "params": {"C": 2776.8249971785035, "gamma": 0.0013}, "datetime": {"datetime": "2021-09-29 20:45:42", "elapsed": 14.064105, "delta": 0.38762}}
{"target": -40.82128453316265, "params": {"C": 2796.7174721671763, "gamma": 0.03672469776547136}, "datetime": {"datetime": "2021-09-29 20:45:43", "elapsed": 14.446974, "delta": 0.382869}}
{"target": -40.81743652586242, "params": {"C": 2809.179687764576, "gamma": 0.03622026200029603}, "datetime": {"datetime": "2021-09-29 20:45:43", "elapsed": 14.863714, "delta": 0.41674}}
{"target": -42.09485791557929, "params": {"C": 2819.821951229607, "gamma": 0.006527348914293956}, "datetime": {"datetime": "2021-09-29 20:45:44", "elapsed": 15.276817, "delta": 0.413103}}
{"target": -41.250369306653525, "params": {"C": 2585.7700491063265, "gamma": 0.016077248095685198}, "datetime": {"datetime": "2021-09-29 20:45:44", "elapsed": 15.672541, "delta": 0.395724}}
{"target": -40.87806659517007, "params": {"C": 3292.2206659460835, "gamma": 0.023174628113457534}, "datetime": {"datetime": "2021-09-29 20:45:45", "elapsed": 16.192361, "delta": 0.51982}}
{"target": -41.85374428628745, "params": {"C": 3999.8362902421522, "gamma": 0.0067735531043866815}, "datetime": {"datetime": "2021-09-29 20:45:45", "elapsed": 16.579187, "delta": 0.386826}}
{"target": -41.19132582062504, "params": {"C": 3828.926249691216, "gamma": 0.04838513908703195}, "datetime": {"datetime": "2021-09-29 20:45:45", "elapsed": 17.074145, "delta": 0.494958}}
{"target": -41.72067252061315, "params": {"C": 3706.2965137187757, "gamma": 0.00823649890735309}, "datetime": {"datetime": "2021-09-29 20:45:46", "elapsed": 17.49918, "delta": 0.425035}}
{"target": -41.06895625749707, "params": {"C": 3190.7518284959688, "gamma": 0.04822941473358238}, "datetime": {"datetime": "2021-09-29 20:45:46", "elapsed": 17.898349, "delta": 0.399169}}
