{"target": 0.26034147511825323, "params": {"C": 25634.736717964548, "gamma": 0.0669901875128496}, "datetime": {"datetime": "2021-10-04 10:47:50", "elapsed": 66.683554, "delta": 0.740031}}
{"target": 0.2573882506692524, "params": {"C": 25576.868324996012, "gamma": 0.14080404925544415}, "datetime": {"datetime": "2021-10-04 10:47:51", "elapsed": 67.375306, "delta": 0.691752}}
{"target": 0.25307971580916744, "params": {"C": 25507.04902236031, "gamma": 0.05238178422040118}, "datetime": {"datetime": "2021-10-04 10:47:51", "elapsed": 68.076601, "delta": 0.701295}}
{"target": 0.208364031998707, "params": {"C": 35822.713758290934, "gamma": 0.0174697492751884}, "datetime": {"datetime": "2021-10-04 10:47:52", "elapsed": 68.754236, "delta": 0.677635}}
{"target": 0.26965916872616325, "params": {"C": 35871.0896171622, "gamma": 0.15055958453555143}, "datetime": {"datetime": "2021-10-04 10:47:53", "elapsed": 69.551544, "delta": 0.797308}}
{"target": 0.27979528114780383, "params": {"C": 46195.69517752373, "gamma": 0.12350462818113128}, "datetime": {"datetime": "2021-10-04 10:47:53", "elapsed": 70.166907, "delta": 0.615363}}
{"target": 0.25215945428687747, "params": {"C": 35772.782603287735, "gamma": 0.19757956604330132}, "datetime": {"datetime": "2021-10-04 10:47:54", "elapsed": 70.860547, "delta": 0.69364}}
{"target": 0.2528364625529992, "params": {"C": 35713.02778243752, "gamma": 0.19587831137652384}, "datetime": {"datetime": "2021-10-04 10:47:55", "elapsed": 71.562181, "delta": 0.701634}}
{"target": 0.26573262630927963, "params": {"C": 48506.36299921369, "gamma": 0.04159328202364669}, "datetime": {"datetime": "2021-10-04 10:47:56", "elapsed": 72.41772, "delta": 0.855539}}
{"target": 0.27512511687522523, "params": {"C": 35606.78791478279, "gamma": 0.0811883728811524}, "datetime": {"datetime": "2021-10-04 10:47:56", "elapsed": 73.034474, "delta": 0.616754}}
{"target": 0.28065553451770053, "params": {"C": 47748.93528450409, "gamma": 0.0891492550772544}, "datetime": {"datetime": "2021-10-04 10:47:57", "elapsed": 73.650865, "delta": 0.616391}}
{"target": 0.2678646097617474, "params": {"C": 35660.052270562635, "gamma": 0.15599769652798112}, "datetime": {"datetime": "2021-10-04 10:47:58", "elapsed": 74.444039, "delta": 0.793174}}
{"target": 0.2748328539732424, "params": {"C": 38098.35550735401, "gamma": 0.0728533658007903}, "datetime": {"datetime": "2021-10-04 10:47:58", "elapsed": 75.152693, "delta": 0.708654}}
{"target": 0.2738520229687854, "params": {"C": 33420.49031824258, "gamma": 0.12078550630225272}, "datetime": {"datetime": "2021-10-04 10:47:59", "elapsed": 75.903868, "delta": 0.751175}}
{"target": 0.18808523320382653, "params": {"C": 25870.766198576548, "gamma": 0.016846060496478292}, "datetime": {"datetime": "2021-10-04 10:48:00", "elapsed": 76.75616, "delta": 0.852292}}
{"target": 0.2070151989767045, "params": {"C": 30399.136794698476, "gamma": 0.01911331850927045}, "datetime": {"datetime": "2021-10-04 10:48:01", "elapsed": 77.497861, "delta": 0.741701}}
{"target": 0.21179574548788282, "params": {"C": 21685.45060951221, "gamma": 0.026554046836483727}, "datetime": {"datetime": "2021-10-04 10:48:02", "elapsed": 78.343548, "delta": 0.845687}}
{"target": 0.2617633921063539, "params": {"C": 49979.38074835601, "gamma": 0.03610256267768073}, "datetime": {"datetime": "2021-10-04 10:48:02", "elapsed": 79.191467, "delta": 0.847919}}
{"target": 0.27361573757372826, "params": {"C": 49928.03623375142, "gamma": 0.16041437332107747}, "datetime": {"datetime": "2021-10-04 10:48:03", "elapsed": 79.847185, "delta": 0.655718}}
{"target": 0.2710060257347001, "params": {"C": 49885.209080298104, "gamma": 0.04957950949230992}, "datetime": {"datetime": "2021-10-04 10:48:04", "elapsed": 80.548996, "delta": 0.701811}}
{"target": 0.27762884039746805, "params": {"C": 49840.85595279431, "gamma": 0.14108474198464302}, "datetime": {"datetime": "2021-10-04 10:48:05", "elapsed": 81.473678, "delta": 0.924682}}
{"target": 0.2656864416980016, "params": {"C": 49806.13534621575, "gamma": 0.04080207434791986}, "datetime": {"datetime": "2021-10-04 10:48:06", "elapsed": 82.276672, "delta": 0.802994}}
{"target": 0.26748759963625335, "params": {"C": 49755.362395958866, "gamma": 0.04341900447437795}, "datetime": {"datetime": "2021-10-04 10:48:07", "elapsed": 83.291974, "delta": 1.015302}}
{"target": 0.2698823060427281, "params": {"C": 49712.05638945771, "gamma": 0.17465491399428792}, "datetime": {"datetime": "2021-10-04 10:48:07", "elapsed": 84.088648, "delta": 0.796674}}
{"target": 0.28099281365529793, "params": {"C": 49669.20765961071, "gamma": 0.11364131748508481}, "datetime": {"datetime": "2021-10-04 10:48:08", "elapsed": 84.882568, "delta": 0.79392}}
{"target": 0.27891647896396465, "params": {"C": 49635.61036143259, "gamma": 0.13306022248262292}, "datetime": {"datetime": "2021-10-04 10:48:09", "elapsed": 85.671509, "delta": 0.788941}}
{"target": 0.27987379434296944, "params": {"C": 49599.644796718116, "gamma": 0.08058257291722867}, "datetime": {"datetime": "2021-10-04 10:48:10", "elapsed": 86.509472, "delta": 0.837963}}
{"target": 0.265275228164064, "params": {"C": 49567.03211333107, "gamma": 0.1898242497550128}, "datetime": {"datetime": "2021-10-04 10:48:11", "elapsed": 87.297061, "delta": 0.787589}}
{"target": 0.2662856220105434, "params": {"C": 49490.50797384108, "gamma": 0.18656880754626756}, "datetime": {"datetime": "2021-10-04 10:48:11", "elapsed": 88.227356, "delta": 0.930295}}
{"target": 0.21885635532071313, "params": {"C": 49446.1039007022, "gamma": 0.01660093366986003}, "datetime": {"datetime": "2021-10-04 10:48:12", "elapsed": 89.159654, "delta": 0.932298}}
{"target": 0.2813376673270399, "params": {"C": 49527.94572607039, "gamma": 0.09956585727796144}, "datetime": {"datetime": "2021-10-04 10:48:13", "elapsed": 90.019323, "delta": 0.859669}}
{"target": 0.15129987618043417, "params": {"C": 6974.407841066186, "gamma": 0.08585516077151215}, "datetime": {"datetime": "2021-10-04 10:48:14", "elapsed": 90.93465, "delta": 0.915327}}
{"target": 0.2385020333055674, "params": {"C": 20025.991336271814, "gamma": 0.1458510445098867}, "datetime": {"datetime": "2021-10-04 10:48:15", "elapsed": 91.868863, "delta": 0.934213}}
{"target": 0.15058056974278633, "params": {"C": 8269.003257428434, "gamma": 0.12496365689158333}, "datetime": {"datetime": "2021-10-04 10:48:16", "elapsed": 92.748164, "delta": 0.879301}}
{"target": 0.2321245710430413, "params": {"C": 15899.052434997338, "gamma": 0.06276201633828035}, "datetime": {"datetime": "2021-10-04 10:48:17", "elapsed": 93.452391, "delta": 0.704227}}
{"target": 0.17559344881012617, "params": {"C": 14819.349036293544, "gamma": 0.19540948607908037}, "datetime": {"datetime": "2021-10-04 10:48:18", "elapsed": 94.413969, "delta": 0.961578}}
{"target": 0.16024351841183104, "params": {"C": 9038.004768714169, "gamma": 0.12889771395718677}, "datetime": {"datetime": "2021-10-04 10:48:18", "elapsed": 95.134989, "delta": 0.72102}}
{"target": 0.25527327761604923, "params": {"C": 37762.95610513839, "gamma": 0.19591869633343512}, "datetime": {"datetime": "2021-10-04 10:48:19", "elapsed": 96.100046, "delta": 0.965057}}
{"target": 0.2497560381749947, "params": {"C": 37686.86483939778, "gamma": 0.032888550043353885}, "datetime": {"datetime": "2021-10-04 10:48:20", "elapsed": 97.040364, "delta": 0.940318}}
{"target": 0.27055809450368573, "params": {"C": 29166.485732345718, "gamma": 0.09345013308150427}, "datetime": {"datetime": "2021-10-04 10:48:21", "elapsed": 98.009523, "delta": 0.969159}}
{"target": 0.2480320402277575, "params": {"C": 29123.64263903555, "gamma": 0.03951556654457318}, "datetime": {"datetime": "2021-10-04 10:48:22", "elapsed": 99.149925, "delta": 1.140402}}
{"target": 0.26951289445237414, "params": {"C": 29204.947580253964, "gamma": 0.08313593955090734}, "datetime": {"datetime": "2021-10-04 10:48:23", "elapsed": 99.992998, "delta": 0.843073}}
{"target": 0.2554886082407227, "params": {"C": 29717.40346885361, "gamma": 0.04685948686033759}, "datetime": {"datetime": "2021-10-04 10:48:24", "elapsed": 101.025461, "delta": 1.032463}}
{"target": 0.26510286007264783, "params": {"C": 29791.24186567631, "gamma": 0.14127179634441236}, "datetime": {"datetime": "2021-10-04 10:48:25", "elapsed": 102.029175, "delta": 1.003714}}
{"target": 0.24088280077908275, "params": {"C": 29839.94700748428, "gamma": 0.2}, "datetime": {"datetime": "2021-10-04 10:48:26", "elapsed": 102.945596, "delta": 0.916421}}
{"target": 0.25039816186653063, "params": {"C": 20611.716946790504, "gamma": 0.11833379386886883}, "datetime": {"datetime": "2021-10-04 10:48:27", "elapsed": 104.088404, "delta": 1.142808}}
{"target": 0.13655684258422818, "params": {"C": 10183.275637844996, "gamma": 0.17790618940971245}, "datetime": {"datetime": "2021-10-04 10:48:28", "elapsed": 105.174376, "delta": 1.085972}}
{"target": 0.2626000815938905, "params": {"C": 25391.16139382592, "gamma": 0.11963683435968517}, "datetime": {"datetime": "2021-10-04 10:48:30", "elapsed": 106.633517, "delta": 1.459141}}
{"target": 0.04829633451108972, "params": {"C": 25334.626268373126, "gamma": 0.004061832545830072}, "datetime": {"datetime": "2021-10-04 10:48:31", "elapsed": 107.900517, "delta": 1.267}}
{"target": 0.20248786895146742, "params": {"C": 25431.939835214376, "gamma": 0.020452165755950394}, "datetime": {"datetime": "2021-10-04 10:48:32", "elapsed": 108.94683, "delta": 1.046313}}
{"target": 0.2352631026708425, "params": {"C": 23896.616251137384, "gamma": 0.1804763515484421}, "datetime": {"datetime": "2021-10-04 10:48:33", "elapsed": 110.054118, "delta": 1.107288}}
{"target": 0.19588109523895547, "params": {"C": 23646.87171253535, "gamma": 0.01981613814236502}, "datetime": {"datetime": "2021-10-04 10:48:34", "elapsed": 111.10994, "delta": 1.055822}}
{"target": 0.27604699022421997, "params": {"C": 39055.06759715153, "gamma": 0.07582467505976419}, "datetime": {"datetime": "2021-10-04 10:48:35", "elapsed": 112.028215, "delta": 0.918275}}
{"target": 0.08862465140803177, "params": {"C": 39099.47602279728, "gamma": 0.004816762177290274}, "datetime": {"datetime": "2021-10-04 10:48:36", "elapsed": 113.119648, "delta": 1.091433}}
{"target": 0.24475781332835644, "params": {"C": 39022.46692613309, "gamma": 0.028918241517136845}, "datetime": {"datetime": "2021-10-04 10:48:38", "elapsed": 114.4625, "delta": 1.342852}}
{"target": 0.2539155187293317, "params": {"C": 20736.117118847513, "gamma": 0.08660670969434543}, "datetime": {"datetime": "2021-10-04 10:48:39", "elapsed": 115.837714, "delta": 1.375214}}
{"target": 0.12404925211041518, "params": {"C": 20811.771268115896, "gamma": 0.009768683596370373}, "datetime": {"datetime": "2021-10-04 10:48:40", "elapsed": 117.224383, "delta": 1.386669}}
{"target": 0.2342144537604015, "params": {"C": 20678.482623751595, "gamma": 0.16018893933002548}, "datetime": {"datetime": "2021-10-04 10:48:42", "elapsed": 118.443039, "delta": 1.218656}}
{"target": 0.2513048878613261, "params": {"C": 20522.899548397105, "gamma": 0.07333869061704366}, "datetime": {"datetime": "2021-10-04 10:48:43", "elapsed": 119.892367, "delta": 1.449328}}
{"target": 0.25322376434853044, "params": {"C": 20437.53917006474, "gamma": 0.0946318733756258}, "datetime": {"datetime": "2021-10-04 10:48:44", "elapsed": 121.093666, "delta": 1.201299}}
{"target": 0.25273280054781533, "params": {"C": 20364.243957672756, "gamma": 0.09968707413115456}, "datetime": {"datetime": "2021-10-04 10:48:46", "elapsed": 122.523891, "delta": 1.430225}}
{"target": 0.23981740366592907, "params": {"C": 20287.368371051052, "gamma": 0.1452275981340315}, "datetime": {"datetime": "2021-10-04 10:48:47", "elapsed": 124.021465, "delta": 1.497574}}
{"target": 0.26099046344701105, "params": {"C": 37536.57850830311, "gamma": 0.1811432921519388}, "datetime": {"datetime": "2021-10-04 10:48:49", "elapsed": 125.459661, "delta": 1.438196}}
{"target": 0.2677825832238716, "params": {"C": 37592.70116792288, "gamma": 0.054536574052895505}, "datetime": {"datetime": "2021-10-04 10:48:50", "elapsed": 126.495581, "delta": 1.03592}}
{"target": 0.27083966735443066, "params": {"C": 37477.55000572257, "gamma": 0.06156703237227598}, "datetime": {"datetime": "2021-10-04 10:48:51", "elapsed": 127.364602, "delta": 0.869021}}
{"target": 0.2626115813674137, "params": {"C": 37432.18258612552, "gamma": 0.046068365710176425}, "datetime": {"datetime": "2021-10-04 10:48:52", "elapsed": 128.328603, "delta": 0.964001}}
{"target": 0.2679595523180456, "params": {"C": 37375.641355263484, "gamma": 0.05518821133832254}, "datetime": {"datetime": "2021-10-04 10:48:53", "elapsed": 129.846044, "delta": 1.517441}}
{"target": 0.25393655115256386, "params": {"C": 37318.86974777976, "gamma": 0.1978727686972189}, "datetime": {"datetime": "2021-10-04 10:48:54", "elapsed": 131.02552, "delta": 1.179476}}
{"target": 0.26438779859790085, "params": {"C": 37631.9777078375, "gamma": 0.1721216683658095}, "datetime": {"datetime": "2021-10-04 10:48:55", "elapsed": 132.173201, "delta": 1.147681}}
{"target": 0.2778950926181326, "params": {"C": 37243.656680376334, "gamma": 0.10681143102104457}, "datetime": {"datetime": "2021-10-04 10:48:57", "elapsed": 133.535923, "delta": 1.362722}}
{"target": 0.27429717185834235, "params": {"C": 37205.961185357926, "gamma": 0.13587078564751365}, "datetime": {"datetime": "2021-10-04 10:48:58", "elapsed": 134.666093, "delta": 1.13017}}
{"target": 0.2778269964913479, "params": {"C": 37155.849189748784, "gamma": 0.10731014087421951}, "datetime": {"datetime": "2021-10-04 10:48:59", "elapsed": 135.789727, "delta": 1.123634}}
{"target": 0.27650315754831023, "params": {"C": 37099.74536657229, "gamma": 0.12244268819645056}, "datetime": {"datetime": "2021-10-04 10:49:00", "elapsed": 137.096961, "delta": 1.307234}}
{"target": 0.2551008283844416, "params": {"C": 37062.81767525154, "gamma": 0.19447077805009552}, "datetime": {"datetime": "2021-10-04 10:49:01", "elapsed": 138.212752, "delta": 1.115791}}
{"target": 0.2711957336464704, "params": {"C": 45085.9286790097, "gamma": 0.16505260383336165}, "datetime": {"datetime": "2021-10-04 10:49:03", "elapsed": 139.462913, "delta": 1.250161}}
{"target": 0.23940752062855375, "params": {"C": 45131.36243894504, "gamma": 0.02381177798143621}, "datetime": {"datetime": "2021-10-04 10:49:04", "elapsed": 140.779646, "delta": 1.316733}}
{"target": 0.28052271296070597, "params": {"C": 45042.44170266231, "gamma": 0.09319450707020795}, "datetime": {"datetime": "2021-10-04 10:49:05", "elapsed": 141.822435, "delta": 1.042789}}
{"target": 0.27642389162258607, "params": {"C": 45001.174901174185, "gamma": 0.06815797324517275}, "datetime": {"datetime": "2021-10-04 10:49:06", "elapsed": 142.810829, "delta": 0.988394}}
{"target": 0.27219712432229903, "params": {"C": 44956.800756436736, "gamma": 0.16118872994560807}, "datetime": {"datetime": "2021-10-04 10:49:07", "elapsed": 143.891967, "delta": 1.081138}}
{"target": 0.12776481946373552, "params": {"C": 44903.117420655064, "gamma": 0.006520863328497972}, "datetime": {"datetime": "2021-10-04 10:49:08", "elapsed": 144.896627, "delta": 1.00466}}
{"target": 0.23824605932788911, "params": {"C": 28616.613127804474, "gamma": 0.19970649745827745}, "datetime": {"datetime": "2021-10-04 10:49:09", "elapsed": 146.061367, "delta": 1.16474}}
{"target": 0.26294659852727176, "params": {"C": 27933.562434578344, "gamma": 0.06463068567498877}, "datetime": {"datetime": "2021-10-04 10:49:10", "elapsed": 147.068965, "delta": 1.007598}}
{"target": 0.24783632015882529, "params": {"C": 27987.358959501456, "gamma": 0.17763728047217883}, "datetime": {"datetime": "2021-10-04 10:49:11", "elapsed": 148.184036, "delta": 1.115071}}
{"target": 0.26886778054448757, "params": {"C": 27880.51559770405, "gamma": 0.09433923502931513}, "datetime": {"datetime": "2021-10-04 10:49:12", "elapsed": 149.15927, "delta": 0.975234}}
{"target": 0.24989616612493404, "params": {"C": 27832.743365227067, "gamma": 0.17241124932647742}, "datetime": {"datetime": "2021-10-04 10:49:13", "elapsed": 150.234391, "delta": 1.075121}}
{"target": 0.23810656674202646, "params": {"C": 16933.97075646432, "gamma": 0.06790252874188613}, "datetime": {"datetime": "2021-10-04 10:49:15", "elapsed": 151.284986, "delta": 1.050595}}
{"target": 0.22459789716566791, "params": {"C": 14179.717737999725, "gamma": 0.10296053355533187}, "datetime": {"datetime": "2021-10-04 10:49:16", "elapsed": 152.436113, "delta": 1.151127}}
{"target": 0.10972939795954006, "params": {"C": 7627.657250245057, "gamma": 0.15664255517658}, "datetime": {"datetime": "2021-10-04 10:49:17", "elapsed": 153.876952, "delta": 1.440839}}
{"target": 0.21095577356021278, "params": {"C": 12183.935708112893, "gamma": 0.10002961489428353}, "datetime": {"datetime": "2021-10-04 10:49:18", "elapsed": 155.25788, "delta": 1.380928}}
{"target": 0.279652261080779, "params": {"C": 41985.871506223615, "gamma": 0.11408993923482526}, "datetime": {"datetime": "2021-10-04 10:49:20", "elapsed": 156.619871, "delta": 1.361991}}
{"target": 0.27057901132569817, "params": {"C": 42025.827738250264, "gamma": 0.1624046445789598}, "datetime": {"datetime": "2021-10-04 10:49:21", "elapsed": 157.837348, "delta": 1.217477}}
{"target": 0.2682068210432562, "params": {"C": 41946.23041996453, "gamma": 0.050394511792082264}, "datetime": {"datetime": "2021-10-04 10:49:22", "elapsed": 159.217612, "delta": 1.380264}}
{"target": 0.27849366384224306, "params": {"C": 42075.47415896264, "gamma": 0.12567142176619578}, "datetime": {"datetime": "2021-10-04 10:49:24", "elapsed": 160.309281, "delta": 1.091669}}
{"target": 0.27973130331010543, "params": {"C": 42116.274557377226, "gamma": 0.11355552458383512}, "datetime": {"datetime": "2021-10-04 10:49:25", "elapsed": 161.704289, "delta": 1.395008}}
{"target": 0.272410626266103, "params": {"C": 42157.938438592966, "gamma": 0.15598142393066583}, "datetime": {"datetime": "2021-10-04 10:49:26", "elapsed": 162.759586, "delta": 1.055297}}
{"target": 0.2779893108062723, "params": {"C": 42209.112031723525, "gamma": 0.07886828358523487}, "datetime": {"datetime": "2021-10-04 10:49:27", "elapsed": 163.8489, "delta": 1.089314}}
{"target": 0.279152072853567, "params": {"C": 42253.04201435523, "gamma": 0.12069828425031051}, "datetime": {"datetime": "2021-10-04 10:49:28", "elapsed": 165.216324, "delta": 1.367424}}
{"target": 0.27216316452664724, "params": {"C": 42296.04544801791, "gamma": 0.15716498166061624}, "datetime": {"datetime": "2021-10-04 10:49:30", "elapsed": 166.647197, "delta": 1.430873}}
{"target": 0.27885775393700496, "params": {"C": 42337.63107904644, "gamma": 0.12351500928684588}, "datetime": {"datetime": "2021-10-04 10:49:31", "elapsed": 167.724842, "delta": 1.077645}}
{"target": 0.2622455585396982, "params": {"C": 42383.23847599768, "gamma": 0.1885045610223367}, "datetime": {"datetime": "2021-10-04 10:49:33", "elapsed": 169.417678, "delta": 1.692836}}
{"target": 0.27630184991828666, "params": {"C": 41888.113519512495, "gamma": 0.1385437578704957}, "datetime": {"datetime": "2021-10-04 10:49:34", "elapsed": 170.982783, "delta": 1.565105}}
{"target": 0.27741784537464753, "params": {"C": 41841.84853478366, "gamma": 0.13226932082593237}, "datetime": {"datetime": "2021-10-04 10:49:35", "elapsed": 172.124744, "delta": 1.141961}}
{"target": 0.261990904291334, "params": {"C": 41798.420650168606, "gamma": 0.188087927740993}, "datetime": {"datetime": "2021-10-04 10:49:37", "elapsed": 173.266323, "delta": 1.141579}}
{"target": 0.2772491569454981, "params": {"C": 42449.290640212144, "gamma": 0.07481232762384839}, "datetime": {"datetime": "2021-10-04 10:49:38", "elapsed": 174.625671, "delta": 1.359348}}
{"target": 0.27033676407210194, "params": {"C": 42496.35219940607, "gamma": 0.16408663338343202}, "datetime": {"datetime": "2021-10-04 10:49:39", "elapsed": 176.23912, "delta": 1.613449}}
{"target": 0.2797673710275136, "params": {"C": 42550.21912150136, "gamma": 0.11495935892651188}, "datetime": {"datetime": "2021-10-04 10:49:41", "elapsed": 177.449318, "delta": 1.210198}}
{"target": 0.26129064561731274, "params": {"C": 42593.7758538556, "gamma": 0.1914820671115583}, "datetime": {"datetime": "2021-10-04 10:49:42", "elapsed": 178.635828, "delta": 1.18651}}
{"target": 0.21226981204121043, "params": {"C": 41728.278981663134, "gamma": 0.01675230462295427}, "datetime": {"datetime": "2021-10-04 10:49:44", "elapsed": 180.776749, "delta": 2.140921}}
{"target": 0.2624121734932503, "params": {"C": 42660.92706027465, "gamma": 0.18855836656126806}, "datetime": {"datetime": "2021-10-04 10:49:45", "elapsed": 182.146584, "delta": 1.369835}}
{"target": 0.2562720847389135, "params": {"C": 32486.741949600728, "gamma": 0.17736930491688582}, "datetime": {"datetime": "2021-10-04 10:49:47", "elapsed": 183.366183, "delta": 1.219599}}
{"target": 0.26706572801146744, "params": {"C": 32417.12043131312, "gamma": 0.14689287373296364}, "datetime": {"datetime": "2021-10-04 10:49:48", "elapsed": 184.547595, "delta": 1.181412}}
{"target": 0.20827279562024648, "params": {"C": 32366.150679287584, "gamma": 0.01862853336227284}, "datetime": {"datetime": "2021-10-04 10:49:49", "elapsed": 185.737181, "delta": 1.189586}}
{"target": 0.25950520528686516, "params": {"C": 32571.140516668103, "gamma": 0.16962740588606579}, "datetime": {"datetime": "2021-10-04 10:49:50", "elapsed": 187.131651, "delta": 1.39447}}
{"target": 0.26669947411031747, "params": {"C": 32632.34702313485, "gamma": 0.06071236843384599}, "datetime": {"datetime": "2021-10-04 10:49:52", "elapsed": 188.72545, "delta": 1.593799}}
{"target": 0.2691788031337393, "params": {"C": 32685.730689913606, "gamma": 0.14035434328227314}, "datetime": {"datetime": "2021-10-04 10:49:54", "elapsed": 190.369896, "delta": 1.644446}}
{"target": 0.26787563479802246, "params": {"C": 32741.484894208406, "gamma": 0.1454278275922136}, "datetime": {"datetime": "2021-10-04 10:49:55", "elapsed": 191.744452, "delta": 1.374556}}
