{"target": -35.009840215910096, "params": {"C": 4290.374310198361, "gamma": 0.03661980760821436}, "datetime": {"datetime": "2021-09-28 16:11:56", "elapsed": 27.832836, "delta": 0.616001}}
{"target": -35.00889051986492, "params": {"C": 4296.015555933204, "gamma": 0.0365357733861415}, "datetime": {"datetime": "2021-09-28 16:11:57", "elapsed": 28.364137, "delta": 0.531301}}
{"target": -35.64247618371994, "params": {"C": 4302.382651119873, "gamma": 0.010654837055419707}, "datetime": {"datetime": "2021-09-28 16:11:57", "elapsed": 28.967137, "delta": 0.603}}
{"target": -35.52396787004002, "params": {"C": 4031.7548951021013, "gamma": 0.0678391898755434}, "datetime": {"datetime": "2021-09-28 16:11:58", "elapsed": 29.501136, "delta": 0.533999}}
{"target": -35.08763659210271, "params": {"C": 4057.7132398254153, "gamma": 0.042680594321821794}, "datetime": {"datetime": "2021-09-28 16:11:59", "elapsed": 30.092137, "delta": 0.591001}}
{"target": -35.728695433698284, "params": {"C": 4063.753330836579, "gamma": 0.07758566619422844}, "datetime": {"datetime": "2021-09-28 16:11:59", "elapsed": 30.643503, "delta": 0.551366}}
{"target": -35.11715084972696, "params": {"C": 4052.591712753121, "gamma": 0.022158259841150534}, "datetime": {"datetime": "2021-09-28 16:12:00", "elapsed": 31.226134, "delta": 0.582631}}
{"target": -35.56521066163054, "params": {"C": 4743.871305101429, "gamma": 0.07440635280976896}, "datetime": {"datetime": "2021-09-28 16:12:00", "elapsed": 31.744132, "delta": 0.517998}}
{"target": -35.67355686507715, "params": {"C": 4691.233189110419, "gamma": 0.07871886990768588}, "datetime": {"datetime": "2021-09-28 16:12:01", "elapsed": 32.243133, "delta": 0.499001}}
{"target": -35.076358475064445, "params": {"C": 4795.152709012143, "gamma": 0.020144439643230275}, "datetime": {"datetime": "2021-09-28 16:12:01", "elapsed": 32.720359, "delta": 0.477226}}
{"target": -34.9513889839048, "params": {"C": 4789.165840612252, "gamma": 0.02889054386532682}, "datetime": {"datetime": "2021-09-28 16:12:02", "elapsed": 33.260359, "delta": 0.54}}
{"target": -35.45962529097262, "params": {"C": 4783.975100189725, "gamma": 0.013167281066056673}, "datetime": {"datetime": "2021-09-28 16:12:02", "elapsed": 33.743359, "delta": 0.483}}
{"target": -35.548380560720034, "params": {"C": 4802.115496749872, "gamma": 0.011840897711899723}, "datetime": {"datetime": "2021-09-28 16:12:03", "elapsed": 34.326707, "delta": 0.583348}}
{"target": -34.991457849867665, "params": {"C": 4433.6157535346365, "gamma": 0.029066005166925396}, "datetime": {"datetime": "2021-09-28 16:12:03", "elapsed": 34.810708, "delta": 0.484001}}
{"target": -35.16614279232858, "params": {"C": 4439.15640916941, "gamma": 0.018383417243716817}, "datetime": {"datetime": "2021-09-28 16:12:04", "elapsed": 35.380706, "delta": 0.569998}}
{"target": -35.09020806407743, "params": {"C": 4427.463014605997, "gamma": 0.02123636271165844}, "datetime": {"datetime": "2021-09-28 16:12:04", "elapsed": 35.900742, "delta": 0.520036}}
{"target": -35.68390588706804, "params": {"C": 4926.8549631963315, "gamma": 0.08}, "datetime": {"datetime": "2021-09-28 16:12:05", "elapsed": 36.41295, "delta": 0.512208}}
{"target": -35.097682147213476, "params": {"C": 4135.909214899068, "gamma": 0.022546079826191782}, "datetime": {"datetime": "2021-09-28 16:12:05", "elapsed": 36.892991, "delta": 0.480041}}
{"target": -35.06638474777155, "params": {"C": 4129.707915878965, "gamma": 0.02505323442304259}, "datetime": {"datetime": "2021-09-28 16:12:06", "elapsed": 37.470957, "delta": 0.577966}}
{"target": -35.3323544865114, "params": {"C": 4142.756841734962, "gamma": 0.05934443430329081}, "datetime": {"datetime": "2021-09-28 16:12:06", "elapsed": 37.95895, "delta": 0.487993}}
{"target": -35.44150339587148, "params": {"C": 4545.610535249433, "gamma": 0.06780894283331813}, "datetime": {"datetime": "2021-09-28 16:12:07", "elapsed": 38.45918, "delta": 0.50023}}
{"target": -35.841070635716754, "params": {"C": 4840.859529758847, "gamma": 0.007596775444084534}, "datetime": {"datetime": "2021-09-28 16:12:07", "elapsed": 39.033183, "delta": 0.574003}}
{"target": -36.05796772748071, "params": {"C": 4019.083270166169, "gamma": 0.0053732218035713476}, "datetime": {"datetime": "2021-09-28 16:12:08", "elapsed": 39.536182, "delta": 0.502999}}
{"target": -36.30628444399356, "params": {"C": 4094.6472211976816, "gamma": 0.003}, "datetime": {"datetime": "2021-09-28 16:12:08", "elapsed": 40.068186, "delta": 0.532004}}
{"target": -35.22353552101265, "params": {"C": 4755.3255857042195, "gamma": 0.058024854598364865}, "datetime": {"datetime": "2021-09-28 16:12:09", "elapsed": 40.604185, "delta": 0.535999}}
{"target": -35.313483386759025, "params": {"C": 4732.317296297198, "gamma": 0.0628902652834515}, "datetime": {"datetime": "2021-09-28 16:12:10", "elapsed": 41.104946, "delta": 0.500761}}
{"target": -35.358079965508196, "params": {"C": 4174.692932390296, "gamma": 0.060954985806028344}, "datetime": {"datetime": "2021-09-28 16:12:10", "elapsed": 41.643945, "delta": 0.538999}}
{"target": -35.38864840164104, "params": {"C": 4205.2242188944165, "gamma": 0.06267438958827218}, "datetime": {"datetime": "2021-09-28 16:12:11", "elapsed": 42.156947, "delta": 0.513002}}
{"target": -35.14857219526545, "params": {"C": 4330.690599522258, "gamma": 0.019444272763776166}, "datetime": {"datetime": "2021-09-28 16:12:11", "elapsed": 42.647166, "delta": 0.490219}}
{"target": -34.99703197057602, "params": {"C": 4421.755383286532, "gamma": 0.0280896676247439}, "datetime": {"datetime": "2021-09-28 16:12:12", "elapsed": 43.151159, "delta": 0.503993}}
{"target": -35.618652917206006, "params": {"C": 4235.403396702255, "gamma": 0.07394956669537621}, "datetime": {"datetime": "2021-09-28 16:12:12", "elapsed": 43.796159, "delta": 0.645}}
{"target": -35.32274879010307, "params": {"C": 4124.581882847035, "gamma": 0.058610708947888994}, "datetime": {"datetime": "2021-09-28 16:12:13", "elapsed": 44.294159, "delta": 0.498}}
{"target": -35.71615517255846, "params": {"C": 4553.856667818178, "gamma": 0.08}, "datetime": {"datetime": "2021-09-28 16:12:13", "elapsed": 44.860888, "delta": 0.566729}}
{"target": -34.98101152181582, "params": {"C": 4537.4472455067935, "gamma": 0.03772170755453081}, "datetime": {"datetime": "2021-09-28 16:12:14", "elapsed": 45.449132, "delta": 0.588244}}
{"target": -35.09200734089532, "params": {"C": 4533.5280834415635, "gamma": 0.04859115045842797}, "datetime": {"datetime": "2021-09-28 16:12:14", "elapsed": 45.991132, "delta": 0.542}}
{"target": -35.702996001460704, "params": {"C": 4701.866781953993, "gamma": 0.08}, "datetime": {"datetime": "2021-09-28 16:12:15", "elapsed": 46.530432, "delta": 0.5393}}
{"target": -35.65113283522591, "params": {"C": 4220.406569775478, "gamma": 0.01054797671379103}, "datetime": {"datetime": "2021-09-28 16:12:15", "elapsed": 47.057471, "delta": 0.527039}}
{"target": -35.43876230013398, "params": {"C": 4680.856564024951, "gamma": 0.06856202224033933}, "datetime": {"datetime": "2021-09-28 16:12:16", "elapsed": 47.602433, "delta": 0.544962}}
{"target": -35.72609547271941, "params": {"C": 4445.592199664757, "gamma": 0.08}, "datetime": {"datetime": "2021-09-28 16:12:17", "elapsed": 48.136435, "delta": 0.534002}}
{"target": -34.97631431499393, "params": {"C": 4978.196666556217, "gamma": 0.04423713276863137}, "datetime": {"datetime": "2021-09-28 16:12:17", "elapsed": 48.665424, "delta": 0.528989}}
{"target": -35.00772953549496, "params": {"C": 4325.866878060312, "gamma": 0.03750967295425647}, "datetime": {"datetime": "2021-09-28 16:12:18", "elapsed": 49.39442, "delta": 0.728996}}
{"target": -35.00494434248026, "params": {"C": 4761.025434939471, "gamma": 0.023840152826773466}, "datetime": {"datetime": "2021-09-28 16:12:18", "elapsed": 49.96842, "delta": 0.574}}
{"target": -35.512123360376755, "params": {"C": 4504.691172696423, "gamma": 0.07091951705878675}, "datetime": {"datetime": "2021-09-28 16:12:19", "elapsed": 50.570169, "delta": 0.601749}}
{"target": -36.29597364862314, "params": {"C": 4286.221004019621, "gamma": 0.003}, "datetime": {"datetime": "2021-09-28 16:12:20", "elapsed": 51.13884, "delta": 0.568671}}
{"target": -35.5928138799451, "params": {"C": 4293.069501772559, "gamma": 0.07321625265071896}, "datetime": {"datetime": "2021-09-28 16:12:20", "elapsed": 51.76084, "delta": 0.622}}
{"target": -35.04081104265172, "params": {"C": 4791.834297744348, "gamma": 0.021437492119193675}, "datetime": {"datetime": "2021-09-28 16:12:21", "elapsed": 52.337129, "delta": 0.576289}}
{"target": -35.06643626274674, "params": {"C": 4468.211510182955, "gamma": 0.021981376057663527}, "datetime": {"datetime": "2021-09-28 16:12:21", "elapsed": 52.983126, "delta": 0.645997}}
{"target": -36.27123616279319, "params": {"C": 4972.2696983581045, "gamma": 0.003}, "datetime": {"datetime": "2021-09-28 16:12:22", "elapsed": 53.644129, "delta": 0.661003}}
{"target": -35.014731595581154, "params": {"C": 4424.47170084121, "gamma": 0.026237980316865365}, "datetime": {"datetime": "2021-09-28 16:12:23", "elapsed": 54.308127, "delta": 0.663998}}
{"target": -35.1087909872808, "params": {"C": 4880.462728674368, "gamma": 0.05248527690751073}, "datetime": {"datetime": "2021-09-28 16:12:23", "elapsed": 54.93166, "delta": 0.623533}}
{"target": -35.15099492190838, "params": {"C": 4430.855402890517, "gamma": 0.018948734235708156}, "datetime": {"datetime": "2021-09-28 16:12:24", "elapsed": 55.649661, "delta": 0.718001}}
{"target": -35.037961078008465, "params": {"C": 4132.767417394914, "gamma": 0.027825638675942486}, "datetime": {"datetime": "2021-09-28 16:12:25", "elapsed": 56.526542, "delta": 0.876881}}
{"target": -35.03879472064552, "params": {"C": 4436.196004708806, "gamma": 0.043596172711214694}, "datetime": {"datetime": "2021-09-28 16:12:26", "elapsed": 57.251544, "delta": 0.725002}}
{"target": -35.20672924803379, "params": {"C": 4874.91806031641, "gamma": 0.057946323269314946}, "datetime": {"datetime": "2021-09-28 16:12:26", "elapsed": 57.879544, "delta": 0.628}}
{"target": -35.50042521264334, "params": {"C": 4758.489683270376, "gamma": 0.07172129311898442}, "datetime": {"datetime": "2021-09-28 16:12:27", "elapsed": 58.481768, "delta": 0.602224}}
{"target": -35.37285764496618, "params": {"C": 4763.7550390243805, "gamma": 0.06595544471459192}, "datetime": {"datetime": "2021-09-28 16:12:28", "elapsed": 59.200767, "delta": 0.718999}}
{"target": -34.98588653314986, "params": {"C": 4619.123537076243, "gamma": 0.026538333768759914}, "datetime": {"datetime": "2021-09-28 16:12:28", "elapsed": 59.858808, "delta": 0.658041}}
{"target": -35.038926318600055, "params": {"C": 4540.368753529713, "gamma": 0.04478156690884477}, "datetime": {"datetime": "2021-09-28 16:12:29", "elapsed": 60.504979, "delta": 0.646171}}
{"target": -35.14535118030474, "params": {"C": 4462.732969994981, "gamma": 0.05123991453192178}, "datetime": {"datetime": "2021-09-28 16:12:30", "elapsed": 61.186637, "delta": 0.681658}}
{"target": -35.52685380465571, "params": {"C": 4965.421425758435, "gamma": 0.07364944806999768}, "datetime": {"datetime": "2021-09-28 16:12:30", "elapsed": 61.942878, "delta": 0.756241}}
{"target": -35.00877732007029, "params": {"C": 4298.226944295793, "gamma": 0.036601041788457196}, "datetime": {"datetime": "2021-09-28 16:12:31", "elapsed": 62.584652, "delta": 0.641774}}
{"target": -36.20927748297022, "params": {"C": 4055.180183657, "gamma": 0.0038758116617724726}, "datetime": {"datetime": "2021-09-28 16:12:32", "elapsed": 63.179651, "delta": 0.594999}}
{"target": -35.3699734708223, "params": {"C": 4050.365033944315, "gamma": 0.015387119929982731}, "datetime": {"datetime": "2021-09-28 16:12:32", "elapsed": 63.927652, "delta": 0.748001}}
{"target": -34.982582035456986, "params": {"C": 4476.920377492034, "gamma": 0.030051293817184577}, "datetime": {"datetime": "2021-09-28 16:12:33", "elapsed": 64.742111, "delta": 0.814459}}
{"target": -35.7425095329827, "params": {"C": 4059.6865314730007, "gamma": 0.0781678370162555}, "datetime": {"datetime": "2021-09-28 16:12:34", "elapsed": 65.503112, "delta": 0.761001}}
{"target": -35.020101351749716, "params": {"C": 4328.125485375721, "gamma": 0.04026917688434384}, "datetime": {"datetime": "2021-09-28 16:12:35", "elapsed": 66.37444, "delta": 0.871328}}
{"target": -35.45979738846897, "params": {"C": 4535.595730989632, "gamma": 0.013374135955959349}, "datetime": {"datetime": "2021-09-28 16:12:36", "elapsed": 67.217458, "delta": 0.843018}}
{"target": -35.51375196949493, "params": {"C": 4473.071787456601, "gamma": 0.07076728724128534}, "datetime": {"datetime": "2021-09-28 16:12:37", "elapsed": 68.151462, "delta": 0.934004}}
{"target": -34.9740172983514, "params": {"C": 4976.653972241439, "gamma": 0.04399031915731901}, "datetime": {"datetime": "2021-09-28 16:12:37", "elapsed": 69.023646, "delta": 0.872184}}
{"target": -35.04074221717103, "params": {"C": 4885.442108355706, "gamma": 0.0484802213811677}, "datetime": {"datetime": "2021-09-28 16:12:38", "elapsed": 69.879645, "delta": 0.855999}}
{"target": -35.27716838702818, "params": {"C": 4531.241635289265, "gamma": 0.016307216144887463}, "datetime": {"datetime": "2021-09-28 16:12:39", "elapsed": 70.713024, "delta": 0.833379}}
{"target": -35.27708973117179, "params": {"C": 4419.370695476071, "gamma": 0.058483248629140304}, "datetime": {"datetime": "2021-09-28 16:12:40", "elapsed": 71.588729, "delta": 0.875705}}
{"target": -35.561781851974224, "params": {"C": 4263.898689305421, "gamma": 0.07152838590018823}, "datetime": {"datetime": "2021-09-28 16:12:41", "elapsed": 72.429993, "delta": 0.841264}}
{"target": -34.959532273350554, "params": {"C": 4787.300303025115, "gamma": 0.027502756760079038}, "datetime": {"datetime": "2021-09-28 16:12:42", "elapsed": 73.337994, "delta": 0.908001}}
{"target": -35.02466831478499, "params": {"C": 4481.087653808911, "gamma": 0.04305120726049207}, "datetime": {"datetime": "2021-09-28 16:12:43", "elapsed": 74.21799, "delta": 0.879996}}
{"target": -34.953608711113745, "params": {"C": 4894.890231146764, "gamma": 0.02667365082937058}, "datetime": {"datetime": "2021-09-28 16:12:44", "elapsed": 75.101434, "delta": 0.883444}}
{"target": -35.00819529709854, "params": {"C": 4258.990062015391, "gamma": 0.03036343300412316}, "datetime": {"datetime": "2021-09-28 16:12:45", "elapsed": 76.095615, "delta": 0.994181}}
{"target": -35.05476039842739, "params": {"C": 4256.551433944971, "gamma": 0.02465900333881999}, "datetime": {"datetime": "2021-09-28 16:12:45", "elapsed": 77.018704, "delta": 0.923089}}
{"target": -36.29427631663555, "params": {"C": 4323.39264344905, "gamma": 0.003}, "datetime": {"datetime": "2021-09-28 16:12:46", "elapsed": 78.036702, "delta": 1.017998}}
{"target": -35.54028791015393, "params": {"C": 4614.541384774369, "gamma": 0.0728784426811395}, "datetime": {"datetime": "2021-09-28 16:12:47", "elapsed": 79.074621, "delta": 1.037919}}
{"target": -35.19252838838906, "params": {"C": 4538.863477193571, "gamma": 0.05467842714680234}, "datetime": {"datetime": "2021-09-28 16:12:49", "elapsed": 80.160621, "delta": 1.086}}
{"target": -34.99536207713383, "params": {"C": 4542.36713719591, "gamma": 0.04143401136613006}, "datetime": {"datetime": "2021-09-28 16:12:50", "elapsed": 81.245472, "delta": 1.084851}}
{"target": -35.48725429543447, "params": {"C": 4982.897873143175, "gamma": 0.07207382199589484}, "datetime": {"datetime": "2021-09-28 16:12:51", "elapsed": 82.270472, "delta": 1.025}}
{"target": -35.54797693427214, "params": {"C": 4509.7066883287225, "gamma": 0.07268921828656655}, "datetime": {"datetime": "2021-09-28 16:12:52", "elapsed": 83.306893, "delta": 1.036421}}
{"target": -35.883610859966446, "params": {"C": 4370.97981348772, "gamma": 0.007176893571806306}, "datetime": {"datetime": "2021-09-28 16:12:53", "elapsed": 84.331895, "delta": 1.025002}}
{"target": -34.995928342915576, "params": {"C": 4374.429570806071, "gamma": 0.03518866717327627}, "datetime": {"datetime": "2021-09-28 16:12:54", "elapsed": 85.278425, "delta": 0.94653}}
{"target": -35.24079104505074, "params": {"C": 4127.485119332515, "gamma": 0.017580745712777988}, "datetime": {"datetime": "2021-09-28 16:12:55", "elapsed": 86.441137, "delta": 1.162712}}
{"target": -35.02212334239208, "params": {"C": 4138.52785219462, "gamma": 0.033483055608909594}, "datetime": {"datetime": "2021-09-28 16:12:56", "elapsed": 87.49254, "delta": 1.051403}}
{"target": -34.95428574652058, "params": {"C": 4797.637197349548, "gamma": 0.02819211604177992}, "datetime": {"datetime": "2021-09-28 16:12:57", "elapsed": 88.527816, "delta": 1.035276}}
{"target": -35.034879634437026, "params": {"C": 4469.797506029875, "gamma": 0.0436850302107232}, "datetime": {"datetime": "2021-09-28 16:12:58", "elapsed": 89.514815, "delta": 0.986999}}
{"target": -35.009812987205116, "params": {"C": 4333.662885378602, "gamma": 0.038504505841016265}, "datetime": {"datetime": "2021-09-28 16:12:59", "elapsed": 90.618105, "delta": 1.10329}}
{"target": -35.113471977863426, "params": {"C": 4335.984616925951, "gamma": 0.020762318454676208}, "datetime": {"datetime": "2021-09-28 16:13:00", "elapsed": 91.627836, "delta": 1.009731}}
{"target": -35.06076319784393, "params": {"C": 4752.370195840639, "gamma": 0.020871777938368204}, "datetime": {"datetime": "2021-09-28 16:13:01", "elapsed": 92.643834, "delta": 1.015998}}
{"target": -35.27944082671631, "params": {"C": 4749.861944131375, "gamma": 0.06111196992436173}, "datetime": {"datetime": "2021-09-28 16:13:02", "elapsed": 93.727836, "delta": 1.084002}}
{"target": -34.996018663775864, "params": {"C": 4495.347462227744, "gamma": 0.027057372344131185}, "datetime": {"datetime": "2021-09-28 16:13:03", "elapsed": 94.717277, "delta": 0.989441}}
{"target": -34.979735375902195, "params": {"C": 4493.051611908762, "gamma": 0.03403618268595963}, "datetime": {"datetime": "2021-09-28 16:13:04", "elapsed": 95.692281, "delta": 0.975004}}
{"target": -35.185938986456314, "params": {"C": 4490.797662074932, "gamma": 0.05390259109828182}, "datetime": {"datetime": "2021-09-28 16:13:05", "elapsed": 96.761179, "delta": 1.068898}}
{"target": -35.01512997379071, "params": {"C": 4599.653480184571, "gamma": 0.04366509287109405}, "datetime": {"datetime": "2021-09-28 16:13:06", "elapsed": 97.766169, "delta": 1.00499}}
{"target": -35.88252234068426, "params": {"C": 4597.881016927418, "gamma": 0.007151566067170032}, "datetime": {"datetime": "2021-09-28 16:13:07", "elapsed": 98.731663, "delta": 0.965494}}
{"target": -35.47890364141883, "params": {"C": 4601.324446952142, "gamma": 0.07001178872188013}, "datetime": {"datetime": "2021-09-28 16:13:08", "elapsed": 99.711662, "delta": 0.979999}}
{"target": -35.06989280708373, "params": {"C": 4979.721274021622, "gamma": 0.019672028503364466}, "datetime": {"datetime": "2021-09-28 16:13:09", "elapsed": 100.823405, "delta": 1.111743}}
{"target": -34.9377289487001, "params": {"C": 4896.470041319231, "gamma": 0.03846303609095935}, "datetime": {"datetime": "2021-09-28 16:13:10", "elapsed": 101.814101, "delta": 0.990696}}
{"target": -35.60886251474497, "params": {"C": 4890.060987059892, "gamma": 0.07674764117096884}, "datetime": {"datetime": "2021-09-28 16:13:11", "elapsed": 102.905436, "delta": 1.091335}}
{"target": -34.97390909758092, "params": {"C": 4592.894157774998, "gamma": 0.02884886136732768}, "datetime": {"datetime": "2021-09-28 16:13:12", "elapsed": 104.059433, "delta": 1.153997}}
{"target": -35.06560975939295, "params": {"C": 4590.900764040858, "gamma": 0.04732113460743012}, "datetime": {"datetime": "2021-09-28 16:13:14", "elapsed": 105.59448, "delta": 1.535047}}
{"target": -36.282798068881725, "params": {"C": 4606.340340301732, "gamma": 0.003}, "datetime": {"datetime": "2021-09-28 16:13:15", "elapsed": 106.627831, "delta": 1.033351}}
{"target": -35.0203496821256, "params": {"C": 4140.442875345822, "gamma": 0.032451648897406475}, "datetime": {"datetime": "2021-09-28 16:13:16", "elapsed": 107.981831, "delta": 1.354}}
{"target": -35.494098350881195, "params": {"C": 4254.335368655495, "gamma": 0.01307200423352262}, "datetime": {"datetime": "2021-09-28 16:13:18", "elapsed": 109.097028, "delta": 1.115197}}
{"target": -35.02426653681554, "params": {"C": 4799.3038453202425, "gamma": 0.04658500376095046}, "datetime": {"datetime": "2021-09-28 16:13:19", "elapsed": 110.147025, "delta": 1.049997}}
{"target": -35.07418958121797, "params": {"C": 4338.607483453835, "gamma": 0.022387727797858054}, "datetime": {"datetime": "2021-09-28 16:13:20", "elapsed": 111.377528, "delta": 1.230503}}
{"target": -35.08806423290937, "params": {"C": 4483.162905997911, "gamma": 0.047732160860937296}, "datetime": {"datetime": "2021-09-28 16:13:21", "elapsed": 112.757609, "delta": 1.380081}}
{"target": -35.60620573980075, "params": {"C": 4358.807745413659, "gamma": 0.011206639946971964}, "datetime": {"datetime": "2021-09-28 16:13:22", "elapsed": 113.94361, "delta": 1.186001}}
{"target": -35.00404059660745, "params": {"C": 4363.274534607458, "gamma": 0.03791151600777266}, "datetime": {"datetime": "2021-09-28 16:13:24", "elapsed": 115.615649, "delta": 1.672039}}
{"target": -36.2884242075637, "params": {"C": 4460.093498899291, "gamma": 0.003}, "datetime": {"datetime": "2021-09-28 16:13:25", "elapsed": 116.985533, "delta": 1.369884}}
{"target": -35.5239883712165, "params": {"C": 4621.034634640016, "gamma": 0.07219084791891536}, "datetime": {"datetime": "2021-09-28 16:13:27", "elapsed": 118.301533, "delta": 1.316}}
{"target": -35.23997692910768, "params": {"C": 4617.912929890836, "gamma": 0.057928265987752074}, "datetime": {"datetime": "2021-09-28 16:13:28", "elapsed": 119.654327, "delta": 1.352794}}
{"target": -35.20916705235286, "params": {"C": 4464.197979987627, "gamma": 0.05503757923383349}, "datetime": {"datetime": "2021-09-28 16:13:29", "elapsed": 120.808521, "delta": 1.154194}}
{"target": -35.335754848912934, "params": {"C": 4793.389063174353, "gamma": 0.015038889188111988}, "datetime": {"datetime": "2021-09-28 16:13:30", "elapsed": 122.061165, "delta": 1.252644}}
