{"target": -34.508367065580224, "params": {"C": 44749.958844842535, "gamma": 0.015000648041073233}, "datetime": {"datetime": "2021-09-29 09:32:11", "elapsed": 121.174634, "delta": 0.847995}}
{"target": -34.50247031511794, "params": {"C": 43134.84118207828, "gamma": 0.015196411591281891}, "datetime": {"datetime": "2021-09-29 09:32:12", "elapsed": 122.02687, "delta": 0.852236}}
{"target": -35.20160334290998, "params": {"C": 44088.13136956177, "gamma": 0.03553944348479186}, "datetime": {"datetime": "2021-09-29 09:32:13", "elapsed": 122.927583, "delta": 0.900713}}
{"target": -34.455775816735084, "params": {"C": 44136.59763392639, "gamma": 0.016103446269174152}, "datetime": {"datetime": "2021-09-29 09:32:14", "elapsed": 123.787581, "delta": 0.859998}}
{"target": -34.469701323825014, "params": {"C": 41219.8035784343, "gamma": 0.018104340079235774}, "datetime": {"datetime": "2021-09-29 09:32:15", "elapsed": 124.643249, "delta": 0.855668}}
{"target": -36.19044150848731, "params": {"C": 44088.139922317525, "gamma": 0.004357842096725646}, "datetime": {"datetime": "2021-09-29 09:32:16", "elapsed": 125.849942, "delta": 1.206693}}
{"target": -34.64618916307012, "params": {"C": 41998.648023697926, "gamma": 0.012923301062504514}, "datetime": {"datetime": "2021-09-29 09:32:17", "elapsed": 126.687942, "delta": 0.838}}
{"target": -34.546777903317185, "params": {"C": 44088.17282837199, "gamma": 0.02176516386612147}, "datetime": {"datetime": "2021-09-29 09:32:18", "elapsed": 127.717585, "delta": 1.029643}}
{"target": -34.889662350098334, "params": {"C": 42486.67381455021, "gamma": 0.03016472729827526}, "datetime": {"datetime": "2021-09-29 09:32:19", "elapsed": 128.576853, "delta": 0.859268}}
{"target": -35.211871951710584, "params": {"C": 43818.96105445339, "gamma": 0.00827589920700974}, "datetime": {"datetime": "2021-09-29 09:32:20", "elapsed": 129.542854, "delta": 0.966001}}
{"target": -35.711302066713756, "params": {"C": 43325.79505443587, "gamma": 0.04395649809017607}, "datetime": {"datetime": "2021-09-29 09:32:20", "elapsed": 130.370492, "delta": 0.827638}}
{"target": -35.019571198352054, "params": {"C": 40692.41016283203, "gamma": 0.033317673912737364}, "datetime": {"datetime": "2021-09-29 09:32:21", "elapsed": 131.246492, "delta": 0.876}}
{"target": -34.477906738170226, "params": {"C": 42092.33045977911, "gamma": 0.015754440839356558}, "datetime": {"datetime": "2021-09-29 09:32:22", "elapsed": 132.068136, "delta": 0.821644}}
{"target": -34.81929592159951, "params": {"C": 41801.72613406476, "gamma": 0.029053883485095973}, "datetime": {"datetime": "2021-09-29 09:32:23", "elapsed": 132.947754, "delta": 0.879618}}
{"target": -36.5111505601851, "params": {"C": 44318.25205576519, "gamma": 0.0033040701305376598}, "datetime": {"datetime": "2021-09-29 09:32:24", "elapsed": 133.845756, "delta": 0.898002}}
{"target": -34.815703074941894, "params": {"C": 42049.48796300989, "gamma": 0.028911377887879057}, "datetime": {"datetime": "2021-09-29 09:32:25", "elapsed": 134.819976, "delta": 0.97422}}
{"target": -34.739285153133096, "params": {"C": 43020.95644700506, "gamma": 0.027202771726071603}, "datetime": {"datetime": "2021-09-29 09:32:26", "elapsed": 135.745977, "delta": 0.926001}}
{"target": -34.614774200017926, "params": {"C": 41477.60834341345, "gamma": 0.013403842406744297}, "datetime": {"datetime": "2021-09-29 09:32:27", "elapsed": 136.836945, "delta": 1.090968}}
{"target": -34.62919299966981, "params": {"C": 41712.0843298839, "gamma": 0.01318152642207435}, "datetime": {"datetime": "2021-09-29 09:32:28", "elapsed": 137.866557, "delta": 1.029612}}
{"target": -34.80877912792868, "params": {"C": 40860.831068882915, "gamma": 0.02914583561112615}, "datetime": {"datetime": "2021-09-29 09:32:29", "elapsed": 138.76822, "delta": 0.901663}}
{"target": -36.22856100518177, "params": {"C": 44916.19447784942, "gamma": 0.05206168466343076}, "datetime": {"datetime": "2021-09-29 09:32:30", "elapsed": 139.786215, "delta": 1.017995}}
{"target": -35.90105243766331, "params": {"C": 41655.992423857344, "gamma": 0.04821526327635366}, "datetime": {"datetime": "2021-09-29 09:32:31", "elapsed": 140.780429, "delta": 0.994214}}
{"target": -35.776852661029, "params": {"C": 44280.603476788114, "gamma": 0.04460226076255454}, "datetime": {"datetime": "2021-09-29 09:32:32", "elapsed": 142.108523, "delta": 1.328094}}
{"target": -34.69496341482775, "params": {"C": 41219.812152768645, "gamma": 0.02679309991875629}, "datetime": {"datetime": "2021-09-29 09:32:33", "elapsed": 143.503099, "delta": 1.394576}}
{"target": -35.17840317390952, "params": {"C": 43725.01799272962, "gamma": 0.008485694968309357}, "datetime": {"datetime": "2021-09-29 09:32:35", "elapsed": 144.646335, "delta": 1.143236}}
{"target": -35.2485876146484, "params": {"C": 40820.40842601162, "gamma": 0.037638605632082954}, "datetime": {"datetime": "2021-09-29 09:32:36", "elapsed": 145.773328, "delta": 1.126993}}
{"target": -35.74607393858857, "params": {"C": 44414.57822733131, "gamma": 0.04399649970246657}, "datetime": {"datetime": "2021-09-29 09:32:37", "elapsed": 147.030977, "delta": 1.257649}}
{"target": -34.457957222885724, "params": {"C": 43818.93115271238, "gamma": 0.01725962313400792}, "datetime": {"datetime": "2021-09-29 09:32:38", "elapsed": 148.110732, "delta": 1.079755}}
{"target": -34.52283347802349, "params": {"C": 43748.98851183562, "gamma": 0.014768619169702436}, "datetime": {"datetime": "2021-09-29 09:32:39", "elapsed": 149.06073, "delta": 0.949998}}
{"target": -35.62278945870751, "params": {"C": 42037.79179623752, "gamma": 0.043097841397299566}, "datetime": {"datetime": "2021-09-29 09:32:40", "elapsed": 149.96473, "delta": 0.904}}
{"target": -34.45621088223329, "params": {"C": 40869.23975540009, "gamma": 0.0168412321219124}, "datetime": {"datetime": "2021-09-29 09:32:41", "elapsed": 150.816057, "delta": 0.851327}}
{"target": -35.56267172927331, "params": {"C": 43725.004051408614, "gamma": 0.006615162160008115}, "datetime": {"datetime": "2021-09-29 09:32:42", "elapsed": 152.029365, "delta": 1.213308}}
{"target": -34.86886723753417, "params": {"C": 41567.06349133633, "gamma": 0.030064875224686167}, "datetime": {"datetime": "2021-09-29 09:32:43", "elapsed": 152.87097, "delta": 0.841605}}
{"target": -34.52376192279684, "params": {"C": 44414.60774840263, "gamma": 0.020873706811098944}, "datetime": {"datetime": "2021-09-29 09:32:44", "elapsed": 153.898974, "delta": 1.028004}}
{"target": -34.85065941963449, "params": {"C": 41784.117755965766, "gamma": 0.029650410961287926}, "datetime": {"datetime": "2021-09-29 09:32:45", "elapsed": 154.961638, "delta": 1.062664}}
{"target": -34.82908124680738, "params": {"C": 40049.71976582947, "gamma": 0.029795722556269933}, "datetime": {"datetime": "2021-09-29 09:32:46", "elapsed": 155.80864, "delta": 0.847002}}
{"target": -36.315004834893145, "params": {"C": 44056.67317103693, "gamma": 0.05426493401776979}, "datetime": {"datetime": "2021-09-29 09:32:47", "elapsed": 156.734793, "delta": 0.926153}}
{"target": -35.94841637790386, "params": {"C": 44639.69657684848, "gamma": 0.04731494753860794}, "datetime": {"datetime": "2021-09-29 09:32:48", "elapsed": 157.619407, "delta": 0.884614}}
{"target": -36.07306197471111, "params": {"C": 41801.30841446158, "gamma": 0.004795626869891168}, "datetime": {"datetime": "2021-09-29 09:32:49", "elapsed": 158.601179, "delta": 0.981772}}
{"target": -34.99990546121525, "params": {"C": 42514.53239851617, "gamma": 0.032262098776101214}, "datetime": {"datetime": "2021-09-29 09:32:50", "elapsed": 159.588176, "delta": 0.986997}}
{"target": -34.85436715392579, "params": {"C": 40971.6765018843, "gamma": 0.02998074041345677}, "datetime": {"datetime": "2021-09-29 09:32:51", "elapsed": 160.695355, "delta": 1.107179}}
{"target": -35.629186190001775, "params": {"C": 41116.110060835344, "gamma": 0.006459537161601075}, "datetime": {"datetime": "2021-09-29 09:32:52", "elapsed": 161.734356, "delta": 1.039001}}
{"target": -34.82852956563067, "params": {"C": 41228.28595256071, "gamma": 0.029405936418061857}, "datetime": {"datetime": "2021-09-29 09:32:53", "elapsed": 162.673286, "delta": 0.93893}}
{"target": -35.2756460391431, "params": {"C": 40869.23823666821, "gamma": 0.03803283894281015}, "datetime": {"datetime": "2021-09-29 09:32:54", "elapsed": 163.62729, "delta": 0.954004}}
{"target": -34.710394345182536, "params": {"C": 42730.03818389417, "gamma": 0.026712801601480665}, "datetime": {"datetime": "2021-09-29 09:32:55", "elapsed": 164.517555, "delta": 0.890265}}
{"target": -36.47429267272909, "params": {"C": 44519.60942209322, "gamma": 0.05694358458406234}, "datetime": {"datetime": "2021-09-29 09:32:55", "elapsed": 165.450552, "delta": 0.932997}}
{"target": -35.621175995717905, "params": {"C": 43962.24441356672, "gamma": 0.04210251115544863}, "datetime": {"datetime": "2021-09-29 09:32:57", "elapsed": 166.748946, "delta": 1.298394}}
{"target": -35.72746458750834, "params": {"C": 41886.83368334318, "gamma": 0.006053516364348233}, "datetime": {"datetime": "2021-09-29 09:32:58", "elapsed": 167.756705, "delta": 1.007759}}
{"target": -34.73708080822052, "params": {"C": 41616.11882547986, "gamma": 0.027525744116849937}, "datetime": {"datetime": "2021-09-29 09:32:59", "elapsed": 169.246945, "delta": 1.49024}}
{"target": -35.226967703531606, "params": {"C": 42092.320061789535, "gamma": 0.008254858323925248}, "datetime": {"datetime": "2021-09-29 09:33:01", "elapsed": 170.539239, "delta": 1.292294}}
{"target": -35.70419330516057, "params": {"C": 41973.48284872766, "gamma": 0.04455882935986591}, "datetime": {"datetime": "2021-09-29 09:33:02", "elapsed": 171.543268, "delta": 1.004029}}
{"target": -35.34942617424191, "params": {"C": 42971.22053466117, "gamma": 0.038248141939745406}, "datetime": {"datetime": "2021-09-29 09:33:03", "elapsed": 172.556582, "delta": 1.013314}}
{"target": -34.72059454905308, "params": {"C": 41620.14080916897, "gamma": 0.027198031431555983}, "datetime": {"datetime": "2021-09-29 09:33:03", "elapsed": 173.504582, "delta": 0.948}}
{"target": -34.812111082560556, "params": {"C": 42321.25951428366, "gamma": 0.011236154915096684}, "datetime": {"datetime": "2021-09-29 09:33:05", "elapsed": 174.64103, "delta": 1.136448}}
{"target": -36.37597549741068, "params": {"C": 43504.52823987494, "gamma": 0.05584378996089251}, "datetime": {"datetime": "2021-09-29 09:33:06", "elapsed": 175.600028, "delta": 0.958998}}
{"target": -36.23332100048766, "params": {"C": 43134.83273886498, "gamma": 0.004217575815473934}, "datetime": {"datetime": "2021-09-29 09:33:07", "elapsed": 176.644789, "delta": 1.044761}}
{"target": -34.47530659134386, "params": {"C": 43134.85513479579, "gamma": 0.01861984527210261}, "datetime": {"datetime": "2021-09-29 09:33:08", "elapsed": 177.716401, "delta": 1.071612}}
{"target": -35.04069207217586, "params": {"C": 43724.971405351665, "gamma": 0.03262878342997464}, "datetime": {"datetime": "2021-09-29 09:33:09", "elapsed": 178.994892, "delta": 1.278491}}
{"target": -34.660188511682, "params": {"C": 40860.83743731107, "gamma": 0.012784594873703516}, "datetime": {"datetime": "2021-09-29 09:33:10", "elapsed": 180.345393, "delta": 1.350501}}
{"target": -35.764692983503146, "params": {"C": 43272.52607676639, "gamma": 0.04492997745271037}, "datetime": {"datetime": "2021-09-29 09:33:11", "elapsed": 181.275394, "delta": 0.930001}}
{"target": -34.47315036233975, "params": {"C": 43507.50442038323, "gamma": 0.0184744694404289}, "datetime": {"datetime": "2021-09-29 09:33:12", "elapsed": 182.410048, "delta": 1.134654}}
{"target": -34.46273048346734, "params": {"C": 44290.008062169014, "gamma": 0.01594705852608793}, "datetime": {"datetime": "2021-09-29 09:33:13", "elapsed": 183.381049, "delta": 0.971001}}
{"target": -34.490744596591085, "params": {"C": 40625.089903571825, "gamma": 0.019630020903528268}, "datetime": {"datetime": "2021-09-29 09:33:15", "elapsed": 184.650813, "delta": 1.269764}}
{"target": -34.65216520858741, "params": {"C": 43741.649857812474, "gamma": 0.025318903051087763}, "datetime": {"datetime": "2021-09-29 09:33:16", "elapsed": 185.624813, "delta": 0.974}}
{"target": -34.83648521326696, "params": {"C": 40625.10218095411, "gamma": 0.029750401808981294}, "datetime": {"datetime": "2021-09-29 09:33:17", "elapsed": 186.80278, "delta": 1.177967}}
{"target": -34.973802154896646, "params": {"C": 41998.66247277722, "gamma": 0.031935851744791355}, "datetime": {"datetime": "2021-09-29 09:33:18", "elapsed": 188.306241, "delta": 1.503461}}
{"target": -35.44076647003414, "params": {"C": 40680.4020076197, "gamma": 0.040736955765234756}, "datetime": {"datetime": "2021-09-29 09:33:19", "elapsed": 189.331244, "delta": 1.025003}}
{"target": -35.755737795813836, "params": {"C": 42084.53073263418, "gamma": 0.005940767267410333}, "datetime": {"datetime": "2021-09-29 09:33:20", "elapsed": 190.313057, "delta": 0.981813}}
{"target": -34.630680772530084, "params": {"C": 41987.83751994127, "gamma": 0.02490317318265667}, "datetime": {"datetime": "2021-09-29 09:33:22", "elapsed": 191.994059, "delta": 1.681002}}
{"target": -34.695632080331514, "params": {"C": 44827.0077471666, "gamma": 0.012125932347107606}, "datetime": {"datetime": "2021-09-29 09:33:23", "elapsed": 193.404334, "delta": 1.410275}}
{"target": -34.561025576978736, "params": {"C": 44289.99366956071, "gamma": 0.014034242539216774}, "datetime": {"datetime": "2021-09-29 09:33:25", "elapsed": 194.64772, "delta": 1.243386}}
{"target": -36.37810551249621, "params": {"C": 43991.76494479228, "gamma": 0.05552891779678801}, "datetime": {"datetime": "2021-09-29 09:33:26", "elapsed": 195.66972, "delta": 1.022}}
{"target": -35.38924804973442, "params": {"C": 41797.34932277537, "gamma": 0.03938140574771587}, "datetime": {"datetime": "2021-09-29 09:33:27", "elapsed": 196.961278, "delta": 1.291558}}
{"target": -34.98866920620523, "params": {"C": 41483.838678726606, "gamma": 0.032408895110506236}, "datetime": {"datetime": "2021-09-29 09:33:28", "elapsed": 197.947948, "delta": 0.98667}}
{"target": -35.08908224827205, "params": {"C": 41403.072409141045, "gamma": 0.009171606647187677}, "datetime": {"datetime": "2021-09-29 09:33:29", "elapsed": 199.024379, "delta": 1.076431}}
{"target": -35.60642173623306, "params": {"C": 42334.21867042556, "gamma": 0.042665108981792765}, "datetime": {"datetime": "2021-09-29 09:33:31", "elapsed": 200.546328, "delta": 1.521949}}
{"target": -36.25128358913778, "params": {"C": 43484.30244926489, "gamma": 0.05344732904127445}, "datetime": {"datetime": "2021-09-29 09:33:32", "elapsed": 201.595328, "delta": 1.049}}
{"target": -34.50333929409396, "params": {"C": 41576.13038345135, "gamma": 0.02034257700490784}, "datetime": {"datetime": "2021-09-29 09:33:33", "elapsed": 202.645012, "delta": 1.049684}}
{"target": -35.361914278760906, "params": {"C": 40049.748113901514, "gamma": 0.03976597503254863}, "datetime": {"datetime": "2021-09-29 09:33:34", "elapsed": 204.202718, "delta": 1.557706}}
{"target": -34.714608130811364, "params": {"C": 42334.247138291226, "gamma": 0.012132960573207237}, "datetime": {"datetime": "2021-09-29 09:33:35", "elapsed": 205.391723, "delta": 1.189005}}
{"target": -36.18957625969751, "params": {"C": 41881.99830070537, "gamma": 0.053385458420645474}, "datetime": {"datetime": "2021-09-29 09:33:36", "elapsed": 206.481446, "delta": 1.089723}}
{"target": -35.29750167893512, "params": {"C": 41987.82172553771, "gamma": 0.007880279035650875}, "datetime": {"datetime": "2021-09-29 09:33:38", "elapsed": 207.971092, "delta": 1.489646}}
{"target": -34.45546321888001, "params": {"C": 44496.62844718965, "gamma": 0.017079584953975477}, "datetime": {"datetime": "2021-09-29 09:33:39", "elapsed": 209.038451, "delta": 1.067359}}
{"target": -34.6648190903441, "params": {"C": 41477.603131551834, "gamma": 0.026069805400207}, "datetime": {"datetime": "2021-09-29 09:33:40", "elapsed": 210.291626, "delta": 1.253175}}
{"target": -34.90125351551271, "params": {"C": 41477.607542695216, "gamma": 0.030713314920339806}, "datetime": {"datetime": "2021-09-29 09:33:41", "elapsed": 211.374632, "delta": 1.083006}}
{"target": -36.543638636772016, "params": {"C": 40253.81157943166, "gamma": 0.003187656586755651}, "datetime": {"datetime": "2021-09-29 09:33:43", "elapsed": 212.793862, "delta": 1.41923}}
{"target": -35.65552165175822, "params": {"C": 42334.23473271263, "gamma": 0.006311297529765151}, "datetime": {"datetime": "2021-09-29 09:33:44", "elapsed": 214.045863, "delta": 1.252001}}
{"target": -35.56278111922887, "params": {"C": 43404.63480841615, "gamma": 0.041409931724525305}, "datetime": {"datetime": "2021-09-29 09:33:45", "elapsed": 215.122462, "delta": 1.076599}}
{"target": -34.80319251352567, "params": {"C": 40417.290768218554, "gamma": 0.02917889634607924}, "datetime": {"datetime": "2021-09-29 09:33:46", "elapsed": 216.20971, "delta": 1.087248}}
{"target": -34.72255453693115, "params": {"C": 41712.078434068564, "gamma": 0.027212715248805572}, "datetime": {"datetime": "2021-09-29 09:33:47", "elapsed": 217.284675, "delta": 1.074965}}
{"target": -34.8278092752593, "params": {"C": 44668.78672957061, "gamma": 0.010953684040453174}, "datetime": {"datetime": "2021-09-29 09:33:48", "elapsed": 218.324885, "delta": 1.04021}}
{"target": -34.520343624517544, "params": {"C": 44418.153142026546, "gamma": 0.020742352405641696}, "datetime": {"datetime": "2021-09-29 09:33:50", "elapsed": 220.229193, "delta": 1.904308}}
{"target": -34.62411464341481, "params": {"C": 40441.723282798055, "gamma": 0.024921924924873936}, "datetime": {"datetime": "2021-09-29 09:33:51", "elapsed": 221.323723, "delta": 1.09453}}
{"target": -34.844532583152635, "params": {"C": 44049.06630048919, "gamma": 0.02885534611517188}, "datetime": {"datetime": "2021-09-29 09:33:52", "elapsed": 222.444837, "delta": 1.121114}}
{"target": -35.65811797491862, "params": {"C": 44900.930365707776, "gamma": 0.04226268058352569}, "datetime": {"datetime": "2021-09-29 09:33:54", "elapsed": 223.682833, "delta": 1.237996}}
{"target": -35.395386347138185, "params": {"C": 42982.26846621065, "gamma": 0.03894710333373938}, "datetime": {"datetime": "2021-09-29 09:33:55", "elapsed": 224.988062, "delta": 1.305229}}
{"target": -34.68639122801555, "params": {"C": 43818.926737951624, "gamma": 0.025982201712637366}, "datetime": {"datetime": "2021-09-29 09:33:57", "elapsed": 226.773258, "delta": 1.785196}}
{"target": -34.492222458644974, "params": {"C": 42680.18448984849, "gamma": 0.019747884525185447}, "datetime": {"datetime": "2021-09-29 09:33:58", "elapsed": 227.908842, "delta": 1.135584}}
{"target": -35.52781706047895, "params": {"C": 43882.09781885046, "gamma": 0.006744061227194701}, "datetime": {"datetime": "2021-09-29 09:33:59", "elapsed": 229.102687, "delta": 1.193845}}
{"target": -35.30730988560181, "params": {"C": 44593.83423277294, "gamma": 0.03693457087167676}, "datetime": {"datetime": "2021-09-29 09:34:00", "elapsed": 230.25629, "delta": 1.153603}}
{"target": -35.554029820100105, "params": {"C": 43516.99026039481, "gamma": 0.04121402733957242}, "datetime": {"datetime": "2021-09-29 09:34:01", "elapsed": 231.452881, "delta": 1.196591}}
{"target": -34.469784008513, "params": {"C": 43823.01614988748, "gamma": 0.015825472627607983}, "datetime": {"datetime": "2021-09-29 09:34:03", "elapsed": 232.5995, "delta": 1.146619}}
{"target": -35.656109195301724, "params": {"C": 42491.562695674824, "gamma": 0.0063033037749614905}, "datetime": {"datetime": "2021-09-29 09:34:04", "elapsed": 233.827502, "delta": 1.228002}}
{"target": -35.91858799964305, "params": {"C": 44418.156898189554, "gamma": 0.0469172051056553}, "datetime": {"datetime": "2021-09-29 09:34:05", "elapsed": 235.402679, "delta": 1.575177}}
{"target": -34.769418336207806, "params": {"C": 43749.00069009441, "gamma": 0.011525821592498403}, "datetime": {"datetime": "2021-09-29 09:34:07", "elapsed": 236.872327, "delta": 1.469648}}
{"target": -35.81682731663992, "params": {"C": 42273.68813495867, "gamma": 0.04637218806693331}, "datetime": {"datetime": "2021-09-29 09:34:08", "elapsed": 238.024941, "delta": 1.152614}}
{"target": -34.52067473679439, "params": {"C": 44265.19945761979, "gamma": 0.020770125035946933}, "datetime": {"datetime": "2021-09-29 09:34:09", "elapsed": 239.147536, "delta": 1.122595}}
{"target": -34.67258441123509, "params": {"C": 43134.835480929905, "gamma": 0.025875981049311533}, "datetime": {"datetime": "2021-09-29 09:34:11", "elapsed": 240.779679, "delta": 1.632143}}
{"target": -34.795003921491514, "params": {"C": 41998.66393999174, "gamma": 0.011411635897175993}, "datetime": {"datetime": "2021-09-29 09:34:13", "elapsed": 243.353579, "delta": 2.5739}}
{"target": -35.20142077811595, "params": {"C": 41563.51030187968, "gamma": 0.008437149324884142}, "datetime": {"datetime": "2021-09-29 09:34:15", "elapsed": 245.389863, "delta": 2.036284}}
{"target": -34.52587675353039, "params": {"C": 41797.3392187124, "gamma": 0.021225099410676206}, "datetime": {"datetime": "2021-09-29 09:34:17", "elapsed": 246.541069, "delta": 1.151206}}
{"target": -35.14274834953994, "params": {"C": 44826.993520770266, "gamma": 0.03422259828359536}, "datetime": {"datetime": "2021-09-29 09:34:18", "elapsed": 248.043722, "delta": 1.502653}}
{"target": -35.97369626565372, "params": {"C": 43417.5317877252, "gamma": 0.04848361343148512}, "datetime": {"datetime": "2021-09-29 09:34:19", "elapsed": 249.250434, "delta": 1.206712}}
{"target": -34.63087980567821, "params": {"C": 41028.159987996776, "gamma": 0.025055317141474007}, "datetime": {"datetime": "2021-09-29 09:34:20", "elapsed": 250.424831, "delta": 1.174397}}
{"target": -35.28049979092183, "params": {"C": 43821.27096386914, "gamma": 0.03684687639826448}, "datetime": {"datetime": "2021-09-29 09:34:22", "elapsed": 251.593796, "delta": 1.168965}}
{"target": -34.47586733779186, "params": {"C": 43962.256332487086, "gamma": 0.015691439825277473}, "datetime": {"datetime": "2021-09-29 09:34:23", "elapsed": 253.436262, "delta": 1.842466}}
