{"target": -35.40904973375146, "params": {"C": 5497.40916850663, "gamma": 0.013321145253585832}, "datetime": {"datetime": "2021-09-28 17:40:29", "elapsed": 887.151787, "delta": 6.089458}}
{"target": -35.295288842251146, "params": {"C": 5002.565716478956, "gamma": 0.06329765619832903}, "datetime": {"datetime": "2021-09-28 17:40:32", "elapsed": 889.78041, "delta": 2.628623}}
{"target": -35.1952001692041, "params": {"C": 5849.205467552528, "gamma": 0.01592476198598248}, "datetime": {"datetime": "2021-09-28 17:40:36", "elapsed": 893.285427, "delta": 3.505017}}
{"target": -35.68422234649534, "params": {"C": 5352.688107361703, "gamma": 0.009692538540564646}, "datetime": {"datetime": "2021-09-28 17:40:40", "elapsed": 897.839776, "delta": 4.554349}}
{"target": -34.88254201764875, "params": {"C": 5352.662787671031, "gamma": 0.03805850811621722}, "datetime": {"datetime": "2021-09-28 17:40:46", "elapsed": 903.682428, "delta": 5.842652}}
{"target": -34.876268146237024, "params": {"C": 5604.853898964837, "gamma": 0.04016451779449124}, "datetime": {"datetime": "2021-09-28 17:40:48", "elapsed": 906.004115, "delta": 2.321687}}
{"target": -35.37646363115305, "params": {"C": 5743.21096849602, "gamma": 0.013566386773533938}, "datetime": {"datetime": "2021-09-28 17:40:54", "elapsed": 911.416547, "delta": 5.412432}}
{"target": -35.25630959972345, "params": {"C": 5122.592181560371, "gamma": 0.015870716050681816}, "datetime": {"datetime": "2021-09-28 17:40:59", "elapsed": 916.862428, "delta": 5.445881}}
{"target": -35.04166524095947, "params": {"C": 5497.396746516034, "gamma": 0.05217938116625164}, "datetime": {"datetime": "2021-09-28 17:41:03", "elapsed": 920.487683, "delta": 3.625255}}
{"target": -35.52987437899745, "params": {"C": 5483.380163229048, "gamma": 0.07549061437698737}, "datetime": {"datetime": "2021-09-28 17:41:06", "elapsed": 923.900173, "delta": 3.41249}}
{"target": -35.430789500708244, "params": {"C": 5080.951225786807, "gamma": 0.013347797096943666}, "datetime": {"datetime": "2021-09-28 17:41:10", "elapsed": 927.720201, "delta": 3.820028}}
{"target": -35.148370874532745, "params": {"C": 5352.659932055972, "gamma": 0.057235574910776195}, "datetime": {"datetime": "2021-09-28 17:41:14", "elapsed": 931.825027, "delta": 4.104826}}
{"target": -35.49529033303946, "params": {"C": 5448.526548570546, "gamma": 0.012191971676444733}, "datetime": {"datetime": "2021-09-28 17:41:18", "elapsed": 936.099944, "delta": 4.274917}}
{"target": -35.41172162248744, "params": {"C": 5657.433940811089, "gamma": 0.013164441179676668}, "datetime": {"datetime": "2021-09-28 17:41:25", "elapsed": 942.563785, "delta": 6.463841}}
{"target": -34.84556520911399, "params": {"C": 5896.989818209466, "gamma": 0.03967469177865051}, "datetime": {"datetime": "2021-09-28 17:41:28", "elapsed": 946.153907, "delta": 3.590122}}
{"target": -36.08377717741871, "params": {"C": 5986.153705253579, "gamma": 0.0046984498589329685}, "datetime": {"datetime": "2021-09-28 17:41:31", "elapsed": 948.806992, "delta": 2.653085}}
{"target": -34.89046543892566, "params": {"C": 5326.360549297276, "gamma": 0.03872112598351926}, "datetime": {"datetime": "2021-09-28 17:41:33", "elapsed": 951.182114, "delta": 2.375122}}
{"target": -34.87209615547094, "params": {"C": 5429.557570658119, "gamma": 0.034975333157968545}, "datetime": {"datetime": "2021-09-28 17:41:36", "elapsed": 953.455133, "delta": 2.273019}}
{"target": -35.335727801805, "params": {"C": 5654.120187770876, "gamma": 0.06783858397874318}, "datetime": {"datetime": "2021-09-28 17:41:39", "elapsed": 956.82684, "delta": 3.371707}}
{"target": -34.91548407124242, "params": {"C": 5182.689263278549, "gamma": 0.027780574417584646}, "datetime": {"datetime": "2021-09-28 17:41:42", "elapsed": 959.51502, "delta": 2.68818}}
{"target": -34.88455459476876, "params": {"C": 5503.365475684137, "gamma": 0.04001618400971525}, "datetime": {"datetime": "2021-09-28 17:41:49", "elapsed": 966.517821, "delta": 7.002801}}
{"target": -34.98903087000555, "params": {"C": 5604.85327122805, "gamma": 0.020158612703668873}, "datetime": {"datetime": "2021-09-28 17:41:56", "elapsed": 973.4125, "delta": 6.894679}}
{"target": -34.92680242820795, "params": {"C": 5080.990098573485, "gamma": 0.04015396611802022}, "datetime": {"datetime": "2021-09-28 17:41:59", "elapsed": 977.115337, "delta": 3.702837}}
{"target": -35.071691065347004, "params": {"C": 5326.381600873864, "gamma": 0.05327656390944631}, "datetime": {"datetime": "2021-09-28 17:42:03", "elapsed": 980.385868, "delta": 3.270531}}
{"target": -34.974178369549804, "params": {"C": 5429.571506273244, "gamma": 0.04771873822291089}, "datetime": {"datetime": "2021-09-28 17:42:07", "elapsed": 984.886462, "delta": 4.500594}}
{"target": -34.88191812261556, "params": {"C": 5448.489198698547, "gamma": 0.02942777776432996}, "datetime": {"datetime": "2021-09-28 17:42:11", "elapsed": 988.555975, "delta": 3.669513}}
{"target": -34.880296305417744, "params": {"C": 5486.164894938975, "gamma": 0.02893488806724443}, "datetime": {"datetime": "2021-09-28 17:42:14", "elapsed": 991.941296, "delta": 3.385321}}
{"target": -34.83350768390924, "params": {"C": 5794.951923373336, "gamma": 0.03419901275407955}, "datetime": {"datetime": "2021-09-28 17:42:21", "elapsed": 998.952739, "delta": 7.011443}}
{"target": -35.54184312538119, "params": {"C": 5413.187670013556, "gamma": 0.01158792060787319}, "datetime": {"datetime": "2021-09-28 17:42:25", "elapsed": 1002.471045, "delta": 3.518306}}
{"target": -35.03609314913474, "params": {"C": 5141.092755371626, "gamma": 0.05017036403600543}, "datetime": {"datetime": "2021-09-28 17:42:31", "elapsed": 1008.481338, "delta": 6.010293}}
{"target": -34.89296853140864, "params": {"C": 5604.830703898324, "gamma": 0.04209897243493269}, "datetime": {"datetime": "2021-09-28 17:42:36", "elapsed": 1013.80096, "delta": 5.319622}}
{"target": -35.10084703854851, "params": {"C": 5407.9726861838935, "gamma": 0.05505994031289787}, "datetime": {"datetime": "2021-09-28 17:42:43", "elapsed": 1020.594463, "delta": 6.793503}}
{"target": -34.93089469527188, "params": {"C": 5326.344929612597, "gamma": 0.024441002117287385}, "datetime": {"datetime": "2021-09-28 17:42:47", "elapsed": 1024.411258, "delta": 3.816795}}
{"target": -34.95102546720536, "params": {"C": 5325.414809758113, "gamma": 0.023307097821808162}, "datetime": {"datetime": "2021-09-28 17:42:49", "elapsed": 1027.195741, "delta": 2.784483}}
{"target": -34.94197476498469, "params": {"C": 5326.339890784477, "gamma": 0.04442320850386535}, "datetime": {"datetime": "2021-09-28 17:42:53", "elapsed": 1030.975194, "delta": 3.779453}}
{"target": -34.876450779197214, "params": {"C": 5717.947349456133, "gamma": 0.04143128394912951}, "datetime": {"datetime": "2021-09-28 17:42:56", "elapsed": 1033.639109, "delta": 2.663915}}
{"target": -35.03986459197648, "params": {"C": 5730.350293947482, "gamma": 0.01833893716426472}, "datetime": {"datetime": "2021-09-28 17:42:58", "elapsed": 1036.137038, "delta": 2.497929}}
{"target": -34.96068136278476, "params": {"C": 5925.981438963203, "gamma": 0.048588163814882526}, "datetime": {"datetime": "2021-09-28 17:43:03", "elapsed": 1040.405046, "delta": 4.268008}}
{"target": -35.45127954767543, "params": {"C": 5862.1623118492, "gamma": 0.07347130494853897}, "datetime": {"datetime": "2021-09-28 17:43:05", "elapsed": 1043.027988, "delta": 2.622942}}
{"target": -35.59046008370711, "params": {"C": 5326.368305827732, "gamma": 0.010975394788551505}, "datetime": {"datetime": "2021-09-28 17:43:09", "elapsed": 1046.543929, "delta": 3.515941}}
{"target": -34.94783180940458, "params": {"C": 5450.073197477078, "gamma": 0.022795767404750228}, "datetime": {"datetime": "2021-09-28 17:43:14", "elapsed": 1051.403161, "delta": 4.859232}}
{"target": -35.01715149271235, "params": {"C": 5182.681146137821, "gamma": 0.04925284986234574}, "datetime": {"datetime": "2021-09-28 17:43:20", "elapsed": 1058.152866, "delta": 6.749705}}
{"target": -35.682997603868955, "params": {"C": 5429.552036856423, "gamma": 0.009688936944249207}, "datetime": {"datetime": "2021-09-28 17:43:28", "elapsed": 1065.551679, "delta": 7.398813}}
{"target": -35.276394539929015, "params": {"C": 5717.953280674478, "gamma": 0.06503026658781812}, "datetime": {"datetime": "2021-09-28 17:43:32", "elapsed": 1069.577711, "delta": 4.026032}}
{"target": -34.90815384728867, "params": {"C": 5717.942452471753, "gamma": 0.023412829285249983}, "datetime": {"datetime": "2021-09-28 17:43:35", "elapsed": 1072.789978, "delta": 3.212267}}
{"target": -35.34975565600507, "params": {"C": 5305.2925634198655, "gamma": 0.014307636685978599}, "datetime": {"datetime": "2021-09-28 17:43:39", "elapsed": 1076.702665, "delta": 3.912687}}
{"target": -34.9554654480222, "params": {"C": 5925.97776924618, "gamma": 0.020364250713233775}, "datetime": {"datetime": "2021-09-28 17:43:43", "elapsed": 1080.513113, "delta": 3.810448}}
{"target": -35.13209867207808, "params": {"C": 5604.87327678227, "gamma": 0.05736716988417405}, "datetime": {"datetime": "2021-09-28 17:43:49", "elapsed": 1087.233197, "delta": 6.720084}}
{"target": -34.825584690501024, "params": {"C": 5853.002682066983, "gamma": 0.036034096528947096}, "datetime": {"datetime": "2021-09-28 17:43:53", "elapsed": 1091.258669, "delta": 4.025472}}
{"target": -34.897917696849525, "params": {"C": 5587.74836150066, "gamma": 0.04246965904989585}, "datetime": {"datetime": "2021-09-28 17:43:56", "elapsed": 1093.916987, "delta": 2.658318}}
{"target": -34.90248864657858, "params": {"C": 5717.920481508882, "gamma": 0.04408697348118441}, "datetime": {"datetime": "2021-09-28 17:44:00", "elapsed": 1098.040804, "delta": 4.123817}}
{"target": -34.91261756009941, "params": {"C": 5450.074249253904, "gamma": 0.04261784637828681}, "datetime": {"datetime": "2021-09-28 17:44:07", "elapsed": 1104.770372, "delta": 6.729568}}
{"target": -35.14103719661644, "params": {"C": 5702.167515789098, "gamma": 0.01686866825518755}, "datetime": {"datetime": "2021-09-28 17:44:10", "elapsed": 1107.644035, "delta": 2.873663}}
{"target": -35.028371883751454, "params": {"C": 5852.97678902551, "gamma": 0.05227730256009285}, "datetime": {"datetime": "2021-09-28 17:44:14", "elapsed": 1111.719292, "delta": 4.075257}}
{"target": -35.09363316380198, "params": {"C": 5305.283999622456, "gamma": 0.05429658224528437}, "datetime": {"datetime": "2021-09-28 17:44:23", "elapsed": 1120.681411, "delta": 8.962119}}
{"target": -34.95897437394317, "params": {"C": 5852.984386328652, "gamma": 0.020490347089543677}, "datetime": {"datetime": "2021-09-28 17:44:27", "elapsed": 1125.017941, "delta": 4.33653}}
{"target": -35.37968750971077, "params": {"C": 5587.745687736364, "gamma": 0.06958092579492421}, "datetime": {"datetime": "2021-09-28 17:44:32", "elapsed": 1130.077779, "delta": 5.059838}}
{"target": -34.89985860859452, "params": {"C": 5518.763495424561, "gamma": 0.04194561360323447}, "datetime": {"datetime": "2021-09-28 17:44:37", "elapsed": 1134.719401, "delta": 4.641622}}
{"target": -34.96536935638888, "params": {"C": 5182.706169417178, "gamma": 0.04529960422201532}, "datetime": {"datetime": "2021-09-28 17:44:41", "elapsed": 1138.778914, "delta": 4.059513}}
{"target": -34.83570267305241, "params": {"C": 5999.276960845616, "gamma": 0.029074712068545297}, "datetime": {"datetime": "2021-09-28 17:44:47", "elapsed": 1144.9562, "delta": 6.177286}}
{"target": -34.86438214389889, "params": {"C": 5498.139345647451, "gamma": 0.03540815274656883}, "datetime": {"datetime": "2021-09-28 17:44:52", "elapsed": 1150.217107, "delta": 5.260907}}
{"target": -34.82411269426057, "params": {"C": 5897.0275552720195, "gamma": 0.03352455729350931}, "datetime": {"datetime": "2021-09-28 17:44:58", "elapsed": 1156.029148, "delta": 5.812041}}
{"target": -35.57341176598679, "params": {"C": 5537.953916725307, "gamma": 0.07741127297080515}, "datetime": {"datetime": "2021-09-28 17:45:01", "elapsed": 1158.687804, "delta": 2.658656}}
{"target": -34.95506826267466, "params": {"C": 5589.82790160042, "gamma": 0.021759114236272453}, "datetime": {"datetime": "2021-09-28 17:45:04", "elapsed": 1161.514236, "delta": 2.826432}}
{"target": -36.10174698798781, "params": {"C": 6771.320643266746, "gamma": 0.004597900100673916}, "datetime": {"datetime": "2021-09-28 18:02:46", "elapsed": 0.0, "delta": 0.0}}
{"target": -35.151746451887895, "params": {"C": 6633.648234926275, "gamma": 0.06065789895547311}, "datetime": {"datetime": "2021-09-28 18:02:46", "elapsed": 0.16208, "delta": 0.16208}}
{"target": -34.91158943650843, "params": {"C": 6498.507012302591, "gamma": 0.02030934170587527}, "datetime": {"datetime": "2021-09-28 18:02:47", "elapsed": 0.314349, "delta": 0.152269}}
{"target": -35.18043886376522, "params": {"C": 6198.062864759624, "gamma": 0.06156086483931982}, "datetime": {"datetime": "2021-09-28 18:02:47", "elapsed": 0.46922, "delta": 0.154871}}
{"target": -34.940810564855305, "params": {"C": 6499.864477919522, "gamma": 0.04874625255271398}, "datetime": {"datetime": "2021-09-28 18:02:47", "elapsed": 0.71198, "delta": 0.24276}}
{"target": -36.249699314434345, "params": {"C": 6461.176647872646, "gamma": 0.003}, "datetime": {"datetime": "2021-09-28 18:02:47", "elapsed": 1.025754, "delta": 0.313774}}
{"target": -36.06642198505373, "params": {"C": 6606.227437399137, "gamma": 0.004998998769403108}, "datetime": {"datetime": "2021-09-28 18:02:48", "elapsed": 1.305829, "delta": 0.280075}}
{"target": -35.568095176059174, "params": {"C": 6654.588019753611, "gamma": 0.08}, "datetime": {"datetime": "2021-09-28 18:02:48", "elapsed": 1.712005, "delta": 0.406176}}
{"target": -35.148822793709286, "params": {"C": 6177.121693792413, "gamma": 0.059746675356363896}, "datetime": {"datetime": "2021-09-28 18:02:49", "elapsed": 2.189691, "delta": 0.477686}}
{"target": -35.23525145401889, "params": {"C": 6153.651203282038, "gamma": 0.06436414795125261}, "datetime": {"datetime": "2021-09-28 18:02:49", "elapsed": 2.567019, "delta": 0.377328}}
{"target": -35.63030956099686, "params": {"C": 6223.625597033152, "gamma": 0.010121434305223696}, "datetime": {"datetime": "2021-09-28 18:02:49", "elapsed": 2.93267, "delta": 0.365651}}
{"target": -34.811168230444686, "params": {"C": 6127.942077253214, "gamma": 0.0322815315430203}, "datetime": {"datetime": "2021-09-28 18:02:50", "elapsed": 3.262174, "delta": 0.329504}}
{"target": -35.24091294458502, "params": {"C": 6111.664492252963, "gamma": 0.0645186160889856}, "datetime": {"datetime": "2021-09-28 18:02:50", "elapsed": 3.606507, "delta": 0.344333}}
{"target": -36.24936801260143, "params": {"C": 6533.929439154457, "gamma": 0.003}, "datetime": {"datetime": "2021-09-28 18:02:50", "elapsed": 3.935612, "delta": 0.329105}}
{"target": -35.22150590034256, "params": {"C": 6999.870878444986, "gamma": 0.014513726261427998}, "datetime": {"datetime": "2021-09-28 18:02:51", "elapsed": 4.264771, "delta": 0.329159}}
{"target": -36.2483295586275, "params": {"C": 6973.530483981459, "gamma": 0.003}, "datetime": {"datetime": "2021-09-28 18:02:51", "elapsed": 4.592497, "delta": 0.327726}}
{"target": -34.8452777902955, "params": {"C": 6138.7140345971275, "gamma": 0.026294277019367287}, "datetime": {"datetime": "2021-09-28 18:02:51", "elapsed": 4.942717, "delta": 0.35022}}
{"target": -35.16865422372196, "params": {"C": 6000.181015645838, "gamma": 0.016127464154781956}, "datetime": {"datetime": "2021-09-28 18:02:52", "elapsed": 5.368802, "delta": 0.426085}}
{"target": -34.8418155697531, "params": {"C": 6029.081613647406, "gamma": 0.04068064809225397}, "datetime": {"datetime": "2021-09-28 18:02:52", "elapsed": 5.721631, "delta": 0.352829}}
{"target": -35.77664084109087, "params": {"C": 6050.883786605262, "gamma": 0.008349792287905224}, "datetime": {"datetime": "2021-09-28 18:02:52", "elapsed": 6.054824, "delta": 0.333193}}
{"target": -36.25289831343686, "params": {"C": 6016.671698808222, "gamma": 0.003}, "datetime": {"datetime": "2021-09-28 18:02:53", "elapsed": 6.369902, "delta": 0.315078}}
{"target": -35.27705203658076, "params": {"C": 6036.056296960305, "gamma": 0.014631026304501731}, "datetime": {"datetime": "2021-09-28 18:02:53", "elapsed": 6.662979, "delta": 0.293077}}
{"target": -34.99361641737389, "params": {"C": 6120.954888157318, "gamma": 0.050913589387036}, "datetime": {"datetime": "2021-09-28 18:02:53", "elapsed": 6.956787, "delta": 0.293808}}
{"target": -35.57728945199469, "params": {"C": 6486.860232426894, "gamma": 0.08}, "datetime": {"datetime": "2021-09-28 18:02:54", "elapsed": 7.262433, "delta": 0.305646}}
{"target": -34.819666225613304, "params": {"C": 6187.420947001018, "gamma": 0.02967664951198356}, "datetime": {"datetime": "2021-09-28 18:02:54", "elapsed": 7.586821, "delta": 0.324388}}
{"target": -35.45608824667102, "params": {"C": 6092.105874630112, "gamma": 0.07428748289699517}, "datetime": {"datetime": "2021-09-28 18:02:54", "elapsed": 7.920434, "delta": 0.333613}}
{"target": -35.2949804427157, "params": {"C": 6340.183233988772, "gamma": 0.06790011695884225}, "datetime": {"datetime": "2021-09-28 18:02:55", "elapsed": 8.270568, "delta": 0.350134}}
{"target": -35.52644424525193, "params": {"C": 6357.566334706867, "gamma": 0.07770900258451653}, "datetime": {"datetime": "2021-09-28 18:02:55", "elapsed": 8.62287, "delta": 0.352302}}
{"target": -35.45989171044511, "params": {"C": 6323.440455212562, "gamma": 0.07502428408326611}, "datetime": {"datetime": "2021-09-28 18:02:55", "elapsed": 9.013656, "delta": 0.390786}}
{"target": -35.190731240194474, "params": {"C": 6872.11315662172, "gamma": 0.06283180469940497}, "datetime": {"datetime": "2021-09-28 18:02:56", "elapsed": 9.418633, "delta": 0.404977}}
{"target": -35.203295180161106, "params": {"C": 6858.61400091661, "gamma": 0.06352324698959412}, "datetime": {"datetime": "2021-09-28 18:02:56", "elapsed": 9.775926, "delta": 0.357293}}
{"target": -34.76504737652505, "params": {"C": 6886.430170784204, "gamma": 0.03685320483991913}, "datetime": {"datetime": "2021-09-28 18:02:57", "elapsed": 10.243706, "delta": 0.46778}}
{"target": -36.24840320004949, "params": {"C": 6894.996913205, "gamma": 0.003}, "datetime": {"datetime": "2021-09-28 18:02:57", "elapsed": 10.657851, "delta": 0.414145}}
{"target": -35.55626256362402, "params": {"C": 6881.244335845462, "gamma": 0.08}, "datetime": {"datetime": "2021-09-28 18:02:57", "elapsed": 11.06491, "delta": 0.407059}}
{"target": -34.86862524444401, "params": {"C": 6133.229349177963, "gamma": 0.0436732290444816}, "datetime": {"datetime": "2021-09-28 18:02:58", "elapsed": 11.402278, "delta": 0.337368}}
{"target": -36.25144875288877, "params": {"C": 6183.0414525606275, "gamma": 0.003}, "datetime": {"datetime": "2021-09-28 18:02:58", "elapsed": 11.806744, "delta": 0.404466}}
{"target": -35.27624042892583, "params": {"C": 6130.519192725358, "gamma": 0.06634749172603284}, "datetime": {"datetime": "2021-09-28 18:02:59", "elapsed": 12.313432, "delta": 0.506688}}
{"target": -34.8794140505633, "params": {"C": 6136.075106450599, "gamma": 0.023217967988574086}, "datetime": {"datetime": "2021-09-28 18:02:59", "elapsed": 12.659528, "delta": 0.346096}}
{"target": -35.03284987551586, "params": {"C": 6125.054457449402, "gamma": 0.05313649641985899}, "datetime": {"datetime": "2021-09-28 18:02:59", "elapsed": 13.127899, "delta": 0.468371}}
{"target": -35.36306936842122, "params": {"C": 6190.212339727568, "gamma": 0.013400634292424503}, "datetime": {"datetime": "2021-09-28 18:03:00", "elapsed": 13.516673, "delta": 0.388774}}
{"target": -35.25499855218573, "params": {"C": 6888.754083960988, "gamma": 0.06641231294709678}, "datetime": {"datetime": "2021-09-28 18:03:00", "elapsed": 13.915124, "delta": 0.398451}}
{"target": -35.60489290921448, "params": {"C": 6031.799206098644, "gamma": 0.010498921220858829}, "datetime": {"datetime": "2021-09-28 18:03:01", "elapsed": 14.314824, "delta": 0.3997}}
{"target": -34.8107827811197, "params": {"C": 6026.742362604077, "gamma": 0.034588954845371236}, "datetime": {"datetime": "2021-09-28 18:03:01", "elapsed": 14.655646, "delta": 0.340822}}
{"target": -35.13601900511513, "params": {"C": 6141.678651149542, "gamma": 0.05896071476419996}, "datetime": {"datetime": "2021-09-28 18:03:01", "elapsed": 15.100381, "delta": 0.444735}}
{"target": -34.80438440616707, "params": {"C": 6117.420317394151, "gamma": 0.034411794458328704}, "datetime": {"datetime": "2021-09-28 18:03:02", "elapsed": 15.454903, "delta": 0.354522}}
{"target": -34.80748869402365, "params": {"C": 6115.0085621056805, "gamma": 0.033505618848046925}, "datetime": {"datetime": "2021-09-28 18:03:02", "elapsed": 15.854648, "delta": 0.399745}}
{"target": -35.024118369262105, "params": {"C": 6494.555742225644, "gamma": 0.053403042669253005}, "datetime": {"datetime": "2021-09-28 18:03:03", "elapsed": 16.227662, "delta": 0.373014}}
{"target": -34.798662707509564, "params": {"C": 6172.743568005767, "gamma": 0.03493288472517211}, "datetime": {"datetime": "2021-09-28 18:03:03", "elapsed": 16.590096, "delta": 0.362434}}
{"target": -34.79844422353817, "params": {"C": 6169.452796949132, "gamma": 0.03510279175415407}, "datetime": {"datetime": "2021-09-28 18:03:03", "elapsed": 16.980363, "delta": 0.390267}}
{"target": -34.82536530609796, "params": {"C": 6165.712788828794, "gamma": 0.04012351134493151}, "datetime": {"datetime": "2021-09-28 18:03:04", "elapsed": 17.338288, "delta": 0.357925}}
{"target": -35.5243867133208, "params": {"C": 6161.764891295107, "gamma": 0.07715329476403636}, "datetime": {"datetime": "2021-09-28 18:03:04", "elapsed": 17.720388, "delta": 0.3821}}
{"target": -34.791406474040464, "params": {"C": 6504.795940300654, "gamma": 0.03085728223576379}, "datetime": {"datetime": "2021-09-28 18:03:04", "elapsed": 18.169008, "delta": 0.44862}}
{"target": -35.488892520254126, "params": {"C": 6508.269803918694, "gamma": 0.07659186435148937}, "datetime": {"datetime": "2021-09-28 18:03:05", "elapsed": 18.53169, "delta": 0.362682}}
