{"target": -43.40634074433427, "params": {"C": 1502.0264961967862, "gamma": 0.17205842476922975}, "datetime": {"datetime": "2021-09-29 17:24:59", "elapsed": 42.278427, "delta": 0.771999}}
{"target": -42.89835579854026, "params": {"C": 2220.089318592356, "gamma": 0.1283644758890673}, "datetime": {"datetime": "2021-09-29 17:25:00", "elapsed": 42.905069, "delta": 0.626642}}
{"target": -43.07370594454811, "params": {"C": 2801.028269433652, "gamma": 0.12272451739470389}, "datetime": {"datetime": "2021-09-29 17:25:00", "elapsed": 43.500586, "delta": 0.595517}}
{"target": -42.386599667141056, "params": {"C": 2092.6459950850203, "gamma": 0.10868198833239513}, "datetime": {"datetime": "2021-09-29 17:25:01", "elapsed": 44.01059, "delta": 0.510004}}
{"target": -41.13623995865151, "params": {"C": 1205.2222251912315, "gamma": 0.05142805166372995}, "datetime": {"datetime": "2021-09-29 17:25:02", "elapsed": 45.508866, "delta": 1.498276}}
{"target": -40.99531728769564, "params": {"C": 1500.9704740952334, "gamma": 0.0333222479830962}, "datetime": {"datetime": "2021-09-29 17:25:03", "elapsed": 46.061095, "delta": 0.552229}}
{"target": -41.503753403076985, "params": {"C": 1500.5606884988674, "gamma": 0.07723334752750367}, "datetime": {"datetime": "2021-09-29 17:25:03", "elapsed": 46.658052, "delta": 0.596957}}
{"target": -43.58825999716033, "params": {"C": 2067.7460564811695, "gamma": 0.16873141467678032}, "datetime": {"datetime": "2021-09-29 17:25:04", "elapsed": 47.13105, "delta": 0.472998}}
{"target": -44.10823888327139, "params": {"C": 2183.177461567953, "gamma": 0.1999309764450135}, "datetime": {"datetime": "2021-09-29 17:25:04", "elapsed": 47.66105, "delta": 0.53}}
{"target": -43.50127197836713, "params": {"C": 1500.4764438690436, "gamma": 0.17813062691410045}, "datetime": {"datetime": "2021-09-29 17:25:05", "elapsed": 48.21805, "delta": 0.557}}
{"target": -40.98207149670422, "params": {"C": 2679.5663419012917, "gamma": 0.02147025883651184}, "datetime": {"datetime": "2021-09-29 17:25:06", "elapsed": 48.864809, "delta": 0.646759}}
{"target": -41.41853043087052, "params": {"C": 1501.7399149907012, "gamma": 0.07323792312448414}, "datetime": {"datetime": "2021-09-29 17:25:06", "elapsed": 49.465807, "delta": 0.600998}}
{"target": -42.09491152169091, "params": {"C": 1205.3400611645336, "gamma": 0.10419432921177155}, "datetime": {"datetime": "2021-09-29 17:25:07", "elapsed": 50.168806, "delta": 0.702999}}
{"target": -41.975455392082125, "params": {"C": 1205.2932985406746, "gamma": 0.014569678953494836}, "datetime": {"datetime": "2021-09-29 17:25:08", "elapsed": 50.850395, "delta": 0.681589}}
{"target": -41.14285964488504, "params": {"C": 1502.1395225686128, "gamma": 0.026028882626032555}, "datetime": {"datetime": "2021-09-29 17:25:09", "elapsed": 52.113395, "delta": 1.263}}
{"target": -41.78531012342204, "params": {"C": 2953.854979422069, "gamma": 0.008701440387599579}, "datetime": {"datetime": "2021-09-29 17:25:09", "elapsed": 52.708766, "delta": 0.595371}}
{"target": -41.64203778563041, "params": {"C": 1501.5921304140497, "gamma": 0.08353824605673921}, "datetime": {"datetime": "2021-09-29 17:25:10", "elapsed": 53.372767, "delta": 0.664001}}
{"target": -43.346902611082086, "params": {"C": 1501.6518039900789, "gamma": 0.16838274859873517}, "datetime": {"datetime": "2021-09-29 17:25:11", "elapsed": 53.968763, "delta": 0.595996}}
{"target": -42.036934899960144, "params": {"C": 1207.0529425508805, "gamma": 0.10143448244997783}, "datetime": {"datetime": "2021-09-29 17:25:11", "elapsed": 54.609496, "delta": 0.640733}}
{"target": -41.80791340786053, "params": {"C": 1205.0930260705145, "gamma": 0.016692631773284013}, "datetime": {"datetime": "2021-09-29 17:25:12", "elapsed": 55.268504, "delta": 0.659008}}
{"target": -41.517159971890635, "params": {"C": 1205.4942217210992, "gamma": 0.07613385627877488}, "datetime": {"datetime": "2021-09-29 17:25:13", "elapsed": 56.040162, "delta": 0.771658}}
{"target": -40.971729602262116, "params": {"C": 2679.7081528438516, "gamma": 0.04720005742552076}, "datetime": {"datetime": "2021-09-29 17:25:14", "elapsed": 56.835877, "delta": 0.795715}}
{"target": -41.62595873740359, "params": {"C": 2679.230007007801, "gamma": 0.07225236686099241}, "datetime": {"datetime": "2021-09-29 17:25:14", "elapsed": 57.459879, "delta": 0.624002}}
{"target": -44.43960356066954, "params": {"C": 2954.1418473075455, "gamma": 0.19009677398284391}, "datetime": {"datetime": "2021-09-29 17:25:16", "elapsed": 58.798598, "delta": 1.338719}}
{"target": -43.039661941536714, "params": {"C": 2679.788917248839, "gamma": 0.12403918027854251}, "datetime": {"datetime": "2021-09-29 17:25:16", "elapsed": 59.546599, "delta": 0.748001}}
{"target": -43.44623388808682, "params": {"C": 1204.9962305402198, "gamma": 0.1770652276529869}, "datetime": {"datetime": "2021-09-29 17:25:17", "elapsed": 60.181595, "delta": 0.634996}}
{"target": -43.18692517433124, "params": {"C": 1368.5333365308168, "gamma": 0.16050628014196663}, "datetime": {"datetime": "2021-09-29 17:25:18", "elapsed": 60.765515, "delta": 0.58392}}
{"target": -41.629168484123866, "params": {"C": 1500.790761430128, "gamma": 0.016050631877081716}, "datetime": {"datetime": "2021-09-29 17:25:18", "elapsed": 61.611513, "delta": 0.845998}}
{"target": -41.13218291821799, "params": {"C": 2953.6166226809037, "gamma": 0.052313868103520705}, "datetime": {"datetime": "2021-09-29 17:25:19", "elapsed": 62.246512, "delta": 0.634999}}
{"target": -43.86022421766007, "params": {"C": 2953.518212857339, "gamma": 0.15485359168157456}, "datetime": {"datetime": "2021-09-29 17:25:20", "elapsed": 62.99018, "delta": 0.743668}}
{"target": -43.47467964135315, "params": {"C": 1501.5009450911632, "gamma": 0.004}, "datetime": {"datetime": "2021-09-29 17:25:21", "elapsed": 63.733183, "delta": 0.743003}}
{"target": -44.28299989082653, "params": {"C": 2679.642390243196, "gamma": 0.1912286796303741}, "datetime": {"datetime": "2021-09-29 17:25:21", "elapsed": 64.486182, "delta": 0.752999}}
{"target": -42.95262068388258, "params": {"C": 2067.4001674886467, "gamma": 0.1344122092365722}, "datetime": {"datetime": "2021-09-29 17:25:22", "elapsed": 65.320183, "delta": 0.834001}}
{"target": -40.864714330293, "params": {"C": 3034.1591002125883, "gamma": 0.024486071207017044}, "datetime": {"datetime": "2021-09-29 17:25:23", "elapsed": 66.682353, "delta": 1.36217}}
{"target": -40.87451476182703, "params": {"C": 4515.389090731353, "gamma": 0.032074457913069385}, "datetime": {"datetime": "2021-09-29 17:25:24", "elapsed": 67.407358, "delta": 0.725005}}
{"target": -43.49560812263711, "params": {"C": 2154.502544088267, "gamma": 0.16053633493992656}, "datetime": {"datetime": "2021-09-29 17:25:25", "elapsed": 68.138352, "delta": 0.730994}}
{"target": -42.07223724402393, "params": {"C": 1500.6159047918825, "gamma": 0.011074183977355632}, "datetime": {"datetime": "2021-09-29 17:25:26", "elapsed": 69.473485, "delta": 1.335133}}
{"target": -43.88395316797407, "params": {"C": 2761.088416391309, "gamma": 0.1625711260574947}, "datetime": {"datetime": "2021-09-29 17:25:27", "elapsed": 70.101483, "delta": 0.627998}}
{"target": -44.45484633210528, "params": {"C": 4648.5398773056095, "gamma": 0.13583964546508068}, "datetime": {"datetime": "2021-09-29 17:25:28", "elapsed": 70.806882, "delta": 0.705399}}
{"target": -44.07977356664781, "params": {"C": 4515.407846729339, "gamma": 0.12469182542663766}, "datetime": {"datetime": "2021-09-29 17:25:29", "elapsed": 71.78588, "delta": 0.978998}}
{"target": -42.99571796851481, "params": {"C": 2953.738419853614, "gamma": 0.11634840326079174}, "datetime": {"datetime": "2021-09-29 17:25:30", "elapsed": 73.323934, "delta": 1.538054}}
{"target": -41.15922626885064, "params": {"C": 1207.2415420561833, "gamma": 0.05384331514105603}, "datetime": {"datetime": "2021-09-29 17:25:31", "elapsed": 74.254938, "delta": 0.931004}}
{"target": -41.28928213242465, "params": {"C": 4515.294839267668, "gamma": 0.04717931847349774}, "datetime": {"datetime": "2021-09-29 17:25:32", "elapsed": 75.306135, "delta": 1.051197}}
{"target": -42.27534301840668, "params": {"C": 1501.915263576274, "gamma": 0.11206547021125675}, "datetime": {"datetime": "2021-09-29 17:25:33", "elapsed": 76.121341, "delta": 0.815206}}
{"target": -41.06331067209183, "params": {"C": 2679.629174669244, "gamma": 0.01939562168690189}, "datetime": {"datetime": "2021-09-29 17:25:34", "elapsed": 76.913604, "delta": 0.792263}}
{"target": -42.4458531496073, "params": {"C": 1207.2073779046327, "gamma": 0.12128341080055224}, "datetime": {"datetime": "2021-09-29 17:25:35", "elapsed": 77.859602, "delta": 0.945998}}
{"target": -43.925942469180725, "params": {"C": 2747.466138270781, "gamma": 0.16545446810371606}, "datetime": {"datetime": "2021-09-29 17:25:35", "elapsed": 78.528604, "delta": 0.669002}}
{"target": -41.265482812653616, "params": {"C": 1207.3662002548476, "gamma": 0.06189338135231229}, "datetime": {"datetime": "2021-09-29 17:25:37", "elapsed": 79.791929, "delta": 1.263325}}
{"target": -43.648232362322126, "params": {"C": 1205.257809475821, "gamma": 0.19035877502413098}, "datetime": {"datetime": "2021-09-29 17:25:38", "elapsed": 80.93997, "delta": 1.148041}}
{"target": -43.23894684783821, "params": {"C": 1207.370142752259, "gamma": 0.16427234317958642}, "datetime": {"datetime": "2021-09-29 17:25:39", "elapsed": 82.160967, "delta": 1.220997}}
{"target": -41.89035828226776, "params": {"C": 3034.260071561375, "gamma": 0.07704468428759433}, "datetime": {"datetime": "2021-09-29 17:25:40", "elapsed": 83.044967, "delta": 0.884}}
{"target": -44.70208360369796, "params": {"C": 4515.171604384121, "gamma": 0.14940948294541787}, "datetime": {"datetime": "2021-09-29 17:25:42", "elapsed": 84.825951, "delta": 1.780984}}
{"target": -40.81076540358987, "params": {"C": 3457.3637370021615, "gamma": 0.03225430118005095}, "datetime": {"datetime": "2021-09-29 17:25:43", "elapsed": 85.90276, "delta": 1.076809}}
{"target": -40.98813050477063, "params": {"C": 3273.094742915409, "gamma": 0.04438580094183421}, "datetime": {"datetime": "2021-09-29 17:25:44", "elapsed": 86.873173, "delta": 0.970413}}
{"target": -41.529304015474885, "params": {"C": 1502.2359200870578, "gamma": 0.01751877390635785}, "datetime": {"datetime": "2021-09-29 17:25:44", "elapsed": 87.656197, "delta": 0.783024}}
{"target": -41.53301017448193, "params": {"C": 1415.4405939020078, "gamma": 0.07852516155557389}, "datetime": {"datetime": "2021-09-29 17:25:45", "elapsed": 88.437716, "delta": 0.781519}}
{"target": -42.71938969428211, "params": {"C": 2434.3759019698537, "gamma": 0.11600741871557543}, "datetime": {"datetime": "2021-09-29 17:25:47", "elapsed": 89.865821, "delta": 1.428105}}
{"target": -43.223759831583095, "params": {"C": 3273.108360837525, "gamma": 0.11847187511365857}, "datetime": {"datetime": "2021-09-29 17:25:48", "elapsed": 90.718423, "delta": 0.852602}}
{"target": -40.82964470668147, "params": {"C": 3034.0784654224617, "gamma": 0.0265706002711896}, "datetime": {"datetime": "2021-09-29 17:25:48", "elapsed": 91.669822, "delta": 0.951399}}
{"target": -41.01861469628743, "params": {"C": 1415.541363965711, "gamma": 0.04753891906382032}, "datetime": {"datetime": "2021-09-29 17:25:49", "elapsed": 92.710822, "delta": 1.041}}
{"target": -43.6386346415652, "params": {"C": 3457.4335803644344, "gamma": 0.130668816736201}, "datetime": {"datetime": "2021-09-29 17:25:51", "elapsed": 94.111487, "delta": 1.400665}}
{"target": -40.826108745288785, "params": {"C": 3457.10503140945, "gamma": 0.03410769606306138}, "datetime": {"datetime": "2021-09-29 17:25:52", "elapsed": 95.0009, "delta": 0.889413}}
{"target": -41.24825879721547, "params": {"C": 3456.891620084592, "gamma": 0.05278866242831266}, "datetime": {"datetime": "2021-09-29 17:25:54", "elapsed": 96.790715, "delta": 1.789815}}
{"target": -41.006689717992614, "params": {"C": 2047.6930280152196, "gamma": 0.05190174247874754}, "datetime": {"datetime": "2021-09-29 17:25:54", "elapsed": 97.58538, "delta": 0.794665}}
{"target": -41.08329705147193, "params": {"C": 4291.82626861317, "gamma": 0.04208282163392206}, "datetime": {"datetime": "2021-09-29 17:25:55", "elapsed": 98.315383, "delta": 0.730003}}
{"target": -43.42733597446995, "params": {"C": 2703.065275276171, "gamma": 0.1407527098905455}, "datetime": {"datetime": "2021-09-29 17:25:56", "elapsed": 99.272383, "delta": 0.957}}
{"target": -42.21348860088266, "params": {"C": 3008.9193134682428, "gamma": 0.08781450904707729}, "datetime": {"datetime": "2021-09-29 17:25:57", "elapsed": 100.216381, "delta": 0.943998}}
{"target": -41.384900359119435, "params": {"C": 2047.77336826935, "gamma": 0.06929095826281842}, "datetime": {"datetime": "2021-09-29 17:25:59", "elapsed": 101.871642, "delta": 1.655261}}
{"target": -41.48284417470535, "params": {"C": 3456.7157670057927, "gamma": 0.011053404433395883}, "datetime": {"datetime": "2021-09-29 17:26:00", "elapsed": 103.552649, "delta": 1.681007}}
{"target": -41.44782074496421, "params": {"C": 2624.6582369281523, "gamma": 0.06656266680808205}, "datetime": {"datetime": "2021-09-29 17:26:02", "elapsed": 104.838645, "delta": 1.285996}}
{"target": -44.92062617063555, "params": {"C": 4194.447374831895, "gamma": 0.17028858344758846}, "datetime": {"datetime": "2021-09-29 17:26:03", "elapsed": 105.770613, "delta": 0.931968}}
{"target": -42.57639225870251, "params": {"C": 2047.6051328438616, "gamma": 0.1175803058450877}, "datetime": {"datetime": "2021-09-29 17:26:04", "elapsed": 107.124615, "delta": 1.354002}}
{"target": -43.66823589751419, "params": {"C": 2047.7268728685397, "gamma": 0.1743575814585042}, "datetime": {"datetime": "2021-09-29 17:26:05", "elapsed": 108.332621, "delta": 1.208006}}
{"target": -43.907022212641806, "params": {"C": 3457.0399676662305, "gamma": 0.14219693683743398}, "datetime": {"datetime": "2021-09-29 17:26:06", "elapsed": 109.584337, "delta": 1.251716}}
{"target": -42.84601765705781, "params": {"C": 1415.56815929383, "gamma": 0.14104036123911962}, "datetime": {"datetime": "2021-09-29 17:26:09", "elapsed": 112.206426, "delta": 2.622089}}
{"target": -44.10719344989349, "params": {"C": 3034.0945583912, "gamma": 0.1656344991595947}, "datetime": {"datetime": "2021-09-29 17:26:10", "elapsed": 113.581233, "delta": 1.374807}}
{"target": -41.85749797220727, "params": {"C": 3457.2538298854606, "gamma": 0.007328118896392424}, "datetime": {"datetime": "2021-09-29 17:26:12", "elapsed": 114.968688, "delta": 1.387455}}
{"target": -43.643589560266975, "params": {"C": 3456.737296074588, "gamma": 0.130887926402535}, "datetime": {"datetime": "2021-09-29 17:26:14", "elapsed": 116.875432, "delta": 1.906744}}
{"target": -41.39108186975225, "params": {"C": 3457.2480716674113, "gamma": 0.012191583567289437}, "datetime": {"datetime": "2021-09-29 17:26:15", "elapsed": 118.525452, "delta": 1.65002}}
{"target": -44.19256639924374, "params": {"C": 4401.552757673182, "gamma": 0.13113879534544123}, "datetime": {"datetime": "2021-09-29 17:26:17", "elapsed": 119.713551, "delta": 1.188099}}
{"target": -40.832838872674614, "params": {"C": 4267.635117031722, "gamma": 0.029941200591845185}, "datetime": {"datetime": "2021-09-29 17:26:18", "elapsed": 120.859553, "delta": 1.146002}}
{"target": -41.448810434361604, "params": {"C": 3457.1998468144066, "gamma": 0.01146274752983685}, "datetime": {"datetime": "2021-09-29 17:26:19", "elapsed": 122.250774, "delta": 1.391221}}
{"target": -40.839878190241166, "params": {"C": 4291.754254306775, "gamma": 0.03057712845217647}, "datetime": {"datetime": "2021-09-29 17:26:21", "elapsed": 124.15977, "delta": 1.908996}}
{"target": -43.54928129253297, "params": {"C": 1415.4686742175056, "gamma": 0.004060427920502454}, "datetime": {"datetime": "2021-09-29 17:26:22", "elapsed": 125.621034, "delta": 1.461264}}
{"target": -43.055999785535874, "params": {"C": 4291.784101311247, "gamma": 0.09593617304903741}, "datetime": {"datetime": "2021-09-29 17:26:25", "elapsed": 127.864034, "delta": 2.243}}
{"target": -42.06829826629306, "params": {"C": 3315.2798217316886, "gamma": 0.07931253908834508}, "datetime": {"datetime": "2021-09-29 17:26:26", "elapsed": 129.185885, "delta": 1.321851}}
{"target": -42.44153315207882, "params": {"C": 3635.1457010610347, "gamma": 0.08661283614772422}, "datetime": {"datetime": "2021-09-29 17:26:27", "elapsed": 130.336885, "delta": 1.151}}
{"target": -43.00311054739307, "params": {"C": 1654.109064367848, "gamma": 0.14592833088663995}, "datetime": {"datetime": "2021-09-29 17:26:29", "elapsed": 131.764107, "delta": 1.427222}}
{"target": -41.240648320609594, "params": {"C": 2395.0805155101693, "gamma": 0.0607509029939248}, "datetime": {"datetime": "2021-09-29 17:26:30", "elapsed": 133.143106, "delta": 1.378999}}
{"target": -41.32843733697566, "params": {"C": 3457.6081019408502, "gamma": 0.013035018642123164}, "datetime": {"datetime": "2021-09-29 17:26:32", "elapsed": 134.968103, "delta": 1.824997}}
{"target": -41.82966896201087, "params": {"C": 1502.117600762753, "gamma": 0.09193156621909272}, "datetime": {"datetime": "2021-09-29 17:26:33", "elapsed": 136.519564, "delta": 1.551461}}
{"target": -42.98203454945394, "params": {"C": 2395.0625753657714, "gamma": 0.12811070081394124}, "datetime": {"datetime": "2021-09-29 17:26:35", "elapsed": 138.003302, "delta": 1.483738}}
{"target": -41.49113706915374, "params": {"C": 1207.3304043813034, "gamma": 0.022022728037291814}, "datetime": {"datetime": "2021-09-29 17:26:36", "elapsed": 139.603866, "delta": 1.600564}}
{"target": -44.413561073561695, "params": {"C": 4475.912504424914, "gamma": 0.13811185104975537}, "datetime": {"datetime": "2021-09-29 17:26:37", "elapsed": 140.698219, "delta": 1.094353}}
{"target": -43.44767617982054, "params": {"C": 3178.0684424343053, "gamma": 0.12944153517305526}, "datetime": {"datetime": "2021-09-29 17:26:39", "elapsed": 142.132136, "delta": 1.433917}}
{"target": -43.035119152930704, "params": {"C": 4926.523483536677, "gamma": 0.08772206028315757}, "datetime": {"datetime": "2021-09-29 17:26:41", "elapsed": 143.716135, "delta": 1.583999}}
{"target": -42.559104393529076, "params": {"C": 1863.5411793754324, "gamma": 0.1201739116847907}, "datetime": {"datetime": "2021-09-29 17:26:42", "elapsed": 144.901141, "delta": 1.185006}}
{"target": -41.31648761986085, "params": {"C": 3457.193701649502, "gamma": 0.055008130233783356}, "datetime": {"datetime": "2021-09-29 17:26:44", "elapsed": 146.855849, "delta": 1.954708}}
{"target": -45.497384947477315, "params": {"C": 4830.645990817746, "gamma": 0.18122710020755317}, "datetime": {"datetime": "2021-09-29 17:26:45", "elapsed": 148.131562, "delta": 1.275713}}
{"target": -44.19114816419455, "params": {"C": 4267.689772538635, "gamma": 0.13402731656885722}, "datetime": {"datetime": "2021-09-29 17:26:46", "elapsed": 149.389541, "delta": 1.257979}}
{"target": -43.32890183838952, "params": {"C": 1259.100741493361, "gamma": 0.16970783498298445}, "datetime": {"datetime": "2021-09-29 17:26:47", "elapsed": 150.568543, "delta": 1.179002}}
{"target": -41.26977946470991, "params": {"C": 3457.509402531252, "gamma": 0.013883247241820834}, "datetime": {"datetime": "2021-09-29 17:26:49", "elapsed": 152.09954, "delta": 1.530997}}
{"target": -45.256541354484675, "params": {"C": 4199.195766648427, "gamma": 0.19136406616461157}, "datetime": {"datetime": "2021-09-29 17:26:51", "elapsed": 154.252685, "delta": 2.153145}}
{"target": -41.11091267002568, "params": {"C": 1207.4436135384246, "gamma": 0.03731194805108527}, "datetime": {"datetime": "2021-09-29 17:26:52", "elapsed": 155.704453, "delta": 1.451768}}
{"target": -42.18600956671653, "params": {"C": 1774.2566359662258, "gamma": 0.10504195462058634}, "datetime": {"datetime": "2021-09-29 17:26:54", "elapsed": 156.739452, "delta": 1.034999}}
{"target": -40.80535576392532, "params": {"C": 2624.5805137831367, "gamma": 0.03308127943822527}, "datetime": {"datetime": "2021-09-29 17:26:55", "elapsed": 157.901686, "delta": 1.162234}}
{"target": -41.391896084010895, "params": {"C": 1501.737677916155, "gamma": 0.07196367401261458}, "datetime": {"datetime": "2021-09-29 17:26:57", "elapsed": 159.816433, "delta": 1.914747}}
{"target": -41.82454909554919, "params": {"C": 2624.551762074645, "gamma": 0.07972939200652793}, "datetime": {"datetime": "2021-09-29 17:26:58", "elapsed": 160.969033, "delta": 1.1526}}
{"target": -41.70507513233364, "params": {"C": 1501.0805356553533, "gamma": 0.015029951381139639}, "datetime": {"datetime": "2021-09-29 17:26:59", "elapsed": 162.362117, "delta": 1.393084}}
{"target": -41.37490734431781, "params": {"C": 4267.584297208548, "gamma": 0.011500338203403331}, "datetime": {"datetime": "2021-09-29 17:27:01", "elapsed": 163.898837, "delta": 1.53672}}
{"target": -41.00265187097934, "params": {"C": 4291.9874034721215, "gamma": 0.039182328281355094}, "datetime": {"datetime": "2021-09-29 17:27:02", "elapsed": 165.354837, "delta": 1.456}}
{"target": -42.62178118117676, "params": {"C": 1205.947738372847, "gamma": 0.13017311358329794}, "datetime": {"datetime": "2021-09-29 17:27:04", "elapsed": 167.165079, "delta": 1.810242}}
{"target": -41.68295456150734, "params": {"C": 3272.9919064092123, "gamma": 0.06800658420287058}, "datetime": {"datetime": "2021-09-29 17:27:05", "elapsed": 168.442081, "delta": 1.277002}}
{"target": -42.332449997056486, "params": {"C": 3456.9588093243065, "gamma": 0.004343044913258232}, "datetime": {"datetime": "2021-09-29 17:27:07", "elapsed": 169.755329, "delta": 1.313248}}
{"target": -41.35170303427592, "params": {"C": 4267.698364373527, "gamma": 0.01180316675393666}, "datetime": {"datetime": "2021-09-29 17:27:08", "elapsed": 171.107296, "delta": 1.351967}}
{"target": -44.60305080291075, "params": {"C": 4291.947091146749, "gamma": 0.15096835193196634}, "datetime": {"datetime": "2021-09-29 17:27:09", "elapsed": 172.438293, "delta": 1.330997}}
{"target": -42.2878987517203, "params": {"C": 1205.544222255215, "gamma": 0.11350341181288987}, "datetime": {"datetime": "2021-09-29 17:27:10", "elapsed": 173.660663, "delta": 1.22237}}
