{"target": -34.86527407242717, "params": {"C": 35121.08057023927, "gamma": 0.007266441024776965}, "datetime": {"datetime": "2021-09-29 09:24:40", "elapsed": 621.604334, "delta": 2.797235}}
{"target": -34.50965054279005, "params": {"C": 37467.71622237599, "gamma": 0.02457567549792034}, "datetime": {"datetime": "2021-09-29 09:24:45", "elapsed": 626.0089, "delta": 4.404566}}
{"target": -37.43837266559814, "params": {"C": 38622.20355927525, "gamma": 0.09206293003081197}, "datetime": {"datetime": "2021-09-29 09:24:47", "elapsed": 628.195289, "delta": 2.186389}}
{"target": -34.58974095858027, "params": {"C": 37475.34741028809, "gamma": 0.027280405994992873}, "datetime": {"datetime": "2021-09-29 09:24:52", "elapsed": 633.485791, "delta": 5.290502}}
{"target": -36.97591245778158, "params": {"C": 37242.91600049729, "gamma": 0.0820551535282322}, "datetime": {"datetime": "2021-09-29 09:24:56", "elapsed": 637.181555, "delta": 3.695764}}
{"target": -35.418965048528165, "params": {"C": 39318.80425855554, "gamma": 0.04566489409414726}, "datetime": {"datetime": "2021-09-29 09:24:59", "elapsed": 640.236709, "delta": 3.055154}}
{"target": -34.39181328199434, "params": {"C": 37357.17456602952, "gamma": 0.02011593646780664}, "datetime": {"datetime": "2021-09-29 09:25:04", "elapsed": 645.237955, "delta": 5.001246}}
{"target": -34.31895654598285, "params": {"C": 38063.10241416567, "gamma": 0.016622355188768985}, "datetime": {"datetime": "2021-09-29 09:25:06", "elapsed": 647.524766, "delta": 2.286811}}
{"target": -36.3507411506107, "params": {"C": 37357.18911889613, "gamma": 0.06644114534809142}, "datetime": {"datetime": "2021-09-29 09:25:09", "elapsed": 650.761711, "delta": 3.236945}}
{"target": -37.208956240023724, "params": {"C": 35941.129236589906, "gamma": 0.08954672632484761}, "datetime": {"datetime": "2021-09-29 09:25:12", "elapsed": 652.942878, "delta": 2.181167}}
{"target": -34.512210787093885, "params": {"C": 38755.845927082526, "gamma": 0.024371120667740942}, "datetime": {"datetime": "2021-09-29 09:25:17", "elapsed": 657.980306, "delta": 5.037428}}
{"target": -34.52330381381411, "params": {"C": 37952.45289835416, "gamma": 0.024957432631134067}, "datetime": {"datetime": "2021-09-29 09:25:20", "elapsed": 661.41477, "delta": 3.434464}}
{"target": -34.82335425980765, "params": {"C": 37778.31842100572, "gamma": 0.033444446721520645}, "datetime": {"datetime": "2021-09-29 09:25:23", "elapsed": 664.285262, "delta": 2.870492}}
{"target": -36.85408574196681, "params": {"C": 37467.6572746614, "gamma": 0.07861402969110066}, "datetime": {"datetime": "2021-09-29 09:25:26", "elapsed": 666.937979, "delta": 2.652717}}
{"target": -35.75850662327355, "params": {"C": 36143.19025778083, "gamma": 0.054461386855549306}, "datetime": {"datetime": "2021-09-29 09:25:28", "elapsed": 669.279625, "delta": 2.341646}}
{"target": -34.614890652976115, "params": {"C": 39084.50244149643, "gamma": 0.02760600773171767}, "datetime": {"datetime": "2021-09-29 09:25:31", "elapsed": 672.35797, "delta": 3.078345}}
{"target": -35.91022575568239, "params": {"C": 37642.51852250272, "gamma": 0.0567208497462307}, "datetime": {"datetime": "2021-09-29 09:25:34", "elapsed": 675.197926, "delta": 2.839956}}
{"target": -34.747397755774045, "params": {"C": 35389.980607933074, "gamma": 0.0324885697946268}, "datetime": {"datetime": "2021-09-29 09:25:38", "elapsed": 679.061425, "delta": 3.863499}}
{"target": -34.83312234157267, "params": {"C": 35435.72947999593, "gamma": 0.03466014144893746}, "datetime": {"datetime": "2021-09-29 09:25:40", "elapsed": 681.903164, "delta": 2.841739}}
{"target": -36.17510551805658, "params": {"C": 38290.0997134132, "gamma": 0.061854002477176435}, "datetime": {"datetime": "2021-09-29 09:25:43", "elapsed": 684.067272, "delta": 2.164108}}
{"target": -37.17203086429991, "params": {"C": 37396.99038657447, "gamma": 0.08674992109083361}, "datetime": {"datetime": "2021-09-29 09:25:45", "elapsed": 686.236964, "delta": 2.169692}}
{"target": -34.353480221246215, "params": {"C": 38781.819404070404, "gamma": 0.01809752297306237}, "datetime": {"datetime": "2021-09-29 09:25:48", "elapsed": 689.353729, "delta": 3.116765}}
{"target": -35.64988911979127, "params": {"C": 35224.8398220833, "gamma": 0.05264828222312785}, "datetime": {"datetime": "2021-09-29 09:25:52", "elapsed": 693.084383, "delta": 3.730654}}
{"target": -36.46201919011086, "params": {"C": 37752.521838644294, "gamma": 0.06856678498255224}, "datetime": {"datetime": "2021-09-29 09:25:55", "elapsed": 696.270402, "delta": 3.186019}}
{"target": -36.82421450395087, "params": {"C": 38542.693271203214, "gamma": 0.07676700776537267}, "datetime": {"datetime": "2021-09-29 09:25:57", "elapsed": 698.644554, "delta": 2.374152}}
{"target": -34.99671278015835, "params": {"C": 37642.444053086714, "gamma": 0.0374368330797181}, "datetime": {"datetime": "2021-09-29 09:26:01", "elapsed": 702.040168, "delta": 3.395614}}
{"target": -34.32345691084153, "params": {"C": 38291.35799796116, "gamma": 0.016794851072722782}, "datetime": {"datetime": "2021-09-29 09:26:04", "elapsed": 705.248929, "delta": 3.208761}}
{"target": -35.461828939607685, "params": {"C": 35257.41996280421, "gamma": 0.048562205905246215}, "datetime": {"datetime": "2021-09-29 09:26:07", "elapsed": 708.142358, "delta": 2.893429}}
{"target": -34.91008758038497, "params": {"C": 38211.44520440069, "gamma": 0.035327251021609954}, "datetime": {"datetime": "2021-09-29 09:26:10", "elapsed": 711.726183, "delta": 3.583825}}
{"target": -34.43111164462626, "params": {"C": 35260.41264804955, "gamma": 0.02217488250567558}, "datetime": {"datetime": "2021-09-29 09:26:13", "elapsed": 714.111588, "delta": 2.385405}}
{"target": -35.34592489074415, "params": {"C": 38358.96716559155, "gamma": 0.044604498928397275}, "datetime": {"datetime": "2021-09-29 09:26:15", "elapsed": 716.544236, "delta": 2.432648}}
{"target": -34.25479732564292, "params": {"C": 37099.27001520385, "gamma": 0.013412899749788518}, "datetime": {"datetime": "2021-09-29 09:26:20", "elapsed": 721.67329, "delta": 5.129054}}
{"target": -34.80652619525918, "params": {"C": 36234.13678922346, "gamma": 0.033640180789949896}, "datetime": {"datetime": "2021-09-29 09:26:23", "elapsed": 724.146384, "delta": 2.473094}}
{"target": -35.20425564306584, "params": {"C": 38094.33651388585, "gamma": 0.04176873916402335}, "datetime": {"datetime": "2021-09-29 09:26:27", "elapsed": 727.969121, "delta": 3.822737}}
{"target": -34.51621338605941, "params": {"C": 35627.971589059605, "gamma": 0.009025261556356239}, "datetime": {"datetime": "2021-09-29 09:26:31", "elapsed": 732.678262, "delta": 4.709141}}
{"target": -35.31628515301553, "params": {"C": 36509.81794171627, "gamma": 0.04491243183724738}, "datetime": {"datetime": "2021-09-29 09:26:34", "elapsed": 735.018446, "delta": 2.340184}}
{"target": -35.08596275081934, "params": {"C": 37752.59676094809, "gamma": 0.00626419280412601}, "datetime": {"datetime": "2021-09-29 09:26:38", "elapsed": 739.885682, "delta": 4.867236}}
{"target": -35.472827441845894, "params": {"C": 39114.834802688536, "gamma": 0.046904568359201905}, "datetime": {"datetime": "2021-09-29 09:26:42", "elapsed": 743.373303, "delta": 3.487621}}
{"target": -36.6729310839806, "params": {"C": 36851.30850436418, "gamma": 0.07442088718066546}, "datetime": {"datetime": "2021-09-29 09:26:44", "elapsed": 745.861686, "delta": 2.488383}}
{"target": -36.45563763627314, "params": {"C": 37099.30405193463, "gamma": 0.06896885482939216}, "datetime": {"datetime": "2021-09-29 09:26:48", "elapsed": 749.634372, "delta": 3.772686}}
{"target": -35.221436499839214, "params": {"C": 36259.326609572054, "gamma": 0.04300965171109057}, "datetime": {"datetime": "2021-09-29 09:26:52", "elapsed": 753.043253, "delta": 3.408881}}
{"target": -35.00056476384297, "params": {"C": 38291.398863704366, "gamma": 0.03724520378510253}, "datetime": {"datetime": "2021-09-29 09:26:55", "elapsed": 756.728169, "delta": 3.684916}}
{"target": -37.045859004752664, "params": {"C": 35097.97525789032, "gamma": 0.0864069869909287}, "datetime": {"datetime": "2021-09-29 09:26:59", "elapsed": 760.667294, "delta": 3.939125}}
{"target": -35.93932088099244, "params": {"C": 38063.15461180647, "gamma": 0.057078464159069045}, "datetime": {"datetime": "2021-09-29 09:27:03", "elapsed": 764.197365, "delta": 3.530071}}
{"target": -36.328170964816714, "params": {"C": 38781.82188416243, "gamma": 0.06483742533146096}, "datetime": {"datetime": "2021-09-29 09:27:06", "elapsed": 767.325611, "delta": 3.128246}}
{"target": -34.5548923137507, "params": {"C": 38291.32200386326, "gamma": 0.02586252887726355}, "datetime": {"datetime": "2021-09-29 09:27:09", "elapsed": 770.287132, "delta": 2.961521}}
{"target": -35.98388466282038, "params": {"C": 35260.441106816215, "gamma": 0.05986779107281142}, "datetime": {"datetime": "2021-09-29 09:27:12", "elapsed": 773.560391, "delta": 3.273259}}
{"target": -35.049114514547355, "params": {"C": 37798.41718984455, "gamma": 0.0385111027545797}, "datetime": {"datetime": "2021-09-29 09:27:16", "elapsed": 777.540039, "delta": 3.979648}}
{"target": -36.11502970533695, "params": {"C": 36259.39616500311, "gamma": 0.06202317768162242}, "datetime": {"datetime": "2021-09-29 09:27:21", "elapsed": 782.697826, "delta": 5.157787}}
{"target": -36.16473086354651, "params": {"C": 36669.01328682564, "gamma": 0.06279378824992929}, "datetime": {"datetime": "2021-09-29 09:27:26", "elapsed": 787.233083, "delta": 4.535257}}
{"target": -35.54771440286302, "params": {"C": 35587.73798715408, "gamma": 0.005}, "datetime": {"datetime": "2021-09-29 09:27:30", "elapsed": 791.568417, "delta": 4.335334}}
{"target": -36.69584423149023, "params": {"C": 39114.76642133766, "gamma": 0.07290129094932037}, "datetime": {"datetime": "2021-09-29 09:27:33", "elapsed": 794.887634, "delta": 3.319217}}
{"target": -34.36182667307147, "params": {"C": 38185.26588392853, "gamma": 0.018578989458679352}, "datetime": {"datetime": "2021-09-29 09:27:36", "elapsed": 797.122832, "delta": 2.235198}}
{"target": -34.60478240308468, "params": {"C": 35454.22223681201, "gamma": 0.008450903518616245}, "datetime": {"datetime": "2021-09-29 09:27:39", "elapsed": 800.447057, "delta": 3.324225}}
{"target": -36.78150256969332, "params": {"C": 36309.629423794475, "gamma": 0.07787057489736217}, "datetime": {"datetime": "2021-09-29 09:27:50", "elapsed": 811.47226, "delta": 11.025203}}
{"target": -35.146177979959106, "params": {"C": 39341.812872922455, "gamma": 0.03993855421007949}, "datetime": {"datetime": "2021-09-29 09:27:53", "elapsed": 814.837652, "delta": 3.365392}}
{"target": -35.302624425263055, "params": {"C": 38063.07264690658, "gamma": 0.04383916679940935}, "datetime": {"datetime": "2021-09-29 09:27:58", "elapsed": 819.293705, "delta": 4.456053}}
{"target": -35.50342087533987, "params": {"C": 35628.00197578438, "gamma": 0.049261124031382504}, "datetime": {"datetime": "2021-09-29 09:28:02", "elapsed": 822.923252, "delta": 3.629547}}
{"target": -35.68364037027204, "params": {"C": 35999.61054138822, "gamma": 0.05295547143113522}, "datetime": {"datetime": "2021-09-29 09:28:04", "elapsed": 825.461822, "delta": 2.53857}}
{"target": -34.33947497754731, "params": {"C": 38734.47746976503, "gamma": 0.017462389705597017}, "datetime": {"datetime": "2021-09-29 09:28:07", "elapsed": 828.825784, "delta": 3.363962}}
{"target": -34.47513705336932, "params": {"C": 35260.38336927869, "gamma": 0.009369409410077842}, "datetime": {"datetime": "2021-09-29 09:28:11", "elapsed": 832.154128, "delta": 3.328344}}
{"target": -35.5918219396337, "params": {"C": 36186.974039109875, "gamma": 0.050863183553030766}, "datetime": {"datetime": "2021-09-29 09:28:14", "elapsed": 835.742627, "delta": 3.588499}}
{"target": -36.22989503735337, "params": {"C": 37810.37789674827, "gamma": 0.06337499471871931}, "datetime": {"datetime": "2021-09-29 09:28:18", "elapsed": 839.17832, "delta": 3.435693}}
{"target": -34.25612785284616, "params": {"C": 37789.497653307386, "gamma": 0.01343775118104805}, "datetime": {"datetime": "2021-09-29 09:28:22", "elapsed": 843.692719, "delta": 4.514399}}
{"target": -35.20187391530331, "params": {"C": 39087.54157883836, "gamma": 0.04126221579399595}, "datetime": {"datetime": "2021-09-29 09:28:25", "elapsed": 846.34165, "delta": 2.648931}}
{"target": -35.48315014416714, "params": {"C": 38335.45547106312, "gamma": 0.005}, "datetime": {"datetime": "2021-09-29 09:28:29", "elapsed": 850.509942, "delta": 4.168292}}
{"target": -36.90952018517003, "params": {"C": 38755.872760072554, "gamma": 0.07872675635672502}, "datetime": {"datetime": "2021-09-29 09:28:36", "elapsed": 857.328823, "delta": 6.818881}}
{"target": -36.188635396202216, "params": {"C": 35435.76749473845, "gamma": 0.06426253306857226}, "datetime": {"datetime": "2021-09-29 09:28:42", "elapsed": 863.698073, "delta": 6.36925}}
{"target": -36.15141309351364, "params": {"C": 37789.49596431719, "gamma": 0.06170142747843204}, "datetime": {"datetime": "2021-09-29 09:28:48", "elapsed": 869.759842, "delta": 6.061769}}
{"target": -37.79785577321173, "params": {"C": 39972.29223166447, "gamma": 0.09984895411023116}, "datetime": {"datetime": "2021-09-29 09:28:51", "elapsed": 872.711228, "delta": 2.951386}}
{"target": -35.00053052140345, "params": {"C": 35544.06634829065, "gamma": 0.0067447557340547725}, "datetime": {"datetime": "2021-09-29 09:28:55", "elapsed": 876.805195, "delta": 4.093967}}
{"target": -35.43137684040097, "params": {"C": 35124.84401246187, "gamma": 0.047980136742520704}, "datetime": {"datetime": "2021-09-29 09:29:00", "elapsed": 881.294782, "delta": 4.489587}}
{"target": -36.5675232674777, "params": {"C": 37435.38550553245, "gamma": 0.07127595201337697}, "datetime": {"datetime": "2021-09-29 09:29:02", "elapsed": 883.915114, "delta": 2.620332}}
{"target": -34.648097533829834, "params": {"C": 39394.14085822346, "gamma": 0.02861985658968523}, "datetime": {"datetime": "2021-09-29 09:29:06", "elapsed": 887.592895, "delta": 3.677781}}
{"target": -36.995230642722895, "params": {"C": 39113.91507054054, "gamma": 0.08050392993599834}, "datetime": {"datetime": "2021-09-29 09:29:09", "elapsed": 890.362252, "delta": 2.769357}}
{"target": -34.565523528702634, "params": {"C": 38291.25190523675, "gamma": 0.026208984568910645}, "datetime": {"datetime": "2021-09-29 09:29:13", "elapsed": 894.352665, "delta": 3.990413}}
{"target": -34.31984102357683, "params": {"C": 37542.740724505165, "gamma": 0.011014479142772999}, "datetime": {"datetime": "2021-09-29 09:29:17", "elapsed": 898.247932, "delta": 3.895267}}
{"target": -34.57916571198521, "params": {"C": 35124.75580465697, "gamma": 0.027656100087622967}, "datetime": {"datetime": "2021-09-29 09:29:21", "elapsed": 902.359, "delta": 4.111068}}
{"target": -34.27331674042014, "params": {"C": 37841.407269633295, "gamma": 0.014528866094823657}, "datetime": {"datetime": "2021-09-29 09:29:25", "elapsed": 906.590868, "delta": 4.231868}}
{"target": -36.28344980082013, "params": {"C": 35257.50415653199, "gamma": 0.06657853572939344}, "datetime": {"datetime": "2021-09-29 09:29:31", "elapsed": 912.732807, "delta": 6.141939}}
{"target": -34.38204256724317, "params": {"C": 35626.12913496877, "gamma": 0.019978119539366835}, "datetime": {"datetime": "2021-09-29 09:29:35", "elapsed": 916.736681, "delta": 4.003874}}
{"target": -37.464244953734216, "params": {"C": 39084.522111383216, "gamma": 0.0920986570024156}, "datetime": {"datetime": "2021-09-29 09:29:40", "elapsed": 921.806362, "delta": 5.069681}}
{"target": -34.67866737378454, "params": {"C": 38409.979899143254, "gamma": 0.007674018085206854}, "datetime": {"datetime": "2021-09-29 09:29:46", "elapsed": 927.518561, "delta": 5.712199}}
{"target": -34.722589671898305, "params": {"C": 37420.76126443183, "gamma": 0.031084479804548176}, "datetime": {"datetime": "2021-09-29 09:29:49", "elapsed": 930.62805, "delta": 3.109489}}
{"target": -36.79614202637638, "params": {"C": 42753.989512872875, "gamma": 0.07227404314871996}, "datetime": {"datetime": "2021-09-29 09:30:13", "elapsed": 0.0, "delta": 0.0}}
{"target": -35.85827746281533, "params": {"C": 41454.52369456472, "gamma": 0.05352862249377798}, "datetime": {"datetime": "2021-09-29 09:30:13", "elapsed": 0.208555, "delta": 0.208555}}
{"target": -37.65047094604937, "params": {"C": 44464.73477173827, "gamma": 0.09014784344867662}, "datetime": {"datetime": "2021-09-29 09:30:13", "elapsed": 0.418552, "delta": 0.209997}}
{"target": -34.539649112585046, "params": {"C": 40627.92655231918, "gamma": 0.024688073423127743}, "datetime": {"datetime": "2021-09-29 09:30:14", "elapsed": 0.597555, "delta": 0.179003}}
{"target": -35.49893647292132, "params": {"C": 40257.33601650415, "gamma": 0.04687693514681046}, "datetime": {"datetime": "2021-09-29 09:30:14", "elapsed": 0.834553, "delta": 0.236998}}
{"target": -35.568292925003874, "params": {"C": 40149.381054392834, "gamma": 0.04839915631749755}, "datetime": {"datetime": "2021-09-29 09:30:14", "elapsed": 1.047553, "delta": 0.213}}
{"target": -37.85125447808801, "params": {"C": 40946.70444038878, "gamma": 0.1}, "datetime": {"datetime": "2021-09-29 09:30:15", "elapsed": 1.750556, "delta": 0.703003}}
{"target": -37.80917761578371, "params": {"C": 40629.308612904075, "gamma": 0.09922206238942953}, "datetime": {"datetime": "2021-09-29 09:30:15", "elapsed": 2.019554, "delta": 0.268998}}
{"target": -34.36450185050832, "params": {"C": 42357.2153520774, "gamma": 0.018054935000570378}, "datetime": {"datetime": "2021-09-29 09:30:15", "elapsed": 2.267039, "delta": 0.247485}}
{"target": -34.57791564399133, "params": {"C": 40257.47164626114, "gamma": 0.026013229723416607}, "datetime": {"datetime": "2021-09-29 09:30:16", "elapsed": 2.54304, "delta": 0.276001}}
{"target": -37.60383765627209, "params": {"C": 41395.117752887534, "gamma": 0.0926374708829898}, "datetime": {"datetime": "2021-09-29 09:30:16", "elapsed": 2.944046, "delta": 0.401006}}
{"target": -34.270691804441526, "params": {"C": 42099.30829789904, "gamma": 0.011588171134218131}, "datetime": {"datetime": "2021-09-29 09:30:16", "elapsed": 3.23504, "delta": 0.290994}}
{"target": -36.33354777828115, "params": {"C": 42099.0682596826, "gamma": 0.06265566042066197}, "datetime": {"datetime": "2021-09-29 09:30:17", "elapsed": 3.531041, "delta": 0.296001}}
{"target": -37.82985987965283, "params": {"C": 44707.234872664994, "gamma": 0.09440071569411028}, "datetime": {"datetime": "2021-09-29 09:30:17", "elapsed": 3.773042, "delta": 0.242001}}
{"target": -34.995242112221305, "params": {"C": 40627.580134689, "gamma": 0.03619728250089919}, "datetime": {"datetime": "2021-09-29 09:30:17", "elapsed": 4.056039, "delta": 0.282997}}
{"target": -36.506051247673696, "params": {"C": 40627.88533983326, "gamma": 0.06727210301135708}, "datetime": {"datetime": "2021-09-29 09:30:17", "elapsed": 4.313107, "delta": 0.257068}}
{"target": -37.39337552526806, "params": {"C": 40324.2285003112, "gamma": 0.08886787450006177}, "datetime": {"datetime": "2021-09-29 09:30:18", "elapsed": 4.761106, "delta": 0.447999}}
{"target": -34.249497505781115, "params": {"C": 44341.85909822002, "gamma": 0.012249092966033204}, "datetime": {"datetime": "2021-09-29 09:30:18", "elapsed": 5.174109, "delta": 0.413003}}
{"target": -36.76044440855471, "params": {"C": 43231.371563086796, "gamma": 0.0710335452211565}, "datetime": {"datetime": "2021-09-29 09:30:19", "elapsed": 5.49711, "delta": 0.323001}}
{"target": -36.37902233611195, "params": {"C": 43691.99756544565, "gamma": 0.06255436447743457}, "datetime": {"datetime": "2021-09-29 09:30:19", "elapsed": 5.807106, "delta": 0.309996}}
{"target": -37.65249498229882, "params": {"C": 44013.79574213122, "gamma": 0.09070846274416948}, "datetime": {"datetime": "2021-09-29 09:30:19", "elapsed": 6.090137, "delta": 0.283031}}
{"target": -36.514260779197585, "params": {"C": 42056.85095113648, "gamma": 0.06639983036263718}, "datetime": {"datetime": "2021-09-29 09:30:19", "elapsed": 6.381612, "delta": 0.291475}}
{"target": -36.491687348536125, "params": {"C": 44510.247284682635, "gamma": 0.06426389561344853}, "datetime": {"datetime": "2021-09-29 09:30:20", "elapsed": 6.924612, "delta": 0.543}}
{"target": -37.22647752164476, "params": {"C": 41627.35982498731, "gamma": 0.08336901060019704}, "datetime": {"datetime": "2021-09-29 09:30:20", "elapsed": 7.30661, "delta": 0.381998}}
{"target": -34.37698474951292, "params": {"C": 40544.10507561149, "gamma": 0.018892958322463637}, "datetime": {"datetime": "2021-09-29 09:30:21", "elapsed": 7.806612, "delta": 0.500002}}
{"target": -34.252602727378765, "params": {"C": 42475.30703632835, "gamma": 0.01207782956745344}, "datetime": {"datetime": "2021-09-29 09:30:21", "elapsed": 8.220936, "delta": 0.414324}}
{"target": -35.19762716559573, "params": {"C": 41250.34916611809, "gamma": 0.04021762537123698}, "datetime": {"datetime": "2021-09-29 09:30:22", "elapsed": 8.521935, "delta": 0.300999}}
{"target": -34.331430457643044, "params": {"C": 43072.11905258635, "gamma": 0.009969374385213541}, "datetime": {"datetime": "2021-09-29 09:30:22", "elapsed": 8.820931, "delta": 0.298996}}
{"target": -34.58962277086473, "params": {"C": 41668.98220906327, "gamma": 0.025984904594804282}, "datetime": {"datetime": "2021-09-29 09:30:22", "elapsed": 9.131935, "delta": 0.311004}}
{"target": -34.43284753930156, "params": {"C": 44474.29477413552, "gamma": 0.02037961981994993}, "datetime": {"datetime": "2021-09-29 09:30:23", "elapsed": 9.47274, "delta": 0.340805}}
{"target": -37.77667446847911, "params": {"C": 40079.4620770694, "gamma": 0.09907378372839767}, "datetime": {"datetime": "2021-09-29 09:30:23", "elapsed": 9.775745, "delta": 0.303005}}
{"target": -34.90918296407565, "params": {"C": 40175.520766242116, "gamma": 0.03455763504706912}, "datetime": {"datetime": "2021-09-29 09:30:23", "elapsed": 10.079741, "delta": 0.303996}}
{"target": -35.13818233188594, "params": {"C": 41169.684885795694, "gamma": 0.005840691333871485}, "datetime": {"datetime": "2021-09-29 09:30:24", "elapsed": 10.459268, "delta": 0.379527}}
