{"target": -35.00082454445873, "params": {"C": 5396.881783269289, "gamma": 0.020482095551111173}, "datetime": {"datetime": "2021-09-28 17:26:09", "elapsed": 26.742396, "delta": 0.392943}}
{"target": -34.874876147841064, "params": {"C": 5486.085714441239, "gamma": 0.038650125412471315}, "datetime": {"datetime": "2021-09-28 17:26:09", "elapsed": 27.179897, "delta": 0.437501}}
{"target": -35.44604729742217, "params": {"C": 5500.876011218736, "gamma": 0.07218737766138669}, "datetime": {"datetime": "2021-09-28 17:26:10", "elapsed": 27.740909, "delta": 0.561012}}
{"target": -34.850815763215614, "params": {"C": 5625.454904452911, "gamma": 0.03719234065827602}, "datetime": {"datetime": "2021-09-28 17:26:10", "elapsed": 28.122286, "delta": 0.381377}}
{"target": -34.92041064805559, "params": {"C": 5163.3765393396225, "gamma": 0.027383683333247595}, "datetime": {"datetime": "2021-09-28 17:26:11", "elapsed": 28.560839, "delta": 0.438553}}
{"target": -35.26327887470001, "params": {"C": 5595.63263672909, "gamma": 0.06393990807909454}, "datetime": {"datetime": "2021-09-28 17:26:11", "elapsed": 29.132791, "delta": 0.571952}}
{"target": -35.07961398007182, "params": {"C": 5597.143845673056, "gamma": 0.05459365259797365}, "datetime": {"datetime": "2021-09-28 17:26:12", "elapsed": 29.807617, "delta": 0.674826}}
{"target": -35.51405093060232, "params": {"C": 5619.101752407825, "gamma": 0.011842977041029518}, "datetime": {"datetime": "2021-09-28 17:26:13", "elapsed": 30.392515, "delta": 0.584898}}
{"target": -35.00556359429508, "params": {"C": 5620.707304216676, "gamma": 0.05041788219941533}, "datetime": {"datetime": "2021-09-28 17:26:13", "elapsed": 30.936668, "delta": 0.544153}}
{"target": -34.879842400010595, "params": {"C": 5617.052274733149, "gamma": 0.026748448530392117}, "datetime": {"datetime": "2021-09-28 17:26:14", "elapsed": 31.497948, "delta": 0.56128}}
{"target": -35.55502231565758, "params": {"C": 5497.530284995417, "gamma": 0.0765474015984758}, "datetime": {"datetime": "2021-09-28 17:26:14", "elapsed": 32.117205, "delta": 0.619257}}
{"target": -35.81178817298715, "params": {"C": 5499.1845787630855, "gamma": 0.007988574521029416}, "datetime": {"datetime": "2021-09-28 17:26:15", "elapsed": 32.624861, "delta": 0.507656}}
{"target": -35.09748063731832, "params": {"C": 5496.510353178341, "gamma": 0.05522870590999004}, "datetime": {"datetime": "2021-09-28 17:26:15", "elapsed": 33.026895, "delta": 0.402034}}
{"target": -35.903238805723554, "params": {"C": 5496.4979681599525, "gamma": 0.0068030498958897585}, "datetime": {"datetime": "2021-09-28 17:26:16", "elapsed": 33.450439, "delta": 0.423544}}
{"target": -35.7157081190644, "params": {"C": 5187.832160480103, "gamma": 0.009293022310586943}, "datetime": {"datetime": "2021-09-28 17:26:16", "elapsed": 33.905541, "delta": 0.455102}}
{"target": -35.25195957767892, "params": {"C": 5625.465781747547, "gamma": 0.0634718013978092}, "datetime": {"datetime": "2021-09-28 17:26:17", "elapsed": 34.340169, "delta": 0.434628}}
{"target": -35.60832083570731, "params": {"C": 5856.5703383981, "gamma": 0.07971227249163923}, "datetime": {"datetime": "2021-09-28 17:26:17", "elapsed": 34.757634, "delta": 0.417465}}
{"target": -35.46850836492034, "params": {"C": 5040.601920193745, "gamma": 0.012838575305870254}, "datetime": {"datetime": "2021-09-28 17:26:17", "elapsed": 35.183128, "delta": 0.425494}}
{"target": -34.87983284588046, "params": {"C": 5486.064000452185, "gamma": 0.029042893789898754}, "datetime": {"datetime": "2021-09-28 17:26:18", "elapsed": 35.682155, "delta": 0.499027}}
{"target": -36.07859590385751, "params": {"C": 5629.087789555304, "gamma": 0.004779528040077953}, "datetime": {"datetime": "2021-09-28 17:26:18", "elapsed": 36.188588, "delta": 0.506433}}
{"target": -35.189761567129686, "params": {"C": 5629.107984004869, "gamma": 0.06034838336521547}, "datetime": {"datetime": "2021-09-28 17:26:19", "elapsed": 36.697761, "delta": 0.509173}}
{"target": -35.051411767982586, "params": {"C": 5486.084428084107, "gamma": 0.018625989407340213}, "datetime": {"datetime": "2021-09-28 17:26:19", "elapsed": 37.194963, "delta": 0.497202}}
{"target": -34.90989003516101, "params": {"C": 5763.788674045008, "gamma": 0.02309734319944852}, "datetime": {"datetime": "2021-09-28 17:26:20", "elapsed": 37.656042, "delta": 0.461079}}
{"target": -35.399105510922176, "params": {"C": 5383.5657107819125, "gamma": 0.06969155139105139}, "datetime": {"datetime": "2021-09-28 17:26:20", "elapsed": 38.060475, "delta": 0.404433}}
{"target": -34.94000771581806, "params": {"C": 5596.438498187459, "gamma": 0.022448775607963194}, "datetime": {"datetime": "2021-09-28 17:26:21", "elapsed": 38.525542, "delta": 0.465067}}
{"target": -35.83102747562968, "params": {"C": 5503.340381017369, "gamma": 0.00774971890673429}, "datetime": {"datetime": "2021-09-28 17:26:21", "elapsed": 39.032157, "delta": 0.506615}}
{"target": -34.855910378158896, "params": {"C": 5625.447431770609, "gamma": 0.031886502566291317}, "datetime": {"datetime": "2021-09-28 17:26:22", "elapsed": 39.448477, "delta": 0.41632}}
{"target": -34.88483598355784, "params": {"C": 5568.87809457385, "gamma": 0.026720623857290373}, "datetime": {"datetime": "2021-09-28 17:26:22", "elapsed": 39.975191, "delta": 0.526714}}
{"target": -34.935438321606405, "params": {"C": 5596.429821855851, "gamma": 0.04588272044060879}, "datetime": {"datetime": "2021-09-28 17:26:23", "elapsed": 40.493046, "delta": 0.517855}}
{"target": -36.09698199569459, "params": {"C": 5085.7912086367905, "gamma": 0.004686849966479714}, "datetime": {"datetime": "2021-09-28 17:26:23", "elapsed": 40.945167, "delta": 0.452121}}
{"target": -35.33757045690072, "params": {"C": 5503.331583447161, "gamma": 0.06740696781710565}, "datetime": {"datetime": "2021-09-28 17:26:24", "elapsed": 41.449779, "delta": 0.504612}}
{"target": -36.112062452072855, "params": {"C": 5164.110581596223, "gamma": 0.004526820090388639}, "datetime": {"datetime": "2021-09-28 17:26:24", "elapsed": 41.954977, "delta": 0.505198}}
{"target": -34.928702575151, "params": {"C": 5160.3929947984325, "gamma": 0.026363540335956354}, "datetime": {"datetime": "2021-09-28 17:26:25", "elapsed": 42.443252, "delta": 0.488275}}
{"target": -35.79893277498629, "params": {"C": 5568.909208044903, "gamma": 0.008141074853060981}, "datetime": {"datetime": "2021-09-28 17:26:25", "elapsed": 42.964229, "delta": 0.520977}}
{"target": -35.10292407305566, "params": {"C": 5503.377646166381, "gamma": 0.05552772730991947}, "datetime": {"datetime": "2021-09-28 17:26:26", "elapsed": 43.418566, "delta": 0.454337}}
{"target": -34.91491232638551, "params": {"C": 5617.030640175483, "gamma": 0.04440675053610109}, "datetime": {"datetime": "2021-09-28 17:26:26", "elapsed": 43.989396, "delta": 0.57083}}
{"target": -34.99495206674809, "params": {"C": 5740.060768787809, "gamma": 0.019520311939908812}, "datetime": {"datetime": "2021-09-28 17:26:27", "elapsed": 44.452975, "delta": 0.463579}}
{"target": -34.89748797782591, "params": {"C": 5629.995606512215, "gamma": 0.04287129369603271}, "datetime": {"datetime": "2021-09-28 17:26:27", "elapsed": 44.939819, "delta": 0.486844}}
{"target": -35.02294622943448, "params": {"C": 5264.114454846006, "gamma": 0.05010294305646607}, "datetime": {"datetime": "2021-09-28 17:26:28", "elapsed": 45.370412, "delta": 0.430593}}
{"target": -34.93297687907864, "params": {"C": 5965.397946060064, "gamma": 0.02116064412668042}, "datetime": {"datetime": "2021-09-28 17:26:28", "elapsed": 45.932874, "delta": 0.562462}}
{"target": -34.99884699295568, "params": {"C": 5111.907613310621, "gamma": 0.047434310500604156}, "datetime": {"datetime": "2021-09-28 17:26:29", "elapsed": 46.395584, "delta": 0.46271}}
{"target": -35.08727031478204, "params": {"C": 5953.008385249284, "gamma": 0.05583362613741474}, "datetime": {"datetime": "2021-09-28 17:26:29", "elapsed": 46.892792, "delta": 0.497208}}
{"target": -35.630956710370064, "params": {"C": 5275.589942066583, "gamma": 0.07895424891788448}, "datetime": {"datetime": "2021-09-28 17:26:30", "elapsed": 47.365356, "delta": 0.472564}}
{"target": -34.881475650919114, "params": {"C": 5486.063841256977, "gamma": 0.028675804027697184}, "datetime": {"datetime": "2021-09-28 17:26:30", "elapsed": 47.890891, "delta": 0.525535}}
{"target": -34.88544569035435, "params": {"C": 5342.419048397213, "gamma": 0.031827598434447}, "datetime": {"datetime": "2021-09-28 17:26:31", "elapsed": 48.395355, "delta": 0.504464}}
{"target": -34.98555314585449, "params": {"C": 5532.093187510842, "gamma": 0.04904350246880736}, "datetime": {"datetime": "2021-09-28 17:26:31", "elapsed": 48.925017, "delta": 0.529662}}
{"target": -35.62350553447898, "params": {"C": 5617.03739939939, "gamma": 0.010417908960895235}, "datetime": {"datetime": "2021-09-28 17:26:32", "elapsed": 49.633381, "delta": 0.708364}}
{"target": -35.373624609937124, "params": {"C": 5164.07855100799, "gamma": 0.06770040714155519}, "datetime": {"datetime": "2021-09-28 17:26:32", "elapsed": 50.228071, "delta": 0.59469}}
{"target": -34.98793820647287, "params": {"C": 5205.519327904341, "gamma": 0.022015437725407455}, "datetime": {"datetime": "2021-09-28 17:26:33", "elapsed": 50.842054, "delta": 0.613983}}
{"target": -35.16163599717232, "params": {"C": 5342.437706692974, "gamma": 0.01702775026784876}, "datetime": {"datetime": "2021-09-28 17:26:34", "elapsed": 51.436115, "delta": 0.594061}}
{"target": -35.100226169341866, "params": {"C": 5486.782991397078, "gamma": 0.05532971180164824}, "datetime": {"datetime": "2021-09-28 17:26:34", "elapsed": 52.06805, "delta": 0.631935}}
{"target": -35.13593947902891, "params": {"C": 5163.368233362689, "gamma": 0.055857638727467566}, "datetime": {"datetime": "2021-09-28 17:26:35", "elapsed": 52.677484, "delta": 0.609434}}
{"target": -35.66648816715844, "params": {"C": 5135.3755645030615, "gamma": 0.07997262857400808}, "datetime": {"datetime": "2021-09-28 17:26:35", "elapsed": 53.257918, "delta": 0.580434}}
{"target": -35.51859490179154, "params": {"C": 5629.974177596004, "gamma": 0.011777568943400436}, "datetime": {"datetime": "2021-09-28 17:26:36", "elapsed": 53.996788, "delta": 0.73887}}
{"target": -34.8824228826588, "params": {"C": 5501.6845702043165, "gamma": 0.028167757353529214}, "datetime": {"datetime": "2021-09-28 17:26:37", "elapsed": 54.785112, "delta": 0.788324}}
{"target": -34.897602611064, "params": {"C": 5518.7645987578835, "gamma": 0.02588347080183907}, "datetime": {"datetime": "2021-09-28 17:26:38", "elapsed": 55.370009, "delta": 0.584897}}
{"target": -35.115326267645436, "params": {"C": 5779.411919429379, "gamma": 0.05704459692123947}, "datetime": {"datetime": "2021-09-28 17:26:38", "elapsed": 55.921088, "delta": 0.551079}}
{"target": -35.115055790603854, "params": {"C": 5568.866468840383, "gamma": 0.056380570020432376}, "datetime": {"datetime": "2021-09-28 17:26:39", "elapsed": 56.597469, "delta": 0.676381}}
{"target": -34.91928705283488, "params": {"C": 5617.055870746727, "gamma": 0.0447542148173919}, "datetime": {"datetime": "2021-09-28 17:26:40", "elapsed": 57.293076, "delta": 0.695607}}
{"target": -35.34772133519665, "params": {"C": 5616.123117101992, "gamma": 0.06827504815364216}, "datetime": {"datetime": "2021-09-28 17:26:40", "elapsed": 57.897053, "delta": 0.603977}}
{"target": -34.946648843657044, "params": {"C": 5109.335987616963, "gamma": 0.04260283436483836}, "datetime": {"datetime": "2021-09-28 17:26:41", "elapsed": 58.421171, "delta": 0.524118}}
{"target": -34.907005380277596, "params": {"C": 5164.04798500733, "gamma": 0.030587615978325114}, "datetime": {"datetime": "2021-09-28 17:26:41", "elapsed": 59.171297, "delta": 0.750126}}
{"target": -35.50199693311968, "params": {"C": 5965.363583989497, "gamma": 0.011805773876084329}, "datetime": {"datetime": "2021-09-28 17:26:42", "elapsed": 60.013096, "delta": 0.841799}}
{"target": -35.234914741290076, "params": {"C": 5342.429884934565, "gamma": 0.06156791168173261}, "datetime": {"datetime": "2021-09-28 17:26:43", "elapsed": 60.747213, "delta": 0.734117}}
{"target": -34.87220159441334, "params": {"C": 5617.085606169487, "gamma": 0.028035131708868347}, "datetime": {"datetime": "2021-09-28 17:26:44", "elapsed": 61.627171, "delta": 0.879958}}
{"target": -35.30004573508636, "params": {"C": 5204.3753079011985, "gamma": 0.0643572143470225}, "datetime": {"datetime": "2021-09-28 17:26:45", "elapsed": 62.406275, "delta": 0.779104}}
{"target": -34.881735790362775, "params": {"C": 5342.386945661507, "gamma": 0.035103987959580946}, "datetime": {"datetime": "2021-09-28 17:26:45", "elapsed": 63.196061, "delta": 0.789786}}
{"target": -35.974209224121346, "params": {"C": 5965.418293276713, "gamma": 0.006000774027573314}, "datetime": {"datetime": "2021-09-28 17:26:46", "elapsed": 63.839826, "delta": 0.643765}}
{"target": -35.2295747912142, "params": {"C": 5596.471546670775, "gamma": 0.06223726049712364}, "datetime": {"datetime": "2021-09-28 17:26:47", "elapsed": 64.457526, "delta": 0.6177}}
{"target": -35.057636274405226, "params": {"C": 5079.273588045883, "gamma": 0.05097685859130593}, "datetime": {"datetime": "2021-09-28 17:26:47", "elapsed": 65.004614, "delta": 0.547088}}
{"target": -34.837011724696985, "params": {"C": 5965.3870448575135, "gamma": 0.03935944215797715}, "datetime": {"datetime": "2021-09-28 17:26:48", "elapsed": 65.65604, "delta": 0.651426}}
{"target": -35.17629341330631, "params": {"C": 5486.769015864854, "gamma": 0.016620358714287457}, "datetime": {"datetime": "2021-09-28 17:26:49", "elapsed": 66.432252, "delta": 0.776212}}
{"target": -35.07229552110676, "params": {"C": 5965.403733956925, "gamma": 0.055015304133450155}, "datetime": {"datetime": "2021-09-28 17:26:49", "elapsed": 67.263489, "delta": 0.831237}}
{"target": -34.87496092107956, "params": {"C": 5486.728786244745, "gamma": 0.03027243573378984}, "datetime": {"datetime": "2021-09-28 17:26:50", "elapsed": 67.943953, "delta": 0.680464}}
{"target": -35.09533563025642, "params": {"C": 5486.721681435497, "gamma": 0.055084055708778314}, "datetime": {"datetime": "2021-09-28 17:26:51", "elapsed": 68.688436, "delta": 0.744483}}
{"target": -35.32751057671252, "params": {"C": 5629.978066689538, "gamma": 0.06733431059571839}, "datetime": {"datetime": "2021-09-28 17:26:52", "elapsed": 69.319959, "delta": 0.631523}}
{"target": -35.287141018407894, "params": {"C": 5486.06370526574, "gamma": 0.06476059425708441}, "datetime": {"datetime": "2021-09-28 17:26:52", "elapsed": 70.027537, "delta": 0.707578}}
{"target": -34.85207761791598, "params": {"C": 5629.124545268364, "gamma": 0.03348395256036776}, "datetime": {"datetime": "2021-09-28 17:26:53", "elapsed": 70.843996, "delta": 0.816459}}
{"target": -35.39367494187101, "params": {"C": 5616.080156714078, "gamma": 0.013436508203528905}, "datetime": {"datetime": "2021-09-28 17:26:54", "elapsed": 71.557884, "delta": 0.713888}}
{"target": -35.065455338809706, "params": {"C": 5759.806750837119, "gamma": 0.05416862689284891}, "datetime": {"datetime": "2021-09-28 17:26:54", "elapsed": 72.139531, "delta": 0.581647}}
{"target": -35.12464629516759, "params": {"C": 5518.785670169917, "gamma": 0.05667543320285962}, "datetime": {"datetime": "2021-09-28 17:26:55", "elapsed": 73.100575, "delta": 0.961044}}
{"target": -34.913633525773704, "params": {"C": 5087.726079128455, "gamma": 0.031221579435156008}, "datetime": {"datetime": "2021-09-28 17:26:56", "elapsed": 73.913859, "delta": 0.813284}}
{"target": -35.3348365615055, "params": {"C": 5501.68954307955, "gamma": 0.06726037648923}, "datetime": {"datetime": "2021-09-28 17:26:57", "elapsed": 74.688067, "delta": 0.774208}}
{"target": -35.742181539104614, "params": {"C": 5164.057567694506, "gamma": 0.008919551499022014}, "datetime": {"datetime": "2021-09-28 17:26:58", "elapsed": 75.752043, "delta": 1.063976}}
{"target": -35.04898184604522, "params": {"C": 5518.748074228945, "gamma": 0.05265181179558967}, "datetime": {"datetime": "2021-09-28 17:26:59", "elapsed": 76.668121, "delta": 0.916078}}
{"target": -36.10761981857459, "params": {"C": 5596.466431884482, "gamma": 0.004508268806909656}, "datetime": {"datetime": "2021-09-28 17:27:00", "elapsed": 77.518107, "delta": 0.849986}}
{"target": -35.511584483425, "params": {"C": 5501.707373109632, "gamma": 0.011942515910521024}, "datetime": {"datetime": "2021-09-28 17:27:01", "elapsed": 78.324032, "delta": 0.805925}}
{"target": -35.32106240692926, "params": {"C": 5084.752835561674, "gamma": 0.01494363891441355}, "datetime": {"datetime": "2021-09-28 17:27:01", "elapsed": 79.17867, "delta": 0.854638}}
{"target": -35.09336825721476, "params": {"C": 5084.798208476435, "gamma": 0.05304348822787961}, "datetime": {"datetime": "2021-09-28 17:27:02", "elapsed": 79.905186, "delta": 0.726516}}
{"target": -35.82585336616476, "params": {"C": 5625.454707182552, "gamma": 0.007812084196944907}, "datetime": {"datetime": "2021-09-28 17:27:03", "elapsed": 80.619445, "delta": 0.714259}}
{"target": -35.28020780790074, "params": {"C": 5486.7574361111165, "gamma": 0.06440961552105541}, "datetime": {"datetime": "2021-09-28 17:27:04", "elapsed": 81.401573, "delta": 0.782128}}
{"target": -36.08507340179705, "params": {"C": 5087.721160084529, "gamma": 0.004801777893159911}, "datetime": {"datetime": "2021-09-28 17:27:04", "elapsed": 82.116643, "delta": 0.71507}}
{"target": -34.86676410458655, "params": {"C": 5619.904519697956, "gamma": 0.03917869539772619}, "datetime": {"datetime": "2021-09-28 17:27:05", "elapsed": 82.911547, "delta": 0.794904}}
{"target": -34.93136482616, "params": {"C": 5204.326244665608, "gamma": 0.04200448900605058}, "datetime": {"datetime": "2021-09-28 17:27:06", "elapsed": 83.632765, "delta": 0.721218}}
{"target": -35.064362079121544, "params": {"C": 5342.398495821053, "gamma": 0.05297111633757014}, "datetime": {"datetime": "2021-09-28 17:27:07", "elapsed": 84.786238, "delta": 1.153473}}
{"target": -35.15563916018843, "params": {"C": 5342.411920093112, "gamma": 0.01711932833749212}, "datetime": {"datetime": "2021-09-28 17:27:08", "elapsed": 85.752122, "delta": 0.965884}}
{"target": -35.409404019822546, "params": {"C": 5619.888292934287, "gamma": 0.013223205523140165}, "datetime": {"datetime": "2021-09-28 17:27:09", "elapsed": 86.642006, "delta": 0.889884}}
{"target": -34.864850422967116, "params": {"C": 5617.073527591623, "gamma": 0.038908203241521576}, "datetime": {"datetime": "2021-09-28 17:27:10", "elapsed": 87.756788, "delta": 1.114782}}
{"target": -35.01587444221933, "params": {"C": 5164.058791404157, "gamma": 0.04906033050928779}, "datetime": {"datetime": "2021-09-28 17:27:11", "elapsed": 88.697075, "delta": 0.940287}}
{"target": -34.96272375560032, "params": {"C": 5625.435759111531, "gamma": 0.04796463306753879}, "datetime": {"datetime": "2021-09-28 17:27:12", "elapsed": 89.795179, "delta": 1.098104}}
{"target": -36.011187222715016, "params": {"C": 5617.084697236109, "gamma": 0.005565055433058069}, "datetime": {"datetime": "2021-09-28 17:27:13", "elapsed": 90.581482, "delta": 0.786303}}
{"target": -35.676573008683896, "params": {"C": 5648.19972915588, "gamma": 0.00971572924767673}, "datetime": {"datetime": "2021-09-28 17:27:14", "elapsed": 91.303145, "delta": 0.721663}}
{"target": -34.84347862180851, "params": {"C": 5763.772651526125, "gamma": 0.03786074266760622}, "datetime": {"datetime": "2021-09-28 17:27:15", "elapsed": 92.291176, "delta": 0.988031}}
{"target": -34.86420075930588, "params": {"C": 5501.663354629406, "gamma": 0.034915132724252916}, "datetime": {"datetime": "2021-09-28 17:27:15", "elapsed": 93.130239, "delta": 0.839063}}
{"target": -35.10735599528989, "params": {"C": 5087.749133728909, "gamma": 0.053854088078258366}, "datetime": {"datetime": "2021-09-28 17:27:16", "elapsed": 94.012342, "delta": 0.882103}}
{"target": -35.02603099356394, "params": {"C": 5164.025891207246, "gamma": 0.04974483802679317}, "datetime": {"datetime": "2021-09-28 17:27:17", "elapsed": 94.794795, "delta": 0.782453}}
{"target": -35.99470699976685, "params": {"C": 5486.73376372255, "gamma": 0.005756916388445712}, "datetime": {"datetime": "2021-09-28 17:27:18", "elapsed": 95.710068, "delta": 0.915273}}
{"target": -34.86857169857149, "params": {"C": 5616.122218548982, "gamma": 0.028759703915961055}, "datetime": {"datetime": "2021-09-28 17:27:19", "elapsed": 96.697006, "delta": 0.986938}}
{"target": -34.85557605335703, "params": {"C": 5584.057436116777, "gamma": 0.03448989812925375}, "datetime": {"datetime": "2021-09-28 17:27:20", "elapsed": 97.379953, "delta": 0.682947}}
{"target": -35.28250426864114, "params": {"C": 5617.025788523861, "gamma": 0.06499171273009678}, "datetime": {"datetime": "2021-09-28 17:27:21", "elapsed": 98.292838, "delta": 0.912885}}
{"target": -34.87435010612299, "params": {"C": 5596.419270068846, "gamma": 0.027996942396437234}, "datetime": {"datetime": "2021-09-28 17:27:21", "elapsed": 99.249113, "delta": 0.956275}}
{"target": -34.9016493850496, "params": {"C": 5584.073989675015, "gamma": 0.0428432959912585}, "datetime": {"datetime": "2021-09-28 17:27:22", "elapsed": 100.016271, "delta": 0.767158}}
{"target": -35.015647180507045, "params": {"C": 5584.08678083383, "gamma": 0.01938028025735862}, "datetime": {"datetime": "2021-09-28 17:27:23", "elapsed": 101.111083, "delta": 1.094812}}
{"target": -34.91902963994195, "params": {"C": 5763.807802707908, "gamma": 0.04569670935536127}, "datetime": {"datetime": "2021-09-28 17:27:24", "elapsed": 101.917912, "delta": 0.806829}}
{"target": -35.391784757175124, "params": {"C": 5763.786142057528, "gamma": 0.07072515094570168}, "datetime": {"datetime": "2021-09-28 17:27:25", "elapsed": 102.806221, "delta": 0.888309}}
{"target": -35.13925810758325, "params": {"C": 5342.37614030702, "gamma": 0.01737079174596835}, "datetime": {"datetime": "2021-09-28 17:27:26", "elapsed": 103.696097, "delta": 0.889876}}
{"target": -35.434178840210876, "params": {"C": 5568.9145060606825, "gamma": 0.07192337815125886}, "datetime": {"datetime": "2021-09-28 17:27:27", "elapsed": 104.502841, "delta": 0.806744}}
