{"target": -35.553489140943974, "params": {"C": 6001.281626403678, "gamma": 0.09503807859235085}, "datetime": {"datetime": "2021-09-28 17:23:26", "elapsed": 71.571988, "delta": 0.649888}}
{"target": -36.1807600496781, "params": {"C": 6761.911988155789, "gamma": 0.12883017387333606}, "datetime": {"datetime": "2021-09-28 17:23:26", "elapsed": 72.356576, "delta": 0.784588}}
{"target": -36.50497821681638, "params": {"C": 6464.624202062642, "gamma": 0.1537845320831493}, "datetime": {"datetime": "2021-09-28 17:23:27", "elapsed": 72.935787, "delta": 0.579211}}
{"target": -35.916847095723256, "params": {"C": 6849.324845022163, "gamma": 0.11105784139138819}, "datetime": {"datetime": "2021-09-28 17:23:28", "elapsed": 73.523575, "delta": 0.587788}}
{"target": -35.76551250503065, "params": {"C": 6476.194677199863, "gamma": 0.10420121403991614}, "datetime": {"datetime": "2021-09-28 17:23:28", "elapsed": 74.121199, "delta": 0.597624}}
{"target": -35.11755635721005, "params": {"C": 6978.875501516794, "gamma": 0.07120877216270115}, "datetime": {"datetime": "2021-09-28 17:23:29", "elapsed": 74.72569, "delta": 0.604491}}
{"target": -35.596990643404055, "params": {"C": 6098.268089070437, "gamma": 0.09687222607725796}, "datetime": {"datetime": "2021-09-28 17:23:29", "elapsed": 75.331888, "delta": 0.606198}}
{"target": -35.887058375278954, "params": {"C": 6094.684670775995, "gamma": 0.11323291749593818}, "datetime": {"datetime": "2021-09-28 17:23:30", "elapsed": 75.950636, "delta": 0.618748}}
{"target": -36.43443091671158, "params": {"C": 6951.310722360102, "gamma": 0.1451540843478099}, "datetime": {"datetime": "2021-09-28 17:23:31", "elapsed": 76.61126, "delta": 0.660624}}
{"target": -35.76867417589698, "params": {"C": 6640.333998715385, "gamma": 0.10361540723076887}, "datetime": {"datetime": "2021-09-28 17:23:31", "elapsed": 77.384576, "delta": 0.773316}}
{"target": -36.21567733467781, "params": {"C": 5924.491463179342, "gamma": 0.13604446133858464}, "datetime": {"datetime": "2021-09-28 17:23:32", "elapsed": 78.050574, "delta": 0.665998}}
{"target": -34.62255874844118, "params": {"C": 6960.988855433745, "gamma": 0.0460704583142033}, "datetime": {"datetime": "2021-09-28 17:23:33", "elapsed": 78.681199, "delta": 0.630625}}
{"target": -36.52266026843669, "params": {"C": 6769.768782911423, "gamma": 0.1531705625281367}, "datetime": {"datetime": "2021-09-28 17:23:33", "elapsed": 79.296825, "delta": 0.615626}}
{"target": -35.068122588279955, "params": {"C": 5950.583008813057, "gamma": 0.07217291794534493}, "datetime": {"datetime": "2021-09-28 17:23:34", "elapsed": 79.955118, "delta": 0.658293}}
{"target": -35.353473925473914, "params": {"C": 6072.5987828402895, "gamma": 0.0849056273785249}, "datetime": {"datetime": "2021-09-28 17:23:35", "elapsed": 80.569757, "delta": 0.614639}}
{"target": -35.45510071086611, "params": {"C": 6172.178232425524, "gamma": 0.08942974363583817}, "datetime": {"datetime": "2021-09-28 17:23:35", "elapsed": 81.365141, "delta": 0.795384}}
{"target": -35.90555840521647, "params": {"C": 6352.493113621556, "gamma": 0.11295954809807127}, "datetime": {"datetime": "2021-09-28 17:23:36", "elapsed": 82.058376, "delta": 0.693235}}
{"target": -35.84308835223791, "params": {"C": 6561.634919527087, "gamma": 0.009914913076087004}, "datetime": {"datetime": "2021-09-28 17:23:37", "elapsed": 82.747262, "delta": 0.688886}}
{"target": -36.0055999960613, "params": {"C": 6830.806419354143, "gamma": 0.11660798614033913}, "datetime": {"datetime": "2021-09-28 17:23:38", "elapsed": 83.569681, "delta": 0.822419}}
{"target": -35.862860088985045, "params": {"C": 6691.319849007444, "gamma": 0.00969756392111169}, "datetime": {"datetime": "2021-09-28 17:23:39", "elapsed": 84.42339, "delta": 0.853709}}
{"target": -35.837645862247626, "params": {"C": 6404.846324487715, "gamma": 0.010072906644522053}, "datetime": {"datetime": "2021-09-28 17:23:39", "elapsed": 85.187399, "delta": 0.764009}}
{"target": -35.69528437193628, "params": {"C": 5870.782567005467, "gamma": 0.10320070518019464}, "datetime": {"datetime": "2021-09-28 17:23:40", "elapsed": 85.923322, "delta": 0.735923}}
{"target": -34.54815716503269, "params": {"C": 5939.68565605717, "gamma": 0.02746422771917905}, "datetime": {"datetime": "2021-09-28 17:23:41", "elapsed": 86.570281, "delta": 0.646959}}
{"target": -34.87344458958951, "params": {"C": 5915.3738654755825, "gamma": 0.0626855130109015}, "datetime": {"datetime": "2021-09-28 17:23:41", "elapsed": 87.232137, "delta": 0.661856}}
{"target": -34.89178053817001, "params": {"C": 6018.487324045624, "gamma": 0.06370751403040739}, "datetime": {"datetime": "2021-09-28 17:23:42", "elapsed": 88.055131, "delta": 0.822994}}
{"target": -36.18781231203118, "params": {"C": 6321.808744057806, "gamma": 0.13182390020567797}, "datetime": {"datetime": "2021-09-28 17:23:43", "elapsed": 88.99203, "delta": 0.936899}}
{"target": -35.07189069997085, "params": {"C": 6708.938805431126, "gamma": 0.014878684438959271}, "datetime": {"datetime": "2021-09-28 17:23:44", "elapsed": 89.683406, "delta": 0.691376}}
{"target": -35.9437865875876, "params": {"C": 6657.909814169263, "gamma": 0.11367149270492691}, "datetime": {"datetime": "2021-09-28 17:23:45", "elapsed": 90.514549, "delta": 0.831143}}
{"target": -34.517574218167965, "params": {"C": 5872.530138979233, "gamma": 0.034674491316106185}, "datetime": {"datetime": "2021-09-28 17:23:45", "elapsed": 91.370115, "delta": 0.855566}}
{"target": -36.45478795698711, "params": {"C": 6103.520513484997, "gamma": 0.15220542465249118}, "datetime": {"datetime": "2021-09-28 17:23:46", "elapsed": 92.163452, "delta": 0.793337}}
{"target": -34.6010766773862, "params": {"C": 5954.46022153391, "gamma": 0.024453529738766223}, "datetime": {"datetime": "2021-09-28 17:23:47", "elapsed": 92.931777, "delta": 0.768325}}
{"target": -36.440483995552896, "params": {"C": 5883.909864769833, "gamma": 0.1526066722832032}, "datetime": {"datetime": "2021-09-28 17:23:48", "elapsed": 93.623854, "delta": 0.692077}}
{"target": -34.491790248061726, "params": {"C": 6921.744607199655, "gamma": 0.035542758463306505}, "datetime": {"datetime": "2021-09-28 17:23:48", "elapsed": 94.366476, "delta": 0.742622}}
{"target": -35.620892814206535, "params": {"C": 6326.8670381338015, "gamma": 0.09713321482012335}, "datetime": {"datetime": "2021-09-28 17:23:49", "elapsed": 95.068474, "delta": 0.701998}}
{"target": -35.21262330760358, "params": {"C": 6277.246892506691, "gamma": 0.07772565635623321}, "datetime": {"datetime": "2021-09-28 17:23:50", "elapsed": 95.966932, "delta": 0.898458}}
{"target": -35.6733501719349, "params": {"C": 6443.481439546908, "gamma": 0.09937246714146729}, "datetime": {"datetime": "2021-09-28 17:23:51", "elapsed": 96.725282, "delta": 0.75835}}
{"target": -34.692343660719835, "params": {"C": 6545.905992471306, "gamma": 0.051090951787825675}, "datetime": {"datetime": "2021-09-28 17:23:52", "elapsed": 97.499594, "delta": 0.774312}}
{"target": -35.51964660677667, "params": {"C": 6495.934772706092, "gamma": 0.09135494512623707}, "datetime": {"datetime": "2021-09-28 17:23:52", "elapsed": 98.223037, "delta": 0.723443}}
{"target": -34.51870226736888, "params": {"C": 6680.113765957337, "gamma": 0.02608481983431927}, "datetime": {"datetime": "2021-09-28 17:23:53", "elapsed": 98.962263, "delta": 0.739226}}
{"target": -34.81298263833623, "params": {"C": 6089.780247893952, "gamma": 0.05884818435523248}, "datetime": {"datetime": "2021-09-28 17:23:54", "elapsed": 99.842224, "delta": 0.879961}}
{"target": -34.7888071456187, "params": {"C": 6398.838577166847, "gamma": 0.05715230522372863}, "datetime": {"datetime": "2021-09-28 17:23:55", "elapsed": 100.543404, "delta": 0.70118}}
{"target": -36.179184823511854, "params": {"C": 5878.8669106913385, "gamma": 0.1336942240568965}, "datetime": {"datetime": "2021-09-28 17:23:55", "elapsed": 101.394346, "delta": 0.850942}}
{"target": -34.56451308630508, "params": {"C": 5901.70779274604, "gamma": 0.04051427959956258}, "datetime": {"datetime": "2021-09-28 17:23:56", "elapsed": 102.10383, "delta": 0.709484}}
{"target": -36.513670148002646, "params": {"C": 6032.862538179774, "gamma": 0.15761729211406134}, "datetime": {"datetime": "2021-09-28 17:23:57", "elapsed": 102.829127, "delta": 0.725297}}
{"target": -35.7716362505609, "params": {"C": 6941.90902224361, "gamma": 0.10242615927881439}, "datetime": {"datetime": "2021-09-28 17:23:58", "elapsed": 103.589456, "delta": 0.760329}}
{"target": -36.49528329651142, "params": {"C": 6966.193270790749, "gamma": 0.1496948014763742}, "datetime": {"datetime": "2021-09-28 17:23:58", "elapsed": 104.376118, "delta": 0.786662}}
{"target": -36.11129556899979, "params": {"C": 6149.539364598711, "gamma": 0.12760181050761138}, "datetime": {"datetime": "2021-09-28 17:23:59", "elapsed": 105.168171, "delta": 0.792053}}
{"target": -36.559735505518375, "params": {"C": 6340.44731443204, "gamma": 0.1593610783667364}, "datetime": {"datetime": "2021-09-28 17:24:00", "elapsed": 106.26569, "delta": 1.097519}}
{"target": -34.750916880580284, "params": {"C": 6437.4811914714455, "gamma": 0.018845733146439864}, "datetime": {"datetime": "2021-09-28 17:24:01", "elapsed": 107.246359, "delta": 0.980669}}
{"target": -35.87320482333085, "params": {"C": 6788.109376838565, "gamma": 0.1088015960570581}, "datetime": {"datetime": "2021-09-28 17:24:02", "elapsed": 108.206012, "delta": 0.959653}}
{"target": -36.12811959980622, "params": {"C": 6245.238428312941, "gamma": 0.12820916862614162}, "datetime": {"datetime": "2021-09-28 17:24:03", "elapsed": 109.009197, "delta": 0.803185}}
{"target": -34.650596383837815, "params": {"C": 6529.089885719093, "gamma": 0.020809424096938537}, "datetime": {"datetime": "2021-09-28 17:24:04", "elapsed": 110.016613, "delta": 1.007416}}
{"target": -34.49767898201828, "params": {"C": 6489.068942379471, "gamma": 0.03468418181208283}, "datetime": {"datetime": "2021-09-28 17:24:05", "elapsed": 111.005835, "delta": 0.989222}}
{"target": -34.58774938094082, "params": {"C": 6574.041800811515, "gamma": 0.023028087704129268}, "datetime": {"datetime": "2021-09-28 17:24:06", "elapsed": 111.865209, "delta": 0.859374}}
{"target": -35.069195183401426, "params": {"C": 6561.749551583232, "gamma": 0.07048698033352219}, "datetime": {"datetime": "2021-09-28 17:24:07", "elapsed": 113.011833, "delta": 1.146624}}
{"target": -35.30870456402016, "params": {"C": 6879.064494758222, "gamma": 0.0800306478607759}, "datetime": {"datetime": "2021-09-28 17:24:08", "elapsed": 114.10339, "delta": 1.091557}}
{"target": -35.24321744330488, "params": {"C": 6560.9323931098925, "gamma": 0.07824850365612294}, "datetime": {"datetime": "2021-09-28 17:24:09", "elapsed": 114.964952, "delta": 0.861562}}
{"target": -34.61749913621879, "params": {"C": 6222.299770565563, "gamma": 0.046034646080824526}, "datetime": {"datetime": "2021-09-28 17:24:10", "elapsed": 115.841559, "delta": 0.876607}}
{"target": -36.17315034527193, "params": {"C": 6191.509820712372, "gamma": 0.13152498003414656}, "datetime": {"datetime": "2021-09-28 17:24:11", "elapsed": 116.669799, "delta": 0.82824}}
{"target": -35.128997162616734, "params": {"C": 6921.71190591959, "gamma": 0.0718910836337398}, "datetime": {"datetime": "2021-09-28 17:24:12", "elapsed": 117.685639, "delta": 1.01584}}
{"target": -35.929518923407, "params": {"C": 6561.742700845298, "gamma": 0.009396960180432876}, "datetime": {"datetime": "2021-09-28 17:24:13", "elapsed": 118.579236, "delta": 0.893597}}
{"target": -34.6593711162305, "params": {"C": 6647.203171803624, "gamma": 0.04891524664501898}, "datetime": {"datetime": "2021-09-28 17:24:13", "elapsed": 119.320264, "delta": 0.741028}}
{"target": -35.30357280317396, "params": {"C": 6489.025914562683, "gamma": 0.0811924917480359}, "datetime": {"datetime": "2021-09-28 17:24:14", "elapsed": 120.311895, "delta": 0.991631}}
{"target": -36.38660222636324, "params": {"C": 6807.571258427465, "gamma": 0.14254422966708788}, "datetime": {"datetime": "2021-09-28 17:24:15", "elapsed": 121.160675, "delta": 0.84878}}
{"target": -34.48471864447646, "params": {"C": 6457.815294952417, "gamma": 0.03195883935411273}, "datetime": {"datetime": "2021-09-28 17:24:16", "elapsed": 122.367029, "delta": 1.206354}}
{"target": -34.89838461679386, "params": {"C": 6561.700924493391, "gamma": 0.06305426153430321}, "datetime": {"datetime": "2021-09-28 17:24:17", "elapsed": 123.388261, "delta": 1.021232}}
{"target": -36.128594708489224, "params": {"C": 6207.557736620833, "gamma": 0.12843730249744245}, "datetime": {"datetime": "2021-09-28 17:24:19", "elapsed": 124.53206, "delta": 1.143799}}
{"target": -36.573143742580235, "params": {"C": 6885.977413350456, "gamma": 0.15663993881183383}, "datetime": {"datetime": "2021-09-28 17:24:20", "elapsed": 125.599276, "delta": 1.067216}}
{"target": -34.92389495487798, "params": {"C": 6339.1512955059, "gamma": 0.0648538318999891}, "datetime": {"datetime": "2021-09-28 17:24:21", "elapsed": 126.441537, "delta": 0.842261}}
{"target": -34.591844014357896, "params": {"C": 6489.034681849189, "gamma": 0.023105420840885398}, "datetime": {"datetime": "2021-09-28 17:24:22", "elapsed": 127.466555, "delta": 1.025018}}
{"target": -35.42483903833999, "params": {"C": 6457.776001619308, "gamma": 0.08692867814511802}, "datetime": {"datetime": "2021-09-28 17:24:23", "elapsed": 128.5971, "delta": 1.130545}}
{"target": -34.85723837781157, "params": {"C": 6860.708309167534, "gamma": 0.06014886670509489}, "datetime": {"datetime": "2021-09-28 17:24:24", "elapsed": 129.640938, "delta": 1.043838}}
{"target": -35.10748151585229, "params": {"C": 6796.42262775595, "gamma": 0.07137293707963575}, "datetime": {"datetime": "2021-09-28 17:24:25", "elapsed": 130.660463, "delta": 1.019525}}
{"target": -34.755060056427276, "params": {"C": 5878.314233451707, "gamma": 0.019793518379715592}, "datetime": {"datetime": "2021-09-28 17:24:26", "elapsed": 131.506577, "delta": 0.846114}}
{"target": -36.474979778262814, "params": {"C": 6250.032205626896, "gamma": 0.1528153153269499}, "datetime": {"datetime": "2021-09-28 17:24:26", "elapsed": 132.298231, "delta": 0.791654}}
{"target": -36.725709690514435, "params": {"C": 6879.129981405027, "gamma": 0.005}, "datetime": {"datetime": "2021-09-28 17:24:28", "elapsed": 133.620963, "delta": 1.322732}}
{"target": -36.32071601182905, "params": {"C": 6391.910933998776, "gamma": 0.14038703913599634}, "datetime": {"datetime": "2021-09-28 17:24:28", "elapsed": 134.394243, "delta": 0.77328}}
{"target": -36.68073109806602, "params": {"C": 6435.364603426528, "gamma": 0.005411020800586445}, "datetime": {"datetime": "2021-09-28 17:24:29", "elapsed": 135.223298, "delta": 0.829055}}
{"target": -35.14476512449052, "params": {"C": 6763.6225267923965, "gamma": 0.07311509220628415}, "datetime": {"datetime": "2021-09-28 17:24:30", "elapsed": 136.106407, "delta": 0.883109}}
{"target": -36.41661654502367, "params": {"C": 6115.681740169392, "gamma": 0.14911927313223036}, "datetime": {"datetime": "2021-09-28 17:24:31", "elapsed": 136.982749, "delta": 0.876342}}
{"target": -35.104606795376995, "params": {"C": 5939.644177983557, "gamma": 0.015568819186368293}, "datetime": {"datetime": "2021-09-28 17:24:32", "elapsed": 138.037419, "delta": 1.05467}}
{"target": -34.523927830272264, "params": {"C": 6069.66529886348, "gamma": 0.036483140214252655}, "datetime": {"datetime": "2021-09-28 17:24:33", "elapsed": 139.009535, "delta": 0.972116}}
{"target": -35.01838323354892, "params": {"C": 6921.451295955694, "gamma": 0.0671471674088293}, "datetime": {"datetime": "2021-09-28 17:24:34", "elapsed": 139.842896, "delta": 0.833361}}
{"target": -35.20650630981773, "params": {"C": 6488.8413064064825, "gamma": 0.07682414344047139}, "datetime": {"datetime": "2021-09-28 17:24:35", "elapsed": 140.692432, "delta": 0.849536}}
{"target": -36.20345023623365, "params": {"C": 6806.166948600599, "gamma": 0.13016461303303684}, "datetime": {"datetime": "2021-09-28 17:24:36", "elapsed": 141.506914, "delta": 0.814482}}
{"target": -36.10355144291291, "params": {"C": 6430.2530051427, "gamma": 0.12556784865277393}, "datetime": {"datetime": "2021-09-28 17:24:36", "elapsed": 142.388878, "delta": 0.881964}}
{"target": -36.56182070404285, "params": {"C": 6496.345135020305, "gamma": 0.15840196771937257}, "datetime": {"datetime": "2021-09-28 17:24:37", "elapsed": 143.240498, "delta": 0.85162}}
{"target": -35.407440750487034, "params": {"C": 6728.846920704007, "gamma": 0.012478873275522957}, "datetime": {"datetime": "2021-09-28 17:24:39", "elapsed": 144.556684, "delta": 1.316186}}
{"target": -34.63603746260239, "params": {"C": 6417.599664970244, "gamma": 0.04742600989075716}, "datetime": {"datetime": "2021-09-28 17:24:40", "elapsed": 145.720712, "delta": 1.164028}}
{"target": -36.13419842021239, "params": {"C": 6860.729148133547, "gamma": 0.008004021767472252}, "datetime": {"datetime": "2021-09-28 17:24:41", "elapsed": 147.30887, "delta": 1.588158}}
{"target": -34.7591990277493, "params": {"C": 6247.966239810423, "gamma": 0.05542645060783255}, "datetime": {"datetime": "2021-09-28 17:24:42", "elapsed": 148.230307, "delta": 0.921437}}
{"target": -34.98347227446959, "params": {"C": 5909.184552564475, "gamma": 0.0684982942611052}, "datetime": {"datetime": "2021-09-28 17:24:43", "elapsed": 149.161299, "delta": 0.930992}}
{"target": -34.54446653229431, "params": {"C": 6789.4007458087635, "gamma": 0.024334765512660582}, "datetime": {"datetime": "2021-09-28 17:24:44", "elapsed": 150.243927, "delta": 1.082628}}
{"target": -35.1100478538133, "params": {"C": 6503.53208342545, "gamma": 0.07248997790745734}, "datetime": {"datetime": "2021-09-28 17:24:46", "elapsed": 151.422176, "delta": 1.178249}}
{"target": -34.54093994471331, "params": {"C": 6680.161365325102, "gamma": 0.040135224611850456}, "datetime": {"datetime": "2021-09-28 17:24:47", "elapsed": 152.599918, "delta": 1.177742}}
{"target": -35.547777396818596, "params": {"C": 6680.11566099468, "gamma": 0.0920327207091243}, "datetime": {"datetime": "2021-09-28 17:24:48", "elapsed": 154.219579, "delta": 1.619661}}
{"target": -34.8875774082772, "params": {"C": 6169.767649176722, "gamma": 0.06326455519218172}, "datetime": {"datetime": "2021-09-28 17:24:49", "elapsed": 155.403082, "delta": 1.183503}}
{"target": -35.77239548749259, "params": {"C": 6879.056251595854, "gamma": 0.010092980813371805}, "datetime": {"datetime": "2021-09-28 17:24:51", "elapsed": 156.791556, "delta": 1.388474}}
{"target": -34.67512638647124, "params": {"C": 6503.474716010103, "gamma": 0.020138439238827622}, "datetime": {"datetime": "2021-09-28 17:24:52", "elapsed": 158.053232, "delta": 1.261676}}
{"target": -35.00376288364259, "params": {"C": 6854.462177092262, "gamma": 0.06672770850992443}, "datetime": {"datetime": "2021-09-28 17:24:54", "elapsed": 159.579126, "delta": 1.525894}}
{"target": -35.66393232819694, "params": {"C": 6522.319535083393, "gamma": 0.09853793602045356}, "datetime": {"datetime": "2021-09-28 17:24:55", "elapsed": 160.566596, "delta": 0.98747}}
{"target": -34.96483205081899, "params": {"C": 6921.779657028672, "gamma": 0.06488012432047074}, "datetime": {"datetime": "2021-09-28 17:24:56", "elapsed": 161.649487, "delta": 1.082891}}
{"target": -34.59160103900981, "params": {"C": 6825.765571930411, "gamma": 0.022168423844926028}, "datetime": {"datetime": "2021-09-28 17:24:57", "elapsed": 162.670896, "delta": 1.021409}}
{"target": -34.90575502913272, "params": {"C": 6452.532640998344, "gamma": 0.0637265938062517}, "datetime": {"datetime": "2021-09-28 17:24:58", "elapsed": 164.090663, "delta": 1.419767}}
{"target": -34.5962681793316, "params": {"C": 5994.379597779531, "gamma": 0.024540700812919418}, "datetime": {"datetime": "2021-09-28 17:24:59", "elapsed": 165.249491, "delta": 1.158828}}
{"target": -34.973312573579754, "params": {"C": 5994.409208828054, "gamma": 0.06783297969067223}, "datetime": {"datetime": "2021-09-28 17:25:01", "elapsed": 166.692028, "delta": 1.442537}}
{"target": -35.446759634161204, "params": {"C": 6233.850013269975, "gamma": 0.08879236134804853}, "datetime": {"datetime": "2021-09-28 17:25:02", "elapsed": 167.95915, "delta": 1.267122}}
{"target": -35.418600138006276, "params": {"C": 6491.572153502506, "gamma": 0.012645624972841066}, "datetime": {"datetime": "2021-09-28 17:25:03", "elapsed": 168.861442, "delta": 0.902292}}
{"target": -35.21818846097751, "params": {"C": 6417.560752092146, "gamma": 0.0775555962468292}, "datetime": {"datetime": "2021-09-28 17:25:04", "elapsed": 170.259877, "delta": 1.398435}}
{"target": -34.82462080824662, "params": {"C": 6483.049472411936, "gamma": 0.059136180528580384}, "datetime": {"datetime": "2021-09-28 17:25:06", "elapsed": 171.445128, "delta": 1.185251}}
{"target": -34.48584281453792, "params": {"C": 6728.893725486335, "gamma": 0.03399549634574411}, "datetime": {"datetime": "2021-09-28 17:25:07", "elapsed": 172.407613, "delta": 0.962485}}
{"target": -34.78078685246867, "params": {"C": 6452.470491948573, "gamma": 0.056578018370528525}, "datetime": {"datetime": "2021-09-28 17:25:08", "elapsed": 173.778186, "delta": 1.370573}}
{"target": -34.93371752187501, "params": {"C": 6574.043801304799, "gamma": 0.01637476727087153}, "datetime": {"datetime": "2021-09-28 17:25:09", "elapsed": 174.830035, "delta": 1.051849}}
{"target": -35.75644054505243, "params": {"C": 6948.0655343768585, "gamma": 0.10158575514142125}, "datetime": {"datetime": "2021-09-28 17:25:10", "elapsed": 175.838446, "delta": 1.008411}}
{"target": -34.48545913434165, "params": {"C": 6457.7751718483205, "gamma": 0.03021681911201202}, "datetime": {"datetime": "2021-09-28 17:25:11", "elapsed": 176.835978, "delta": 0.997532}}
{"target": -34.910576937408585, "params": {"C": 6860.65441484534, "gamma": 0.06276807492990533}, "datetime": {"datetime": "2021-09-28 17:25:12", "elapsed": 178.061257, "delta": 1.225279}}
{"target": -34.48833286334103, "params": {"C": 6392.208764127154, "gamma": 0.03036760692412338}, "datetime": {"datetime": "2021-09-28 17:25:14", "elapsed": 179.724952, "delta": 1.663695}}
