{"target": -34.97845878119374, "params": {"C": 4896.396437455156, "gamma": 0.04357755766637408}, "datetime": {"datetime": "2021-09-28 16:26:50", "elapsed": 921.17089, "delta": 5.955658}}
{"target": -34.967874207722126, "params": {"C": 4736.171630405222, "gamma": 0.04075911515236334}, "datetime": {"datetime": "2021-09-28 16:26:55", "elapsed": 926.207557, "delta": 5.036667}}
{"target": -35.191452606616316, "params": {"C": 4860.585350405504, "gamma": 0.056989060894215404}, "datetime": {"datetime": "2021-09-28 16:26:57", "elapsed": 928.823981, "delta": 2.616424}}
{"target": -35.06043408519333, "params": {"C": 4981.102623222639, "gamma": 0.019979747763466296}, "datetime": {"datetime": "2021-09-28 16:27:02", "elapsed": 933.631103, "delta": 4.807122}}
{"target": -35.004427934749756, "params": {"C": 4352.690360344163, "gamma": 0.03757635352559726}, "datetime": {"datetime": "2021-09-28 16:27:07", "elapsed": 938.211876, "delta": 4.580773}}
{"target": -35.14187739808147, "params": {"C": 4787.43321190857, "gamma": 0.05368126541229706}, "datetime": {"datetime": "2021-09-28 16:27:09", "elapsed": 940.964308, "delta": 2.752432}}
{"target": -35.053675609449066, "params": {"C": 4925.9348689753515, "gamma": 0.04960753293386158}, "datetime": {"datetime": "2021-09-28 16:27:27", "elapsed": 958.455388, "delta": 17.49108}}
{"target": -35.688706072794425, "params": {"C": 4476.908476918757, "gamma": 0.009860705701263616}, "datetime": {"datetime": "2021-09-28 16:27:53", "elapsed": 984.246477, "delta": 25.791089}}
{"target": -34.94975640075461, "params": {"C": 4797.713247370417, "gamma": 0.038363537433221406}, "datetime": {"datetime": "2021-09-28 16:28:20", "elapsed": 1011.429114, "delta": 27.182637}}
{"target": -34.982370506762265, "params": {"C": 4498.097618733885, "gamma": 0.029440620978087365}, "datetime": {"datetime": "2021-09-28 16:29:05", "elapsed": 1056.269846, "delta": 44.840732}}
{"target": -35.685645285572086, "params": {"C": 4787.4053529187995, "gamma": 0.009823095847584225}, "datetime": {"datetime": "2021-09-28 16:29:31", "elapsed": 1082.149848, "delta": 25.880002}}
{"target": -35.218022928804885, "params": {"C": 4433.63523807272, "gamma": 0.017461407331983533}, "datetime": {"datetime": "2021-09-28 16:30:05", "elapsed": 1116.723577, "delta": 34.573729}}
{"target": -34.98242070381782, "params": {"C": 4978.2015463837315, "gamma": 0.02369081318632667}, "datetime": {"datetime": "2021-09-28 16:30:35", "elapsed": 1146.705394, "delta": 29.981817}}
{"target": -35.837989615740774, "params": {"C": 4999.292922495558, "gamma": 0.007643561700462168}, "datetime": {"datetime": "2021-09-28 16:31:06", "elapsed": 1177.644285, "delta": 30.938891}}
{"target": -35.081263589189724, "params": {"C": 4448.503489630523, "gamma": 0.0468444600376726}, "datetime": {"datetime": "2021-09-28 16:31:28", "elapsed": 1199.545384, "delta": 21.901099}}
{"target": -35.90600018568087, "params": {"C": 4794.924262207696, "gamma": 0.0068411573339596694}, "datetime": {"datetime": "2021-09-28 16:32:02", "elapsed": 1233.346391, "delta": 33.801007}}
{"target": -35.05071710537576, "params": {"C": 4360.367175720642, "gamma": 0.043616210917645316}, "datetime": {"datetime": "2021-09-28 16:32:28", "elapsed": 1259.59259, "delta": 26.246199}}
{"target": -34.961585626399724, "params": {"C": 4657.369251406353, "gamma": 0.035441898184554815}, "datetime": {"datetime": "2021-09-28 16:32:55", "elapsed": 1286.640972, "delta": 27.048382}}
{"target": -35.406783735456315, "params": {"C": 4794.627277235933, "gamma": 0.01395170572723579}, "datetime": {"datetime": "2021-09-28 16:33:27", "elapsed": 1318.572394, "delta": 31.931422}}
{"target": -34.96821424482929, "params": {"C": 4584.248845164789, "gamma": 0.03190763214077845}, "datetime": {"datetime": "2021-09-28 16:33:59", "elapsed": 1351.01792, "delta": 32.445526}}
{"target": -35.10756148179398, "params": {"C": 4448.491938801133, "gamma": 0.02046849007134764}, "datetime": {"datetime": "2021-09-28 16:34:21", "elapsed": 1372.314199, "delta": 21.296279}}
{"target": -34.96438475519684, "params": {"C": 4618.813033414992, "gamma": 0.031693096666805316}, "datetime": {"datetime": "2021-09-28 16:34:39", "elapsed": 1390.326639, "delta": 18.01244}}
{"target": -34.955350107220916, "params": {"C": 4794.958522195846, "gamma": 0.04009044773407709}, "datetime": {"datetime": "2021-09-28 16:35:19", "elapsed": 1430.274345, "delta": 39.947706}}
{"target": -35.229120168957444, "params": {"C": 4978.330870992695, "gamma": 0.016471734148316295}, "datetime": {"datetime": "2021-09-28 16:35:40", "elapsed": 1451.531801, "delta": 21.257456}}
{"target": -36.164086800510724, "params": {"C": 4258.9956622187065, "gamma": 0.004234055955905572}, "datetime": {"datetime": "2021-09-28 16:36:01", "elapsed": 1472.722404, "delta": 21.190603}}
{"target": -35.392237638481944, "params": {"C": 4352.69319161462, "gamma": 0.014636171131281912}, "datetime": {"datetime": "2021-09-28 16:36:36", "elapsed": 1507.192274, "delta": 34.46987}}
{"target": -35.306449825116474, "params": {"C": 4657.377381430761, "gamma": 0.01566200459301807}, "datetime": {"datetime": "2021-09-28 16:37:15", "elapsed": 1546.09262, "delta": 38.900346}}
{"target": -35.129852245226765, "params": {"C": 4258.982770321231, "gamma": 0.04813072921367656}, "datetime": {"datetime": "2021-09-28 16:37:45", "elapsed": 1576.629075, "delta": 30.536455}}
{"target": -34.92163872876307, "params": {"C": 4999.318560598365, "gamma": 0.036256477379776976}, "datetime": {"datetime": "2021-09-28 16:38:15", "elapsed": 1606.152543, "delta": 29.523468}}
{"target": -35.36176644178621, "params": {"C": 4736.171562369352, "gamma": 0.06533077826848578}, "datetime": {"datetime": "2021-09-28 16:38:49", "elapsed": 1640.641216, "delta": 34.488673}}
{"target": -34.9883643777338, "params": {"C": 4478.760084653098, "gamma": 0.02855829435272165}, "datetime": {"datetime": "2021-09-28 16:39:24", "elapsed": 1676.026926, "delta": 35.38571}}
{"target": -34.951258167556695, "params": {"C": 4975.3390965134795, "gamma": 0.04163545961883418}, "datetime": {"datetime": "2021-09-28 16:39:44", "elapsed": 1696.016807, "delta": 19.989881}}
{"target": -34.92296143035769, "params": {"C": 4978.273744150111, "gamma": 0.03411281256726822}, "datetime": {"datetime": "2021-09-28 16:40:17", "elapsed": 1728.236883, "delta": 32.220076}}
{"target": -35.11860909870941, "params": {"C": 4498.098287580675, "gamma": 0.04994528383686306}, "datetime": {"datetime": "2021-09-28 16:40:41", "elapsed": 1752.596544, "delta": 24.359661}}
{"target": -34.92264712102289, "params": {"C": 4999.261096559597, "gamma": 0.03149123183801937}, "datetime": {"datetime": "2021-09-28 16:40:55", "elapsed": 1766.714409, "delta": 14.117865}}
{"target": -35.005343161263916, "params": {"C": 4927.405235145586, "gamma": 0.046541460357110494}, "datetime": {"datetime": "2021-09-28 16:41:27", "elapsed": 1798.298083, "delta": 31.583674}}
{"target": -34.95351307605517, "params": {"C": 4927.39205417597, "gamma": 0.026228622785010997}, "datetime": {"datetime": "2021-09-28 16:41:51", "elapsed": 1822.152778, "delta": 23.854695}}
{"target": -36.277166263340504, "params": {"C": 4619.118859587758, "gamma": 0.003047657070593773}, "datetime": {"datetime": "2021-09-28 16:42:12", "elapsed": 1843.294783, "delta": 21.142005}}
{"target": -35.97887820700754, "params": {"C": 4618.773970780469, "gamma": 0.005944282707996488}, "datetime": {"datetime": "2021-09-28 16:42:36", "elapsed": 1867.304992, "delta": 24.010209}}
{"target": -34.935817423774935, "params": {"C": 4999.342915636032, "gamma": 0.04024238934824312}, "datetime": {"datetime": "2021-09-28 16:43:01", "elapsed": 1892.685138, "delta": 25.380146}}
{"target": -34.99306076355278, "params": {"C": 4975.414291986629, "gamma": 0.02305247637410327}, "datetime": {"datetime": "2021-09-28 16:43:34", "elapsed": 1925.244978, "delta": 32.55984}}
{"target": -35.67874011122704, "params": {"C": 4498.118660479791, "gamma": 0.01001100292913887}, "datetime": {"datetime": "2021-09-28 16:43:54", "elapsed": 1946.021507, "delta": 20.776529}}
{"target": -36.09609290578993, "params": {"C": 5771.320643266746, "gamma": 0.004597900100673916}, "datetime": {"datetime": "2021-09-28 17:25:42", "elapsed": 0.0, "delta": 0.0}}
{"target": -35.195595222740366, "params": {"C": 5633.648234926275, "gamma": 0.06065789895547311}, "datetime": {"datetime": "2021-09-28 17:25:42", "elapsed": 0.158452, "delta": 0.158452}}
{"target": -34.995264133914, "params": {"C": 5498.507012302591, "gamma": 0.02030934170587527}, "datetime": {"datetime": "2021-09-28 17:25:43", "elapsed": 0.333837, "delta": 0.175385}}
{"target": -35.245844364775955, "params": {"C": 5198.062864759624, "gamma": 0.06156086483931982}, "datetime": {"datetime": "2021-09-28 17:25:43", "elapsed": 0.500553, "delta": 0.166716}}
{"target": -34.987432725738245, "params": {"C": 5499.876800298846, "gamma": 0.04900670349871133}, "datetime": {"datetime": "2021-09-28 17:25:43", "elapsed": 0.766306, "delta": 0.265753}}
{"target": -36.27049110056142, "params": {"C": 5000.0, "gamma": 0.003}, "datetime": {"datetime": "2021-09-28 17:25:43", "elapsed": 1.122882, "delta": 0.356576}}
{"target": -35.89238798173685, "params": {"C": 5321.588650192219, "gamma": 0.006939854950974136}, "datetime": {"datetime": "2021-09-28 17:25:44", "elapsed": 1.463616, "delta": 0.340734}}
{"target": -35.606247531510796, "params": {"C": 6000.0, "gamma": 0.08}, "datetime": {"datetime": "2021-09-28 17:25:44", "elapsed": 1.76868, "delta": 0.305064}}
{"target": -34.91278676056915, "params": {"C": 5568.902708378524, "gamma": 0.0438916687584675}, "datetime": {"datetime": "2021-09-28 17:25:44", "elapsed": 2.114991, "delta": 0.346311}}
{"target": -36.26715374231593, "params": {"C": 5132.767771293184, "gamma": 0.003}, "datetime": {"datetime": "2021-09-28 17:25:45", "elapsed": 2.444215, "delta": 0.329224}}
{"target": -35.43634166520224, "params": {"C": 5901.131392908527, "gamma": 0.07299171270658801}, "datetime": {"datetime": "2021-09-28 17:25:45", "elapsed": 2.734912, "delta": 0.290697}}
{"target": -35.65873322977339, "params": {"C": 5244.321501641701, "gamma": 0.08}, "datetime": {"datetime": "2021-09-28 17:25:45", "elapsed": 3.074512, "delta": 0.3396}}
{"target": -35.6456676296317, "params": {"C": 5419.58008591277, "gamma": 0.08}, "datetime": {"datetime": "2021-09-28 17:25:46", "elapsed": 3.428051, "delta": 0.353539}}
{"target": -36.259038541020445, "params": {"C": 5540.201190214931, "gamma": 0.003}, "datetime": {"datetime": "2021-09-28 17:25:46", "elapsed": 3.724676, "delta": 0.296625}}
{"target": -35.89480529344839, "params": {"C": 5581.9316544263565, "gamma": 0.0069306825897732}, "datetime": {"datetime": "2021-09-28 17:25:46", "elapsed": 4.080847, "delta": 0.356171}}
{"target": -35.618079551311965, "params": {"C": 5561.460337308041, "gamma": 0.010509688847340421}, "datetime": {"datetime": "2021-09-28 17:25:47", "elapsed": 4.36809, "delta": 0.287243}}
{"target": -35.50544740073069, "params": {"C": 5508.389793889206, "gamma": 0.07458584718919632}, "datetime": {"datetime": "2021-09-28 17:25:47", "elapsed": 4.709087, "delta": 0.340997}}
{"target": -34.86264491734149, "params": {"C": 5625.470037542043, "gamma": 0.029884443286401864}, "datetime": {"datetime": "2021-09-28 17:25:47", "elapsed": 5.058076, "delta": 0.348989}}
{"target": -35.08077205596153, "params": {"C": 5618.144164870528, "gamma": 0.0547096306163452}, "datetime": {"datetime": "2021-09-28 17:25:48", "elapsed": 5.394943, "delta": 0.336867}}
{"target": -34.99706634641765, "params": {"C": 5485.270902240654, "gamma": 0.020282782523476463}, "datetime": {"datetime": "2021-09-28 17:25:48", "elapsed": 5.787208, "delta": 0.392265}}
{"target": -36.19208811951544, "params": {"C": 5474.922577792403, "gamma": 0.0036943301517252916}, "datetime": {"datetime": "2021-09-28 17:25:48", "elapsed": 6.109707, "delta": 0.322499}}
{"target": -35.64052104350928, "params": {"C": 5490.771616010504, "gamma": 0.08}, "datetime": {"datetime": "2021-09-28 17:25:49", "elapsed": 6.443847, "delta": 0.33414}}
{"target": -35.63469155991497, "params": {"C": 5572.962824051457, "gamma": 0.08}, "datetime": {"datetime": "2021-09-28 17:25:49", "elapsed": 6.830709, "delta": 0.386862}}
{"target": -35.1644762421002, "params": {"C": 5622.2658421578735, "gamma": 0.05905395377900442}, "datetime": {"datetime": "2021-09-28 17:25:49", "elapsed": 7.104971, "delta": 0.274262}}
{"target": -34.85049312393254, "params": {"C": 5629.104030633904, "gamma": 0.0347422704705989}, "datetime": {"datetime": "2021-09-28 17:25:50", "elapsed": 7.377457, "delta": 0.272486}}
{"target": -36.25790453568826, "params": {"C": 5611.918283196297, "gamma": 0.003}, "datetime": {"datetime": "2021-09-28 17:25:50", "elapsed": 7.731959, "delta": 0.354502}}
{"target": -34.91918963649988, "params": {"C": 5204.351255610156, "gamma": 0.04067208070257053}, "datetime": {"datetime": "2021-09-28 17:25:50", "elapsed": 8.107516, "delta": 0.375557}}
{"target": -35.92501486728016, "params": {"C": 5209.071100238364, "gamma": 0.006579683628508992}, "datetime": {"datetime": "2021-09-28 17:25:51", "elapsed": 8.421791, "delta": 0.314275}}
{"target": -36.26556474118859, "params": {"C": 5201.680655636233, "gamma": 0.003}, "datetime": {"datetime": "2021-09-28 17:25:51", "elapsed": 8.722163, "delta": 0.300372}}
{"target": -35.73591073736928, "params": {"C": 5627.269926474651, "gamma": 0.008936834565121128}, "datetime": {"datetime": "2021-09-28 17:25:51", "elapsed": 9.032972, "delta": 0.310809}}
{"target": -35.26100697010556, "params": {"C": 5624.579647963531, "gamma": 0.015244368546844352}, "datetime": {"datetime": "2021-09-28 17:25:52", "elapsed": 9.310801, "delta": 0.277829}}
{"target": -34.896917051497574, "params": {"C": 5629.990102385711, "gamma": 0.04280811414619189}, "datetime": {"datetime": "2021-09-28 17:25:52", "elapsed": 9.590697, "delta": 0.279896}}
{"target": -34.899110629119235, "params": {"C": 5205.541132086602, "gamma": 0.03232412506758784}, "datetime": {"datetime": "2021-09-28 17:25:52", "elapsed": 9.903691, "delta": 0.312994}}
{"target": -35.16060131426161, "params": {"C": 5567.586484921751, "gamma": 0.05866068759558444}, "datetime": {"datetime": "2021-09-28 17:25:52", "elapsed": 10.193138, "delta": 0.289447}}
{"target": -34.91021506976761, "params": {"C": 5619.925544676172, "gamma": 0.023892775340991542}, "datetime": {"datetime": "2021-09-28 17:25:53", "elapsed": 10.531845, "delta": 0.338707}}
{"target": -35.60267717001624, "params": {"C": 5483.722116326123, "gamma": 0.010743760489684317}, "datetime": {"datetime": "2021-09-28 17:25:53", "elapsed": 10.857557, "delta": 0.325712}}
{"target": -34.868233983608626, "params": {"C": 5486.759132538585, "gamma": 0.03782456880702487}, "datetime": {"datetime": "2021-09-28 17:25:53", "elapsed": 11.238489, "delta": 0.380932}}
{"target": -35.46736333721457, "params": {"C": 5570.350866476113, "gamma": 0.07325256859844882}, "datetime": {"datetime": "2021-09-28 17:25:54", "elapsed": 11.625796, "delta": 0.387307}}
{"target": -35.27723258246781, "params": {"C": 5631.805778146472, "gamma": 0.06477548320332786}, "datetime": {"datetime": "2021-09-28 17:25:54", "elapsed": 12.018239, "delta": 0.392443}}
{"target": -35.40095549683912, "params": {"C": 5488.163535341312, "gamma": 0.07016137080618083}, "datetime": {"datetime": "2021-09-28 17:25:55", "elapsed": 12.354348, "delta": 0.336109}}
{"target": -34.92723579861284, "params": {"C": 5501.70549389446, "gamma": 0.044605693612595435}, "datetime": {"datetime": "2021-09-28 17:25:55", "elapsed": 12.715721, "delta": 0.361373}}
{"target": -34.86458598831057, "params": {"C": 5503.3515274979345, "gamma": 0.03418380301022043}, "datetime": {"datetime": "2021-09-28 17:25:55", "elapsed": 13.025502, "delta": 0.309781}}
{"target": -35.551890987785654, "params": {"C": 5504.916164722955, "gamma": 0.011406380959021578}, "datetime": {"datetime": "2021-09-28 17:25:56", "elapsed": 13.411401, "delta": 0.385899}}
{"target": -34.99804020350046, "params": {"C": 5496.512181121964, "gamma": 0.04967156558364562}, "datetime": {"datetime": "2021-09-28 17:25:56", "elapsed": 13.772177, "delta": 0.360776}}
{"target": -35.21187432287598, "params": {"C": 5494.7103806756195, "gamma": 0.016088394677962404}, "datetime": {"datetime": "2021-09-28 17:25:56", "elapsed": 14.103599, "delta": 0.331422}}
{"target": -35.521665891321824, "params": {"C": 5636.006472688349, "gamma": 0.07561901335321503}, "datetime": {"datetime": "2021-09-28 17:25:57", "elapsed": 14.4256, "delta": 0.322001}}
{"target": -35.19583619200263, "params": {"C": 5195.670211587431, "gamma": 0.05901288450686815}, "datetime": {"datetime": "2021-09-28 17:25:57", "elapsed": 14.813013, "delta": 0.387413}}
{"target": -35.63435093831789, "params": {"C": 5193.326951684158, "gamma": 0.07883160267452938}, "datetime": {"datetime": "2021-09-28 17:25:57", "elapsed": 15.172859, "delta": 0.359846}}
{"target": -34.89304866809185, "params": {"C": 5616.110812075929, "gamma": 0.04222901859883439}, "datetime": {"datetime": "2021-09-28 17:25:58", "elapsed": 15.557363, "delta": 0.384504}}
{"target": -34.985422415632605, "params": {"C": 5614.80267511752, "gamma": 0.04924628010269263}, "datetime": {"datetime": "2021-09-28 17:25:58", "elapsed": 15.915711, "delta": 0.358348}}
{"target": -35.56257236246213, "params": {"C": 5675.07362282339, "gamma": 0.0773732928813977}, "datetime": {"datetime": "2021-09-28 17:25:59", "elapsed": 16.359734, "delta": 0.444023}}
{"target": -34.91876143221963, "params": {"C": 5087.762763122377, "gamma": 0.03932755076582093}, "datetime": {"datetime": "2021-09-28 17:25:59", "elapsed": 16.757736, "delta": 0.398002}}
{"target": -35.71192935038168, "params": {"C": 5089.386191746273, "gamma": 0.009366760013861887}, "datetime": {"datetime": "2021-09-28 17:25:59", "elapsed": 17.104682, "delta": 0.346946}}
{"target": -35.114687796662416, "params": {"C": 5086.318608095986, "gamma": 0.05425780093769737}, "datetime": {"datetime": "2021-09-28 17:26:00", "elapsed": 17.444367, "delta": 0.339685}}
{"target": -34.963527404923624, "params": {"C": 5083.534800117244, "gamma": 0.044068607070541936}, "datetime": {"datetime": "2021-09-28 17:26:00", "elapsed": 17.825158, "delta": 0.380791}}
{"target": -35.379376482325185, "params": {"C": 5081.782193840813, "gamma": 0.014089885834852031}, "datetime": {"datetime": "2021-09-28 17:26:00", "elapsed": 18.189928, "delta": 0.36477}}
{"target": -34.93218197874645, "params": {"C": 5084.778172112732, "gamma": 0.026902342295382603}, "datetime": {"datetime": "2021-09-28 17:26:01", "elapsed": 18.627973, "delta": 0.438045}}
{"target": -35.171205988431474, "params": {"C": 5720.007060307209, "gamma": 0.05973923339030968}, "datetime": {"datetime": "2021-09-28 17:26:01", "elapsed": 19.012303, "delta": 0.38433}}
{"target": -35.298353247682876, "params": {"C": 5717.696334779836, "gamma": 0.06614483767434733}, "datetime": {"datetime": "2021-09-28 17:26:02", "elapsed": 19.453745, "delta": 0.441442}}
{"target": -36.147050974281626, "params": {"C": 5722.153407310852, "gamma": 0.0041137158949760815}, "datetime": {"datetime": "2021-09-28 17:26:02", "elapsed": 19.807205, "delta": 0.35346}}
{"target": -35.08453903994039, "params": {"C": 5714.3536836100675, "gamma": 0.017686733335836775}, "datetime": {"datetime": "2021-09-28 17:26:02", "elapsed": 20.219047, "delta": 0.411842}}
{"target": -35.29293777122528, "params": {"C": 5712.4039090712995, "gamma": 0.06585139407697838}, "datetime": {"datetime": "2021-09-28 17:26:03", "elapsed": 20.642225, "delta": 0.423178}}
{"target": -35.62235801622807, "params": {"C": 5708.7549551211205, "gamma": 0.07988009142374147}, "datetime": {"datetime": "2021-09-28 17:26:03", "elapsed": 21.109438, "delta": 0.467213}}
{"target": -34.913688804101895, "params": {"C": 5164.083638826532, "gamma": 0.028494863492261418}, "datetime": {"datetime": "2021-09-28 17:26:04", "elapsed": 21.500567, "delta": 0.391129}}
{"target": -35.01961576984255, "params": {"C": 5162.529195653685, "gamma": 0.04930415688260283}, "datetime": {"datetime": "2021-09-28 17:26:04", "elapsed": 21.962523, "delta": 0.461956}}
{"target": -35.27218560830398, "params": {"C": 5165.898502716451, "gamma": 0.0627771161213462}, "datetime": {"datetime": "2021-09-28 17:26:05", "elapsed": 22.378243, "delta": 0.41572}}
{"target": -34.923373489685545, "params": {"C": 5160.385035011777, "gamma": 0.027033306014853452}, "datetime": {"datetime": "2021-09-28 17:26:05", "elapsed": 22.793213, "delta": 0.41497}}
{"target": -35.93805616652651, "params": {"C": 5158.523801255892, "gamma": 0.006430671731368058}, "datetime": {"datetime": "2021-09-28 17:26:05", "elapsed": 23.257796, "delta": 0.464583}}
{"target": -34.96669623232692, "params": {"C": 5170.228427337458, "gamma": 0.023353307125411216}, "datetime": {"datetime": "2021-09-28 17:26:06", "elapsed": 23.789086, "delta": 0.53129}}
{"target": -35.212790680612905, "params": {"C": 5171.905306549084, "gamma": 0.05977666720355366}, "datetime": {"datetime": "2021-09-28 17:26:06", "elapsed": 24.227322, "delta": 0.438236}}
{"target": -35.65842582109413, "params": {"C": 5168.606406573583, "gamma": 0.079746061522714}, "datetime": {"datetime": "2021-09-28 17:26:07", "elapsed": 24.69748, "delta": 0.470158}}
{"target": -35.634072796848564, "params": {"C": 5161.360531070883, "gamma": 0.07871642145204227}, "datetime": {"datetime": "2021-09-28 17:26:07", "elapsed": 25.103672, "delta": 0.406192}}
{"target": -35.60005800622537, "params": {"C": 5502.679008032138, "gamma": 0.07838628280047337}, "datetime": {"datetime": "2021-09-28 17:26:08", "elapsed": 25.568157, "delta": 0.464485}}
{"target": -34.85343772546915, "params": {"C": 5596.459215359809, "gamma": 0.03602064218566662}, "datetime": {"datetime": "2021-09-28 17:26:08", "elapsed": 25.947653, "delta": 0.379496}}
{"target": -35.127147668527975, "params": {"C": 5714.220755445393, "gamma": 0.05751324547027216}, "datetime": {"datetime": "2021-09-28 17:26:09", "elapsed": 26.349453, "delta": 0.4018}}
