{"target": -36.8893132301699, "params": {"C": 531.7267731216086, "gamma": 0.0642786491676825}, "datetime": {"datetime": "2021-09-28 13:06:17", "elapsed": 2024.711142, "delta": 6.96939}}
{"target": -36.96063083379727, "params": {"C": 531.7834320160466, "gamma": 0.04260547614283309}, "datetime": {"datetime": "2021-09-28 13:06:25", "elapsed": 2032.48152, "delta": 7.770378}}
{"target": -36.90025153752442, "params": {"C": 531.6824324351066, "gamma": 0.06615662008446815}, "datetime": {"datetime": "2021-09-28 13:06:32", "elapsed": 2039.669009, "delta": 7.187489}}
{"target": -37.31679476546249, "params": {"C": 531.8050367519656, "gamma": 0.10432303956971042}, "datetime": {"datetime": "2021-09-28 13:06:40", "elapsed": 2048.244046, "delta": 8.575037}}
{"target": -37.41396144438301, "params": {"C": 531.714175055118, "gamma": 0.02829602543423756}, "datetime": {"datetime": "2021-09-28 13:06:51", "elapsed": 2058.689878, "delta": 10.445832}}
{"target": -38.21954838615384, "params": {"C": 531.8522049013236, "gamma": 0.01634849332148395}, "datetime": {"datetime": "2021-09-28 13:06:58", "elapsed": 2066.095742, "delta": 7.405864}}
{"target": -38.15994236582799, "params": {"C": 397.44440963008424, "gamma": 0.025037117728620543}, "datetime": {"datetime": "2021-09-28 13:07:03", "elapsed": 2070.725436, "delta": 4.629694}}
{"target": -37.2873780233069, "params": {"C": 531.751690647742, "gamma": 0.10213056919433298}, "datetime": {"datetime": "2021-09-28 13:07:21", "elapsed": 2088.512614, "delta": 17.787178}}
{"target": -37.60023034277433, "params": {"C": 531.6972895350762, "gamma": 0.12460063212530205}, "datetime": {"datetime": "2021-09-28 13:07:31", "elapsed": 2098.973389, "delta": 10.460775}}
{"target": -39.82609864516503, "params": {"C": 573.471648468997, "gamma": 0.005487029016697474}, "datetime": {"datetime": "2021-09-28 13:07:42", "elapsed": 2109.883718, "delta": 10.910329}}
{"target": -37.02798008772088, "params": {"C": 595.6922726059997, "gamma": 0.09999056987486447}, "datetime": {"datetime": "2021-09-28 13:07:52", "elapsed": 2120.192674, "delta": 10.308956}}
{"target": -37.90566395793001, "params": {"C": 595.7161162858533, "gamma": 0.16165647287383983}, "datetime": {"datetime": "2021-09-28 13:08:03", "elapsed": 2130.562543, "delta": 10.369869}}
{"target": -37.22881367449353, "params": {"C": 595.6793940318684, "gamma": 0.027733509628604783}, "datetime": {"datetime": "2021-09-28 13:08:13", "elapsed": 2140.89258, "delta": 10.330037}}
{"target": -36.7238102074012, "params": {"C": 595.6480990723051, "gamma": 0.0738865183135142}, "datetime": {"datetime": "2021-09-28 13:08:26", "elapsed": 2153.440662, "delta": 12.548082}}
{"target": -36.89245600726092, "params": {"C": 595.5935384267152, "gamma": 0.0894992683593087}, "datetime": {"datetime": "2021-09-28 13:08:36", "elapsed": 2163.335695, "delta": 9.895033}}
{"target": -37.5434032507658, "params": {"C": 595.5712618598036, "gamma": 0.13622150512495929}, "datetime": {"datetime": "2021-09-28 13:08:47", "elapsed": 2174.511426, "delta": 11.175731}}
{"target": -36.660247764399614, "params": {"C": 595.5217050394374, "gamma": 0.04889737864397495}, "datetime": {"datetime": "2021-09-28 13:09:01", "elapsed": 2188.463719, "delta": 13.952293}}
{"target": -37.527126225558746, "params": {"C": 595.5529596324894, "gamma": 0.022528270868737668}, "datetime": {"datetime": "2021-09-28 13:09:07", "elapsed": 2194.92983, "delta": 6.466111}}
{"target": -37.99191677525742, "params": {"C": 402.1626684717096, "gamma": 0.10990359516950302}, "datetime": {"datetime": "2021-09-28 13:09:11", "elapsed": 2198.853582, "delta": 3.923752}}
{"target": -36.92202596279644, "params": {"C": 531.4829717410018, "gamma": 0.06927101351720161}, "datetime": {"datetime": "2021-09-28 13:09:18", "elapsed": 2205.648239, "delta": 6.794657}}
{"target": -36.82832826823203, "params": {"C": 595.5198532868652, "gamma": 0.08407191873351016}, "datetime": {"datetime": "2021-09-28 13:09:29", "elapsed": 2216.629944, "delta": 10.981705}}
{"target": -36.649178807060615, "params": {"C": 595.4494230052873, "gamma": 0.061445279756694705}, "datetime": {"datetime": "2021-09-28 13:09:38", "elapsed": 2225.538344, "delta": 8.9084}}
{"target": -37.751897244578274, "params": {"C": 595.4373551587375, "gamma": 0.1509081057048288}, "datetime": {"datetime": "2021-09-28 13:09:44", "elapsed": 2232.241998, "delta": 6.703654}}
{"target": -37.418932379927014, "params": {"C": 595.6255586858616, "gamma": 0.12758685631863018}, "datetime": {"datetime": "2021-09-28 13:09:51", "elapsed": 2239.06343, "delta": 6.821432}}
{"target": -39.71539544746527, "params": {"C": 595.4882196684024, "gamma": 0.005661304837461878}, "datetime": {"datetime": "2021-09-28 13:09:59", "elapsed": 2246.715779, "delta": 7.652349}}
{"target": -36.652509268117974, "params": {"C": 595.3842657121088, "gamma": 0.049935083157377345}, "datetime": {"datetime": "2021-09-28 13:10:07", "elapsed": 2254.764652, "delta": 8.048873}}
{"target": -37.12891121960023, "params": {"C": 595.4728443879909, "gamma": 0.10727209975109134}, "datetime": {"datetime": "2021-09-28 13:10:12", "elapsed": 2259.94908, "delta": 5.184428}}
{"target": -37.1200821672292, "params": {"C": 595.3833598214754, "gamma": 0.10661827575526882}, "datetime": {"datetime": "2021-09-28 13:10:24", "elapsed": 2271.680501, "delta": 11.731421}}
{"target": -36.73303180413328, "params": {"C": 573.7979413402891, "gamma": 0.0646147912638402}, "datetime": {"datetime": "2021-09-28 13:10:33", "elapsed": 2280.64743, "delta": 8.966929}}
{"target": -36.66448450125802, "params": {"C": 595.3224275916159, "gamma": 0.04847042637358276}, "datetime": {"datetime": "2021-09-28 13:10:39", "elapsed": 2286.314786, "delta": 5.667356}}
{"target": -36.79135423249842, "params": {"C": 595.4123606862144, "gamma": 0.08069171255128572}, "datetime": {"datetime": "2021-09-28 13:10:48", "elapsed": 2295.943047, "delta": 9.628261}}
{"target": -39.67734931334072, "params": {"C": 595.3382335763135, "gamma": 0.005803664760509614}, "datetime": {"datetime": "2021-09-28 13:10:55", "elapsed": 2303.089078, "delta": 7.146031}}
{"target": -36.748629013357245, "params": {"C": 595.2913464031819, "gamma": 0.07645788895799575}, "datetime": {"datetime": "2021-09-28 13:11:02", "elapsed": 2309.615206, "delta": 6.526128}}
{"target": -36.641039362706564, "params": {"C": 595.5985425598678, "gamma": 0.05152225915542624}, "datetime": {"datetime": "2021-09-28 13:11:12", "elapsed": 2320.300783, "delta": 10.685577}}
{"target": -38.092150479900084, "params": {"C": 595.3180883696248, "gamma": 0.17432077574207006}, "datetime": {"datetime": "2021-09-28 13:11:21", "elapsed": 2328.557261, "delta": 8.256478}}
{"target": -36.73101253109083, "params": {"C": 595.5639737693346, "gamma": 0.07468700418292437}, "datetime": {"datetime": "2021-09-28 13:11:28", "elapsed": 2336.18046, "delta": 7.623199}}
{"target": -38.337047982037234, "params": {"C": 595.6275610752572, "gamma": 0.013341206260957226}, "datetime": {"datetime": "2021-09-28 13:11:34", "elapsed": 2342.245605, "delta": 6.065145}}
{"target": -36.647156912340826, "params": {"C": 595.3537396276362, "gamma": 0.060770405144803}, "datetime": {"datetime": "2021-09-28 13:11:41", "elapsed": 2348.346326, "delta": 6.100721}}
{"target": -37.75307409544447, "params": {"C": 418.9466450390303, "gamma": 0.09974579088547905}, "datetime": {"datetime": "2021-09-28 13:11:44", "elapsed": 2351.880974, "delta": 3.534648}}
{"target": -38.678421997182205, "params": {"C": 386.36191923343983, "gamma": 0.14935266926808544}, "datetime": {"datetime": "2021-09-28 13:11:48", "elapsed": 2355.720364, "delta": 3.83939}}
{"target": -38.6885586218564, "params": {"C": 248.31484982035022, "gamma": 0.03931792461855059}, "datetime": {"datetime": "2021-09-28 13:11:52", "elapsed": 2359.924036, "delta": 4.203672}}
{"target": -37.557031131787596, "params": {"C": 595.7348729149267, "gamma": 0.022066354114689338}, "datetime": {"datetime": "2021-09-28 13:11:59", "elapsed": 2367.249225, "delta": 7.325189}}
{"target": -36.85791362714598, "params": {"C": 595.9925940212374, "gamma": 0.08675553017626143}, "datetime": {"datetime": "2021-09-28 13:12:06", "elapsed": 2373.386825, "delta": 6.1376}}
{"target": -37.20279413485077, "params": {"C": 573.8251443439599, "gamma": 0.10720164089449719}, "datetime": {"datetime": "2021-09-28 13:12:13", "elapsed": 2381.206138, "delta": 7.819313}}
{"target": -39.93241983160934, "params": {"C": 279.58416074836686, "gamma": 0.1940092848792197}, "datetime": {"datetime": "2021-09-28 13:12:17", "elapsed": 2384.814506, "delta": 3.608368}}
{"target": -36.933193240726254, "params": {"C": 573.5916360898989, "gamma": 0.08646052335426076}, "datetime": {"datetime": "2021-09-28 13:12:24", "elapsed": 2391.653523, "delta": 6.839017}}
{"target": -36.86747671299738, "params": {"C": 595.2272301370776, "gamma": 0.03724074605083994}, "datetime": {"datetime": "2021-09-28 13:12:38", "elapsed": 2405.36126, "delta": 13.707737}}
{"target": -36.640233142737614, "params": {"C": 595.1692873723503, "gamma": 0.057819866202773566}, "datetime": {"datetime": "2021-09-28 13:12:44", "elapsed": 2411.502879, "delta": 6.141619}}
{"target": -36.665806344826365, "params": {"C": 595.1291619933952, "gamma": 0.06500372249629174}, "datetime": {"datetime": "2021-09-28 13:12:52", "elapsed": 2419.589463, "delta": 8.086584}}
{"target": -37.01300921635758, "params": {"C": 820.3191610298302, "gamma": 0.14308882541053045}, "datetime": {"datetime": "2021-09-28 13:23:51", "elapsed": 0.0, "delta": 0.0}}
{"target": -36.720382804171244, "params": {"C": 716.3618955651777, "gamma": 0.10461138301354429}, "datetime": {"datetime": "2021-09-28 13:23:51", "elapsed": 0.219699, "delta": 0.219699}}
{"target": -37.273750356614485, "params": {"C": 957.1787817390618, "gamma": 0.17977715234202044}, "datetime": {"datetime": "2021-09-28 13:23:52", "elapsed": 0.475697, "delta": 0.255998}}
{"target": -36.53379877966793, "params": {"C": 650.2341241855345, "gamma": 0.04541236123694642}, "datetime": {"datetime": "2021-09-28 13:23:52", "elapsed": 0.684699, "delta": 0.209002}}
{"target": -36.82629016035072, "params": {"C": 620.5868813203319, "gamma": 0.09095791951187412}, "datetime": {"datetime": "2021-09-28 13:23:52", "elapsed": 0.939698, "delta": 0.254999}}
{"target": -36.894838203576334, "params": {"C": 611.9504843514268, "gamma": 0.09408247875696867}, "datetime": {"datetime": "2021-09-28 13:23:52", "elapsed": 1.123696, "delta": 0.183998}}
{"target": -38.186315739781904, "params": {"C": 678.259026175654, "gamma": 0.2}, "datetime": {"datetime": "2021-09-28 13:23:53", "elapsed": 1.484698, "delta": 0.361002}}
{"target": -38.30483026097499, "params": {"C": 638.1590661161621, "gamma": 0.2}, "datetime": {"datetime": "2021-09-28 13:23:53", "elapsed": 2.053699, "delta": 0.569001}}
{"target": -36.480833886642785, "params": {"C": 651.4776038808594, "gamma": 0.06138981651597881}, "datetime": {"datetime": "2021-09-28 13:23:54", "elapsed": 2.351703, "delta": 0.298004}}
{"target": -36.286982238396945, "params": {"C": 726.7136603580368, "gamma": 0.06368165860796891}, "datetime": {"datetime": "2021-09-28 13:23:54", "elapsed": 2.757333, "delta": 0.40563}}
{"target": -37.92667625439255, "params": {"C": 735.6358864006025, "gamma": 0.19266714350424605}, "datetime": {"datetime": "2021-09-28 13:23:55", "elapsed": 3.530999, "delta": 0.773666}}
{"target": -37.8866844621896, "params": {"C": 722.3156057782169, "gamma": 0.1874539327107514}, "datetime": {"datetime": "2021-09-28 13:23:55", "elapsed": 4.054997, "delta": 0.523998}}
{"target": -37.28381697032733, "params": {"C": 728.920768319007, "gamma": 0.14566232266238308}, "datetime": {"datetime": "2021-09-28 13:23:56", "elapsed": 4.411732, "delta": 0.356735}}
{"target": -36.79523574932314, "params": {"C": 725.3312910512556, "gamma": 0.029288384428718894}, "datetime": {"datetime": "2021-09-28 13:23:56", "elapsed": 4.698732, "delta": 0.287}}
{"target": -36.81410793324653, "params": {"C": 654.1007252826385, "gamma": 0.0982651285559783}, "datetime": {"datetime": "2021-09-28 13:23:56", "elapsed": 5.056733, "delta": 0.358001}}
{"target": -37.17285151472451, "params": {"C": 713.3995427703468, "gamma": 0.1352136211032796}, "datetime": {"datetime": "2021-09-28 13:23:57", "elapsed": 5.419734, "delta": 0.363001}}
{"target": -36.59167370402269, "params": {"C": 647.2120616371592, "gamma": 0.04200918837773004}, "datetime": {"datetime": "2021-09-28 13:23:57", "elapsed": 5.725734, "delta": 0.306}}
{"target": -38.2848941158937, "params": {"C": 644.5331404667946, "gamma": 0.2}, "datetime": {"datetime": "2021-09-28 13:23:57", "elapsed": 6.037732, "delta": 0.311998}}
{"target": -38.23735352228532, "params": {"C": 648.6500800675715, "gamma": 0.197428658314524}, "datetime": {"datetime": "2021-09-28 13:23:58", "elapsed": 6.412333, "delta": 0.374601}}
{"target": -36.6278989754395, "params": {"C": 726.6462461700099, "gamma": 0.03338016277849609}, "datetime": {"datetime": "2021-09-28 13:23:58", "elapsed": 7.164332, "delta": 0.751999}}
{"target": -37.360463784333135, "params": {"C": 921.1036593704973, "gamma": 0.18092789721171632}, "datetime": {"datetime": "2021-09-28 13:23:59", "elapsed": 7.927337, "delta": 0.763005}}
{"target": -36.9732213161947, "params": {"C": 764.5480760909188, "gamma": 0.13103123074436054}, "datetime": {"datetime": "2021-09-28 13:23:59", "elapsed": 8.168332, "delta": 0.240995}}
{"target": -36.535915097163986, "params": {"C": 960.8197827746108, "gamma": 0.1266469436276049}, "datetime": {"datetime": "2021-09-28 13:24:00", "elapsed": 8.428294, "delta": 0.259962}}
{"target": -37.56947780816297, "params": {"C": 730.1887859989849, "gamma": 0.16586270596882552}, "datetime": {"datetime": "2021-09-28 13:24:00", "elapsed": 8.686296, "delta": 0.258002}}
{"target": -36.265406945954844, "params": {"C": 726.8955378234593, "gamma": 0.05408137916128808}, "datetime": {"datetime": "2021-09-28 13:24:00", "elapsed": 9.045297, "delta": 0.359001}}
{"target": -36.55439839310735, "params": {"C": 651.1526958952996, "gamma": 0.04359246995063204}, "datetime": {"datetime": "2021-09-28 13:24:01", "elapsed": 9.371302, "delta": 0.326005}}
{"target": -36.45243541037538, "params": {"C": 700.0279332894471, "gamma": 0.07728880997253908}, "datetime": {"datetime": "2021-09-28 13:24:01", "elapsed": 9.704297, "delta": 0.332995}}
{"target": -37.57203243197601, "params": {"C": 845.7695242069079, "gamma": 0.01520029479070148}, "datetime": {"datetime": "2021-09-28 13:24:01", "elapsed": 9.965296, "delta": 0.260999}}
{"target": -36.9352791323808, "params": {"C": 700.3728026863495, "gamma": 0.11660651621762516}, "datetime": {"datetime": "2021-09-28 13:24:02", "elapsed": 10.335619, "delta": 0.370323}}
{"target": -36.518563552077744, "params": {"C": 650.6523689997011, "gamma": 0.04666891407528259}, "datetime": {"datetime": "2021-09-28 13:24:02", "elapsed": 10.733618, "delta": 0.397999}}
{"target": -38.38313620586959, "params": {"C": 606.3569661655521, "gamma": 0.19809881923197417}, "datetime": {"datetime": "2021-09-28 13:24:02", "elapsed": 11.026619, "delta": 0.293001}}
{"target": -36.6107807516954, "params": {"C": 614.0416612993691, "gamma": 0.06567093509661556}, "datetime": {"datetime": "2021-09-28 13:24:03", "elapsed": 11.333617, "delta": 0.306998}}
{"target": -36.377027358885954, "params": {"C": 699.6505387665134, "gamma": 0.047470453922795634}, "datetime": {"datetime": "2021-09-28 13:24:03", "elapsed": 11.794623, "delta": 0.461006}}
{"target": -35.99450338252427, "params": {"C": 960.3835952322221, "gamma": 0.08373650698626608}, "datetime": {"datetime": "2021-09-28 13:24:03", "elapsed": 12.223009, "delta": 0.428386}}
{"target": -37.29582107865928, "params": {"C": 968.5854982323004, "gamma": 0.18268251011998105}, "datetime": {"datetime": "2021-09-28 13:24:04", "elapsed": 12.603657, "delta": 0.380648}}
{"target": -37.5386704308404, "params": {"C": 882.4615711161723, "gamma": 0.187834824670418}, "datetime": {"datetime": "2021-09-28 13:24:04", "elapsed": 13.024661, "delta": 0.421004}}
{"target": -36.79804826248482, "params": {"C": 637.6255958501318, "gamma": 0.09309733281956055}, "datetime": {"datetime": "2021-09-28 13:24:05", "elapsed": 13.421329, "delta": 0.396668}}
{"target": -36.5329339578438, "params": {"C": 960.044159705657, "gamma": 0.12632656011213908}, "datetime": {"datetime": "2021-09-28 13:24:05", "elapsed": 13.915326, "delta": 0.493997}}
{"target": -39.00572590991637, "params": {"C": 667.7655840991129, "gamma": 0.007693312608579001}, "datetime": {"datetime": "2021-09-28 13:24:06", "elapsed": 14.296317, "delta": 0.380991}}
{"target": -36.868663891818294, "params": {"C": 699.1802249537318, "gamma": 0.11179071719918812}, "datetime": {"datetime": "2021-09-28 13:24:06", "elapsed": 14.734318, "delta": 0.438001}}
{"target": -37.25560948469241, "params": {"C": 655.3498860552701, "gamma": 0.1293862256321188}, "datetime": {"datetime": "2021-09-28 13:24:06", "elapsed": 15.101318, "delta": 0.367}}
{"target": -36.39067537229799, "params": {"C": 878.675627374258, "gamma": 0.1053380703900664}, "datetime": {"datetime": "2021-09-28 13:24:07", "elapsed": 15.504319, "delta": 0.403001}}
{"target": -37.586502129057855, "params": {"C": 876.602786485098, "gamma": 0.1903444538841054}, "datetime": {"datetime": "2021-09-28 13:24:07", "elapsed": 15.822316, "delta": 0.317997}}
{"target": -36.55180862525007, "params": {"C": 879.1289674025461, "gamma": 0.1178492032475518}, "datetime": {"datetime": "2021-09-28 13:24:08", "elapsed": 16.385097, "delta": 0.562781}}
{"target": -36.54976097777614, "params": {"C": 878.1813441214065, "gamma": 0.11756920851451795}, "datetime": {"datetime": "2021-09-28 13:24:08", "elapsed": 16.836095, "delta": 0.450998}}
{"target": -36.59077169642032, "params": {"C": 637.1004587239456, "gamma": 0.0729537349951424}, "datetime": {"datetime": "2021-09-28 13:24:09", "elapsed": 17.524767, "delta": 0.688672}}
{"target": -39.75439370307134, "params": {"C": 652.0373761958512, "gamma": 0.005}, "datetime": {"datetime": "2021-09-28 13:24:09", "elapsed": 18.117766, "delta": 0.592999}}
{"target": -37.05658602056693, "params": {"C": 872.0286762857091, "gamma": 0.154089450288626}, "datetime": {"datetime": "2021-09-28 13:24:10", "elapsed": 18.519487, "delta": 0.401721}}
{"target": -39.76808858420555, "params": {"C": 646.7178058923078, "gamma": 0.005}, "datetime": {"datetime": "2021-09-28 13:24:10", "elapsed": 19.064492, "delta": 0.545005}}
{"target": -36.61628744331218, "params": {"C": 650.2360013332986, "gamma": 0.04056595602065655}, "datetime": {"datetime": "2021-09-28 13:24:11", "elapsed": 19.594488, "delta": 0.529996}}
{"target": -37.92812205536029, "params": {"C": 650.254842425156, "gamma": 0.17579161677940264}, "datetime": {"datetime": "2021-09-28 13:24:11", "elapsed": 20.067484, "delta": 0.472996}}
{"target": -36.52068363313142, "params": {"C": 726.8100411656517, "gamma": 0.09049627927091376}, "datetime": {"datetime": "2021-09-28 13:24:12", "elapsed": 20.68188, "delta": 0.614396}}
{"target": -36.217997832944704, "params": {"C": 780.1146306278212, "gamma": 0.07328241524422915}, "datetime": {"datetime": "2021-09-28 13:24:12", "elapsed": 21.21888, "delta": 0.537}}
{"target": -35.79575378793362, "params": {"C": 960.4475796913965, "gamma": 0.04791854337448225}, "datetime": {"datetime": "2021-09-28 13:24:13", "elapsed": 21.663878, "delta": 0.444998}}
{"target": -36.74366560103171, "params": {"C": 960.461632927971, "gamma": 0.14285339729987837}, "datetime": {"datetime": "2021-09-28 13:24:13", "elapsed": 22.164879, "delta": 0.501001}}
{"target": -36.580456182205154, "params": {"C": 647.207881617074, "gamma": 0.042540751444259506}, "datetime": {"datetime": "2021-09-28 13:24:14", "elapsed": 22.747459, "delta": 0.58258}}
{"target": -35.85063496043428, "params": {"C": 960.2705291494624, "gamma": 0.04359060660847557}, "datetime": {"datetime": "2021-09-28 13:24:14", "elapsed": 23.171457, "delta": 0.423998}}
{"target": -37.203375893305484, "params": {"C": 960.212101485775, "gamma": 0.1755151443529366}, "datetime": {"datetime": "2021-09-28 13:24:15", "elapsed": 23.58107, "delta": 0.409613}}
{"target": -35.872512699049935, "params": {"C": 960.5960846735726, "gamma": 0.04216959968689609}, "datetime": {"datetime": "2021-09-28 13:24:15", "elapsed": 24.01007, "delta": 0.429}}
{"target": -37.070965879176285, "params": {"C": 960.649973185699, "gamma": 0.16683644847910073}, "datetime": {"datetime": "2021-09-28 13:24:16", "elapsed": 24.555304, "delta": 0.545234}}
{"target": -37.09817926818779, "params": {"C": 960.1754739439048, "gamma": 0.018088840214112705}, "datetime": {"datetime": "2021-09-28 13:24:16", "elapsed": 25.0563, "delta": 0.500996}}
{"target": -37.41076248335858, "params": {"C": 960.3789846095665, "gamma": 0.014899093430425062}, "datetime": {"datetime": "2021-09-28 13:24:17", "elapsed": 25.688301, "delta": 0.632001}}
{"target": -36.38353290074809, "params": {"C": 715.1024331237137, "gamma": 0.0738888725861973}, "datetime": {"datetime": "2021-09-28 13:24:17", "elapsed": 26.139304, "delta": 0.451003}}
{"target": -37.81861020116995, "params": {"C": 960.6486773879034, "gamma": 0.011418889497080472}, "datetime": {"datetime": "2021-09-28 13:24:18", "elapsed": 26.732601, "delta": 0.593297}}
{"target": -36.17542969584059, "params": {"C": 960.3260257798296, "gamma": 0.0987764873694176}, "datetime": {"datetime": "2021-09-28 13:24:19", "elapsed": 27.2506, "delta": 0.517999}}
{"target": -36.00792843893558, "params": {"C": 960.5358055801491, "gamma": 0.036560379030741254}, "datetime": {"datetime": "2021-09-28 13:24:19", "elapsed": 27.737322, "delta": 0.486722}}
{"target": -37.46498998253725, "params": {"C": 726.9021394360648, "gamma": 0.15785239035310197}, "datetime": {"datetime": "2021-09-28 13:24:20", "elapsed": 28.251205, "delta": 0.513883}}
{"target": -36.286561790454456, "params": {"C": 726.7098085619558, "gamma": 0.06358782989722117}, "datetime": {"datetime": "2021-09-28 13:24:20", "elapsed": 28.707977, "delta": 0.456772}}
