{"target": 0.21572493798480796, "params": {"C": 182870.49277191152, "gamma": 0.33383751293763064}, "datetime": {"datetime": "2021-10-04 11:12:58", "elapsed": 56.398016, "delta": 0.617205}}
{"target": 0.16265978749843735, "params": {"C": 217195.37917334007, "gamma": 0.48124090301369843}, "datetime": {"datetime": "2021-10-04 11:12:58", "elapsed": 56.968638, "delta": 0.570622}}
{"target": 0.20760009002820912, "params": {"C": 341397.6579686368, "gamma": 0.30877073774849895}, "datetime": {"datetime": "2021-10-04 11:12:59", "elapsed": 57.501521, "delta": 0.532883}}
{"target": 0.09088018091448768, "params": {"C": 368877.35575114266, "gamma": 0.7369070450289255}, "datetime": {"datetime": "2021-10-04 11:12:59", "elapsed": 58.133093, "delta": 0.631572}}
{"target": 0.08997071847866012, "params": {"C": 367763.82773794356, "gamma": 0.7416809044236666}, "datetime": {"datetime": "2021-10-04 11:13:00", "elapsed": 58.697222, "delta": 0.564129}}
{"target": 0.11452135205336134, "params": {"C": 490450.4997325168, "gamma": 0.62664393376315}, "datetime": {"datetime": "2021-10-04 11:13:01", "elapsed": 59.25286, "delta": 0.555638}}
{"target": 0.19840740271849244, "params": {"C": 488922.847415064, "gamma": 0.3200476127627532}, "datetime": {"datetime": "2021-10-04 11:13:01", "elapsed": 59.787643, "delta": 0.534783}}
{"target": 0.14585700971890136, "params": {"C": 114536.67123570605, "gamma": 0.5149498938510317}, "datetime": {"datetime": "2021-10-04 11:13:02", "elapsed": 60.429151, "delta": 0.641508}}
{"target": 0.20110682736069796, "params": {"C": 446934.13418770226, "gamma": 0.30884324796022683}, "datetime": {"datetime": "2021-10-04 11:13:02", "elapsed": 61.020517, "delta": 0.591366}}
{"target": 0.11222519861348446, "params": {"C": 174986.86621840572, "gamma": 0.6379394932462947}, "datetime": {"datetime": "2021-10-04 11:13:03", "elapsed": 61.606771, "delta": 0.586254}}
{"target": 0.07311696520115629, "params": {"C": 93138.86907451169, "gamma": 0.7520665546174172}, "datetime": {"datetime": "2021-10-04 11:13:03", "elapsed": 62.189083, "delta": 0.582312}}
{"target": 0.059271916648291234, "params": {"C": 76392.16166244207, "gamma": 0.7808576295666403}, "datetime": {"datetime": "2021-10-04 11:13:04", "elapsed": 62.774511, "delta": 0.585428}}
{"target": 0.10743244200613367, "params": {"C": 204278.71811608155, "gamma": 0.6602827689567621}, "datetime": {"datetime": "2021-10-04 11:13:05", "elapsed": 63.39217, "delta": 0.617659}}
{"target": 0.14269546820137902, "params": {"C": 469758.07411375985, "gamma": 0.5285813711064041}, "datetime": {"datetime": "2021-10-04 11:13:05", "elapsed": 63.956185, "delta": 0.564015}}
{"target": 0.1781251864762461, "params": {"C": 499984.42886649125, "gamma": 0.415093979441493}, "datetime": {"datetime": "2021-10-04 11:13:06", "elapsed": 64.52636, "delta": 0.570175}}
{"target": 0.2143908850885532, "params": {"C": 120264.23828223908, "gamma": 0.3478164842007356}, "datetime": {"datetime": "2021-10-04 11:13:06", "elapsed": 65.104297, "delta": 0.577937}}
{"target": 0.1806338123974115, "params": {"C": 309746.8027342049, "gamma": 0.42370148843372124}, "datetime": {"datetime": "2021-10-04 11:13:07", "elapsed": 65.899883, "delta": 0.795586}}
{"target": 0.1919809875707038, "params": {"C": 95792.55243862643, "gamma": 0.3960642810577816}, "datetime": {"datetime": "2021-10-04 11:13:08", "elapsed": 66.486186, "delta": 0.586303}}
{"target": 0.1901045478551, "params": {"C": 484069.7221958871, "gamma": 0.37184836192400483}, "datetime": {"datetime": "2021-10-04 11:13:08", "elapsed": 67.088018, "delta": 0.601832}}
{"target": 0.09073723820753665, "params": {"C": 494097.66485999426, "gamma": 0.7331275744311488}, "datetime": {"datetime": "2021-10-04 11:13:09", "elapsed": 67.738977, "delta": 0.650959}}
{"target": 0.08516341363500968, "params": {"C": 336256.0764783815, "gamma": 0.768681217934182}, "datetime": {"datetime": "2021-10-04 11:13:10", "elapsed": 68.324863, "delta": 0.585886}}
{"target": 0.13331537982534836, "params": {"C": 390876.6377416308, "gamma": 0.5626925299778897}, "datetime": {"datetime": "2021-10-04 11:13:10", "elapsed": 68.942401, "delta": 0.617538}}
{"target": 0.1994737328898979, "params": {"C": 468052.6409796197, "gamma": 0.31820373344148434}, "datetime": {"datetime": "2021-10-04 11:13:11", "elapsed": 69.524989, "delta": 0.582588}}
{"target": 0.13072174200196707, "params": {"C": 69744.07841066187, "gamma": 0.5117554564937175}, "datetime": {"datetime": "2021-10-04 11:13:12", "elapsed": 70.296189, "delta": 0.7712}}
{"target": 0.15323105527173198, "params": {"C": 489720.94908491446, "gamma": 0.4944856152297449}, "datetime": {"datetime": "2021-10-04 11:13:12", "elapsed": 70.92848, "delta": 0.632291}}
{"target": 0.10350974451528916, "params": {"C": 82690.03257428436, "gamma": 0.6105142850797558}, "datetime": {"datetime": "2021-10-04 11:13:13", "elapsed": 71.545202, "delta": 0.616722}}
{"target": 0.1730947286461153, "params": {"C": 158990.52434997336, "gamma": 0.45343943519767765}, "datetime": {"datetime": "2021-10-04 11:13:13", "elapsed": 72.184677, "delta": 0.639475}}
{"target": 0.14497544063783674, "params": {"C": 427390.7440485621, "gamma": 0.5232328363353834}, "datetime": {"datetime": "2021-10-04 11:13:14", "elapsed": 72.78657, "delta": 0.601893}}
{"target": 0.09128040616597666, "params": {"C": 349122.59440452815, "gamma": 0.7354497557794284}, "datetime": {"datetime": "2021-10-04 11:13:15", "elapsed": 73.422064, "delta": 0.635494}}
{"target": 0.07666272684179365, "params": {"C": 138168.21315286483, "gamma": 0.7882404582845051}, "datetime": {"datetime": "2021-10-04 11:13:15", "elapsed": 74.177519, "delta": 0.755455}}
{"target": 0.15169683221582653, "params": {"C": 315153.10261493956, "gamma": 0.5082381571369567}, "datetime": {"datetime": "2021-10-04 11:13:16", "elapsed": 74.832356, "delta": 0.654837}}
{"target": 0.1962382234464065, "params": {"C": 399762.6006813454, "gamma": 0.35801305725292315}, "datetime": {"datetime": "2021-10-04 11:13:17", "elapsed": 75.475226, "delta": 0.64287}}
{"target": 0.20541540857186846, "params": {"C": 373174.1216354866, "gamma": 0.3088042767002528}, "datetime": {"datetime": "2021-10-04 11:13:17", "elapsed": 76.08523, "delta": 0.610004}}
{"target": 0.20182997568863126, "params": {"C": 392846.6839525791, "gamma": 0.3298304053493554}, "datetime": {"datetime": "2021-10-04 11:13:18", "elapsed": 76.802762, "delta": 0.717532}}
{"target": 0.15359386331458014, "params": {"C": 57349.0757618805, "gamma": 0.4367819589909724}, "datetime": {"datetime": "2021-10-04 11:13:19", "elapsed": 77.428537, "delta": 0.625775}}
{"target": 0.16416185340229228, "params": {"C": 207340.752976125, "gamma": 0.4773791756384308}, "datetime": {"datetime": "2021-10-04 11:13:19", "elapsed": 78.055919, "delta": 0.627382}}
{"target": 0.09857214143965842, "params": {"C": 91834.44153915967, "gamma": 0.6413539824927565}, "datetime": {"datetime": "2021-10-04 11:13:20", "elapsed": 78.773625, "delta": 0.717706}}
{"target": 0.09825487755628803, "params": {"C": 220057.14802332927, "gamma": 0.7010193977060453}, "datetime": {"datetime": "2021-10-04 11:13:21", "elapsed": 79.428578, "delta": 0.654953}}
{"target": 0.11764666074112307, "params": {"C": 240061.1959775953, "gamma": 0.6222211787305441}, "datetime": {"datetime": "2021-10-04 11:13:21", "elapsed": 80.099528, "delta": 0.67095}}
{"target": 0.10836960881568836, "params": {"C": 373578.97057779453, "gamma": 0.6557997814222701}, "datetime": {"datetime": "2021-10-04 11:13:22", "elapsed": 80.73492, "delta": 0.635392}}
{"target": 0.1932887101964016, "params": {"C": 457735.07853093714, "gamma": 0.36142250550197497}, "datetime": {"datetime": "2021-10-04 11:13:23", "elapsed": 81.470907, "delta": 0.735987}}
{"target": 0.12493035071426806, "params": {"C": 377557.13556483574, "gamma": 0.5921448482040015}, "datetime": {"datetime": "2021-10-04 11:13:23", "elapsed": 82.125835, "delta": 0.654928}}
{"target": 0.20806615205972145, "params": {"C": 320577.0663199939, "gamma": 0.3173564562375082}, "datetime": {"datetime": "2021-10-04 11:13:24", "elapsed": 82.805727, "delta": 0.679892}}
{"target": 0.09499261935672743, "params": {"C": 94387.34758708233, "gamma": 0.6582157909766797}, "datetime": {"datetime": "2021-10-04 11:13:25", "elapsed": 83.446184, "delta": 0.640457}}
{"target": 0.1575432350172984, "params": {"C": 390550.6759715153, "gamma": 0.4864259471206166}, "datetime": {"datetime": "2021-10-04 11:13:25", "elapsed": 84.154449, "delta": 0.708265}}
{"target": 0.13691417507564818, "params": {"C": 285059.7759389031, "gamma": 0.5553082687027782}, "datetime": {"datetime": "2021-10-04 11:13:26", "elapsed": 84.956569, "delta": 0.80212}}
{"target": 0.1052783825780036, "params": {"C": 400681.91435151413, "gamma": 0.6679079927264413}, "datetime": {"datetime": "2021-10-04 11:13:27", "elapsed": 85.686769, "delta": 0.7302}}
{"target": 0.11942172873714152, "params": {"C": 329801.2431466435, "gamma": 0.6139590558240547}, "datetime": {"datetime": "2021-10-04 11:13:28", "elapsed": 86.388575, "delta": 0.701806}}
{"target": 0.19502674945396514, "params": {"C": 308985.984103429, "gamma": 0.3782779307659815}, "datetime": {"datetime": "2021-10-04 11:13:28", "elapsed": 87.112262, "delta": 0.723687}}
{"target": 0.08663699150564907, "params": {"C": 440207.5722727073, "gamma": 0.7570179427659802}, "datetime": {"datetime": "2021-10-04 11:13:29", "elapsed": 87.903862, "delta": 0.7916}}
{"target": 0.114142348010008, "params": {"C": 189643.6897363857, "gamma": 0.6327166221252744}, "datetime": {"datetime": "2021-10-04 11:13:30", "elapsed": 88.590603, "delta": 0.686741}}
{"target": 0.060325914182395635, "params": {"C": 52676.58533647953, "gamma": 0.6706699638764198}, "datetime": {"datetime": "2021-10-04 11:13:30", "elapsed": 89.231243, "delta": 0.64064}}
{"target": 0.08886730012433952, "params": {"C": 383348.8885000074, "gamma": 0.7469965425194108}, "datetime": {"datetime": "2021-10-04 11:13:31", "elapsed": 89.96392, "delta": 0.732677}}
{"target": 0.1440873071903247, "params": {"C": 152918.7740329777, "gamma": 0.5306341035536895}, "datetime": {"datetime": "2021-10-04 11:13:32", "elapsed": 90.696852, "delta": 0.732932}}
{"target": 0.08491579066131205, "params": {"C": 322416.3609618691, "gamma": 0.7703735538662468}, "datetime": {"datetime": "2021-10-04 11:13:33", "elapsed": 91.400596, "delta": 0.703744}}
{"target": 0.1700839478318915, "params": {"C": 461561.20623841725, "gamma": 0.44381309748485576}, "datetime": {"datetime": "2021-10-04 11:13:33", "elapsed": 92.187481, "delta": 0.786885}}
{"target": 0.03214260093355603, "params": {"C": 51532.91684115269, "gamma": 0.7929250840041263}, "datetime": {"datetime": "2021-10-04 11:13:34", "elapsed": 92.952069, "delta": 0.764588}}
{"target": 0.10557128542972494, "params": {"C": 209387.27061376916, "gamma": 0.668346510135271}, "datetime": {"datetime": "2021-10-04 11:13:35", "elapsed": 93.734, "delta": 0.781931}}
{"target": 0.11075037794277265, "params": {"C": 168725.01379615648, "gamma": 0.6423971811748984}, "datetime": {"datetime": "2021-10-04 11:13:36", "elapsed": 94.435905, "delta": 0.701905}}
{"target": 0.09581722996783637, "params": {"C": 454859.1591952929, "gamma": 0.7091213752788524}, "datetime": {"datetime": "2021-10-04 11:13:36", "elapsed": 95.184993, "delta": 0.749088}}
{"target": 0.127393452578351, "params": {"C": 331767.1582731082, "gamma": 0.5853150809315022}, "datetime": {"datetime": "2021-10-04 11:13:37", "elapsed": 96.005751, "delta": 0.820758}}
{"target": 0.21246299684032466, "params": {"C": 278036.6075401888, "gamma": 0.31023486822373264}, "datetime": {"datetime": "2021-10-04 11:13:38", "elapsed": 96.83946, "delta": 0.833709}}
{"target": 0.1151169573236368, "params": {"C": 95740.79187928989, "gamma": 0.5902823114743578}, "datetime": {"datetime": "2021-10-04 11:13:39", "elapsed": 97.556048, "delta": 0.716588}}
{"target": 0.16130392176017927, "params": {"C": 119096.27469878305, "gamma": 0.47688338682243153}, "datetime": {"datetime": "2021-10-04 11:13:40", "elapsed": 98.426675, "delta": 0.870627}}
{"target": 0.0934645169138949, "params": {"C": 442287.8188603697, "gamma": 0.7211549557267645}, "datetime": {"datetime": "2021-10-04 11:13:40", "elapsed": 99.175786, "delta": 0.749111}}
{"target": 0.18504394196750085, "params": {"C": 249193.89128629433, "gamma": 0.41690681677451885}, "datetime": {"datetime": "2021-10-04 11:13:41", "elapsed": 100.07847, "delta": 0.902684}}
{"target": 0.09530661281932551, "params": {"C": 450859.286790097, "gamma": 0.7117489995791961}, "datetime": {"datetime": "2021-10-04 11:13:42", "elapsed": 100.828899, "delta": 0.750429}}
{"target": 0.19829445192589734, "params": {"C": 291051.25242296455, "gamma": 0.3699395023541206}, "datetime": {"datetime": "2021-10-04 11:13:43", "elapsed": 101.587586, "delta": 0.758687}}
{"target": 0.1101049459856801, "params": {"C": 230004.12130421802, "gamma": 0.6509875889554653}, "datetime": {"datetime": "2021-10-04 11:13:44", "elapsed": 102.358076, "delta": 0.77049}}
{"target": 0.17534846621758027, "params": {"C": 296961.63043485285, "gamma": 0.4403949065608565}, "datetime": {"datetime": "2021-10-04 11:13:45", "elapsed": 103.379721, "delta": 1.021645}}
{"target": 0.2151998900014357, "params": {"C": 133485.7024594093, "gamma": 0.3450999176412887}, "datetime": {"datetime": "2021-10-04 11:13:45", "elapsed": 104.166531, "delta": 0.78681}}
{"target": 0.11526562715938848, "params": {"C": 111742.52824340797, "gamma": 0.6035368555932352}, "datetime": {"datetime": "2021-10-04 11:13:46", "elapsed": 105.075236, "delta": 0.908705}}
{"target": 0.15571800932966995, "params": {"C": 202480.2629847733, "gamma": 0.5008564472146027}, "datetime": {"datetime": "2021-10-04 11:13:47", "elapsed": 105.824199, "delta": 0.748963}}
{"target": 0.1997027551449343, "params": {"C": 237134.61586595466, "gamma": 0.37478233606955824}, "datetime": {"datetime": "2021-10-04 11:13:48", "elapsed": 106.610409, "delta": 0.78621}}
{"target": 0.1779280065963479, "params": {"C": 487873.3502765236, "gamma": 0.4166719641384231}, "datetime": {"datetime": "2021-10-04 11:13:49", "elapsed": 107.366066, "delta": 0.755657}}
{"target": 0.13515731406586595, "params": {"C": 281164.5061288854, "gamma": 0.5611113248582553}, "datetime": {"datetime": "2021-10-04 11:13:50", "elapsed": 108.297198, "delta": 0.931132}}
{"target": 0.19862630418027982, "params": {"C": 480988.10587942693, "gamma": 0.3214945125059656}, "datetime": {"datetime": "2021-10-04 11:13:50", "elapsed": 109.140307, "delta": 0.843109}}
{"target": 0.1805026811021312, "params": {"C": 315118.1371304064, "gamma": 0.42357215805330445}, "datetime": {"datetime": "2021-10-04 11:13:51", "elapsed": 109.884152, "delta": 0.743845}}
{"target": 0.14188837887237538, "params": {"C": 214171.7147918416, "gamma": 0.5411702632365306}, "datetime": {"datetime": "2021-10-04 11:13:52", "elapsed": 110.817982, "delta": 0.93383}}
{"target": 0.0896016365751019, "params": {"C": 371001.12423746835, "gamma": 0.7435165668671554}, "datetime": {"datetime": "2021-10-04 11:13:53", "elapsed": 111.593944, "delta": 0.775962}}
{"target": 0.13523890007048878, "params": {"C": 121839.35708112892, "gamma": 0.547549532561322}, "datetime": {"datetime": "2021-10-04 11:13:54", "elapsed": 112.360646, "delta": 0.766702}}
{"target": 0.2101029060230598, "params": {"C": 209672.1562275969, "gamma": 0.34614945798194013}, "datetime": {"datetime": "2021-10-04 11:13:55", "elapsed": 113.314192, "delta": 0.953546}}
{"target": 0.1706482303379332, "params": {"C": 194499.6863837219, "gamma": 0.46011543671583355}, "datetime": {"datetime": "2021-10-04 11:13:55", "elapsed": 114.116768, "delta": 0.802576}}
{"target": 0.07369295201137671, "params": {"C": 121940.71941769055, "gamma": 0.7910479978335807}, "datetime": {"datetime": "2021-10-04 11:13:56", "elapsed": 115.089301, "delta": 0.972533}}
{"target": 0.18843825801939218, "params": {"C": 486750.8485333922, "gamma": 0.3784952403018993}, "datetime": {"datetime": "2021-10-04 11:13:57", "elapsed": 116.011515, "delta": 0.922214}}
{"target": 0.15349886327673357, "params": {"C": 217929.72984352687, "gamma": 0.5069986767328405}, "datetime": {"datetime": "2021-10-04 11:13:58", "elapsed": 116.920692, "delta": 0.909177}}
{"target": 0.09710889735155559, "params": {"C": 125635.48938554748, "gamma": 0.6801669277165195}, "datetime": {"datetime": "2021-10-04 11:13:59", "elapsed": 117.716631, "delta": 0.795939}}
{"target": 0.034607463920348414, "params": {"C": 51248.45255172977, "gamma": 0.7769553097907547}, "datetime": {"datetime": "2021-10-04 11:14:00", "elapsed": 118.531183, "delta": 0.814552}}
{"target": 0.11078737741967437, "params": {"C": 90353.34477597973, "gamma": 0.5978786202203634}, "datetime": {"datetime": "2021-10-04 11:14:01", "elapsed": 119.371304, "delta": 0.840121}}
{"target": 0.19431741608164277, "params": {"C": 175076.9691358211, "gamma": 0.3982114073491947}, "datetime": {"datetime": "2021-10-04 11:14:01", "elapsed": 120.185429, "delta": 0.814125}}
{"target": 0.1618633866831316, "params": {"C": 123860.53327180896, "gamma": 0.4768951497019076}, "datetime": {"datetime": "2021-10-04 11:14:02", "elapsed": 121.092363, "delta": 0.906934}}
{"target": 0.11486424533273987, "params": {"C": 152065.0409092847, "gamma": 0.6232838923204866}, "datetime": {"datetime": "2021-10-04 11:14:03", "elapsed": 121.925671, "delta": 0.833308}}
{"target": 0.12576227004529716, "params": {"C": 207364.37061736244, "gamma": 0.5926222678969424}, "datetime": {"datetime": "2021-10-04 11:14:04", "elapsed": 122.809701, "delta": 0.88403}}
{"target": 0.1690169723091668, "params": {"C": 62278.18167059537, "gamma": 0.4144172954650232}, "datetime": {"datetime": "2021-10-04 11:14:05", "elapsed": 123.73223, "delta": 0.922529}}
{"target": 0.1241829265591814, "params": {"C": 61656.04515819636, "gamma": 0.5115826933849165}, "datetime": {"datetime": "2021-10-04 11:14:06", "elapsed": 124.534554, "delta": 0.802324}}
{"target": 0.12465486877736243, "params": {"C": 441113.4236566913, "gamma": 0.5905760805303777}, "datetime": {"datetime": "2021-10-04 11:14:07", "elapsed": 125.455494, "delta": 0.92094}}
{"target": 0.0841772907741366, "params": {"C": 291410.7489254514, "gamma": 0.774889565003338}, "datetime": {"datetime": "2021-10-04 11:14:08", "elapsed": 126.300799, "delta": 0.845305}}
{"target": 0.1496403519382321, "params": {"C": 151443.42104879144, "gamma": 0.5148078717159126}, "datetime": {"datetime": "2021-10-04 11:14:08", "elapsed": 127.144244, "delta": 0.843445}}
{"target": 0.15734816791588868, "params": {"C": 236999.52957038835, "gamma": 0.49547647681397267}, "datetime": {"datetime": "2021-10-04 11:14:09", "elapsed": 127.975663, "delta": 0.831419}}
{"target": 0.07738730002869054, "params": {"C": 155633.8402734616, "gamma": 0.7945053469034636}, "datetime": {"datetime": "2021-10-04 11:14:10", "elapsed": 128.853256, "delta": 0.877593}}
{"target": 0.19897041037508734, "params": {"C": 196057.9914434445, "gamma": 0.3832272963214701}, "datetime": {"datetime": "2021-10-04 11:14:11", "elapsed": 129.633545, "delta": 0.780289}}
{"target": 0.15680877335110943, "params": {"C": 296265.36148999864, "gamma": 0.4941116965235943}, "datetime": {"datetime": "2021-10-04 11:14:12", "elapsed": 130.573601, "delta": 0.940056}}
{"target": 0.09950477459614304, "params": {"C": 196727.83747709222, "gamma": 0.6931277559752955}, "datetime": {"datetime": "2021-10-04 11:14:13", "elapsed": 131.365187, "delta": 0.791586}}
{"target": 0.2047451020846497, "params": {"C": 112346.98817177772, "gamma": 0.3712158563222783}, "datetime": {"datetime": "2021-10-04 11:14:14", "elapsed": 132.370696, "delta": 1.005509}}
{"target": 0.09990970529117071, "params": {"C": 287192.2432624572, "gamma": 0.694944446879806}, "datetime": {"datetime": "2021-10-04 11:14:14", "elapsed": 133.212149, "delta": 0.841453}}
{"target": 0.13109110580959893, "params": {"C": 258471.21928380925, "gamma": 0.5750550298682735}, "datetime": {"datetime": "2021-10-04 11:14:15", "elapsed": 134.070209, "delta": 0.85806}}
{"target": 0.08503798047344624, "params": {"C": 183047.80650495508, "gamma": 0.7612210674450794}, "datetime": {"datetime": "2021-10-04 11:14:16", "elapsed": 135.090263, "delta": 1.020054}}
{"target": 0.16924627832535788, "params": {"C": 263918.06394023506, "gamma": 0.46037539208361594}, "datetime": {"datetime": "2021-10-04 11:14:17", "elapsed": 135.897275, "delta": 0.807012}}
{"target": 0.16269988459164697, "params": {"C": 297446.39795454853, "gamma": 0.4768856635069399}, "datetime": {"datetime": "2021-10-04 11:14:18", "elapsed": 136.751168, "delta": 0.853893}}
{"target": 0.10292608515487489, "params": {"C": 343543.72948908806, "gamma": 0.6801465417685401}, "datetime": {"datetime": "2021-10-04 11:14:19", "elapsed": 137.616593, "delta": 0.865425}}
{"target": 0.19470901383083372, "params": {"C": 307663.9477687548, "gamma": 0.3795768985914184}, "datetime": {"datetime": "2021-10-04 11:14:20", "elapsed": 138.452063, "delta": 0.83547}}
{"target": 0.19861476153151336, "params": {"C": 488427.6092897317, "gamma": 0.3175499266130968}, "datetime": {"datetime": "2021-10-04 11:14:21", "elapsed": 139.288796, "delta": 0.836733}}
{"target": 0.08380716443453762, "params": {"C": 170471.75466017722, "gamma": 0.7643582936355637}, "datetime": {"datetime": "2021-10-04 11:14:21", "elapsed": 140.170829, "delta": 0.882033}}
{"target": 0.2211331075106927, "params": {"C": 134270.4134590024, "gamma": 0.3280727030019366}, "datetime": {"datetime": "2021-10-04 11:14:22", "elapsed": 141.015272, "delta": 0.844443}}
{"target": 0.1701817295750474, "params": {"C": 185226.19626134683, "gamma": 0.46150266749690216}, "datetime": {"datetime": "2021-10-04 11:14:23", "elapsed": 141.857953, "delta": 0.842681}}
{"target": 0.09208170895088252, "params": {"C": 190232.42999326703, "gamma": 0.7266768565380306}, "datetime": {"datetime": "2021-10-04 11:14:24", "elapsed": 142.907247, "delta": 1.049294}}
{"target": 0.18135229684549092, "params": {"C": 340151.2951199453, "gamma": 0.4185444492012104}, "datetime": {"datetime": "2021-10-04 11:14:25", "elapsed": 143.720898, "delta": 0.813651}}
