{"target": -42.69459399780126, "params": {"C": 3687.2572515308784, "gamma": 0.0009036654126014022}, "datetime": {"datetime": "2021-09-29 21:24:54", "elapsed": 199.191278, "delta": 3.358551}}
{"target": -42.61701666668623, "params": {"C": 3888.9444314833618, "gamma": 0.0008968963394139734}, "datetime": {"datetime": "2021-09-29 21:24:57", "elapsed": 202.401726, "delta": 3.210448}}
{"target": -42.674572969482774, "params": {"C": 3627.239605450945, "gamma": 0.0009286606738812961}, "datetime": {"datetime": "2021-09-29 21:25:01", "elapsed": 206.331983, "delta": 3.930257}}
{"target": -44.010504003128624, "params": {"C": 3078.9693632345534, "gamma": 0.0005637887696072095}, "datetime": {"datetime": "2021-09-29 21:25:05", "elapsed": 210.046602, "delta": 3.714619}}
{"target": -43.04126979870648, "params": {"C": 3329.800412129036, "gamma": 0.0008291574158351564}, "datetime": {"datetime": "2021-09-29 21:25:07", "elapsed": 212.598418, "delta": 2.551816}}
{"target": -46.52153142300756, "params": {"C": 3687.257024216887, "gamma": 0.00012721928560847063}, "datetime": {"datetime": "2021-09-29 21:25:10", "elapsed": 215.390928, "delta": 2.79251}}
{"target": -44.269629228002046, "params": {"C": 3487.7784016201854, "gamma": 0.0004443597224199678}, "datetime": {"datetime": "2021-09-29 21:25:13", "elapsed": 218.342898, "delta": 2.95197}}
{"target": -45.47446167900141, "params": {"C": 3888.9467645804307, "gamma": 0.0002243665128658239}, "datetime": {"datetime": "2021-09-29 21:25:16", "elapsed": 221.0802, "delta": 2.737302}}
{"target": -43.0752946844995, "params": {"C": 3511.099861945033, "gamma": 0.0007741360067022522}, "datetime": {"datetime": "2021-09-29 21:25:19", "elapsed": 224.046477, "delta": 2.966277}}
{"target": -43.95988893726038, "params": {"C": 2724.148242609098, "gamma": 0.0006498858140235284}, "datetime": {"datetime": "2021-09-29 21:25:22", "elapsed": 226.803318, "delta": 2.756841}}
{"target": -44.589884581962075, "params": {"C": 3329.799998138793, "gamma": 0.0004009349986503952}, "datetime": {"datetime": "2021-09-29 21:25:24", "elapsed": 229.674636, "delta": 2.871318}}
{"target": -45.98250192632642, "params": {"C": 3125.5237750873184, "gamma": 0.00021059966244082952}, "datetime": {"datetime": "2021-09-29 21:25:27", "elapsed": 232.184009, "delta": 2.509373}}
{"target": -43.37761099680776, "params": {"C": 3265.5257090499877, "gamma": 0.000715446972357434}, "datetime": {"datetime": "2021-09-29 21:25:30", "elapsed": 235.040096, "delta": 2.856087}}
{"target": -42.814879720575135, "params": {"C": 3937.349751150384, "gamma": 0.0007942385621272367}, "datetime": {"datetime": "2021-09-29 21:25:33", "elapsed": 238.630834, "delta": 3.590738}}
{"target": -43.71499802454253, "params": {"C": 3192.1627370651972, "gamma": 0.0006237888271440858}, "datetime": {"datetime": "2021-09-29 21:25:37", "elapsed": 242.049738, "delta": 3.418904}}
{"target": -43.83194283988277, "params": {"C": 2627.4278818118837, "gamma": 0.0007142718338946419}, "datetime": {"datetime": "2021-09-29 21:25:40", "elapsed": 245.413566, "delta": 3.363828}}
{"target": -44.888739810969575, "params": {"C": 3329.7580091018503, "gamma": 0.00034854311769908175}, "datetime": {"datetime": "2021-09-29 21:25:44", "elapsed": 248.725682, "delta": 3.312116}}
{"target": -43.58690587546785, "params": {"C": 2627.4254147950974, "gamma": 0.0008010677578777295}, "datetime": {"datetime": "2021-09-29 21:25:47", "elapsed": 251.917097, "delta": 3.191415}}
{"target": -42.61177865129741, "params": {"C": 3937.3521134371213, "gamma": 0.0008889359841161883}, "datetime": {"datetime": "2021-09-29 21:25:50", "elapsed": 254.963006, "delta": 3.045909}}
{"target": -44.001817634466995, "params": {"C": 3937.3684363493467, "gamma": 0.00044766657845408286}, "datetime": {"datetime": "2021-09-29 21:25:53", "elapsed": 258.142811, "delta": 3.179805}}
{"target": -45.396598685553286, "params": {"C": 3487.78061387006, "gamma": 0.00025968526793473197}, "datetime": {"datetime": "2021-09-29 21:25:56", "elapsed": 261.51567, "delta": 3.372859}}
{"target": -42.96843314961368, "params": {"C": 3095.152849518107, "gamma": 0.0009251078299598488}, "datetime": {"datetime": "2021-09-29 21:25:59", "elapsed": 264.576697, "delta": 3.061027}}
{"target": -45.76511176846279, "params": {"C": 3095.1543981024297, "gamma": 0.00024029651444251835}, "datetime": {"datetime": "2021-09-29 21:26:03", "elapsed": 268.530573, "delta": 3.953876}}
{"target": -45.79198793569924, "params": {"C": 3265.5176953721348, "gamma": 0.0002246371445229068}, "datetime": {"datetime": "2021-09-29 21:26:07", "elapsed": 272.147279, "delta": 3.616706}}
{"target": -43.091153713960935, "params": {"C": 3511.0957948294235, "gamma": 0.0007679650802982189}, "datetime": {"datetime": "2021-09-29 21:26:11", "elapsed": 275.974076, "delta": 3.826797}}
{"target": -45.196370151892694, "params": {"C": 3850.8761291932306, "gamma": 0.0002608400998981524}, "datetime": {"datetime": "2021-09-29 21:26:14", "elapsed": 279.471121, "delta": 3.497045}}
{"target": -42.654238909337714, "params": {"C": 3937.366818756419, "gamma": 0.0008676547902181371}, "datetime": {"datetime": "2021-09-29 21:26:17", "elapsed": 282.169467, "delta": 2.698346}}
{"target": -43.47572191363246, "params": {"C": 2627.424713969238, "gamma": 0.0008447056905351746}, "datetime": {"datetime": "2021-09-29 21:26:21", "elapsed": 285.791798, "delta": 3.622331}}
{"target": -42.592503888872265, "params": {"C": 3850.879423164443, "gamma": 0.000918393705906546}, "datetime": {"datetime": "2021-09-29 21:26:24", "elapsed": 289.299826, "delta": 3.508028}}
{"target": -44.97393698460824, "params": {"C": 3511.0944873604562, "gamma": 0.00031792671783726717}, "datetime": {"datetime": "2021-09-29 21:26:28", "elapsed": 293.080336, "delta": 3.78051}}
{"target": -42.74930334016261, "params": {"C": 3408.0545365395637, "gamma": 0.0009466723969592443}, "datetime": {"datetime": "2021-09-29 21:26:32", "elapsed": 297.226125, "delta": 4.145789}}
{"target": -45.690887991803415, "params": {"C": 3766.1510233109775, "gamma": 0.0002064146805689299}, "datetime": {"datetime": "2021-09-29 21:26:35", "elapsed": 300.370214, "delta": 3.144089}}
{"target": -42.7157550771306, "params": {"C": 3408.0566786855607, "gamma": 0.0009645865163588939}, "datetime": {"datetime": "2021-09-29 21:26:38", "elapsed": 303.605072, "delta": 3.234858}}
{"target": -43.544967554259934, "params": {"C": 3937.3578534697226, "gamma": 0.0005530310071238232}, "datetime": {"datetime": "2021-09-29 21:26:42", "elapsed": 306.897424, "delta": 3.292352}}
{"target": -45.66670401197611, "params": {"C": 3627.2359832915554, "gamma": 0.00021696762974370587}, "datetime": {"datetime": "2021-09-29 21:26:46", "elapsed": 310.762939, "delta": 3.865515}}
{"target": -43.92919599408326, "params": {"C": 3687.252211338199, "gamma": 0.0004924707512017555}, "datetime": {"datetime": "2021-09-29 21:26:49", "elapsed": 314.312674, "delta": 3.549735}}
{"target": -43.65729068661931, "params": {"C": 3078.9677393109105, "gamma": 0.000663498679959992}, "datetime": {"datetime": "2021-09-29 21:26:53", "elapsed": 318.292029, "delta": 3.979355}}
{"target": -43.14524666217625, "params": {"C": 3014.9227876099058, "gamma": 0.0008669860040078044}, "datetime": {"datetime": "2021-09-29 21:26:57", "elapsed": 322.704274, "delta": 4.412245}}
{"target": -46.35125121603957, "params": {"C": 2619.6060473376156, "gamma": 0.00020015539292815747}, "datetime": {"datetime": "2021-09-29 21:27:01", "elapsed": 326.572847, "delta": 3.868573}}
{"target": -42.743817478053806, "params": {"C": 3329.7618384934403, "gamma": 0.0009716083176107391}, "datetime": {"datetime": "2021-09-29 21:27:05", "elapsed": 330.104571, "delta": 3.531724}}
{"target": -46.45433723541399, "params": {"C": 2938.861007713444, "gamma": 0.0001668265620094839}, "datetime": {"datetime": "2021-09-29 21:27:08", "elapsed": 333.614933, "delta": 3.510362}}
{"target": -44.17739015093398, "params": {"C": 2932.6128914445417, "gamma": 0.0005475961141172581}, "datetime": {"datetime": "2021-09-29 21:27:12", "elapsed": 337.476732, "delta": 3.861799}}
{"target": -44.23127960434316, "params": {"C": 3823.48720384191, "gamma": 0.0004143261739009433}, "datetime": {"datetime": "2021-09-29 21:27:15", "elapsed": 340.610051, "delta": 3.133319}}
{"target": -45.76122529321235, "params": {"C": 3303.504174743215, "gamma": 0.00022589110423741707}, "datetime": {"datetime": "2021-09-29 21:27:19", "elapsed": 344.480042, "delta": 3.869991}}
{"target": -43.27372921666208, "params": {"C": 3888.9369673154656, "gamma": 0.0006366937819584501}, "datetime": {"datetime": "2021-09-29 21:27:23", "elapsed": 348.431355, "delta": 3.951313}}
{"target": -42.73081162513498, "params": {"C": 3265.5253802908082, "gamma": 0.000997809442355693}, "datetime": {"datetime": "2021-09-29 21:27:27", "elapsed": 352.512552, "delta": 4.081197}}
{"target": -42.818985634610016, "params": {"C": 3937.3515392123213, "gamma": 0.0007924926673176189}, "datetime": {"datetime": "2021-09-29 21:27:31", "elapsed": 356.23662, "delta": 3.724068}}
{"target": -43.21995274956115, "params": {"C": 2696.91813522255, "gamma": 0.0009328989941785973}, "datetime": {"datetime": "2021-09-29 21:27:35", "elapsed": 360.130159, "delta": 3.893539}}
{"target": -44.950431176636904, "params": {"C": 2933.242842043001, "gamma": 0.0003827307559698625}, "datetime": {"datetime": "2021-09-29 21:27:38", "elapsed": 362.744056, "delta": 2.613897}}
{"target": -44.02081835585753, "params": {"C": 3408.0511304344923, "gamma": 0.0005090013632315987}, "datetime": {"datetime": "2021-09-29 21:27:42", "elapsed": 366.786265, "delta": 4.042209}}
{"target": -43.93470166982686, "params": {"C": 3408.0497944454823, "gamma": 0.00052946274346539}, "datetime": {"datetime": "2021-09-29 21:27:45", "elapsed": 370.60642, "delta": 3.820155}}
{"target": -42.98868614870265, "params": {"C": 3511.1032199389465, "gamma": 0.0008091421530964669}, "datetime": {"datetime": "2021-09-29 21:27:48", "elapsed": 373.293496, "delta": 2.687076}}
{"target": -42.95052096213116, "params": {"C": 3937.375219978695, "gamma": 0.0007395346576054637}, "datetime": {"datetime": "2021-09-29 21:27:52", "elapsed": 377.409886, "delta": 4.11639}}
{"target": -43.125939188190095, "params": {"C": 2752.1130412038374, "gamma": 0.0009586536635350725}, "datetime": {"datetime": "2021-09-29 21:27:55", "elapsed": 380.645913, "delta": 3.236027}}
{"target": -44.1507948691739, "params": {"C": 3047.2390493061384, "gamma": 0.0005341064738257551}, "datetime": {"datetime": "2021-09-29 21:28:00", "elapsed": 384.817033, "delta": 4.17112}}
{"target": -46.39695802306648, "params": {"C": 2933.2501144662897, "gamma": 0.00017367008684266116}, "datetime": {"datetime": "2021-09-29 21:28:04", "elapsed": 389.432465, "delta": 4.615432}}
{"target": -43.01066418138847, "params": {"C": 3888.9429393367636, "gamma": 0.0007255161368910842}, "datetime": {"datetime": "2021-09-29 21:28:08", "elapsed": 392.908715, "delta": 3.47625}}
{"target": -44.84328981254201, "params": {"C": 3095.1526899723394, "gamma": 0.00038221262287429673}, "datetime": {"datetime": "2021-09-29 21:28:12", "elapsed": 396.980707, "delta": 4.071992}}
{"target": -43.838413660475275, "params": {"C": 2724.1541605625384, "gamma": 0.000687291656068864}, "datetime": {"datetime": "2021-09-29 21:28:16", "elapsed": 401.29273, "delta": 4.312023}}
{"target": -44.195774521960104, "params": {"C": 3937.3441127000756, "gamma": 0.0004095724374123468}, "datetime": {"datetime": "2021-09-29 21:28:20", "elapsed": 405.407681, "delta": 4.114951}}
{"target": -46.35558947218874, "params": {"C": 3924.8496032417534, "gamma": 0.0001337453079149519}, "datetime": {"datetime": "2021-09-29 21:28:24", "elapsed": 409.10642, "delta": 3.698739}}
{"target": -43.09814934859698, "params": {"C": 3416.798237662797, "gamma": 0.0007856365687598329}, "datetime": {"datetime": "2021-09-29 21:28:28", "elapsed": 413.443335, "delta": 4.336915}}
{"target": -43.34472918373023, "params": {"C": 2752.1136890581856, "gamma": 0.0008595203078142052}, "datetime": {"datetime": "2021-09-29 21:28:32", "elapsed": 417.091734, "delta": 3.648399}}
{"target": -43.301490763286225, "params": {"C": 3627.2429941835126, "gamma": 0.000671044455567077}, "datetime": {"datetime": "2021-09-29 21:28:35", "elapsed": 420.565761, "delta": 3.474027}}
{"target": -45.1357122315704, "params": {"C": 3125.5162847689107, "gamma": 0.00032907727309858}, "datetime": {"datetime": "2021-09-29 21:28:39", "elapsed": 424.396497, "delta": 3.830736}}
{"target": -43.14958515601372, "params": {"C": 3627.2422789450784, "gamma": 0.0007229158847771266}, "datetime": {"datetime": "2021-09-29 21:28:44", "elapsed": 429.001493, "delta": 4.604996}}
{"target": -45.98909141779372, "params": {"C": 3498.8057482991185, "gamma": 0.00018773337199911731}, "datetime": {"datetime": "2021-09-29 21:28:48", "elapsed": 433.665147, "delta": 4.663654}}
{"target": -44.83084162486546, "params": {"C": 3888.94262753339, "gamma": 0.0003084789193543542}, "datetime": {"datetime": "2021-09-29 21:28:53", "elapsed": 438.125383, "delta": 4.460236}}
{"target": -42.69482370349054, "params": {"C": 3408.0534857331895, "gamma": 0.0009760491218415383}, "datetime": {"datetime": "2021-09-29 21:28:57", "elapsed": 442.463913, "delta": 4.33853}}
{"target": -43.80422672716383, "params": {"C": 2833.610689067502, "gamma": 0.0006718518545572434}, "datetime": {"datetime": "2021-09-29 21:29:02", "elapsed": 447.529347, "delta": 5.065434}}
{"target": -43.845172815125835, "params": {"C": 3078.9666685031098, "gamma": 0.0006082037521575068}, "datetime": {"datetime": "2021-09-29 21:29:07", "elapsed": 452.687649, "delta": 5.158302}}
{"target": -44.930434438890686, "params": {"C": 3627.244528493561, "gamma": 0.0003145829063764314}, "datetime": {"datetime": "2021-09-29 21:29:13", "elapsed": 458.399459, "delta": 5.71181}}
{"target": -42.78880588881213, "params": {"C": 3304.7024964181714, "gamma": 0.0009548012170060087}, "datetime": {"datetime": "2021-09-29 21:29:18", "elapsed": 463.220052, "delta": 4.820593}}
{"target": -44.27835399989745, "params": {"C": 3148.246080973776, "gamma": 0.0004882906068384243}, "datetime": {"datetime": "2021-09-29 21:29:23", "elapsed": 468.597821, "delta": 5.377769}}
{"target": -43.75647896735954, "params": {"C": 2833.6135144208347, "gamma": 0.0006868815433849965}, "datetime": {"datetime": "2021-09-29 21:29:27", "elapsed": 471.979025, "delta": 3.381204}}
{"target": -43.844066901403814, "params": {"C": 3014.9221079106183, "gamma": 0.0006210128338663242}, "datetime": {"datetime": "2021-09-29 21:29:32", "elapsed": 477.672541, "delta": 5.693516}}
{"target": -44.89288712438296, "params": {"C": 3823.493776183812, "gamma": 0.0003044230661579447}, "datetime": {"datetime": "2021-09-29 21:29:37", "elapsed": 482.190479, "delta": 4.517938}}
{"target": -43.511394255936054, "params": {"C": 3192.161939271841, "gamma": 0.0006861514910628426}, "datetime": {"datetime": "2021-09-29 21:29:42", "elapsed": 486.831898, "delta": 4.641419}}
{"target": -46.14424268241342, "params": {"C": 3937.35054883045, "gamma": 0.00015235530278522746}, "datetime": {"datetime": "2021-09-29 21:29:46", "elapsed": 491.266118, "delta": 4.43422}}
{"target": -47.02193130532308, "params": {"C": 2627.428501933542, "gamma": 0.00012042510994093738}, "datetime": {"datetime": "2021-09-29 21:29:51", "elapsed": 496.405327, "delta": 5.139209}}
{"target": -44.12526404308088, "params": {"C": 3888.9496545901666, "gamma": 0.00042801281266366105}, "datetime": {"datetime": "2021-09-29 21:29:57", "elapsed": 502.15001, "delta": 5.744683}}
{"target": -44.276626689378375, "params": {"C": 3125.5205677024774, "gamma": 0.0004920987328712855}, "datetime": {"datetime": "2021-09-29 21:30:03", "elapsed": 508.047813, "delta": 5.897803}}
{"target": -44.91036991598075, "params": {"C": 2752.1136138107236, "gamma": 0.0004150520572285995}, "datetime": {"datetime": "2021-09-29 21:30:09", "elapsed": 513.862039, "delta": 5.814226}}
{"target": -42.752401612036145, "params": {"C": 3850.8826146217903, "gamma": 0.0008392156179896248}, "datetime": {"datetime": "2021-09-29 21:30:14", "elapsed": 519.258928, "delta": 5.396889}}
{"target": -45.80956553662519, "params": {"C": 3850.8887143380243, "gamma": 0.00018921556346493154}, "datetime": {"datetime": "2021-09-29 21:30:19", "elapsed": 524.329998, "delta": 5.07107}}
{"target": -44.1424038763419, "params": {"C": 3265.526883677163, "gamma": 0.0005016112489103849}, "datetime": {"datetime": "2021-09-29 21:30:24", "elapsed": 529.308528, "delta": 4.97853}}
{"target": -43.104448009499414, "params": {"C": 3094.996490232785, "gamma": 0.0008624889393513931}, "datetime": {"datetime": "2021-09-29 21:30:30", "elapsed": 535.001458, "delta": 5.69293}}
{"target": -45.99148391079374, "params": {"C": 3888.9445843223557, "gamma": 0.00016893878627478667}, "datetime": {"datetime": "2021-09-29 21:30:36", "elapsed": 541.060674, "delta": 6.059216}}
{"target": -43.069759250005575, "params": {"C": 2901.572515533924, "gamma": 0.0009358449285440147}, "datetime": {"datetime": "2021-09-29 21:30:42", "elapsed": 547.192717, "delta": 6.132043}}
{"target": -43.06166755422847, "params": {"C": 3078.968243324489, "gamma": 0.0008860323490502084}, "datetime": {"datetime": "2021-09-29 21:30:48", "elapsed": 553.031273, "delta": 5.838556}}
{"target": -45.56431627685752, "params": {"C": 3125.5222935750962, "gamma": 0.00026503390463686457}, "datetime": {"datetime": "2021-09-29 21:30:54", "elapsed": 559.37957, "delta": 6.348297}}
{"target": -43.17405652851861, "params": {"C": 2967.44143331089, "gamma": 0.0008680183417684552}, "datetime": {"datetime": "2021-09-29 21:31:00", "elapsed": 565.543354, "delta": 6.163784}}
{"target": -44.619722902023426, "params": {"C": 3937.373965063869, "gamma": 0.00033670671209237263}, "datetime": {"datetime": "2021-09-29 21:31:05", "elapsed": 570.302504, "delta": 4.75915}}
{"target": -45.527067062772545, "params": {"C": 3937.370437985178, "gamma": 0.00021566907539524892}, "datetime": {"datetime": "2021-09-29 21:31:14", "elapsed": 579.249797, "delta": 8.947293}}
{"target": -42.99164286116602, "params": {"C": 3294.3809001901936, "gamma": 0.0008595451418195309}, "datetime": {"datetime": "2021-09-29 21:31:22", "elapsed": 587.207562, "delta": 7.957765}}
{"target": -46.96049796228217, "params": {"C": 3078.9657970922035, "gamma": 0.00010851241581236755}, "datetime": {"datetime": "2021-09-29 21:31:29", "elapsed": 594.382788, "delta": 7.175226}}
{"target": -46.65884141110261, "params": {"C": 3408.055921199657, "gamma": 0.00012467907671227313}, "datetime": {"datetime": "2021-09-29 21:31:35", "elapsed": 600.375941, "delta": 5.993153}}
{"target": -43.32152022308103, "params": {"C": 2511.64339214635, "gamma": 0.0009526487699949834}, "datetime": {"datetime": "2021-09-29 21:31:42", "elapsed": 606.929718, "delta": 6.553777}}
{"target": -42.80473212981699, "params": {"C": 3487.784806867769, "gamma": 0.0008976735474656699}, "datetime": {"datetime": "2021-09-29 21:31:49", "elapsed": 614.163224, "delta": 7.233506}}
{"target": -42.90907788857354, "params": {"C": 3047.240561953815, "gamma": 0.0009695519634143427}, "datetime": {"datetime": "2021-09-29 21:31:55", "elapsed": 620.122722, "delta": 5.959498}}
{"target": -43.14715559815395, "params": {"C": 2723.9633818535503, "gamma": 0.0009581785586653417}, "datetime": {"datetime": "2021-09-29 21:32:01", "elapsed": 626.630461, "delta": 6.507739}}
{"target": -43.8420814337893, "params": {"C": 2752.1116738549686, "gamma": 0.0006793003200007737}, "datetime": {"datetime": "2021-09-29 21:32:08", "elapsed": 632.805361, "delta": 6.1749}}
{"target": -44.4845462824897, "params": {"C": 3850.8819667516755, "gamma": 0.0003662308024019429}, "datetime": {"datetime": "2021-09-29 21:32:14", "elapsed": 638.951144, "delta": 6.145783}}
{"target": -43.01175087870613, "params": {"C": 3498.80567282217, "gamma": 0.0008023118407354831}, "datetime": {"datetime": "2021-09-29 21:32:24", "elapsed": 649.213297, "delta": 10.262153}}
{"target": -42.99944513405975, "params": {"C": 3329.801445529705, "gamma": 0.0008471824973040176}, "datetime": {"datetime": "2021-09-29 21:32:36", "elapsed": 660.933072, "delta": 11.719775}}
{"target": -43.487316933675096, "params": {"C": 3785.3897223291906, "gamma": 0.0005897047581032329}, "datetime": {"datetime": "2021-09-29 21:32:44", "elapsed": 669.51589, "delta": 8.582818}}
{"target": -44.082210563487756, "params": {"C": 3498.8123214597767, "gamma": 0.0004826511410328422}, "datetime": {"datetime": "2021-09-29 21:32:52", "elapsed": 677.327703, "delta": 7.811813}}
{"target": -43.97723559183496, "params": {"C": 3650.7319752177164, "gamma": 0.0004863183080542525}, "datetime": {"datetime": "2021-09-29 21:32:59", "elapsed": 683.859877, "delta": 6.532174}}
{"target": -46.629975358397715, "params": {"C": 3937.357242589358, "gamma": 0.00011033130797527252}, "datetime": {"datetime": "2021-09-29 21:33:05", "elapsed": 690.396343, "delta": 6.536466}}
{"target": -42.805713700959636, "params": {"C": 3850.8748682621535, "gamma": 0.0008152616130567879}, "datetime": {"datetime": "2021-09-29 21:33:14", "elapsed": 698.789965, "delta": 8.393622}}
{"target": -43.68933094792023, "params": {"C": 3329.7523246313312, "gamma": 0.0006061730013089565}, "datetime": {"datetime": "2021-09-29 21:33:20", "elapsed": 704.885307, "delta": 6.095342}}
{"target": -42.917337569213586, "params": {"C": 3294.378689502843, "gamma": 0.0008936397147909828}, "datetime": {"datetime": "2021-09-29 21:33:27", "elapsed": 712.373868, "delta": 7.488561}}
{"target": -42.74018796792376, "params": {"C": 3329.7512650972017, "gamma": 0.0009735825657948236}, "datetime": {"datetime": "2021-09-29 21:33:36", "elapsed": 721.17702, "delta": 8.803152}}
{"target": -43.150585167766216, "params": {"C": 2627.43000911007, "gamma": 0.0009918691523199562}, "datetime": {"datetime": "2021-09-29 21:33:44", "elapsed": 729.19309, "delta": 8.01607}}
{"target": -43.231518447385966, "params": {"C": 3408.058199985299, "gamma": 0.0007370389813436935}, "datetime": {"datetime": "2021-09-29 21:33:53", "elapsed": 738.667749, "delta": 9.474659}}
