{"target": -34.666608807692775, "params": {"C": 16717.97850036915, "gamma": 0.0389647180352525}, "datetime": {"datetime": "2021-09-29 07:50:03", "elapsed": 566.547332, "delta": 3.504547}}
{"target": -34.815311793465625, "params": {"C": 17159.284863480574, "gamma": 0.04417193601726432}, "datetime": {"datetime": "2021-09-29 07:50:09", "elapsed": 572.025346, "delta": 5.478014}}
{"target": -35.87907822283628, "params": {"C": 18866.25898024132, "gamma": 0.07387640688595602}, "datetime": {"datetime": "2021-09-29 07:50:11", "elapsed": 574.662567, "delta": 2.637221}}
{"target": -35.36123309716995, "params": {"C": 15076.29110332713, "gamma": 0.06290828564591727}, "datetime": {"datetime": "2021-09-29 07:50:15", "elapsed": 578.062525, "delta": 3.399958}}
{"target": -36.203940665014855, "params": {"C": 15810.690768025483, "gamma": 0.09214571360754564}, "datetime": {"datetime": "2021-09-29 07:50:18", "elapsed": 580.881953, "delta": 2.819428}}
{"target": -35.64719229968112, "params": {"C": 16358.164621825246, "gamma": 0.07015194160596241}, "datetime": {"datetime": "2021-09-29 07:50:23", "elapsed": 586.454535, "delta": 5.572582}}
{"target": -34.38546592260555, "params": {"C": 13623.109542775666, "gamma": 0.026505034827424872}, "datetime": {"datetime": "2021-09-29 07:50:27", "elapsed": 590.659444, "delta": 4.204909}}
{"target": -34.57758767933172, "params": {"C": 15757.65404476671, "gamma": 0.035526945637657}, "datetime": {"datetime": "2021-09-29 07:50:30", "elapsed": 593.721335, "delta": 3.061891}}
{"target": -35.42045172253003, "params": {"C": 15278.07601167681, "gamma": 0.008112033667631515}, "datetime": {"datetime": "2021-09-29 07:50:33", "elapsed": 596.622097, "delta": 2.900762}}
{"target": -34.578418111157525, "params": {"C": 15092.635250828856, "gamma": 0.013605124803206074}, "datetime": {"datetime": "2021-09-29 07:50:38", "elapsed": 601.602208, "delta": 4.980111}}
{"target": -35.3683975079662, "params": {"C": 16051.210007966203, "gamma": 0.06175482576735933}, "datetime": {"datetime": "2021-09-29 07:50:42", "elapsed": 605.298506, "delta": 3.696298}}
{"target": -34.83237697613367, "params": {"C": 13179.631262424055, "gamma": 0.012128885919375894}, "datetime": {"datetime": "2021-09-29 07:50:45", "elapsed": 608.181575, "delta": 2.883069}}
{"target": -35.05113910392076, "params": {"C": 16717.911254364608, "gamma": 0.05150088783670576}, "datetime": {"datetime": "2021-09-29 07:50:49", "elapsed": 612.502401, "delta": 4.320826}}
{"target": -34.43059042301609, "params": {"C": 14047.308158904674, "gamma": 0.028853964315580335}, "datetime": {"datetime": "2021-09-29 07:50:52", "elapsed": 615.054109, "delta": 2.551708}}
{"target": -34.76032650710819, "params": {"C": 14271.614771717639, "gamma": 0.04497618284004531}, "datetime": {"datetime": "2021-09-29 07:50:55", "elapsed": 618.333983, "delta": 3.279874}}
{"target": -34.31320355270059, "params": {"C": 16409.662027431667, "gamma": 0.01823622333823016}, "datetime": {"datetime": "2021-09-29 07:50:59", "elapsed": 622.317211, "delta": 3.983228}}
{"target": -34.63657366407514, "params": {"C": 16496.0208853463, "gamma": 0.03771552150526224}, "datetime": {"datetime": "2021-09-29 07:51:02", "elapsed": 625.072023, "delta": 2.754812}}
{"target": -34.48750698838609, "params": {"C": 14394.387738100431, "gamma": 0.03180586622457261}, "datetime": {"datetime": "2021-09-29 07:51:05", "elapsed": 628.657058, "delta": 3.585035}}
{"target": -34.372057001222814, "params": {"C": 15092.657456682035, "gamma": 0.02514948120684761}, "datetime": {"datetime": "2021-09-29 07:51:09", "elapsed": 632.097185, "delta": 3.440127}}
{"target": -35.76819903001586, "params": {"C": 15003.526077306782, "gamma": 0.07671626827251758}, "datetime": {"datetime": "2021-09-29 07:51:13", "elapsed": 636.331652, "delta": 4.234467}}
{"target": -36.249831264872455, "params": {"C": 13341.058418411869, "gamma": 0.005261173413612843}, "datetime": {"datetime": "2021-09-29 07:51:16", "elapsed": 639.361306, "delta": 3.029654}}
{"target": -36.15427849960831, "params": {"C": 16259.561335823291, "gamma": 0.08902012797501217}, "datetime": {"datetime": "2021-09-29 07:51:19", "elapsed": 641.844629, "delta": 2.483323}}
{"target": -34.458765701010094, "params": {"C": 14930.780075451092, "gamma": 0.029992029905254465}, "datetime": {"datetime": "2021-09-29 07:51:21", "elapsed": 644.641492, "delta": 2.796863}}
{"target": -34.56304690506401, "params": {"C": 14930.763733346781, "gamma": 0.013863917407366887}, "datetime": {"datetime": "2021-09-29 07:51:25", "elapsed": 647.940056, "delta": 3.298564}}
{"target": -35.34517911559472, "params": {"C": 18760.59663596551, "gamma": 0.05776915676514461}, "datetime": {"datetime": "2021-09-29 07:51:27", "elapsed": 650.382876, "delta": 2.44282}}
{"target": -35.998838644268425, "params": {"C": 16604.581763369002, "gamma": 0.0820969203190234}, "datetime": {"datetime": "2021-09-29 07:51:29", "elapsed": 652.82425, "delta": 2.441374}}
{"target": -34.74564301684113, "params": {"C": 16717.85108969273, "gamma": 0.04225155542291965}, "datetime": {"datetime": "2021-09-29 07:51:34", "elapsed": 656.896888, "delta": 4.072638}}
{"target": -35.81764737091422, "params": {"C": 18168.494564641183, "gamma": 0.07291686747557485}, "datetime": {"datetime": "2021-09-29 07:51:36", "elapsed": 659.205034, "delta": 2.308146}}
{"target": -35.96436977695193, "params": {"C": 15757.65075377354, "gamma": 0.08250673116037112}, "datetime": {"datetime": "2021-09-29 07:51:40", "elapsed": 663.197669, "delta": 3.992635}}
{"target": -36.216641452238385, "params": {"C": 14726.613146437334, "gamma": 0.00513653847491805}, "datetime": {"datetime": "2021-09-29 07:51:43", "elapsed": 666.44439, "delta": 3.246721}}
{"target": -36.003800887548785, "params": {"C": 17538.350790710334, "gamma": 0.0054541619704736}, "datetime": {"datetime": "2021-09-29 07:51:46", "elapsed": 669.688489, "delta": 3.244099}}
{"target": -34.56946894490106, "params": {"C": 17159.349855666234, "gamma": 0.034213325484838054}, "datetime": {"datetime": "2021-09-29 07:51:51", "elapsed": 674.206431, "delta": 4.517942}}
{"target": -34.82027493146339, "params": {"C": 13756.118577764768, "gamma": 0.04763891228093837}, "datetime": {"datetime": "2021-09-29 07:51:55", "elapsed": 677.892601, "delta": 3.68617}}
{"target": -35.06892175247427, "params": {"C": 13754.745792043657, "gamma": 0.010416174321784087}, "datetime": {"datetime": "2021-09-29 07:52:02", "elapsed": 684.887448, "delta": 6.994847}}
{"target": -34.77133976086006, "params": {"C": 15092.483905020306, "gamma": 0.044548042887334216}, "datetime": {"datetime": "2021-09-29 07:52:05", "elapsed": 688.582742, "delta": 3.695294}}
{"target": -35.6644420689836, "params": {"C": 18082.735921606203, "gamma": 0.06811238237960347}, "datetime": {"datetime": "2021-09-29 07:52:08", "elapsed": 691.059446, "delta": 2.476704}}
{"target": -34.528379310095076, "params": {"C": 14639.971659777555, "gamma": 0.014476052346067678}, "datetime": {"datetime": "2021-09-29 07:52:10", "elapsed": 693.610607, "delta": 2.551161}}
{"target": -36.20750237574721, "params": {"C": 15964.675608986141, "gamma": 0.0918940560224615}, "datetime": {"datetime": "2021-09-29 07:52:13", "elapsed": 695.89162, "delta": 2.281013}}
{"target": -35.82941134493306, "params": {"C": 16495.997199226953, "gamma": 0.07610724833485256}, "datetime": {"datetime": "2021-09-29 07:52:17", "elapsed": 700.738489, "delta": 4.846869}}
{"target": -36.31678478648018, "params": {"C": 13147.76127983242, "gamma": 0.00502496306209934}, "datetime": {"datetime": "2021-09-29 07:52:22", "elapsed": 705.712782, "delta": 4.974293}}
{"target": -35.75624597079929, "params": {"C": 14121.215921974532, "gamma": 0.0780675595901704}, "datetime": {"datetime": "2021-09-29 07:52:25", "elapsed": 708.702778, "delta": 2.989996}}
{"target": -34.62444120501619, "params": {"C": 13423.934618161547, "gamma": 0.03946463827309956}, "datetime": {"datetime": "2021-09-29 07:52:29", "elapsed": 712.192863, "delta": 3.490085}}
{"target": -34.47198331477599, "params": {"C": 15118.962006410147, "gamma": 0.03061541206791431}, "datetime": {"datetime": "2021-09-29 07:52:32", "elapsed": 715.016425, "delta": 2.823562}}
{"target": -34.75458377181904, "params": {"C": 13147.673253170151, "gamma": 0.045974882194196785}, "datetime": {"datetime": "2021-09-29 07:52:36", "elapsed": 719.029061, "delta": 4.012636}}
{"target": -34.312547208857694, "params": {"C": 13623.07722391235, "gamma": 0.02107884612050874}, "datetime": {"datetime": "2021-09-29 07:52:40", "elapsed": 723.039687, "delta": 4.010626}}
{"target": -35.54580544535476, "params": {"C": 14394.32440535341, "gamma": 0.07006582231558048}, "datetime": {"datetime": "2021-09-29 07:52:43", "elapsed": 726.52703, "delta": 3.487343}}
{"target": -36.20007133092587, "params": {"C": 13453.843484187277, "gamma": 0.09879058591641368}, "datetime": {"datetime": "2021-09-29 07:52:46", "elapsed": 729.27379, "delta": 2.74676}}
{"target": -34.83450110929111, "params": {"C": 13210.682530043716, "gamma": 0.012099852862241713}, "datetime": {"datetime": "2021-09-29 07:52:51", "elapsed": 733.889021, "delta": 4.615231}}
{"target": -35.77030406469498, "params": {"C": 18679.393606359827, "gamma": 0.006080281865163482}, "datetime": {"datetime": "2021-09-29 07:52:53", "elapsed": 736.82031, "delta": 2.931289}}
{"target": -35.538528346316056, "params": {"C": 14905.144863440642, "gamma": 0.06893808349271803}, "datetime": {"datetime": "2021-09-29 07:52:57", "elapsed": 740.15227, "delta": 3.33196}}
{"target": -35.53926966136646, "params": {"C": 14271.579152317003, "gamma": 0.07006135591006508}, "datetime": {"datetime": "2021-09-29 07:53:04", "elapsed": 746.935881, "delta": 6.783611}}
{"target": -35.292936595875446, "params": {"C": 14394.38175836081, "gamma": 0.061739899231644156}, "datetime": {"datetime": "2021-09-29 07:53:10", "elapsed": 753.259423, "delta": 6.323542}}
{"target": -35.039898228224615, "params": {"C": 13272.352627182961, "gamma": 0.05523956158037119}, "datetime": {"datetime": "2021-09-29 07:53:15", "elapsed": 758.79977, "delta": 5.540347}}
{"target": -35.07931369085669, "params": {"C": 18732.384960615498, "gamma": 0.050351788027837074}, "datetime": {"datetime": "2021-09-29 07:53:18", "elapsed": 761.542437, "delta": 2.742667}}
{"target": -35.200881123478425, "params": {"C": 16630.837373510374, "gamma": 0.00881235498520807}, "datetime": {"datetime": "2021-09-29 07:53:24", "elapsed": 766.975025, "delta": 5.432588}}
{"target": -34.35534708326081, "params": {"C": 14394.368771657411, "gamma": 0.024456987284197908}, "datetime": {"datetime": "2021-09-29 07:53:30", "elapsed": 773.154499, "delta": 6.179474}}
{"target": -36.12285392771368, "params": {"C": 17695.35731937118, "gamma": 0.08461845994644152}, "datetime": {"datetime": "2021-09-29 07:53:32", "elapsed": 775.830999, "delta": 2.6765}}
{"target": -35.334920874837174, "params": {"C": 16717.90757744483, "gamma": 0.008139334285124034}, "datetime": {"datetime": "2021-09-29 07:53:36", "elapsed": 779.119757, "delta": 3.288758}}
{"target": -36.051708364196344, "params": {"C": 14271.648973898044, "gamma": 0.08953026716409404}, "datetime": {"datetime": "2021-09-29 07:53:39", "elapsed": 782.476407, "delta": 3.35665}}
{"target": -35.00867054414439, "params": {"C": 18195.798709518287, "gamma": 0.009367647305900666}, "datetime": {"datetime": "2021-09-29 07:53:42", "elapsed": 785.030175, "delta": 2.553768}}
{"target": -35.56563219142554, "params": {"C": 17331.646856319006, "gamma": 0.06608493454456217}, "datetime": {"datetime": "2021-09-29 07:53:45", "elapsed": 788.508231, "delta": 3.478056}}
{"target": -35.18904801539243, "params": {"C": 15118.9992601476, "gamma": 0.05747409917236068}, "datetime": {"datetime": "2021-09-29 07:53:48", "elapsed": 791.828796, "delta": 3.320565}}
{"target": -34.64974228299151, "params": {"C": 13623.075549914583, "gamma": 0.040501625957260055}, "datetime": {"datetime": "2021-09-29 07:53:53", "elapsed": 796.469544, "delta": 4.640748}}
{"target": -36.11412009759522, "params": {"C": 14964.536845298777, "gamma": 0.09048434514133064}, "datetime": {"datetime": "2021-09-29 07:53:56", "elapsed": 799.15846, "delta": 2.688916}}
{"target": -34.82309295562895, "params": {"C": 15076.360062746648, "gamma": 0.011377943524432686}, "datetime": {"datetime": "2021-09-29 07:53:59", "elapsed": 802.659666, "delta": 3.501206}}
{"target": -34.6761672523134, "params": {"C": 13754.335758894074, "gamma": 0.04165347915465308}, "datetime": {"datetime": "2021-09-29 07:54:03", "elapsed": 806.634065, "delta": 3.974399}}
{"target": -36.202592306717975, "params": {"C": 17901.500403991653, "gamma": 0.08714108868907966}, "datetime": {"datetime": "2021-09-29 07:54:09", "elapsed": 812.265432, "delta": 5.631367}}
{"target": -35.59073762120967, "params": {"C": 13087.009423347186, "gamma": 0.07415253189349143}, "datetime": {"datetime": "2021-09-29 07:54:12", "elapsed": 815.207947, "delta": 2.942515}}
{"target": -35.23228302646991, "params": {"C": 13236.265749177495, "gamma": 0.009676414536362449}, "datetime": {"datetime": "2021-09-29 07:54:15", "elapsed": 817.982458, "delta": 2.774511}}
{"target": -35.83971226177928, "params": {"C": 13147.65691209626, "gamma": 0.08351604435620942}, "datetime": {"datetime": "2021-09-29 07:54:18", "elapsed": 821.524971, "delta": 3.542513}}
{"target": -35.89545984738778, "params": {"C": 13307.752308495663, "gamma": 0.08538913521279512}, "datetime": {"datetime": "2021-09-29 07:54:22", "elapsed": 825.36715, "delta": 3.842179}}
{"target": -34.290690874553405, "params": {"C": 17901.425147396745, "gamma": 0.019121344111248505}, "datetime": {"datetime": "2021-09-29 07:54:27", "elapsed": 830.547358, "delta": 5.180208}}
{"target": -35.641072405476734, "params": {"C": 15757.659523595006, "gamma": 0.007113829212456951}, "datetime": {"datetime": "2021-09-29 07:54:31", "elapsed": 834.320594, "delta": 3.773236}}
{"target": -34.74149096336739, "params": {"C": 13751.147036665261, "gamma": 0.044814719494203466}, "datetime": {"datetime": "2021-09-29 07:54:35", "elapsed": 838.189001, "delta": 3.868407}}
{"target": -34.56592207777926, "params": {"C": 18383.478106758303, "gamma": 0.033313942378850124}, "datetime": {"datetime": "2021-09-29 07:54:38", "elapsed": 840.903736, "delta": 2.714735}}
{"target": -34.53930466651035, "params": {"C": 18485.587325377513, "gamma": 0.03210216680602629}, "datetime": {"datetime": "2021-09-29 07:54:40", "elapsed": 843.596167, "delta": 2.692431}}
{"target": -34.6061675657134, "params": {"C": 13944.435592138454, "gamma": 0.038191159418855}, "datetime": {"datetime": "2021-09-29 07:54:43", "elapsed": 846.449125, "delta": 2.852958}}
{"target": -34.42511857766304, "params": {"C": 16472.959771352722, "gamma": 0.027493265915841326}, "datetime": {"datetime": "2021-09-29 07:54:46", "elapsed": 849.771868, "delta": 3.322743}}
{"target": -35.25601108532068, "params": {"C": 14457.026258476866, "gamma": 0.06047141246688207}, "datetime": {"datetime": "2021-09-29 07:54:51", "elapsed": 853.951093, "delta": 4.179225}}
{"target": -34.73131836323443, "params": {"C": 15384.730145954125, "gamma": 0.04291574067673033}, "datetime": {"datetime": "2021-09-29 07:54:53", "elapsed": 856.766229, "delta": 2.815136}}
{"target": -35.24394236143918, "params": {"C": 13179.704682727497, "gamma": 0.06202304420903002}, "datetime": {"datetime": "2021-09-29 07:54:57", "elapsed": 860.566538, "delta": 3.800309}}
{"target": -35.81149173116214, "params": {"C": 16472.949025205162, "gamma": 0.07552045831953319}, "datetime": {"datetime": "2021-09-29 07:55:01", "elapsed": 864.595762, "delta": 4.029224}}
{"target": -36.03447482040203, "params": {"C": 17159.385586183278, "gamma": 0.00540552844878824}, "datetime": {"datetime": "2021-09-29 07:55:07", "elapsed": 870.333177, "delta": 5.737415}}
{"target": -35.62482536037781, "params": {"C": 16630.8000854409, "gamma": 0.06899377047480088}, "datetime": {"datetime": "2021-09-29 07:55:14", "elapsed": 877.768238, "delta": 7.435061}}
{"target": -34.61348613460529, "params": {"C": 14271.715373470051, "gamma": 0.038283900139245236}, "datetime": {"datetime": "2021-09-29 07:55:18", "elapsed": 881.642608, "delta": 3.87437}}
{"target": -35.94084167436734, "params": {"C": 13754.347518482504, "gamma": 0.0861440342729066}, "datetime": {"datetime": "2021-09-29 07:55:23", "elapsed": 886.562613, "delta": 4.920005}}
{"target": -34.7933687478298, "params": {"C": 17159.404960688888, "gamma": 0.043453810581955535}, "datetime": {"datetime": "2021-09-29 07:55:27", "elapsed": 890.582049, "delta": 4.019436}}
{"target": -34.924398212652086, "params": {"C": 14047.34793167411, "gamma": 0.05059734555557397}, "datetime": {"datetime": "2021-09-29 07:55:31", "elapsed": 894.697898, "delta": 4.115849}}
{"target": -34.63533478980169, "params": {"C": 17962.86436192098, "gamma": 0.03666963871939559}, "datetime": {"datetime": "2021-09-29 07:55:35", "elapsed": 897.900772, "delta": 3.202874}}
{"target": -35.10111824262316, "params": {"C": 16558.80814737144, "gamma": 0.053128507810350584}, "datetime": {"datetime": "2021-09-29 07:55:38", "elapsed": 900.870682, "delta": 2.96991}}
{"target": -36.08346853060878, "params": {"C": 18090.905621034854, "gamma": 0.005095974252584382}, "datetime": {"datetime": "2021-09-29 07:55:41", "elapsed": 904.577395, "delta": 3.706713}}
{"target": -34.58419837620535, "params": {"C": 17474.70420790444, "gamma": 0.03467004424003897}, "datetime": {"datetime": "2021-09-29 07:55:44", "elapsed": 907.459559, "delta": 2.882164}}
{"target": -35.37081516502557, "params": {"C": 17962.822222712766, "gamma": 0.007698120413974239}, "datetime": {"datetime": "2021-09-29 07:55:50", "elapsed": 913.684236, "delta": 6.224677}}
{"target": -34.60454357998037, "params": {"C": 15092.554826650701, "gamma": 0.013311160023955038}, "datetime": {"datetime": "2021-09-29 07:55:54", "elapsed": 917.36747, "delta": 3.683234}}
{"target": -36.23964510754742, "params": {"C": 14325.002260056166, "gamma": 0.09792283908992458}, "datetime": {"datetime": "2021-09-29 07:55:57", "elapsed": 920.081449, "delta": 2.713979}}
{"target": -34.897049494245444, "params": {"C": 15971.90045298088, "gamma": 0.047722443454934226}, "datetime": {"datetime": "2021-09-29 07:56:00", "elapsed": 923.050698, "delta": 2.969249}}
{"target": -34.30421509107215, "params": {"C": 17937.795880119927, "gamma": 0.020402829072043396}, "datetime": {"datetime": "2021-09-29 07:56:04", "elapsed": 926.954046, "delta": 3.903348}}
{"target": -35.9473581450867, "params": {"C": 16686.671954658083, "gamma": 0.08000413767774449}, "datetime": {"datetime": "2021-09-29 07:56:06", "elapsed": 929.738289, "delta": 2.784243}}
{"target": -34.61424914706469, "params": {"C": 13375.45569794484, "gamma": 0.03902216322277974}, "datetime": {"datetime": "2021-09-29 07:56:09", "elapsed": 932.708454, "delta": 2.970165}}
{"target": -35.9827091471077, "params": {"C": 13076.873327421183, "gamma": 0.08970870335795997}, "datetime": {"datetime": "2021-09-29 07:56:12", "elapsed": 935.756222, "delta": 3.047768}}
{"target": -36.05174481550772, "params": {"C": 14420.07717748298, "gamma": 0.0891524714081421}, "datetime": {"datetime": "2021-09-29 07:56:15", "elapsed": 938.758968, "delta": 3.002746}}
{"target": -36.15455340245667, "params": {"C": 15442.725006249308, "gamma": 0.09106469598797585}, "datetime": {"datetime": "2021-09-29 07:56:18", "elapsed": 941.795274, "delta": 3.036306}}
{"target": -34.39501145815683, "params": {"C": 13623.019453257035, "gamma": 0.02704994847302048}, "datetime": {"datetime": "2021-09-29 07:56:23", "elapsed": 946.015196, "delta": 4.219922}}
{"target": -34.70548097290928, "params": {"C": 14639.951816528559, "gamma": 0.04233140714463697}, "datetime": {"datetime": "2021-09-29 07:56:27", "elapsed": 950.079631, "delta": 4.064435}}
{"target": -34.92144331722613, "params": {"C": 13751.289985439105, "gamma": 0.05085280474690245}, "datetime": {"datetime": "2021-09-29 07:56:34", "elapsed": 957.107495, "delta": 7.027864}}
{"target": -35.62032341301891, "params": {"C": 15710.193656683274, "gamma": 0.07031854295706429}, "datetime": {"datetime": "2021-09-29 07:56:37", "elapsed": 959.935421, "delta": 2.827926}}
{"target": -34.865642192330846, "params": {"C": 13754.031577271848, "gamma": 0.011648021391383614}, "datetime": {"datetime": "2021-09-29 07:56:41", "elapsed": 964.550351, "delta": 4.61493}}
{"target": -34.553205183807215, "params": {"C": 17341.037259112578, "gamma": 0.03338004281193429}, "datetime": {"datetime": "2021-09-29 07:56:44", "elapsed": 967.801388, "delta": 3.251037}}
{"target": -35.0392127929213, "params": {"C": 16409.678675223182, "gamma": 0.051472324754947486}, "datetime": {"datetime": "2021-09-29 07:56:49", "elapsed": 972.508496, "delta": 4.707108}}
{"target": -34.562924535009365, "params": {"C": 13210.644835109784, "gamma": 0.014838195893506562}, "datetime": {"datetime": "2021-09-29 07:56:56", "elapsed": 979.548055, "delta": 7.039559}}
{"target": -35.83550631629301, "params": {"C": 14011.061150344074, "gamma": 0.08131590748676776}, "datetime": {"datetime": "2021-09-29 07:57:00", "elapsed": 982.841307, "delta": 3.293252}}
{"target": -34.45045343740061, "params": {"C": 16358.14575956819, "gamma": 0.028845952482724497}, "datetime": {"datetime": "2021-09-29 07:57:07", "elapsed": 990.732411, "delta": 7.891104}}
{"target": -35.18827597923327, "params": {"C": 16472.92486563697, "gamma": 0.008916574257626205}, "datetime": {"datetime": "2021-09-29 07:57:12", "elapsed": 995.834921, "delta": 5.10251}}
{"target": -34.44070254870348, "params": {"C": 15648.320458959322, "gamma": 0.02870034921504656}, "datetime": {"datetime": "2021-09-29 07:57:15", "elapsed": 998.430752, "delta": 2.595831}}
{"target": -35.85683628507075, "params": {"C": 14782.66998960702, "gamma": 0.080447398605432}, "datetime": {"datetime": "2021-09-29 07:57:18", "elapsed": 1001.529088, "delta": 3.098336}}
{"target": -34.64807005659364, "params": {"C": 15853.636650998807, "gamma": 0.03872832860031595}, "datetime": {"datetime": "2021-09-29 07:57:21", "elapsed": 1004.793368, "delta": 3.26428}}
