{"target": -40.80930271686418, "params": {"C": 118.94135111916775, "gamma": 0.1319278265986791}, "datetime": {"datetime": "2021-09-28 11:54:44", "elapsed": 436.096306, "delta": 1.940587}}
{"target": -41.03332324342116, "params": {"C": 147.48081867943472, "gamma": 0.011874290670116174}, "datetime": {"datetime": "2021-09-28 11:54:46", "elapsed": 438.309182, "delta": 2.212876}}
{"target": -41.34571154581348, "params": {"C": 135.78095033578234, "gamma": 0.010106896679915114}, "datetime": {"datetime": "2021-09-28 11:54:50", "elapsed": 441.391084, "delta": 3.081902}}
{"target": -41.14739219779649, "params": {"C": 135.910060337514, "gamma": 0.0120082377447615}, "datetime": {"datetime": "2021-09-28 11:54:53", "elapsed": 444.839303, "delta": 3.448219}}
{"target": -39.500917804596, "params": {"C": 183.47263256432822, "gamma": 0.08803693425326789}, "datetime": {"datetime": "2021-09-28 11:54:57", "elapsed": 449.162326, "delta": 4.323023}}
{"target": -39.59745036657611, "params": {"C": 182.1553858937005, "gamma": 0.09568023580332224}, "datetime": {"datetime": "2021-09-28 11:55:02", "elapsed": 453.522293, "delta": 4.359967}}
{"target": -39.33676228354136, "params": {"C": 196.3407240888804, "gamma": 0.03377487641462315}, "datetime": {"datetime": "2021-09-28 11:55:05", "elapsed": 456.953668, "delta": 3.431375}}
{"target": -40.207035422880935, "params": {"C": 195.34695796605715, "gamma": 0.15888242710865325}, "datetime": {"datetime": "2021-09-28 11:55:08", "elapsed": 459.489234, "delta": 2.535566}}
{"target": -39.36093539135339, "params": {"C": 195.2420392989626, "gamma": 0.08761654208475596}, "datetime": {"datetime": "2021-09-28 11:55:11", "elapsed": 462.515771, "delta": 3.026537}}
{"target": -40.645124844474, "params": {"C": 137.40052213365755, "gamma": 0.14102769467977458}, "datetime": {"datetime": "2021-09-28 11:55:12", "elapsed": 464.065945, "delta": 1.550174}}
{"target": -40.164466930910756, "params": {"C": 195.18836453686473, "gamma": 0.15517150273564276}, "datetime": {"datetime": "2021-09-28 11:55:15", "elapsed": 466.643274, "delta": 2.577329}}
{"target": -39.15570120537171, "params": {"C": 195.14075805961807, "gamma": 0.05122906043285908}, "datetime": {"datetime": "2021-09-28 11:55:18", "elapsed": 470.154733, "delta": 3.511459}}
{"target": -39.150779581223006, "params": {"C": 195.18877015069816, "gamma": 0.05604557732402276}, "datetime": {"datetime": "2021-09-28 11:55:21", "elapsed": 473.208162, "delta": 3.053429}}
{"target": -40.084625354010825, "params": {"C": 195.2405812117793, "gamma": 0.016978871477656823}, "datetime": {"datetime": "2021-09-28 11:55:25", "elapsed": 476.449746, "delta": 3.241584}}
{"target": -42.293723768033146, "params": {"C": 131.48903339558228, "gamma": 0.3543468478961032}, "datetime": {"datetime": "2021-09-28 11:55:26", "elapsed": 477.866526, "delta": 1.41678}}
{"target": -40.32421882210268, "params": {"C": 195.06431107924237, "gamma": 0.014229963983354688}, "datetime": {"datetime": "2021-09-28 11:55:29", "elapsed": 480.501757, "delta": 2.635231}}
{"target": -39.806445569283326, "params": {"C": 195.11770504528897, "gamma": 0.12546469752046016}, "datetime": {"datetime": "2021-09-28 11:55:31", "elapsed": 483.288174, "delta": 2.786417}}
{"target": -39.993486830959505, "params": {"C": 194.965552120466, "gamma": 0.14097021774342686}, "datetime": {"datetime": "2021-09-28 11:55:34", "elapsed": 485.882766, "delta": 2.594592}}
{"target": -42.09831545015206, "params": {"C": 140.11454408422503, "gamma": 0.3255608792212026}, "datetime": {"datetime": "2021-09-28 11:55:36", "elapsed": 487.568746, "delta": 1.68598}}
{"target": -40.859756184160986, "params": {"C": 195.0525782460292, "gamma": 0.2182684339835916}, "datetime": {"datetime": "2021-09-28 11:55:39", "elapsed": 491.039306, "delta": 3.47056}}
{"target": -40.299859960433245, "params": {"C": 194.84850699329334, "gamma": 0.1664570437981324}, "datetime": {"datetime": "2021-09-28 11:55:42", "elapsed": 494.214915, "delta": 3.175609}}
{"target": -39.15421527853952, "params": {"C": 194.86988711909012, "gamma": 0.05501617860080268}, "datetime": {"datetime": "2021-09-28 11:55:46", "elapsed": 497.883783, "delta": 3.668868}}
{"target": -40.52163306878623, "params": {"C": 194.90579968253604, "gamma": 0.012291414700074298}, "datetime": {"datetime": "2021-09-28 11:55:49", "elapsed": 501.135505, "delta": 3.251722}}
{"target": -39.79479198064078, "params": {"C": 194.75450880911345, "gamma": 0.12419621120237606}, "datetime": {"datetime": "2021-09-28 11:55:52", "elapsed": 504.064863, "delta": 2.929358}}
{"target": -39.562654270567045, "params": {"C": 194.8175567046811, "gamma": 0.026977841376906023}, "datetime": {"datetime": "2021-09-28 11:55:56", "elapsed": 508.059468, "delta": 3.994605}}
{"target": -39.437445552530015, "params": {"C": 194.8451089151751, "gamma": 0.09426175857503188}, "datetime": {"datetime": "2021-09-28 11:56:00", "elapsed": 511.552295, "delta": 3.492827}}
{"target": -39.2034026453908, "params": {"C": 194.69870683588593, "gamma": 0.043645598040719095}, "datetime": {"datetime": "2021-09-28 11:56:03", "elapsed": 515.190439, "delta": 3.638144}}
{"target": -39.34758807598184, "params": {"C": 194.62447522029322, "gamma": 0.08564186403600976}, "datetime": {"datetime": "2021-09-28 11:56:06", "elapsed": 518.146556, "delta": 2.956117}}
{"target": -39.168342497095665, "params": {"C": 194.56534426398173, "gamma": 0.049391816199573266}, "datetime": {"datetime": "2021-09-28 11:56:10", "elapsed": 521.977078, "delta": 3.830522}}
{"target": -40.25642538900255, "params": {"C": 135.53416219123477, "gamma": 0.027718566498434044}, "datetime": {"datetime": "2021-09-28 11:56:12", "elapsed": 524.362585, "delta": 2.385507}}
{"target": -42.390031464036305, "params": {"C": 124.11689022465355, "gamma": 0.36629633819865576}, "datetime": {"datetime": "2021-09-28 11:56:15", "elapsed": 526.513206, "delta": 2.150621}}
{"target": -39.24346644264645, "params": {"C": 194.4893893641174, "gamma": 0.07403337423584001}, "datetime": {"datetime": "2021-09-28 11:56:20", "elapsed": 531.825862, "delta": 5.312656}}
{"target": -39.58022659214455, "params": {"C": 194.55401065017824, "gamma": 0.10628363150875592}, "datetime": {"datetime": "2021-09-28 11:56:24", "elapsed": 535.384413, "delta": 3.558551}}
{"target": -39.96963908671161, "params": {"C": 194.479189442368, "gamma": 0.01872066017883251}, "datetime": {"datetime": "2021-09-28 11:56:27", "elapsed": 538.539451, "delta": 3.155038}}
{"target": -41.918904176651644, "params": {"C": 60.598365454038664, "gamma": 0.14830033808288767}, "datetime": {"datetime": "2021-09-28 11:56:29", "elapsed": 540.817231, "delta": 2.27778}}
{"target": -39.876588758252126, "params": {"C": 194.46443979235738, "gamma": 0.13072410789281821}, "datetime": {"datetime": "2021-09-28 11:56:32", "elapsed": 544.132689, "delta": 3.315458}}
{"target": -40.603800641069924, "params": {"C": 194.7017242236835, "gamma": 0.1928601954971615}, "datetime": {"datetime": "2021-09-28 11:56:35", "elapsed": 547.07164, "delta": 2.938951}}
{"target": -39.48221848187358, "params": {"C": 194.3699167095926, "gamma": 0.09774759771482792}, "datetime": {"datetime": "2021-09-28 11:56:38", "elapsed": 549.90775, "delta": 2.83611}}
{"target": -40.17911226265062, "params": {"C": 194.30287955470044, "gamma": 0.15566695014962495}, "datetime": {"datetime": "2021-09-28 11:56:41", "elapsed": 553.291088, "delta": 3.383338}}
{"target": -42.87913389278564, "params": {"C": 61.34608710468194, "gamma": 0.39497138354719374}, "datetime": {"datetime": "2021-09-28 11:56:43", "elapsed": 555.159428, "delta": 1.86834}}
{"target": -39.217507561394335, "params": {"C": 194.2915876446476, "gamma": 0.042666260276008755}, "datetime": {"datetime": "2021-09-28 11:56:46", "elapsed": 558.062508, "delta": 2.90308}}
{"target": -39.62502892782989, "params": {"C": 194.377735273969, "gamma": 0.02550922710754932}, "datetime": {"datetime": "2021-09-28 11:56:49", "elapsed": 560.539734, "delta": 2.477226}}
{"target": -42.179316302650186, "params": {"C": 97.62862158601607, "gamma": 0.27084782083814335}, "datetime": {"datetime": "2021-09-28 11:56:51", "elapsed": 562.502745, "delta": 1.963011}}
{"target": -39.282257350825, "params": {"C": 194.17567734762122, "gamma": 0.03775952062957606}, "datetime": {"datetime": "2021-09-28 11:56:55", "elapsed": 566.891347, "delta": 4.388602}}
{"target": -39.67266394468103, "params": {"C": 194.0998689488271, "gamma": 0.11356527237114498}, "datetime": {"datetime": "2021-09-28 11:57:00", "elapsed": 571.5932, "delta": 4.701853}}
{"target": -39.17764964892083, "params": {"C": 194.22540576985045, "gamma": 0.04817956116915101}, "datetime": {"datetime": "2021-09-28 11:57:03", "elapsed": 574.800127, "delta": 3.206927}}
{"target": -40.62377510102243, "params": {"C": 193.3096240153875, "gamma": 0.1935679607473226}, "datetime": {"datetime": "2021-09-28 11:57:05", "elapsed": 576.612915, "delta": 1.812788}}
{"target": -39.69878425287733, "params": {"C": 194.19035115403113, "gamma": 0.11580146874278911}, "datetime": {"datetime": "2021-09-28 11:57:09", "elapsed": 580.935105, "delta": 4.32219}}
{"target": -39.401571454873114, "params": {"C": 194.01302338821685, "gamma": 0.09013964543021032}, "datetime": {"datetime": "2021-09-28 11:57:14", "elapsed": 585.698667, "delta": 4.763562}}
{"target": -41.12893528969177, "params": {"C": 194.02748918802178, "gamma": 0.007749967642541686}, "datetime": {"datetime": "2021-09-28 11:57:17", "elapsed": 588.877638, "delta": 3.178971}}
{"target": -39.91184981258588, "params": {"C": 194.62188890131898, "gamma": 0.019654567547423698}, "datetime": {"datetime": "2021-09-28 11:57:20", "elapsed": 591.88195, "delta": 3.004312}}
{"target": -40.4654862721572, "params": {"C": 194.03672596789184, "gamma": 0.17986603838578058}, "datetime": {"datetime": "2021-09-28 11:57:24", "elapsed": 595.500448, "delta": 3.618498}}
{"target": -39.87527960804658, "params": {"C": 179.89496773795716, "gamma": 0.02316021774558698}, "datetime": {"datetime": "2021-09-28 11:57:26", "elapsed": 597.67795, "delta": 2.177502}}
{"target": -39.52437849062967, "params": {"C": 193.95776989509045, "gamma": 0.10099965038044406}, "datetime": {"datetime": "2021-09-28 11:57:33", "elapsed": 604.761443, "delta": 7.083493}}
{"target": -40.85589631305132, "params": {"C": 194.26241139742712, "gamma": 0.009564794112179264}, "datetime": {"datetime": "2021-09-28 11:57:37", "elapsed": 608.436283, "delta": 3.67484}}
{"target": -39.44248543504656, "params": {"C": 194.25618423133113, "gamma": 0.09412376524079831}, "datetime": {"datetime": "2021-09-28 11:57:42", "elapsed": 613.873167, "delta": 5.436884}}
{"target": -42.5403767397204, "params": {"C": 99.1134211324694, "gamma": 0.36043490874553263}, "datetime": {"datetime": "2021-09-28 11:57:44", "elapsed": 616.009931, "delta": 2.136764}}
{"target": -39.4657524519544, "params": {"C": 193.84542827580097, "gamma": 0.09578754103785388}, "datetime": {"datetime": "2021-09-28 11:57:48", "elapsed": 619.426432, "delta": 3.416501}}
{"target": -40.48824244999103, "params": {"C": 193.88284781277818, "gamma": 0.18173634433084576}, "datetime": {"datetime": "2021-09-28 11:57:54", "elapsed": 625.527836, "delta": 6.101404}}
{"target": -39.786926772742746, "params": {"C": 193.82920460324408, "gamma": 0.022085138208638274}, "datetime": {"datetime": "2021-09-28 11:57:59", "elapsed": 630.825028, "delta": 5.297192}}
{"target": -39.92304879726071, "params": {"C": 193.78002819407303, "gamma": 0.13403143897210126}, "datetime": {"datetime": "2021-09-28 11:58:02", "elapsed": 633.665112, "delta": 2.840084}}
{"target": -39.173093540291056, "params": {"C": 193.68399958853473, "gamma": 0.05916482329923695}, "datetime": {"datetime": "2021-09-28 11:58:05", "elapsed": 636.496176, "delta": 2.831064}}
{"target": -40.93484395946568, "params": {"C": 193.71481376444393, "gamma": 0.009039765751821909}, "datetime": {"datetime": "2021-09-28 11:58:09", "elapsed": 640.526451, "delta": 4.030275}}
{"target": -39.27183336460139, "params": {"C": 193.61581850818013, "gamma": 0.07628137029670662}, "datetime": {"datetime": "2021-09-28 11:58:12", "elapsed": 643.89419, "delta": 3.367739}}
{"target": -40.09686712841083, "params": {"C": 193.64728900428705, "gamma": 0.14830670723302267}, "datetime": {"datetime": "2021-09-28 11:58:17", "elapsed": 649.114079, "delta": 5.219889}}
{"target": -41.08151198996951, "params": {"C": 193.56352486512912, "gamma": 0.008071910345388383}, "datetime": {"datetime": "2021-09-28 11:58:21", "elapsed": 653.021904, "delta": 3.907825}}
{"target": -39.802356173140026, "params": {"C": 179.94997849630266, "gamma": 0.11149291468555084}, "datetime": {"datetime": "2021-09-28 11:58:25", "elapsed": 656.508702, "delta": 3.486798}}
{"target": -39.88363062643652, "params": {"C": 184.58695266895754, "gamma": 0.12272639199627158}, "datetime": {"datetime": "2021-09-28 11:58:27", "elapsed": 658.755675, "delta": 2.246973}}
{"target": -40.945598458311316, "params": {"C": 179.88558160593257, "gamma": 0.21332468132056942}, "datetime": {"datetime": "2021-09-28 11:58:31", "elapsed": 662.646162, "delta": 3.890487}}
{"target": -41.63742885319748, "params": {"C": 73.61088980346136, "gamma": 0.1430053470573445}, "datetime": {"datetime": "2021-09-28 11:58:33", "elapsed": 665.164898, "delta": 2.518736}}
{"target": -39.34450080411444, "params": {"C": 180.02831493369303, "gamma": 0.04902762912712208}, "datetime": {"datetime": "2021-09-28 11:58:37", "elapsed": 668.694578, "delta": 3.52968}}
{"target": -39.77159610094688, "params": {"C": 180.1772022952904, "gamma": 0.1090597349814098}, "datetime": {"datetime": "2021-09-28 11:58:41", "elapsed": 672.695484, "delta": 4.000906}}
{"target": -40.131014700339186, "params": {"C": 180.103215024475, "gamma": 0.01851253174125272}, "datetime": {"datetime": "2021-09-28 11:58:44", "elapsed": 676.246616, "delta": 3.551132}}
{"target": -40.448890686960695, "params": {"C": 180.06350751745077, "gamma": 0.1666394279544619}, "datetime": {"datetime": "2021-09-28 11:58:50", "elapsed": 681.473446, "delta": 5.22683}}
{"target": -39.62468520918287, "params": {"C": 180.2744927469353, "gamma": 0.09617302920184496}, "datetime": {"datetime": "2021-09-28 11:58:54", "elapsed": 685.504982, "delta": 4.031536}}
{"target": -39.40554409442624, "params": {"C": 180.3356341267846, "gamma": 0.04063106460847165}, "datetime": {"datetime": "2021-09-28 11:58:59", "elapsed": 690.838059, "delta": 5.333077}}
{"target": -39.82516330740455, "params": {"C": 180.28186539655258, "gamma": 0.02420359320686526}, "datetime": {"datetime": "2021-09-28 11:59:05", "elapsed": 696.926684, "delta": 6.088625}}
{"target": -39.5354364985755, "params": {"C": 180.44414257549414, "gamma": 0.08791738746109791}, "datetime": {"datetime": "2021-09-28 11:59:10", "elapsed": 701.679704, "delta": 4.75302}}
{"target": -41.25277422794363, "params": {"C": 180.5159047692272, "gamma": 0.0076738613753429535}, "datetime": {"datetime": "2021-09-28 11:59:16", "elapsed": 707.444006, "delta": 5.764302}}
{"target": -41.21112142542863, "params": {"C": 179.97365684767058, "gamma": 0.007962387239579434}, "datetime": {"datetime": "2021-09-28 11:59:20", "elapsed": 711.550449, "delta": 4.106443}}
{"target": -39.22245754598478, "params": {"C": 194.31303795795114, "gamma": 0.0709179594304317}, "datetime": {"datetime": "2021-09-28 11:59:24", "elapsed": 715.586999, "delta": 4.03655}}
{"target": -40.222937297993674, "params": {"C": 180.36014576503823, "gamma": 0.1473765258148189}, "datetime": {"datetime": "2021-09-28 11:59:28", "elapsed": 719.996935, "delta": 4.409936}}
{"target": -41.28100352731778, "params": {"C": 138.970203684286, "gamma": 0.20511326931672086}, "datetime": {"datetime": "2021-09-28 11:59:30", "elapsed": 722.299355, "delta": 2.30242}}
{"target": -39.1756716359957, "params": {"C": 193.88492330288366, "gamma": 0.06096546078998054}, "datetime": {"datetime": "2021-09-28 11:59:34", "elapsed": 726.142758, "delta": 3.843403}}
{"target": -39.84889280341459, "params": {"C": 179.7613427044381, "gamma": 0.023781424271316437}, "datetime": {"datetime": "2021-09-28 11:59:40", "elapsed": 732.09399, "delta": 5.951232}}
{"target": -41.29777875837926, "params": {"C": 194.74205215214243, "gamma": 0.006762486691194146}, "datetime": {"datetime": "2021-09-28 11:59:46", "elapsed": 738.274897, "delta": 6.180907}}
{"target": -40.63391184802052, "params": {"C": 180.24301518251713, "gamma": 0.18329221911614868}, "datetime": {"datetime": "2021-09-28 11:59:50", "elapsed": 742.377779, "delta": 4.102882}}
{"target": -39.23908564253693, "params": {"C": 194.69012470859585, "gamma": 0.07377052080589912}, "datetime": {"datetime": "2021-09-28 11:59:54", "elapsed": 745.58271, "delta": 3.204931}}
{"target": -41.242384495998316, "params": {"C": 124.29751132452205, "gamma": 0.18263542278630548}, "datetime": {"datetime": "2021-09-28 11:59:57", "elapsed": 748.638176, "delta": 3.055466}}
{"target": -39.778372809575714, "params": {"C": 179.81788870360973, "gamma": 0.10929621815972158}, "datetime": {"datetime": "2021-09-28 12:00:03", "elapsed": 754.406538, "delta": 5.768362}}
{"target": -40.40256668432375, "params": {"C": 140.76972819802205, "gamma": 0.1225327130787793}, "datetime": {"datetime": "2021-09-28 12:00:06", "elapsed": 757.824274, "delta": 3.417736}}
{"target": -41.92978370114265, "params": {"C": 59.38639244862104, "gamma": 0.14646057339997895}, "datetime": {"datetime": "2021-09-28 12:00:09", "elapsed": 760.556244, "delta": 2.73197}}
{"target": -42.88015935630169, "params": {"C": 51.92183318552958, "gamma": 0.3572098718567809}, "datetime": {"datetime": "2021-09-28 12:00:12", "elapsed": 763.480367, "delta": 2.924123}}
{"target": -42.62156082818219, "params": {"C": 85.50192943707448, "gamma": 0.35489711796016976}, "datetime": {"datetime": "2021-09-28 12:00:14", "elapsed": 766.140036, "delta": 2.659669}}
{"target": -39.4197810473856, "params": {"C": 179.6773909183253, "gamma": 0.07403185983465861}, "datetime": {"datetime": "2021-09-28 12:00:19", "elapsed": 770.832047, "delta": 4.692011}}
{"target": -39.92677474026555, "params": {"C": 179.6125520532122, "gamma": 0.02212597490907559}, "datetime": {"datetime": "2021-09-28 12:00:23", "elapsed": 774.942874, "delta": 4.110827}}
{"target": -40.30132569941466, "params": {"C": 179.7117812317678, "gamma": 0.153530396716442}, "datetime": {"datetime": "2021-09-28 12:00:27", "elapsed": 779.270221, "delta": 4.327347}}
{"target": -40.21542493840327, "params": {"C": 179.5269526356661, "gamma": 0.145991687442672}, "datetime": {"datetime": "2021-09-28 12:00:32", "elapsed": 784.299579, "delta": 5.029358}}
{"target": -40.18741779757095, "params": {"C": 183.63600243037308, "gamma": 0.14727835963344804}, "datetime": {"datetime": "2021-09-28 12:00:35", "elapsed": 787.232296, "delta": 2.932717}}
{"target": -39.727532726728995, "params": {"C": 179.62089135591398, "gamma": 0.10467938854405118}, "datetime": {"datetime": "2021-09-28 12:00:41", "elapsed": 792.599188, "delta": 5.366892}}
{"target": -40.55824946775072, "params": {"C": 180.52089431325754, "gamma": 0.17663566348007292}, "datetime": {"datetime": "2021-09-28 12:00:46", "elapsed": 797.651126, "delta": 5.051938}}
{"target": -39.708013365843634, "params": {"C": 180.4027220708298, "gamma": 0.027156177575947106}, "datetime": {"datetime": "2021-09-28 12:00:52", "elapsed": 803.862439, "delta": 6.211313}}
{"target": -39.34599833319899, "params": {"C": 179.4384118224416, "gamma": 0.05947568516581613}, "datetime": {"datetime": "2021-09-28 12:01:00", "elapsed": 812.005579, "delta": 8.14314}}
{"target": -39.67335622439106, "params": {"C": 179.36907899388507, "gamma": 0.09962542699602703}, "datetime": {"datetime": "2021-09-28 12:01:07", "elapsed": 818.795923, "delta": 6.790344}}
{"target": -41.016691664823135, "params": {"C": 179.52154713039795, "gamma": 0.00932677572312691}, "datetime": {"datetime": "2021-09-28 12:01:15", "elapsed": 827.329416, "delta": 8.533493}}
{"target": -40.82986307428028, "params": {"C": 179.374435419767, "gamma": 0.010807979743708424}, "datetime": {"datetime": "2021-09-28 12:01:21", "elapsed": 833.192418, "delta": 5.863002}}
{"target": -40.05964936685385, "params": {"C": 179.43313444228534, "gamma": 0.1329400837843308}, "datetime": {"datetime": "2021-09-28 12:01:29", "elapsed": 841.166773, "delta": 7.974355}}
{"target": -42.42846010127195, "params": {"C": 94.56674974017551, "gamma": 0.3187023415699541}, "datetime": {"datetime": "2021-09-28 12:01:33", "elapsed": 844.66877, "delta": 3.501997}}
{"target": -40.91515929053827, "params": {"C": 121.3409162749702, "gamma": 0.14523883996973477}, "datetime": {"datetime": "2021-09-28 12:01:37", "elapsed": 848.38703, "delta": 3.71826}}
{"target": -40.506273049871886, "params": {"C": 179.28730511742953, "gamma": 0.17093932950243598}, "datetime": {"datetime": "2021-09-28 12:01:43", "elapsed": 854.68847, "delta": 6.30144}}
{"target": -41.63358734496446, "params": {"C": 104.65000209127214, "gamma": 0.20026167156126803}, "datetime": {"datetime": "2021-09-28 12:01:46", "elapsed": 857.666601, "delta": 2.978131}}
{"target": -41.404964369959636, "params": {"C": 194.39965903324688, "gamma": 0.2789595173515985}, "datetime": {"datetime": "2021-09-28 12:01:50", "elapsed": 862.129347, "delta": 4.462746}}
{"target": -40.51360243716829, "params": {"C": 193.50732310319302, "gamma": 0.18367503202334912}, "datetime": {"datetime": "2021-09-28 12:01:57", "elapsed": 868.806308, "delta": 6.676961}}
{"target": -41.62041878431968, "params": {"C": 179.60744433915946, "gamma": 0.29363838630244005}, "datetime": {"datetime": "2021-09-28 12:02:04", "elapsed": 875.98263, "delta": 7.176322}}
{"target": -42.406594710832834, "params": {"C": 52.12846020112684, "gamma": 0.2042036242526173}, "datetime": {"datetime": "2021-09-28 12:02:07", "elapsed": 878.597634, "delta": 2.615004}}
{"target": -41.84435536319813, "params": {"C": 136.83066993538063, "gamma": 0.27716805748100387}, "datetime": {"datetime": "2021-09-28 12:02:09", "elapsed": 881.077227, "delta": 2.479593}}
