{"target": -35.047573232090876, "params": {"C": 25205.261410160027, "gamma": 0.044736532741580064}, "datetime": {"datetime": "2021-09-29 08:44:34", "elapsed": 355.369938, "delta": 1.595224}}
{"target": -34.300269177910174, "params": {"C": 27619.637580907, "gamma": 0.013715499745101407}, "datetime": {"datetime": "2021-09-29 08:44:36", "elapsed": 357.600301, "delta": 2.230363}}
{"target": -35.32839679695734, "params": {"C": 25660.448554930357, "gamma": 0.05125663455686809}, "datetime": {"datetime": "2021-09-29 08:44:38", "elapsed": 359.772853, "delta": 2.172552}}
{"target": -35.2891347286732, "params": {"C": 27619.616357194824, "gamma": 0.04900082620452312}, "datetime": {"datetime": "2021-09-29 08:44:41", "elapsed": 361.832288, "delta": 2.059435}}
{"target": -36.93152218792463, "params": {"C": 25378.202903489397, "gamma": 0.09879058591641368}, "datetime": {"datetime": "2021-09-29 08:44:42", "elapsed": 363.534603, "delta": 1.702315}}
{"target": -35.330262244352475, "params": {"C": 29254.684419775553, "gamma": 0.048950757284041975}, "datetime": {"datetime": "2021-09-29 08:44:44", "elapsed": 365.402158, "delta": 1.867555}}
{"target": -34.46010577771623, "params": {"C": 25389.985005468658, "gamma": 0.025901479983209918}, "datetime": {"datetime": "2021-09-29 08:44:46", "elapsed": 367.499416, "delta": 2.097258}}
{"target": -36.04687693155763, "params": {"C": 26587.62071953387, "gamma": 0.06893808349271803}, "datetime": {"datetime": "2021-09-29 08:44:48", "elapsed": 369.168374, "delta": 1.668958}}
{"target": -35.10353328463503, "params": {"C": 27542.660698090473, "gamma": 0.04470538525735885}, "datetime": {"datetime": "2021-09-29 08:44:51", "elapsed": 372.428376, "delta": 3.260002}}
{"target": -34.47375268898902, "params": {"C": 26366.691609184403, "gamma": 0.026100488942485525}, "datetime": {"datetime": "2021-09-29 08:44:56", "elapsed": 377.056941, "delta": 4.628565}}
{"target": -35.33187493044232, "params": {"C": 25454.145457370054, "gamma": 0.05149000266382978}, "datetime": {"datetime": "2021-09-29 08:44:59", "elapsed": 380.5512, "delta": 3.494259}}
{"target": -35.40505186478272, "params": {"C": 29776.987467179584, "gamma": 0.050351788027837074}, "datetime": {"datetime": "2021-09-29 08:45:01", "elapsed": 382.240199, "delta": 1.688999}}
{"target": -34.31804532517459, "params": {"C": 26390.37031126475, "gamma": 0.01886692090017659}, "datetime": {"datetime": "2021-09-29 08:45:04", "elapsed": 385.164284, "delta": 2.924085}}
{"target": -36.56422754060619, "params": {"C": 26390.390448014296, "gamma": 0.08413342404539374}, "datetime": {"datetime": "2021-09-29 08:45:06", "elapsed": 387.443872, "delta": 2.279588}}
{"target": -35.53136927073249, "params": {"C": 25544.079066232684, "gamma": 0.05638612669857213}, "datetime": {"datetime": "2021-09-29 08:45:08", "elapsed": 389.409916, "delta": 1.966044}}
{"target": -35.33050676902076, "params": {"C": 29367.29621416703, "gamma": 0.04888899403261164}, "datetime": {"datetime": "2021-09-29 08:45:10", "elapsed": 391.467133, "delta": 2.057217}}
{"target": -35.71525155432077, "params": {"C": 27843.76583948468, "gamma": 0.0591647256568854}, "datetime": {"datetime": "2021-09-29 08:45:12", "elapsed": 393.665393, "delta": 2.19826}}
{"target": -34.60001742125186, "params": {"C": 29329.832257931906, "gamma": 0.009367647305900666}, "datetime": {"datetime": "2021-09-29 08:45:14", "elapsed": 395.560751, "delta": 1.895358}}
{"target": -36.016952105738234, "params": {"C": 28609.705713599174, "gamma": 0.06608493454456217}, "datetime": {"datetime": "2021-09-29 08:45:17", "elapsed": 397.942454, "delta": 2.381703}}
{"target": -36.02814798769708, "params": {"C": 29394.24609224968, "gamma": 0.06562850848968714}, "datetime": {"datetime": "2021-09-29 08:45:19", "elapsed": 400.191433, "delta": 2.248979}}
{"target": -35.57458752113109, "params": {"C": 27843.846775793067, "gamma": 0.0055547893283746244}, "datetime": {"datetime": "2021-09-29 08:45:21", "elapsed": 402.443076, "delta": 2.251643}}
{"target": -36.76300977591583, "params": {"C": 26637.11403774898, "gamma": 0.09048434514133064}, "datetime": {"datetime": "2021-09-29 08:45:23", "elapsed": 404.202179, "delta": 1.759103}}
{"target": -34.73100063128061, "params": {"C": 28609.22672211483, "gamma": 0.034694202503368014}, "datetime": {"datetime": "2021-09-29 08:45:25", "elapsed": 406.396803, "delta": 2.194624}}
{"target": -34.39707907595156, "params": {"C": 28979.790481862223, "gamma": 0.011361967499956528}, "datetime": {"datetime": "2021-09-29 08:45:28", "elapsed": 409.156006, "delta": 2.759203}}
{"target": -36.12585144978647, "params": {"C": 27778.28635424221, "gamma": 0.06979961092590847}, "datetime": {"datetime": "2021-09-29 08:45:30", "elapsed": 411.804395, "delta": 2.648389}}
{"target": -36.168096250815914, "params": {"C": 25072.507852789324, "gamma": 0.07415253189349143}, "datetime": {"datetime": "2021-09-29 08:45:32", "elapsed": 413.572929, "delta": 1.768534}}
{"target": -34.425753226771114, "params": {"C": 26280.20024664763, "gamma": 0.02413364786607648}, "datetime": {"datetime": "2021-09-29 08:45:35", "elapsed": 415.915973, "delta": 2.343044}}
{"target": -34.989361308138086, "params": {"C": 25894.627922007836, "gamma": 0.04292276884661698}, "datetime": {"datetime": "2021-09-29 08:45:39", "elapsed": 419.875683, "delta": 3.95971}}
{"target": -35.05988475399048, "params": {"C": 27357.17084979998, "gamma": 0.007446839397118186}, "datetime": {"datetime": "2021-09-29 08:45:41", "elapsed": 422.112369, "delta": 2.236686}}
{"target": -35.41801179377031, "params": {"C": 29341.824391839087, "gamma": 0.050921437123787265}, "datetime": {"datetime": "2021-09-29 08:45:43", "elapsed": 424.326281, "delta": 2.213912}}
{"target": -35.09040654344679, "params": {"C": 27475.281567663154, "gamma": 0.04443673440625787}, "datetime": {"datetime": "2021-09-29 08:45:46", "elapsed": 426.906445, "delta": 2.580164}}
{"target": -35.83757773954186, "params": {"C": 25544.1438190438, "gamma": 0.005}, "datetime": {"datetime": "2021-09-29 08:45:48", "elapsed": 429.45525, "delta": 2.548805}}
{"target": -34.69395069038093, "params": {"C": 29486.231755631918, "gamma": 0.033313942378850124}, "datetime": {"datetime": "2021-09-29 08:45:50", "elapsed": 431.12268, "delta": 1.66743}}
{"target": -34.27646997655346, "params": {"C": 27320.00055028639, "gamma": 0.014720973672894985}, "datetime": {"datetime": "2021-09-29 08:45:52", "elapsed": 432.901369, "delta": 1.778689}}
{"target": -34.80740022804287, "params": {"C": 25787.02966011538, "gamma": 0.038191159418855}, "datetime": {"datetime": "2021-09-29 08:45:53", "elapsed": 434.687279, "delta": 1.78591}}
{"target": -34.40607578050505, "params": {"C": 27467.610206526093, "gamma": 0.022947206769082528}, "datetime": {"datetime": "2021-09-29 08:45:56", "elapsed": 436.97162, "delta": 2.284341}}
{"target": -35.194234892702134, "params": {"C": 29474.336414576093, "gamma": 0.04572279695351131}, "datetime": {"datetime": "2021-09-29 08:45:58", "elapsed": 439.516615, "delta": 2.544995}}
{"target": -36.41162502777373, "params": {"C": 28781.923581573108, "gamma": 0.07636801021076615}, "datetime": {"datetime": "2021-09-29 08:46:01", "elapsed": 441.927935, "delta": 2.41132}}
{"target": -35.399435273510164, "params": {"C": 28021.276818333532, "gamma": 0.05134045977764285}, "datetime": {"datetime": "2021-09-29 08:46:03", "elapsed": 444.153742, "delta": 2.225807}}
{"target": -35.31503410231514, "params": {"C": 26765.856679647535, "gamma": 0.05016981051014924}, "datetime": {"datetime": "2021-09-29 08:46:05", "elapsed": 446.385101, "delta": 2.231359}}
{"target": -34.99458146209521, "params": {"C": 25587.81415749353, "gamma": 0.04322906013699201}, "datetime": {"datetime": "2021-09-29 08:46:09", "elapsed": 449.852937, "delta": 3.467836}}
{"target": -35.18284383277127, "params": {"C": 29474.272808409714, "gamma": 0.045464635287718436}, "datetime": {"datetime": "2021-09-29 08:46:12", "elapsed": 452.840819, "delta": 2.987882}}
{"target": -34.33781787457814, "params": {"C": 25627.959951141762, "gamma": 0.013193664237117313}, "datetime": {"datetime": "2021-09-29 08:46:14", "elapsed": 455.243116, "delta": 2.402297}}
{"target": -35.54883300178931, "params": {"C": 27798.46072111722, "gamma": 0.05507635947328113}, "datetime": {"datetime": "2021-09-29 08:46:17", "elapsed": 457.874164, "delta": 2.631048}}
{"target": -35.733917576066936, "params": {"C": 27467.63285824926, "gamma": 0.05994856497041995}, "datetime": {"datetime": "2021-09-29 08:46:19", "elapsed": 460.5726, "delta": 2.698436}}
{"target": -35.25282192131259, "params": {"C": 25894.560052934587, "gamma": 0.049258365870413774}, "datetime": {"datetime": "2021-09-29 08:46:22", "elapsed": 462.979715, "delta": 2.407115}}
{"target": -34.46596019895852, "params": {"C": 27810.433612002456, "gamma": 0.02535798188538528}, "datetime": {"datetime": "2021-09-29 08:46:25", "elapsed": 466.261795, "delta": 3.28208}}
{"target": -35.473040515289114, "params": {"C": 27965.673456142868, "gamma": 0.053128507810350584}, "datetime": {"datetime": "2021-09-29 08:46:27", "elapsed": 468.085181, "delta": 1.823386}}
{"target": -34.298094364668316, "params": {"C": 25120.994301480412, "gamma": 0.014584128521277266}, "datetime": {"datetime": "2021-09-29 08:46:29", "elapsed": 470.708226, "delta": 2.623045}}
{"target": -34.32146551623618, "params": {"C": 27554.306214147862, "gamma": 0.018754062889623845}, "datetime": {"datetime": "2021-09-29 08:46:32", "elapsed": 472.805734, "delta": 2.097508}}
{"target": -34.49400176805095, "params": {"C": 25955.274344555426, "gamma": 0.027014421073659464}, "datetime": {"datetime": "2021-09-29 08:46:34", "elapsed": 475.089225, "delta": 2.283491}}
{"target": -36.12161189671514, "params": {"C": 25955.22004533839, "gamma": 0.07172354720647889}, "datetime": {"datetime": "2021-09-29 08:46:36", "elapsed": 477.350657, "delta": 2.261432}}
{"target": -35.810832726517525, "params": {"C": 27693.4938661206, "gamma": 0.06174369991134691}, "datetime": {"datetime": "2021-09-29 08:46:39", "elapsed": 480.191529, "delta": 2.840872}}
{"target": -35.230916722029846, "params": {"C": 27476.583710817402, "gamma": 0.047722443454934226}, "datetime": {"datetime": "2021-09-29 08:46:41", "elapsed": 482.084701, "delta": 1.893172}}
{"target": -34.28271920864146, "params": {"C": 28835.96294739008, "gamma": 0.01400411387278495}, "datetime": {"datetime": "2021-09-29 08:46:43", "elapsed": 484.50451, "delta": 2.419809}}
{"target": -36.50901917571077, "params": {"C": 28072.226628881734, "gamma": 0.08000413767774449}, "datetime": {"datetime": "2021-09-29 08:46:45", "elapsed": 486.393752, "delta": 1.889242}}
{"target": -34.8271485276113, "params": {"C": 25312.879748287367, "gamma": 0.03902216322277974}, "datetime": {"datetime": "2021-09-29 08:46:47", "elapsed": 488.319251, "delta": 1.925499}}
{"target": -36.66333422911359, "params": {"C": 25064.06110618432, "gamma": 0.08970870335795997}, "datetime": {"datetime": "2021-09-29 08:46:49", "elapsed": 490.291481, "delta": 1.97223}}
{"target": -36.70392506497033, "params": {"C": 26183.397647902482, "gamma": 0.0891524714081421}, "datetime": {"datetime": "2021-09-29 08:46:51", "elapsed": 491.978945, "delta": 1.687464}}
{"target": -34.8691508188484, "params": {"C": 28609.156547364324, "gamma": 0.03852379074913319}, "datetime": {"datetime": "2021-09-29 08:46:53", "elapsed": 494.302969, "delta": 2.324024}}
{"target": -34.52770561602485, "params": {"C": 28734.557849370427, "gamma": 0.027427347007402406}, "datetime": {"datetime": "2021-09-29 08:46:56", "elapsed": 496.834142, "delta": 2.531173}}
{"target": -34.393952970945975, "params": {"C": 29394.196175756024, "gamma": 0.011312163361688062}, "datetime": {"datetime": "2021-09-29 08:47:00", "elapsed": 500.954474, "delta": 4.120332}}
{"target": -35.518067085969854, "params": {"C": 28148.026447646673, "gamma": 0.054080226371038966}, "datetime": {"datetime": "2021-09-29 08:47:04", "elapsed": 504.881117, "delta": 3.926643}}
{"target": -36.124281699080626, "params": {"C": 27258.494713902728, "gamma": 0.07031854295706429}, "datetime": {"datetime": "2021-09-29 08:47:06", "elapsed": 506.881909, "delta": 2.000792}}
{"target": -35.64975008985132, "params": {"C": 27357.25791038465, "gamma": 0.05790628937005624}, "datetime": {"datetime": "2021-09-29 08:47:09", "elapsed": 510.611369, "delta": 3.72946}}
{"target": -34.31618259638384, "params": {"C": 27542.750349913007, "gamma": 0.018489942399521817}, "datetime": {"datetime": "2021-09-29 08:47:12", "elapsed": 512.91418, "delta": 2.302811}}
{"target": -35.39994346614752, "params": {"C": 27841.39889601932, "gamma": 0.051472324754947486}, "datetime": {"datetime": "2021-09-29 08:47:14", "elapsed": 515.76211, "delta": 2.84793}}
{"target": -34.73481211683989, "params": {"C": 28335.542483155798, "gamma": 0.008642567367534448}, "datetime": {"datetime": "2021-09-29 08:47:19", "elapsed": 519.851028, "delta": 4.088918}}
{"target": -36.03809863944836, "params": {"C": 27752.519896885897, "gamma": 0.0674796277390676}, "datetime": {"datetime": "2021-09-29 08:47:21", "elapsed": 522.742627, "delta": 2.891599}}
{"target": -36.390342785354065, "params": {"C": 26366.659584528472, "gamma": 0.07896214115651785}, "datetime": {"datetime": "2021-09-29 08:47:25", "elapsed": 526.268828, "delta": 3.526201}}
{"target": -34.74380396373003, "params": {"C": 27030.818469793943, "gamma": 0.03574875955526857}, "datetime": {"datetime": "2021-09-29 08:47:27", "elapsed": 528.412401, "delta": 2.143573}}
{"target": -36.15545762969049, "params": {"C": 28979.80104879282, "gamma": 0.06934870580302396}, "datetime": {"datetime": "2021-09-29 08:47:29", "elapsed": 530.656193, "delta": 2.243792}}
{"target": -36.447768540012824, "params": {"C": 26485.55832467252, "gamma": 0.080447398605432}, "datetime": {"datetime": "2021-09-29 08:47:31", "elapsed": 532.546663, "delta": 1.89047}}
{"target": -34.853656171416645, "params": {"C": 27378.030542499007, "gamma": 0.03872832860031595}, "datetime": {"datetime": "2021-09-29 08:47:33", "elapsed": 534.567608, "delta": 2.020945}}
{"target": -34.37969553843176, "params": {"C": 29659.715209335176, "gamma": 0.02114999374414604}, "datetime": {"datetime": "2021-09-29 08:47:37", "elapsed": 537.823374, "delta": 3.255766}}
{"target": -35.391230263588874, "params": {"C": 26821.666736375737, "gamma": 0.05196166784384927}, "datetime": {"datetime": "2021-09-29 08:47:39", "elapsed": 539.83169, "delta": 2.008316}}
{"target": -34.95227448107826, "params": {"C": 28094.33378730311, "gamma": 0.007772324121596629}, "datetime": {"datetime": "2021-09-29 08:47:42", "elapsed": 543.334682, "delta": 3.502992}}
{"target": -36.16511424932137, "params": {"C": 26534.850209539305, "gamma": 0.0722827796688035}, "datetime": {"datetime": "2021-09-29 08:47:44", "elapsed": 545.163588, "delta": 1.828906}}
{"target": -36.06385505534363, "params": {"C": 29114.76170806169, "gamma": 0.06680382988668537}, "datetime": {"datetime": "2021-09-29 08:47:49", "elapsed": 549.949316, "delta": 4.785728}}
{"target": -35.37784254922134, "params": {"C": 25070.948673370895, "gamma": 0.052909732415186435}, "datetime": {"datetime": "2021-09-29 08:47:51", "elapsed": 551.979527, "delta": 2.030211}}
{"target": -36.15443403781086, "params": {"C": 27894.35566451269, "gamma": 0.07045814040682372}, "datetime": {"datetime": "2021-09-29 08:47:53", "elapsed": 554.083861, "delta": 2.104334}}
{"target": -36.21703367153326, "params": {"C": 25389.91880008551, "gamma": 0.07521057331255075}, "datetime": {"datetime": "2021-09-29 08:47:56", "elapsed": 557.550339, "delta": 3.466478}}
{"target": -36.13071901183263, "params": {"C": 27051.498983466383, "gamma": 0.07072515198684767}, "datetime": {"datetime": "2021-09-29 08:47:59", "elapsed": 560.353496, "delta": 2.803157}}
{"target": -35.13592398468197, "params": {"C": 27841.329323523132, "gamma": 0.045291062248587144}, "datetime": {"datetime": "2021-09-29 08:48:03", "elapsed": 564.296952, "delta": 3.943456}}
{"target": -34.90833160136757, "params": {"C": 28409.922020667884, "gamma": 0.0079053704642998}, "datetime": {"datetime": "2021-09-29 08:48:05", "elapsed": 566.25434, "delta": 1.957388}}
{"target": -34.78361212458036, "params": {"C": 25097.98929675111, "gamma": 0.037851743992525465}, "datetime": {"datetime": "2021-09-29 08:48:08", "elapsed": 569.752259, "delta": 3.497919}}
{"target": -35.74997368159212, "params": {"C": 27642.51410269871, "gamma": 0.06021386507308688}, "datetime": {"datetime": "2021-09-29 08:48:12", "elapsed": 573.194094, "delta": 3.441835}}
{"target": -35.10007900370238, "params": {"C": 27554.26875890371, "gamma": 0.044618319539942324}, "datetime": {"datetime": "2021-09-29 08:48:15", "elapsed": 576.358231, "delta": 3.164137}}
{"target": -35.980800487785274, "params": {"C": 26936.857356321507, "gamma": 0.06681255115365754}, "datetime": {"datetime": "2021-09-29 08:48:17", "elapsed": 578.528668, "delta": 2.170437}}
{"target": -34.29844141987495, "params": {"C": 25123.056678606292, "gamma": 0.018176121212114798}, "datetime": {"datetime": "2021-09-29 08:48:21", "elapsed": 582.031712, "delta": 3.503044}}
{"target": -35.85802540411798, "params": {"C": 28185.30819099861, "gamma": 0.06251618525503426}, "datetime": {"datetime": "2021-09-29 08:48:24", "elapsed": 585.575884, "delta": 3.544172}}
{"target": -34.29376071116687, "params": {"C": 29341.917066749913, "gamma": 0.013463831915132136}, "datetime": {"datetime": "2021-09-29 08:48:27", "elapsed": 588.381504, "delta": 2.80562}}
{"target": -34.3643936094298, "params": {"C": 27642.457876179193, "gamma": 0.02089433690464899}, "datetime": {"datetime": "2021-09-29 08:48:30", "elapsed": 591.209888, "delta": 2.828384}}
{"target": -34.45490443837847, "params": {"C": 27693.544088272316, "gamma": 0.010865603043979002}, "datetime": {"datetime": "2021-09-29 08:48:33", "elapsed": 594.124362, "delta": 2.914474}}
{"target": -36.86559820855159, "params": {"C": 25163.61485164406, "gamma": 0.09705096120971375}, "datetime": {"datetime": "2021-09-29 08:48:35", "elapsed": 596.329347, "delta": 2.204985}}
{"target": -34.9552016107246, "params": {"C": 28003.17928124255, "gamma": 0.04091420419993662}, "datetime": {"datetime": "2021-09-29 08:48:37", "elapsed": 598.5345, "delta": 2.205153}}
{"target": -35.43040570317625, "params": {"C": 25620.82542284658, "gamma": 0.053796941524973406}, "datetime": {"datetime": "2021-09-29 08:48:39", "elapsed": 600.70945, "delta": 2.17495}}
{"target": -36.704290394386845, "params": {"C": 26625.65759737416, "gamma": 0.08840311887035894}, "datetime": {"datetime": "2021-09-29 08:48:42", "elapsed": 602.942745, "delta": 2.233295}}
{"target": -35.23253365252349, "params": {"C": 25123.069904520427, "gamma": 0.04929030350201164}, "datetime": {"datetime": "2021-09-29 08:48:45", "elapsed": 606.529966, "delta": 3.587221}}
{"target": -36.071690741669585, "params": {"C": 27542.77048392294, "gamma": 0.0685862882133482}, "datetime": {"datetime": "2021-09-29 08:48:48", "elapsed": 609.422019, "delta": 2.892053}}
{"target": -36.29035186874947, "params": {"C": 26218.412211511724, "gamma": 0.076276391303339}, "datetime": {"datetime": "2021-09-29 08:48:52", "elapsed": 613.009232, "delta": 3.587213}}
{"target": -36.907386244798694, "params": {"C": 28622.203559275255, "gamma": 0.09206293003081197}, "datetime": {"datetime": "2021-09-29 08:48:54", "elapsed": 615.226814, "delta": 2.217582}}
{"target": -34.27945764897028, "params": {"C": 28021.34093575323, "gamma": 0.016514129335525228}, "datetime": {"datetime": "2021-09-29 08:48:57", "elapsed": 618.166519, "delta": 2.939705}}
{"target": -34.38812068317408, "params": {"C": 29354.163431559817, "gamma": 0.021644937210298604}, "datetime": {"datetime": "2021-09-29 08:49:00", "elapsed": 621.619352, "delta": 3.452833}}
{"target": -34.602410923705015, "params": {"C": 27752.57369937437, "gamma": 0.009626052037254623}, "datetime": {"datetime": "2021-09-29 08:49:03", "elapsed": 624.633545, "delta": 3.014193}}
{"target": -35.154325488899346, "params": {"C": 25097.89810845171, "gamma": 0.007389015631315939}, "datetime": {"datetime": "2021-09-29 08:49:08", "elapsed": 629.616425, "delta": 4.98288}}
{"target": -34.28174042914213, "params": {"C": 28063.102414165667, "gamma": 0.016622355188768985}, "datetime": {"datetime": "2021-09-29 08:49:11", "elapsed": 631.872866, "delta": 2.256441}}
{"target": -35.49100101889934, "params": {"C": 28063.152153606712, "gamma": 0.053490499329266826}, "datetime": {"datetime": "2021-09-29 08:49:14", "elapsed": 634.913075, "delta": 3.040209}}
{"target": -36.70301114405124, "params": {"C": 25941.129236589906, "gamma": 0.08954672632484761}, "datetime": {"datetime": "2021-09-29 08:49:16", "elapsed": 637.059049, "delta": 2.145974}}
{"target": -34.7588576753806, "params": {"C": 25454.213929469035, "gamma": 0.009014149791417285}, "datetime": {"datetime": "2021-09-29 08:49:23", "elapsed": 644.417004, "delta": 7.357955}}
{"target": -34.45636394517596, "params": {"C": 27952.452898354164, "gamma": 0.024957432631134067}, "datetime": {"datetime": "2021-09-29 08:49:26", "elapsed": 647.73356, "delta": 3.316556}}
{"target": -35.331053918775396, "params": {"C": 27619.692655802093, "gamma": 0.006396301244693076}, "datetime": {"datetime": "2021-09-29 08:49:30", "elapsed": 650.910735, "delta": 3.177175}}
{"target": -35.22807941424189, "params": {"C": 25627.965400085417, "gamma": 0.048838603087193545}, "datetime": {"datetime": "2021-09-29 08:49:32", "elapsed": 653.645155, "delta": 2.73442}}
{"target": -35.47329955666571, "params": {"C": 26143.190257780832, "gamma": 0.054461386855549306}, "datetime": {"datetime": "2021-09-29 08:49:35", "elapsed": 656.098358, "delta": 2.453203}}
{"target": -34.53508312192913, "params": {"C": 29084.50244149643, "gamma": 0.02760600773171767}, "datetime": {"datetime": "2021-09-29 08:49:38", "elapsed": 659.231173, "delta": 3.132815}}
{"target": -35.85159627840614, "params": {"C": 27810.416750864253, "gamma": 0.06269915343333622}, "datetime": {"datetime": "2021-09-29 08:49:41", "elapsed": 662.090714, "delta": 2.859541}}
