{"target": -55.788187200388286, "params": {"C": 6475.85596006311, "gamma": 0.00820981822260838}, "datetime": {"datetime": "2021-10-04 11:36:39", "elapsed": 68.817819, "delta": 0.744249}}
{"target": -56.80715827898447, "params": {"C": 7086.45484479039, "gamma": 0.26252278474718166}, "datetime": {"datetime": "2021-10-04 11:36:40", "elapsed": 69.487581, "delta": 0.669762}}
{"target": -56.91488689157402, "params": {"C": 7061.712252337105, "gamma": 0.265358457227658}, "datetime": {"datetime": "2021-10-04 11:36:41", "elapsed": 70.226574, "delta": 0.738993}}
{"target": -53.392286531311484, "params": {"C": 9787.810104056523, "gamma": 0.1970264966553111}, "datetime": {"datetime": "2021-10-04 11:36:42", "elapsed": 70.953225, "delta": 0.726651}}
{"target": -53.07836717159791, "params": {"C": 9753.865669562721, "gamma": 0.014908281981075393}, "datetime": {"datetime": "2021-10-04 11:36:42", "elapsed": 71.722496, "delta": 0.769271}}
{"target": -50.45875364495147, "params": {"C": 9906.003460128139, "gamma": 0.05692982391197812}, "datetime": {"datetime": "2021-10-04 11:36:43", "elapsed": 72.434116, "delta": 0.71162}}
{"target": -56.552790600456724, "params": {"C": 8938.56733269164, "gamma": 0.2920856529552614}, "datetime": {"datetime": "2021-10-04 11:36:44", "elapsed": 73.202187, "delta": 0.768071}}
{"target": -54.061703178175414, "params": {"C": 8579.147254663787, "gamma": 0.011977030458143897}, "datetime": {"datetime": "2021-10-04 11:36:45", "elapsed": 74.036184, "delta": 0.833997}}
{"target": -50.975770737062504, "params": {"C": 8948.967423055556, "gamma": 0.09460717202586484}, "datetime": {"datetime": "2021-10-04 11:36:45", "elapsed": 74.77677, "delta": 0.740586}}
{"target": -55.12870427592419, "params": {"C": 9919.785600712969, "gamma": 0.25770224365893557}, "datetime": {"datetime": "2021-10-04 11:36:46", "elapsed": 75.621975, "delta": 0.845205}}
{"target": -53.92417182741884, "params": {"C": 8888.031342878183, "gamma": 0.20181498607423906}, "datetime": {"datetime": "2021-10-04 11:36:47", "elapsed": 76.343321, "delta": 0.721346}}
{"target": -52.510879455303055, "params": {"C": 9917.776873817344, "gamma": 0.1689249538903837}, "datetime": {"datetime": "2021-10-04 11:36:48", "elapsed": 77.021354, "delta": 0.678033}}
{"target": -54.37412819071342, "params": {"C": 9912.972804160787, "gamma": 0.23156156325218774}, "datetime": {"datetime": "2021-10-04 11:36:49", "elapsed": 77.861849, "delta": 0.840495}}
{"target": -53.37957538451537, "params": {"C": 9921.50910209221, "gamma": 0.19838754899341426}, "datetime": {"datetime": "2021-10-04 11:36:49", "elapsed": 78.682592, "delta": 0.820743}}
{"target": -55.193123382493695, "params": {"C": 9602.39219624088, "gamma": 0.2552229068093582}, "datetime": {"datetime": "2021-10-04 11:36:50", "elapsed": 79.556573, "delta": 0.873981}}
{"target": -50.50225825530207, "params": {"C": 9911.530977840408, "gamma": 0.08667925398938842}, "datetime": {"datetime": "2021-10-04 11:36:51", "elapsed": 80.271773, "delta": 0.7152}}
{"target": -53.87662567078955, "params": {"C": 9314.05022783014, "gamma": 0.20678321414778597}, "datetime": {"datetime": "2021-10-04 11:36:52", "elapsed": 81.240412, "delta": 0.968639}}
{"target": -52.51405423614288, "params": {"C": 8890.006571651633, "gamma": 0.15228549988143028}, "datetime": {"datetime": "2021-10-04 11:36:53", "elapsed": 82.393195, "delta": 1.152783}}
{"target": -55.75333248327438, "params": {"C": 9604.389326269178, "gamma": 0.2755955464895725}, "datetime": {"datetime": "2021-10-04 11:36:54", "elapsed": 83.29295, "delta": 0.899755}}
{"target": -55.549760545044975, "params": {"C": 8895.634696144703, "gamma": 0.25656683481318593}, "datetime": {"datetime": "2021-10-04 11:36:55", "elapsed": 84.283752, "delta": 0.990802}}
{"target": -53.81203597661259, "params": {"C": 8993.17398559858, "gamma": 0.19965156516913862}, "datetime": {"datetime": "2021-10-04 11:36:56", "elapsed": 85.08079, "delta": 0.797038}}
{"target": -53.67989267357711, "params": {"C": 8897.39789162408, "gamma": 0.19371700751819268}, "datetime": {"datetime": "2021-10-04 11:36:57", "elapsed": 85.966006, "delta": 0.885216}}
{"target": -54.672272263688114, "params": {"C": 8934.875269142058, "gamma": 0.2269612228778501}, "datetime": {"datetime": "2021-10-04 11:36:58", "elapsed": 87.215749, "delta": 1.249743}}
{"target": -51.239728793324495, "params": {"C": 8933.1725338984, "gamma": 0.03520307703659803}, "datetime": {"datetime": "2021-10-04 11:36:59", "elapsed": 88.108242, "delta": 0.892493}}
{"target": -51.20886895243654, "params": {"C": 8991.31156735813, "gamma": 0.035587083427445244}, "datetime": {"datetime": "2021-10-04 11:37:00", "elapsed": 89.071277, "delta": 0.963035}}
{"target": -51.5643554853604, "params": {"C": 8577.333348785442, "gamma": 0.030804687803303293}, "datetime": {"datetime": "2021-10-04 11:37:01", "elapsed": 90.026595, "delta": 0.955318}}
{"target": -56.05738466338626, "params": {"C": 8581.405044062312, "gamma": 0.00599334669024254}, "datetime": {"datetime": "2021-10-04 11:37:02", "elapsed": 90.921438, "delta": 0.894843}}
{"target": -52.66540003536165, "params": {"C": 8903.151778245965, "gamma": 0.15794365176773836}, "datetime": {"datetime": "2021-10-04 11:37:02", "elapsed": 91.793444, "delta": 0.872006}}
{"target": -55.3812530898591, "params": {"C": 9891.453773902895, "gamma": 0.26631045505798584}, "datetime": {"datetime": "2021-10-04 11:37:03", "elapsed": 92.852628, "delta": 1.059184}}
{"target": -50.680974366405934, "params": {"C": 8918.625195320314, "gamma": 0.063000546223069}, "datetime": {"datetime": "2021-10-04 11:37:04", "elapsed": 93.759298, "delta": 0.90667}}
{"target": -56.521166016600866, "params": {"C": 8913.679548884296, "gamma": 0.004820134806067915}, "datetime": {"datetime": "2021-10-04 11:37:05", "elapsed": 94.781243, "delta": 1.021945}}
{"target": -53.68806934147686, "params": {"C": 9999.562382446096, "gamma": 0.20947288366936598}, "datetime": {"datetime": "2021-10-04 11:37:06", "elapsed": 95.738927, "delta": 0.957684}}
{"target": -50.873812268633166, "params": {"C": 8603.804155528811, "gamma": 0.05439135753887741}, "datetime": {"datetime": "2021-10-04 11:37:08", "elapsed": 97.024472, "delta": 1.285545}}
{"target": -50.780657992546566, "params": {"C": 8602.691660390103, "gamma": 0.06690456134460164}, "datetime": {"datetime": "2021-10-04 11:37:09", "elapsed": 97.918472, "delta": 0.894}}
{"target": -54.588271061479624, "params": {"C": 9870.786192938862, "gamma": 0.23829882283659956}, "datetime": {"datetime": "2021-10-04 11:37:10", "elapsed": 98.91589, "delta": 0.997418}}
{"target": -52.491852033844026, "params": {"C": 8965.232188500951, "gamma": 0.15278216700632452}, "datetime": {"datetime": "2021-10-04 11:37:10", "elapsed": 99.84643, "delta": 0.93054}}
{"target": -52.71269450911126, "params": {"C": 9889.574664407397, "gamma": 0.016579989657716808}, "datetime": {"datetime": "2021-10-04 11:37:12", "elapsed": 101.104209, "delta": 1.257779}}
{"target": -57.012828185176986, "params": {"C": 7247.503483715678, "gamma": 0.27268581520049034}, "datetime": {"datetime": "2021-10-04 11:37:13", "elapsed": 102.272804, "delta": 1.168595}}
{"target": -57.02073058045037, "params": {"C": 7249.508471966301, "gamma": 0.2729888256557054}, "datetime": {"datetime": "2021-10-04 11:37:14", "elapsed": 103.120853, "delta": 0.848049}}
{"target": -51.83987968336778, "params": {"C": 9872.404678746265, "gamma": 0.1429963636017157}, "datetime": {"datetime": "2021-10-04 11:37:15", "elapsed": 104.163083, "delta": 1.04223}}
{"target": -55.006605212817355, "params": {"C": 9906.99667246711, "gamma": 0.25326118996500246}, "datetime": {"datetime": "2021-10-04 11:37:16", "elapsed": 105.060223, "delta": 0.89714}}
{"target": -56.68009382530864, "params": {"C": 8947.246252030542, "gamma": 0.2967157964745727}, "datetime": {"datetime": "2021-10-04 11:37:16", "elapsed": 105.813146, "delta": 0.752923}}
{"target": -50.8443275145503, "params": {"C": 8905.300724657165, "gamma": 0.05029722427130357}, "datetime": {"datetime": "2021-10-04 11:37:17", "elapsed": 106.66635, "delta": 0.853204}}
{"target": -53.50313471318893, "params": {"C": 8919.562981157751, "gamma": 0.18800896501135328}, "datetime": {"datetime": "2021-10-04 11:37:18", "elapsed": 107.670108, "delta": 1.003758}}
{"target": -55.55053464414641, "params": {"C": 9894.42149282663, "gamma": 0.27259934066175884}, "datetime": {"datetime": "2021-10-04 11:37:19", "elapsed": 108.567302, "delta": 0.897194}}
{"target": -56.32901259694166, "params": {"C": 7273.542326462131, "gamma": 0.2519496671202045}, "datetime": {"datetime": "2021-10-04 11:37:20", "elapsed": 109.43972, "delta": 0.872418}}
{"target": -55.22983876029422, "params": {"C": 8943.019942350986, "gamma": 0.24632895688331718}, "datetime": {"datetime": "2021-10-04 11:37:21", "elapsed": 110.241455, "delta": 0.801735}}
{"target": -56.998815555356224, "params": {"C": 7271.414725033992, "gamma": 0.2727661482699084}, "datetime": {"datetime": "2021-10-04 11:37:22", "elapsed": 111.659386, "delta": 1.417931}}
{"target": -55.29652856128206, "params": {"C": 9881.35158450982, "gamma": 0.2630928664357124}, "datetime": {"datetime": "2021-10-04 11:37:23", "elapsed": 112.743339, "delta": 1.083953}}
{"target": -55.42008677834711, "params": {"C": 9318.934209829731, "gamma": 0.25881379279907113}, "datetime": {"datetime": "2021-10-04 11:37:24", "elapsed": 113.768433, "delta": 1.025094}}
{"target": -52.45255713569904, "params": {"C": 8605.942995592643, "gamma": 0.020665384256276845}, "datetime": {"datetime": "2021-10-04 11:37:25", "elapsed": 114.793863, "delta": 1.02543}}
{"target": -53.36616172493142, "params": {"C": 8900.429767154206, "gamma": 0.1830254079143182}, "datetime": {"datetime": "2021-10-04 11:37:27", "elapsed": 115.924794, "delta": 1.130931}}
{"target": -52.82516489767669, "params": {"C": 8932.218892165747, "gamma": 0.16414163705293286}, "datetime": {"datetime": "2021-10-04 11:37:28", "elapsed": 116.994514, "delta": 1.06972}}
{"target": -52.26235498846354, "params": {"C": 8906.362704263873, "gamma": 0.14312325801018747}, "datetime": {"datetime": "2021-10-04 11:37:29", "elapsed": 117.983089, "delta": 0.988575}}
{"target": -54.53583631293, "params": {"C": 7559.841342793752, "gamma": 0.19792904547803458}, "datetime": {"datetime": "2021-10-04 11:37:30", "elapsed": 118.88581, "delta": 0.902721}}
{"target": -55.999176392404166, "params": {"C": 8990.426445879226, "gamma": 0.2742124258111634}, "datetime": {"datetime": "2021-10-04 11:37:30", "elapsed": 119.740441, "delta": 0.854631}}
{"target": -56.69163569454374, "params": {"C": 8886.242674136502, "gamma": 0.29596438203426556}, "datetime": {"datetime": "2021-10-04 11:37:32", "elapsed": 120.967539, "delta": 1.227098}}
{"target": -51.10697356345581, "params": {"C": 214340.78230426126, "gamma": 0.21693637455232095}, "datetime": {"datetime": "2021-10-04 11:37:33", "elapsed": 0.0, "delta": 0.0}}
{"target": -50.56567676514185, "params": {"C": 10056.043660498994, "gamma": 0.09279277407165641}, "datetime": {"datetime": "2021-10-04 11:37:34", "elapsed": 0.148744, "delta": 0.148744}}
{"target": -47.93669392143526, "params": {"C": 81910.38650038539, "gamma": 0.030424562646332944}, "datetime": {"datetime": "2021-10-04 11:37:34", "elapsed": 0.30243, "delta": 0.153686}}
{"target": -48.36247200768048, "params": {"C": 101267.50357505874, "gamma": 0.10563153593178518}, "datetime": {"datetime": "2021-10-04 11:37:34", "elapsed": 0.539268, "delta": 0.236838}}
{"target": -50.81582571189802, "params": {"C": 204416.06237302828, "gamma": 0.163028569998997}, "datetime": {"datetime": "2021-10-04 11:37:34", "elapsed": 0.696359, "delta": 0.157091}}
{"target": -49.76430089122881, "params": {"C": 81906.48605646653, "gamma": 0.20997286295173112}, "datetime": {"datetime": "2021-10-04 11:37:34", "elapsed": 0.917418, "delta": 0.221059}}
{"target": -52.36164519102726, "params": {"C": 416700.9348647854, "gamma": 0.1990609613961493}, "datetime": {"datetime": "2021-10-04 11:37:35", "elapsed": 1.190079, "delta": 0.272661}}
{"target": -50.246077420701546, "params": {"C": 101286.91880327188, "gamma": 0.2294990550543434}, "datetime": {"datetime": "2021-10-04 11:37:35", "elapsed": 1.412564, "delta": 0.222485}}
{"target": -49.914196025751245, "params": {"C": 52175.3280352406, "gamma": 0.2283313272560818}, "datetime": {"datetime": "2021-10-04 11:37:35", "elapsed": 1.641122, "delta": 0.228558}}
{"target": -47.6647283550484, "params": {"C": 52164.58726772067, "gamma": 0.08468053014543442}, "datetime": {"datetime": "2021-10-04 11:37:35", "elapsed": 1.862377, "delta": 0.221255}}
{"target": -48.319645707372885, "params": {"C": 52148.738713980936, "gamma": 0.13808907846382673}, "datetime": {"datetime": "2021-10-04 11:37:36", "elapsed": 2.101273, "delta": 0.238896}}
{"target": -49.84708507581009, "params": {"C": 221824.14280554253, "gamma": 0.10754982743294166}, "datetime": {"datetime": "2021-10-04 11:37:36", "elapsed": 2.32923, "delta": 0.227957}}
{"target": -51.13724343460368, "params": {"C": 308850.76071160013, "gamma": 0.11968408185215793}, "datetime": {"datetime": "2021-10-04 11:37:36", "elapsed": 2.553229, "delta": 0.223999}}
{"target": -51.13083096508499, "params": {"C": 221838.66289401095, "gamma": 0.20272816750143466}, "datetime": {"datetime": "2021-10-04 11:37:36", "elapsed": 2.806438, "delta": 0.253209}}
{"target": -48.17503212882657, "params": {"C": 52160.53328388066, "gamma": 0.13095966780848495}, "datetime": {"datetime": "2021-10-04 11:37:36", "elapsed": 3.040439, "delta": 0.234001}}
{"target": -51.030651657932964, "params": {"C": 81916.9146847937, "gamma": 0.28625629230257954}, "datetime": {"datetime": "2021-10-04 11:37:37", "elapsed": 3.264444, "delta": 0.224005}}
{"target": -48.87959386033926, "params": {"C": 101236.49175275957, "gamma": 0.013786693321692745}, "datetime": {"datetime": "2021-10-04 11:37:37", "elapsed": 3.521445, "delta": 0.257001}}
{"target": -50.36598879689585, "params": {"C": 101243.41823035196, "gamma": 0.23784600854772767}, "datetime": {"datetime": "2021-10-04 11:37:37", "elapsed": 3.750892, "delta": 0.229447}}
{"target": -48.105201610587976, "params": {"C": 52143.517346213695, "gamma": 0.12752411831332802}, "datetime": {"datetime": "2021-10-04 11:37:37", "elapsed": 4.01611, "delta": 0.265218}}
{"target": -49.19147185482612, "params": {"C": 52113.52771162504, "gamma": 0.18706695395899947}, "datetime": {"datetime": "2021-10-04 11:37:38", "elapsed": 4.263348, "delta": 0.247238}}
{"target": -49.67154459099501, "params": {"C": 52097.657976469534, "gamma": 0.21559636352468775}, "datetime": {"datetime": "2021-10-04 11:37:38", "elapsed": 4.500236, "delta": 0.236888}}
{"target": -49.80563076085161, "params": {"C": 52135.55389231374, "gamma": 0.22287723062280648}, "datetime": {"datetime": "2021-10-04 11:37:38", "elapsed": 4.779239, "delta": 0.279003}}
{"target": -47.60089766031361, "params": {"C": 52106.99972868845, "gamma": 0.09365204132179446}, "datetime": {"datetime": "2021-10-04 11:37:38", "elapsed": 5.090237, "delta": 0.310998}}
{"target": -49.368881760749886, "params": {"C": 101191.38357184158, "gamma": 0.15518928826515946}, "datetime": {"datetime": "2021-10-04 11:37:39", "elapsed": 5.383235, "delta": 0.292998}}
{"target": -48.91924842165318, "params": {"C": 101228.24978305538, "gamma": 0.1300404754186412}, "datetime": {"datetime": "2021-10-04 11:37:39", "elapsed": 5.673172, "delta": 0.289937}}
{"target": -49.216051617317014, "params": {"C": 101221.35144811422, "gamma": 0.1462561995811184}, "datetime": {"datetime": "2021-10-04 11:37:39", "elapsed": 5.953185, "delta": 0.280013}}
{"target": -50.8946278268023, "params": {"C": 101231.80565197398, "gamma": 0.2705259857673303}, "datetime": {"datetime": "2021-10-04 11:37:40", "elapsed": 6.217243, "delta": 0.264058}}
{"target": -48.01485791973326, "params": {"C": 101159.60006142854, "gamma": 0.0355657850584559}, "datetime": {"datetime": "2021-10-04 11:37:40", "elapsed": 6.502299, "delta": 0.285056}}
{"target": -48.33483665057402, "params": {"C": 101217.5297683869, "gamma": 0.10471266562307963}, "datetime": {"datetime": "2021-10-04 11:37:40", "elapsed": 6.782596, "delta": 0.280297}}
{"target": -47.841254508136366, "params": {"C": 101262.81872683532, "gamma": 0.0877595959098489}, "datetime": {"datetime": "2021-10-04 11:37:40", "elapsed": 7.059446, "delta": 0.27685}}
{"target": -50.74232462462399, "params": {"C": 101259.307297167, "gamma": 0.26066331283794936}, "datetime": {"datetime": "2021-10-04 11:37:41", "elapsed": 7.331768, "delta": 0.272322}}
{"target": -50.0200995540589, "params": {"C": 441365.84966031555, "gamma": 0.04223798087510395}, "datetime": {"datetime": "2021-10-04 11:37:41", "elapsed": 7.620763, "delta": 0.288995}}
{"target": -52.27609186458714, "params": {"C": 21364.972126453784, "gamma": 0.011201790044025658}, "datetime": {"datetime": "2021-10-04 11:37:41", "elapsed": 7.922448, "delta": 0.301685}}
{"target": -47.890065261235684, "params": {"C": 40522.77741951225, "gamma": 0.11873546176947769}, "datetime": {"datetime": "2021-10-04 11:37:42", "elapsed": 8.231136, "delta": 0.308688}}
{"target": -50.777431908455135, "params": {"C": 371944.75676175416, "gamma": 0.09154723351167238}, "datetime": {"datetime": "2021-10-04 11:37:42", "elapsed": 8.550551, "delta": 0.319415}}
{"target": -52.1894212284341, "params": {"C": 336276.3683318522, "gamma": 0.2838989997235755}, "datetime": {"datetime": "2021-10-04 11:37:42", "elapsed": 8.878074, "delta": 0.327523}}
{"target": -50.934399532006374, "params": {"C": 118977.54770427902, "gamma": 0.26476062646369114}, "datetime": {"datetime": "2021-10-04 11:37:43", "elapsed": 9.179541, "delta": 0.301467}}
{"target": -49.334455530741906, "params": {"C": 51627.398355285506, "gamma": 0.19538154183595394}, "datetime": {"datetime": "2021-10-04 11:37:43", "elapsed": 9.476724, "delta": 0.297183}}
{"target": -52.62850585259826, "params": {"C": 448661.22573548666, "gamma": 0.14270528859338438}, "datetime": {"datetime": "2021-10-04 11:37:43", "elapsed": 9.775256, "delta": 0.298532}}
{"target": -51.52529199464185, "params": {"C": 221763.6011478573, "gamma": 0.2600479946468949}, "datetime": {"datetime": "2021-10-04 11:37:44", "elapsed": 10.098254, "delta": 0.322998}}
{"target": -48.762665993906, "params": {"C": 23671.994966774168, "gamma": 0.0440469079286931}, "datetime": {"datetime": "2021-10-04 11:37:44", "elapsed": 10.390564, "delta": 0.29231}}
{"target": -52.68861509719974, "params": {"C": 463722.99970874697, "gamma": 0.13861228499338982}, "datetime": {"datetime": "2021-10-04 11:37:44", "elapsed": 10.712948, "delta": 0.322384}}
{"target": -52.63224158905133, "params": {"C": 23666.107126691637, "gamma": 0.2780991083629966}, "datetime": {"datetime": "2021-10-04 11:37:44", "elapsed": 11.036775, "delta": 0.323827}}
{"target": -47.60049279666227, "params": {"C": 52109.24558465436, "gamma": 0.09377700044633597}, "datetime": {"datetime": "2021-10-04 11:37:45", "elapsed": 11.525387, "delta": 0.488612}}
{"target": -50.49667389337553, "params": {"C": 52152.89832533119, "gamma": 0.011392716760398588}, "datetime": {"datetime": "2021-10-04 11:37:45", "elapsed": 11.877398, "delta": 0.352011}}
{"target": -47.83946286370599, "params": {"C": 40528.11087718583, "gamma": 0.11428986540872346}, "datetime": {"datetime": "2021-10-04 11:37:46", "elapsed": 12.204029, "delta": 0.326631}}
{"target": -48.55381684655719, "params": {"C": 52101.76296931371, "gamma": 0.15121105565728551}, "datetime": {"datetime": "2021-10-04 11:37:46", "elapsed": 12.515032, "delta": 0.311003}}
{"target": -49.96576385560443, "params": {"C": 51640.02593659283, "gamma": 0.230419146053214}, "datetime": {"datetime": "2021-10-04 11:37:46", "elapsed": 12.844032, "delta": 0.329}}
{"target": -48.75635528119188, "params": {"C": 23678.001477709855, "gamma": 0.1303427615904374}, "datetime": {"datetime": "2021-10-04 11:37:47", "elapsed": 13.191087, "delta": 0.347055}}
{"target": -49.04484980615977, "params": {"C": 40518.47712938122, "gamma": 0.021923971406934625}, "datetime": {"datetime": "2021-10-04 11:37:47", "elapsed": 13.551086, "delta": 0.359999}}
{"target": -48.04775418774985, "params": {"C": 101145.49448023392, "gamma": 0.09580307469665121}, "datetime": {"datetime": "2021-10-04 11:37:47", "elapsed": 13.870338, "delta": 0.319252}}
{"target": -47.97897720419219, "params": {"C": 101109.92886575685, "gamma": 0.03220637324358025}, "datetime": {"datetime": "2021-10-04 11:37:48", "elapsed": 14.204229, "delta": 0.333891}}
{"target": -47.8529826114907, "params": {"C": 101164.78319043583, "gamma": 0.0883037380832879}, "datetime": {"datetime": "2021-10-04 11:37:48", "elapsed": 14.543231, "delta": 0.339002}}
{"target": -51.36092367567816, "params": {"C": 51603.295344477825, "gamma": 0.2925902292583888}, "datetime": {"datetime": "2021-10-04 11:37:48", "elapsed": 14.901688, "delta": 0.358457}}
{"target": -49.747698312543996, "params": {"C": 101100.45093292418, "gamma": 0.18679077293492885}, "datetime": {"datetime": "2021-10-04 11:37:49", "elapsed": 15.260938, "delta": 0.35925}}
{"target": -48.952630289091374, "params": {"C": 23683.86116685131, "gamma": 0.1404170330714413}, "datetime": {"datetime": "2021-10-04 11:37:49", "elapsed": 15.64361, "delta": 0.382672}}
{"target": -48.57233373713868, "params": {"C": 101208.41831644942, "gamma": 0.1135616622911298}, "datetime": {"datetime": "2021-10-04 11:37:50", "elapsed": 16.364762, "delta": 0.721152}}
{"target": -49.55326779850932, "params": {"C": 101152.33716043238, "gamma": 0.16846922069870848}, "datetime": {"datetime": "2021-10-04 11:37:50", "elapsed": 16.773282, "delta": 0.40852}}
{"target": -50.08915265862645, "params": {"C": 101272.97296178006, "gamma": 0.21942820865695836}, "datetime": {"datetime": "2021-10-04 11:37:51", "elapsed": 17.135807, "delta": 0.362525}}
{"target": -47.77732868575965, "params": {"C": 40531.79932493194, "gamma": 0.09679248000477589}, "datetime": {"datetime": "2021-10-04 11:37:51", "elapsed": 17.490394, "delta": 0.354587}}
