{"target": -41.92773846286189, "params": {"C": 132.61968538618632, "gamma": 0.28471838993415144}, "datetime": {"datetime": "2021-09-28 11:47:28", "elapsed": 0.0, "delta": 0.0}}
{"target": -41.8161054031514, "params": {"C": 93.63571083694166, "gamma": 0.20677690405307692}, "datetime": {"datetime": "2021-09-28 11:47:28", "elapsed": 0.166001, "delta": 0.166001}}
{"target": -41.980754624072524, "params": {"C": 183.94204315214822, "gamma": 0.3590357701287081}, "datetime": {"datetime": "2021-09-28 11:47:28", "elapsed": 0.328959, "delta": 0.162958}}
{"target": -41.30631265735622, "params": {"C": 68.83779656957543, "gamma": 0.08686093686458378}, "datetime": {"datetime": "2021-09-28 11:47:29", "elapsed": 0.539421, "delta": 0.210462}}
{"target": -42.17543546439661, "params": {"C": 57.72008049512448, "gamma": 0.17911988824200142}, "datetime": {"datetime": "2021-09-28 11:47:29", "elapsed": 0.704423, "delta": 0.165002}}
{"target": -42.84103645874347, "params": {"C": 51.454738621936194, "gamma": 0.3350299327779563}, "datetime": {"datetime": "2021-09-28 11:47:29", "elapsed": 0.943423, "delta": 0.239}}
{"target": -42.24251387145558, "params": {"C": 73.56158529789829, "gamma": 0.23164844698220668}, "datetime": {"datetime": "2021-09-28 11:47:29", "elapsed": 1.322419, "delta": 0.378996}}
{"target": -40.16464574261952, "params": {"C": 120.71646056232194, "gamma": 0.05928104552868737}, "datetime": {"datetime": "2021-09-28 11:47:30", "elapsed": 1.608061, "delta": 0.285642}}
{"target": -40.3798509479797, "params": {"C": 120.73338842898028, "gamma": 0.09247731006533225}, "datetime": {"datetime": "2021-09-28 11:47:30", "elapsed": 1.89206, "delta": 0.283999}}
{"target": -41.197308690803055, "params": {"C": 120.51361635024097, "gamma": 0.013568408332377907}, "datetime": {"datetime": "2021-09-28 11:47:30", "elapsed": 2.127099, "delta": 0.235039}}
{"target": -40.49239793804573, "params": {"C": 112.9792489369712, "gamma": 0.03239292208438065}, "datetime": {"datetime": "2021-09-28 11:47:30", "elapsed": 2.341059, "delta": 0.21396}}
{"target": -40.99157651008351, "params": {"C": 120.81863278887474, "gamma": 0.01640300570073701}, "datetime": {"datetime": "2021-09-28 11:47:31", "elapsed": 2.602747, "delta": 0.261688}}
{"target": -42.02596095930795, "params": {"C": 191.21704617994988, "gamma": 0.3767187652544585}, "datetime": {"datetime": "2021-09-28 11:47:31", "elapsed": 2.854749, "delta": 0.252002}}
{"target": -41.239963054050435, "params": {"C": 113.06424324822504, "gamma": 0.16681709858911975}, "datetime": {"datetime": "2021-09-28 11:47:31", "elapsed": 3.156746, "delta": 0.301997}}
{"target": -42.245584415459156, "params": {"C": 112.82653871693489, "gamma": 0.005}, "datetime": {"datetime": "2021-09-28 11:47:32", "elapsed": 3.473745, "delta": 0.316999}}
{"target": -42.24364493162211, "params": {"C": 113.07914358119493, "gamma": 0.005}, "datetime": {"datetime": "2021-09-28 11:47:32", "elapsed": 3.82675, "delta": 0.353005}}
{"target": -40.60611796798046, "params": {"C": 120.67723747076928, "gamma": 0.11522198841580017}, "datetime": {"datetime": "2021-09-28 11:47:32", "elapsed": 4.109748, "delta": 0.282998}}
{"target": -41.77400580242118, "params": {"C": 146.94114689260383, "gamma": 0.27956053013007176}, "datetime": {"datetime": "2021-09-28 11:47:33", "elapsed": 4.406749, "delta": 0.297001}}
{"target": -40.81063608856767, "params": {"C": 120.83215009477415, "gamma": 0.13468432248651555}, "datetime": {"datetime": "2021-09-28 11:47:33", "elapsed": 4.729753, "delta": 0.323004}}
{"target": -42.071208099852015, "params": {"C": 170.41387226393653, "gamma": 0.36136676614680996}, "datetime": {"datetime": "2021-09-28 11:47:33", "elapsed": 5.005752, "delta": 0.275999}}
{"target": -41.97187657024045, "params": {"C": 111.70552853409455, "gamma": 0.2602940315078072}, "datetime": {"datetime": "2021-09-28 11:47:33", "elapsed": 5.285757, "delta": 0.280005}}
{"target": -41.25481533991105, "params": {"C": 185.307418540479, "gamma": 0.2514130396559176}, "datetime": {"datetime": "2021-09-28 11:47:34", "elapsed": 5.564751, "delta": 0.278994}}
{"target": -42.44041181942338, "params": {"C": 98.82079474961935, "gamma": 0.33085009670608245}, "datetime": {"datetime": "2021-09-28 11:47:34", "elapsed": 5.847752, "delta": 0.283001}}
{"target": -41.34889891242274, "params": {"C": 120.59946352445957, "gamma": 0.011779048513698525}, "datetime": {"datetime": "2021-09-28 11:47:34", "elapsed": 6.144752, "delta": 0.297}}
{"target": -40.26348357275161, "params": {"C": 124.25921108985054, "gamma": 0.034428870306780095}, "datetime": {"datetime": "2021-09-28 11:47:35", "elapsed": 6.421399, "delta": 0.276647}}
{"target": -41.47503720324933, "params": {"C": 87.51047498354268, "gamma": 0.15143117917514326}, "datetime": {"datetime": "2021-09-28 11:47:35", "elapsed": 6.693815, "delta": 0.272416}}
{"target": -40.231498778865316, "params": {"C": 142.1635715775905, "gamma": 0.025662135601677356}, "datetime": {"datetime": "2021-09-28 11:47:35", "elapsed": 6.960812, "delta": 0.266997}}
{"target": -39.84142637789301, "params": {"C": 142.1064418416421, "gamma": 0.060005482822486945}, "datetime": {"datetime": "2021-09-28 11:47:35", "elapsed": 7.25181, "delta": 0.290998}}
{"target": -39.329288505605795, "params": {"C": 184.22884322406546, "gamma": 0.06894684030400235}, "datetime": {"datetime": "2021-09-28 11:47:36", "elapsed": 7.751811, "delta": 0.500001}}
{"target": -42.93990031611545, "params": {"C": 52.38386231208203, "gamma": 0.39614889023912714}, "datetime": {"datetime": "2021-09-28 11:47:36", "elapsed": 8.138812, "delta": 0.387001}}
{"target": -41.88315039421352, "params": {"C": 55.26562298726345, "gamma": 0.12789753519570846}, "datetime": {"datetime": "2021-09-28 11:47:37", "elapsed": 8.449139, "delta": 0.310327}}
{"target": -39.34576867577827, "params": {"C": 184.16390115409405, "gamma": 0.04183306931712708}, "datetime": {"datetime": "2021-09-28 11:47:37", "elapsed": 8.843141, "delta": 0.394002}}
{"target": -40.16025545415835, "params": {"C": 184.19078038942808, "gamma": 0.14548976746159933}, "datetime": {"datetime": "2021-09-28 11:47:37", "elapsed": 9.209139, "delta": 0.365998}}
{"target": -41.98561936539664, "params": {"C": 188.21956183711265, "gamma": 0.36492098203791035}, "datetime": {"datetime": "2021-09-28 11:47:38", "elapsed": 9.684461, "delta": 0.475322}}
{"target": -42.22413441102647, "params": {"C": 155.92308916856464, "gamma": 0.37535772176828264}, "datetime": {"datetime": "2021-09-28 11:47:38", "elapsed": 10.044459, "delta": 0.359998}}
{"target": -42.092753433166656, "params": {"C": 64.10959844379946, "gamma": 0.18345357160885342}, "datetime": {"datetime": "2021-09-28 11:47:39", "elapsed": 10.50606, "delta": 0.461601}}
{"target": -39.76645955539918, "params": {"C": 184.2538035496996, "gamma": 0.024611280943415605}, "datetime": {"datetime": "2021-09-28 11:47:39", "elapsed": 10.825065, "delta": 0.319005}}
{"target": -42.044142893815135, "params": {"C": 75.41209403716732, "gamma": 0.010455684514813875}, "datetime": {"datetime": "2021-09-28 11:47:39", "elapsed": 11.190062, "delta": 0.364997}}
{"target": -41.00375822203531, "params": {"C": 142.08603064377564, "gamma": 0.17985528387992786}, "datetime": {"datetime": "2021-09-28 11:47:40", "elapsed": 11.54496, "delta": 0.354898}}
{"target": -42.402845563115505, "params": {"C": 70.75620727072629, "gamma": 0.25696184166506114}, "datetime": {"datetime": "2021-09-28 11:47:40", "elapsed": 11.85996, "delta": 0.315}}
{"target": -41.1461685040567, "params": {"C": 154.50336026534674, "gamma": 0.20824891181577554}, "datetime": {"datetime": "2021-09-28 11:47:40", "elapsed": 12.199956, "delta": 0.339996}}
{"target": -40.46119392677704, "params": {"C": 120.82138169882565, "gamma": 0.02845756850234876}, "datetime": {"datetime": "2021-09-28 11:47:41", "elapsed": 12.558159, "delta": 0.358203}}
{"target": -39.300399466082375, "params": {"C": 184.11893580754628, "gamma": 0.04773385355196481}, "datetime": {"datetime": "2021-09-28 11:47:41", "elapsed": 12.983163, "delta": 0.425004}}
{"target": -39.30466679170828, "params": {"C": 184.0445036080959, "gamma": 0.0639084716659281}, "datetime": {"datetime": "2021-09-28 11:47:42", "elapsed": 13.454159, "delta": 0.470996}}
{"target": -42.269309894439616, "params": {"C": 54.48143163178504, "gamma": 0.1854491236359109}, "datetime": {"datetime": "2021-09-28 11:47:58", "elapsed": 29.960879, "delta": 16.101719}}
{"target": -40.234366790341745, "params": {"C": 147.37160714221412, "gamma": 0.11500247664595024}, "datetime": {"datetime": "2021-09-28 11:47:58", "elapsed": 30.12688, "delta": 0.166001}}
{"target": -41.439781693215956, "params": {"C": 151.43823529701967, "gamma": 0.2383908128794586}, "datetime": {"datetime": "2021-09-28 11:47:58", "elapsed": 30.286876, "delta": 0.159996}}
{"target": -42.483569779496804, "params": {"C": 53.5972823565748, "gamma": 0.2257473647563984}, "datetime": {"datetime": "2021-09-28 11:47:59", "elapsed": 30.444873, "delta": 0.157997}}
{"target": -40.478020782674406, "params": {"C": 184.03052058023684, "gamma": 0.013722807621380183}, "datetime": {"datetime": "2021-09-28 11:47:59", "elapsed": 30.833716, "delta": 0.388843}}
{"target": -41.90700404827618, "params": {"C": 152.01075360714094, "gamma": 0.3070017069949091}, "datetime": {"datetime": "2021-09-28 11:47:59", "elapsed": 31.168714, "delta": 0.334998}}
{"target": -42.06920696349765, "params": {"C": 178.56821210439168, "gamma": 0.371029065833294}, "datetime": {"datetime": "2021-09-28 11:48:00", "elapsed": 31.527357, "delta": 0.358643}}
{"target": -39.62633414826313, "params": {"C": 184.26955855240752, "gamma": 0.10044058160549126}, "datetime": {"datetime": "2021-09-28 11:48:00", "elapsed": 31.963208, "delta": 0.435851}}
{"target": -39.617231722687634, "params": {"C": 183.98197485139306, "gamma": 0.0993464252725758}, "datetime": {"datetime": "2021-09-28 11:48:00", "elapsed": 32.307208, "delta": 0.344}}
{"target": -39.53321254651122, "params": {"C": 184.1546410804382, "gamma": 0.091887912839056}, "datetime": {"datetime": "2021-09-28 11:48:01", "elapsed": 32.680992, "delta": 0.373784}}
{"target": -40.94963299912996, "params": {"C": 117.54298648543292, "gamma": 0.14331566164856674}, "datetime": {"datetime": "2021-09-28 11:48:01", "elapsed": 33.010994, "delta": 0.330002}}
{"target": -39.28886576319703, "params": {"C": 184.38307760838254, "gamma": 0.06077980254866859}, "datetime": {"datetime": "2021-09-28 11:48:02", "elapsed": 33.452993, "delta": 0.441999}}
{"target": -39.940514380129535, "params": {"C": 184.43769984642148, "gamma": 0.12741940813276773}, "datetime": {"datetime": "2021-09-28 11:48:02", "elapsed": 33.874991, "delta": 0.421998}}
{"target": -41.40577610217307, "params": {"C": 186.38317580041556, "gamma": 0.27124780356575134}, "datetime": {"datetime": "2021-09-28 11:48:03", "elapsed": 34.441991, "delta": 0.567}}
{"target": -39.6600963178565, "params": {"C": 184.35184923175387, "gamma": 0.10347549382334034}, "datetime": {"datetime": "2021-09-28 11:48:03", "elapsed": 34.93072, "delta": 0.488729}}
{"target": -39.51802311688857, "params": {"C": 184.5305586574406, "gamma": 0.03176906569302234}, "datetime": {"datetime": "2021-09-28 11:48:03", "elapsed": 35.333716, "delta": 0.402996}}
{"target": -40.081432201931406, "params": {"C": 184.47507026305254, "gamma": 0.018542863039271735}, "datetime": {"datetime": "2021-09-28 11:48:04", "elapsed": 35.718714, "delta": 0.384998}}
{"target": -40.41845225174543, "params": {"C": 120.82656297465161, "gamma": 0.03001549773005893}, "datetime": {"datetime": "2021-09-28 11:48:04", "elapsed": 36.074721, "delta": 0.356007}}
{"target": -39.552249604547896, "params": {"C": 184.59641419461911, "gamma": 0.09412640805163151}, "datetime": {"datetime": "2021-09-28 11:48:05", "elapsed": 36.474528, "delta": 0.399807}}
{"target": -41.32717177968185, "params": {"C": 184.61535878038114, "gamma": 0.007033623963259846}, "datetime": {"datetime": "2021-09-28 11:48:05", "elapsed": 36.865767, "delta": 0.391239}}
{"target": -41.32770653944707, "params": {"C": 93.16341242139264, "gamma": 0.1445441265207586}, "datetime": {"datetime": "2021-09-28 11:48:05", "elapsed": 37.209773, "delta": 0.344006}}
{"target": -40.63741615996974, "params": {"C": 184.5860890249648, "gamma": 0.18742624703590172}, "datetime": {"datetime": "2021-09-28 11:48:06", "elapsed": 37.649777, "delta": 0.440004}}
{"target": -39.591299726303006, "params": {"C": 184.54212313048126, "gamma": 0.09760644522401786}, "datetime": {"datetime": "2021-09-28 11:48:06", "elapsed": 38.083772, "delta": 0.433995}}
{"target": -39.79817341868622, "params": {"C": 184.34209364805787, "gamma": 0.023856985120984407}, "datetime": {"datetime": "2021-09-28 11:48:07", "elapsed": 38.543768, "delta": 0.459996}}
{"target": -41.15817934121607, "params": {"C": 147.47379111210608, "gamma": 0.20179571174477182}, "datetime": {"datetime": "2021-09-28 11:48:07", "elapsed": 38.975463, "delta": 0.431695}}
{"target": -39.289190973959485, "params": {"C": 184.38244309612946, "gamma": 0.06088322930723282}, "datetime": {"datetime": "2021-09-28 11:48:07", "elapsed": 39.345465, "delta": 0.370002}}
{"target": -40.13291080387827, "params": {"C": 147.22851110848075, "gamma": 0.10564178161570312}, "datetime": {"datetime": "2021-09-28 11:48:08", "elapsed": 39.847472, "delta": 0.502007}}
{"target": -41.705155756838316, "params": {"C": 142.00750916082185, "gamma": 0.006879916896001996}, "datetime": {"datetime": "2021-09-28 11:48:08", "elapsed": 40.281466, "delta": 0.433994}}
{"target": -42.31704771682741, "params": {"C": 138.12367015795218, "gamma": 0.37097042136609854}, "datetime": {"datetime": "2021-09-28 11:48:09", "elapsed": 40.66129, "delta": 0.379824}}
{"target": -41.35925246521089, "params": {"C": 147.23216963580748, "gamma": 0.22373891239138446}, "datetime": {"datetime": "2021-09-28 11:48:09", "elapsed": 41.174287, "delta": 0.512997}}
{"target": -40.2841519499315, "params": {"C": 147.33385229389768, "gamma": 0.022721087095909295}, "datetime": {"datetime": "2021-09-28 11:48:10", "elapsed": 42.009393, "delta": 0.835106}}
{"target": -39.68147722069751, "params": {"C": 183.87054409745664, "gamma": 0.10485976606311459}, "datetime": {"datetime": "2021-09-28 11:48:11", "elapsed": 42.492398, "delta": 0.483005}}
{"target": -39.631054913518206, "params": {"C": 183.79554319538673, "gamma": 0.028316684822480873}, "datetime": {"datetime": "2021-09-28 11:48:11", "elapsed": 42.946632, "delta": 0.454234}}
{"target": -39.677961864619014, "params": {"C": 183.74045684468905, "gamma": 0.10442831131113003}, "datetime": {"datetime": "2021-09-28 11:48:12", "elapsed": 43.448632, "delta": 0.502}}
{"target": -40.368378716391035, "params": {"C": 183.6657354807261, "gamma": 0.014968860765937307}, "datetime": {"datetime": "2021-09-28 11:48:12", "elapsed": 43.961636, "delta": 0.513004}}
{"target": -40.719496861984936, "params": {"C": 183.76703068196682, "gamma": 0.19451943253132206}, "datetime": {"datetime": "2021-09-28 11:48:13", "elapsed": 44.412628, "delta": 0.450992}}
{"target": -40.72543103129997, "params": {"C": 147.09911804899764, "gamma": 0.015477875323279506}, "datetime": {"datetime": "2021-09-28 11:48:13", "elapsed": 44.829865, "delta": 0.417237}}
{"target": -40.274240778551565, "params": {"C": 183.8902580432782, "gamma": 0.016060705287177998}, "datetime": {"datetime": "2021-09-28 11:48:13", "elapsed": 45.329863, "delta": 0.499998}}
{"target": -41.03440210740775, "params": {"C": 124.17624391959085, "gamma": 0.1607117968097216}, "datetime": {"datetime": "2021-09-28 11:48:14", "elapsed": 45.973867, "delta": 0.644004}}
{"target": -40.19352426374018, "params": {"C": 183.63609596633833, "gamma": 0.14779219320229256}, "datetime": {"datetime": "2021-09-28 11:48:15", "elapsed": 46.479642, "delta": 0.505775}}
{"target": -40.76324984089097, "params": {"C": 124.40240149516471, "gamma": 0.13515742626177646}, "datetime": {"datetime": "2021-09-28 11:48:15", "elapsed": 46.973965, "delta": 0.494323}}
{"target": -42.11372234249564, "params": {"C": 95.75334944721334, "gamma": 0.25563248967439584}, "datetime": {"datetime": "2021-09-28 11:48:15", "elapsed": 47.374954, "delta": 0.400989}}
{"target": -40.08143978564948, "params": {"C": 183.48912788090166, "gamma": 0.1383574306233226}, "datetime": {"datetime": "2021-09-28 11:48:16", "elapsed": 47.961738, "delta": 0.586784}}
{"target": -41.31148421654835, "params": {"C": 183.49943393837623, "gamma": 0.2564641315287861}, "datetime": {"datetime": "2021-09-28 11:48:17", "elapsed": 48.461741, "delta": 0.500003}}
{"target": -41.636550626209015, "params": {"C": 57.69583344467118, "gamma": 0.10058204289374147}, "datetime": {"datetime": "2021-09-28 11:48:17", "elapsed": 48.85986, "delta": 0.398119}}
{"target": -39.987015106947794, "params": {"C": 183.50134947259465, "gamma": 0.020208382020258278}, "datetime": {"datetime": "2021-09-28 11:48:17", "elapsed": 49.333866, "delta": 0.474006}}
{"target": -39.31976782860464, "params": {"C": 183.41383139748237, "gamma": 0.06548995113260903}, "datetime": {"datetime": "2021-09-28 11:48:18", "elapsed": 50.175878, "delta": 0.842012}}
{"target": -39.534830960326225, "params": {"C": 183.3274041938464, "gamma": 0.031641675269390254}, "datetime": {"datetime": "2021-09-28 11:48:19", "elapsed": 50.747529, "delta": 0.571651}}
{"target": -39.74067543264581, "params": {"C": 183.3190883413217, "gamma": 0.10942240743753513}, "datetime": {"datetime": "2021-09-28 11:48:19", "elapsed": 51.308534, "delta": 0.561005}}
{"target": -39.63865910903869, "params": {"C": 183.17403040828006, "gamma": 0.028290146041145704}, "datetime": {"datetime": "2021-09-28 11:48:20", "elapsed": 51.852244, "delta": 0.54371}}
{"target": -40.046778762907245, "params": {"C": 183.15719202109835, "gamma": 0.13523205105277186}, "datetime": {"datetime": "2021-09-28 11:48:21", "elapsed": 52.401238, "delta": 0.548994}}
{"target": -39.30902909643601, "params": {"C": 183.0530964877509, "gamma": 0.048649277909323475}, "datetime": {"datetime": "2021-09-28 11:48:21", "elapsed": 53.083916, "delta": 0.682678}}
{"target": -39.90929322242718, "params": {"C": 182.9779649205492, "gamma": 0.12344837507737322}, "datetime": {"datetime": "2021-09-28 11:48:22", "elapsed": 53.725918, "delta": 0.642002}}
{"target": -39.79115855119704, "params": {"C": 182.87795517230583, "gamma": 0.024366210715289993}, "datetime": {"datetime": "2021-09-28 11:48:22", "elapsed": 54.25791, "delta": 0.531992}}
{"target": -39.46530291440229, "params": {"C": 182.7626299058065, "gamma": 0.0835957146974992}, "datetime": {"datetime": "2021-09-28 11:48:23", "elapsed": 54.971333, "delta": 0.713423}}
{"target": -41.09141944429012, "params": {"C": 123.26956172832759, "gamma": 0.014474841597458335}, "datetime": {"datetime": "2021-09-28 11:48:24", "elapsed": 55.435338, "delta": 0.464005}}
{"target": -41.327160286881984, "params": {"C": 182.9766733781129, "gamma": 0.007108520859303543}, "datetime": {"datetime": "2021-09-28 11:48:24", "elapsed": 56.084338, "delta": 0.649}}
{"target": -39.90816022938329, "params": {"C": 182.8431510190609, "gamma": 0.1232294290314694}, "datetime": {"datetime": "2021-09-28 11:48:25", "elapsed": 56.932317, "delta": 0.847979}}
{"target": -42.30313951427574, "params": {"C": 57.76448534565802, "gamma": 0.20136030901908794}, "datetime": {"datetime": "2021-09-28 11:48:26", "elapsed": 57.509315, "delta": 0.576998}}
{"target": -39.67521004599971, "params": {"C": 183.06209683919212, "gamma": 0.1035230781424168}, "datetime": {"datetime": "2021-09-28 11:48:26", "elapsed": 58.091313, "delta": 0.581998}}
{"target": -39.9084598578287, "params": {"C": 182.79069937503766, "gamma": 0.021843673601229165}, "datetime": {"datetime": "2021-09-28 11:48:27", "elapsed": 58.768131, "delta": 0.676818}}
{"target": -40.096660206948755, "params": {"C": 182.6394032344054, "gamma": 0.13885573479475605}, "datetime": {"datetime": "2021-09-28 11:48:28", "elapsed": 59.457154, "delta": 0.689023}}
{"target": -41.06406139200807, "params": {"C": 182.74766349756038, "gamma": 0.22788455767045138}, "datetime": {"datetime": "2021-09-28 11:48:28", "elapsed": 60.156132, "delta": 0.698978}}
{"target": -42.44402093574922, "params": {"C": 123.28031927403295, "gamma": 0.38004196797562934}, "datetime": {"datetime": "2021-09-28 11:48:29", "elapsed": 60.714511, "delta": 0.558379}}
{"target": -39.42032078918164, "params": {"C": 182.5999954745611, "gamma": 0.03758871882981586}, "datetime": {"datetime": "2021-09-28 11:48:29", "elapsed": 61.360511, "delta": 0.646}}
{"target": -39.36907968430759, "params": {"C": 182.44208346452567, "gamma": 0.04159319162172458}, "datetime": {"datetime": "2021-09-28 11:48:30", "elapsed": 62.170162, "delta": 0.809651}}
{"target": -39.789704247445954, "params": {"C": 182.51443345231766, "gamma": 0.11284951852067657}, "datetime": {"datetime": "2021-09-28 11:48:31", "elapsed": 63.149746, "delta": 0.979584}}
{"target": -39.94999960542271, "params": {"C": 182.3578875103444, "gamma": 0.12635739800443394}, "datetime": {"datetime": "2021-09-28 11:48:32", "elapsed": 63.97075, "delta": 0.821004}}
{"target": -39.78125427116188, "params": {"C": 182.35802255644825, "gamma": 0.02472893005600244}, "datetime": {"datetime": "2021-09-28 11:48:33", "elapsed": 64.819488, "delta": 0.848738}}
{"target": -39.30085577095268, "params": {"C": 182.69090416749947, "gamma": 0.05366656615217048}, "datetime": {"datetime": "2021-09-28 11:48:34", "elapsed": 65.580489, "delta": 0.761001}}
{"target": -41.62213105604386, "params": {"C": 182.45964039082367, "gamma": 0.2968353135536288}, "datetime": {"datetime": "2021-09-28 11:48:34", "elapsed": 66.251493, "delta": 0.671004}}
{"target": -39.30657963445507, "params": {"C": 182.19917141224641, "gamma": 0.05412408322902203}, "datetime": {"datetime": "2021-09-28 11:48:35", "elapsed": 66.988398, "delta": 0.736905}}
{"target": -39.563932858579435, "params": {"C": 182.08511862927767, "gamma": 0.09250834714765585}, "datetime": {"datetime": "2021-09-28 11:48:36", "elapsed": 67.603428, "delta": 0.61503}}
