{"target": -42.73583360673192, "params": {"C": 7913.330999355793, "gamma": 0.06038279336966842}, "datetime": {"datetime": "2021-09-29 18:26:03", "elapsed": 423.892113, "delta": 4.371115}}
{"target": -40.91979516756462, "params": {"C": 7126.711670205754, "gamma": 0.02327507552992454}, "datetime": {"datetime": "2021-09-29 18:26:06", "elapsed": 427.607764, "delta": 3.715651}}
{"target": -42.273657702220255, "params": {"C": 5934.346601645442, "gamma": 0.061992312084560956}, "datetime": {"datetime": "2021-09-29 18:26:08", "elapsed": 429.522531, "delta": 1.914767}}
{"target": -40.911397960919004, "params": {"C": 5353.278848467956, "gamma": 0.030297281950544902}, "datetime": {"datetime": "2021-09-29 18:26:11", "elapsed": 432.010141, "delta": 2.48761}}
{"target": -41.705519293427514, "params": {"C": 5544.910502287538, "gamma": 0.05190079762378212}, "datetime": {"datetime": "2021-09-29 18:26:13", "elapsed": 434.150247, "delta": 2.140106}}
{"target": -41.5120733115853, "params": {"C": 7554.053327996016, "gamma": 0.008470311507482065}, "datetime": {"datetime": "2021-09-29 18:26:16", "elapsed": 437.264243, "delta": 3.113996}}
{"target": -42.43558383594884, "params": {"C": 6455.731888620098, "gamma": 0.0022601081468291433}, "datetime": {"datetime": "2021-09-29 18:26:20", "elapsed": 440.753135, "delta": 3.488892}}
{"target": -41.30625113472546, "params": {"C": 5955.221294524832, "gamma": 0.04064278313136843}, "datetime": {"datetime": "2021-09-29 18:26:22", "elapsed": 443.666719, "delta": 2.913584}}
{"target": -42.859219293848966, "params": {"C": 5378.202903489398, "gamma": 0.07900700738400282}, "datetime": {"datetime": "2021-09-29 18:26:25", "elapsed": 445.784255, "delta": 2.117536}}
{"target": -41.64639092477056, "params": {"C": 5175.5687750364295, "gamma": 0.00782935287636688}, "datetime": {"datetime": "2021-09-29 18:26:28", "elapsed": 448.882287, "delta": 3.098032}}
{"target": -42.10437077370348, "params": {"C": 9732.828005299856, "gamma": 0.002886968268239491}, "datetime": {"datetime": "2021-09-29 18:26:30", "elapsed": 451.09745, "delta": 2.215163}}
{"target": -41.428070283283176, "params": {"C": 5175.225056639822, "gamma": 0.047267148025126667}, "datetime": {"datetime": "2021-09-29 18:26:32", "elapsed": 453.286585, "delta": 2.189135}}
{"target": -41.19880250921671, "params": {"C": 8609.124165922345, "gamma": 0.029939165426657192}, "datetime": {"datetime": "2021-09-29 18:26:39", "elapsed": 460.16079, "delta": 6.874205}}
{"target": -41.65152317237255, "params": {"C": 6161.97815777874, "gamma": 0.047658241361334834}, "datetime": {"datetime": "2021-09-29 18:26:44", "elapsed": 464.842655, "delta": 4.681865}}
{"target": -41.13288532107626, "params": {"C": 5544.992880429762, "gamma": 0.014245382210809263}, "datetime": {"datetime": "2021-09-29 18:26:48", "elapsed": 469.497503, "delta": 4.654848}}
{"target": -41.34121955357601, "params": {"C": 5353.253649312603, "gamma": 0.011220596232146364}, "datetime": {"datetime": "2021-09-29 18:26:53", "elapsed": 474.404194, "delta": 4.906691}}
{"target": -41.446429375906, "params": {"C": 9114.726239449432, "gamma": 0.008931772020384827}, "datetime": {"datetime": "2021-09-29 18:26:58", "elapsed": 478.832333, "delta": 4.428139}}
{"target": -41.94779859748409, "params": {"C": 7357.996384398506, "gamma": 0.004421003418362955}, "datetime": {"datetime": "2021-09-29 18:27:02", "elapsed": 483.221372, "delta": 4.389039}}
{"target": -43.41497452972257, "params": {"C": 8912.797766142652, "gamma": 0.06737094606128882}, "datetime": {"datetime": "2021-09-29 18:27:04", "elapsed": 485.524104, "delta": 2.302732}}
{"target": -42.56949269692204, "params": {"C": 6214.164731517354, "gamma": 0.002}, "datetime": {"datetime": "2021-09-29 18:27:09", "elapsed": 489.783409, "delta": 4.259305}}
{"target": -41.590167504985665, "params": {"C": 7298.072253323229, "gamma": 0.04189301356615676}, "datetime": {"datetime": "2021-09-29 18:27:12", "elapsed": 492.897488, "delta": 3.114079}}
{"target": -41.698945782320486, "params": {"C": 6456.436384349634, "gamma": 0.047361402783215156}, "datetime": {"datetime": "2021-09-29 18:27:15", "elapsed": 496.294725, "delta": 3.397237}}
{"target": -42.47792948538966, "params": {"C": 6608.983888430626, "gamma": 0.062197739783038476}, "datetime": {"datetime": "2021-09-29 18:27:19", "elapsed": 500.036772, "delta": 3.742047}}
{"target": -41.56197623249504, "params": {"C": 9394.284989340817, "gamma": 0.007652689047965901}, "datetime": {"datetime": "2021-09-29 18:27:22", "elapsed": 502.841132, "delta": 2.80436}}
{"target": -41.80524020793939, "params": {"C": 5284.230973469736, "gamma": 0.05566089846863381}, "datetime": {"datetime": "2021-09-29 18:27:26", "elapsed": 507.438527, "delta": 4.597395}}
{"target": -42.98963380745422, "params": {"C": 6637.11403774898, "gamma": 0.07218714653709252}, "datetime": {"datetime": "2021-09-29 18:27:28", "elapsed": 509.679919, "delta": 2.241392}}
{"target": -41.220470664390504, "params": {"C": 5353.301311916509, "gamma": 0.04099397113079884}, "datetime": {"datetime": "2021-09-29 18:27:31", "elapsed": 512.604816, "delta": 2.924897}}
{"target": -40.95085846664126, "params": {"C": 8293.981259260301, "gamma": 0.021279074861307784}, "datetime": {"datetime": "2021-09-29 18:27:40", "elapsed": 520.743636, "delta": 8.13882}}
{"target": -40.868986242827496, "params": {"C": 5545.205298154192, "gamma": 0.02607204961408336}, "datetime": {"datetime": "2021-09-29 18:27:44", "elapsed": 525.669427, "delta": 4.925791}}
{"target": -41.882202398779164, "params": {"C": 5072.507852789323, "gamma": 0.05877786829149822}, "datetime": {"datetime": "2021-09-29 18:27:47", "elapsed": 527.986105, "delta": 2.316678}}
{"target": -41.865542105102215, "params": {"C": 5196.888124314579, "gamma": 0.005839582461434432}, "datetime": {"datetime": "2021-09-29 18:27:49", "elapsed": 530.341056, "delta": 2.354951}}
{"target": -40.974632013852045, "params": {"C": 5227.0222497195, "gamma": 0.033713234112043834}, "datetime": {"datetime": "2021-09-29 18:27:53", "elapsed": 533.920791, "delta": 3.579735}}
{"target": -41.8575832775634, "params": {"C": 5227.018797090733, "gamma": 0.05721756687023107}, "datetime": {"datetime": "2021-09-29 18:27:56", "elapsed": 536.987107, "delta": 3.066316}}
{"target": -42.868311103097426, "params": {"C": 8293.977580012526, "gamma": 0.060960993117857604}, "datetime": {"datetime": "2021-09-29 18:28:00", "elapsed": 541.306105, "delta": 4.318998}}
{"target": -42.0464066184356, "params": {"C": 7298.049602995838, "gamma": 0.003735565037596233}, "datetime": {"datetime": "2021-09-29 18:28:03", "elapsed": 544.671487, "delta": 3.365382}}
{"target": -41.378197770851564, "params": {"C": 7126.7262110200345, "gamma": 0.03804117709139246}, "datetime": {"datetime": "2021-09-29 18:28:07", "elapsed": 547.844026, "delta": 3.172539}}
{"target": -41.4691040692987, "params": {"C": 6455.784471747077, "gamma": 0.042442533789367916}, "datetime": {"datetime": "2021-09-29 18:28:12", "elapsed": 552.977989, "delta": 5.133963}}
{"target": -42.018112058746844, "params": {"C": 6161.992550190797, "gamma": 0.004282167530152285}, "datetime": {"datetime": "2021-09-29 18:28:17", "elapsed": 558.031403, "delta": 5.053414}}
{"target": -40.92577453173778, "params": {"C": 5787.029660115379, "gamma": 0.029251688786007264}, "datetime": {"datetime": "2021-09-29 18:28:19", "elapsed": 560.544863, "delta": 2.51346}}
{"target": -41.43405789426713, "params": {"C": 5519.314998614887, "gamma": 0.0456941960794087}, "datetime": {"datetime": "2021-09-29 18:28:24", "elapsed": 565.111347, "delta": 4.566484}}
{"target": -43.209114925075255, "params": {"C": 7298.038547330456, "gamma": 0.0722834587798479}, "datetime": {"datetime": "2021-09-29 18:28:29", "elapsed": 570.042622, "delta": 4.931275}}
{"target": -41.154161140757374, "params": {"C": 6987.275121628438, "gamma": 0.03313081866089438}, "datetime": {"datetime": "2021-09-29 18:28:32", "elapsed": 573.016859, "delta": 2.974237}}
{"target": -42.88792549430817, "params": {"C": 6987.296052115345, "gamma": 0.06799268199182307}, "datetime": {"datetime": "2021-09-29 18:28:37", "elapsed": 578.070814, "delta": 5.053955}}
{"target": -42.64207698650864, "params": {"C": 5353.280660426823, "gamma": 0.07419551850420973}, "datetime": {"datetime": "2021-09-29 18:28:40", "elapsed": 581.375249, "delta": 3.304435}}
{"target": -41.02885849365254, "params": {"C": 5257.55049525355, "gamma": 0.0355920603161347}, "datetime": {"datetime": "2021-09-29 18:28:44", "elapsed": 585.231695, "delta": 3.856446}}
{"target": -41.78575589801249, "params": {"C": 5257.242991732513, "gamma": 0.006481030028650779}, "datetime": {"datetime": "2021-09-29 18:28:49", "elapsed": 590.668733, "delta": 5.437038}}
{"target": -40.93211402951323, "params": {"C": 6455.781375099058, "gamma": 0.01904936810283285}, "datetime": {"datetime": "2021-09-29 18:28:53", "elapsed": 594.66969, "delta": 4.000957}}
{"target": -42.17504824953425, "params": {"C": 7511.126132413764, "gamma": 0.0029362523949256272}, "datetime": {"datetime": "2021-09-29 18:28:59", "elapsed": 600.646592, "delta": 5.976902}}
{"target": -41.23062692688092, "params": {"C": 6609.00769528683, "gamma": 0.01224607520926471}, "datetime": {"datetime": "2021-09-29 18:29:05", "elapsed": 606.162335, "delta": 5.515743}}
{"target": -41.357580741767805, "params": {"C": 5353.290804165116, "gamma": 0.011008200511227998}, "datetime": {"datetime": "2021-09-29 18:29:09", "elapsed": 609.924472, "delta": 3.762137}}
{"target": -41.16663133574126, "params": {"C": 9135.720301600815, "gamma": 0.028002440211714275}, "datetime": {"datetime": "2021-09-29 18:29:12", "elapsed": 612.910662, "delta": 2.98619}}
{"target": -40.903255825021574, "params": {"C": 6618.7232192324045, "gamma": 0.02396524306846469}, "datetime": {"datetime": "2021-09-29 18:29:17", "elapsed": 618.569216, "delta": 5.658554}}
{"target": -41.71399890303849, "params": {"C": 5547.692545248663, "gamma": 0.006997788882026435}, "datetime": {"datetime": "2021-09-29 18:29:22", "elapsed": 623.054836, "delta": 4.48562}}
{"target": -42.24020815112333, "params": {"C": 5955.204020666633, "gamma": 0.0031355356556650553}, "datetime": {"datetime": "2021-09-29 18:29:26", "elapsed": 626.846304, "delta": 3.791468}}
{"target": -41.39957834658159, "params": {"C": 7126.68761042937, "gamma": 0.00985663119681316}, "datetime": {"datetime": "2021-09-29 18:29:31", "elapsed": 632.680275, "delta": 5.833971}}
{"target": -42.374999204933545, "params": {"C": 6618.797046548093, "gamma": 0.0023918810316139083}, "datetime": {"datetime": "2021-09-29 18:29:35", "elapsed": 636.372457, "delta": 3.692182}}
{"target": -41.37881221669225, "params": {"C": 5257.269742301172, "gamma": 0.04560707421588018}, "datetime": {"datetime": "2021-09-29 18:29:39", "elapsed": 640.255413, "delta": 3.882956}}
{"target": -41.38468637660451, "params": {"C": 7476.583710817402, "gamma": 0.037077374626156526}, "datetime": {"datetime": "2021-09-29 18:29:42", "elapsed": 643.010941, "delta": 2.755528}}
{"target": -40.85562085924591, "params": {"C": 5224.7862280914815, "gamma": 0.023825023111229887}, "datetime": {"datetime": "2021-09-29 18:29:48", "elapsed": 649.019335, "delta": 6.008394}}
{"target": -41.44583853059407, "params": {"C": 5258.853620356397, "gamma": 0.04727686618441496}, "datetime": {"datetime": "2021-09-29 18:29:52", "elapsed": 652.880025, "delta": 3.86069}}
{"target": -40.901796027337234, "params": {"C": 5312.879748287368, "gamma": 0.02993398664607179}, "datetime": {"datetime": "2021-09-29 18:29:54", "elapsed": 655.421028, "delta": 2.541003}}
{"target": -42.42609942444619, "params": {"C": 5064.061106184319, "gamma": 0.07155030380969345}, "datetime": {"datetime": "2021-09-29 18:29:57", "elapsed": 657.878404, "delta": 2.457376}}
{"target": -42.78631688566643, "params": {"C": 6183.397647902482, "gamma": 0.07109360810352719}, "datetime": {"datetime": "2021-09-29 18:29:59", "elapsed": 660.244757, "delta": 2.366353}}
{"target": -43.1441555360125, "params": {"C": 7035.604171874424, "gamma": 0.07266364512696964}, "datetime": {"datetime": "2021-09-29 18:30:02", "elapsed": 663.063058, "delta": 2.818301}}
{"target": -42.93686847170397, "params": {"C": 5967.822552297582, "gamma": 0.07587862161122905}, "datetime": {"datetime": "2021-09-29 18:30:06", "elapsed": 666.958096, "delta": 3.895038}}
{"target": -40.87194039897835, "params": {"C": 5787.051865953163, "gamma": 0.024453964849392024}, "datetime": {"datetime": "2021-09-29 18:30:09", "elapsed": 670.714004, "delta": 3.755908}}
{"target": -42.391306668166706, "params": {"C": 5258.810330490799, "gamma": 0.06920037515141747}, "datetime": {"datetime": "2021-09-29 18:30:16", "elapsed": 677.397498, "delta": 6.683494}}
{"target": -41.01781927263685, "params": {"C": 5224.7720391772355, "gamma": 0.035343392971340676}, "datetime": {"datetime": "2021-09-29 18:30:21", "elapsed": 682.052969, "delta": 4.655471}}
{"target": -43.242157503030676, "params": {"C": 7511.199206664398, "gamma": 0.07163111005751692}, "datetime": {"datetime": "2021-09-29 18:30:25", "elapsed": 685.957573, "delta": 3.904604}}
{"target": -41.59214402460644, "params": {"C": 5787.028038784313, "gamma": 0.008108624512806303}, "datetime": {"datetime": "2021-09-29 18:30:29", "elapsed": 690.505839, "delta": 4.548266}}
{"target": -41.55350023079301, "params": {"C": 5312.858800349391, "gamma": 0.04960923137724902}, "datetime": {"datetime": "2021-09-29 18:30:34", "elapsed": 695.148508, "delta": 4.642669}}
{"target": -41.17528433340903, "params": {"C": 5545.310011048822, "gamma": 0.03890284714268539}, "datetime": {"datetime": "2021-09-29 18:30:39", "elapsed": 700.544913, "delta": 5.396405}}
{"target": -42.08434776575096, "params": {"C": 5787.053829553692, "gamma": 0.058858202166796186}, "datetime": {"datetime": "2021-09-29 18:30:43", "elapsed": 704.551431, "delta": 4.006518}}
{"target": -41.36808548512587, "params": {"C": 8781.84776705443, "gamma": 0.009897762620987429}, "datetime": {"datetime": "2021-09-29 18:30:50", "elapsed": 711.187597, "delta": 6.636166}}
{"target": -41.837294686437296, "params": {"C": 7894.104054697476, "gamma": 0.005215713600998359}, "datetime": {"datetime": "2021-09-29 18:30:54", "elapsed": 714.906969, "delta": 3.719372}}
{"target": -41.2402365329289, "params": {"C": 5546.526587409465, "gamma": 0.04067153026355509}, "datetime": {"datetime": "2021-09-29 18:31:00", "elapsed": 721.437629, "delta": 6.53066}}
{"target": -41.032486288165224, "params": {"C": 9135.749725515077, "gamma": 0.024011343812596245}, "datetime": {"datetime": "2021-09-29 18:31:08", "elapsed": 728.766739, "delta": 7.32911}}
{"target": -41.51242574254464, "params": {"C": 5872.730420826882, "gamma": 0.04588476732200932}, "datetime": {"datetime": "2021-09-29 18:31:12", "elapsed": 733.105333, "delta": 4.338594}}
{"target": -41.66018386578846, "params": {"C": 5544.0922919752475, "gamma": 0.05087325958189835}, "datetime": {"datetime": "2021-09-29 18:31:17", "elapsed": 738.245973, "delta": 5.14064}}
{"target": -41.44569856883915, "params": {"C": 6821.666736375739, "gamma": 0.04055800096652888}, "datetime": {"datetime": "2021-09-29 18:31:20", "elapsed": 741.399894, "delta": 3.153921}}
{"target": -41.70869337824378, "params": {"C": 7030.842079273505, "gamma": 0.006568259510665996}, "datetime": {"datetime": "2021-09-29 18:31:24", "elapsed": 745.285629, "delta": 3.885735}}
{"target": -42.39615132643614, "params": {"C": 6618.769587432218, "gamma": 0.060536901288582516}, "datetime": {"datetime": "2021-09-29 18:31:32", "elapsed": 753.092926, "delta": 7.807297}}
{"target": -41.4417487443318, "params": {"C": 7913.382053812191, "gamma": 0.00918690099311574}, "datetime": {"datetime": "2021-09-29 18:31:39", "elapsed": 759.819851, "delta": 6.726925}}
{"target": -41.186131847686106, "params": {"C": 5070.9486733708945, "gamma": 0.04133641187773202}, "datetime": {"datetime": "2021-09-29 18:31:41", "elapsed": 762.68231, "delta": 2.862459}}
{"target": -41.4537326830181, "params": {"C": 8098.368343476312, "gamma": 0.0366923065697033}, "datetime": {"datetime": "2021-09-29 18:31:46", "elapsed": 767.308851, "delta": 4.626541}}
{"target": -41.47040188270481, "params": {"C": 5312.881323878816, "gamma": 0.00965249595949031}, "datetime": {"datetime": "2021-09-29 18:31:52", "elapsed": 773.426816, "delta": 6.117965}}
{"target": -42.32939635314658, "params": {"C": 5628.04143388994, "gamma": 0.06515917415591778}, "datetime": {"datetime": "2021-09-29 18:31:57", "elapsed": 777.978914, "delta": 4.552098}}
{"target": -42.04434415226345, "params": {"C": 8098.254581018009, "gamma": 0.0035605173560085378}, "datetime": {"datetime": "2021-09-29 18:32:05", "elapsed": 786.349188, "delta": 8.370274}}
{"target": -41.1937165855832, "params": {"C": 7358.03809697742, "gamma": 0.012587972970948397}, "datetime": {"datetime": "2021-09-29 18:32:10", "elapsed": 791.573905, "delta": 5.224717}}
{"target": -41.34369669245231, "params": {"C": 5257.602502591659, "gamma": 0.01123742175373817}, "datetime": {"datetime": "2021-09-29 18:32:16", "elapsed": 797.473242, "delta": 5.899337}}
{"target": -41.04558917475132, "params": {"C": 5545.270035200427, "gamma": 0.03497238071425716}, "datetime": {"datetime": "2021-09-29 18:32:22", "elapsed": 802.896643, "delta": 5.423401}}
{"target": -40.904932574655135, "params": {"C": 6214.104061918627, "gamma": 0.026188099015975262}, "datetime": {"datetime": "2021-09-29 18:32:27", "elapsed": 808.348558, "delta": 5.451915}}
{"target": -42.07548235859283, "params": {"C": 6936.857356321505, "gamma": 0.052751357789318824}, "datetime": {"datetime": "2021-09-29 18:32:30", "elapsed": 810.934441, "delta": 2.585883}}
{"target": -41.01110633454807, "params": {"C": 6309.586535667857, "gamma": 0.01645294001869097}, "datetime": {"datetime": "2021-09-29 18:32:33", "elapsed": 814.647869, "delta": 3.713428}}
{"target": -41.40158449859001, "params": {"C": 5546.559170895441, "gamma": 0.04477426620356704}, "datetime": {"datetime": "2021-09-29 18:32:41", "elapsed": 821.846572, "delta": 7.198703}}
{"target": -41.11982179766599, "params": {"C": 6400.753864752163, "gamma": 0.014120175943534694}, "datetime": {"datetime": "2021-09-29 18:32:45", "elapsed": 826.1555, "delta": 4.308928}}
{"target": -41.69769186820462, "params": {"C": 6730.29113051721, "gamma": 0.006748793808767905}, "datetime": {"datetime": "2021-09-29 18:32:51", "elapsed": 832.546637, "delta": 6.391137}}
{"target": -41.98016081023747, "params": {"C": 6456.467774677664, "gamma": 0.0044397751094336114}, "datetime": {"datetime": "2021-09-29 18:32:59", "elapsed": 840.312316, "delta": 7.765679}}
{"target": -42.717520113279335, "params": {"C": 5163.61485164406, "gamma": 0.07757868394060707}, "datetime": {"datetime": "2021-09-29 18:33:03", "elapsed": 843.925802, "delta": 3.613486}}
{"target": -41.20187679267704, "params": {"C": 8003.17928124255, "gamma": 0.031487451869421645}, "datetime": {"datetime": "2021-09-29 18:33:06", "elapsed": 847.661255, "delta": 3.735453}}
{"target": -41.30636088009509, "params": {"C": 5620.825422846581, "gamma": 0.042064857252083435}, "datetime": {"datetime": "2021-09-29 18:33:10", "elapsed": 851.021209, "delta": 3.359954}}
{"target": -42.90083371309261, "params": {"C": 6625.657597374158, "gamma": 0.07047835023039997}, "datetime": {"datetime": "2021-09-29 18:33:13", "elapsed": 854.088294, "delta": 3.067085}}
{"target": -42.62538554237922, "params": {"C": 5545.176095919716, "gamma": 0.0020961958599275245}, "datetime": {"datetime": "2021-09-29 18:33:25", "elapsed": 866.484468, "delta": 12.396174}}
{"target": -41.56871651915576, "params": {"C": 8025.75994472648, "gamma": 0.007776502648112751}, "datetime": {"datetime": "2021-09-29 18:33:30", "elapsed": 871.414909, "delta": 4.930441}}
{"target": -40.93173823146935, "params": {"C": 5175.634989758515, "gamma": 0.01917113347555642}, "datetime": {"datetime": "2021-09-29 18:33:40", "elapsed": 880.98127, "delta": 9.566361}}
{"target": -43.687984673809474, "params": {"C": 8622.203559275253, "gamma": 0.07348324781477193}, "datetime": {"datetime": "2021-09-29 18:33:43", "elapsed": 884.689729, "delta": 3.708459}}
{"target": -41.509968052691356, "params": {"C": 7357.203644150826, "gamma": 0.04007226173690894}, "datetime": {"datetime": "2021-09-29 18:33:50", "elapsed": 891.119915, "delta": 6.430186}}
{"target": -41.043914035555076, "params": {"C": 5545.224418382711, "gamma": 0.034916661456567216}, "datetime": {"datetime": "2021-09-29 18:33:55", "elapsed": 896.493694, "delta": 5.373779}}
{"target": -41.137435334603744, "params": {"C": 6618.634619485021, "gamma": 0.013733337961179159}, "datetime": {"datetime": "2021-09-29 18:34:02", "elapsed": 902.937009, "delta": 6.443315}}
{"target": -40.994107259516035, "params": {"C": 5224.751806636262, "gamma": 0.017308089841123454}, "datetime": {"datetime": "2021-09-29 18:34:15", "elapsed": 915.761775, "delta": 12.824766}}
{"target": -41.22262539918803, "params": {"C": 5227.048918402768, "gamma": 0.012954654770968117}, "datetime": {"datetime": "2021-09-29 18:34:22", "elapsed": 923.082093, "delta": 7.320318}}
{"target": -41.15122570140476, "params": {"C": 5872.789290407463, "gamma": 0.0369002933243249}, "datetime": {"datetime": "2021-09-29 18:34:29", "elapsed": 930.230133, "delta": 7.14804}}
{"target": -40.865902398757896, "params": {"C": 5544.970461319056, "gamma": 0.023311854433526402}, "datetime": {"datetime": "2021-09-29 18:34:40", "elapsed": 941.145285, "delta": 10.915152}}
{"target": -42.03802073242826, "params": {"C": 7030.8045468195805, "gamma": 0.051619166745769766}, "datetime": {"datetime": "2021-09-29 18:34:47", "elapsed": 948.485467, "delta": 7.340182}}
{"target": -41.00040389495286, "params": {"C": 7126.734268492358, "gamma": 0.01658532766501148}, "datetime": {"datetime": "2021-09-29 18:34:54", "elapsed": 955.424164, "delta": 6.938697}}
{"target": -42.163549660144895, "params": {"C": 8293.964748979826, "gamma": 0.0028089970530246105}, "datetime": {"datetime": "2021-09-29 18:35:02", "elapsed": 963.608368, "delta": 8.184204}}
