{"target": -37.199306131694264, "params": {"C": 560.4674916687757, "gamma": 0.10349048831953614}, "datetime": {"datetime": "2021-09-28 12:50:56", "elapsed": 1103.573326, "delta": 8.206538}}
{"target": -36.881104349469496, "params": {"C": 560.3484850916018, "gamma": 0.07722127961313473}, "datetime": {"datetime": "2021-09-28 12:51:02", "elapsed": 1110.236746, "delta": 6.66342}}
{"target": -37.34825626446736, "params": {"C": 573.9797284068134, "gamma": 0.11754451620404535}, "datetime": {"datetime": "2021-09-28 12:51:06", "elapsed": 1113.378131, "delta": 3.141385}}
{"target": -36.68716367882418, "params": {"C": 584.4312598689359, "gamma": 0.062239349177166454}, "datetime": {"datetime": "2021-09-28 12:51:15", "elapsed": 1122.795152, "delta": 9.417021}}
{"target": -37.70987997908548, "params": {"C": 560.3514810083798, "gamma": 0.13958776876428833}, "datetime": {"datetime": "2021-09-28 12:51:22", "elapsed": 1129.846792, "delta": 7.05164}}
{"target": -36.774519772478406, "params": {"C": 560.4849636378099, "gamma": 0.04902063759769373}, "datetime": {"datetime": "2021-09-28 12:51:30", "elapsed": 1137.381914, "delta": 7.535122}}
{"target": -39.51709655992783, "params": {"C": 560.5302827896962, "gamma": 0.0068704240363890905}, "datetime": {"datetime": "2021-09-28 12:51:39", "elapsed": 1146.511977, "delta": 9.130063}}
{"target": -36.75390588107649, "params": {"C": 560.4197929748364, "gamma": 0.05292882774398143}, "datetime": {"datetime": "2021-09-28 12:51:45", "elapsed": 1152.817577, "delta": 6.3056}}
{"target": -37.40649665208087, "params": {"C": 560.2697735987325, "gamma": 0.026419416909817153}, "datetime": {"datetime": "2021-09-28 12:51:52", "elapsed": 1159.854055, "delta": 7.036478}}
{"target": -36.77346746575248, "params": {"C": 584.0249172820515, "gamma": 0.04242593762308494}, "datetime": {"datetime": "2021-09-28 12:51:58", "elapsed": 1166.000811, "delta": 6.146756}}
{"target": -40.22775158125359, "params": {"C": 416.630185298643, "gamma": 0.005981763607911781}, "datetime": {"datetime": "2021-09-28 12:52:02", "elapsed": 1169.648401, "delta": 3.64759}}
{"target": -37.940981685081766, "params": {"C": 560.4229775248937, "gamma": 0.018430301385516466}, "datetime": {"datetime": "2021-09-28 12:52:07", "elapsed": 1174.830489, "delta": 5.182088}}
{"target": -38.95452181020073, "params": {"C": 239.6074207907132, "gamma": 0.09230171762185284}, "datetime": {"datetime": "2021-09-28 12:52:10", "elapsed": 1178.2521, "delta": 3.421611}}
{"target": -36.92633086940161, "params": {"C": 561.5405617151121, "gamma": 0.08200419923969277}, "datetime": {"datetime": "2021-09-28 12:52:15", "elapsed": 1183.191765, "delta": 4.939665}}
{"target": -36.74854157242538, "params": {"C": 561.5867883380774, "gamma": 0.05438226341843197}, "datetime": {"datetime": "2021-09-28 12:52:28", "elapsed": 1196.075073, "delta": 12.883308}}
{"target": -37.51477390299879, "params": {"C": 561.5771821840758, "gamma": 0.12616286818098324}, "datetime": {"datetime": "2021-09-28 12:52:33", "elapsed": 1200.763487, "delta": 4.688414}}
{"target": -37.39693678604286, "params": {"C": 561.6383136397901, "gamma": 0.026521546672281387}, "datetime": {"datetime": "2021-09-28 12:52:43", "elapsed": 1210.859308, "delta": 10.095821}}
{"target": -37.374743947991725, "params": {"C": 560.2766007178473, "gamma": 0.1160130950114321}, "datetime": {"datetime": "2021-09-28 12:52:50", "elapsed": 1217.550144, "delta": 6.690836}}
{"target": -37.216473060785134, "params": {"C": 560.3575315862959, "gamma": 0.030618188109595164}, "datetime": {"datetime": "2021-09-28 12:52:58", "elapsed": 1225.9681, "delta": 8.417956}}
{"target": -37.5246143133879, "params": {"C": 561.4774881226874, "gamma": 0.12682740455496502}, "datetime": {"datetime": "2021-09-28 12:53:09", "elapsed": 1236.542568, "delta": 10.574468}}
{"target": -37.13408864058733, "params": {"C": 560.2144664606785, "gamma": 0.09857699970420208}, "datetime": {"datetime": "2021-09-28 12:53:15", "elapsed": 1242.73479, "delta": 6.192222}}
{"target": -37.986211235863706, "params": {"C": 561.5515509249049, "gamma": 0.01786846289449004}, "datetime": {"datetime": "2021-09-28 12:53:23", "elapsed": 1251.173959, "delta": 8.439169}}
{"target": -38.421824226206816, "params": {"C": 558.2188383940547, "gamma": 0.18790029526589508}, "datetime": {"datetime": "2021-09-28 12:53:29", "elapsed": 1256.354403, "delta": 5.180444}}
{"target": -37.11871826289601, "params": {"C": 560.1319068113494, "gamma": 0.09739025812944903}, "datetime": {"datetime": "2021-09-28 12:53:39", "elapsed": 1267.259877, "delta": 10.905474}}
{"target": -37.363798854707966, "params": {"C": 560.1588814366714, "gamma": 0.027299571824397736}, "datetime": {"datetime": "2021-09-28 12:53:48", "elapsed": 1276.255197, "delta": 8.99532}}
{"target": -38.08467295025109, "params": {"C": 560.1740128446164, "gamma": 0.16489721476968175}, "datetime": {"datetime": "2021-09-28 12:54:02", "elapsed": 1289.927502, "delta": 13.672305}}
{"target": -36.7982245436062, "params": {"C": 560.0665367744746, "gamma": 0.046690159459833076}, "datetime": {"datetime": "2021-09-28 12:54:12", "elapsed": 1300.050426, "delta": 10.122924}}
{"target": -36.77667324782989, "params": {"C": 560.0081216299293, "gamma": 0.06329535364429864}, "datetime": {"datetime": "2021-09-28 12:54:20", "elapsed": 1308.002692, "delta": 7.952266}}
{"target": -38.029106571751086, "params": {"C": 559.99155323499, "gamma": 0.16105663803793438}, "datetime": {"datetime": "2021-09-28 12:54:31", "elapsed": 1319.015004, "delta": 11.012312}}
{"target": -37.042579549243946, "params": {"C": 560.0562279082449, "gamma": 0.09143438744884123}, "datetime": {"datetime": "2021-09-28 12:54:37", "elapsed": 1324.764859, "delta": 5.749855}}
{"target": -37.899227699103804, "params": {"C": 559.9596414964599, "gamma": 0.018940634584769096}, "datetime": {"datetime": "2021-09-28 12:54:42", "elapsed": 1329.957361, "delta": 5.192502}}
{"target": -36.77760233854882, "params": {"C": 584.1554031261082, "gamma": 0.07539893141572021}, "datetime": {"datetime": "2021-09-28 12:54:49", "elapsed": 1336.320856, "delta": 6.363495}}
{"target": -37.79070068348227, "params": {"C": 562.6733648690089, "gamma": 0.14575724869155843}, "datetime": {"datetime": "2021-09-28 12:54:54", "elapsed": 1341.967947, "delta": 5.647091}}
{"target": -37.17622867765245, "params": {"C": 560.0213326617484, "gamma": 0.0316627965362522}, "datetime": {"datetime": "2021-09-28 12:55:01", "elapsed": 1348.391665, "delta": 6.423718}}
{"target": -38.33157902048748, "params": {"C": 431.3318459981843, "gamma": 0.14276561972843127}, "datetime": {"datetime": "2021-09-28 12:55:05", "elapsed": 1352.629221, "delta": 4.237556}}
{"target": -36.81356337996872, "params": {"C": 560.4567570700524, "gamma": 0.0694925595527878}, "datetime": {"datetime": "2021-09-28 12:55:10", "elapsed": 1358.090522, "delta": 5.461301}}
{"target": -37.84122985490271, "params": {"C": 524.3476440430234, "gamma": 0.021235744540453873}, "datetime": {"datetime": "2021-09-28 12:55:17", "elapsed": 1364.636697, "delta": 6.546175}}
{"target": -37.02401978097375, "params": {"C": 584.5141018919894, "gamma": 0.09679738060171307}, "datetime": {"datetime": "2021-09-28 12:55:22", "elapsed": 1370.304056, "delta": 5.667359}}
{"target": -38.932267913055085, "params": {"C": 524.6045527369895, "gamma": 0.010589806154446107}, "datetime": {"datetime": "2021-09-28 12:55:28", "elapsed": 1375.786602, "delta": 5.482546}}
{"target": -37.328113608684276, "params": {"C": 584.5916770827532, "gamma": 0.11869472597402593}, "datetime": {"datetime": "2021-09-28 12:55:35", "elapsed": 1383.11465, "delta": 7.328048}}
{"target": -38.09323949891675, "params": {"C": 584.6489215563474, "gamma": 0.1717391979401512}, "datetime": {"datetime": "2021-09-28 12:55:45", "elapsed": 1392.430039, "delta": 9.315389}}
{"target": -37.211234885631825, "params": {"C": 530.0032375983897, "gamma": 0.09584555852543916}, "datetime": {"datetime": "2021-09-28 12:55:50", "elapsed": 1398.244906, "delta": 5.814867}}
{"target": -38.15877509785437, "params": {"C": 560.0949921844297, "gamma": 0.01604471899382479}, "datetime": {"datetime": "2021-09-28 12:56:00", "elapsed": 1407.878711, "delta": 9.633805}}
{"target": -36.755442448465075, "params": {"C": 560.2171640026827, "gamma": 0.05238444943277411}, "datetime": {"datetime": "2021-09-28 12:56:10", "elapsed": 1418.04732, "delta": 10.168609}}
{"target": -38.52807192847919, "params": {"C": 529.9776730557905, "gamma": 0.18729062538287666}, "datetime": {"datetime": "2021-09-28 12:56:16", "elapsed": 1423.674517, "delta": 5.627197}}
{"target": -36.914447662563596, "params": {"C": 529.9087458445331, "gamma": 0.06729832977552555}, "datetime": {"datetime": "2021-09-28 12:56:28", "elapsed": 1435.363904, "delta": 11.689387}}
{"target": -37.867490595006245, "params": {"C": 529.8806044472615, "gamma": 0.020620520017699588}, "datetime": {"datetime": "2021-09-28 12:56:33", "elapsed": 1440.833248, "delta": 5.469344}}
{"target": -37.53962183697393, "params": {"C": 529.8899566613334, "gamma": 0.11983204458638834}, "datetime": {"datetime": "2021-09-28 12:56:39", "elapsed": 1446.761063, "delta": 5.927815}}
{"target": -37.32916252855541, "params": {"C": 573.767373106321, "gamma": 0.11615289796810795}, "datetime": {"datetime": "2021-09-28 12:56:44", "elapsed": 1451.382566, "delta": 4.621503}}
{"target": -38.54742093298264, "params": {"C": 275.63104092990943, "gamma": 0.08438978150380211}, "datetime": {"datetime": "2021-09-28 12:56:48", "elapsed": 1455.592647, "delta": 4.210081}}
{"target": -36.953040205642395, "params": {"C": 529.9576876691484, "gamma": 0.07245380567807196}, "datetime": {"datetime": "2021-09-28 12:56:58", "elapsed": 1465.38581, "delta": 9.793163}}
{"target": -37.80660667673034, "params": {"C": 530.0011749686705, "gamma": 0.02143203338112501}, "datetime": {"datetime": "2021-09-28 12:57:06", "elapsed": 1474.204473, "delta": 8.818663}}
{"target": -37.05680468978766, "params": {"C": 560.5175728903874, "gamma": 0.09270135138583281}, "datetime": {"datetime": "2021-09-28 12:57:15", "elapsed": 1482.481614, "delta": 8.277141}}
{"target": -37.24063835892027, "params": {"C": 489.81098626666505, "gamma": 0.03770771906105981}, "datetime": {"datetime": "2021-09-28 12:57:23", "elapsed": 1490.451814, "delta": 7.9702}}
{"target": -37.06165581569004, "params": {"C": 489.87624656717617, "gamma": 0.06468874069910605}, "datetime": {"datetime": "2021-09-28 12:57:33", "elapsed": 1501.090484, "delta": 10.63867}}
{"target": -37.12286881564219, "params": {"C": 531.5278974279028, "gamma": 0.0892513522673028}, "datetime": {"datetime": "2021-09-28 12:57:37", "elapsed": 1505.284974, "delta": 4.19449}}
{"target": -39.70288781415391, "params": {"C": 307.6515483142899, "gamma": 0.19042365974522527}, "datetime": {"datetime": "2021-09-28 12:57:41", "elapsed": 1508.898048, "delta": 3.613074}}
{"target": -38.072700561601636, "params": {"C": 531.5258656059366, "gamma": 0.15646168216485598}, "datetime": {"datetime": "2021-09-28 12:57:54", "elapsed": 1521.545875, "delta": 12.647827}}
{"target": -37.59595383357851, "params": {"C": 385.78159219404415, "gamma": 0.06959244603814589}, "datetime": {"datetime": "2021-09-28 12:57:58", "elapsed": 1525.435044, "delta": 3.889169}}
{"target": -37.377904674935465, "params": {"C": 489.8053171824074, "gamma": 0.09635110415503095}, "datetime": {"datetime": "2021-09-28 12:58:09", "elapsed": 1537.21732, "delta": 11.782276}}
{"target": -37.74387365477666, "params": {"C": 489.8653817959324, "gamma": 0.12294148323184756}, "datetime": {"datetime": "2021-09-28 12:58:17", "elapsed": 1544.41957, "delta": 7.20225}}
{"target": -37.009504653704504, "params": {"C": 524.582112271765, "gamma": 0.0763964472795401}, "datetime": {"datetime": "2021-09-28 12:58:27", "elapsed": 1554.349133, "delta": 9.929563}}
{"target": -38.36856242956372, "params": {"C": 272.99512964780786, "gamma": 0.05448546200497839}, "datetime": {"datetime": "2021-09-28 12:58:30", "elapsed": 1558.247422, "delta": 3.898289}}
{"target": -36.86366372235117, "params": {"C": 531.5786947919908, "gamma": 0.05655663023479024}, "datetime": {"datetime": "2021-09-28 12:58:39", "elapsed": 1566.427637, "delta": 8.180215}}
{"target": -37.447067088567046, "params": {"C": 531.6334758618104, "gamma": 0.027574500192351917}, "datetime": {"datetime": "2021-09-28 12:58:45", "elapsed": 1572.601294, "delta": 6.173657}}
{"target": -37.48945038744319, "params": {"C": 531.4526046222575, "gamma": 0.026691743811801647}, "datetime": {"datetime": "2021-09-28 12:58:53", "elapsed": 1580.629306, "delta": 8.028012}}
{"target": -37.479610836179546, "params": {"C": 531.6122628141499, "gamma": 0.11602524177303708}, "datetime": {"datetime": "2021-09-28 12:59:05", "elapsed": 1592.410308, "delta": 11.781002}}
{"target": -38.028299106873895, "params": {"C": 489.90054590963524, "gamma": 0.020477999738935132}, "datetime": {"datetime": "2021-09-28 12:59:11", "elapsed": 1599.297681, "delta": 6.887373}}
{"target": -38.27722095550073, "params": {"C": 560.5495279062484, "gamma": 0.17850715344129073}, "datetime": {"datetime": "2021-09-28 12:59:20", "elapsed": 1608.024938, "delta": 8.727257}}
{"target": -36.856162274964284, "params": {"C": 573.7150386101412, "gamma": 0.07957310150824913}, "datetime": {"datetime": "2021-09-28 12:59:33", "elapsed": 1620.876421, "delta": 12.851483}}
{"target": -37.926597909320726, "params": {"C": 573.6620747465629, "gamma": 0.1576294513214692}, "datetime": {"datetime": "2021-09-28 12:59:40", "elapsed": 1628.070172, "delta": 7.193751}}
{"target": -36.75049657621379, "params": {"C": 573.6505509314206, "gamma": 0.04660244459065065}, "datetime": {"datetime": "2021-09-28 12:59:47", "elapsed": 1634.381159, "delta": 6.310987}}
{"target": -37.429919030999685, "params": {"C": 573.6945352036308, "gamma": 0.02513814582709769}, "datetime": {"datetime": "2021-09-28 12:59:55", "elapsed": 1642.407827, "delta": 8.026668}}
{"target": -36.78623372674454, "params": {"C": 573.5978589953311, "gamma": 0.043724654331397717}, "datetime": {"datetime": "2021-09-28 13:00:03", "elapsed": 1650.935748, "delta": 8.527921}}
{"target": -38.24179294652815, "params": {"C": 390.2937519382476, "gamma": 0.12172609458054694}, "datetime": {"datetime": "2021-09-28 13:00:07", "elapsed": 1655.149867, "delta": 4.214119}}
{"target": -36.82976522021765, "params": {"C": 573.5499354565037, "gamma": 0.07689417614387083}, "datetime": {"datetime": "2021-09-28 13:00:16", "elapsed": 1663.841777, "delta": 8.69191}}
{"target": -36.962452758024476, "params": {"C": 531.5231148647798, "gamma": 0.042565739724813804}, "datetime": {"datetime": "2021-09-28 13:00:22", "elapsed": 1669.32369, "delta": 5.481913}}
{"target": -37.07521438492581, "params": {"C": 573.5069234079244, "gamma": 0.09773843359847897}, "datetime": {"datetime": "2021-09-28 13:00:29", "elapsed": 1677.10229, "delta": 7.7786}}
{"target": -37.85901848666976, "params": {"C": 382.77515387506025, "gamma": 0.09226552770697022}, "datetime": {"datetime": "2021-09-28 13:00:33", "elapsed": 1680.920458, "delta": 3.818168}}
{"target": -39.4274739116945, "params": {"C": 573.632608091782, "gamma": 0.007081147113893314}, "datetime": {"datetime": "2021-09-28 13:00:42", "elapsed": 1689.835209, "delta": 8.914751}}
{"target": -36.720858395218734, "params": {"C": 595.9086602037572, "gamma": 0.07362174679898004}, "datetime": {"datetime": "2021-09-28 13:00:46", "elapsed": 1693.558383, "delta": 3.723174}}
{"target": -39.10510243289785, "params": {"C": 393.3166265326838, "gamma": 0.18288691895673947}, "datetime": {"datetime": "2021-09-28 13:00:50", "elapsed": 1697.981537, "delta": 4.423154}}
{"target": -36.94427669791427, "params": {"C": 573.6338122315309, "gamma": 0.08740880477764532}, "datetime": {"datetime": "2021-09-28 13:01:00", "elapsed": 1707.836482, "delta": 9.854945}}
{"target": -37.07328439622043, "params": {"C": 573.557698419281, "gamma": 0.033186130922608734}, "datetime": {"datetime": "2021-09-28 13:01:07", "elapsed": 1715.04733, "delta": 7.210848}}
{"target": -37.31849783355292, "params": {"C": 595.934457374276, "gamma": 0.12069531468104398}, "datetime": {"datetime": "2021-09-28 13:01:13", "elapsed": 1720.913596, "delta": 5.866266}}
{"target": -36.75854905941, "params": {"C": 595.9457193667605, "gamma": 0.0776991115489997}, "datetime": {"datetime": "2021-09-28 13:01:27", "elapsed": 1734.502387, "delta": 13.588791}}
{"target": -36.6406265836863, "params": {"C": 596.010564566334, "gamma": 0.05923285816272778}, "datetime": {"datetime": "2021-09-28 13:01:36", "elapsed": 1743.335022, "delta": 8.832635}}
{"target": -37.21069489966868, "params": {"C": 596.026146788785, "gamma": 0.11319563919544857}, "datetime": {"datetime": "2021-09-28 13:01:48", "elapsed": 1755.332661, "delta": 11.997639}}
{"target": -36.992072606531934, "params": {"C": 595.8493672684644, "gamma": 0.09734608480383002}, "datetime": {"datetime": "2021-09-28 13:01:59", "elapsed": 1766.859205, "delta": 11.526544}}
{"target": -38.28492774273787, "params": {"C": 595.975286973418, "gamma": 0.013797791154463418}, "datetime": {"datetime": "2021-09-28 13:02:07", "elapsed": 1774.883764, "delta": 8.024559}}
{"target": -38.392892704998204, "params": {"C": 595.8302971917286, "gamma": 0.012850783686299772}, "datetime": {"datetime": "2021-09-28 13:02:14", "elapsed": 1781.581244, "delta": 6.69748}}
{"target": -38.50118608404404, "params": {"C": 366.1731105991706, "gamma": 0.1291735409542516}, "datetime": {"datetime": "2021-09-28 13:02:18", "elapsed": 1786.002549, "delta": 4.421305}}
{"target": -40.73578995293475, "params": {"C": 216.8780152052174, "gamma": 0.0091404043082477}, "datetime": {"datetime": "2021-09-28 13:02:23", "elapsed": 1790.613284, "delta": 4.610735}}
{"target": -37.69995928350181, "params": {"C": 595.8572206934994, "gamma": 0.1472985614682141}, "datetime": {"datetime": "2021-09-28 13:02:37", "elapsed": 1804.868637, "delta": 14.255353}}
{"target": -37.08325939211299, "params": {"C": 596.0709099291678, "gamma": 0.030988464137632624}, "datetime": {"datetime": "2021-09-28 13:02:46", "elapsed": 1813.979032, "delta": 9.110395}}
{"target": -36.794634612748375, "params": {"C": 573.6699376313472, "gamma": 0.07313049534565638}, "datetime": {"datetime": "2021-09-28 13:02:55", "elapsed": 1822.443396, "delta": 8.464364}}
{"target": -38.046734552401105, "params": {"C": 573.5573102365773, "gamma": 0.16573289335372474}, "datetime": {"datetime": "2021-09-28 13:03:00", "elapsed": 1828.083177, "delta": 5.639781}}
{"target": -36.67899168661072, "params": {"C": 596.0693070463262, "gamma": 0.06784218922679852}, "datetime": {"datetime": "2021-09-28 13:03:09", "elapsed": 1836.769521, "delta": 8.686344}}
{"target": -37.1804804318142, "params": {"C": 596.0932126310604, "gamma": 0.11108418753468079}, "datetime": {"datetime": "2021-09-28 13:03:18", "elapsed": 1845.652394, "delta": 8.882873}}
{"target": -36.77588329264511, "params": {"C": 573.4151355839124, "gamma": 0.04454058328861639}, "datetime": {"datetime": "2021-09-28 13:03:29", "elapsed": 1856.788109, "delta": 11.135715}}
{"target": -36.934070355500985, "params": {"C": 573.4467731649721, "gamma": 0.08649091544681431}, "datetime": {"datetime": "2021-09-28 13:03:40", "elapsed": 1867.786129, "delta": 10.99802}}
{"target": -36.82211242230839, "params": {"C": 573.498333128718, "gamma": 0.04190638190888949}, "datetime": {"datetime": "2021-09-28 13:03:48", "elapsed": 1875.652321, "delta": 7.866192}}
{"target": -37.545920555809126, "params": {"C": 596.1659305623048, "gamma": 0.022216105147926428}, "datetime": {"datetime": "2021-09-28 13:03:57", "elapsed": 1884.754465, "delta": 9.102144}}
{"target": -36.707575328921614, "params": {"C": 573.3391225979913, "gamma": 0.053950427786255875}, "datetime": {"datetime": "2021-09-28 13:04:11", "elapsed": 1899.010325, "delta": 14.25586}}
{"target": -38.94022933309705, "params": {"C": 263.3431728968504, "gamma": 0.10788085903082671}, "datetime": {"datetime": "2021-09-28 13:04:16", "elapsed": 1904.259301, "delta": 5.248976}}
{"target": -37.187310232282876, "params": {"C": 573.3196739150699, "gamma": 0.10595727620227192}, "datetime": {"datetime": "2021-09-28 13:04:29", "elapsed": 1916.359286, "delta": 12.099985}}
{"target": -36.80397133739763, "params": {"C": 573.3789696149437, "gamma": 0.0740707976325834}, "datetime": {"datetime": "2021-09-28 13:04:40", "elapsed": 1927.804504, "delta": 11.445218}}
{"target": -37.59988972612012, "params": {"C": 573.2390552380089, "gamma": 0.13494773286358835}, "datetime": {"datetime": "2021-09-28 13:04:52", "elapsed": 1940.01144, "delta": 12.206936}}
{"target": -37.225953622680365, "params": {"C": 573.2883579245545, "gamma": 0.029367763229861323}, "datetime": {"datetime": "2021-09-28 13:05:02", "elapsed": 1950.095145, "delta": 10.083705}}
{"target": -40.02602721036597, "params": {"C": 531.5557591843117, "gamma": 0.005204383420316829}, "datetime": {"datetime": "2021-09-28 13:05:11", "elapsed": 1958.539156, "delta": 8.444011}}
{"target": -36.77623682433848, "params": {"C": 573.7525067978756, "gamma": 0.0444226229933267}, "datetime": {"datetime": "2021-09-28 13:05:19", "elapsed": 1966.98115, "delta": 8.441994}}
{"target": -37.7471577733332, "params": {"C": 573.409818810626, "gamma": 0.14539754662239462}, "datetime": {"datetime": "2021-09-28 13:05:34", "elapsed": 1981.517063, "delta": 14.535913}}
{"target": -37.200270758107976, "params": {"C": 573.3616575881251, "gamma": 0.029959158154569607}, "datetime": {"datetime": "2021-09-28 13:05:45", "elapsed": 1992.738696, "delta": 11.221633}}
{"target": -36.65499583830897, "params": {"C": 596.1223466474801, "gamma": 0.06340609702441624}, "datetime": {"datetime": "2021-09-28 13:05:54", "elapsed": 2001.970376, "delta": 9.23168}}
{"target": -37.60119282852138, "params": {"C": 596.1914945048153, "gamma": 0.1404046668794335}, "datetime": {"datetime": "2021-09-28 13:06:02", "elapsed": 2009.884822, "delta": 7.914446}}
{"target": -37.204228791807495, "params": {"C": 595.7675756765816, "gamma": 0.11267989812448255}, "datetime": {"datetime": "2021-09-28 13:06:10", "elapsed": 2017.741752, "delta": 7.85693}}
