{"target": -43.43975725199898, "params": {"C": 7476.5459266748185, "gamma": 0.07558425467294287}, "datetime": {"datetime": "2021-09-29 18:35:09", "elapsed": 970.073319, "delta": 6.464951}}
{"target": -41.420952634256444, "params": {"C": 6143.190257780831, "gamma": 0.04261040183929312}, "datetime": {"datetime": "2021-09-29 18:35:12", "elapsed": 973.099538, "delta": 3.026219}}
{"target": -41.6753484926034, "params": {"C": 9242.435388033307, "gamma": 0.03779990255778237}, "datetime": {"datetime": "2021-09-29 18:35:19", "elapsed": 980.491098, "delta": 7.39156}}
{"target": -41.56922262927227, "params": {"C": 5562.43088996471, "gamma": 0.008441980258822196}, "datetime": {"datetime": "2021-09-29 18:35:23", "elapsed": 984.381245, "delta": 3.890147}}
{"target": -40.95502982730315, "params": {"C": 6456.287224255223, "gamma": 0.028188514173763404}, "datetime": {"datetime": "2021-09-29 18:35:36", "elapsed": 997.637155, "delta": 13.25591}}
{"target": -43.819894354712964, "params": {"C": 9989.360532352606, "gamma": 0.06915009012146267}, "datetime": {"datetime": "2021-09-29 18:35:41", "elapsed": 1002.623909, "delta": 4.986754}}
{"target": -41.04599426916684, "params": {"C": 6214.1283312121595, "gamma": 0.03248037460463648}, "datetime": {"datetime": "2021-09-29 18:35:54", "elapsed": 1015.297175, "delta": 12.673266}}
{"target": -41.74591148379781, "params": {"C": 7358.78979800207, "gamma": 0.006144044720148233}, "datetime": {"datetime": "2021-09-29 18:36:01", "elapsed": 1021.930538, "delta": 6.633363}}
{"target": -41.303289761025205, "params": {"C": 8003.158032617103, "gamma": 0.0108657263077296}, "datetime": {"datetime": "2021-09-29 18:36:09", "elapsed": 1030.232419, "delta": 8.301881}}
{"target": -41.42380254871665, "params": {"C": 5070.941676587043, "gamma": 0.010330854444600928}, "datetime": {"datetime": "2021-09-29 18:36:15", "elapsed": 1035.944609, "delta": 5.71219}}
{"target": -41.11113818472656, "params": {"C": 5224.73009354065, "gamma": 0.038408190107048296}, "datetime": {"datetime": "2021-09-29 18:36:20", "elapsed": 1041.391825, "delta": 5.447216}}
{"target": -42.32913107032132, "params": {"C": 15507.979025745755, "gamma": 0.035786798961501706}, "datetime": {"datetime": "2021-09-29 20:03:22", "elapsed": 0.0, "delta": 0.0}}
{"target": -41.37918899411414, "params": {"C": 12909.047389129442, "gamma": 0.026177304373126188}, "datetime": {"datetime": "2021-09-29 20:03:22", "elapsed": 0.170003, "delta": 0.170003}}
{"target": -43.58246662613894, "params": {"C": 18929.469543476545, "gamma": 0.044949473431058436}, "datetime": {"datetime": "2021-09-29 20:03:22", "elapsed": 0.335, "delta": 0.164997}}
{"target": -41.22688578782594, "params": {"C": 11255.853104638363, "gamma": 0.011392728165329696}, "datetime": {"datetime": "2021-09-29 20:03:22", "elapsed": 0.485627, "delta": 0.150627}}
{"target": -41.07363051861544, "params": {"C": 10514.672033008299, "gamma": 0.022767439385785994}, "datetime": {"datetime": "2021-09-29 20:03:23", "elapsed": 0.679628, "delta": 0.194001}}
{"target": -42.55944684954806, "params": {"C": 10000.0, "gamma": 0.0013}, "datetime": {"datetime": "2021-09-29 20:03:23", "elapsed": 1.132622, "delta": 0.452994}}
{"target": -41.80005477753999, "params": {"C": 11254.4113739295, "gamma": 0.005199783453160217}, "datetime": {"datetime": "2021-09-29 20:03:23", "elapsed": 1.345625, "delta": 0.213003}}
{"target": -41.054923536107815, "params": {"C": 10511.688073446328, "gamma": 0.014967115969487431}, "datetime": {"datetime": "2021-09-29 20:03:24", "elapsed": 1.571624, "delta": 0.225999}}
{"target": -41.461561248837654, "params": {"C": 11260.502918349564, "gamma": 0.030025954639304842}, "datetime": {"datetime": "2021-09-29 20:03:24", "elapsed": 1.814622, "delta": 0.242998}}
{"target": -41.00504438606017, "params": {"C": 10506.435417166856, "gamma": 0.018894988427392033}, "datetime": {"datetime": "2021-09-29 20:03:24", "elapsed": 2.059813, "delta": 0.245191}}
{"target": -42.00842508514885, "params": {"C": 10501.957388605304, "gamma": 0.0034668843894774923}, "datetime": {"datetime": "2021-09-29 20:03:24", "elapsed": 2.278807, "delta": 0.218994}}
{"target": -41.88115059177137, "params": {"C": 12903.003892122677, "gamma": 0.03380243976293874}, "datetime": {"datetime": "2021-09-29 20:03:25", "elapsed": 2.527309, "delta": 0.248502}}
{"target": -41.05246841424473, "params": {"C": 12914.66358053618, "gamma": 0.01665400874980073}, "datetime": {"datetime": "2021-09-29 20:03:25", "elapsed": 2.754314, "delta": 0.227005}}
{"target": -42.57907923670607, "params": {"C": 12920.809622474724, "gamma": 0.04309244407071041}, "datetime": {"datetime": "2021-09-29 20:03:25", "elapsed": 2.992315, "delta": 0.238001}}
{"target": -41.87145906162396, "params": {"C": 10519.014061219188, "gamma": 0.00460619981306575}, "datetime": {"datetime": "2021-09-29 20:03:25", "elapsed": 3.220314, "delta": 0.227999}}
{"target": -41.1732472926903, "params": {"C": 10509.010877950948, "gamma": 0.012341039953922453}, "datetime": {"datetime": "2021-09-29 20:03:25", "elapsed": 3.468308, "delta": 0.247994}}
{"target": -41.37408085685035, "params": {"C": 11273.432438166066, "gamma": 0.009474997142359179}, "datetime": {"datetime": "2021-09-29 20:03:26", "elapsed": 3.710311, "delta": 0.242003}}
{"target": -42.22416536924546, "params": {"C": 11278.575998790957, "gamma": 0.002037693418450158}, "datetime": {"datetime": "2021-09-29 20:03:26", "elapsed": 3.946536, "delta": 0.236225}}
{"target": -41.02997935435567, "params": {"C": 11268.3062304275, "gamma": 0.01632453342432951}, "datetime": {"datetime": "2021-09-29 20:03:26", "elapsed": 4.178536, "delta": 0.232}}
{"target": -43.49033312463718, "params": {"C": 18027.591484262433, "gamma": 0.045236864585695306}, "datetime": {"datetime": "2021-09-29 20:03:26", "elapsed": 4.426539, "delta": 0.248003}}
{"target": -41.93671775581968, "params": {"C": 14113.70190227297, "gamma": 0.032775491985899276}, "datetime": {"datetime": "2021-09-29 20:03:27", "elapsed": 4.687741, "delta": 0.261202}}
{"target": -42.31827981656935, "params": {"C": 19020.49456936527, "gamma": 0.031680544382894145}, "datetime": {"datetime": "2021-09-29 20:03:27", "elapsed": 4.941739, "delta": 0.253998}}
{"target": -42.50280726447828, "params": {"C": 13254.719649974624, "gamma": 0.04147442964452206}, "datetime": {"datetime": "2021-09-29 20:03:27", "elapsed": 5.220181, "delta": 0.278442}}
{"target": -41.47077574726667, "params": {"C": 11088.210151222987, "gamma": 0.008421969161094518}, "datetime": {"datetime": "2021-09-29 20:03:27", "elapsed": 5.5169, "delta": 0.296719}}
{"target": -41.017803485645054, "params": {"C": 11094.455673033108, "gamma": 0.01740063426316044}, "datetime": {"datetime": "2021-09-29 20:03:28", "elapsed": 5.7969, "delta": 0.28}}
{"target": -42.253259089304706, "params": {"C": 11098.247553731278, "gamma": 0.0424690693722727}, "datetime": {"datetime": "2021-09-29 20:03:28", "elapsed": 6.067671, "delta": 0.270771}}
{"target": -42.019369875455595, "params": {"C": 11092.37888916707, "gamma": 0.039070444750244314}, "datetime": {"datetime": "2021-09-29 20:03:28", "elapsed": 6.331671, "delta": 0.264}}
{"target": -42.059412057367396, "params": {"C": 12912.667935872672, "gamma": 0.0028995901778699922}, "datetime": {"datetime": "2021-09-29 20:03:29", "elapsed": 6.590672, "delta": 0.259001}}
{"target": -41.14602042971626, "params": {"C": 11269.87314929325, "gamma": 0.02365788398709159}, "datetime": {"datetime": "2021-09-29 20:03:29", "elapsed": 6.94667, "delta": 0.355998}}
{"target": -41.531206763762604, "params": {"C": 11265.684725066545, "gamma": 0.007775318499261181}, "datetime": {"datetime": "2021-09-29 20:03:29", "elapsed": 7.227692, "delta": 0.281022}}
{"target": -42.441972836766325, "params": {"C": 12916.505739060527, "gamma": 0.041312456574342626}, "datetime": {"datetime": "2021-09-29 20:03:30", "elapsed": 7.593675, "delta": 0.365983}}
{"target": -41.84530075160669, "params": {"C": 11257.493024445983, "gamma": 0.03614280359670811}, "datetime": {"datetime": "2021-09-29 20:03:30", "elapsed": 7.905135, "delta": 0.31146}}
{"target": -41.270836372865446, "params": {"C": 10513.406219112827, "gamma": 0.02772739481227748}, "datetime": {"datetime": "2021-09-29 20:03:30", "elapsed": 8.313946, "delta": 0.408811}}
{"target": -41.008688558417845, "params": {"C": 10507.788450682696, "gamma": 0.019452495530616717}, "datetime": {"datetime": "2021-09-29 20:03:31", "elapsed": 8.631362, "delta": 0.317416}}
{"target": -41.97476075250815, "params": {"C": 10516.383183076592, "gamma": 0.039652826492289926}, "datetime": {"datetime": "2021-09-29 20:03:31", "elapsed": 8.928357, "delta": 0.296995}}
{"target": -41.97475834549795, "params": {"C": 11262.751633426122, "gamma": 0.0380613288599251}, "datetime": {"datetime": "2021-09-29 20:03:31", "elapsed": 9.224819, "delta": 0.296462}}
{"target": -41.32066994416278, "params": {"C": 11095.773651744112, "gamma": 0.010141092619688239}, "datetime": {"datetime": "2021-09-29 20:03:32", "elapsed": 9.632825, "delta": 0.408006}}
{"target": -41.43025698487252, "params": {"C": 12906.761033194176, "gamma": 0.02704721082944599}, "datetime": {"datetime": "2021-09-29 20:03:32", "elapsed": 9.995268, "delta": 0.362443}}
{"target": -42.58394593046582, "params": {"C": 11271.55096674542, "gamma": 0.046765845443628835}, "datetime": {"datetime": "2021-09-29 20:03:32", "elapsed": 10.326823, "delta": 0.331555}}
{"target": -41.004436859688056, "params": {"C": 10505.223632643912, "gamma": 0.018740466545385307}, "datetime": {"datetime": "2021-09-29 20:03:33", "elapsed": 10.67946, "delta": 0.352637}}
{"target": -41.03109981227114, "params": {"C": 11275.207719012136, "gamma": 0.01624964441265095}, "datetime": {"datetime": "2021-09-29 20:03:33", "elapsed": 10.999387, "delta": 0.319927}}
{"target": -41.241280848211446, "params": {"C": 11086.251169213854, "gamma": 0.011203907796723145}, "datetime": {"datetime": "2021-09-29 20:03:33", "elapsed": 11.312331, "delta": 0.312944}}
{"target": -42.5289986282489, "params": {"C": 11084.8474106146, "gamma": 0.046448425868710834}, "datetime": {"datetime": "2021-09-29 20:03:34", "elapsed": 11.67966, "delta": 0.367329}}
{"target": -42.63535314710497, "params": {"C": 10503.94972846794, "gamma": 0.04951224643215907}, "datetime": {"datetime": "2021-09-29 20:03:34", "elapsed": 12.004828, "delta": 0.325168}}
{"target": -41.42889654016134, "params": {"C": 10510.598050182329, "gamma": 0.008943206806522365}, "datetime": {"datetime": "2021-09-29 20:03:34", "elapsed": 12.36782, "delta": 0.362992}}
{"target": -41.09379474015363, "params": {"C": 11274.520351084977, "gamma": 0.02215250881052056}, "datetime": {"datetime": "2021-09-29 20:03:35", "elapsed": 12.720499, "delta": 0.352679}}
{"target": -41.34182304449923, "params": {"C": 11266.910925712766, "gamma": 0.027869828660958586}, "datetime": {"datetime": "2021-09-29 20:03:35", "elapsed": 13.06683, "delta": 0.346331}}
{"target": -43.67777153238853, "params": {"C": 18571.214140292777, "gamma": 0.04642814052172511}, "datetime": {"datetime": "2021-09-29 20:03:35", "elapsed": 13.443709, "delta": 0.376879}}
{"target": -41.57517295551079, "params": {"C": 10497.687505850743, "gamma": 0.033331104570152405}, "datetime": {"datetime": "2021-09-29 20:03:36", "elapsed": 13.796705, "delta": 0.352996}}
{"target": -41.64982664278782, "params": {"C": 10492.749494935106, "gamma": 0.03457997639969556}, "datetime": {"datetime": "2021-09-29 20:03:36", "elapsed": 14.162953, "delta": 0.366248}}
{"target": -41.268864937991346, "params": {"C": 10494.939260737665, "gamma": 0.01089856846440405}, "datetime": {"datetime": "2021-09-29 20:03:36", "elapsed": 14.511801, "delta": 0.348848}}
{"target": -41.58232758197706, "params": {"C": 10488.399399813346, "gamma": 0.03346944986025649}, "datetime": {"datetime": "2021-09-29 20:03:37", "elapsed": 14.862847, "delta": 0.351046}}
{"target": -41.70727024649051, "params": {"C": 10485.251198669148, "gamma": 0.03552922077270238}, "datetime": {"datetime": "2021-09-29 20:03:37", "elapsed": 15.258846, "delta": 0.395999}}
{"target": -41.304636178246, "params": {"C": 10481.997420171074, "gamma": 0.02846798625303992}, "datetime": {"datetime": "2021-09-29 20:03:38", "elapsed": 15.628243, "delta": 0.369397}}
{"target": -42.24355924592093, "params": {"C": 10479.707814767502, "gamma": 0.00205768148216797}, "datetime": {"datetime": "2021-09-29 20:03:38", "elapsed": 15.986613, "delta": 0.35837}}
{"target": -41.05183843717398, "params": {"C": 10483.233907239959, "gamma": 0.022022007454469666}, "datetime": {"datetime": "2021-09-29 20:03:38", "elapsed": 16.383612, "delta": 0.396999}}
{"target": -41.78045610698761, "params": {"C": 17959.663612686683, "gamma": 0.005156748041843861}, "datetime": {"datetime": "2021-09-29 20:03:39", "elapsed": 16.737613, "delta": 0.354001}}
{"target": -43.10184776899696, "params": {"C": 19509.07955158304, "gamma": 0.03932469522885463}, "datetime": {"datetime": "2021-09-29 20:03:39", "elapsed": 17.213611, "delta": 0.475998}}
{"target": -41.756072688300435, "params": {"C": 17965.300076153726, "gamma": 0.026253644083893666}, "datetime": {"datetime": "2021-09-29 20:03:40", "elapsed": 17.711612, "delta": 0.498001}}
{"target": -43.63017648486317, "params": {"C": 17969.658353845174, "gamma": 0.04680040895815421}, "datetime": {"datetime": "2021-09-29 20:03:40", "elapsed": 18.051333, "delta": 0.339721}}
{"target": -42.2449417272029, "params": {"C": 17955.679209508653, "gamma": 0.03193543675532753}, "datetime": {"datetime": "2021-09-29 20:03:40", "elapsed": 18.431328, "delta": 0.379995}}
{"target": -41.06695001568026, "params": {"C": 12877.560828092843, "gamma": 0.01850455433306568}, "datetime": {"datetime": "2021-09-29 20:03:41", "elapsed": 18.859625, "delta": 0.428297}}
{"target": -43.05946784402826, "params": {"C": 12879.362877179967, "gamma": 0.04939174630397118}, "datetime": {"datetime": "2021-09-29 20:03:41", "elapsed": 19.26145, "delta": 0.401825}}
{"target": -41.24270499622285, "params": {"C": 12876.443377593818, "gamma": 0.023655997813074994}, "datetime": {"datetime": "2021-09-29 20:03:42", "elapsed": 19.655147, "delta": 0.393697}}
{"target": -41.888819480290394, "params": {"C": 12874.396831959213, "gamma": 0.03395441841155484}, "datetime": {"datetime": "2021-09-29 20:03:42", "elapsed": 20.09678, "delta": 0.441633}}
{"target": -42.064936254902854, "params": {"C": 10490.368228634685, "gamma": 0.04108485500431302}, "datetime": {"datetime": "2021-09-29 20:03:42", "elapsed": 20.504424, "delta": 0.407644}}
{"target": -42.51779783474355, "params": {"C": 14642.170671320333, "gamma": 0.039314790364791345}, "datetime": {"datetime": "2021-09-29 20:03:43", "elapsed": 20.962424, "delta": 0.458}}
{"target": -41.579195487946265, "params": {"C": 15653.83128108062, "gamma": 0.026121528872201132}, "datetime": {"datetime": "2021-09-29 20:03:43", "elapsed": 21.454526, "delta": 0.492102}}
{"target": -41.123477528263024, "params": {"C": 15657.370306613473, "gamma": 0.017432084742474173}, "datetime": {"datetime": "2021-09-29 20:03:44", "elapsed": 21.941367, "delta": 0.486841}}
{"target": -41.54507097256242, "params": {"C": 15659.369280892046, "gamma": 0.025632379944979973}, "datetime": {"datetime": "2021-09-29 20:03:44", "elapsed": 22.3501, "delta": 0.408733}}
{"target": -41.982340655766386, "params": {"C": 15651.16119525722, "gamma": 0.031393231642925346}, "datetime": {"datetime": "2021-09-29 20:03:45", "elapsed": 22.770065, "delta": 0.419965}}
{"target": -41.09768469541562, "params": {"C": 15656.371064503528, "gamma": 0.014929120201291834}, "datetime": {"datetime": "2021-09-29 20:03:45", "elapsed": 23.281038, "delta": 0.510973}}
{"target": -42.69804465926706, "params": {"C": 15662.872665315605, "gamma": 0.03990879019345442}, "datetime": {"datetime": "2021-09-29 20:03:46", "elapsed": 23.723512, "delta": 0.442474}}
{"target": -41.438485128993825, "params": {"C": 12780.843204466626, "gamma": 0.00859651901383969}, "datetime": {"datetime": "2021-09-29 20:03:46", "elapsed": 24.217872, "delta": 0.49436}}
{"target": -41.252495768590826, "params": {"C": 12778.908122050225, "gamma": 0.023980704634475918}, "datetime": {"datetime": "2021-09-29 20:03:47", "elapsed": 24.659298, "delta": 0.441426}}
{"target": -41.77337407630301, "params": {"C": 12776.64568179195, "gamma": 0.005370593938467955}, "datetime": {"datetime": "2021-09-29 20:03:47", "elapsed": 25.106685, "delta": 0.447387}}
{"target": -41.30354239342999, "params": {"C": 12783.37902285509, "gamma": 0.024974156812529444}, "datetime": {"datetime": "2021-09-29 20:03:48", "elapsed": 25.56661, "delta": 0.459925}}
{"target": -41.8882943897604, "params": {"C": 12787.370749416683, "gamma": 0.03408508856398445}, "datetime": {"datetime": "2021-09-29 20:03:48", "elapsed": 25.993327, "delta": 0.426717}}
{"target": -41.817359370482265, "params": {"C": 12785.060600221133, "gamma": 0.033088343510076265}, "datetime": {"datetime": "2021-09-29 20:03:49", "elapsed": 26.551199, "delta": 0.557872}}
{"target": -41.242436702790016, "params": {"C": 15556.549046642442, "gamma": 0.0107192777593258}, "datetime": {"datetime": "2021-09-29 20:03:49", "elapsed": 27.014201, "delta": 0.463002}}
{"target": -41.130271385667875, "params": {"C": 15559.388749260139, "gamma": 0.013025323989786373}, "datetime": {"datetime": "2021-09-29 20:03:49", "elapsed": 27.469199, "delta": 0.454998}}
{"target": -41.18051484902686, "params": {"C": 15557.92781544524, "gamma": 0.01178531927006755}, "datetime": {"datetime": "2021-09-29 20:03:50", "elapsed": 27.955204, "delta": 0.486005}}
{"target": -42.65006293899125, "params": {"C": 15561.213237878968, "gamma": 0.03949928490592034}, "datetime": {"datetime": "2021-09-29 20:03:51", "elapsed": 28.552945, "delta": 0.597741}}
{"target": -41.09596478830552, "params": {"C": 15554.850721749488, "gamma": 0.015034097755629368}, "datetime": {"datetime": "2021-09-29 20:03:51", "elapsed": 29.211941, "delta": 0.658996}}
{"target": -42.14132886919757, "params": {"C": 15552.03074266533, "gamma": 0.002168126905303729}, "datetime": {"datetime": "2021-09-29 20:03:52", "elapsed": 29.711943, "delta": 0.500002}}
{"target": -42.86029387689235, "params": {"C": 14322.38709213514, "gamma": 0.0440083176971798}, "datetime": {"datetime": "2021-09-29 20:03:52", "elapsed": 30.277111, "delta": 0.565168}}
{"target": -42.8662351163802, "params": {"C": 16030.233400094941, "gamma": 0.04130117302397006}, "datetime": {"datetime": "2021-09-29 20:03:53", "elapsed": 30.810731, "delta": 0.53362}}
{"target": -41.06392262797098, "params": {"C": 10828.130775198244, "gamma": 0.014709351955879316}, "datetime": {"datetime": "2021-09-29 20:03:53", "elapsed": 31.339862, "delta": 0.529131}}
{"target": -41.619729328322784, "params": {"C": 10830.578830901855, "gamma": 0.006929170278945306}, "datetime": {"datetime": "2021-09-29 20:03:54", "elapsed": 31.783808, "delta": 0.443946}}
{"target": -41.016874575377386, "params": {"C": 10826.311203717622, "gamma": 0.019311057374353128}, "datetime": {"datetime": "2021-09-29 20:03:54", "elapsed": 32.210778, "delta": 0.42697}}
{"target": -42.10896949977405, "params": {"C": 10823.85852286408, "gamma": 0.040979981602944214}, "datetime": {"datetime": "2021-09-29 20:03:55", "elapsed": 32.701782, "delta": 0.491004}}
{"target": -41.47402911957074, "params": {"C": 10836.666200619977, "gamma": 0.0309728500967519}, "datetime": {"datetime": "2021-09-29 20:03:55", "elapsed": 33.324777, "delta": 0.622995}}
{"target": -42.22644380501351, "params": {"C": 10834.345524443646, "gamma": 0.04268674795841291}, "datetime": {"datetime": "2021-09-29 20:03:56", "elapsed": 33.844779, "delta": 0.520002}}
{"target": -41.117108175513955, "params": {"C": 10839.107304820682, "gamma": 0.02356006508883481}, "datetime": {"datetime": "2021-09-29 20:03:56", "elapsed": 34.463095, "delta": 0.618316}}
{"target": -41.86487970966766, "params": {"C": 10842.85851517521, "gamma": 0.037267640634411785}, "datetime": {"datetime": "2021-09-29 20:03:57", "elapsed": 34.96706, "delta": 0.503965}}
{"target": -42.09823688860411, "params": {"C": 10840.44477585094, "gamma": 0.04078367086582065}, "datetime": {"datetime": "2021-09-29 20:03:58", "elapsed": 35.616723, "delta": 0.649663}}
{"target": -41.26200310942606, "params": {"C": 10837.80601194583, "gamma": 0.02699457154886016}, "datetime": {"datetime": "2021-09-29 20:03:58", "elapsed": 36.158274, "delta": 0.541551}}
{"target": -41.2187609600887, "params": {"C": 10848.258121164874, "gamma": 0.026053252356869262}, "datetime": {"datetime": "2021-09-29 20:03:59", "elapsed": 36.776267, "delta": 0.617993}}
{"target": -41.71406413522032, "params": {"C": 10850.201294632032, "gamma": 0.03490706973900453}, "datetime": {"datetime": "2021-09-29 20:03:59", "elapsed": 37.321274, "delta": 0.545007}}
{"target": -41.69259681157757, "params": {"C": 10846.57924753742, "gamma": 0.03457326175770673}, "datetime": {"datetime": "2021-09-29 20:04:00", "elapsed": 37.845273, "delta": 0.523999}}
{"target": -41.0794526405941, "params": {"C": 12436.87881562354, "gamma": 0.01437232891771741}, "datetime": {"datetime": "2021-09-29 20:04:00", "elapsed": 38.510064, "delta": 0.664791}}
{"target": -42.875619584627614, "params": {"C": 12435.316352661812, "gamma": 0.047995456523778575}, "datetime": {"datetime": "2021-09-29 20:04:01", "elapsed": 39.023023, "delta": 0.512959}}
{"target": -42.29464477622396, "params": {"C": 12438.60715832043, "gamma": 0.04025907976713915}, "datetime": {"datetime": "2021-09-29 20:04:02", "elapsed": 39.584915, "delta": 0.561892}}
{"target": -42.72392800653302, "params": {"C": 10827.40558256748, "gamma": 0.04990412562420737}, "datetime": {"datetime": "2021-09-29 20:04:02", "elapsed": 40.122088, "delta": 0.537173}}
{"target": -41.03078225842322, "params": {"C": 10507.104103975744, "gamma": 0.015866472678139166}, "datetime": {"datetime": "2021-09-29 20:04:03", "elapsed": 40.666724, "delta": 0.544636}}
{"target": -41.120487891297884, "params": {"C": 11077.92113455419, "gamma": 0.023268359732625706}, "datetime": {"datetime": "2021-09-29 20:04:03", "elapsed": 41.173728, "delta": 0.507004}}
