{"target": -44.721313594720215, "params": {"C": 4506.309330468045, "gamma": 0.0002821731503061463}, "datetime": {"datetime": "2021-09-29 18:02:41", "elapsed": 395.54877, "delta": 1.488369}}
{"target": -42.86340398520606, "params": {"C": 2748.0082416318564, "gamma": 0.0011028575305695714}, "datetime": {"datetime": "2021-09-29 18:02:43", "elapsed": 397.539808, "delta": 1.991038}}
{"target": -41.957593062324264, "params": {"C": 3164.1739412328284, "gamma": 0.0017654628417560245}, "datetime": {"datetime": "2021-09-29 18:02:45", "elapsed": 399.040248, "delta": 1.50044}}
{"target": -41.60272955505203, "params": {"C": 4587.494227798371, "gamma": 0.0018397430410799964}, "datetime": {"datetime": "2021-09-29 18:02:47", "elapsed": 400.986429, "delta": 1.946181}}
{"target": -41.637921399895916, "params": {"C": 4587.503520964774, "gamma": 0.0017329403236106353}, "datetime": {"datetime": "2021-09-29 18:02:49", "elapsed": 403.077634, "delta": 2.091205}}
{"target": -43.74360056576147, "params": {"C": 4472.966528452749, "gamma": 0.0004475179752025663}, "datetime": {"datetime": "2021-09-29 18:02:52", "elapsed": 406.002936, "delta": 2.925302}}
{"target": -42.98755473012891, "params": {"C": 3100.7865656109684, "gamma": 0.0009142505935708831}, "datetime": {"datetime": "2021-09-29 18:02:53", "elapsed": 407.895633, "delta": 1.892697}}
{"target": -46.309083070468624, "params": {"C": 1860.287800585211, "gamma": 0.00028878574782417927}, "datetime": {"datetime": "2021-09-29 18:02:55", "elapsed": 409.408066, "delta": 1.512433}}
{"target": -42.31761308486114, "params": {"C": 2359.846729559067, "gamma": 0.0018126371550212384}, "datetime": {"datetime": "2021-09-29 18:02:56", "elapsed": 410.896401, "delta": 1.488335}}
{"target": -43.31256978892993, "params": {"C": 4333.692754101559, "gamma": 0.0005647255666154908}, "datetime": {"datetime": "2021-09-29 18:02:59", "elapsed": 413.635264, "delta": 2.738863}}
{"target": -43.01421752185906, "params": {"C": 3337.077465559716, "gamma": 0.0008389630613823233}, "datetime": {"datetime": "2021-09-29 18:03:01", "elapsed": 415.126942, "delta": 1.491678}}
{"target": -44.03166841099072, "params": {"C": 4472.961853131845, "gamma": 0.00039170520144515586}, "datetime": {"datetime": "2021-09-29 18:03:03", "elapsed": 417.024252, "delta": 1.89731}}
{"target": -42.523617829662975, "params": {"C": 2240.522272312088, "gamma": 0.0016687501652786461}, "datetime": {"datetime": "2021-09-29 18:03:06", "elapsed": 420.755149, "delta": 3.730897}}
{"target": -41.880416523079845, "params": {"C": 4997.1891199044485, "gamma": 0.001185041227455992}, "datetime": {"datetime": "2021-09-29 18:03:08", "elapsed": 422.252024, "delta": 1.496875}}
{"target": -41.611874127436835, "params": {"C": 4510.25266843409, "gamma": 0.001842235950030801}, "datetime": {"datetime": "2021-09-29 18:03:11", "elapsed": 425.73781, "delta": 3.485786}}
{"target": -45.21710976442282, "params": {"C": 2359.8372920890906, "gamma": 0.0004161638534460495}, "datetime": {"datetime": "2021-09-29 18:03:13", "elapsed": 427.90298, "delta": 2.16517}}
{"target": -42.23124695202258, "params": {"C": 4476.756603554537, "gamma": 0.0009968501624922999}, "datetime": {"datetime": "2021-09-29 18:03:16", "elapsed": 430.110255, "delta": 2.207275}}
{"target": -42.44129793499033, "params": {"C": 4472.015880972996, "gamma": 0.0008709333202552242}, "datetime": {"datetime": "2021-09-29 18:03:18", "elapsed": 432.122775, "delta": 2.01252}}
{"target": -44.180060074930076, "params": {"C": 4110.793430251877, "gamma": 0.00039606040980548344}, "datetime": {"datetime": "2021-09-29 18:03:19", "elapsed": 433.660018, "delta": 1.537243}}
{"target": -45.59942385253269, "params": {"C": 3249.0610905950743, "gamma": 0.00025049154317062234}, "datetime": {"datetime": "2021-09-29 18:03:21", "elapsed": 435.856457, "delta": 2.196439}}
{"target": -42.27126203266856, "params": {"C": 4233.841641283665, "gamma": 0.0010237899675793795}, "datetime": {"datetime": "2021-09-29 18:03:24", "elapsed": 438.805991, "delta": 2.949534}}
{"target": -41.95364653783375, "params": {"C": 3118.6965357480854, "gamma": 0.001799387127074492}, "datetime": {"datetime": "2021-09-29 18:03:27", "elapsed": 441.184787, "delta": 2.378796}}
{"target": -41.80315805001247, "params": {"C": 4997.18660543211, "gamma": 0.0012810106551265498}, "datetime": {"datetime": "2021-09-29 18:03:30", "elapsed": 444.17555, "delta": 2.990763}}
{"target": -43.99711576860645, "params": {"C": 3118.6936906230894, "gamma": 0.0005602820144827098}, "datetime": {"datetime": "2021-09-29 18:03:32", "elapsed": 446.11577, "delta": 1.94022}}
{"target": -42.06423436085784, "params": {"C": 4501.859508516162, "gamma": 0.00112101320553257}, "datetime": {"datetime": "2021-09-29 18:03:35", "elapsed": 449.46674, "delta": 3.35097}}
{"target": -42.603879428253514, "params": {"C": 4920.747909790142, "gamma": 0.0007244701566930408}, "datetime": {"datetime": "2021-09-29 18:03:37", "elapsed": 451.526809, "delta": 2.060069}}
{"target": -41.66444449749245, "params": {"C": 4608.908857837844, "gamma": 0.0016556459172732678}, "datetime": {"datetime": "2021-09-29 18:03:39", "elapsed": 453.128615, "delta": 1.601806}}
{"target": -42.56505014805202, "params": {"C": 2645.058069094952, "gamma": 0.0013638436276532406}, "datetime": {"datetime": "2021-09-29 18:03:40", "elapsed": 454.674341, "delta": 1.545726}}
{"target": -42.848508869489656, "params": {"C": 3756.845893193203, "gamma": 0.0008158869223098109}, "datetime": {"datetime": "2021-09-29 18:03:42", "elapsed": 456.355793, "delta": 1.681452}}
{"target": -44.912059224822464, "params": {"C": 4932.955421781899, "gamma": 0.0002361589470186376}, "datetime": {"datetime": "2021-09-29 18:03:44", "elapsed": 458.440666, "delta": 2.084873}}
{"target": -45.3607726007495, "params": {"C": 4502.562684122731, "gamma": 0.00020630096420171538}, "datetime": {"datetime": "2021-09-29 18:03:46", "elapsed": 460.362232, "delta": 1.921566}}
{"target": -42.34114724255367, "params": {"C": 3096.8855093692623, "gamma": 0.0013376431723356392}, "datetime": {"datetime": "2021-09-29 18:03:49", "elapsed": 463.080687, "delta": 2.718455}}
{"target": -45.83805922486806, "params": {"C": 2246.9824692282173, "gamma": 0.00031640423973000186}, "datetime": {"datetime": "2021-09-29 18:03:51", "elapsed": 465.777018, "delta": 2.696331}}
{"target": -42.59434760186886, "params": {"C": 3533.061958811737, "gamma": 0.0009980912583941817}, "datetime": {"datetime": "2021-09-29 18:03:54", "elapsed": 468.340798, "delta": 2.56378}}
{"target": -42.63414215241319, "params": {"C": 2818.9477791300533, "gamma": 0.0012244047067189877}, "datetime": {"datetime": "2021-09-29 18:03:56", "elapsed": 470.591127, "delta": 2.250329}}
{"target": -42.27915325533665, "params": {"C": 3254.2928211492213, "gamma": 0.0013263742705546834}, "datetime": {"datetime": "2021-09-29 18:03:59", "elapsed": 473.031126, "delta": 2.439999}}
{"target": -44.0696083281206, "params": {"C": 4504.33341232099, "gamma": 0.0003824004433643325}, "datetime": {"datetime": "2021-09-29 18:04:02", "elapsed": 476.123893, "delta": 3.092767}}
{"target": -42.569921878499215, "params": {"C": 4206.983986254845, "gamma": 0.0008547817254839213}, "datetime": {"datetime": "2021-09-29 18:04:03", "elapsed": 477.89545, "delta": 1.771557}}
{"target": -45.023151274106176, "params": {"C": 1092.4629682105392, "gamma": 0.0009941290730326614}, "datetime": {"datetime": "2021-09-29 18:04:05", "elapsed": 479.936599, "delta": 2.041149}}
{"target": -42.27744164875523, "params": {"C": 3534.595593952301, "gamma": 0.0012201848437120332}, "datetime": {"datetime": "2021-09-29 18:04:08", "elapsed": 482.340078, "delta": 2.403479}}
{"target": -45.36781976472466, "params": {"C": 1067.9088954254735, "gamma": 0.0008558778440475408}, "datetime": {"datetime": "2021-09-29 18:04:10", "elapsed": 484.095526, "delta": 1.755448}}
{"target": -41.68736643939712, "params": {"C": 4503.052319231598, "gamma": 0.001641431713930681}, "datetime": {"datetime": "2021-09-29 18:04:12", "elapsed": 486.451452, "delta": 2.355926}}
{"target": -42.21838171562677, "params": {"C": 4297.893032498223, "gamma": 0.0010463676700134443}, "datetime": {"datetime": "2021-09-29 18:04:16", "elapsed": 490.255736, "delta": 3.804284}}
{"target": -42.58607602338844, "params": {"C": 4502.882166063129, "gamma": 0.0007943188687296444}, "datetime": {"datetime": "2021-09-29 18:04:19", "elapsed": 493.922791, "delta": 3.667055}}
{"target": -41.92423874761526, "params": {"C": 3524.2598024406, "gamma": 0.001625098766548277}, "datetime": {"datetime": "2021-09-29 18:04:21", "elapsed": 495.903531, "delta": 1.98074}}
{"target": -42.30226421312076, "params": {"C": 3829.379766414717, "gamma": 0.0011067445933637522}, "datetime": {"datetime": "2021-09-29 18:04:25", "elapsed": 499.460489, "delta": 3.556958}}
{"target": -42.39838964101041, "params": {"C": 2510.400861888962, "gamma": 0.0016044164150575391}, "datetime": {"datetime": "2021-09-29 18:04:27", "elapsed": 501.278058, "delta": 1.817569}}
{"target": -45.48743321375934, "params": {"C": 2645.059462285164, "gamma": 0.0003248320365696218}, "datetime": {"datetime": "2021-09-29 18:04:30", "elapsed": 503.964486, "delta": 2.686428}}
{"target": -42.31036668432022, "params": {"C": 2330.199983886617, "gamma": 0.0018469931828823298}, "datetime": {"datetime": "2021-09-29 18:04:31", "elapsed": 505.728576, "delta": 1.76409}}
{"target": -42.903678316392295, "params": {"C": 4472.333470359847, "gamma": 0.0006725375605180162}, "datetime": {"datetime": "2021-09-29 18:04:34", "elapsed": 508.136286, "delta": 2.40771}}
{"target": -42.30080996018625, "params": {"C": 3254.2973538997167, "gamma": 0.0013065008348744009}, "datetime": {"datetime": "2021-09-29 18:04:36", "elapsed": 510.306376, "delta": 2.17009}}
{"target": -41.61621058818648, "params": {"C": 4720.979287618639, "gamma": 0.001743725731184427}, "datetime": {"datetime": "2021-09-29 18:04:38", "elapsed": 512.841157, "delta": 2.534781}}
{"target": -42.68015557770071, "params": {"C": 4510.343102023717, "gamma": 0.0007521517705569704}, "datetime": {"datetime": "2021-09-29 18:04:40", "elapsed": 514.856142, "delta": 2.014985}}
{"target": -42.87579712924418, "params": {"C": 4178.581040819101, "gamma": 0.0007269663953417385}, "datetime": {"datetime": "2021-09-29 18:04:42", "elapsed": 516.568016, "delta": 1.711874}}
{"target": -44.16719336479261, "params": {"C": 2470.2121839625706, "gamma": 0.0006505237055942682}, "datetime": {"datetime": "2021-09-29 18:04:44", "elapsed": 518.273891, "delta": 1.705875}}
{"target": -42.04539184021247, "params": {"C": 4515.861589883138, "gamma": 0.0011344514682039815}, "datetime": {"datetime": "2021-09-29 18:04:48", "elapsed": 522.334026, "delta": 4.060135}}
{"target": -44.438019466873804, "params": {"C": 2330.204428719747, "gamma": 0.0006085485118075763}, "datetime": {"datetime": "2021-09-29 18:04:50", "elapsed": 524.701217, "delta": 2.367191}}
{"target": -43.78205580149873, "params": {"C": 3828.4402729477174, "gamma": 0.0005085510437228408}, "datetime": {"datetime": "2021-09-29 18:04:53", "elapsed": 527.27935, "delta": 2.578133}}
{"target": -42.29169832309887, "params": {"C": 4720.9791361314, "gamma": 0.0009098333503575006}, "datetime": {"datetime": "2021-09-29 18:04:55", "elapsed": 529.770682, "delta": 2.491332}}
{"target": -44.16907208444251, "params": {"C": 2711.121260053273, "gamma": 0.0005932952627129446}, "datetime": {"datetime": "2021-09-29 18:05:00", "elapsed": 533.957702, "delta": 4.18702}}
{"target": -42.020964082801775, "params": {"C": 4337.263054369729, "gamma": 0.0012045430837334839}, "datetime": {"datetime": "2021-09-29 18:05:02", "elapsed": 536.929397, "delta": 2.971695}}
{"target": -42.11586854834092, "params": {"C": 4510.256190327844, "gamma": 0.0010753710390644462}, "datetime": {"datetime": "2021-09-29 18:05:05", "elapsed": 539.19689, "delta": 2.267493}}
{"target": -41.80608977322733, "params": {"C": 4501.857556658679, "gamma": 0.0014197940896916441}, "datetime": {"datetime": "2021-09-29 18:05:08", "elapsed": 542.813683, "delta": 3.616793}}
{"target": -41.963705809181434, "params": {"C": 3242.6453470813594, "gamma": 0.0017105517741431622}, "datetime": {"datetime": "2021-09-29 18:05:10", "elapsed": 544.649888, "delta": 1.836205}}
{"target": -42.29398966083287, "params": {"C": 4338.35083838693, "gamma": 0.0009847217451132832}, "datetime": {"datetime": "2021-09-29 18:05:22", "elapsed": 556.198545, "delta": 11.548657}}
{"target": -42.50799668321146, "params": {"C": 4720.97318610237, "gamma": 0.0007954228454885348}, "datetime": {"datetime": "2021-09-29 18:05:33", "elapsed": 567.303131, "delta": 11.104586}}
{"target": -43.080738280076375, "params": {"C": 2330.1980101008207, "gamma": 0.0011623787946693886}, "datetime": {"datetime": "2021-09-29 18:05:47", "elapsed": 581.135763, "delta": 13.832632}}
{"target": -41.86486210423082, "params": {"C": 4472.017425164164, "gamma": 0.0013447680358866516}, "datetime": {"datetime": "2021-09-29 18:05:58", "elapsed": 592.73558, "delta": 11.599817}}
{"target": -42.93604252795312, "params": {"C": 3164.1752564618946, "gamma": 0.0009207044824942683}, "datetime": {"datetime": "2021-09-29 18:06:08", "elapsed": 602.670763, "delta": 9.935183}}
{"target": -42.0153442440527, "params": {"C": 4337.28161534168, "gamma": 0.0012101686865748631}, "datetime": {"datetime": "2021-09-29 18:06:17", "elapsed": 611.121059, "delta": 8.450296}}
{"target": -42.417758513890504, "params": {"C": 2135.4808087099955, "gamma": 0.0018840782414929768}, "datetime": {"datetime": "2021-09-29 18:06:28", "elapsed": 622.148499, "delta": 11.02744}}
{"target": -41.8973500890123, "params": {"C": 3813.5951255821, "gamma": 0.001535207840598037}, "datetime": {"datetime": "2021-09-29 18:06:38", "elapsed": 632.759942, "delta": 10.611443}}
{"target": -45.55543616825597, "params": {"C": 3120.0229691211634, "gamma": 0.00026672935232120135}, "datetime": {"datetime": "2021-09-29 18:06:49", "elapsed": 643.595013, "delta": 10.835071}}
{"target": -42.43137779305364, "params": {"C": 4337.272446905776, "gamma": 0.000902055475380532}, "datetime": {"datetime": "2021-09-29 18:07:04", "elapsed": 658.447352, "delta": 14.852339}}
{"target": -42.133639910378065, "params": {"C": 4501.864908988558, "gamma": 0.0010631172991769475}, "datetime": {"datetime": "2021-09-29 18:07:16", "elapsed": 670.185815, "delta": 11.738463}}
{"target": -44.47605742913808, "params": {"C": 4932.94986093139, "gamma": 0.00029068449658132406}, "datetime": {"datetime": "2021-09-29 18:07:25", "elapsed": 679.695248, "delta": 9.509433}}
{"target": -42.26488024080117, "params": {"C": 3641.7288136905922, "gamma": 0.0011942036093746092}, "datetime": {"datetime": "2021-09-29 18:07:36", "elapsed": 689.981527, "delta": 10.286279}}
{"target": -41.93132513823767, "params": {"C": 3118.697651220121, "gamma": 0.00183735589716979}, "datetime": {"datetime": "2021-09-29 18:07:47", "elapsed": 701.042519, "delta": 11.060992}}
{"target": -42.636308946499526, "params": {"C": 3254.300018674715, "gamma": 0.0010568720196929638}, "datetime": {"datetime": "2021-09-29 18:07:57", "elapsed": 711.266392, "delta": 10.223873}}
{"target": -42.444148135155025, "params": {"C": 2897.0026707498773, "gamma": 0.0013389065530433554}, "datetime": {"datetime": "2021-09-29 18:08:08", "elapsed": 722.636812, "delta": 11.37042}}
{"target": -42.073888924493346, "params": {"C": 4501.509980566969, "gamma": 0.001112641311167199}, "datetime": {"datetime": "2021-09-29 18:08:19", "elapsed": 733.685526, "delta": 11.048714}}
{"target": -41.80767616402709, "params": {"C": 3519.8986044294584, "gamma": 0.001833152478525002}, "datetime": {"datetime": "2021-09-29 18:08:32", "elapsed": 746.538874, "delta": 12.853348}}
{"target": -45.353558050528946, "params": {"C": 3083.581368157604, "gamma": 0.0002992878738542503}, "datetime": {"datetime": "2021-09-29 18:08:43", "elapsed": 757.173352, "delta": 10.634478}}
{"target": -42.173641726557875, "params": {"C": 4297.8959356178875, "gamma": 0.0010802618688649068}, "datetime": {"datetime": "2021-09-29 18:08:53", "elapsed": 767.136867, "delta": 9.963515}}
{"target": -44.671277745883984, "params": {"C": 3114.8597170396583, "gamma": 0.0004117367039708531}, "datetime": {"datetime": "2021-09-29 18:09:07", "elapsed": 781.870402, "delta": 14.733535}}
{"target": -43.34937029408517, "params": {"C": 2135.4827097182324, "gamma": 0.001108507041427195}, "datetime": {"datetime": "2021-09-29 18:09:17", "elapsed": 791.757531, "delta": 9.887129}}
{"target": -42.1186946130444, "params": {"C": 3521.8673579750284, "gamma": 0.0013764070862373964}, "datetime": {"datetime": "2021-09-29 18:09:28", "elapsed": 802.24701, "delta": 10.489479}}
{"target": -41.569053155159594, "params": {"C": 4932.957608083227, "gamma": 0.00182340161157537}, "datetime": {"datetime": "2021-09-29 18:09:42", "elapsed": 816.456773, "delta": 14.209763}}
{"target": -42.93612368986033, "params": {"C": 4333.689693267308, "gamma": 0.0006809276702336457}, "datetime": {"datetime": "2021-09-29 18:09:55", "elapsed": 829.846955, "delta": 13.390182}}
{"target": -41.8349257646723, "params": {"C": 4472.064093493397, "gamma": 0.0013863069017452563}, "datetime": {"datetime": "2021-09-29 18:10:04", "elapsed": 838.0197, "delta": 8.172745}}
{"target": -43.28561891070972, "params": {"C": 3117.6591769549254, "gamma": 0.0007825008516371786}, "datetime": {"datetime": "2021-09-29 18:10:14", "elapsed": 848.887613, "delta": 10.867913}}
{"target": -41.7997907540101, "params": {"C": 3813.5899888390795, "gamma": 0.0016993982490231961}, "datetime": {"datetime": "2021-09-29 18:10:25", "elapsed": 859.732514, "delta": 10.844901}}
{"target": -44.51853751541602, "params": {"C": 4920.736394008507, "gamma": 0.00028560886225552525}, "datetime": {"datetime": "2021-09-29 18:10:34", "elapsed": 868.932143, "delta": 9.199629}}
{"target": -41.67174765575749, "params": {"C": 4337.276005418016, "gamma": 0.0017453050961770051}, "datetime": {"datetime": "2021-09-29 18:10:44", "elapsed": 878.576922, "delta": 9.644779}}
{"target": -42.573464468803266, "params": {"C": 2661.6056050680627, "gamma": 0.0013479928217538884}, "datetime": {"datetime": "2021-09-29 18:10:57", "elapsed": 891.4981, "delta": 12.921178}}
{"target": -42.23358571000982, "params": {"C": 3242.650394914265, "gamma": 0.0013752600093434539}, "datetime": {"datetime": "2021-09-29 18:11:07", "elapsed": 901.120327, "delta": 9.622227}}
{"target": -42.95713044706195, "params": {"C": 4233.839450007313, "gamma": 0.0006883895558129401}, "datetime": {"datetime": "2021-09-29 18:11:17", "elapsed": 911.322543, "delta": 10.202216}}
{"target": -43.854406530439455, "params": {"C": 3272.8742380717417, "gamma": 0.0005710391451738185}, "datetime": {"datetime": "2021-09-29 18:11:29", "elapsed": 923.22623, "delta": 11.903687}}
{"target": -42.13388590937362, "params": {"C": 4997.188386917236, "gamma": 0.0009617417882862462}, "datetime": {"datetime": "2021-09-29 18:11:41", "elapsed": 934.988778, "delta": 11.762548}}
{"target": -41.53418009540702, "params": {"C": 4920.745667491843, "gamma": 0.001985739562657823}, "datetime": {"datetime": "2021-09-29 18:11:50", "elapsed": 944.889858, "delta": 9.90108}}
{"target": -43.543378463090846, "params": {"C": 4510.2525156805095, "gamma": 0.0004876510918571438}, "datetime": {"datetime": "2021-09-29 18:12:01", "elapsed": 955.707173, "delta": 10.817315}}
{"target": -43.718340042638886, "params": {"C": 3096.893919484597, "gamma": 0.0006413052109798854}, "datetime": {"datetime": "2021-09-29 18:12:10", "elapsed": 964.85792, "delta": 9.150747}}
{"target": -41.627285068155764, "params": {"C": 4232.718174468793, "gamma": 0.0019170976354998817}, "datetime": {"datetime": "2021-09-29 18:12:20", "elapsed": 974.345022, "delta": 9.487102}}
{"target": -42.102695010138184, "params": {"C": 4424.365075894246, "gamma": 0.0011068014656764199}, "datetime": {"datetime": "2021-09-29 18:12:34", "elapsed": 988.01086, "delta": 13.665838}}
{"target": -42.97136231651129, "params": {"C": 4169.8040394768805, "gamma": 0.000693184832518069}, "datetime": {"datetime": "2021-09-29 18:12:46", "elapsed": 1000.559333, "delta": 12.548473}}
{"target": -42.33624227572042, "params": {"C": 3532.8295277027587, "gamma": 0.0011728400799483117}, "datetime": {"datetime": "2021-09-29 18:12:59", "elapsed": 1013.253687, "delta": 12.694354}}
{"target": -41.893404465246334, "params": {"C": 3249.065299491266, "gamma": 0.0018247328406130494}, "datetime": {"datetime": "2021-09-29 18:13:13", "elapsed": 1027.071226, "delta": 13.817539}}
{"target": -41.495099786221225, "params": {"C": 8856.60321633373, "gamma": 0.0016018065314226436}, "datetime": {"datetime": "2021-09-29 18:20:27", "elapsed": 0.0, "delta": 0.0}}
{"target": -43.298216711937734, "params": {"C": 8168.241174631377, "gamma": 0.02271531259361974}, "datetime": {"datetime": "2021-09-29 18:20:27", "elapsed": 0.170002, "delta": 0.170002}}
{"target": -42.04456762090095, "params": {"C": 7492.535061512952, "gamma": 0.007519102720394581}, "datetime": {"datetime": "2021-09-29 18:20:27", "elapsed": 0.340008, "delta": 0.170006}}
{"target": -42.873864962605495, "params": {"C": 5990.31432379812, "gamma": 0.023055390653769804}, "datetime": {"datetime": "2021-09-29 18:20:27", "elapsed": 0.544886, "delta": 0.204878}}
{"target": -41.52483722875547, "params": {"C": 5845.554182812677, "gamma": 0.0035618546110462975}, "datetime": {"datetime": "2021-09-29 18:20:28", "elapsed": 0.727882, "delta": 0.182996}}
{"target": -43.92814304039979, "params": {"C": 8855.324793710239, "gamma": 0.029890030025423814}, "datetime": {"datetime": "2021-09-29 18:20:28", "elapsed": 0.983884, "delta": 0.256002}}
{"target": -43.23228969530577, "params": {"C": 7323.366695765968, "gamma": 0.024211028813165343}, "datetime": {"datetime": "2021-09-29 18:20:28", "elapsed": 1.226884, "delta": 0.243}}
{"target": -41.890764693625755, "params": {"C": 8856.683097433142, "gamma": 0.0040867112801498354}, "datetime": {"datetime": "2021-09-29 18:20:28", "elapsed": 1.511886, "delta": 0.285002}}
