{"target": 0.2664026861226385, "params": {"C": 54747.86533123794, "gamma": 0.18993784427078994}, "datetime": {"datetime": "2021-10-04 11:04:42", "elapsed": 34.683287, "delta": 0.517719}}
{"target": 0.2528537958101593, "params": {"C": 54753.34962638965, "gamma": 0.027377614468024773}, "datetime": {"datetime": "2021-10-04 11:04:43", "elapsed": 35.276196, "delta": 0.592909}}
{"target": 0.28062838790751743, "params": {"C": 54691.29073863732, "gamma": 0.08549982503735844}, "datetime": {"datetime": "2021-10-04 11:04:44", "elapsed": 35.801745, "delta": 0.525549}}
{"target": 0.1223972126242252, "params": {"C": 54653.30374281026, "gamma": 0.005663034183226014}, "datetime": {"datetime": "2021-10-04 11:04:44", "elapsed": 36.32346, "delta": 0.521715}}
{"target": 0.2360322459893025, "params": {"C": 154099.22235114936, "gamma": 0.14960343297275194}, "datetime": {"datetime": "2021-10-04 11:04:45", "elapsed": 36.875711, "delta": 0.552251}}
{"target": 0.2707905498501877, "params": {"C": 54733.842596495255, "gamma": 0.17384003237306908}, "datetime": {"datetime": "2021-10-04 11:04:45", "elapsed": 37.546837, "delta": 0.671126}}
{"target": 0.2647976256871333, "params": {"C": 54638.01537321396, "gamma": 0.19524181083591696}, "datetime": {"datetime": "2021-10-04 11:04:46", "elapsed": 38.042867, "delta": 0.49603}}
{"target": 0.27959345256182555, "params": {"C": 50047.838274248024, "gamma": 0.12829372713307463}, "datetime": {"datetime": "2021-10-04 11:04:46", "elapsed": 38.701451, "delta": 0.658584}}
{"target": 0.2429285492609229, "params": {"C": 139149.4738717518, "gamma": 0.15873949511392152}, "datetime": {"datetime": "2021-10-04 11:04:47", "elapsed": 39.264672, "delta": 0.563221}}
{"target": 0.27658186821177133, "params": {"C": 54691.07341783692, "gamma": 0.062186166327250575}, "datetime": {"datetime": "2021-10-04 11:04:48", "elapsed": 39.827026, "delta": 0.562354}}
{"target": 0.27362010726166774, "params": {"C": 54755.46638854291, "gamma": 0.05295840605859227}, "datetime": {"datetime": "2021-10-04 11:04:48", "elapsed": 40.474026, "delta": 0.647}}
{"target": 0.2327637622576626, "params": {"C": 172162.02378110867, "gamma": 0.1000562926653925}, "datetime": {"datetime": "2021-10-04 11:04:49", "elapsed": 41.01503, "delta": 0.541004}}
{"target": 0.16881353477937022, "params": {"C": 378676.7490542746, "gamma": 0.16875380541539775}, "datetime": {"datetime": "2021-10-04 11:04:49", "elapsed": 41.569828, "delta": 0.554798}}
{"target": 0.18018131503024326, "params": {"C": 426311.01334373304, "gamma": 0.0566359361062186}, "datetime": {"datetime": "2021-10-04 11:04:50", "elapsed": 42.058823, "delta": 0.488995}}
{"target": 0.23995512552247666, "params": {"C": 54625.3309757282, "gamma": 0.26061961683454554}, "datetime": {"datetime": "2021-10-04 11:04:50", "elapsed": 42.676814, "delta": 0.617991}}
{"target": 0.24511543155691728, "params": {"C": 76863.49494598742, "gamma": 0.2618087787416665}, "datetime": {"datetime": "2021-10-04 11:04:51", "elapsed": 43.262703, "delta": 0.585889}}
{"target": 0.2729983800572411, "params": {"C": 54710.02045168163, "gamma": 0.16466668460326708}, "datetime": {"datetime": "2021-10-04 11:04:52", "elapsed": 43.867694, "delta": 0.604991}}
{"target": 0.2789902800610391, "params": {"C": 54676.47638993086, "gamma": 0.13205265975194042}, "datetime": {"datetime": "2021-10-04 11:04:52", "elapsed": 44.624611, "delta": 0.756917}}
{"target": 0.2685298079751012, "params": {"C": 116930.170593191, "gamma": 0.04812894022616111}, "datetime": {"datetime": "2021-10-04 11:04:53", "elapsed": 45.368318, "delta": 0.743707}}
{"target": 0.278616692808199, "params": {"C": 54735.16110334376, "gamma": 0.07104310936689075}, "datetime": {"datetime": "2021-10-04 11:04:54", "elapsed": 46.07568, "delta": 0.707362}}
{"target": 0.25158208078056576, "params": {"C": 54673.24918070965, "gamma": 0.232993720419121}, "datetime": {"datetime": "2021-10-04 11:04:55", "elapsed": 46.764168, "delta": 0.688488}}
{"target": 0.23765393398920787, "params": {"C": 50033.461888209495, "gamma": 0.02173840354164374}, "datetime": {"datetime": "2021-10-04 11:04:55", "elapsed": 47.4138, "delta": 0.649632}}
{"target": 0.27324539624961963, "params": {"C": 54677.075835326636, "gamma": 0.16357913075486305}, "datetime": {"datetime": "2021-10-04 11:04:56", "elapsed": 48.210449, "delta": 0.796649}}
{"target": 0.27280348463654347, "params": {"C": 54663.688578761336, "gamma": 0.16550948939571197}, "datetime": {"datetime": "2021-10-04 11:04:57", "elapsed": 48.87947, "delta": 0.669021}}
{"target": 0.2793454604895952, "params": {"C": 54707.72885438431, "gamma": 0.1292948912494293}, "datetime": {"datetime": "2021-10-04 11:04:57", "elapsed": 49.569246, "delta": 0.689776}}
{"target": 0.2572814039493987, "params": {"C": 50053.75986391858, "gamma": 0.21321982158048142}, "datetime": {"datetime": "2021-10-04 11:04:58", "elapsed": 50.178205, "delta": 0.608959}}
{"target": 0.2812775452265268, "params": {"C": 54593.601780464174, "gamma": 0.09894914148108871}, "datetime": {"datetime": "2021-10-04 11:04:59", "elapsed": 50.816509, "delta": 0.638304}}
{"target": 0.233273971841777, "params": {"C": 54713.17990610471, "gamma": 0.2753331650571074}, "datetime": {"datetime": "2021-10-04 11:04:59", "elapsed": 51.514414, "delta": 0.697905}}
{"target": 0.2794354837738433, "params": {"C": 54623.366002276496, "gamma": 0.12862548941030183}, "datetime": {"datetime": "2021-10-04 11:05:00", "elapsed": 52.10205, "delta": 0.587636}}
{"target": 0.26532895971909465, "params": {"C": 54689.76003501852, "gamma": 0.19352187016306943}, "datetime": {"datetime": "2021-10-04 11:05:00", "elapsed": 52.654284, "delta": 0.552234}}
{"target": 0.2560600433950617, "params": {"C": 54592.46674855551, "gamma": 0.22113239094656814}, "datetime": {"datetime": "2021-10-04 11:05:01", "elapsed": 53.315224, "delta": 0.66094}}
{"target": 0.2761170158738805, "params": {"C": 54617.30142138257, "gamma": 0.06054389693398145}, "datetime": {"datetime": "2021-10-04 11:05:02", "elapsed": 53.966867, "delta": 0.651643}}
{"target": 0.25202677316077304, "params": {"C": 116925.4693636273, "gamma": 0.18004288872041505}, "datetime": {"datetime": "2021-10-04 11:05:02", "elapsed": 54.561231, "delta": 0.594364}}
{"target": 0.2520609688359914, "params": {"C": 54639.09618156433, "gamma": 0.2317363305116151}, "datetime": {"datetime": "2021-10-04 11:05:03", "elapsed": 55.162364, "delta": 0.601133}}
{"target": 0.2714354450222911, "params": {"C": 54705.60920610626, "gamma": 0.1712466933822062}, "datetime": {"datetime": "2021-10-04 11:05:04", "elapsed": 55.86718, "delta": 0.704816}}
{"target": 0.21977627795626642, "params": {"C": 211165.20401022854, "gamma": 0.19383924627283264}, "datetime": {"datetime": "2021-10-04 11:05:04", "elapsed": 56.536343, "delta": 0.669163}}
{"target": 0.25136746109366814, "params": {"C": 54600.97560271357, "gamma": 0.23346820477389393}, "datetime": {"datetime": "2021-10-04 11:05:05", "elapsed": 57.2089, "delta": 0.672557}}
{"target": 0.11942771412005249, "params": {"C": 54669.23068235483, "gamma": 0.005508557980266495}, "datetime": {"datetime": "2021-10-04 11:05:06", "elapsed": 57.983193, "delta": 0.774293}}
{"target": 0.26842622791288906, "params": {"C": 116950.28626678853, "gamma": 0.048981049547311584}, "datetime": {"datetime": "2021-10-04 11:05:06", "elapsed": 58.549581, "delta": 0.566388}}
{"target": 0.12904123177497884, "params": {"C": 473009.1975774427, "gamma": 0.137836296197699}, "datetime": {"datetime": "2021-10-04 11:05:07", "elapsed": 59.108321, "delta": 0.55874}}
{"target": 0.2452620790426293, "params": {"C": 133810.44401122493, "gamma": 0.18923916157725465}, "datetime": {"datetime": "2021-10-04 11:05:08", "elapsed": 59.833095, "delta": 0.724774}}
{"target": 0.2741297653157161, "params": {"C": 54740.28165727778, "gamma": 0.054334259932901266}, "datetime": {"datetime": "2021-10-04 11:05:08", "elapsed": 60.513177, "delta": 0.680082}}
{"target": 0.2645282819044299, "params": {"C": 116928.7657698315, "gamma": 0.07229742805965676}, "datetime": {"datetime": "2021-10-04 11:05:09", "elapsed": 61.415266, "delta": 0.902089}}
{"target": 0.25311197886443293, "params": {"C": 54678.86819539964, "gamma": 0.22905898994406737}, "datetime": {"datetime": "2021-10-04 11:05:10", "elapsed": 62.136296, "delta": 0.72103}}
{"target": 0.2546388549678116, "params": {"C": 116017.16965384402, "gamma": 0.13862091201974458}, "datetime": {"datetime": "2021-10-04 11:05:11", "elapsed": 62.792501, "delta": 0.656205}}
{"target": 0.22308484306438836, "params": {"C": 116976.22744075711, "gamma": 0.012110307367153357}, "datetime": {"datetime": "2021-10-04 11:05:11", "elapsed": 63.530432, "delta": 0.737931}}
{"target": 0.25122844310567005, "params": {"C": 116919.64596722876, "gamma": 0.01892319197734785}, "datetime": {"datetime": "2021-10-04 11:05:12", "elapsed": 64.230991, "delta": 0.700559}}
{"target": 0.2581480732540473, "params": {"C": 116038.51689605124, "gamma": 0.10848264339658405}, "datetime": {"datetime": "2021-10-04 11:05:13", "elapsed": 65.06199, "delta": 0.830999}}
{"target": 0.22215171186396576, "params": {"C": 116966.85190040008, "gamma": 0.011963074983329927}, "datetime": {"datetime": "2021-10-04 11:05:13", "elapsed": 65.716546, "delta": 0.654556}}
{"target": 0.2370792406375517, "params": {"C": 54594.16070402196, "gamma": 0.26695520215178586}, "datetime": {"datetime": "2021-10-04 11:05:14", "elapsed": 66.516133, "delta": 0.799587}}
{"target": 0.20881841005833124, "params": {"C": 217195.37917334007, "gamma": 0.11129461458410947}, "datetime": {"datetime": "2021-10-04 11:05:15", "elapsed": 67.156427, "delta": 0.640294}}
{"target": 0.21693936420160587, "params": {"C": 341397.6579686368, "gamma": 0.009192276747111382}, "datetime": {"datetime": "2021-10-04 11:05:16", "elapsed": 67.895129, "delta": 0.738702}}
{"target": 0.20502548567020107, "params": {"C": 368877.35575114266, "gamma": 0.26264897065712384}, "datetime": {"datetime": "2021-10-04 11:05:16", "elapsed": 68.494245, "delta": 0.599116}}
{"target": 0.28118431314052517, "params": {"C": 54590.506887792435, "gamma": 0.0945287167010815}, "datetime": {"datetime": "2021-10-04 11:05:17", "elapsed": 69.178845, "delta": 0.6846}}
{"target": 0.1681486373653126, "params": {"C": 490450.4997325168, "gamma": 0.19737320878778483}, "datetime": {"datetime": "2021-10-04 11:05:18", "elapsed": 69.743297, "delta": 0.564452}}
{"target": 0.2223925832654332, "params": {"C": 54706.42989470119, "gamma": 0.016501413079872303}, "datetime": {"datetime": "2021-10-04 11:05:18", "elapsed": 70.51848, "delta": 0.775183}}
{"target": 0.27769020030691927, "params": {"C": 54677.02288081631, "gamma": 0.06664745580552327}, "datetime": {"datetime": "2021-10-04 11:05:19", "elapsed": 71.112186, "delta": 0.593706}}
{"target": 0.2558121061314542, "params": {"C": 116927.68526543125, "gamma": 0.12202635299035756}, "datetime": {"datetime": "2021-10-04 11:05:20", "elapsed": 71.781421, "delta": 0.669235}}
{"target": 0.27821012452663507, "params": {"C": 54621.21458974008, "gamma": 0.06904143301970918}, "datetime": {"datetime": "2021-10-04 11:05:20", "elapsed": 72.609634, "delta": 0.828213}}
{"target": 0.2529194359118484, "params": {"C": 116916.00023915307, "gamma": 0.16044274210188497}, "datetime": {"datetime": "2021-10-04 11:05:21", "elapsed": 73.399799, "delta": 0.790165}}
{"target": 0.23519317161520625, "params": {"C": 116958.259289962, "gamma": 0.28736969573407267}, "datetime": {"datetime": "2021-10-04 11:05:22", "elapsed": 74.215386, "delta": 0.815587}}
{"target": 0.27278764582125525, "params": {"C": 54643.492679579176, "gamma": 0.050926737495417915}, "datetime": {"datetime": "2021-10-04 11:05:23", "elapsed": 75.060612, "delta": 0.845226}}
{"target": 0.27480783397479336, "params": {"C": 54711.30790289302, "gamma": 0.15636545283149106}, "datetime": {"datetime": "2021-10-04 11:05:24", "elapsed": 75.828072, "delta": 0.76746}}
{"target": 0.25234833231869724, "params": {"C": 50045.232753913086, "gamma": 0.028589724882330286}, "datetime": {"datetime": "2021-10-04 11:05:24", "elapsed": 76.669695, "delta": 0.841623}}
{"target": 0.2492446885054025, "params": {"C": 116913.51975674731, "gamma": 0.2171381623423628}, "datetime": {"datetime": "2021-10-04 11:05:25", "elapsed": 77.533961, "delta": 0.864266}}
{"target": 0.22612861620773717, "params": {"C": 54624.06970881109, "gamma": 0.29012968152086555}, "datetime": {"datetime": "2021-10-04 11:05:26", "elapsed": 78.404324, "delta": 0.870363}}
{"target": 0.27194376036114276, "params": {"C": 95792.55243862643, "gamma": 0.0608700543862067}, "datetime": {"datetime": "2021-10-04 11:05:27", "elapsed": 79.079363, "delta": 0.675039}}
{"target": 0.271522477533816, "params": {"C": 54640.95628722908, "gamma": 0.048081275691247635}, "datetime": {"datetime": "2021-10-04 11:05:28", "elapsed": 79.925276, "delta": 0.845913}}
{"target": 0.1945627314441425, "params": {"C": 494097.66485999426, "gamma": 0.2604115240632401}, "datetime": {"datetime": "2021-10-04 11:05:28", "elapsed": 80.605348, "delta": 0.680072}}
{"target": 0.23399408934096644, "params": {"C": 116922.30708091431, "gamma": 0.29148485774789545}, "datetime": {"datetime": "2021-10-04 11:05:29", "elapsed": 81.585919, "delta": 0.980571}}
{"target": 0.22585731028423883, "params": {"C": 54671.67292675354, "gamma": 0.29075183842008706}, "datetime": {"datetime": "2021-10-04 11:05:30", "elapsed": 82.416474, "delta": 0.830555}}
{"target": 0.24338765545750884, "params": {"C": 468052.6409796197, "gamma": 0.014776610197358734}, "datetime": {"datetime": "2021-10-04 11:05:31", "elapsed": 83.197321, "delta": 0.780847}}
{"target": 0.2542152520657267, "params": {"C": 116934.17980190457, "gamma": 0.1382815654364777}, "datetime": {"datetime": "2021-10-04 11:05:32", "elapsed": 84.056823, "delta": 0.859502}}
{"target": 0.22236561781788367, "params": {"C": 54741.19319975543, "gamma": 0.2979334493897544}, "datetime": {"datetime": "2021-10-04 11:05:33", "elapsed": 84.869618, "delta": 0.812795}}
{"target": 0.2527654867581437, "params": {"C": 116934.15725676736, "gamma": 0.16364936992518012}, "datetime": {"datetime": "2021-10-04 11:05:33", "elapsed": 85.501585, "delta": 0.631967}}
{"target": 0.24060206844348708, "params": {"C": 158990.52434997336, "gamma": 0.09483614563702518}, "datetime": {"datetime": "2021-10-04 11:05:34", "elapsed": 86.409974, "delta": 0.908389}}
{"target": 0.24321529757195526, "params": {"C": 133819.10472416185, "gamma": 0.23116186348549225}, "datetime": {"datetime": "2021-10-04 11:05:35", "elapsed": 87.441018, "delta": 1.031044}}
{"target": 0.2774041283405637, "params": {"C": 54615.53053833767, "gamma": 0.06544455808709923}, "datetime": {"datetime": "2021-10-04 11:05:36", "elapsed": 88.360679, "delta": 0.919661}}
{"target": 0.2612509668330837, "params": {"C": 54748.891149248426, "gamma": 0.206418842324512}, "datetime": {"datetime": "2021-10-04 11:05:37", "elapsed": 89.070459, "delta": 0.70978}}
{"target": 0.2629913537247037, "params": {"C": 116017.2100782931, "gamma": 0.08203493895447264}, "datetime": {"datetime": "2021-10-04 11:05:38", "elapsed": 89.730307, "delta": 0.659848}}
{"target": 0.2213774506062498, "params": {"C": 399762.6006813454, "gamma": 0.03834372989373051}, "datetime": {"datetime": "2021-10-04 11:05:38", "elapsed": 90.447527, "delta": 0.71722}}
{"target": 0.24623573660709774, "params": {"C": 133830.51735712495, "gamma": 0.13310538730561033}, "datetime": {"datetime": "2021-10-04 11:05:39", "elapsed": 91.243766, "delta": 0.796239}}
{"target": 0.22734426840099764, "params": {"C": 54622.22570567955, "gamma": 0.28763159370430136}, "datetime": {"datetime": "2021-10-04 11:05:40", "elapsed": 92.02318, "delta": 0.779414}}
{"target": 0.26109024833698347, "params": {"C": 54614.19376003322, "gamma": 0.20680663766035892}, "datetime": {"datetime": "2021-10-04 11:05:41", "elapsed": 92.87957, "delta": 0.85639}}
{"target": 0.2137982617252273, "params": {"C": 207340.752976125, "gamma": 0.10900847197795104}, "datetime": {"datetime": "2021-10-04 11:05:41", "elapsed": 93.579834, "delta": 0.700264}}
{"target": 0.2485788209624713, "params": {"C": 54686.3932669236, "gamma": 0.025095145488751136}, "datetime": {"datetime": "2021-10-04 11:05:42", "elapsed": 94.66623, "delta": 1.086396}}
{"target": 0.22345641029272945, "params": {"C": 220057.14802332927, "gamma": 0.2414034834419788}, "datetime": {"datetime": "2021-10-04 11:05:43", "elapsed": 95.467494, "delta": 0.801264}}
{"target": 0.2516562750344835, "params": {"C": 95793.09277918922, "gamma": 0.23356165330426598}, "datetime": {"datetime": "2021-10-04 11:05:44", "elapsed": 96.582344, "delta": 1.11485}}
{"target": 0.2797417807355713, "params": {"C": 50038.3590889809, "gamma": 0.1271092420781724}, "datetime": {"datetime": "2021-10-04 11:05:46", "elapsed": 97.744163, "delta": 1.161819}}
{"target": 0.20655110726462855, "params": {"C": 457735.07853093714, "gamma": 0.04036212325716919}, "datetime": {"datetime": "2021-10-04 11:05:46", "elapsed": 98.528481, "delta": 0.784318}}
{"target": 0.2585211791618808, "params": {"C": 116015.34867141872, "gamma": 0.10623990148044815}, "datetime": {"datetime": "2021-10-04 11:05:47", "elapsed": 99.613655, "delta": 1.085174}}
{"target": 0.2526114395340955, "params": {"C": 116935.778916629, "gamma": 0.16710515255872813}, "datetime": {"datetime": "2021-10-04 11:05:48", "elapsed": 100.68176, "delta": 1.068105}}
{"target": 0.2554390991727231, "params": {"C": 94387.34758708233, "gamma": 0.21606374825819435}, "datetime": {"datetime": "2021-10-04 11:05:49", "elapsed": 101.468278, "delta": 0.786518}}
{"target": 0.2686971641609286, "params": {"C": 54689.68528811575, "gamma": 0.1817973158115684}, "datetime": {"datetime": "2021-10-04 11:05:50", "elapsed": 102.440839, "delta": 0.972561}}
{"target": 0.27704087696644486, "params": {"C": 54667.51254629536, "gamma": 0.14466124611360298}, "datetime": {"datetime": "2021-10-04 11:05:51", "elapsed": 103.415339, "delta": 0.9745}}
{"target": 0.2539457149179518, "params": {"C": 54665.44764149201, "gamma": 0.22686226985308736}, "datetime": {"datetime": "2021-10-04 11:05:52", "elapsed": 104.425256, "delta": 1.009917}}
{"target": 0.2807834535982462, "params": {"C": 54704.70096195482, "gamma": 0.08736647478829043}, "datetime": {"datetime": "2021-10-04 11:05:53", "elapsed": 105.452453, "delta": 1.027197}}
{"target": 0.22087236268333965, "params": {"C": 308985.984103429, "gamma": 0.050340535013461044}, "datetime": {"datetime": "2021-10-04 11:05:54", "elapsed": 106.324373, "delta": 0.87192}}
{"target": 0.22263080345050557, "params": {"C": 54629.79332571417, "gamma": 0.016567278584599304}, "datetime": {"datetime": "2021-10-04 11:05:55", "elapsed": 107.483817, "delta": 1.159444}}
{"target": 0.26727468736870685, "params": {"C": 54731.53618365175, "gamma": 0.18691234269443102}, "datetime": {"datetime": "2021-10-04 11:05:56", "elapsed": 108.420487, "delta": 0.93667}}
{"target": 0.24335337589090145, "params": {"C": 54683.13097885347, "gamma": 0.2529456644590112}, "datetime": {"datetime": "2021-10-04 11:05:57", "elapsed": 109.315078, "delta": 0.894591}}
{"target": 0.2043835776071551, "params": {"C": 383348.8885000074, "gamma": 0.26862195317149123}, "datetime": {"datetime": "2021-10-04 11:05:58", "elapsed": 110.142817, "delta": 0.827739}}
{"target": 0.24654430476727163, "params": {"C": 54589.8402232638, "gamma": 0.24533303982994345}, "datetime": {"datetime": "2021-10-04 11:05:59", "elapsed": 111.166545, "delta": 1.023728}}
{"target": 0.25878794502821634, "params": {"C": 54611.887846692895, "gamma": 0.21353873666348322}, "datetime": {"datetime": "2021-10-04 11:06:00", "elapsed": 112.197105, "delta": 1.03056}}
{"target": 0.2657273816980872, "params": {"C": 116949.59218229694, "gamma": 0.06582638491737702}, "datetime": {"datetime": "2021-10-04 11:06:01", "elapsed": 112.995389, "delta": 0.798284}}
{"target": 0.2582888067504754, "params": {"C": 116930.90089505372, "gamma": 0.10498951027679566}, "datetime": {"datetime": "2021-10-04 11:06:02", "elapsed": 113.941068, "delta": 0.945679}}
{"target": 0.22428082031148278, "params": {"C": 209387.27061376916, "gamma": 0.2220611340000804}, "datetime": {"datetime": "2021-10-04 11:06:02", "elapsed": 114.691598, "delta": 0.75053}}
{"target": 0.2741917516738983, "params": {"C": 50042.583308075664, "gamma": 0.0570188987848495}, "datetime": {"datetime": "2021-10-04 11:06:04", "elapsed": 115.997555, "delta": 1.305957}}
{"target": 0.24043193179564737, "params": {"C": 116033.07324998247, "gamma": 0.2680906803986036}, "datetime": {"datetime": "2021-10-04 11:06:05", "elapsed": 117.156027, "delta": 1.158472}}
{"target": 0.24567358680584805, "params": {"C": 54593.16797429429, "gamma": 0.24740979785081113}, "datetime": {"datetime": "2021-10-04 11:06:06", "elapsed": 118.52969, "delta": 1.373663}}
{"target": 0.22285429583746375, "params": {"C": 278036.6075401888, "gamma": 0.01005904198844973}, "datetime": {"datetime": "2021-10-04 11:06:07", "elapsed": 119.422797, "delta": 0.893107}}
{"target": 0.2549394589025601, "params": {"C": 116041.25915491517, "gamma": 0.13481601380976496}, "datetime": {"datetime": "2021-10-04 11:06:08", "elapsed": 120.405784, "delta": 0.982987}}
{"target": 0.2453426092708031, "params": {"C": 133828.44979853666, "gamma": 0.15676736061348567}, "datetime": {"datetime": "2021-10-04 11:06:09", "elapsed": 121.358567, "delta": 0.952783}}
{"target": 0.236103634913444, "params": {"C": 54699.558727864336, "gamma": 0.26921879545068117}, "datetime": {"datetime": "2021-10-04 11:06:10", "elapsed": 122.372742, "delta": 1.014175}}
{"target": 0.26655919557248153, "params": {"C": 94378.19519047084, "gamma": 0.12397888976383131}, "datetime": {"datetime": "2021-10-04 11:06:11", "elapsed": 123.710724, "delta": 1.337982}}
{"target": 0.19470728534120985, "params": {"C": 450859.286790097, "gamma": 0.24775540775088406}, "datetime": {"datetime": "2021-10-04 11:06:12", "elapsed": 124.669214, "delta": 0.95849}}
{"target": 0.2784440664035841, "params": {"C": 54754.94938614277, "gamma": 0.13589061322945745}, "datetime": {"datetime": "2021-10-04 11:06:14", "elapsed": 125.832821, "delta": 1.163607}}
