{"target": -34.46924826014672, "params": {"C": 26259.436999264984, "gamma": 0.011015428831556134}, "datetime": {"datetime": "2021-09-29 08:49:45", "elapsed": 666.039374, "delta": 3.94866}}
{"target": -35.79701285970993, "params": {"C": 26259.396358324815, "gamma": 0.06265837962677641}, "datetime": {"datetime": "2021-09-29 08:49:48", "elapsed": 669.594911, "delta": 3.555537}}
{"target": -35.834715799419506, "params": {"C": 28290.099713413198, "gamma": 0.061854002477176435}, "datetime": {"datetime": "2021-09-29 08:49:50", "elapsed": 671.77613, "delta": 2.181219}}
{"target": -36.69322908301643, "params": {"C": 27396.99038657447, "gamma": 0.08674992109083361}, "datetime": {"datetime": "2021-09-29 08:49:53", "elapsed": 674.055483, "delta": 2.279353}}
{"target": -34.314043898068505, "params": {"C": 28781.819404070404, "gamma": 0.01809752297306237}, "datetime": {"datetime": "2021-09-29 08:49:56", "elapsed": 677.358163, "delta": 3.30268}}
{"target": -34.63823933595076, "params": {"C": 28835.877154359452, "gamma": 0.031780583730261866}, "datetime": {"datetime": "2021-09-29 08:50:00", "elapsed": 680.986407, "delta": 3.628244}}
{"target": -36.37367350479166, "params": {"C": 26608.966336166155, "gamma": 0.07815683117803689}, "datetime": {"datetime": "2021-09-29 08:50:03", "elapsed": 684.166835, "delta": 3.180428}}
{"target": -36.41537496926314, "params": {"C": 28542.693271203214, "gamma": 0.07676700776537267}, "datetime": {"datetime": "2021-09-29 08:50:05", "elapsed": 686.533001, "delta": 2.366166}}
{"target": -34.703007718285775, "params": {"C": 27728.960919229638, "gamma": 0.008904269905463254}, "datetime": {"datetime": "2021-09-29 08:50:07", "elapsed": 688.781025, "delta": 2.248024}}
{"target": -34.53879775455089, "params": {"C": 29318.89858953461, "gamma": 0.027679037461483612}, "datetime": {"datetime": "2021-09-29 08:50:11", "elapsed": 691.869697, "delta": 3.088672}}
{"target": -35.20645571827555, "params": {"C": 25257.419962804208, "gamma": 0.048562205905246215}, "datetime": {"datetime": "2021-09-29 08:50:14", "elapsed": 694.873572, "delta": 3.003875}}
{"target": -34.36983042546922, "params": {"C": 25660.45331028528, "gamma": 0.012639224899827495}, "datetime": {"datetime": "2021-09-29 08:50:17", "elapsed": 698.031208, "delta": 3.157636}}
{"target": -34.37741369557272, "params": {"C": 25260.41264804955, "gamma": 0.02217488250567558}, "datetime": {"datetime": "2021-09-29 08:50:19", "elapsed": 700.476666, "delta": 2.445458}}
{"target": -35.1186625633307, "params": {"C": 28358.96716559155, "gamma": 0.044604498928397275}, "datetime": {"datetime": "2021-09-29 08:50:22", "elapsed": 702.957913, "delta": 2.481247}}
{"target": -34.95159389387189, "params": {"C": 28755.950658183297, "gamma": 0.040445370544202726}, "datetime": {"datetime": "2021-09-29 08:50:27", "elapsed": 708.437285, "delta": 5.479372}}
{"target": -34.66013049472342, "params": {"C": 26234.136789223463, "gamma": 0.033640180789949896}, "datetime": {"datetime": "2021-09-29 08:50:29", "elapsed": 710.805079, "delta": 2.367794}}
{"target": -34.583963128131536, "params": {"C": 29341.894930461047, "gamma": 0.029435833762240127}, "datetime": {"datetime": "2021-09-29 08:50:34", "elapsed": 715.417648, "delta": 4.612569}}
{"target": -34.76667632713921, "params": {"C": 28185.225121143027, "gamma": 0.03587583414863867}, "datetime": {"datetime": "2021-09-29 08:50:38", "elapsed": 719.56121, "delta": 4.143562}}
{"target": -35.087223508323646, "params": {"C": 26509.81794171627, "gamma": 0.04491243183724738}, "datetime": {"datetime": "2021-09-29 08:50:41", "elapsed": 722.039806, "delta": 2.478596}}
{"target": -36.065811938528455, "params": {"C": 29659.769696956904, "gamma": 0.06633717183347072}, "datetime": {"datetime": "2021-09-29 08:50:45", "elapsed": 726.164198, "delta": 4.124392}}
{"target": -35.71192097062574, "params": {"C": 26280.264403135036, "gamma": 0.06039469603864473}, "datetime": {"datetime": "2021-09-29 08:50:49", "elapsed": 730.292791, "delta": 4.128593}}
{"target": -36.25388765501616, "params": {"C": 26851.308504364177, "gamma": 0.07442088718066546}, "datetime": {"datetime": "2021-09-29 08:50:52", "elapsed": 732.909093, "delta": 2.616302}}
{"target": -35.00360866463584, "params": {"C": 25124.85508374583, "gamma": 0.04371664371672537}, "datetime": {"datetime": "2021-09-29 08:50:57", "elapsed": 738.022476, "delta": 5.113383}}
{"target": -34.511751337638785, "params": {"C": 27619.527432349412, "gamma": 0.027157473819436263}, "datetime": {"datetime": "2021-09-29 08:51:01", "elapsed": 741.915499, "delta": 3.893023}}
{"target": -34.8945152398303, "params": {"C": 28335.454192830723, "gamma": 0.03927029503033884}, "datetime": {"datetime": "2021-09-29 08:51:05", "elapsed": 746.212822, "delta": 4.297323}}
{"target": -35.53969887347151, "params": {"C": 28821.29009889502, "gamma": 0.05412563856554933}, "datetime": {"datetime": "2021-09-29 08:51:13", "elapsed": 753.913183, "delta": 7.700361}}
{"target": -34.30818412503658, "params": {"C": 28821.193205671665, "gamma": 0.01312028082029328}, "datetime": {"datetime": "2021-09-29 08:51:16", "elapsed": 757.739532, "delta": 3.826349}}
{"target": -35.9740933203504, "params": {"C": 28781.82188416243, "gamma": 0.06483742533146096}, "datetime": {"datetime": "2021-09-29 08:51:20", "elapsed": 761.22143, "delta": 3.481898}}
{"target": -34.51995583392521, "params": {"C": 27980.887075958606, "gamma": 0.027360554456522048}, "datetime": {"datetime": "2021-09-29 08:51:23", "elapsed": 764.367298, "delta": 3.145868}}
{"target": -35.65724602369565, "params": {"C": 25260.441106816215, "gamma": 0.05986779107281142}, "datetime": {"datetime": "2021-09-29 08:51:27", "elapsed": 768.010464, "delta": 3.643166}}
{"target": -35.75679457944071, "params": {"C": 25660.378576341904, "gamma": 0.005223022950625481}, "datetime": {"datetime": "2021-09-29 08:51:32", "elapsed": 773.263586, "delta": 5.253122}}
{"target": -34.68895326940881, "params": {"C": 28821.15638733174, "gamma": 0.03343960497361971}, "datetime": {"datetime": "2021-09-29 08:51:39", "elapsed": 780.036122, "delta": 6.772536}}
{"target": -35.816156850846845, "params": {"C": 26669.01328682564, "gamma": 0.06279378824992929}, "datetime": {"datetime": "2021-09-29 08:51:45", "elapsed": 786.120319, "delta": 6.084197}}
{"target": -36.341602882506734, "params": {"C": 28821.196951857328, "gamma": 0.07445428457353903}, "datetime": {"datetime": "2021-09-29 08:51:49", "elapsed": 790.318882, "delta": 4.198563}}
{"target": -34.3193681993542, "params": {"C": 27242.87760953703, "gamma": 0.013184907689264273}, "datetime": {"datetime": "2021-09-29 08:51:53", "elapsed": 794.304386, "delta": 3.985504}}
{"target": -34.32095019233529, "params": {"C": 28185.265883928525, "gamma": 0.018578989458679352}, "datetime": {"datetime": "2021-09-29 08:51:56", "elapsed": 797.046283, "delta": 2.741897}}
{"target": -35.81421426410144, "params": {"C": 28063.072826811032, "gamma": 0.06151506134132045}, "datetime": {"datetime": "2021-09-29 08:52:00", "elapsed": 800.961924, "delta": 3.915641}}
{"target": -36.42523484865428, "params": {"C": 32753.98951287288, "gamma": 0.07227404314871996}, "datetime": {"datetime": "2021-09-29 08:52:06", "elapsed": 0.0, "delta": 0.0}}
{"target": -35.58886727400498, "params": {"C": 31454.523694564723, "gamma": 0.05352862249377798}, "datetime": {"datetime": "2021-09-29 08:52:06", "elapsed": 0.171002, "delta": 0.171002}}
{"target": -37.15760079612788, "params": {"C": 34464.73477173827, "gamma": 0.09014784344867662}, "datetime": {"datetime": "2021-09-29 08:52:06", "elapsed": 0.372002, "delta": 0.201}}
{"target": -34.46907837014943, "params": {"C": 30627.926552319183, "gamma": 0.024688073423127743}, "datetime": {"datetime": "2021-09-29 08:52:06", "elapsed": 0.538998, "delta": 0.166996}}
{"target": -35.264350877989884, "params": {"C": 30257.33601650415, "gamma": 0.04687693514681046}, "datetime": {"datetime": "2021-09-29 08:52:07", "elapsed": 0.712999, "delta": 0.174001}}
{"target": -35.329127577342426, "params": {"C": 30149.381054392834, "gamma": 0.04839915631749755}, "datetime": {"datetime": "2021-09-29 08:52:07", "elapsed": 0.890001, "delta": 0.177002}}
{"target": -37.31589453668763, "params": {"C": 30947.92339366717, "gamma": 0.1}, "datetime": {"datetime": "2021-09-29 08:52:07", "elapsed": 1.244667, "delta": 0.354666}}
{"target": -37.26994844269581, "params": {"C": 30629.308612904075, "gamma": 0.09922206238942953}, "datetime": {"datetime": "2021-09-29 08:52:07", "elapsed": 1.488657, "delta": 0.24399}}
{"target": -34.32839521611071, "params": {"C": 32357.215352077397, "gamma": 0.018054935000570378}, "datetime": {"datetime": "2021-09-29 08:52:08", "elapsed": 1.715372, "delta": 0.226715}}
{"target": -34.50209507633679, "params": {"C": 30257.471646261136, "gamma": 0.026013229723416607}, "datetime": {"datetime": "2021-09-29 08:52:08", "elapsed": 1.951365, "delta": 0.235993}}
{"target": -37.08522571847868, "params": {"C": 31395.117752887538, "gamma": 0.0926374708829898}, "datetime": {"datetime": "2021-09-29 08:52:08", "elapsed": 2.204366, "delta": 0.253001}}
{"target": -34.33760995977431, "params": {"C": 32099.30829789904, "gamma": 0.011588171134218131}, "datetime": {"datetime": "2021-09-29 08:52:08", "elapsed": 2.476383, "delta": 0.272017}}
{"target": -36.58412879432888, "params": {"C": 30257.826927772596, "gamma": 0.07929518343677228}, "datetime": {"datetime": "2021-09-29 08:52:09", "elapsed": 2.748363, "delta": 0.27198}}
{"target": -37.326770063180014, "params": {"C": 34707.234872664994, "gamma": 0.09440071569411028}, "datetime": {"datetime": "2021-09-29 08:52:09", "elapsed": 2.994368, "delta": 0.246005}}
{"target": -34.304846889611646, "params": {"C": 32099.19371745418, "gamma": 0.012440779707045262}, "datetime": {"datetime": "2021-09-29 08:52:09", "elapsed": 3.244669, "delta": 0.250301}}
{"target": -36.138140018296895, "params": {"C": 30627.885339833254, "gamma": 0.06727210301135708}, "datetime": {"datetime": "2021-09-29 08:52:09", "elapsed": 3.494669, "delta": 0.25}}
{"target": -36.89507710335759, "params": {"C": 30324.228500311197, "gamma": 0.08886787450006177}, "datetime": {"datetime": "2021-09-29 08:52:10", "elapsed": 3.747672, "delta": 0.253003}}
{"target": -34.29540540663995, "params": {"C": 34341.85909822002, "gamma": 0.012249092966033204}, "datetime": {"datetime": "2021-09-29 08:52:10", "elapsed": 4.001671, "delta": 0.253999}}
{"target": -36.39350571105575, "params": {"C": 33231.371563086796, "gamma": 0.0710335452211565}, "datetime": {"datetime": "2021-09-29 08:52:10", "elapsed": 4.260676, "delta": 0.259005}}
{"target": -36.05104178583321, "params": {"C": 33691.99756544565, "gamma": 0.06255436447743457}, "datetime": {"datetime": "2021-09-29 08:52:10", "elapsed": 4.530673, "delta": 0.269997}}
{"target": -37.155159258059136, "params": {"C": 34013.79574213122, "gamma": 0.09070846274416948}, "datetime": {"datetime": "2021-09-29 08:52:11", "elapsed": 4.794677, "delta": 0.264004}}
{"target": -36.15745857139673, "params": {"C": 32056.850951136486, "gamma": 0.06639983036263718}, "datetime": {"datetime": "2021-09-29 08:52:11", "elapsed": 5.057671, "delta": 0.262994}}
{"target": -36.15578305555325, "params": {"C": 34510.247284682635, "gamma": 0.06426389561344853}, "datetime": {"datetime": "2021-09-29 08:52:11", "elapsed": 5.315895, "delta": 0.258224}}
{"target": -36.77932001548755, "params": {"C": 31627.35982498731, "gamma": 0.08336901060019704}, "datetime": {"datetime": "2021-09-29 08:52:11", "elapsed": 5.571895, "delta": 0.256}}
{"target": -34.337973039630796, "params": {"C": 30544.105075611493, "gamma": 0.018892958322463637}, "datetime": {"datetime": "2021-09-29 08:52:12", "elapsed": 5.826899, "delta": 0.255004}}
{"target": -34.314612643641176, "params": {"C": 32475.30703632835, "gamma": 0.01207782956745344}, "datetime": {"datetime": "2021-09-29 08:52:12", "elapsed": 6.084899, "delta": 0.258}}
{"target": -34.992232502872795, "params": {"C": 31250.34916611809, "gamma": 0.04021762537123698}, "datetime": {"datetime": "2021-09-29 08:52:12", "elapsed": 6.343898, "delta": 0.258999}}
{"target": -34.442061773266275, "params": {"C": 33072.11905258635, "gamma": 0.009969374385213541}, "datetime": {"datetime": "2021-09-29 08:52:12", "elapsed": 6.611896, "delta": 0.267998}}
{"target": -34.511444762507686, "params": {"C": 31668.982209063273, "gamma": 0.025984904594804282}, "datetime": {"datetime": "2021-09-29 08:52:13", "elapsed": 6.913901, "delta": 0.302005}}
{"target": -34.38575710830948, "params": {"C": 34474.29477413552, "gamma": 0.02037961981994993}, "datetime": {"datetime": "2021-09-29 08:52:13", "elapsed": 7.202897, "delta": 0.288996}}
{"target": -37.231464774690494, "params": {"C": 30079.462077069402, "gamma": 0.09907378372839767}, "datetime": {"datetime": "2021-09-29 08:52:13", "elapsed": 7.467516, "delta": 0.264619}}
{"target": -34.74925517816123, "params": {"C": 30175.520766242116, "gamma": 0.03455763504706912}, "datetime": {"datetime": "2021-09-29 08:52:14", "elapsed": 7.739516, "delta": 0.272}}
{"target": -35.3877007824248, "params": {"C": 31169.684885795694, "gamma": 0.005840691333871485}, "datetime": {"datetime": "2021-09-29 08:52:14", "elapsed": 8.043513, "delta": 0.303997}}
{"target": -36.958461570088346, "params": {"C": 34509.239827711266, "gamma": 0.08489051221212907}, "datetime": {"datetime": "2021-09-29 08:52:14", "elapsed": 8.340517, "delta": 0.297004}}
{"target": -37.216337022555024, "params": {"C": 34607.31872790375, "gamma": 0.09156327416101641}, "datetime": {"datetime": "2021-09-29 08:52:14", "elapsed": 8.633515, "delta": 0.292998}}
{"target": -37.2497241064433, "params": {"C": 33530.76963895215, "gamma": 0.0940733761214857}, "datetime": {"datetime": "2021-09-29 08:52:15", "elapsed": 8.941522, "delta": 0.308007}}
{"target": -35.31596008305357, "params": {"C": 30470.31994812665, "gamma": 0.047919213424914106}, "datetime": {"datetime": "2021-09-29 08:52:15", "elapsed": 9.248048, "delta": 0.306526}}
{"target": -35.293317299988644, "params": {"C": 32905.89529372232, "gamma": 0.04612622276120927}, "datetime": {"datetime": "2021-09-29 08:52:15", "elapsed": 9.585048, "delta": 0.337}}
{"target": -35.258038738253546, "params": {"C": 30847.06980123891, "gamma": 0.006312126655461565}, "datetime": {"datetime": "2021-09-29 08:52:16", "elapsed": 9.908049, "delta": 0.323001}}
{"target": -36.03085203700383, "params": {"C": 32573.854534441827, "gamma": 0.06295445769660965}, "datetime": {"datetime": "2021-09-29 08:52:16", "elapsed": 10.251048, "delta": 0.342999}}
{"target": -36.07393206951283, "params": {"C": 30691.873575690875, "gamma": 0.06559841761564761}, "datetime": {"datetime": "2021-09-29 08:52:16", "elapsed": 10.571047, "delta": 0.319999}}
{"target": -35.65956608914496, "params": {"C": 33483.445342178224, "gamma": 0.05388264967721183}, "datetime": {"datetime": "2021-09-29 08:52:17", "elapsed": 10.879049, "delta": 0.308002}}
{"target": -37.291823137033695, "params": {"C": 33457.53483106373, "gamma": 0.09529601599482058}, "datetime": {"datetime": "2021-09-29 08:52:17", "elapsed": 11.196046, "delta": 0.316997}}
{"target": -35.367762707261726, "params": {"C": 32752.8393213962, "gamma": 0.04782438041743561}, "datetime": {"datetime": "2021-09-29 08:52:17", "elapsed": 11.530269, "delta": 0.334223}}
{"target": -36.78104946162025, "params": {"C": 33403.01220508667, "gamma": 0.081157951288252}, "datetime": {"datetime": "2021-09-29 08:52:18", "elapsed": 11.973938, "delta": 0.443669}}
{"target": -35.857730230675614, "params": {"C": 32176.260964327135, "gamma": 0.05924770886146274}, "datetime": {"datetime": "2021-09-29 08:52:18", "elapsed": 12.351934, "delta": 0.377996}}
{"target": -35.98454475425435, "params": {"C": 31478.796185528303, "gamma": 0.0627379483399568}, "datetime": {"datetime": "2021-09-29 08:52:19", "elapsed": 12.722933, "delta": 0.370999}}
{"target": -36.65843755947636, "params": {"C": 33400.35845357137, "gamma": 0.07763332193548447}, "datetime": {"datetime": "2021-09-29 08:52:19", "elapsed": 13.046932, "delta": 0.323999}}
{"target": -37.251908787592086, "params": {"C": 34285.60707014639, "gamma": 0.09303230697256437}, "datetime": {"datetime": "2021-09-29 08:52:19", "elapsed": 13.362246, "delta": 0.315314}}
{"target": -35.136137706935074, "params": {"C": 33875.10752466183, "gamma": 0.042303245714507345}, "datetime": {"datetime": "2021-09-29 08:52:19", "elapsed": 13.68824, "delta": 0.325994}}
{"target": -36.78756807368727, "params": {"C": 33277.23989618626, "gamma": 0.08150867858633591}, "datetime": {"datetime": "2021-09-29 08:52:20", "elapsed": 14.064245, "delta": 0.376005}}
{"target": -35.987731873287, "params": {"C": 31846.999908911446, "gamma": 0.06251399105576387}, "datetime": {"datetime": "2021-09-29 08:52:20", "elapsed": 14.431239, "delta": 0.366994}}
{"target": -34.926720852961346, "params": {"C": 32251.432882847763, "gamma": 0.038265792042060355}, "datetime": {"datetime": "2021-09-29 08:52:21", "elapsed": 14.78124, "delta": 0.350001}}
{"target": -34.26900121091055, "params": {"C": 33835.9302670225, "gamma": 0.014918540338981622}, "datetime": {"datetime": "2021-09-29 08:52:21", "elapsed": 15.15724, "delta": 0.376}}
{"target": -34.99278484846216, "params": {"C": 32554.042375590878, "gamma": 0.03964928995121621}, "datetime": {"datetime": "2021-09-29 08:52:21", "elapsed": 15.481004, "delta": 0.323764}}
{"target": -36.36051226820577, "params": {"C": 34546.10586001385, "gamma": 0.06903428187024399}, "datetime": {"datetime": "2021-09-29 08:52:22", "elapsed": 15.82615, "delta": 0.345146}}
{"target": -34.72912921051772, "params": {"C": 32913.328823888296, "gamma": 0.03299946849841428}, "datetime": {"datetime": "2021-09-29 08:52:22", "elapsed": 16.177149, "delta": 0.350999}}
{"target": -34.28885386817549, "params": {"C": 33979.83180634334, "gamma": 0.012523430471769341}, "datetime": {"datetime": "2021-09-29 08:52:22", "elapsed": 16.532152, "delta": 0.355003}}
{"target": -36.767521141388734, "params": {"C": 34754.53977579152, "gamma": 0.07917548350597925}, "datetime": {"datetime": "2021-09-29 08:52:23", "elapsed": 16.942827, "delta": 0.410675}}
{"target": -36.85599052141022, "params": {"C": 31739.022828404988, "gamma": 0.08556175395408144}, "datetime": {"datetime": "2021-09-29 08:52:23", "elapsed": 17.283235, "delta": 0.340408}}
{"target": -36.851201044560916, "params": {"C": 31037.785394068665, "gamma": 0.08640748320230647}, "datetime": {"datetime": "2021-09-29 08:52:23", "elapsed": 17.648236, "delta": 0.365001}}
{"target": -34.46600790160725, "params": {"C": 30626.075903863795, "gamma": 0.024575877734323633}, "datetime": {"datetime": "2021-09-29 08:52:24", "elapsed": 17.993237, "delta": 0.345001}}
{"target": -34.92453593755014, "params": {"C": 31438.78041404642, "gamma": 0.03856124561891662}, "datetime": {"datetime": "2021-09-29 08:52:24", "elapsed": 18.355239, "delta": 0.362002}}
{"target": -34.332286804459336, "params": {"C": 32619.585346180436, "gamma": 0.018190904197547347}, "datetime": {"datetime": "2021-09-29 08:52:25", "elapsed": 18.73324, "delta": 0.378001}}
{"target": -35.817989550374435, "params": {"C": 32743.93917360011, "gamma": 0.05794615053234451}, "datetime": {"datetime": "2021-09-29 08:52:25", "elapsed": 19.097237, "delta": 0.363997}}
{"target": -35.29720695525167, "params": {"C": 31130.900409182625, "gamma": 0.04713520439257748}, "datetime": {"datetime": "2021-09-29 08:52:25", "elapsed": 19.454675, "delta": 0.357438}}
{"target": -36.59358223277269, "params": {"C": 32286.513236021576, "gamma": 0.07711946358376723}, "datetime": {"datetime": "2021-09-29 08:52:26", "elapsed": 19.808674, "delta": 0.353999}}
{"target": -36.66808245073575, "params": {"C": 32321.085335660166, "gamma": 0.07915616190257038}, "datetime": {"datetime": "2021-09-29 08:52:26", "elapsed": 20.164672, "delta": 0.355998}}
{"target": -35.621496129029666, "params": {"C": 32826.91564054031, "gamma": 0.05341982018191186}, "datetime": {"datetime": "2021-09-29 08:52:26", "elapsed": 20.549669, "delta": 0.384997}}
{"target": -36.86938420462796, "params": {"C": 31311.968854208742, "gamma": 0.08657661232753466}, "datetime": {"datetime": "2021-09-29 08:52:27", "elapsed": 20.907674, "delta": 0.358005}}
{"target": -37.18177571836205, "params": {"C": 32937.45567193174, "gamma": 0.09301820260703635}, "datetime": {"datetime": "2021-09-29 08:52:27", "elapsed": 21.271086, "delta": 0.363412}}
{"target": -36.16456641890937, "params": {"C": 30346.495181245507, "gamma": 0.06818909207481362}, "datetime": {"datetime": "2021-09-29 08:52:27", "elapsed": 21.640382, "delta": 0.369296}}
{"target": -34.29511070559242, "params": {"C": 33185.26373007115, "gamma": 0.016296964801320514}, "datetime": {"datetime": "2021-09-29 08:52:28", "elapsed": 22.026375, "delta": 0.385993}}
{"target": -37.505381934091204, "params": {"C": 34424.44268979654, "gamma": 0.09981383210015862}, "datetime": {"datetime": "2021-09-29 08:52:28", "elapsed": 22.386376, "delta": 0.360001}}
{"target": -34.34868252905253, "params": {"C": 31390.421602233313, "gamma": 0.019233455981822804}, "datetime": {"datetime": "2021-09-29 08:52:29", "elapsed": 22.769381, "delta": 0.383005}}
{"target": -36.00861281418789, "params": {"C": 32379.908972834426, "gamma": 0.06258134633927984}, "datetime": {"datetime": "2021-09-29 08:52:29", "elapsed": 23.183377, "delta": 0.413996}}
{"target": -34.444218439071854, "params": {"C": 33291.292618913976, "gamma": 0.009906556562216012}, "datetime": {"datetime": "2021-09-29 08:52:29", "elapsed": 23.556887, "delta": 0.37351}}
{"target": -35.473163476339394, "params": {"C": 31334.45899899029, "gamma": 0.050962472769810585}, "datetime": {"datetime": "2021-09-29 08:52:30", "elapsed": 23.943881, "delta": 0.386994}}
{"target": -35.674239338312155, "params": {"C": 34578.17733077123, "gamma": 0.05355952556260665}, "datetime": {"datetime": "2021-09-29 08:52:30", "elapsed": 24.375887, "delta": 0.432006}}
{"target": -36.67123813569835, "params": {"C": 33251.37307624387, "gamma": 0.07815764251599575}, "datetime": {"datetime": "2021-09-29 08:52:31", "elapsed": 24.778884, "delta": 0.402997}}
