{"target": -34.613461094704945, "params": {"C": 41801.29221900994, "gamma": 0.02436543120412271}, "datetime": {"datetime": "2021-09-29 09:30:41", "elapsed": 31.39506, "delta": 0.527544}}
{"target": -34.74080801416976, "params": {"C": 41984.38384719016, "gamma": 0.011912364856775236}, "datetime": {"datetime": "2021-09-29 09:30:42", "elapsed": 31.898057, "delta": 0.502997}}
{"target": -36.33089244540936, "params": {"C": 41697.4163598883, "gamma": 0.0562730687835463}, "datetime": {"datetime": "2021-09-29 09:30:42", "elapsed": 32.342059, "delta": 0.444002}}
{"target": -35.05060179019798, "params": {"C": 42666.062861004975, "gamma": 0.03319843558162924}, "datetime": {"datetime": "2021-09-29 09:30:43", "elapsed": 32.797642, "delta": 0.455583}}
{"target": -36.086530115996354, "params": {"C": 44455.101997822036, "gamma": 0.004708210789333474}, "datetime": {"datetime": "2021-09-29 09:30:43", "elapsed": 33.282654, "delta": 0.485012}}
{"target": -34.67180392866054, "params": {"C": 44418.162750046875, "gamma": 0.012449713675662822}, "datetime": {"datetime": "2021-09-29 09:30:44", "elapsed": 33.748059, "delta": 0.465405}}
{"target": -34.976705285076335, "params": {"C": 41871.777452985116, "gamma": 0.032036712248869566}, "datetime": {"datetime": "2021-09-29 09:30:44", "elapsed": 34.249057, "delta": 0.500998}}
{"target": -35.168509360405736, "params": {"C": 42509.0972172865, "gamma": 0.03563631493521313}, "datetime": {"datetime": "2021-09-29 09:30:45", "elapsed": 34.725058, "delta": 0.476001}}
{"target": -35.351082565177734, "params": {"C": 40939.16080240051, "gamma": 0.007658471061083841}, "datetime": {"datetime": "2021-09-29 09:30:45", "elapsed": 35.203057, "delta": 0.477999}}
{"target": -35.293363760915575, "params": {"C": 44267.4908182704, "gamma": 0.0368582234838321}, "datetime": {"datetime": "2021-09-29 09:30:46", "elapsed": 35.676461, "delta": 0.473404}}
{"target": -36.60821001381238, "params": {"C": 44282.8516919905, "gamma": 0.05978700690939527}, "datetime": {"datetime": "2021-09-29 09:30:46", "elapsed": 36.246458, "delta": 0.569997}}
{"target": -34.93941191878652, "params": {"C": 40203.009600968726, "gamma": 0.010283101200449408}, "datetime": {"datetime": "2021-09-29 09:30:47", "elapsed": 36.800459, "delta": 0.554001}}
{"target": -34.6554296426882, "params": {"C": 41616.128767219496, "gamma": 0.012812732420383697}, "datetime": {"datetime": "2021-09-29 09:30:47", "elapsed": 37.42095, "delta": 0.620491}}
{"target": -34.45834931537091, "params": {"C": 43507.54432665667, "gamma": 0.017273471257553772}, "datetime": {"datetime": "2021-09-29 09:30:48", "elapsed": 37.947951, "delta": 0.527001}}
{"target": -34.92929810546128, "params": {"C": 40971.654312749764, "gamma": 0.010307445769507213}, "datetime": {"datetime": "2021-09-29 09:30:49", "elapsed": 38.516948, "delta": 0.568997}}
{"target": -35.276218773075506, "params": {"C": 42242.773588313976, "gamma": 0.03744183363601736}, "datetime": {"datetime": "2021-09-29 09:30:49", "elapsed": 39.031946, "delta": 0.514998}}
{"target": -34.465216609731385, "params": {"C": 43818.94337022504, "gamma": 0.01787725405673462}, "datetime": {"datetime": "2021-09-29 09:30:50", "elapsed": 39.556261, "delta": 0.524315}}
{"target": -36.135831475073914, "params": {"C": 41917.82855390957, "gamma": 0.052369070510258825}, "datetime": {"datetime": "2021-09-29 09:30:50", "elapsed": 40.096262, "delta": 0.540001}}
{"target": -35.53431801001276, "params": {"C": 43501.36756696819, "gamma": 0.04090244256420863}, "datetime": {"datetime": "2021-09-29 09:30:51", "elapsed": 40.769257, "delta": 0.672995}}
{"target": -35.64189337891527, "params": {"C": 42492.56100986965, "gamma": 0.043189271808469244}, "datetime": {"datetime": "2021-09-29 09:30:51", "elapsed": 41.30826, "delta": 0.539003}}
{"target": -34.63938170856955, "params": {"C": 40712.282065266794, "gamma": 0.013091428664913935}, "datetime": {"datetime": "2021-09-29 09:30:52", "elapsed": 41.776394, "delta": 0.468134}}
{"target": -36.15275656556307, "params": {"C": 42505.15729543779, "gamma": 0.05228558873878999}, "datetime": {"datetime": "2021-09-29 09:30:52", "elapsed": 42.341394, "delta": 0.565}}
{"target": -34.7654654290204, "params": {"C": 43818.96126179558, "gamma": 0.02748189172389533}, "datetime": {"datetime": "2021-09-29 09:30:53", "elapsed": 42.961067, "delta": 0.619673}}
{"target": -36.22957292965205, "params": {"C": 40428.95604318395, "gamma": 0.004248707118043425}, "datetime": {"datetime": "2021-09-29 09:30:53", "elapsed": 43.431607, "delta": 0.47054}}
{"target": -35.14307960887162, "params": {"C": 40712.26995121403, "gamma": 0.035855021545792086}, "datetime": {"datetime": "2021-09-29 09:30:54", "elapsed": 43.940608, "delta": 0.509001}}
{"target": -35.28295593597848, "params": {"C": 40971.64930401615, "gamma": 0.03809998438649204}, "datetime": {"datetime": "2021-09-29 09:30:54", "elapsed": 44.458611, "delta": 0.518003}}
{"target": -34.692456723024634, "params": {"C": 41438.87687662799, "gamma": 0.012415823041778198}, "datetime": {"datetime": "2021-09-29 09:30:55", "elapsed": 44.961606, "delta": 0.502995}}
{"target": -34.472591548752995, "params": {"C": 41784.13283678028, "gamma": 0.01836406642849805}, "datetime": {"datetime": "2021-09-29 09:30:56", "elapsed": 45.535808, "delta": 0.574202}}
{"target": -35.90206979587337, "params": {"C": 42492.518299398245, "gamma": 0.005392407971288335}, "datetime": {"datetime": "2021-09-29 09:30:56", "elapsed": 46.101806, "delta": 0.565998}}
{"target": -36.20362220695241, "params": {"C": 43507.54657922452, "gamma": 0.052552319118177794}, "datetime": {"datetime": "2021-09-29 09:30:57", "elapsed": 46.689808, "delta": 0.588002}}
{"target": -34.49936455018583, "params": {"C": 43700.303843939044, "gamma": 0.015229321825646784}, "datetime": {"datetime": "2021-09-29 09:30:57", "elapsed": 47.203809, "delta": 0.514001}}
{"target": -35.368402479061636, "params": {"C": 44759.992438448346, "gamma": 0.007419025471077624}, "datetime": {"datetime": "2021-09-29 09:30:58", "elapsed": 47.743592, "delta": 0.539783}}
{"target": -35.277821700061665, "params": {"C": 41320.57227423003, "gamma": 0.037868412392448904}, "datetime": {"datetime": "2021-09-29 09:30:58", "elapsed": 48.320592, "delta": 0.577}}
{"target": -34.44870266268836, "params": {"C": 44826.98973030032, "gamma": 0.016443593704166024}, "datetime": {"datetime": "2021-09-29 09:30:59", "elapsed": 48.881594, "delta": 0.561002}}
{"target": -35.14177407037866, "params": {"C": 40559.538066553105, "gamma": 0.03589293114979788}, "datetime": {"datetime": "2021-09-29 09:30:59", "elapsed": 49.442869, "delta": 0.561275}}
{"target": -35.64499411222231, "params": {"C": 44765.04192624642, "gamma": 0.042110606361462855}, "datetime": {"datetime": "2021-09-29 09:31:00", "elapsed": 50.022868, "delta": 0.579999}}
{"target": -36.46250269077978, "params": {"C": 41377.94971033291, "gamma": 0.05922587257557682}, "datetime": {"datetime": "2021-09-29 09:31:01", "elapsed": 50.585865, "delta": 0.562997}}
{"target": -36.64617270606057, "params": {"C": 44945.80301880571, "gamma": 0.05998132252957878}, "datetime": {"datetime": "2021-09-29 09:31:01", "elapsed": 51.170867, "delta": 0.585002}}
{"target": -34.61231020560941, "params": {"C": 41712.09524198607, "gamma": 0.024339910529395825}, "datetime": {"datetime": "2021-09-29 09:31:02", "elapsed": 51.857997, "delta": 0.68713}}
{"target": -35.26439526718506, "params": {"C": 42660.46593755421, "gamma": 0.03708415117820804}, "datetime": {"datetime": "2021-09-29 09:31:03", "elapsed": 52.581621, "delta": 0.723624}}
{"target": -34.74740943296337, "params": {"C": 42982.25362948523, "gamma": 0.0273707531248448}, "datetime": {"datetime": "2021-09-29 09:31:03", "elapsed": 53.371623, "delta": 0.790002}}
{"target": -36.354462135673536, "params": {"C": 42663.89881937042, "gamma": 0.05602571022659095}, "datetime": {"datetime": "2021-09-29 09:31:04", "elapsed": 54.048601, "delta": 0.676978}}
{"target": -34.74537768540106, "params": {"C": 42280.06505340303, "gamma": 0.02751351220982688}, "datetime": {"datetime": "2021-09-29 09:31:05", "elapsed": 54.773601, "delta": 0.725}}
{"target": -34.50472184426814, "params": {"C": 43700.31694265864, "gamma": 0.02019588975108902}, "datetime": {"datetime": "2021-09-29 09:31:06", "elapsed": 55.532085, "delta": 0.758484}}
{"target": -34.49109641574175, "params": {"C": 42508.95703820673, "gamma": 0.01967592059873963}, "datetime": {"datetime": "2021-09-29 09:31:06", "elapsed": 56.282081, "delta": 0.749996}}
{"target": -35.33202158742632, "params": {"C": 43988.733332531476, "gamma": 0.037552963667476146}, "datetime": {"datetime": "2021-09-29 09:31:07", "elapsed": 57.017082, "delta": 0.735001}}
{"target": -36.46926526259342, "params": {"C": 40676.87782251531, "gamma": 0.05997973803530468}, "datetime": {"datetime": "2021-09-29 09:31:08", "elapsed": 57.674915, "delta": 0.657833}}
{"target": -35.131633262187236, "params": {"C": 40625.1412556881, "gamma": 0.0356506444981206}, "datetime": {"datetime": "2021-09-29 09:31:08", "elapsed": 58.48092, "delta": 0.806005}}
{"target": -34.72717933793479, "params": {"C": 44414.58741454733, "gamma": 0.02662472248626975}, "datetime": {"datetime": "2021-09-29 09:31:09", "elapsed": 59.317918, "delta": 0.836998}}
{"target": -34.49596607465797, "params": {"C": 42593.822993789414, "gamma": 0.01993971215201074}, "datetime": {"datetime": "2021-09-29 09:31:10", "elapsed": 60.071274, "delta": 0.753356}}
{"target": -35.67318790008561, "params": {"C": 43897.059597146894, "gamma": 0.04300703927935908}, "datetime": {"datetime": "2021-09-29 09:31:11", "elapsed": 60.748277, "delta": 0.677003}}
{"target": -35.24486925031725, "params": {"C": 40178.11131990076, "gamma": 0.03786578877136356}, "datetime": {"datetime": "2021-09-29 09:31:12", "elapsed": 61.678642, "delta": 0.930365}}
{"target": -34.80535260284052, "params": {"C": 41987.81284502307, "gamma": 0.028736300920805105}, "datetime": {"datetime": "2021-09-29 09:31:13", "elapsed": 62.747277, "delta": 1.068635}}
{"target": -34.471492409950386, "params": {"C": 43725.01480670888, "gamma": 0.01835922866781462}, "datetime": {"datetime": "2021-09-29 09:31:14", "elapsed": 63.870277, "delta": 1.123}}
{"target": -34.96673398723629, "params": {"C": 40546.67993808482, "gamma": 0.032316383880464754}, "datetime": {"datetime": "2021-09-29 09:31:15", "elapsed": 64.939277, "delta": 1.069}}
{"target": -35.23222845882832, "params": {"C": 42508.969124206335, "gamma": 0.03664734230404596}, "datetime": {"datetime": "2021-09-29 09:31:16", "elapsed": 65.975277, "delta": 1.036}}
{"target": -35.43054805525475, "params": {"C": 41438.88025512314, "gamma": 0.04020458079584383}, "datetime": {"datetime": "2021-09-29 09:31:17", "elapsed": 66.891276, "delta": 0.915999}}
{"target": -35.17701665898322, "params": {"C": 42666.05507921337, "gamma": 0.008541181876931193}, "datetime": {"datetime": "2021-09-29 09:31:18", "elapsed": 67.889276, "delta": 0.998}}
{"target": -35.25234977159328, "params": {"C": 41801.27128632313, "gamma": 0.03726624821007327}, "datetime": {"datetime": "2021-09-29 09:31:19", "elapsed": 69.023279, "delta": 1.134003}}
{"target": -35.11597841689645, "params": {"C": 41616.17428821319, "gamma": 0.00898305729931785}, "datetime": {"datetime": "2021-09-29 09:31:20", "elapsed": 70.397892, "delta": 1.374613}}
{"target": -35.921152232751844, "params": {"C": 41712.09112792254, "gamma": 0.048536433984117444}, "datetime": {"datetime": "2021-09-29 09:31:22", "elapsed": 71.816571, "delta": 1.418679}}
{"target": -34.46627202579187, "params": {"C": 44414.56876311526, "gamma": 0.015865721651506383}, "datetime": {"datetime": "2021-09-29 09:31:23", "elapsed": 72.926536, "delta": 1.109965}}
{"target": -36.30416337023404, "params": {"C": 41437.96570755012, "gamma": 0.055929530071571615}, "datetime": {"datetime": "2021-09-29 09:31:24", "elapsed": 73.811103, "delta": 0.884567}}
{"target": -35.29312500402339, "params": {"C": 40396.367940229415, "gamma": 0.03851533687927841}, "datetime": {"datetime": "2021-09-29 09:31:25", "elapsed": 74.615089, "delta": 0.803986}}
{"target": -35.882147700240495, "params": {"C": 44912.52189686791, "gamma": 0.0054046509971012666}, "datetime": {"datetime": "2021-09-29 09:31:25", "elapsed": 75.432085, "delta": 0.816996}}
{"target": -34.47375156127426, "params": {"C": 43724.989916389684, "gamma": 0.015748343633488673}, "datetime": {"datetime": "2021-09-29 09:31:26", "elapsed": 76.387488, "delta": 0.955403}}
{"target": -35.88690116654582, "params": {"C": 42593.82226771933, "gamma": 0.047413763368177}, "datetime": {"datetime": "2021-09-29 09:31:27", "elapsed": 77.139493, "delta": 0.752005}}
{"target": -34.93678166627562, "params": {"C": 41984.40504423617, "gamma": 0.031225802656308848}, "datetime": {"datetime": "2021-09-29 09:31:28", "elapsed": 78.064625, "delta": 0.925132}}
{"target": -36.38992986856261, "params": {"C": 41273.29015156643, "gamma": 0.05783010518700214}, "datetime": {"datetime": "2021-09-29 09:31:29", "elapsed": 78.759628, "delta": 0.695003}}
{"target": -34.708293308819826, "params": {"C": 43724.966062747335, "gamma": 0.012088365284252455}, "datetime": {"datetime": "2021-09-29 09:31:30", "elapsed": 79.560629, "delta": 0.801001}}
{"target": -35.69080691908918, "params": {"C": 44879.36989970716, "gamma": 0.04281849071890647}, "datetime": {"datetime": "2021-09-29 09:31:30", "elapsed": 80.229251, "delta": 0.668622}}
{"target": -35.199036491564186, "params": {"C": 40253.79298702448, "gamma": 0.03710255897218014}, "datetime": {"datetime": "2021-09-29 09:31:31", "elapsed": 81.047253, "delta": 0.818002}}
{"target": -36.206703793403406, "params": {"C": 42508.99473156784, "gamma": 0.004315505408600448}, "datetime": {"datetime": "2021-09-29 09:31:32", "elapsed": 81.882552, "delta": 0.835299}}
{"target": -35.541415567774365, "params": {"C": 43799.0337541856, "gamma": 0.040878074453147895}, "datetime": {"datetime": "2021-09-29 09:31:33", "elapsed": 82.640173, "delta": 0.757621}}
{"target": -36.00057158317149, "params": {"C": 43269.771509059225, "gamma": 0.049042597172571915}, "datetime": {"datetime": "2021-09-29 09:31:33", "elapsed": 83.401171, "delta": 0.760998}}
{"target": -36.306986013625874, "params": {"C": 42625.9755368395, "gamma": 0.055109848054991216}, "datetime": {"datetime": "2021-09-29 09:31:34", "elapsed": 84.262172, "delta": 0.861001}}
{"target": -35.25878422759751, "params": {"C": 43725.00479024451, "gamma": 0.036555666394046074}, "datetime": {"datetime": "2021-09-29 09:31:35", "elapsed": 85.078173, "delta": 0.816001}}
{"target": -34.51338592503307, "params": {"C": 41712.07538337611, "gamma": 0.020738752023713697}, "datetime": {"datetime": "2021-09-29 09:31:36", "elapsed": 85.940916, "delta": 0.862743}}
{"target": -36.1780114695096, "params": {"C": 44698.748950848916, "gamma": 0.051321059416198335}, "datetime": {"datetime": "2021-09-29 09:31:37", "elapsed": 86.685921, "delta": 0.745005}}
{"target": -34.4566436905352, "params": {"C": 44088.1526063809, "gamma": 0.0171590992811848}, "datetime": {"datetime": "2021-09-29 09:31:37", "elapsed": 87.505525, "delta": 0.819604}}
{"target": -35.87517885272561, "params": {"C": 43507.61668021987, "gamma": 0.04667685151729148}, "datetime": {"datetime": "2021-09-29 09:31:38", "elapsed": 88.376896, "delta": 0.871371}}
{"target": -35.85274173433518, "params": {"C": 42280.04173475925, "gamma": 0.04699487759705949}, "datetime": {"datetime": "2021-09-29 09:31:39", "elapsed": 89.470894, "delta": 1.093998}}
{"target": -34.61613576815477, "params": {"C": 43962.251604332254, "gamma": 0.0241503958951047}, "datetime": {"datetime": "2021-09-29 09:31:40", "elapsed": 90.128646, "delta": 0.657752}}
{"target": -34.52322342872463, "params": {"C": 41563.49538372739, "gamma": 0.01486607164259254}, "datetime": {"datetime": "2021-09-29 09:31:41", "elapsed": 90.860649, "delta": 0.732003}}
{"target": -35.49362526658062, "params": {"C": 44280.46125611714, "gamma": 0.03990176727493008}, "datetime": {"datetime": "2021-09-29 09:31:42", "elapsed": 91.623652, "delta": 0.763003}}
{"target": -35.687144588567634, "params": {"C": 41801.29409200517, "gamma": 0.04434969915591898}, "datetime": {"datetime": "2021-09-29 09:31:42", "elapsed": 92.491674, "delta": 0.868022}}
{"target": -34.46796614635717, "params": {"C": 42982.27641826717, "gamma": 0.015911737980635072}, "datetime": {"datetime": "2021-09-29 09:31:43", "elapsed": 93.423675, "delta": 0.932001}}
{"target": -35.247774698013565, "params": {"C": 44710.83451327757, "gamma": 0.035993408116376545}, "datetime": {"datetime": "2021-09-29 09:31:44", "elapsed": 94.195259, "delta": 0.771584}}
{"target": -34.68786765543954, "params": {"C": 40484.70439406468, "gamma": 0.026843791248334956}, "datetime": {"datetime": "2021-09-29 09:31:45", "elapsed": 94.98026, "delta": 0.785001}}
{"target": -34.61283553923556, "params": {"C": 42505.14419074261, "gamma": 0.013370686964238123}, "datetime": {"datetime": "2021-09-29 09:31:46", "elapsed": 96.021318, "delta": 1.041058}}
{"target": -34.46938652316101, "params": {"C": 41797.356995612994, "gamma": 0.015951749932911496}, "datetime": {"datetime": "2021-09-29 09:31:47", "elapsed": 96.930317, "delta": 0.908999}}
{"target": -34.547185659424095, "params": {"C": 43818.910679976034, "gamma": 0.02180958238179309}, "datetime": {"datetime": "2021-09-29 09:31:48", "elapsed": 97.870195, "delta": 0.939878}}
{"target": -34.51692311465328, "params": {"C": 42321.23054213209, "gamma": 0.020818068504371425}, "datetime": {"datetime": "2021-09-29 09:31:49", "elapsed": 98.798198, "delta": 0.928003}}
{"target": -35.674990436483576, "params": {"C": 44922.623477232046, "gamma": 0.042532657584716534}, "datetime": {"datetime": "2021-09-29 09:31:50", "elapsed": 99.71645, "delta": 0.918252}}
{"target": -35.17144804799317, "params": {"C": 41514.43247849689, "gamma": 0.036111906511686824}, "datetime": {"datetime": "2021-09-29 09:31:50", "elapsed": 100.496455, "delta": 0.780005}}
{"target": -35.268113925977815, "params": {"C": 43240.9986457794, "gamma": 0.007971383988539915}, "datetime": {"datetime": "2021-09-29 09:31:51", "elapsed": 101.42145, "delta": 0.924995}}
{"target": -35.65002166916007, "params": {"C": 40991.35409873508, "gamma": 0.04413704716312832}, "datetime": {"datetime": "2021-09-29 09:31:52", "elapsed": 102.291388, "delta": 0.869938}}
{"target": -35.69865669307957, "params": {"C": 43700.309245661476, "gamma": 0.04354259852535417}, "datetime": {"datetime": "2021-09-29 09:31:53", "elapsed": 103.29197, "delta": 1.000582}}
{"target": -34.88446906100429, "params": {"C": 41987.796107148024, "gamma": 0.010620564960177922}, "datetime": {"datetime": "2021-09-29 09:31:54", "elapsed": 104.274204, "delta": 0.982234}}
{"target": -34.496423291611535, "params": {"C": 40843.439086676575, "gamma": 0.02000148928702793}, "datetime": {"datetime": "2021-09-29 09:31:55", "elapsed": 105.321201, "delta": 1.046997}}
{"target": -35.88075437194369, "params": {"C": 42153.78994813115, "gamma": 0.047567270065245484}, "datetime": {"datetime": "2021-09-29 09:31:56", "elapsed": 106.272741, "delta": 0.95154}}
{"target": -36.15689689051999, "params": {"C": 42498.39594557764, "gamma": 0.052365221256667344}, "datetime": {"datetime": "2021-09-29 09:31:58", "elapsed": 107.638745, "delta": 1.366004}}
{"target": -34.69221681538194, "params": {"C": 42920.28718058389, "gamma": 0.02631070380996706}, "datetime": {"datetime": "2021-09-29 09:31:59", "elapsed": 108.704953, "delta": 1.066208}}
{"target": -35.34056630107564, "params": {"C": 42138.899395059874, "gamma": 0.03847224132551221}, "datetime": {"datetime": "2021-09-29 09:32:00", "elapsed": 109.556957, "delta": 0.852004}}
{"target": -36.577834232961735, "params": {"C": 44058.0893138384, "gamma": 0.059353972342887834}, "datetime": {"datetime": "2021-09-29 09:32:00", "elapsed": 110.3363, "delta": 0.779343}}
{"target": -35.99212080435278, "params": {"C": 44049.960029821865, "gamma": 0.005040009976497775}, "datetime": {"datetime": "2021-09-29 09:32:01", "elapsed": 111.1053, "delta": 0.769}}
{"target": -36.031475489425496, "params": {"C": 42321.27186252023, "gamma": 0.05016265076805841}, "datetime": {"datetime": "2021-09-29 09:32:02", "elapsed": 112.093564, "delta": 0.988264}}
{"target": -35.772120028825604, "params": {"C": 43501.40026134762, "gamma": 0.005836358453005917}, "datetime": {"datetime": "2021-09-29 09:32:03", "elapsed": 112.93518, "delta": 0.841616}}
{"target": -36.15976698592887, "params": {"C": 41913.56923648195, "gamma": 0.05281023839533094}, "datetime": {"datetime": "2021-09-29 09:32:04", "elapsed": 113.734179, "delta": 0.798999}}
{"target": -34.95125798620121, "params": {"C": 42632.4498842789, "gamma": 0.03128561625195343}, "datetime": {"datetime": "2021-09-29 09:32:05", "elapsed": 114.515324, "delta": 0.781145}}
{"target": -34.88146011653946, "params": {"C": 41680.85852103296, "gamma": 0.030267897374077438}, "datetime": {"datetime": "2021-09-29 09:32:05", "elapsed": 115.335331, "delta": 0.820007}}
{"target": -35.82968229475872, "params": {"C": 43859.24502406415, "gamma": 0.005617546768290146}, "datetime": {"datetime": "2021-09-29 09:32:06", "elapsed": 116.233084, "delta": 0.897753}}
{"target": -36.59904229126501, "params": {"C": 44677.89797320738, "gamma": 0.05928829002382109}, "datetime": {"datetime": "2021-09-29 09:32:07", "elapsed": 116.99908, "delta": 0.765996}}
{"target": -34.45413143466048, "params": {"C": 44088.127406409905, "gamma": 0.0169240662534969}, "datetime": {"datetime": "2021-09-29 09:32:08", "elapsed": 117.852289, "delta": 0.853209}}
{"target": -34.480025213500554, "params": {"C": 41116.119459560905, "gamma": 0.018896381191174157}, "datetime": {"datetime": "2021-09-29 09:32:09", "elapsed": 118.690289, "delta": 0.838}}
{"target": -36.47806724616516, "params": {"C": 41625.78295986946, "gamma": 0.059333322390847876}, "datetime": {"datetime": "2021-09-29 09:32:09", "elapsed": 119.499289, "delta": 0.809}}
{"target": -34.56050431166395, "params": {"C": 44484.37684323964, "gamma": 0.02221245961082093}, "datetime": {"datetime": "2021-09-29 09:32:10", "elapsed": 120.326639, "delta": 0.82735}}
