{"target": -36.612724904932435, "params": {"C": 1582.7362053076865, "gamma": 0.015621229768901922}, "datetime": {"datetime": "2021-09-28 14:04:26", "elapsed": 528.020031, "delta": 5.005709}}
{"target": -35.40643679814895, "params": {"C": 1242.783630529514, "gamma": 0.05868634459183793}, "datetime": {"datetime": "2021-09-28 14:04:29", "elapsed": 531.648749, "delta": 3.628718}}
{"target": -35.887093301304944, "params": {"C": 1721.5008001752446, "gamma": 0.11869455328859621}, "datetime": {"datetime": "2021-09-28 14:04:32", "elapsed": 534.104061, "delta": 2.455312}}
{"target": -35.83390288341896, "params": {"C": 1242.8140378358473, "gamma": 0.0982811037051395}, "datetime": {"datetime": "2021-09-28 14:04:34", "elapsed": 536.648797, "delta": 2.544736}}
{"target": -37.819013949121896, "params": {"C": 1345.9840716935944, "gamma": 0.008338245877637127}, "datetime": {"datetime": "2021-09-28 14:04:37", "elapsed": 539.24102, "delta": 2.592223}}
{"target": -36.57555104901016, "params": {"C": 1865.966451586381, "gamma": 0.013965170785796104}, "datetime": {"datetime": "2021-09-28 14:04:39", "elapsed": 541.060557, "delta": 1.819537}}
{"target": -35.05264351757114, "params": {"C": 1604.925850460721, "gamma": 0.048937992338754066}, "datetime": {"datetime": "2021-09-28 14:04:42", "elapsed": 544.832023, "delta": 3.771466}}
{"target": -35.513922830236986, "params": {"C": 1721.5400911465117, "gamma": 0.09278830537647619}, "datetime": {"datetime": "2021-09-28 14:04:45", "elapsed": 547.184444, "delta": 2.352421}}
{"target": -35.13123446726987, "params": {"C": 1605.2047962696843, "gamma": 0.060066589800258724}, "datetime": {"datetime": "2021-09-28 14:04:48", "elapsed": 550.862473, "delta": 3.678029}}
{"target": -36.88827409930794, "params": {"C": 1327.422807549796, "gamma": 0.1804678663427313}, "datetime": {"datetime": "2021-09-28 14:04:51", "elapsed": 552.97978, "delta": 2.117307}}
{"target": -37.21121071819422, "params": {"C": 1721.566364261319, "gamma": 0.010139337529675902}, "datetime": {"datetime": "2021-09-28 14:04:53", "elapsed": 555.445562, "delta": 2.465782}}
{"target": -35.15524776339825, "params": {"C": 1848.4666347684558, "gamma": 0.07069824797068441}, "datetime": {"datetime": "2021-09-28 14:04:57", "elapsed": 559.670508, "delta": 4.224946}}
{"target": -35.51380150688151, "params": {"C": 1459.6355720846693, "gamma": 0.030439970780881297}, "datetime": {"datetime": "2021-09-28 14:05:04", "elapsed": 565.989535, "delta": 6.319027}}
{"target": -36.72392223745893, "params": {"C": 1014.5015705578645, "gamma": 0.14694467072874556}, "datetime": {"datetime": "2021-09-28 14:05:05", "elapsed": 567.84549, "delta": 1.855955}}
{"target": -37.32317537961951, "params": {"C": 1039.3776248629158, "gamma": 0.014598956153586081}, "datetime": {"datetime": "2021-09-28 14:05:07", "elapsed": 569.794181, "delta": 1.948691}}
{"target": -35.682247406810546, "params": {"C": 1723.6448075189628, "gamma": 0.10429091483796832}, "datetime": {"datetime": "2021-09-28 14:05:10", "elapsed": 572.631959, "delta": 2.837778}}
{"target": -35.032317901037764, "params": {"C": 1723.6743276577572, "gamma": 0.054808328390822336}, "datetime": {"datetime": "2021-09-28 14:05:13", "elapsed": 575.673801, "delta": 3.041842}}
{"target": -35.04714092721712, "params": {"C": 1723.4156523646855, "gamma": 0.05705039715269305}, "datetime": {"datetime": "2021-09-28 14:05:19", "elapsed": 581.484073, "delta": 5.810272}}
{"target": -35.48847406125879, "params": {"C": 1723.7002137675204, "gamma": 0.09111828631147133}, "datetime": {"datetime": "2021-09-28 14:05:23", "elapsed": 585.381586, "delta": 3.897513}}
{"target": -35.71303019150774, "params": {"C": 1848.422474601018, "gamma": 0.10850239433129719}, "datetime": {"datetime": "2021-09-28 14:05:26", "elapsed": 588.014801, "delta": 2.633215}}
{"target": -35.06333114185658, "params": {"C": 1897.2463511263836, "gamma": 0.06311809225132395}, "datetime": {"datetime": "2021-09-28 14:05:27", "elapsed": 589.752526, "delta": 1.737725}}
{"target": -35.22613086065049, "params": {"C": 1604.8869312614906, "gamma": 0.06924830458674043}, "datetime": {"datetime": "2021-09-28 14:05:30", "elapsed": 592.761762, "delta": 3.009236}}
{"target": -35.61647054736009, "params": {"C": 1157.4059320230758, "gamma": 0.07312922196501817}, "datetime": {"datetime": "2021-09-28 14:05:32", "elapsed": 594.826284, "delta": 2.064522}}
{"target": -36.688964788732534, "params": {"C": 1816.7305429223275, "gamma": 0.013382300300124893}, "datetime": {"datetime": "2021-09-28 14:05:35", "elapsed": 597.878583, "delta": 3.052299}}
{"target": -34.9743354711951, "params": {"C": 1816.6876806054613, "gamma": 0.05072044104807143}, "datetime": {"datetime": "2021-09-28 14:05:39", "elapsed": 601.55753, "delta": 3.678947}}
{"target": -35.51556838878856, "params": {"C": 1397.4550243256874, "gamma": 0.08282704665223596}, "datetime": {"datetime": "2021-09-28 14:05:42", "elapsed": 604.19101, "delta": 2.63348}}
{"target": -35.17055373100144, "params": {"C": 1897.278473871774, "gamma": 0.07299540049314444}, "datetime": {"datetime": "2021-09-28 14:05:46", "elapsed": 608.651111, "delta": 4.460101}}
{"target": -35.17879374391337, "params": {"C": 1721.5074579744162, "gamma": 0.033347991637230165}, "datetime": {"datetime": "2021-09-28 14:05:49", "elapsed": 611.674688, "delta": 3.023577}}
{"target": -35.46374260007645, "params": {"C": 1723.4167753146294, "gamma": 0.08945893270907845}, "datetime": {"datetime": "2021-09-28 14:05:54", "elapsed": 616.261546, "delta": 4.586858}}
{"target": -35.34357615298017, "params": {"C": 1604.8679947641535, "gamma": 0.031005674298328366}, "datetime": {"datetime": "2021-09-28 14:05:57", "elapsed": 619.661306, "delta": 3.39976}}
{"target": -35.1062018052824, "params": {"C": 1723.4395019571134, "gamma": 0.03667812386881823}, "datetime": {"datetime": "2021-09-28 14:06:00", "elapsed": 622.297706, "delta": 2.6364}}
{"target": -35.3406295723547, "params": {"C": 1848.4993792543523, "gamma": 0.08343854741356392}, "datetime": {"datetime": "2021-09-28 14:06:05", "elapsed": 627.06817, "delta": 4.770464}}
{"target": -35.00295435714378, "params": {"C": 1897.3252751736768, "gamma": 0.056964094673818154}, "datetime": {"datetime": "2021-09-28 14:06:07", "elapsed": 629.767285, "delta": 2.699115}}
{"target": -34.941226541914325, "params": {"C": 1897.207938078903, "gamma": 0.042686343450687336}, "datetime": {"datetime": "2021-09-28 14:06:10", "elapsed": 632.501327, "delta": 2.734042}}
{"target": -35.153598490553804, "params": {"C": 1827.1440603201631, "gamma": 0.07000610052928569}, "datetime": {"datetime": "2021-09-28 14:06:12", "elapsed": 634.645605, "delta": 2.144278}}
{"target": -35.71430699635086, "params": {"C": 1593.134691228573, "gamma": 0.10379009497914068}, "datetime": {"datetime": "2021-09-28 14:06:14", "elapsed": 636.834052, "delta": 2.188447}}
{"target": -36.30171629944153, "params": {"C": 1723.369985589718, "gamma": 0.017261295897703293}, "datetime": {"datetime": "2021-09-28 14:06:19", "elapsed": 641.123331, "delta": 4.289279}}
{"target": -34.940546192342865, "params": {"C": 1897.235334040547, "gamma": 0.04279146065514053}, "datetime": {"datetime": "2021-09-28 14:06:22", "elapsed": 644.802049, "delta": 3.678718}}
{"target": -35.540738831777865, "params": {"C": 1897.2959169191377, "gamma": 0.023928609928314422}, "datetime": {"datetime": "2021-09-28 14:06:27", "elapsed": 649.276904, "delta": 4.474855}}
{"target": -36.053938472699826, "params": {"C": 1897.2834857480912, "gamma": 0.1320744305736044}, "datetime": {"datetime": "2021-09-28 14:06:30", "elapsed": 652.412871, "delta": 3.135967}}
{"target": -37.14990535884256, "params": {"C": 1220.8337100093609, "gamma": 0.19573635392142413}, "datetime": {"datetime": "2021-09-28 14:06:32", "elapsed": 654.547147, "delta": 2.134276}}
{"target": -35.584079498829354, "params": {"C": 1495.3167421634803, "gamma": 0.09269343656539131}, "datetime": {"datetime": "2021-09-28 14:06:34", "elapsed": 656.916007, "delta": 2.36886}}
{"target": -35.33838077396711, "params": {"C": 1604.845426706423, "gamma": 0.07807504653769207}, "datetime": {"datetime": "2021-09-28 14:06:40", "elapsed": 662.477467, "delta": 5.56146}}
{"target": -36.475032535046026, "params": {"C": 1614.445325776347, "gamma": 0.15895586154905447}, "datetime": {"datetime": "2021-09-28 14:06:42", "elapsed": 664.488666, "delta": 2.011199}}
{"target": -35.75185896088122, "params": {"C": 1062.5759496574735, "gamma": 0.07483496661517948}, "datetime": {"datetime": "2021-09-28 14:06:44", "elapsed": 666.514647, "delta": 2.025981}}
{"target": -37.159847777717744, "params": {"C": 1012.8122212368638, "gamma": 0.1788757595242336}, "datetime": {"datetime": "2021-09-28 14:06:46", "elapsed": 668.82963, "delta": 2.314983}}
{"target": -36.92134318998603, "params": {"C": 1236.6795295804966, "gamma": 0.177734020258818}, "datetime": {"datetime": "2021-09-28 14:06:49", "elapsed": 671.070728, "delta": 2.241098}}
{"target": -35.04334801241305, "params": {"C": 1723.7234722138298, "gamma": 0.04049573206552025}, "datetime": {"datetime": "2021-09-28 14:06:51", "elapsed": 673.857501, "delta": 2.786773}}
{"target": -35.08698447392188, "params": {"C": 1604.7977059372092, "gamma": 0.04326204638583348}, "datetime": {"datetime": "2021-09-28 14:06:55", "elapsed": 677.219658, "delta": 3.362157}}
{"target": -35.167838426602955, "params": {"C": 1897.2027579721457, "gamma": 0.07278836426575691}, "datetime": {"datetime": "2021-09-28 14:06:58", "elapsed": 680.048086, "delta": 2.828428}}
{"target": -35.01965624236664, "params": {"C": 1721.6051535761471, "gamma": 0.05252026400785673}, "datetime": {"datetime": "2021-09-28 14:07:02", "elapsed": 684.297879, "delta": 4.249793}}
{"target": -36.265514806228516, "params": {"C": 1451.6989427805454, "gamma": 0.13907490396450037}, "datetime": {"datetime": "2021-09-28 14:07:05", "elapsed": 687.426223, "delta": 3.128344}}
{"target": -35.00199122284157, "params": {"C": 1878.5824376855053, "gamma": 0.056403781287072234}, "datetime": {"datetime": "2021-09-28 14:07:09", "elapsed": 691.275882, "delta": 3.849659}}
{"target": -35.17861042315831, "params": {"C": 1604.7588153961797, "gamma": 0.0649804167999852}, "datetime": {"datetime": "2021-09-28 14:07:12", "elapsed": 694.179873, "delta": 2.903991}}
{"target": -35.58930319403964, "params": {"C": 1604.8019164093043, "gamma": 0.09556876485674166}, "datetime": {"datetime": "2021-09-28 14:07:15", "elapsed": 697.888239, "delta": 3.708366}}
{"target": -37.13504076846846, "params": {"C": 1723.70329805965, "gamma": 0.01064908952440604}, "datetime": {"datetime": "2021-09-28 14:07:21", "elapsed": 703.25347, "delta": 5.365231}}
{"target": -35.990432668295554, "params": {"C": 1721.6937448937513, "gamma": 0.1256923067031224}, "datetime": {"datetime": "2021-09-28 14:07:24", "elapsed": 706.686989, "delta": 3.433519}}
{"target": -35.49072994661666, "params": {"C": 1897.1720715586443, "gamma": 0.024704872860394682}, "datetime": {"datetime": "2021-09-28 14:07:30", "elapsed": 712.522016, "delta": 5.835027}}
{"target": -35.43725680338483, "params": {"C": 1897.3572900095319, "gamma": 0.09056142712536369}, "datetime": {"datetime": "2021-09-28 14:07:33", "elapsed": 715.893788, "delta": 3.371772}}
{"target": -35.4825475975748, "params": {"C": 1827.1563156383722, "gamma": 0.025461517544358256}, "datetime": {"datetime": "2021-09-28 14:07:38", "elapsed": 720.40215, "delta": 4.508362}}
{"target": -36.644135006018246, "params": {"C": 1297.1116649345033, "gamma": 0.15986571292693935}, "datetime": {"datetime": "2021-09-28 14:07:41", "elapsed": 723.0573, "delta": 2.65515}}
{"target": -35.35746541941767, "params": {"C": 1475.6061084998014, "gamma": 0.07423183239012222}, "datetime": {"datetime": "2021-09-28 14:07:43", "elapsed": 725.31348, "delta": 2.25618}}
{"target": -35.533902381786234, "params": {"C": 1878.5707805642387, "gamma": 0.09669109402489504}, "datetime": {"datetime": "2021-09-28 14:07:48", "elapsed": 730.277823, "delta": 4.964343}}
{"target": -35.78296050138914, "params": {"C": 1364.3333472751476, "gamma": 0.1013950024163222}, "datetime": {"datetime": "2021-09-28 14:07:50", "elapsed": 732.45268, "delta": 2.174857}}
{"target": -35.946943075586354, "params": {"C": 1827.1216998497216, "gamma": 0.1241490361963497}, "datetime": {"datetime": "2021-09-28 14:07:53", "elapsed": 735.959119, "delta": 3.506439}}
{"target": -36.03103005812678, "params": {"C": 1559.5500791243423, "gamma": 0.1260473701520138}, "datetime": {"datetime": "2021-09-28 14:07:57", "elapsed": 739.614449, "delta": 3.65533}}
{"target": -36.15552754643961, "params": {"C": 1848.445713068776, "gamma": 0.017607238189527717}, "datetime": {"datetime": "2021-09-28 14:08:03", "elapsed": 745.637346, "delta": 6.022897}}
{"target": -36.158243108152654, "params": {"C": 1014.1897346741789, "gamma": 0.10334102969433007}, "datetime": {"datetime": "2021-09-28 14:08:05", "elapsed": 747.834136, "delta": 2.19679}}
{"target": -36.21804233574083, "params": {"C": 1578.8711329025373, "gamma": 0.1393614460982171}, "datetime": {"datetime": "2021-09-28 14:08:07", "elapsed": 749.90838, "delta": 2.074244}}
{"target": -34.96642494035312, "params": {"C": 1878.5594567126723, "gamma": 0.04018452976939717}, "datetime": {"datetime": "2021-09-28 14:08:11", "elapsed": 753.673941, "delta": 3.765561}}
{"target": -35.35976537231082, "params": {"C": 1878.5113671635518, "gamma": 0.027025535312344976}, "datetime": {"datetime": "2021-09-28 14:08:15", "elapsed": 757.032975, "delta": 3.359034}}
{"target": -36.08027647591703, "params": {"C": 1346.121027813529, "gamma": 0.024011690203071187}, "datetime": {"datetime": "2021-09-28 14:08:19", "elapsed": 761.794491, "delta": 4.761516}}
{"target": -37.12120406070349, "params": {"C": 1681.9844041335764, "gamma": 0.010963655163562748}, "datetime": {"datetime": "2021-09-28 14:08:22", "elapsed": 764.009, "delta": 2.214509}}
{"target": -35.806535711065386, "params": {"C": 1827.1005755581182, "gamma": 0.021238123113111965}, "datetime": {"datetime": "2021-09-28 14:08:27", "elapsed": 769.404505, "delta": 5.395505}}
{"target": -36.31263143531434, "params": {"C": 1897.2233418211108, "gamma": 0.015889104499953323}, "datetime": {"datetime": "2021-09-28 14:08:31", "elapsed": 773.664617, "delta": 4.260112}}
{"target": -35.00878557716989, "params": {"C": 1878.5951699674895, "gamma": 0.03753842050984699}, "datetime": {"datetime": "2021-09-28 14:08:35", "elapsed": 777.63873, "delta": 3.974113}}
{"target": -36.1906984224488, "params": {"C": 1387.371471264301, "gamma": 0.13187839447329708}, "datetime": {"datetime": "2021-09-28 14:08:38", "elapsed": 779.990862, "delta": 2.352132}}
{"target": -35.21735709802972, "params": {"C": 1475.6402039227373, "gamma": 0.041757920674995425}, "datetime": {"datetime": "2021-09-28 14:08:41", "elapsed": 783.717027, "delta": 3.726165}}
{"target": -35.211828490084606, "params": {"C": 1878.5169887046286, "gamma": 0.07546324810074444}, "datetime": {"datetime": "2021-09-28 14:08:46", "elapsed": 788.902249, "delta": 5.185222}}
{"target": -35.21760016630982, "params": {"C": 1604.7151867083344, "gamma": 0.0685476431934498}, "datetime": {"datetime": "2021-09-28 14:08:50", "elapsed": 792.158107, "delta": 3.255858}}
{"target": -35.15379228208536, "params": {"C": 1723.4623646408857, "gamma": 0.06707507540768562}, "datetime": {"datetime": "2021-09-28 14:08:55", "elapsed": 797.45252, "delta": 5.294413}}
{"target": -35.18388061041992, "params": {"C": 1475.584132753358, "gamma": 0.04476833992251621}, "datetime": {"datetime": "2021-09-28 14:09:00", "elapsed": 802.498071, "delta": 5.045551}}
{"target": -37.345365379868255, "params": {"C": 1032.722970328812, "gamma": 0.1939467098515177}, "datetime": {"datetime": "2021-09-28 14:09:03", "elapsed": 805.490446, "delta": 2.992375}}
{"target": -35.34841344925865, "params": {"C": 1600.63585624851, "gamma": 0.07871862967355413}, "datetime": {"datetime": "2021-09-28 14:09:06", "elapsed": 808.219661, "delta": 2.729215}}
{"target": -36.04703520828277, "params": {"C": 1124.1650845693162, "gamma": 0.10516214313020858}, "datetime": {"datetime": "2021-09-28 14:09:08", "elapsed": 810.529816, "delta": 2.310155}}
{"target": -36.83752615588054, "params": {"C": 1325.1315194748317, "gamma": 0.17619587557599992}, "datetime": {"datetime": "2021-09-28 14:09:10", "elapsed": 812.944862, "delta": 2.415046}}
{"target": -37.62507759195385, "params": {"C": 1878.5883070049217, "gamma": 0.007105157313590928}, "datetime": {"datetime": "2021-09-28 14:09:17", "elapsed": 819.128489, "delta": 6.183627}}
{"target": -35.10042807798463, "params": {"C": 1723.782128992608, "gamma": 0.06259511517914364}, "datetime": {"datetime": "2021-09-28 14:09:20", "elapsed": 822.636089, "delta": 3.5076}}
{"target": -35.72675638456013, "params": {"C": 1723.7611950192368, "gamma": 0.10734906816092316}, "datetime": {"datetime": "2021-09-28 14:09:25", "elapsed": 827.301242, "delta": 4.665153}}
{"target": -36.729169468120006, "params": {"C": 1724.4407118550507, "gamma": 0.1837081195369298}, "datetime": {"datetime": "2021-09-28 14:09:27", "elapsed": 829.599952, "delta": 2.29871}}
{"target": -35.216524475582005, "params": {"C": 1475.686227083531, "gamma": 0.06091483712004383}, "datetime": {"datetime": "2021-09-28 14:09:30", "elapsed": 832.558333, "delta": 2.958381}}
{"target": -35.40903501964789, "params": {"C": 1604.6621142421293, "gamma": 0.08344515474893693}, "datetime": {"datetime": "2021-09-28 14:09:34", "elapsed": 836.933624, "delta": 4.375291}}
{"target": -35.0759022352464, "params": {"C": 1721.5571625996645, "gamma": 0.060291565007970595}, "datetime": {"datetime": "2021-09-28 14:09:40", "elapsed": 842.668885, "delta": 5.735261}}
{"target": -35.9404275993605, "params": {"C": 1723.7967616842307, "gamma": 0.020818212675772906}, "datetime": {"datetime": "2021-09-28 14:09:46", "elapsed": 848.1777, "delta": 5.508815}}
{"target": -34.9470974022057, "params": {"C": 1878.4706247433173, "gamma": 0.049650998054386546}, "datetime": {"datetime": "2021-09-28 14:09:52", "elapsed": 854.009985, "delta": 5.832285}}
{"target": -35.410060733525754, "params": {"C": 1878.4523567083397, "gamma": 0.08847929670707833}, "datetime": {"datetime": "2021-09-28 14:09:58", "elapsed": 860.349399, "delta": 6.339414}}
{"target": -36.96850591796379, "params": {"C": 1188.225847317981, "gamma": 0.178543280351003}, "datetime": {"datetime": "2021-09-28 14:10:00", "elapsed": 862.508463, "delta": 2.159064}}
{"target": -35.02922851563079, "params": {"C": 1878.4278178831685, "gamma": 0.059289293799581574}, "datetime": {"datetime": "2021-09-28 14:10:07", "elapsed": 868.999067, "delta": 6.490604}}
{"target": -37.4818816763188, "params": {"C": 1878.462285368354, "gamma": 0.007834135216346585}, "datetime": {"datetime": "2021-09-28 14:10:10", "elapsed": 872.744831, "delta": 3.745764}}
{"target": -35.6386889731696, "params": {"C": 1475.7056575656902, "gamma": 0.0958171516647947}, "datetime": {"datetime": "2021-09-28 14:10:14", "elapsed": 876.264694, "delta": 3.519863}}
{"target": -35.32745307336937, "params": {"C": 1604.6798157248486, "gamma": 0.03140213389659589}, "datetime": {"datetime": "2021-09-28 14:10:17", "elapsed": 879.76126, "delta": 3.496566}}
{"target": -35.95491689931784, "params": {"C": 1228.6380515561664, "gamma": 0.1065260045982328}, "datetime": {"datetime": "2021-09-28 14:10:20", "elapsed": 882.736332, "delta": 2.975072}}
{"target": -37.63141229438425, "params": {"C": 1475.5297462597214, "gamma": 0.008734872117552212}, "datetime": {"datetime": "2021-09-28 14:10:25", "elapsed": 887.877889, "delta": 5.141557}}
{"target": -37.56921242076876, "params": {"C": 1604.7364076041965, "gamma": 0.00845326440946715}, "datetime": {"datetime": "2021-09-28 14:10:29", "elapsed": 891.529868, "delta": 3.651979}}
{"target": -35.94416279287581, "params": {"C": 1604.723282245894, "gamma": 0.12046573501093567}, "datetime": {"datetime": "2021-09-28 14:10:36", "elapsed": 898.106004, "delta": 6.576136}}
{"target": -36.56595050472859, "params": {"C": 1997.872106470521, "gamma": 0.17287522530365668}, "datetime": {"datetime": "2021-09-28 14:10:38", "elapsed": 900.571729, "delta": 2.465725}}
{"target": -35.94526620275753, "params": {"C": 1658.0199426826398, "gamma": 0.12170032087420428}, "datetime": {"datetime": "2021-09-28 14:10:40", "elapsed": 902.843168, "delta": 2.271439}}
{"target": -36.69814279679602, "params": {"C": 1479.3980773148937, "gamma": 0.1728024696075006}, "datetime": {"datetime": "2021-09-28 14:10:43", "elapsed": 905.724563, "delta": 2.881395}}
{"target": -35.10447503185107, "params": {"C": 1723.7400722994555, "gamma": 0.06294392501304867}, "datetime": {"datetime": "2021-09-28 14:10:47", "elapsed": 909.94472, "delta": 4.220157}}
{"target": -35.02063531194578, "params": {"C": 1878.5375585830948, "gamma": 0.05839723335218482}, "datetime": {"datetime": "2021-09-28 14:10:53", "elapsed": 915.114029, "delta": 5.169309}}
{"target": -35.140670165006384, "params": {"C": 1878.3990289324051, "gamma": 0.0700130455682026}, "datetime": {"datetime": "2021-09-28 14:10:56", "elapsed": 918.603068, "delta": 3.489039}}
{"target": -36.36626660016913, "params": {"C": 1708.5386542406425, "gamma": 0.15231122646576495}, "datetime": {"datetime": "2021-09-28 14:10:59", "elapsed": 921.073279, "delta": 2.470211}}
{"target": -36.95871961702055, "params": {"C": 1545.7921838459279, "gamma": 0.013014027700687731}, "datetime": {"datetime": "2021-09-28 14:11:01", "elapsed": 923.558783, "delta": 2.485504}}
{"target": -35.262062485978376, "params": {"C": 1600.5969231495976, "gamma": 0.07199506922933147}, "datetime": {"datetime": "2021-09-28 14:11:05", "elapsed": 927.71676, "delta": 4.157977}}
{"target": -38.39169229649759, "params": {"C": 1475.6467583002345, "gamma": 0.005072824543424686}, "datetime": {"datetime": "2021-09-28 14:11:10", "elapsed": 932.345816, "delta": 4.629056}}
{"target": -37.60451419233603, "params": {"C": 1348.5306950826052, "gamma": 0.009641411278697684}, "datetime": {"datetime": "2021-09-28 14:11:13", "elapsed": 935.855011, "delta": 3.509195}}
