{"target": -43.80410277807582, "params": {"C": 692.0812733964135, "gamma": 0.08509403690811146}, "datetime": {"datetime": "2021-09-29 17:07:24", "elapsed": 473.418366, "delta": 2.237602}}
{"target": -43.21645540105787, "params": {"C": 335.1052415861927, "gamma": 0.014778194435715607}, "datetime": {"datetime": "2021-09-29 17:07:26", "elapsed": 475.205507, "delta": 1.787141}}
{"target": -44.01045200445971, "params": {"C": 334.83562366544595, "gamma": 0.06115287098026278}, "datetime": {"datetime": "2021-09-29 17:07:29", "elapsed": 477.870368, "delta": 2.664861}}
{"target": -47.32124024909769, "params": {"C": 334.45955057309743, "gamma": 0.3038938168305544}, "datetime": {"datetime": "2021-09-29 17:07:33", "elapsed": 482.384, "delta": 4.513632}}
{"target": -46.904257708953025, "params": {"C": 405.50556179454514, "gamma": 0.2570833507140751}, "datetime": {"datetime": "2021-09-29 17:07:37", "elapsed": 485.990361, "delta": 3.606361}}
{"target": -42.18853910337604, "params": {"C": 771.8350359798694, "gamma": 0.03191704946309527}, "datetime": {"datetime": "2021-09-29 17:07:39", "elapsed": 487.67532, "delta": 1.684959}}
{"target": -43.36105843579547, "params": {"C": 847.0153710633617, "gamma": 0.0729457573772485}, "datetime": {"datetime": "2021-09-29 17:07:41", "elapsed": 490.554487, "delta": 2.879167}}
{"target": -47.05967508436014, "params": {"C": 847.0765501257534, "gamma": 0.3681149455952866}, "datetime": {"datetime": "2021-09-29 17:07:45", "elapsed": 493.805058, "delta": 3.250571}}
{"target": -42.62715450854402, "params": {"C": 846.7011111106251, "gamma": 0.04800920578930814}, "datetime": {"datetime": "2021-09-29 17:07:49", "elapsed": 497.837125, "delta": 4.032067}}
{"target": -42.7218021224211, "params": {"C": 846.394650048508, "gamma": 0.05106097255473582}, "datetime": {"datetime": "2021-09-29 17:07:53", "elapsed": 501.78441, "delta": 3.947285}}
{"target": -46.78960924941428, "params": {"C": 846.4395845408387, "gamma": 0.31668276920982996}, "datetime": {"datetime": "2021-09-29 17:07:56", "elapsed": 505.151147, "delta": 3.366737}}
{"target": -44.5052548674933, "params": {"C": 846.0204574189532, "gamma": 0.12188876275736954}, "datetime": {"datetime": "2021-09-29 17:07:58", "elapsed": 507.611085, "delta": 2.459938}}
{"target": -44.23147227821172, "params": {"C": 845.2558462765579, "gamma": 0.10863248635671209}, "datetime": {"datetime": "2021-09-29 17:08:02", "elapsed": 510.781205, "delta": 3.17012}}
{"target": -46.58476165838002, "params": {"C": 927.4519810406714, "gamma": 0.29248533738953253}, "datetime": {"datetime": "2021-09-29 17:08:04", "elapsed": 512.661022, "delta": 1.879817}}
{"target": -47.34066805022727, "params": {"C": 845.2648537853084, "gamma": 0.4480873788903918}, "datetime": {"datetime": "2021-09-29 17:08:08", "elapsed": 516.970894, "delta": 4.309872}}
{"target": -42.27625851250576, "params": {"C": 847.4335938210397, "gamma": 0.036747833311605464}, "datetime": {"datetime": "2021-09-29 17:08:11", "elapsed": 520.596304, "delta": 3.62541}}
{"target": -44.21649619339686, "params": {"C": 847.6752635323246, "gamma": 0.1080065309887361}, "datetime": {"datetime": "2021-09-29 17:08:15", "elapsed": 524.393336, "delta": 3.797032}}
{"target": -43.7665622484821, "params": {"C": 844.8629718101313, "gamma": 0.08848661469888243}, "datetime": {"datetime": "2021-09-29 17:08:20", "elapsed": 529.227311, "delta": 4.833975}}
{"target": -41.98019348221168, "params": {"C": 847.2303599030256, "gamma": 0.026483958163880304}, "datetime": {"datetime": "2021-09-29 17:08:23", "elapsed": 532.102923, "delta": 2.875612}}
{"target": -46.564637244248736, "params": {"C": 844.4702119052185, "gamma": 0.28357602335163873}, "datetime": {"datetime": "2021-09-29 17:08:26", "elapsed": 534.769925, "delta": 2.667002}}
{"target": -43.68999922740072, "params": {"C": 848.3440390250653, "gamma": 0.08549342323501519}, "datetime": {"datetime": "2021-09-29 17:08:29", "elapsed": 538.498565, "delta": 3.72864}}
{"target": -41.82090133911732, "params": {"C": 848.6656181737083, "gamma": 0.012663361408955152}, "datetime": {"datetime": "2021-09-29 17:08:35", "elapsed": 544.12998, "delta": 5.631415}}
{"target": -46.77450072937852, "params": {"C": 848.6150611630064, "gamma": 0.3144449365274452}, "datetime": {"datetime": "2021-09-29 17:08:39", "elapsed": 548.090057, "delta": 3.960077}}
{"target": -44.89889936949893, "params": {"C": 848.9413243880635, "gamma": 0.14318061066366986}, "datetime": {"datetime": "2021-09-29 17:08:43", "elapsed": 552.067516, "delta": 3.977459}}
{"target": -43.76998102474143, "params": {"C": 421.2950587178299, "gamma": 0.005818586245351157}, "datetime": {"datetime": "2021-09-29 17:08:47", "elapsed": 555.97883, "delta": 3.911314}}
{"target": -47.00528644845014, "params": {"C": 997.1901330378829, "gamma": 0.3685368286675563}, "datetime": {"datetime": "2021-09-29 17:08:52", "elapsed": 560.70576, "delta": 4.72693}}
{"target": -46.3859403690199, "params": {"C": 483.42367440980627, "gamma": 0.21599782120811195}, "datetime": {"datetime": "2021-09-29 17:08:54", "elapsed": 563.469005, "delta": 2.763245}}
{"target": -46.43229370654671, "params": {"C": 250.92876263851514, "gamma": 0.1595734785352228}, "datetime": {"datetime": "2021-09-29 17:08:59", "elapsed": 567.841865, "delta": 4.37286}}
{"target": -47.22875864874212, "params": {"C": 554.6142275534619, "gamma": 0.3578476394065917}, "datetime": {"datetime": "2021-09-29 17:09:04", "elapsed": 572.776721, "delta": 4.934856}}
{"target": -41.87588630859723, "params": {"C": 848.0764490463788, "gamma": 0.010802016114890609}, "datetime": {"datetime": "2021-09-29 17:09:06", "elapsed": 575.477936, "delta": 2.701215}}
{"target": -43.086869975447854, "params": {"C": 940.8607067803639, "gamma": 0.0031364105438000584}, "datetime": {"datetime": "2021-09-29 17:09:10", "elapsed": 578.926691, "delta": 3.448755}}
{"target": -45.71634075922592, "params": {"C": 848.0453277851752, "gamma": 0.19812190705000332}, "datetime": {"datetime": "2021-09-29 17:09:14", "elapsed": 583.398354, "delta": 4.471663}}
{"target": -44.34344322917642, "params": {"C": 940.5701946740885, "gamma": 0.11618747298639984}, "datetime": {"datetime": "2021-09-29 17:09:20", "elapsed": 589.301267, "delta": 5.902913}}
{"target": -42.223406027492494, "params": {"C": 939.9986640843663, "gamma": 0.03651485694904703}, "datetime": {"datetime": "2021-09-29 17:09:25", "elapsed": 594.170827, "delta": 4.86956}}
{"target": -46.256647518780746, "params": {"C": 940.1531728147983, "gamma": 0.25324476832991377}, "datetime": {"datetime": "2021-09-29 17:09:28", "elapsed": 597.536229, "delta": 3.365402}}
{"target": -43.521691034736335, "params": {"C": 939.7445264597528, "gamma": 0.08047259698976883}, "datetime": {"datetime": "2021-09-29 17:09:32", "elapsed": 601.141662, "delta": 3.605433}}
{"target": -45.92806534270723, "params": {"C": 847.3941580673558, "gamma": 0.2157427425980341}, "datetime": {"datetime": "2021-09-29 17:09:35", "elapsed": 604.392931, "delta": 3.251269}}
{"target": -46.992314393483866, "params": {"C": 939.3920979874373, "gamma": 0.3618590735939929}, "datetime": {"datetime": "2021-09-29 17:09:39", "elapsed": 608.294433, "delta": 3.901502}}
{"target": -48.33605725144541, "params": {"C": 1.4520778158820464, "gamma": 0.4642348200665437}, "datetime": {"datetime": "2021-09-29 17:09:44", "elapsed": 613.293695, "delta": 4.999262}}
{"target": -48.086879235090485, "params": {"C": 7.9270046105869065, "gamma": 0.0123360669513632}, "datetime": {"datetime": "2021-09-29 17:09:50", "elapsed": 618.828761, "delta": 5.535066}}
{"target": -47.61947303312896, "params": {"C": 235.01812707613558, "gamma": 0.3256515280597443}, "datetime": {"datetime": "2021-09-29 17:09:55", "elapsed": 624.172011, "delta": 5.34325}}
{"target": -42.760587790533954, "params": {"C": 847.9561586395982, "gamma": 0.004366113978562337}, "datetime": {"datetime": "2021-09-29 17:09:59", "elapsed": 628.103786, "delta": 3.931775}}
{"target": -47.35430015180944, "params": {"C": 738.4917012693539, "gamma": 0.4366413966536653}, "datetime": {"datetime": "2021-09-29 17:10:03", "elapsed": 631.759024, "delta": 3.655238}}
{"target": -47.454093527543954, "params": {"C": 872.7804535434012, "gamma": 0.5}, "datetime": {"datetime": "2021-09-29 17:10:07", "elapsed": 635.994768, "delta": 4.235744}}
{"target": -45.74080229318541, "params": {"C": 584.685097023539, "gamma": 0.17813475979432186}, "datetime": {"datetime": "2021-09-29 17:10:09", "elapsed": 638.024566, "delta": 2.029798}}
{"target": -47.46816444422412, "params": {"C": 156.72790612467182, "gamma": 0.22697158941905357}, "datetime": {"datetime": "2021-09-29 17:10:12", "elapsed": 641.569662, "delta": 3.545096}}
{"target": -46.64372238448584, "params": {"C": 654.4911741372683, "gamma": 0.27295679262327127}, "datetime": {"datetime": "2021-09-29 17:10:17", "elapsed": 646.4528, "delta": 4.883138}}
{"target": -46.79840843256422, "params": {"C": 705.6556794864231, "gamma": 0.3021393697764489}, "datetime": {"datetime": "2021-09-29 17:10:20", "elapsed": 649.270285, "delta": 2.817485}}
{"target": -46.829873588879344, "params": {"C": 723.616416887169, "gamma": 0.3095418790446717}, "datetime": {"datetime": "2021-09-29 17:10:26", "elapsed": 655.174124, "delta": 5.903839}}
{"target": -47.18558473562717, "params": {"C": 851.9624981179072, "gamma": 0.3997894560061597}, "datetime": {"datetime": "2021-09-29 17:10:31", "elapsed": 660.158276, "delta": 4.984152}}
{"target": -44.44330506417617, "params": {"C": 854.2114353026705, "gamma": 0.11904037679771455}, "datetime": {"datetime": "2021-09-29 17:10:37", "elapsed": 665.66905, "delta": 5.510774}}
{"target": -41.91139519019566, "params": {"C": 854.6988180207584, "gamma": 0.023905112048035065}, "datetime": {"datetime": "2021-09-29 17:10:42", "elapsed": 670.744943, "delta": 5.075893}}
{"target": -42.89706368067815, "params": {"C": 777.9206592054063, "gamma": 0.05535230249607568}, "datetime": {"datetime": "2021-09-29 17:10:44", "elapsed": 672.795728, "delta": 2.050785}}
{"target": -46.82933100765059, "params": {"C": 854.6296007802331, "gamma": 0.32403906812971}, "datetime": {"datetime": "2021-09-29 17:10:48", "elapsed": 676.849883, "delta": 4.054155}}
{"target": -42.813183119063055, "params": {"C": 855.0522542157465, "gamma": 0.05419493167149658}, "datetime": {"datetime": "2021-09-29 17:10:53", "elapsed": 682.53658, "delta": 5.686697}}
{"target": -45.726589029236564, "params": {"C": 777.6371255478612, "gamma": 0.1945356756378226}, "datetime": {"datetime": "2021-09-29 17:11:01", "elapsed": 690.306593, "delta": 7.770013}}
{"target": -46.32778640833884, "params": {"C": 778.2249220034222, "gamma": 0.2494553080340121}, "datetime": {"datetime": "2021-09-29 17:11:10", "elapsed": 698.942666, "delta": 8.636073}}
{"target": -42.05541584017297, "params": {"C": 854.8464782940897, "gamma": 0.029457064496795336}, "datetime": {"datetime": "2021-09-29 17:11:17", "elapsed": 706.409559, "delta": 7.466893}}
{"target": -44.085334436802164, "params": {"C": 855.4259215204899, "gamma": 0.10226643258082489}, "datetime": {"datetime": "2021-09-29 17:11:23", "elapsed": 712.330092, "delta": 5.920533}}
{"target": -47.00563297633881, "params": {"C": 855.294266373486, "gamma": 0.3572586588691826}, "datetime": {"datetime": "2021-09-29 17:11:27", "elapsed": 716.590162, "delta": 4.26007}}
{"target": -46.07466834484681, "params": {"C": 853.7634239270424, "gamma": 0.22955724550164255}, "datetime": {"datetime": "2021-09-29 17:11:32", "elapsed": 720.939947, "delta": 4.349785}}
{"target": -47.26966420187654, "params": {"C": 411.8532527564642, "gamma": 0.32364331677720387}, "datetime": {"datetime": "2021-09-29 17:11:34", "elapsed": 723.508788, "delta": 2.568841}}
{"target": -45.374729449646125, "params": {"C": 732.774695321321, "gamma": 0.16639204761919166}, "datetime": {"datetime": "2021-09-29 17:11:41", "elapsed": 730.199723, "delta": 6.690935}}
{"target": -41.8994675025236, "params": {"C": 846.5520524768784, "gamma": 0.01031638764897809}, "datetime": {"datetime": "2021-09-29 17:11:45", "elapsed": 734.619324, "delta": 4.419601}}
{"target": -42.169233133519555, "params": {"C": 732.214728095611, "gamma": 0.009122210599312085}, "datetime": {"datetime": "2021-09-29 17:11:51", "elapsed": 740.182195, "delta": 5.562871}}
{"target": -44.13031017856074, "params": {"C": 731.8380149996862, "gamma": 0.10022006193678105}, "datetime": {"datetime": "2021-09-29 17:11:55", "elapsed": 744.299192, "delta": 4.116997}}
{"target": -44.66786284883812, "params": {"C": 732.1200510520767, "gamma": 0.12553708474451594}, "datetime": {"datetime": "2021-09-29 17:12:03", "elapsed": 751.77712, "delta": 7.477928}}
{"target": -46.0918001954163, "params": {"C": 731.4467875818757, "gamma": 0.22165067789387988}, "datetime": {"datetime": "2021-09-29 17:12:09", "elapsed": 758.567363, "delta": 6.790243}}
{"target": -47.38680568762063, "params": {"C": 717.2542257398368, "gamma": 0.44487456971673245}, "datetime": {"datetime": "2021-09-29 17:12:15", "elapsed": 764.180132, "delta": 5.612769}}
{"target": -45.77305119666965, "params": {"C": 745.8253769483836, "gamma": 0.001}, "datetime": {"datetime": "2021-09-29 17:12:21", "elapsed": 770.633082, "delta": 6.45295}}
{"target": -47.66344339139207, "params": {"C": 461.46917550148135, "gamma": 0.5}, "datetime": {"datetime": "2021-09-29 17:12:28", "elapsed": 777.407337, "delta": 6.774255}}
{"target": -47.704477705637125, "params": {"C": 314.8637421222961, "gamma": 0.4244875354944051}, "datetime": {"datetime": "2021-09-29 17:12:34", "elapsed": 783.136015, "delta": 5.728678}}
{"target": -48.17238955684592, "params": {"C": 24.092626310582144, "gamma": 0.2211502263573878}, "datetime": {"datetime": "2021-09-29 17:12:37", "elapsed": 785.912804, "delta": 2.776789}}
{"target": -47.44338540374294, "params": {"C": 920.3178209534375, "gamma": 0.5}, "datetime": {"datetime": "2021-09-29 17:12:46", "elapsed": 794.966051, "delta": 9.053247}}
{"target": -47.74393980487432, "params": {"C": 374.06174314886465, "gamma": 0.5}, "datetime": {"datetime": "2021-09-29 17:12:54", "elapsed": 803.296795, "delta": 8.330744}}
{"target": -42.44518750360568, "params": {"C": 732.3860491157952, "gamma": 0.03935434463637952}, "datetime": {"datetime": "2021-09-29 17:12:59", "elapsed": 808.412292, "delta": 5.115497}}
{"target": -46.23040917503588, "params": {"C": 390.53114910531076, "gamma": 0.183376466476097}, "datetime": {"datetime": "2021-09-29 17:13:07", "elapsed": 816.019506, "delta": 7.607214}}
{"target": -42.15821724759197, "params": {"C": 855.7229571306231, "gamma": 0.03301735032454787}, "datetime": {"datetime": "2021-09-29 17:13:17", "elapsed": 826.516347, "delta": 10.496841}}
{"target": -43.534782534672075, "params": {"C": 855.88988978607, "gamma": 0.0796078589429194}, "datetime": {"datetime": "2021-09-29 17:13:24", "elapsed": 833.523506, "delta": 7.007159}}
{"target": -42.755965536791265, "params": {"C": 848.521949275113, "gamma": 0.004376059782478869}, "datetime": {"datetime": "2021-09-29 17:13:34", "elapsed": 843.093262, "delta": 9.569756}}
{"target": -47.54412299738747, "params": {"C": 378.22261525676817, "gamma": 0.3903354395076178}, "datetime": {"datetime": "2021-09-29 17:13:42", "elapsed": 851.231199, "delta": 8.137937}}
{"target": -46.39057661501169, "params": {"C": 353.3602563134438, "gamma": 0.18756175981150033}, "datetime": {"datetime": "2021-09-29 17:13:45", "elapsed": 854.132362, "delta": 2.901163}}
{"target": -47.73342841832613, "params": {"C": 333.2174459756826, "gamma": 0.4575831101434903}, "datetime": {"datetime": "2021-09-29 17:13:48", "elapsed": 857.221301, "delta": 3.088939}}
{"target": -46.81282202711207, "params": {"C": 855.7110675579847, "gamma": 0.32135904738093835}, "datetime": {"datetime": "2021-09-29 17:13:53", "elapsed": 861.958538, "delta": 4.737237}}
{"target": -47.401964255661866, "params": {"C": 262.90997682327935, "gamma": 0.28554913764182305}, "datetime": {"datetime": "2021-09-29 17:14:02", "elapsed": 870.770845, "delta": 8.812307}}
{"target": -45.31119362624209, "params": {"C": 709.8076471688748, "gamma": 0.16072051214236638}, "datetime": {"datetime": "2021-09-29 17:14:09", "elapsed": 878.243619, "delta": 7.472774}}
{"target": -47.60850449241429, "params": {"C": 212.6283119808445, "gamma": 0.3046502623229854}, "datetime": {"datetime": "2021-09-29 17:14:15", "elapsed": 884.470219, "delta": 6.2266}}
{"target": -45.005777364611525, "params": {"C": 794.8506149445706, "gamma": 0.14708679515307085}, "datetime": {"datetime": "2021-09-29 17:14:19", "elapsed": 887.833353, "delta": 3.363134}}
{"target": -45.40510746737235, "params": {"C": 368.185492944652, "gamma": 0.12589518282863324}, "datetime": {"datetime": "2021-09-29 17:14:22", "elapsed": 891.06657, "delta": 3.233217}}
{"target": -43.02882893035619, "params": {"C": 794.1532887687464, "gamma": 0.06015096723910283}, "datetime": {"datetime": "2021-09-29 17:14:28", "elapsed": 897.415125, "delta": 6.348555}}
{"target": -46.97835846866428, "params": {"C": 794.1940743934751, "gamma": 0.3450075663980324}, "datetime": {"datetime": "2021-09-29 17:14:35", "elapsed": 904.537083, "delta": 7.121958}}
{"target": -43.24438295247396, "params": {"C": 793.3740255973007, "gamma": 0.06757524696265255}, "datetime": {"datetime": "2021-09-29 17:14:41", "elapsed": 910.128653, "delta": 5.59157}}
{"target": -45.3255397233882, "params": {"C": 793.7862629585859, "gamma": 0.1668877091302017}, "datetime": {"datetime": "2021-09-29 17:14:47", "elapsed": 916.353353, "delta": 6.2247}}
{"target": -44.32491970322765, "params": {"C": 793.1679952937648, "gamma": 0.11134997688470585}, "datetime": {"datetime": "2021-09-29 17:14:51", "elapsed": 920.552753, "delta": 4.1994}}
{"target": -47.189420746985206, "params": {"C": 793.2633208463333, "gamma": 0.39356196012287475}, "datetime": {"datetime": "2021-09-29 17:14:58", "elapsed": 927.03413, "delta": 6.481377}}
{"target": -46.549571641363116, "params": {"C": 795.5271794418178, "gamma": 0.27723655726774526}, "datetime": {"datetime": "2021-09-29 17:15:05", "elapsed": 934.227083, "delta": 7.192953}}
{"target": -44.00920153834498, "params": {"C": 953.7581554412101, "gamma": 0.10080934124826137}, "datetime": {"datetime": "2021-09-29 17:15:16", "elapsed": 945.534609, "delta": 11.307526}}
{"target": -47.2248842042017, "params": {"C": 953.5265944466546, "gamma": 0.42066427160218767}, "datetime": {"datetime": "2021-09-29 17:15:21", "elapsed": 950.314617, "delta": 4.780008}}
{"target": -42.57315084905853, "params": {"C": 954.1876367892824, "gamma": 0.04776525565970598}, "datetime": {"datetime": "2021-09-29 17:15:26", "elapsed": 955.113748, "delta": 4.799131}}
{"target": -47.711573068677154, "params": {"C": 317.23355673398845, "gamma": 0.43049696278636257}, "datetime": {"datetime": "2021-09-29 17:15:29", "elapsed": 958.188898, "delta": 3.07515}}
{"target": -45.01222056757899, "params": {"C": 168.08289175796278, "gamma": 0.05317168705796417}, "datetime": {"datetime": "2021-09-29 17:15:32", "elapsed": 961.55638, "delta": 3.367482}}
{"target": -43.53292854248137, "params": {"C": 954.3946556499986, "gamma": 0.08108714366370359}, "datetime": {"datetime": "2021-09-29 17:15:40", "elapsed": 968.666447, "delta": 7.110067}}
{"target": -46.91512226288464, "params": {"C": 954.3682347931407, "gamma": 0.3475432795916083}, "datetime": {"datetime": "2021-09-29 17:15:50", "elapsed": 978.902202, "delta": 10.235755}}
{"target": -42.75528233556324, "params": {"C": 954.7333510977177, "gamma": 0.0037801395656893396}, "datetime": {"datetime": "2021-09-29 17:16:01", "elapsed": 990.37093, "delta": 11.468728}}
{"target": -43.12562807347186, "params": {"C": 955.0076836415539, "gamma": 0.06612118495602425}, "datetime": {"datetime": "2021-09-29 17:16:10", "elapsed": 999.172508, "delta": 8.801578}}
{"target": -44.9613788746474, "params": {"C": 925.9969841386802, "gamma": 0.1494030667328468}, "datetime": {"datetime": "2021-09-29 17:16:14", "elapsed": 1002.812207, "delta": 3.639699}}
{"target": -46.75913536174331, "params": {"C": 954.959841456964, "gamma": 0.3202430664626695}, "datetime": {"datetime": "2021-09-29 17:16:20", "elapsed": 1009.030896, "delta": 6.218689}}
{"target": -45.28965040936269, "params": {"C": 955.2893674483101, "gamma": 0.001}, "datetime": {"datetime": "2021-09-29 17:16:26", "elapsed": 1015.152083, "delta": 6.121187}}
{"target": -47.42510546214106, "params": {"C": 167.47297325684445, "gamma": 0.227656033443489}, "datetime": {"datetime": "2021-09-29 17:16:32", "elapsed": 1020.821356, "delta": 5.669273}}
{"target": -42.18851142747369, "params": {"C": 854.5104967298498, "gamma": 0.006860531861778032}, "datetime": {"datetime": "2021-09-29 17:16:38", "elapsed": 1027.34342, "delta": 6.522064}}
{"target": -47.66107656472794, "params": {"C": 301.4190259369473, "gamma": 0.391918576113838}, "datetime": {"datetime": "2021-09-29 17:16:47", "elapsed": 1036.262185, "delta": 8.918765}}
{"target": -42.23061283409791, "params": {"C": 794.5135309812039, "gamma": 0.03401817556573884}, "datetime": {"datetime": "2021-09-29 17:16:58", "elapsed": 1047.148915, "delta": 10.88673}}
{"target": -42.00661235296901, "params": {"C": 845.5920100356863, "gamma": 0.027446727505284645}, "datetime": {"datetime": "2021-09-29 17:17:05", "elapsed": 1053.886332, "delta": 6.737417}}
{"target": -46.98877564735476, "params": {"C": 845.7760892509466, "gamma": 0.3528091034207354}, "datetime": {"datetime": "2021-09-29 17:17:11", "elapsed": 1059.846932, "delta": 5.9606}}
{"target": -42.863419997195216, "params": {"C": 794.3188419795631, "gamma": 0.05463228442011536}, "datetime": {"datetime": "2021-09-29 17:17:15", "elapsed": 1064.552688, "delta": 4.705756}}
{"target": -47.5443805874057, "params": {"C": 268.69699952008875, "gamma": 0.3257703851764567}, "datetime": {"datetime": "2021-09-29 17:17:23", "elapsed": 1071.717399, "delta": 7.164711}}
{"target": -42.930385197708866, "params": {"C": 953.9607694681248, "gamma": 0.0594204814509494}, "datetime": {"datetime": "2021-09-29 17:17:28", "elapsed": 1077.039231, "delta": 5.321832}}
