{"target": -52.75393691122303, "params": {"C": 440632.9538665868, "gamma": 0.8112393305443228}, "datetime": {"datetime": "2021-10-04 11:49:38", "elapsed": 527.322356, "delta": 2.586276}}
{"target": -53.663724769331054, "params": {"C": 306087.1886004672, "gamma": 0.899554068626274}, "datetime": {"datetime": "2021-10-04 11:49:41", "elapsed": 529.859783, "delta": 2.537427}}
{"target": -49.44389050926694, "params": {"C": 241007.31255074003, "gamma": 0.504134834925859}, "datetime": {"datetime": "2021-10-04 11:49:43", "elapsed": 532.128778, "delta": 2.268995}}
{"target": -49.653601669102216, "params": {"C": 456405.1745868136, "gamma": 0.47758952105181157}, "datetime": {"datetime": "2021-10-04 11:49:45", "elapsed": 534.130812, "delta": 2.002034}}
{"target": -52.819589837874034, "params": {"C": 449649.6970436726, "gamma": 0.8177816412234504}, "datetime": {"datetime": "2021-10-04 11:49:49", "elapsed": 537.691887, "delta": 3.561075}}
{"target": -54.70358577309475, "params": {"C": 78759.3403043295, "gamma": 0.9378728097691827}, "datetime": {"datetime": "2021-10-04 11:49:51", "elapsed": 539.678862, "delta": 1.986975}}
{"target": -52.667300485639394, "params": {"C": 199812.02091950751, "gamma": 0.7903950599178371}, "datetime": {"datetime": "2021-10-04 11:49:53", "elapsed": 541.649115, "delta": 1.970253}}
{"target": -51.107649504341666, "params": {"C": 344689.48130163306, "gamma": 0.6617003231681244}, "datetime": {"datetime": "2021-10-04 11:49:57", "elapsed": 546.247253, "delta": 4.598138}}
{"target": -49.56746287578463, "params": {"C": 302130.8066942213, "gamma": 0.4431678175229051}, "datetime": {"datetime": "2021-10-04 11:50:01", "elapsed": 549.533453, "delta": 3.2862}}
{"target": -49.498038087048215, "params": {"C": 196438.22714157004, "gamma": 0.5081576608052177}, "datetime": {"datetime": "2021-10-04 11:50:03", "elapsed": 551.557495, "delta": 2.024042}}
{"target": -49.38663393883057, "params": {"C": 196438.44918532143, "gamma": 0.4264082704364903}, "datetime": {"datetime": "2021-10-04 11:50:05", "elapsed": 554.28414, "delta": 2.726645}}
{"target": -52.58360334980146, "params": {"C": 445608.4789647031, "gamma": 0.7949476912123764}, "datetime": {"datetime": "2021-10-04 11:50:08", "elapsed": 556.605529, "delta": 2.321389}}
{"target": -57.26002154349761, "params": {"C": 26034.25546111788, "gamma": 0.9813744918508237}, "datetime": {"datetime": "2021-10-04 11:50:10", "elapsed": 558.956521, "delta": 2.350992}}
{"target": -50.70544649715398, "params": {"C": 304311.5695617699, "gamma": 0.626826552841705}, "datetime": {"datetime": "2021-10-04 11:50:12", "elapsed": 560.957313, "delta": 2.000792}}
{"target": -52.70950529430446, "params": {"C": 70840.89143896493, "gamma": 0.708191209631411}, "datetime": {"datetime": "2021-10-04 11:50:14", "elapsed": 562.998402, "delta": 2.041089}}
{"target": -51.03661069466508, "params": {"C": 118119.20221360958, "gamma": 0.6162113995928931}, "datetime": {"datetime": "2021-10-04 11:50:17", "elapsed": 566.176597, "delta": 3.178195}}
{"target": -51.87660433476785, "params": {"C": 227855.4956908167, "gamma": 0.7215214300671046}, "datetime": {"datetime": "2021-10-04 11:50:20", "elapsed": 568.793349, "delta": 2.616752}}
{"target": -53.06134734370626, "params": {"C": 179534.0476325287, "gamma": 0.8248886935708629}, "datetime": {"datetime": "2021-10-04 11:50:25", "elapsed": 0.0, "delta": 0.0}}
{"target": -51.98223276227549, "params": {"C": 135871.99613737466, "gamma": 0.7064965631185978}, "datetime": {"datetime": "2021-10-04 11:50:25", "elapsed": 0.159125, "delta": 0.159125}}
{"target": -54.07220877879518, "params": {"C": 237015.088330406, "gamma": 0.9377758533600629}, "datetime": {"datetime": "2021-10-04 11:50:25", "elapsed": 0.321942, "delta": 0.162817}}
{"target": -50.083623576071595, "params": {"C": 108098.3321579245, "gamma": 0.524345726882912}, "datetime": {"datetime": "2021-10-04 11:50:26", "elapsed": 0.490903, "delta": 0.168961}}
{"target": -51.835917296781275, "params": {"C": 95646.49015453942, "gamma": 0.6644859061903818}, "datetime": {"datetime": "2021-10-04 11:50:26", "elapsed": 0.722805, "delta": 0.231902}}
{"target": -49.94513021156895, "params": {"C": 116686.08301395309, "gamma": 0.5192717590456276}, "datetime": {"datetime": "2021-10-04 11:50:26", "elapsed": 1.036781, "delta": 0.313976}}
{"target": -54.52783561143576, "params": {"C": 206100.43044154724, "gamma": 0.9868056384005165}, "datetime": {"datetime": "2021-10-04 11:50:26", "elapsed": 1.273487, "delta": 0.236706}}
{"target": -52.20976025490208, "params": {"C": 112820.46529900836, "gamma": 0.7128363223237932}, "datetime": {"datetime": "2021-10-04 11:50:27", "elapsed": 1.556525, "delta": 0.283038}}
{"target": -50.98588783041652, "params": {"C": 135869.69399327194, "gamma": 0.622330104246664}, "datetime": {"datetime": "2021-10-04 11:50:27", "elapsed": 1.774526, "delta": 0.218001}}
{"target": -49.70355077763382, "params": {"C": 108094.3377426118, "gamma": 0.46309582288368994}, "datetime": {"datetime": "2021-10-04 11:50:27", "elapsed": 1.985446, "delta": 0.21092}}
{"target": -52.23614803449726, "params": {"C": 116693.20656779404, "gamma": 0.7177124411190203}, "datetime": {"datetime": "2021-10-04 11:50:27", "elapsed": 2.286449, "delta": 0.301003}}
{"target": -49.424246244432894, "params": {"C": 135857.6852905578, "gamma": 0.4475168269741751}, "datetime": {"datetime": "2021-10-04 11:50:28", "elapsed": 2.519541, "delta": 0.233092}}
{"target": -51.93861401827823, "params": {"C": 135847.8535945508, "gamma": 0.7027685745832934}, "datetime": {"datetime": "2021-10-04 11:50:28", "elapsed": 2.756512, "delta": 0.236971}}
{"target": -51.43647888525995, "params": {"C": 116677.17081733269, "gamma": 0.6477053537102595}, "datetime": {"datetime": "2021-10-04 11:50:28", "elapsed": 3.00709, "delta": 0.250578}}
{"target": -49.600907797108434, "params": {"C": 108074.11335376767, "gamma": 0.41260750957277986}, "datetime": {"datetime": "2021-10-04 11:50:28", "elapsed": 3.237189, "delta": 0.230099}}
{"target": -51.28166590556095, "params": {"C": 108113.986887813, "gamma": 0.628832643807941}, "datetime": {"datetime": "2021-10-04 11:50:29", "elapsed": 3.478594, "delta": 0.241405}}
{"target": -54.19250380318781, "params": {"C": 108128.18745406115, "gamma": 0.9128873943876973}, "datetime": {"datetime": "2021-10-04 11:50:29", "elapsed": 3.741725, "delta": 0.263131}}
{"target": -51.60410695745749, "params": {"C": 108065.81301788751, "gamma": 0.6556932974507874}, "datetime": {"datetime": "2021-10-04 11:50:29", "elapsed": 3.995488, "delta": 0.253763}}
{"target": -49.61122704672741, "params": {"C": 108105.16133001185, "gamma": 0.4219445830553281}, "datetime": {"datetime": "2021-10-04 11:50:29", "elapsed": 4.242951, "delta": 0.247463}}
{"target": -54.054055121042786, "params": {"C": 108083.06621832203, "gamma": 0.8976772023992685}, "datetime": {"datetime": "2021-10-04 11:50:30", "elapsed": 4.54489, "delta": 0.301939}}
{"target": -50.283081074872705, "params": {"C": 108070.34408470095, "gamma": 0.5473986157139902}, "datetime": {"datetime": "2021-10-04 11:50:30", "elapsed": 4.83889, "delta": 0.294}}
{"target": -52.43486728049948, "params": {"C": 238544.3087653365, "gamma": 0.7742982880849381}, "datetime": {"datetime": "2021-10-04 11:50:30", "elapsed": 5.238897, "delta": 0.400007}}
{"target": -53.856518541155594, "params": {"C": 141679.29011957368, "gamma": 0.8949621722117708}, "datetime": {"datetime": "2021-10-04 11:50:31", "elapsed": 5.522166, "delta": 0.283269}}
{"target": -54.851571071322724, "params": {"C": 116638.8039005793, "gamma": 0.9984097262668934}, "datetime": {"datetime": "2021-10-04 11:50:31", "elapsed": 5.84448, "delta": 0.322314}}
{"target": -51.97823742057402, "params": {"C": 95693.51263314708, "gamma": 0.6772199185941894}, "datetime": {"datetime": "2021-10-04 11:50:31", "elapsed": 6.116466, "delta": 0.271986}}
{"target": -50.109665933725694, "params": {"C": 179534.0476325287, "gamma": 0.5686665201781471}, "datetime": {"datetime": "2021-10-04 11:51:09", "elapsed": 0.0, "delta": 0.0}}
{"target": -49.56232781021498, "params": {"C": 135871.99613737466, "gamma": 0.47987242233894833}, "datetime": {"datetime": "2021-10-04 11:51:09", "elapsed": 0.157952, "delta": 0.157952}}
{"target": -51.08703901586641, "params": {"C": 237015.088330406, "gamma": 0.6533318900200471}, "datetime": {"datetime": "2021-10-04 11:51:09", "elapsed": 0.326091, "delta": 0.168139}}
{"target": -49.709926131886505, "params": {"C": 108098.3321579245, "gamma": 0.343259295162184}, "datetime": {"datetime": "2021-10-04 11:51:10", "elapsed": 0.508743, "delta": 0.182652}}
{"target": -49.81407205244003, "params": {"C": 95646.49015453942, "gamma": 0.4483644296427864}, "datetime": {"datetime": "2021-10-04 11:51:10", "elapsed": 0.678666, "delta": 0.169923}}
{"target": -49.38646026313845, "params": {"C": 146900.9399023461, "gamma": 0.4549233843909277}, "datetime": {"datetime": "2021-10-04 11:51:10", "elapsed": 0.893183, "delta": 0.214517}}
{"target": -50.894121786908194, "params": {"C": 157937.39346974553, "gamma": 0.6251445556792192}, "datetime": {"datetime": "2021-10-04 11:51:10", "elapsed": 1.142228, "delta": 0.249045}}
{"target": -51.3861726262161, "params": {"C": 108099.76647162641, "gamma": 0.6373961463774263}, "datetime": {"datetime": "2021-10-04 11:51:10", "elapsed": 1.384231, "delta": 0.242003}}
{"target": -50.46366907019613, "params": {"C": 167990.87619715885, "gamma": 0.5953465361930674}, "datetime": {"datetime": "2021-10-04 11:51:11", "elapsed": 1.63549, "delta": 0.251259}}
{"target": -51.52153646656011, "params": {"C": 133875.95649702125, "gamma": 0.66512486207732}, "datetime": {"datetime": "2021-10-04 11:51:11", "elapsed": 1.905486, "delta": 0.269996}}
{"target": -50.30914196585174, "params": {"C": 157536.75880940777, "gamma": 0.28120712642524376}, "datetime": {"datetime": "2021-10-04 11:51:11", "elapsed": 2.148688, "delta": 0.243202}}
{"target": -50.139236252631605, "params": {"C": 209835.27345320568, "gamma": 0.3194089707415848}, "datetime": {"datetime": "2021-10-04 11:51:11", "elapsed": 2.45559, "delta": 0.306902}}
{"target": -51.315989651930664, "params": {"C": 245163.09172154387, "gamma": 0.6734770743405223}, "datetime": {"datetime": "2021-10-04 11:51:12", "elapsed": 2.693064, "delta": 0.237474}}
{"target": -50.581491098453554, "params": {"C": 121980.5371210621, "gamma": 0.5827502872017503}, "datetime": {"datetime": "2021-10-04 11:51:12", "elapsed": 2.997793, "delta": 0.304729}}
{"target": -51.95174889254416, "params": {"C": 117512.81703214567, "gamma": 0.6930207654025982}, "datetime": {"datetime": "2021-10-04 11:51:12", "elapsed": 3.268704, "delta": 0.270911}}
{"target": -51.61144680051328, "params": {"C": 97894.07761045624, "gamma": 0.6472688792108188}, "datetime": {"datetime": "2021-10-04 11:51:13", "elapsed": 3.566397, "delta": 0.297693}}
{"target": -51.64605135283804, "params": {"C": 135871.16808332223, "gamma": 0.6768901601517179}, "datetime": {"datetime": "2021-10-04 11:51:13", "elapsed": 3.903147, "delta": 0.33675}}
{"target": -50.02642206725491, "params": {"C": 195574.08451971627, "gamma": 0.5627904773633728}, "datetime": {"datetime": "2021-10-04 11:51:13", "elapsed": 4.166332, "delta": 0.263185}}
{"target": -49.59898259285805, "params": {"C": 211051.11819897383, "gamma": 0.5226259369983742}, "datetime": {"datetime": "2021-10-04 11:51:13", "elapsed": 4.413692, "delta": 0.24736}}
{"target": -51.135623544275134, "params": {"C": 221863.53693560892, "gamma": 0.6559874551039606}, "datetime": {"datetime": "2021-10-04 11:51:14", "elapsed": 4.660516, "delta": 0.246824}}
{"target": -49.849669744447844, "params": {"C": 156110.1919581859, "gamma": 0.540841301717755}, "datetime": {"datetime": "2021-10-04 11:51:14", "elapsed": 4.920554, "delta": 0.260038}}
{"target": -49.653125878172744, "params": {"C": 238544.3087653365, "gamma": 0.5307237160637035}, "datetime": {"datetime": "2021-10-04 11:51:14", "elapsed": 5.181429, "delta": 0.260875}}
{"target": -50.93522769756817, "params": {"C": 141679.29011957368, "gamma": 0.6212216291588281}, "datetime": {"datetime": "2021-10-04 11:51:15", "elapsed": 5.488865, "delta": 0.307436}}
{"target": -49.84558588681894, "params": {"C": 105281.93054054618, "gamma": 0.31580874994851194}, "datetime": {"datetime": "2021-10-04 11:51:15", "elapsed": 5.755869, "delta": 0.267004}}
{"target": -50.33591953644549, "params": {"C": 170170.3164206326, "gamma": 0.28352656110899}, "datetime": {"datetime": "2021-10-04 11:51:15", "elapsed": 6.054864, "delta": 0.298995}}
{"target": -49.44372401407959, "params": {"C": 129011.7319815678, "gamma": 0.4168203307058594}, "datetime": {"datetime": "2021-10-04 11:51:16", "elapsed": 6.525338, "delta": 0.470474}}
{"target": -50.588289512636436, "params": {"C": 190223.20016690134, "gamma": 0.27353914182469574}, "datetime": {"datetime": "2021-10-04 11:51:16", "elapsed": 6.79734, "delta": 0.272002}}
{"target": -49.63667525841511, "params": {"C": 143077.80222452592, "gamma": 0.3494021796595992}, "datetime": {"datetime": "2021-10-04 11:51:16", "elapsed": 7.048335, "delta": 0.250995}}
{"target": -50.25825153208239, "params": {"C": 237336.3044109533, "gamma": 0.3228508307260786}, "datetime": {"datetime": "2021-10-04 11:51:16", "elapsed": 7.351348, "delta": 0.303013}}
{"target": -52.25220085965574, "params": {"C": 89669.92578953187, "gamma": 0.6956126597660941}, "datetime": {"datetime": "2021-10-04 11:51:17", "elapsed": 7.685338, "delta": 0.33399}}
{"target": -49.76803775160545, "params": {"C": 92897.49774573506, "gamma": 0.390009850222959}, "datetime": {"datetime": "2021-10-04 11:51:17", "elapsed": 7.97789, "delta": 0.292552}}
{"target": -50.521951161501775, "params": {"C": 126301.41216273536, "gamma": 0.2539822221078123}, "datetime": {"datetime": "2021-10-04 11:51:17", "elapsed": 8.2948, "delta": 0.31691}}
{"target": -50.77943099883154, "params": {"C": 238510.45821109865, "gamma": 0.6284287420574535}, "datetime": {"datetime": "2021-10-04 11:51:18", "elapsed": 8.615799, "delta": 0.320999}}
{"target": -51.162060754220846, "params": {"C": 241805.90925756618, "gamma": 0.6600365618153408}, "datetime": {"datetime": "2021-10-04 11:51:18", "elapsed": 8.895799, "delta": 0.28}}
{"target": -51.34220966598429, "params": {"C": 205633.8598687924, "gamma": 0.6719265184701952}, "datetime": {"datetime": "2021-10-04 11:51:18", "elapsed": 9.199797, "delta": 0.303998}}
{"target": -49.73058595551417, "params": {"C": 102802.75025705539, "gamma": 0.45330153727590894}, "datetime": {"datetime": "2021-10-04 11:51:18", "elapsed": 9.480331, "delta": 0.280534}}
{"target": -49.309740913348584, "params": {"C": 184638.08186907013, "gamma": 0.44480842360572814}, "datetime": {"datetime": "2021-10-04 11:51:19", "elapsed": 9.911553, "delta": 0.431222}}
{"target": -50.438459010883626, "params": {"C": 115461.54532162739, "gamma": 0.25621533678902847}, "datetime": {"datetime": "2021-10-04 11:51:19", "elapsed": 10.268841, "delta": 0.357288}}
{"target": -49.65818312562133, "params": {"C": 173481.51235724537, "gamma": 0.524521115404993}, "datetime": {"datetime": "2021-10-04 11:51:20", "elapsed": 10.575822, "delta": 0.306981}}
{"target": -50.16516929899764, "params": {"C": 110246.95214321344, "gamma": 0.5370451360741202}, "datetime": {"datetime": "2021-10-04 11:51:20", "elapsed": 10.904108, "delta": 0.328286}}
{"target": -49.35755366278264, "params": {"C": 204043.76349718834, "gamma": 0.4815493932078455}, "datetime": {"datetime": "2021-10-04 11:51:20", "elapsed": 11.339498, "delta": 0.43539}}
{"target": -51.41159324519417, "params": {"C": 203173.17032374116, "gamma": 0.6777179705017817}, "datetime": {"datetime": "2021-10-04 11:51:21", "elapsed": 11.633147, "delta": 0.293649}}
{"target": -49.310244119304386, "params": {"C": 179495.4011989123, "gamma": 0.452852328293116}, "datetime": {"datetime": "2021-10-04 11:51:21", "elapsed": 12.010267, "delta": 0.37712}}
{"target": -50.601591153119934, "params": {"C": 201341.21009091218, "gamma": 0.6107481903127725}, "datetime": {"datetime": "2021-10-04 11:51:21", "elapsed": 12.363354, "delta": 0.353087}}
{"target": -49.566690269606575, "params": {"C": 160122.36840139178, "gamma": 0.506962831449034}, "datetime": {"datetime": "2021-10-04 11:51:22", "elapsed": 12.727261, "delta": 0.363907}}
{"target": -49.809720699242405, "params": {"C": 136687.55183375103, "gamma": 0.5234955447682164}, "datetime": {"datetime": "2021-10-04 11:51:22", "elapsed": 13.065613, "delta": 0.338352}}
{"target": -50.38963840798961, "params": {"C": 201252.04403999785, "gamma": 0.5940525775891369}, "datetime": {"datetime": "2021-10-04 11:51:22", "elapsed": 13.465611, "delta": 0.399998}}
{"target": -51.25508123585538, "params": {"C": 230996.39755691867, "gamma": 0.6669951382910944}, "datetime": {"datetime": "2021-10-04 11:51:23", "elapsed": 13.834957, "delta": 0.369346}}
{"target": -49.4377487051803, "params": {"C": 217203.61282863747, "gamma": 0.42669958496345584}, "datetime": {"datetime": "2021-10-04 11:51:23", "elapsed": 14.177956, "delta": 0.342999}}
{"target": -50.62951076837376, "params": {"C": 197115.26051185833, "gamma": 0.6124095301458017}, "datetime": {"datetime": "2021-10-04 11:51:24", "elapsed": 14.622204, "delta": 0.444248}}
{"target": -49.727717019193676, "params": {"C": 149059.19693942464, "gamma": 0.522434694474671}, "datetime": {"datetime": "2021-10-04 11:51:24", "elapsed": 15.075926, "delta": 0.453722}}
{"target": -49.370433431346754, "params": {"C": 162648.1448636849, "gamma": 0.4075748044097596}, "datetime": {"datetime": "2021-10-04 11:51:25", "elapsed": 15.484918, "delta": 0.408992}}
{"target": -50.425171652766046, "params": {"C": 215887.25697195597, "gamma": 0.2969825595004393}, "datetime": {"datetime": "2021-10-04 11:51:25", "elapsed": 15.862918, "delta": 0.378}}
{"target": -49.37555795890259, "params": {"C": 172815.82381985354, "gamma": 0.4141282155583926}, "datetime": {"datetime": "2021-10-04 11:51:25", "elapsed": 16.260918, "delta": 0.398}}
{"target": -49.88462590445409, "params": {"C": 239749.15689646543, "gamma": 0.5533202825432609}, "datetime": {"datetime": "2021-10-04 11:51:26", "elapsed": 16.602761, "delta": 0.341843}}
{"target": -49.54842656581034, "params": {"C": 184887.8484826468, "gamma": 0.3826290613082782}, "datetime": {"datetime": "2021-10-04 11:51:26", "elapsed": 16.93876, "delta": 0.335999}}
{"target": -50.591786512606724, "params": {"C": 220722.3486931363, "gamma": 0.28563730223469685}, "datetime": {"datetime": "2021-10-04 11:51:26", "elapsed": 17.34372, "delta": 0.40496}}
{"target": -50.43033686183532, "params": {"C": 246752.53646659508, "gamma": 0.6013575534493754}, "datetime": {"datetime": "2021-10-04 11:51:27", "elapsed": 17.696651, "delta": 0.352931}}
{"target": -51.044221866943104, "params": {"C": 145431.1670344076, "gamma": 0.6316083082035435}, "datetime": {"datetime": "2021-10-04 11:51:27", "elapsed": 18.093971, "delta": 0.39732}}
{"target": -51.24960227928757, "params": {"C": 121869.58924070722, "gamma": 0.6356143941161885}, "datetime": {"datetime": "2021-10-04 11:51:27", "elapsed": 18.462101, "delta": 0.36813}}
{"target": -49.71180563946481, "params": {"C": 108036.15036982349, "gamma": 0.34272784189942773}, "datetime": {"datetime": "2021-10-04 11:51:28", "elapsed": 18.848094, "delta": 0.385993}}
{"target": -49.42015031352196, "params": {"C": 135343.02191195975, "gamma": 0.4089743213527629}, "datetime": {"datetime": "2021-10-04 11:51:28", "elapsed": 19.297096, "delta": 0.449002}}
{"target": -50.03079711692813, "params": {"C": 175018.0676316627, "gamma": 0.3124832304094348}, "datetime": {"datetime": "2021-10-04 11:51:29", "elapsed": 19.719089, "delta": 0.421993}}
{"target": -49.47649379323533, "params": {"C": 179196.35623296368, "gamma": 0.5007975551532109}, "datetime": {"datetime": "2021-10-04 11:51:29", "elapsed": 20.209094, "delta": 0.490005}}
{"target": -49.50262787663078, "params": {"C": 124998.25374853623, "gamma": 0.44958781028063016}, "datetime": {"datetime": "2021-10-04 11:51:30", "elapsed": 20.651729, "delta": 0.442635}}
{"target": -50.431163198210335, "params": {"C": 163826.84473032496, "gamma": 0.5916185117125815}, "datetime": {"datetime": "2021-10-04 11:51:30", "elapsed": 21.075048, "delta": 0.423319}}
{"target": -50.54903550728364, "params": {"C": 164988.46727818158, "gamma": 0.6012660300648069}, "datetime": {"datetime": "2021-10-04 11:51:31", "elapsed": 21.55896, "delta": 0.483912}}
{"target": -49.378947638802764, "params": {"C": 181984.36552215443, "gamma": 0.4793570429669509}, "datetime": {"datetime": "2021-10-04 11:51:31", "elapsed": 22.027945, "delta": 0.468985}}
{"target": -51.193820451723006, "params": {"C": 131082.15350141373, "gamma": 0.6364155320777958}, "datetime": {"datetime": "2021-10-04 11:51:31", "elapsed": 22.428426, "delta": 0.400481}}
{"target": -51.31415653267657, "params": {"C": 185698.5105769064, "gamma": 0.6669283281385932}, "datetime": {"datetime": "2021-10-04 11:51:32", "elapsed": 22.844375, "delta": 0.415949}}
{"target": -50.42216706264529, "params": {"C": 98642.2380898491, "gamma": 0.5493167519333276}, "datetime": {"datetime": "2021-10-04 11:51:32", "elapsed": 23.208416, "delta": 0.364041}}
{"target": -50.21174594847226, "params": {"C": 194024.86133039073, "gamma": 0.30351193853257086}, "datetime": {"datetime": "2021-10-04 11:51:33", "elapsed": 23.588613, "delta": 0.380197}}
{"target": -51.61338659714853, "params": {"C": 235661.27437716367, "gamma": 0.6991181520533829}, "datetime": {"datetime": "2021-10-04 11:51:33", "elapsed": 24.041963, "delta": 0.45335}}
{"target": -49.850067530010556, "params": {"C": 133718.16583503934, "gamma": 0.31742163359810804}, "datetime": {"datetime": "2021-10-04 11:51:33", "elapsed": 24.407481, "delta": 0.365518}}
{"target": -49.662658712850856, "params": {"C": 166964.9414872367, "gamma": 0.5227537458176413}, "datetime": {"datetime": "2021-10-04 11:51:34", "elapsed": 24.774482, "delta": 0.367001}}
{"target": -50.63377267415035, "params": {"C": 197587.43199550957, "gamma": 0.2732415837157601}, "datetime": {"datetime": "2021-10-04 11:51:34", "elapsed": 25.146927, "delta": 0.372445}}
