{"target": -34.646398500955016, "params": {"C": 21438.89923996629, "gamma": 0.02932985261237689}, "datetime": {"datetime": "2021-09-29 08:20:39", "elapsed": 1050.847623, "delta": 3.207771}}
{"target": -34.53751748879721, "params": {"C": 24253.19579546681, "gamma": 0.022403825565510984}, "datetime": {"datetime": "2021-09-29 08:20:42", "elapsed": 1054.126156, "delta": 3.278533}}
{"target": -35.636058918970335, "params": {"C": 24279.11318372881, "gamma": 0.007331117166367314}, "datetime": {"datetime": "2021-09-29 08:20:44", "elapsed": 1056.497164, "delta": 2.371008}}
{"target": -34.76380928211077, "params": {"C": 22593.857875232974, "gamma": 0.013913608420539507}, "datetime": {"datetime": "2021-09-29 08:20:49", "elapsed": 1061.504542, "delta": 5.007378}}
{"target": -34.923930737264754, "params": {"C": 23939.735844884814, "gamma": 0.03962876245706062}, "datetime": {"datetime": "2021-09-29 08:20:52", "elapsed": 1063.794548, "delta": 2.290006}}
{"target": -34.57531993941615, "params": {"C": 23974.67763686874, "gamma": 0.02500001135803897}, "datetime": {"datetime": "2021-09-29 08:20:54", "elapsed": 1066.041986, "delta": 2.247438}}
{"target": -34.88231014609265, "params": {"C": 24126.947330418046, "gamma": 0.012411702940320683}, "datetime": {"datetime": "2021-09-29 08:20:56", "elapsed": 1068.385797, "delta": 2.343811}}
{"target": -34.63643024628824, "params": {"C": 23642.30798604128, "gamma": 0.028541700319253877}, "datetime": {"datetime": "2021-09-29 08:20:59", "elapsed": 1070.766835, "delta": 2.381038}}
{"target": -34.657026714225985, "params": {"C": 20613.083679133128, "gamma": 0.030013704849830444}, "datetime": {"datetime": "2021-09-29 08:21:02", "elapsed": 1074.35329, "delta": 3.586455}}
{"target": -34.55583177683554, "params": {"C": 24709.050416242597, "gamma": 0.016182145338289544}, "datetime": {"datetime": "2021-09-29 08:21:08", "elapsed": 1080.048331, "delta": 5.695041}}
{"target": -36.37783903855622, "params": {"C": 23665.635239416955, "gamma": 0.0037486062734451587}, "datetime": {"datetime": "2021-09-29 08:21:10", "elapsed": 1082.467804, "delta": 2.419473}}
{"target": -35.31230159193551, "params": {"C": 23461.152637274226, "gamma": 0.009217119536307602}, "datetime": {"datetime": "2021-09-29 08:21:16", "elapsed": 1087.984973, "delta": 5.517169}}
{"target": -35.091701646549325, "params": {"C": 20383.60500878946, "gamma": 0.04756444764673031}, "datetime": {"datetime": "2021-09-29 08:21:18", "elapsed": 1090.300964, "delta": 2.315991}}
{"target": -34.61736584675802, "params": {"C": 20843.456094379053, "gamma": 0.016102877000922885}, "datetime": {"datetime": "2021-09-29 08:21:23", "elapsed": 1095.504265, "delta": 5.203301}}
{"target": -34.952086494583554, "params": {"C": 24253.26582546, "gamma": 0.04017164686966705}, "datetime": {"datetime": "2021-09-29 08:21:28", "elapsed": 1099.765457, "delta": 4.261192}}
{"target": -34.62221130530686, "params": {"C": 22242.571148647578, "gamma": 0.027897982037375254}, "datetime": {"datetime": "2021-09-29 08:21:30", "elapsed": 1102.229175, "delta": 2.463718}}
{"target": -35.26768174141459, "params": {"C": 20436.31163513748, "gamma": 0.009909242321653314}, "datetime": {"datetime": "2021-09-29 08:21:33", "elapsed": 1104.779673, "delta": 2.550498}}
{"target": -36.18790426689125, "params": {"C": 24728.332807715185, "gamma": 0.0046028509226670915}, "datetime": {"datetime": "2021-09-29 08:21:36", "elapsed": 1108.161234, "delta": 3.381561}}
{"target": -34.65349838594136, "params": {"C": 22066.221863338316, "gamma": 0.02963559558558143}, "datetime": {"datetime": "2021-09-29 08:21:41", "elapsed": 1113.672025, "delta": 5.510791}}
{"target": -34.516787488551536, "params": {"C": 21837.778950027805, "gamma": 0.019712616119226506}, "datetime": {"datetime": "2021-09-29 08:21:45", "elapsed": 1117.216994, "delta": 3.544969}}
{"target": -35.15253659366901, "params": {"C": 24728.30601660761, "gamma": 0.045287389444089075}, "datetime": {"datetime": "2021-09-29 08:21:50", "elapsed": 1122.310211, "delta": 5.093217}}
{"target": -36.133275532935855, "params": {"C": 20161.158206355485, "gamma": 0.07745845058436461}, "datetime": {"datetime": "2021-09-29 08:21:53", "elapsed": 1124.989495, "delta": 2.679284}}
{"target": -34.89784085223919, "params": {"C": 21526.53082571893, "gamma": 0.03998310935689349}, "datetime": {"datetime": "2021-09-29 08:21:55", "elapsed": 1127.567715, "delta": 2.57822}}
{"target": -34.50798566824903, "params": {"C": 23642.28684149298, "gamma": 0.019897190940914758}, "datetime": {"datetime": "2021-09-29 08:22:00", "elapsed": 1132.677371, "delta": 5.109656}}
{"target": -34.67121594106622, "params": {"C": 22039.886435317283, "gamma": 0.030563127116603632}, "datetime": {"datetime": "2021-09-29 08:22:03", "elapsed": 1135.456883, "delta": 2.779512}}
{"target": -34.78400421798432, "params": {"C": 23974.65961641975, "gamma": 0.03471351487521757}, "datetime": {"datetime": "2021-09-29 08:22:08", "elapsed": 1139.764501, "delta": 4.307618}}
{"target": -34.82398836952271, "params": {"C": 23974.7030567937, "gamma": 0.036169743064309146}, "datetime": {"datetime": "2021-09-29 08:22:12", "elapsed": 1143.937382, "delta": 4.172881}}
{"target": -35.12827966343026, "params": {"C": 20157.418872898805, "gamma": 0.010881030588130041}, "datetime": {"datetime": "2021-09-29 08:22:15", "elapsed": 1147.32608, "delta": 3.388698}}
{"target": -36.261686136852475, "params": {"C": 24119.057331176897, "gamma": 0.07413934175323174}, "datetime": {"datetime": "2021-09-29 08:22:18", "elapsed": 1149.983553, "delta": 2.657473}}
{"target": -34.81504015599188, "params": {"C": 24312.950035902813, "gamma": 0.035717257415995164}, "datetime": {"datetime": "2021-09-29 08:22:20", "elapsed": 1152.478893, "delta": 2.49534}}
{"target": -34.49994792066464, "params": {"C": 24705.343776964783, "gamma": 0.018842794108131142}, "datetime": {"datetime": "2021-09-29 08:22:24", "elapsed": 1156.413079, "delta": 3.934186}}
{"target": -35.00371743266182, "params": {"C": 21914.247881138537, "gamma": 0.04350181281924112}, "datetime": {"datetime": "2021-09-29 08:22:27", "elapsed": 1158.89975, "delta": 2.486671}}
{"target": -35.97505112980866, "params": {"C": 21028.147215242323, "gamma": 0.005718897151856394}, "datetime": {"datetime": "2021-09-29 08:22:32", "elapsed": 1163.856532, "delta": 4.956782}}
{"target": -35.13018176675512, "params": {"C": 23973.217182190972, "gamma": 0.04529757156408445}, "datetime": {"datetime": "2021-09-29 08:22:36", "elapsed": 1167.812063, "delta": 3.955531}}
{"target": -35.15618778574295, "params": {"C": 22114.704311784237, "gamma": 0.047754461273843585}, "datetime": {"datetime": "2021-09-29 08:22:42", "elapsed": 1174.257862, "delta": 6.445799}}
{"target": -35.37372478382129, "params": {"C": 21943.137377616, "gamma": 0.009038946359320723}, "datetime": {"datetime": "2021-09-29 08:22:46", "elapsed": 1178.249771, "delta": 3.991909}}
{"target": -35.16503180985108, "params": {"C": 23974.679792650273, "gamma": 0.046279335107340884}, "datetime": {"datetime": "2021-09-29 08:22:50", "elapsed": 1181.85112, "delta": 3.601349}}
{"target": -35.052432168447446, "params": {"C": 22417.55167886637, "gamma": 0.011064784433799567}, "datetime": {"datetime": "2021-09-29 08:22:52", "elapsed": 1184.541342, "delta": 2.690222}}
{"target": -34.507349588874256, "params": {"C": 23266.816311627572, "gamma": 0.018660481259790446}, "datetime": {"datetime": "2021-09-29 08:22:55", "elapsed": 1187.26919, "delta": 2.727848}}
{"target": -35.629830073255, "params": {"C": 24302.92675202752, "gamma": 0.056989060894215404}, "datetime": {"datetime": "2021-09-29 08:22:58", "elapsed": 1189.763949, "delta": 2.494759}}
{"target": -34.69877473937167, "params": {"C": 24088.11700968805, "gamma": 0.03137585557626422}, "datetime": {"datetime": "2021-09-29 08:23:03", "elapsed": 1194.737278, "delta": 4.973329}}
{"target": -35.14565200512686, "params": {"C": 24265.176937898173, "gamma": 0.04548295443546346}, "datetime": {"datetime": "2021-09-29 08:23:06", "elapsed": 1198.522206, "delta": 3.784928}}
{"target": -35.34663873590419, "params": {"C": 21579.85872944966, "gamma": 0.05310815183456126}, "datetime": {"datetime": "2021-09-29 08:23:09", "elapsed": 1201.216487, "delta": 2.694281}}
{"target": -36.058917419028006, "params": {"C": 21998.598106100148, "gamma": 0.005269432061956872}, "datetime": {"datetime": "2021-09-29 08:23:16", "elapsed": 1208.107497, "delta": 6.89101}}
{"target": -34.63588556811628, "params": {"C": 24709.060206039154, "gamma": 0.028393294286950164}, "datetime": {"datetime": "2021-09-29 08:23:20", "elapsed": 1212.063058, "delta": 3.955561}}
{"target": -35.104047029971504, "params": {"C": 24629.642321178104, "gamma": 0.044037406728416925}, "datetime": {"datetime": "2021-09-29 08:23:24", "elapsed": 1216.06163, "delta": 3.998572}}
{"target": -35.68914535322561, "params": {"C": 22576.060382674248, "gamma": 0.0071656808501753995}, "datetime": {"datetime": "2021-09-29 08:23:27", "elapsed": 1218.760122, "delta": 2.698492}}
{"target": -34.575296155726015, "params": {"C": 24728.366708594232, "gamma": 0.015900640338726135}, "datetime": {"datetime": "2021-09-29 08:23:32", "elapsed": 1224.101284, "delta": 5.341162}}
{"target": -35.630524171977385, "params": {"C": 20012.828582394784, "gamma": 0.06329765619832903}, "datetime": {"datetime": "2021-09-29 08:23:34", "elapsed": 1226.706057, "delta": 2.604773}}
{"target": -34.51275400368519, "params": {"C": 24629.63594139598, "gamma": 0.02043284061784838}, "datetime": {"datetime": "2021-09-29 08:23:38", "elapsed": 1230.465143, "delta": 3.759086}}
{"target": -34.58162214287122, "params": {"C": 24624.666510174233, "gamma": 0.025374027028751578}, "datetime": {"datetime": "2021-09-29 08:23:41", "elapsed": 1233.657037, "delta": 3.191894}}
{"target": -34.52813888839775, "params": {"C": 22454.376550921195, "gamma": 0.017099667474646023}, "datetime": {"datetime": "2021-09-29 08:23:48", "elapsed": 1240.607535, "delta": 6.950498}}
{"target": -34.924582551215984, "params": {"C": 23024.269494824184, "gamma": 0.04016451779449124}, "datetime": {"datetime": "2021-09-29 08:23:51", "elapsed": 1243.379149, "delta": 2.771614}}
{"target": -35.988006543141275, "params": {"C": 22114.7426530745, "gamma": 0.005608192257550323}, "datetime": {"datetime": "2021-09-29 08:23:56", "elapsed": 1248.037764, "delta": 4.658615}}
{"target": -34.500000871010386, "params": {"C": 24705.36805859444, "gamma": 0.018898654894736914}, "datetime": {"datetime": "2021-09-29 08:24:00", "elapsed": 1252.125318, "delta": 4.087554}}
{"target": -34.56565991541193, "params": {"C": 24253.15883090768, "gamma": 0.024374287057158526}, "datetime": {"datetime": "2021-09-29 08:24:04", "elapsed": 1255.883354, "delta": 3.758036}}
{"target": -36.209540695024685, "params": {"C": 22416.90081614524, "gamma": 0.07549061437698737}, "datetime": {"datetime": "2021-09-29 08:24:06", "elapsed": 1258.581177, "delta": 2.697823}}
{"target": -35.01030161408688, "params": {"C": 22280.18002180844, "gamma": 0.04337425926491223}, "datetime": {"datetime": "2021-09-29 08:24:10", "elapsed": 1261.868148, "delta": 3.286971}}
{"target": -34.67725776436652, "params": {"C": 21825.6703876064, "gamma": 0.015097567335743273}, "datetime": {"datetime": "2021-09-29 08:24:13", "elapsed": 1265.610899, "delta": 3.742751}}
{"target": -34.707441193791475, "params": {"C": 21712.09207145023, "gamma": 0.03242788020871223}, "datetime": {"datetime": "2021-09-29 08:24:16", "elapsed": 1268.411118, "delta": 2.800219}}
{"target": -34.619028418425266, "params": {"C": 20456.266822370886, "gamma": 0.027848671994475546}, "datetime": {"datetime": "2021-09-29 08:24:20", "elapsed": 1272.277141, "delta": 3.866023}}
{"target": -35.30781105108933, "params": {"C": 20157.431433022506, "gamma": 0.05392069188907047}, "datetime": {"datetime": "2021-09-29 08:24:24", "elapsed": 1275.921295, "delta": 3.644154}}
{"target": -36.166402938769096, "params": {"C": 24930.768526267893, "gamma": 0.0046984498589329685}, "datetime": {"datetime": "2021-09-29 08:24:26", "elapsed": 1278.684035, "delta": 2.76274}}
{"target": -34.86504945103313, "params": {"C": 21631.802746486377, "gamma": 0.03872112598351926}, "datetime": {"datetime": "2021-09-29 08:24:29", "elapsed": 1281.180877, "delta": 2.496842}}
{"target": -34.77041033261003, "params": {"C": 22147.787853290596, "gamma": 0.034975333157968545}, "datetime": {"datetime": "2021-09-29 08:24:32", "elapsed": 1283.836641, "delta": 2.655764}}
{"target": -34.54453916812976, "params": {"C": 24693.41111374026, "gamma": 0.022936745847689066}, "datetime": {"datetime": "2021-09-29 08:24:35", "elapsed": 1286.854179, "delta": 3.017538}}
{"target": -34.61842730216026, "params": {"C": 20913.446316392743, "gamma": 0.027780574417584646}, "datetime": {"datetime": "2021-09-29 08:24:38", "elapsed": 1290.445992, "delta": 3.591813}}
{"target": -35.97254452463613, "params": {"C": 20456.141743309203, "gamma": 0.0057575570066893764}, "datetime": {"datetime": "2021-09-29 08:24:44", "elapsed": 1295.746916, "delta": 5.300924}}
{"target": -34.98998092606217, "params": {"C": 20041.490243060467, "gamma": 0.044303933913038655}, "datetime": {"datetime": "2021-09-29 08:24:48", "elapsed": 1300.496939, "delta": 4.750023}}
{"target": -35.017710930959566, "params": {"C": 24709.064665828155, "gamma": 0.011052128058872113}, "datetime": {"datetime": "2021-09-29 08:24:53", "elapsed": 1305.060475, "delta": 4.563536}}
{"target": -35.34811445816532, "params": {"C": 23823.009560303217, "gamma": 0.008965591797117343}, "datetime": {"datetime": "2021-09-29 08:24:58", "elapsed": 1309.992643, "delta": 4.932168}}
{"target": -35.77039929145842, "params": {"C": 24624.62332471851, "gamma": 0.00660591374375217}, "datetime": {"datetime": "2021-09-29 08:25:04", "elapsed": 1315.909995, "delta": 5.917352}}
{"target": -34.499885107981825, "params": {"C": 24629.660725303685, "gamma": 0.018201503714873297}, "datetime": {"datetime": "2021-09-29 08:25:08", "elapsed": 1320.270185, "delta": 4.36019}}
{"target": -34.541638860095624, "params": {"C": 22203.95095254245, "gamma": 0.02260673788707766}, "datetime": {"datetime": "2021-09-29 08:25:14", "elapsed": 1325.917895, "delta": 5.64771}}
{"target": -34.63597373888292, "params": {"C": 22242.55451847468, "gamma": 0.028668354817140165}, "datetime": {"datetime": "2021-09-29 08:25:22", "elapsed": 1334.506651, "delta": 8.588756}}
{"target": -35.83586581702439, "params": {"C": 24624.664120302372, "gamma": 0.006268971054684793}, "datetime": {"datetime": "2021-09-29 08:25:26", "elapsed": 1338.315345, "delta": 3.808694}}
{"target": -34.9163334477572, "params": {"C": 21825.67289146371, "gamma": 0.012432395507843978}, "datetime": {"datetime": "2021-09-29 08:25:29", "elapsed": 1341.543032, "delta": 3.227687}}
{"target": -34.581207110415804, "params": {"C": 23819.03780935751, "gamma": 0.025373644983594113}, "datetime": {"datetime": "2021-09-29 08:25:37", "elapsed": 1348.869834, "delta": 7.326802}}
{"target": -35.05465746129637, "params": {"C": 21477.6548610158, "gamma": 0.04536169909486386}, "datetime": {"datetime": "2021-09-29 08:25:46", "elapsed": 1358.609621, "delta": 9.739787}}
{"target": -35.09568611933819, "params": {"C": 20705.3729823308, "gamma": 0.01100384997264904}, "datetime": {"datetime": "2021-09-29 08:25:51", "elapsed": 1363.032638, "delta": 4.423017}}
{"target": -34.55120200165773, "params": {"C": 21627.074048790564, "gamma": 0.023307097821808162}, "datetime": {"datetime": "2021-09-29 08:25:54", "elapsed": 1366.031359, "delta": 2.998721}}
{"target": -35.7204171728123, "params": {"C": 23266.832320922633, "gamma": 0.006948952611058562}, "datetime": {"datetime": "2021-09-29 08:25:58", "elapsed": 1370.557517, "delta": 4.526158}}
{"target": -34.97965476847939, "params": {"C": 23589.736747280665, "gamma": 0.04143128394912951}, "datetime": {"datetime": "2021-09-29 08:26:02", "elapsed": 1373.828631, "delta": 3.271114}}
{"target": -34.50501874263056, "params": {"C": 23651.75146973741, "gamma": 0.01833893716426472}, "datetime": {"datetime": "2021-09-29 08:26:04", "elapsed": 1376.597337, "delta": 2.768706}}
{"target": -34.78377576954503, "params": {"C": 24290.00747561653, "gamma": 0.0345750073004829}, "datetime": {"datetime": "2021-09-29 08:26:11", "elapsed": 1382.838897, "delta": 6.24156}}
{"target": -36.2490156091208, "params": {"C": 24310.811559245998, "gamma": 0.07347130494853897}, "datetime": {"datetime": "2021-09-29 08:26:13", "elapsed": 1385.536966, "delta": 2.698069}}
{"target": -35.00632066193056, "params": {"C": 22039.86955341942, "gamma": 0.04346721134518796}, "datetime": {"datetime": "2021-09-29 08:26:17", "elapsed": 1389.348321, "delta": 3.811355}}
{"target": -35.96267588584036, "params": {"C": 24705.365235986825, "gamma": 0.005616178290604958}, "datetime": {"datetime": "2021-09-29 08:26:24", "elapsed": 1396.332136, "delta": 6.983815}}
{"target": -34.520770606020015, "params": {"C": 23266.790541430375, "gamma": 0.02099189684077012}, "datetime": {"datetime": "2021-09-29 08:26:33", "elapsed": 1405.331715, "delta": 8.999579}}
{"target": -34.63232367241727, "params": {"C": 20812.12584779884, "gamma": 0.02860421046286273}, "datetime": {"datetime": "2021-09-29 08:26:44", "elapsed": 1416.483259, "delta": 11.151544}}
{"target": -34.50132150823229, "params": {"C": 24705.382970403396, "gamma": 0.019402072616508174}, "datetime": {"datetime": "2021-09-29 08:26:48", "elapsed": 1420.071654, "delta": 3.588395}}
{"target": -34.58306823229289, "params": {"C": 23266.80193103396, "gamma": 0.025505336929989728}, "datetime": {"datetime": "2021-09-29 08:26:52", "elapsed": 1423.995858, "delta": 3.924204}}
{"target": -35.896297312560556, "params": {"C": 20869.25239482258, "gamma": 0.006119654055821461}, "datetime": {"datetime": "2021-09-29 08:26:57", "elapsed": 1429.470626, "delta": 5.474768}}
{"target": -34.65824513450716, "params": {"C": 23642.26916207354, "gamma": 0.02966890162489903}, "datetime": {"datetime": "2021-09-29 08:27:03", "elapsed": 1434.995109, "delta": 5.524483}}
{"target": -34.81046950496817, "params": {"C": 22680.163932207528, "gamma": 0.03623609710111703}, "datetime": {"datetime": "2021-09-29 08:27:08", "elapsed": 1440.001093, "delta": 5.005984}}
{"target": -35.572897005673774, "params": {"C": 22680.16727550983, "gamma": 0.007804509351376996}, "datetime": {"datetime": "2021-09-29 08:27:12", "elapsed": 1444.038473, "delta": 4.03738}}
{"target": -34.99785454224032, "params": {"C": 22938.741807503302, "gamma": 0.04246965904989585}, "datetime": {"datetime": "2021-09-29 08:27:15", "elapsed": 1447.430967, "delta": 3.392494}}
{"target": -34.97996173084787, "params": {"C": 22921.36704568808, "gamma": 0.04196993047137755}, "datetime": {"datetime": "2021-09-29 08:27:20", "elapsed": 1451.780109, "delta": 4.349142}}
{"target": -34.81523480559419, "params": {"C": 21567.06490524805, "gamma": 0.03691174052794483}, "datetime": {"datetime": "2021-09-29 08:27:23", "elapsed": 1455.348636, "delta": 3.568527}}
{"target": -34.52691240022608, "params": {"C": 23510.837578945488, "gamma": 0.01686866825518755}, "datetime": {"datetime": "2021-09-29 08:27:27", "elapsed": 1458.998125, "delta": 3.649489}}
{"target": -35.16901638996622, "params": {"C": 23461.19445889738, "gamma": 0.010078042233201356}, "datetime": {"datetime": "2021-09-29 08:27:32", "elapsed": 1463.99619, "delta": 4.998065}}
{"target": -34.620049154112635, "params": {"C": 23700.335936015417, "gamma": 0.015469468265963873}, "datetime": {"datetime": "2021-09-29 08:27:37", "elapsed": 1469.149074, "delta": 5.152884}}
{"target": -34.98962106365265, "params": {"C": 22459.841208964244, "gamma": 0.011603718689328045}, "datetime": {"datetime": "2021-09-29 08:27:42", "elapsed": 1473.902451, "delta": 4.753377}}
{"target": -35.40680571277605, "params": {"C": 20517.8784131763, "gamma": 0.056038257362793636}, "datetime": {"datetime": "2021-09-29 08:27:49", "elapsed": 1481.020742, "delta": 7.118291}}
{"target": -36.02021508046217, "params": {"C": 23651.741436720076, "gamma": 0.005396906895979471}, "datetime": {"datetime": "2021-09-29 08:27:55", "elapsed": 1487.572726, "delta": 6.551984}}
{"target": -35.35668589036132, "params": {"C": 22066.213560052453, "gamma": 0.05277575948377487}, "datetime": {"datetime": "2021-09-29 08:28:02", "elapsed": 1494.388151, "delta": 6.815425}}
{"target": -35.478074037700644, "params": {"C": 20115.594053144683, "gamma": 0.008624726219332876}, "datetime": {"datetime": "2021-09-29 08:28:11", "elapsed": 1503.005319, "delta": 8.617168}}
{"target": -35.52849029492498, "params": {"C": 24693.397072405336, "gamma": 0.007873634468382011}, "datetime": {"datetime": "2021-09-29 08:28:16", "elapsed": 1508.345145, "delta": 5.339826}}
{"target": -34.52936249329376, "params": {"C": 23748.97112799359, "gamma": 0.021741133858318964}, "datetime": {"datetime": "2021-09-29 08:28:24", "elapsed": 1516.448874, "delta": 8.103729}}
{"target": -36.28884353675703, "params": {"C": 22689.769583626534, "gamma": 0.07741127297080515}, "datetime": {"datetime": "2021-09-29 08:28:28", "elapsed": 1519.859192, "delta": 3.410318}}
{"target": -34.53031919812929, "params": {"C": 22949.139508002103, "gamma": 0.021759114236272453}, "datetime": {"datetime": "2021-09-29 08:28:31", "elapsed": 1523.302789, "delta": 3.443597}}
{"target": -34.65850937907495, "params": {"C": 23748.94956080712, "gamma": 0.029667274783943175}, "datetime": {"datetime": "2021-09-29 08:28:39", "elapsed": 1531.397559, "delta": 8.09477}}
{"target": -34.71364071585271, "params": {"C": 20404.819534712875, "gamma": 0.03299909547534156}, "datetime": {"datetime": "2021-09-29 08:28:44", "elapsed": 1536.017242, "delta": 4.619683}}
{"target": -34.798171125115864, "params": {"C": 20712.28886483652, "gamma": 0.03667359637573508}, "datetime": {"datetime": "2021-09-29 08:28:50", "elapsed": 1542.704214, "delta": 6.686972}}
{"target": -35.28342487873739, "params": {"C": 22280.188871361755, "gamma": 0.009542619123949549}, "datetime": {"datetime": "2021-09-29 08:28:57", "elapsed": 1549.208894, "delta": 6.50468}}
