{"target": -61.82452138593299, "params": {"C": 5508.42822784318, "gamma": 0.708177007835843}, "datetime": {"datetime": "2021-10-04 11:27:14", "elapsed": 0.0, "delta": 0.0}}
{"target": -62.97111966267357, "params": {"C": 2909.75648439053, "gamma": 0.5108765224371432}, "datetime": {"datetime": "2021-10-04 11:27:14", "elapsed": 0.153466, "delta": 0.153466}}
{"target": -60.94543801746222, "params": {"C": 8929.5765965222, "gamma": 0.8963034596245447}, "datetime": {"datetime": "2021-10-04 11:27:14", "elapsed": 0.316262, "delta": 0.162796}}
{"target": -61.41969463290169, "params": {"C": 1256.7275193278988, "gamma": 0.20732215385037292}, "datetime": {"datetime": "2021-10-04 11:27:14", "elapsed": 0.485567, "delta": 0.169305}}
{"target": -70.30289963007476, "params": {"C": 515.6205658049979, "gamma": 0.4408657626662714}, "datetime": {"datetime": "2021-10-04 11:27:14", "elapsed": 0.654862, "delta": 0.169295}}
{"target": -60.81622004359882, "params": {"C": 8928.061902690519, "gamma": 0.8759108844282867}, "datetime": {"datetime": "2021-10-04 11:27:15", "elapsed": 0.855436, "delta": 0.200574}}
{"target": -59.56186427064882, "params": {"C": 8853.580839077613, "gamma": 0.7089367957777526}, "datetime": {"datetime": "2021-10-04 11:27:15", "elapsed": 1.122925, "delta": 0.267489}}
{"target": -52.98408915714822, "params": {"C": 8729.047388801182, "gamma": 0.11429810990350014}, "datetime": {"datetime": "2021-10-04 11:27:15", "elapsed": 1.355995, "delta": 0.23307}}
{"target": -61.61901896112166, "params": {"C": 8665.550021642797, "gamma": 0.9955194153633667}, "datetime": {"datetime": "2021-10-04 11:27:15", "elapsed": 1.634696, "delta": 0.278701}}
{"target": -60.02890049617067, "params": {"C": 8766.931606525846, "gamma": 0.7560966972385211}, "datetime": {"datetime": "2021-10-04 11:27:16", "elapsed": 1.935497, "delta": 0.300801}}
{"target": -72.63772117705845, "params": {"C": 8709.340970380179, "gamma": 0.0001}, "datetime": {"datetime": "2021-10-04 11:27:16", "elapsed": 2.189503, "delta": 0.254006}}
{"target": -53.57775742155879, "params": {"C": 8735.24762376315, "gamma": 0.17285178994643555}, "datetime": {"datetime": "2021-10-04 11:27:16", "elapsed": 2.421312, "delta": 0.231809}}
{"target": -56.18515472796684, "params": {"C": 8748.366442557679, "gamma": 0.3924412568779309}, "datetime": {"datetime": "2021-10-04 11:27:16", "elapsed": 2.637508, "delta": 0.216196}}
{"target": -58.844635747397994, "params": {"C": 8877.93175485268, "gamma": 0.6396923888514923}, "datetime": {"datetime": "2021-10-04 11:27:17", "elapsed": 2.864289, "delta": 0.226781}}
{"target": -55.69320685313009, "params": {"C": 8899.340535948737, "gamma": 0.3589897245321521}, "datetime": {"datetime": "2021-10-04 11:27:17", "elapsed": 3.122634, "delta": 0.258345}}
{"target": -52.88742839353822, "params": {"C": 8827.919585899555, "gamma": 0.09982643908575402}, "datetime": {"datetime": "2021-10-04 11:27:17", "elapsed": 3.392255, "delta": 0.269621}}
{"target": -54.50096901159185, "params": {"C": 8815.363483939253, "gamma": 0.0220133824578546}, "datetime": {"datetime": "2021-10-04 11:27:17", "elapsed": 3.661846, "delta": 0.269591}}
{"target": -57.1626902210805, "params": {"C": 8796.679795707272, "gamma": 0.48152295731459954}, "datetime": {"datetime": "2021-10-04 11:27:18", "elapsed": 3.956176, "delta": 0.29433}}
{"target": -59.350510969702164, "params": {"C": 7384.256731378209, "gamma": 0.6058748320103876}, "datetime": {"datetime": "2021-10-04 11:27:18", "elapsed": 4.21015, "delta": 0.253974}}
{"target": -61.50799269193723, "params": {"C": 7422.226161548472, "gamma": 0.8546314118591638}, "datetime": {"datetime": "2021-10-04 11:27:18", "elapsed": 4.426352, "delta": 0.216202}}
{"target": -60.59766995062421, "params": {"C": 8838.235649270195, "gamma": 0.8367630317524781}, "datetime": {"datetime": "2021-10-04 11:27:18", "elapsed": 4.680349, "delta": 0.253997}}
{"target": -59.97274349879581, "params": {"C": 7354.362835832904, "gamma": 0.659867474768588}, "datetime": {"datetime": "2021-10-04 11:27:19", "elapsed": 4.943433, "delta": 0.263084}}
{"target": -65.36831302825091, "params": {"C": 3255.394178009626, "gamma": 0.824954459990916}, "datetime": {"datetime": "2021-10-04 11:27:19", "elapsed": 5.181512, "delta": 0.238079}}
{"target": -58.9801817832226, "params": {"C": 7310.3370405510395, "gamma": 0.5707208111687441}, "datetime": {"datetime": "2021-10-04 11:27:19", "elapsed": 5.498, "delta": 0.316488}}
{"target": -60.30603909712273, "params": {"C": 8822.53700692009, "gamma": 0.7947763181196285}, "datetime": {"datetime": "2021-10-04 11:27:20", "elapsed": 5.767636, "delta": 0.269636}}
{"target": -58.81505753897271, "params": {"C": 8809.607063330755, "gamma": 0.6334745647248027}, "datetime": {"datetime": "2021-10-04 11:27:20", "elapsed": 6.03077, "delta": 0.263134}}
{"target": -52.910770023410166, "params": {"C": 8740.666603406224, "gamma": 0.10089278597112582}, "datetime": {"datetime": "2021-10-04 11:27:20", "elapsed": 6.284747, "delta": 0.253977}}
{"target": -61.001721105269674, "params": {"C": 8724.194036177003, "gamma": 0.8891757326084562}, "datetime": {"datetime": "2021-10-04 11:27:20", "elapsed": 6.601258, "delta": 0.316511}}
{"target": -52.94737350839665, "params": {"C": 8831.447345382816, "gamma": 0.11161323237989262}, "datetime": {"datetime": "2021-10-04 11:27:21", "elapsed": 6.917419, "delta": 0.316161}}
{"target": -52.80193246520986, "params": {"C": 8892.009717644785, "gamma": 0.08057881050385786}, "datetime": {"datetime": "2021-10-04 11:27:21", "elapsed": 7.18682, "delta": 0.269401}}
{"target": -58.51447947779969, "params": {"C": 8786.927068010435, "gamma": 0.6046351511190651}, "datetime": {"datetime": "2021-10-04 11:27:21", "elapsed": 7.487678, "delta": 0.300858}}
{"target": -59.62161925521524, "params": {"C": 8888.479979185362, "gamma": 0.7173402503485165}, "datetime": {"datetime": "2021-10-04 11:27:22", "elapsed": 7.804145, "delta": 0.316467}}
{"target": -54.50986844503543, "params": {"C": 8894.935342984423, "gamma": 0.2542811175673238}, "datetime": {"datetime": "2021-10-04 11:27:22", "elapsed": 8.151627, "delta": 0.347482}}
{"target": -54.59166780834029, "params": {"C": 8906.439812799077, "gamma": 0.261162246840717}, "datetime": {"datetime": "2021-10-04 11:27:22", "elapsed": 8.505915, "delta": 0.354288}}
{"target": -60.010893382791906, "params": {"C": 8912.619354791808, "gamma": 0.7633807042344322}, "datetime": {"datetime": "2021-10-04 11:27:23", "elapsed": 8.806777, "delta": 0.300862}}
{"target": -56.47959202488685, "params": {"C": 8756.245838403753, "gamma": 0.011826654010740983}, "datetime": {"datetime": "2021-10-04 11:27:23", "elapsed": 9.13871, "delta": 0.331933}}
{"target": -52.85025023788875, "params": {"C": 8731.773077260741, "gamma": 0.06293712919668566}, "datetime": {"datetime": "2021-10-04 11:27:23", "elapsed": 9.571171, "delta": 0.432461}}
{"target": -61.22272748827203, "params": {"C": 1694.9701885175732, "gamma": 0.013910478345221246}, "datetime": {"datetime": "2021-10-04 11:27:24", "elapsed": 9.909843, "delta": 0.338672}}
{"target": -61.171815288599966, "params": {"C": 5148.194297976764, "gamma": 0.6100859184298946}, "datetime": {"datetime": "2021-10-04 11:27:24", "elapsed": 10.226373, "delta": 0.31653}}
{"target": -68.07048972915302, "params": {"C": 1384.6087766666142, "gamma": 0.6379142923566953}, "datetime": {"datetime": "2021-10-04 11:27:24", "elapsed": 10.558581, "delta": 0.332208}}
{"target": -53.42068650043875, "params": {"C": 7292.575535183051, "gamma": 0.12014178753014447}, "datetime": {"datetime": "2021-10-04 11:27:25", "elapsed": 10.881668, "delta": 0.323087}}
{"target": -61.3177153910141, "params": {"C": 7286.731665634161, "gamma": 0.8135052635401152}, "datetime": {"datetime": "2021-10-04 11:27:25", "elapsed": 11.213397, "delta": 0.331729}}
{"target": -57.21774049917441, "params": {"C": 7297.69502996609, "gamma": 0.4191360291544591}, "datetime": {"datetime": "2021-10-04 11:27:25", "elapsed": 11.59892, "delta": 0.385523}}
{"target": -61.55534789600835, "params": {"C": 6806.343807732327, "gamma": 0.8016824788749808}, "datetime": {"datetime": "2021-10-04 11:27:26", "elapsed": 11.930873, "delta": 0.331953}}
{"target": -60.732151681569, "params": {"C": 7326.03200548694, "gamma": 0.739112629169267}, "datetime": {"datetime": "2021-10-04 11:27:26", "elapsed": 12.285152, "delta": 0.354279}}
{"target": -60.41891538440104, "params": {"C": 6628.842853423834, "gamma": 0.6548646656100918}, "datetime": {"datetime": "2021-10-04 11:27:26", "elapsed": 12.632985, "delta": 0.347833}}
{"target": -55.2823129542423, "params": {"C": 3471.413279133598, "gamma": 0.11570285332329172}, "datetime": {"datetime": "2021-10-04 11:27:27", "elapsed": 13.028886, "delta": 0.395901}}
{"target": -55.39741500119438, "params": {"C": 3477.9277577861, "gamma": 0.12334707837921614}, "datetime": {"datetime": "2021-10-04 11:27:27", "elapsed": 13.360661, "delta": 0.331775}}
{"target": -60.48845793554984, "params": {"C": 3464.5088210194044, "gamma": 0.413275412625461}, "datetime": {"datetime": "2021-10-04 11:27:27", "elapsed": 13.692796, "delta": 0.332135}}
{"target": -58.975107503806996, "params": {"C": 3485.1084240060195, "gamma": 0.32347480194563155}, "datetime": {"datetime": "2021-10-04 11:27:28", "elapsed": 14.031424, "delta": 0.338628}}
{"target": -62.84979369791405, "params": {"C": 3694.630417841113, "gamma": 0.6054498911227189}, "datetime": {"datetime": "2021-10-04 11:27:28", "elapsed": 14.379211, "delta": 0.347787}}
{"target": -61.40105181527184, "params": {"C": 8744.254959591866, "gamma": 0.9605170410506318}, "datetime": {"datetime": "2021-10-04 11:27:29", "elapsed": 14.780423, "delta": 0.401212}}
{"target": -55.93236332011738, "params": {"C": 8738.413022520677, "gamma": 0.3718507470660876}, "datetime": {"datetime": "2021-10-04 11:27:29", "elapsed": 15.134469, "delta": 0.354046}}
{"target": -60.84399790556649, "params": {"C": 8903.727207269878, "gamma": 0.8783428040415718}, "datetime": {"datetime": "2021-10-04 11:27:29", "elapsed": 15.466602, "delta": 0.332133}}
{"target": -61.07972469911948, "params": {"C": 8829.688059148031, "gamma": 0.910398560098025}, "datetime": {"datetime": "2021-10-04 11:27:30", "elapsed": 15.79884, "delta": 0.332238}}
{"target": -60.362666624267845, "params": {"C": 8730.735723514936, "gamma": 0.7958036248133691}, "datetime": {"datetime": "2021-10-04 11:27:30", "elapsed": 16.130964, "delta": 0.332124}}
{"target": -59.741513635363894, "params": {"C": 3485.328906411422, "gamma": 0.37399842762674523}, "datetime": {"datetime": "2021-10-04 11:27:30", "elapsed": 16.46968, "delta": 0.338716}}
{"target": -59.38671191542517, "params": {"C": 8827.704818651804, "gamma": 0.6894678386702963}, "datetime": {"datetime": "2021-10-04 11:27:31", "elapsed": 16.802406, "delta": 0.332726}}
{"target": -53.171196005721264, "params": {"C": 8729.582936144352, "gamma": 0.13705234915559278}, "datetime": {"datetime": "2021-10-04 11:27:31", "elapsed": 17.13928, "delta": 0.336874}}
{"target": -57.2391423756877, "params": {"C": 8740.00207016366, "gamma": 0.48603410727700874}, "datetime": {"datetime": "2021-10-04 11:27:31", "elapsed": 17.476431, "delta": 0.337151}}
{"target": -52.84726983872965, "params": {"C": 8828.533332304405, "gamma": 0.09099323134497136}, "datetime": {"datetime": "2021-10-04 11:27:32", "elapsed": 17.824193, "delta": 0.347762}}
{"target": -58.01974032734751, "params": {"C": 8892.646360413664, "gamma": 0.564347065931108}, "datetime": {"datetime": "2021-10-04 11:27:32", "elapsed": 18.225441, "delta": 0.401248}}
{"target": -55.28893983816324, "params": {"C": 8832.173164287828, "gamma": 0.3230167414307029}, "datetime": {"datetime": "2021-10-04 11:27:32", "elapsed": 18.626568, "delta": 0.401127}}
{"target": -61.227458839567035, "params": {"C": 8729.029064493996, "gamma": 0.927346323915201}, "datetime": {"datetime": "2021-10-04 11:27:33", "elapsed": 19.027702, "delta": 0.401134}}
{"target": -53.215531622117794, "params": {"C": 7291.856239852533, "gamma": 0.09529157413810702}, "datetime": {"datetime": "2021-10-04 11:27:33", "elapsed": 19.397304, "delta": 0.369602}}
{"target": -56.498218516259435, "params": {"C": 8891.36451858156, "gamma": 0.42526391383831824}, "datetime": {"datetime": "2021-10-04 11:27:34", "elapsed": 19.782812, "delta": 0.385508}}
{"target": -56.00143485563508, "params": {"C": 8732.521609216834, "gamma": 0.3770476279562113}, "datetime": {"datetime": "2021-10-04 11:27:34", "elapsed": 20.168347, "delta": 0.385535}}
{"target": -56.28736996833215, "params": {"C": 8734.58043887601, "gamma": 0.40046006228108527}, "datetime": {"datetime": "2021-10-04 11:27:34", "elapsed": 20.547352, "delta": 0.379005}}
{"target": -60.59236751767821, "params": {"C": 8736.101213411092, "gamma": 0.8281466728650535}, "datetime": {"datetime": "2021-10-04 11:27:35", "elapsed": 20.932937, "delta": 0.385585}}
{"target": -59.58382681114415, "params": {"C": 8741.31336465068, "gamma": 0.704735172544594}, "datetime": {"datetime": "2021-10-04 11:27:35", "elapsed": 21.333915, "delta": 0.400978}}
{"target": -61.07485255148677, "params": {"C": 7292.568220157827, "gamma": 0.7798745818145354}, "datetime": {"datetime": "2021-10-04 11:27:35", "elapsed": 21.703792, "delta": 0.369877}}
{"target": -58.07262114395291, "params": {"C": 8831.236263523153, "gamma": 0.5666732826007865}, "datetime": {"datetime": "2021-10-04 11:27:36", "elapsed": 22.104533, "delta": 0.400741}}
{"target": -61.54005330845125, "params": {"C": 8849.000491055116, "gamma": 0.9980405338626168}, "datetime": {"datetime": "2021-10-04 11:27:36", "elapsed": 22.45237, "delta": 0.347837}}
{"target": -56.69346591716936, "params": {"C": 2781.5651201461797, "gamma": 0.14991086985499602}, "datetime": {"datetime": "2021-10-04 11:27:37", "elapsed": 22.806614, "delta": 0.354244}}
{"target": -61.52448981436895, "params": {"C": 4760.341963874284, "gamma": 0.606158823206799}, "datetime": {"datetime": "2021-10-04 11:27:37", "elapsed": 23.175778, "delta": 0.369164}}
{"target": -59.504229514411904, "params": {"C": 8731.81396908596, "gamma": 0.6959614659574237}, "datetime": {"datetime": "2021-10-04 11:27:37", "elapsed": 23.608215, "delta": 0.432437}}
{"target": -58.230816034684416, "params": {"C": 7291.216563657435, "gamma": 0.508186976353216}, "datetime": {"datetime": "2021-10-04 11:27:38", "elapsed": 23.99372, "delta": 0.385505}}
{"target": -52.9466655842269, "params": {"C": 8828.363017502816, "gamma": 0.11135325085096767}, "datetime": {"datetime": "2021-10-04 11:27:38", "elapsed": 24.372717, "delta": 0.378997}}
{"target": -53.28294287964499, "params": {"C": 8895.671955499545, "gamma": 0.15261584249820156}, "datetime": {"datetime": "2021-10-04 11:27:39", "elapsed": 24.796027, "delta": 0.42331}}
{"target": -59.67859800783674, "params": {"C": 8895.124396486013, "gamma": 0.7239262459831415}, "datetime": {"datetime": "2021-10-04 11:27:39", "elapsed": 25.22841, "delta": 0.432383}}
{"target": -57.25842921677673, "params": {"C": 8814.705176804257, "gamma": 0.491022851252719}, "datetime": {"datetime": "2021-10-04 11:27:39", "elapsed": 25.645294, "delta": 0.416884}}
{"target": -60.21592431606601, "params": {"C": 8815.520890670132, "gamma": 0.7825330744214072}, "datetime": {"datetime": "2021-10-04 11:27:40", "elapsed": 26.06209, "delta": 0.416796}}
{"target": -64.18476842873713, "params": {"C": 3050.9182741512413, "gamma": 0.6345491808238694}, "datetime": {"datetime": "2021-10-04 11:27:40", "elapsed": 26.463398, "delta": 0.401308}}
{"target": -61.191587486980566, "params": {"C": 8906.685767476472, "gamma": 0.9361760773645585}, "datetime": {"datetime": "2021-10-04 11:27:41", "elapsed": 26.848586, "delta": 0.385188}}
{"target": -63.60667189087515, "params": {"C": 2732.3418262137793, "gamma": 0.534138368028377}, "datetime": {"datetime": "2021-10-04 11:27:41", "elapsed": 27.265098, "delta": 0.416512}}
{"target": -54.0540928721969, "params": {"C": 8905.539575024059, "gamma": 0.21602427092044318}, "datetime": {"datetime": "2021-10-04 11:27:41", "elapsed": 27.704037, "delta": 0.438939}}
{"target": -55.19926710914128, "params": {"C": 3472.153183928303, "gamma": 0.04532921048481014}, "datetime": {"datetime": "2021-10-04 11:27:42", "elapsed": 28.136461, "delta": 0.432424}}
{"target": -65.08861593534661, "params": {"C": 3471.872776541224, "gamma": 0.8320486267606448}, "datetime": {"datetime": "2021-10-04 11:27:42", "elapsed": 28.56906, "delta": 0.432599}}
{"target": -57.2352543677334, "params": {"C": 8896.506579090523, "gamma": 0.4924502606239443}, "datetime": {"datetime": "2021-10-04 11:27:43", "elapsed": 28.992442, "delta": 0.423382}}
{"target": -66.65437939756163, "params": {"C": 2958.6478595544904, "gamma": 0.9996478742212704}, "datetime": {"datetime": "2021-10-04 11:27:43", "elapsed": 29.393153, "delta": 0.400711}}
{"target": -60.290445640369036, "params": {"C": 8905.79788740319, "gamma": 0.7985501847479654}, "datetime": {"datetime": "2021-10-04 11:27:44", "elapsed": 29.872559, "delta": 0.479406}}
{"target": -55.18257487216922, "params": {"C": 8731.424533383719, "gamma": 0.017372798244519164}, "datetime": {"datetime": "2021-10-04 11:27:44", "elapsed": 30.327154, "delta": 0.454595}}
{"target": -74.32966086962486, "params": {"C": 106.62182274257441, "gamma": 0.5928718347701687}, "datetime": {"datetime": "2021-10-04 11:27:44", "elapsed": 30.728301, "delta": 0.401147}}
{"target": -57.00671334358107, "params": {"C": 8898.553148882958, "gamma": 0.47159455691148955}, "datetime": {"datetime": "2021-10-04 11:27:45", "elapsed": 31.226099, "delta": 0.497798}}
{"target": -53.01767319095072, "params": {"C": 8894.009592861588, "gamma": 0.1250387106663071}, "datetime": {"datetime": "2021-10-04 11:27:45", "elapsed": 31.72766, "delta": 0.501561}}
{"target": -65.39353887097099, "params": {"C": 3478.357598475468, "gamma": 0.8884676059775712}, "datetime": {"datetime": "2021-10-04 11:27:46", "elapsed": 32.228877, "delta": 0.501217}}
{"target": -55.631406994441384, "params": {"C": 4885.1489848103165, "gamma": 0.024084542058983766}, "datetime": {"datetime": "2021-10-04 11:27:46", "elapsed": 32.676982, "delta": 0.448105}}
{"target": -58.832295271589174, "params": {"C": 9374.332381205417, "gamma": 0.6632259120049884}, "datetime": {"datetime": "2021-10-04 11:27:47", "elapsed": 33.084076, "delta": 0.407094}}
{"target": -59.601765976723286, "params": {"C": 9374.348974654413, "gamma": 0.7436606091738258}, "datetime": {"datetime": "2021-10-04 11:27:47", "elapsed": 33.500655, "delta": 0.416579}}
{"target": -61.43136170216778, "params": {"C": 8893.878767416303, "gamma": 0.9803092315022773}, "datetime": {"datetime": "2021-10-04 11:27:48", "elapsed": 34.002138, "delta": 0.501483}}
{"target": -57.47372773658357, "params": {"C": 3477.0578835636757, "gamma": 0.2292759933016958}, "datetime": {"datetime": "2021-10-04 11:27:48", "elapsed": 34.566283, "delta": 0.564145}}
{"target": -53.27334901259773, "params": {"C": 8904.887646533944, "gamma": 0.15198904959016038}, "datetime": {"datetime": "2021-10-04 11:27:49", "elapsed": 35.080636, "delta": 0.514353}}
{"target": -53.20448323585701, "params": {"C": 8893.375907755364, "gamma": 0.14481513956456124}, "datetime": {"datetime": "2021-10-04 11:27:49", "elapsed": 35.581251, "delta": 0.500615}}
{"target": -54.403510743198005, "params": {"C": 4884.22636603036, "gamma": 0.12050131298690579}, "datetime": {"datetime": "2021-10-04 11:27:50", "elapsed": 36.098002, "delta": 0.516751}}
{"target": -62.960991732173134, "params": {"C": 4884.625780405492, "gamma": 0.7801408974028843}, "datetime": {"datetime": "2021-10-04 11:27:50", "elapsed": 36.654417, "delta": 0.556415}}
{"target": -53.50109764365442, "params": {"C": 8728.470797196114, "gamma": 0.1666980119585587}, "datetime": {"datetime": "2021-10-04 11:27:51", "elapsed": 37.187738, "delta": 0.533321}}
{"target": -54.312770972455745, "params": {"C": 4883.74470664357, "gamma": 0.046637545532454444}, "datetime": {"datetime": "2021-10-04 11:27:51", "elapsed": 37.750831, "delta": 0.563093}}
{"target": -58.69017189501929, "params": {"C": 8892.645733431407, "gamma": 0.006406148226533107}, "datetime": {"datetime": "2021-10-04 11:27:52", "elapsed": 38.305506, "delta": 0.554675}}
{"target": -55.469894468573536, "params": {"C": 3470.655303598388, "gamma": 0.12744849652973406}, "datetime": {"datetime": "2021-10-04 11:27:53", "elapsed": 38.792109, "delta": 0.486603}}
{"target": -57.849438931183485, "params": {"C": 9589.016752529687, "gamma": 0.5783831774102365}, "datetime": {"datetime": "2021-10-04 11:27:53", "elapsed": 39.292112, "delta": 0.500003}}
{"target": -56.68793492894223, "params": {"C": 4882.940647327235, "gamma": 0.25860078194576624}, "datetime": {"datetime": "2021-10-04 11:27:54", "elapsed": 39.893276, "delta": 0.601164}}
{"target": -52.879945086359385, "params": {"C": 8900.149451895993, "gamma": 0.05513136760767358}, "datetime": {"datetime": "2021-10-04 11:27:54", "elapsed": 40.556952, "delta": 0.663676}}
{"target": -57.288232850274966, "params": {"C": 8727.856753917633, "gamma": 0.48995479902716205}, "datetime": {"datetime": "2021-10-04 11:27:55", "elapsed": 41.06047, "delta": 0.503518}}
{"target": -52.859887997498234, "params": {"C": 8894.848653714049, "gamma": 0.09690242558235568}, "datetime": {"datetime": "2021-10-04 11:27:55", "elapsed": 41.563126, "delta": 0.502656}}
{"target": -58.77387137008473, "params": {"C": 8900.701415760752, "gamma": 0.6340820268030191}, "datetime": {"datetime": "2021-10-04 11:27:56", "elapsed": 42.06645, "delta": 0.503324}}
{"target": -52.82127013038717, "params": {"C": 8907.430711166147, "gamma": 0.06218269439196488}, "datetime": {"datetime": "2021-10-04 11:27:56", "elapsed": 42.614933, "delta": 0.548483}}
{"target": -56.63615483365016, "params": {"C": 8907.7888919673, "gamma": 0.4388538830058459}, "datetime": {"datetime": "2021-10-04 11:27:57", "elapsed": 43.13805, "delta": 0.523117}}
{"target": -53.47618117887569, "params": {"C": 7293.206997687619, "gamma": 0.04476014334941385}, "datetime": {"datetime": "2021-10-04 11:27:57", "elapsed": 43.655072, "delta": 0.517022}}
