{"target": -46.57833628744205, "params": {"C": 440.8318319937294, "gamma": 0.4047091423606626}, "datetime": {"datetime": "2021-09-29 17:00:37", "elapsed": 63.817766, "delta": 0.733641}}
{"target": -41.94782563329038, "params": {"C": 615.1023241765344, "gamma": 0.035547776401429004}, "datetime": {"datetime": "2021-09-29 17:00:38", "elapsed": 64.538185, "delta": 0.720419}}
{"target": -42.51181452954272, "params": {"C": 615.209516136459, "gamma": 0.10082537017458719}, "datetime": {"datetime": "2021-09-29 17:00:39", "elapsed": 65.522788, "delta": 0.984603}}
{"target": -43.88631039719566, "params": {"C": 879.0829757322549, "gamma": 0.19895776202248153}, "datetime": {"datetime": "2021-09-29 17:00:40", "elapsed": 66.475406, "delta": 0.952618}}
{"target": -46.70843929142101, "params": {"C": 878.8733401606445, "gamma": 0.001}, "datetime": {"datetime": "2021-09-29 17:00:41", "elapsed": 67.393889, "delta": 0.918483}}
{"target": -44.8965565470674, "params": {"C": 878.9281060526836, "gamma": 0.28061521123738337}, "datetime": {"datetime": "2021-09-29 17:00:41", "elapsed": 68.173326, "delta": 0.779437}}
{"target": -47.62487595248494, "params": {"C": 97.17907992263063, "gamma": 0.348239272014367}, "datetime": {"datetime": "2021-09-29 17:00:42", "elapsed": 68.894331, "delta": 0.721005}}
{"target": -43.19525203353658, "params": {"C": 508.809135332552, "gamma": 0.015956148088021996}, "datetime": {"datetime": "2021-09-29 17:00:43", "elapsed": 69.722067, "delta": 0.827736}}
{"target": -43.91474853723384, "params": {"C": 509.0975165257777, "gamma": 0.16501989959064084}, "datetime": {"datetime": "2021-09-29 17:00:44", "elapsed": 70.549282, "delta": 0.827215}}
{"target": -46.626127664416835, "params": {"C": 437.4296680331276, "gamma": 0.4120498958354812}, "datetime": {"datetime": "2021-09-29 17:00:45", "elapsed": 71.342317, "delta": 0.793035}}
{"target": -42.00166370696851, "params": {"C": 556.5673703024818, "gamma": 0.05294417879777035}, "datetime": {"datetime": "2021-09-29 17:00:46", "elapsed": 72.232199, "delta": 0.889882}}
{"target": -42.97528359667306, "params": {"C": 615.0940956463228, "gamma": 0.125673761484542}, "datetime": {"datetime": "2021-09-29 17:00:47", "elapsed": 73.226626, "delta": 0.994427}}
{"target": -43.29011973643227, "params": {"C": 509.2030561890915, "gamma": 0.014949183770632393}, "datetime": {"datetime": "2021-09-29 17:00:47", "elapsed": 74.034858, "delta": 0.808232}}
{"target": -41.646040753347926, "params": {"C": 879.1943480864162, "gamma": 0.07283696928628772}, "datetime": {"datetime": "2021-09-29 17:00:48", "elapsed": 74.932147, "delta": 0.897289}}
{"target": -43.25387117924144, "params": {"C": 551.5498209700241, "gamma": 0.013848919020550111}, "datetime": {"datetime": "2021-09-29 17:00:49", "elapsed": 75.846235, "delta": 0.914088}}
{"target": -41.41940315325795, "params": {"C": 879.0827230672917, "gamma": 0.05519701229853299}, "datetime": {"datetime": "2021-09-29 17:00:50", "elapsed": 76.820558, "delta": 0.974323}}
{"target": -42.66880725303197, "params": {"C": 568.7054120431234, "gamma": 0.10381895239783301}, "datetime": {"datetime": "2021-09-29 17:00:51", "elapsed": 77.577802, "delta": 0.757244}}
{"target": -43.639610819238975, "params": {"C": 879.3572445347858, "gamma": 0.18261623171161026}, "datetime": {"datetime": "2021-09-29 17:00:52", "elapsed": 78.399331, "delta": 0.821529}}
{"target": -46.72356042827835, "params": {"C": 104.75628832702645, "gamma": 0.1907349776338335}, "datetime": {"datetime": "2021-09-29 17:00:52", "elapsed": 79.179105, "delta": 0.779774}}
{"target": -45.95682266469839, "params": {"C": 359.23538151697096, "gamma": 0.28616174458710275}, "datetime": {"datetime": "2021-09-29 17:00:53", "elapsed": 79.963346, "delta": 0.784241}}
{"target": -43.44801689362839, "params": {"C": 556.4466921527375, "gamma": 0.012077072007257703}, "datetime": {"datetime": "2021-09-29 17:00:54", "elapsed": 80.898736, "delta": 0.93539}}
{"target": -44.97750181838472, "params": {"C": 568.5192614022442, "gamma": 0.2496765856662339}, "datetime": {"datetime": "2021-09-29 17:00:55", "elapsed": 81.834814, "delta": 0.936078}}
{"target": -42.401180319364656, "params": {"C": 894.4160921626487, "gamma": 0.014223150921992417}, "datetime": {"datetime": "2021-09-29 17:00:56", "elapsed": 82.915968, "delta": 1.081154}}
{"target": -44.86665096137721, "params": {"C": 508.81065215874133, "gamma": 0.22956420007446376}, "datetime": {"datetime": "2021-09-29 17:00:58", "elapsed": 84.294593, "delta": 1.378625}}
{"target": -45.08687897277704, "params": {"C": 568.8322220378376, "gamma": 0.004468947336070854}, "datetime": {"datetime": "2021-09-29 17:00:59", "elapsed": 85.292482, "delta": 0.997889}}
{"target": -44.41933677210759, "params": {"C": 878.6730904536378, "gamma": 0.23861525363602168}, "datetime": {"datetime": "2021-09-29 17:01:00", "elapsed": 86.304358, "delta": 1.011876}}
{"target": -42.4675909615992, "params": {"C": 879.2878524701302, "gamma": 0.013804592529270673}, "datetime": {"datetime": "2021-09-29 17:01:01", "elapsed": 87.445068, "delta": 1.14071}}
{"target": -42.15643338931781, "params": {"C": 823.1336105861393, "gamma": 0.09795575507819951}, "datetime": {"datetime": "2021-09-29 17:01:02", "elapsed": 88.349297, "delta": 0.904229}}
{"target": -46.26265157908364, "params": {"C": 426.3405525002238, "gamma": 0.34916123589480713}, "datetime": {"datetime": "2021-09-29 17:01:03", "elapsed": 89.223028, "delta": 0.873731}}
{"target": -44.68054050931731, "params": {"C": 502.7275985386937, "gamma": 0.21438489803312022}, "datetime": {"datetime": "2021-09-29 17:01:03", "elapsed": 90.126342, "delta": 0.903314}}
{"target": -42.05442835364987, "params": {"C": 551.7392921404735, "gamma": 0.059901872763914045}, "datetime": {"datetime": "2021-09-29 17:01:04", "elapsed": 90.99367, "delta": 0.867328}}
{"target": -42.798714470860595, "params": {"C": 822.9563798718441, "gamma": 0.01176035094684183}, "datetime": {"datetime": "2021-09-29 17:01:05", "elapsed": 91.974912, "delta": 0.981242}}
{"target": -44.17134514872968, "params": {"C": 406.75839467280605, "gamma": 0.16027944253690277}, "datetime": {"datetime": "2021-09-29 17:01:06", "elapsed": 92.823936, "delta": 0.849024}}
{"target": -46.12531637669466, "params": {"C": 798.8132318642658, "gamma": 0.4243571588793196}, "datetime": {"datetime": "2021-09-29 17:01:07", "elapsed": 93.674176, "delta": 0.85024}}
{"target": -43.88256689211177, "params": {"C": 823.2148279929813, "gamma": 0.1956295790340152}, "datetime": {"datetime": "2021-09-29 17:01:08", "elapsed": 94.826382, "delta": 1.152206}}
{"target": -43.22020155452463, "params": {"C": 822.8462228959173, "gamma": 0.15456539261194016}, "datetime": {"datetime": "2021-09-29 17:01:09", "elapsed": 96.047171, "delta": 1.220789}}
{"target": -43.73202499288276, "params": {"C": 823.1581005132268, "gamma": 0.006481747465994984}, "datetime": {"datetime": "2021-09-29 17:01:10", "elapsed": 97.112323, "delta": 1.065152}}
{"target": -41.39344662915011, "params": {"C": 879.5724663977969, "gamma": 0.040601724593347495}, "datetime": {"datetime": "2021-09-29 17:01:11", "elapsed": 98.078185, "delta": 0.965862}}
{"target": -42.23950366989481, "params": {"C": 879.6569122776394, "gamma": 0.1047881085939178}, "datetime": {"datetime": "2021-09-29 17:01:13", "elapsed": 99.475157, "delta": 1.396972}}
{"target": -41.59879968849679, "params": {"C": 879.5211746564388, "gamma": 0.06986437349316289}, "datetime": {"datetime": "2021-09-29 17:01:14", "elapsed": 100.725682, "delta": 1.250525}}
{"target": -45.73881374798358, "params": {"C": 823.0077576727723, "gamma": 0.3699801246013017}, "datetime": {"datetime": "2021-09-29 17:01:15", "elapsed": 101.901292, "delta": 1.17561}}
{"target": -44.18822942643798, "params": {"C": 615.5124314632295, "gamma": 0.006853281766533334}, "datetime": {"datetime": "2021-09-29 17:01:16", "elapsed": 102.911888, "delta": 1.010596}}
{"target": -45.34538119569105, "params": {"C": 850.5378012288774, "gamma": 0.3246849942723223}, "datetime": {"datetime": "2021-09-29 17:01:17", "elapsed": 103.915386, "delta": 1.003498}}
{"target": -41.626138512658606, "params": {"C": 817.0918704786726, "gamma": 0.06704417905780993}, "datetime": {"datetime": "2021-09-29 17:01:18", "elapsed": 104.862782, "delta": 0.947396}}
{"target": -43.26503483310538, "params": {"C": 894.775606856896, "gamma": 0.16031786688120855}, "datetime": {"datetime": "2021-09-29 17:01:19", "elapsed": 106.060189, "delta": 1.197407}}
{"target": -42.28432028958063, "params": {"C": 615.4958588766993, "gamma": 0.08817435680294153}, "datetime": {"datetime": "2021-09-29 17:01:22", "elapsed": 108.387432, "delta": 2.327243}}
{"target": -43.01268434392987, "params": {"C": 817.0326292579231, "gamma": 0.14262347969667552}, "datetime": {"datetime": "2021-09-29 17:01:23", "elapsed": 109.712874, "delta": 1.325442}}
{"target": -42.28999660828924, "params": {"C": 817.1959682825768, "gamma": 0.10456612540806237}, "datetime": {"datetime": "2021-09-29 17:01:25", "elapsed": 111.513077, "delta": 1.800203}}
{"target": -44.18716025184016, "params": {"C": 579.2411354774893, "gamma": 0.19273957655655202}, "datetime": {"datetime": "2021-09-29 17:01:26", "elapsed": 112.510987, "delta": 0.99791}}
{"target": -44.31121057836789, "params": {"C": 659.1276388399934, "gamma": 0.21132553692711417}, "datetime": {"datetime": "2021-09-29 17:01:27", "elapsed": 113.576169, "delta": 1.065182}}
{"target": -45.09286135108287, "params": {"C": 568.8048534883274, "gamma": 0.25959668306426453}, "datetime": {"datetime": "2021-09-29 17:01:28", "elapsed": 114.908933, "delta": 1.332764}}
{"target": -44.17881539353345, "params": {"C": 349.4213587486648, "gamma": 0.14548316629575753}, "datetime": {"datetime": "2021-09-29 17:01:29", "elapsed": 115.945129, "delta": 1.036196}}
{"target": -44.95164075772091, "params": {"C": 879.5281277896702, "gamma": 0.2859968203744312}, "datetime": {"datetime": "2021-09-29 17:01:31", "elapsed": 117.476648, "delta": 1.531519}}
{"target": -42.337337273646426, "params": {"C": 614.9342566179935, "gamma": 0.09114053561998338}, "datetime": {"datetime": "2021-09-29 17:01:32", "elapsed": 118.741431, "delta": 1.264783}}
{"target": -43.16114760080761, "params": {"C": 823.0695996656317, "gamma": 0.15121154615669644}, "datetime": {"datetime": "2021-09-29 17:01:33", "elapsed": 120.116813, "delta": 1.375382}}
{"target": -42.31083517180457, "params": {"C": 508.9331281808396, "gamma": 0.07198424661872173}, "datetime": {"datetime": "2021-09-29 17:01:35", "elapsed": 121.471527, "delta": 1.354714}}
{"target": -45.47903913643182, "params": {"C": 869.1091479801223, "gamma": 0.34243782486646906}, "datetime": {"datetime": "2021-09-29 17:01:36", "elapsed": 122.540998, "delta": 1.069471}}
{"target": -45.75236125877403, "params": {"C": 544.9725934979678, "gamma": 0.3203639084252784}, "datetime": {"datetime": "2021-09-29 17:01:37", "elapsed": 123.588167, "delta": 1.047169}}
{"target": -41.797967027827525, "params": {"C": 817.315770553145, "gamma": 0.02577427291686271}, "datetime": {"datetime": "2021-09-29 17:01:38", "elapsed": 124.771655, "delta": 1.183488}}
{"target": -46.67269842871627, "params": {"C": 216.66940954901423, "gamma": 0.29676929556484977}, "datetime": {"datetime": "2021-09-29 17:01:39", "elapsed": 125.868327, "delta": 1.096672}}
{"target": -41.39681166577371, "params": {"C": 879.8856132706283, "gamma": 0.052182245383455235}, "datetime": {"datetime": "2021-09-29 17:01:41", "elapsed": 127.395347, "delta": 1.52702}}
{"target": -46.14354379544479, "params": {"C": 957.703836206732, "gamma": 0.45220572961004607}, "datetime": {"datetime": "2021-09-29 17:01:42", "elapsed": 128.405506, "delta": 1.010159}}
{"target": -44.35258785304947, "params": {"C": 879.8388854630078, "gamma": 0.23334558787198664}, "datetime": {"datetime": "2021-09-29 17:01:43", "elapsed": 129.558397, "delta": 1.152891}}
{"target": -42.32626772938042, "params": {"C": 879.956602213852, "gamma": 0.015296308145463174}, "datetime": {"datetime": "2021-09-29 17:01:44", "elapsed": 131.110387, "delta": 1.55199}}
{"target": -43.150976663486894, "params": {"C": 615.3366178471861, "gamma": 0.01297362685949956}, "datetime": {"datetime": "2021-09-29 17:01:46", "elapsed": 132.552444, "delta": 1.442057}}
{"target": -46.41149919005761, "params": {"C": 799.9991427204446, "gamma": 0.47801361742929166}, "datetime": {"datetime": "2021-09-29 17:01:47", "elapsed": 133.857976, "delta": 1.305532}}
{"target": -42.16338847363655, "params": {"C": 817.1670765057931, "gamma": 0.018808214405227695}, "datetime": {"datetime": "2021-09-29 17:01:49", "elapsed": 135.267112, "delta": 1.409136}}
{"target": -42.83734443259414, "params": {"C": 615.0980601231995, "gamma": 0.016062470957374245}, "datetime": {"datetime": "2021-09-29 17:01:50", "elapsed": 136.327489, "delta": 1.060377}}
{"target": -42.58034322363326, "params": {"C": 817.3572463248618, "gamma": 0.11957561405572727}, "datetime": {"datetime": "2021-09-29 17:01:51", "elapsed": 137.50962, "delta": 1.182131}}
{"target": -46.2289992042367, "params": {"C": 437.5135830503778, "gamma": 0.3485600935544359}, "datetime": {"datetime": "2021-09-29 17:01:52", "elapsed": 138.786648, "delta": 1.277028}}
{"target": -44.43985066453244, "params": {"C": 556.6888407118493, "gamma": 0.006637434848008308}, "datetime": {"datetime": "2021-09-29 17:01:53", "elapsed": 140.145761, "delta": 1.359113}}
{"target": -42.45017992262184, "params": {"C": 879.9554634472835, "gamma": 0.1155545776102659}, "datetime": {"datetime": "2021-09-29 17:01:55", "elapsed": 141.818259, "delta": 1.672498}}
{"target": -45.438974348351906, "params": {"C": 879.8103084185079, "gamma": 0.0022884817080852647}, "datetime": {"datetime": "2021-09-29 17:01:56", "elapsed": 143.131565, "delta": 1.313306}}
{"target": -41.4601532616033, "params": {"C": 894.4713475760648, "gamma": 0.060850894446554754}, "datetime": {"datetime": "2021-09-29 17:01:58", "elapsed": 144.496591, "delta": 1.365026}}
{"target": -41.678928413858785, "params": {"C": 879.4589690433777, "gamma": 0.026313441256859266}, "datetime": {"datetime": "2021-09-29 17:01:59", "elapsed": 145.892257, "delta": 1.395666}}
{"target": -42.64527334869348, "params": {"C": 879.9629181637233, "gamma": 0.012156194821777464}, "datetime": {"datetime": "2021-09-29 17:02:00", "elapsed": 147.092514, "delta": 1.200257}}
{"target": -42.23971466145671, "params": {"C": 879.2834927272228, "gamma": 0.10478405446388257}, "datetime": {"datetime": "2021-09-29 17:02:02", "elapsed": 148.414209, "delta": 1.321695}}
{"target": -42.24379991047707, "params": {"C": 879.0397069730577, "gamma": 0.10498259856582699}, "datetime": {"datetime": "2021-09-29 17:02:03", "elapsed": 149.84994, "delta": 1.435731}}
{"target": -44.384860678994684, "params": {"C": 817.116511626538, "gamma": 0.23160945130405286}, "datetime": {"datetime": "2021-09-29 17:02:05", "elapsed": 151.761437, "delta": 1.911497}}
{"target": -43.732933002446785, "params": {"C": 556.250444449122, "gamma": 0.16121730309980797}, "datetime": {"datetime": "2021-09-29 17:02:07", "elapsed": 153.402349, "delta": 1.640912}}
{"target": -42.104872805625256, "params": {"C": 895.0456730493546, "gamma": 0.09852468241916344}, "datetime": {"datetime": "2021-09-29 17:02:09", "elapsed": 155.382064, "delta": 1.979715}}
{"target": -41.704445174676344, "params": {"C": 895.6886082254988, "gamma": 0.025047756625084728}, "datetime": {"datetime": "2021-09-29 17:02:11", "elapsed": 157.492903, "delta": 2.110839}}
{"target": -47.45437291638937, "params": {"C": 221.23216780131457, "gamma": 0.47490649613931035}, "datetime": {"datetime": "2021-09-29 17:02:12", "elapsed": 158.734767, "delta": 1.241864}}
{"target": -42.972613436676696, "params": {"C": 817.0142785714163, "gamma": 0.010543318564072562}, "datetime": {"datetime": "2021-09-29 17:02:14", "elapsed": 160.457931, "delta": 1.723164}}
{"target": -42.44073313908836, "params": {"C": 614.7624874085401, "gamma": 0.09688942503038625}, "datetime": {"datetime": "2021-09-29 17:02:16", "elapsed": 162.381548, "delta": 1.923617}}
{"target": -41.363546402526104, "params": {"C": 895.4559306115873, "gamma": 0.042510297349741086}, "datetime": {"datetime": "2021-09-29 17:02:17", "elapsed": 163.611165, "delta": 1.229617}}
{"target": -45.87627076078778, "params": {"C": 415.2523226918848, "gamma": 0.2976095109370423}, "datetime": {"datetime": "2021-09-29 17:02:18", "elapsed": 164.895006, "delta": 1.283841}}
{"target": -41.698725976744484, "params": {"C": 895.750643479512, "gamma": 0.07688883410029862}, "datetime": {"datetime": "2021-09-29 17:02:20", "elapsed": 166.273077, "delta": 1.378071}}
{"target": -41.67277405743645, "params": {"C": 817.4200324163905, "gamma": 0.02943243572827662}, "datetime": {"datetime": "2021-09-29 17:02:21", "elapsed": 167.737637, "delta": 1.46456}}
{"target": -43.42382488610815, "params": {"C": 605.5305099815947, "gamma": 0.14938312865887104}, "datetime": {"datetime": "2021-09-29 17:02:22", "elapsed": 168.91704, "delta": 1.179403}}
{"target": -45.31979317819416, "params": {"C": 562.1207286377274, "gamma": 0.27900721043866}, "datetime": {"datetime": "2021-09-29 17:02:23", "elapsed": 170.03604, "delta": 1.119}}
{"target": -41.78436756364947, "params": {"C": 722.1162192968519, "gamma": 0.06887951675693751}, "datetime": {"datetime": "2021-09-29 17:02:25", "elapsed": 171.311989, "delta": 1.275949}}
{"target": -46.28250506638857, "params": {"C": 879.1540686892419, "gamma": 0.0013618919578103246}, "datetime": {"datetime": "2021-09-29 17:02:26", "elapsed": 173.18035, "delta": 1.868361}}
{"target": -41.89266252374742, "params": {"C": 879.4537366317749, "gamma": 0.021566680025407396}, "datetime": {"datetime": "2021-09-29 17:02:28", "elapsed": 174.436041, "delta": 1.255691}}
{"target": -41.985015627854935, "params": {"C": 615.407892596916, "gamma": 0.06869524061908527}, "datetime": {"datetime": "2021-09-29 17:02:29", "elapsed": 175.922018, "delta": 1.485977}}
{"target": -47.107891184950596, "params": {"C": 45.91833474199437, "gamma": 0.11533306787214018}, "datetime": {"datetime": "2021-09-29 17:02:31", "elapsed": 177.210804, "delta": 1.288786}}
{"target": -47.69189197557438, "params": {"C": 159.85189186225537, "gamma": 0.4923292178381717}, "datetime": {"datetime": "2021-09-29 17:02:32", "elapsed": 178.522873, "delta": 1.312069}}
{"target": -42.828841609790096, "params": {"C": 894.3479533659566, "gamma": 0.1358884435429421}, "datetime": {"datetime": "2021-09-29 17:02:33", "elapsed": 179.994487, "delta": 1.471614}}
{"target": -46.21177498346598, "params": {"C": 970.6322413217028, "gamma": 0.4668239092691015}, "datetime": {"datetime": "2021-09-29 17:02:35", "elapsed": 181.232713, "delta": 1.238226}}
{"target": -42.87356272902713, "params": {"C": 894.693901148418, "gamma": 0.010204444491460449}, "datetime": {"datetime": "2021-09-29 17:02:36", "elapsed": 182.730695, "delta": 1.497982}}
{"target": -42.96013348927875, "params": {"C": 551.9791928750379, "gamma": 0.11741866398407506}, "datetime": {"datetime": "2021-09-29 17:02:38", "elapsed": 185.103259, "delta": 2.372564}}
{"target": -42.92862649580435, "params": {"C": 722.0702243780502, "gamma": 0.1323967438241522}, "datetime": {"datetime": "2021-09-29 17:02:41", "elapsed": 187.440026, "delta": 2.336767}}
{"target": -42.929818051998545, "params": {"C": 878.9264688531154, "gamma": 0.14078730135380033}, "datetime": {"datetime": "2021-09-29 17:02:42", "elapsed": 189.069024, "delta": 1.628998}}
{"target": -41.61578673067421, "params": {"C": 722.041238018962, "gamma": 0.049610001126234676}, "datetime": {"datetime": "2021-09-29 17:02:44", "elapsed": 190.794804, "delta": 1.72578}}
{"target": -43.31175303567304, "params": {"C": 879.2191219241029, "gamma": 0.16245291465945208}, "datetime": {"datetime": "2021-09-29 17:02:46", "elapsed": 192.656356, "delta": 1.861552}}
{"target": -41.68599148200606, "params": {"C": 722.2472535197625, "gamma": 0.03675191577363508}, "datetime": {"datetime": "2021-09-29 17:02:48", "elapsed": 194.8448, "delta": 2.188444}}
{"target": -41.652593914566786, "params": {"C": 721.9069136881998, "gamma": 0.039488674619032424}, "datetime": {"datetime": "2021-09-29 17:02:50", "elapsed": 196.523854, "delta": 1.679054}}
{"target": -43.240261289284014, "params": {"C": 722.1829653074426, "gamma": 0.14957204835774465}, "datetime": {"datetime": "2021-09-29 17:02:52", "elapsed": 198.915716, "delta": 2.391862}}
{"target": -45.35323995834748, "params": {"C": 472.0558278762359, "gamma": 0.0046993261238542725}, "datetime": {"datetime": "2021-09-29 17:02:54", "elapsed": 200.474743, "delta": 1.559027}}
{"target": -41.81802999290326, "params": {"C": 817.1698002720487, "gamma": 0.02528313347276734}, "datetime": {"datetime": "2021-09-29 17:02:56", "elapsed": 202.933708, "delta": 2.458965}}
{"target": -44.10252050468689, "params": {"C": 324.41519199565, "gamma": 0.13310508641504154}, "datetime": {"datetime": "2021-09-29 17:03:00", "elapsed": 206.743795, "delta": 3.810087}}
{"target": -43.40602170014452, "params": {"C": 556.5160517920735, "gamma": 0.14244935351885263}, "datetime": {"datetime": "2021-09-29 17:03:03", "elapsed": 209.817767, "delta": 3.073972}}
{"target": -42.56443384538395, "params": {"C": 721.8907807551067, "gamma": 0.11309166639794838}, "datetime": {"datetime": "2021-09-29 17:03:05", "elapsed": 211.807644, "delta": 1.989877}}
{"target": -41.63222715431367, "params": {"C": 721.8148584667116, "gamma": 0.04191936856431646}, "datetime": {"datetime": "2021-09-29 17:03:07", "elapsed": 213.20597, "delta": 1.398326}}
{"target": -42.48721752880797, "params": {"C": 879.0221965350075, "gamma": 0.013615127624067701}, "datetime": {"datetime": "2021-09-29 17:03:08", "elapsed": 214.591602, "delta": 1.385632}}
{"target": -42.42469437016263, "params": {"C": 894.2521735336521, "gamma": 0.013984153688504572}, "datetime": {"datetime": "2021-09-29 17:03:10", "elapsed": 216.551832, "delta": 1.96023}}
{"target": -46.20268443554217, "params": {"C": 832.8379888426416, "gamma": 0.4438036813153345}, "datetime": {"datetime": "2021-09-29 17:03:11", "elapsed": 217.94328, "delta": 1.391448}}
