{"target": -36.39754685371692, "params": {"C": 8245.73011563492, "gamma": 0.005917424391361535}, "datetime": {"datetime": "2021-09-28 19:26:14", "elapsed": 1217.610866, "delta": 2.700283}}
{"target": -35.394671507585244, "params": {"C": 8185.356854143236, "gamma": 0.011327029318436987}, "datetime": {"datetime": "2021-09-28 19:26:19", "elapsed": 1222.791007, "delta": 5.180141}}
{"target": -34.53580511153301, "params": {"C": 8350.91112714831, "gamma": 0.03893703091087348}, "datetime": {"datetime": "2021-09-28 19:26:21", "elapsed": 1225.520467, "delta": 2.72946}}
{"target": -36.58290195221387, "params": {"C": 8053.8361754353755, "gamma": 0.14926941640013558}, "datetime": {"datetime": "2021-09-28 19:26:24", "elapsed": 1228.392846, "delta": 2.872379}}
{"target": -34.65294475394899, "params": {"C": 7546.729594033387, "gamma": 0.04713122909013748}, "datetime": {"datetime": "2021-09-28 19:26:30", "elapsed": 1234.064571, "delta": 5.671725}}
{"target": -34.585548429611805, "params": {"C": 7104.19151849102, "gamma": 0.02169676247483705}, "datetime": {"datetime": "2021-09-28 19:26:36", "elapsed": 1240.206279, "delta": 6.141708}}
{"target": -36.46925833429351, "params": {"C": 8056.836869650242, "gamma": 0.005666085798972086}, "datetime": {"datetime": "2021-09-28 19:26:41", "elapsed": 1245.175717, "delta": 4.969438}}
{"target": -36.745907149877524, "params": {"C": 8521.837177232168, "gamma": 0.15764517342580658}, "datetime": {"datetime": "2021-09-28 19:26:44", "elapsed": 1248.205553, "delta": 3.029836}}
{"target": -34.627824475174776, "params": {"C": 8350.882367321112, "gamma": 0.04453461543836476}, "datetime": {"datetime": "2021-09-28 19:26:52", "elapsed": 1256.516686, "delta": 8.311133}}
{"target": -34.69795088621515, "params": {"C": 7104.194293980334, "gamma": 0.050636044019493474}, "datetime": {"datetime": "2021-09-28 19:26:57", "elapsed": 1261.105351, "delta": 4.588665}}
{"target": -34.977638291038105, "params": {"C": 7919.1854802733105, "gamma": 0.06274689298850743}, "datetime": {"datetime": "2021-09-28 19:27:03", "elapsed": 1267.038209, "delta": 5.932858}}
{"target": -35.385649492518425, "params": {"C": 8056.851132177232, "gamma": 0.07920125359664103}, "datetime": {"datetime": "2021-09-28 19:27:08", "elapsed": 1271.736825, "delta": 4.698616}}
{"target": -36.42412476603276, "params": {"C": 7217.829068024957, "gamma": 0.0062423827095094905}, "datetime": {"datetime": "2021-09-28 19:27:13", "elapsed": 1276.83883, "delta": 5.102005}}
{"target": -35.601096321225356, "params": {"C": 7250.290621702866, "gamma": 0.010822368521174342}, "datetime": {"datetime": "2021-09-28 19:27:19", "elapsed": 1283.078468, "delta": 6.239638}}
{"target": -35.13937395419795, "params": {"C": 7104.145967985532, "gamma": 0.013890639796687847}, "datetime": {"datetime": "2021-09-28 19:27:28", "elapsed": 1292.037891, "delta": 8.959423}}
{"target": -34.50295443623032, "params": {"C": 8136.4952570461855, "gamma": 0.02253167101228056}, "datetime": {"datetime": "2021-09-28 19:27:33", "elapsed": 1297.137866, "delta": 5.099975}}
{"target": -34.92132428257074, "params": {"C": 8119.241666819028, "gamma": 0.06004082775201212}, "datetime": {"datetime": "2021-09-28 19:27:42", "elapsed": 1306.355332, "delta": 9.217466}}
{"target": -34.43958412323293, "params": {"C": 7643.679893943407, "gamma": 0.02806522870464731}, "datetime": {"datetime": "2021-09-28 19:27:51", "elapsed": 1315.249748, "delta": 8.894416}}
{"target": -34.42891841289723, "params": {"C": 8240.5076105171, "gamma": 0.025977825988057944}, "datetime": {"datetime": "2021-09-28 19:27:54", "elapsed": 1318.368206, "delta": 3.118458}}
{"target": -35.002173462504174, "params": {"C": 8240.529649283259, "gamma": 0.06293743534111255}, "datetime": {"datetime": "2021-09-28 19:28:04", "elapsed": 1327.620053, "delta": 9.251847}}
{"target": -34.96207739070458, "params": {"C": 7090.798866207206, "gamma": 0.0154713239321627}, "datetime": {"datetime": "2021-09-28 19:28:10", "elapsed": 1333.748556, "delta": 6.128503}}
{"target": -34.4266275543343, "params": {"C": 8047.931908167602, "gamma": 0.027321275993320324}, "datetime": {"datetime": "2021-09-28 19:28:18", "elapsed": 1342.434961, "delta": 8.686405}}
{"target": -35.013772659739935, "params": {"C": 7165.666423814946, "gamma": 0.014905229796070993}, "datetime": {"datetime": "2021-09-28 19:28:23", "elapsed": 1346.587369, "delta": 4.152408}}
{"target": -35.14724954418104, "params": {"C": 7942.98913200418, "gamma": 0.06953228078401287}, "datetime": {"datetime": "2021-09-28 19:28:27", "elapsed": 1350.99621, "delta": 4.408841}}
{"target": -34.62037058846048, "params": {"C": 7943.855146050109, "gamma": 0.04458119339086007}, "datetime": {"datetime": "2021-09-28 19:28:31", "elapsed": 1355.441389, "delta": 4.445179}}
{"target": -34.75709372564981, "params": {"C": 7245.391918636021, "gamma": 0.05391121411085221}, "datetime": {"datetime": "2021-09-28 19:28:34", "elapsed": 1358.460393, "delta": 3.019004}}
{"target": -35.655413921978514, "params": {"C": 8789.749503406312, "gamma": 0.009506666877439743}, "datetime": {"datetime": "2021-09-28 19:28:40", "elapsed": 1363.704682, "delta": 5.244289}}
{"target": -36.31124704854898, "params": {"C": 7516.16240857389, "gamma": 0.13315267290829075}, "datetime": {"datetime": "2021-09-28 19:28:43", "elapsed": 1366.900885, "delta": 3.196203}}
{"target": -34.72527949984503, "params": {"C": 8119.350662223993, "gamma": 0.05082537633718821}, "datetime": {"datetime": "2021-09-28 19:28:48", "elapsed": 1371.780416, "delta": 4.879531}}
{"target": -34.540229459322916, "params": {"C": 8757.80325438947, "gamma": 0.03878636947845954}, "datetime": {"datetime": "2021-09-28 19:28:51", "elapsed": 1374.910107, "delta": 3.129691}}
{"target": -35.27733769651769, "params": {"C": 8696.838183552336, "gamma": 0.011636890137793995}, "datetime": {"datetime": "2021-09-28 19:28:57", "elapsed": 1380.886175, "delta": 5.976068}}
{"target": -35.53743164778574, "params": {"C": 8387.547465498566, "gamma": 0.010382782716181628}, "datetime": {"datetime": "2021-09-28 19:29:00", "elapsed": 1383.845712, "delta": 2.959537}}
{"target": -34.52498656988539, "params": {"C": 7643.649624098602, "gamma": 0.039052299712342774}, "datetime": {"datetime": "2021-09-28 19:29:06", "elapsed": 1389.791004, "delta": 5.945292}}
{"target": -36.32981577197863, "params": {"C": 7454.1590016720065, "gamma": 0.006599661966940043}, "datetime": {"datetime": "2021-09-28 19:29:09", "elapsed": 1392.979845, "delta": 3.188841}}
{"target": -34.63998175753717, "params": {"C": 8316.5369111882, "gamma": 0.045317507444514224}, "datetime": {"datetime": "2021-09-28 19:29:12", "elapsed": 1396.121167, "delta": 3.141322}}
{"target": -34.789262239534146, "params": {"C": 8210.230658887811, "gamma": 0.054038146405547556}, "datetime": {"datetime": "2021-09-28 19:29:18", "elapsed": 1402.496952, "delta": 6.375785}}
{"target": -34.99571182082901, "params": {"C": 8136.456933796939, "gamma": 0.014124530879095373}, "datetime": {"datetime": "2021-09-28 19:29:23", "elapsed": 1406.674953, "delta": 4.178001}}
{"target": -35.60059342168307, "params": {"C": 7919.185945972099, "gamma": 0.010339655412682672}, "datetime": {"datetime": "2021-09-28 19:29:28", "elapsed": 1412.231541, "delta": 5.556588}}
{"target": -36.08435471397854, "params": {"C": 8240.500841162464, "gamma": 0.00755438770951343}, "datetime": {"datetime": "2021-09-28 19:29:33", "elapsed": 1417.480823, "delta": 5.249282}}
{"target": -35.80739951857529, "params": {"C": 8350.929524013907, "gamma": 0.008948310823905816}, "datetime": {"datetime": "2021-09-28 19:29:41", "elapsed": 1425.442747, "delta": 7.961924}}
{"target": -36.5092988803293, "params": {"C": 7389.128396142679, "gamma": 0.14817743464015967}, "datetime": {"datetime": "2021-09-28 19:29:45", "elapsed": 1428.589691, "delta": 3.146944}}
{"target": -35.76206841933678, "params": {"C": 8392.54613828538, "gamma": 0.095409162019513}, "datetime": {"datetime": "2021-09-28 19:29:48", "elapsed": 1431.650208, "delta": 3.060517}}
{"target": -34.446617174232294, "params": {"C": 8017.183684802537, "gamma": 0.02562530348930401}, "datetime": {"datetime": "2021-09-28 19:29:53", "elapsed": 1436.969123, "delta": 5.318915}}
{"target": -36.553349383145154, "params": {"C": 7658.597146539809, "gamma": 0.14971282009858747}, "datetime": {"datetime": "2021-09-28 19:29:56", "elapsed": 1440.132496, "delta": 3.163373}}
{"target": -35.46402011985102, "params": {"C": 7217.848471977964, "gamma": 0.0858804199384373}, "datetime": {"datetime": "2021-09-28 19:30:02", "elapsed": 1446.110574, "delta": 5.978078}}
{"target": -36.19532103890233, "params": {"C": 7165.977543805325, "gamma": 0.12738810594977323}, "datetime": {"datetime": "2021-09-28 19:30:05", "elapsed": 1449.2881, "delta": 3.177526}}
{"target": -34.6559888941353, "params": {"C": 8047.917976365763, "gamma": 0.046639360774100136}, "datetime": {"datetime": "2021-09-28 19:30:11", "elapsed": 1455.379367, "delta": 6.091267}}
{"target": -36.3225872723478, "params": {"C": 7688.236776584851, "gamma": 0.00653717924454994}, "datetime": {"datetime": "2021-09-28 19:30:15", "elapsed": 1458.679946, "delta": 3.300579}}
{"target": -35.05127268313395, "params": {"C": 8316.508092472228, "gamma": 0.06468758230800627}, "datetime": {"datetime": "2021-09-28 19:30:19", "elapsed": 1463.315002, "delta": 4.635056}}
{"target": -34.63733662686614, "params": {"C": 8047.954571085772, "gamma": 0.04549209062957164}, "datetime": {"datetime": "2021-09-28 19:30:25", "elapsed": 1469.093486, "delta": 5.778484}}
{"target": -34.458062789804714, "params": {"C": 8017.2086332145345, "gamma": 0.03423657934843224}, "datetime": {"datetime": "2021-09-28 19:30:30", "elapsed": 1474.370278, "delta": 5.276792}}
{"target": -35.94719359254723, "params": {"C": 8065.951375474067, "gamma": 0.10705078192034861}, "datetime": {"datetime": "2021-09-28 19:30:33", "elapsed": 1477.522762, "delta": 3.152484}}
{"target": -34.44602964854888, "params": {"C": 7418.139533222424, "gamma": 0.029146167926982214}, "datetime": {"datetime": "2021-09-28 19:30:37", "elapsed": 1480.811737, "delta": 3.288975}}
{"target": -34.70532426904535, "params": {"C": 7090.886017582855, "gamma": 0.018599707084928103}, "datetime": {"datetime": "2021-09-28 19:30:42", "elapsed": 1485.683223, "delta": 4.871486}}
{"target": -34.79731779097298, "params": {"C": 8136.590885381653, "gamma": 0.054566682395629756}, "datetime": {"datetime": "2021-09-28 19:30:46", "elapsed": 1489.963734, "delta": 4.280511}}
{"target": -34.7515048242928, "params": {"C": 7217.817254228239, "gamma": 0.05362769535019054}, "datetime": {"datetime": "2021-09-28 19:30:54", "elapsed": 1497.855687, "delta": 7.891953}}
{"target": -34.6470147691894, "params": {"C": 7418.153457539478, "gamma": 0.04694294519538803}, "datetime": {"datetime": "2021-09-28 19:30:59", "elapsed": 1502.890045, "delta": 5.034358}}
{"target": -35.81197850105936, "params": {"C": 7598.349295541517, "gamma": 0.10178960855256496}, "datetime": {"datetime": "2021-09-28 19:31:02", "elapsed": 1506.008046, "delta": 3.118001}}
{"target": -34.81553897337912, "params": {"C": 8462.327441825822, "gamma": 0.054926912321472815}, "datetime": {"datetime": "2021-09-28 19:31:09", "elapsed": 1513.114177, "delta": 7.106131}}
{"target": -34.68410861603637, "params": {"C": 7104.0880939899125, "gamma": 0.01895275080454996}, "datetime": {"datetime": "2021-09-28 19:31:14", "elapsed": 1517.956517, "delta": 4.84234}}
{"target": -35.144070423144335, "params": {"C": 8017.143360939993, "gamma": 0.013033606072001498}, "datetime": {"datetime": "2021-09-28 19:31:19", "elapsed": 1523.312884, "delta": 5.356367}}
{"target": -35.15407507393373, "params": {"C": 8185.389415112781, "gamma": 0.0691343444732798}, "datetime": {"datetime": "2021-09-28 19:31:24", "elapsed": 1527.904213, "delta": 4.591329}}
{"target": -35.083575680874574, "params": {"C": 8210.252443939202, "gamma": 0.013351118318812211}, "datetime": {"datetime": "2021-09-28 19:31:31", "elapsed": 1534.641107, "delta": 6.736894}}
{"target": -35.77003919780583, "params": {"C": 8010.380921264093, "gamma": 0.09753003029539552}, "datetime": {"datetime": "2021-09-28 19:31:34", "elapsed": 1537.954769, "delta": 3.313662}}
{"target": -35.136888757363316, "params": {"C": 8017.197347796983, "gamma": 0.06890131618315477}, "datetime": {"datetime": "2021-09-28 19:31:38", "elapsed": 1542.372654, "delta": 4.417885}}
{"target": -34.891546482064314, "params": {"C": 7418.18231954868, "gamma": 0.015778494594017825}, "datetime": {"datetime": "2021-09-28 19:31:45", "elapsed": 1549.136205, "delta": 6.763551}}
{"target": -34.68125640895622, "params": {"C": 8240.551296632495, "gamma": 0.017442395039408237}, "datetime": {"datetime": "2021-09-28 19:31:52", "elapsed": 1556.123806, "delta": 6.987601}}
{"target": -34.82882496692009, "params": {"C": 7643.687992581386, "gamma": 0.05705367256279255}, "datetime": {"datetime": "2021-09-28 19:31:58", "elapsed": 1562.254834, "delta": 6.131028}}
{"target": -34.55084983618617, "params": {"C": 7943.808184657937, "gamma": 0.040306396870006485}, "datetime": {"datetime": "2021-09-28 19:32:11", "elapsed": 1574.762774, "delta": 12.50794}}
{"target": -34.6032768199909, "params": {"C": 7217.691056220776, "gamma": 0.04448317821446017}, "datetime": {"datetime": "2021-09-28 19:32:21", "elapsed": 1584.712744, "delta": 9.94997}}
{"target": -35.38532925672581, "params": {"C": 7812.287373762864, "gamma": 0.08002737007166329}, "datetime": {"datetime": "2021-09-28 19:32:27", "elapsed": 1591.1533, "delta": 6.440556}}
{"target": -34.88262668856892, "params": {"C": 8794.530144214077, "gamma": 0.05710267146230604}, "datetime": {"datetime": "2021-09-28 19:32:33", "elapsed": 1596.930997, "delta": 5.777697}}
{"target": -35.35317220551274, "params": {"C": 8017.210127465397, "gamma": 0.011695206345865695}, "datetime": {"datetime": "2021-09-28 19:32:41", "elapsed": 1605.014746, "delta": 8.083749}}
{"target": -34.58496324585006, "params": {"C": 7706.270567334487, "gamma": 0.04269598031053728}, "datetime": {"datetime": "2021-09-28 19:32:49", "elapsed": 1612.752438, "delta": 7.737692}}
{"target": -34.43724289723493, "params": {"C": 8119.46003888433, "gamma": 0.03212081104341482}, "datetime": {"datetime": "2021-09-28 19:32:57", "elapsed": 1621.107587, "delta": 8.355149}}
{"target": -35.128722065078534, "params": {"C": 7126.795368425198, "gamma": 0.07121154443775297}, "datetime": {"datetime": "2021-09-28 19:33:00", "elapsed": 1624.500306, "delta": 3.392719}}
{"target": -35.21824448063596, "params": {"C": 8350.922694983796, "gamma": 0.07127563345097132}, "datetime": {"datetime": "2021-09-28 19:33:05", "elapsed": 1629.451947, "delta": 4.951641}}
{"target": -35.50067423956267, "params": {"C": 8316.558366546982, "gamma": 0.08335790191691315}, "datetime": {"datetime": "2021-09-28 19:33:12", "elapsed": 1636.134641, "delta": 6.682694}}
{"target": -35.334714868679505, "params": {"C": 8711.789251574806, "gamma": 0.07499659815030814}, "datetime": {"datetime": "2021-09-28 19:33:15", "elapsed": 1639.386164, "delta": 3.251523}}
{"target": -34.47618568949212, "params": {"C": 7643.700156119412, "gamma": 0.0251323802754193}, "datetime": {"datetime": "2021-09-28 19:33:21", "elapsed": 1644.84231, "delta": 5.456146}}
{"target": -36.665317149587196, "params": {"C": 7700.416104430174, "gamma": 0.15767271586611176}, "datetime": {"datetime": "2021-09-28 19:33:24", "elapsed": 1648.399359, "delta": 3.557049}}
{"target": -35.66582666939792, "params": {"C": 7189.215114005807, "gamma": 0.09592047420522858}, "datetime": {"datetime": "2021-09-28 19:33:30", "elapsed": 1654.009077, "delta": 5.609718}}
{"target": -34.98461194488646, "params": {"C": 8933.060251009076, "gamma": 0.060688651184316836}, "datetime": {"datetime": "2021-09-28 19:33:34", "elapsed": 1657.631235, "delta": 3.622158}}
{"target": -35.32520936882696, "params": {"C": 8119.471167284828, "gamma": 0.07640530030701854}, "datetime": {"datetime": "2021-09-28 19:33:44", "elapsed": 1667.591588, "delta": 9.960353}}
{"target": -34.96252019167737, "params": {"C": 7251.192511930485, "gamma": 0.06386200274830789}, "datetime": {"datetime": "2021-09-28 19:33:51", "elapsed": 1675.172045, "delta": 7.580457}}
{"target": -34.42775578041613, "params": {"C": 8119.483616357272, "gamma": 0.03047640099287295}, "datetime": {"datetime": "2021-09-28 19:34:07", "elapsed": 1690.976085, "delta": 15.80404}}
{"target": -36.02512184379359, "params": {"C": 7485.765190638296, "gamma": 0.008256010319652129}, "datetime": {"datetime": "2021-09-28 19:34:17", "elapsed": 1701.049735, "delta": 10.07365}}
{"target": -35.10009814575499, "params": {"C": 7546.739327821134, "gamma": 0.013789417908160007}, "datetime": {"datetime": "2021-09-28 19:34:30", "elapsed": 1714.382877, "delta": 13.333142}}
{"target": -34.47101204062591, "params": {"C": 7418.105212077759, "gamma": 0.034512131726888155}, "datetime": {"datetime": "2021-09-28 19:34:39", "elapsed": 1722.90487, "delta": 8.521993}}
{"target": -35.12389971469837, "params": {"C": 8240.491439502564, "gamma": 0.06777055817318317}, "datetime": {"datetime": "2021-09-28 19:34:46", "elapsed": 1730.004729, "delta": 7.099859}}
{"target": -36.322068205206534, "params": {"C": 7706.262426250399, "gamma": 0.006532308677590752}, "datetime": {"datetime": "2021-09-28 19:34:53", "elapsed": 1737.306493, "delta": 7.301764}}
{"target": -35.08074386573844, "params": {"C": 7418.129955430502, "gamma": 0.06829558007643054}, "datetime": {"datetime": "2021-09-28 19:35:08", "elapsed": 1751.787849, "delta": 14.481356}}
{"target": -34.58254256540066, "params": {"C": 8047.949966349417, "gamma": 0.019864939111022543}, "datetime": {"datetime": "2021-09-28 19:35:22", "elapsed": 1765.931437, "delta": 14.143588}}
{"target": -34.42453917207799, "params": {"C": 8240.526608451975, "gamma": 0.03042484134318541}, "datetime": {"datetime": "2021-09-28 19:35:32", "elapsed": 1776.32382, "delta": 10.392383}}
{"target": -35.29923660033845, "params": {"C": 7508.933901621395, "gamma": 0.01244069930251212}, "datetime": {"datetime": "2021-09-28 19:35:37", "elapsed": 1781.134298, "delta": 4.810478}}
{"target": -35.52310070749583, "params": {"C": 8205.64813433795, "gamma": 0.08476460430793793}, "datetime": {"datetime": "2021-09-28 19:35:43", "elapsed": 1786.833564, "delta": 5.699266}}
{"target": -34.974079498205306, "params": {"C": 7418.08360493533, "gamma": 0.015005138732832591}, "datetime": {"datetime": "2021-09-28 19:35:52", "elapsed": 1796.146366, "delta": 9.312802}}
{"target": -34.50041183336606, "params": {"C": 7102.681613622511, "gamma": 0.03699971764388451}, "datetime": {"datetime": "2021-09-28 19:36:05", "elapsed": 1808.652484, "delta": 12.506118}}
{"target": -35.84313268760187, "params": {"C": 8696.934345587912, "gamma": 0.008580084350516055}, "datetime": {"datetime": "2021-09-28 19:36:11", "elapsed": 1815.243213, "delta": 6.590729}}
{"target": -34.54922178902451, "params": {"C": 8844.282292015569, "gamma": 0.01953932747157619}, "datetime": {"datetime": "2021-09-28 19:36:15", "elapsed": 1818.954548, "delta": 3.711335}}
{"target": -34.43967192682788, "params": {"C": 8713.96234588781, "gamma": 0.03270802742971727}, "datetime": {"datetime": "2021-09-28 19:36:19", "elapsed": 1823.447467, "delta": 4.492919}}
{"target": -34.52609747276389, "params": {"C": 7663.395922273905, "gamma": 0.022696457182552355}, "datetime": {"datetime": "2021-09-28 19:36:24", "elapsed": 1827.926713, "delta": 4.479246}}
{"target": -34.875058413696664, "params": {"C": 8713.961683778221, "gamma": 0.05697612562001078}, "datetime": {"datetime": "2021-09-28 19:36:37", "elapsed": 1841.212006, "delta": 13.285293}}
{"target": -34.72792661215582, "params": {"C": 7692.07428558058, "gamma": 0.05160319963808665}, "datetime": {"datetime": "2021-09-28 19:36:45", "elapsed": 1849.439101, "delta": 8.227095}}
{"target": -35.77919811017411, "params": {"C": 7327.558489524207, "gamma": 0.10118187035804639}, "datetime": {"datetime": "2021-09-28 19:36:52", "elapsed": 1856.170028, "delta": 6.730927}}
{"target": -35.32658939479988, "params": {"C": 7706.247652663048, "gamma": 0.07782320296341548}, "datetime": {"datetime": "2021-09-28 19:37:05", "elapsed": 1868.582436, "delta": 12.412408}}
{"target": -35.50121669690529, "params": {"C": 8751.071601386971, "gamma": 0.08189473528278733}, "datetime": {"datetime": "2021-09-28 19:37:09", "elapsed": 1872.778724, "delta": 4.196288}}
{"target": -35.22329441509712, "params": {"C": 7102.689815819004, "gamma": 0.013309970782066239}, "datetime": {"datetime": "2021-09-28 19:37:23", "elapsed": 1886.681094, "delta": 13.90237}}
{"target": -34.545955507852796, "params": {"C": 8017.105958513668, "gamma": 0.021116499634070533}, "datetime": {"datetime": "2021-09-28 19:37:30", "elapsed": 1893.754229, "delta": 7.073135}}
{"target": -34.4381204478388, "params": {"C": 7663.35313371906, "gamma": 0.030181514425242164}, "datetime": {"datetime": "2021-09-28 19:37:39", "elapsed": 1903.516194, "delta": 9.761965}}
{"target": -34.639773861107074, "params": {"C": 7663.342992531886, "gamma": 0.04614939254465561}, "datetime": {"datetime": "2021-09-28 19:38:00", "elapsed": 1924.131083, "delta": 20.614889}}
{"target": -34.443449580687066, "params": {"C": 8119.52191563771, "gamma": 0.03283858347901231}, "datetime": {"datetime": "2021-09-28 19:38:13", "elapsed": 1936.792251, "delta": 12.661168}}
{"target": -34.424416138314164, "params": {"C": 8645.997544174053, "gamma": 0.03161281833086269}, "datetime": {"datetime": "2021-09-28 19:38:22", "elapsed": 1945.776264, "delta": 8.984013}}
{"target": -34.85095028715544, "params": {"C": 8645.986486235624, "gamma": 0.05619146260372157}, "datetime": {"datetime": "2021-09-28 19:38:32", "elapsed": 1955.557146, "delta": 9.780882}}
{"target": -34.54200085060587, "params": {"C": 8713.988776889344, "gamma": 0.019959494258035258}, "datetime": {"datetime": "2021-09-28 19:38:42", "elapsed": 1965.795584, "delta": 10.238438}}
{"target": -35.26568475948462, "params": {"C": 7102.705666138842, "gamma": 0.07725809120169183}, "datetime": {"datetime": "2021-09-28 19:39:03", "elapsed": 1986.708373, "delta": 20.912789}}
