{"target": -36.32421084953768, "params": {"C": 23757.80167733455, "gamma": 0.08089591301914145}, "datetime": {"datetime": "2021-09-29 08:05:31", "elapsed": 146.322498, "delta": 1.659756}}
{"target": -36.6801428150849, "params": {"C": 22206.73496728335, "gamma": 0.0961905196638657}, "datetime": {"datetime": "2021-09-29 08:05:32", "elapsed": 147.589495, "delta": 1.266997}}
{"target": -35.9867680291555, "params": {"C": 24213.86875663737, "gamma": 0.07000319311085082}, "datetime": {"datetime": "2021-09-29 08:05:34", "elapsed": 148.865293, "delta": 1.275798}}
{"target": -35.76334494016222, "params": {"C": 22267.102663651458, "gamma": 0.06580074408898086}, "datetime": {"datetime": "2021-09-29 08:05:35", "elapsed": 150.313181, "delta": 1.447888}}
{"target": -35.074223188960104, "params": {"C": 24889.785225305015, "gamma": 0.04557957003520392}, "datetime": {"datetime": "2021-09-29 08:05:36", "elapsed": 151.535183, "delta": 1.222002}}
{"target": -35.52921761091294, "params": {"C": 20295.311769063148, "gamma": 0.061308783724771}, "datetime": {"datetime": "2021-09-29 08:05:37", "elapsed": 152.612236, "delta": 1.077053}}
{"target": -35.8640317419408, "params": {"C": 20276.615673613887, "gamma": 0.07133630427170405}, "datetime": {"datetime": "2021-09-29 08:05:39", "elapsed": 154.423571, "delta": 1.811335}}
{"target": -36.679911658439494, "params": {"C": 24745.968986226617, "gamma": 0.0909008904067222}, "datetime": {"datetime": "2021-09-29 08:05:41", "elapsed": 155.987261, "delta": 1.56369}}
{"target": -35.78398472629904, "params": {"C": 23123.481732428096, "gamma": 0.0654417012059551}, "datetime": {"datetime": "2021-09-29 08:05:43", "elapsed": 157.944493, "delta": 1.957232}}
{"target": -36.23556779729787, "params": {"C": 19388.65111224004, "gamma": 0.08531757307848736}, "datetime": {"datetime": "2021-09-29 08:05:44", "elapsed": 159.328491, "delta": 1.383998}}
{"target": -34.5630225587219, "params": {"C": 24796.463593567365, "gamma": 0.030172216386124606}, "datetime": {"datetime": "2021-09-29 08:05:45", "elapsed": 160.561499, "delta": 1.233008}}
{"target": -36.75744452551907, "params": {"C": 23798.793649972642, "gamma": 0.09581421574305153}, "datetime": {"datetime": "2021-09-29 08:05:46", "elapsed": 161.633499, "delta": 1.072}}
{"target": -34.95126579588533, "params": {"C": 19524.780915546384, "gamma": 0.04617049809553398}, "datetime": {"datetime": "2021-09-29 08:05:48", "elapsed": 163.005862, "delta": 1.372363}}
{"target": -35.25965958815356, "params": {"C": 20161.38495394934, "gamma": 0.05397441678038623}, "datetime": {"datetime": "2021-09-29 08:05:49", "elapsed": 164.228714, "delta": 1.222852}}
{"target": -35.37980376503193, "params": {"C": 20680.92990830708, "gamma": 0.05674726222841694}, "datetime": {"datetime": "2021-09-29 08:05:50", "elapsed": 165.521712, "delta": 1.292998}}
{"target": -35.91596461993497, "params": {"C": 21621.70320150377, "gamma": 0.07116875528591465}, "datetime": {"datetime": "2021-09-29 08:05:52", "elapsed": 167.008713, "delta": 1.487001}}
{"target": -36.14269718040662, "params": {"C": 24568.50490484106, "gamma": 0.07404517572910961}, "datetime": {"datetime": "2021-09-29 08:05:53", "elapsed": 168.392264, "delta": 1.383551}}
{"target": -36.10128276687518, "params": {"C": 24117.250883586836, "gamma": 0.07340489473117559}, "datetime": {"datetime": "2021-09-29 08:05:55", "elapsed": 169.792263, "delta": 1.399999}}
{"target": -35.099480183386206, "params": {"C": 23389.494864386666, "gamma": 0.007879152080681358}, "datetime": {"datetime": "2021-09-29 08:05:56", "elapsed": 171.71252, "delta": 1.920257}}
{"target": -35.106556741362155, "params": {"C": 21894.850388631556, "gamma": 0.00810920084664255}, "datetime": {"datetime": "2021-09-29 08:05:58", "elapsed": 173.359649, "delta": 1.647129}}
{"target": -35.613872776174524, "params": {"C": 19108.43078437635, "gamma": 0.06518752898140961}, "datetime": {"datetime": "2021-09-29 08:06:00", "elapsed": 175.155957, "delta": 1.796308}}
{"target": -34.28740593881406, "params": {"C": 19467.92516203741, "gamma": 0.01876839763433555}, "datetime": {"datetime": "2021-09-29 08:06:01", "elapsed": 176.488356, "delta": 1.332399}}
{"target": -34.749980980233616, "params": {"C": 19341.08103726391, "gamma": 0.040355637006681565}, "datetime": {"datetime": "2021-09-29 08:06:02", "elapsed": 177.721981, "delta": 1.233625}}
{"target": -34.781427893246715, "params": {"C": 19879.06429936847, "gamma": 0.040982024728314206}, "datetime": {"datetime": "2021-09-29 08:06:04", "elapsed": 179.147263, "delta": 1.425282}}
{"target": -36.26929531962708, "params": {"C": 21461.610838562465, "gamma": 0.08273077754541552}, "datetime": {"datetime": "2021-09-29 08:06:05", "elapsed": 180.659755, "delta": 1.512492}}
{"target": -34.539642282255116, "params": {"C": 23481.419854423264, "gamma": 0.011054677559362134}, "datetime": {"datetime": "2021-09-29 08:06:07", "elapsed": 182.003763, "delta": 1.344008}}
{"target": -35.99934384073923, "params": {"C": 23215.181639143982, "gamma": 0.07160510843205198}, "datetime": {"datetime": "2021-09-29 08:06:08", "elapsed": 183.454684, "delta": 1.450921}}
{"target": -34.360694839338535, "params": {"C": 19117.548551196, "gamma": 0.02318759145180702}, "datetime": {"datetime": "2021-09-29 08:06:10", "elapsed": 184.955882, "delta": 1.501198}}
{"target": -36.54603769572209, "params": {"C": 20322.715722530418, "gamma": 0.09522267962572041}, "datetime": {"datetime": "2021-09-29 08:06:11", "elapsed": 186.473802, "delta": 1.51792}}
{"target": -34.29964039945489, "params": {"C": 19545.00985148127, "gamma": 0.016923131130211558}, "datetime": {"datetime": "2021-09-29 08:06:13", "elapsed": 187.888247, "delta": 1.414445}}
{"target": -36.48726030628843, "params": {"C": 19176.921033581737, "gamma": 0.09546860559293101}, "datetime": {"datetime": "2021-09-29 08:06:14", "elapsed": 189.203771, "delta": 1.315524}}
{"target": -34.40706333159899, "params": {"C": 24591.710994085155, "gamma": 0.023719755187187858}, "datetime": {"datetime": "2021-09-29 08:06:15", "elapsed": 190.501773, "delta": 1.298002}}
{"target": -35.580798778563214, "params": {"C": 21488.001938089397, "gamma": 0.06146874456717238}, "datetime": {"datetime": "2021-09-29 08:06:16", "elapsed": 191.754771, "delta": 1.252998}}
{"target": -35.12949530763894, "params": {"C": 21229.114221774045, "gamma": 0.0495737893796268}, "datetime": {"datetime": "2021-09-29 08:06:18", "elapsed": 193.044956, "delta": 1.290185}}
{"target": -35.65292166980574, "params": {"C": 22096.42490198387, "gamma": 0.06284118953831866}, "datetime": {"datetime": "2021-09-29 08:06:19", "elapsed": 194.60246, "delta": 1.557504}}
{"target": -34.61495371692685, "params": {"C": 22630.81387376333, "gamma": 0.033249293031247996}, "datetime": {"datetime": "2021-09-29 08:06:21", "elapsed": 195.990461, "delta": 1.388001}}
{"target": -35.483629587850096, "params": {"C": 22370.094466292656, "gamma": 0.057927224432209816}, "datetime": {"datetime": "2021-09-29 08:06:22", "elapsed": 197.272061, "delta": 1.2816}}
{"target": -34.28724223258147, "params": {"C": 23331.028344125236, "gamma": 0.017922954092002133}, "datetime": {"datetime": "2021-09-29 08:06:23", "elapsed": 198.655075, "delta": 1.383014}}
{"target": -34.69586306851994, "params": {"C": 20251.02738031627, "gamma": 0.03800372589514249}, "datetime": {"datetime": "2021-09-29 08:06:25", "elapsed": 200.256481, "delta": 1.601406}}
{"target": -34.69442722699959, "params": {"C": 21863.505620000942, "gamma": 0.03696431610486593}, "datetime": {"datetime": "2021-09-29 08:06:26", "elapsed": 201.696481, "delta": 1.44}}
{"target": -36.18296999396337, "params": {"C": 19150.609968824374, "gamma": 0.0838771050671301}, "datetime": {"datetime": "2021-09-29 08:06:28", "elapsed": 203.246356, "delta": 1.549875}}
{"target": -34.4345125515234, "params": {"C": 19269.779788240205, "gamma": 0.026766816528764163}, "datetime": {"datetime": "2021-09-29 08:06:29", "elapsed": 204.582546, "delta": 1.33619}}
{"target": -36.6045991314346, "params": {"C": 19954.06541659012, "gamma": 0.09853963065055373}, "datetime": {"datetime": "2021-09-29 08:06:31", "elapsed": 205.850546, "delta": 1.268}}
{"target": -35.816878271398366, "params": {"C": 24696.916637792747, "gamma": 0.0647128072999185}, "datetime": {"datetime": "2021-09-29 08:06:32", "elapsed": 207.153819, "delta": 1.303273}}
{"target": -36.75735087948829, "params": {"C": 24823.61706499521, "gamma": 0.09368391058229388}, "datetime": {"datetime": "2021-09-29 08:06:33", "elapsed": 208.366436, "delta": 1.212617}}
{"target": -36.14855258638464, "params": {"C": 20562.814076167186, "gamma": 0.08014304514982634}, "datetime": {"datetime": "2021-09-29 08:06:34", "elapsed": 209.597432, "delta": 1.230996}}
{"target": -36.7242957247386, "params": {"C": 21558.85555355847, "gamma": 0.09960840286993522}, "datetime": {"datetime": "2021-09-29 08:06:36", "elapsed": 211.125005, "delta": 1.527573}}
{"target": -34.39002629006178, "params": {"C": 22065.11925985102, "gamma": 0.013486094509108305}, "datetime": {"datetime": "2021-09-29 08:06:37", "elapsed": 212.520046, "delta": 1.395041}}
{"target": -35.92310200964162, "params": {"C": 23894.483705244686, "gamma": 0.06862033306722916}, "datetime": {"datetime": "2021-09-29 08:06:39", "elapsed": 213.870043, "delta": 1.349997}}
{"target": -36.18470665568117, "params": {"C": 21062.11353902404, "gamma": 0.08051529689989326}, "datetime": {"datetime": "2021-09-29 08:06:40", "elapsed": 215.466601, "delta": 1.596558}}
{"target": -34.34619024092582, "params": {"C": 22232.206831067553, "gamma": 0.02151201931238188}, "datetime": {"datetime": "2021-09-29 08:06:42", "elapsed": 217.45959, "delta": 1.992989}}
{"target": -35.27975036760798, "params": {"C": 21673.08946709925, "gamma": 0.05315107310933523}, "datetime": {"datetime": "2021-09-29 08:06:44", "elapsed": 218.872426, "delta": 1.412836}}
{"target": -34.285298294225555, "params": {"C": 22777.609395538337, "gamma": 0.016049473108982453}, "datetime": {"datetime": "2021-09-29 08:06:45", "elapsed": 220.235425, "delta": 1.362999}}
{"target": -35.30774898277056, "params": {"C": 24871.995695465805, "gamma": 0.05131936473152519}, "datetime": {"datetime": "2021-09-29 08:06:47", "elapsed": 222.053157, "delta": 1.817732}}
{"target": -35.16085121541745, "params": {"C": 19947.25270378272, "gamma": 0.051491560007123995}, "datetime": {"datetime": "2021-09-29 08:06:48", "elapsed": 223.672055, "delta": 1.618898}}
{"target": -35.186610996377716, "params": {"C": 22709.21248579074, "gamma": 0.04989424417633341}, "datetime": {"datetime": "2021-09-29 08:06:50", "elapsed": 225.223534, "delta": 1.551479}}
{"target": -34.52276075446578, "params": {"C": 20942.433585559458, "gamma": 0.030150266952763422}, "datetime": {"datetime": "2021-09-29 08:06:51", "elapsed": 226.731534, "delta": 1.508}}
{"target": -36.230173865434104, "params": {"C": 20781.790368934115, "gamma": 0.08254756840802531}, "datetime": {"datetime": "2021-09-29 08:06:53", "elapsed": 227.991564, "delta": 1.26003}}
{"target": -35.61559077402835, "params": {"C": 22921.65383218615, "gamma": 0.0059674643392706814}, "datetime": {"datetime": "2021-09-29 08:06:55", "elapsed": 230.317678, "delta": 2.326114}}
{"target": -35.88381428222844, "params": {"C": 23134.141013155146, "gamma": 0.06833191250622848}, "datetime": {"datetime": "2021-09-29 08:06:57", "elapsed": 232.133679, "delta": 1.816001}}
{"target": -34.58903421342629, "params": {"C": 23159.320896366735, "gamma": 0.031915796330818084}, "datetime": {"datetime": "2021-09-29 08:06:58", "elapsed": 233.44985, "delta": 1.316171}}
{"target": -34.293236526914065, "params": {"C": 22412.55913958804, "gamma": 0.01850876687046054}, "datetime": {"datetime": "2021-09-29 08:07:00", "elapsed": 235.612358, "delta": 2.162508}}
{"target": -36.59613676659724, "params": {"C": 23996.02395701286, "gamma": 0.0893013020540216}, "datetime": {"datetime": "2021-09-29 08:07:02", "elapsed": 236.790233, "delta": 1.177875}}
{"target": -34.409733968346686, "params": {"C": 20536.2791866084, "gamma": 0.013729842952590103}, "datetime": {"datetime": "2021-09-29 08:07:03", "elapsed": 238.308871, "delta": 1.518638}}
{"target": -36.4501578193211, "params": {"C": 20489.028583414998, "gamma": 0.09109559714556771}, "datetime": {"datetime": "2021-09-29 08:07:05", "elapsed": 239.963023, "delta": 1.654152}}
{"target": -36.17905658392394, "params": {"C": 20865.518625847824, "gamma": 0.08065512088552926}, "datetime": {"datetime": "2021-09-29 08:07:06", "elapsed": 241.456205, "delta": 1.493182}}
{"target": -36.84648617714579, "params": {"C": 24405.099547915423, "gamma": 0.0979406076588659}, "datetime": {"datetime": "2021-09-29 08:07:08", "elapsed": 242.912097, "delta": 1.455892}}
{"target": -34.84005851662139, "params": {"C": 21552.093715682953, "gamma": 0.04168460664838042}, "datetime": {"datetime": "2021-09-29 08:07:09", "elapsed": 244.713902, "delta": 1.801805}}
{"target": -34.895415131120494, "params": {"C": 21132.712184657386, "gamma": 0.04350267415092113}, "datetime": {"datetime": "2021-09-29 08:07:12", "elapsed": 246.87814, "delta": 2.164238}}
{"target": -36.352722780890964, "params": {"C": 19938.911719936506, "gamma": 0.08861605398535065}, "datetime": {"datetime": "2021-09-29 08:07:14", "elapsed": 249.163817, "delta": 2.285677}}
{"target": -35.50901283044745, "params": {"C": 23917.607668749173, "gamma": 0.05718775083862398}, "datetime": {"datetime": "2021-09-29 08:07:16", "elapsed": 250.791925, "delta": 1.628108}}
{"target": -36.29393725514499, "params": {"C": 19261.954053717287, "gamma": 0.0877524982897482}, "datetime": {"datetime": "2021-09-29 08:07:17", "elapsed": 252.573249, "delta": 1.781324}}
{"target": -34.42391965237728, "params": {"C": 19147.72643540021, "gamma": 0.014066995135954719}, "datetime": {"datetime": "2021-09-29 08:07:19", "elapsed": 254.012842, "delta": 1.439593}}
{"target": -36.6011464024665, "params": {"C": 21087.12455109685, "gamma": 0.09559648358748542}, "datetime": {"datetime": "2021-09-29 08:07:20", "elapsed": 255.364181, "delta": 1.351339}}
{"target": -35.608134416146086, "params": {"C": 24359.05081792595, "gamma": 0.05938971547634222}, "datetime": {"datetime": "2021-09-29 08:07:22", "elapsed": 257.47871, "delta": 2.114529}}
{"target": -36.43782126858126, "params": {"C": 21827.361394776224, "gamma": 0.08797915301883648}, "datetime": {"datetime": "2021-09-29 08:07:24", "elapsed": 259.056047, "delta": 1.577337}}
{"target": -35.87921898798875, "params": {"C": 22054.07619179058, "gamma": 0.005251915974552983}, "datetime": {"datetime": "2021-09-29 08:07:26", "elapsed": 260.84987, "delta": 1.793823}}
{"target": -35.09197072354645, "params": {"C": 23766.726226742936, "gamma": 0.046747959739335446}, "datetime": {"datetime": "2021-09-29 08:07:27", "elapsed": 262.762924, "delta": 1.913054}}
{"target": -36.50221161187332, "params": {"C": 20386.165600883778, "gamma": 0.09333116740362507}, "datetime": {"datetime": "2021-09-29 08:07:29", "elapsed": 264.357919, "delta": 1.594995}}
{"target": -34.47206041861782, "params": {"C": 23002.600966532293, "gamma": 0.01185187711003723}, "datetime": {"datetime": "2021-09-29 08:07:31", "elapsed": 266.5705, "delta": 2.212581}}
{"target": -35.46239865266618, "params": {"C": 20495.697062514046, "gamma": 0.05921292116659339}, "datetime": {"datetime": "2021-09-29 08:07:34", "elapsed": 268.932678, "delta": 2.362178}}
{"target": -34.9651338691861, "params": {"C": 24590.180674551448, "gamma": 0.043090199379605044}, "datetime": {"datetime": "2021-09-29 08:07:35", "elapsed": 270.514677, "delta": 1.581999}}
{"target": -35.14134571672049, "params": {"C": 22333.08507690339, "gamma": 0.0490212492054502}, "datetime": {"datetime": "2021-09-29 08:07:37", "elapsed": 272.481299, "delta": 1.966622}}
{"target": -36.362247886280656, "params": {"C": 23988.697123133563, "gamma": 0.0817137950847645}, "datetime": {"datetime": "2021-09-29 08:07:39", "elapsed": 274.113416, "delta": 1.632117}}
{"target": -36.1828152374716, "params": {"C": 22027.406983353216, "gamma": 0.07889642336782918}, "datetime": {"datetime": "2021-09-29 08:07:40", "elapsed": 275.620401, "delta": 1.506985}}
{"target": -36.75696899747406, "params": {"C": 22372.235487062462, "gamma": 0.0990205608602606}, "datetime": {"datetime": "2021-09-29 08:07:42", "elapsed": 277.203004, "delta": 1.582603}}
{"target": -36.572598189086264, "params": {"C": 23372.74701340418, "gamma": 0.08965461931814939}, "datetime": {"datetime": "2021-09-29 08:07:44", "elapsed": 279.380277, "delta": 2.177273}}
{"target": -36.51089123181215, "params": {"C": 24880.504044163034, "gamma": 0.08487030991892022}, "datetime": {"datetime": "2021-09-29 08:07:46", "elapsed": 280.962278, "delta": 1.582001}}
{"target": -35.49383237572515, "params": {"C": 20537.194873066557, "gamma": 0.060047228847588306}, "datetime": {"datetime": "2021-09-29 08:07:48", "elapsed": 283.373277, "delta": 2.410999}}
{"target": -34.65834355629042, "params": {"C": 21076.3455990109, "gamma": 0.03590653424351027}, "datetime": {"datetime": "2021-09-29 08:07:50", "elapsed": 285.333861, "delta": 1.960584}}
{"target": -35.48211902397178, "params": {"C": 19688.35798453212, "gamma": 0.006925272669186402}, "datetime": {"datetime": "2021-09-29 08:07:52", "elapsed": 287.050484, "delta": 1.716623}}
{"target": -35.59977007628017, "params": {"C": 21235.166205610414, "gamma": 0.0062531904770591696}, "datetime": {"datetime": "2021-09-29 08:07:54", "elapsed": 288.899487, "delta": 1.849003}}
{"target": -35.279776595807114, "params": {"C": 20296.98820463515, "gamma": 0.054393459244955394}, "datetime": {"datetime": "2021-09-29 08:07:56", "elapsed": 290.953515, "delta": 2.054028}}
{"target": -36.72928525046604, "params": {"C": 24278.816669589218, "gamma": 0.09368489363130394}, "datetime": {"datetime": "2021-09-29 08:07:58", "elapsed": 292.915465, "delta": 1.96195}}
{"target": -35.897212933282475, "params": {"C": 20498.978930718276, "gamma": 0.07208486737137582}, "datetime": {"datetime": "2021-09-29 08:08:00", "elapsed": 295.062375, "delta": 2.14691}}
{"target": -36.646622355085356, "params": {"C": 23043.156840352873, "gamma": 0.0930398471115922}, "datetime": {"datetime": "2021-09-29 08:08:02", "elapsed": 297.293308, "delta": 2.230933}}
{"target": -36.39844422805003, "params": {"C": 23236.397410571404, "gamma": 0.08408428722398076}, "datetime": {"datetime": "2021-09-29 08:08:04", "elapsed": 299.155159, "delta": 1.861851}}
{"target": -34.64779386408484, "params": {"C": 19705.339305301517, "gamma": 0.011130137071723183}, "datetime": {"datetime": "2021-09-29 08:08:07", "elapsed": 301.887191, "delta": 2.732032}}
{"target": -35.57110014908008, "params": {"C": 20315.60920273735, "gamma": 0.06248206705134576}, "datetime": {"datetime": "2021-09-29 08:08:08", "elapsed": 303.66693, "delta": 1.779739}}
{"target": -35.65014849187352, "params": {"C": 22507.75409608727, "gamma": 0.06232970272221347}, "datetime": {"datetime": "2021-09-29 08:08:11", "elapsed": 305.864522, "delta": 2.197592}}
{"target": -34.7635934968483, "params": {"C": 24871.54018521584, "gamma": 0.03738038456287303}, "datetime": {"datetime": "2021-09-29 08:08:13", "elapsed": 308.441323, "delta": 2.576801}}
{"target": -34.284814000387335, "params": {"C": 24090.950810071714, "gamma": 0.015522582356567564}, "datetime": {"datetime": "2021-09-29 08:08:15", "elapsed": 310.315598, "delta": 1.874275}}
{"target": -34.42111546364026, "params": {"C": 19145.24671287053, "gamma": 0.02615494977121011}, "datetime": {"datetime": "2021-09-29 08:08:17", "elapsed": 311.9868, "delta": 1.671202}}
{"target": -35.50145464427706, "params": {"C": 23798.54681972779, "gamma": 0.057095512325305894}, "datetime": {"datetime": "2021-09-29 08:08:19", "elapsed": 314.492517, "delta": 2.505717}}
{"target": -35.80169104961099, "params": {"C": 23137.097141111197, "gamma": 0.06593386225034249}, "datetime": {"datetime": "2021-09-29 08:08:21", "elapsed": 316.489345, "delta": 1.996828}}
{"target": -34.410289632815065, "params": {"C": 21461.77077979893, "gamma": 0.024805919826729795}, "datetime": {"datetime": "2021-09-29 08:08:23", "elapsed": 318.462365, "delta": 1.97302}}
{"target": -34.747385061612896, "params": {"C": 22347.33297479568, "gamma": 0.009686028209160653}, "datetime": {"datetime": "2021-09-29 08:08:25", "elapsed": 320.330009, "delta": 1.867644}}
{"target": -34.84915292913432, "params": {"C": 24363.666591720714, "gamma": 0.04020831813675452}, "datetime": {"datetime": "2021-09-29 08:08:28", "elapsed": 322.931598, "delta": 2.601589}}
{"target": -34.30194251342406, "params": {"C": 21691.487594592654, "gamma": 0.019234784936089763}, "datetime": {"datetime": "2021-09-29 08:08:30", "elapsed": 325.103354, "delta": 2.171756}}
{"target": -35.81659593382533, "params": {"C": 19275.078721730715, "gamma": 0.07123187933551464}, "datetime": {"datetime": "2021-09-29 08:08:32", "elapsed": 327.174505, "delta": 2.071151}}
{"target": -36.06808772147653, "params": {"C": 23543.327779078314, "gamma": 0.07317755304376015}, "datetime": {"datetime": "2021-09-29 08:08:35", "elapsed": 330.007357, "delta": 2.832852}}
{"target": -34.949367295060526, "params": {"C": 20271.665500296986, "gamma": 0.045547903973857856}, "datetime": {"datetime": "2021-09-29 08:08:37", "elapsed": 331.852174, "delta": 1.844817}}
{"target": -35.799487071279664, "params": {"C": 24729.03757066187, "gamma": 0.06419772089312915}, "datetime": {"datetime": "2021-09-29 08:08:39", "elapsed": 333.954892, "delta": 2.102718}}
{"target": -36.13737710630859, "params": {"C": 20193.267232813276, "gamma": 0.080399327001916}, "datetime": {"datetime": "2021-09-29 08:08:41", "elapsed": 335.948995, "delta": 1.994103}}
{"target": -35.25366087105255, "params": {"C": 23276.774936894606, "gamma": 0.051165326941029564}, "datetime": {"datetime": "2021-09-29 08:08:43", "elapsed": 338.245358, "delta": 2.296363}}
{"target": -34.382054124223, "params": {"C": 22372.468711035497, "gamma": 0.023176795152477052}, "datetime": {"datetime": "2021-09-29 08:08:45", "elapsed": 340.561034, "delta": 2.315676}}
