{"target": -36.9998712232208, "params": {"C": 794.7629209350509, "gamma": 0.05046599436312983}, "datetime": {"datetime": "2021-09-28 13:24:06", "elapsed": 16.677587, "delta": 0.428987}}
{"target": -37.581257787398854, "params": {"C": 719.053572555653, "gamma": 0.06785477550117673}, "datetime": {"datetime": "2021-09-28 13:24:06", "elapsed": 17.087592, "delta": 0.410005}}
{"target": -37.931362541285516, "params": {"C": 711.0276939094462, "gamma": 0.004370589859616606}, "datetime": {"datetime": "2021-09-28 13:24:06", "elapsed": 17.486589, "delta": 0.398997}}
{"target": -36.88372184934636, "params": {"C": 687.8516635514238, "gamma": 0.012204363059697784}, "datetime": {"datetime": "2021-09-28 13:24:07", "elapsed": 17.836589, "delta": 0.35}}
{"target": -38.89315419164963, "params": {"C": 700.2566435495513, "gamma": 0.11847245579779557}, "datetime": {"datetime": "2021-09-28 13:24:07", "elapsed": 18.160588, "delta": 0.323999}}
{"target": -39.074784682393165, "params": {"C": 628.8158882058949, "gamma": 0.1181998624288208}, "datetime": {"datetime": "2021-09-28 13:24:07", "elapsed": 18.508588, "delta": 0.348}}
{"target": -37.481329816519995, "params": {"C": 825.8692974757603, "gamma": 0.07264565948005026}, "datetime": {"datetime": "2021-09-28 13:24:08", "elapsed": 18.973367, "delta": 0.464779}}
{"target": -36.27793194455632, "params": {"C": 966.1687478347773, "gamma": 0.0171581206278883}, "datetime": {"datetime": "2021-09-28 13:24:08", "elapsed": 19.380369, "delta": 0.407002}}
{"target": -37.31719957809986, "params": {"C": 828.9917087119434, "gamma": 0.06690965795875911}, "datetime": {"datetime": "2021-09-28 13:24:09", "elapsed": 19.926037, "delta": 0.545668}}
{"target": -38.082038511084484, "params": {"C": 896.8753797914525, "gamma": 0.10166825019146669}, "datetime": {"datetime": "2021-09-28 13:24:09", "elapsed": 20.414038, "delta": 0.488001}}
{"target": -37.31237187038867, "params": {"C": 706.2280623399363, "gamma": 0.056090434220920166}, "datetime": {"datetime": "2021-09-28 13:24:10", "elapsed": 20.825763, "delta": 0.411725}}
{"target": -37.05201554483001, "params": {"C": 771.134472266398, "gamma": 0.05081160713698784}, "datetime": {"datetime": "2021-09-28 13:24:10", "elapsed": 21.252762, "delta": 0.426999}}
{"target": -38.16489566341154, "params": {"C": 823.9765829196244, "gamma": 0.09938788359894143}, "datetime": {"datetime": "2021-09-28 13:24:11", "elapsed": 21.807763, "delta": 0.555001}}
{"target": -37.13697641616387, "params": {"C": 845.1134105391482, "gamma": 0.06069686835473463}, "datetime": {"datetime": "2021-09-28 13:24:11", "elapsed": 22.236762, "delta": 0.428999}}
{"target": -37.63997238387695, "params": {"C": 680.8670055715202, "gamma": 0.06666987180927941}, "datetime": {"datetime": "2021-09-28 13:24:12", "elapsed": 22.754152, "delta": 0.51739}}
{"target": -38.30000611557028, "params": {"C": 919.9273788770558, "gamma": 0.11269393488914708}, "datetime": {"datetime": "2021-09-28 13:24:12", "elapsed": 23.291153, "delta": 0.537001}}
{"target": -36.663156373766356, "params": {"C": 786.7385405959651, "gamma": 0.03289705776685139}, "datetime": {"datetime": "2021-09-28 13:24:13", "elapsed": 23.759152, "delta": 0.467999}}
{"target": -36.76664418683273, "params": {"C": 760.4038871637322, "gamma": 0.03578145358642504}, "datetime": {"datetime": "2021-09-28 13:24:13", "elapsed": 24.21715, "delta": 0.457998}}
{"target": -36.292023585933734, "params": {"C": 953.1701347438525, "gamma": 0.022108668415229994}, "datetime": {"datetime": "2021-09-28 13:24:14", "elapsed": 24.675446, "delta": 0.458296}}
{"target": -36.706908604017194, "params": {"C": 705.9095115556985, "gamma": 0.023909187258310132}, "datetime": {"datetime": "2021-09-28 13:24:14", "elapsed": 25.21773, "delta": 0.542284}}
{"target": -37.17436590193297, "params": {"C": 774.0064938638452, "gamma": 0.056480831837213856}, "datetime": {"datetime": "2021-09-28 13:24:15", "elapsed": 25.63734, "delta": 0.41961}}
{"target": -38.409123627414324, "params": {"C": 800.5308243611331, "gamma": 0.10767005190500838}, "datetime": {"datetime": "2021-09-28 13:24:15", "elapsed": 25.999338, "delta": 0.361998}}
{"target": -37.161137850055255, "params": {"C": 998.3110818787084, "gamma": 0.07204030140320478}, "datetime": {"datetime": "2021-09-28 13:24:15", "elapsed": 26.42834, "delta": 0.429002}}
{"target": -37.215920023901106, "params": {"C": 944.7874064512725, "gamma": 0.005387883826808923}, "datetime": {"datetime": "2021-09-28 13:24:16", "elapsed": 26.839573, "delta": 0.411233}}
{"target": -37.67915477406801, "params": {"C": 659.0624939201273, "gamma": 0.06610299826660783}, "datetime": {"datetime": "2021-09-28 13:24:16", "elapsed": 27.328576, "delta": 0.489003}}
{"target": -37.08439047966714, "params": {"C": 665.6334555306128, "gamma": 0.04173894842330631}, "datetime": {"datetime": "2021-09-28 13:24:17", "elapsed": 27.789575, "delta": 0.460999}}
{"target": -37.82549826263612, "params": {"C": 799.6934396703631, "gamma": 0.08335594376256268}, "datetime": {"datetime": "2021-09-28 13:24:17", "elapsed": 28.26957, "delta": 0.479995}}
{"target": -37.09558044234551, "params": {"C": 778.2426555816717, "gamma": 0.05332254310289976}, "datetime": {"datetime": "2021-09-28 13:24:18", "elapsed": 28.76987, "delta": 0.5003}}
{"target": -37.668623950017135, "params": {"C": 670.7019872846181, "gamma": 0.06677708917537079}, "datetime": {"datetime": "2021-09-28 13:24:18", "elapsed": 29.366872, "delta": 0.597002}}
{"target": -36.784911546609216, "params": {"C": 813.2857770093786, "gamma": 0.041935521033138363}, "datetime": {"datetime": "2021-09-28 13:24:19", "elapsed": 29.835872, "delta": 0.469}}
{"target": -38.24188616857555, "params": {"C": 854.8279630269383, "gamma": 0.1051919944614692}, "datetime": {"datetime": "2021-09-28 13:24:19", "elapsed": 30.344594, "delta": 0.508722}}
{"target": -37.06888354258618, "params": {"C": 785.7008348880547, "gamma": 0.0527613584564319}, "datetime": {"datetime": "2021-09-28 13:24:20", "elapsed": 30.826245, "delta": 0.481651}}
{"target": -37.41909967203345, "params": {"C": 883.004692648603, "gamma": 0.07452201584853443}, "datetime": {"datetime": "2021-09-28 13:24:20", "elapsed": 31.335245, "delta": 0.509}}
{"target": -37.090649310875776, "params": {"C": 650.0085913622822, "gamma": 0.04014186379997637}, "datetime": {"datetime": "2021-09-28 13:24:21", "elapsed": 31.822245, "delta": 0.487}}
{"target": -37.816838640118874, "params": {"C": 655.4166952970643, "gamma": 0.07060579549968479}, "datetime": {"datetime": "2021-09-28 13:24:21", "elapsed": 32.319247, "delta": 0.497002}}
{"target": -36.98237257198048, "params": {"C": 838.5836861439234, "gamma": 0.05317422254185707}, "datetime": {"datetime": "2021-09-28 13:24:22", "elapsed": 33.455204, "delta": 1.135957}}
{"target": -37.71628970668593, "params": {"C": 885.6883021781568, "gamma": 0.08583181454573821}, "datetime": {"datetime": "2021-09-28 13:24:23", "elapsed": 34.201203, "delta": 0.745999}}
{"target": -36.6648947330443, "params": {"C": 758.7527133077158, "gamma": 0.02956370362961048}, "datetime": {"datetime": "2021-09-28 13:24:23", "elapsed": 34.615203, "delta": 0.414}}
{"target": -37.895745927246125, "params": {"C": 743.0910314098107, "gamma": 0.08131310658146693}, "datetime": {"datetime": "2021-09-28 13:24:24", "elapsed": 35.044427, "delta": 0.429224}}
{"target": -37.212911362418666, "params": {"C": 916.1080854894763, "gamma": 0.06887644592792412}, "datetime": {"datetime": "2021-09-28 13:24:24", "elapsed": 35.508427, "delta": 0.464}}
{"target": -36.947365691369995, "params": {"C": 895.4440510200587, "gamma": 0.055952111971859515}, "datetime": {"datetime": "2021-09-28 13:24:25", "elapsed": 35.92209, "delta": 0.413663}}
{"target": -36.68922842243929, "params": {"C": 717.2688649507204, "gamma": 0.016499884946106772}, "datetime": {"datetime": "2021-09-28 13:24:25", "elapsed": 36.353091, "delta": 0.431001}}
{"target": -36.99244897305245, "params": {"C": 677.7332970310547, "gamma": 0.038508953774449295}, "datetime": {"datetime": "2021-09-28 13:24:26", "elapsed": 36.896932, "delta": 0.543841}}
{"target": -37.3778501527093, "params": {"C": 801.1353338037585, "gamma": 0.005795417102363401}, "datetime": {"datetime": "2021-09-28 13:24:26", "elapsed": 37.366928, "delta": 0.469996}}
{"target": -37.32035687535255, "params": {"C": 643.0396885638625, "gamma": 0.04977497649423535}, "datetime": {"datetime": "2021-09-28 13:24:27", "elapsed": 37.853931, "delta": 0.487003}}
{"target": -38.67091545848033, "params": {"C": 735.7933087910643, "gamma": 0.11234998329254241}, "datetime": {"datetime": "2021-09-28 13:24:27", "elapsed": 38.466938, "delta": 0.613007}}
{"target": -38.757488589042275, "params": {"C": 753.6495541631232, "gamma": 0.11807218636615145}, "datetime": {"datetime": "2021-09-28 13:24:28", "elapsed": 39.037806, "delta": 0.570868}}
{"target": -36.98013540078705, "params": {"C": 956.4081598257626, "gamma": 0.006506327409684497}, "datetime": {"datetime": "2021-09-28 13:24:29", "elapsed": 39.971969, "delta": 0.934163}}
{"target": -36.29276986249269, "params": {"C": 953.4530200037498, "gamma": 0.022396780702676315}, "datetime": {"datetime": "2021-09-28 13:24:30", "elapsed": 40.671756, "delta": 0.699787}}
{"target": -37.37197754665982, "params": {"C": 749.7421962388096, "gamma": 0.06260167251083754}, "datetime": {"datetime": "2021-09-28 13:24:30", "elapsed": 41.253677, "delta": 0.581921}}
{"target": -37.84185983166303, "params": {"C": 735.4047925964562, "gamma": 0.07860635562182379}, "datetime": {"datetime": "2021-09-28 13:24:31", "elapsed": 41.825676, "delta": 0.571999}}
{"target": -36.90023719989476, "params": {"C": 675.1328641920411, "gamma": 0.012562124809593147}, "datetime": {"datetime": "2021-09-28 13:24:31", "elapsed": 42.495674, "delta": 0.669998}}
{"target": -37.26266643630979, "params": {"C": 941.3992654616324, "gamma": 0.07249845872997115}, "datetime": {"datetime": "2021-09-28 13:24:32", "elapsed": 43.247517, "delta": 0.751843}}
{"target": -38.4163602196652, "params": {"C": 942.6281353592399, "gamma": 0.11956280365612713}, "datetime": {"datetime": "2021-09-28 13:24:33", "elapsed": 43.80152, "delta": 0.554003}}
{"target": -36.92712980892144, "params": {"C": 616.240768077498, "gamma": 0.017949523516711943}, "datetime": {"datetime": "2021-09-28 13:24:33", "elapsed": 44.319519, "delta": 0.517999}}
{"target": -36.392159280657836, "params": {"C": 954.6936370472702, "gamma": 0.033173278688962485}, "datetime": {"datetime": "2021-09-28 13:24:34", "elapsed": 45.137273, "delta": 0.817754}}
{"target": -36.799385790967314, "params": {"C": 946.8327336922343, "gamma": 0.053003062757175576}, "datetime": {"datetime": "2021-09-28 13:24:35", "elapsed": 46.050912, "delta": 0.913639}}
{"target": -37.03671129244408, "params": {"C": 885.5471649773569, "gamma": 0.059275179987749664}, "datetime": {"datetime": "2021-09-28 13:24:36", "elapsed": 46.863352, "delta": 0.81244}}
{"target": -37.609676774981956, "params": {"C": 779.4218870651181, "gamma": 0.07369639535814089}, "datetime": {"datetime": "2021-09-28 13:24:36", "elapsed": 47.528344, "delta": 0.664992}}
{"target": -36.47040528104934, "params": {"C": 905.515469618003, "gamma": 0.03353752148487633}, "datetime": {"datetime": "2021-09-28 13:24:37", "elapsed": 48.092346, "delta": 0.564002}}
{"target": -38.440776689640025, "params": {"C": 753.4262843127651, "gamma": 0.10433651315263653}, "datetime": {"datetime": "2021-09-28 13:24:38", "elapsed": 48.768347, "delta": 0.676001}}
{"target": -37.09650399675651, "params": {"C": 953.1657689770062, "gamma": 0.06647368091699568}, "datetime": {"datetime": "2021-09-28 13:24:38", "elapsed": 49.595776, "delta": 0.827429}}
{"target": -36.31994939720334, "params": {"C": 953.4205129506227, "gamma": 0.014634573386937088}, "datetime": {"datetime": "2021-09-28 13:24:39", "elapsed": 50.335194, "delta": 0.739418}}
{"target": -36.80517804403693, "params": {"C": 656.9825652213436, "gamma": 0.023713985154297023}, "datetime": {"datetime": "2021-09-28 13:24:40", "elapsed": 51.0856, "delta": 0.750406}}
{"target": -36.370194820111436, "params": {"C": 905.5123222389107, "gamma": 0.02412898829450845}, "datetime": {"datetime": "2021-09-28 13:24:41", "elapsed": 51.757602, "delta": 0.672002}}
{"target": -36.36349368966319, "params": {"C": 953.2161853770535, "gamma": 0.01302585467706091}, "datetime": {"datetime": "2021-09-28 13:24:43", "elapsed": 53.629084, "delta": 1.871482}}
{"target": -37.79961943086318, "params": {"C": 634.3164834547161, "gamma": 0.005563135663352292}, "datetime": {"datetime": "2021-09-28 13:24:43", "elapsed": 54.190774, "delta": 0.56169}}
{"target": -36.85891835385618, "params": {"C": 966.2107280560551, "gamma": 0.0570737181920815}, "datetime": {"datetime": "2021-09-28 13:24:44", "elapsed": 55.004965, "delta": 0.814191}}
{"target": -37.138600038419966, "params": {"C": 966.0937116768748, "gamma": 0.06909081027557037}, "datetime": {"datetime": "2021-09-28 13:24:45", "elapsed": 55.758638, "delta": 0.753673}}
{"target": -36.67870081681652, "params": {"C": 715.1101501302392, "gamma": 0.022327215717334196}, "datetime": {"datetime": "2021-09-28 13:24:45", "elapsed": 56.403641, "delta": 0.645003}}
{"target": -37.68030983171985, "params": {"C": 953.4116326827702, "gamma": 0.08937161316802555}, "datetime": {"datetime": "2021-09-28 13:24:46", "elapsed": 57.327264, "delta": 0.923623}}
{"target": -37.82344028705456, "params": {"C": 892.3747865857649, "gamma": 0.0905993633371226}, "datetime": {"datetime": "2021-09-28 13:24:47", "elapsed": 58.198263, "delta": 0.870999}}
{"target": -36.73572919084212, "params": {"C": 892.4724488231782, "gamma": 0.00906548828543009}, "datetime": {"datetime": "2021-09-28 13:24:48", "elapsed": 59.021741, "delta": 0.823478}}
{"target": -37.89587551973442, "params": {"C": 931.8993678456088, "gamma": 0.09648336462631005}, "datetime": {"datetime": "2021-09-28 13:24:49", "elapsed": 59.737746, "delta": 0.716005}}
{"target": -37.693533628419694, "params": {"C": 954.7177734898492, "gamma": 0.0899935861479906}, "datetime": {"datetime": "2021-09-28 13:24:50", "elapsed": 60.665503, "delta": 0.927757}}
{"target": -37.48065064065178, "params": {"C": 905.5583838268203, "gamma": 0.00456676200412041}, "datetime": {"datetime": "2021-09-28 13:24:50", "elapsed": 61.556227, "delta": 0.890724}}
{"target": -36.31612308970723, "params": {"C": 986.1591784240259, "gamma": 0.03059474497170921}, "datetime": {"datetime": "2021-09-28 13:24:51", "elapsed": 62.493232, "delta": 0.937005}}
{"target": -37.841939219963535, "params": {"C": 644.7630453242484, "gamma": 0.0705170692022167}, "datetime": {"datetime": "2021-09-28 13:24:52", "elapsed": 63.408232, "delta": 0.915}}
{"target": -37.47448187704291, "params": {"C": 981.2033540997136, "gamma": 0.0832796656893185}, "datetime": {"datetime": "2021-09-28 13:24:53", "elapsed": 64.223203, "delta": 0.814971}}
{"target": -38.86686754152841, "params": {"C": 710.2359768266332, "gamma": 0.11841100160249979}, "datetime": {"datetime": "2021-09-28 13:24:54", "elapsed": 65.18698, "delta": 0.963777}}
{"target": -38.3363063772815, "params": {"C": 995.6642415044565, "gamma": 0.11996166203439855}, "datetime": {"datetime": "2021-09-28 13:24:55", "elapsed": 66.013978, "delta": 0.826998}}
{"target": -37.03242733803497, "params": {"C": 736.9676193588853, "gamma": 0.04680297424454933}, "datetime": {"datetime": "2021-09-28 13:24:56", "elapsed": 66.762979, "delta": 0.749001}}
{"target": -37.51746692136977, "params": {"C": 812.8372750043368, "gamma": 0.07296220505000599}, "datetime": {"datetime": "2021-09-28 13:24:56", "elapsed": 67.57088, "delta": 0.807901}}
{"target": -36.44547452488759, "params": {"C": 954.6433118911026, "gamma": 0.01142715067658127}, "datetime": {"datetime": "2021-09-28 13:24:57", "elapsed": 68.520852, "delta": 0.949972}}
{"target": -38.48207544675412, "params": {"C": 813.1119055496334, "gamma": 0.111842247307213}, "datetime": {"datetime": "2021-09-28 13:24:58", "elapsed": 69.173211, "delta": 0.652359}}
{"target": -37.087623203603, "params": {"C": 782.4052042722425, "gamma": 0.05331720927280254}, "datetime": {"datetime": "2021-09-28 13:24:59", "elapsed": 69.791214, "delta": 0.618003}}
{"target": -36.41535137270871, "params": {"C": 902.8684711259814, "gamma": 0.028737786520592352}, "datetime": {"datetime": "2021-09-28 13:25:01", "elapsed": 71.935485, "delta": 2.144271}}
{"target": -37.038827121431076, "params": {"C": 986.1926624869086, "gamma": 0.06619356472952206}, "datetime": {"datetime": "2021-09-28 13:25:02", "elapsed": 72.767484, "delta": 0.831999}}
{"target": -36.30849606307072, "params": {"C": 986.1163004232426, "gamma": 0.029910207699337832}, "datetime": {"datetime": "2021-09-28 13:25:02", "elapsed": 73.517709, "delta": 0.750225}}
{"target": -39.042970740838136, "params": {"C": 654.1502258012246, "gamma": 0.11995840965141488}, "datetime": {"datetime": "2021-09-28 13:25:03", "elapsed": 74.21971, "delta": 0.702001}}
{"target": -38.318441310471826, "params": {"C": 902.8308960042278, "gamma": 0.1121652446585186}, "datetime": {"datetime": "2021-09-28 13:25:04", "elapsed": 74.975296, "delta": 0.755586}}
{"target": -36.70527120353667, "params": {"C": 798.2717070094608, "gamma": 0.03637463788089766}, "datetime": {"datetime": "2021-09-28 13:25:05", "elapsed": 75.916777, "delta": 0.941481}}
{"target": -36.714589475043184, "params": {"C": 807.5058395031533, "gamma": 0.037770988101495734}, "datetime": {"datetime": "2021-09-28 13:25:05", "elapsed": 76.568782, "delta": 0.652005}}
{"target": -37.64849536089538, "params": {"C": 911.7647677717515, "gamma": 0.08511971220500023}, "datetime": {"datetime": "2021-09-28 13:25:06", "elapsed": 77.192666, "delta": 0.623884}}
{"target": -36.40470503997558, "params": {"C": 892.4686454651744, "gamma": 0.014660080057790795}, "datetime": {"datetime": "2021-09-28 13:25:07", "elapsed": 77.830674, "delta": 0.638008}}
{"target": -36.93213627812696, "params": {"C": 892.4721597779753, "gamma": 0.055041830382612705}, "datetime": {"datetime": "2021-09-28 13:25:08", "elapsed": 78.660669, "delta": 0.829995}}
{"target": -36.680338885468004, "params": {"C": 892.4293159082291, "gamma": 0.00961262120423032}, "datetime": {"datetime": "2021-09-28 13:25:08", "elapsed": 79.357496, "delta": 0.696827}}
{"target": -37.641521972402664, "params": {"C": 643.7343950467853, "gamma": 0.06317573533358554}, "datetime": {"datetime": "2021-09-28 13:25:09", "elapsed": 80.180221, "delta": 0.822725}}
{"target": -36.4618488163298, "params": {"C": 953.2053773155782, "gamma": 0.03742974109805025}, "datetime": {"datetime": "2021-09-28 13:25:10", "elapsed": 81.127256, "delta": 0.947035}}
{"target": -36.990061640020926, "params": {"C": 986.1355715316637, "gamma": 0.06417432956372567}, "datetime": {"datetime": "2021-09-28 13:25:11", "elapsed": 82.104255, "delta": 0.976999}}
{"target": -37.35830723661375, "params": {"C": 798.3174720469223, "gamma": 0.06605797705125638}, "datetime": {"datetime": "2021-09-28 13:25:12", "elapsed": 83.021256, "delta": 0.917001}}
{"target": -36.29987585465882, "params": {"C": 986.0848146989581, "gamma": 0.013621192282484589}, "datetime": {"datetime": "2021-09-28 13:25:13", "elapsed": 83.795998, "delta": 0.774742}}
{"target": -36.929965853435306, "params": {"C": 902.827331259524, "gamma": 0.0073632482299746645}, "datetime": {"datetime": "2021-09-28 13:25:15", "elapsed": 85.964253, "delta": 2.168255}}
{"target": -37.09022975113464, "params": {"C": 966.1669214460446, "gamma": 0.06705731860937786}, "datetime": {"datetime": "2021-09-28 13:25:16", "elapsed": 87.230263, "delta": 1.26601}}
{"target": -36.324962788705015, "params": {"C": 953.1227361469306, "gamma": 0.014326727486598953}, "datetime": {"datetime": "2021-09-28 13:25:17", "elapsed": 88.208255, "delta": 0.977992}}
{"target": -36.32379715973748, "params": {"C": 953.4179853161384, "gamma": 0.014376333060725124}, "datetime": {"datetime": "2021-09-28 13:25:18", "elapsed": 88.911256, "delta": 0.703001}}
{"target": -36.90858733559547, "params": {"C": 986.0627777928562, "gamma": 0.060785841353071544}, "datetime": {"datetime": "2021-09-28 13:25:19", "elapsed": 90.069486, "delta": 1.15823}}
{"target": -38.027030049511055, "params": {"C": 931.9630040490244, "gamma": 0.003}, "datetime": {"datetime": "2021-09-28 13:25:20", "elapsed": 91.297532, "delta": 1.228046}}
{"target": -36.7797817066684, "params": {"C": 954.7275789906065, "gamma": 0.007859555912328495}, "datetime": {"datetime": "2021-09-28 13:25:21", "elapsed": 92.419522, "delta": 1.12199}}
{"target": -36.45022397967609, "params": {"C": 902.9194818916183, "gamma": 0.03169418014403991}, "datetime": {"datetime": "2021-09-28 13:25:22", "elapsed": 93.495843, "delta": 1.076321}}
{"target": -37.83306625000859, "params": {"C": 986.1562818630985, "gamma": 0.0031978797706434087}, "datetime": {"datetime": "2021-09-28 13:25:24", "elapsed": 94.892571, "delta": 1.396728}}
{"target": -36.27499361962721, "params": {"C": 966.2044698234333, "gamma": 0.017694747146566478}, "datetime": {"datetime": "2021-09-28 13:25:25", "elapsed": 96.051661, "delta": 1.15909}}
{"target": -36.55165988166692, "params": {"C": 966.2445784527483, "gamma": 0.009757659479810155}, "datetime": {"datetime": "2021-09-28 13:25:26", "elapsed": 97.010662, "delta": 0.959001}}
{"target": -36.74915252786992, "params": {"C": 953.4861835077511, "gamma": 0.05121126118524003}, "datetime": {"datetime": "2021-09-28 13:25:27", "elapsed": 98.186243, "delta": 1.175581}}
{"target": -37.27813082441022, "params": {"C": 902.9287527144706, "gamma": 0.07066701636840825}, "datetime": {"datetime": "2021-09-28 13:25:28", "elapsed": 99.401154, "delta": 1.214911}}
{"target": -36.49937986643541, "params": {"C": 905.4724603688534, "gamma": 0.01163430609598081}, "datetime": {"datetime": "2021-09-28 13:25:29", "elapsed": 100.578538, "delta": 1.177384}}
{"target": -37.54865474462136, "params": {"C": 903.9227003348476, "gamma": 0.08074973177225094}, "datetime": {"datetime": "2021-09-28 13:25:30", "elapsed": 101.452336, "delta": 0.873798}}
