{"target": -36.258422489163586, "params": {"C": 12401.552757673182, "gamma": 0.10554343509460913}, "datetime": {"datetime": "2021-09-28 20:04:19", "elapsed": 77.339082, "delta": 1.124724}}
{"target": -34.35816928320447, "params": {"C": 12267.635117031721, "gamma": 0.025514724957836753}, "datetime": {"datetime": "2021-09-28 20:04:20", "elapsed": 78.115081, "delta": 0.775999}}
{"target": -36.071495213261954, "params": {"C": 10259.689667973176, "gamma": 0.10367309243097651}, "datetime": {"datetime": "2021-09-28 20:04:21", "elapsed": 78.903084, "delta": 0.788003}}
{"target": -36.63692058601376, "params": {"C": 10773.1493656562, "gamma": 0.13581760447856947}, "datetime": {"datetime": "2021-09-28 20:04:22", "elapsed": 79.773388, "delta": 0.870304}}
{"target": -35.55300936126051, "params": {"C": 12201.193855926842, "gamma": 0.0084900874630661}, "datetime": {"datetime": "2021-09-28 20:04:22", "elapsed": 80.491386, "delta": 0.717998}}
{"target": -35.50749021474806, "params": {"C": 10921.959473306704, "gamma": 0.07593940608492251}, "datetime": {"datetime": "2021-09-28 20:04:23", "elapsed": 81.227528, "delta": 0.736142}}
{"target": -35.222337249017706, "params": {"C": 11315.279821731689, "gamma": 0.06455838550353821}, "datetime": {"datetime": "2021-09-28 20:04:24", "elapsed": 81.897532, "delta": 0.670004}}
{"target": -35.401601587874936, "params": {"C": 11635.145701061036, "gamma": 0.07033157960661864}, "datetime": {"datetime": "2021-09-28 20:04:24", "elapsed": 82.632533, "delta": 0.735001}}
{"target": -36.24684969256694, "params": {"C": 9654.109064367847, "gamma": 0.11723924126239384}, "datetime": {"datetime": "2021-09-28 20:04:25", "elapsed": 83.37506, "delta": 0.742527}}
{"target": -34.769988488599395, "params": {"C": 10395.08051551017, "gamma": 0.049879540632950733}, "datetime": {"datetime": "2021-09-28 20:04:26", "elapsed": 84.040065, "delta": 0.665005}}
{"target": -36.27582625519206, "params": {"C": 9313.54881267088, "gamma": 0.12106668539502803}, "datetime": {"datetime": "2021-09-28 20:04:27", "elapsed": 84.721058, "delta": 0.680993}}
{"target": -35.84782617451148, "params": {"C": 9526.196961404099, "gamma": 0.09503807859235085}, "datetime": {"datetime": "2021-09-28 20:04:27", "elapsed": 85.36548, "delta": 0.644422}}
{"target": -36.65515928984097, "params": {"C": 12171.867784889702, "gamma": 0.12883017387333606}, "datetime": {"datetime": "2021-09-28 20:04:28", "elapsed": 86.32648, "delta": 0.961}}
{"target": -36.95492505373995, "params": {"C": 11137.823311522234, "gamma": 0.1537845320831493}, "datetime": {"datetime": "2021-09-28 20:04:29", "elapsed": 87.040135, "delta": 0.713655}}
{"target": -36.370338221980184, "params": {"C": 12475.912504424914, "gamma": 0.11105784139138819}, "datetime": {"datetime": "2021-09-28 20:04:29", "elapsed": 87.696138, "delta": 0.656003}}
{"target": -36.14948622371876, "params": {"C": 11178.068442434305, "gamma": 0.10420121403991614}, "datetime": {"datetime": "2021-09-28 20:04:30", "elapsed": 88.417138, "delta": 0.721}}
{"target": -35.499628441790335, "params": {"C": 12926.523483536677, "gamma": 0.07120877216270115}, "datetime": {"datetime": "2021-09-28 20:04:31", "elapsed": 89.250865, "delta": 0.833727}}
{"target": -35.91119851366048, "params": {"C": 9863.541179375432, "gamma": 0.09687222607725796}, "datetime": {"datetime": "2021-09-28 20:04:32", "elapsed": 90.064859, "delta": 0.813994}}
{"target": -36.20069032350658, "params": {"C": 9851.077115742592, "gamma": 0.11323291749593818}, "datetime": {"datetime": "2021-09-28 20:04:33", "elapsed": 90.873511, "delta": 0.808652}}
{"target": -36.98821231311497, "params": {"C": 12830.645990817746, "gamma": 0.1451540843478099}, "datetime": {"datetime": "2021-09-28 20:04:33", "elapsed": 91.521676, "delta": 0.648165}}
{"target": -36.179309168715115, "params": {"C": 11748.98782161873, "gamma": 0.10361540723076887}, "datetime": {"datetime": "2021-09-28 20:04:34", "elapsed": 92.313668, "delta": 0.791992}}
{"target": -36.505952503647684, "params": {"C": 9259.100741493361, "gamma": 0.13604446133858464}, "datetime": {"datetime": "2021-09-28 20:04:35", "elapsed": 93.150116, "delta": 0.836448}}
{"target": -34.75017905127184, "params": {"C": 12864.309062378243, "gamma": 0.0460704583142033}, "datetime": {"datetime": "2021-09-28 20:04:36", "elapsed": 93.851117, "delta": 0.701001}}
{"target": -37.04885168094133, "params": {"C": 12199.195766648427, "gamma": 0.1531705625281367}, "datetime": {"datetime": "2021-09-28 20:04:36", "elapsed": 94.593118, "delta": 0.742001}}
{"target": -35.30840156873717, "params": {"C": 9349.853943697588, "gamma": 0.07217291794534493}, "datetime": {"datetime": "2021-09-28 20:04:37", "elapsed": 95.322341, "delta": 0.729223}}
{"target": -35.64724627887277, "params": {"C": 9774.256635966225, "gamma": 0.0849056273785249}, "datetime": {"datetime": "2021-09-28 20:04:38", "elapsed": 96.049334, "delta": 0.726993}}
{"target": -35.77465247194522, "params": {"C": 10120.619938871387, "gamma": 0.08942974363583817}, "datetime": {"datetime": "2021-09-28 20:04:39", "elapsed": 96.978337, "delta": 0.929003}}
{"target": -36.26608849585516, "params": {"C": 10747.802134335847, "gamma": 0.11295954809807127}, "datetime": {"datetime": "2021-09-28 20:04:40", "elapsed": 97.735498, "delta": 0.757161}}
{"target": -36.51191155699834, "params": {"C": 12712.336603227373, "gamma": 0.1176526551369683}, "datetime": {"datetime": "2021-09-28 20:04:40", "elapsed": 98.639493, "delta": 0.903995}}
{"target": -36.4678156691891, "params": {"C": 12411.50058905789, "gamma": 0.11660798614033913}, "datetime": {"datetime": "2021-09-28 20:04:41", "elapsed": 99.404243, "delta": 0.76475}}
{"target": -35.316575132772485, "params": {"C": 11926.32990959111, "gamma": 0.00969756392111169}, "datetime": {"datetime": "2021-09-28 20:04:42", "elapsed": 100.456864, "delta": 1.052621}}
{"target": -35.327788437448326, "params": {"C": 10929.900259087703, "gamma": 0.010072906644522053}, "datetime": {"datetime": "2021-09-28 20:04:43", "elapsed": 101.273082, "delta": 0.816218}}
{"target": -35.96770654606897, "params": {"C": 9072.287189584233, "gamma": 0.10320070518019464}, "datetime": {"datetime": "2021-09-28 20:04:44", "elapsed": 102.095075, "delta": 0.821993}}
{"target": -34.38759559794356, "params": {"C": 9311.950108024937, "gamma": 0.02746422771917905}, "datetime": {"datetime": "2021-09-28 20:04:45", "elapsed": 102.833083, "delta": 0.738008}}
{"target": -35.054144510148376, "params": {"C": 9227.38735817594, "gamma": 0.0626855130109015}, "datetime": {"datetime": "2021-09-28 20:04:45", "elapsed": 103.582225, "delta": 0.749142}}
{"target": -35.10206825431682, "params": {"C": 9586.042866245647, "gamma": 0.06370751403040739}, "datetime": {"datetime": "2021-09-28 20:04:46", "elapsed": 104.446224, "delta": 0.863999}}
{"target": -36.56775716174625, "params": {"C": 10641.073892374976, "gamma": 0.13182390020567797}, "datetime": {"datetime": "2021-09-28 20:04:47", "elapsed": 105.327352, "delta": 0.881128}}
{"target": -34.62264511540255, "params": {"C": 11987.613236282177, "gamma": 0.014878684438959271}, "datetime": {"datetime": "2021-09-28 20:04:48", "elapsed": 106.286349, "delta": 0.958997}}
{"target": -36.364362493239284, "params": {"C": 11810.121092762654, "gamma": 0.11367149270492691}, "datetime": {"datetime": "2021-09-28 20:04:49", "elapsed": 107.327897, "delta": 1.041548}}
{"target": -34.47697855648425, "params": {"C": 9078.365700797332, "gamma": 0.034674491316106185}, "datetime": {"datetime": "2021-09-28 20:04:50", "elapsed": 108.560895, "delta": 1.232998}}
{"target": -36.80017711212221, "params": {"C": 9881.810481686945, "gamma": 0.15220542465249118}, "datetime": {"datetime": "2021-09-28 20:04:51", "elapsed": 109.375455, "delta": 0.81456}}
{"target": -34.40034255753069, "params": {"C": 9363.339900987514, "gamma": 0.024453529738766223}, "datetime": {"datetime": "2021-09-28 20:04:52", "elapsed": 110.346748, "delta": 0.971293}}
{"target": -36.72798839588244, "params": {"C": 9117.947355721159, "gamma": 0.1526066722832032}, "datetime": {"datetime": "2021-09-28 20:04:53", "elapsed": 111.360527, "delta": 1.013779}}
{"target": -34.538541539320214, "params": {"C": 12727.807329390103, "gamma": 0.035542758463306505}, "datetime": {"datetime": "2021-09-28 20:04:54", "elapsed": 112.252527, "delta": 0.892}}
{"target": -35.9766782321109, "params": {"C": 10658.667958726266, "gamma": 0.09713321482012335}, "datetime": {"datetime": "2021-09-28 20:04:55", "elapsed": 113.079525, "delta": 0.826998}}
{"target": -35.52446936023001, "params": {"C": 10486.076147849362, "gamma": 0.07772565635623321}, "datetime": {"datetime": "2021-09-28 20:04:56", "elapsed": 114.055692, "delta": 0.976167}}
{"target": -36.05060044988805, "params": {"C": 11064.283267989247, "gamma": 0.09937246714146729}, "datetime": {"datetime": "2021-09-28 20:04:57", "elapsed": 115.298982, "delta": 1.24329}}
{"target": -34.83731692087375, "params": {"C": 11420.542582508888, "gamma": 0.051090951787825675}, "datetime": {"datetime": "2021-09-28 20:04:58", "elapsed": 116.222602, "delta": 0.92362}}
{"target": -35.8979845947294, "params": {"C": 11246.729644195104, "gamma": 0.09135494512623707}, "datetime": {"datetime": "2021-09-28 20:04:59", "elapsed": 117.205415, "delta": 0.982813}}
{"target": -34.36461970771315, "params": {"C": 11887.352229416825, "gamma": 0.02608481983431927}, "datetime": {"datetime": "2021-09-28 20:05:00", "elapsed": 118.235417, "delta": 1.030002}}
{"target": -34.98397425308122, "params": {"C": 9834.01825354418, "gamma": 0.05884818435523248}, "datetime": {"datetime": "2021-09-28 20:05:01", "elapsed": 119.406419, "delta": 1.171002}}
{"target": -34.99025160129307, "params": {"C": 10909.003746667295, "gamma": 0.05715230522372863}, "datetime": {"datetime": "2021-09-28 20:05:02", "elapsed": 120.22941, "delta": 0.822991}}
{"target": -36.455106653489715, "params": {"C": 9100.406645882917, "gamma": 0.1336942240568965}, "datetime": {"datetime": "2021-09-28 20:05:03", "elapsed": 121.056009, "delta": 0.826599}}
{"target": -34.57614146898991, "params": {"C": 9179.853192160137, "gamma": 0.04051427959956258}, "datetime": {"datetime": "2021-09-28 20:05:04", "elapsed": 122.103158, "delta": 1.047149}}
{"target": -36.86064192425249, "params": {"C": 9636.043611060082, "gamma": 0.15761729211406134}, "datetime": {"datetime": "2021-09-28 20:05:05", "elapsed": 123.07816, "delta": 0.975002}}
{"target": -36.22799580327459, "params": {"C": 12797.944425195165, "gamma": 0.10242615927881439}, "datetime": {"datetime": "2021-09-28 20:05:06", "elapsed": 124.271503, "delta": 1.193343}}
{"target": -37.06801371435876, "params": {"C": 12882.411376663475, "gamma": 0.1496948014763742}, "datetime": {"datetime": "2021-09-28 20:05:07", "elapsed": 125.290652, "delta": 1.019149}}
{"target": -36.44591265171164, "params": {"C": 10041.876050778124, "gamma": 0.12760181050761138}, "datetime": {"datetime": "2021-09-28 20:05:08", "elapsed": 126.378267, "delta": 1.087615}}
{"target": -36.99599671675931, "params": {"C": 10705.903702372314, "gamma": 0.1593610783667364}, "datetime": {"datetime": "2021-09-28 20:05:09", "elapsed": 127.563427, "delta": 1.18516}}
{"target": -34.46990006576364, "params": {"C": 11043.41283990068, "gamma": 0.018845733146439864}, "datetime": {"datetime": "2021-09-28 20:05:10", "elapsed": 128.626428, "delta": 1.063001}}
{"target": -36.31003306481696, "params": {"C": 12262.98913682979, "gamma": 0.1088015960570581}, "datetime": {"datetime": "2021-09-28 20:05:11", "elapsed": 129.638388, "delta": 1.01196}}
{"target": -36.487545203186784, "params": {"C": 10374.74235934936, "gamma": 0.12820916862614162}, "datetime": {"datetime": "2021-09-28 20:05:12", "elapsed": 130.586616, "delta": 0.948228}}
{"target": -34.45705501741564, "params": {"C": 11154.804554045035, "gamma": 0.03194066308862306}, "datetime": {"datetime": "2021-09-28 20:05:14", "elapsed": 132.223795, "delta": 1.637179}}
{"target": -35.68747362813526, "params": {"C": 10782.059644732833, "gamma": 0.08356227717838906}, "datetime": {"datetime": "2021-09-28 20:05:15", "elapsed": 133.285171, "delta": 1.061376}}
{"target": -34.34442357786707, "params": {"C": 11518.406263692224, "gamma": 0.023028087704129268}, "datetime": {"datetime": "2021-09-28 20:05:16", "elapsed": 134.704165, "delta": 1.418994}}
{"target": -35.75131625072751, "params": {"C": 12914.663796977202, "gamma": 0.08057370035143584}, "datetime": {"datetime": "2021-09-28 20:05:18", "elapsed": 136.217641, "delta": 1.513476}}
{"target": -35.541960550617574, "params": {"C": 9631.501802521814, "gamma": 0.08085465053793915}, "datetime": {"datetime": "2021-09-28 20:05:19", "elapsed": 137.044638, "delta": 0.826997}}
{"target": -35.60202643095357, "params": {"C": 11472.808323860494, "gamma": 0.07824850365612294}, "datetime": {"datetime": "2021-09-28 20:05:20", "elapsed": 138.473894, "delta": 1.429256}}
{"target": -34.6936178542691, "params": {"C": 10294.955723706305, "gamma": 0.046034646080824526}, "datetime": {"datetime": "2021-09-28 20:05:22", "elapsed": 139.947631, "delta": 1.473737}}
{"target": -36.52091712934054, "params": {"C": 10187.860245956075, "gamma": 0.13152498003414656}, "datetime": {"datetime": "2021-09-28 20:05:23", "elapsed": 141.016257, "delta": 1.068626}}
{"target": -36.03311724571424, "params": {"C": 11614.435888124102, "gamma": 0.006578494448283744}, "datetime": {"datetime": "2021-09-28 20:05:24", "elapsed": 142.570095, "delta": 1.553838}}
{"target": -36.26261131716008, "params": {"C": 11756.094008770098, "gamma": 0.10833101514174119}, "datetime": {"datetime": "2021-09-28 20:05:26", "elapsed": 143.743836, "delta": 1.173741}}
{"target": -34.78874144176085, "params": {"C": 11772.880597577823, "gamma": 0.04891524664501898}, "datetime": {"datetime": "2021-09-28 20:05:27", "elapsed": 144.996833, "delta": 1.252997}}
{"target": -34.37523544638126, "params": {"C": 11275.039426392028, "gamma": 0.027040619630751408}, "datetime": {"datetime": "2021-09-28 20:05:29", "elapsed": 146.991673, "delta": 1.99484}}
{"target": -36.895991200258315, "params": {"C": 12330.682638008575, "gamma": 0.14254422966708788}, "datetime": {"datetime": "2021-09-28 20:05:30", "elapsed": 147.983701, "delta": 0.992028}}
{"target": -34.50087022462384, "params": {"C": 10024.186124405602, "gamma": 0.019243427975278588}, "datetime": {"datetime": "2021-09-28 20:05:31", "elapsed": 148.784701, "delta": 0.801}}
{"target": -36.706635660765535, "params": {"C": 9992.685722276665, "gamma": 0.145471763763821}, "datetime": {"datetime": "2021-09-28 20:05:32", "elapsed": 149.829364, "delta": 1.044663}}
{"target": -36.47868878114149, "params": {"C": 10243.679083898549, "gamma": 0.12843730249744245}, "datetime": {"datetime": "2021-09-28 20:05:33", "elapsed": 150.808003, "delta": 0.978639}}
{"target": -37.14909849472699, "params": {"C": 12603.399698610283, "gamma": 0.15663993881183383}, "datetime": {"datetime": "2021-09-28 20:05:34", "elapsed": 152.024594, "delta": 1.216591}}
{"target": -35.19673368077637, "params": {"C": 10701.395810455302, "gamma": 0.0648538318999891}, "datetime": {"datetime": "2021-09-28 20:05:35", "elapsed": 153.124591, "delta": 1.099997}}
{"target": -35.26173698471576, "params": {"C": 10421.808123104925, "gamma": 0.06782015256202921}, "datetime": {"datetime": "2021-09-28 20:05:36", "elapsed": 154.338333, "delta": 1.213742}}
{"target": -36.61650645737045, "params": {"C": 9625.941146624336, "gamma": 0.14142619334451947}, "datetime": {"datetime": "2021-09-28 20:05:37", "elapsed": 155.491042, "delta": 1.152709}}
{"target": -35.94124191888167, "params": {"C": 12278.405112499448, "gamma": 0.09014843557880756}, "datetime": {"datetime": "2021-09-28 20:05:38", "elapsed": 156.524078, "delta": 1.033036}}
{"target": -36.55718973132742, "params": {"C": 9174.636035811525, "gamma": 0.14001723405169442}, "datetime": {"datetime": "2021-09-28 20:05:39", "elapsed": 157.39804, "delta": 0.873962}}
{"target": -34.52731799152661, "params": {"C": 9098.484290266808, "gamma": 0.019793518379715592}, "datetime": {"datetime": "2021-09-28 20:05:40", "elapsed": 158.409038, "delta": 1.010998}}
{"target": -36.86425828687096, "params": {"C": 10391.4163673979, "gamma": 0.1528153153269499}, "datetime": {"datetime": "2021-09-28 20:05:41", "elapsed": 159.414039, "delta": 1.005001}}
{"target": -36.03939296683395, "params": {"C": 12572.700545283964, "gamma": 0.09374111472455837}, "datetime": {"datetime": "2021-09-28 20:05:43", "elapsed": 161.002688, "delta": 1.588649}}
{"target": -36.71024683024762, "params": {"C": 10884.907596517483, "gamma": 0.14038703913599634}, "datetime": {"datetime": "2021-09-28 20:05:44", "elapsed": 161.904456, "delta": 0.901768}}
{"target": -36.33262799607148, "params": {"C": 11036.050794527055, "gamma": 0.005411020800586445}, "datetime": {"datetime": "2021-09-28 20:05:45", "elapsed": 163.198458, "delta": 1.294002}}
{"target": -35.50961840671352, "params": {"C": 12177.817484495292, "gamma": 0.07311509220628415}, "datetime": {"datetime": "2021-09-28 20:05:46", "elapsed": 164.177621, "delta": 0.979163}}
{"target": -36.75431764454068, "params": {"C": 9924.110400589187, "gamma": 0.14911927313223036}, "datetime": {"datetime": "2021-09-28 20:05:47", "elapsed": 165.132621, "delta": 0.955}}
{"target": -34.551925382521965, "params": {"C": 11668.40064435486, "gamma": 0.01617937844269232}, "datetime": {"datetime": "2021-09-28 20:05:48", "elapsed": 166.453216, "delta": 1.320595}}
{"target": -35.851660937539506, "params": {"C": 9997.131375009363, "gamma": 0.09345266085075764}, "datetime": {"datetime": "2021-09-28 20:05:49", "elapsed": 167.651409, "delta": 1.198193}}
{"target": -35.372582095442006, "params": {"C": 12726.787116367632, "gamma": 0.0671471674088293}, "datetime": {"datetime": "2021-09-28 20:05:50", "elapsed": 168.577407, "delta": 0.925998}}
{"target": -35.54947625992699, "params": {"C": 11222.056717935593, "gamma": 0.07682414344047139}, "datetime": {"datetime": "2021-09-28 20:05:51", "elapsed": 169.528195, "delta": 0.950788}}
{"target": -36.687678120417104, "params": {"C": 12325.79808208904, "gamma": 0.13016461303303684}, "datetime": {"datetime": "2021-09-28 20:05:52", "elapsed": 170.486836, "delta": 0.958641}}
{"target": -36.504452967679846, "params": {"C": 11018.271322235478, "gamma": 0.12556784865277393}, "datetime": {"datetime": "2021-09-28 20:05:53", "elapsed": 171.449841, "delta": 0.963005}}
{"target": -37.03511326958838, "params": {"C": 11248.156991374974, "gamma": 0.15840196771937257}, "datetime": {"datetime": "2021-09-28 20:05:54", "elapsed": 172.335151, "delta": 0.88531}}
{"target": -36.863088948160325, "params": {"C": 11915.164675602788, "gamma": 0.14312069467698058}, "datetime": {"datetime": "2021-09-28 20:05:55", "elapsed": 173.533327, "delta": 1.198176}}
{"target": -36.82695306693308, "params": {"C": 12920.336029442022, "gamma": 0.1353147161835014}, "datetime": {"datetime": "2021-09-28 20:05:56", "elapsed": 174.468328, "delta": 0.935001}}
{"target": -35.88196820610934, "params": {"C": 10024.796582044371, "gamma": 0.09481389969869672}, "datetime": {"datetime": "2021-09-28 20:05:58", "elapsed": 176.045621, "delta": 1.577293}}
{"target": -34.91621617653081, "params": {"C": 10384.2303993406, "gamma": 0.05542645060783255}, "datetime": {"datetime": "2021-09-28 20:05:59", "elapsed": 177.054622, "delta": 1.009001}}
{"target": -35.859320248433214, "params": {"C": 9458.905323021412, "gamma": 0.008141234354988341}, "datetime": {"datetime": "2021-09-28 20:06:00", "elapsed": 178.182983, "delta": 1.128361}}
{"target": -36.006807735997086, "params": {"C": 10490.110803740276, "gamma": 0.007044679199412329}, "datetime": {"datetime": "2021-09-28 20:06:01", "elapsed": 179.362982, "delta": 1.179999}}
{"target": -35.66956773833641, "params": {"C": 9864.658803090098, "gamma": 0.08558932824176933}, "datetime": {"datetime": "2021-09-28 20:06:03", "elapsed": 180.908851, "delta": 1.545869}}
{"target": -37.029383914736435, "params": {"C": 12519.211113059479, "gamma": 0.14969640539844326}, "datetime": {"datetime": "2021-09-28 20:06:04", "elapsed": 181.888596, "delta": 0.979745}}
{"target": -36.23125665196126, "params": {"C": 9999.319287145518, "gamma": 0.1144542572901395}, "datetime": {"datetime": "2021-09-28 20:06:05", "elapsed": 182.932589, "delta": 1.043993}}
{"target": -36.92904790530625, "params": {"C": 11695.437893568582, "gamma": 0.14864396107680833}, "datetime": {"datetime": "2021-09-28 20:06:06", "elapsed": 184.493267, "delta": 1.560678}}
{"target": -36.70246022453361, "params": {"C": 11824.264940380936, "gamma": 0.1340322581022844}, "datetime": {"datetime": "2021-09-28 20:06:07", "elapsed": 185.418886, "delta": 0.925619}}
{"target": -34.76307073708919, "params": {"C": 9470.226203534345, "gamma": 0.015001802590706246}, "datetime": {"datetime": "2021-09-28 20:06:09", "elapsed": 186.795292, "delta": 1.376406}}
{"target": -35.949939870258554, "params": {"C": 9877.0728018249, "gamma": 0.09878653045219572}, "datetime": {"datetime": "2021-09-28 20:06:10", "elapsed": 187.779436, "delta": 0.984144}}
{"target": -36.05389435955248, "params": {"C": 11338.502730724846, "gamma": 0.09853793602045356}, "datetime": {"datetime": "2021-09-28 20:06:11", "elapsed": 188.790429, "delta": 1.010993}}
{"target": -35.10399966817956, "params": {"C": 12914.360123477225, "gamma": 0.05783115376047704}, "datetime": {"datetime": "2021-09-28 20:06:12", "elapsed": 190.059356, "delta": 1.268927}}
{"target": -34.329982674721, "params": {"C": 12393.967206714475, "gamma": 0.022168423844926028}, "datetime": {"datetime": "2021-09-28 20:06:13", "elapsed": 191.049991, "delta": 0.990635}}
{"target": -34.55801234641057, "params": {"C": 9096.831141913684, "gamma": 0.0395159706793428}, "datetime": {"datetime": "2021-09-28 20:06:14", "elapsed": 192.120165, "delta": 1.070174}}
{"target": -35.932624791197156, "params": {"C": 12199.031213151862, "gamma": 0.08999794116234121}, "datetime": {"datetime": "2021-09-28 20:06:15", "elapsed": 193.503166, "delta": 1.383001}}
