{"target": -34.487648804689215, "params": {"C": 6392.129862847524, "gamma": 0.03139508062463627}, "datetime": {"datetime": "2021-09-28 17:28:53", "elapsed": 398.567832, "delta": 2.789926}}
{"target": -34.80831224461154, "params": {"C": 5993.939330246112, "gamma": 0.05862517002231062}, "datetime": {"datetime": "2021-09-28 17:28:56", "elapsed": 402.336279, "delta": 3.768447}}
{"target": -35.93912390945984, "params": {"C": 5866.676806141544, "gamma": 0.1178278151946439}, "datetime": {"datetime": "2021-09-28 17:28:58", "elapsed": 404.004254, "delta": 1.667975}}
{"target": -35.517409997238204, "params": {"C": 5895.284268592353, "gamma": 0.012629939506696627}, "datetime": {"datetime": "2021-09-28 17:29:00", "elapsed": 405.713664, "delta": 1.70941}}
{"target": -34.61930480512868, "params": {"C": 6130.21513842547, "gamma": 0.02303388538603579}, "datetime": {"datetime": "2021-09-28 17:29:02", "elapsed": 407.877587, "delta": 2.163923}}
{"target": -34.73546613589289, "params": {"C": 6960.960756892009, "gamma": 0.018277668288697247}, "datetime": {"datetime": "2021-09-28 17:29:04", "elapsed": 410.348827, "delta": 2.47124}}
{"target": -34.727110415025884, "params": {"C": 6220.1027340086575, "gamma": 0.053424360403140664}, "datetime": {"datetime": "2021-09-28 17:29:08", "elapsed": 413.677602, "delta": 3.328775}}
{"target": -35.49524358821044, "params": {"C": 6921.710393105113, "gamma": 0.011739900116094184}, "datetime": {"datetime": "2021-09-28 17:29:10", "elapsed": 416.153282, "delta": 2.47568}}
{"target": -35.87114281118768, "params": {"C": 5901.73874341473, "gamma": 0.010295472834030185}, "datetime": {"datetime": "2021-09-28 17:29:13", "elapsed": 418.526735, "delta": 2.373453}}
{"target": -34.70199231265969, "params": {"C": 6881.833303795341, "gamma": 0.051196432302334414}, "datetime": {"datetime": "2021-09-28 17:29:14", "elapsed": 420.183937, "delta": 1.657202}}
{"target": -35.07128260339781, "params": {"C": 6427.56540481595, "gamma": 0.07103736572876893}, "datetime": {"datetime": "2021-09-28 17:29:16", "elapsed": 421.884428, "delta": 1.700491}}
{"target": -34.81729055680456, "params": {"C": 6031.016821826537, "gamma": 0.0591539969465529}, "datetime": {"datetime": "2021-09-28 17:29:18", "elapsed": 423.610492, "delta": 1.726064}}
{"target": -36.3083202232034, "params": {"C": 6130.249951647526, "gamma": 0.007438826402235133}, "datetime": {"datetime": "2021-09-28 17:29:20", "elapsed": 425.871141, "delta": 2.260649}}
{"target": -34.59111619068407, "params": {"C": 6130.190004268113, "gamma": 0.02430228973420617}, "datetime": {"datetime": "2021-09-28 17:29:23", "elapsed": 428.689061, "delta": 2.81792}}
{"target": -34.96847052277401, "params": {"C": 6307.07327797454, "gamma": 0.0668625242620337}, "datetime": {"datetime": "2021-09-28 17:29:24", "elapsed": 430.313142, "delta": 1.624081}}
{"target": -35.69967599329365, "params": {"C": 5975.173919138524, "gamma": 0.011329803401696814}, "datetime": {"datetime": "2021-09-28 17:29:27", "elapsed": 432.48863, "delta": 2.175488}}
{"target": -34.52221547305059, "params": {"C": 5975.115485717784, "gamma": 0.03585041478343339}, "datetime": {"datetime": "2021-09-28 17:29:29", "elapsed": 434.765647, "delta": 2.277017}}
{"target": -34.743109662867944, "params": {"C": 5975.194937684201, "gamma": 0.05454638806435254}, "datetime": {"datetime": "2021-09-28 17:29:32", "elapsed": 437.788786, "delta": 3.023139}}
{"target": -34.61598892879586, "params": {"C": 6921.763821956539, "gamma": 0.021034119492255955}, "datetime": {"datetime": "2021-09-28 17:29:35", "elapsed": 440.441563, "delta": 2.652777}}
{"target": -34.85333700450383, "params": {"C": 6222.275206441907, "gamma": 0.01772007810641205}, "datetime": {"datetime": "2021-09-28 17:29:37", "elapsed": 442.665949, "delta": 2.224386}}
{"target": -34.82261353715013, "params": {"C": 6130.223972890096, "gamma": 0.05940992841680398}, "datetime": {"datetime": "2021-09-28 17:29:40", "elapsed": 445.56641, "delta": 2.900461}}
{"target": -34.51210488149392, "params": {"C": 6728.978402244237, "gamma": 0.026283609508702385}, "datetime": {"datetime": "2021-09-28 17:29:42", "elapsed": 447.8852, "delta": 2.31879}}
{"target": -34.80849242285954, "params": {"C": 6001.917587569869, "gamma": 0.05863100446801447}, "datetime": {"datetime": "2021-09-28 17:29:45", "elapsed": 450.54156, "delta": 2.65636}}
{"target": -34.79239504478338, "params": {"C": 6801.215669368187, "gamma": 0.05667151580532964}, "datetime": {"datetime": "2021-09-28 17:29:47", "elapsed": 452.405947, "delta": 1.864387}}
{"target": -35.35749732442484, "params": {"C": 6532.104894912859, "gamma": 0.08352546011162465}, "datetime": {"datetime": "2021-09-28 17:29:48", "elapsed": 454.147773, "delta": 1.741826}}
{"target": -34.94298946100356, "params": {"C": 6069.720946089616, "gamma": 0.06631068201873064}, "datetime": {"datetime": "2021-09-28 17:29:51", "elapsed": 456.427874, "delta": 2.280101}}
{"target": -36.55359825082272, "params": {"C": 6489.064263476266, "gamma": 0.006000218041873916}, "datetime": {"datetime": "2021-09-28 17:29:55", "elapsed": 460.451591, "delta": 4.023717}}
{"target": -36.29134137529472, "params": {"C": 6728.949603671712, "gamma": 0.007172521314391557}, "datetime": {"datetime": "2021-09-28 17:29:57", "elapsed": 462.920799, "delta": 2.469208}}
{"target": -35.13483516126631, "params": {"C": 5954.49566795569, "gamma": 0.015304099852242185}, "datetime": {"datetime": "2021-09-28 17:29:59", "elapsed": 465.189655, "delta": 2.268856}}
{"target": -36.50808578189975, "params": {"C": 6103.958766510765, "gamma": 0.1566109479888243}, "datetime": {"datetime": "2021-09-28 17:30:01", "elapsed": 466.88773, "delta": 1.698075}}
{"target": -35.154269698087774, "params": {"C": 6419.614253488003, "gamma": 0.07470503932120848}, "datetime": {"datetime": "2021-09-28 17:30:03", "elapsed": 468.707228, "delta": 1.819498}}
{"target": -35.77647153420146, "params": {"C": 5994.423633321307, "gamma": 0.01081501217502047}, "datetime": {"datetime": "2021-09-28 17:30:05", "elapsed": 471.10699, "delta": 2.399762}}
{"target": -36.14152027450346, "params": {"C": 6556.612124642799, "gamma": 0.12737517200053045}, "datetime": {"datetime": "2021-09-28 17:30:07", "elapsed": 472.893976, "delta": 1.786986}}
{"target": -34.838032662583494, "params": {"C": 5921.962342106095, "gamma": 0.06050984525821958}, "datetime": {"datetime": "2021-09-28 17:30:09", "elapsed": 474.718676, "delta": 1.8247}}
{"target": -36.31465334103006, "params": {"C": 5864.7340544223935, "gamma": 0.14320893705772414}, "datetime": {"datetime": "2021-09-28 17:30:11", "elapsed": 476.52516, "delta": 1.806484}}
{"target": -36.32471392365461, "params": {"C": 6122.181459017571, "gamma": 0.14230140071854763}, "datetime": {"datetime": "2021-09-28 17:30:12", "elapsed": 478.283764, "delta": 1.758604}}
{"target": -36.38505191848312, "params": {"C": 6318.188959531118, "gamma": 0.1454213460856448}, "datetime": {"datetime": "2021-09-28 17:30:14", "elapsed": 479.983191, "delta": 1.699427}}
{"target": -34.64309805040175, "params": {"C": 6220.112287031908, "gamma": 0.021815868801688683}, "datetime": {"datetime": "2021-09-28 17:30:17", "elapsed": 482.963179, "delta": 2.979988}}
{"target": -34.73477604681538, "params": {"C": 6729.013687400417, "gamma": 0.05337889816974763}, "datetime": {"datetime": "2021-09-28 17:30:20", "elapsed": 485.45514, "delta": 2.491961}}
{"target": -34.99135590323899, "params": {"C": 6151.132824585968, "gamma": 0.01634845237548231}, "datetime": {"datetime": "2021-09-28 17:30:24", "elapsed": 489.608442, "delta": 4.153302}}
{"target": -35.88417634378839, "params": {"C": 6369.453784197627, "gamma": 0.11157235956152593}, "datetime": {"datetime": "2021-09-28 17:30:25", "elapsed": 491.397891, "delta": 1.789449}}
{"target": -34.794243057916916, "params": {"C": 6151.136933439742, "gamma": 0.0576538670818809}, "datetime": {"datetime": "2021-09-28 17:30:28", "elapsed": 494.129134, "delta": 2.731243}}
{"target": -34.61379170433025, "params": {"C": 6220.076946388825, "gamma": 0.022987920412539872}, "datetime": {"datetime": "2021-09-28 17:30:31", "elapsed": 496.449707, "delta": 2.320573}}
{"target": -34.71763674516918, "params": {"C": 6728.981380926977, "gamma": 0.052354596704173834}, "datetime": {"datetime": "2021-09-28 17:30:34", "elapsed": 499.850856, "delta": 3.401149}}
{"target": -34.63582664050773, "params": {"C": 5975.214332632675, "gamma": 0.02282695173011179}, "datetime": {"datetime": "2021-09-28 17:30:38", "elapsed": 504.22019, "delta": 4.369334}}
{"target": -34.502968290633206, "params": {"C": 6069.736512766683, "gamma": 0.03220948907703798}, "datetime": {"datetime": "2021-09-28 17:30:42", "elapsed": 507.975512, "delta": 3.755322}}
{"target": -34.566030721211334, "params": {"C": 6417.5320641392145, "gamma": 0.024517895518771628}, "datetime": {"datetime": "2021-09-28 17:30:47", "elapsed": 512.75084, "delta": 4.775328}}
{"target": -34.51586616758414, "params": {"C": 6582.64586990041, "gamma": 0.026641831672156804}, "datetime": {"datetime": "2021-09-28 17:30:50", "elapsed": 515.946705, "delta": 3.195865}}
{"target": -36.506899889993946, "params": {"C": 6680.25542503961, "gamma": 0.0061245853977031}, "datetime": {"datetime": "2021-09-28 17:30:53", "elapsed": 518.564162, "delta": 2.617457}}
{"target": -36.12220012944036, "params": {"C": 6191.678414674679, "gamma": 0.12809838719833638}, "datetime": {"datetime": "2021-09-28 17:30:55", "elapsed": 520.512619, "delta": 1.948457}}
{"target": -34.83692036024915, "params": {"C": 6396.947024774771, "gamma": 0.060030430874199715}, "datetime": {"datetime": "2021-09-28 17:30:56", "elapsed": 522.358591, "delta": 1.845972}}
{"target": -35.032361655229614, "params": {"C": 6860.641606061022, "gamma": 0.015065544817141039}, "datetime": {"datetime": "2021-09-28 17:31:00", "elapsed": 525.7787, "delta": 3.420109}}
{"target": -35.29749129923455, "params": {"C": 6268.98334936642, "gamma": 0.08162166858733302}, "datetime": {"datetime": "2021-09-28 17:31:02", "elapsed": 527.647116, "delta": 1.868416}}
{"target": -34.65229606307957, "params": {"C": 6392.1799900085325, "gamma": 0.04853073211716285}, "datetime": {"datetime": "2021-09-28 17:31:05", "elapsed": 530.914194, "delta": 3.267078}}
{"target": -34.716935954216694, "params": {"C": 6825.802667676222, "gamma": 0.052169586055207176}, "datetime": {"datetime": "2021-09-28 17:31:07", "elapsed": 532.726034, "delta": 1.81184}}
{"target": -34.493023861172986, "params": {"C": 6680.3153698464, "gamma": 0.027716018408151032}, "datetime": {"datetime": "2021-09-28 17:31:11", "elapsed": 536.633761, "delta": 3.907727}}
{"target": -35.30160191903576, "params": {"C": 5866.318194875305, "gamma": 0.08316851078267261}, "datetime": {"datetime": "2021-09-28 17:31:13", "elapsed": 538.603818, "delta": 1.970057}}
{"target": -35.9007137473842, "params": {"C": 6515.701802837918, "gamma": 0.11180012382165974}, "datetime": {"datetime": "2021-09-28 17:31:15", "elapsed": 540.665997, "delta": 2.062179}}
{"target": -34.570404690702816, "params": {"C": 5994.394773610354, "gamma": 0.041370116629354727}, "datetime": {"datetime": "2021-09-28 17:31:18", "elapsed": 544.194742, "delta": 3.528745}}
{"target": -35.9555873062858, "params": {"C": 6169.809552795811, "gamma": 0.009539104553439244}, "datetime": {"datetime": "2021-09-28 17:31:21", "elapsed": 547.166686, "delta": 2.971944}}
{"target": -34.79397526917267, "params": {"C": 6392.268873185105, "gamma": 0.05747361214685122}, "datetime": {"datetime": "2021-09-28 17:31:26", "elapsed": 551.42781, "delta": 4.261124}}
{"target": -35.86288012072501, "params": {"C": 6634.282064753613, "gamma": 0.009740341283857569}, "datetime": {"datetime": "2021-09-28 17:31:28", "elapsed": 553.496548, "delta": 2.068738}}
{"target": -34.51311002820529, "params": {"C": 6680.195001467309, "gamma": 0.03732285630908587}, "datetime": {"datetime": "2021-09-28 17:31:31", "elapsed": 557.355881, "delta": 3.859333}}
{"target": -34.9081426743475, "params": {"C": 6680.28921042411, "gamma": 0.06317368277165401}, "datetime": {"datetime": "2021-09-28 17:31:35", "elapsed": 560.817603, "delta": 3.461722}}
{"target": -34.73560533213602, "params": {"C": 6169.856819871394, "gamma": 0.01960227744602727}, "datetime": {"datetime": "2021-09-28 17:31:38", "elapsed": 564.403273, "delta": 3.58567}}
{"target": -35.77957945422037, "params": {"C": 6295.477191953946, "gamma": 0.10585205714544126}, "datetime": {"datetime": "2021-09-28 17:31:41", "elapsed": 566.465704, "delta": 2.062431}}
{"target": -35.77307903088205, "params": {"C": 6789.478821350157, "gamma": 0.010157610461012073}, "datetime": {"datetime": "2021-09-28 17:31:43", "elapsed": 569.033712, "delta": 2.568008}}
{"target": -34.49679498546269, "params": {"C": 6680.219677477174, "gamma": 0.03533086577397343}, "datetime": {"datetime": "2021-09-28 17:31:47", "elapsed": 573.298246, "delta": 4.264534}}
{"target": -34.503406527762436, "params": {"C": 6961.000725423918, "gamma": 0.025917442323574725}, "datetime": {"datetime": "2021-09-28 17:31:50", "elapsed": 576.08785, "delta": 2.789604}}
{"target": -35.52825356813114, "params": {"C": 6001.940126931584, "gamma": 0.012436911499844064}, "datetime": {"datetime": "2021-09-28 17:31:55", "elapsed": 580.412176, "delta": 4.324326}}
{"target": -34.55590678830349, "params": {"C": 6069.633597877338, "gamma": 0.04012891134157106}, "datetime": {"datetime": "2021-09-28 17:31:57", "elapsed": 582.973635, "delta": 2.561459}}
{"target": -36.472323793524744, "params": {"C": 5887.631415878133, "gamma": 0.1551884103947961}, "datetime": {"datetime": "2021-09-28 17:31:59", "elapsed": 585.092434, "delta": 2.118799}}
{"target": -34.90857268601204, "params": {"C": 6540.731234685786, "gamma": 0.06359685948410712}, "datetime": {"datetime": "2021-09-28 17:32:01", "elapsed": 586.992955, "delta": 1.900521}}
{"target": -35.34144851036809, "params": {"C": 5992.789847254714, "gamma": 0.08461606248811451}, "datetime": {"datetime": "2021-09-28 17:32:03", "elapsed": 588.953617, "delta": 1.960662}}
{"target": -36.31616257877087, "params": {"C": 6223.9012473960565, "gamma": 0.14107877289374354}, "datetime": {"datetime": "2021-09-28 17:32:05", "elapsed": 590.95459, "delta": 2.000973}}
{"target": -34.645959081585666, "params": {"C": 6489.056884605496, "gamma": 0.04807713762521118}, "datetime": {"datetime": "2021-09-28 17:32:09", "elapsed": 595.315627, "delta": 4.361037}}
{"target": -34.60197024729871, "params": {"C": 6961.025525550112, "gamma": 0.0447660365408997}, "datetime": {"datetime": "2021-09-28 17:32:12", "elapsed": 598.400535, "delta": 3.084908}}
{"target": -34.664713749524736, "params": {"C": 6169.846942913013, "gamma": 0.04939444432283895}, "datetime": {"datetime": "2021-09-28 17:32:16", "elapsed": 601.562785, "delta": 3.16225}}
{"target": -36.43777345556503, "params": {"C": 6683.106818633309, "gamma": 0.1470500437344827}, "datetime": {"datetime": "2021-09-28 17:32:18", "elapsed": 603.643134, "delta": 2.080349}}
{"target": -34.66315476060958, "params": {"C": 6392.229939464765, "gamma": 0.04924745971075387}, "datetime": {"datetime": "2021-09-28 17:32:22", "elapsed": 607.606429, "delta": 3.963295}}
{"target": -34.537780629210765, "params": {"C": 5945.267821181684, "gamma": 0.03771301089692383}, "datetime": {"datetime": "2021-09-28 17:32:25", "elapsed": 611.151866, "delta": 3.545437}}
{"target": -35.43476964497746, "params": {"C": 6483.091950856105, "gamma": 0.012547769113415437}, "datetime": {"datetime": "2021-09-28 17:32:29", "elapsed": 615.045632, "delta": 3.893766}}
{"target": -35.21694792222681, "params": {"C": 5902.210987270026, "gamma": 0.07908816916650495}, "datetime": {"datetime": "2021-09-28 17:32:34", "elapsed": 620.233485, "delta": 5.187853}}
{"target": -34.765212107001716, "params": {"C": 6582.66795776925, "gamma": 0.055427032435169235}, "datetime": {"datetime": "2021-09-28 17:32:39", "elapsed": 625.069937, "delta": 4.836452}}
{"target": -35.12293353054066, "params": {"C": 6050.7415367937165, "gamma": 0.07435314699064564}, "datetime": {"datetime": "2021-09-28 17:32:43", "elapsed": 628.91995, "delta": 3.850013}}
{"target": -34.762057038209, "params": {"C": 6392.228011371753, "gamma": 0.01872436057680943}, "datetime": {"datetime": "2021-09-28 17:32:47", "elapsed": 632.762198, "delta": 3.842248}}
{"target": -34.74689783795814, "params": {"C": 6582.678863559237, "gamma": 0.018674821058971097}, "datetime": {"datetime": "2021-09-28 17:32:52", "elapsed": 637.627594, "delta": 4.865396}}
{"target": -34.555767358885085, "params": {"C": 6825.717308303737, "gamma": 0.023689244583758592}, "datetime": {"datetime": "2021-09-28 17:32:55", "elapsed": 640.968114, "delta": 3.34052}}
{"target": -36.299439728062175, "params": {"C": 6452.529310834481, "gamma": 0.007278175715025544}, "datetime": {"datetime": "2021-09-28 17:32:58", "elapsed": 643.826909, "delta": 2.858795}}
{"target": -35.1809932770542, "params": {"C": 6152.376290873357, "gamma": 0.07667224697880179}, "datetime": {"datetime": "2021-09-28 17:33:00", "elapsed": 645.92321, "delta": 2.096301}}
{"target": -35.37319476860865, "params": {"C": 6112.933759289592, "gamma": 0.0857001575011594}, "datetime": {"datetime": "2021-09-28 17:33:02", "elapsed": 648.143159, "delta": 2.219949}}
{"target": -34.55890294418434, "params": {"C": 6789.435561544178, "gamma": 0.041883486299118304}, "datetime": {"datetime": "2021-09-28 17:33:06", "elapsed": 652.333579, "delta": 4.19042}}
{"target": -34.77715456375587, "params": {"C": 6854.504377418403, "gamma": 0.0556882983549182}, "datetime": {"datetime": "2021-09-28 17:33:10", "elapsed": 655.557928, "delta": 3.224349}}
{"target": -34.75175586399662, "params": {"C": 6879.096989826524, "gamma": 0.05415434663559602}, "datetime": {"datetime": "2021-09-28 17:33:15", "elapsed": 660.870071, "delta": 5.312143}}
{"target": -36.34306081735055, "params": {"C": 6997.552922441099, "gamma": 0.13843928165162453}, "datetime": {"datetime": "2021-09-28 17:33:17", "elapsed": 663.03742, "delta": 2.167349}}
{"target": -34.558543413533584, "params": {"C": 5994.34636167247, "gamma": 0.040177961484893374}, "datetime": {"datetime": "2021-09-28 17:33:23", "elapsed": 668.504201, "delta": 5.466781}}
{"target": -34.538278794378755, "params": {"C": 5902.169194064133, "gamma": 0.03760794716576164}, "datetime": {"datetime": "2021-09-28 17:33:26", "elapsed": 672.098978, "delta": 3.594777}}
{"target": -34.78822431167593, "params": {"C": 5994.4491837537125, "gamma": 0.05737758225992573}, "datetime": {"datetime": "2021-09-28 17:33:29", "elapsed": 674.946412, "delta": 2.847434}}
{"target": -34.63027414902519, "params": {"C": 6457.85417834472, "gamma": 0.02164923720269204}, "datetime": {"datetime": "2021-09-28 17:33:32", "elapsed": 677.99766, "delta": 3.051248}}
{"target": -36.01288329792631, "params": {"C": 5945.274080114598, "gamma": 0.009364290876815222}, "datetime": {"datetime": "2021-09-28 17:33:35", "elapsed": 680.911088, "delta": 2.913428}}
{"target": -36.07447649189071, "params": {"C": 6664.819452376739, "gamma": 0.12209353898560803}, "datetime": {"datetime": "2021-09-28 17:33:37", "elapsed": 683.053763, "delta": 2.142675}}
{"target": -34.59919062589403, "params": {"C": 6452.510175681008, "gamma": 0.044841101707404206}, "datetime": {"datetime": "2021-09-28 17:33:41", "elapsed": 686.915472, "delta": 3.861709}}
{"target": -34.62285862495158, "params": {"C": 6489.129593522839, "gamma": 0.046480009693169656}, "datetime": {"datetime": "2021-09-28 17:33:44", "elapsed": 689.881059, "delta": 2.965587}}
{"target": -36.44735351393809, "params": {"C": 6732.294081383647, "gamma": 0.006383230103386018}, "datetime": {"datetime": "2021-09-28 17:33:47", "elapsed": 692.578147, "delta": 2.697088}}
{"target": -34.53709074905601, "params": {"C": 5954.429571293481, "gamma": 0.028140458134590523}, "datetime": {"datetime": "2021-09-28 17:33:49", "elapsed": 694.98632, "delta": 2.408173}}
{"target": -35.12891865309072, "params": {"C": 6921.711405098466, "gamma": 0.07188768073207125}, "datetime": {"datetime": "2021-09-28 17:33:51", "elapsed": 697.204784, "delta": 2.218464}}
{"target": -35.05393766521802, "params": {"C": 6622.562448086057, "gamma": 0.0696178666726482}, "datetime": {"datetime": "2021-09-28 17:33:53", "elapsed": 699.391013, "delta": 2.186229}}
{"target": -34.93415976928594, "params": {"C": 5954.418296373066, "gamma": 0.06617801938836582}, "datetime": {"datetime": "2021-09-28 17:33:59", "elapsed": 704.808779, "delta": 5.417766}}
{"target": -34.97133407288948, "params": {"C": 6483.078123241678, "gamma": 0.06647794570564194}, "datetime": {"datetime": "2021-09-28 17:34:02", "elapsed": 708.191074, "delta": 3.382295}}
{"target": -35.08996246803724, "params": {"C": 5945.270942300671, "gamma": 0.07316926446695479}, "datetime": {"datetime": "2021-09-28 17:34:07", "elapsed": 713.40142, "delta": 5.210346}}
{"target": -35.04034656660978, "params": {"C": 5902.143960927265, "gamma": 0.016187224502690008}, "datetime": {"datetime": "2021-09-28 17:34:12", "elapsed": 717.590782, "delta": 4.189362}}
{"target": -35.036726857505755, "params": {"C": 6197.258126594742, "gamma": 0.07012028352392993}, "datetime": {"datetime": "2021-09-28 17:34:14", "elapsed": 719.895995, "delta": 2.305213}}
{"target": -34.865490013212245, "params": {"C": 6437.4685755807595, "gamma": 0.06157690184672119}, "datetime": {"datetime": "2021-09-28 17:34:17", "elapsed": 723.282772, "delta": 3.386777}}
{"target": -34.73301228986596, "params": {"C": 6732.2461926082215, "gamma": 0.018676236812105455}, "datetime": {"datetime": "2021-09-28 17:34:21", "elapsed": 726.512455, "delta": 3.229683}}
{"target": -35.98277674272423, "params": {"C": 6275.800956003761, "gamma": 0.11826565803161206}, "datetime": {"datetime": "2021-09-28 17:34:23", "elapsed": 728.776236, "delta": 2.263781}}
{"target": -36.66625460591227, "params": {"C": 6069.726380303109, "gamma": 0.0056730889237507015}, "datetime": {"datetime": "2021-09-28 17:34:27", "elapsed": 732.790745, "delta": 4.014509}}
