{"target": -34.7895938131699, "params": {"C": 8443.862914507226, "gamma": 0.05366949662514906}, "datetime": {"datetime": "2021-09-28 19:12:07", "elapsed": 371.348707, "delta": 1.791112}}
{"target": -34.42314050400087, "params": {"C": 8633.863639017476, "gamma": 0.03144273318921516}, "datetime": {"datetime": "2021-09-28 19:12:09", "elapsed": 373.263662, "delta": 1.914955}}
{"target": -34.63211290858927, "params": {"C": 7942.781226158174, "gamma": 0.0186436287643466}, "datetime": {"datetime": "2021-09-28 19:12:11", "elapsed": 374.966994, "delta": 1.703332}}
{"target": -36.61548585168104, "params": {"C": 7151.281161395759, "gamma": 0.1580267454425697}, "datetime": {"datetime": "2021-09-28 19:12:12", "elapsed": 376.380775, "delta": 1.413781}}
{"target": -34.9827748172193, "params": {"C": 8136.617630988917, "gamma": 0.06242175296976032}, "datetime": {"datetime": "2021-09-28 19:12:15", "elapsed": 378.78154, "delta": 2.400765}}
{"target": -36.18579223467135, "params": {"C": 8893.131202119941, "gamma": 0.00676256514842463}, "datetime": {"datetime": "2021-09-28 19:12:16", "elapsed": 380.291005, "delta": 1.509465}}
{"target": -35.95151066040707, "params": {"C": 7635.048287813547, "gamma": 0.10932003096180308}, "datetime": {"datetime": "2021-09-28 19:12:18", "elapsed": 381.824253, "delta": 1.533248}}
{"target": -35.4958273303759, "params": {"C": 8757.815067526097, "gamma": 0.01037762383288096}, "datetime": {"datetime": "2021-09-28 19:12:21", "elapsed": 385.300299, "delta": 3.476046}}
{"target": -34.49786127237735, "params": {"C": 7250.367138108245, "gamma": 0.036995560242572036}, "datetime": {"datetime": "2021-09-28 19:12:24", "elapsed": 388.373458, "delta": 3.073159}}
{"target": -35.53101350926437, "params": {"C": 7485.6386766659725, "gamma": 0.08794765736700874}, "datetime": {"datetime": "2021-09-28 19:12:27", "elapsed": 391.278962, "delta": 2.905504}}
{"target": -35.44531817314142, "params": {"C": 8910.794986871833, "gamma": 0.07899502257173419}, "datetime": {"datetime": "2021-09-28 19:12:29", "elapsed": 392.81214, "delta": 1.533178}}
{"target": -35.238129919327775, "params": {"C": 8056.895935378632, "gamma": 0.07294632137385931}, "datetime": {"datetime": "2021-09-28 19:12:32", "elapsed": 395.990257, "delta": 3.178117}}
{"target": -35.89233087037729, "params": {"C": 7485.613433681809, "gamma": 0.008990007807702899}, "datetime": {"datetime": "2021-09-28 19:12:35", "elapsed": 398.609812, "delta": 2.619555}}
{"target": -36.425969754733, "params": {"C": 8565.119106457061, "gamma": 0.13490380307050984}, "datetime": {"datetime": "2021-09-28 19:12:36", "elapsed": 400.280509, "delta": 1.670697}}
{"target": -35.29073002093533, "params": {"C": 8757.793489303129, "gamma": 0.07307133059463328}, "datetime": {"datetime": "2021-09-28 19:12:38", "elapsed": 402.303034, "delta": 2.022525}}
{"target": -34.665736957510994, "params": {"C": 7217.582038789695, "gamma": 0.04841563495578679}, "datetime": {"datetime": "2021-09-28 19:12:41", "elapsed": 404.543594, "delta": 2.24056}}
{"target": -35.19430104354948, "params": {"C": 8731.932903172761, "gamma": 0.01212616139383793}, "datetime": {"datetime": "2021-09-28 19:12:42", "elapsed": 406.078351, "delta": 1.534757}}
{"target": -35.81516290469898, "params": {"C": 7546.629888378758, "gamma": 0.009381984419898308}, "datetime": {"datetime": "2021-09-28 19:12:44", "elapsed": 408.276357, "delta": 2.198006}}
{"target": -34.722867385421154, "params": {"C": 8757.713995736327, "gamma": 0.016232907723521983}, "datetime": {"datetime": "2021-09-28 19:12:46", "elapsed": 410.339196, "delta": 2.062839}}
{"target": -35.38659046475381, "params": {"C": 8534.296034162167, "gamma": 0.07769223824023963}, "datetime": {"datetime": "2021-09-28 19:12:49", "elapsed": 412.901417, "delta": 2.562221}}
{"target": -36.48090838677231, "params": {"C": 7654.845615099592, "gamma": 0.14447445786217103}, "datetime": {"datetime": "2021-09-28 19:12:50", "elapsed": 414.485017, "delta": 1.5836}}
{"target": -34.56621340823974, "params": {"C": 8789.641312752487, "gamma": 0.04031756478240245}, "datetime": {"datetime": "2021-09-28 19:12:53", "elapsed": 416.564485, "delta": 2.079468}}
{"target": -34.51356193769612, "params": {"C": 7546.695933350957, "gamma": 0.03845170542665249}, "datetime": {"datetime": "2021-09-28 19:12:55", "elapsed": 419.461044, "delta": 2.896559}}
{"target": -34.736350508896344, "params": {"C": 7090.842430754021, "gamma": 0.05292967101044063}, "datetime": {"datetime": "2021-09-28 19:13:00", "elapsed": 423.859393, "delta": 4.398349}}
{"target": -36.041437163172915, "params": {"C": 7029.003141115729, "gamma": 0.1178278151946439}, "datetime": {"datetime": "2021-09-28 19:13:01", "elapsed": 425.470673, "delta": 1.61128}}
{"target": -35.33149077243292, "params": {"C": 7078.755249725832, "gamma": 0.012629939506696627}, "datetime": {"datetime": "2021-09-28 19:13:03", "elapsed": 427.110988, "delta": 1.640315}}
{"target": -34.5693037092123, "params": {"C": 7706.353791190204, "gamma": 0.041726783467353895}, "datetime": {"datetime": "2021-09-28 19:13:05", "elapsed": 429.130882, "delta": 2.019894}}
{"target": -34.65545071263538, "params": {"C": 8633.842581971545, "gamma": 0.01738645573101728}, "datetime": {"datetime": "2021-09-28 19:13:08", "elapsed": 431.595002, "delta": 2.46412}}
{"target": -34.71371048311773, "params": {"C": 8633.897973773719, "gamma": 0.04941753726278346}, "datetime": {"datetime": "2021-09-28 19:13:11", "elapsed": 434.801161, "delta": 3.206159}}
{"target": -36.402271582329966, "params": {"C": 8645.838203350346, "gamma": 0.005754491035701312}, "datetime": {"datetime": "2021-09-28 19:13:13", "elapsed": 436.850027, "delta": 2.048866}}
{"target": -34.43245509886232, "params": {"C": 8119.358058019773, "gamma": 0.026153756647940354}, "datetime": {"datetime": "2021-09-28 19:13:15", "elapsed": 439.33865, "delta": 2.488623}}
{"target": -34.75114652524313, "params": {"C": 8794.492702252766, "gamma": 0.051196432302334414}, "datetime": {"datetime": "2021-09-28 19:13:17", "elapsed": 440.932661, "delta": 1.594011}}
{"target": -34.50389292571878, "params": {"C": 8443.844640779744, "gamma": 0.021813311873063904}, "datetime": {"datetime": "2021-09-28 19:13:20", "elapsed": 443.759629, "delta": 2.826968}}
{"target": -34.85686624980271, "params": {"C": 7314.811864046152, "gamma": 0.0591539969465529}, "datetime": {"datetime": "2021-09-28 19:13:21", "elapsed": 445.410765, "delta": 1.651136}}
{"target": -34.826108463158555, "params": {"C": 7349.121687077113, "gamma": 0.05748685603340471}, "datetime": {"datetime": "2021-09-28 19:13:24", "elapsed": 447.781978, "delta": 2.371213}}
{"target": -34.48127578126936, "params": {"C": 8633.88423115792, "gamma": 0.022320699329792103}, "datetime": {"datetime": "2021-09-28 19:13:26", "elapsed": 450.521807, "delta": 2.739829}}
{"target": -35.071757995646514, "params": {"C": 7794.910048651375, "gamma": 0.0668625242620337}, "datetime": {"datetime": "2021-09-28 19:13:28", "elapsed": 452.286813, "delta": 1.765006}}
{"target": -34.69585396013956, "params": {"C": 7250.450262146126, "gamma": 0.05027054364258021}, "datetime": {"datetime": "2021-09-28 19:13:31", "elapsed": 454.913301, "delta": 2.626488}}
{"target": -35.329946385289226, "params": {"C": 7049.204390413022, "gamma": 0.012668021575561956}, "datetime": {"datetime": "2021-09-28 19:13:33", "elapsed": 457.193821, "delta": 2.28052}}
{"target": -34.549084213079304, "params": {"C": 8696.903338064058, "gamma": 0.01977515018935971}, "datetime": {"datetime": "2021-09-28 19:13:37", "elapsed": 460.573973, "delta": 3.380152}}
{"target": -34.49549331698475, "params": {"C": 7090.861107122942, "gamma": 0.025904241426599285}, "datetime": {"datetime": "2021-09-28 19:13:40", "elapsed": 463.62298, "delta": 3.049007}}
{"target": -34.55274676499638, "params": {"C": 8136.635771912965, "gamma": 0.020633792995811518}, "datetime": {"datetime": "2021-09-28 19:13:42", "elapsed": 465.820783, "delta": 2.197803}}
{"target": -34.556025800800306, "params": {"C": 7546.673990495026, "gamma": 0.04109902703721046}, "datetime": {"datetime": "2021-09-28 19:13:45", "elapsed": 469.140517, "delta": 3.319734}}
{"target": -34.671203038679145, "params": {"C": 8136.51402361239, "gamma": 0.04745952115458637}, "datetime": {"datetime": "2021-09-28 19:13:48", "elapsed": 471.935246, "delta": 2.794729}}
{"target": -34.45393904865705, "params": {"C": 8592.014863699922, "gamma": 0.03369475737951963}, "datetime": {"datetime": "2021-09-28 19:13:50", "elapsed": 474.442859, "delta": 2.507613}}
{"target": -34.86394105355825, "params": {"C": 8654.288120640325, "gamma": 0.05667151580532964}, "datetime": {"datetime": "2021-09-28 19:13:52", "elapsed": 476.211887, "delta": 1.769028}}
{"target": -35.49402215889027, "params": {"C": 8186.269382457146, "gamma": 0.08352546011162465}, "datetime": {"datetime": "2021-09-28 19:13:54", "elapsed": 477.876426, "delta": 1.664539}}
{"target": -35.06066386281931, "params": {"C": 8645.836064176794, "gamma": 0.06425748443329779}, "datetime": {"datetime": "2021-09-28 19:13:57", "elapsed": 480.921645, "delta": 3.045219}}
{"target": -36.095303974300904, "params": {"C": 8136.606725286433, "gamma": 0.007545638205065807}, "datetime": {"datetime": "2021-09-28 19:14:00", "elapsed": 484.256485, "delta": 3.33484}}
{"target": -34.858390919470814, "params": {"C": 8592.035884377121, "gamma": 0.05658422563935629}, "datetime": {"datetime": "2021-09-28 19:14:03", "elapsed": 486.915458, "delta": 2.658973}}
{"target": -34.76785263798224, "params": {"C": 8591.907161005089, "gamma": 0.015761324916993003}, "datetime": {"datetime": "2021-09-28 19:14:05", "elapsed": 489.398773, "delta": 2.483315}}
{"target": -36.62473681700168, "params": {"C": 7441.667420018722, "gamma": 0.1566109479888243}, "datetime": {"datetime": "2021-09-28 19:14:07", "elapsed": 491.154827, "delta": 1.756054}}
{"target": -35.275353269328136, "params": {"C": 7990.633484326961, "gamma": 0.07470503932120848}, "datetime": {"datetime": "2021-09-28 19:14:09", "elapsed": 492.962595, "delta": 1.807768}}
{"target": -34.53852473723237, "params": {"C": 8119.323354614492, "gamma": 0.03935250203573121}, "datetime": {"datetime": "2021-09-28 19:14:11", "elapsed": 495.510156, "delta": 2.547561}}
{"target": -36.284070814187686, "params": {"C": 8228.890651552694, "gamma": 0.12737517200053045}, "datetime": {"datetime": "2021-09-28 19:14:13", "elapsed": 497.251445, "delta": 1.741289}}
{"target": -34.8751019933733, "params": {"C": 7125.1518993149475, "gamma": 0.06050984525821958}, "datetime": {"datetime": "2021-09-28 19:14:15", "elapsed": 499.167564, "delta": 1.916119}}
{"target": -36.413787741158174, "params": {"C": 7025.624442473728, "gamma": 0.14320893705772414}, "datetime": {"datetime": "2021-09-28 19:14:17", "elapsed": 500.996289, "delta": 1.828725}}
{"target": -36.43690080862401, "params": {"C": 7473.359059160993, "gamma": 0.14230140071854763}, "datetime": {"datetime": "2021-09-28 19:14:19", "elapsed": 502.798143, "delta": 1.801854}}
{"target": -36.50656744940526, "params": {"C": 7814.24166874977, "gamma": 0.1454213460856448}, "datetime": {"datetime": "2021-09-28 19:14:21", "elapsed": 504.570982, "delta": 1.772839}}
{"target": -34.5331686720935, "params": {"C": 8136.644626706083, "gamma": 0.03900531705206157}, "datetime": {"datetime": "2021-09-28 19:14:23", "elapsed": 507.344843, "delta": 2.773861}}
{"target": -34.68860097226745, "params": {"C": 7990.155241213195, "gamma": 0.048730591691591225}, "datetime": {"datetime": "2021-09-28 19:14:26", "elapsed": 509.974455, "delta": 2.629612}}
{"target": -35.198628513100644, "params": {"C": 7942.810366777046, "gamma": 0.012690661717234921}, "datetime": {"datetime": "2021-09-28 19:14:30", "elapsed": 513.944655, "delta": 3.9702}}
{"target": -36.01122885901809, "params": {"C": 7903.397885561091, "gamma": 0.11157235956152593}, "datetime": {"datetime": "2021-09-28 19:14:32", "elapsed": 515.721518, "delta": 1.776863}}
{"target": -34.836774735108605, "params": {"C": 7706.378184862958, "gamma": 0.01598649384416773}, "datetime": {"datetime": "2021-09-28 19:14:34", "elapsed": 518.478563, "delta": 2.757045}}
{"target": -35.564500718501904, "params": {"C": 7349.174680087463, "gamma": 0.01096231012458913}, "datetime": {"datetime": "2021-09-28 19:14:37", "elapsed": 520.795524, "delta": 2.316961}}
{"target": -34.42762748722881, "params": {"C": 8136.674383944276, "gamma": 0.030534209033463006}, "datetime": {"datetime": "2021-09-28 19:14:40", "elapsed": 524.11906, "delta": 3.323536}}
{"target": -34.854461320316894, "params": {"C": 8136.697234703538, "gamma": 0.05737844112323534}, "datetime": {"datetime": "2021-09-28 19:14:45", "elapsed": 528.55048, "delta": 4.43142}}
{"target": -35.32551157629328, "params": {"C": 8119.329288779804, "gamma": 0.07641856068393005}, "datetime": {"datetime": "2021-09-28 19:14:48", "elapsed": 532.411412, "delta": 3.860932}}
{"target": -34.890969095399555, "params": {"C": 8633.917323107038, "gamma": 0.014586957811638906}, "datetime": {"datetime": "2021-09-28 19:14:53", "elapsed": 536.958315, "delta": 4.546903}}
{"target": -35.28436451326506, "params": {"C": 7667.564839530683, "gamma": 0.07612635187393312}, "datetime": {"datetime": "2021-09-28 19:14:56", "elapsed": 540.271999, "delta": 3.313684}}
{"target": -34.52755106302609, "params": {"C": 7165.659287525817, "gamma": 0.03954791013885088}, "datetime": {"datetime": "2021-09-28 19:14:59", "elapsed": 542.876753, "delta": 2.604754}}
{"target": -36.24162923104505, "params": {"C": 7594.223329869007, "gamma": 0.12809838719833638}, "datetime": {"datetime": "2021-09-28 19:15:01", "elapsed": 544.74464, "delta": 1.867887}}
{"target": -34.911269877893695, "params": {"C": 7951.212216999603, "gamma": 0.060030430874199715}, "datetime": {"datetime": "2021-09-28 19:15:03", "elapsed": 546.628352, "delta": 1.883712}}
{"target": -34.981632846309665, "params": {"C": 7485.693423263472, "gamma": 0.0640182015101417}, "datetime": {"datetime": "2021-09-28 19:15:07", "elapsed": 550.535378, "delta": 3.907026}}
{"target": -35.41451848558847, "params": {"C": 7728.666694550296, "gamma": 0.08162166858733302}, "datetime": {"datetime": "2021-09-28 19:15:08", "elapsed": 552.399713, "delta": 1.864335}}
{"target": -35.23202096992064, "params": {"C": 7990.164260050452, "gamma": 0.012445237509239076}, "datetime": {"datetime": "2021-09-28 19:15:12", "elapsed": 555.805552, "delta": 3.405839}}
{"target": -36.04122507197186, "params": {"C": 7613.940083815722, "gamma": 0.11477716682804781}, "datetime": {"datetime": "2021-09-28 19:15:14", "elapsed": 557.652292, "delta": 1.84674}}
{"target": -34.51280079261316, "params": {"C": 7349.063769721308, "gamma": 0.038446325134232705}, "datetime": {"datetime": "2021-09-28 19:15:18", "elapsed": 562.023128, "delta": 4.370836}}
{"target": -35.389623995829595, "params": {"C": 7028.379469348358, "gamma": 0.08316851078267261}, "datetime": {"datetime": "2021-09-28 19:15:20", "elapsed": 563.993269, "delta": 1.970141}}
{"target": -36.034811004412504, "params": {"C": 8157.742265805075, "gamma": 0.11180012382165974}, "datetime": {"datetime": "2021-09-28 19:15:22", "elapsed": 566.066469, "delta": 2.0732}}
{"target": -34.62811296910557, "params": {"C": 8696.909302668886, "gamma": 0.04414554668420642}, "datetime": {"datetime": "2021-09-28 19:15:27", "elapsed": 571.038469, "delta": 4.972}}
{"target": -35.162314427705, "params": {"C": 7485.582924605125, "gamma": 0.07151140557109108}, "datetime": {"datetime": "2021-09-28 19:15:30", "elapsed": 573.807593, "delta": 2.769124}}
{"target": -35.979699156042486, "params": {"C": 8239.301832407204, "gamma": 0.008101028079247735}, "datetime": {"datetime": "2021-09-28 19:15:34", "elapsed": 578.092932, "delta": 4.285339}}
{"target": -35.657771795008756, "params": {"C": 8363.968808267153, "gamma": 0.009740341283857569}, "datetime": {"datetime": "2021-09-28 19:15:36", "elapsed": 580.138638, "delta": 2.045706}}
{"target": -34.51088428320015, "params": {"C": 8443.817393856189, "gamma": 0.03732285630908587}, "datetime": {"datetime": "2021-09-28 19:15:40", "elapsed": 583.998429, "delta": 3.859791}}
{"target": -35.251033256237946, "params": {"C": 7546.687741369744, "gamma": 0.012709366540369792}, "datetime": {"datetime": "2021-09-28 19:15:44", "elapsed": 588.372416, "delta": 4.373987}}
{"target": -34.71552006392665, "params": {"C": 7250.320561809169, "gamma": 0.05148239983744037}, "datetime": {"datetime": "2021-09-28 19:15:48", "elapsed": 591.885861, "delta": 3.513445}}
{"target": -35.90104643560921, "params": {"C": 7774.742942528602, "gamma": 0.10585205714544126}, "datetime": {"datetime": "2021-09-28 19:15:50", "elapsed": 593.980705, "delta": 2.094844}}
{"target": -34.42585932854589, "params": {"C": 8047.8558931001535, "gamma": 0.0275660312773829}, "datetime": {"datetime": "2021-09-28 19:15:53", "elapsed": 596.788643, "delta": 2.807938}}
{"target": -36.61406986122986, "params": {"C": 8136.663840063467, "gamma": 0.005}, "datetime": {"datetime": "2021-09-28 19:15:57", "elapsed": 600.659966, "delta": 3.871323}}
{"target": -34.51644238305288, "params": {"C": 8119.285828375833, "gamma": 0.0379974153003061}, "datetime": {"datetime": "2021-09-28 19:16:00", "elapsed": 603.601904, "delta": 2.941938}}
{"target": -35.018310571971504, "params": {"C": 7643.559051033677, "gamma": 0.06509468714457252}, "datetime": {"datetime": "2021-09-28 19:16:03", "elapsed": 607.416486, "delta": 3.814582}}
{"target": -34.580359809902454, "params": {"C": 7250.332159193793, "gamma": 0.02154185671528588}, "datetime": {"datetime": "2021-09-28 19:16:06", "elapsed": 610.119356, "delta": 2.70287}}
{"target": -36.57115623293165, "params": {"C": 7065.445940657624, "gamma": 0.1551884103947961}, "datetime": {"datetime": "2021-09-28 19:16:08", "elapsed": 612.332994, "delta": 2.213638}}
{"target": -35.01648001110828, "params": {"C": 8201.27171249702, "gamma": 0.06359685948410712}, "datetime": {"datetime": "2021-09-28 19:16:10", "elapsed": 614.303037, "delta": 1.970043}}
{"target": -35.4397546494735, "params": {"C": 7248.330169138632, "gamma": 0.08461606248811451}, "datetime": {"datetime": "2021-09-28 19:16:12", "elapsed": 616.424512, "delta": 2.121475}}
{"target": -36.43430292330627, "params": {"C": 7650.2630389496635, "gamma": 0.14107877289374354}, "datetime": {"datetime": "2021-09-28 19:16:14", "elapsed": 618.50269, "delta": 2.078178}}
{"target": -36.476470035202766, "params": {"C": 8697.064893719282, "gamma": 0.005394874515227026}, "datetime": {"datetime": "2021-09-28 19:16:20", "elapsed": 624.275449, "delta": 5.772759}}
{"target": -35.41051750361538, "params": {"C": 8119.276313079016, "gamma": 0.08007125197469538}, "datetime": {"datetime": "2021-09-28 19:16:23", "elapsed": 627.119136, "delta": 2.843687}}
{"target": -34.85523427067509, "params": {"C": 7049.22445122664, "gamma": 0.05962935117929406}, "datetime": {"datetime": "2021-09-28 19:16:26", "elapsed": 630.303514, "delta": 3.184378}}
{"target": -36.58766926981406, "params": {"C": 8448.881423710101, "gamma": 0.1470500437344827}, "datetime": {"datetime": "2021-09-28 19:16:28", "elapsed": 632.357946, "delta": 2.054432}}
{"target": -34.7835781801698, "params": {"C": 7090.878303906286, "gamma": 0.055684362859364324}, "datetime": {"datetime": "2021-09-28 19:16:32", "elapsed": 635.583372, "delta": 3.225426}}
{"target": -35.15750534679415, "params": {"C": 8274.072750899599, "gamma": 0.01272913663895366}, "datetime": {"datetime": "2021-09-28 19:16:35", "elapsed": 639.480197, "delta": 3.896825}}
{"target": -34.430967964354224, "params": {"C": 8696.85859893492, "gamma": 0.03218296329479423}, "datetime": {"datetime": "2021-09-28 19:16:39", "elapsed": 642.531222, "delta": 3.051025}}
{"target": -35.10052116611569, "params": {"C": 7349.036379856466, "gamma": 0.06932740562774578}, "datetime": {"datetime": "2021-09-28 19:16:45", "elapsed": 649.083156, "delta": 6.551934}}
{"target": -34.5834120512002, "params": {"C": 8696.833289916294, "gamma": 0.04145076920104021}, "datetime": {"datetime": "2021-09-28 19:16:49", "elapsed": 652.62574, "delta": 3.542584}}
{"target": -34.60155681840514, "params": {"C": 7485.6847391086585, "gamma": 0.020322417325546648}, "datetime": {"datetime": "2021-09-28 19:16:54", "elapsed": 657.675318, "delta": 5.049578}}
{"target": -36.43823181037207, "params": {"C": 7376.451694635962, "gamma": 0.14294465874054085}, "datetime": {"datetime": "2021-09-28 19:16:56", "elapsed": 659.785346, "delta": 2.110028}}
{"target": -35.95892575235737, "params": {"C": 8274.134439767418, "gamma": 0.00819226073034733}, "datetime": {"datetime": "2021-09-28 19:17:01", "elapsed": 665.082499, "delta": 5.297153}}
{"target": -34.67410144396874, "params": {"C": 7102.498891140434, "gamma": 0.019134615227682613}, "datetime": {"datetime": "2021-09-28 19:17:05", "elapsed": 669.445907, "delta": 4.363408}}
{"target": -34.63253322581605, "params": {"C": 7349.111904770458, "gamma": 0.019657223039050476}, "datetime": {"datetime": "2021-09-28 19:17:11", "elapsed": 674.704295, "delta": 5.258388}}
{"target": -35.28600469389847, "params": {"C": 7525.871810214534, "gamma": 0.07667224697880179}, "datetime": {"datetime": "2021-09-28 19:17:13", "elapsed": 676.874841, "delta": 2.170546}}
{"target": -35.480981428592585, "params": {"C": 7457.276103112333, "gamma": 0.0857001575011594}, "datetime": {"datetime": "2021-09-28 19:17:15", "elapsed": 679.151907, "delta": 2.277066}}
{"target": -36.55160756135007, "params": {"C": 8789.618703117398, "gamma": 0.005045117753567416}, "datetime": {"datetime": "2021-09-28 19:17:19", "elapsed": 682.819033, "delta": 3.667126}}
{"target": -34.74093806162507, "params": {"C": 7224.972355985884, "gamma": 0.01780137102714667}, "datetime": {"datetime": "2021-09-28 19:17:21", "elapsed": 685.08945, "delta": 2.270417}}
{"target": -34.49768804975911, "params": {"C": 8789.757995512246, "gamma": 0.03618656759049608}, "datetime": {"datetime": "2021-09-28 19:17:25", "elapsed": 688.575208, "delta": 3.485758}}
{"target": -36.518066340664355, "params": {"C": 8995.744212941043, "gamma": 0.13843928165162453}, "datetime": {"datetime": "2021-09-28 19:17:27", "elapsed": 690.805847, "delta": 2.230639}}
