{"target": -39.203685161531865, "params": {"C": 195.85351848532267, "gamma": 0.07079693672912366}, "datetime": {"datetime": "2021-09-28 11:50:55", "elapsed": 206.78955, "delta": 1.613133}}
{"target": -39.170314904655655, "params": {"C": 195.55866855912586, "gamma": 0.046685510154288755}, "datetime": {"datetime": "2021-09-28 11:50:57", "elapsed": 208.518746, "delta": 1.729196}}
{"target": -39.87796683077257, "params": {"C": 195.54240310940094, "gamma": 0.13174089325262414}, "datetime": {"datetime": "2021-09-28 11:50:58", "elapsed": 210.344826, "delta": 1.82608}}
{"target": -40.39932097346956, "params": {"C": 195.47007302164184, "gamma": 0.013418667342909751}, "datetime": {"datetime": "2021-09-28 11:51:00", "elapsed": 211.951453, "delta": 1.606627}}
{"target": -39.50624010720973, "params": {"C": 195.62859021999859, "gamma": 0.10101788729132488}, "datetime": {"datetime": "2021-09-28 11:51:02", "elapsed": 214.172157, "delta": 2.220704}}
{"target": -41.32174158404973, "params": {"C": 195.59026420006873, "gamma": 0.006599675089456886}, "datetime": {"datetime": "2021-09-28 11:51:04", "elapsed": 216.288346, "delta": 2.116189}}
{"target": -39.55440337012493, "params": {"C": 172.3364259889771, "gamma": 0.07948659984147873}, "datetime": {"datetime": "2021-09-28 11:51:06", "elapsed": 218.304007, "delta": 2.015661}}
{"target": -39.363467585624115, "params": {"C": 181.98087308153853, "gamma": 0.0700324567666643}, "datetime": {"datetime": "2021-09-28 11:51:08", "elapsed": 220.058701, "delta": 1.754694}}
{"target": -39.46486609923579, "params": {"C": 181.8986667517426, "gamma": 0.08246324804677456}, "datetime": {"datetime": "2021-09-28 11:51:10", "elapsed": 221.552643, "delta": 1.493942}}
{"target": -39.82107611108514, "params": {"C": 181.86334801448183, "gamma": 0.02391791348283343}, "datetime": {"datetime": "2021-09-28 11:51:12", "elapsed": 223.987101, "delta": 2.434458}}
{"target": -39.569379526910275, "params": {"C": 181.8019204341132, "gamma": 0.09270862695339738}, "datetime": {"datetime": "2021-09-28 11:51:14", "elapsed": 226.069861, "delta": 2.08276}}
{"target": -39.32617256141487, "params": {"C": 181.6945635069072, "gamma": 0.048523421061130556}, "datetime": {"datetime": "2021-09-28 11:51:16", "elapsed": 227.921634, "delta": 1.851773}}
{"target": -41.42549382679294, "params": {"C": 181.75525635788176, "gamma": 0.006601146326543192}, "datetime": {"datetime": "2021-09-28 11:51:18", "elapsed": 229.422173, "delta": 1.500539}}
{"target": -41.56505514178875, "params": {"C": 53.69316088500526, "gamma": 0.04269961135475909}, "datetime": {"datetime": "2021-09-28 11:51:19", "elapsed": 230.608015, "delta": 1.185842}}
{"target": -42.58364007529851, "params": {"C": 102.17811377742123, "gamma": 0.38169064228480776}, "datetime": {"datetime": "2021-09-28 11:51:20", "elapsed": 231.749748, "delta": 1.141733}}
{"target": -39.35489677311128, "params": {"C": 181.63852444704477, "gamma": 0.06797176981897467}, "datetime": {"datetime": "2021-09-28 11:51:22", "elapsed": 234.061529, "delta": 2.311781}}
{"target": -39.94628147675104, "params": {"C": 181.71639941717996, "gamma": 0.12545659817754187}, "datetime": {"datetime": "2021-09-28 11:51:24", "elapsed": 235.686529, "delta": 1.625}}
{"target": -40.692032336951485, "params": {"C": 181.83913533979035, "gamma": 0.1901746031203709}, "datetime": {"datetime": "2021-09-28 11:51:26", "elapsed": 237.574268, "delta": 1.887739}}
{"target": -40.48077595561237, "params": {"C": 181.64723234715714, "gamma": 0.013940329588275319}, "datetime": {"datetime": "2021-09-28 11:51:27", "elapsed": 239.016273, "delta": 1.442005}}
{"target": -42.6748155531163, "params": {"C": 84.6541400220945, "gamma": 0.3722716960466516}, "datetime": {"datetime": "2021-09-28 11:51:28", "elapsed": 239.971227, "delta": 0.954954}}
{"target": -40.499805177476674, "params": {"C": 181.52453069906912, "gamma": 0.17232979651781857}, "datetime": {"datetime": "2021-09-28 11:51:30", "elapsed": 241.755005, "delta": 1.783778}}
{"target": -39.291565090627365, "params": {"C": 196.03020430627066, "gamma": 0.08158175799525381}, "datetime": {"datetime": "2021-09-28 11:51:31", "elapsed": 243.376001, "delta": 1.620996}}
{"target": -40.473660048728966, "params": {"C": 181.6314144441336, "gamma": 0.1701425080804081}, "datetime": {"datetime": "2021-09-28 11:51:33", "elapsed": 245.248386, "delta": 1.872385}}
{"target": -41.40526218467315, "params": {"C": 181.94036568217658, "gamma": 0.0067069831950376975}, "datetime": {"datetime": "2021-09-28 11:51:35", "elapsed": 246.828405, "delta": 1.580019}}
{"target": -39.313349872439716, "params": {"C": 196.3591755966988, "gamma": 0.08419962031262385}, "datetime": {"datetime": "2021-09-28 11:51:37", "elapsed": 248.861631, "delta": 2.033226}}
{"target": -39.3370338872947, "params": {"C": 195.53134076349028, "gamma": 0.0856175117099255}, "datetime": {"datetime": "2021-09-28 11:51:39", "elapsed": 250.721459, "delta": 1.859828}}
{"target": -42.43045942249524, "params": {"C": 134.30588717656153, "gamma": 0.3959275951558204}, "datetime": {"datetime": "2021-09-28 11:51:40", "elapsed": 251.786782, "delta": 1.065323}}
{"target": -40.22703876543922, "params": {"C": 135.53422799538782, "gamma": 0.028654675476867154}, "datetime": {"datetime": "2021-09-28 11:51:42", "elapsed": 253.484671, "delta": 1.697889}}
{"target": -40.20954382487216, "params": {"C": 135.68564418890685, "gamma": 0.029163208540389247}, "datetime": {"datetime": "2021-09-28 11:51:43", "elapsed": 254.965031, "delta": 1.48036}}
{"target": -40.56707441933282, "params": {"C": 183.9189822912913, "gamma": 0.18039077934792647}, "datetime": {"datetime": "2021-09-28 11:51:45", "elapsed": 257.057301, "delta": 2.09227}}
{"target": -41.08868850053102, "params": {"C": 101.90863997527251, "gamma": 0.13350611606512167}, "datetime": {"datetime": "2021-09-28 11:51:46", "elapsed": 258.100524, "delta": 1.043223}}
{"target": -40.45441716519805, "params": {"C": 135.6184782151839, "gamma": 0.12107879157563872}, "datetime": {"datetime": "2021-09-28 11:51:48", "elapsed": 259.762413, "delta": 1.661889}}
{"target": -39.9266968034826, "params": {"C": 135.8559234751895, "gamma": 0.05187689719913168}, "datetime": {"datetime": "2021-09-28 11:51:50", "elapsed": 261.774596, "delta": 2.012183}}
{"target": -40.05660081515457, "params": {"C": 135.95793228414834, "gamma": 0.08192789246747506}, "datetime": {"datetime": "2021-09-28 11:51:52", "elapsed": 263.388595, "delta": 1.613999}}
{"target": -40.21984053226193, "params": {"C": 135.7668510070585, "gamma": 0.09889097502443296}, "datetime": {"datetime": "2021-09-28 11:51:54", "elapsed": 265.676029, "delta": 2.287434}}
{"target": -40.81028092085299, "params": {"C": 136.08132181822026, "gamma": 0.016167937246933477}, "datetime": {"datetime": "2021-09-28 11:51:56", "elapsed": 267.663118, "delta": 1.987089}}
{"target": -41.83999259206921, "params": {"C": 136.04840770746722, "gamma": 0.27545320035161447}, "datetime": {"datetime": "2021-09-28 11:51:57", "elapsed": 269.354121, "delta": 1.691003}}
{"target": -39.83023402189781, "params": {"C": 158.21246967975878, "gamma": 0.09011392344394785}, "datetime": {"datetime": "2021-09-28 11:51:59", "elapsed": 270.855103, "delta": 1.500982}}
{"target": -40.738701453230156, "params": {"C": 135.88659846649495, "gamma": 0.14748979761313957}, "datetime": {"datetime": "2021-09-28 11:52:01", "elapsed": 272.618359, "delta": 1.763256}}
{"target": -39.90127557264236, "params": {"C": 140.33603031754, "gamma": 0.0686386637239351}, "datetime": {"datetime": "2021-09-28 11:52:03", "elapsed": 274.874027, "delta": 2.255668}}
{"target": -41.6042995843625, "params": {"C": 137.69385240218168, "gamma": 0.24337086921341394}, "datetime": {"datetime": "2021-09-28 11:52:04", "elapsed": 276.076021, "delta": 1.201994}}
{"target": -40.50682855889152, "params": {"C": 140.2419697112722, "gamma": 0.13163001931433824}, "datetime": {"datetime": "2021-09-28 11:52:06", "elapsed": 278.234139, "delta": 2.158118}}
{"target": -39.37971743711621, "params": {"C": 177.27377025179283, "gamma": 0.04875178979835987}, "datetime": {"datetime": "2021-09-28 11:52:08", "elapsed": 279.476139, "delta": 1.242}}
{"target": -39.36839073374275, "params": {"C": 177.35465450071032, "gamma": 0.05233561409267129}, "datetime": {"datetime": "2021-09-28 11:52:10", "elapsed": 281.441709, "delta": 1.96557}}
{"target": -39.88580875747083, "params": {"C": 177.3020586328787, "gamma": 0.11614278771075137}, "datetime": {"datetime": "2021-09-28 11:52:11", "elapsed": 283.051007, "delta": 1.609298}}
{"target": -39.42150898592182, "params": {"C": 177.44899417490035, "gamma": 0.07040971774351541}, "datetime": {"datetime": "2021-09-28 11:52:13", "elapsed": 285.369657, "delta": 2.31865}}
{"target": -40.28409039354007, "params": {"C": 177.52311542064785, "gamma": 0.01678144181025992}, "datetime": {"datetime": "2021-09-28 11:52:16", "elapsed": 287.68306, "delta": 2.313403}}
{"target": -40.400312859885915, "params": {"C": 133.68332436989206, "gamma": 0.024484012027562715}, "datetime": {"datetime": "2021-09-28 11:52:17", "elapsed": 288.817058, "delta": 1.133998}}
{"target": -40.79137688761464, "params": {"C": 140.39392715525003, "gamma": 0.15759323848825854}, "datetime": {"datetime": "2021-09-28 11:52:19", "elapsed": 290.845969, "delta": 2.028911}}
{"target": -40.11705429620205, "params": {"C": 177.40492669431904, "gamma": 0.1358221304337043}, "datetime": {"datetime": "2021-09-28 11:52:20", "elapsed": 292.368628, "delta": 1.522659}}
{"target": -40.63034986419649, "params": {"C": 177.41268800675, "gamma": 0.01280378854600081}, "datetime": {"datetime": "2021-09-28 11:52:22", "elapsed": 293.960877, "delta": 1.592249}}
{"target": -39.84252324662697, "params": {"C": 177.5231996286894, "gamma": 0.11261479023545695}, "datetime": {"datetime": "2021-09-28 11:52:25", "elapsed": 296.782261, "delta": 2.821384}}
{"target": -39.871591629706245, "params": {"C": 177.17314401819715, "gamma": 0.11479035639416318}, "datetime": {"datetime": "2021-09-28 11:52:27", "elapsed": 298.505191, "delta": 1.72293}}
{"target": -41.1886221750131, "params": {"C": 193.22593926654676, "gamma": 0.25113789213458965}, "datetime": {"datetime": "2021-09-28 11:52:28", "elapsed": 299.780752, "delta": 1.275561}}
{"target": -39.96073104843204, "params": {"C": 177.12107382274752, "gamma": 0.021950772222685076}, "datetime": {"datetime": "2021-09-28 11:52:30", "elapsed": 301.772164, "delta": 1.991412}}
{"target": -39.941421813492205, "params": {"C": 177.0578222835462, "gamma": 0.12071275434905297}, "datetime": {"datetime": "2021-09-28 11:52:32", "elapsed": 303.820864, "delta": 2.0487}}
{"target": -41.119315720146254, "params": {"C": 177.08621963047784, "gamma": 0.22835093032238024}, "datetime": {"datetime": "2021-09-28 11:52:35", "elapsed": 306.572053, "delta": 2.751189}}
{"target": -39.83382966879066, "params": {"C": 176.9373306670801, "gamma": 0.02483952941899698}, "datetime": {"datetime": "2021-09-28 11:52:37", "elapsed": 309.252257, "delta": 2.680204}}
{"target": -40.172477858254915, "params": {"C": 177.02228724978352, "gamma": 0.018400610967274758}, "datetime": {"datetime": "2021-09-28 11:52:39", "elapsed": 311.110991, "delta": 1.858734}}
{"target": -42.4535198854775, "params": {"C": 108.01802095077002, "gamma": 0.3533278078524675}, "datetime": {"datetime": "2021-09-28 11:52:40", "elapsed": 312.302629, "delta": 1.191638}}
{"target": -41.763351904328246, "params": {"C": 56.80970921090025, "gamma": 0.11617286711231548}, "datetime": {"datetime": "2021-09-28 11:52:42", "elapsed": 313.708624, "delta": 1.405995}}
{"target": -40.408299751593226, "params": {"C": 176.9272128355661, "gamma": 0.16042112334427075}, "datetime": {"datetime": "2021-09-28 11:52:44", "elapsed": 315.617492, "delta": 1.908868}}
{"target": -41.776243006421716, "params": {"C": 176.8312099894394, "gamma": 0.005}, "datetime": {"datetime": "2021-09-28 11:52:46", "elapsed": 317.654973, "delta": 2.037481}}
{"target": -39.3711837269731, "params": {"C": 177.2026059039834, "gamma": 0.05183620296877731}, "datetime": {"datetime": "2021-09-28 11:52:48", "elapsed": 319.502533, "delta": 1.84756}}
{"target": -39.76073624215438, "params": {"C": 182.0192687189444, "gamma": 0.10990098323409346}, "datetime": {"datetime": "2021-09-28 11:52:50", "elapsed": 321.616042, "delta": 2.113509}}
{"target": -40.39430057511468, "params": {"C": 177.64105749151378, "gamma": 0.15986765286163124}, "datetime": {"datetime": "2021-09-28 11:52:51", "elapsed": 323.330423, "delta": 1.714381}}
{"target": -41.792661542821044, "params": {"C": 177.60508906184867, "gamma": 0.3182570350124564}, "datetime": {"datetime": "2021-09-28 11:52:54", "elapsed": 326.311017, "delta": 2.980594}}
{"target": -42.718734468987066, "params": {"C": 85.83393527827462, "gamma": 0.39357958117929365}, "datetime": {"datetime": "2021-09-28 11:52:56", "elapsed": 327.643671, "delta": 1.332654}}
{"target": -41.63381132538328, "params": {"C": 177.2331127837216, "gamma": 0.005675740201244492}, "datetime": {"datetime": "2021-09-28 11:52:59", "elapsed": 330.421069, "delta": 2.777398}}
{"target": -40.556641695764874, "params": {"C": 140.2825668709399, "gamma": 0.019319181654331954}, "datetime": {"datetime": "2021-09-28 11:53:01", "elapsed": 332.861659, "delta": 2.44059}}
{"target": -41.717088218074686, "params": {"C": 140.83581337304585, "gamma": 0.006869042296775799}, "datetime": {"datetime": "2021-09-28 11:53:03", "elapsed": 334.893861, "delta": 2.032202}}
{"target": -41.73780925322222, "params": {"C": 98.51777787129467, "gamma": 0.2043553464976068}, "datetime": {"datetime": "2021-09-28 11:53:04", "elapsed": 336.109316, "delta": 1.215455}}
{"target": -39.459009264329914, "params": {"C": 183.79875286920654, "gamma": 0.08421688627208225}, "datetime": {"datetime": "2021-09-28 11:53:07", "elapsed": 338.681142, "delta": 2.571826}}
{"target": -41.49862160708891, "params": {"C": 177.67181305905706, "gamma": 0.006364789443449119}, "datetime": {"datetime": "2021-09-28 11:53:08", "elapsed": 340.24346, "delta": 1.562318}}
{"target": -39.95819039444199, "params": {"C": 133.9543299236867, "gamma": 0.05982194564261092}, "datetime": {"datetime": "2021-09-28 11:53:10", "elapsed": 341.483142, "delta": 1.239682}}
{"target": -40.740734641761954, "params": {"C": 134.05011435939872, "gamma": 0.14544180752450953}, "datetime": {"datetime": "2021-09-28 11:53:12", "elapsed": 343.393413, "delta": 1.910271}}
{"target": -40.59115628952771, "params": {"C": 133.85424547934613, "gamma": 0.020272228566876094}, "datetime": {"datetime": "2021-09-28 11:53:14", "elapsed": 346.138665, "delta": 2.745252}}
{"target": -39.52612235198442, "params": {"C": 177.2233583997286, "gamma": 0.08300227196383621}, "datetime": {"datetime": "2021-09-28 11:53:16", "elapsed": 348.132077, "delta": 1.993412}}
{"target": -40.93733000497016, "params": {"C": 133.91998178766363, "gamma": 0.16356901151097497}, "datetime": {"datetime": "2021-09-28 11:53:18", "elapsed": 350.292956, "delta": 2.160879}}
{"target": -41.466078569385154, "params": {"C": 134.06481388241787, "gamma": 0.009206800120516804}, "datetime": {"datetime": "2021-09-28 11:53:20", "elapsed": 352.229863, "delta": 1.936907}}
{"target": -39.96287192985453, "params": {"C": 133.50382391952485, "gamma": 0.05085074836028016}, "datetime": {"datetime": "2021-09-28 11:53:22", "elapsed": 354.090469, "delta": 1.860606}}
{"target": -40.66764959298489, "params": {"C": 133.56687208845298, "gamma": 0.13834430843140716}, "datetime": {"datetime": "2021-09-28 11:53:24", "elapsed": 356.027474, "delta": 1.937005}}
{"target": -40.000175356454534, "params": {"C": 133.37155298485158, "gamma": 0.04348616868260192}, "datetime": {"datetime": "2021-09-28 11:53:26", "elapsed": 358.020215, "delta": 1.992741}}
{"target": -40.603053731650036, "params": {"C": 133.32450079769427, "gamma": 0.13228946907653372}, "datetime": {"datetime": "2021-09-28 11:53:28", "elapsed": 359.761836, "delta": 1.741621}}
{"target": -39.39089758762741, "params": {"C": 183.56577323576806, "gamma": 0.07633445097062212}, "datetime": {"datetime": "2021-09-28 11:53:31", "elapsed": 362.430197, "delta": 2.668361}}
{"target": -40.71267742235957, "params": {"C": 135.47928413359836, "gamma": 0.14467120872926956}, "datetime": {"datetime": "2021-09-28 11:53:33", "elapsed": 364.743913, "delta": 2.313716}}
{"target": -41.110633134278615, "params": {"C": 133.24080513076558, "gamma": 0.01273785472995671}, "datetime": {"datetime": "2021-09-28 11:53:35", "elapsed": 366.555488, "delta": 1.811575}}
{"target": -39.5124858116721, "params": {"C": 181.4660771757005, "gamma": 0.033389842486333046}, "datetime": {"datetime": "2021-09-28 11:53:37", "elapsed": 368.781672, "delta": 2.226184}}
{"target": -39.325171243299586, "params": {"C": 181.52674913129744, "gamma": 0.061220952659933554}, "datetime": {"datetime": "2021-09-28 11:53:39", "elapsed": 371.044884, "delta": 2.263212}}
{"target": -39.42674038054159, "params": {"C": 181.36711825437618, "gamma": 0.03812903333163967}, "datetime": {"datetime": "2021-09-28 11:53:41", "elapsed": 372.973215, "delta": 1.928331}}
{"target": -39.60877313719578, "params": {"C": 181.31394530415997, "gamma": 0.09582316420305534}, "datetime": {"datetime": "2021-09-28 11:53:43", "elapsed": 374.925942, "delta": 1.952727}}
{"target": -40.98595955472841, "params": {"C": 181.24767446408774, "gamma": 0.009442550009549272}, "datetime": {"datetime": "2021-09-28 11:53:45", "elapsed": 377.149706, "delta": 2.223764}}
{"target": -39.38854809739379, "params": {"C": 181.38281960805742, "gamma": 0.07261980386316486}, "datetime": {"datetime": "2021-09-28 11:53:48", "elapsed": 379.716282, "delta": 2.566576}}
{"target": -40.305929630641316, "params": {"C": 181.41724277594955, "gamma": 0.15545544160754207}, "datetime": {"datetime": "2021-09-28 11:53:50", "elapsed": 382.322385, "delta": 2.606103}}
{"target": -40.801537439299906, "params": {"C": 181.27399299860247, "gamma": 0.20041758811516577}, "datetime": {"datetime": "2021-09-28 11:53:52", "elapsed": 384.153391, "delta": 1.831006}}
{"target": -42.30479547968291, "params": {"C": 112.32465940283726, "gamma": 0.32383924834023214}, "datetime": {"datetime": "2021-09-28 11:53:54", "elapsed": 385.469244, "delta": 1.315853}}
{"target": -39.26418377488471, "params": {"C": 195.58345986900548, "gamma": 0.07803801558495134}, "datetime": {"datetime": "2021-09-28 11:53:55", "elapsed": 387.353065, "delta": 1.883821}}
{"target": -42.02059817731361, "params": {"C": 165.41079223834416, "gamma": 0.3446858424162692}, "datetime": {"datetime": "2021-09-28 11:53:58", "elapsed": 389.776455, "delta": 2.42339}}
{"target": -42.29781741424306, "params": {"C": 160.0938685567682, "gamma": 0.4}, "datetime": {"datetime": "2021-09-28 11:54:01", "elapsed": 392.562454, "delta": 2.785999}}
{"target": -40.276097651037674, "params": {"C": 158.52695561663086, "gamma": 0.13095052524389608}, "datetime": {"datetime": "2021-09-28 11:54:02", "elapsed": 393.816462, "delta": 1.254008}}
{"target": -41.72706490894779, "params": {"C": 173.3143812696286, "gamma": 0.005351293696011577}, "datetime": {"datetime": "2021-09-28 11:54:04", "elapsed": 396.264045, "delta": 2.447583}}
{"target": -39.98796973872537, "params": {"C": 173.2855469795944, "gamma": 0.1211470966648573}, "datetime": {"datetime": "2021-09-28 11:54:07", "elapsed": 398.739632, "delta": 2.475587}}
{"target": -39.68782585932123, "params": {"C": 158.65058946985937, "gamma": 0.07431078279507354}, "datetime": {"datetime": "2021-09-28 11:54:09", "elapsed": 401.088213, "delta": 2.348581}}
{"target": -39.69919345304524, "params": {"C": 158.74980677232998, "gamma": 0.07601775535932001}, "datetime": {"datetime": "2021-09-28 11:54:13", "elapsed": 404.402715, "delta": 3.314502}}
{"target": -40.48123765651789, "params": {"C": 158.64715260900647, "gamma": 0.1494381613393822}, "datetime": {"datetime": "2021-09-28 11:54:15", "elapsed": 407.026517, "delta": 2.623802}}
{"target": -40.123813824471334, "params": {"C": 158.8309854315615, "gamma": 0.11807371317171365}, "datetime": {"datetime": "2021-09-28 11:54:19", "elapsed": 410.394176, "delta": 3.367659}}
{"target": -42.011363433326274, "params": {"C": 180.4167322120629, "gamma": 0.36107458934630565}, "datetime": {"datetime": "2021-09-28 11:54:20", "elapsed": 411.724838, "delta": 1.330662}}
{"target": -40.63232838088389, "params": {"C": 158.66376765878928, "gamma": 0.014948564506596668}, "datetime": {"datetime": "2021-09-28 11:54:22", "elapsed": 413.705081, "delta": 1.980243}}
{"target": -41.23852845199811, "params": {"C": 181.5171778612119, "gamma": 0.007710328231864062}, "datetime": {"datetime": "2021-09-28 11:54:25", "elapsed": 416.909157, "delta": 3.204076}}
{"target": -39.40360749300885, "params": {"C": 181.43906828946473, "gamma": 0.07471537033714455}, "datetime": {"datetime": "2021-09-28 11:54:27", "elapsed": 419.287922, "delta": 2.378765}}
{"target": -39.79232109180716, "params": {"C": 181.58853267066482, "gamma": 0.11219743634243766}, "datetime": {"datetime": "2021-09-28 11:54:31", "elapsed": 422.903497, "delta": 3.615575}}
{"target": -41.48387020810466, "params": {"C": 196.65647450603296, "gamma": 0.29138084968371186}, "datetime": {"datetime": "2021-09-28 11:54:33", "elapsed": 424.775162, "delta": 1.871665}}
{"target": -41.73658859001964, "params": {"C": 158.9310777113528, "gamma": 0.005856531513544488}, "datetime": {"datetime": "2021-09-28 11:54:36", "elapsed": 427.578541, "delta": 2.803379}}
{"target": -42.41929560098451, "params": {"C": 120.26726920063705, "gamma": 0.36734270394716345}, "datetime": {"datetime": "2021-09-28 11:54:37", "elapsed": 429.165645, "delta": 1.587104}}
{"target": -41.32534260990103, "params": {"C": 158.7665890375588, "gamma": 0.23268292835497212}, "datetime": {"datetime": "2021-09-28 11:54:40", "elapsed": 431.445733, "delta": 2.280088}}
{"target": -39.458232044271604, "params": {"C": 181.48525048460976, "gamma": 0.0812121014317092}, "datetime": {"datetime": "2021-09-28 11:54:42", "elapsed": 434.155719, "delta": 2.709986}}
