{"target": -35.26600214038307, "params": {"C": 2849.1713355481925, "gamma": 0.03165464107877855}, "datetime": {"datetime": "2021-09-28 15:02:11", "elapsed": 1239.367145, "delta": 4.26485}}
{"target": -35.390008180913846, "params": {"C": 2325.414809758113, "gamma": 0.023307097821808162}, "datetime": {"datetime": "2021-09-28 15:02:15", "elapsed": 1242.907302, "delta": 3.540157}}
{"target": -35.34405925281965, "params": {"C": 2817.5670251849015, "gamma": 0.04212837960504205}, "datetime": {"datetime": "2021-09-28 15:02:20", "elapsed": 1247.968559, "delta": 5.061257}}
{"target": -35.36329569086725, "params": {"C": 2717.9473494561335, "gamma": 0.04143128394912951}, "datetime": {"datetime": "2021-09-28 15:02:24", "elapsed": 1251.437647, "delta": 3.469088}}
{"target": -35.3672065391183, "params": {"C": 2730.350293947482, "gamma": 0.01833893716426472}, "datetime": {"datetime": "2021-09-28 15:02:27", "elapsed": 1254.521566, "delta": 3.083919}}
{"target": -36.418591703945026, "params": {"C": 2413.2462607618368, "gamma": 0.003879989345229398}, "datetime": {"datetime": "2021-09-28 15:02:33", "elapsed": 1260.855563, "delta": 6.333997}}
{"target": -35.91731404649046, "params": {"C": 2862.1623118491993, "gamma": 0.07347130494853897}, "datetime": {"datetime": "2021-09-28 15:02:36", "elapsed": 1263.97621, "delta": 3.120647}}
{"target": -35.40612444282045, "params": {"C": 2849.191903784601, "gamma": 0.016751197932225993}, "datetime": {"datetime": "2021-09-28 15:02:41", "elapsed": 1268.501381, "delta": 4.525171}}
{"target": -35.654234295867035, "params": {"C": 2701.626917107331, "gamma": 0.058927721766019826}, "datetime": {"datetime": "2021-09-28 15:02:47", "elapsed": 1275.327596, "delta": 6.826215}}
{"target": -35.253460196913124, "params": {"C": 2999.368766896293, "gamma": 0.03715662158172287}, "datetime": {"datetime": "2021-09-28 15:02:57", "elapsed": 1284.523571, "delta": 9.195975}}
{"target": -35.28994701135982, "params": {"C": 2849.2244909871592, "gamma": 0.036899099778464756}, "datetime": {"datetime": "2021-09-28 15:03:05", "elapsed": 1293.257709, "delta": 8.734138}}
{"target": -35.6454899126784, "params": {"C": 2697.5071782497967, "gamma": 0.01199363067799383}, "datetime": {"datetime": "2021-09-28 15:03:10", "elapsed": 1297.906664, "delta": 4.648955}}
{"target": -35.336741239049275, "params": {"C": 2949.841907157196, "gamma": 0.04423940193303005}, "datetime": {"datetime": "2021-09-28 15:03:17", "elapsed": 1304.607771, "delta": 6.701107}}
{"target": -35.251329205144835, "params": {"C": 2950.02176875075, "gamma": 0.03435736142827617}, "datetime": {"datetime": "2021-09-28 15:03:21", "elapsed": 1309.360384, "delta": 4.752613}}
{"target": -35.395775520091895, "params": {"C": 2862.6253448993284, "gamma": 0.047495193032428856}, "datetime": {"datetime": "2021-09-28 15:03:27", "elapsed": 1314.886572, "delta": 5.526188}}
{"target": -35.37687115163885, "params": {"C": 2413.2234486290854, "gamma": 0.030908082742936858}, "datetime": {"datetime": "2021-09-28 15:03:35", "elapsed": 1323.298481, "delta": 8.411909}}
{"target": -35.860878362076384, "params": {"C": 2862.627947174423, "gamma": 0.008392105984787221}, "datetime": {"datetime": "2021-09-28 15:03:40", "elapsed": 1327.998938, "delta": 4.700457}}
{"target": -35.40959223905692, "params": {"C": 2587.7483615006604, "gamma": 0.04246965904989585}, "datetime": {"datetime": "2021-09-28 15:03:43", "elapsed": 1331.278914, "delta": 3.279976}}
{"target": -35.421650030445555, "params": {"C": 2518.7641890180203, "gamma": 0.041779131314876546}, "datetime": {"datetime": "2021-09-28 15:03:48", "elapsed": 1335.788532, "delta": 4.509618}}
{"target": -36.03138372373422, "params": {"C": 2764.687332141163, "gamma": 0.006524606588447255}, "datetime": {"datetime": "2021-09-28 15:03:56", "elapsed": 1344.211238, "delta": 8.422706}}
{"target": -35.416144548429976, "params": {"C": 2702.1675157890977, "gamma": 0.01686866825518755}, "datetime": {"datetime": "2021-09-28 15:04:00", "elapsed": 1347.794682, "delta": 3.583444}}
{"target": -35.4733180883759, "params": {"C": 2862.589577756552, "gamma": 0.05253237806396841}, "datetime": {"datetime": "2021-09-28 15:04:06", "elapsed": 1353.521124, "delta": 5.726442}}
{"target": -35.375178457705424, "params": {"C": 2717.9221298794273, "gamma": 0.04261168466616208}, "datetime": {"datetime": "2021-09-28 15:04:14", "elapsed": 1361.719145, "delta": 8.198021}}
{"target": -35.90683503002012, "params": {"C": 2367.53625375996, "gamma": 0.008692513218177312}, "datetime": {"datetime": "2021-09-28 15:04:19", "elapsed": 1367.107063, "delta": 5.387918}}
{"target": -35.320373560016556, "params": {"C": 2794.9841234151386, "gamma": 0.020829803982485726}, "datetime": {"datetime": "2021-09-28 15:04:26", "elapsed": 1373.892234, "delta": 6.785171}}
{"target": -35.239422948170265, "params": {"C": 2924.832097843102, "gamma": 0.02943172488896796}, "datetime": {"datetime": "2021-09-28 15:04:32", "elapsed": 1379.785751, "delta": 5.893517}}
{"target": -35.556297166678554, "params": {"C": 2999.3759199009924, "gamma": 0.058672343470954375}, "datetime": {"datetime": "2021-09-28 15:04:37", "elapsed": 1385.051407, "delta": 5.265656}}
{"target": -35.300231662862025, "params": {"C": 2717.935805565177, "gamma": 0.023274768496482055}, "datetime": {"datetime": "2021-09-28 15:04:45", "elapsed": 1392.718836, "delta": 7.667429}}
{"target": -35.46175348955462, "params": {"C": 2817.594729125314, "gamma": 0.05132943244440291}, "datetime": {"datetime": "2021-09-28 15:04:52", "elapsed": 1399.601216, "delta": 6.88238}}
{"target": -35.877284288827404, "params": {"C": 2696.364722646943, "gamma": 0.008445748285862054}, "datetime": {"datetime": "2021-09-28 15:05:00", "elapsed": 1407.777155, "delta": 8.175939}}
{"target": -36.11765819377004, "params": {"C": 2537.953916725307, "gamma": 0.07741127297080515}, "datetime": {"datetime": "2021-09-28 15:05:03", "elapsed": 1411.125012, "delta": 3.347857}}
{"target": -35.341092570381406, "params": {"C": 2589.8279016004203, "gamma": 0.021759114236272453}, "datetime": {"datetime": "2021-09-28 15:05:07", "elapsed": 1414.771803, "delta": 3.646791}}
{"target": -36.14658678986574, "params": {"C": 3771.3206432667457, "gamma": 0.004597900100673916}, "datetime": {"datetime": "2021-09-28 15:29:55", "elapsed": 0.0, "delta": 0.0}}
{"target": -35.452990291661166, "params": {"C": 3633.6482349262756, "gamma": 0.06065789895547311}, "datetime": {"datetime": "2021-09-28 15:29:55", "elapsed": 0.166156, "delta": 0.166156}}
{"target": -35.22970870126157, "params": {"C": 3498.5070123025903, "gamma": 0.02030934170587527}, "datetime": {"datetime": "2021-09-28 15:29:56", "elapsed": 0.334157, "delta": 0.168001}}
{"target": -35.56398546643981, "params": {"C": 3198.062864759624, "gamma": 0.06156086483931982}, "datetime": {"datetime": "2021-09-28 15:29:56", "elapsed": 0.543158, "delta": 0.209001}}
{"target": -35.24127595866634, "params": {"C": 3499.7605643158, "gamma": 0.04657332869695337}, "datetime": {"datetime": "2021-09-28 15:29:56", "elapsed": 0.910158, "delta": 0.367}}
{"target": -36.382690442581364, "params": {"C": 3435.082232907943, "gamma": 0.003}, "datetime": {"datetime": "2021-09-28 15:29:57", "elapsed": 1.382157, "delta": 0.471999}}
{"target": -36.36081279988514, "params": {"C": 3586.1984589161334, "gamma": 0.003}, "datetime": {"datetime": "2021-09-28 15:29:57", "elapsed": 1.930156, "delta": 0.547999}}
{"target": -35.86260252321346, "params": {"C": 3668.111266555414, "gamma": 0.08}, "datetime": {"datetime": "2021-09-28 15:29:58", "elapsed": 2.433523, "delta": 0.503367}}
{"target": -35.260830651091204, "params": {"C": 3159.2628230520872, "gamma": 0.021149648092831725}, "datetime": {"datetime": "2021-09-28 15:29:58", "elapsed": 2.93452, "delta": 0.500997}}
{"target": -35.732756427274296, "params": {"C": 3129.3398628205014, "gamma": 0.06844701278623463}, "datetime": {"datetime": "2021-09-28 15:29:58", "elapsed": 3.284523, "delta": 0.350003}}
{"target": -35.40158976207234, "params": {"C": 3247.883148837805, "gamma": 0.01603098367781618}, "datetime": {"datetime": "2021-09-28 15:29:59", "elapsed": 3.714524, "delta": 0.430001}}
{"target": -35.95500799011411, "params": {"C": 3280.5621788486815, "gamma": 0.08}, "datetime": {"datetime": "2021-09-28 15:29:59", "elapsed": 4.08052, "delta": 0.365996}}
{"target": -35.78310679680493, "params": {"C": 3226.0018001715007, "gamma": 0.00898435393415537}, "datetime": {"datetime": "2021-09-28 15:30:00", "elapsed": 4.461466, "delta": 0.380946}}
{"target": -35.52566224513138, "params": {"C": 3175.784928299994, "gamma": 0.059417118622372166}, "datetime": {"datetime": "2021-09-28 15:30:00", "elapsed": 4.964466, "delta": 0.503}}
{"target": -35.90533061120695, "params": {"C": 3477.2618421519983, "gamma": 0.08}, "datetime": {"datetime": "2021-09-28 15:30:01", "elapsed": 5.389486, "delta": 0.42502}}
{"target": -35.11713182715336, "params": {"C": 3526.0498108662246, "gamma": 0.029567914423423644}, "datetime": {"datetime": "2021-09-28 15:30:01", "elapsed": 5.765468, "delta": 0.375982}}
{"target": -36.36714835778463, "params": {"C": 3541.043970303983, "gamma": 0.003}, "datetime": {"datetime": "2021-09-28 15:30:01", "elapsed": 6.257763, "delta": 0.492295}}
{"target": -35.688188394638125, "params": {"C": 3518.6541084010487, "gamma": 0.07107622548035748}, "datetime": {"datetime": "2021-09-28 15:30:02", "elapsed": 6.814765, "delta": 0.557002}}
{"target": -35.200416689099086, "params": {"C": 3165.9815856128043, "gamma": 0.035188667041477925}, "datetime": {"datetime": "2021-09-28 15:30:03", "elapsed": 7.508761, "delta": 0.693996}}
{"target": -35.65117960423022, "params": {"C": 3149.426123946658, "gamma": 0.064965067579693}, "datetime": {"datetime": "2021-09-28 15:30:03", "elapsed": 8.053765, "delta": 0.545004}}
{"target": -35.19951720047892, "params": {"C": 3257.7699022677025, "gamma": 0.03770224275459268}, "datetime": {"datetime": "2021-09-28 15:30:04", "elapsed": 8.431027, "delta": 0.377262}}
{"target": -35.80649617929838, "params": {"C": 3265.426909286902, "gamma": 0.07357982808840198}, "datetime": {"datetime": "2021-09-28 15:30:04", "elapsed": 8.91703, "delta": 0.486003}}
{"target": -35.5814839597569, "params": {"C": 3622.474203201754, "gamma": 0.012078850799113354}, "datetime": {"datetime": "2021-09-28 15:30:05", "elapsed": 9.60168, "delta": 0.68465}}
{"target": -35.745194090339396, "params": {"C": 3644.736052651835, "gamma": 0.07492529601403392}, "datetime": {"datetime": "2021-09-28 15:30:05", "elapsed": 10.278254, "delta": 0.676574}}
{"target": -35.30544502194138, "params": {"C": 3490.0864969576733, "gamma": 0.050600439144063536}, "datetime": {"datetime": "2021-09-28 15:30:06", "elapsed": 10.939255, "delta": 0.661001}}
{"target": -35.09533447025833, "params": {"C": 3998.748637765812, "gamma": 0.04227365032362977}, "datetime": {"datetime": "2021-09-28 15:30:07", "elapsed": 11.570255, "delta": 0.631}}
{"target": -35.550348445304095, "params": {"C": 3991.4054018817615, "gamma": 0.012350169969275068}, "datetime": {"datetime": "2021-09-28 15:30:07", "elapsed": 12.007253, "delta": 0.436998}}
{"target": -35.40396506827375, "params": {"C": 3001.965578069991, "gamma": 0.05037204801839562}, "datetime": {"datetime": "2021-09-28 15:30:08", "elapsed": 12.372581, "delta": 0.365328}}
{"target": -35.27602692795993, "params": {"C": 3012.805705146706, "gamma": 0.040081893771178524}, "datetime": {"datetime": "2021-09-28 15:30:08", "elapsed": 13.160581, "delta": 0.788}}
{"target": -35.93108434381092, "params": {"C": 3022.198340057772, "gamma": 0.07602410299108044}, "datetime": {"datetime": "2021-09-28 15:30:09", "elapsed": 13.664579, "delta": 0.503998}}
{"target": -35.12371522488594, "params": {"C": 3886.449214816585, "gamma": 0.043073706313142494}, "datetime": {"datetime": "2021-09-28 15:30:09", "elapsed": 14.171825, "delta": 0.507246}}
{"target": -35.53785279334116, "params": {"C": 3893.1843582855745, "gamma": 0.012641470211670558}, "datetime": {"datetime": "2021-09-28 15:30:10", "elapsed": 14.582039, "delta": 0.410214}}
{"target": -35.172093587104754, "params": {"C": 3879.8892671321682, "gamma": 0.020689150158696847}, "datetime": {"datetime": "2021-09-28 15:30:10", "elapsed": 14.953041, "delta": 0.371002}}
{"target": -35.291393486134616, "params": {"C": 3870.333491758862, "gamma": 0.05431555662662178}, "datetime": {"datetime": "2021-09-28 15:30:11", "elapsed": 15.544039, "delta": 0.590998}}
{"target": -35.085876672672555, "params": {"C": 3859.80732779284, "gamma": 0.03791606221757692}, "datetime": {"datetime": "2021-09-28 15:30:11", "elapsed": 16.053038, "delta": 0.508999}}
{"target": -35.18801293287185, "params": {"C": 3851.881966297247, "gamma": 0.04732951011230596}, "datetime": {"datetime": "2021-09-28 15:30:12", "elapsed": 16.648301, "delta": 0.595263}}
{"target": -36.32987623753151, "params": {"C": 3840.7161491450483, "gamma": 0.003}, "datetime": {"datetime": "2021-09-28 15:30:13", "elapsed": 17.329301, "delta": 0.681}}
{"target": -35.275598899451204, "params": {"C": 3356.3922283998004, "gamma": 0.046994898403648525}, "datetime": {"datetime": "2021-09-28 15:30:13", "elapsed": 17.891304, "delta": 0.562003}}
{"target": -36.39331085699418, "params": {"C": 3366.3064440044536, "gamma": 0.003}, "datetime": {"datetime": "2021-09-28 15:30:14", "elapsed": 18.372265, "delta": 0.480961}}
{"target": -36.39391516769355, "params": {"C": 3348.6883933084073, "gamma": 0.003011012496612954}, "datetime": {"datetime": "2021-09-28 15:30:14", "elapsed": 18.931265, "delta": 0.559}}
{"target": -35.38759319733636, "params": {"C": 3864.530688110467, "gamma": 0.059652935579535514}, "datetime": {"datetime": "2021-09-28 15:30:15", "elapsed": 19.533365, "delta": 0.6021}}
{"target": -35.11061722458794, "params": {"C": 3855.9370771830545, "gamma": 0.0408722184042741}, "datetime": {"datetime": "2021-09-28 15:30:15", "elapsed": 20.031364, "delta": 0.497999}}
{"target": -35.51655347081829, "params": {"C": 3077.071152266155, "gamma": 0.05767094177918514}, "datetime": {"datetime": "2021-09-28 15:30:16", "elapsed": 20.495685, "delta": 0.464321}}
{"target": -36.01285652464146, "params": {"C": 3064.771401134508, "gamma": 0.08}, "datetime": {"datetime": "2021-09-28 15:30:16", "elapsed": 20.987685, "delta": 0.492}}
{"target": -35.290300367477485, "params": {"C": 3530.4900511726605, "gamma": 0.050133697015075133}, "datetime": {"datetime": "2021-09-28 15:30:17", "elapsed": 21.576684, "delta": 0.588999}}
{"target": -35.38989765060452, "params": {"C": 3088.8107618286135, "gamma": 0.05067913022567929}, "datetime": {"datetime": "2021-09-28 15:30:17", "elapsed": 22.068682, "delta": 0.491998}}
{"target": -35.91348790542902, "params": {"C": 3098.4198810080147, "gamma": 0.0761763231855368}, "datetime": {"datetime": "2021-09-28 15:30:18", "elapsed": 22.545049, "delta": 0.476367}}
{"target": -35.046007363590945, "params": {"C": 3941.972358125688, "gamma": 0.03320664181934915}, "datetime": {"datetime": "2021-09-28 15:30:18", "elapsed": 23.036048, "delta": 0.490999}}
{"target": -36.32058729945476, "params": {"C": 3936.1443934313934, "gamma": 0.003}, "datetime": {"datetime": "2021-09-28 15:30:19", "elapsed": 23.721046, "delta": 0.684998}}
{"target": -35.08887207872558, "params": {"C": 3945.870280795947, "gamma": 0.04028517207921863}, "datetime": {"datetime": "2021-09-28 15:30:20", "elapsed": 24.349827, "delta": 0.628781}}
{"target": -35.87587242891712, "params": {"C": 3253.3133125319364, "gamma": 0.0763464615211708}, "datetime": {"datetime": "2021-09-28 15:30:20", "elapsed": 24.899832, "delta": 0.550005}}
{"target": -35.3773267908793, "params": {"C": 3875.390418252511, "gamma": 0.015498066800372148}, "datetime": {"datetime": "2021-09-28 15:30:21", "elapsed": 25.581826, "delta": 0.681994}}
{"target": -36.08986171098783, "params": {"C": 3007.9287268195912, "gamma": 0.0056585942163133425}, "datetime": {"datetime": "2021-09-28 15:30:21", "elapsed": 26.035827, "delta": 0.454001}}
{"target": -35.56406246172547, "params": {"C": 3883.416082580634, "gamma": 0.06856057271612846}, "datetime": {"datetime": "2021-09-28 15:30:22", "elapsed": 26.644687, "delta": 0.60886}}
{"target": -35.56115817244706, "params": {"C": 3162.7050608257705, "gamma": 0.01287490458687706}, "datetime": {"datetime": "2021-09-28 15:30:22", "elapsed": 27.236687, "delta": 0.592}}
{"target": -35.90392109279978, "params": {"C": 3169.4877697893426, "gamma": 0.0765879152480973}, "datetime": {"datetime": "2021-09-28 15:30:23", "elapsed": 27.772689, "delta": 0.536002}}
{"target": -35.15180997197347, "params": {"C": 3943.818804379066, "gamma": 0.021221810590279437}, "datetime": {"datetime": "2021-09-28 15:30:24", "elapsed": 28.30713, "delta": 0.534441}}
{"target": -36.070858707056935, "params": {"C": 3996.2189007429774, "gamma": 0.005252810101446714}, "datetime": {"datetime": "2021-09-28 15:30:24", "elapsed": 28.84813, "delta": 0.541}}
{"target": -35.30059330032377, "params": {"C": 3857.8365851953245, "gamma": 0.05472610970177878}, "datetime": {"datetime": "2021-09-28 15:30:25", "elapsed": 29.442047, "delta": 0.593917}}
{"target": -35.11898310455554, "params": {"C": 3853.908181894759, "gamma": 0.04180721999580544}, "datetime": {"datetime": "2021-09-28 15:30:25", "elapsed": 30.051048, "delta": 0.609001}}
{"target": -35.16794242265559, "params": {"C": 3888.866165435238, "gamma": 0.04641130868458704}, "datetime": {"datetime": "2021-09-28 15:30:26", "elapsed": 30.623578, "delta": 0.57253}}
{"target": -36.04356032107292, "params": {"C": 3948.6302999249906, "gamma": 0.005548941036697737}, "datetime": {"datetime": "2021-09-28 15:30:26", "elapsed": 31.123578, "delta": 0.5}}
{"target": -35.63269905765257, "params": {"C": 3528.210150809422, "gamma": 0.011196899325808557}, "datetime": {"datetime": "2021-09-28 15:30:27", "elapsed": 31.686579, "delta": 0.563001}}
{"target": -35.39576276455191, "params": {"C": 3523.844051215895, "gamma": 0.056695479967436846}, "datetime": {"datetime": "2021-09-28 15:30:27", "elapsed": 32.25058, "delta": 0.564001}}
{"target": -35.07284893503882, "params": {"C": 3861.7947103068022, "gamma": 0.0283629874795217}, "datetime": {"datetime": "2021-09-28 15:30:28", "elapsed": 32.908689, "delta": 0.658109}}
{"target": -35.55845616625595, "params": {"C": 3999.8944319961115, "gamma": 0.0692604754771458}, "datetime": {"datetime": "2021-09-28 15:30:29", "elapsed": 33.384683, "delta": 0.475994}}
{"target": -35.839844354411646, "params": {"C": 3878.0694223223322, "gamma": 0.007859148462605362}, "datetime": {"datetime": "2021-09-28 15:30:29", "elapsed": 34.016683, "delta": 0.632}}
{"target": -35.744204036353594, "params": {"C": 3940.4329261815974, "gamma": 0.07739289629578308}, "datetime": {"datetime": "2021-09-28 15:30:30", "elapsed": 34.584954, "delta": 0.568271}}
{"target": -35.13204519664753, "params": {"C": 3887.6305238155264, "gamma": 0.02253884603806637}, "datetime": {"datetime": "2021-09-28 15:30:30", "elapsed": 35.096982, "delta": 0.512028}}
{"target": -35.61028609232113, "params": {"C": 3259.757568848092, "gamma": 0.06444847651173587}, "datetime": {"datetime": "2021-09-28 15:30:31", "elapsed": 35.682955, "delta": 0.585973}}
{"target": -35.782072580013036, "params": {"C": 3872.7014277366065, "gamma": 0.07841436931472916}, "datetime": {"datetime": "2021-09-28 15:30:31", "elapsed": 36.185953, "delta": 0.502998}}
{"target": -35.25983096428499, "params": {"C": 3881.222280040768, "gamma": 0.05252338815781143}, "datetime": {"datetime": "2021-09-28 15:30:32", "elapsed": 36.699045, "delta": 0.513092}}
{"target": -35.72454864578227, "params": {"C": 3868.2140477894372, "gamma": 0.07599431643885629}, "datetime": {"datetime": "2021-09-28 15:30:32", "elapsed": 37.234042, "delta": 0.534997}}
{"target": -35.23654284621015, "params": {"C": 3532.5639032922822, "gamma": 0.019767459678270174}, "datetime": {"datetime": "2021-09-28 15:30:33", "elapsed": 37.727043, "delta": 0.493001}}
{"target": -35.44492521440839, "params": {"C": 3849.9248638332083, "gamma": 0.06238176534166567}, "datetime": {"datetime": "2021-09-28 15:30:34", "elapsed": 38.456111, "delta": 0.729068}}
{"target": -35.95246408990113, "params": {"C": 3157.147999200283, "gamma": 0.07850014261813666}, "datetime": {"datetime": "2021-09-28 15:30:34", "elapsed": 39.06211, "delta": 0.605999}}
{"target": -35.45279637001881, "params": {"C": 3014.9187854394327, "gamma": 0.05344555141894019}, "datetime": {"datetime": "2021-09-28 15:30:35", "elapsed": 39.895702, "delta": 0.833592}}
{"target": -35.62379109230285, "params": {"C": 3358.4761446066527, "gamma": 0.011470290961043142}, "datetime": {"datetime": "2021-09-28 15:30:36", "elapsed": 40.495459, "delta": 0.599757}}
{"target": -35.6813637378977, "params": {"C": 3354.375273680411, "gamma": 0.06884003683439847}, "datetime": {"datetime": "2021-09-28 15:30:36", "elapsed": 41.036462, "delta": 0.541003}}
{"target": -35.47293385604634, "params": {"C": 3534.54551345894, "gamma": 0.060643427038581894}, "datetime": {"datetime": "2021-09-28 15:30:37", "elapsed": 41.634463, "delta": 0.598001}}
{"target": -35.169277932918014, "params": {"C": 3492.2682140799147, "gamma": 0.03949165794929782}, "datetime": {"datetime": "2021-09-28 15:30:37", "elapsed": 42.203461, "delta": 0.568998}}
{"target": -35.7402624989884, "params": {"C": 3494.4200555216285, "gamma": 0.07322450295069624}, "datetime": {"datetime": "2021-09-28 15:30:38", "elapsed": 42.918689, "delta": 0.715228}}
{"target": -35.13621979238975, "params": {"C": 3890.653207380912, "gamma": 0.02230678637579014}, "datetime": {"datetime": "2021-09-28 15:30:39", "elapsed": 43.61669, "delta": 0.698001}}
{"target": -36.24373372886406, "params": {"C": 3502.104176572494, "gamma": 0.003830261663495996}, "datetime": {"datetime": "2021-09-28 15:30:39", "elapsed": 44.232689, "delta": 0.615999}}
{"target": -35.65728984196625, "params": {"C": 3256.2587971694393, "gamma": 0.06655368807090314}, "datetime": {"datetime": "2021-09-28 15:30:40", "elapsed": 44.871206, "delta": 0.638517}}
