{"target": -41.58503908739919, "params": {"C": 3420.569488597843, "gamma": 0.009949934199373352}, "datetime": {"datetime": "2021-09-29 20:54:29", "elapsed": 540.114439, "delta": 3.439639}}
{"target": -41.026791043914876, "params": {"C": 3025.3122311312172, "gamma": 0.04759212289484882}, "datetime": {"datetime": "2021-09-29 20:54:32", "elapsed": 543.816501, "delta": 3.702062}}
{"target": -40.966589840518914, "params": {"C": 2991.134211324694, "gamma": 0.04512197482508212}, "datetime": {"datetime": "2021-09-29 20:54:34", "elapsed": 545.823451, "delta": 2.00695}}
{"target": -41.001460771043156, "params": {"C": 3527.4329319117987, "gamma": 0.043411083743644184}, "datetime": {"datetime": "2021-09-29 20:54:37", "elapsed": 548.187274, "delta": 2.363823}}
{"target": -40.8123670263962, "params": {"C": 3722.95613634823, "gamma": 0.027110499107145705}, "datetime": {"datetime": "2021-09-29 20:54:39", "elapsed": 550.753657, "delta": 2.566383}}
{"target": -41.768581324798674, "params": {"C": 3419.6201715537995, "gamma": 0.008142025780723174}, "datetime": {"datetime": "2021-09-29 20:54:42", "elapsed": 553.77792, "delta": 3.024263}}
{"target": -41.09160941224999, "params": {"C": 3883.5383748569975, "gamma": 0.044689836887241666}, "datetime": {"datetime": "2021-09-29 20:54:44", "elapsed": 555.91522, "delta": 2.1373}}
{"target": -43.52347197093326, "params": {"C": 2598.816973796775, "gamma": 0.002209431268463822}, "datetime": {"datetime": "2021-09-29 20:54:47", "elapsed": 558.202152, "delta": 2.286932}}
{"target": -42.68314208317605, "params": {"C": 2702.6751889335897, "gamma": 0.003907521319017902}, "datetime": {"datetime": "2021-09-29 20:54:49", "elapsed": 561.017252, "delta": 2.8151}}
{"target": -40.89990451161859, "params": {"C": 2800.4905576014744, "gamma": 0.04270806582512337}, "datetime": {"datetime": "2021-09-29 20:54:52", "elapsed": 563.836342, "delta": 2.81909}}
{"target": -40.81207289873494, "params": {"C": 2701.8315186100604, "gamma": 0.02999983037061947}, "datetime": {"datetime": "2021-09-29 20:54:55", "elapsed": 566.466826, "delta": 2.630484}}
{"target": -41.13336435680298, "params": {"C": 2599.6936758833845, "gamma": 0.01816470609918581}, "datetime": {"datetime": "2021-09-29 20:54:57", "elapsed": 568.891149, "delta": 2.424323}}
{"target": -41.20049169286216, "params": {"C": 2703.5574587504098, "gamma": 0.01657881486676693}, "datetime": {"datetime": "2021-09-29 20:55:00", "elapsed": 571.609248, "delta": 2.718099}}
{"target": -41.1207265642397, "params": {"C": 3845.869526689575, "gamma": 0.01581462098789475}, "datetime": {"datetime": "2021-09-29 20:55:02", "elapsed": 573.302267, "delta": 1.693019}}
{"target": -41.153644677443324, "params": {"C": 3871.396831344379, "gamma": 0.015193426562668214}, "datetime": {"datetime": "2021-09-29 20:55:03", "elapsed": 575.035607, "delta": 1.73334}}
{"target": -41.1045509582611, "params": {"C": 2736.1088980346135, "gamma": 0.01831483645998146}, "datetime": {"datetime": "2021-09-29 20:55:05", "elapsed": 576.569124, "delta": 1.533517}}
{"target": -41.13191332177873, "params": {"C": 3440.110302069507, "gamma": 0.04891895228788458}, "datetime": {"datetime": "2021-09-29 20:55:08", "elapsed": 579.263123, "delta": 2.693999}}
{"target": -40.98663703120902, "params": {"C": 2797.9568846348166, "gamma": 0.04722509612368456}, "datetime": {"datetime": "2021-09-29 20:55:11", "elapsed": 582.176484, "delta": 2.913361}}
{"target": -40.84816650819444, "params": {"C": 3026.2560719649946, "gamma": 0.025388384716142257}, "datetime": {"datetime": "2021-09-29 20:55:13", "elapsed": 584.77077, "delta": 2.594286}}
{"target": -40.99544516246798, "params": {"C": 2699.084548815812, "gamma": 0.04823272423393596}, "datetime": {"datetime": "2021-09-29 20:55:16", "elapsed": 587.823813, "delta": 3.053043}}
{"target": -41.71925277012621, "params": {"C": 3129.211774440109, "gamma": 0.009020190345481727}, "datetime": {"datetime": "2021-09-29 20:55:19", "elapsed": 590.33595, "delta": 2.512137}}
{"target": -40.80194910175668, "params": {"C": 3128.4699869968945, "gamma": 0.029569577452009953}, "datetime": {"datetime": "2021-09-29 20:55:22", "elapsed": 593.363015, "delta": 3.027065}}
{"target": -40.86208908533122, "params": {"C": 3027.196301085999, "gamma": 0.039183701855209196}, "datetime": {"datetime": "2021-09-29 20:55:26", "elapsed": 597.44629, "delta": 4.083275}}
{"target": -40.9018248526822, "params": {"C": 2888.829411204493, "gamma": 0.023362723803740982}, "datetime": {"datetime": "2021-09-29 20:55:29", "elapsed": 600.34546, "delta": 2.89917}}
{"target": -41.2544517729555, "params": {"C": 2597.2875185335356, "gamma": 0.015974180518920085}, "datetime": {"datetime": "2021-09-29 20:55:32", "elapsed": 603.529745, "delta": 3.184285}}
{"target": -40.877347476985335, "params": {"C": 3228.635835782328, "gamma": 0.023358639644487093}, "datetime": {"datetime": "2021-09-29 20:55:34", "elapsed": 605.330114, "delta": 1.800369}}
{"target": -40.80700251906579, "params": {"C": 3228.8202318059916, "gamma": 0.0329680465280454}, "datetime": {"datetime": "2021-09-29 20:55:36", "elapsed": 607.960655, "delta": 2.630541}}
{"target": -40.911896581395965, "params": {"C": 3638.236261447145, "gamma": 0.021201552341921615}, "datetime": {"datetime": "2021-09-29 20:55:39", "elapsed": 610.785875, "delta": 2.82522}}
{"target": -40.82512390622847, "params": {"C": 3389.70203684286, "gamma": 0.025972192951200773}, "datetime": {"datetime": "2021-09-29 20:55:41", "elapsed": 612.503154, "delta": 1.717279}}
{"target": -40.892089290896834, "params": {"C": 2976.389795465144, "gamma": 0.041331971285926916}, "datetime": {"datetime": "2021-09-29 20:55:43", "elapsed": 614.964392, "delta": 2.461238}}
{"target": -41.026975775678025, "params": {"C": 3389.769763697186, "gamma": 0.04528697139616981}, "datetime": {"datetime": "2021-09-29 20:55:45", "elapsed": 617.080122, "delta": 2.11573}}
{"target": -40.89015374694051, "params": {"C": 3638.072676864228, "gamma": 0.037598301412610766}, "datetime": {"datetime": "2021-09-29 20:55:48", "elapsed": 619.687955, "delta": 2.607833}}
{"target": -41.25729894467188, "params": {"C": 3638.347846538968, "gamma": 0.013814224854283741}, "datetime": {"datetime": "2021-09-29 20:55:51", "elapsed": 622.61048, "delta": 2.922525}}
{"target": -42.27195139361797, "params": {"C": 3128.59787549794, "gamma": 0.005022149405723019}, "datetime": {"datetime": "2021-09-29 20:55:53", "elapsed": 624.542216, "delta": 1.931736}}
{"target": -40.88019498050578, "params": {"C": 3242.97511324522, "gamma": 0.023200873644792598}, "datetime": {"datetime": "2021-09-29 20:55:55", "elapsed": 626.477373, "delta": 1.935157}}
{"target": -40.85725285451593, "params": {"C": 3228.7212034146005, "gamma": 0.024305550772299036}, "datetime": {"datetime": "2021-09-29 20:55:57", "elapsed": 628.654348, "delta": 2.176975}}
{"target": -40.90798412288565, "params": {"C": 3421.6679886645206, "gamma": 0.03974948952532796}, "datetime": {"datetime": "2021-09-29 20:55:59", "elapsed": 630.576942, "delta": 1.922594}}
{"target": -41.10640796085212, "params": {"C": 2593.86392448621, "gamma": 0.018740835252098666}, "datetime": {"datetime": "2021-09-29 20:56:01", "elapsed": 632.493265, "delta": 1.916323}}
{"target": -40.91133750044893, "params": {"C": 2519.2183318552957, "gamma": 0.04472435635297527}, "datetime": {"datetime": "2021-09-29 20:56:03", "elapsed": 634.505188, "delta": 2.011923}}
{"target": -40.936699450363626, "params": {"C": 2855.019294370745, "gamma": 0.04443921429027916}, "datetime": {"datetime": "2021-09-29 20:56:05", "elapsed": 636.267912, "delta": 1.762724}}
{"target": -40.866682724981565, "params": {"C": 3128.3401653874425, "gamma": 0.02410917128485792}, "datetime": {"datetime": "2021-09-29 20:56:07", "elapsed": 638.610373, "delta": 2.342461}}
{"target": -41.09852674898304, "params": {"C": 3120.952300038265, "gamma": 0.049848059492034254}, "datetime": {"datetime": "2021-09-29 20:56:10", "elapsed": 641.261967, "delta": 2.651594}}
{"target": -40.80145237904163, "params": {"C": 2800.298288602799, "gamma": 0.031985396939229846}, "datetime": {"datetime": "2021-09-29 20:56:12", "elapsed": 643.965445, "delta": 2.703478}}
{"target": -40.93636202000496, "params": {"C": 3527.8932856498577, "gamma": 0.020589364726831382}, "datetime": {"datetime": "2021-09-29 20:56:14", "elapsed": 645.739803, "delta": 1.774358}}
{"target": -40.818350663811906, "params": {"C": 3177.5484141708184, "gamma": 0.034784347810621376}, "datetime": {"datetime": "2021-09-29 20:56:16", "elapsed": 647.658001, "delta": 1.918198}}
{"target": -40.879163703933095, "params": {"C": 2800.725585179601, "gamma": 0.0246432238484219}, "datetime": {"datetime": "2021-09-29 20:56:20", "elapsed": 651.704021, "delta": 4.04602}}
{"target": -40.82599772397961, "params": {"C": 2996.5177241949955, "gamma": 0.026989651978418454}, "datetime": {"datetime": "2021-09-29 20:56:23", "elapsed": 654.612947, "delta": 2.908926}}
{"target": -42.33655558692869, "params": {"C": 3527.9612068924635, "gamma": 0.004251148822917739}, "datetime": {"datetime": "2021-09-29 20:56:26", "elapsed": 657.994485, "delta": 3.381538}}
{"target": -41.25784958888528, "params": {"C": 3383.079563831565, "gamma": 0.014179312965701737}, "datetime": {"datetime": "2021-09-29 20:56:31", "elapsed": 662.135692, "delta": 4.141207}}
{"target": -40.85381381466316, "params": {"C": 2800.385353559847, "gamma": 0.039669192566241}, "datetime": {"datetime": "2021-09-29 20:56:33", "elapsed": 664.928643, "delta": 2.792951}}
{"target": -40.89421944433024, "params": {"C": 3612.1751091554343, "gamma": 0.037962762625501266}, "datetime": {"datetime": "2021-09-29 20:56:38", "elapsed": 669.229215, "delta": 4.300572}}
{"target": -41.22387919262025, "params": {"C": 3883.5386647832925, "gamma": 0.049076917379336935}, "datetime": {"datetime": "2021-09-29 20:56:40", "elapsed": 671.347567, "delta": 2.118352}}
{"target": -40.857521466684126, "params": {"C": 2888.323834100794, "gamma": 0.03954487659180043}, "datetime": {"datetime": "2021-09-29 20:56:42", "elapsed": 673.982999, "delta": 2.635432}}
{"target": -40.86778538520685, "params": {"C": 2945.667497401755, "gamma": 0.039976719074574084}, "datetime": {"datetime": "2021-09-29 20:56:45", "elapsed": 676.200171, "delta": 2.217172}}
{"target": -41.035753792845625, "params": {"C": 3213.409162749702, "gamma": 0.01859020634563565}, "datetime": {"datetime": "2021-09-29 20:56:47", "elapsed": 678.447352, "delta": 2.247181}}
{"target": -40.87689551630715, "params": {"C": 3382.915124194851, "gamma": 0.03823308934543935}, "datetime": {"datetime": "2021-09-29 20:56:51", "elapsed": 682.265103, "delta": 3.817751}}
{"target": -40.84726474786501, "params": {"C": 3046.5000209127215, "gamma": 0.025374033936794313}, "datetime": {"datetime": "2021-09-29 20:56:53", "elapsed": 684.608074, "delta": 2.342971}}
{"target": -40.96271675786623, "params": {"C": 3638.161846230929, "gamma": 0.04112406570260995}, "datetime": {"datetime": "2021-09-29 20:56:57", "elapsed": 688.227982, "delta": 3.619908}}
{"target": -40.876320016479475, "params": {"C": 3382.9128169043984, "gamma": 0.0381985818465758}, "datetime": {"datetime": "2021-09-29 20:56:59", "elapsed": 690.31582, "delta": 2.087838}}
{"target": -42.52424601322116, "params": {"C": 3883.6419562290985, "gamma": 0.003225181509915128}, "datetime": {"datetime": "2021-09-29 20:57:03", "elapsed": 694.575364, "delta": 4.259544}}
{"target": -40.88205213537065, "params": {"C": 2521.2846020112684, "gamma": 0.02586004177494294}, "datetime": {"datetime": "2021-09-29 20:57:05", "elapsed": 696.748718, "delta": 2.173354}}
{"target": -40.828890494687776, "params": {"C": 3368.306699353806, "gamma": 0.03485590987170858}, "datetime": {"datetime": "2021-09-29 20:57:07", "elapsed": 698.882001, "delta": 2.133283}}
{"target": -40.799401404663776, "params": {"C": 3046.3432958451344, "gamma": 0.031190629334203}, "datetime": {"datetime": "2021-09-29 20:57:11", "elapsed": 702.520509, "delta": 3.638508}}
{"target": -41.001637672396555, "params": {"C": 2698.8282693301962, "gamma": 0.02085643816210985}, "datetime": {"datetime": "2021-09-29 20:57:14", "elapsed": 705.54173, "delta": 3.021221}}
{"target": -42.380309619244244, "params": {"C": 3883.4502236175526, "gamma": 0.003741113238428131}, "datetime": {"datetime": "2021-09-29 20:57:18", "elapsed": 709.357716, "delta": 3.815986}}
{"target": -42.782122537918774, "params": {"C": 3522.9766062003646, "gamma": 0.0027893846485410557}, "datetime": {"datetime": "2021-09-29 20:57:20", "elapsed": 711.466984, "delta": 2.109268}}
{"target": -41.08060871605893, "params": {"C": 3046.418608214373, "gamma": 0.04965572769321388}, "datetime": {"datetime": "2021-09-29 20:57:24", "elapsed": 715.503228, "delta": 4.036244}}
{"target": -40.81884528781377, "params": {"C": 3128.883252956314, "gamma": 0.03507898662072008}, "datetime": {"datetime": "2021-09-29 20:57:28", "elapsed": 720.062279, "delta": 4.559051}}
{"target": -41.13042405886516, "params": {"C": 2797.025865788287, "gamma": 0.017614132816455186}, "datetime": {"datetime": "2021-09-29 20:57:32", "elapsed": 723.825699, "delta": 3.76342}}
{"target": -40.80341152031704, "params": {"C": 3081.0572068964516, "gamma": 0.032987065696664444}, "datetime": {"datetime": "2021-09-29 20:57:35", "elapsed": 726.186485, "delta": 2.360786}}
{"target": -41.58024403886714, "params": {"C": 3028.177307871593, "gamma": 0.01061740510286674}, "datetime": {"datetime": "2021-09-29 20:57:38", "elapsed": 729.437778, "delta": 3.251293}}
{"target": -42.26965173788174, "params": {"C": 3365.9292789959563, "gamma": 0.004741945714528881}, "datetime": {"datetime": "2021-09-29 20:57:41", "elapsed": 732.839471, "delta": 3.401693}}
{"target": -41.543610692403654, "params": {"C": 2924.2510751853347, "gamma": 0.011224223359753156}, "datetime": {"datetime": "2021-09-29 20:57:45", "elapsed": 736.374959, "delta": 3.535488}}
{"target": -40.806620759289764, "params": {"C": 3365.749559379066, "gamma": 0.028131125083330173}, "datetime": {"datetime": "2021-09-29 20:57:48", "elapsed": 739.756616, "delta": 3.381657}}
{"target": -40.94147901561894, "params": {"C": 3547.692930923704, "gamma": 0.020397932103535656}, "datetime": {"datetime": "2021-09-29 20:57:51", "elapsed": 742.413913, "delta": 2.657297}}
{"target": -40.98293416187009, "params": {"C": 2549.084455493218, "gamma": 0.04848822958855852}, "datetime": {"datetime": "2021-09-29 20:57:53", "elapsed": 744.731207, "delta": 2.317294}}
{"target": -40.97508060863188, "params": {"C": 3400.953784372765, "gamma": 0.01971075520565172}, "datetime": {"datetime": "2021-09-29 20:57:55", "elapsed": 746.98636, "delta": 2.255153}}
{"target": -40.856566677471726, "params": {"C": 2686.2476268539745, "gamma": 0.026314853181749524}, "datetime": {"datetime": "2021-09-29 20:57:58", "elapsed": 749.330135, "delta": 2.343775}}
{"target": -40.94408338502036, "params": {"C": 2987.697279212248, "gamma": 0.044055072515647165}, "datetime": {"datetime": "2021-09-29 20:58:00", "elapsed": 751.637068, "delta": 2.306933}}
{"target": -40.80503387760018, "params": {"C": 3196.21647790138, "gamma": 0.032770927971992936}, "datetime": {"datetime": "2021-09-29 20:58:04", "elapsed": 755.559202, "delta": 3.922134}}
{"target": -40.91902677808664, "params": {"C": 3028.0174820645057, "gamma": 0.04254480953749223}, "datetime": {"datetime": "2021-09-29 20:58:07", "elapsed": 758.827073, "delta": 3.267871}}
{"target": -42.334298878368124, "params": {"C": 3163.9153142067566, "gamma": 0.004670938928844585}, "datetime": {"datetime": "2021-09-29 20:58:12", "elapsed": 763.642757, "delta": 4.815684}}
{"target": -41.07568630854062, "params": {"C": 3586.661067782576, "gamma": 0.045931207289479394}, "datetime": {"datetime": "2021-09-29 20:58:15", "elapsed": 766.265634, "delta": 2.622877}}
{"target": -40.82215066937585, "params": {"C": 3611.0203939503426, "gamma": 0.025905757605222044}, "datetime": {"datetime": "2021-09-29 20:58:20", "elapsed": 771.545692, "delta": 5.280058}}
{"target": -40.90463244169776, "params": {"C": 3080.9770663490854, "gamma": 0.02265774483890984}, "datetime": {"datetime": "2021-09-29 20:58:25", "elapsed": 776.29323, "delta": 4.747538}}
{"target": -40.91109077070895, "params": {"C": 3716.2903509064245, "gamma": 0.03827480136189121}, "datetime": {"datetime": "2021-09-29 20:58:28", "elapsed": 779.835116, "delta": 3.541886}}
{"target": -41.04326799839892, "params": {"C": 3661.097639608679, "gamma": 0.0442595083694284}, "datetime": {"datetime": "2021-09-29 20:58:34", "elapsed": 785.856754, "delta": 6.021638}}
{"target": -41.09501756909861, "params": {"C": 3756.434053918703, "gamma": 0.04557843867963424}, "datetime": {"datetime": "2021-09-29 20:58:37", "elapsed": 788.271687, "delta": 2.414933}}
{"target": -42.88672491013713, "params": {"C": 3756.3519459953304, "gamma": 0.002402235078983665}, "datetime": {"datetime": "2021-09-29 20:58:41", "elapsed": 792.43957, "delta": 4.167883}}
{"target": -40.932878142602085, "params": {"C": 2782.338770976972, "gamma": 0.044641321810737676}, "datetime": {"datetime": "2021-09-29 20:58:43", "elapsed": 794.756304, "delta": 2.316734}}
{"target": -41.03116039999769, "params": {"C": 2924.4164593861515, "gamma": 0.04842850684650718}, "datetime": {"datetime": "2021-09-29 20:58:49", "elapsed": 801.062979, "delta": 6.306675}}
{"target": -40.88905826030134, "params": {"C": 3163.742933335503, "gamma": 0.04014446976473156}, "datetime": {"datetime": "2021-09-29 20:58:53", "elapsed": 804.930357, "delta": 3.867378}}
{"target": -40.97511912723058, "params": {"C": 3324.824039806224, "gamma": 0.019861249099541053}, "datetime": {"datetime": "2021-09-29 20:58:57", "elapsed": 808.132459, "delta": 3.202102}}
{"target": -41.09467249234226, "params": {"C": 3128.4143531774753, "gamma": 0.049648520464639155}, "datetime": {"datetime": "2021-09-29 20:59:00", "elapsed": 811.168252, "delta": 3.035793}}
{"target": -40.8390784808553, "params": {"C": 2842.9570773342493, "gamma": 0.026655468840686855}, "datetime": {"datetime": "2021-09-29 20:59:02", "elapsed": 813.888636, "delta": 2.720384}}
{"target": -42.08893076059192, "params": {"C": 3325.254785745008, "gamma": 0.005813381936971154}, "datetime": {"datetime": "2021-09-29 20:59:06", "elapsed": 817.099372, "delta": 3.210736}}
{"target": -42.98923277462897, "params": {"C": 3788.326477955221, "gamma": 0.002195218603342525}, "datetime": {"datetime": "2021-09-29 20:59:09", "elapsed": 820.44878, "delta": 3.349408}}
{"target": -40.80179963725124, "params": {"C": 3362.0495074860323, "gamma": 0.03064823153462585}, "datetime": {"datetime": "2021-09-29 20:59:13", "elapsed": 824.568272, "delta": 4.119492}}
{"target": -40.88289482245815, "params": {"C": 2677.6890802878597, "gamma": 0.04224326647232578}, "datetime": {"datetime": "2021-09-29 20:59:17", "elapsed": 828.915681, "delta": 4.347409}}
{"target": -40.804034287251895, "params": {"C": 3487.0299140239595, "gamma": 0.030445157059352555}, "datetime": {"datetime": "2021-09-29 20:59:20", "elapsed": 831.298134, "delta": 2.382453}}
{"target": -40.95471530816621, "params": {"C": 3219.097115972341, "gamma": 0.04320759112761681}, "datetime": {"datetime": "2021-09-29 20:59:22", "elapsed": 833.907393, "delta": 2.609259}}
{"target": -41.07575597842118, "params": {"C": 3671.806757465193, "gamma": 0.04540518732698323}, "datetime": {"datetime": "2021-09-29 20:59:26", "elapsed": 837.508833, "delta": 3.60144}}
{"target": -40.923944508557916, "params": {"C": 2949.0879458352206, "gamma": 0.04324651486014347}, "datetime": {"datetime": "2021-09-29 20:59:31", "elapsed": 842.213778, "delta": 4.704945}}
{"target": -40.87017756941129, "params": {"C": 2544.6808663111606, "gamma": 0.041890985972499295}, "datetime": {"datetime": "2021-09-29 20:59:34", "elapsed": 845.787335, "delta": 3.573557}}
