{"target": -0.21634037303716513, "params": {"C": 992.1714519337027, "gamma": 0.010682712999747062}, "datetime": {"datetime": "2021-10-04 10:24:14", "elapsed": 47.831461, "delta": 0.595644}}
{"target": -0.4017726926041387, "params": {"C": 989.1280056887229, "gamma": 0.19137814251593935}, "datetime": {"datetime": "2021-10-04 10:24:15", "elapsed": 48.395933, "delta": 0.564472}}
{"target": -0.81069511492047, "params": {"C": 992.4388257106945, "gamma": 0.0001}, "datetime": {"datetime": "2021-10-04 10:24:15", "elapsed": 48.970774, "delta": 0.574841}}
{"target": -0.28009240000505464, "params": {"C": 970.7741742559712, "gamma": 0.11945764988179285}, "datetime": {"datetime": "2021-10-04 10:24:16", "elapsed": 49.530226, "delta": 0.559452}}
{"target": -0.41933604130928215, "params": {"C": 718.7823085180016, "gamma": 0.1559795487590422}, "datetime": {"datetime": "2021-10-04 10:24:17", "elapsed": 50.12059, "delta": 0.590364}}
{"target": -0.6877836731240448, "params": {"C": 359.4162108523436, "gamma": 0.2917911227240768}, "datetime": {"datetime": "2021-10-04 10:24:17", "elapsed": 50.629735, "delta": 0.509145}}
{"target": -0.25332778287344526, "params": {"C": 970.921521674899, "gamma": 0.1058416431776115}, "datetime": {"datetime": "2021-10-04 10:24:18", "elapsed": 51.359943, "delta": 0.730208}}
{"target": -0.3716087339259977, "params": {"C": 989.4065894466677, "gamma": 0.003759430797366384}, "datetime": {"datetime": "2021-10-04 10:24:18", "elapsed": 51.981649, "delta": 0.621706}}
{"target": -0.17172692019480573, "params": {"C": 989.5821720953844, "gamma": 0.06451371835978986}, "datetime": {"datetime": "2021-10-04 10:24:19", "elapsed": 52.579022, "delta": 0.597373}}
{"target": -0.4372394140476972, "params": {"C": 436.98138973631376, "gamma": 0.10457778693171058}, "datetime": {"datetime": "2021-10-04 10:24:20", "elapsed": 53.109162, "delta": 0.53014}}
{"target": -0.14187903877374608, "params": {"C": 989.6810396326727, "gamma": 0.030540815108887863}, "datetime": {"datetime": "2021-10-04 10:24:20", "elapsed": 53.758315, "delta": 0.649153}}
{"target": -0.36900430538060824, "params": {"C": 925.4534652574373, "gamma": 0.161320305060793}, "datetime": {"datetime": "2021-10-04 10:24:21", "elapsed": 54.282236, "delta": 0.523921}}
{"target": -0.1900470142228674, "params": {"C": 989.4310233305816, "gamma": 0.07514369357949732}, "datetime": {"datetime": "2021-10-04 10:24:21", "elapsed": 54.817846, "delta": 0.53561}}
{"target": -0.3364628422661362, "params": {"C": 990.7806141549546, "gamma": 0.15211984033602466}, "datetime": {"datetime": "2021-10-04 10:24:22", "elapsed": 55.526768, "delta": 0.708922}}
{"target": -0.3137160776201129, "params": {"C": 989.6855336176353, "gamma": 0.1395072765385479}, "datetime": {"datetime": "2021-10-04 10:24:23", "elapsed": 56.127063, "delta": 0.600295}}
{"target": -0.21711545521523967, "params": {"C": 992.1048984281615, "gamma": 0.0899007804346728}, "datetime": {"datetime": "2021-10-04 10:24:23", "elapsed": 56.804378, "delta": 0.677315}}
{"target": -0.3511929066043473, "params": {"C": 992.4047318499064, "gamma": 0.16071611106010203}, "datetime": {"datetime": "2021-10-04 10:24:24", "elapsed": 57.510145, "delta": 0.705767}}
{"target": -0.1923478841747599, "params": {"C": 970.9558453439107, "gamma": 0.013891167451806094}, "datetime": {"datetime": "2021-10-04 10:24:25", "elapsed": 58.196625, "delta": 0.68648}}
{"target": -0.8106509931390997, "params": {"C": 993.8029816284264, "gamma": 0.0001}, "datetime": {"datetime": "2021-10-04 10:24:25", "elapsed": 58.983829, "delta": 0.787204}}
{"target": -0.14670626944649912, "params": {"C": 971.0236088850191, "gamma": 0.040832569352251775}, "datetime": {"datetime": "2021-10-04 10:24:26", "elapsed": 59.637371, "delta": 0.653542}}
{"target": -0.43393379990277325, "params": {"C": 492.4965037644487, "gamma": 0.11665729534022246}, "datetime": {"datetime": "2021-10-04 10:24:27", "elapsed": 60.193107, "delta": 0.555736}}
{"target": -0.1511794196451841, "params": {"C": 989.7390709031841, "gamma": 0.05000387120158237}, "datetime": {"datetime": "2021-10-04 10:24:27", "elapsed": 61.011469, "delta": 0.818362}}
{"target": -0.2161370840509096, "params": {"C": 993.9003023678172, "gamma": 0.08960769546249399}, "datetime": {"datetime": "2021-10-04 10:24:28", "elapsed": 61.640128, "delta": 0.628659}}
{"target": -0.2722870346991033, "params": {"C": 971.0133787952068, "gamma": 0.11549272843205084}, "datetime": {"datetime": "2021-10-04 10:24:29", "elapsed": 62.28673, "delta": 0.646602}}
{"target": -0.1602787859039263, "params": {"C": 989.564501270461, "gamma": 0.019702470562075833}, "datetime": {"datetime": "2021-10-04 10:24:29", "elapsed": 62.943757, "delta": 0.657027}}
{"target": -0.6005614765611769, "params": {"C": 993.9669484620725, "gamma": 0.0010388173823531177}, "datetime": {"datetime": "2021-10-04 10:24:30", "elapsed": 63.528161, "delta": 0.584404}}
{"target": -0.6591448951092016, "params": {"C": 386.59316918707907, "gamma": 0.25946331315975446}, "datetime": {"datetime": "2021-10-04 10:24:30", "elapsed": 64.090429, "delta": 0.562268}}
{"target": -0.2346568411199239, "params": {"C": 989.4196029875523, "gamma": 0.09859303378932893}, "datetime": {"datetime": "2021-10-04 10:24:31", "elapsed": 64.805939, "delta": 0.71551}}
{"target": -0.4121998206884756, "params": {"C": 295.9724939536436, "gamma": 0.020395740259990865}, "datetime": {"datetime": "2021-10-04 10:24:32", "elapsed": 65.437502, "delta": 0.631563}}
{"target": -0.3491474075971046, "params": {"C": 993.932260195509, "gamma": 0.15975060129883403}, "datetime": {"datetime": "2021-10-04 10:24:32", "elapsed": 66.019366, "delta": 0.581864}}
{"target": -0.400491621640122, "params": {"C": 647.9028006903737, "gamma": 0.005360688501549676}, "datetime": {"datetime": "2021-10-04 10:24:33", "elapsed": 66.605108, "delta": 0.585742}}
{"target": -0.19984634943885782, "params": {"C": 993.8890004750567, "gamma": 0.0810263147931996}, "datetime": {"datetime": "2021-10-04 10:24:34", "elapsed": 67.27075, "delta": 0.665642}}
{"target": -0.5624264890689794, "params": {"C": 706.4356975782347, "gamma": 0.26502020647331526}, "datetime": {"datetime": "2021-10-04 10:24:34", "elapsed": 67.904973, "delta": 0.634223}}
{"target": -0.4111863416486805, "params": {"C": 978.8001094061873, "gamma": 0.1960210314711374}, "datetime": {"datetime": "2021-10-04 10:24:35", "elapsed": 68.458934, "delta": 0.553961}}
{"target": -0.2053814267299814, "params": {"C": 975.408721261442, "gamma": 0.012124558135099361}, "datetime": {"datetime": "2021-10-04 10:24:35", "elapsed": 69.044257, "delta": 0.585323}}
{"target": -0.21727212709461652, "params": {"C": 992.3700068881519, "gamma": 0.09001370543521695}, "datetime": {"datetime": "2021-10-04 10:24:36", "elapsed": 69.72922, "delta": 0.684963}}
{"target": -0.2518075330799985, "params": {"C": 993.8957715459261, "gamma": 0.10786711955725824}, "datetime": {"datetime": "2021-10-04 10:24:37", "elapsed": 70.48417, "delta": 0.75495}}
{"target": -0.6624274267924661, "params": {"C": 278.4708430048607, "gamma": 0.20279610804912754}, "datetime": {"datetime": "2021-10-04 10:24:37", "elapsed": 71.065436, "delta": 0.581266}}
{"target": -0.14775984501857575, "params": {"C": 993.9675471232188, "gamma": 0.02441275491063845}, "datetime": {"datetime": "2021-10-04 10:24:38", "elapsed": 71.795705, "delta": 0.730269}}
{"target": -0.14099618018210447, "params": {"C": 989.3167450542697, "gamma": 0.03372311235428281}, "datetime": {"datetime": "2021-10-04 10:24:39", "elapsed": 72.424405, "delta": 0.6287}}
{"target": -0.6431738957220292, "params": {"C": 343.49875421770105, "gamma": 0.21619760482026587}, "datetime": {"datetime": "2021-10-04 10:24:39", "elapsed": 73.026128, "delta": 0.601723}}
{"target": -0.21777100142572703, "params": {"C": 924.2414880268133, "gamma": 0.0818420403127405}, "datetime": {"datetime": "2021-10-04 10:24:40", "elapsed": 73.851442, "delta": 0.825314}}
{"target": -0.28613807226041144, "params": {"C": 719.942350859953, "gamma": 0.0873188731227862}, "datetime": {"datetime": "2021-10-04 10:24:41", "elapsed": 74.586657, "delta": 0.735215}}
{"target": -0.5368104737106989, "params": {"C": 156.98660898657073, "gamma": 0.028780327223601205}, "datetime": {"datetime": "2021-10-04 10:24:42", "elapsed": 75.243723, "delta": 0.657066}}
{"target": -0.31088347835271923, "params": {"C": 577.637902069935, "gamma": 0.074296152762546}, "datetime": {"datetime": "2021-10-04 10:24:42", "elapsed": 75.917216, "delta": 0.673493}}
{"target": -0.6382536961923766, "params": {"C": 102.65946641375066, "gamma": 0.057719355778457396}, "datetime": {"datetime": "2021-10-04 10:24:43", "elapsed": 76.547545, "delta": 0.630329}}
{"target": -0.144786534720595, "params": {"C": 992.2260814987841, "gamma": 0.04410724390694465}, "datetime": {"datetime": "2021-10-04 10:24:44", "elapsed": 77.253178, "delta": 0.705633}}
{"target": -0.15154133725394936, "params": {"C": 971.0085429918154, "gamma": 0.04673187051405892}, "datetime": {"datetime": "2021-10-04 10:24:44", "elapsed": 77.988832, "delta": 0.735654}}
{"target": -0.164412859574687, "params": {"C": 992.2063956560282, "gamma": 0.018421695024028285}, "datetime": {"datetime": "2021-10-04 10:24:45", "elapsed": 78.713254, "delta": 0.724422}}
{"target": -0.26058536708740476, "params": {"C": 989.3201194997513, "gamma": 0.0075897779797425655}, "datetime": {"datetime": "2021-10-04 10:24:46", "elapsed": 79.565974, "delta": 0.85272}}
{"target": -0.2093136284328332, "params": {"C": 990.7154026231543, "gamma": 0.08566438671056553}, "datetime": {"datetime": "2021-10-04 10:24:47", "elapsed": 80.270617, "delta": 0.704643}}
{"target": -0.7840419146069475, "params": {"C": 44.83185407166934, "gamma": 0.12711092280493175}, "datetime": {"datetime": "2021-10-04 10:24:47", "elapsed": 80.960919, "delta": 0.690302}}
{"target": -0.2732456108599348, "params": {"C": 977.1805069685101, "gamma": 0.11675247201480099}, "datetime": {"datetime": "2021-10-04 10:24:48", "elapsed": 81.600571, "delta": 0.639652}}
{"target": -0.1462350241968715, "params": {"C": 989.7164433902558, "gamma": 0.045196901910271654}, "datetime": {"datetime": "2021-10-04 10:24:49", "elapsed": 82.355589, "delta": 0.755018}}
{"target": -0.1465859306533548, "params": {"C": 970.9841103131505, "gamma": 0.040621470247849754}, "datetime": {"datetime": "2021-10-04 10:24:49", "elapsed": 83.072513, "delta": 0.716924}}
{"target": -0.15168913437844056, "params": {"C": 989.6770985517569, "gamma": 0.05043233711102145}, "datetime": {"datetime": "2021-10-04 10:24:50", "elapsed": 83.82524, "delta": 0.752727}}
{"target": -0.19988954521927815, "params": {"C": 992.3467239229643, "gamma": 0.08086271300045758}, "datetime": {"datetime": "2021-10-04 10:24:51", "elapsed": 84.615341, "delta": 0.790101}}
{"target": -0.1420648502092432, "params": {"C": 989.6523065766581, "gamma": 0.030214733071911158}, "datetime": {"datetime": "2021-10-04 10:24:52", "elapsed": 85.502173, "delta": 0.886832}}
{"target": -0.14216599419967046, "params": {"C": 989.5364577637434, "gamma": 0.03008081285565596}, "datetime": {"datetime": "2021-10-04 10:24:53", "elapsed": 86.176693, "delta": 0.67452}}
{"target": -0.1834130626364745, "params": {"C": 989.2490227514173, "gamma": 0.07138872442152312}, "datetime": {"datetime": "2021-10-04 10:24:53", "elapsed": 86.996192, "delta": 0.819499}}
{"target": -0.15125385457896878, "params": {"C": 989.4993310716673, "gamma": 0.0500255651065469}, "datetime": {"datetime": "2021-10-04 10:24:54", "elapsed": 87.897565, "delta": 0.901373}}
{"target": -0.22160090580844227, "params": {"C": 990.7505387840847, "gamma": 0.09205816028774502}, "datetime": {"datetime": "2021-10-04 10:24:55", "elapsed": 88.707903, "delta": 0.810338}}
{"target": -0.3161707121670425, "params": {"C": 703.268522287764, "gamma": 0.00834965288491074}, "datetime": {"datetime": "2021-10-04 10:24:56", "elapsed": 89.618413, "delta": 0.91051}}
{"target": -0.17856727668987182, "params": {"C": 970.944616287598, "gamma": 0.06618225784262827}, "datetime": {"datetime": "2021-10-04 10:24:57", "elapsed": 90.379391, "delta": 0.760978}}
{"target": -0.2224325567600327, "params": {"C": 970.8372362431231, "gamma": 0.09008342234632336}, "datetime": {"datetime": "2021-10-04 10:24:58", "elapsed": 91.204864, "delta": 0.825473}}
{"target": -0.648653282674649, "params": {"C": 378.526868611791, "gamma": 0.24063143474408594}, "datetime": {"datetime": "2021-10-04 10:24:58", "elapsed": 91.940014, "delta": 0.73515}}
{"target": -0.1513526919144288, "params": {"C": 989.5591452665371, "gamma": 0.050121968280500306}, "datetime": {"datetime": "2021-10-04 10:24:59", "elapsed": 92.723684, "delta": 0.78367}}
{"target": -0.16940680806597452, "params": {"C": 989.2299889422545, "gamma": 0.06301993531955359}, "datetime": {"datetime": "2021-10-04 10:25:00", "elapsed": 93.665228, "delta": 0.941544}}
{"target": -0.15857922510613198, "params": {"C": 906.1718743386805, "gamma": 0.036941218800084594}, "datetime": {"datetime": "2021-10-04 10:25:01", "elapsed": 94.373542, "delta": 0.708314}}
{"target": -0.15073514602904625, "params": {"C": 970.957543182331, "gamma": 0.04589562300219936}, "datetime": {"datetime": "2021-10-04 10:25:02", "elapsed": 95.564744, "delta": 1.191202}}
{"target": -0.2417949461269162, "params": {"C": 970.9627255728547, "gamma": 0.09999456173435826}, "datetime": {"datetime": "2021-10-04 10:25:03", "elapsed": 96.33795, "delta": 0.773206}}
{"target": -0.1905311773932472, "params": {"C": 989.4631665740216, "gamma": 0.013650557012709192}, "datetime": {"datetime": "2021-10-04 10:25:04", "elapsed": 97.112615, "delta": 0.774665}}
{"target": -0.17987368308698315, "params": {"C": 989.1844306199046, "gamma": 0.06933859377683235}, "datetime": {"datetime": "2021-10-04 10:25:04", "elapsed": 97.883478, "delta": 0.770863}}
{"target": -0.2550675907415698, "params": {"C": 989.1613581662829, "gamma": 0.007902138193141783}, "datetime": {"datetime": "2021-10-04 10:25:05", "elapsed": 98.826573, "delta": 0.943095}}
{"target": -0.496034058050963, "params": {"C": 779.5138498603613, "gamma": 0.22077121403731953}, "datetime": {"datetime": "2021-10-04 10:25:06", "elapsed": 99.522147, "delta": 0.695574}}
{"target": -0.5020322091385374, "params": {"C": 622.1587597855486, "gamma": 0.18841264168326805}, "datetime": {"datetime": "2021-10-04 10:25:07", "elapsed": 100.2721, "delta": 0.749953}}
{"target": -0.26357159502467864, "params": {"C": 575.9488847096125, "gamma": 0.0470511028734357}, "datetime": {"datetime": "2021-10-04 10:25:07", "elapsed": 101.025634, "delta": 0.753534}}
{"target": -0.1522451550003885, "params": {"C": 970.8057830754985, "gamma": 0.024371700050194924}, "datetime": {"datetime": "2021-10-04 10:25:09", "elapsed": 102.230007, "delta": 1.204373}}
{"target": -0.16155604460683004, "params": {"C": 970.8091797771984, "gamma": 0.05506048887303451}, "datetime": {"datetime": "2021-10-04 10:25:10", "elapsed": 103.178795, "delta": 0.948788}}
{"target": -0.8390210299206748, "params": {"C": 6.942019446984559, "gamma": 0.22242784433307655}, "datetime": {"datetime": "2021-10-04 10:25:10", "elapsed": 103.914361, "delta": 0.735566}}
{"target": -0.1412746532271414, "params": {"C": 989.2211744555402, "gamma": 0.03677191552104665}, "datetime": {"datetime": "2021-10-04 10:25:11", "elapsed": 104.85684, "delta": 0.942479}}
{"target": -0.6220872635031691, "params": {"C": 229.47967835321046, "gamma": 0.1384343353115029}, "datetime": {"datetime": "2021-10-04 10:25:12", "elapsed": 105.559879, "delta": 0.703039}}
{"target": -0.14042788451349764, "params": {"C": 992.1404919086664, "gamma": 0.034978540992559405}, "datetime": {"datetime": "2021-10-04 10:25:13", "elapsed": 106.55481, "delta": 0.994931}}
{"target": -0.22885577185081285, "params": {"C": 914.6658778492862, "gamma": 0.08635909587141649}, "datetime": {"datetime": "2021-10-04 10:25:14", "elapsed": 107.301467, "delta": 0.746657}}
{"target": -0.8418280679017813, "params": {"C": 4.403075387358978, "gamma": 0.29575646538567496}, "datetime": {"datetime": "2021-10-04 10:25:14", "elapsed": 108.010137, "delta": 0.70867}}
{"target": -0.14157294959859446, "params": {"C": 989.3192091308033, "gamma": 0.03134677406340764}, "datetime": {"datetime": "2021-10-04 10:25:15", "elapsed": 108.771329, "delta": 0.761192}}
{"target": -0.2047116399703357, "params": {"C": 719.7887354344762, "gamma": 0.033296207222305405}, "datetime": {"datetime": "2021-10-04 10:25:16", "elapsed": 109.604138, "delta": 0.832809}}
{"target": -0.16308632542736334, "params": {"C": 989.3723686630792, "gamma": 0.05892113251236545}, "datetime": {"datetime": "2021-10-04 10:25:17", "elapsed": 110.641561, "delta": 1.037423}}
{"target": -0.17406461424910535, "params": {"C": 992.2589209991185, "gamma": 0.016270067827327973}, "datetime": {"datetime": "2021-10-04 10:25:18", "elapsed": 111.488846, "delta": 0.847285}}
{"target": -0.4283937834574687, "params": {"C": 507.24126873921915, "gamma": 0.006238873960594845}, "datetime": {"datetime": "2021-10-04 10:25:19", "elapsed": 112.272225, "delta": 0.783379}}
{"target": -0.7523354476805062, "params": {"C": 102.54455797202354, "gamma": 0.17421133042231982}, "datetime": {"datetime": "2021-10-04 10:25:19", "elapsed": 113.005559, "delta": 0.733334}}
{"target": -0.6416332259004458, "params": {"C": 154.39372983129837, "gamma": 0.10619465541609444}, "datetime": {"datetime": "2021-10-04 10:25:20", "elapsed": 113.775785, "delta": 0.770226}}
{"target": -0.16568778860488087, "params": {"C": 906.1968002367433, "gamma": 0.04676320220696796}, "datetime": {"datetime": "2021-10-04 10:25:21", "elapsed": 114.787017, "delta": 1.011232}}
{"target": -0.36399034801421104, "params": {"C": 443.2104386555734, "gamma": 0.07022070870135641}, "datetime": {"datetime": "2021-10-04 10:25:22", "elapsed": 115.603712, "delta": 0.816695}}
{"target": -0.2259660095760978, "params": {"C": 993.899357433261, "gamma": 0.09468035195328463}, "datetime": {"datetime": "2021-10-04 10:25:23", "elapsed": 116.371085, "delta": 0.767373}}
{"target": -0.179525380057024, "params": {"C": 993.9970640521274, "gamma": 0.015214945576649352}, "datetime": {"datetime": "2021-10-04 10:25:24", "elapsed": 117.706151, "delta": 1.335066}}
{"target": -0.6131167697576223, "params": {"C": 400.609149295364, "gamma": 0.21062235585548802}, "datetime": {"datetime": "2021-10-04 10:25:25", "elapsed": 118.539845, "delta": 0.833694}}
{"target": -0.20974151752289694, "params": {"C": 971.0086695671864, "gamma": 0.08349589925467332}, "datetime": {"datetime": "2021-10-04 10:25:26", "elapsed": 119.644643, "delta": 1.104798}}
{"target": -0.23158007007815362, "params": {"C": 989.5427665918838, "gamma": 0.09703604799140325}, "datetime": {"datetime": "2021-10-04 10:25:27", "elapsed": 120.917397, "delta": 1.272754}}
{"target": -0.21868791086544404, "params": {"C": 993.8360893810724, "gamma": 0.09092205272269113}, "datetime": {"datetime": "2021-10-04 10:25:28", "elapsed": 121.976393, "delta": 1.058996}}
{"target": -0.1786518397939849, "params": {"C": 970.9079570895907, "gamma": 0.06622802494474402}, "datetime": {"datetime": "2021-10-04 10:25:29", "elapsed": 123.036832, "delta": 1.060439}}
{"target": -0.2225932768802903, "params": {"C": 703.4306816818976, "gamma": 0.049392738757746274}, "datetime": {"datetime": "2021-10-04 10:25:30", "elapsed": 123.992195, "delta": 0.955363}}
{"target": -0.14175495536948324, "params": {"C": 989.2718483061597, "gamma": 0.038299414064495156}, "datetime": {"datetime": "2021-10-04 10:25:32", "elapsed": 125.400647, "delta": 1.408452}}
{"target": -0.14610786870460646, "params": {"C": 992.0862977842135, "gamma": 0.04558523980576866}, "datetime": {"datetime": "2021-10-04 10:25:33", "elapsed": 126.523677, "delta": 1.12303}}
{"target": -0.18617596595773955, "params": {"C": 992.2945473830832, "gamma": 0.07333760369920486}, "datetime": {"datetime": "2021-10-04 10:25:34", "elapsed": 127.631364, "delta": 1.107687}}
{"target": -0.20812339575466599, "params": {"C": 992.143012121671, "gamma": 0.08521025776231445}, "datetime": {"datetime": "2021-10-04 10:25:35", "elapsed": 128.838494, "delta": 1.20713}}
{"target": -0.16397542467908788, "params": {"C": 992.2429703979723, "gamma": 0.059926686189474596}, "datetime": {"datetime": "2021-10-04 10:25:36", "elapsed": 129.970888, "delta": 1.132394}}
{"target": -0.5614646398568419, "params": {"C": 713.6224958071797, "gamma": 0.2661212368069198}, "datetime": {"datetime": "2021-10-04 10:25:37", "elapsed": 130.894707, "delta": 0.923819}}
{"target": -0.2050454342179302, "params": {"C": 719.7888573583111, "gamma": 0.03521516008554023}, "datetime": {"datetime": "2021-10-04 10:25:38", "elapsed": 131.737757, "delta": 0.84305}}
{"target": -0.5301262526214077, "params": {"C": 971.0278380481159, "gamma": 0.0016040666934940824}, "datetime": {"datetime": "2021-10-04 10:25:39", "elapsed": 132.639533, "delta": 0.901776}}
{"target": -0.14474880258870004, "params": {"C": 970.8870389349082, "gamma": 0.0359901998269903}, "datetime": {"datetime": "2021-10-04 10:25:40", "elapsed": 133.528043, "delta": 0.88851}}
{"target": -0.7662963511727674, "params": {"C": 160.708397107273, "gamma": 0.2946305891005817}, "datetime": {"datetime": "2021-10-04 10:25:41", "elapsed": 134.351941, "delta": 0.823898}}
{"target": -0.14042751516164742, "params": {"C": 992.1847500466764, "gamma": 0.0351084399031917}, "datetime": {"datetime": "2021-10-04 10:25:42", "elapsed": 135.400696, "delta": 1.048755}}
{"target": -0.26176267841538503, "params": {"C": 989.2996570872269, "gamma": 0.1123822115195985}, "datetime": {"datetime": "2021-10-04 10:25:43", "elapsed": 136.875572, "delta": 1.474876}}
{"target": -0.1426077573350062, "params": {"C": 992.2930579401665, "gamma": 0.04113911382465024}, "datetime": {"datetime": "2021-10-04 10:25:44", "elapsed": 137.895012, "delta": 1.01944}}
{"target": -0.1476198478122268, "params": {"C": 970.9277190797607, "gamma": 0.042173490243085365}, "datetime": {"datetime": "2021-10-04 10:25:45", "elapsed": 139.035519, "delta": 1.140507}}
