{"target": -37.26294349341006, "params": {"C": 488.8216421073085, "gamma": 0.08659191427020736}, "datetime": {"datetime": "2021-09-28 12:32:49", "elapsed": 16.837038, "delta": 0.412}}
{"target": -37.67332677433127, "params": {"C": 512.9556624167799, "gamma": 0.1247939148317619}, "datetime": {"datetime": "2021-09-28 12:32:49", "elapsed": 17.227037, "delta": 0.389999}}
{"target": -37.65382975221785, "params": {"C": 563.6884688011082, "gamma": 0.13643878910207977}, "datetime": {"datetime": "2021-09-28 12:32:50", "elapsed": 17.612071, "delta": 0.385034}}
{"target": -37.342092165860244, "params": {"C": 488.64421933290686, "gamma": 0.034387792385779256}, "datetime": {"datetime": "2021-09-28 12:32:50", "elapsed": 17.983404, "delta": 0.371333}}
{"target": -37.91711923117013, "params": {"C": 488.6278952414878, "gamma": 0.13395766170252316}, "datetime": {"datetime": "2021-09-28 12:32:51", "elapsed": 18.367408, "delta": 0.384004}}
{"target": -38.216015023275, "params": {"C": 488.9124335493991, "gamma": 0.15398873736252816}, "datetime": {"datetime": "2021-09-28 12:32:51", "elapsed": 18.743405, "delta": 0.375997}}
{"target": -37.11959632755358, "params": {"C": 490.2363540792236, "gamma": 0.042867433990645396}, "datetime": {"datetime": "2021-09-28 12:32:51", "elapsed": 19.105406, "delta": 0.362001}}
{"target": -37.88610966732159, "params": {"C": 468.25847895643193, "gamma": 0.024033555441552314}, "datetime": {"datetime": "2021-09-28 12:32:52", "elapsed": 19.585404, "delta": 0.479998}}
{"target": -37.811589003964286, "params": {"C": 350.29840080041436, "gamma": 0.044120200865421844}, "datetime": {"datetime": "2021-09-28 12:32:52", "elapsed": 19.969797, "delta": 0.384393}}
{"target": -37.77323312311312, "params": {"C": 490.32843112680933, "gamma": 0.12500424272043725}, "datetime": {"datetime": "2021-09-28 12:32:53", "elapsed": 20.335795, "delta": 0.365998}}
{"target": -38.98746515717585, "params": {"C": 350.27132390539487, "gamma": 0.1561340515002167}, "datetime": {"datetime": "2021-09-28 12:32:53", "elapsed": 20.713807, "delta": 0.378012}}
{"target": -39.56049795802202, "params": {"C": 488.76786672723756, "gamma": 0.007798822026047758}, "datetime": {"datetime": "2021-09-28 12:32:53", "elapsed": 21.139798, "delta": 0.425991}}
{"target": -37.736639964540274, "params": {"C": 488.5109275437743, "gamma": 0.025111948865245634}, "datetime": {"datetime": "2021-09-28 12:32:54", "elapsed": 21.517801, "delta": 0.378003}}
{"target": -38.6681573908938, "params": {"C": 488.59914744874897, "gamma": 0.013496621977564821}, "datetime": {"datetime": "2021-09-28 12:32:54", "elapsed": 21.95602, "delta": 0.438219}}
{"target": -37.56505748303532, "params": {"C": 415.5753718158313, "gamma": 0.08352316065415268}, "datetime": {"datetime": "2021-09-28 12:32:55", "elapsed": 22.341767, "delta": 0.385747}}
{"target": -37.57397497971556, "params": {"C": 488.47442739162483, "gamma": 0.11069469249681028}, "datetime": {"datetime": "2021-09-28 12:32:55", "elapsed": 22.750767, "delta": 0.409}}
{"target": -37.27243211392799, "params": {"C": 490.25135792032, "gamma": 0.08792062863529627}, "datetime": {"datetime": "2021-09-28 12:32:55", "elapsed": 23.152768, "delta": 0.402001}}
{"target": -38.93187611074866, "params": {"C": 434.99645375453906, "gamma": 0.1856689421933904}, "datetime": {"datetime": "2021-09-28 12:32:56", "elapsed": 23.529768, "delta": 0.377}}
{"target": -37.91548379263021, "params": {"C": 488.55583536128506, "gamma": 0.13382845748164154}, "datetime": {"datetime": "2021-09-28 12:32:56", "elapsed": 23.918766, "delta": 0.388998}}
{"target": -37.95597974885817, "params": {"C": 468.29574844253233, "gamma": 0.1303728522313555}, "datetime": {"datetime": "2021-09-28 12:32:56", "elapsed": 24.301736, "delta": 0.38297}}
{"target": -37.45949131805952, "params": {"C": 416.783512261739, "gamma": 0.042320839547498455}, "datetime": {"datetime": "2021-09-28 12:32:57", "elapsed": 24.664735, "delta": 0.362999}}
{"target": -37.045024666772534, "params": {"C": 558.719181343522, "gamma": 0.09123771977670216}, "datetime": {"datetime": "2021-09-28 12:32:57", "elapsed": 25.142739, "delta": 0.478004}}
{"target": -38.24736597073108, "params": {"C": 558.6425417365635, "gamma": 0.015188543381757062}, "datetime": {"datetime": "2021-09-28 12:32:58", "elapsed": 25.693738, "delta": 0.550999}}
{"target": -37.318584676702635, "params": {"C": 558.786773076023, "gamma": 0.11165687134826131}, "datetime": {"datetime": "2021-09-28 12:32:58", "elapsed": 26.232328, "delta": 0.53859}}
{"target": -38.48261812178352, "params": {"C": 306.75671991922326, "gamma": 0.09934402305382174}, "datetime": {"datetime": "2021-09-28 12:32:59", "elapsed": 26.778394, "delta": 0.546066}}
{"target": -38.471468571275295, "params": {"C": 488.78610281878764, "gamma": 0.1709158472973663}, "datetime": {"datetime": "2021-09-28 12:32:59", "elapsed": 27.272395, "delta": 0.494001}}
{"target": -39.122789119094165, "params": {"C": 220.58688132033194, "gamma": 0.09095791951187412}, "datetime": {"datetime": "2021-09-28 12:33:03", "elapsed": 30.637472, "delta": 3.365077}}
{"target": -39.24939148822626, "params": {"C": 211.95048435142678, "gamma": 0.09408247875696867}, "datetime": {"datetime": "2021-09-28 12:33:03", "elapsed": 30.805475, "delta": 0.168003}}
{"target": -37.17081657953736, "params": {"C": 459.6576190459043, "gamma": 0.05930502011635518}, "datetime": {"datetime": "2021-09-28 12:33:03", "elapsed": 30.973484, "delta": 0.168009}}
{"target": -37.792229952298655, "params": {"C": 470.5019607920525, "gamma": 0.12021824939618841}, "datetime": {"datetime": "2021-09-28 12:33:03", "elapsed": 31.154478, "delta": 0.180994}}
{"target": -39.51670138331271, "params": {"C": 209.59275295086616, "gamma": 0.113976547158222}, "datetime": {"datetime": "2021-09-28 12:33:04", "elapsed": 31.363472, "delta": 0.208994}}
{"target": -38.33750257509461, "params": {"C": 303.70097876298615, "gamma": 0.08594473341696358}, "datetime": {"datetime": "2021-09-28 12:33:04", "elapsed": 31.54247, "delta": 0.178998}}
{"target": -37.970912448745224, "params": {"C": 558.7151419397511, "gamma": 0.15679906839968433}, "datetime": {"datetime": "2021-09-28 12:33:04", "elapsed": 32.169064, "delta": 0.626594}}
{"target": -39.00635250657366, "params": {"C": 438.0770713977588, "gamma": 0.1924190493960749}, "datetime": {"datetime": "2021-09-28 12:33:05", "elapsed": 32.675068, "delta": 0.506004}}
{"target": -37.169966569133216, "params": {"C": 459.5740231214585, "gamma": 0.05885941480559394}, "datetime": {"datetime": "2021-09-28 12:33:05", "elapsed": 33.214066, "delta": 0.538998}}
{"target": -38.49614322075382, "params": {"C": 459.59896439639573, "gamma": 0.016264596312593402}, "datetime": {"datetime": "2021-09-28 12:33:06", "elapsed": 33.743061, "delta": 0.528995}}
{"target": -37.32002400069162, "params": {"C": 459.47883275066033, "gamma": 0.08020507999693932}, "datetime": {"datetime": "2021-09-28 12:33:07", "elapsed": 34.332308, "delta": 0.589247}}
{"target": -37.998305613475935, "params": {"C": 459.54639266028664, "gamma": 0.13044422552715892}, "datetime": {"datetime": "2021-09-28 12:33:07", "elapsed": 34.826307, "delta": 0.493999}}
{"target": -37.50106457133008, "params": {"C": 459.692901874492, "gamma": 0.09595816660620189}, "datetime": {"datetime": "2021-09-28 12:33:08", "elapsed": 35.50331, "delta": 0.677003}}
{"target": -36.80683545632533, "params": {"C": 558.7818812710061, "gamma": 0.04632556191458476}, "datetime": {"datetime": "2021-09-28 12:33:08", "elapsed": 36.008307, "delta": 0.504997}}
{"target": -36.898065655378396, "params": {"C": 558.8454512859576, "gamma": 0.04088805117810229}, "datetime": {"datetime": "2021-09-28 12:33:09", "elapsed": 36.631582, "delta": 0.623275}}
{"target": -39.67097706079162, "params": {"C": 418.12847307374915, "gamma": 0.008677536372870873}, "datetime": {"datetime": "2021-09-28 12:33:09", "elapsed": 37.192579, "delta": 0.560997}}
{"target": -39.44213332375768, "params": {"C": 558.8009775963194, "gamma": 0.007225928451317448}, "datetime": {"datetime": "2021-09-28 12:33:10", "elapsed": 37.759578, "delta": 0.566999}}
{"target": -36.94676163407121, "params": {"C": 558.8938222187685, "gamma": 0.0829759905381166}, "datetime": {"datetime": "2021-09-28 12:33:11", "elapsed": 38.32717, "delta": 0.567592}}
{"target": -37.10681717107736, "params": {"C": 558.8358409737646, "gamma": 0.09611973928689867}, "datetime": {"datetime": "2021-09-28 12:33:11", "elapsed": 38.906173, "delta": 0.579003}}
{"target": -36.85127201516068, "params": {"C": 558.8945272426961, "gamma": 0.04299594730520484}, "datetime": {"datetime": "2021-09-28 12:33:12", "elapsed": 39.535171, "delta": 0.628998}}
{"target": -37.165619106180706, "params": {"C": 468.3987863938397, "gamma": 0.046088705594793375}, "datetime": {"datetime": "2021-09-28 12:33:12", "elapsed": 40.048329, "delta": 0.513158}}
{"target": -37.083735555953815, "params": {"C": 490.32869824861024, "gamma": 0.04518818759721793}, "datetime": {"datetime": "2021-09-28 12:33:13", "elapsed": 40.751334, "delta": 0.703005}}
{"target": -37.996919229019184, "params": {"C": 418.03909382971364, "gamma": 0.11633605430100216}, "datetime": {"datetime": "2021-09-28 12:33:13", "elapsed": 41.269325, "delta": 0.517991}}
{"target": -36.77292502731544, "params": {"C": 558.9520560096651, "gamma": 0.06158193648842132}, "datetime": {"datetime": "2021-09-28 12:33:14", "elapsed": 41.927321, "delta": 0.657996}}
{"target": -36.812507605377235, "params": {"C": 558.7497625571123, "gamma": 0.06847491116497514}, "datetime": {"datetime": "2021-09-28 12:33:15", "elapsed": 42.620673, "delta": 0.693352}}
{"target": -38.274963940442525, "params": {"C": 468.41093149983675, "gamma": 0.1514222872637505}, "datetime": {"datetime": "2021-09-28 12:33:15", "elapsed": 43.234673, "delta": 0.614}}
{"target": -38.560745324149224, "params": {"C": 558.9512344044806, "gamma": 0.012326125932098371}, "datetime": {"datetime": "2021-09-28 12:33:16", "elapsed": 43.716683, "delta": 0.48201}}
{"target": -37.233335222352565, "params": {"C": 468.46816427702515, "gamma": 0.04173518557801279}, "datetime": {"datetime": "2021-09-28 12:33:16", "elapsed": 44.246959, "delta": 0.530276}}
{"target": -37.40658306036105, "params": {"C": 411.34197012247716, "gamma": 0.06047202288423111}, "datetime": {"datetime": "2021-09-28 12:33:17", "elapsed": 44.816953, "delta": 0.569994}}
{"target": -37.531263161448756, "params": {"C": 490.2870288806655, "gamma": 0.029103127669516154}, "datetime": {"datetime": "2021-09-28 12:33:18", "elapsed": 45.486954, "delta": 0.670001}}
{"target": -37.122968576058895, "params": {"C": 559.0234634772501, "gamma": 0.09740653344432307}, "datetime": {"datetime": "2021-09-28 12:33:18", "elapsed": 46.022962, "delta": 0.536008}}
{"target": -38.10383438499574, "params": {"C": 558.9240810016131, "gamma": 0.16588947281310518}, "datetime": {"datetime": "2021-09-28 12:33:19", "elapsed": 46.635493, "delta": 0.612531}}
{"target": -38.633542659595015, "params": {"C": 421.366218723553, "gamma": 0.15943943901015167}, "datetime": {"datetime": "2021-09-28 12:33:19", "elapsed": 47.248502, "delta": 0.613009}}
{"target": -36.75968500663339, "params": {"C": 559.0561770551308, "gamma": 0.05241946751008062}, "datetime": {"datetime": "2021-09-28 12:33:20", "elapsed": 47.941127, "delta": 0.692625}}
{"target": -38.70179827567984, "params": {"C": 559.094218486202, "gamma": 0.011268124525998917}, "datetime": {"datetime": "2021-09-28 12:33:21", "elapsed": 48.656874, "delta": 0.715747}}
{"target": -36.90279144952311, "params": {"C": 558.9906782425189, "gamma": 0.07888737746449376}, "datetime": {"datetime": "2021-09-28 12:33:21", "elapsed": 49.252834, "delta": 0.59596}}
{"target": -38.65694288041717, "params": {"C": 468.34580680338377, "gamma": 0.014325954721414715}, "datetime": {"datetime": "2021-09-28 12:33:22", "elapsed": 49.943835, "delta": 0.691001}}
{"target": -36.85953633593639, "params": {"C": 559.017432769799, "gamma": 0.04258137832035364}, "datetime": {"datetime": "2021-09-28 12:33:23", "elapsed": 50.90043, "delta": 0.956595}}
{"target": -36.84563275077401, "params": {"C": 558.7857609618359, "gamma": 0.0727293114865462}, "datetime": {"datetime": "2021-09-28 12:33:24", "elapsed": 51.548391, "delta": 0.647961}}
{"target": -37.55983783495845, "params": {"C": 488.4718349806351, "gamma": 0.10965786035604012}, "datetime": {"datetime": "2021-09-28 12:33:24", "elapsed": 52.102874, "delta": 0.554483}}
{"target": -37.24347262645405, "params": {"C": 490.38521710304144, "gamma": 0.037516376731442785}, "datetime": {"datetime": "2021-09-28 12:33:25", "elapsed": 52.748508, "delta": 0.645634}}
{"target": -39.69611712452033, "params": {"C": 280.509729658947, "gamma": 0.17491265437206233}, "datetime": {"datetime": "2021-09-28 12:33:25", "elapsed": 53.230508, "delta": 0.482}}
{"target": -39.58834408257518, "params": {"C": 202.6562527385405, "gamma": 0.11401629198357098}, "datetime": {"datetime": "2021-09-28 12:33:26", "elapsed": 53.752506, "delta": 0.521998}}
{"target": -37.324718200225995, "params": {"C": 559.1110445787406, "gamma": 0.11217611651089623}, "datetime": {"datetime": "2021-09-28 12:33:27", "elapsed": 54.461846, "delta": 0.70934}}
{"target": -37.58411037580836, "params": {"C": 490.42346209130596, "gamma": 0.11201241213729149}, "datetime": {"datetime": "2021-09-28 12:33:27", "elapsed": 55.064847, "delta": 0.603001}}
{"target": -37.368503097486155, "params": {"C": 417.9816064697249, "gamma": 0.050158328607330306}, "datetime": {"datetime": "2021-09-28 12:33:28", "elapsed": 55.882886, "delta": 0.818039}}
{"target": -38.2253066181587, "params": {"C": 411.31867224201824, "gamma": 0.12868083854367132}, "datetime": {"datetime": "2021-09-28 12:33:29", "elapsed": 56.654806, "delta": 0.77192}}
{"target": -39.843094405292234, "params": {"C": 488.94816413121697, "gamma": 0.006470600275016621}, "datetime": {"datetime": "2021-09-28 12:33:30", "elapsed": 57.352805, "delta": 0.697999}}
{"target": -39.0344006382856, "params": {"C": 539.4968016974597, "gamma": 0.00964340749130076}, "datetime": {"datetime": "2021-09-28 12:33:30", "elapsed": 57.997809, "delta": 0.645004}}
{"target": -38.40252611994682, "params": {"C": 559.1161636476221, "gamma": 0.1868047716277105}, "datetime": {"datetime": "2021-09-28 12:33:31", "elapsed": 58.70548, "delta": 0.707671}}
{"target": -40.369769723033535, "params": {"C": 411.3064194148899, "gamma": 0.005560240042892298}, "datetime": {"datetime": "2021-09-28 12:33:32", "elapsed": 59.427458, "delta": 0.721978}}
{"target": -37.46582568624425, "params": {"C": 411.3952974581425, "gamma": 0.0434138352484274}, "datetime": {"datetime": "2021-09-28 12:33:33", "elapsed": 60.386149, "delta": 0.958691}}
{"target": -37.23497781931056, "params": {"C": 459.40737112877457, "gamma": 0.04363978158335793}, "datetime": {"datetime": "2021-09-28 12:33:33", "elapsed": 61.198219, "delta": 0.81207}}
{"target": -38.02086372945408, "params": {"C": 552.7358512495055, "gamma": 0.15861140470790708}, "datetime": {"datetime": "2021-09-28 12:33:34", "elapsed": 61.823148, "delta": 0.624929}}
{"target": -37.940021129104615, "params": {"C": 384.7012936675619, "gamma": 0.09902771049567924}, "datetime": {"datetime": "2021-09-28 12:33:35", "elapsed": 62.458683, "delta": 0.635535}}
{"target": -37.4018407719975, "params": {"C": 459.3639405937187, "gamma": 0.08764170182279132}, "datetime": {"datetime": "2021-09-28 12:33:35", "elapsed": 63.133685, "delta": 0.675002}}
{"target": -37.33353001703551, "params": {"C": 468.4300506942475, "gamma": 0.08514049334682137}, "datetime": {"datetime": "2021-09-28 12:33:36", "elapsed": 63.871693, "delta": 0.738008}}
{"target": -37.687851751064684, "params": {"C": 459.6119010943654, "gamma": 0.10974727436932438}, "datetime": {"datetime": "2021-09-28 12:33:37", "elapsed": 64.683491, "delta": 0.811798}}
{"target": -37.86595958654446, "params": {"C": 539.4897194716207, "gamma": 0.14480886236814347}, "datetime": {"datetime": "2021-09-28 12:33:38", "elapsed": 65.393493, "delta": 0.710002}}
{"target": -37.948341942953114, "params": {"C": 459.4204765972341, "gamma": 0.12707744853617564}, "datetime": {"datetime": "2021-09-28 12:33:38", "elapsed": 66.220199, "delta": 0.826706}}
{"target": -37.210561779951355, "params": {"C": 558.9580256302102, "gamma": 0.10391485591461036}, "datetime": {"datetime": "2021-09-28 12:33:39", "elapsed": 67.030196, "delta": 0.809997}}
{"target": -38.16270282336537, "params": {"C": 459.35345884521695, "gamma": 0.020355893503142646}, "datetime": {"datetime": "2021-09-28 12:33:40", "elapsed": 68.077514, "delta": 1.047318}}
{"target": -37.74880645628503, "params": {"C": 459.7100649823207, "gamma": 0.027262173125632286}, "datetime": {"datetime": "2021-09-28 12:33:41", "elapsed": 68.829495, "delta": 0.751981}}
{"target": -39.90091364021081, "params": {"C": 418.0117644241825, "gamma": 0.007420120665989868}, "datetime": {"datetime": "2021-09-28 12:33:42", "elapsed": 69.629492, "delta": 0.799997}}
{"target": -37.197687109586894, "params": {"C": 512.900873626299, "gamma": 0.0893994634477527}, "datetime": {"datetime": "2021-09-28 12:33:43", "elapsed": 70.361079, "delta": 0.731587}}
{"target": -36.87785621741808, "params": {"C": 558.7234599528667, "gamma": 0.041789772182514014}, "datetime": {"datetime": "2021-09-28 12:33:43", "elapsed": 71.035075, "delta": 0.673996}}
{"target": -38.53115134110222, "params": {"C": 459.4756404351965, "gamma": 0.015908697265791083}, "datetime": {"datetime": "2021-09-28 12:33:44", "elapsed": 71.666074, "delta": 0.630999}}
{"target": -37.65959033641983, "params": {"C": 417.94712714197067, "gamma": 0.09246733006603768}, "datetime": {"datetime": "2021-09-28 12:33:45", "elapsed": 72.338009, "delta": 0.671935}}
{"target": -37.05093031933267, "params": {"C": 490.4740045012342, "gamma": 0.04839131593872902}, "datetime": {"datetime": "2021-09-28 12:33:45", "elapsed": 73.17801, "delta": 0.840001}}
{"target": -37.81307455418298, "params": {"C": 411.3893354241119, "gamma": 0.10109818462712246}, "datetime": {"datetime": "2021-09-28 12:33:46", "elapsed": 73.939005, "delta": 0.760995}}
{"target": -38.75764100106757, "params": {"C": 309.61279081372857, "gamma": 0.023779128337392954}, "datetime": {"datetime": "2021-09-28 12:33:47", "elapsed": 74.50593, "delta": 0.566925}}
{"target": -37.23960372090902, "params": {"C": 490.54186516736576, "gamma": 0.03763713814649255}, "datetime": {"datetime": "2021-09-28 12:33:48", "elapsed": 75.31497, "delta": 0.80904}}
{"target": -37.60310194359239, "params": {"C": 512.9026858395166, "gamma": 0.02576178394792582}, "datetime": {"datetime": "2021-09-28 12:33:48", "elapsed": 76.051932, "delta": 0.736962}}
{"target": -37.35189328559485, "params": {"C": 490.4841054960846, "gamma": 0.09452071629282754}, "datetime": {"datetime": "2021-09-28 12:33:49", "elapsed": 76.759081, "delta": 0.707149}}
{"target": -37.517958655572556, "params": {"C": 490.5853235569133, "gamma": 0.10720807067421242}, "datetime": {"datetime": "2021-09-28 12:33:50", "elapsed": 77.703958, "delta": 0.944877}}
{"target": -37.78978594538685, "params": {"C": 415.5151365655248, "gamma": 0.031149933156314404}, "datetime": {"datetime": "2021-09-28 12:33:51", "elapsed": 78.447643, "delta": 0.743685}}
{"target": -38.17355864368152, "params": {"C": 558.6043318880368, "gamma": 0.1706461349585281}, "datetime": {"datetime": "2021-09-28 12:33:51", "elapsed": 79.277604, "delta": 0.829961}}
{"target": -39.180289405438934, "params": {"C": 416.8514940972857, "gamma": 0.01197852222334293}, "datetime": {"datetime": "2021-09-28 12:33:52", "elapsed": 80.029606, "delta": 0.752002}}
{"target": -37.35409743299672, "params": {"C": 468.5330942049876, "gamma": 0.036711426245317404}, "datetime": {"datetime": "2021-09-28 12:33:53", "elapsed": 80.812541, "delta": 0.782935}}
{"target": -38.222491162504646, "params": {"C": 416.80074634740004, "gamma": 0.13050608215630177}, "datetime": {"datetime": "2021-09-28 12:33:54", "elapsed": 82.045545, "delta": 1.233004}}
{"target": -37.02950417331095, "params": {"C": 490.6246256960133, "gamma": 0.05304612527714724}, "datetime": {"datetime": "2021-09-28 12:33:55", "elapsed": 82.979167, "delta": 0.933622}}
{"target": -37.36615594150319, "params": {"C": 468.51659410263875, "gamma": 0.08802572816508998}, "datetime": {"datetime": "2021-09-28 12:33:56", "elapsed": 83.828167, "delta": 0.849}}
{"target": -37.16785653131841, "params": {"C": 468.599128440212, "gamma": 0.06708194032830332}, "datetime": {"datetime": "2021-09-28 12:33:57", "elapsed": 84.736368, "delta": 0.908201}}
{"target": -38.748976176995235, "params": {"C": 490.66004503328264, "gamma": 0.012795257756162548}, "datetime": {"datetime": "2021-09-28 12:33:58", "elapsed": 85.713375, "delta": 0.977007}}
{"target": -38.07835390355906, "params": {"C": 468.63182344082423, "gamma": 0.02100323710465427}, "datetime": {"datetime": "2021-09-28 12:33:59", "elapsed": 86.490728, "delta": 0.777353}}
{"target": -37.230374148906904, "params": {"C": 490.66000798834267, "gamma": 0.08439916653461883}, "datetime": {"datetime": "2021-09-28 12:33:59", "elapsed": 87.301691, "delta": 0.810963}}
{"target": -40.18072667439888, "params": {"C": 415.62016026261654, "gamma": 0.006182523075367468}, "datetime": {"datetime": "2021-09-28 12:34:00", "elapsed": 88.274093, "delta": 0.972402}}
{"target": -37.80929193998799, "params": {"C": 468.6270277680839, "gamma": 0.12076033214175505}, "datetime": {"datetime": "2021-09-28 12:34:01", "elapsed": 89.167095, "delta": 0.893002}}
{"target": -38.22678325951807, "params": {"C": 490.65371272796125, "gamma": 0.15521865679281646}, "datetime": {"datetime": "2021-09-28 12:34:02", "elapsed": 89.954495, "delta": 0.7874}}
{"target": -38.932942698348356, "params": {"C": 490.4609765357684, "gamma": 0.011465588697274525}, "datetime": {"datetime": "2021-09-28 12:34:04", "elapsed": 91.374763, "delta": 1.420268}}
{"target": -39.75575329678003, "params": {"C": 364.6679021373461, "gamma": 0.009614871959099505}, "datetime": {"datetime": "2021-09-28 12:34:04", "elapsed": 92.260747, "delta": 0.885984}}
