{"target": -0.6115399874944722, "params": {"C": 417.60498269787143, "gamma": 0.2161253155833032}, "datetime": {"datetime": "2021-10-04 10:23:26", "elapsed": 0.0, "delta": 0.0}}
{"target": -0.8419834649258653, "params": {"C": 1.1142604425275418, "gamma": 0.09076953853228875}, "datetime": {"datetime": "2021-10-04 10:23:27", "elapsed": 0.147176, "delta": 0.147176}}
{"target": -0.5492776629737919, "params": {"C": 147.60913492629592, "gamma": 0.027792344571162458}, "datetime": {"datetime": "2021-10-04 10:23:27", "elapsed": 0.300911, "delta": 0.153735}}
{"target": -0.6067181969373099, "params": {"C": 187.07395116629323, "gamma": 0.10373366204021002}, "datetime": {"datetime": "2021-10-04 10:23:27", "elapsed": 0.552807, "delta": 0.251896}}
{"target": -0.5556133476960752, "params": {"C": 397.3707067564393, "gamma": 0.16169113852760675}, "datetime": {"datetime": "2021-10-04 10:23:27", "elapsed": 0.738803, "delta": 0.185996}}
{"target": -0.5757863716395322, "params": {"C": 149.08737963841003, "gamma": 0.05874015930347967}, "datetime": {"datetime": "2021-10-04 10:23:27", "elapsed": 0.987061, "delta": 0.248258}}
{"target": -0.5886186477313036, "params": {"C": 137.48697760198087, "gamma": 0.0573957527484969}, "datetime": {"datetime": "2021-10-04 10:23:28", "elapsed": 1.229607, "delta": 0.242546}}
{"target": -0.46037202969535596, "params": {"C": 386.26520559049027, "gamma": 0.1023596674098591}, "datetime": {"datetime": "2021-10-04 10:23:28", "elapsed": 1.482229, "delta": 0.252622}}
{"target": -0.41464554534385867, "params": {"C": 377.7110887445507, "gamma": 0.07715298450965496}, "datetime": {"datetime": "2021-10-04 10:23:28", "elapsed": 1.811527, "delta": 0.329298}}
{"target": -0.3835576689870148, "params": {"C": 366.7742840577075, "gamma": 0.05776503536196502}, "datetime": {"datetime": "2021-10-04 10:23:29", "elapsed": 2.131526, "delta": 0.319999}}
{"target": -0.6565021216263507, "params": {"C": 353.81626255915603, "gamma": 0.23784496575460373}, "datetime": {"datetime": "2021-10-04 10:23:29", "elapsed": 2.410829, "delta": 0.279303}}
{"target": -0.2704106661189938, "params": {"C": 701.1395552917901, "gamma": 0.07644549962184101}, "datetime": {"datetime": "2021-10-04 10:23:29", "elapsed": 2.779088, "delta": 0.368259}}
{"target": -0.2566191499429338, "params": {"C": 692.3918075434343, "gamma": 0.06781970196196394}, "datetime": {"datetime": "2021-10-04 10:23:30", "elapsed": 3.119936, "delta": 0.340848}}
{"target": -0.5909078015215943, "params": {"C": 678.6816884399136, "gamma": 0.2912390138065283}, "datetime": {"datetime": "2021-10-04 10:23:30", "elapsed": 3.557928, "delta": 0.437992}}
{"target": -0.24190620530015172, "params": {"C": 713.7201944900833, "gamma": 0.0635324621938378}, "datetime": {"datetime": "2021-10-04 10:23:30", "elapsed": 3.890943, "delta": 0.333015}}
{"target": -0.5774704940091371, "params": {"C": 725.7795697304712, "gamma": 0.2895092970053101}, "datetime": {"datetime": "2021-10-04 10:23:31", "elapsed": 4.188868, "delta": 0.297925}}
{"target": -0.5102984211259816, "params": {"C": 708.396057589392, "gamma": 0.2157824267204636}, "datetime": {"datetime": "2021-10-04 10:23:31", "elapsed": 4.509252, "delta": 0.320384}}
{"target": -0.411184958319754, "params": {"C": 696.7058078738241, "gamma": 0.14717931888641708}, "datetime": {"datetime": "2021-10-04 10:23:31", "elapsed": 4.809407, "delta": 0.300155}}
{"target": -0.30151536781150345, "params": {"C": 716.6431427359109, "gamma": 0.09432500360331147}, "datetime": {"datetime": "2021-10-04 10:23:32", "elapsed": 5.169656, "delta": 0.360249}}
{"target": -0.391046823776803, "params": {"C": 688.8543434323999, "gamma": 0.13471097082854003}, "datetime": {"datetime": "2021-10-04 10:23:32", "elapsed": 5.433069, "delta": 0.263413}}
{"target": -0.4566571459059776, "params": {"C": 371.9409356461765, "gamma": 0.096246310759118}, "datetime": {"datetime": "2021-10-04 10:23:32", "elapsed": 5.698061, "delta": 0.264992}}
{"target": -0.21220145781330357, "params": {"C": 703.488758025861, "gamma": 0.0269007969489604}, "datetime": {"datetime": "2021-10-04 10:23:32", "elapsed": 5.956718, "delta": 0.258657}}
{"target": -0.6131639404713787, "params": {"C": 587.8632318763686, "gamma": 0.28760244375280086}, "datetime": {"datetime": "2021-10-04 10:23:33", "elapsed": 6.299724, "delta": 0.343006}}
{"target": -0.3983057877504015, "params": {"C": 982.0299269560268, "gamma": 0.18798629406715228}, "datetime": {"datetime": "2021-10-04 10:23:33", "elapsed": 6.584282, "delta": 0.284558}}
{"target": -0.32711982187865973, "params": {"C": 975.7370145773605, "gamma": 0.1449146117365312}, "datetime": {"datetime": "2021-10-04 10:23:33", "elapsed": 6.884279, "delta": 0.299997}}
{"target": -0.19338533130748803, "params": {"C": 970.7417650226157, "gamma": 0.07465527738981495}, "datetime": {"datetime": "2021-10-04 10:23:34", "elapsed": 7.181463, "delta": 0.297184}}
{"target": -0.5301734735163475, "params": {"C": 966.9884605078284, "gamma": 0.3}, "datetime": {"datetime": "2021-10-04 10:23:34", "elapsed": 7.537503, "delta": 0.35604}}
{"target": -0.23836124009173965, "params": {"C": 972.6632538937951, "gamma": 0.09845614975760959}, "datetime": {"datetime": "2021-10-04 10:23:34", "elapsed": 7.92811, "delta": 0.390607}}
{"target": -0.14541112770631015, "params": {"C": 989.1802070764805, "gamma": 0.04411971197277259}, "datetime": {"datetime": "2021-10-04 10:23:35", "elapsed": 8.222405, "delta": 0.294295}}
{"target": -0.18794671132481655, "params": {"C": 992.3778413893153, "gamma": 0.07434047568046036}, "datetime": {"datetime": "2021-10-04 10:23:35", "elapsed": 8.536406, "delta": 0.314001}}
{"target": -0.5238117251169447, "params": {"C": 997.0550739538216, "gamma": 0.29984402446284486}, "datetime": {"datetime": "2021-10-04 10:23:35", "elapsed": 8.810687, "delta": 0.274281}}
{"target": -0.5062275583971867, "params": {"C": 986.5446581071232, "gamma": 0.2771631046136804}, "datetime": {"datetime": "2021-10-04 10:23:36", "elapsed": 9.098479, "delta": 0.287792}}
{"target": -0.17611898806339732, "params": {"C": 990.7421988929096, "gamma": 0.06732790865228964}, "datetime": {"datetime": "2021-10-04 10:23:36", "elapsed": 9.389375, "delta": 0.290896}}
{"target": -0.7552227656555022, "params": {"C": 63.22909110631171, "gamma": 0.11696553866891031}, "datetime": {"datetime": "2021-10-04 10:23:36", "elapsed": 9.687411, "delta": 0.298036}}
{"target": -0.8175683935033393, "params": {"C": 781.8315112398548, "gamma": 0.0001}, "datetime": {"datetime": "2021-10-04 10:23:36", "elapsed": 10.040777, "delta": 0.353366}}
{"target": -0.4557893206703183, "params": {"C": 298.6282073473525, "gamma": 0.07139766889544527}, "datetime": {"datetime": "2021-10-04 10:23:37", "elapsed": 10.390374, "delta": 0.349597}}
{"target": -0.3920903342865918, "params": {"C": 488.27368389409975, "gamma": 0.09479690840960882}, "datetime": {"datetime": "2021-10-04 10:23:37", "elapsed": 10.73338, "delta": 0.343006}}
{"target": -0.5878400942924362, "params": {"C": 493.8761795928504, "gamma": 0.22182426578810782}, "datetime": {"datetime": "2021-10-04 10:23:38", "elapsed": 11.136823, "delta": 0.403443}}
{"target": -0.34553041011689056, "params": {"C": 483.1258641714814, "gamma": 0.07094906490299027}, "datetime": {"datetime": "2021-10-04 10:23:38", "elapsed": 11.433103, "delta": 0.29628}}
{"target": -0.601226108087902, "params": {"C": 478.4931739647838, "gamma": 0.22970786933742288}, "datetime": {"datetime": "2021-10-04 10:23:38", "elapsed": 11.829684, "delta": 0.396581}}
{"target": -0.4898668257373531, "params": {"C": 362.1990848245239, "gamma": 0.006638453846108195}, "datetime": {"datetime": "2021-10-04 10:23:39", "elapsed": 12.177334, "delta": 0.34765}}
{"target": -0.6208570010770778, "params": {"C": 287.34111465637966, "gamma": 0.16695482710122728}, "datetime": {"datetime": "2021-10-04 10:23:39", "elapsed": 12.488336, "delta": 0.311002}}
{"target": -0.6964345446935858, "params": {"C": 307.90243055148085, "gamma": 0.2715242305069855}, "datetime": {"datetime": "2021-10-04 10:23:39", "elapsed": 12.832462, "delta": 0.344126}}
{"target": -0.5484509601969361, "params": {"C": 872.0408994214102, "gamma": 0.29709572828673136}, "datetime": {"datetime": "2021-10-04 10:23:40", "elapsed": 13.133856, "delta": 0.301394}}
{"target": -0.47313234339129173, "params": {"C": 236.8121881699585, "gamma": 0.016856899717550715}, "datetime": {"datetime": "2021-10-04 10:23:40", "elapsed": 13.559174, "delta": 0.425318}}
{"target": -0.39518363369663456, "params": {"C": 919.1156067919046, "gamma": 0.17604421176529209}, "datetime": {"datetime": "2021-10-04 10:23:40", "elapsed": 13.948551, "delta": 0.389377}}
{"target": -0.24487252256379421, "params": {"C": 924.25731942139, "gamma": 0.09573605956525966}, "datetime": {"datetime": "2021-10-04 10:23:41", "elapsed": 14.325892, "delta": 0.377341}}
{"target": -0.3259519209556212, "params": {"C": 927.4238815191783, "gamma": 0.13768272491237218}, "datetime": {"datetime": "2021-10-04 10:23:41", "elapsed": 14.724367, "delta": 0.398475}}
{"target": -0.4870124713115609, "params": {"C": 932.5551538318244, "gamma": 0.24638788260601469}, "datetime": {"datetime": "2021-10-04 10:23:41", "elapsed": 15.083914, "delta": 0.359547}}
{"target": -0.2575465926824434, "params": {"C": 912.880041134702, "gamma": 0.10066470993815645}, "datetime": {"datetime": "2021-10-04 10:23:42", "elapsed": 15.546472, "delta": 0.462558}}
{"target": -0.5318111223772444, "params": {"C": 909.5406512913387, "gamma": 0.28699564480116757}, "datetime": {"datetime": "2021-10-04 10:23:42", "elapsed": 15.945405, "delta": 0.398933}}
{"target": -0.4172638887613447, "params": {"C": 915.3286210756812, "gamma": 0.18956935590868618}, "datetime": {"datetime": "2021-10-04 10:23:43", "elapsed": 16.349395, "delta": 0.40399}}
{"target": -0.49539126402789546, "params": {"C": 922.0489084547182, "gamma": 0.25185184706206626}, "datetime": {"datetime": "2021-10-04 10:23:43", "elapsed": 16.741158, "delta": 0.391763}}
{"target": -0.5277165437220412, "params": {"C": 978.7658679366109, "gamma": 0.3}, "datetime": {"datetime": "2021-10-04 10:23:44", "elapsed": 17.124219, "delta": 0.383061}}
{"target": -0.21283599502505868, "params": {"C": 719.9444811938251, "gamma": 0.04557735052961325}, "datetime": {"datetime": "2021-10-04 10:23:44", "elapsed": 17.551379, "delta": 0.42716}}
{"target": -0.5427123926904183, "params": {"C": 721.7602902160119, "gamma": 0.24851424274981251}, "datetime": {"datetime": "2021-10-04 10:23:44", "elapsed": 17.97972, "delta": 0.428341}}
{"target": -0.22807458934569236, "params": {"C": 718.7758875433277, "gamma": 0.05630749785577832}, "datetime": {"datetime": "2021-10-04 10:23:45", "elapsed": 18.417722, "delta": 0.438002}}
{"target": -0.5656188672896705, "params": {"C": 711.888864217737, "gamma": 0.27036300190048235}, "datetime": {"datetime": "2021-10-04 10:23:45", "elapsed": 18.874401, "delta": 0.456679}}
{"target": -0.4934785981217049, "params": {"C": 705.2759362290622, "gamma": 0.2018667187523771}, "datetime": {"datetime": "2021-10-04 10:23:46", "elapsed": 19.283478, "delta": 0.409077}}
{"target": -0.21958987806760422, "params": {"C": 925.6131573496002, "gamma": 0.08296836398957746}, "datetime": {"datetime": "2021-10-04 10:23:46", "elapsed": 19.695482, "delta": 0.412004}}
{"target": -0.2341897142798548, "params": {"C": 993.9681355031064, "gamma": 0.009196738057809456}, "datetime": {"datetime": "2021-10-04 10:23:47", "elapsed": 20.096755, "delta": 0.401273}}
{"target": -0.4765819869514276, "params": {"C": 694.1515774296751, "gamma": 0.18718991500018287}, "datetime": {"datetime": "2021-10-04 10:23:47", "elapsed": 20.549098, "delta": 0.452343}}
{"target": -0.5447361922830158, "params": {"C": 714.8532596067878, "gamma": 0.24862801059440456}, "datetime": {"datetime": "2021-10-04 10:23:47", "elapsed": 21.002322, "delta": 0.453224}}
{"target": -0.5889534679181982, "params": {"C": 702.3700722963673, "gamma": 0.29703854662925305}, "datetime": {"datetime": "2021-10-04 10:23:48", "elapsed": 21.435885, "delta": 0.433563}}
{"target": -0.5214279223796654, "params": {"C": 989.8614822821936, "gamma": 0.2951530164784663}, "datetime": {"datetime": "2021-10-04 10:23:48", "elapsed": 21.87512, "delta": 0.439235}}
{"target": -0.42401094912201787, "params": {"C": 658.8630231629435, "gamma": 0.14713084735841467}, "datetime": {"datetime": "2021-10-04 10:23:49", "elapsed": 22.238794, "delta": 0.363674}}
{"target": -0.24860186966704978, "params": {"C": 696.262846858545, "gamma": 0.0641563989177774}, "datetime": {"datetime": "2021-10-04 10:23:49", "elapsed": 22.605194, "delta": 0.3664}}
{"target": -0.31772462773142607, "params": {"C": 455.5976059568815, "gamma": 0.047948565234726334}, "datetime": {"datetime": "2021-10-04 10:23:49", "elapsed": 22.95919, "delta": 0.353996}}
{"target": -0.4464268630107697, "params": {"C": 989.2517826389467, "gamma": 0.2233873611281728}, "datetime": {"datetime": "2021-10-04 10:23:50", "elapsed": 23.381475, "delta": 0.422285}}
{"target": -0.2584162143319737, "params": {"C": 719.972849548238, "gamma": 0.07342492392887585}, "datetime": {"datetime": "2021-10-04 10:23:50", "elapsed": 23.756835, "delta": 0.37536}}
{"target": -0.2628496518394794, "params": {"C": 989.0621582001593, "gamma": 0.11290780177199473}, "datetime": {"datetime": "2021-10-04 10:23:51", "elapsed": 24.163456, "delta": 0.406621}}
{"target": -0.39966496847084, "params": {"C": 990.6550299300359, "gamma": 0.19022947327435877}, "datetime": {"datetime": "2021-10-04 10:23:51", "elapsed": 24.595456, "delta": 0.432}}
{"target": -0.2579442177867102, "params": {"C": 692.4024879859245, "gamma": 0.06852560409503598}, "datetime": {"datetime": "2021-10-04 10:23:51", "elapsed": 25.007552, "delta": 0.412096}}
{"target": -0.16296753646838114, "params": {"C": 992.2120557942552, "gamma": 0.05924842408609207}, "datetime": {"datetime": "2021-10-04 10:23:52", "elapsed": 25.475905, "delta": 0.468353}}
{"target": -0.4716156461477965, "params": {"C": 992.1499176536624, "gamma": 0.24480459522829456}, "datetime": {"datetime": "2021-10-04 10:23:52", "elapsed": 25.958115, "delta": 0.48221}}
{"target": -0.6881664600498043, "params": {"C": 263.65833454710025, "gamma": 0.2263417487049208}, "datetime": {"datetime": "2021-10-04 10:23:53", "elapsed": 26.327114, "delta": 0.368999}}
{"target": -0.21483699844725557, "params": {"C": 990.8799198455627, "gamma": 0.08857076935158431}, "datetime": {"datetime": "2021-10-04 10:23:53", "elapsed": 26.961909, "delta": 0.634795}}
{"target": -0.7256495354232733, "params": {"C": 223.89277073972994, "gamma": 0.2593798093270662}, "datetime": {"datetime": "2021-10-04 10:23:54", "elapsed": 27.353626, "delta": 0.391717}}
{"target": -0.5793352958140263, "params": {"C": 353.6396699494954, "gamma": 0.16287232319478973}, "datetime": {"datetime": "2021-10-04 10:23:54", "elapsed": 27.735972, "delta": 0.382346}}
{"target": -0.21147782397789872, "params": {"C": 719.7375308096988, "gamma": 0.04427868591266062}, "datetime": {"datetime": "2021-10-04 10:23:55", "elapsed": 28.374678, "delta": 0.638706}}
{"target": -0.45743980679164475, "params": {"C": 970.8301994600062, "gamma": 0.22874440732583104}, "datetime": {"datetime": "2021-10-04 10:23:55", "elapsed": 28.843526, "delta": 0.468848}}
{"target": -0.26447680017919684, "params": {"C": 970.4587421887132, "gamma": 0.11144488893748628}, "datetime": {"datetime": "2021-10-04 10:23:56", "elapsed": 29.420806, "delta": 0.57728}}
{"target": -0.5035490663905318, "params": {"C": 802.6520251079099, "gamma": 0.2323991403636559}, "datetime": {"datetime": "2021-10-04 10:23:56", "elapsed": 29.824907, "delta": 0.404101}}
{"target": -0.43641738487812054, "params": {"C": 681.0814586102584, "gamma": 0.15874218180260904}, "datetime": {"datetime": "2021-10-04 10:23:57", "elapsed": 30.221802, "delta": 0.396895}}
{"target": -0.5570129263328192, "params": {"C": 829.1076464521005, "gamma": 0.2955081101309461}, "datetime": {"datetime": "2021-10-04 10:23:57", "elapsed": 30.624315, "delta": 0.402513}}
{"target": -0.21768793408108422, "params": {"C": 703.2775297351569, "gamma": 0.04540808847729899}, "datetime": {"datetime": "2021-10-04 10:23:58", "elapsed": 31.111744, "delta": 0.487429}}
{"target": -0.5310900566727685, "params": {"C": 703.3633831734032, "gamma": 0.23244324539411682}, "datetime": {"datetime": "2021-10-04 10:23:58", "elapsed": 31.622188, "delta": 0.510444}}
{"target": -0.3733310981649769, "params": {"C": 925.4494202743558, "gamma": 0.16384744619027072}, "datetime": {"datetime": "2021-10-04 10:23:58", "elapsed": 32.077982, "delta": 0.455794}}
{"target": -0.5871208162809345, "params": {"C": 970.6588007328502, "gamma": 0.0011557580155688166}, "datetime": {"datetime": "2021-10-04 10:23:59", "elapsed": 32.644981, "delta": 0.566999}}
{"target": -0.17413624704066222, "params": {"C": 992.3062621105755, "gamma": 0.016254383308790307}, "datetime": {"datetime": "2021-10-04 10:24:00", "elapsed": 33.129467, "delta": 0.484486}}
{"target": -0.46152175477835633, "params": {"C": 719.8872711894339, "gamma": 0.18244657731173156}, "datetime": {"datetime": "2021-10-04 10:24:00", "elapsed": 33.600734, "delta": 0.471267}}
{"target": -0.22576187948989657, "params": {"C": 703.3927054913911, "gamma": 0.019976415555986535}, "datetime": {"datetime": "2021-10-04 10:24:01", "elapsed": 34.132772, "delta": 0.532038}}
{"target": -0.36428982074384475, "params": {"C": 366.78545514039337, "gamma": 0.045899816868122036}, "datetime": {"datetime": "2021-10-04 10:24:01", "elapsed": 34.553574, "delta": 0.420802}}
{"target": -0.42171891251920957, "params": {"C": 925.6783261556751, "gamma": 0.19431174975005863}, "datetime": {"datetime": "2021-10-04 10:24:01", "elapsed": 35.047367, "delta": 0.493793}}
{"target": -0.2961770973703959, "params": {"C": 718.8989790134272, "gamma": 0.09207527654276228}, "datetime": {"datetime": "2021-10-04 10:24:02", "elapsed": 35.520676, "delta": 0.473309}}
{"target": -0.7180555503728165, "params": {"C": 86.62559418190075, "gamma": 0.10715684403552163}, "datetime": {"datetime": "2021-10-04 10:24:02", "elapsed": 35.957758, "delta": 0.437082}}
{"target": -0.6251414763289016, "params": {"C": 125.05809654210577, "gamma": 0.0712919842402049}, "datetime": {"datetime": "2021-10-04 10:24:03", "elapsed": 36.415041, "delta": 0.457283}}
{"target": -0.1412330422408239, "params": {"C": 989.3408694125889, "gamma": 0.036697748652503887}, "datetime": {"datetime": "2021-10-04 10:24:03", "elapsed": 36.908304, "delta": 0.493263}}
{"target": -0.6225282047403147, "params": {"C": 362.56067045011673, "gamma": 0.20343403754653475}, "datetime": {"datetime": "2021-10-04 10:24:04", "elapsed": 37.338027, "delta": 0.429723}}
{"target": -0.15303732886590438, "params": {"C": 989.4585397773424, "gamma": 0.05152394602608376}, "datetime": {"datetime": "2021-10-04 10:24:04", "elapsed": 37.884773, "delta": 0.546746}}
{"target": -0.3635281339588361, "params": {"C": 989.5315486003791, "gamma": 0.1675289323716317}, "datetime": {"datetime": "2021-10-04 10:24:05", "elapsed": 38.436221, "delta": 0.551448}}
{"target": -0.8108036651898696, "params": {"C": 989.0833401705405, "gamma": 0.0001}, "datetime": {"datetime": "2021-10-04 10:24:05", "elapsed": 38.994963, "delta": 0.558742}}
{"target": -0.16367070160159303, "params": {"C": 989.2396677543056, "gamma": 0.018760040402933897}, "datetime": {"datetime": "2021-10-04 10:24:06", "elapsed": 39.485533, "delta": 0.49057}}
{"target": -0.2849226007527943, "params": {"C": 992.3062289273945, "gamma": 0.12465610728094231}, "datetime": {"datetime": "2021-10-04 10:24:06", "elapsed": 39.946534, "delta": 0.461001}}
{"target": -0.161960728038943, "params": {"C": 970.8337028467012, "gamma": 0.05535903383018724}, "datetime": {"datetime": "2021-10-04 10:24:07", "elapsed": 40.528837, "delta": 0.582303}}
{"target": -0.3829183749246501, "params": {"C": 990.7304382567015, "gamma": 0.003519291355035503}, "datetime": {"datetime": "2021-10-04 10:24:07", "elapsed": 41.02592, "delta": 0.497083}}
{"target": -0.2235281208655715, "params": {"C": 989.2290234269733, "gamma": 0.09286896038909855}, "datetime": {"datetime": "2021-10-04 10:24:08", "elapsed": 41.670175, "delta": 0.644255}}
{"target": -0.20979842396881443, "params": {"C": 719.8586025201964, "gamma": 0.04263628224309718}, "datetime": {"datetime": "2021-10-04 10:24:09", "elapsed": 42.225397, "delta": 0.555222}}
{"target": -0.4522585642419774, "params": {"C": 990.8751029191656, "gamma": 0.22829826555165458}, "datetime": {"datetime": "2021-10-04 10:24:09", "elapsed": 42.733894, "delta": 0.508497}}
{"target": -0.4182091416272966, "params": {"C": 988.9684650193564, "gamma": 0.20251897295925733}, "datetime": {"datetime": "2021-10-04 10:24:10", "elapsed": 43.28018, "delta": 0.546286}}
{"target": -0.2015759992634174, "params": {"C": 989.4209155321133, "gamma": 0.08141074820350634}, "datetime": {"datetime": "2021-10-04 10:24:10", "elapsed": 43.892006, "delta": 0.611826}}
{"target": -0.8083911318801309, "params": {"C": 60.63695878009207, "gamma": 0.26130558359670875}, "datetime": {"datetime": "2021-10-04 10:24:11", "elapsed": 44.373419, "delta": 0.481413}}
{"target": -0.20903733059328378, "params": {"C": 992.0852124393242, "gamma": 0.011390863151476869}, "datetime": {"datetime": "2021-10-04 10:24:11", "elapsed": 44.906376, "delta": 0.532957}}
{"target": -0.16557203688480504, "params": {"C": 993.8628930788062, "gamma": 0.06120257736781024}, "datetime": {"datetime": "2021-10-04 10:24:12", "elapsed": 45.521797, "delta": 0.615421}}
{"target": -0.5662117109907223, "params": {"C": 363.7914638773755, "gamma": 0.003964443576707696}, "datetime": {"datetime": "2021-10-04 10:24:12", "elapsed": 46.017904, "delta": 0.496107}}
{"target": -0.3406926413523821, "params": {"C": 993.9326085035046, "gamma": 0.15492960299094863}, "datetime": {"datetime": "2021-10-04 10:24:13", "elapsed": 46.634362, "delta": 0.616458}}
{"target": -0.3429455347368586, "params": {"C": 993.7561800200388, "gamma": 0.15618154407998477}, "datetime": {"datetime": "2021-10-04 10:24:14", "elapsed": 47.235817, "delta": 0.601455}}
