{"target": -41.31357986910964, "params": {"C": 15387.011385112586, "gamma": 0.009764582531715763}, "datetime": {"datetime": "2021-09-29 20:05:28", "elapsed": 126.416521, "delta": 1.452235}}
{"target": -41.48207096838482, "params": {"C": 14455.149111832085, "gamma": 0.02598376063604869}, "datetime": {"datetime": "2021-09-29 20:05:29", "elapsed": 127.384786, "delta": 0.968265}}
{"target": -41.57794960863746, "params": {"C": 16296.015659230561, "gamma": 0.006964308846394163}, "datetime": {"datetime": "2021-09-29 20:05:30", "elapsed": 128.228787, "delta": 0.844001}}
{"target": -41.77837039000428, "params": {"C": 19786.659492443006, "gamma": 0.025044769078160806}, "datetime": {"datetime": "2021-09-29 20:05:31", "elapsed": 129.256957, "delta": 1.02817}}
{"target": -41.22869297906589, "params": {"C": 11578.754506304536, "gamma": 0.0251330418141783}, "datetime": {"datetime": "2021-09-29 20:05:32", "elapsed": 130.293957, "delta": 1.037}}
{"target": -41.48914150669642, "params": {"C": 16182.020809651236, "gamma": 0.024314207277762494}, "datetime": {"datetime": "2021-09-29 20:05:33", "elapsed": 131.168829, "delta": 0.874872}}
{"target": -41.08798579911618, "params": {"C": 13237.389309265765, "gamma": 0.014192821058942932}, "datetime": {"datetime": "2021-09-29 20:05:34", "elapsed": 132.00183, "delta": 0.833001}}
{"target": -42.42975018445736, "params": {"C": 12969.65061489019, "gamma": 0.04105333243653508}, "datetime": {"datetime": "2021-09-29 20:05:35", "elapsed": 132.788592, "delta": 0.786762}}
{"target": -42.19096597351042, "params": {"C": 16536.089720310254, "gamma": 0.001795952771815602}, "datetime": {"datetime": "2021-09-29 20:05:36", "elapsed": 134.0616, "delta": 1.273008}}
{"target": -42.3038762455313, "params": {"C": 16890.235021925244, "gamma": 0.03376593830582449}, "datetime": {"datetime": "2021-09-29 20:05:37", "elapsed": 135.184315, "delta": 1.122715}}
{"target": -41.11547431111383, "params": {"C": 16932.201493944558, "gamma": 0.01509788717169306}, "datetime": {"datetime": "2021-09-29 20:05:38", "elapsed": 136.229482, "delta": 1.045167}}
{"target": -41.44981049740329, "params": {"C": 15687.598565980068, "gamma": 0.008225020490436087}, "datetime": {"datetime": "2021-09-29 20:05:40", "elapsed": 137.949724, "delta": 1.720242}}
{"target": -43.46160711970277, "params": {"C": 18326.70659502144, "gamma": 0.044515509579272125}, "datetime": {"datetime": "2021-09-29 20:05:41", "elapsed": 138.804883, "delta": 0.855159}}
{"target": -41.730000071422175, "params": {"C": 12560.465311014003, "gamma": 0.00577519317674882}, "datetime": {"datetime": "2021-09-29 20:05:42", "elapsed": 139.70088, "delta": 0.895997}}
{"target": -42.689399487307504, "params": {"C": 12481.714305691663, "gamma": 0.04543532190514892}, "datetime": {"datetime": "2021-09-29 20:05:43", "elapsed": 140.944806, "delta": 1.243926}}
{"target": -42.37495388126295, "params": {"C": 13109.197709746371, "gamma": 0.04008320407500289}, "datetime": {"datetime": "2021-09-29 20:05:44", "elapsed": 141.91681, "delta": 0.972004}}
{"target": -43.98225732884987, "params": {"C": 19008.49924652571, "gamma": 0.04894429045249231}, "datetime": {"datetime": "2021-09-29 20:05:45", "elapsed": 142.906904, "delta": 0.990094}}
{"target": -41.15871723723869, "params": {"C": 14253.489526138255, "gamma": 0.020105687829222382}, "datetime": {"datetime": "2021-09-29 20:05:46", "elapsed": 143.878901, "delta": 0.971997}}
{"target": -41.16379207704604, "params": {"C": 13554.520307762314, "gamma": 0.021037686643682725}, "datetime": {"datetime": "2021-09-29 20:05:47", "elapsed": 145.171105, "delta": 1.292204}}
{"target": -42.44731139981321, "params": {"C": 11564.852866560843, "gamma": 0.044164229779858705}, "datetime": {"datetime": "2021-09-29 20:05:49", "elapsed": 146.641447, "delta": 1.470342}}
{"target": -41.92397879148804, "params": {"C": 18196.01278124862, "gamma": 0.02805308911411566}, "datetime": {"datetime": "2021-09-29 20:05:50", "elapsed": 147.775449, "delta": 1.134002}}
{"target": -42.23154740820541, "params": {"C": 10436.59008952881, "gamma": 0.04372154386011302}, "datetime": {"datetime": "2021-09-29 20:05:51", "elapsed": 148.869142, "delta": 1.093693}}
{"target": -41.72658372376477, "params": {"C": 10246.210725667017, "gamma": 0.005948028032852577}, "datetime": {"datetime": "2021-09-29 20:05:52", "elapsed": 149.760379, "delta": 0.891237}}
{"target": -43.03140740826621, "params": {"C": 13478.54091849475, "gamma": 0.047742618428531995}, "datetime": {"datetime": "2021-09-29 20:05:53", "elapsed": 150.72216, "delta": 0.961781}}
{"target": -42.081724404476404, "params": {"C": 18931.75136320991, "gamma": 0.029181885723135435}, "datetime": {"datetime": "2021-09-29 20:05:54", "elapsed": 152.306161, "delta": 1.584001}}
{"target": -42.90292092922272, "params": {"C": 14712.26899129371, "gamma": 0.04383773423176144}, "datetime": {"datetime": "2021-09-29 20:05:55", "elapsed": 153.400809, "delta": 1.094648}}
{"target": -42.28939012677698, "params": {"C": 15090.126986317635, "gamma": 0.0014291400837971604}, "datetime": {"datetime": "2021-09-29 20:05:56", "elapsed": 154.516806, "delta": 1.115997}}
{"target": -41.48267623441898, "params": {"C": 17944.543711238228, "gamma": 0.022701322519006698}, "datetime": {"datetime": "2021-09-29 20:05:57", "elapsed": 155.453278, "delta": 0.936472}}
{"target": -42.747672518676175, "params": {"C": 12310.276001472967, "gamma": 0.04658134581638464}, "datetime": {"datetime": "2021-09-29 20:05:58", "elapsed": 156.411278, "delta": 0.958}}
{"target": -41.82479802237794, "params": {"C": 16671.00161088715, "gamma": 0.004812488581671716}, "datetime": {"datetime": "2021-09-29 20:06:00", "elapsed": 157.77053, "delta": 1.359252}}
{"target": -41.520742737697276, "params": {"C": 12492.82843752341, "gamma": 0.02909125537697998}, "datetime": {"datetime": "2021-09-29 20:06:01", "elapsed": 159.145765, "delta": 1.375235}}
{"target": -41.42269459787641, "params": {"C": 19316.96779091908, "gamma": 0.020826239050387007}, "datetime": {"datetime": "2021-09-29 20:06:02", "elapsed": 160.126757, "delta": 0.980992}}
{"target": -41.41995635166046, "params": {"C": 15555.141794838983, "gamma": 0.023866682487425524}, "datetime": {"datetime": "2021-09-29 20:06:03", "elapsed": 161.154743, "delta": 1.027986}}
{"target": -43.08941369976709, "params": {"C": 18314.4952052226, "gamma": 0.040625913901347704}, "datetime": {"datetime": "2021-09-29 20:06:04", "elapsed": 162.181742, "delta": 1.026999}}
{"target": -42.55819116857769, "params": {"C": 15045.678305588695, "gamma": 0.03918164018961349}, "datetime": {"datetime": "2021-09-29 20:06:05", "elapsed": 163.476041, "delta": 1.294299}}
{"target": -43.52431048043637, "params": {"C": 15620.392478437436, "gamma": 0.04949790856731254}, "datetime": {"datetime": "2021-09-29 20:06:07", "elapsed": 164.745297, "delta": 1.269256}}
{"target": -43.33960462256668, "params": {"C": 17287.911689006967, "gamma": 0.04469663116625132}, "datetime": {"datetime": "2021-09-29 20:06:08", "elapsed": 166.46004, "delta": 1.714743}}
{"target": -43.42485129217821, "params": {"C": 19800.840073605053, "gamma": 0.042244043084751735}, "datetime": {"datetime": "2021-09-29 20:06:10", "elapsed": 167.646319, "delta": 1.186279}}
{"target": -41.55418974157511, "params": {"C": 12561.991455110927, "gamma": 0.029518947840816323}, "datetime": {"datetime": "2021-09-29 20:06:11", "elapsed": 169.213746, "delta": 1.567427}}
{"target": -41.0651149864406, "params": {"C": 13460.5759983515, "gamma": 0.01714366544904158}, "datetime": {"datetime": "2021-09-29 20:06:12", "elapsed": 170.443329, "delta": 1.229583}}
{"target": -42.17618448557483, "params": {"C": 11147.263307553532, "gamma": 0.00228695556830924}, "datetime": {"datetime": "2021-09-29 20:06:14", "elapsed": 171.621381, "delta": 1.178052}}
{"target": -42.194889714715266, "params": {"C": 13725.277009350692, "gamma": 0.0019424250129766478}, "datetime": {"datetime": "2021-09-29 20:06:15", "elapsed": 172.982741, "delta": 1.36136}}
{"target": -41.34703052352033, "params": {"C": 12161.647007725245, "gamma": 0.026620647002413976}, "datetime": {"datetime": "2021-09-29 20:06:17", "elapsed": 174.915623, "delta": 1.932882}}
{"target": -43.741028893267114, "params": {"C": 18798.027782648693, "gamma": 0.04676267705099475}, "datetime": {"datetime": "2021-09-29 20:06:18", "elapsed": 176.068287, "delta": 1.152664}}
{"target": -41.96902009298629, "params": {"C": 12498.298217863792, "gamma": 0.03568982148406318}, "datetime": {"datetime": "2021-09-29 20:06:19", "elapsed": 177.406447, "delta": 1.33816}}
{"target": -43.42141644851796, "params": {"C": 16738.594733921458, "gamma": 0.046432005835100425}, "datetime": {"datetime": "2021-09-29 20:06:21", "elapsed": 178.781103, "delta": 1.374656}}
{"target": -43.04746146578139, "params": {"C": 17060.662350952338, "gamma": 0.04184110302955645}, "datetime": {"datetime": "2021-09-29 20:06:22", "elapsed": 180.014106, "delta": 1.233003}}
{"target": -41.885227872126755, "params": {"C": 11175.56550883586, "gamma": 0.004442501846241252}, "datetime": {"datetime": "2021-09-29 20:06:24", "elapsed": 181.979987, "delta": 1.965881}}
{"target": -41.598743693742705, "params": {"C": 12192.682004562248, "gamma": 0.030767122793689882}, "datetime": {"datetime": "2021-09-29 20:06:25", "elapsed": 183.141318, "delta": 1.161331}}
{"target": -41.94394444877024, "params": {"C": 15846.256826812112, "gamma": 0.03068901602707154}, "datetime": {"datetime": "2021-09-29 20:06:26", "elapsed": 184.36632, "delta": 1.225002}}
{"target": -41.265311881620356, "params": {"C": 19785.900308693064, "gamma": 0.017899207665388592}, "datetime": {"datetime": "2021-09-29 20:06:28", "elapsed": 185.917115, "delta": 1.550795}}
{"target": -41.594587689857995, "params": {"C": 18484.918016786185, "gamma": 0.0066942080080509515}, "datetime": {"datetime": "2021-09-29 20:06:29", "elapsed": 187.048241, "delta": 1.131126}}
{"target": -41.18722851653615, "params": {"C": 10242.077854784213, "gamma": 0.012144695303767706}, "datetime": {"datetime": "2021-09-29 20:06:30", "elapsed": 188.194446, "delta": 1.146205}}
{"target": -41.90447317672505, "params": {"C": 17997.578032879654, "gamma": 0.028005804739393653}, "datetime": {"datetime": "2021-09-29 20:06:32", "elapsed": 190.081912, "delta": 1.887466}}
{"target": -42.19754632827136, "params": {"C": 16895.161901852, "gamma": 0.03253662201675452}, "datetime": {"datetime": "2021-09-29 20:06:33", "elapsed": 191.337176, "delta": 1.255264}}
{"target": -41.2040338573253, "params": {"C": 14102.951299664885, "gamma": 0.011453139953281483}, "datetime": {"datetime": "2021-09-29 20:06:34", "elapsed": 192.444173, "delta": 1.106997}}
{"target": -41.95578339321132, "params": {"C": 15578.888291326137, "gamma": 0.0037022060398539344}, "datetime": {"datetime": "2021-09-29 20:06:36", "elapsed": 193.614446, "delta": 1.170273}}
{"target": -41.31315480964323, "params": {"C": 18939.444319534523, "gamma": 0.019348895718525737}, "datetime": {"datetime": "2021-09-29 20:06:37", "elapsed": 195.348115, "delta": 1.733669}}
{"target": -41.42360409061835, "params": {"C": 14485.812657654427, "gamma": 0.00859720027776391}, "datetime": {"datetime": "2021-09-29 20:06:39", "elapsed": 196.952924, "delta": 1.604809}}
{"target": -41.68678400904206, "params": {"C": 10458.464536217856, "gamma": 0.035252552880416455}, "datetime": {"datetime": "2021-09-29 20:06:40", "elapsed": 198.460924, "delta": 1.508}}
{"target": -42.59714227280247, "params": {"C": 17572.212965130522, "gamma": 0.03624996666559073}, "datetime": {"datetime": "2021-09-29 20:06:42", "elapsed": 200.153689, "delta": 1.692765}}
{"target": -41.13393771053124, "params": {"C": 12119.442500494975, "gamma": 0.022086136037125028}, "datetime": {"datetime": "2021-09-29 20:06:43", "elapsed": 201.493063, "delta": 1.339374}}
{"target": -42.36184925014004, "params": {"C": 19548.395951103117, "gamma": 0.03164662113153042}, "datetime": {"datetime": "2021-09-29 20:06:45", "elapsed": 202.747062, "delta": 1.253999}}
{"target": -42.20844779807191, "params": {"C": 11988.778721355458, "gamma": 0.03995207605256115}, "datetime": {"datetime": "2021-09-29 20:06:46", "elapsed": 203.981361, "delta": 1.234299}}
{"target": -41.59764611145339, "params": {"C": 17127.958228157677, "gamma": 0.02496580444240147}, "datetime": {"datetime": "2021-09-29 20:06:48", "elapsed": 205.944311, "delta": 1.96295}}
{"target": -41.24884521713002, "params": {"C": 15620.78118505916, "gamma": 0.010617999199217184}, "datetime": {"datetime": "2021-09-29 20:06:49", "elapsed": 207.355645, "delta": 1.411334}}
{"target": -41.8562835313054, "params": {"C": 11574.024155930105, "gamma": 0.03570861798739709}, "datetime": {"datetime": "2021-09-29 20:06:51", "elapsed": 209.310048, "delta": 1.954403}}
{"target": -41.02371096280133, "params": {"C": 10641.433548232219, "gamma": 0.016279294712618388}, "datetime": {"datetime": "2021-09-29 20:06:53", "elapsed": 210.679483, "delta": 1.369435}}
{"target": -42.812198424683395, "params": {"C": 13867.868063384669, "gamma": 0.0442457322592789}, "datetime": {"datetime": "2021-09-29 20:06:54", "elapsed": 212.019873, "delta": 1.34039}}
{"target": -41.053531969673045, "params": {"C": 10453.980614060016, "gamma": 0.015006629438910794}, "datetime": {"datetime": "2021-09-29 20:06:55", "elapsed": 213.190336, "delta": 1.170463}}
{"target": -42.64278082015318, "params": {"C": 12184.87826885215, "gamma": 0.04545719221673788}, "datetime": {"datetime": "2021-09-29 20:06:57", "elapsed": 214.561334, "delta": 1.370998}}
{"target": -42.63358839867601, "params": {"C": 16350.162518786814, "gamma": 0.038200109445992066}, "datetime": {"datetime": "2021-09-29 20:06:58", "elapsed": 215.988477, "delta": 1.427143}}
{"target": -41.45884581013865, "params": {"C": 19648.627274047863, "gamma": 0.021118114122803868}, "datetime": {"datetime": "2021-09-29 20:07:00", "elapsed": 217.563655, "delta": 1.575178}}
{"target": -41.795170313233996, "params": {"C": 11040.313236932598, "gamma": 0.035801203151125296}, "datetime": {"datetime": "2021-09-29 20:07:01", "elapsed": 218.798648, "delta": 1.234993}}
{"target": -41.18719047144247, "params": {"C": 18708.23260517986, "gamma": 0.011563561206657722}, "datetime": {"datetime": "2021-09-29 20:07:02", "elapsed": 220.193881, "delta": 1.395233}}
{"target": -41.00603805765798, "params": {"C": 10603.192836779564, "gamma": 0.018201837526971857}, "datetime": {"datetime": "2021-09-29 20:07:04", "elapsed": 221.750661, "delta": 1.55678}}
{"target": -42.959399248357755, "params": {"C": 12388.929018551642, "gamma": 0.049208419249193926}, "datetime": {"datetime": "2021-09-29 20:07:05", "elapsed": 223.038837, "delta": 1.288176}}
{"target": -41.17528333254108, "params": {"C": 18637.704622875986, "gamma": 0.011866678085439786}, "datetime": {"datetime": "2021-09-29 20:07:06", "elapsed": 224.219826, "delta": 1.180989}}
{"target": -43.25461003846571, "params": {"C": 19098.199163747267, "gamma": 0.041369315223421355}, "datetime": {"datetime": "2021-09-29 20:07:07", "elapsed": 225.431083, "delta": 1.211257}}
{"target": -42.963257956732605, "params": {"C": 15278.657367679763, "gamma": 0.043595574011594536}, "datetime": {"datetime": "2021-09-29 20:07:09", "elapsed": 226.634081, "delta": 1.202998}}
{"target": -41.386008801395, "params": {"C": 13234.518524752979, "gamma": 0.025878747783375827}, "datetime": {"datetime": "2021-09-29 20:07:10", "elapsed": 228.00414, "delta": 1.370059}}
{"target": -41.83426126724279, "params": {"C": 12849.758899018949, "gamma": 0.03322728219485924}, "datetime": {"datetime": "2021-09-29 20:07:12", "elapsed": 229.96254, "delta": 1.9584}}
{"target": -42.21632360830741, "params": {"C": 15139.978187185592, "gamma": 0.0017321818331154488}, "datetime": {"datetime": "2021-09-29 20:07:14", "elapsed": 231.959156, "delta": 1.996616}}
{"target": -41.46710813312035, "params": {"C": 15596.955328245778, "gamma": 0.008059060133658612}, "datetime": {"datetime": "2021-09-29 20:07:15", "elapsed": 233.26246, "delta": 1.303304}}
{"target": -41.42741844557438, "params": {"C": 19690.772682490828, "gamma": 0.020641722680652702}, "datetime": {"datetime": "2021-09-29 20:07:17", "elapsed": 234.976458, "delta": 1.713998}}
{"target": -43.34712158053354, "params": {"C": 18692.76364136657, "gamma": 0.04283370925236467}, "datetime": {"datetime": "2021-09-29 20:07:19", "elapsed": 236.5609, "delta": 1.584442}}
{"target": -41.48772234841373, "params": {"C": 12142.492277148367, "gamma": 0.029072246015636627}, "datetime": {"datetime": "2021-09-29 20:07:20", "elapsed": 237.776255, "delta": 1.215355}}
{"target": -41.55589789956024, "params": {"C": 17219.42208352354, "gamma": 0.007107504850378713}, "datetime": {"datetime": "2021-09-29 20:07:21", "elapsed": 239.023256, "delta": 1.247001}}
{"target": -41.109037389668885, "params": {"C": 16196.564302371351, "gamma": 0.014219696650496268}, "datetime": {"datetime": "2021-09-29 20:07:23", "elapsed": 240.699204, "delta": 1.675948}}
{"target": -41.64288765165337, "params": {"C": 13048.688794291571, "gamma": 0.030171366831626033}, "datetime": {"datetime": "2021-09-29 20:07:24", "elapsed": 242.290314, "delta": 1.59111}}
{"target": -43.607926742356945, "params": {"C": 18617.395329451545, "gamma": 0.04563831214390487}, "datetime": {"datetime": "2021-09-29 20:07:26", "elapsed": 243.69799, "delta": 1.407676}}
{"target": -41.89617699930931, "params": {"C": 10871.546056961068, "gamma": 0.004365775251025406}, "datetime": {"datetime": "2021-09-29 20:07:28", "elapsed": 245.524318, "delta": 1.826328}}
{"target": -42.02965348921607, "params": {"C": 18537.035909531958, "gamma": 0.028955576439128952}, "datetime": {"datetime": "2021-09-29 20:07:29", "elapsed": 247.026321, "delta": 1.502003}}
{"target": -41.90122534145169, "params": {"C": 12518.759331594678, "gamma": 0.004239957629279752}, "datetime": {"datetime": "2021-09-29 20:07:31", "elapsed": 248.86535, "delta": 1.839029}}
{"target": -43.115835281138715, "params": {"C": 14106.065916319616, "gamma": 0.04752517223510319}, "datetime": {"datetime": "2021-09-29 20:07:33", "elapsed": 250.569681, "delta": 1.704331}}
{"target": -41.09944378460303, "params": {"C": 12428.299190563364, "gamma": 0.013747817697768207}, "datetime": {"datetime": "2021-09-29 20:07:35", "elapsed": 252.677686, "delta": 2.108005}}
{"target": -41.12589067505441, "params": {"C": 15961.865734803117, "gamma": 0.013226476358210709}, "datetime": {"datetime": "2021-09-29 20:07:36", "elapsed": 254.16483, "delta": 1.487144}}
{"target": -41.67092655985306, "params": {"C": 18287.48099803685, "gamma": 0.024923730514588707}, "datetime": {"datetime": "2021-09-29 20:07:38", "elapsed": 256.119612, "delta": 1.954782}}
{"target": -41.95145952772846, "params": {"C": 19191.372606079145, "gamma": 0.027499350053626585}, "datetime": {"datetime": "2021-09-29 20:07:40", "elapsed": 257.793122, "delta": 1.67351}}
{"target": -41.0727699079468, "params": {"C": 12323.912373698993, "gamma": 0.019721759716328346}, "datetime": {"datetime": "2021-09-29 20:07:41", "elapsed": 259.428259, "delta": 1.635137}}
{"target": -41.67791495386577, "params": {"C": 18888.3168961779, "gamma": 0.0245289851996119}, "datetime": {"datetime": "2021-09-29 20:07:44", "elapsed": 262.158084, "delta": 2.729825}}
{"target": -41.18745717834206, "params": {"C": 11509.27099387353, "gamma": 0.02431371691979955}, "datetime": {"datetime": "2021-09-29 20:07:46", "elapsed": 263.90338, "delta": 1.745296}}
{"target": -41.32295034107962, "params": {"C": 11440.811489952517, "gamma": 0.027239631357897445}, "datetime": {"datetime": "2021-09-29 20:07:48", "elapsed": 265.95448, "delta": 2.0511}}
{"target": -41.76826398643992, "params": {"C": 19579.07300655431, "gamma": 0.02508365679339662}, "datetime": {"datetime": "2021-09-29 20:07:50", "elapsed": 267.655724, "delta": 1.701244}}
{"target": -42.55921552537284, "params": {"C": 14154.977293522483, "gamma": 0.04061005416245394}, "datetime": {"datetime": "2021-09-29 20:07:51", "elapsed": 269.235488, "delta": 1.579764}}
{"target": -42.531366551074726, "params": {"C": 18168.366485355997, "gamma": 0.03485298195118338}, "datetime": {"datetime": "2021-09-29 20:07:53", "elapsed": 271.265854, "delta": 2.030366}}
{"target": -41.567023743703565, "params": {"C": 14639.999457893546, "gamma": 0.007167614799551352}, "datetime": {"datetime": "2021-09-29 20:07:55", "elapsed": 273.02642, "delta": 1.760566}}
{"target": -42.34332619254213, "params": {"C": 17222.78402520957, "gamma": 0.03383262164845479}, "datetime": {"datetime": "2021-09-29 20:07:57", "elapsed": 274.755719, "delta": 1.729299}}
{"target": -41.149387208254566, "params": {"C": 17235.13037444206, "gamma": 0.016828583745260098}, "datetime": {"datetime": "2021-09-29 20:07:58", "elapsed": 276.228546, "delta": 1.472827}}
{"target": -43.64117110232614, "params": {"C": 17116.20879259255, "gamma": 0.04823749258764079}, "datetime": {"datetime": "2021-09-29 20:08:00", "elapsed": 278.111006, "delta": 1.88246}}
{"target": -41.82087082651153, "params": {"C": 17938.354565807047, "gamma": 0.02706482142996662}, "datetime": {"datetime": "2021-09-29 20:08:02", "elapsed": 280.045377, "delta": 1.934371}}
{"target": -43.00490021133124, "params": {"C": 14053.402736368329, "gamma": 0.04626989112718291}, "datetime": {"datetime": "2021-09-29 20:08:04", "elapsed": 282.12475, "delta": 2.079373}}
{"target": -41.08088219895203, "params": {"C": 11235.644637301144, "gamma": 0.02178290126525277}, "datetime": {"datetime": "2021-09-29 20:08:06", "elapsed": 284.240193, "delta": 2.115443}}
{"target": -41.15213337927774, "params": {"C": 19495.40365409795, "gamma": 0.01473287952945183}, "datetime": {"datetime": "2021-09-29 20:08:08", "elapsed": 286.081532, "delta": 1.841339}}
{"target": -41.16108542261652, "params": {"C": 10249.628046408778, "gamma": 0.012584481804919365}, "datetime": {"datetime": "2021-09-29 20:08:10", "elapsed": 288.002541, "delta": 1.921009}}
{"target": -43.57595407387668, "params": {"C": 18694.448814137526, "gamma": 0.04520084177510148}, "datetime": {"datetime": "2021-09-29 20:08:11", "elapsed": 289.516804, "delta": 1.514263}}
