{"target": -37.219976539812386, "params": {"C": 490.3636246227492, "gamma": 0.08334761421204218}, "datetime": {"datetime": "2021-09-28 12:34:05", "elapsed": 93.107247, "delta": 0.8465}}
{"target": -38.57047250138502, "params": {"C": 506.9407012360888, "gamma": 0.013715831692097651}, "datetime": {"datetime": "2021-09-28 12:34:06", "elapsed": 93.753254, "delta": 0.646007}}
{"target": -38.27227968463923, "params": {"C": 490.1974968072919, "gamma": 0.15804827054731702}, "datetime": {"datetime": "2021-09-28 12:34:07", "elapsed": 94.686371, "delta": 0.933117}}
{"target": -37.15358988111218, "params": {"C": 514.81469225152, "gamma": 0.03731414811913394}, "datetime": {"datetime": "2021-09-28 12:34:08", "elapsed": 95.761376, "delta": 1.075005}}
{"target": -37.485466861530696, "params": {"C": 532.7167560023809, "gamma": 0.11673555762246286}, "datetime": {"datetime": "2021-09-28 12:34:09", "elapsed": 96.463689, "delta": 0.702313}}
{"target": -37.22212091937817, "params": {"C": 514.7273580699624, "gamma": 0.03500942103011049}, "datetime": {"datetime": "2021-09-28 12:34:10", "elapsed": 97.43499, "delta": 0.971301}}
{"target": -36.978237728904276, "params": {"C": 514.6578529285573, "gamma": 0.06777812986609347}, "datetime": {"datetime": "2021-09-28 12:34:11", "elapsed": 98.689628, "delta": 1.254638}}
{"target": -37.233449300595474, "params": {"C": 514.6894845000538, "gamma": 0.09289070514167}, "datetime": {"datetime": "2021-09-28 12:34:12", "elapsed": 99.662626, "delta": 0.972998}}
{"target": -37.691436402327746, "params": {"C": 514.6562315142305, "gamma": 0.12654585805042945}, "datetime": {"datetime": "2021-09-28 12:34:13", "elapsed": 100.657896, "delta": 0.99527}}
{"target": -37.44326753343203, "params": {"C": 514.8314169675125, "gamma": 0.10880612264002983}, "datetime": {"datetime": "2021-09-28 12:34:14", "elapsed": 101.886901, "delta": 1.229005}}
{"target": -38.11278665358842, "params": {"C": 514.9051923128441, "gamma": 0.01820073704574226}, "datetime": {"datetime": "2021-09-28 12:34:15", "elapsed": 102.721837, "delta": 0.834936}}
{"target": -38.733723535967925, "params": {"C": 514.5688199186952, "gamma": 0.012188138647339693}, "datetime": {"datetime": "2021-09-28 12:34:16", "elapsed": 103.657839, "delta": 0.936002}}
{"target": -39.630735751662044, "params": {"C": 514.6521827034601, "gamma": 0.007030815987710642}, "datetime": {"datetime": "2021-09-28 12:34:17", "elapsed": 104.660352, "delta": 1.002513}}
{"target": -37.18856857279898, "params": {"C": 488.67899844998533, "gamma": 0.07971930998797823}, "datetime": {"datetime": "2021-09-28 12:34:18", "elapsed": 105.655351, "delta": 0.994999}}
{"target": -37.248219217222974, "params": {"C": 514.7777028330513, "gamma": 0.03419097447755096}, "datetime": {"datetime": "2021-09-28 12:34:19", "elapsed": 106.578097, "delta": 0.922746}}
{"target": -37.25306077368228, "params": {"C": 559.0621381242177, "gamma": 0.10703135794070368}, "datetime": {"datetime": "2021-09-28 12:34:20", "elapsed": 107.554674, "delta": 0.976577}}
{"target": -36.91088890052225, "params": {"C": 532.7330297397173, "gamma": 0.04567280205651016}, "datetime": {"datetime": "2021-09-28 12:34:21", "elapsed": 108.379065, "delta": 0.824391}}
{"target": -38.8386071896838, "params": {"C": 275.6549354982759, "gamma": 0.10781867082924608}, "datetime": {"datetime": "2021-09-28 12:34:21", "elapsed": 109.12306, "delta": 0.743995}}
{"target": -36.861202233126285, "params": {"C": 532.8234034286693, "gamma": 0.051448807980529816}, "datetime": {"datetime": "2021-09-28 12:34:23", "elapsed": 110.863348, "delta": 1.740288}}
{"target": -37.76423628218379, "params": {"C": 532.6818997895073, "gamma": 0.021884406924422697}, "datetime": {"datetime": "2021-09-28 12:34:24", "elapsed": 112.269348, "delta": 1.406}}
{"target": -36.99058240942847, "params": {"C": 532.7713874477419, "gamma": 0.07774641621327942}, "datetime": {"datetime": "2021-09-28 12:34:25", "elapsed": 113.184797, "delta": 0.915449}}
{"target": -40.46955108648475, "params": {"C": 396.7191223247387, "gamma": 0.005437289104618471}, "datetime": {"datetime": "2021-09-28 12:34:26", "elapsed": 113.944798, "delta": 0.760001}}
{"target": -38.983158789255334, "params": {"C": 532.7777243542623, "gamma": 0.010089064255258996}, "datetime": {"datetime": "2021-09-28 12:34:28", "elapsed": 115.384987, "delta": 1.440189}}
{"target": -37.243391101131785, "params": {"C": 532.8286599627515, "gamma": 0.09913722587596718}, "datetime": {"datetime": "2021-09-28 12:34:29", "elapsed": 116.723141, "delta": 1.338154}}
{"target": -36.77357120990881, "params": {"C": 558.1046066879386, "gamma": 0.05024546493096754}, "datetime": {"datetime": "2021-09-28 12:34:30", "elapsed": 118.006845, "delta": 1.283704}}
{"target": -37.072072279260695, "params": {"C": 558.0553209413065, "gamma": 0.03477460237314449}, "datetime": {"datetime": "2021-09-28 12:34:31", "elapsed": 119.30539, "delta": 1.298545}}
{"target": -37.70486228605968, "params": {"C": 558.096152980568, "gamma": 0.021506471455636316}, "datetime": {"datetime": "2021-09-28 12:34:33", "elapsed": 120.433283, "delta": 1.127893}}
{"target": -37.168378769449816, "params": {"C": 558.1759739332218, "gamma": 0.10059143231365306}, "datetime": {"datetime": "2021-09-28 12:34:34", "elapsed": 121.470288, "delta": 1.037005}}
{"target": -38.981741313188486, "params": {"C": 234.6611625968759, "gamma": 0.032512244690120165}, "datetime": {"datetime": "2021-09-28 12:34:35", "elapsed": 122.345987, "delta": 0.875699}}
{"target": -36.86182756954463, "params": {"C": 558.0684707518574, "gamma": 0.07427438220814019}, "datetime": {"datetime": "2021-09-28 12:34:36", "elapsed": 123.436158, "delta": 1.090171}}
{"target": -36.7760351893607, "params": {"C": 558.1611520433241, "gamma": 0.06162371693826931}, "datetime": {"datetime": "2021-09-28 12:34:37", "elapsed": 124.589351, "delta": 1.153193}}
{"target": -36.81203535586539, "params": {"C": 558.2424023938385, "gamma": 0.04603522135361978}, "datetime": {"datetime": "2021-09-28 12:34:38", "elapsed": 125.81635, "delta": 1.226999}}
{"target": -37.20542358326786, "params": {"C": 558.2459967669345, "gamma": 0.1033490539485366}, "datetime": {"datetime": "2021-09-28 12:34:39", "elapsed": 127.107591, "delta": 1.291241}}
{"target": -38.59931311935695, "params": {"C": 257.40144247247645, "gamma": 0.0735349278995771}, "datetime": {"datetime": "2021-09-28 12:34:40", "elapsed": 128.005224, "delta": 0.897633}}
{"target": -39.258941225073215, "params": {"C": 301.63208518954576, "gamma": 0.15317388481473704}, "datetime": {"datetime": "2021-09-28 12:34:41", "elapsed": 128.870411, "delta": 0.865187}}
{"target": -39.55682923621076, "params": {"C": 532.8738899363891, "gamma": 0.007090135188820099}, "datetime": {"datetime": "2021-09-28 12:34:43", "elapsed": 130.759148, "delta": 1.888737}}
{"target": -38.0406777965954, "params": {"C": 558.279893583054, "gamma": 0.017374657264928803}, "datetime": {"datetime": "2021-09-28 12:34:44", "elapsed": 132.036146, "delta": 1.276998}}
{"target": -37.60498724140885, "params": {"C": 494.5223780877631, "gamma": 0.1147262866595667}, "datetime": {"datetime": "2021-09-28 12:34:45", "elapsed": 132.932354, "delta": 0.896208}}
{"target": -36.78112734540523, "params": {"C": 557.9597381388429, "gamma": 0.06262820162946958}, "datetime": {"datetime": "2021-09-28 12:34:47", "elapsed": 134.306348, "delta": 1.373994}}
{"target": -36.764604340916826, "params": {"C": 558.0188117614263, "gamma": 0.05765664578958654}, "datetime": {"datetime": "2021-09-28 12:34:48", "elapsed": 135.678913, "delta": 1.372565}}
{"target": -36.7109774681731, "params": {"C": 574.2755223310467, "gamma": 0.051099389961204694}, "datetime": {"datetime": "2021-09-28 12:34:49", "elapsed": 136.767552, "delta": 1.088639}}
{"target": -37.969792087352225, "params": {"C": 351.7555302541019, "gamma": 0.08473302778512895}, "datetime": {"datetime": "2021-09-28 12:34:50", "elapsed": 137.737241, "delta": 0.969689}}
{"target": -39.18091652437935, "params": {"C": 574.2915412211084, "gamma": 0.008221319370054875}, "datetime": {"datetime": "2021-09-28 12:34:51", "elapsed": 138.812775, "delta": 1.075534}}
{"target": -36.970931069821766, "params": {"C": 558.1873283677303, "gamma": 0.03811873217170022}, "datetime": {"datetime": "2021-09-28 12:34:52", "elapsed": 140.225772, "delta": 1.412997}}
{"target": -37.22545660443494, "params": {"C": 574.2430717103833, "gamma": 0.10893116106758251}, "datetime": {"datetime": "2021-09-28 12:34:54", "elapsed": 141.443143, "delta": 1.217371}}
{"target": -38.14410123524109, "params": {"C": 557.9823399415911, "gamma": 0.01626684287855685}, "datetime": {"datetime": "2021-09-28 12:34:55", "elapsed": 143.023057, "delta": 1.579914}}
{"target": -37.67147494083755, "params": {"C": 557.9109478939456, "gamma": 0.136270997869725}, "datetime": {"datetime": "2021-09-28 12:34:57", "elapsed": 144.702611, "delta": 1.679554}}
{"target": -37.14673010726692, "params": {"C": 574.2800761216306, "gamma": 0.10325442946557614}, "datetime": {"datetime": "2021-09-28 12:34:59", "elapsed": 146.665992, "delta": 1.963381}}
{"target": -37.10487559045332, "params": {"C": 558.015853348877, "gamma": 0.09573986868003612}, "datetime": {"datetime": "2021-09-28 12:35:00", "elapsed": 147.954886, "delta": 1.288894}}
{"target": -38.22696009251399, "params": {"C": 468.5568076131378, "gamma": 0.14835200450714497}, "datetime": {"datetime": "2021-09-28 12:35:02", "elapsed": 149.31908, "delta": 1.364194}}
{"target": -38.46636785417578, "params": {"C": 582.1595682147863, "gamma": 0.197627967619556}, "datetime": {"datetime": "2021-09-28 12:35:03", "elapsed": 150.448805, "delta": 1.129725}}
{"target": -39.47277706728473, "params": {"C": 213.3844005409276, "gamma": 0.02470200262095307}, "datetime": {"datetime": "2021-09-28 12:35:04", "elapsed": 151.597771, "delta": 1.148966}}
{"target": -36.78827577813462, "params": {"C": 557.9116695388426, "gamma": 0.0485140858810484}, "datetime": {"datetime": "2021-09-28 12:35:05", "elapsed": 152.951594, "delta": 1.353823}}
{"target": -36.76387577500921, "params": {"C": 574.2533187048136, "gamma": 0.06959110412010101}, "datetime": {"datetime": "2021-09-28 12:35:06", "elapsed": 154.128594, "delta": 1.177}}
{"target": -36.84653978953527, "params": {"C": 574.1652101225832, "gamma": 0.07879677180923239}, "datetime": {"datetime": "2021-09-28 12:35:08", "elapsed": 155.639917, "delta": 1.511323}}
{"target": -37.16352627483192, "params": {"C": 574.1377656283046, "gamma": 0.10444258518118597}, "datetime": {"datetime": "2021-09-28 12:35:09", "elapsed": 156.768398, "delta": 1.128481}}
{"target": -37.38289426632719, "params": {"C": 557.9670718674304, "gamma": 0.11600601788521775}, "datetime": {"datetime": "2021-09-28 12:35:10", "elapsed": 157.951107, "delta": 1.182709}}
{"target": -36.93007068012041, "params": {"C": 558.8943140021883, "gamma": 0.08145084958850486}, "datetime": {"datetime": "2021-09-28 12:35:11", "elapsed": 159.175722, "delta": 1.224615}}
{"target": -38.03781959545671, "params": {"C": 387.4270521666363, "gamma": 0.10696753845685716}, "datetime": {"datetime": "2021-09-28 12:35:12", "elapsed": 160.239722, "delta": 1.064}}
{"target": -37.162317380136564, "params": {"C": 557.8260288809245, "gamma": 0.032227178183083786}, "datetime": {"datetime": "2021-09-28 12:35:14", "elapsed": 161.615479, "delta": 1.375757}}
{"target": -37.603802860892415, "params": {"C": 574.1455451835405, "gamma": 0.022273563093340793}, "datetime": {"datetime": "2021-09-28 12:35:15", "elapsed": 163.131084, "delta": 1.515605}}
{"target": -37.09907266825474, "params": {"C": 557.81824863255, "gamma": 0.09523593215778789}, "datetime": {"datetime": "2021-09-28 12:35:16", "elapsed": 164.286098, "delta": 1.155014}}
{"target": -36.90128116091059, "params": {"C": 558.9928759477889, "gamma": 0.07873998758663509}, "datetime": {"datetime": "2021-09-28 12:35:18", "elapsed": 165.344296, "delta": 1.058198}}
{"target": -36.77774100042737, "params": {"C": 557.7615825590362, "gamma": 0.06167722434473294}, "datetime": {"datetime": "2021-09-28 12:35:19", "elapsed": 167.19995, "delta": 1.855654}}
{"target": -36.91541573239974, "params": {"C": 557.7279941094247, "gamma": 0.04033104887921001}, "datetime": {"datetime": "2021-09-28 12:35:21", "elapsed": 168.878654, "delta": 1.678704}}
{"target": -36.97755386560552, "params": {"C": 557.8681686121545, "gamma": 0.08536149366543412}, "datetime": {"datetime": "2021-09-28 12:35:23", "elapsed": 171.018439, "delta": 2.139785}}
{"target": -37.49686152856125, "params": {"C": 557.7336328139553, "gamma": 0.12395783191745366}, "datetime": {"datetime": "2021-09-28 12:35:25", "elapsed": 172.954, "delta": 1.935561}}
{"target": -36.95075459358567, "params": {"C": 574.0389354109592, "gamma": 0.08807069660593402}, "datetime": {"datetime": "2021-09-28 12:35:27", "elapsed": 174.359996, "delta": 1.405996}}
{"target": -36.707825154027084, "params": {"C": 574.0801516757284, "gamma": 0.05784042303928538}, "datetime": {"datetime": "2021-09-28 12:35:28", "elapsed": 176.079214, "delta": 1.719218}}
{"target": -36.87494896266976, "params": {"C": 591.9964807495415, "gamma": 0.08702533914918302}, "datetime": {"datetime": "2021-09-28 12:35:29", "elapsed": 177.160675, "delta": 1.081461}}
{"target": -36.8553820659474, "params": {"C": 592.0922511927881, "gamma": 0.08539060159127713}, "datetime": {"datetime": "2021-09-28 12:35:31", "elapsed": 179.276636, "delta": 2.115961}}
{"target": -36.6860019625795, "params": {"C": 592.05183737316, "gamma": 0.06690764504896926}, "datetime": {"datetime": "2021-09-28 12:35:33", "elapsed": 181.092213, "delta": 1.815577}}
{"target": -37.4483941537083, "params": {"C": 592.0163818104663, "gamma": 0.12879687749686122}, "datetime": {"datetime": "2021-09-28 12:35:35", "elapsed": 182.744295, "delta": 1.652082}}
{"target": -38.24946983923709, "params": {"C": 592.0228991033698, "gamma": 0.01422443882283736}, "datetime": {"datetime": "2021-09-28 12:35:36", "elapsed": 184.261299, "delta": 1.517004}}
{"target": -37.49841329812205, "params": {"C": 574.0748349744579, "gamma": 0.12805249621223627}, "datetime": {"datetime": "2021-09-28 12:35:38", "elapsed": 185.841861, "delta": 1.580562}}
{"target": -36.99410499445509, "params": {"C": 591.9308982303739, "gamma": 0.09648004515578913}, "datetime": {"datetime": "2021-09-28 12:35:40", "elapsed": 187.335892, "delta": 1.494031}}
{"target": -39.315721579620984, "params": {"C": 557.7543652785791, "gamma": 0.007829955498565234}, "datetime": {"datetime": "2021-09-28 12:35:41", "elapsed": 189.064636, "delta": 1.728744}}
{"target": -36.85667061346945, "params": {"C": 557.6357376424535, "gamma": 0.042957770004226424}, "datetime": {"datetime": "2021-09-28 12:35:43", "elapsed": 190.498635, "delta": 1.433999}}
{"target": -36.964260423813194, "params": {"C": 591.9125981938018, "gamma": 0.034539387269209194}, "datetime": {"datetime": "2021-09-28 12:35:44", "elapsed": 191.973337, "delta": 1.474702}}
{"target": -40.4561722470038, "params": {"C": 216.08545793156736, "gamma": 0.19619454170034958}, "datetime": {"datetime": "2021-09-28 12:35:45", "elapsed": 193.008193, "delta": 1.034856}}
{"target": -37.42688557636235, "params": {"C": 574.0341183848602, "gamma": 0.025173278502289478}, "datetime": {"datetime": "2021-09-28 12:35:47", "elapsed": 195.158406, "delta": 2.150213}}
{"target": -36.70888914596827, "params": {"C": 592.1536831483679, "gamma": 0.045071676616843276}, "datetime": {"datetime": "2021-09-28 12:35:49", "elapsed": 196.593407, "delta": 1.435001}}
{"target": -36.8370333288195, "params": {"C": 557.6896997359561, "gamma": 0.07119927839242382}, "datetime": {"datetime": "2021-09-28 12:35:51", "elapsed": 198.644666, "delta": 2.051259}}
{"target": -36.913652159903165, "params": {"C": 592.2110225513675, "gamma": 0.0902694130690858}, "datetime": {"datetime": "2021-09-28 12:35:52", "elapsed": 200.065251, "delta": 1.420585}}
{"target": -37.17967251427592, "params": {"C": 592.1708782142297, "gamma": 0.11008544506179103}, "datetime": {"datetime": "2021-09-28 12:35:54", "elapsed": 201.570817, "delta": 1.505566}}
{"target": -36.71410757520201, "params": {"C": 592.1114372525861, "gamma": 0.0446474241799971}, "datetime": {"datetime": "2021-09-28 12:35:56", "elapsed": 203.369626, "delta": 1.798809}}
{"target": -37.18321219484715, "params": {"C": 557.6141048237114, "gamma": 0.10154167936950122}, "datetime": {"datetime": "2021-09-28 12:35:58", "elapsed": 205.501879, "delta": 2.132253}}
{"target": -37.046147438829834, "params": {"C": 489.26953132887894, "gamma": 0.0607343942056215}, "datetime": {"datetime": "2021-09-28 12:35:59", "elapsed": 207.00912, "delta": 1.507241}}
{"target": -37.62945937628342, "params": {"C": 489.28725950734037, "gamma": 0.11497541091219705}, "datetime": {"datetime": "2021-09-28 12:36:01", "elapsed": 209.149796, "delta": 2.140676}}
{"target": -36.71693901538503, "params": {"C": 591.8691030937152, "gamma": 0.07146683306774167}, "datetime": {"datetime": "2021-09-28 12:36:03", "elapsed": 211.06252, "delta": 1.912724}}
{"target": -36.735707849800605, "params": {"C": 591.8269757626631, "gamma": 0.04305683134353693}, "datetime": {"datetime": "2021-09-28 12:36:05", "elapsed": 212.573161, "delta": 1.510641}}
{"target": -36.78435467039387, "params": {"C": 591.7620447614895, "gamma": 0.07881188712441459}, "datetime": {"datetime": "2021-09-28 12:36:07", "elapsed": 215.084112, "delta": 2.510951}}
{"target": -39.294801752552274, "params": {"C": 513.1212118211001, "gamma": 0.0087227815251131}, "datetime": {"datetime": "2021-09-28 12:36:08", "elapsed": 216.219092, "delta": 1.13498}}
{"target": -39.09574301492718, "params": {"C": 591.7843542878638, "gamma": 0.008361130094482139}, "datetime": {"datetime": "2021-09-28 12:36:10", "elapsed": 218.134469, "delta": 1.915377}}
{"target": -37.56388039772307, "params": {"C": 591.7185652286377, "gamma": 0.13676510926539037}, "datetime": {"datetime": "2021-09-28 12:36:13", "elapsed": 220.485166, "delta": 2.350697}}
{"target": -39.01539156061509, "params": {"C": 392.2239293380833, "gamma": 0.01435205810328764}, "datetime": {"datetime": "2021-09-28 12:36:14", "elapsed": 221.673023, "delta": 1.187857}}
{"target": -37.095045660332815, "params": {"C": 591.778964322895, "gamma": 0.10392517849286179}, "datetime": {"datetime": "2021-09-28 12:36:16", "elapsed": 223.481908, "delta": 1.808885}}
{"target": -37.096677580554136, "params": {"C": 489.19606328835414, "gamma": 0.06965621329653657}, "datetime": {"datetime": "2021-09-28 12:36:17", "elapsed": 225.129196, "delta": 1.647288}}
{"target": -37.669888976099855, "params": {"C": 592.2730057055132, "gamma": 0.020561212371152025}, "datetime": {"datetime": "2021-09-28 12:36:19", "elapsed": 226.86219, "delta": 1.732994}}
{"target": -37.4825752966699, "params": {"C": 397.51018291100354, "gamma": 0.06089861639979594}, "datetime": {"datetime": "2021-09-28 12:36:20", "elapsed": 228.056171, "delta": 1.193981}}
{"target": -38.014210161428416, "params": {"C": 489.1725930665599, "gamma": 0.1405530849304879}, "datetime": {"datetime": "2021-09-28 12:36:22", "elapsed": 229.670403, "delta": 1.614232}}
{"target": -37.36763524203307, "params": {"C": 489.22430176881477, "gamma": 0.03353236095649661}, "datetime": {"datetime": "2021-09-28 12:36:23", "elapsed": 231.116645, "delta": 1.446242}}
{"target": -36.925559981938186, "params": {"C": 557.5712730265851, "gamma": 0.03994059508044464}, "datetime": {"datetime": "2021-09-28 12:36:25", "elapsed": 232.998546, "delta": 1.881901}}
{"target": -37.64338386954537, "params": {"C": 592.2172555551425, "gamma": 0.020936777782727126}, "datetime": {"datetime": "2021-09-28 12:36:27", "elapsed": 234.938288, "delta": 1.939742}}
{"target": -38.018457227999505, "params": {"C": 557.5011933000026, "gamma": 0.017650932971591468}, "datetime": {"datetime": "2021-09-28 12:36:29", "elapsed": 236.858288, "delta": 1.92}}
{"target": -37.57666472198664, "params": {"C": 557.5421375040652, "gamma": 0.1295069117472327}, "datetime": {"datetime": "2021-09-28 12:36:31", "elapsed": 238.551002, "delta": 1.692714}}
{"target": -38.6376370693296, "params": {"C": 591.862877712555, "gamma": 0.011010279610111143}, "datetime": {"datetime": "2021-09-28 12:36:33", "elapsed": 241.128494, "delta": 2.577492}}
{"target": -37.45141098873286, "params": {"C": 592.2663006631346, "gamma": 0.12906407639868228}, "datetime": {"datetime": "2021-09-28 12:36:35", "elapsed": 243.023643, "delta": 1.895149}}
{"target": -37.596972349205316, "params": {"C": 591.8509420038858, "gamma": 0.13911140254791227}, "datetime": {"datetime": "2021-09-28 12:36:37", "elapsed": 244.99833, "delta": 1.974687}}
{"target": -36.66502918368586, "params": {"C": 591.8098407132661, "gamma": 0.0625770769419551}, "datetime": {"datetime": "2021-09-28 12:36:39", "elapsed": 247.219319, "delta": 2.220989}}
{"target": -37.769724816464546, "params": {"C": 397.42719971648125, "gamma": 0.0343752068711422}, "datetime": {"datetime": "2021-09-28 12:36:43", "elapsed": 250.325, "delta": 3.105681}}
{"target": -36.667725240138175, "params": {"C": 591.9540368626879, "gamma": 0.049338816243105654}, "datetime": {"datetime": "2021-09-28 12:36:44", "elapsed": 252.226211, "delta": 1.901211}}
{"target": -37.35140416423863, "params": {"C": 573.979049276571, "gamma": 0.11776496783794345}, "datetime": {"datetime": "2021-09-28 12:36:46", "elapsed": 254.294429, "delta": 2.068218}}
{"target": -36.648462092269234, "params": {"C": 591.6964426993809, "gamma": 0.055152659690512806}, "datetime": {"datetime": "2021-09-28 12:36:49", "elapsed": 256.757393, "delta": 2.462964}}
{"target": -40.14280488124103, "params": {"C": 374.940585174174, "gamma": 0.007117105998038671}, "datetime": {"datetime": "2021-09-28 12:36:50", "elapsed": 258.106753, "delta": 1.34936}}
{"target": -38.64761730931583, "params": {"C": 398.80765230894974, "gamma": 0.017751046119639697}, "datetime": {"datetime": "2021-09-28 12:36:52", "elapsed": 259.407308, "delta": 1.300555}}
{"target": -38.030726565511145, "params": {"C": 489.13441163269096, "gamma": 0.02048698728633745}, "datetime": {"datetime": "2021-09-28 12:36:54", "elapsed": 261.456681, "delta": 2.049373}}
