{"target": -41.965772628547256, "params": {"C": 771.5493226234793, "gamma": 0.011355222730341348}, "datetime": {"datetime": "2021-09-29 16:59:31", "elapsed": 0.0, "delta": 0.0}}
{"target": -47.22148742113672, "params": {"C": 634.0145866913491, "gamma": 0.3746531373867673}, "datetime": {"datetime": "2021-09-29 16:59:31", "elapsed": 0.214546, "delta": 0.214546}}
{"target": -44.77329735845692, "params": {"C": 499.0085052902878, "gamma": 0.11317352611989298}, "datetime": {"datetime": "2021-09-29 16:59:31", "elapsed": 0.464456, "delta": 0.24991}}
{"target": -47.82510512326562, "params": {"C": 198.86480189486434, "gamma": 0.3805048253872804}, "datetime": {"datetime": "2021-09-29 16:59:32", "elapsed": 0.66445, "delta": 0.199994}}
{"target": -44.80687567361618, "params": {"C": 169.9417257259729, "gamma": 0.04508156727283112}, "datetime": {"datetime": "2021-09-29 16:59:32", "elapsed": 0.885808, "delta": 0.221358}}
{"target": -43.427973280584546, "params": {"C": 772.4751110330969, "gamma": 0.07362544827452319}, "datetime": {"datetime": "2021-09-29 16:59:32", "elapsed": 1.370004, "delta": 0.484196}}
{"target": -44.460646052687046, "params": {"C": 769.9614902399512, "gamma": 0.11694396726116989}, "datetime": {"datetime": "2021-09-29 16:59:33", "elapsed": 1.765172, "delta": 0.395168}}
{"target": -47.06005887651521, "params": {"C": 495.64617538550687, "gamma": 0.3065087706384741}, "datetime": {"datetime": "2021-09-29 16:59:33", "elapsed": 2.124516, "delta": 0.359344}}
{"target": -47.353847132363995, "params": {"C": 771.2211053516556, "gamma": 0.4421693016433852}, "datetime": {"datetime": "2021-09-29 16:59:33", "elapsed": 2.527665, "delta": 0.403149}}
{"target": -46.48883423330968, "params": {"C": 114.9700577088236, "gamma": 0.09605910306162312}, "datetime": {"datetime": "2021-09-29 16:59:34", "elapsed": 2.849067, "delta": 0.321402}}
{"target": -46.470753373904614, "params": {"C": 904.789765432696, "gamma": 0.2760398064173465}, "datetime": {"datetime": "2021-09-29 16:59:34", "elapsed": 3.170561, "delta": 0.321494}}
{"target": -42.40925042428195, "params": {"C": 902.1963212891512, "gamma": 0.041932838894202934}, "datetime": {"datetime": "2021-09-29 16:59:34", "elapsed": 3.486031, "delta": 0.31547}}
{"target": -45.59986599110605, "params": {"C": 834.9521847238796, "gamma": 0.18842175724725052}, "datetime": {"datetime": "2021-09-29 16:59:35", "elapsed": 3.793957, "delta": 0.307926}}
{"target": -47.82574727540375, "params": {"C": 193.9403445594592, "gamma": 0.374955256801767}, "datetime": {"datetime": "2021-09-29 16:59:35", "elapsed": 4.262301, "delta": 0.468344}}
{"target": -47.41319542784828, "params": {"C": 446.8362415925925, "gamma": 0.37549624542034993}, "datetime": {"datetime": "2021-09-29 16:59:35", "elapsed": 4.589849, "delta": 0.327548}}
{"target": -48.14220177011077, "params": {"C": 77.43800185614653, "gamma": 0.428411033051695}, "datetime": {"datetime": "2021-09-29 16:59:36", "elapsed": 4.989069, "delta": 0.39922}}
{"target": -44.34702524297858, "params": {"C": 360.89731985127906, "gamma": 0.07772917876915639}, "datetime": {"datetime": "2021-09-29 16:59:36", "elapsed": 5.333678, "delta": 0.344609}}
{"target": -47.34366147027564, "params": {"C": 335.3586230813637, "gamma": 0.3093650765659147}, "datetime": {"datetime": "2021-09-29 16:59:37", "elapsed": 5.661992, "delta": 0.328314}}
{"target": -47.39932811777205, "params": {"C": 967.3724451558013, "gamma": 0.4839229210693987}, "datetime": {"datetime": "2021-09-29 16:59:37", "elapsed": 6.036989, "delta": 0.374997}}
{"target": -46.430082570226986, "params": {"C": 288.0747616404458, "gamma": 0.1719910604555196}, "datetime": {"datetime": "2021-09-29 16:59:37", "elapsed": 6.37831, "delta": 0.341321}}
{"target": -43.758819118624345, "params": {"C": 970.6624760585967, "gamma": 0.09031092444484448}, "datetime": {"datetime": "2021-09-29 16:59:38", "elapsed": 6.763257, "delta": 0.384947}}
{"target": -47.1888458096644, "params": {"C": 38.33436418173498, "gamma": 0.05150846354051025}, "datetime": {"datetime": "2021-09-29 16:59:38", "elapsed": 7.117701, "delta": 0.354444}}
{"target": -42.452382554275935, "params": {"C": 494.55999895319246, "gamma": 0.021778607707509924}, "datetime": {"datetime": "2021-09-29 16:59:38", "elapsed": 7.447772, "delta": 0.330071}}
{"target": -44.144643714154945, "params": {"C": 895.1431740029684, "gamma": 0.10585804134242387}, "datetime": {"datetime": "2021-09-29 16:59:39", "elapsed": 7.82777, "delta": 0.379998}}
{"target": -47.77147273478125, "params": {"C": 287.8343217459615, "gamma": 0.442526286304314}, "datetime": {"datetime": "2021-09-29 16:59:39", "elapsed": 8.150683, "delta": 0.322913}}
{"target": -47.24736921132216, "params": {"C": 321.82722357106314, "gamma": 0.2831029000346277}, "datetime": {"datetime": "2021-09-29 16:59:39", "elapsed": 8.47413, "delta": 0.323447}}
{"target": -47.64539406127468, "params": {"C": 353.90923507214524, "gamma": 0.42112560404165755}, "datetime": {"datetime": "2021-09-29 16:59:40", "elapsed": 8.82925, "delta": 0.35512}}
{"target": -45.86760518499142, "params": {"C": 118.98830737477667, "gamma": 0.06459887872640047}, "datetime": {"datetime": "2021-09-29 16:59:40", "elapsed": 9.195976, "delta": 0.366726}}
{"target": -47.45600197882752, "params": {"C": 762.7918146324229, "gamma": 0.4838090550339404}, "datetime": {"datetime": "2021-09-29 16:59:40", "elapsed": 9.539882, "delta": 0.343906}}
{"target": -44.92155444681626, "params": {"C": 200.83889230735647, "gamma": 0.06279832962433367}, "datetime": {"datetime": "2021-09-29 16:59:41", "elapsed": 9.890395, "delta": 0.350513}}
{"target": -48.25593169505355, "params": {"C": 14.813427632971106, "gamma": 0.2546000552568959}, "datetime": {"datetime": "2021-09-29 16:59:41", "elapsed": 10.265656, "delta": 0.375261}}
{"target": -42.448132473705215, "params": {"C": 772.4193815210907, "gamma": 0.0406164133809148}, "datetime": {"datetime": "2021-09-29 16:59:41", "elapsed": 10.619653, "delta": 0.353997}}
{"target": -42.36299785851417, "params": {"C": 902.3263468758003, "gamma": 0.040463557805903154}, "datetime": {"datetime": "2021-09-29 16:59:42", "elapsed": 11.185898, "delta": 0.566245}}
{"target": -45.428545983990496, "params": {"C": 772.2022402158452, "gamma": 0.17252831204823815}, "datetime": {"datetime": "2021-09-29 16:59:43", "elapsed": 11.706492, "delta": 0.520594}}
{"target": -47.34501426259618, "params": {"C": 534.1331062478067, "gamma": 0.38431405011805136}, "datetime": {"datetime": "2021-09-29 16:59:43", "elapsed": 12.109346, "delta": 0.402854}}
{"target": -44.354552458896315, "params": {"C": 323.8938631723484, "gamma": 0.07187986791775215}, "datetime": {"datetime": "2021-09-29 16:59:43", "elapsed": 12.517675, "delta": 0.408329}}
{"target": -44.33984083790614, "params": {"C": 183.73584551115954, "gamma": 0.026289432230694534}, "datetime": {"datetime": "2021-09-29 16:59:44", "elapsed": 12.892035, "delta": 0.37436}}
{"target": -46.47856142801297, "params": {"C": 902.2405525813776, "gamma": 0.27684617096155245}, "datetime": {"datetime": "2021-09-29 16:59:44", "elapsed": 13.445472, "delta": 0.553437}}
{"target": -41.891930167060984, "params": {"C": 771.6496265200593, "gamma": 0.014664984934034349}, "datetime": {"datetime": "2021-09-29 16:59:45", "elapsed": 13.922907, "delta": 0.477435}}
{"target": -46.16359514654728, "params": {"C": 771.6792541451302, "gamma": 0.23199887499755603}, "datetime": {"datetime": "2021-09-29 16:59:45", "elapsed": 14.313014, "delta": 0.390107}}
{"target": -46.08375678325548, "params": {"C": 494.5960648802688, "gamma": 0.19157032428335086}, "datetime": {"datetime": "2021-09-29 16:59:46", "elapsed": 14.959088, "delta": 0.646074}}
{"target": -43.616510511869514, "params": {"C": 970.6632753180912, "gamma": 0.08454862651085034}, "datetime": {"datetime": "2021-09-29 16:59:46", "elapsed": 15.447302, "delta": 0.488214}}
{"target": -45.25727480121826, "params": {"C": 970.556650688415, "gamma": 0.001}, "datetime": {"datetime": "2021-09-29 16:59:47", "elapsed": 15.919858, "delta": 0.472556}}
{"target": -42.65233794188198, "params": {"C": 970.7854743443017, "gamma": 0.05045787146208394}, "datetime": {"datetime": "2021-09-29 16:59:47", "elapsed": 16.364275, "delta": 0.444417}}
{"target": -48.178131548128384, "params": {"C": 72.96768079422255, "gamma": 0.49232249018787677}, "datetime": {"datetime": "2021-09-29 16:59:48", "elapsed": 16.853372, "delta": 0.489097}}
{"target": -43.047848085227095, "params": {"C": 494.4352067781236, "gamma": 0.046769150347343066}, "datetime": {"datetime": "2021-09-29 16:59:48", "elapsed": 17.449262, "delta": 0.59589}}
{"target": -43.00150057663867, "params": {"C": 915.5064477173562, "gamma": 0.06138377943005352}, "datetime": {"datetime": "2021-09-29 16:59:49", "elapsed": 17.945304, "delta": 0.496042}}
{"target": -44.64149676291596, "params": {"C": 915.6703317759761, "gamma": 0.13094866042011466}, "datetime": {"datetime": "2021-09-29 16:59:49", "elapsed": 18.393208, "delta": 0.447904}}
{"target": -43.278029402156406, "params": {"C": 902.4817029500618, "gamma": 0.07088216720187852}, "datetime": {"datetime": "2021-09-29 16:59:50", "elapsed": 18.83229, "delta": 0.439082}}
{"target": -46.257934659899085, "params": {"C": 915.3976732538797, "gamma": 0.25198444915190965}, "datetime": {"datetime": "2021-09-29 16:59:50", "elapsed": 19.296152, "delta": 0.463862}}
{"target": -43.9137137493889, "params": {"C": 494.19766398476565, "gamma": 0.07694955774277133}, "datetime": {"datetime": "2021-09-29 16:59:51", "elapsed": 19.765521, "delta": 0.469369}}
{"target": -46.0971241326319, "params": {"C": 902.6507675251928, "gamma": 0.23470072972818584}, "datetime": {"datetime": "2021-09-29 16:59:51", "elapsed": 20.328522, "delta": 0.563001}}
{"target": -43.34464303360411, "params": {"C": 771.3271657454679, "gamma": 0.07057204089999922}, "datetime": {"datetime": "2021-09-29 16:59:52", "elapsed": 20.791084, "delta": 0.462562}}
{"target": -47.515128754693784, "params": {"C": 202.9653464148717, "gamma": 0.27254928233188397}, "datetime": {"datetime": "2021-09-29 16:59:52", "elapsed": 21.350557, "delta": 0.559473}}
{"target": -47.408938219757516, "params": {"C": 800.0186287454469, "gamma": 0.4688399445272171}, "datetime": {"datetime": "2021-09-29 16:59:53", "elapsed": 21.878005, "delta": 0.527448}}
{"target": -45.159470393285496, "params": {"C": 467.3795051384228, "gamma": 0.12850967372357988}, "datetime": {"datetime": "2021-09-29 16:59:53", "elapsed": 22.344594, "delta": 0.466589}}
{"target": -43.048208835068294, "params": {"C": 901.94011221217, "gamma": 0.06279690192789708}, "datetime": {"datetime": "2021-09-29 16:59:54", "elapsed": 22.868028, "delta": 0.523434}}
{"target": -41.84623332928146, "params": {"C": 902.0612739303433, "gamma": 0.009916637225311612}, "datetime": {"datetime": "2021-09-29 16:59:54", "elapsed": 23.464897, "delta": 0.596869}}
{"target": -47.126676853238386, "params": {"C": 895.1054748748022, "gamma": 0.3888208568515954}, "datetime": {"datetime": "2021-09-29 16:59:55", "elapsed": 24.016609, "delta": 0.551712}}
{"target": -42.62030399194091, "params": {"C": 771.0601240145871, "gamma": 0.046151477028435445}, "datetime": {"datetime": "2021-09-29 16:59:55", "elapsed": 24.531265, "delta": 0.514656}}
{"target": -42.77325915724374, "params": {"C": 493.9321493622795, "gamma": 0.03717950246158673}, "datetime": {"datetime": "2021-09-29 16:59:56", "elapsed": 25.012766, "delta": 0.481501}}
{"target": -45.31947395781275, "params": {"C": 770.9639002548839, "gamma": 0.16518945466285118}, "datetime": {"datetime": "2021-09-29 16:59:56", "elapsed": 25.528374, "delta": 0.515608}}
{"target": -46.91018797229321, "params": {"C": 493.9555942377295, "gamma": 0.28102047152231213}, "datetime": {"datetime": "2021-09-29 16:59:57", "elapsed": 26.349801, "delta": 0.821427}}
{"target": -46.251167726661514, "params": {"C": 971.0388799757804, "gamma": 0.25423895699262794}, "datetime": {"datetime": "2021-09-29 16:59:58", "elapsed": 27.032419, "delta": 0.682618}}
{"target": -46.971552075495026, "params": {"C": 164.91955518770536, "gamma": 0.16621995951478505}, "datetime": {"datetime": "2021-09-29 16:59:58", "elapsed": 27.538374, "delta": 0.505955}}
{"target": -42.19611621902908, "params": {"C": 771.8351227229653, "gamma": 0.032182614383169536}, "datetime": {"datetime": "2021-09-29 16:59:59", "elapsed": 28.023579, "delta": 0.485205}}
{"target": -43.10082393971366, "params": {"C": 493.6240234250116, "gamma": 0.04849309779907841}, "datetime": {"datetime": "2021-09-29 17:00:00", "elapsed": 28.694505, "delta": 0.670926}}
{"target": -46.42786598461529, "params": {"C": 493.507486916703, "gamma": 0.2219779544230772}, "datetime": {"datetime": "2021-09-29 17:00:00", "elapsed": 29.267786, "delta": 0.573281}}
{"target": -42.526543523498525, "params": {"C": 493.84036469870074, "gamma": 0.02689612478765617}, "datetime": {"datetime": "2021-09-29 17:00:01", "elapsed": 29.942558, "delta": 0.674772}}
{"target": -41.753597870467885, "params": {"C": 901.6054773129284, "gamma": 0.013311557661942943}, "datetime": {"datetime": "2021-09-29 17:00:01", "elapsed": 30.495671, "delta": 0.553113}}
{"target": -44.16260990022815, "params": {"C": 901.3977119423054, "gamma": 0.10681405344305454}, "datetime": {"datetime": "2021-09-29 17:00:02", "elapsed": 31.10208, "delta": 0.606409}}
{"target": -47.30049838274372, "params": {"C": 183.968606532491, "gamma": 0.21876587532009648}, "datetime": {"datetime": "2021-09-29 17:00:03", "elapsed": 31.69808, "delta": 0.596}}
{"target": -46.999774861041125, "params": {"C": 901.5746666696986, "gamma": 0.36035848016314237}, "datetime": {"datetime": "2021-09-29 17:00:03", "elapsed": 32.351131, "delta": 0.653051}}
{"target": -45.933534316699145, "params": {"C": 183.45015396828188, "gamma": 0.10200098330702713}, "datetime": {"datetime": "2021-09-29 17:00:04", "elapsed": 33.269453, "delta": 0.918322}}
{"target": -47.44038105346963, "params": {"C": 360.76354085436645, "gamma": 0.34637961535544065}, "datetime": {"datetime": "2021-09-29 17:00:05", "elapsed": 33.842833, "delta": 0.57338}}
{"target": -44.73568920421262, "params": {"C": 901.7417554378526, "gamma": 0.13570960295779613}, "datetime": {"datetime": "2021-09-29 17:00:06", "elapsed": 34.668841, "delta": 0.826008}}
{"target": -45.074059467588974, "params": {"C": 397.4849014860202, "gamma": 0.1142930607792789}, "datetime": {"datetime": "2021-09-29 17:00:06", "elapsed": 35.285627, "delta": 0.616786}}
{"target": -47.40395273750349, "params": {"C": 358.3698509460023, "gamma": 0.335002052856}, "datetime": {"datetime": "2021-09-29 17:00:07", "elapsed": 36.081746, "delta": 0.796119}}
{"target": -41.7335529734965, "params": {"C": 915.3290509185064, "gamma": 0.014546631937493}, "datetime": {"datetime": "2021-09-29 17:00:08", "elapsed": 36.939162, "delta": 0.857416}}
{"target": -42.59797639229211, "params": {"C": 915.1051255682011, "gamma": 0.04811417418852024}, "datetime": {"datetime": "2021-09-29 17:00:08", "elapsed": 37.623248, "delta": 0.684086}}
{"target": -46.59874051607825, "params": {"C": 914.7788086500962, "gamma": 0.2935604829944613}, "datetime": {"datetime": "2021-09-29 17:00:09", "elapsed": 38.25498, "delta": 0.631732}}
{"target": -43.380326961226714, "params": {"C": 361.26204642440575, "gamma": 0.010037223872821514}, "datetime": {"datetime": "2021-09-29 17:00:10", "elapsed": 38.847007, "delta": 0.592027}}
{"target": -41.93643602643891, "params": {"C": 772.0080000572034, "gamma": 0.021456458226579322}, "datetime": {"datetime": "2021-09-29 17:00:10", "elapsed": 39.579682, "delta": 0.732675}}
{"target": -43.71794982005237, "params": {"C": 361.5418578194553, "gamma": 0.054979040823430074}, "datetime": {"datetime": "2021-09-29 17:00:11", "elapsed": 40.282057, "delta": 0.702375}}
{"target": -47.060499359971466, "params": {"C": 361.2898749521184, "gamma": 0.26612017803555177}, "datetime": {"datetime": "2021-09-29 17:00:12", "elapsed": 40.916087, "delta": 0.63403}}
{"target": -43.440014793105775, "params": {"C": 915.2425586961026, "gamma": 0.07703105868570592}, "datetime": {"datetime": "2021-09-29 17:00:12", "elapsed": 41.555951, "delta": 0.639864}}
{"target": -41.73612567865319, "params": {"C": 914.9510297129475, "gamma": 0.015811561270677014}, "datetime": {"datetime": "2021-09-29 17:00:13", "elapsed": 42.327951, "delta": 0.772}}
{"target": -43.62740965019319, "params": {"C": 883.7489174593649, "gamma": 0.08372644077466225}, "datetime": {"datetime": "2021-09-29 17:00:14", "elapsed": 42.93957, "delta": 0.611619}}
{"target": -42.623993970339015, "params": {"C": 883.4942245606127, "gamma": 0.004553975473544697}, "datetime": {"datetime": "2021-09-29 17:00:14", "elapsed": 43.593118, "delta": 0.653548}}
{"target": -43.31254251868445, "params": {"C": 883.1673259135135, "gamma": 0.002969914238128465}, "datetime": {"datetime": "2021-09-29 17:00:15", "elapsed": 44.311057, "delta": 0.717939}}
{"target": -45.77032925634239, "params": {"C": 883.3974380378824, "gamma": 0.2043781190608066}, "datetime": {"datetime": "2021-09-29 17:00:16", "elapsed": 44.974263, "delta": 0.663206}}
{"target": -42.19695647505905, "params": {"C": 882.9038317429323, "gamma": 0.03481486640735876}, "datetime": {"datetime": "2021-09-29 17:00:17", "elapsed": 45.704374, "delta": 0.730111}}
{"target": -47.45448572837891, "params": {"C": 856.7137680597016, "gamma": 0.49813537627698673}, "datetime": {"datetime": "2021-09-29 17:00:17", "elapsed": 46.339559, "delta": 0.635185}}
{"target": -47.24154251066128, "params": {"C": 41.56131827355134, "gamma": 0.06475907893025008}, "datetime": {"datetime": "2021-09-29 17:00:18", "elapsed": 46.951818, "delta": 0.612259}}
{"target": -42.2877208603882, "params": {"C": 882.7274331518295, "gamma": 0.03775561681097671}, "datetime": {"datetime": "2021-09-29 17:00:19", "elapsed": 47.675198, "delta": 0.72338}}
{"target": -45.55979025546104, "params": {"C": 882.7774521934859, "gamma": 0.18784857507119995}, "datetime": {"datetime": "2021-09-29 17:00:19", "elapsed": 48.472337, "delta": 0.797139}}
{"target": -44.644916752952724, "params": {"C": 882.3785328614938, "gamma": 0.13022976108296358}, "datetime": {"datetime": "2021-09-29 17:00:20", "elapsed": 49.155889, "delta": 0.683552}}
{"target": -44.230339665856114, "params": {"C": 361.8159316516417, "gamma": 0.07345837020239145}, "datetime": {"datetime": "2021-09-29 17:00:21", "elapsed": 49.865006, "delta": 0.709117}}
{"target": -44.747593385501474, "params": {"C": 764.0248853709625, "gamma": 0.13124122411071185}, "datetime": {"datetime": "2021-09-29 17:00:21", "elapsed": 50.484739, "delta": 0.619733}}
{"target": -47.63116305286719, "params": {"C": 384.1821450711308, "gamma": 0.4331958979757746}, "datetime": {"datetime": "2021-09-29 17:00:22", "elapsed": 51.164455, "delta": 0.679716}}
{"target": -41.98628639291818, "params": {"C": 914.6975116641466, "gamma": 0.028243495361161393}, "datetime": {"datetime": "2021-09-29 17:00:23", "elapsed": 51.974318, "delta": 0.809863}}
{"target": -45.07104500757676, "params": {"C": 914.3911823182832, "gamma": 0.15576132782164534}, "datetime": {"datetime": "2021-09-29 17:00:24", "elapsed": 52.866297, "delta": 0.891979}}
{"target": -46.060858679372444, "params": {"C": 143.31395664030563, "gamma": 0.08934426147003603}, "datetime": {"datetime": "2021-09-29 17:00:24", "elapsed": 53.491589, "delta": 0.625292}}
{"target": -44.513100393037774, "params": {"C": 884.0394012746849, "gamma": 0.12339571420817656}, "datetime": {"datetime": "2021-09-29 17:00:25", "elapsed": 54.366152, "delta": 0.874563}}
{"target": -41.904806236958805, "params": {"C": 895.4988010106027, "gamma": 0.024783459427700258}, "datetime": {"datetime": "2021-09-29 17:00:26", "elapsed": 55.172369, "delta": 0.806217}}
{"target": -45.56586850549725, "params": {"C": 895.5015592298078, "gamma": 0.18888403832471357}, "datetime": {"datetime": "2021-09-29 17:00:27", "elapsed": 55.970826, "delta": 0.798457}}
{"target": -42.54852690768045, "params": {"C": 895.4011966937198, "gamma": 0.04626985608619713}, "datetime": {"datetime": "2021-09-29 17:00:28", "elapsed": 56.810613, "delta": 0.839787}}
{"target": -46.265191044061346, "params": {"C": 324.2471468857443, "gamma": 0.1697677256927012}, "datetime": {"datetime": "2021-09-29 17:00:28", "elapsed": 57.498366, "delta": 0.687753}}
{"target": -44.829668180289836, "params": {"C": 288.4875999502722, "gamma": 0.08342974908504072}, "datetime": {"datetime": "2021-09-29 17:00:29", "elapsed": 58.152422, "delta": 0.654056}}
{"target": -42.76374709813578, "params": {"C": 895.815096166179, "gamma": 0.05321154606405302}, "datetime": {"datetime": "2021-09-29 17:00:30", "elapsed": 59.117128, "delta": 0.964706}}
{"target": -41.80448829178786, "params": {"C": 914.8360985817546, "gamma": 0.020894780054489442}, "datetime": {"datetime": "2021-09-29 17:00:31", "elapsed": 59.952206, "delta": 0.835078}}
{"target": -42.01970999158234, "params": {"C": 895.6869216984613, "gamma": 0.02906504704792389}, "datetime": {"datetime": "2021-09-29 17:00:32", "elapsed": 60.772932, "delta": 0.820726}}
{"target": -46.36862001378119, "params": {"C": 896.1115735201303, "gamma": 0.26317508527924544}, "datetime": {"datetime": "2021-09-29 17:00:33", "elapsed": 61.744003, "delta": 0.971071}}
{"target": -43.21627403215577, "params": {"C": 323.56828081226183, "gamma": 0.027390807334756805}, "datetime": {"datetime": "2021-09-29 17:00:33", "elapsed": 62.497524, "delta": 0.753521}}
{"target": -44.73965705052015, "params": {"C": 323.31495812385515, "gamma": 0.08685061654161079}, "datetime": {"datetime": "2021-09-29 17:00:34", "elapsed": 63.247291, "delta": 0.749767}}
{"target": -44.384954370527694, "params": {"C": 965.4325481140044, "gamma": 0.11869040804173416}, "datetime": {"datetime": "2021-09-29 17:00:35", "elapsed": 63.949314, "delta": 0.702023}}
{"target": -47.406472087068444, "params": {"C": 323.6197765909932, "gamma": 0.31894503100838295}, "datetime": {"datetime": "2021-09-29 17:00:36", "elapsed": 64.780126, "delta": 0.830812}}
