{"target": -43.079548637329054, "params": {"C": 2703.063346754592, "gamma": 0.000999680074241653}, "datetime": {"datetime": "2021-09-29 20:51:07", "elapsed": 69.025747, "delta": 0.953561}}
{"target": -43.125912703116434, "params": {"C": 3021.8031974373266, "gamma": 0.0008735236888882382}, "datetime": {"datetime": "2021-09-29 20:51:07", "elapsed": 69.753749, "delta": 0.728002}}
{"target": -44.26946751991937, "params": {"C": 3910.32244096163, "gamma": 0.00039854220465827887}, "datetime": {"datetime": "2021-09-29 20:51:08", "elapsed": 70.321617, "delta": 0.567868}}
{"target": -44.8088534157199, "params": {"C": 3278.1468981368253, "gamma": 0.0003674691392422748}, "datetime": {"datetime": "2021-09-29 20:51:08", "elapsed": 70.880815, "delta": 0.559198}}
{"target": -43.103432923799105, "params": {"C": 3669.117879144068, "gamma": 0.0007316900938846171}, "datetime": {"datetime": "2021-09-29 20:51:09", "elapsed": 71.656814, "delta": 0.775999}}
{"target": -45.19495683630041, "params": {"C": 3339.911415140374, "gamma": 0.0002996863136742987}, "datetime": {"datetime": "2021-09-29 20:51:10", "elapsed": 72.407816, "delta": 0.751002}}
{"target": -44.65017066333742, "params": {"C": 3117.722116068611, "gamma": 0.00041542639915965616}, "datetime": {"datetime": "2021-09-29 20:51:11", "elapsed": 73.080534, "delta": 0.672718}}
{"target": -44.75655804174367, "params": {"C": 3617.504442012665, "gamma": 0.00034251413686023087}, "datetime": {"datetime": "2021-09-29 20:51:11", "elapsed": 73.927534, "delta": 0.847}}
{"target": -44.32158854708626, "params": {"C": 2664.003981425445, "gamma": 0.000562890271796812}, "datetime": {"datetime": "2021-09-29 20:51:12", "elapsed": 74.538331, "delta": 0.610797}}
{"target": -43.413410244865375, "params": {"C": 3354.5861957104257, "gamma": 0.0006852722520893729}, "datetime": {"datetime": "2021-09-29 20:51:13", "elapsed": 75.310004, "delta": 0.771673}}
{"target": -43.24135233401499, "params": {"C": 3685.40714033668, "gamma": 0.0006805707894361268}, "datetime": {"datetime": "2021-09-29 20:51:14", "elapsed": 76.568589, "delta": 1.258585}}
{"target": -45.66221927874844, "params": {"C": 3009.22319106861, "gamma": 0.00026117032107405685}, "datetime": {"datetime": "2021-09-29 20:51:15", "elapsed": 77.184589, "delta": 0.616}}
{"target": -44.094991837667244, "params": {"C": 2703.0621795587576, "gamma": 0.0006155228609852786}, "datetime": {"datetime": "2021-09-29 20:51:15", "elapsed": 77.900592, "delta": 0.716003}}
{"target": -43.518701215104464, "params": {"C": 2703.0648024081956, "gamma": 0.0008045302129502172}, "datetime": {"datetime": "2021-09-29 20:51:16", "elapsed": 78.885299, "delta": 0.984707}}
{"target": -43.61005710697869, "params": {"C": 3811.3171732913947, "gamma": 0.0005531246712360064}, "datetime": {"datetime": "2021-09-29 20:51:17", "elapsed": 79.561289, "delta": 0.67599}}
{"target": -44.87993917080939, "params": {"C": 3164.3151896237287, "gamma": 0.00036769162118860995}, "datetime": {"datetime": "2021-09-29 20:51:18", "elapsed": 80.393966, "delta": 0.832677}}
{"target": -43.05023888586747, "params": {"C": 2931.389712265037, "gamma": 0.0009357294221827097}, "datetime": {"datetime": "2021-09-29 20:51:19", "elapsed": 81.413166, "delta": 1.0192}}
{"target": -44.00777766261095, "params": {"C": 2618.910382068824, "gamma": 0.0006607684770412381}, "datetime": {"datetime": "2021-09-29 20:51:19", "elapsed": 81.982166, "delta": 0.569}}
{"target": -46.28855982166446, "params": {"C": 3973.7565690603724, "gamma": 0.00013796817363844106}, "datetime": {"datetime": "2021-09-29 20:51:20", "elapsed": 82.662437, "delta": 0.680271}}
{"target": -42.94586697949059, "params": {"C": 3117.7293017821175, "gamma": 0.0009294409067607595}, "datetime": {"datetime": "2021-09-29 20:51:21", "elapsed": 83.620449, "delta": 0.958012}}
{"target": -44.34630518040015, "params": {"C": 3061.52904364414, "gamma": 0.000486276337292478}, "datetime": {"datetime": "2021-09-29 20:51:22", "elapsed": 84.259442, "delta": 0.638993}}
{"target": -44.87420430642718, "params": {"C": 3015.344075870443, "gamma": 0.00038633380284818283}, "datetime": {"datetime": "2021-09-29 20:51:22", "elapsed": 84.873286, "delta": 0.613844}}
{"target": -42.92569482228401, "params": {"C": 3574.3346234510946, "gamma": 0.0008217748961472942}, "datetime": {"datetime": "2021-09-29 20:51:23", "elapsed": 85.613058, "delta": 0.739772}}
{"target": -45.4827534876301, "params": {"C": 3083.9318746368353, "gamma": 0.000280168896284849}, "datetime": {"datetime": "2021-09-29 20:51:24", "elapsed": 86.296027, "delta": 0.682969}}
{"target": -42.96683217772871, "params": {"C": 3963.810969912148, "gamma": 0.0007287130113511549}, "datetime": {"datetime": "2021-09-29 20:51:24", "elapsed": 86.944795, "delta": 0.648768}}
{"target": -43.80251909642634, "params": {"C": 3117.7270020133087, "gamma": 0.0006128281158131926}, "datetime": {"datetime": "2021-09-29 20:51:25", "elapsed": 87.679804, "delta": 0.735009}}
{"target": -44.518763402446496, "params": {"C": 3984.699426605638, "gamma": 0.00034891582684153544}, "datetime": {"datetime": "2021-09-29 20:51:26", "elapsed": 88.628962, "delta": 0.949158}}
{"target": -43.21375502193116, "params": {"C": 3639.7101262556785, "gamma": 0.0006980748597865457}, "datetime": {"datetime": "2021-09-29 20:51:27", "elapsed": 89.32796, "delta": 0.698998}}
{"target": -44.30728272803135, "params": {"C": 2703.0638628228285, "gamma": 0.0005585959381583679}, "datetime": {"datetime": "2021-09-29 20:51:27", "elapsed": 90.012688, "delta": 0.684728}}
{"target": -42.86083729829923, "params": {"C": 3287.79266105185, "gamma": 0.000922787074552493}, "datetime": {"datetime": "2021-09-29 20:51:29", "elapsed": 91.132097, "delta": 1.119409}}
{"target": -43.654440172492606, "params": {"C": 3852.4201295018042, "gamma": 0.0005363526963764463}, "datetime": {"datetime": "2021-09-29 20:51:29", "elapsed": 91.849102, "delta": 0.717005}}
{"target": -46.260747393603125, "params": {"C": 2903.116019237048, "gamma": 0.00019154903153250914}, "datetime": {"datetime": "2021-09-29 20:51:30", "elapsed": 92.597096, "delta": 0.747994}}
{"target": -46.81996047856591, "params": {"C": 3117.717850889635, "gamma": 0.00012040061309663512}, "datetime": {"datetime": "2021-09-29 20:51:31", "elapsed": 93.807118, "delta": 1.210022}}
{"target": -43.67991258808945, "params": {"C": 3574.3299791687195, "gamma": 0.0005689942577820444}, "datetime": {"datetime": "2021-09-29 20:51:32", "elapsed": 94.579115, "delta": 0.771997}}
{"target": -43.63380429300945, "params": {"C": 2896.172322701641, "gamma": 0.0007119725970740846}, "datetime": {"datetime": "2021-09-29 20:51:33", "elapsed": 95.551623, "delta": 0.972508}}
{"target": -45.10849728198307, "params": {"C": 2711.933579210922, "gamma": 0.0003829209566352951}, "datetime": {"datetime": "2021-09-29 20:51:34", "elapsed": 96.371627, "delta": 0.820004}}
{"target": -43.16222255037062, "params": {"C": 3117.727678198025, "gamma": 0.0008317398821691309}, "datetime": {"datetime": "2021-09-29 20:51:35", "elapsed": 97.459975, "delta": 1.088348}}
{"target": -45.50557887371093, "params": {"C": 2969.0486151182167, "gamma": 0.00028735902593567174}, "datetime": {"datetime": "2021-09-29 20:51:36", "elapsed": 98.170974, "delta": 0.710999}}
{"target": -44.97307616355741, "params": {"C": 3145.1720817434293, "gamma": 0.00035381895038944937}, "datetime": {"datetime": "2021-09-29 20:51:37", "elapsed": 99.176635, "delta": 1.005661}}
{"target": -45.111499552136976, "params": {"C": 2588.8545784700723, "gamma": 0.0004001248704018831}, "datetime": {"datetime": "2021-09-29 20:51:37", "elapsed": 99.965225, "delta": 0.78859}}
{"target": -44.62925730662275, "params": {"C": 3511.163544302738, "gamma": 0.00037410325795292105}, "datetime": {"datetime": "2021-09-29 20:51:38", "elapsed": 100.756457, "delta": 0.791232}}
{"target": -44.53571524003157, "params": {"C": 3367.9303026548155, "gamma": 0.0004066311328777621}, "datetime": {"datetime": "2021-09-29 20:51:39", "elapsed": 101.863453, "delta": 1.106996}}
{"target": -42.80627674539502, "params": {"C": 3913.687979535958, "gamma": 0.000802512873578243}, "datetime": {"datetime": "2021-09-29 20:51:40", "elapsed": 102.88902, "delta": 1.025567}}
{"target": -43.29796536984713, "params": {"C": 2965.1986590433835, "gamma": 0.000816939651083934}, "datetime": {"datetime": "2021-09-29 20:51:41", "elapsed": 103.580011, "delta": 0.690991}}
{"target": -43.56644890433296, "params": {"C": 3518.751046145293, "gamma": 0.0006089307066844547}, "datetime": {"datetime": "2021-09-29 20:51:42", "elapsed": 104.362011, "delta": 0.782}}
{"target": -43.35375125107154, "params": {"C": 3346.6495851508907, "gamma": 0.0007067781121811241}, "datetime": {"datetime": "2021-09-29 20:51:43", "elapsed": 105.138665, "delta": 0.776654}}
{"target": -43.04926635960283, "params": {"C": 3554.705328744968, "gamma": 0.0007751493071527684}, "datetime": {"datetime": "2021-09-29 20:51:44", "elapsed": 106.094654, "delta": 0.955989}}
{"target": -45.03703956676799, "params": {"C": 3354.586928111271, "gamma": 0.00032232292007475504}, "datetime": {"datetime": "2021-09-29 20:51:45", "elapsed": 107.140864, "delta": 1.04621}}
{"target": -46.5492197956628, "params": {"C": 3061.5346035606976, "gamma": 0.00015006754915649056}, "datetime": {"datetime": "2021-09-29 20:51:46", "elapsed": 108.221864, "delta": 1.081}}
{"target": -43.75589030720713, "params": {"C": 3669.1183695687514, "gamma": 0.0005358455869983324}, "datetime": {"datetime": "2021-09-29 20:51:47", "elapsed": 109.083707, "delta": 0.861843}}
{"target": -45.38868837304106, "params": {"C": 3518.7446468618127, "gamma": 0.0002584989753114168}, "datetime": {"datetime": "2021-09-29 20:51:47", "elapsed": 109.932304, "delta": 0.848597}}
{"target": -42.574824152402854, "params": {"C": 3630.5901355364913, "gamma": 0.0009828862155951607}, "datetime": {"datetime": "2021-09-29 20:51:48", "elapsed": 110.687299, "delta": 0.754995}}
{"target": -42.975574271788915, "params": {"C": 3490.649350954438, "gamma": 0.0008192634786415563}, "datetime": {"datetime": "2021-09-29 20:51:49", "elapsed": 111.568834, "delta": 0.881535}}
{"target": -43.61116592856576, "params": {"C": 2797.091005736598, "gamma": 0.000744537604347246}, "datetime": {"datetime": "2021-09-29 20:51:51", "elapsed": 113.208905, "delta": 1.640071}}
{"target": -44.753856810879874, "params": {"C": 3107.204824112457, "gamma": 0.00039711967667102653}, "datetime": {"datetime": "2021-09-29 20:51:52", "elapsed": 114.215904, "delta": 1.006999}}
{"target": -44.10504488062511, "params": {"C": 2803.25000763449, "gamma": 0.0005913372025676496}, "datetime": {"datetime": "2021-09-29 20:51:53", "elapsed": 115.098718, "delta": 0.882814}}
{"target": -44.22407744423998, "params": {"C": 3376.0861541751656, "gamma": 0.000468063744367901}, "datetime": {"datetime": "2021-09-29 20:51:53", "elapsed": 115.987762, "delta": 0.889044}}
{"target": -45.62390536883997, "params": {"C": 3424.884861674257, "gamma": 0.00023482742575267222}, "datetime": {"datetime": "2021-09-29 20:51:55", "elapsed": 117.068935, "delta": 1.081173}}
{"target": -44.42751504458879, "params": {"C": 3561.2671582369076, "gamma": 0.0004051518173470903}, "datetime": {"datetime": "2021-09-29 20:51:56", "elapsed": 118.038938, "delta": 0.970003}}
{"target": -42.85016173055461, "params": {"C": 3152.5231250888646, "gamma": 0.0009675176146172891}, "datetime": {"datetime": "2021-09-29 20:51:57", "elapsed": 119.076385, "delta": 1.037447}}
{"target": -42.729104188418994, "params": {"C": 3780.249644524202, "gamma": 0.0008653262542805362}, "datetime": {"datetime": "2021-09-29 20:51:57", "elapsed": 119.901011, "delta": 0.824626}}
{"target": -45.4244251444331, "params": {"C": 3406.859141484959, "gamma": 0.00026194419982358217}, "datetime": {"datetime": "2021-09-29 20:51:58", "elapsed": 120.919558, "delta": 1.018547}}
{"target": -43.06375303986737, "params": {"C": 3074.070770944584, "gamma": 0.0008864774483473307}, "datetime": {"datetime": "2021-09-29 20:51:59", "elapsed": 121.922562, "delta": 1.003004}}
{"target": -45.4743946462223, "params": {"C": 3784.856391861935, "gamma": 0.00023038882222419253}, "datetime": {"datetime": "2021-09-29 20:52:00", "elapsed": 122.957343, "delta": 1.034781}}
{"target": -44.195515708285136, "params": {"C": 3004.2575563098876, "gamma": 0.0005305457480117491}, "datetime": {"datetime": "2021-09-29 20:52:01", "elapsed": 123.981333, "delta": 1.02399}}
{"target": -44.027454186378925, "params": {"C": 3029.95682585676, "gamma": 0.0005681725420783636}, "datetime": {"datetime": "2021-09-29 20:52:03", "elapsed": 125.178907, "delta": 1.197574}}
{"target": -42.447477287592086, "params": {"C": 3903.3693919622137, "gamma": 0.000988762474060333}, "datetime": {"datetime": "2021-09-29 20:52:04", "elapsed": 126.126903, "delta": 0.947996}}
{"target": -45.100931454295775, "params": {"C": 3251.9901531090845, "gamma": 0.00032204915214774414}, "datetime": {"datetime": "2021-09-29 20:52:05", "elapsed": 127.27219, "delta": 1.145287}}
{"target": -42.81854929879167, "params": {"C": 3751.4343765061144, "gamma": 0.0008302273957204965}, "datetime": {"datetime": "2021-09-29 20:52:06", "elapsed": 128.689192, "delta": 1.417002}}
{"target": -42.90607005583576, "params": {"C": 3376.084537573057, "gamma": 0.0008776602497294753}, "datetime": {"datetime": "2021-09-29 20:52:07", "elapsed": 129.929939, "delta": 1.240747}}
{"target": -43.24369653751185, "params": {"C": 2965.1989599191106, "gamma": 0.0008390549177273846}, "datetime": {"datetime": "2021-09-29 20:52:08", "elapsed": 130.846655, "delta": 0.916716}}
{"target": -44.038634614491514, "params": {"C": 3800.619820112845, "gamma": 0.0004551332933361881}, "datetime": {"datetime": "2021-09-29 20:52:09", "elapsed": 131.92265, "delta": 1.075995}}
{"target": -45.1852445620599, "params": {"C": 3440.452354623484, "gamma": 0.00029257491986234567}, "datetime": {"datetime": "2021-09-29 20:52:10", "elapsed": 132.796704, "delta": 0.874054}}
{"target": -43.07267091195782, "params": {"C": 3692.2306716007824, "gamma": 0.0007386504503787342}, "datetime": {"datetime": "2021-09-29 20:52:11", "elapsed": 133.654432, "delta": 0.857728}}
{"target": -43.3710226631723, "params": {"C": 2896.1722269555908, "gamma": 0.0008068529569502723}, "datetime": {"datetime": "2021-09-29 20:52:12", "elapsed": 134.519431, "delta": 0.864999}}
{"target": -43.283293638705835, "params": {"C": 3074.069806997388, "gamma": 0.0007942429597666094}, "datetime": {"datetime": "2021-09-29 20:52:13", "elapsed": 135.891218, "delta": 1.371787}}
{"target": -43.39006524128081, "params": {"C": 3127.997829430433, "gamma": 0.0007414616543096163}, "datetime": {"datetime": "2021-09-29 20:52:15", "elapsed": 137.191209, "delta": 1.299991}}
{"target": -45.64032893083121, "params": {"C": 3099.594407109378, "gamma": 0.0002566837009869134}, "datetime": {"datetime": "2021-09-29 20:52:16", "elapsed": 138.236202, "delta": 1.044993}}
{"target": -45.39363740599509, "params": {"C": 3107.203510203129, "gamma": 0.0002911010574246014}, "datetime": {"datetime": "2021-09-29 20:52:17", "elapsed": 139.306825, "delta": 1.070623}}
{"target": -44.38627909740568, "params": {"C": 2896.1741177231474, "gamma": 0.0005038096700198384}, "datetime": {"datetime": "2021-09-29 20:52:18", "elapsed": 140.468479, "delta": 1.161654}}
{"target": -45.14158796686324, "params": {"C": 3164.199330213324, "gamma": 0.00032423339407533416}, "datetime": {"datetime": "2021-09-29 20:52:19", "elapsed": 141.400801, "delta": 0.932322}}
{"target": -43.154625406737246, "params": {"C": 3497.73851633076, "gamma": 0.0007466815487922538}, "datetime": {"datetime": "2021-09-29 20:52:20", "elapsed": 142.358802, "delta": 0.958001}}
{"target": -45.44090342085029, "params": {"C": 2703.0610483628443, "gamma": 0.0003256707420703235}, "datetime": {"datetime": "2021-09-29 20:52:21", "elapsed": 143.787965, "delta": 1.429163}}
{"target": -45.45836886716306, "params": {"C": 3419.177273796686, "gamma": 0.0002565104674606831}, "datetime": {"datetime": "2021-09-29 20:52:22", "elapsed": 144.949662, "delta": 1.161697}}
{"target": -42.89447247919378, "params": {"C": 3574.333988601344, "gamma": 0.0008353810263041762}, "datetime": {"datetime": "2021-09-29 20:52:24", "elapsed": 146.082656, "delta": 1.132994}}
{"target": -46.295249399529084, "params": {"C": 3004.2538016878398, "gamma": 0.0001811683538653487}, "datetime": {"datetime": "2021-09-29 20:52:25", "elapsed": 147.64532, "delta": 1.562664}}
{"target": -42.72114706286343, "params": {"C": 3866.973871099867, "gamma": 0.0008503736526328276}, "datetime": {"datetime": "2021-09-29 20:52:26", "elapsed": 148.82632, "delta": 1.181}}
{"target": -43.05429682665929, "params": {"C": 3913.6924207930206, "gamma": 0.0007053900473596866}, "datetime": {"datetime": "2021-09-29 20:52:28", "elapsed": 150.305819, "delta": 1.479499}}
{"target": -43.62945201733623, "params": {"C": 3910.320850061278, "gamma": 0.0005350615662546015}, "datetime": {"datetime": "2021-09-29 20:52:30", "elapsed": 152.086614, "delta": 1.780795}}
{"target": -43.4509583101043, "params": {"C": 3330.1840648339457, "gamma": 0.0006778603079852593}, "datetime": {"datetime": "2021-09-29 20:52:31", "elapsed": 153.189675, "delta": 1.103061}}
{"target": -44.450962131494244, "params": {"C": 2758.2493206648755, "gamma": 0.0005128289833335708}, "datetime": {"datetime": "2021-09-29 20:52:32", "elapsed": 154.433674, "delta": 1.243999}}
{"target": -42.624113964005346, "params": {"C": 3974.8583433548256, "gamma": 0.0008746581788962752}, "datetime": {"datetime": "2021-09-29 20:52:33", "elapsed": 155.539832, "delta": 1.106158}}
{"target": -44.52106780600615, "params": {"C": 3518.749586994726, "gamma": 0.0003925339573907293}, "datetime": {"datetime": "2021-09-29 20:52:34", "elapsed": 156.698409, "delta": 1.158577}}
{"target": -42.97870841163069, "params": {"C": 3784.1810430364335, "gamma": 0.0007568778015140191}, "datetime": {"datetime": "2021-09-29 20:52:35", "elapsed": 157.664961, "delta": 0.966552}}
{"target": -43.204306119136255, "params": {"C": 3784.8551394533306, "gamma": 0.0006757305317208425}, "datetime": {"datetime": "2021-09-29 20:52:36", "elapsed": 158.750958, "delta": 1.085997}}
{"target": -45.51058831810895, "params": {"C": 3074.1046753755627, "gamma": 0.00027702629547973686}, "datetime": {"datetime": "2021-09-29 20:52:37", "elapsed": 159.901443, "delta": 1.150485}}
{"target": -43.18982722962323, "params": {"C": 3346.650993003273, "gamma": 0.0007656766181055341}, "datetime": {"datetime": "2021-09-29 20:52:39", "elapsed": 161.06833, "delta": 1.166887}}
{"target": -42.62734427547172, "params": {"C": 3736.709839519095, "gamma": 0.0009267776522417286}, "datetime": {"datetime": "2021-09-29 20:52:40", "elapsed": 162.176328, "delta": 1.107998}}
{"target": -42.64350705247093, "params": {"C": 3811.3196058238204, "gamma": 0.0009007826505949925}, "datetime": {"datetime": "2021-09-29 20:52:41", "elapsed": 163.485094, "delta": 1.308766}}
{"target": -44.00480556508004, "params": {"C": 3554.698902304832, "gamma": 0.0004925460225951777}, "datetime": {"datetime": "2021-09-29 20:52:43", "elapsed": 165.055406, "delta": 1.570312}}
{"target": -43.424453477766576, "params": {"C": 3111.3375388712557, "gamma": 0.000733123811536309}, "datetime": {"datetime": "2021-09-29 20:52:44", "elapsed": 166.275405, "delta": 1.219999}}
{"target": -43.98314174194944, "params": {"C": 3963.8116986000487, "gamma": 0.0004486771095546696}, "datetime": {"datetime": "2021-09-29 20:52:45", "elapsed": 167.603251, "delta": 1.327846}}
{"target": -46.61138139359424, "params": {"C": 2886.181493420534, "gamma": 0.0001522379828573553}, "datetime": {"datetime": "2021-09-29 20:52:46", "elapsed": 168.623248, "delta": 1.019997}}
{"target": -42.94262072552168, "params": {"C": 3007.769297092771, "gamma": 0.0009648584437253818}, "datetime": {"datetime": "2021-09-29 20:52:47", "elapsed": 169.988005, "delta": 1.364757}}
{"target": -45.47743226228309, "params": {"C": 3287.7928371013577, "gamma": 0.0002639044303616665}, "datetime": {"datetime": "2021-09-29 20:52:49", "elapsed": 171.226257, "delta": 1.238252}}
{"target": -45.76100748494351, "params": {"C": 3913.693745163351, "gamma": 0.0001913146005968986}, "datetime": {"datetime": "2021-09-29 20:52:50", "elapsed": 172.753253, "delta": 1.526996}}
{"target": -43.80822658980712, "params": {"C": 3497.740312982345, "gamma": 0.0005473921468039971}, "datetime": {"datetime": "2021-09-29 20:52:52", "elapsed": 174.280798, "delta": 1.527545}}
{"target": -44.93140672377493, "params": {"C": 2707.8091112712127, "gamma": 0.00041748518285629715}, "datetime": {"datetime": "2021-09-29 20:52:53", "elapsed": 175.843508, "delta": 1.56271}}
{"target": -45.9312532968895, "params": {"C": 3330.1829783732205, "gamma": 0.00020377070198878718}, "datetime": {"datetime": "2021-09-29 20:52:55", "elapsed": 177.159736, "delta": 1.316228}}
{"target": -42.67612381401459, "params": {"C": 3895.3662983456825, "gamma": 0.000865888556646711}, "datetime": {"datetime": "2021-09-29 20:52:56", "elapsed": 178.365722, "delta": 1.205986}}
{"target": -45.155925088926466, "params": {"C": 3064.1940572103385, "gamma": 0.0003321839818946299}, "datetime": {"datetime": "2021-09-29 20:52:57", "elapsed": 179.524444, "delta": 1.158722}}
{"target": -45.29628010013158, "params": {"C": 3009.3464160742574, "gamma": 0.0003154269084060637}, "datetime": {"datetime": "2021-09-29 20:52:58", "elapsed": 180.858107, "delta": 1.333663}}
{"target": -45.19382819530056, "params": {"C": 3929.5098870503134, "gamma": 0.0002561036495463436}, "datetime": {"datetime": "2021-09-29 20:53:00", "elapsed": 182.536266, "delta": 1.678159}}
{"target": -45.322298316330965, "params": {"C": 3639.7152694298047, "gamma": 0.00025869689809464405}, "datetime": {"datetime": "2021-09-29 20:53:01", "elapsed": 183.853773, "delta": 1.317507}}
{"target": -42.56613580464092, "params": {"C": 3910.7984274448536, "gamma": 0.0009188049260670401}, "datetime": {"datetime": "2021-09-29 20:53:03", "elapsed": 185.301846, "delta": 1.448073}}
