{"target": -35.678059049704935, "params": {"C": 3860.7802744515543, "gamma": 0.07389208959435818}, "datetime": {"datetime": "2021-09-28 15:30:41", "elapsed": 45.624207, "delta": 0.753001}}
{"target": -35.05707151637246, "params": {"C": 3862.744796166164, "gamma": 0.03185840544229821}, "datetime": {"datetime": "2021-09-28 15:30:41", "elapsed": 46.148208, "delta": 0.524001}}
{"target": -35.588540803767714, "params": {"C": 3859.0199634858955, "gamma": 0.06955299842844606}, "datetime": {"datetime": "2021-09-28 15:30:42", "elapsed": 46.772505, "delta": 0.624297}}
{"target": -35.14263086879071, "params": {"C": 3942.812014063914, "gamma": 0.04531882510701333}, "datetime": {"datetime": "2021-09-28 15:30:43", "elapsed": 47.508507, "delta": 0.736002}}
{"target": -35.304528216159596, "params": {"C": 3854.8879551045384, "gamma": 0.05492534147740797}, "datetime": {"datetime": "2021-09-28 15:30:43", "elapsed": 48.238508, "delta": 0.730001}}
{"target": -35.190853826598044, "params": {"C": 3944.9623775779946, "gamma": 0.04864045857235602}, "datetime": {"datetime": "2021-09-28 15:30:44", "elapsed": 48.924517, "delta": 0.686009}}
{"target": -35.10168974413948, "params": {"C": 3852.925697857083, "gamma": 0.025152756879753685}, "datetime": {"datetime": "2021-09-28 15:30:45", "elapsed": 49.521177, "delta": 0.59666}}
{"target": -35.43906280162508, "params": {"C": 3856.772607343185, "gamma": 0.014411608068371478}, "datetime": {"datetime": "2021-09-28 15:30:45", "elapsed": 50.059174, "delta": 0.537997}}
{"target": -36.37432764366853, "params": {"C": 3491.276611244647, "gamma": 0.003}, "datetime": {"datetime": "2021-09-28 15:30:46", "elapsed": 50.969568, "delta": 0.910394}}
{"target": -35.6088750667881, "params": {"C": 3889.7127603912654, "gamma": 0.07081360584208714}, "datetime": {"datetime": "2021-09-28 15:30:47", "elapsed": 51.665572, "delta": 0.696004}}
{"target": -35.13067911637708, "params": {"C": 3713.8679124433925, "gamma": 0.04003580221416004}, "datetime": {"datetime": "2021-09-28 15:30:47", "elapsed": 52.176568, "delta": 0.510996}}
{"target": -35.29701975611755, "params": {"C": 3448.554717662795, "gamma": 0.049526687543391866}, "datetime": {"datetime": "2021-09-28 15:30:48", "elapsed": 52.738345, "delta": 0.561777}}
{"target": -35.139036287638206, "params": {"C": 3763.7886740450076, "gamma": 0.02309734319944852}, "datetime": {"datetime": "2021-09-28 15:30:48", "elapsed": 53.240344, "delta": 0.501999}}
{"target": -35.69228455223977, "params": {"C": 3383.5657107819125, "gamma": 0.06969155139105139}, "datetime": {"datetime": "2021-09-28 15:30:49", "elapsed": 53.814447, "delta": 0.574103}}
{"target": -35.60703686414396, "params": {"C": 3861.7119737442063, "gamma": 0.011464925561330625}, "datetime": {"datetime": "2021-09-28 15:30:50", "elapsed": 54.337127, "delta": 0.52268}}
{"target": -35.78727140785005, "params": {"C": 3535.563728182914, "gamma": 0.008702498326439158}, "datetime": {"datetime": "2021-09-28 15:30:50", "elapsed": 55.017347, "delta": 0.68022}}
{"target": -35.38297596518272, "params": {"C": 3142.456413053359, "gamma": 0.01663228082804163}, "datetime": {"datetime": "2021-09-28 15:30:51", "elapsed": 55.56535, "delta": 0.548003}}
{"target": -35.07012317966392, "params": {"C": 3834.289133002173, "gamma": 0.03522784513514094}, "datetime": {"datetime": "2021-09-28 15:30:51", "elapsed": 56.110345, "delta": 0.544995}}
{"target": -35.31897011986688, "params": {"C": 3790.3755005819444, "gamma": 0.05511640259890177}, "datetime": {"datetime": "2021-09-28 15:30:52", "elapsed": 56.779887, "delta": 0.669542}}
{"target": -36.18077371989928, "params": {"C": 3085.7912086367905, "gamma": 0.004686849966479714}, "datetime": {"datetime": "2021-09-28 15:30:53", "elapsed": 57.301884, "delta": 0.521997}}
{"target": -35.19447726106503, "params": {"C": 3121.3839180655086, "gamma": 0.029302364126123335}, "datetime": {"datetime": "2021-09-28 15:30:53", "elapsed": 58.039888, "delta": 0.738004}}
{"target": -35.25173365547424, "params": {"C": 3911.316812881783, "gamma": 0.05235093894573865}, "datetime": {"datetime": "2021-09-28 15:30:54", "elapsed": 58.670102, "delta": 0.630214}}
{"target": -35.41318837838728, "params": {"C": 3287.775375325598, "gamma": 0.015719620600296864}, "datetime": {"datetime": "2021-09-28 15:30:55", "elapsed": 59.455006, "delta": 0.784904}}
{"target": -35.15968977902887, "params": {"C": 3552.210014884965, "gamma": 0.023717629694156164}, "datetime": {"datetime": "2021-09-28 15:30:56", "elapsed": 60.588346, "delta": 1.13334}}
{"target": -35.65928254722491, "params": {"C": 3601.427405200817, "gamma": 0.07067181365245237}, "datetime": {"datetime": "2021-09-28 15:30:56", "elapsed": 61.215346, "delta": 0.627}}
{"target": -35.5560596207798, "params": {"C": 3578.622019275631, "gamma": 0.06524946749956295}, "datetime": {"datetime": "2021-09-28 15:30:57", "elapsed": 61.735347, "delta": 0.520001}}
{"target": -35.21615138576449, "params": {"C": 3740.060768787809, "gamma": 0.019520311939908812}, "datetime": {"datetime": "2021-09-28 15:30:58", "elapsed": 62.701124, "delta": 0.965777}}
{"target": -35.752508818697684, "params": {"C": 3951.9984876896688, "gamma": 0.008969560724087316}, "datetime": {"datetime": "2021-09-28 15:30:59", "elapsed": 63.468126, "delta": 0.767002}}
{"target": -35.34343852616597, "params": {"C": 3264.114454846006, "gamma": 0.05010294305646607}, "datetime": {"datetime": "2021-09-28 15:30:59", "elapsed": 64.071292, "delta": 0.603166}}
{"target": -35.15039362656129, "params": {"C": 3965.3979460600644, "gamma": 0.02116064412668042}, "datetime": {"datetime": "2021-09-28 15:31:00", "elapsed": 64.64863, "delta": 0.577338}}
{"target": -35.33400398333508, "params": {"C": 3111.907613310621, "gamma": 0.047434310500604156}, "datetime": {"datetime": "2021-09-28 15:31:00", "elapsed": 65.221635, "delta": 0.573005}}
{"target": -35.30349322544177, "params": {"C": 3953.008385249284, "gamma": 0.05583362613741474}, "datetime": {"datetime": "2021-09-28 15:31:01", "elapsed": 65.796637, "delta": 0.575002}}
{"target": -35.93175179471061, "params": {"C": 3275.589942066583, "gamma": 0.07895424891788448}, "datetime": {"datetime": "2021-09-28 15:31:02", "elapsed": 66.43791, "delta": 0.641273}}
{"target": -35.79645773784586, "params": {"C": 3989.1606037611414, "gamma": 0.07997476903118537}, "datetime": {"datetime": "2021-09-28 15:31:02", "elapsed": 67.214906, "delta": 0.776996}}
{"target": -35.14964700256629, "params": {"C": 3342.4190483972134, "gamma": 0.031827598434447}, "datetime": {"datetime": "2021-09-28 15:31:03", "elapsed": 67.92291, "delta": 0.708004}}
{"target": -35.27320181593184, "params": {"C": 3532.0931875108417, "gamma": 0.04904350246880736}, "datetime": {"datetime": "2021-09-28 15:31:04", "elapsed": 68.858453, "delta": 0.935543}}
{"target": -35.47282571563613, "params": {"C": 3466.5012960268814, "gamma": 0.014267012382642198}, "datetime": {"datetime": "2021-09-28 15:31:05", "elapsed": 69.690981, "delta": 0.832528}}
{"target": -35.76418133521949, "params": {"C": 3532.7797638740835, "gamma": 0.0746312225867983}, "datetime": {"datetime": "2021-09-28 15:31:06", "elapsed": 70.702407, "delta": 1.011426}}
{"target": -35.14594113270724, "params": {"C": 3456.0130106806064, "gamma": 0.036114744564152104}, "datetime": {"datetime": "2021-09-28 15:31:07", "elapsed": 71.341408, "delta": 0.639001}}
{"target": -36.055586608348555, "params": {"C": 3684.98479138493, "gamma": 0.005553324745387297}, "datetime": {"datetime": "2021-09-28 15:31:07", "elapsed": 72.021405, "delta": 0.679997}}
{"target": -35.64002821456958, "params": {"C": 3415.3863610324897, "gamma": 0.06765384406274746}, "datetime": {"datetime": "2021-09-28 15:31:08", "elapsed": 72.748567, "delta": 0.727162}}
{"target": -35.23274029774165, "params": {"C": 3797.7466665062957, "gamma": 0.04967681056834497}, "datetime": {"datetime": "2021-09-28 15:31:09", "elapsed": 73.608619, "delta": 0.860052}}
{"target": -35.99288277170257, "params": {"C": 3135.3755645030615, "gamma": 0.07997262857400808}, "datetime": {"datetime": "2021-09-28 15:31:10", "elapsed": 74.409056, "delta": 0.800437}}
{"target": -35.132948532927045, "params": {"C": 3562.008987816283, "gamma": 0.036927921570995434}, "datetime": {"datetime": "2021-09-28 15:31:10", "elapsed": 75.168851, "delta": 0.759795}}
{"target": -35.05978477231335, "params": {"C": 3940.2149606410867, "gamma": 0.028541944176319417}, "datetime": {"datetime": "2021-09-28 15:31:11", "elapsed": 75.934852, "delta": 0.766001}}
{"target": -35.14170779421061, "params": {"C": 3518.7645987578835, "gamma": 0.02588347080183907}, "datetime": {"datetime": "2021-09-28 15:31:12", "elapsed": 76.60316, "delta": 0.668308}}
{"target": -35.3541512165509, "params": {"C": 3779.411919429379, "gamma": 0.05704459692123947}, "datetime": {"datetime": "2021-09-28 15:31:12", "elapsed": 77.216162, "delta": 0.613002}}
{"target": -35.39209753884703, "params": {"C": 3035.622263980152, "gamma": 0.05009939886657885}, "datetime": {"datetime": "2021-09-28 15:31:13", "elapsed": 77.800161, "delta": 0.583999}}
{"target": -35.17215454094923, "params": {"C": 3397.562569004614, "gamma": 0.03776658194564901}, "datetime": {"datetime": "2021-09-28 15:31:14", "elapsed": 78.494034, "delta": 0.693873}}
{"target": -35.13003901835263, "params": {"C": 3745.0029613417764, "gamma": 0.023748431709153084}, "datetime": {"datetime": "2021-09-28 15:31:15", "elapsed": 79.444776, "delta": 0.950742}}
{"target": -35.28165345538065, "params": {"C": 3109.3359876169634, "gamma": 0.04260283436483836}, "datetime": {"datetime": "2021-09-28 15:31:15", "elapsed": 80.184781, "delta": 0.740005}}
{"target": -35.327698557336504, "params": {"C": 3569.724130473617, "gamma": 0.05307329267875746}, "datetime": {"datetime": "2021-09-28 15:31:16", "elapsed": 80.937664, "delta": 0.752883}}
{"target": -35.23065646983562, "params": {"C": 3970.106276783389, "gamma": 0.05164817846005469}, "datetime": {"datetime": "2021-09-28 15:31:17", "elapsed": 81.852665, "delta": 0.915001}}
{"target": -35.132358066401856, "params": {"C": 3679.842168771873, "gamma": 0.024327702429193594}, "datetime": {"datetime": "2021-09-28 15:31:18", "elapsed": 82.575138, "delta": 0.722473}}
{"target": -35.82353726693622, "params": {"C": 3143.5836504486347, "gamma": 0.008475672225698352}, "datetime": {"datetime": "2021-09-28 15:31:19", "elapsed": 83.351137, "delta": 0.775999}}
{"target": -35.810460044845435, "params": {"C": 3788.6171049653876, "gamma": 0.07887775931896616}, "datetime": {"datetime": "2021-09-28 15:31:19", "elapsed": 84.195084, "delta": 0.843947}}
{"target": -35.11473823173757, "params": {"C": 3874.21144886093, "gamma": 0.041767332983525}, "datetime": {"datetime": "2021-09-28 15:31:20", "elapsed": 84.995089, "delta": 0.800005}}
{"target": -35.152492047823074, "params": {"C": 3442.8767930824856, "gamma": 0.02590250536835885}, "datetime": {"datetime": "2021-09-28 15:31:21", "elapsed": 85.81909, "delta": 0.824001}}
{"target": -35.82281395056777, "params": {"C": 3287.5931415100245, "gamma": 0.07450129500896517}, "datetime": {"datetime": "2021-09-28 15:31:22", "elapsed": 86.66155, "delta": 0.84246}}
{"target": -35.396789883653256, "params": {"C": 3079.2735880458827, "gamma": 0.05097685859130593}, "datetime": {"datetime": "2021-09-28 15:31:23", "elapsed": 87.58555, "delta": 0.924}}
{"target": -35.97336588364672, "params": {"C": 3982.5043793735817, "gamma": 0.006248388189066624}, "datetime": {"datetime": "2021-09-28 15:31:24", "elapsed": 88.387552, "delta": 0.802002}}
{"target": -35.532050052117484, "params": {"C": 3970.42657252606, "gamma": 0.06772717429470741}, "datetime": {"datetime": "2021-09-28 15:31:24", "elapsed": 89.068383, "delta": 0.680831}}
{"target": -35.445655515664996, "params": {"C": 3217.4575256656685, "gamma": 0.05568177102059613}, "datetime": {"datetime": "2021-09-28 15:31:25", "elapsed": 90.128397, "delta": 1.060014}}
{"target": -35.157457998114396, "params": {"C": 3343.5627172469617, "gamma": 0.0274974475770112}, "datetime": {"datetime": "2021-09-28 15:31:26", "elapsed": 90.851163, "delta": 0.722766}}
{"target": -35.892679555122506, "params": {"C": 3254.6580303132846, "gamma": 0.07706873858595027}, "datetime": {"datetime": "2021-09-28 15:31:27", "elapsed": 91.877161, "delta": 1.025998}}
{"target": -35.28269038276699, "params": {"C": 3389.287916424557, "gamma": 0.018414450015481525}, "datetime": {"datetime": "2021-09-28 15:31:28", "elapsed": 92.605098, "delta": 0.727937}}
{"target": -35.31607110809038, "params": {"C": 3975.873979941432, "gamma": 0.05678989097115436}, "datetime": {"datetime": "2021-09-28 15:31:29", "elapsed": 93.2941, "delta": 0.689002}}
{"target": -35.26721023818495, "params": {"C": 3205.395476400506, "gamma": 0.043267472279280156}, "datetime": {"datetime": "2021-09-28 15:31:29", "elapsed": 93.985097, "delta": 0.690997}}
{"target": -35.0925558107911, "params": {"C": 3989.799617737092, "gamma": 0.02429613185199803}, "datetime": {"datetime": "2021-09-28 15:31:30", "elapsed": 94.903619, "delta": 0.918522}}
{"target": -35.30794367843292, "params": {"C": 3759.806750837119, "gamma": 0.05416862689284891}, "datetime": {"datetime": "2021-09-28 15:31:31", "elapsed": 95.775622, "delta": 0.872003}}
{"target": -35.539722404434535, "params": {"C": 3653.9543018118457, "gamma": 0.06519789442610592}, "datetime": {"datetime": "2021-09-28 15:31:32", "elapsed": 96.76394, "delta": 0.988318}}
{"target": -35.736280603938326, "params": {"C": 3525.1951073678997, "gamma": 0.07339400526726884}, "datetime": {"datetime": "2021-09-28 15:31:33", "elapsed": 97.533939, "delta": 0.769999}}
{"target": -35.097506515873924, "params": {"C": 3901.6134196678695, "gamma": 0.04033239735665152}, "datetime": {"datetime": "2021-09-28 15:31:34", "elapsed": 98.463942, "delta": 0.930003}}
{"target": -35.66532605258241, "params": {"C": 3268.744012824699, "gamma": 0.010832528253336894}, "datetime": {"datetime": "2021-09-28 15:31:34", "elapsed": 99.268378, "delta": 0.804436}}
{"target": -35.548532317680056, "params": {"C": 3939.7497901697834, "gamma": 0.0682758171060925}, "datetime": {"datetime": "2021-09-28 15:31:35", "elapsed": 99.950062, "delta": 0.681684}}
{"target": -35.14986094891132, "params": {"C": 3817.63052127618, "gamma": 0.02212720429212684}, "datetime": {"datetime": "2021-09-28 15:31:36", "elapsed": 100.95494, "delta": 1.004878}}
{"target": -35.1675291466698, "params": {"C": 3281.972809632306, "gamma": 0.03392836819172721}, "datetime": {"datetime": "2021-09-28 15:31:37", "elapsed": 101.805934, "delta": 0.850994}}
{"target": -35.190696713876704, "params": {"C": 3141.289052807281, "gamma": 0.027205459623241914}, "datetime": {"datetime": "2021-09-28 15:31:38", "elapsed": 102.714302, "delta": 0.908368}}
{"target": -35.0667454616464, "params": {"C": 3792.4503208664514, "gamma": 0.0315715874372467}, "datetime": {"datetime": "2021-09-28 15:31:39", "elapsed": 103.717826, "delta": 1.003524}}
{"target": -35.27947223759912, "params": {"C": 3312.699076745478, "gamma": 0.019029605552274134}, "datetime": {"datetime": "2021-09-28 15:31:40", "elapsed": 104.939073, "delta": 1.221247}}
{"target": -35.26935052949487, "params": {"C": 3856.092251223427, "gamma": 0.05284975579244941}, "datetime": {"datetime": "2021-09-28 15:31:41", "elapsed": 105.870074, "delta": 0.931001}}
{"target": -35.20680136105872, "params": {"C": 3059.2363856467146, "gamma": 0.02867735002327222}, "datetime": {"datetime": "2021-09-28 15:31:42", "elapsed": 106.740456, "delta": 0.870382}}
{"target": -35.11514854611745, "params": {"C": 3674.1090295351587, "gamma": 0.02645105651374991}, "datetime": {"datetime": "2021-09-28 15:31:43", "elapsed": 107.938448, "delta": 1.197992}}
{"target": -35.17563431593238, "params": {"C": 3942.166902655515, "gamma": 0.04757004254317534}, "datetime": {"datetime": "2021-09-28 15:31:44", "elapsed": 108.798616, "delta": 0.860168}}
{"target": -35.21677771909273, "params": {"C": 3096.9408788129363, "gamma": 0.03521003379161038}, "datetime": {"datetime": "2021-09-28 15:31:45", "elapsed": 109.687314, "delta": 0.888698}}
{"target": -35.59482611509982, "params": {"C": 3310.132439362256, "gamma": 0.06433817014829213}, "datetime": {"datetime": "2021-09-28 15:31:46", "elapsed": 110.43131, "delta": 0.743996}}
{"target": -35.23199903073966, "params": {"C": 3000.279679200452, "gamma": 0.024951874190538792}, "datetime": {"datetime": "2021-09-28 15:31:47", "elapsed": 111.299479, "delta": 0.868169}}
{"target": -35.35688475237713, "params": {"C": 3564.4330567672605, "gamma": 0.054913238486607285}, "datetime": {"datetime": "2021-09-28 15:31:47", "elapsed": 112.165475, "delta": 0.865996}}
{"target": -35.62509573935602, "params": {"C": 3187.5631122904497, "gamma": 0.06424778010977995}, "datetime": {"datetime": "2021-09-28 15:31:48", "elapsed": 113.06848, "delta": 0.903005}}
{"target": -35.30800000431837, "params": {"C": 3984.524695446409, "gamma": 0.05640376550917848}, "datetime": {"datetime": "2021-09-28 15:31:49", "elapsed": 113.965082, "delta": 0.896602}}
{"target": -35.29787323519195, "params": {"C": 3302.8864956993784, "gamma": 0.04773011932280501}, "datetime": {"datetime": "2021-09-28 15:31:50", "elapsed": 115.051786, "delta": 1.086704}}
{"target": -35.714734785877255, "params": {"C": 3648.19972915588, "gamma": 0.00971572924767673}, "datetime": {"datetime": "2021-09-28 15:31:51", "elapsed": 116.145259, "delta": 1.093473}}
{"target": -35.50344742523996, "params": {"C": 3198.270819747016, "gamma": 0.0585710987993137}, "datetime": {"datetime": "2021-09-28 15:31:52", "elapsed": 117.268516, "delta": 1.123257}}
{"target": -35.80947932518054, "params": {"C": 3753.7267570243275, "gamma": 0.07853582066758598}, "datetime": {"datetime": "2021-09-28 15:31:54", "elapsed": 118.500498, "delta": 1.231982}}
{"target": -35.52522521399603, "params": {"C": 3660.432900636292, "gamma": 0.06453698650599982}, "datetime": {"datetime": "2021-09-28 15:31:54", "elapsed": 119.280431, "delta": 0.779933}}
{"target": -35.19259534814999, "params": {"C": 3168.6878173353143, "gamma": 0.02596692412458159}, "datetime": {"datetime": "2021-09-28 15:31:55", "elapsed": 120.223029, "delta": 0.942598}}
{"target": -35.54607898117819, "params": {"C": 3430.757989626229, "gamma": 0.06320490868462986}, "datetime": {"datetime": "2021-09-28 15:31:56", "elapsed": 121.156576, "delta": 0.933547}}
{"target": -35.67742921492, "params": {"C": 3249.0295651646115, "gamma": 0.06738959269553975}, "datetime": {"datetime": "2021-09-28 15:31:57", "elapsed": 122.010578, "delta": 0.854002}}
{"target": -35.110335172448856, "params": {"C": 3584.0574361167774, "gamma": 0.03448989812925375}, "datetime": {"datetime": "2021-09-28 15:31:58", "elapsed": 123.215247, "delta": 1.204669}}
{"target": -35.32281261539602, "params": {"C": 3427.7798790119746, "gamma": 0.05091864179060422}, "datetime": {"datetime": "2021-09-28 15:32:00", "elapsed": 124.629369, "delta": 1.414122}}
{"target": -35.811721732411186, "params": {"C": 3811.6178627676795, "gamma": 0.0791272959719713}, "datetime": {"datetime": "2021-09-28 15:32:01", "elapsed": 125.753561, "delta": 1.124192}}
{"target": -36.029622114813904, "params": {"C": 3809.9920059643728, "gamma": 0.005755802950707521}, "datetime": {"datetime": "2021-09-28 15:32:02", "elapsed": 127.024502, "delta": 1.270941}}
{"target": -35.14559297844773, "params": {"C": 3998.647263411193, "gamma": 0.046178874566199825}, "datetime": {"datetime": "2021-09-28 15:32:03", "elapsed": 128.075502, "delta": 1.051}}
{"target": -35.78986468809998, "params": {"C": 3940.197843306947, "gamma": 0.0792993596960265}, "datetime": {"datetime": "2021-09-28 15:32:05", "elapsed": 129.360454, "delta": 1.284952}}
{"target": -35.705367564600934, "params": {"C": 3382.7138472963893, "gamma": 0.07028751502527163}, "datetime": {"datetime": "2021-09-28 15:32:06", "elapsed": 130.332454, "delta": 0.972}}
{"target": -35.178372090732815, "params": {"C": 3526.4899768557807, "gamma": 0.0412103938842178}, "datetime": {"datetime": "2021-09-28 15:32:06", "elapsed": 131.243535, "delta": 0.911081}}
{"target": -35.20423381684059, "params": {"C": 3336.1717042065916, "gamma": 0.03983558066322743}, "datetime": {"datetime": "2021-09-28 15:32:08", "elapsed": 132.334538, "delta": 1.091003}}
{"target": -35.95607608274169, "params": {"C": 3771.849004812829, "gamma": 0.006535984230848092}, "datetime": {"datetime": "2021-09-28 15:32:09", "elapsed": 133.410574, "delta": 1.076036}}
{"target": -35.78449506767163, "params": {"C": 3935.5795946414755, "gamma": 0.07903856722516184}, "datetime": {"datetime": "2021-09-28 15:32:10", "elapsed": 134.621787, "delta": 1.211213}}
{"target": -35.6359694113772, "params": {"C": 3362.446277354784, "gamma": 0.011232268291834994}, "datetime": {"datetime": "2021-09-28 15:32:11", "elapsed": 135.857786, "delta": 1.235999}}
{"target": -35.20039940922679, "params": {"C": 3223.223891912181, "gamma": 0.024474058802112456}, "datetime": {"datetime": "2021-09-28 15:32:12", "elapsed": 137.033316, "delta": 1.17553}}
{"target": -35.92234893611245, "params": {"C": 3325.156591973891, "gamma": 0.07909940042272433}, "datetime": {"datetime": "2021-09-28 15:32:14", "elapsed": 138.322309, "delta": 1.288993}}
{"target": -35.06311217012157, "params": {"C": 3896.875368647928, "gamma": 0.02895367350935459}, "datetime": {"datetime": "2021-09-28 15:32:15", "elapsed": 139.557321, "delta": 1.235012}}
{"target": -35.19843055026029, "params": {"C": 3949.9917689685076, "gamma": 0.01921140173969542}, "datetime": {"datetime": "2021-09-28 15:32:16", "elapsed": 140.543319, "delta": 0.985998}}
{"target": -35.23101166683911, "params": {"C": 3626.968236415656, "gamma": 0.019475854254889576}, "datetime": {"datetime": "2021-09-28 15:32:17", "elapsed": 141.699852, "delta": 1.156533}}
{"target": -35.361710612619014, "params": {"C": 3794.820447733855, "gamma": 0.05764009408795837}, "datetime": {"datetime": "2021-09-28 15:32:18", "elapsed": 142.914434, "delta": 1.214582}}
{"target": -35.17856243429033, "params": {"C": 3827.319526785278, "gamma": 0.020701146714498415}, "datetime": {"datetime": "2021-09-28 15:32:19", "elapsed": 144.020856, "delta": 1.106422}}
