{"target": -43.105122337339516, "params": {"C": 722.38360381671, "gamma": 0.1420405531540875}, "datetime": {"datetime": "2021-09-29 17:03:13", "elapsed": 219.876758, "delta": 1.933478}}
{"target": -41.70060926827958, "params": {"C": 721.7033278581266, "gamma": 0.06199979160639139}, "datetime": {"datetime": "2021-09-29 17:03:15", "elapsed": 221.485902, "delta": 1.609144}}
{"target": -46.8896958526917, "params": {"C": 311.60885120366254, "gamma": 0.39838847707241154}, "datetime": {"datetime": "2021-09-29 17:03:16", "elapsed": 222.715902, "delta": 1.23}}
{"target": -46.37465687856942, "params": {"C": 900.9490747279182, "gamma": 0.4891827707555167}, "datetime": {"datetime": "2021-09-29 17:03:17", "elapsed": 223.89272, "delta": 1.176818}}
{"target": -44.62064536657098, "params": {"C": 425.9236036612118, "gamma": 0.19369072334254556}, "datetime": {"datetime": "2021-09-29 17:03:18", "elapsed": 225.014442, "delta": 1.121722}}
{"target": -43.68191461641053, "params": {"C": 721.7806165226542, "gamma": 0.17561711953839762}, "datetime": {"datetime": "2021-09-29 17:03:21", "elapsed": 227.222427, "delta": 2.207985}}
{"target": -42.5902823605534, "params": {"C": 817.4745444698294, "gamma": 0.12009856770264986}, "datetime": {"datetime": "2021-09-29 17:03:22", "elapsed": 229.156635, "delta": 1.934208}}
{"target": -46.51831266120921, "params": {"C": 722.4593702811487, "gamma": 0.001413229298361354}, "datetime": {"datetime": "2021-09-29 17:03:25", "elapsed": 231.545813, "delta": 2.389178}}
{"target": -41.62769598623437, "params": {"C": 721.5763851929415, "gamma": 0.05282855310207128}, "datetime": {"datetime": "2021-09-29 17:03:26", "elapsed": 233.002815, "delta": 1.457002}}
{"target": -47.42379610076489, "params": {"C": 25.59645149413506, "gamma": 0.048625584977277946}, "datetime": {"datetime": "2021-09-29 17:03:28", "elapsed": 234.234495, "delta": 1.23168}}
{"target": -47.117081508583716, "params": {"C": 348.50623775762546, "gamma": 0.4768699506332128}, "datetime": {"datetime": "2021-09-29 17:03:29", "elapsed": 235.388608, "delta": 1.154113}}
{"target": -43.97360814204821, "params": {"C": 721.5079904664863, "gamma": 0.1943159742362195}, "datetime": {"datetime": "2021-09-29 17:03:31", "elapsed": 237.603324, "delta": 2.214716}}
{"target": -42.152662187875606, "params": {"C": 817.6034972152352, "gamma": 0.09747085855168118}, "datetime": {"datetime": "2021-09-29 17:03:32", "elapsed": 239.026323, "delta": 1.422999}}
{"target": -43.046301715755796, "params": {"C": 721.6397850237306, "gamma": 0.011540843223691376}, "datetime": {"datetime": "2021-09-29 17:03:34", "elapsed": 240.964545, "delta": 1.938222}}
{"target": -44.258572604584415, "params": {"C": 794.659916752699, "gamma": 0.2202866516834567}, "datetime": {"datetime": "2021-09-29 17:03:36", "elapsed": 242.262597, "delta": 1.298052}}
{"target": -47.39393739848082, "params": {"C": 231.7965725471493, "gamma": 0.46497107930956744}, "datetime": {"datetime": "2021-09-29 17:03:37", "elapsed": 243.543728, "delta": 1.281131}}
{"target": -43.26893837948795, "params": {"C": 817.4929360842763, "gamma": 0.008689112208895292}, "datetime": {"datetime": "2021-09-29 17:03:39", "elapsed": 245.415837, "delta": 1.872109}}
{"target": -43.47886416426793, "params": {"C": 721.6138454213177, "gamma": 0.16331713220900024}, "datetime": {"datetime": "2021-09-29 17:03:41", "elapsed": 247.27301, "delta": 1.857173}}
{"target": -43.88257053416682, "params": {"C": 931.7650823128162, "gamma": 0.20107378410971494}, "datetime": {"datetime": "2021-09-29 17:03:42", "elapsed": 248.556011, "delta": 1.283001}}
{"target": -44.788537749283726, "params": {"C": 555.9586653044144, "gamma": 0.2322274037212595}, "datetime": {"datetime": "2021-09-29 17:03:43", "elapsed": 249.774994, "delta": 1.218983}}
{"target": -44.11730774168156, "params": {"C": 817.6355839193784, "gamma": 0.2116067382167874}, "datetime": {"datetime": "2021-09-29 17:03:45", "elapsed": 251.454102, "delta": 1.679108}}
{"target": -46.34681640527556, "params": {"C": 505.0632627283107, "gamma": 0.38915068695312377}, "datetime": {"datetime": "2021-09-29 17:03:46", "elapsed": 252.631107, "delta": 1.177005}}
{"target": -46.77975973308733, "params": {"C": 562.4772085958997, "gamma": 0.49485536704494776}, "datetime": {"datetime": "2021-09-29 17:03:47", "elapsed": 253.85219, "delta": 1.221083}}
{"target": -42.25838712387172, "params": {"C": 817.668461740731, "gamma": 0.017462299594725852}, "datetime": {"datetime": "2021-09-29 17:03:49", "elapsed": 255.817677, "delta": 1.965487}}
{"target": -42.95044226748377, "params": {"C": 605.3661146544929, "gamma": 0.12330295209971394}, "datetime": {"datetime": "2021-09-29 17:03:52", "elapsed": 258.252955, "delta": 2.435278}}
{"target": -41.652294040633905, "params": {"C": 721.4203454887383, "gamma": 0.056715654310582356}, "datetime": {"datetime": "2021-09-29 17:03:54", "elapsed": 260.256882, "delta": 2.003927}}
{"target": -41.4718699718936, "params": {"C": 817.7759571705541, "gamma": 0.0515953697486239}, "datetime": {"datetime": "2021-09-29 17:03:55", "elapsed": 261.695068, "delta": 1.438186}}
{"target": -42.52934009445867, "params": {"C": 817.8739966546327, "gamma": 0.11695270839685284}, "datetime": {"datetime": "2021-09-29 17:03:57", "elapsed": 263.279466, "delta": 1.584398}}
{"target": -43.90895742531665, "params": {"C": 471.82470385229715, "gamma": 0.01105837460202938}, "datetime": {"datetime": "2021-09-29 17:03:58", "elapsed": 265.146113, "delta": 1.866647}}
{"target": -42.209643420805826, "params": {"C": 817.8273554593163, "gamma": 0.01812472052492372}, "datetime": {"datetime": "2021-09-29 17:04:00", "elapsed": 266.689878, "delta": 1.543765}}
{"target": -42.17247687928215, "params": {"C": 895.6656627344237, "gamma": 0.1019942448102052}, "datetime": {"datetime": "2021-09-29 17:04:02", "elapsed": 268.897307, "delta": 2.207429}}
{"target": -44.37917023170843, "params": {"C": 817.7985399560961, "gamma": 0.23121681553101933}, "datetime": {"datetime": "2021-09-29 17:04:05", "elapsed": 271.287256, "delta": 2.389949}}
{"target": -43.46996775536912, "params": {"C": 894.211684108381, "gamma": 0.1725970212336103}, "datetime": {"datetime": "2021-09-29 17:04:06", "elapsed": 273.00141, "delta": 1.714154}}
{"target": -44.72691647024603, "params": {"C": 721.7633769711912, "gamma": 0.004226506718019243}, "datetime": {"datetime": "2021-09-29 17:04:08", "elapsed": 274.917932, "delta": 1.916522}}
{"target": -42.66941830243968, "params": {"C": 879.4324254038047, "gamma": 0.12689104320566827}, "datetime": {"datetime": "2021-09-29 17:04:10", "elapsed": 276.767144, "delta": 1.849212}}
{"target": -41.73469571751151, "params": {"C": 721.2707985604463, "gamma": 0.03404024009315502}, "datetime": {"datetime": "2021-09-29 17:04:12", "elapsed": 278.849995, "delta": 2.082851}}
{"target": -45.5053940773953, "params": {"C": 585.0410569985299, "gamma": 0.3021318069303634}, "datetime": {"datetime": "2021-09-29 17:04:14", "elapsed": 280.195299, "delta": 1.345304}}
{"target": -45.07978637069957, "params": {"C": 722.3904568055846, "gamma": 0.2819734887094247}, "datetime": {"datetime": "2021-09-29 17:04:15", "elapsed": 281.775299, "delta": 1.58}}
{"target": -41.46406467744493, "params": {"C": 848.6433098769401, "gamma": 0.056271248378181205}, "datetime": {"datetime": "2021-09-29 17:04:16", "elapsed": 283.011293, "delta": 1.235994}}
{"target": -42.98935077581112, "params": {"C": 721.3758854319655, "gamma": 0.13563131587575142}, "datetime": {"datetime": "2021-09-29 17:04:18", "elapsed": 285.147429, "delta": 2.136136}}
{"target": -42.66557997688581, "params": {"C": 848.5090142034179, "gamma": 0.1254482237761583}, "datetime": {"datetime": "2021-09-29 17:04:20", "elapsed": 287.066684, "delta": 1.919255}}
{"target": -42.05492600943165, "params": {"C": 721.2107420186261, "gamma": 0.0857512615141769}, "datetime": {"datetime": "2021-09-29 17:04:23", "elapsed": 289.234399, "delta": 2.167715}}
{"target": -42.72206601710943, "params": {"C": 848.6843104559139, "gamma": 0.12842633553827001}, "datetime": {"datetime": "2021-09-29 17:04:25", "elapsed": 291.308163, "delta": 2.073764}}
{"target": -42.405797100659534, "params": {"C": 558.3309403034812, "gamma": 0.02561397975127543}, "datetime": {"datetime": "2021-09-29 17:04:26", "elapsed": 292.675597, "delta": 1.367434}}
{"target": -42.13151212402326, "params": {"C": 558.4220296802197, "gamma": 0.06920699122715275}, "datetime": {"datetime": "2021-09-29 17:04:28", "elapsed": 294.848919, "delta": 2.173322}}
{"target": -42.06118691632594, "params": {"C": 721.474701037871, "gamma": 0.023897803927672417}, "datetime": {"datetime": "2021-09-29 17:04:30", "elapsed": 296.518744, "delta": 1.669825}}
{"target": -41.64384014889561, "params": {"C": 721.7153500259875, "gamma": 0.05562174372283464}, "datetime": {"datetime": "2021-09-29 17:04:31", "elapsed": 297.944555, "delta": 1.425811}}
{"target": -42.96000113472342, "params": {"C": 558.522292662013, "gamma": 0.11826930607275013}, "datetime": {"datetime": "2021-09-29 17:04:33", "elapsed": 300.03009, "delta": 2.085535}}
{"target": -42.421550562842086, "params": {"C": 894.9812246193367, "gamma": 0.014003930876971733}, "datetime": {"datetime": "2021-09-29 17:04:35", "elapsed": 301.388092, "delta": 1.358002}}
{"target": -45.14459325786154, "params": {"C": 954.8847555152014, "gamma": 0.3119438181649626}, "datetime": {"datetime": "2021-09-29 17:04:36", "elapsed": 302.607586, "delta": 1.219494}}
{"target": -44.5651778649559, "params": {"C": 558.2597483416686, "gamma": 0.21580534245035443}, "datetime": {"datetime": "2021-09-29 17:04:38", "elapsed": 304.627712, "delta": 2.020126}}
{"target": -44.90565282098362, "params": {"C": 848.5482832531467, "gamma": 0.27891944866314866}, "datetime": {"datetime": "2021-09-29 17:04:40", "elapsed": 306.865387, "delta": 2.237675}}
{"target": -41.43406460201687, "params": {"C": 848.7430113832847, "gamma": 0.04071565669288317}, "datetime": {"datetime": "2021-09-29 17:04:42", "elapsed": 309.016572, "delta": 2.151185}}
{"target": -42.80657485732117, "params": {"C": 721.0350493846595, "gamma": 0.013574950928698218}, "datetime": {"datetime": "2021-09-29 17:04:45", "elapsed": 312.033849, "delta": 3.017277}}
{"target": -44.31881707368517, "params": {"C": 848.8765710142343, "gamma": 0.00446005858864554}, "datetime": {"datetime": "2021-09-29 17:04:48", "elapsed": 314.702026, "delta": 2.668177}}
{"target": -46.88357123837028, "params": {"C": 387.4000195321284, "gamma": 0.4410394332110918}, "datetime": {"datetime": "2021-09-29 17:04:49", "elapsed": 315.918646, "delta": 1.21662}}
{"target": -47.260879980789056, "params": {"C": 46.35266334459566, "gamma": 0.14144369794695041}, "datetime": {"datetime": "2021-09-29 17:04:51", "elapsed": 317.38918, "delta": 1.470534}}
{"target": -47.39974238531218, "params": {"C": 219.26933905832985, "gamma": 0.4534525444795113}, "datetime": {"datetime": "2021-09-29 17:04:52", "elapsed": 318.684348, "delta": 1.295168}}
{"target": -44.93927794984473, "params": {"C": 614.8908070807105, "gamma": 0.004464511394374443}, "datetime": {"datetime": "2021-09-29 17:04:54", "elapsed": 320.415364, "delta": 1.731016}}
{"target": -43.76983088370266, "params": {"C": 471.90261901070824, "gamma": 0.15005245736176115}, "datetime": {"datetime": "2021-09-29 17:04:56", "elapsed": 322.264946, "delta": 1.849582}}
{"target": -47.5963838869559, "params": {"C": 104.92729236956659, "gamma": 0.3545133546696411}, "datetime": {"datetime": "2021-09-29 17:04:57", "elapsed": 323.672408, "delta": 1.407462}}
{"target": -41.63065943233474, "params": {"C": 817.9751443407372, "gamma": 0.030944331301843125}, "datetime": {"datetime": "2021-09-29 17:04:59", "elapsed": 325.378101, "delta": 1.705693}}
{"target": -43.97334868851008, "params": {"C": 556.0546884785066, "gamma": 0.008740796219750047}, "datetime": {"datetime": "2021-09-29 17:05:01", "elapsed": 327.30843, "delta": 1.930329}}
{"target": -47.444855180977235, "params": {"C": 239.65400895330905, "gamma": 0.49188914179358867}, "datetime": {"datetime": "2021-09-29 17:05:02", "elapsed": 328.599785, "delta": 1.291355}}
{"target": -41.57130341541615, "params": {"C": 818.0673494880965, "gamma": 0.06291423331312648}, "datetime": {"datetime": "2021-09-29 17:05:04", "elapsed": 330.622949, "delta": 2.023164}}
{"target": -43.69991878184837, "params": {"C": 721.0912640795208, "gamma": 0.17667904806284285}, "datetime": {"datetime": "2021-09-29 17:05:06", "elapsed": 333.120338, "delta": 2.497389}}
{"target": -42.69869738623994, "params": {"C": 879.9648337514049, "gamma": 0.011711503649619232}, "datetime": {"datetime": "2021-09-29 17:05:08", "elapsed": 334.603635, "delta": 1.483297}}
{"target": -45.7669148718869, "params": {"C": 324.12840062282254, "gamma": 0.2528438427906476}, "datetime": {"datetime": "2021-09-29 17:05:09", "elapsed": 336.015212, "delta": 1.411577}}
{"target": -41.44939541394157, "params": {"C": 848.5543401881902, "gamma": 0.05443716645145474}, "datetime": {"datetime": "2021-09-29 17:05:12", "elapsed": 338.799856, "delta": 2.784644}}
{"target": -42.14398314623323, "params": {"C": 818.1792569974633, "gamma": 0.09704856301403875}, "datetime": {"datetime": "2021-09-29 17:05:14", "elapsed": 340.218747, "delta": 1.418891}}
{"target": -42.14008543863249, "params": {"C": 560.1358372917534, "gamma": 0.07025607816623505}, "datetime": {"datetime": "2021-09-29 17:05:15", "elapsed": 341.682761, "delta": 1.464014}}
{"target": -43.82123100651426, "params": {"C": 818.0337351543012, "gamma": 0.19122326692356928}, "datetime": {"datetime": "2021-09-29 17:05:17", "elapsed": 344.091434, "delta": 2.408673}}
{"target": -42.25157572236679, "params": {"C": 560.00696756538, "gamma": 0.07819645556029348}, "datetime": {"datetime": "2021-09-29 17:05:20", "elapsed": 347.088635, "delta": 2.997201}}
{"target": -46.60042338521808, "params": {"C": 215.03497848712183, "gamma": 0.28556572406165665}, "datetime": {"datetime": "2021-09-29 17:05:22", "elapsed": 348.510906, "delta": 1.422271}}
{"target": -41.68432892534803, "params": {"C": 722.2202661440015, "gamma": 0.06050605585911659}, "datetime": {"datetime": "2021-09-29 17:05:23", "elapsed": 350.006401, "delta": 1.495495}}
{"target": -42.9947922012613, "params": {"C": 818.1193816057702, "gamma": 0.010373709099580929}, "datetime": {"datetime": "2021-09-29 17:05:25", "elapsed": 352.033064, "delta": 2.026663}}
{"target": -43.5497246680388, "params": {"C": 560.1146094745485, "gamma": 0.1510670871476727}, "datetime": {"datetime": "2021-09-29 17:05:27", "elapsed": 354.085389, "delta": 2.052325}}
{"target": -46.23817280250482, "params": {"C": 861.8777934122094, "gamma": 0.45530837289134557}, "datetime": {"datetime": "2021-09-29 17:05:29", "elapsed": 355.598965, "delta": 1.513576}}
{"target": -43.45085487100345, "params": {"C": 818.3346934210746, "gamma": 0.1678806397885574}, "datetime": {"datetime": "2021-09-29 17:05:32", "elapsed": 358.426239, "delta": 2.827274}}
{"target": -42.238433998593536, "params": {"C": 721.7906361970482, "gamma": 0.09588531510953824}, "datetime": {"datetime": "2021-09-29 17:05:34", "elapsed": 360.321405, "delta": 1.895166}}
{"target": -46.81604652154397, "params": {"C": 560.0767934467392, "gamma": 0.001457449756798871}, "datetime": {"datetime": "2021-09-29 17:05:36", "elapsed": 362.878152, "delta": 2.556747}}
{"target": -44.151103566681215, "params": {"C": 559.8627853043002, "gamma": 0.18761709789321268}, "datetime": {"datetime": "2021-09-29 17:05:38", "elapsed": 364.927341, "delta": 2.049189}}
{"target": -42.42905269067598, "params": {"C": 817.7089205746512, "gamma": 0.11176071787285076}, "datetime": {"datetime": "2021-09-29 17:05:41", "elapsed": 367.333349, "delta": 2.406008}}
{"target": -41.53490728227385, "params": {"C": 818.2944109327957, "gamma": 0.03564072532633156}, "datetime": {"datetime": "2021-09-29 17:05:43", "elapsed": 369.986191, "delta": 2.652842}}
{"target": -41.80256503551132, "params": {"C": 720.8908676902344, "gamma": 0.07005013465532431}, "datetime": {"datetime": "2021-09-29 17:05:46", "elapsed": 372.384515, "delta": 2.398324}}
{"target": -41.818104097689776, "params": {"C": 818.4065203918524, "gamma": 0.025230354165821874}, "datetime": {"datetime": "2021-09-29 17:05:48", "elapsed": 374.736656, "delta": 2.352141}}
{"target": -45.532514860923804, "params": {"C": 233.15884613252942, "gamma": 0.18975683980385719}, "datetime": {"datetime": "2021-09-29 17:05:50", "elapsed": 376.2202, "delta": 1.483544}}
{"target": -43.044075980217876, "params": {"C": 560.2624007023093, "gamma": 0.12303982231028625}, "datetime": {"datetime": "2021-09-29 17:05:52", "elapsed": 378.839899, "delta": 2.619699}}
{"target": -43.37262088035607, "params": {"C": 720.833050470122, "gamma": 0.15704039601507097}, "datetime": {"datetime": "2021-09-29 17:05:55", "elapsed": 381.491982, "delta": 2.652083}}
{"target": -44.34243962936874, "params": {"C": 721.9706752631009, "gamma": 0.005250263810484141}, "datetime": {"datetime": "2021-09-29 17:05:58", "elapsed": 384.773367, "delta": 3.281385}}
{"target": -43.7641073446277, "params": {"C": 720.7504351460781, "gamma": 0.007366648793406186}, "datetime": {"datetime": "2021-09-29 17:06:00", "elapsed": 387.026575, "delta": 2.253208}}
{"target": -46.631557066537304, "params": {"C": 416.08223162289613, "gamma": 0.4037867972703185}, "datetime": {"datetime": "2021-09-29 17:06:02", "elapsed": 388.587936, "delta": 1.561361}}
{"target": -44.581309300733146, "params": {"C": 722.1392729722008, "gamma": 0.004584903830594881}, "datetime": {"datetime": "2021-09-29 17:06:04", "elapsed": 390.80098, "delta": 2.213044}}
{"target": -43.15786876697655, "params": {"C": 818.4921402973557, "gamma": 0.15079700112191588}, "datetime": {"datetime": "2021-09-29 17:06:08", "elapsed": 394.59869, "delta": 3.79771}}
{"target": -42.23502539327471, "params": {"C": 722.3169816137834, "gamma": 0.09574255364155324}, "datetime": {"datetime": "2021-09-29 17:06:12", "elapsed": 398.762464, "delta": 4.163774}}
{"target": -43.42160675093075, "params": {"C": 723.7895244067615, "gamma": 0.16011218252330162}, "datetime": {"datetime": "2021-09-29 17:06:14", "elapsed": 400.415372, "delta": 1.652908}}
{"target": -46.79915950463883, "params": {"C": 818.5120924725809, "gamma": 0.001}, "datetime": {"datetime": "2021-09-29 17:06:17", "elapsed": 403.43567, "delta": 3.020298}}
{"target": -43.19744477417255, "params": {"C": 551.6969058156084, "gamma": 0.1302724453342974}, "datetime": {"datetime": "2021-09-29 17:06:19", "elapsed": 405.827538, "delta": 2.391868}}
{"target": -42.09036188400921, "params": {"C": 848.4203780932382, "gamma": 0.0957726129048199}, "datetime": {"datetime": "2021-09-29 17:06:22", "elapsed": 408.348853, "delta": 2.521315}}
{"target": -41.87911586244753, "params": {"C": 848.3432391127348, "gamma": 0.084546829494805}, "datetime": {"datetime": "2021-09-29 17:06:24", "elapsed": 410.920917, "delta": 2.572064}}
{"target": -42.851871686878376, "params": {"C": 720.9700697529154, "gamma": 0.1282031483739826}, "datetime": {"datetime": "2021-09-29 17:06:27", "elapsed": 413.528113, "delta": 2.607196}}
{"target": -43.76777477317223, "params": {"C": 895.572227634728, "gamma": 0.005787297169489568}, "datetime": {"datetime": "2021-09-29 17:06:30", "elapsed": 417.066914, "delta": 3.538801}}
{"target": -46.20724007589768, "params": {"C": 869.5754365323389, "gamma": 0.4508258736298899}, "datetime": {"datetime": "2021-09-29 17:06:32", "elapsed": 418.861082, "delta": 1.794168}}
{"target": -43.73887532307189, "params": {"C": 848.3581475194579, "gamma": 0.18752217092203186}, "datetime": {"datetime": "2021-09-29 17:06:34", "elapsed": 421.10377, "delta": 2.242688}}
{"target": -41.49497006841691, "params": {"C": 817.2520137669211, "gamma": 0.038921153648240475}, "datetime": {"datetime": "2021-09-29 17:06:38", "elapsed": 424.549089, "delta": 3.445319}}
{"target": -42.46422945408114, "params": {"C": 848.4204330850886, "gamma": 0.014386678958306271}, "datetime": {"datetime": "2021-09-29 17:06:40", "elapsed": 427.06569, "delta": 2.516601}}
{"target": -41.55696156624746, "params": {"C": 822.8236346221222, "gamma": 0.03394070499466281}, "datetime": {"datetime": "2021-09-29 17:06:44", "elapsed": 430.398021, "delta": 3.332331}}
{"target": -45.55221847956784, "params": {"C": 977.7321202101795, "gamma": 0.36278238985360056}, "datetime": {"datetime": "2021-09-29 17:06:45", "elapsed": 432.087022, "delta": 1.689001}}
{"target": -44.46825447108291, "params": {"C": 605.4923006261072, "gamma": 0.005939443613780924}, "datetime": {"datetime": "2021-09-29 17:06:48", "elapsed": 434.735199, "delta": 2.648177}}
{"target": -46.78715869220525, "params": {"C": 468.98001287624277, "gamma": 0.4587443272648976}, "datetime": {"datetime": "2021-09-29 17:06:50", "elapsed": 436.882099, "delta": 2.1469}}
{"target": -42.671594489151666, "params": {"C": 614.7365711259977, "gamma": 0.018103557356062373}, "datetime": {"datetime": "2021-09-29 17:06:53", "elapsed": 439.330465, "delta": 2.448366}}
{"target": -42.51582214654231, "params": {"C": 822.6928462004047, "gamma": 0.116485546402168}, "datetime": {"datetime": "2021-09-29 17:06:56", "elapsed": 442.556543, "delta": 3.226078}}
{"target": -42.869632578274945, "params": {"C": 558.5355124363425, "gamma": 0.01774778315351965}, "datetime": {"datetime": "2021-09-29 17:06:58", "elapsed": 445.079238, "delta": 2.522695}}
{"target": -41.56707945238449, "params": {"C": 848.1967713509289, "gamma": 0.031609930447304674}, "datetime": {"datetime": "2021-09-29 17:07:01", "elapsed": 447.198324, "delta": 2.119086}}
{"target": -43.08174491315302, "params": {"C": 848.1688301259617, "gamma": 0.14791778672543257}, "datetime": {"datetime": "2021-09-29 17:07:04", "elapsed": 450.210956, "delta": 3.012632}}
{"target": -45.075300980385386, "params": {"C": 605.4244981044334, "gamma": 0.26444041416948344}, "datetime": {"datetime": "2021-09-29 17:07:06", "elapsed": 452.611416, "delta": 2.40046}}
{"target": -43.9429021769794, "params": {"C": 822.7661284420049, "gamma": 0.005725438899217253}, "datetime": {"datetime": "2021-09-29 17:07:10", "elapsed": 456.455479, "delta": 3.844063}}
