{"target": -36.505050944497555, "params": {"C": 926.7074661416011, "gamma": 0.027041189321256317}, "datetime": {"datetime": "2021-09-28 13:29:15", "elapsed": 323.71241, "delta": 2.381757}}
{"target": -36.672136623375316, "params": {"C": 729.3807409901192, "gamma": 0.10341593054945146}, "datetime": {"datetime": "2021-09-28 13:29:16", "elapsed": 325.076488, "delta": 1.364078}}
{"target": -35.89746976158549, "params": {"C": 889.3208269485658, "gamma": 0.05321510653823588}, "datetime": {"datetime": "2021-09-28 13:29:20", "elapsed": 328.700027, "delta": 3.623539}}
{"target": -38.895235254096235, "params": {"C": 805.5991274874236, "gamma": 0.006730502206519764}, "datetime": {"datetime": "2021-09-28 13:29:21", "elapsed": 330.111027, "delta": 1.411}}
{"target": -36.453104049068294, "params": {"C": 823.8782131298312, "gamma": 0.03206399848179527}, "datetime": {"datetime": "2021-09-28 13:29:23", "elapsed": 331.550482, "delta": 1.439455}}
{"target": -37.58888893366357, "params": {"C": 889.2821075956166, "gamma": 0.01432305417910196}, "datetime": {"datetime": "2021-09-28 13:29:25", "elapsed": 333.556628, "delta": 2.006146}}
{"target": -36.40972513548412, "params": {"C": 889.3120873838177, "gamma": 0.10820351097154862}, "datetime": {"datetime": "2021-09-28 13:29:27", "elapsed": 336.240034, "delta": 2.683406}}
{"target": -38.48448880612438, "params": {"C": 699.995876688712, "gamma": 0.010173720859873024}, "datetime": {"datetime": "2021-09-28 13:29:30", "elapsed": 338.716886, "delta": 2.476852}}
{"target": -36.195110394509236, "params": {"C": 878.91737160315, "gamma": 0.08965542150039275}, "datetime": {"datetime": "2021-09-28 13:29:33", "elapsed": 341.757609, "delta": 3.040723}}
{"target": -36.32067213847175, "params": {"C": 842.013654664455, "gamma": 0.09473010998953488}, "datetime": {"datetime": "2021-09-28 13:29:35", "elapsed": 343.277985, "delta": 1.520376}}
{"target": -35.913672029406804, "params": {"C": 889.3933019710228, "gamma": 0.06215200916131066}, "datetime": {"datetime": "2021-09-28 13:29:37", "elapsed": 345.262049, "delta": 1.984064}}
{"target": -37.33873474118259, "params": {"C": 944.6958131780618, "gamma": 0.18253533609982442}, "datetime": {"datetime": "2021-09-28 13:29:38", "elapsed": 346.698051, "delta": 1.436002}}
{"target": -36.72084661855238, "params": {"C": 889.372814986707, "gamma": 0.13225813726182034}, "datetime": {"datetime": "2021-09-28 13:29:40", "elapsed": 348.554085, "delta": 1.856034}}
{"target": -36.176138521444926, "params": {"C": 889.4375004550218, "gamma": 0.035774804588201814}, "datetime": {"datetime": "2021-09-28 13:29:42", "elapsed": 350.631387, "delta": 2.077302}}
{"target": -38.79564302815828, "params": {"C": 704.8045237474853, "gamma": 0.00825038151099867}, "datetime": {"datetime": "2021-09-28 13:29:45", "elapsed": 353.256581, "delta": 2.625194}}
{"target": -36.25757962672688, "params": {"C": 889.453946585239, "gamma": 0.09625056992180912}, "datetime": {"datetime": "2021-09-28 13:29:48", "elapsed": 357.003939, "delta": 3.747358}}
{"target": -36.34263106891414, "params": {"C": 697.1319676225345, "gamma": 0.0548423911922957}, "datetime": {"datetime": "2021-09-28 13:29:50", "elapsed": 358.556579, "delta": 1.55264}}
{"target": -36.863451831322315, "params": {"C": 704.7599351697847, "gamma": 0.11253842214156057}, "datetime": {"datetime": "2021-09-28 13:29:53", "elapsed": 362.099663, "delta": 3.543084}}
{"target": -39.0078712751813, "params": {"C": 889.0758487732649, "gamma": 0.005658605130930086}, "datetime": {"datetime": "2021-09-28 13:29:56", "elapsed": 364.296099, "delta": 2.196436}}
{"target": -36.87351618709569, "params": {"C": 738.4761020866495, "gamma": 0.1196464800927778}, "datetime": {"datetime": "2021-09-28 13:29:57", "elapsed": 366.121365, "delta": 1.825266}}
{"target": -36.33572065602528, "params": {"C": 842.0299998398812, "gamma": 0.034094566489040294}, "datetime": {"datetime": "2021-09-28 13:29:59", "elapsed": 367.623312, "delta": 1.501947}}
{"target": -35.79316440960847, "params": {"C": 960.2594123734465, "gamma": 0.06113475113130428}, "datetime": {"datetime": "2021-09-28 13:30:01", "elapsed": 369.70721, "delta": 2.083898}}
{"target": -35.89899699029171, "params": {"C": 889.5042124185097, "gamma": 0.052140385030582645}, "datetime": {"datetime": "2021-09-28 13:30:03", "elapsed": 372.048509, "delta": 2.341299}}
{"target": -36.089013130477454, "params": {"C": 889.5453072734638, "gamma": 0.03850318978922051}, "datetime": {"datetime": "2021-09-28 13:30:05", "elapsed": 374.17768, "delta": 2.129171}}
{"target": -36.34099883011706, "params": {"C": 704.6975501646746, "gamma": 0.05003011704369566}, "datetime": {"datetime": "2021-09-28 13:30:07", "elapsed": 376.111419, "delta": 1.933739}}
{"target": -37.42839517146639, "params": {"C": 766.1990917408993, "gamma": 0.16240165424391206}, "datetime": {"datetime": "2021-09-28 13:30:09", "elapsed": 377.638172, "delta": 1.526753}}
{"target": -36.63902049234312, "params": {"C": 889.6228420875532, "gamma": 0.025959176894194788}, "datetime": {"datetime": "2021-09-28 13:30:11", "elapsed": 379.402742, "delta": 1.76457}}
{"target": -36.5919163244733, "params": {"C": 889.5348284672875, "gamma": 0.12227190841848433}, "datetime": {"datetime": "2021-09-28 13:30:13", "elapsed": 382.009779, "delta": 2.607037}}
{"target": -35.89998739357213, "params": {"C": 889.1304535841655, "gamma": 0.058377139113054775}, "datetime": {"datetime": "2021-09-28 13:30:16", "elapsed": 384.785884, "delta": 2.776105}}
{"target": -35.948368563012636, "params": {"C": 889.4052149776824, "gamma": 0.0671781073988854}, "datetime": {"datetime": "2021-09-28 13:30:18", "elapsed": 386.454425, "delta": 1.668541}}
{"target": -36.10534188261221, "params": {"C": 889.3486388612259, "gamma": 0.03797320714447262}, "datetime": {"datetime": "2021-09-28 13:30:20", "elapsed": 388.714419, "delta": 2.259994}}
{"target": -36.36643283889107, "params": {"C": 697.063374037446, "gamma": 0.04936456594113896}, "datetime": {"datetime": "2021-09-28 13:30:23", "elapsed": 392.006772, "delta": 3.292353}}
{"target": -37.06410031274295, "params": {"C": 697.103922952429, "gamma": 0.12473280428451243}, "datetime": {"datetime": "2021-09-28 13:30:26", "elapsed": 394.568723, "delta": 2.561951}}
{"target": -35.925454712582464, "params": {"C": 889.2188372583382, "gamma": 0.06396003254730902}, "datetime": {"datetime": "2021-09-28 13:30:28", "elapsed": 397.212787, "delta": 2.644064}}
{"target": -36.78247600376854, "params": {"C": 888.7136620950702, "gamma": 0.13702177333043436}, "datetime": {"datetime": "2021-09-28 13:30:31", "elapsed": 399.895494, "delta": 2.682707}}
{"target": -36.97039504096585, "params": {"C": 827.2295691264703, "gamma": 0.14133785821329178}, "datetime": {"datetime": "2021-09-28 13:30:34", "elapsed": 403.147915, "delta": 3.252421}}
{"target": -37.30671995040035, "params": {"C": 947.777952565501, "gamma": 0.18078365803172053}, "datetime": {"datetime": "2021-09-28 13:30:36", "elapsed": 404.877898, "delta": 1.729983}}
{"target": -36.48429240641475, "params": {"C": 842.3215404516069, "gamma": 0.03039625810225403}, "datetime": {"datetime": "2021-09-28 13:30:38", "elapsed": 407.073755, "delta": 2.195857}}
{"target": -36.02156300018227, "params": {"C": 841.9472685523776, "gamma": 0.049211844389321496}, "datetime": {"datetime": "2021-09-28 13:30:42", "elapsed": 410.460327, "delta": 3.386572}}
{"target": -36.36860629635619, "params": {"C": 841.9462557788477, "gamma": 0.09858593918468875}, "datetime": {"datetime": "2021-09-28 13:30:44", "elapsed": 412.657234, "delta": 2.196907}}
{"target": -36.093759247612276, "params": {"C": 841.8657654031178, "gamma": 0.04315281742108346}, "datetime": {"datetime": "2021-09-28 13:30:47", "elapsed": 415.432217, "delta": 2.774983}}
{"target": -36.74550736772056, "params": {"C": 991.0839320160878, "gamma": 0.1463778878185413}, "datetime": {"datetime": "2021-09-28 13:30:48", "elapsed": 416.999218, "delta": 1.567001}}
{"target": -36.77921955240958, "params": {"C": 841.8728553679214, "gamma": 0.13057117326770387}, "datetime": {"datetime": "2021-09-28 13:30:51", "elapsed": 419.4231, "delta": 2.423882}}
{"target": -37.68456464249185, "params": {"C": 787.3793845350322, "gamma": 0.18387804372075156}, "datetime": {"datetime": "2021-09-28 13:30:52", "elapsed": 421.182101, "delta": 1.759001}}
{"target": -36.010505549238026, "params": {"C": 841.809787587013, "gamma": 0.05057772319308988}, "datetime": {"datetime": "2021-09-28 13:30:55", "elapsed": 424.111451, "delta": 2.92935}}
{"target": -36.09764748879858, "params": {"C": 841.7666101969874, "gamma": 0.04291196152239715}, "datetime": {"datetime": "2021-09-28 13:30:58", "elapsed": 426.254933, "delta": 2.143482}}
{"target": -36.168946742553004, "params": {"C": 783.8436029844473, "gamma": 0.06766057262466438}, "datetime": {"datetime": "2021-09-28 13:30:59", "elapsed": 427.924302, "delta": 1.669369}}
{"target": -38.19786812281423, "params": {"C": 751.8717341117874, "gamma": 0.011387858580927848}, "datetime": {"datetime": "2021-09-28 13:31:01", "elapsed": 429.613943, "delta": 1.689641}}
{"target": -37.80704295218303, "params": {"C": 889.5196767226744, "gamma": 0.012388226116985316}, "datetime": {"datetime": "2021-09-28 13:31:04", "elapsed": 432.623869, "delta": 3.009926}}
{"target": -36.03494387385113, "params": {"C": 889.5653421510857, "gamma": 0.07683218032610434}, "datetime": {"datetime": "2021-09-28 13:31:07", "elapsed": 435.39769, "delta": 2.773821}}
{"target": -36.24856716239583, "params": {"C": 783.8861443207359, "gamma": 0.041535935941234656}, "datetime": {"datetime": "2021-09-28 13:31:10", "elapsed": 438.656106, "delta": 3.258416}}
{"target": -36.783379025622835, "params": {"C": 783.8363928794436, "gamma": 0.12162695450048695}, "datetime": {"datetime": "2021-09-28 13:31:14", "elapsed": 443.228462, "delta": 4.572356}}
{"target": -36.41717916141613, "params": {"C": 669.8205439269783, "gamma": 0.05396340043724384}, "datetime": {"datetime": "2021-09-28 13:31:16", "elapsed": 445.179658, "delta": 1.951196}}
{"target": -36.17274935400237, "params": {"C": 889.5274758924822, "gamma": 0.08928267758778738}, "datetime": {"datetime": "2021-09-28 13:31:19", "elapsed": 447.43352, "delta": 2.253862}}
{"target": -36.4062376725061, "params": {"C": 841.7408496942053, "gamma": 0.10154663881619429}, "datetime": {"datetime": "2021-09-28 13:31:21", "elapsed": 449.883211, "delta": 2.449691}}
{"target": -36.08893206836129, "params": {"C": 833.0680590230868, "gamma": 0.07215291256343302}, "datetime": {"datetime": "2021-09-28 13:31:23", "elapsed": 451.711531, "delta": 1.82832}}
{"target": -36.27531789762719, "params": {"C": 833.0402492614447, "gamma": 0.03641326655476025}, "datetime": {"datetime": "2021-09-28 13:31:26", "elapsed": 454.275619, "delta": 2.564088}}
{"target": -36.870989875023234, "params": {"C": 783.8007146151899, "gamma": 0.025551293569325197}, "datetime": {"datetime": "2021-09-28 13:31:28", "elapsed": 456.545249, "delta": 2.26963}}
{"target": -37.08821852139414, "params": {"C": 841.9009625080275, "gamma": 0.020632892885471866}, "datetime": {"datetime": "2021-09-28 13:31:31", "elapsed": 460.063671, "delta": 3.518422}}
{"target": -36.274758586512064, "params": {"C": 832.9894386921828, "gamma": 0.08958668916330977}, "datetime": {"datetime": "2021-09-28 13:31:34", "elapsed": 462.382028, "delta": 2.318357}}
{"target": -37.524336994798766, "params": {"C": 817.304089054886, "gamma": 0.17746236794870918}, "datetime": {"datetime": "2021-09-28 13:31:35", "elapsed": 463.968952, "delta": 1.586924}}
{"target": -36.261093346545756, "params": {"C": 728.7186716967395, "gamma": 0.05629942980552232}, "datetime": {"datetime": "2021-09-28 13:31:37", "elapsed": 465.706459, "delta": 1.737507}}
{"target": -37.12733761098477, "params": {"C": 833.0195953178479, "gamma": 0.15289923739242053}, "datetime": {"datetime": "2021-09-28 13:31:40", "elapsed": 468.445006, "delta": 2.738547}}
{"target": -36.28262205606265, "params": {"C": 841.8097459951518, "gamma": 0.0915703045582589}, "datetime": {"datetime": "2021-09-28 13:31:42", "elapsed": 470.921516, "delta": 2.47651}}
{"target": -37.26429745401425, "params": {"C": 840.3054508912668, "gamma": 0.16325157328641646}, "datetime": {"datetime": "2021-09-28 13:31:44", "elapsed": 472.715915, "delta": 1.794399}}
{"target": -36.422206546369715, "params": {"C": 833.1118414170335, "gamma": 0.03233609293788052}, "datetime": {"datetime": "2021-09-28 13:31:47", "elapsed": 475.682775, "delta": 2.96686}}
{"target": -36.016460267833956, "params": {"C": 929.3843499164661, "gamma": 0.08131011323008523}, "datetime": {"datetime": "2021-09-28 13:31:49", "elapsed": 477.280861, "delta": 1.598086}}
{"target": -37.27008736015025, "params": {"C": 728.7725109413202, "gamma": 0.021388349038764232}, "datetime": {"datetime": "2021-09-28 13:31:54", "elapsed": 482.810101, "delta": 5.52924}}
{"target": -37.85711677940112, "params": {"C": 841.7199805490084, "gamma": 0.012626452364715497}, "datetime": {"datetime": "2021-09-28 13:31:57", "elapsed": 485.295637, "delta": 2.485536}}
{"target": -36.443401179513735, "params": {"C": 728.6679980056244, "gamma": 0.03907778318517339}, "datetime": {"datetime": "2021-09-28 13:31:59", "elapsed": 487.956528, "delta": 2.660891}}
{"target": -36.20290421806078, "params": {"C": 863.58812636249, "gamma": 0.08808308921203155}, "datetime": {"datetime": "2021-09-28 13:32:03", "elapsed": 491.712438, "delta": 3.75591}}
{"target": -36.38906120864489, "params": {"C": 783.9210440623757, "gamma": 0.09112310810167526}, "datetime": {"datetime": "2021-09-28 13:32:06", "elapsed": 495.118227, "delta": 3.405789}}
{"target": -36.37478257646192, "params": {"C": 833.1388162611902, "gamma": 0.09782172370871647}, "datetime": {"datetime": "2021-09-28 13:32:10", "elapsed": 498.817948, "delta": 3.699721}}
{"target": -39.61520816267367, "params": {"C": 697.0913982301455, "gamma": 0.00508248131852811}, "datetime": {"datetime": "2021-09-28 13:32:13", "elapsed": 501.50062, "delta": 2.682672}}
{"target": -35.9223043786713, "params": {"C": 939.3498947372582, "gamma": 0.041588635341818704}, "datetime": {"datetime": "2021-09-28 13:32:15", "elapsed": 503.254146, "delta": 1.753526}}
{"target": -37.10413438223247, "params": {"C": 709.3314439851703, "gamma": 0.02445084428929681}, "datetime": {"datetime": "2021-09-28 13:32:16", "elapsed": 505.025248, "delta": 1.771102}}
{"target": -37.65413736519449, "params": {"C": 797.6450405990761, "gamma": 0.18336148341452624}, "datetime": {"datetime": "2021-09-28 13:32:18", "elapsed": 506.892397, "delta": 1.867149}}
{"target": -35.951042419556885, "params": {"C": 863.636720708294, "gamma": 0.05744121006747808}, "datetime": {"datetime": "2021-09-28 13:32:22", "elapsed": 510.841657, "delta": 3.94926}}
{"target": -36.422436989212876, "params": {"C": 863.634629687193, "gamma": 0.10581569164331088}, "datetime": {"datetime": "2021-09-28 13:32:28", "elapsed": 516.900792, "delta": 6.059135}}
{"target": -36.712794853382455, "params": {"C": 926.2992470352334, "gamma": 0.13626165722933767}, "datetime": {"datetime": "2021-09-28 13:32:30", "elapsed": 518.97897, "delta": 2.078178}}
{"target": -36.63987130047637, "params": {"C": 628.2623078774365, "gamma": 0.07574320487636227}, "datetime": {"datetime": "2021-09-28 13:32:32", "elapsed": 521.236153, "delta": 2.257183}}
{"target": -36.67982716039504, "params": {"C": 697.053727913982, "gamma": 0.09739990611462562}, "datetime": {"datetime": "2021-09-28 13:32:36", "elapsed": 524.869666, "delta": 3.633513}}
{"target": -36.94609592473806, "params": {"C": 832.9670524730054, "gamma": 0.022857091170205356}, "datetime": {"datetime": "2021-09-28 13:32:40", "elapsed": 528.481852, "delta": 3.612186}}
{"target": -36.455286947699435, "params": {"C": 697.2043149278301, "gamma": 0.07677396319071263}, "datetime": {"datetime": "2021-09-28 13:32:43", "elapsed": 531.571969, "delta": 3.090117}}
{"target": -36.129170412594114, "params": {"C": 863.6965068479793, "gamma": 0.03901062081585893}, "datetime": {"datetime": "2021-09-28 13:32:45", "elapsed": 534.099858, "delta": 2.527889}}
{"target": -38.29646387015783, "params": {"C": 630.2562322791518, "gamma": 0.19751751846000704}, "datetime": {"datetime": "2021-09-28 13:32:47", "elapsed": 536.035103, "delta": 1.935245}}
{"target": -36.43739577371097, "params": {"C": 863.7058681252554, "gamma": 0.10698996142028147}, "datetime": {"datetime": "2021-09-28 13:32:50", "elapsed": 538.723875, "delta": 2.688772}}
{"target": -38.48019442635488, "params": {"C": 978.6262404239884, "gamma": 0.007217420670598728}, "datetime": {"datetime": "2021-09-28 13:32:52", "elapsed": 540.814306, "delta": 2.090431}}
{"target": -37.150566531663024, "params": {"C": 727.0096575627094, "gamma": 0.13624132927452648}, "datetime": {"datetime": "2021-09-28 13:32:54", "elapsed": 542.69727, "delta": 1.882964}}
{"target": -36.44170755703643, "params": {"C": 863.7513461408731, "gamma": 0.030376303694363792}, "datetime": {"datetime": "2021-09-28 13:32:59", "elapsed": 547.812798, "delta": 5.115528}}
{"target": -36.34716448465333, "params": {"C": 696.9879417999921, "gamma": 0.052059287889147834}, "datetime": {"datetime": "2021-09-28 13:33:04", "elapsed": 552.530634, "delta": 4.717836}}
{"target": -38.38063104689644, "params": {"C": 863.6465440966707, "gamma": 0.008764386827480038}, "datetime": {"datetime": "2021-09-28 13:33:08", "elapsed": 556.601819, "delta": 4.071185}}
{"target": -36.13359330082335, "params": {"C": 982.1589973743667, "gamma": 0.09809051226766559}, "datetime": {"datetime": "2021-09-28 13:33:10", "elapsed": 558.845612, "delta": 2.243793}}
{"target": -35.7681253085983, "params": {"C": 982.214602715509, "gamma": 0.06257197831861869}, "datetime": {"datetime": "2021-09-28 13:33:15", "elapsed": 563.398691, "delta": 4.553079}}
{"target": -36.37886120906794, "params": {"C": 982.255982847219, "gamma": 0.11688681568344671}, "datetime": {"datetime": "2021-09-28 13:33:20", "elapsed": 568.812339, "delta": 5.413648}}
{"target": -36.13547273202921, "params": {"C": 982.2126300370066, "gamma": 0.09824621062199608}, "datetime": {"datetime": "2021-09-28 13:33:24", "elapsed": 572.428056, "delta": 3.615717}}
{"target": -35.84977274509236, "params": {"C": 982.2656963551017, "gamma": 0.07297292592448416}, "datetime": {"datetime": "2021-09-28 13:33:26", "elapsed": 575.023751, "delta": 2.595695}}
{"target": -37.95478182014986, "params": {"C": 982.2631282401408, "gamma": 0.01016237483482366}, "datetime": {"datetime": "2021-09-28 13:33:29", "elapsed": 577.887496, "delta": 2.863745}}
{"target": -36.36585228030961, "params": {"C": 697.0639444309062, "gamma": 0.049434201094040266}, "datetime": {"datetime": "2021-09-28 13:33:31", "elapsed": 580.124801, "delta": 2.237305}}
{"target": -36.943909571778526, "params": {"C": 669.7915003269321, "gamma": 0.11099537176041457}, "datetime": {"datetime": "2021-09-28 13:33:35", "elapsed": 583.327405, "delta": 3.202604}}
{"target": -35.803549795327136, "params": {"C": 982.1884432467431, "gamma": 0.044052212507122414}, "datetime": {"datetime": "2021-09-28 13:33:38", "elapsed": 586.504086, "delta": 3.176681}}
{"target": -35.993742748629195, "params": {"C": 982.1433836137969, "gamma": 0.035778193895572845}, "datetime": {"datetime": "2021-09-28 13:33:43", "elapsed": 592.092802, "delta": 5.588716}}
{"target": -37.77048688007252, "params": {"C": 730.9691230199185, "gamma": 0.1804678663427313}, "datetime": {"datetime": "2021-09-28 13:33:46", "elapsed": 594.250588, "delta": 2.157786}}
{"target": -36.664613133193015, "params": {"C": 728.7025669627644, "gamma": 0.10269297302025406}, "datetime": {"datetime": "2021-09-28 13:33:49", "elapsed": 597.688145, "delta": 3.437557}}
{"target": -35.829633317479804, "params": {"C": 982.1183245515277, "gamma": 0.07071418394015139}, "datetime": {"datetime": "2021-09-28 13:33:54", "elapsed": 602.931467, "delta": 5.243322}}
{"target": -36.32648880171187, "params": {"C": 982.3090544442148, "gamma": 0.11291713850782809}, "datetime": {"datetime": "2021-09-28 13:34:00", "elapsed": 608.89666, "delta": 5.965193}}
{"target": -37.663047504038325, "params": {"C": 605.8006282231458, "gamma": 0.14694467072874556}, "datetime": {"datetime": "2021-09-28 13:34:02", "elapsed": 610.863625, "delta": 1.966965}}
{"target": -36.393767016560574, "params": {"C": 982.1007632211865, "gamma": 0.1180045613929336}, "datetime": {"datetime": "2021-09-28 13:34:05", "elapsed": 613.751011, "delta": 2.887386}}
{"target": -37.7737125185003, "params": {"C": 841.8194535157502, "gamma": 0.013365783529572666}, "datetime": {"datetime": "2021-09-28 13:34:09", "elapsed": 617.481882, "delta": 3.730871}}
{"target": -35.86574743571262, "params": {"C": 982.0800032378769, "gamma": 0.07462957843644323}, "datetime": {"datetime": "2021-09-28 13:34:13", "elapsed": 621.532314, "delta": 4.050432}}
{"target": -36.618468927036844, "params": {"C": 982.0767531558379, "gamma": 0.023797330217520306}, "datetime": {"datetime": "2021-09-28 13:34:17", "elapsed": 625.245615, "delta": 3.713301}}
{"target": -36.133623531462504, "params": {"C": 841.8743944062307, "gamma": 0.0783784088039286}, "datetime": {"datetime": "2021-09-28 13:34:19", "elapsed": 627.81261, "delta": 2.566995}}
{"target": -35.77197598835525, "params": {"C": 982.0295897332892, "gamma": 0.06314012756356137}, "datetime": {"datetime": "2021-09-28 13:34:22", "elapsed": 630.926881, "delta": 3.114271}}
{"target": -35.80719051673871, "params": {"C": 958.8985404505534, "gamma": 0.06311809225132395}, "datetime": {"datetime": "2021-09-28 13:34:24", "elapsed": 632.867248, "delta": 1.940367}}
{"target": -35.7571185640215, "params": {"C": 981.953651689774, "gamma": 0.0478157995282214}, "datetime": {"datetime": "2021-09-28 13:34:28", "elapsed": 636.502344, "delta": 3.635096}}
{"target": -36.51801169474, "params": {"C": 662.9623728092303, "gamma": 0.07312922196501817}, "datetime": {"datetime": "2021-09-28 13:34:30", "elapsed": 638.658345, "delta": 2.156001}}
{"target": -35.7282751092088, "params": {"C": 981.9854111635292, "gamma": 0.05161424177854062}, "datetime": {"datetime": "2021-09-28 13:34:33", "elapsed": 641.954309, "delta": 3.295964}}
