{"target": -39.69781752945122, "params": {"C": 180.06618323476448, "gamma": 0.10251422202102611}, "datetime": {"datetime": "2021-09-28 12:02:15", "elapsed": 886.49952, "delta": 5.422293}}
{"target": -42.4159171410843, "params": {"C": 91.68609653518752, "gamma": 0.005}, "datetime": {"datetime": "2021-09-28 12:02:19", "elapsed": 890.818122, "delta": 4.318602}}
{"target": -40.66778908068972, "params": {"C": 127.96585019334638, "gamma": 0.13125054498300606}, "datetime": {"datetime": "2021-09-28 12:02:26", "elapsed": 897.582583, "delta": 6.764461}}
{"target": -40.545516653957925, "params": {"C": 152.29766062003648, "gamma": 0.017080224562088644}, "datetime": {"datetime": "2021-09-28 12:02:28", "elapsed": 900.122319, "delta": 2.539736}}
{"target": -42.27494016411821, "params": {"C": 105.9910806693458, "gamma": 0.3055831962898526}, "datetime": {"datetime": "2021-09-28 12:02:35", "elapsed": 906.906158, "delta": 6.783839}}
{"target": -39.42627101957892, "params": {"C": 193.67600232968488, "gamma": 0.0920672986575448}, "datetime": {"datetime": "2021-09-28 12:02:43", "elapsed": 914.670546, "delta": 7.764388}}
{"target": -41.86355010762697, "params": {"C": 193.68777269027984, "gamma": 0.34775854659569}, "datetime": {"datetime": "2021-09-28 12:02:48", "elapsed": 920.169485, "delta": 5.498939}}
{"target": -42.02009352902165, "params": {"C": 108.10572068964515, "gamma": 0.2620100811125761}, "datetime": {"datetime": "2021-09-28 12:02:51", "elapsed": 923.023688, "delta": 2.854203}}
{"target": -39.13915289254592, "params": {"C": 199.67605794592907, "gamma": 0.06764773316597138}, "datetime": {"datetime": "2021-09-28 12:02:57", "elapsed": 928.859501, "delta": 5.835813}}
{"target": -39.424991519120276, "params": {"C": 199.60930120583546, "gamma": 0.09778166226041006}, "datetime": {"datetime": "2021-09-28 12:03:03", "elapsed": 934.919659, "delta": 6.060158}}
{"target": -39.60497307678021, "params": {"C": 199.72115601869504, "gamma": 0.11288163910820026}, "datetime": {"datetime": "2021-09-28 12:03:08", "elapsed": 940.253546, "delta": 5.333887}}
{"target": -40.891721832990704, "params": {"C": 199.6207780169561, "gamma": 0.00899787213233641}, "datetime": {"datetime": "2021-09-28 12:03:16", "elapsed": 948.037926, "delta": 7.78438}}
{"target": -40.615093295918655, "params": {"C": 199.66004690905865, "gamma": 0.1979698893890267}, "datetime": {"datetime": "2021-09-28 12:03:21", "elapsed": 952.873229, "delta": 4.835303}}
{"target": -42.91025895449302, "params": {"C": 54.9084455493218, "gamma": 0.38773820713512563}, "datetime": {"datetime": "2021-09-28 12:03:24", "elapsed": 955.750955, "delta": 2.877726}}
{"target": -40.7592451213727, "params": {"C": 140.0953784372765, "gamma": 0.15432748062078913}, "datetime": {"datetime": "2021-09-28 12:03:27", "elapsed": 958.552803, "delta": 2.801848}}
{"target": -42.17478164261383, "params": {"C": 68.62476268539743, "gamma": 0.2078925463406789}, "datetime": {"datetime": "2021-09-28 12:03:30", "elapsed": 961.479143, "delta": 2.92634}}
{"target": -42.514820291519534, "params": {"C": 98.76972792122476, "gamma": 0.3517813889872819}, "datetime": {"datetime": "2021-09-28 12:03:33", "elapsed": 964.563582, "delta": 3.084439}}
{"target": -40.02275254866521, "params": {"C": 199.5243183362308, "gamma": 0.14709358769708084}, "datetime": {"datetime": "2021-09-28 12:03:41", "elapsed": 972.936574, "delta": 8.372992}}
{"target": -40.211614388798445, "params": {"C": 199.759528928303, "gamma": 0.014958751976414022}, "datetime": {"datetime": "2021-09-28 12:03:46", "elapsed": 977.58884, "delta": 4.652266}}
{"target": -39.78788015065874, "params": {"C": 199.8630213485829, "gamma": 0.12788805128442668}, "datetime": {"datetime": "2021-09-28 12:03:52", "elapsed": 984.169231, "delta": 6.580391}}
{"target": -42.17086880397922, "params": {"C": 158.66610677825759, "gamma": 0.36699849854916555}, "datetime": {"datetime": "2021-09-28 12:03:56", "elapsed": 987.539599, "delta": 3.370368}}
{"target": -39.25789486805509, "params": {"C": 199.93639815769524, "gamma": 0.08267996450959633}, "datetime": {"datetime": "2021-09-28 12:04:03", "elapsed": 995.219023, "delta": 7.679424}}
{"target": -40.57345750724651, "params": {"C": 199.93761066178575, "gamma": 0.19432205011244394}, "datetime": {"datetime": "2021-09-28 12:04:10", "elapsed": 1001.564855, "delta": 6.345832}}
{"target": -39.21412034124465, "params": {"C": 199.99472871972327, "gamma": 0.07807421946321408}, "datetime": {"datetime": "2021-09-28 12:04:17", "elapsed": 1008.446818, "delta": 6.881963}}
{"target": -39.20158847812809, "params": {"C": 199.9030447897268, "gamma": 0.03876163606582635}, "datetime": {"datetime": "2021-09-28 12:04:25", "elapsed": 1016.614844, "delta": 8.168026}}
{"target": -40.80863373940472, "params": {"C": 199.99261009935603, "gamma": 0.009551741734508675}, "datetime": {"datetime": "2021-09-28 12:04:32", "elapsed": 1023.988329, "delta": 7.373485}}
{"target": -39.7330467473973, "params": {"C": 199.8409719845309, "gamma": 0.022000372702286938}, "datetime": {"datetime": "2021-09-28 12:04:39", "elapsed": 1031.215788, "delta": 7.227459}}
{"target": -42.679696199898345, "params": {"C": 78.23387709769716, "gamma": 0.3565363884033138}, "datetime": {"datetime": "2021-09-28 12:04:42", "elapsed": 1034.067496, "delta": 2.851708}}
{"target": -39.745008535836426, "params": {"C": 199.39023666820887, "gamma": 0.12400103429878169}, "datetime": {"datetime": "2021-09-28 12:04:51", "elapsed": 1042.757978, "delta": 8.690482}}
{"target": -40.90227955728476, "params": {"C": 199.40158920639377, "gamma": 0.22618229642226928}, "datetime": {"datetime": "2021-09-28 12:04:56", "elapsed": 1047.939956, "delta": 5.181978}}
{"target": -39.41301865962416, "params": {"C": 199.4077226815407, "gamma": 0.029917739849471756}, "datetime": {"datetime": "2021-09-28 12:05:01", "elapsed": 1052.886117, "delta": 4.946161}}
{"target": -39.23125233377043, "params": {"C": 199.49252128710123, "gamma": 0.07934172771224778}, "datetime": {"datetime": "2021-09-28 12:05:06", "elapsed": 1057.544077, "delta": 4.65796}}
{"target": -41.96795307041183, "params": {"C": 84.29570773342496, "gamma": 0.21065524008359976}, "datetime": {"datetime": "2021-09-28 12:05:09", "elapsed": 1060.490661, "delta": 2.946584}}
{"target": -39.4139015559296, "params": {"C": 199.28298057610502, "gamma": 0.09651247175693177}, "datetime": {"datetime": "2021-09-28 12:05:16", "elapsed": 1067.714231, "delta": 7.22357}}
{"target": -39.19553961617381, "params": {"C": 199.2085846288419, "gamma": 0.0397395078130734}, "datetime": {"datetime": "2021-09-28 12:05:21", "elapsed": 1072.718909, "delta": 5.004678}}
{"target": -39.62157196810324, "params": {"C": 199.16049721079966, "gamma": 0.11375697312382019}, "datetime": {"datetime": "2021-09-28 12:05:27", "elapsed": 1079.094046, "delta": 6.375137}}
{"target": -41.13025037091713, "params": {"C": 199.29018776959433, "gamma": 0.0074968915401723134}, "datetime": {"datetime": "2021-09-28 12:05:33", "elapsed": 1084.923435, "delta": 5.829389}}
{"target": -41.488329277049345, "params": {"C": 148.70299140239598, "gamma": 0.24139295766825994}, "datetime": {"datetime": "2021-09-28 12:05:36", "elapsed": 1088.047276, "delta": 3.123841}}
{"target": -42.321813736692185, "params": {"C": 121.90971159723406, "gamma": 0.3449075666408345}, "datetime": {"datetime": "2021-09-28 12:05:39", "elapsed": 1091.022193, "delta": 2.974917}}
{"target": -40.945660623732344, "params": {"C": 199.47377485562217, "gamma": 0.008645660592752225}, "datetime": {"datetime": "2021-09-28 12:05:44", "elapsed": 1095.580445, "delta": 4.558252}}
{"target": -40.62427147466134, "params": {"C": 199.0849874258246, "gamma": 0.011065692755046255}, "datetime": {"datetime": "2021-09-28 12:05:49", "elapsed": 1100.887744, "delta": 5.307299}}
{"target": -39.67768281921123, "params": {"C": 199.21162222405226, "gamma": 0.11837217517043382}, "datetime": {"datetime": "2021-09-28 12:05:54", "elapsed": 1105.943684, "delta": 5.05594}}
{"target": -40.64407909539033, "params": {"C": 199.06459645662568, "gamma": 0.20022638877197768}, "datetime": {"datetime": "2021-09-28 12:05:59", "elapsed": 1110.736162, "delta": 4.792478}}
{"target": -40.81938747347216, "params": {"C": 199.2452060472256, "gamma": 0.21769219993291505}, "datetime": {"datetime": "2021-09-28 12:06:03", "elapsed": 1115.121389, "delta": 4.385227}}
{"target": -41.79153526522549, "params": {"C": 143.94364381572643, "gamma": 0.27840359879684384}, "datetime": {"datetime": "2021-09-28 12:06:09", "elapsed": 1120.812523, "delta": 5.691134}}
{"target": -39.8505452358533, "params": {"C": 199.98634085292005, "gamma": 0.13312954938686006}, "datetime": {"datetime": "2021-09-28 12:06:14", "elapsed": 1125.960606, "delta": 5.148083}}
{"target": -39.419044302060726, "params": {"C": 199.4552859101998, "gamma": 0.09712251439259277}, "datetime": {"datetime": "2021-09-28 12:06:19", "elapsed": 1130.872002, "delta": 4.911396}}
{"target": -41.682684354425, "params": {"C": 80.58763400518362, "gamma": 0.1636883276234082}, "datetime": {"datetime": "2021-09-28 12:06:24", "elapsed": 1135.95983, "delta": 5.087828}}
{"target": -41.4999855644274, "params": {"C": 130.05147367015735, "gamma": 0.21971008116320134}, "datetime": {"datetime": "2021-09-28 12:06:28", "elapsed": 1140.24796, "delta": 4.28813}}
{"target": -39.494613622678294, "params": {"C": 167.78602917767432, "gamma": 0.05016908048546073}, "datetime": {"datetime": "2021-09-28 12:06:35", "elapsed": 1146.582771, "delta": 6.334811}}
{"target": -39.78067690303637, "params": {"C": 167.69863928689634, "gamma": 0.09679772885943501}, "datetime": {"datetime": "2021-09-28 12:06:41", "elapsed": 1152.795773, "delta": 6.213002}}
{"target": -40.26813478656992, "params": {"C": 167.79726742298894, "gamma": 0.1395552449508966}, "datetime": {"datetime": "2021-09-28 12:06:47", "elapsed": 1159.231235, "delta": 6.435462}}
{"target": -40.3162729555819, "params": {"C": 167.8717829528237, "gamma": 0.01778512206212688}, "datetime": {"datetime": "2021-09-28 12:06:54", "elapsed": 1165.829442, "delta": 6.598207}}
{"target": -41.522946815186685, "params": {"C": 95.29453825148806, "gamma": 0.17095169027066015}, "datetime": {"datetime": "2021-09-28 12:06:57", "elapsed": 1169.10586, "delta": 3.276418}}
{"target": -40.722504451620104, "params": {"C": 167.7192055774338, "gamma": 0.012857235353362747}, "datetime": {"datetime": "2021-09-28 12:07:05", "elapsed": 1177.170995, "delta": 8.065135}}
{"target": -40.627162258041146, "params": {"C": 167.59615387944308, "gamma": 0.17110126518037255}, "datetime": {"datetime": "2021-09-28 12:07:13", "elapsed": 1185.238652, "delta": 8.067657}}
{"target": -42.22135286209813, "params": {"C": 105.53925513092534, "gamma": 0.2936447414353985}, "datetime": {"datetime": "2021-09-28 12:07:17", "elapsed": 1188.737092, "delta": 3.49844}}
{"target": -41.901933634654725, "params": {"C": 162.25287872258457, "gamma": 0.3188076206438789}, "datetime": {"datetime": "2021-09-28 12:07:26", "elapsed": 1197.576788, "delta": 8.839696}}
{"target": -42.6569818023882, "params": {"C": 72.29091504725649, "gamma": 0.3313303192532809}, "datetime": {"datetime": "2021-09-28 12:07:30", "elapsed": 1202.355162, "delta": 4.778374}}
{"target": -41.83279958364555, "params": {"C": 175.14163511830236, "gamma": 0.32210130925938596}, "datetime": {"datetime": "2021-09-28 12:07:36", "elapsed": 1207.844823, "delta": 5.489661}}
{"target": -41.66010918145808, "params": {"C": 50.16517783922283, "gamma": 0.07235766594898038}, "datetime": {"datetime": "2021-09-28 12:07:47", "elapsed": 1218.534781, "delta": 10.689958}}
{"target": -39.830409808059194, "params": {"C": 163.54970049278415, "gamma": 0.09671830409565091}, "datetime": {"datetime": "2021-09-28 12:07:52", "elapsed": 1224.000025, "delta": 5.465244}}
{"target": -41.07988851727079, "params": {"C": 163.47605755182465, "gamma": 0.21079087078263367}, "datetime": {"datetime": "2021-09-28 12:07:57", "elapsed": 1228.879064, "delta": 4.879039}}
{"target": -39.6509444894712, "params": {"C": 163.63325917530804, "gamma": 0.07791840208746291}, "datetime": {"datetime": "2021-09-28 12:08:08", "elapsed": 1240.339655, "delta": 11.460591}}
{"target": -39.869732359065495, "params": {"C": 163.72961527012882, "gamma": 0.027847946454051656}, "datetime": {"datetime": "2021-09-28 12:08:20", "elapsed": 1251.785536, "delta": 11.445881}}
{"target": -40.62102219698454, "params": {"C": 163.6954490068146, "gamma": 0.1668112343328585}, "datetime": {"datetime": "2021-09-28 12:08:33", "elapsed": 1264.754152, "delta": 12.968616}}
{"target": -41.43657631220023, "params": {"C": 163.60146961832493, "gamma": 0.007406984997601774}, "datetime": {"datetime": "2021-09-28 12:08:41", "elapsed": 1272.723213, "delta": 7.969061}}
{"target": -39.702228542282306, "params": {"C": 163.819668323224, "gamma": 0.084109000409263}, "datetime": {"datetime": "2021-09-28 12:08:49", "elapsed": 1280.865732, "delta": 8.142519}}
{"target": -39.88556640055476, "params": {"C": 163.88744635323158, "gamma": 0.027310679722043978}, "datetime": {"datetime": "2021-09-28 12:09:00", "elapsed": 1291.984011, "delta": 11.118279}}
{"target": -40.60536134213472, "params": {"C": 163.8769685107751, "gamma": 0.1655659533068019}, "datetime": {"datetime": "2021-09-28 12:09:08", "elapsed": 1299.418918, "delta": 7.434907}}
{"target": -39.86131569410411, "params": {"C": 164.00738757256414, "gamma": 0.028012191832353574}, "datetime": {"datetime": "2021-09-28 12:09:15", "elapsed": 1307.022437, "delta": 7.603519}}
{"target": -39.537634352063236, "params": {"C": 164.1182439978051, "gamma": 0.057838534807074356}, "datetime": {"datetime": "2021-09-28 12:09:22", "elapsed": 1313.410687, "delta": 6.38825}}
{"target": -40.593548956330714, "params": {"C": 164.13258491028483, "gamma": 0.16474662556748143}, "datetime": {"datetime": "2021-09-28 12:09:38", "elapsed": 1329.784851, "delta": 16.374164}}
{"target": -39.58309481666459, "params": {"C": 164.28787285426154, "gamma": 0.04282393624916848}, "datetime": {"datetime": "2021-09-28 12:09:45", "elapsed": 1336.910261, "delta": 7.12541}}
{"target": -40.11240974297629, "params": {"C": 164.29929702428785, "gamma": 0.12279968412905617}, "datetime": {"datetime": "2021-09-28 12:09:54", "elapsed": 1346.165868, "delta": 9.255607}}
{"target": -39.575034190626845, "params": {"C": 164.22037580128395, "gamma": 0.043861230141293284}, "datetime": {"datetime": "2021-09-28 12:10:01", "elapsed": 1352.536383, "delta": 6.370515}}
{"target": -39.65851879281067, "params": {"C": 164.4293846657261, "gamma": 0.08004914407300844}, "datetime": {"datetime": "2021-09-28 12:10:13", "elapsed": 1364.567804, "delta": 12.031421}}
{"target": -40.09371792749532, "params": {"C": 164.49270734708784, "gamma": 0.022117508429816846}, "datetime": {"datetime": "2021-09-28 12:10:19", "elapsed": 1371.189959, "delta": 6.622155}}
{"target": -40.87148137566673, "params": {"C": 164.45149300876926, "gamma": 0.1911100848733746}, "datetime": {"datetime": "2021-09-28 12:10:26", "elapsed": 1378.189424, "delta": 6.999465}}
{"target": -39.58280810657881, "params": {"C": 164.69988899203952, "gamma": 0.07045135753682945}, "datetime": {"datetime": "2021-09-28 12:10:33", "elapsed": 1384.4457, "delta": 6.256276}}
{"target": -40.689317578535686, "params": {"C": 164.72650948753454, "gamma": 0.17411449675033805}, "datetime": {"datetime": "2021-09-28 12:10:39", "elapsed": 1391.103667, "delta": 6.657967}}
{"target": -40.933148814246096, "params": {"C": 164.39545828689367, "gamma": 0.011168819406588218}, "datetime": {"datetime": "2021-09-28 12:10:49", "elapsed": 1401.203829, "delta": 10.100162}}
{"target": -39.86038071083016, "params": {"C": 164.59855913845718, "gamma": 0.10074694930397339}, "datetime": {"datetime": "2021-09-28 12:10:57", "elapsed": 1409.041467, "delta": 7.837638}}
{"target": -39.6314447223316, "params": {"C": 164.7799249191562, "gamma": 0.03812152300536713}, "datetime": {"datetime": "2021-09-28 12:11:08", "elapsed": 1419.544443, "delta": 10.502976}}
{"target": -41.384987362562455, "params": {"C": 164.65432556194617, "gamma": 0.007684569831198619}, "datetime": {"datetime": "2021-09-28 12:11:25", "elapsed": 1437.073623, "delta": 17.52918}}
{"target": -40.294630397567325, "params": {"C": 164.8681970304499, "gamma": 0.13898827871883707}, "datetime": {"datetime": "2021-09-28 12:11:39", "elapsed": 1451.067034, "delta": 13.993411}}
{"target": -40.24849789435183, "params": {"C": 164.97026212914278, "gamma": 0.019317709998229425}, "datetime": {"datetime": "2021-09-28 12:11:51", "elapsed": 1463.12266, "delta": 12.055626}}
{"target": -42.08633962231879, "params": {"C": 199.16876694993408, "gamma": 0.3993719670899085}, "datetime": {"datetime": "2021-09-28 12:11:55", "elapsed": 1467.203834, "delta": 4.081174}}
{"target": -40.71332741410633, "params": {"C": 165.03791729942475, "gamma": 0.17667904072408053}, "datetime": {"datetime": "2021-09-28 12:12:03", "elapsed": 1474.818898, "delta": 7.615064}}
{"target": -39.94805658916744, "params": {"C": 164.85495931736887, "gamma": 0.025270360374673388}, "datetime": {"datetime": "2021-09-28 12:12:11", "elapsed": 1483.144204, "delta": 8.325306}}
{"target": -41.98741375753448, "params": {"C": 123.06156516597349, "gamma": 0.28056843205562}, "datetime": {"datetime": "2021-09-28 12:12:15", "elapsed": 1486.790777, "delta": 3.646573}}
{"target": -41.73675860462593, "params": {"C": 164.14401985057714, "gamma": 0.005642534185482973}, "datetime": {"datetime": "2021-09-28 12:12:21", "elapsed": 1493.169786, "delta": 6.379009}}
{"target": -42.83505601142027, "params": {"C": 67.34800706190592, "gamma": 0.3922658074742905}, "datetime": {"datetime": "2021-09-28 12:12:27", "elapsed": 1499.051798, "delta": 5.882012}}
{"target": -40.00286666061106, "params": {"C": 164.0418376849855, "gamma": 0.11314468658807603}, "datetime": {"datetime": "2021-09-28 12:12:35", "elapsed": 1506.41746, "delta": 7.365662}}
{"target": -39.93381318413713, "params": {"C": 164.51537757900343, "gamma": 0.10740154808136718}, "datetime": {"datetime": "2021-09-28 12:12:42", "elapsed": 1513.520885, "delta": 7.103425}}
{"target": -39.65748500545949, "params": {"C": 189.82573436319257, "gamma": 0.1084510420940854}, "datetime": {"datetime": "2021-09-28 12:12:51", "elapsed": 1523.056709, "delta": 9.535824}}
{"target": -40.40939143934204, "params": {"C": 189.89676911264598, "gamma": 0.17162808376989258}, "datetime": {"datetime": "2021-09-28 12:13:01", "elapsed": 1533.095118, "delta": 10.038409}}
{"target": -39.25098200877322, "params": {"C": 189.74392410416016, "gamma": 0.06688755562879695}, "datetime": {"datetime": "2021-09-28 12:13:11", "elapsed": 1542.799695, "delta": 9.704577}}
{"target": -40.62921857483009, "params": {"C": 189.72689765423482, "gamma": 0.1910679354722798}, "datetime": {"datetime": "2021-09-28 12:13:22", "elapsed": 1553.468384, "delta": 10.668689}}
{"target": -40.46497499683764, "params": {"C": 189.8002279192899, "gamma": 0.013291199973618098}, "datetime": {"datetime": "2021-09-28 12:13:31", "elapsed": 1562.610068, "delta": 9.141684}}
{"target": -39.30407202868351, "params": {"C": 189.63100641247016, "gamma": 0.07451002085279369}, "datetime": {"datetime": "2021-09-28 12:13:41", "elapsed": 1572.391761, "delta": 9.781693}}
{"target": -39.65532586088936, "params": {"C": 189.69759678102255, "gamma": 0.10815055348676397}, "datetime": {"datetime": "2021-09-28 12:13:47", "elapsed": 1579.210639, "delta": 6.818878}}
{"target": -39.378640325283314, "params": {"C": 189.68993937295107, "gamma": 0.035229601656006845}, "datetime": {"datetime": "2021-09-28 12:13:56", "elapsed": 1587.482263, "delta": 8.271624}}
{"target": -39.66935356256621, "params": {"C": 189.56388212526508, "gamma": 0.10921028141849354}, "datetime": {"datetime": "2021-09-28 12:14:06", "elapsed": 1597.942744, "delta": 10.460481}}
{"target": -39.390735980639434, "params": {"C": 189.45466228475885, "gamma": 0.08401018481952241}, "datetime": {"datetime": "2021-09-28 12:14:13", "elapsed": 1605.234237, "delta": 7.291493}}
{"target": -42.14442927044264, "params": {"C": 179.2206213863817, "gamma": 0.3885704706331713}, "datetime": {"datetime": "2021-09-28 12:14:18", "elapsed": 1609.788479, "delta": 4.554242}}
{"target": -39.753223736989455, "params": {"C": 189.33399219871427, "gamma": 0.023724140764097058}, "datetime": {"datetime": "2021-09-28 12:14:32", "elapsed": 1623.639153, "delta": 13.850674}}
{"target": -39.98455430138337, "params": {"C": 189.4133603553529, "gamma": 0.13552341390316772}, "datetime": {"datetime": "2021-09-28 12:14:39", "elapsed": 1630.486201, "delta": 6.847048}}
{"target": -40.07096512207282, "params": {"C": 189.47188054491008, "gamma": 0.017942873178920387}, "datetime": {"datetime": "2021-09-28 12:14:49", "elapsed": 1640.967095, "delta": 10.480894}}
{"target": -39.281125508220285, "params": {"C": 189.2276273826295, "gamma": 0.07074657126740794}, "datetime": {"datetime": "2021-09-28 12:14:59", "elapsed": 1650.851765, "delta": 9.88467}}
{"target": -39.81509980472401, "params": {"C": 189.26528097861456, "gamma": 0.12113481122307036}, "datetime": {"datetime": "2021-09-28 12:15:06", "elapsed": 1657.611917, "delta": 6.760152}}
{"target": -41.72779086608803, "params": {"C": 105.56397845337277, "gamma": 0.21462422040021625}, "datetime": {"datetime": "2021-09-28 12:15:10", "elapsed": 1661.667398, "delta": 4.055481}}
{"target": -39.907454099791515, "params": {"C": 189.13365731007647, "gamma": 0.12875614175879072}, "datetime": {"datetime": "2021-09-28 12:15:18", "elapsed": 1669.843033, "delta": 8.175635}}
{"target": -40.730735453602705, "params": {"C": 189.23807915831014, "gamma": 0.010876564327961556}, "datetime": {"datetime": "2021-09-28 12:15:24", "elapsed": 1675.690746, "delta": 5.847713}}
{"target": -40.44042996561636, "params": {"C": 189.50099811899997, "gamma": 0.17395657309769783}, "datetime": {"datetime": "2021-09-28 12:15:31", "elapsed": 1683.032293, "delta": 7.341547}}
{"target": -39.56411699159504, "params": {"C": 189.55653839961957, "gamma": 0.028473613555895304}, "datetime": {"datetime": "2021-09-28 12:15:40", "elapsed": 1691.522701, "delta": 8.490408}}
