{"target": -35.169568570414356, "params": {"C": 4703.398052078962, "gamma": 0.05462245798503643}, "datetime": {"datetime": "2021-09-28 16:16:07", "elapsed": 278.222626, "delta": 1.297243}}
{"target": -35.07464918229631, "params": {"C": 4764.603229977496, "gamma": 0.020325638461856397}, "datetime": {"datetime": "2021-09-28 16:16:08", "elapsed": 279.520818, "delta": 1.298192}}
{"target": -35.152168326948775, "params": {"C": 4894.885551443987, "gamma": 0.05503058813134434}, "datetime": {"datetime": "2021-09-28 16:16:10", "elapsed": 281.532848, "delta": 2.01203}}
{"target": -35.69695669056228, "params": {"C": 4797.657683998045, "gamma": 0.009651479959745583}, "datetime": {"datetime": "2021-09-28 16:16:12", "elapsed": 283.125851, "delta": 1.593003}}
{"target": -34.94494000666307, "params": {"C": 4797.62181815431, "gamma": 0.03563437482215795}, "datetime": {"datetime": "2021-09-28 16:16:13", "elapsed": 284.864492, "delta": 1.738641}}
{"target": -35.327680056045025, "params": {"C": 4454.737626991734, "gamma": 0.06159049966936605}, "datetime": {"datetime": "2021-09-28 16:16:15", "elapsed": 286.088336, "delta": 1.223844}}
{"target": -34.95571017541322, "params": {"C": 4853.039891523958, "gamma": 0.02700525662750726}, "datetime": {"datetime": "2021-09-28 16:16:16", "elapsed": 287.325331, "delta": 1.236995}}
{"target": -35.47558080361682, "params": {"C": 4975.372092473321, "gamma": 0.0715130376889859}, "datetime": {"datetime": "2021-09-28 16:16:18", "elapsed": 289.124565, "delta": 1.799234}}
{"target": -34.95551814126635, "params": {"C": 4975.343548377041, "gamma": 0.02548272647186074}, "datetime": {"datetime": "2021-09-28 16:16:20", "elapsed": 291.195292, "delta": 2.070727}}
{"target": -35.177603495441076, "params": {"C": 4787.483451930079, "gamma": 0.05568716891806119}, "datetime": {"datetime": "2021-09-28 16:16:21", "elapsed": 293.027265, "delta": 1.831973}}
{"target": -35.639695905767866, "params": {"C": 4853.013907533311, "gamma": 0.010479963834082841}, "datetime": {"datetime": "2021-09-28 16:16:23", "elapsed": 294.619827, "delta": 1.592562}}
{"target": -35.20449957840452, "params": {"C": 4853.035034314881, "gamma": 0.05766542829701686}, "datetime": {"datetime": "2021-09-28 16:16:25", "elapsed": 296.397738, "delta": 1.777911}}
{"target": -35.48231679092764, "params": {"C": 4978.205065175531, "gamma": 0.07183032995270185}, "datetime": {"datetime": "2021-09-28 16:16:27", "elapsed": 298.308123, "delta": 1.910385}}
{"target": -35.01292412481324, "params": {"C": 4205.631997599355, "gamma": 0.03279402491041226}, "datetime": {"datetime": "2021-09-28 16:16:28", "elapsed": 299.593273, "delta": 1.28515}}
{"target": -35.1821566098849, "params": {"C": 4975.273100832168, "gamma": 0.057278414029538524}, "datetime": {"datetime": "2021-09-28 16:16:30", "elapsed": 301.211489, "delta": 1.618216}}
{"target": -35.59981239746481, "params": {"C": 4894.61096414251, "gamma": 0.011042147692663661}, "datetime": {"datetime": "2021-09-28 16:16:32", "elapsed": 304.059979, "delta": 2.84849}}
{"target": -35.23800485755098, "params": {"C": 4353.485246804635, "gamma": 0.05575799759081964}, "datetime": {"datetime": "2021-09-28 16:16:34", "elapsed": 305.430977, "delta": 1.370998}}
{"target": -35.289473114815834, "params": {"C": 4797.726252626497, "gamma": 0.06202087666531754}, "datetime": {"datetime": "2021-09-28 16:16:37", "elapsed": 308.39604, "delta": 2.965063}}
{"target": -35.14988275902464, "params": {"C": 4489.380768241886, "gamma": 0.01876352583524787}, "datetime": {"datetime": "2021-09-28 16:16:38", "elapsed": 309.801365, "delta": 1.405325}}
{"target": -35.271547030298436, "params": {"C": 4508.445895259392, "gamma": 0.05886307060804206}, "datetime": {"datetime": "2021-09-28 16:16:39", "elapsed": 311.073367, "delta": 1.272002}}
{"target": -35.0903333636945, "params": {"C": 4011.7377583349603, "gamma": 0.04196658102717065}, "datetime": {"datetime": "2021-09-28 16:16:41", "elapsed": 312.509721, "delta": 1.436354}}
{"target": -34.99065151704549, "params": {"C": 4978.305376745202, "gamma": 0.02318001797075}, "datetime": {"datetime": "2021-09-28 16:16:43", "elapsed": 314.770218, "delta": 2.260497}}
{"target": -35.30454316893331, "params": {"C": 4978.296110379945, "gamma": 0.06367322394913502}, "datetime": {"datetime": "2021-09-28 16:16:46", "elapsed": 317.835299, "delta": 3.065081}}
{"target": -35.0394610350843, "params": {"C": 4162.4279254439325, "gamma": 0.0272277888504985}, "datetime": {"datetime": "2021-09-28 16:16:48", "elapsed": 319.197297, "delta": 1.361998}}
{"target": -35.14071432938679, "params": {"C": 4924.928999652067, "gamma": 0.017971781071169052}, "datetime": {"datetime": "2021-09-28 16:16:49", "elapsed": 320.525184, "delta": 1.327887}}
{"target": -35.76805938912653, "params": {"C": 4895.62491817314, "gamma": 0.008583296932110959}, "datetime": {"datetime": "2021-09-28 16:16:50", "elapsed": 321.909091, "delta": 1.383907}}
{"target": -35.22283382979474, "params": {"C": 4853.061388269327, "gamma": 0.016742547285332896}, "datetime": {"datetime": "2021-09-28 16:16:52", "elapsed": 323.583728, "delta": 1.674637}}
{"target": -34.95953556116651, "params": {"C": 4743.186938397256, "gamma": 0.03945810905516056}, "datetime": {"datetime": "2021-09-28 16:16:53", "elapsed": 324.946729, "delta": 1.363001}}
{"target": -35.679683030288764, "params": {"C": 4616.586915442959, "gamma": 0.009961376833125701}, "datetime": {"datetime": "2021-09-28 16:16:56", "elapsed": 327.388552, "delta": 2.441823}}
{"target": -34.96527766786537, "params": {"C": 4743.160018409486, "gamma": 0.0273462981048693}, "datetime": {"datetime": "2021-09-28 16:16:58", "elapsed": 329.972069, "delta": 2.583517}}
{"target": -35.01377229128177, "params": {"C": 4797.648216744068, "gamma": 0.04577340346895623}, "datetime": {"datetime": "2021-09-28 16:17:01", "elapsed": 332.571104, "delta": 2.599035}}
{"target": -34.951836589389245, "params": {"C": 4975.344913208637, "gamma": 0.025817736822570016}, "datetime": {"datetime": "2021-09-28 16:17:02", "elapsed": 334.028815, "delta": 1.457711}}
{"target": -35.193888236662566, "params": {"C": 4545.989307719437, "gamma": 0.05480855756400944}, "datetime": {"datetime": "2021-09-28 16:17:04", "elapsed": 336.008934, "delta": 1.980119}}
{"target": -35.31854682105864, "params": {"C": 4894.563089278318, "gamma": 0.01518980953207149}, "datetime": {"datetime": "2021-09-28 16:17:07", "elapsed": 338.095117, "delta": 2.086183}}
{"target": -35.432164990000885, "params": {"C": 4493.055241465949, "gamma": 0.06697433643528806}, "datetime": {"datetime": "2021-09-28 16:17:09", "elapsed": 340.589992, "delta": 2.494875}}
{"target": -35.75434388763989, "params": {"C": 4975.383044981097, "gamma": 0.008764454094309562}, "datetime": {"datetime": "2021-09-28 16:17:12", "elapsed": 343.780274, "delta": 3.190282}}
{"target": -35.37753871368459, "params": {"C": 4743.163280213998, "gamma": 0.06607334855682322}, "datetime": {"datetime": "2021-09-28 16:17:15", "elapsed": 346.476337, "delta": 2.696063}}
{"target": -35.033979394089684, "params": {"C": 4031.4870037511378, "gamma": 0.03235056922566321}, "datetime": {"datetime": "2021-09-28 16:17:16", "elapsed": 347.815715, "delta": 1.339378}}
{"target": -35.091127328138754, "params": {"C": 4787.388673621003, "gamma": 0.05075193143768624}, "datetime": {"datetime": "2021-09-28 16:17:18", "elapsed": 349.867335, "delta": 2.05162}}
{"target": -35.29536601020894, "params": {"C": 4743.1772842535665, "gamma": 0.015731135961269318}, "datetime": {"datetime": "2021-09-28 16:17:21", "elapsed": 352.192595, "delta": 2.32526}}
{"target": -35.04457334928224, "params": {"C": 4894.655012935314, "gamma": 0.02085706720625789}, "datetime": {"datetime": "2021-09-28 16:17:23", "elapsed": 354.100294, "delta": 1.907699}}
{"target": -35.11373305901611, "params": {"C": 4896.884579469051, "gamma": 0.052881148224304786}, "datetime": {"datetime": "2021-09-28 16:17:25", "elapsed": 356.10714, "delta": 2.006846}}
{"target": -35.028235653440824, "params": {"C": 4981.004675784872, "gamma": 0.021090649864850666}, "datetime": {"datetime": "2021-09-28 16:17:27", "elapsed": 358.147678, "delta": 2.040538}}
{"target": -35.183640180659744, "params": {"C": 4896.464956344766, "gamma": 0.05680691118311663}, "datetime": {"datetime": "2021-09-28 16:17:29", "elapsed": 360.401087, "delta": 2.253409}}
{"target": -35.563114307107284, "params": {"C": 4608.075433147971, "gamma": 0.07379486008480927}, "datetime": {"datetime": "2021-09-28 16:17:30", "elapsed": 361.915848, "delta": 1.514761}}
{"target": -34.98103553274347, "params": {"C": 4894.64856763748, "gamma": 0.04381681892473465}, "datetime": {"datetime": "2021-09-28 16:17:33", "elapsed": 364.661781, "delta": 2.745933}}
{"target": -35.930840620908135, "params": {"C": 4896.379557276506, "gamma": 0.00653276787519706}, "datetime": {"datetime": "2021-09-28 16:17:36", "elapsed": 367.469415, "delta": 2.807634}}
{"target": -34.98795310824585, "params": {"C": 4546.030092339883, "gamma": 0.040325267485889674}, "datetime": {"datetime": "2021-09-28 16:17:38", "elapsed": 369.943776, "delta": 2.474361}}
{"target": -35.58474196992956, "params": {"C": 4561.638471379517, "gamma": 0.011433500186701518}, "datetime": {"datetime": "2021-09-28 16:17:40", "elapsed": 371.263534, "delta": 1.319758}}
{"target": -35.03582415845354, "params": {"C": 4894.57426744599, "gamma": 0.048251156782544324}, "datetime": {"datetime": "2021-09-28 16:17:42", "elapsed": 373.574435, "delta": 2.310901}}
{"target": -35.06256058490001, "params": {"C": 4630.674668710844, "gamma": 0.02134348848989565}, "datetime": {"datetime": "2021-09-28 16:17:44", "elapsed": 375.850048, "delta": 2.275613}}
{"target": -35.25303395200876, "params": {"C": 4593.152051307701, "gamma": 0.058472172550132276}, "datetime": {"datetime": "2021-09-28 16:17:47", "elapsed": 378.102562, "delta": 2.252514}}
{"target": -35.133029065996396, "params": {"C": 4787.369665922879, "gamma": 0.01832807600803765}, "datetime": {"datetime": "2021-09-28 16:17:48", "elapsed": 380.071766, "delta": 1.969204}}
{"target": -35.34576863485972, "params": {"C": 4493.024197465088, "gamma": 0.015230430816923216}, "datetime": {"datetime": "2021-09-28 16:17:51", "elapsed": 382.304178, "delta": 2.232412}}
{"target": -35.09552151421102, "params": {"C": 4980.975914320346, "gamma": 0.01884093602922376}, "datetime": {"datetime": "2021-09-28 16:17:53", "elapsed": 384.348117, "delta": 2.043939}}
{"target": -34.95457208136448, "params": {"C": 4976.675502629594, "gamma": 0.025537068269741996}, "datetime": {"datetime": "2021-09-28 16:17:55", "elapsed": 386.536253, "delta": 2.188136}}
{"target": -34.98165601082704, "params": {"C": 4975.411507124261, "gamma": 0.04473961002440838}, "datetime": {"datetime": "2021-09-28 16:17:58", "elapsed": 389.450466, "delta": 2.914213}}
{"target": -35.751632191349, "params": {"C": 4797.760818278937, "gamma": 0.008824132166797644}, "datetime": {"datetime": "2021-09-28 16:18:00", "elapsed": 391.51246, "delta": 2.061994}}
{"target": -35.94337619694656, "params": {"C": 4787.4712611761715, "gamma": 0.006386729448811577}, "datetime": {"datetime": "2021-09-28 16:18:02", "elapsed": 393.777028, "delta": 2.264568}}
{"target": -35.14140632464297, "params": {"C": 4787.433268243847, "gamma": 0.05365477520556189}, "datetime": {"datetime": "2021-09-28 16:18:04", "elapsed": 396.072559, "delta": 2.295531}}
{"target": -35.06069892746179, "params": {"C": 4630.70486903858, "gamma": 0.02141403135769355}, "datetime": {"datetime": "2021-09-28 16:18:07", "elapsed": 398.398759, "delta": 2.3262}}
{"target": -35.112747052371226, "params": {"C": 4981.008070965337, "gamma": 0.053418698821107495}, "datetime": {"datetime": "2021-09-28 16:18:10", "elapsed": 401.427047, "delta": 3.028288}}
{"target": -35.6883276898626, "params": {"C": 4961.510459306928, "gamma": 0.009737236793179975}, "datetime": {"datetime": "2021-09-28 16:18:11", "elapsed": 402.976678, "delta": 1.549631}}
{"target": -35.38084817802834, "params": {"C": 4478.782099395147, "gamma": 0.0643954693973448}, "datetime": {"datetime": "2021-09-28 16:18:13", "elapsed": 405.013301, "delta": 2.036623}}
{"target": -35.07839258683849, "params": {"C": 4976.655941428332, "gamma": 0.019405214474698118}, "datetime": {"datetime": "2021-09-28 16:18:15", "elapsed": 407.041205, "delta": 2.027904}}
{"target": -35.02709532462615, "params": {"C": 4927.3793604010725, "gamma": 0.04797869935670142}, "datetime": {"datetime": "2021-09-28 16:18:17", "elapsed": 408.677291, "delta": 1.636086}}
{"target": -35.21354518198328, "params": {"C": 4476.922058718236, "gamma": 0.055380075704468894}, "datetime": {"datetime": "2021-09-28 16:18:20", "elapsed": 411.282659, "delta": 2.605368}}
{"target": -34.941031940218366, "params": {"C": 4896.488758788251, "gamma": 0.028597541808434362}, "datetime": {"datetime": "2021-09-28 16:18:22", "elapsed": 413.681915, "delta": 2.399256}}
{"target": -35.22908844267831, "params": {"C": 4465.578335694029, "gamma": 0.05616091171312642}, "datetime": {"datetime": "2021-09-28 16:18:25", "elapsed": 416.204826, "delta": 2.522911}}
{"target": -34.985698865047716, "params": {"C": 4896.856325132866, "gamma": 0.04430434106536799}, "datetime": {"datetime": "2021-09-28 16:18:28", "elapsed": 419.150098, "delta": 2.945272}}
{"target": -35.27567213076046, "params": {"C": 4237.704346253401, "gamma": 0.05691417582728951}, "datetime": {"datetime": "2021-09-28 16:18:29", "elapsed": 420.801321, "delta": 1.651223}}
{"target": -35.10543954869935, "params": {"C": 4692.234205425074, "gamma": 0.019536596842821382}, "datetime": {"datetime": "2021-09-28 16:18:31", "elapsed": 422.211574, "delta": 1.410253}}
{"target": -35.18292194574632, "params": {"C": 4592.889016749723, "gamma": 0.05454882581278172}, "datetime": {"datetime": "2021-09-28 16:18:33", "elapsed": 424.470405, "delta": 2.258831}}
{"target": -35.00653511607538, "params": {"C": 4787.5162016096065, "gamma": 0.045110280743221425}, "datetime": {"datetime": "2021-09-28 16:18:36", "elapsed": 427.328388, "delta": 2.857983}}
{"target": -35.57379174244783, "params": {"C": 4537.439124757354, "gamma": 0.011614547861495423}, "datetime": {"datetime": "2021-09-28 16:18:38", "elapsed": 429.357821, "delta": 2.029433}}
{"target": -35.01796383936728, "params": {"C": 4413.24103823938, "gamma": 0.02608541609767129}, "datetime": {"datetime": "2021-09-28 16:18:39", "elapsed": 430.833563, "delta": 1.475742}}
{"target": -34.98489052710358, "params": {"C": 4743.133598767556, "gamma": 0.02540228257980876}, "datetime": {"datetime": "2021-09-28 16:18:42", "elapsed": 433.171533, "delta": 2.33797}}
{"target": -35.14292890969731, "params": {"C": 4592.871823438038, "gamma": 0.01862210401127619}, "datetime": {"datetime": "2021-09-28 16:18:43", "elapsed": 434.909532, "delta": 1.737999}}
{"target": -35.031897734304266, "params": {"C": 4896.855879095518, "gamma": 0.021341806566590647}, "datetime": {"datetime": "2021-09-28 16:18:47", "elapsed": 438.509437, "delta": 3.599905}}
{"target": -35.227350806961674, "params": {"C": 4537.466701893216, "gamma": 0.05661467934271644}, "datetime": {"datetime": "2021-09-28 16:18:49", "elapsed": 440.947852, "delta": 2.438415}}
{"target": -34.946232792052115, "params": {"C": 4797.7970108620175, "gamma": 0.030322728111912427}, "datetime": {"datetime": "2021-09-28 16:18:52", "elapsed": 443.805668, "delta": 2.857816}}
{"target": -34.930395816048986, "params": {"C": 4978.180843069268, "gamma": 0.02905507705205694}, "datetime": {"datetime": "2021-09-28 16:18:54", "elapsed": 445.742341, "delta": 1.936673}}
{"target": -35.038353626014626, "params": {"C": 4493.084672309654, "gamma": 0.023692552186003003}, "datetime": {"datetime": "2021-09-28 16:18:57", "elapsed": 448.269746, "delta": 2.527405}}
{"target": -35.62448768971252, "params": {"C": 4465.579318956931, "gamma": 0.010868672168631993}, "datetime": {"datetime": "2021-09-28 16:18:59", "elapsed": 451.005784, "delta": 2.736038}}
{"target": -35.28861326386448, "params": {"C": 4537.425798834032, "gamma": 0.06003944852932552}, "datetime": {"datetime": "2021-09-28 16:19:02", "elapsed": 453.560679, "delta": 2.554895}}
{"target": -34.99589647540385, "params": {"C": 4474.920330917213, "gamma": 0.03991074365981247}, "datetime": {"datetime": "2021-09-28 16:19:05", "elapsed": 456.47344, "delta": 2.912761}}
{"target": -35.16229999464554, "params": {"C": 4976.673076378145, "gamma": 0.056175441370774265}, "datetime": {"datetime": "2021-09-28 16:19:07", "elapsed": 458.924997, "delta": 2.451557}}
{"target": -35.37654613047971, "params": {"C": 4981.197135853646, "gamma": 0.014226391384080533}, "datetime": {"datetime": "2021-09-28 16:19:10", "elapsed": 461.454304, "delta": 2.529307}}
{"target": -35.099327932386366, "params": {"C": 4619.148456317482, "gamma": 0.020040117939256728}, "datetime": {"datetime": "2021-09-28 16:19:12", "elapsed": 463.462682, "delta": 2.008378}}
{"target": -35.27133270308282, "params": {"C": 4474.955151071781, "gamma": 0.05859326850824968}, "datetime": {"datetime": "2021-09-28 16:19:14", "elapsed": 465.545821, "delta": 2.083139}}
{"target": -35.29755339417149, "params": {"C": 4474.913198534378, "gamma": 0.01604648470149955}, "datetime": {"datetime": "2021-09-28 16:19:18", "elapsed": 469.96054, "delta": 4.414719}}
{"target": -35.42985486798426, "params": {"C": 4546.0186890589275, "gamma": 0.013832260406743582}, "datetime": {"datetime": "2021-09-28 16:19:21", "elapsed": 472.287328, "delta": 2.326788}}
{"target": -35.162789588040376, "params": {"C": 4474.5836851770155, "gamma": 0.05238486787887285}, "datetime": {"datetime": "2021-09-28 16:19:23", "elapsed": 474.936053, "delta": 2.648725}}
{"target": -35.33692857333758, "params": {"C": 4478.792540756717, "gamma": 0.015392062824612422}, "datetime": {"datetime": "2021-09-28 16:19:26", "elapsed": 477.107867, "delta": 2.171814}}
{"target": -35.4749333409824, "params": {"C": 4325.87803264082, "gamma": 0.013319683126318493}, "datetime": {"datetime": "2021-09-28 16:19:28", "elapsed": 479.188074, "delta": 2.080207}}
{"target": -35.17090974360611, "params": {"C": 4619.132554095298, "gamma": 0.054072592706670114}, "datetime": {"datetime": "2021-09-28 16:19:31", "elapsed": 482.87563, "delta": 3.687556}}
{"target": -34.96929405594057, "params": {"C": 4584.269366389929, "gamma": 0.030333419848021608}, "datetime": {"datetime": "2021-09-28 16:19:33", "elapsed": 484.457904, "delta": 1.582274}}
{"target": -34.97729999341191, "params": {"C": 4542.6648627209, "gamma": 0.029400042568794346}, "datetime": {"datetime": "2021-09-28 16:19:36", "elapsed": 487.608856, "delta": 3.150952}}
{"target": -35.02427560270057, "params": {"C": 4654.145319456725, "gamma": 0.04496527661721822}, "datetime": {"datetime": "2021-09-28 16:19:37", "elapsed": 489.049187, "delta": 1.440331}}
{"target": -34.98312571554138, "params": {"C": 4999.297279976112, "gamma": 0.045137874730061874}, "datetime": {"datetime": "2021-09-28 16:19:39", "elapsed": 490.623579, "delta": 1.574392}}
{"target": -35.032214311795066, "params": {"C": 4325.840044731529, "gamma": 0.04186200303231035}, "datetime": {"datetime": "2021-09-28 16:19:42", "elapsed": 493.805427, "delta": 3.181848}}
{"target": -35.22464763807264, "params": {"C": 4584.26693128325, "gamma": 0.056818162006018066}, "datetime": {"datetime": "2021-09-28 16:19:45", "elapsed": 496.192122, "delta": 2.386695}}
{"target": -35.306414303171266, "params": {"C": 4507.904695078757, "gamma": 0.060809870666569}, "datetime": {"datetime": "2021-09-28 16:19:48", "elapsed": 499.172058, "delta": 2.979936}}
{"target": -35.355903686273365, "params": {"C": 4546.021084244421, "gamma": 0.0636902516013235}, "datetime": {"datetime": "2021-09-28 16:19:50", "elapsed": 501.1118, "delta": 1.939742}}
{"target": -35.58016025823779, "params": {"C": 4777.698357562969, "gamma": 0.011387028641679012}, "datetime": {"datetime": "2021-09-28 16:19:51", "elapsed": 502.761589, "delta": 1.649789}}
{"target": -35.29335869967956, "params": {"C": 4374.444530547479, "gamma": 0.05903973276787498}, "datetime": {"datetime": "2021-09-28 16:19:53", "elapsed": 504.931999, "delta": 2.17041}}
{"target": -35.28005766227872, "params": {"C": 4542.682739770305, "gamma": 0.059600866865380873}, "datetime": {"datetime": "2021-09-28 16:19:56", "elapsed": 507.876977, "delta": 2.944978}}
{"target": -35.357095472714725, "params": {"C": 4593.177956280487, "gamma": 0.014930602347325156}, "datetime": {"datetime": "2021-09-28 16:19:59", "elapsed": 511.049431, "delta": 3.172454}}
{"target": -35.584363723082966, "params": {"C": 4476.943607792202, "gamma": 0.011485698421196608}, "datetime": {"datetime": "2021-09-28 16:20:04", "elapsed": 515.155636, "delta": 4.106205}}
{"target": -34.99326457868603, "params": {"C": 4593.131197900682, "gamma": 0.026209297008253692}, "datetime": {"datetime": "2021-09-28 16:20:07", "elapsed": 518.205536, "delta": 3.0499}}
{"target": -35.359878686964166, "params": {"C": 4495.374250606602, "gamma": 0.014998904778926115}, "datetime": {"datetime": "2021-09-28 16:20:09", "elapsed": 521.028323, "delta": 2.822787}}
{"target": -35.245916014380555, "params": {"C": 4114.725124604712, "gamma": 0.05402230118091997}, "datetime": {"datetime": "2021-09-28 16:20:11", "elapsed": 522.833042, "delta": 1.804719}}
{"target": -35.31969476029332, "params": {"C": 4325.856576145681, "gamma": 0.06012701324427452}, "datetime": {"datetime": "2021-09-28 16:20:14", "elapsed": 525.498236, "delta": 2.665194}}
{"target": -35.17895597394094, "params": {"C": 4411.2645172737375, "gamma": 0.05278664407183307}, "datetime": {"datetime": "2021-09-28 16:20:16", "elapsed": 527.436705, "delta": 1.938469}}
{"target": -35.109549025441396, "params": {"C": 4999.273973851082, "gamma": 0.05336581082342837}, "datetime": {"datetime": "2021-09-28 16:20:20", "elapsed": 531.29362, "delta": 3.856915}}
{"target": -35.12323277683881, "params": {"C": 4887.680087423417, "gamma": 0.05335146794609541}, "datetime": {"datetime": "2021-09-28 16:20:22", "elapsed": 533.217497, "delta": 1.923877}}
