{"target": -34.41248502843197, "params": {"C": 23775.79816761201, "gamma": 0.012523430471769341}, "datetime": {"datetime": "2021-09-29 08:03:36", "elapsed": 31.738164, "delta": 0.76215}}
{"target": -36.31597738539351, "params": {"C": 24705.447730949825, "gamma": 0.07917548350597925}, "datetime": {"datetime": "2021-09-29 08:03:37", "elapsed": 32.165163, "delta": 0.426999}}
{"target": -36.32996451088971, "params": {"C": 21086.827394085987, "gamma": 0.08556175395408144}, "datetime": {"datetime": "2021-09-29 08:03:37", "elapsed": 32.683572, "delta": 0.518409}}
{"target": -36.310094492591226, "params": {"C": 20245.3424728824, "gamma": 0.08640748320230647}, "datetime": {"datetime": "2021-09-29 08:03:38", "elapsed": 33.234851, "delta": 0.551279}}
{"target": -34.39350019942405, "params": {"C": 19751.291084636552, "gamma": 0.024575877734323633}, "datetime": {"datetime": "2021-09-29 08:03:39", "elapsed": 33.865859, "delta": 0.631008}}
{"target": -34.72337937878603, "params": {"C": 20726.536496855704, "gamma": 0.03856124561891662}, "datetime": {"datetime": "2021-09-29 08:03:39", "elapsed": 34.434855, "delta": 0.568996}}
{"target": -34.28739863802868, "params": {"C": 22143.502415416526, "gamma": 0.018190904197547347}, "datetime": {"datetime": "2021-09-29 08:03:40", "elapsed": 35.295413, "delta": 0.860558}}
{"target": -35.481602094899486, "params": {"C": 22292.72700832013, "gamma": 0.05794615053234451}, "datetime": {"datetime": "2021-09-29 08:03:40", "elapsed": 35.779412, "delta": 0.483999}}
{"target": -35.01123901981729, "params": {"C": 20357.08049101915, "gamma": 0.04713520439257748}, "datetime": {"datetime": "2021-09-29 08:03:41", "elapsed": 36.22741, "delta": 0.447998}}
{"target": -36.113811241143004, "params": {"C": 21743.815883225892, "gamma": 0.07711946358376723}, "datetime": {"datetime": "2021-09-29 08:03:42", "elapsed": 36.852425, "delta": 0.625015}}
{"target": -36.17913001824273, "params": {"C": 21785.3024027922, "gamma": 0.07915616190257038}, "datetime": {"datetime": "2021-09-29 08:03:42", "elapsed": 37.624175, "delta": 0.77175}}
{"target": -35.313515445992735, "params": {"C": 22392.298768648372, "gamma": 0.05341982018191186}, "datetime": {"datetime": "2021-09-29 08:03:43", "elapsed": 38.220173, "delta": 0.595998}}
{"target": -36.33151826678365, "params": {"C": 20574.36262505049, "gamma": 0.08657661232753466}, "datetime": {"datetime": "2021-09-29 08:03:44", "elapsed": 38.786178, "delta": 0.566005}}
{"target": -36.61742789149748, "params": {"C": 22524.946806318087, "gamma": 0.09301820260703635}, "datetime": {"datetime": "2021-09-29 08:03:44", "elapsed": 39.463415, "delta": 0.677237}}
{"target": -35.72585705319653, "params": {"C": 19415.79421749461, "gamma": 0.06818909207481362}, "datetime": {"datetime": "2021-09-29 08:03:45", "elapsed": 40.131413, "delta": 0.667998}}
{"target": -34.279868298881986, "params": {"C": 22822.316476085383, "gamma": 0.016296964801320514}, "datetime": {"datetime": "2021-09-29 08:03:46", "elapsed": 40.849415, "delta": 0.718002}}
{"target": -36.89465137230481, "params": {"C": 24309.331227755843, "gamma": 0.09981383210015862}, "datetime": {"datetime": "2021-09-29 08:03:46", "elapsed": 41.454757, "delta": 0.605342}}
{"target": -34.297968188326145, "params": {"C": 20668.505922679975, "gamma": 0.019233455981822804}, "datetime": {"datetime": "2021-09-29 08:03:47", "elapsed": 41.956761, "delta": 0.502004}}
{"target": -35.63450386569271, "params": {"C": 21855.89076740131, "gamma": 0.06258134633927984}, "datetime": {"datetime": "2021-09-29 08:03:47", "elapsed": 42.463758, "delta": 0.506997}}
{"target": -34.692803834920845, "params": {"C": 22949.55114269677, "gamma": 0.009906556562216012}, "datetime": {"datetime": "2021-09-29 08:03:48", "elapsed": 43.309835, "delta": 0.846077}}
{"target": -35.16235675949325, "params": {"C": 20601.35079878835, "gamma": 0.050962472769810585}, "datetime": {"datetime": "2021-09-29 08:03:49", "elapsed": 44.196836, "delta": 0.887001}}
{"target": -35.38597370188039, "params": {"C": 24493.81279692548, "gamma": 0.05355952556260665}, "datetime": {"datetime": "2021-09-29 08:03:50", "elapsed": 45.301198, "delta": 1.104362}}
{"target": -36.201152742266316, "params": {"C": 22901.64769149265, "gamma": 0.07815764251599575}, "datetime": {"datetime": "2021-09-29 08:03:51", "elapsed": 45.893196, "delta": 0.591998}}
{"target": -34.38597807003072, "params": {"C": 22333.929427985466, "gamma": 0.02337436113215505}, "datetime": {"datetime": "2021-09-29 08:03:51", "elapsed": 46.584197, "delta": 0.691001}}
{"target": -35.720251136645956, "params": {"C": 22150.07964104619, "gamma": 0.005738610376384224}, "datetime": {"datetime": "2021-09-29 08:03:52", "elapsed": 47.295354, "delta": 0.711157}}
{"target": -35.53934504815549, "params": {"C": 22597.211188783636, "gamma": 0.05920755042607751}, "datetime": {"datetime": "2021-09-29 08:03:53", "elapsed": 48.286949, "delta": 0.991595}}
{"target": -35.68820961557594, "params": {"C": 20830.133977888534, "gamma": 0.06527870004827242}, "datetime": {"datetime": "2021-09-29 08:03:54", "elapsed": 48.875945, "delta": 0.588996}}
{"target": -35.18970483924457, "params": {"C": 19928.182170180527, "gamma": 0.052290418644688724}, "datetime": {"datetime": "2021-09-29 08:03:55", "elapsed": 50.01316, "delta": 1.137215}}
{"target": -35.34128284979457, "params": {"C": 20638.96899262753, "gamma": 0.055738718834579266}, "datetime": {"datetime": "2021-09-29 08:03:55", "elapsed": 50.628157, "delta": 0.614997}}
{"target": -34.459561140989265, "params": {"C": 19307.833337786848, "gamma": 0.02798808626558339}, "datetime": {"datetime": "2021-09-29 08:03:56", "elapsed": 51.255357, "delta": 0.6272}}
{"target": -36.33364093332283, "params": {"C": 22618.140040056966, "gamma": 0.08303103567304221}, "datetime": {"datetime": "2021-09-29 08:03:57", "elapsed": 51.971354, "delta": 0.715997}}
{"target": -34.52990843648143, "params": {"C": 19496.878465118945, "gamma": 0.03115787342522659}, "datetime": {"datetime": "2021-09-29 08:03:57", "elapsed": 52.65111, "delta": 0.679756}}
{"target": -35.33492306247235, "params": {"C": 19808.71285205995, "gamma": 0.05638146109085748}, "datetime": {"datetime": "2021-09-29 08:03:58", "elapsed": 53.345889, "delta": 0.694779}}
{"target": -36.68701134387066, "params": {"C": 20774.76619235193, "gamma": 0.09996654470549125}, "datetime": {"datetime": "2021-09-29 08:03:59", "elapsed": 54.216892, "delta": 0.871003}}
{"target": -35.426945936733674, "params": {"C": 24484.26592041363, "gamma": 0.05460236622341268}, "datetime": {"datetime": "2021-09-29 08:04:00", "elapsed": 54.984888, "delta": 0.767996}}
{"target": -36.40569852673731, "params": {"C": 24078.54659120093, "gamma": 0.0828900737654435}, "datetime": {"datetime": "2021-09-29 08:04:00", "elapsed": 55.624535, "delta": 0.639647}}
{"target": -35.48072950132673, "params": {"C": 19063.379431588703, "gamma": 0.0613189561987859}, "datetime": {"datetime": "2021-09-29 08:04:01", "elapsed": 56.413537, "delta": 0.789002}}
{"target": -34.309364646320724, "params": {"C": 20146.275213651974, "gamma": 0.02010808336836404}, "datetime": {"datetime": "2021-09-29 08:04:02", "elapsed": 57.263063, "delta": 0.849526}}
{"target": -34.31157254849847, "params": {"C": 22170.98751870823, "gamma": 0.019713259241820696}, "datetime": {"datetime": "2021-09-29 08:04:03", "elapsed": 58.066941, "delta": 0.803878}}
{"target": -36.7750173988161, "params": {"C": 22839.63583546827, "gamma": 0.09867798958880708}, "datetime": {"datetime": "2021-09-29 08:04:04", "elapsed": 58.97494, "delta": 0.907999}}
{"target": -35.3006954878497, "params": {"C": 21930.782469133104, "gamma": 0.007278759371540612}, "datetime": {"datetime": "2021-09-29 08:04:05", "elapsed": 59.841188, "delta": 0.866248}}
{"target": -35.93146194684968, "params": {"C": 24624.56188491174, "gamma": 0.06800326196667057}, "datetime": {"datetime": "2021-09-29 08:04:05", "elapsed": 60.760191, "delta": 0.919003}}
{"target": -34.747632316264934, "params": {"C": 20713.403130058166, "gamma": 0.010069081766889358}, "datetime": {"datetime": "2021-09-29 08:04:06", "elapsed": 61.558889, "delta": 0.798698}}
{"target": -35.16655068668047, "params": {"C": 19310.57941382632, "gamma": 0.05222589710585659}, "datetime": {"datetime": "2021-09-29 08:04:07", "elapsed": 62.323889, "delta": 0.765}}
{"target": -34.525715233152425, "params": {"C": 20462.127289374122, "gamma": 0.030500436287128417}, "datetime": {"datetime": "2021-09-29 08:04:08", "elapsed": 63.170537, "delta": 0.846648}}
{"target": -34.634659764073675, "params": {"C": 20393.449476008784, "gamma": 0.035217954409545164}, "datetime": {"datetime": "2021-09-29 08:04:09", "elapsed": 64.017374, "delta": 0.846837}}
{"target": -35.98152439985991, "params": {"C": 19644.7671245324, "gamma": 0.07611974673735285}, "datetime": {"datetime": "2021-09-29 08:04:10", "elapsed": 65.287443, "delta": 1.270069}}
{"target": -36.67227020578919, "params": {"C": 21587.26377522167, "gamma": 0.09731408194622639}, "datetime": {"datetime": "2021-09-29 08:04:11", "elapsed": 66.085757, "delta": 0.798314}}
{"target": -36.640015632792654, "params": {"C": 21931.21277096132, "gamma": 0.09519996698148048}, "datetime": {"datetime": "2021-09-29 08:04:12", "elapsed": 66.870759, "delta": 0.785002}}
{"target": -35.01691384599986, "params": {"C": 19646.752680732516, "gamma": 0.04785408982750394}, "datetime": {"datetime": "2021-09-29 08:04:12", "elapsed": 67.707654, "delta": 0.836895}}
{"target": -36.61076499434351, "params": {"C": 24892.53299098298, "gamma": 0.08817227585126693}, "datetime": {"datetime": "2021-09-29 08:04:14", "elapsed": 68.823653, "delta": 1.115999}}
{"target": -36.117675153632035, "params": {"C": 19552.800004796227, "gamma": 0.08085763578309607}, "datetime": {"datetime": "2021-09-29 08:04:14", "elapsed": 69.639453, "delta": 0.8158}}
{"target": -35.05140376195059, "params": {"C": 21911.91156557806, "gamma": 0.04701907760938062}, "datetime": {"datetime": "2021-09-29 08:04:15", "elapsed": 70.566452, "delta": 0.926999}}
{"target": -35.64269519043648, "params": {"C": 24753.385390056817, "gamma": 0.059942396093581825}, "datetime": {"datetime": "2021-09-29 08:04:16", "elapsed": 71.364922, "delta": 0.79847}}
{"target": -36.52502785233258, "params": {"C": 22862.492743517774, "gamma": 0.08896697579644598}, "datetime": {"datetime": "2021-09-29 08:04:17", "elapsed": 72.216923, "delta": 0.852001}}
{"target": -35.325893835561864, "params": {"C": 24089.879751552777, "gamma": 0.05236215892213054}, "datetime": {"datetime": "2021-09-29 08:04:18", "elapsed": 73.116779, "delta": 0.899856}}
{"target": -34.33379246100619, "params": {"C": 22713.160628155412, "gamma": 0.020733089712850133}, "datetime": {"datetime": "2021-09-29 08:04:19", "elapsed": 74.060015, "delta": 0.943236}}
{"target": -35.710548376868346, "params": {"C": 22523.894236941836, "gamma": 0.06400586862026142}, "datetime": {"datetime": "2021-09-29 08:04:20", "elapsed": 74.997006, "delta": 0.936991}}
{"target": -34.318471174031934, "params": {"C": 22051.238650318883, "gamma": 0.014929473289115404}, "datetime": {"datetime": "2021-09-29 08:04:21", "elapsed": 75.820511, "delta": 0.823505}}
{"target": -34.30236506259255, "params": {"C": 24273.083636097028, "gamma": 0.01860751786602853}, "datetime": {"datetime": "2021-09-29 08:04:22", "elapsed": 76.799512, "delta": 0.979001}}
{"target": -36.17877485507761, "params": {"C": 20731.7538161324, "gamma": 0.08087220315965828}, "datetime": {"datetime": "2021-09-29 08:04:22", "elapsed": 77.664682, "delta": 0.86517}}
{"target": -36.24486796550162, "params": {"C": 24260.922934142764, "gamma": 0.0775857787888179}, "datetime": {"datetime": "2021-09-29 08:04:23", "elapsed": 78.58168, "delta": 0.916998}}
{"target": -36.25286828197392, "params": {"C": 21641.632624586964, "gamma": 0.08185845395643877}, "datetime": {"datetime": "2021-09-29 08:04:24", "elapsed": 79.357213, "delta": 0.775533}}
{"target": -35.958050242017755, "params": {"C": 24472.809815958415, "gamma": 0.06890186897542175}, "datetime": {"datetime": "2021-09-29 08:04:25", "elapsed": 80.133227, "delta": 0.776014}}
{"target": -35.56292652254127, "params": {"C": 22542.78030391214, "gamma": 0.059898754679733046}, "datetime": {"datetime": "2021-09-29 08:04:26", "elapsed": 81.123285, "delta": 0.990058}}
{"target": -34.782206741773095, "params": {"C": 19360.758216687547, "gamma": 0.04138564533251403}, "datetime": {"datetime": "2021-09-29 08:04:27", "elapsed": 82.100673, "delta": 0.977388}}
{"target": -35.53558103959784, "params": {"C": 24276.84408034283, "gamma": 0.05756394300121775}, "datetime": {"datetime": "2021-09-29 08:04:28", "elapsed": 83.138417, "delta": 1.037744}}
{"target": -34.88250562524138, "params": {"C": 20424.424814560352, "gamma": 0.009451761702326903}, "datetime": {"datetime": "2021-09-29 08:04:29", "elapsed": 84.079714, "delta": 0.941297}}
{"target": -35.826174593661676, "params": {"C": 19577.65213166745, "gamma": 0.07110767703680335}, "datetime": {"datetime": "2021-09-29 08:04:30", "elapsed": 85.748363, "delta": 1.668649}}
{"target": -35.16335475351198, "params": {"C": 20531.7968729441, "gamma": 0.051048595986553154}, "datetime": {"datetime": "2021-09-29 08:04:32", "elapsed": 86.846363, "delta": 1.098}}
{"target": -34.683437112249536, "params": {"C": 22853.660906496014, "gamma": 0.010002412344937324}, "datetime": {"datetime": "2021-09-29 08:04:33", "elapsed": 88.117025, "delta": 1.270662}}
{"target": -36.2921406706691, "params": {"C": 21621.19920740617, "gamma": 0.08325599219312768}, "datetime": {"datetime": "2021-09-29 08:04:34", "elapsed": 89.443023, "delta": 1.325998}}
{"target": -36.563072487005726, "params": {"C": 21019.83956319348, "gamma": 0.09425230294894939}, "datetime": {"datetime": "2021-09-29 08:04:35", "elapsed": 90.422019, "delta": 0.978996}}
{"target": -34.383038536860326, "params": {"C": 22542.879487945393, "gamma": 0.023173261365048593}, "datetime": {"datetime": "2021-09-29 08:04:36", "elapsed": 91.39002, "delta": 0.968001}}
{"target": -35.40994603417285, "params": {"C": 21800.14447631715, "gamma": 0.05649049719129591}, "datetime": {"datetime": "2021-09-29 08:04:37", "elapsed": 92.480366, "delta": 1.090346}}
{"target": -34.93083479394748, "params": {"C": 21253.43089166116, "gamma": 0.04435101866112554}, "datetime": {"datetime": "2021-09-29 08:04:38", "elapsed": 93.733862, "delta": 1.253496}}
{"target": -36.24336736475289, "params": {"C": 20973.74103318344, "gamma": 0.08267105583238664}, "datetime": {"datetime": "2021-09-29 08:04:40", "elapsed": 94.915862, "delta": 1.182}}
{"target": -36.6716572937006, "params": {"C": 21915.419171610272, "gamma": 0.09651521900574093}, "datetime": {"datetime": "2021-09-29 08:04:41", "elapsed": 95.851333, "delta": 0.935471}}
{"target": -34.41177320304742, "params": {"C": 22409.642114373113, "gamma": 0.024574750456501277}, "datetime": {"datetime": "2021-09-29 08:04:42", "elapsed": 96.78033, "delta": 0.928997}}
{"target": -34.40762422232197, "params": {"C": 21118.999696286843, "gamma": 0.013534785935439764}, "datetime": {"datetime": "2021-09-29 08:04:42", "elapsed": 97.773309, "delta": 0.992979}}
{"target": -34.78002800567449, "params": {"C": 19623.16089085301, "gamma": 0.04112188952948734}, "datetime": {"datetime": "2021-09-29 08:04:43", "elapsed": 98.706306, "delta": 0.932997}}
{"target": -35.489656784333576, "params": {"C": 21151.56385295478, "gamma": 0.05928931009173298}, "datetime": {"datetime": "2021-09-29 08:04:44", "elapsed": 99.769308, "delta": 1.063002}}
{"target": -34.680426098762844, "params": {"C": 19140.41838111635, "gamma": 0.03800374308245813}, "datetime": {"datetime": "2021-09-29 08:04:45", "elapsed": 100.765309, "delta": 0.996001}}
{"target": -34.409530199559704, "params": {"C": 22303.05310336328, "gamma": 0.024501389304119253}, "datetime": {"datetime": "2021-09-29 08:04:46", "elapsed": 101.771777, "delta": 1.006468}}
{"target": -35.50627623833191, "params": {"C": 23490.821422572735, "gamma": 0.057495197607060934}, "datetime": {"datetime": "2021-09-29 08:04:48", "elapsed": 103.01264, "delta": 1.240863}}
{"target": -34.36765523033602, "params": {"C": 21961.185474356676, "gamma": 0.022613618969981316}, "datetime": {"datetime": "2021-09-29 08:04:50", "elapsed": 104.872057, "delta": 1.859417}}
{"target": -36.13135937072953, "params": {"C": 23264.540428388285, "gamma": 0.07545217706372374}, "datetime": {"datetime": "2021-09-29 08:04:50", "elapsed": 105.766824, "delta": 0.894767}}
{"target": -34.3041289675536, "params": {"C": 23538.2559008185, "gamma": 0.014916186903445754}, "datetime": {"datetime": "2021-09-29 08:04:51", "elapsed": 106.774823, "delta": 1.007999}}
{"target": -34.474331186664244, "params": {"C": 20571.53954202283, "gamma": 0.028217681303474577}, "datetime": {"datetime": "2021-09-29 08:04:52", "elapsed": 107.693969, "delta": 0.919146}}
{"target": -34.39758043496664, "params": {"C": 23937.739402919757, "gamma": 0.02345851048582957}, "datetime": {"datetime": "2021-09-29 08:04:54", "elapsed": 108.996971, "delta": 1.303002}}
{"target": -35.91682341889503, "params": {"C": 21554.597912914258, "gamma": 0.07128320122245828}, "datetime": {"datetime": "2021-09-29 08:04:55", "elapsed": 109.987406, "delta": 0.990435}}
{"target": -35.00014153995517, "params": {"C": 22013.378970202364, "gamma": 0.04562437938506297}, "datetime": {"datetime": "2021-09-29 08:04:56", "elapsed": 111.131411, "delta": 1.144005}}
{"target": -34.46996635958349, "params": {"C": 23507.083645197956, "gamma": 0.01173248688335845}, "datetime": {"datetime": "2021-09-29 08:04:57", "elapsed": 112.287099, "delta": 1.155688}}
{"target": -34.69591719040318, "params": {"C": 21724.769618399812, "gamma": 0.037091709043569045}, "datetime": {"datetime": "2021-09-29 08:04:58", "elapsed": 113.757994, "delta": 1.470895}}
{"target": -34.6494095181325, "params": {"C": 21436.98735539223, "gamma": 0.03532374156514181}, "datetime": {"datetime": "2021-09-29 08:05:00", "elapsed": 115.128992, "delta": 1.370998}}
{"target": -36.47589357375265, "params": {"C": 23791.671062247842, "gamma": 0.08559905830367807}, "datetime": {"datetime": "2021-09-29 08:05:02", "elapsed": 116.943812, "delta": 1.81482}}
{"target": -35.88851803779017, "params": {"C": 20481.308145726154, "gamma": 0.07183201278715709}, "datetime": {"datetime": "2021-09-29 08:05:03", "elapsed": 118.025524, "delta": 1.081712}}
{"target": -34.27517477436002, "params": {"C": 24240.74361304103, "gamma": 0.01591539469651374}, "datetime": {"datetime": "2021-09-29 08:05:04", "elapsed": 118.987525, "delta": 0.962001}}
{"target": -34.294781130407074, "params": {"C": 19792.589580754742, "gamma": 0.017038535132675964}, "datetime": {"datetime": "2021-09-29 08:05:05", "elapsed": 119.950358, "delta": 0.962833}}
{"target": -36.305512895986695, "params": {"C": 21249.77424338615, "gamma": 0.08438077340597015}, "datetime": {"datetime": "2021-09-29 08:05:06", "elapsed": 121.411357, "delta": 1.460999}}
{"target": -36.28584351422363, "params": {"C": 19935.391898646394, "gamma": 0.0861050121363495}, "datetime": {"datetime": "2021-09-29 08:05:08", "elapsed": 123.312481, "delta": 1.901124}}
{"target": -35.131545678022306, "params": {"C": 24105.624620653234, "gamma": 0.04750176088860667}, "datetime": {"datetime": "2021-09-29 08:05:10", "elapsed": 125.117965, "delta": 1.805484}}
{"target": -34.48784524118511, "params": {"C": 23585.499835266004, "gamma": 0.027624435745243345}, "datetime": {"datetime": "2021-09-29 08:05:11", "elapsed": 126.403695, "delta": 1.28573}}
{"target": -35.158408285548354, "params": {"C": 20945.746517121042, "gamma": 0.05056732500825508}, "datetime": {"datetime": "2021-09-29 08:05:12", "elapsed": 127.623694, "delta": 1.219999}}
{"target": -35.86241892118005, "params": {"C": 24102.329136509776, "gamma": 0.06662339570314753}, "datetime": {"datetime": "2021-09-29 08:05:14", "elapsed": 129.452745, "delta": 1.829051}}
{"target": -34.28364000373991, "params": {"C": 23901.45267554758, "gamma": 0.017573541103190267}, "datetime": {"datetime": "2021-09-29 08:05:15", "elapsed": 130.563015, "delta": 1.11027}}
{"target": -35.697380146716156, "params": {"C": 20889.534501959763, "gamma": 0.06547705665124366}, "datetime": {"datetime": "2021-09-29 08:05:17", "elapsed": 131.803578, "delta": 1.240563}}
{"target": -36.34781492837952, "params": {"C": 21659.7240484843, "gamma": 0.08517853177718773}, "datetime": {"datetime": "2021-09-29 08:05:18", "elapsed": 132.996138, "delta": 1.19256}}
{"target": -35.26432648802461, "params": {"C": 23801.790783890265, "gamma": 0.007139085864459867}, "datetime": {"datetime": "2021-09-29 08:05:19", "elapsed": 134.120396, "delta": 1.124258}}
{"target": -35.107060811927745, "params": {"C": 21882.939209960055, "gamma": 0.04847899082624283}, "datetime": {"datetime": "2021-09-29 08:05:20", "elapsed": 135.493552, "delta": 1.373156}}
{"target": -34.85427622560229, "params": {"C": 22472.919732597533, "gamma": 0.04150352659894276}, "datetime": {"datetime": "2021-09-29 08:05:21", "elapsed": 136.773253, "delta": 1.279701}}
{"target": -35.002333573558595, "params": {"C": 22952.71855159155, "gamma": 0.04504193588792755}, "datetime": {"datetime": "2021-09-29 08:05:23", "elapsed": 138.001918, "delta": 1.228665}}
{"target": -35.92712472730082, "params": {"C": 19981.16359655177, "gamma": 0.07379179303178977}, "datetime": {"datetime": "2021-09-29 08:05:24", "elapsed": 139.46092, "delta": 1.459002}}
{"target": -34.58054339605275, "params": {"C": 21092.620773265255, "gamma": 0.03250681522664722}, "datetime": {"datetime": "2021-09-29 08:05:26", "elapsed": 141.726334, "delta": 2.265414}}
{"target": -35.97405956338528, "params": {"C": 19470.32321900632, "gamma": 0.07613764588727524}, "datetime": {"datetime": "2021-09-29 08:05:28", "elapsed": 143.271486, "delta": 1.545152}}
{"target": -35.469928665959834, "params": {"C": 19789.295442106148, "gamma": 0.060184628814666644}, "datetime": {"datetime": "2021-09-29 08:05:29", "elapsed": 144.662742, "delta": 1.391256}}
