{"target": 0.2029742476951507, "params": {"C": 389415.37442610913, "gamma": 0.9050819199269652}, "datetime": {"datetime": "2021-10-04 11:23:09", "elapsed": 93.933181, "delta": 0.907998}}
{"target": 0.11816360784946556, "params": {"C": 295294.81794002786, "gamma": 0.08579847382085631}, "datetime": {"datetime": "2021-10-04 11:23:10", "elapsed": 94.891625, "delta": 0.958444}}
{"target": 0.2532580948905734, "params": {"C": 268995.15162452427, "gamma": 0.5383992201135271}, "datetime": {"datetime": "2021-10-04 11:23:11", "elapsed": 95.825063, "delta": 0.933438}}
{"target": 0.14779256299999055, "params": {"C": 221939.18482079208, "gamma": 0.07683168619403377}, "datetime": {"datetime": "2021-10-04 11:23:12", "elapsed": 96.586452, "delta": 0.761389}}
{"target": 0.19219553838061576, "params": {"C": 349949.73541552667, "gamma": 0.9563356610669901}, "datetime": {"datetime": "2021-10-04 11:23:13", "elapsed": 97.268422, "delta": 0.68197}}
{"target": 0.24699980690467283, "params": {"C": 171865.87148109928, "gamma": 0.438473301186044}, "datetime": {"datetime": "2021-10-04 11:23:13", "elapsed": 97.992622, "delta": 0.7242}}
{"target": 0.2529053898800475, "params": {"C": 198391.0397478891, "gamma": 0.5198804950459237}, "datetime": {"datetime": "2021-10-04 11:23:14", "elapsed": 98.701481, "delta": 0.708859}}
{"target": 0.24131249014633593, "params": {"C": 287728.44352270383, "gamma": 0.6840602179629883}, "datetime": {"datetime": "2021-10-04 11:23:15", "elapsed": 99.509733, "delta": 0.808252}}
{"target": 0.23808128298564846, "params": {"C": 259237.63339599042, "gamma": 0.6992445946141201}, "datetime": {"datetime": "2021-10-04 11:23:15", "elapsed": 100.191635, "delta": 0.681902}}
{"target": 0.2467345476214765, "params": {"C": 162862.1606405825, "gamma": 0.5954120053993657}, "datetime": {"datetime": "2021-10-04 11:23:16", "elapsed": 100.945983, "delta": 0.754348}}
{"target": 0.22973521926311202, "params": {"C": 162941.03295025596, "gamma": 0.7065067367704374}, "datetime": {"datetime": "2021-10-04 11:23:17", "elapsed": 102.110276, "delta": 1.164293}}
{"target": 0.24367994439205887, "params": {"C": 287698.8376220523, "gamma": 0.6676922482846674}, "datetime": {"datetime": "2021-10-04 11:23:18", "elapsed": 102.928073, "delta": 0.817797}}
{"target": 0.1415397806602291, "params": {"C": 231072.9458794435, "gamma": 0.20619970791670153}, "datetime": {"datetime": "2021-10-04 11:23:19", "elapsed": 103.809343, "delta": 0.88127}}
{"target": 0.20295624710344917, "params": {"C": 287669.3007740765, "gamma": 0.8914877746403953}, "datetime": {"datetime": "2021-10-04 11:23:20", "elapsed": 104.812784, "delta": 1.003441}}
{"target": 0.14395971379703054, "params": {"C": 169496.88175155863, "gamma": 0.15262612690133187}, "datetime": {"datetime": "2021-10-04 11:23:21", "elapsed": 105.467749, "delta": 0.654965}}
{"target": 0.2355021624799638, "params": {"C": 314696.9339560347, "gamma": 0.4204845486813533}, "datetime": {"datetime": "2021-10-04 11:23:22", "elapsed": 106.336449, "delta": 0.8687}}
{"target": 0.08663153935694667, "params": {"C": 337117.8496760287, "gamma": 0.1679191801320719}, "datetime": {"datetime": "2021-10-04 11:23:22", "elapsed": 107.197898, "delta": 0.861449}}
{"target": 0.24261366304003107, "params": {"C": 152640.70138437845, "gamma": 0.40857910711945666}, "datetime": {"datetime": "2021-10-04 11:23:23", "elapsed": 107.984919, "delta": 0.787021}}
{"target": 0.1244239430564964, "params": {"C": 336725.8272676361, "gamma": 0.07215984696134604}, "datetime": {"datetime": "2021-10-04 11:23:24", "elapsed": 108.627695, "delta": 0.642776}}
{"target": 0.252167954982623, "params": {"C": 212491.42485315475, "gamma": 0.5640014872033573}, "datetime": {"datetime": "2021-10-04 11:23:25", "elapsed": 109.421218, "delta": 0.793523}}
{"target": 0.2522148730743503, "params": {"C": 236952.2212616047, "gamma": 0.5730238441517587}, "datetime": {"datetime": "2021-10-04 11:23:26", "elapsed": 110.743888, "delta": 1.32267}}
{"target": 0.18631198688230255, "params": {"C": 205113.15510543407, "gamma": 0.9501650053588307}, "datetime": {"datetime": "2021-10-04 11:23:27", "elapsed": 111.468239, "delta": 0.724351}}
{"target": 0.20424593712887495, "params": {"C": 236953.4834202386, "gamma": 0.8722380276479939}, "datetime": {"datetime": "2021-10-04 11:23:28", "elapsed": 112.239355, "delta": 0.771116}}
{"target": 0.16995222360650464, "params": {"C": 287699.41144104995, "gamma": 0.2757650381083311}, "datetime": {"datetime": "2021-10-04 11:23:28", "elapsed": 112.994768, "delta": 0.755413}}
{"target": 0.2485010964849249, "params": {"C": 287698.7837966444, "gamma": 0.4756566173493548}, "datetime": {"datetime": "2021-10-04 11:23:29", "elapsed": 113.844535, "delta": 0.849767}}
{"target": 0.25079908338016876, "params": {"C": 253666.7474203916, "gamma": 0.5980581670112403}, "datetime": {"datetime": "2021-10-04 11:23:30", "elapsed": 114.621289, "delta": 0.776754}}
{"target": 0.25174298175006216, "params": {"C": 275557.1976006411, "gamma": 0.5030672096548378}, "datetime": {"datetime": "2021-10-04 11:23:31", "elapsed": 115.492245, "delta": 0.870956}}
{"target": 0.14162874644277856, "params": {"C": 206544.4192647091, "gamma": 0.18986292271081462}, "datetime": {"datetime": "2021-10-04 11:23:32", "elapsed": 116.294992, "delta": 0.802747}}
{"target": 0.1847168968560472, "params": {"C": 301283.9114068055, "gamma": 0.30368473046280803}, "datetime": {"datetime": "2021-10-04 11:23:32", "elapsed": 117.052309, "delta": 0.757317}}
{"target": 0.25303769458658554, "params": {"C": 290420.60276219406, "gamma": 0.5611145201296834}, "datetime": {"datetime": "2021-10-04 11:23:33", "elapsed": 117.729884, "delta": 0.677575}}
{"target": 0.08012407075911132, "params": {"C": 330459.51433855155, "gamma": 0.14380681584393804}, "datetime": {"datetime": "2021-10-04 11:23:34", "elapsed": 118.425597, "delta": 0.695713}}
{"target": 0.23543458912177673, "params": {"C": 295301.7557072565, "gamma": 0.7219475366758182}, "datetime": {"datetime": "2021-10-04 11:23:35", "elapsed": 119.385768, "delta": 0.960171}}
{"target": 0.20978883188010466, "params": {"C": 269312.734166706, "gamma": 0.3424382869465489}, "datetime": {"datetime": "2021-10-04 11:23:35", "elapsed": 120.144927, "delta": 0.759159}}
{"target": 0.21209581380903053, "params": {"C": 212512.33747347922, "gamma": 0.8242549642732502}, "datetime": {"datetime": "2021-10-04 11:23:36", "elapsed": 121.102005, "delta": 0.957078}}
{"target": 0.17883389027675478, "params": {"C": 161240.8245100086, "gamma": 0.2360622650526872}, "datetime": {"datetime": "2021-10-04 11:23:37", "elapsed": 121.798369, "delta": 0.696364}}
{"target": 0.22100691127860406, "params": {"C": 287720.3182745117, "gamma": 0.799616071649532}, "datetime": {"datetime": "2021-10-04 11:23:38", "elapsed": 122.739345, "delta": 0.940976}}
{"target": 0.24892307846906359, "params": {"C": 387371.52657469775, "gamma": 0.6318988635180972}, "datetime": {"datetime": "2021-10-04 11:23:39", "elapsed": 123.562204, "delta": 0.822859}}
{"target": 0.1973777293981812, "params": {"C": 392650.71104146715, "gamma": 0.9341132146005603}, "datetime": {"datetime": "2021-10-04 11:23:40", "elapsed": 124.317469, "delta": 0.755265}}
{"target": 0.09763242715250053, "params": {"C": 287669.8800330819, "gamma": 0.1530435160810246}, "datetime": {"datetime": "2021-10-04 11:23:40", "elapsed": 125.125975, "delta": 0.808506}}
{"target": 0.2365285117553162, "params": {"C": 152640.97075959746, "gamma": 0.3807183337297811}, "datetime": {"datetime": "2021-10-04 11:23:41", "elapsed": 126.157416, "delta": 1.031441}}
{"target": 0.251120194227603, "params": {"C": 152641.56170851464, "gamma": 0.49110112394846056}, "datetime": {"datetime": "2021-10-04 11:23:43", "elapsed": 127.338769, "delta": 1.181353}}
{"target": 0.18049409013661744, "params": {"C": 198390.68460294395, "gamma": 0.25983857620321527}, "datetime": {"datetime": "2021-10-04 11:23:44", "elapsed": 128.479567, "delta": 1.140798}}
{"target": 0.182054897563672, "params": {"C": 212510.08087926736, "gamma": 0.9755724235160642}, "datetime": {"datetime": "2021-10-04 11:23:45", "elapsed": 129.711336, "delta": 1.231769}}
{"target": 0.23009941026660907, "params": {"C": 387371.6567377341, "gamma": 0.4165660888771162}, "datetime": {"datetime": "2021-10-04 11:23:46", "elapsed": 130.794106, "delta": 1.08277}}
{"target": 0.2250111622909472, "params": {"C": 222682.62853708927, "gamma": 0.36563122138636817}, "datetime": {"datetime": "2021-10-04 11:23:47", "elapsed": 132.027033, "delta": 1.232927}}
{"target": 0.08854949859765593, "params": {"C": 307400.391480764, "gamma": 0.12426345106317485}, "datetime": {"datetime": "2021-10-04 11:23:48", "elapsed": 132.911554, "delta": 0.884521}}
{"target": 0.22642792274614132, "params": {"C": 259237.07260319893, "gamma": 0.7652242478075081}, "datetime": {"datetime": "2021-10-04 11:23:50", "elapsed": 134.249325, "delta": 1.337771}}
{"target": 0.15898891486099065, "params": {"C": 162875.73609163053, "gamma": 0.08312988030893145}, "datetime": {"datetime": "2021-10-04 11:23:51", "elapsed": 135.356591, "delta": 1.107266}}
{"target": 0.24819176669273135, "params": {"C": 304550.5202412809, "gamma": 0.47731785240785696}, "datetime": {"datetime": "2021-10-04 11:23:52", "elapsed": 136.223479, "delta": 0.866888}}
{"target": 0.2528461979469586, "params": {"C": 236952.82039339133, "gamma": 0.5592726729475972}, "datetime": {"datetime": "2021-10-04 11:23:52", "elapsed": 137.173277, "delta": 0.949798}}
{"target": 0.19387691151994257, "params": {"C": 287721.42036245094, "gamma": 0.31611646990239123}, "datetime": {"datetime": "2021-10-04 11:23:53", "elapsed": 138.024371, "delta": 0.851094}}
{"target": 0.22334081149129625, "params": {"C": 198390.91927139123, "gamma": 0.7611903208021992}, "datetime": {"datetime": "2021-10-04 11:23:55", "elapsed": 139.310732, "delta": 1.286361}}
{"target": 0.2128932212715956, "params": {"C": 212512.9843222101, "gamma": 0.8202686416017774}, "datetime": {"datetime": "2021-10-04 11:23:56", "elapsed": 140.411267, "delta": 1.100535}}
{"target": 0.21232314475815817, "params": {"C": 268995.30941506533, "gamma": 0.8402435631729842}, "datetime": {"datetime": "2021-10-04 11:23:57", "elapsed": 141.566242, "delta": 1.154975}}
{"target": 0.24193416495488185, "params": {"C": 212516.61139064364, "gamma": 0.4206783734575828}, "datetime": {"datetime": "2021-10-04 11:23:58", "elapsed": 143.052149, "delta": 1.485907}}
{"target": 0.20562822848694828, "params": {"C": 358167.66487553593, "gamma": 0.8883956877424779}, "datetime": {"datetime": "2021-10-04 11:23:59", "elapsed": 143.919516, "delta": 0.867367}}
{"target": 0.2518943263946325, "params": {"C": 387371.18665680476, "gamma": 0.5886899963561566}, "datetime": {"datetime": "2021-10-04 11:24:01", "elapsed": 145.280041, "delta": 1.360525}}
{"target": 0.18522660295753324, "params": {"C": 182887.80551590782, "gamma": 0.03438102975788453}, "datetime": {"datetime": "2021-10-04 11:24:02", "elapsed": 146.3206, "delta": 1.040559}}
{"target": 0.1978036796343129, "params": {"C": 221939.10494491132, "gamma": 0.8992571993875527}, "datetime": {"datetime": "2021-10-04 11:24:03", "elapsed": 147.419042, "delta": 1.098442}}
{"target": 0.1884997459074952, "params": {"C": 375212.4811631427, "gamma": 0.9785172862098538}, "datetime": {"datetime": "2021-10-04 11:24:04", "elapsed": 148.274441, "delta": 0.855399}}
{"target": 0.23074986625937588, "params": {"C": 256337.23815345642, "gamma": 0.3916783704057368}, "datetime": {"datetime": "2021-10-04 11:24:04", "elapsed": 149.176135, "delta": 0.901694}}
{"target": 0.22397000904865672, "params": {"C": 287720.71197537263, "gamma": 0.3803775374071719}, "datetime": {"datetime": "2021-10-04 11:24:05", "elapsed": 150.110461, "delta": 0.934326}}
{"target": 0.19495323347414306, "params": {"C": 287197.1929278803, "gamma": 0.9320568019138157}, "datetime": {"datetime": "2021-10-04 11:24:07", "elapsed": 151.651518, "delta": 1.541057}}
{"target": 0.21066467832612745, "params": {"C": 304550.75164538994, "gamma": 0.8555117877984897}, "datetime": {"datetime": "2021-10-04 11:24:08", "elapsed": 152.720511, "delta": 1.068993}}
{"target": 0.19081812458935832, "params": {"C": 287196.53000280133, "gamma": 0.9532873639646652}, "datetime": {"datetime": "2021-10-04 11:24:09", "elapsed": 153.869657, "delta": 1.149146}}
{"target": 0.1524021680704265, "params": {"C": 156155.26814167545, "gamma": 0.10358307557611711}, "datetime": {"datetime": "2021-10-04 11:24:10", "elapsed": 154.744612, "delta": 0.874955}}
{"target": 0.18806682611263736, "params": {"C": 236963.52296236873, "gamma": 0.9540643708968215}, "datetime": {"datetime": "2021-10-04 11:24:11", "elapsed": 155.639018, "delta": 0.894406}}
{"target": 0.23601398060743284, "params": {"C": 236952.43383031595, "gamma": 0.40378443419704046}, "datetime": {"datetime": "2021-10-04 11:24:13", "elapsed": 157.596085, "delta": 1.957067}}
{"target": 0.22696538246889852, "params": {"C": 362595.9340305951, "gamma": 0.7778955216620339}, "datetime": {"datetime": "2021-10-04 11:24:14", "elapsed": 158.582797, "delta": 0.986712}}
{"target": 0.20048565895572612, "params": {"C": 389724.68525255076, "gamma": 0.917866726226736}, "datetime": {"datetime": "2021-10-04 11:24:15", "elapsed": 159.501302, "delta": 0.918505}}
{"target": 0.12469010734469899, "params": {"C": 290420.85230920557, "gamma": 0.20798099547712964}, "datetime": {"datetime": "2021-10-04 11:24:16", "elapsed": 160.3772, "delta": 0.875898}}
{"target": 0.20148618219092007, "params": {"C": 226255.67260213004, "gamma": 0.8824196430314523}, "datetime": {"datetime": "2021-10-04 11:24:17", "elapsed": 161.495116, "delta": 1.117916}}
{"target": 0.2520561012251158, "params": {"C": 253666.48342046674, "gamma": 0.5019269087530075}, "datetime": {"datetime": "2021-10-04 11:24:18", "elapsed": 162.973451, "delta": 1.478335}}
{"target": 0.2312283074670105, "params": {"C": 275557.84877990367, "gamma": 0.7425804939423274}, "datetime": {"datetime": "2021-10-04 11:24:20", "elapsed": 164.727022, "delta": 1.753571}}
{"target": 0.22673095111153074, "params": {"C": 382924.19477297703, "gamma": 0.40634092194935373}, "datetime": {"datetime": "2021-10-04 11:24:21", "elapsed": 165.60139, "delta": 0.874368}}
{"target": 0.2473573413131681, "params": {"C": 288878.54487097455, "gamma": 0.46821113644843315}, "datetime": {"datetime": "2021-10-04 11:24:22", "elapsed": 166.533207, "delta": 0.931817}}
{"target": 0.2210039948740654, "params": {"C": 357862.380130565, "gamma": 0.8092460097789644}, "datetime": {"datetime": "2021-10-04 11:24:23", "elapsed": 167.35665, "delta": 0.823443}}
{"target": 0.20098737319955307, "params": {"C": 212526.83404653543, "gamma": 0.3059394338065819}, "datetime": {"datetime": "2021-10-04 11:24:24", "elapsed": 168.450344, "delta": 1.093694}}
{"target": 0.1839444102216944, "params": {"C": 290509.8119609359, "gamma": 0.9897829032896658}, "datetime": {"datetime": "2021-10-04 11:24:25", "elapsed": 169.348353, "delta": 0.898009}}
{"target": 0.13504882506574722, "params": {"C": 236952.92427997338, "gamma": 0.08678320458080224}, "datetime": {"datetime": "2021-10-04 11:24:26", "elapsed": 170.620971, "delta": 1.272618}}
{"target": 0.2519179832389302, "params": {"C": 337116.9521064874, "gamma": 0.5221089983187858}, "datetime": {"datetime": "2021-10-04 11:24:27", "elapsed": 171.896887, "delta": 1.275916}}
{"target": 0.1561251846728745, "params": {"C": 222682.8078351253, "gamma": 0.06752463700135083}, "datetime": {"datetime": "2021-10-04 11:24:29", "elapsed": 173.783632, "delta": 1.886745}}
{"target": 0.2491891490891548, "params": {"C": 288878.0506439572, "gamma": 0.6220712342212803}, "datetime": {"datetime": "2021-10-04 11:24:30", "elapsed": 174.846688, "delta": 1.063056}}
{"target": 0.18403143619979878, "params": {"C": 178681.5826888383, "gamma": 0.029083633843828685}, "datetime": {"datetime": "2021-10-04 11:24:31", "elapsed": 175.671458, "delta": 0.82477}}
{"target": 0.23907233274160122, "params": {"C": 253666.72121048448, "gamma": 0.41954974790185656}, "datetime": {"datetime": "2021-10-04 11:24:32", "elapsed": 176.69471, "delta": 1.023252}}
{"target": 0.1529136751238349, "params": {"C": 222725.89555008788, "gamma": 0.22196315346771062}, "datetime": {"datetime": "2021-10-04 11:24:33", "elapsed": 177.761123, "delta": 1.066413}}
{"target": 0.19694354924609436, "params": {"C": 369950.69456621737, "gamma": 0.9341234693539179}, "datetime": {"datetime": "2021-10-04 11:24:34", "elapsed": 178.720465, "delta": 0.959342}}
{"target": 0.23020442029610744, "params": {"C": 304550.33864923136, "gamma": 0.4014815366905807}, "datetime": {"datetime": "2021-10-04 11:24:35", "elapsed": 179.925441, "delta": 1.204976}}
{"target": 0.24477006568284654, "params": {"C": 175964.80924307933, "gamma": 0.621770529619363}, "datetime": {"datetime": "2021-10-04 11:24:36", "elapsed": 181.00676, "delta": 1.081319}}
{"target": 0.21552764630859078, "params": {"C": 326516.5587738084, "gamma": 0.833973985673315}, "datetime": {"datetime": "2021-10-04 11:24:37", "elapsed": 181.898913, "delta": 0.892153}}
{"target": 0.24424402382424348, "params": {"C": 287729.84616904415, "gamma": 0.6635961700963049}, "datetime": {"datetime": "2021-10-04 11:24:38", "elapsed": 183.142786, "delta": 1.243873}}
{"target": 0.24824939615747943, "params": {"C": 204817.0501140562, "gamma": 0.6086287205040385}, "datetime": {"datetime": "2021-10-04 11:24:39", "elapsed": 184.020343, "delta": 0.877557}}
{"target": 0.250632164492097, "params": {"C": 296156.4206703028, "gamma": 0.6070393199759322}, "datetime": {"datetime": "2021-10-04 11:24:40", "elapsed": 184.926, "delta": 0.905657}}
{"target": 0.11859091604090077, "params": {"C": 231071.79802977713, "gamma": 0.1508126102729968}, "datetime": {"datetime": "2021-10-04 11:24:41", "elapsed": 186.016303, "delta": 1.090303}}
{"target": 0.07023430975672862, "params": {"C": 362122.95041965466, "gamma": 0.11876714858272058}, "datetime": {"datetime": "2021-10-04 11:24:42", "elapsed": 187.001859, "delta": 0.985556}}
{"target": 0.22260881397889565, "params": {"C": 222723.40070075996, "gamma": 0.774792924716042}, "datetime": {"datetime": "2021-10-04 11:24:44", "elapsed": 188.583074, "delta": 1.581215}}
{"target": 0.24818797516496038, "params": {"C": 287728.98272187886, "gamma": 0.47345725292116947}, "datetime": {"datetime": "2021-10-04 11:24:45", "elapsed": 189.71024, "delta": 1.127166}}
{"target": 0.1450637593901103, "params": {"C": 171865.49101941465, "gamma": 0.1090426542973686}, "datetime": {"datetime": "2021-10-04 11:24:46", "elapsed": 191.046079, "delta": 1.335839}}
{"target": 0.14036279002866414, "params": {"C": 252573.78249162209, "gamma": 0.2156070162977813}, "datetime": {"datetime": "2021-10-04 11:24:47", "elapsed": 192.010338, "delta": 0.964259}}
{"target": 0.15469554552091658, "params": {"C": 289472.20728315343, "gamma": 0.057882673213454805}, "datetime": {"datetime": "2021-10-04 11:24:48", "elapsed": 193.001802, "delta": 0.991464}}
{"target": 0.2526857554433579, "params": {"C": 295294.6305227706, "gamma": 0.5729409599410632}, "datetime": {"datetime": "2021-10-04 11:24:49", "elapsed": 194.157895, "delta": 1.156093}}
{"target": 0.1323923992306686, "params": {"C": 389724.4615394338, "gamma": 0.24995356275910582}, "datetime": {"datetime": "2021-10-04 11:24:51", "elapsed": 195.648295, "delta": 1.4904}}
{"target": 0.24391751401610473, "params": {"C": 231072.68801754445, "gamma": 0.6533672962905216}, "datetime": {"datetime": "2021-10-04 11:24:52", "elapsed": 196.778393, "delta": 1.130098}}
{"target": 0.25159394084350273, "params": {"C": 162850.03417065312, "gamma": 0.4932167815102009}, "datetime": {"datetime": "2021-10-04 11:24:54", "elapsed": 198.225452, "delta": 1.447059}}
{"target": 0.24474855638768545, "params": {"C": 202986.0625123744, "gamma": 0.43197866145361197}, "datetime": {"datetime": "2021-10-04 11:24:55", "elapsed": 199.243129, "delta": 1.017677}}
{"target": 0.24941472528223574, "params": {"C": 388709.8987775779, "gamma": 0.6265256990009578}, "datetime": {"datetime": "2021-10-04 11:24:56", "elapsed": 200.304396, "delta": 1.061267}}
{"target": 0.21672181532422818, "params": {"C": 199719.46803388643, "gamma": 0.7955340321989343}, "datetime": {"datetime": "2021-10-04 11:24:57", "elapsed": 201.255633, "delta": 0.951237}}
{"target": 0.24179963438323138, "params": {"C": 182887.58999101026, "gamma": 0.6475190817800083}, "datetime": {"datetime": "2021-10-04 11:24:58", "elapsed": 202.790382, "delta": 1.534749}}
{"target": 0.23921245149684367, "params": {"C": 337117.290370195, "gamma": 0.4385254575085017}, "datetime": {"datetime": "2021-10-04 11:24:59", "elapsed": 204.07929, "delta": 1.288908}}
{"target": 0.18377045150160487, "params": {"C": 287703.32447221724, "gamma": 0.9901071021391422}, "datetime": {"datetime": "2021-10-04 11:25:01", "elapsed": 205.461416, "delta": 1.382126}}
{"target": 0.2128616225133294, "params": {"C": 166035.83870580548, "gamma": 0.3138148061643701}, "datetime": {"datetime": "2021-10-04 11:25:02", "elapsed": 206.446297, "delta": 0.984881}}
{"target": 0.2027089642332114, "params": {"C": 246696.7015846167, "gamma": 0.8829059685615069}, "datetime": {"datetime": "2021-10-04 11:25:03", "elapsed": 207.530738, "delta": 1.084441}}
{"target": 0.250147777715681, "params": {"C": 162866.55339977064, "gamma": 0.46623297977670536}, "datetime": {"datetime": "2021-10-04 11:25:04", "elapsed": 208.769501, "delta": 1.238763}}
{"target": 0.1946834495274501, "params": {"C": 204621.95672130375, "gamma": 0.9075580592769452}, "datetime": {"datetime": "2021-10-04 11:25:05", "elapsed": 209.790177, "delta": 1.020676}}
{"target": 0.20928562197907918, "params": {"C": 212490.77415154513, "gamma": 0.3236933403976735}, "datetime": {"datetime": "2021-10-04 11:25:07", "elapsed": 211.240535, "delta": 1.450358}}
{"target": 0.2456966082569363, "params": {"C": 222680.55304621044, "gamma": 0.44224487186005684}, "datetime": {"datetime": "2021-10-04 11:25:08", "elapsed": 212.664995, "delta": 1.42446}}
