{"target": 0.2508365487928096, "params": {"C": 240795.20898272574, "gamma": 0.594359040360327}, "datetime": {"datetime": "2021-10-04 11:01:30", "elapsed": 323.484939, "delta": 1.50435}}
{"target": 0.2438708671745764, "params": {"C": 482158.9973743667, "gamma": 0.48209075721670047}, "datetime": {"datetime": "2021-10-04 11:01:32", "elapsed": 325.991321, "delta": 2.506382}}
{"target": 0.24903219772598584, "params": {"C": 178741.51711666535, "gamma": 0.5857527495091438}, "datetime": {"datetime": "2021-10-04 11:01:34", "elapsed": 327.502828, "delta": 1.511507}}
{"target": 0.24789224873045235, "params": {"C": 156056.70508083887, "gamma": 0.5776341835072946}, "datetime": {"datetime": "2021-10-04 11:01:35", "elapsed": 329.054252, "delta": 1.551424}}
{"target": 0.21609680751230165, "params": {"C": 413023.8212914121, "gamma": 0.8395462505991951}, "datetime": {"datetime": "2021-10-04 11:01:37", "elapsed": 330.75329, "delta": 1.699038}}
{"target": 0.21180886289313183, "params": {"C": 348663.5755407557, "gamma": 0.8557785618047757}, "datetime": {"datetime": "2021-10-04 11:01:39", "elapsed": 332.425284, "delta": 1.671994}}
{"target": 0.22752941219375833, "params": {"C": 329658.5151799356, "gamma": 0.7712987367963083}, "datetime": {"datetime": "2021-10-04 11:01:41", "elapsed": 334.824014, "delta": 2.39873}}
{"target": 0.1353046961324269, "params": {"C": 446386.5806345524, "gamma": 0.05456145768576379}, "datetime": {"datetime": "2021-10-04 11:01:44", "elapsed": 337.339118, "delta": 2.515104}}
{"target": 0.10694591459447322, "params": {"C": 458682.0974424604, "gamma": 0.23451126964091212}, "datetime": {"datetime": "2021-10-04 11:01:46", "elapsed": 339.661652, "delta": 2.322534}}
{"target": 0.2488080614558016, "params": {"C": 221799.30370981334, "gamma": 0.46206539958460385}, "datetime": {"datetime": "2021-10-04 11:01:48", "elapsed": 341.944681, "delta": 2.283029}}
{"target": 0.24250120853817003, "params": {"C": 489993.5592915419, "gamma": 0.47615489703759684}, "datetime": {"datetime": "2021-10-04 11:01:50", "elapsed": 343.566645, "delta": 1.621964}}
{"target": 0.19816424306910718, "params": {"C": 230969.1230199184, "gamma": 0.9007366951058806}, "datetime": {"datetime": "2021-10-04 11:01:52", "elapsed": 345.635017, "delta": 2.068372}}
{"target": 0.20262664082121717, "params": {"C": 393587.05487056926, "gamma": 0.9072333682156947}, "datetime": {"datetime": "2021-10-04 11:01:54", "elapsed": 347.575406, "delta": 1.940389}}
{"target": 0.23155185244077714, "params": {"C": 177949.77346613785, "gamma": 0.7066033326022825}, "datetime": {"datetime": "2021-10-04 11:01:55", "elapsed": 349.293009, "delta": 1.717603}}
{"target": 0.23964433891376402, "params": {"C": 149638.69124060398, "gamma": 0.3932819311263888}, "datetime": {"datetime": "2021-10-04 11:01:57", "elapsed": 351.075278, "delta": 1.782269}}
{"target": 0.2113321288855481, "params": {"C": 105800.6282231458, "gamma": 0.7303700958573685}, "datetime": {"datetime": "2021-10-04 11:01:59", "elapsed": 353.147003, "delta": 2.071725}}
{"target": 0.18057377344685777, "params": {"C": 115751.04994516633, "gamma": 0.05778238742668618}, "datetime": {"datetime": "2021-10-04 11:02:01", "elapsed": 355.024817, "delta": 1.877814}}
{"target": 0.2511391252313735, "params": {"C": 332318.87758531375, "gamma": 0.6030740928261241}, "datetime": {"datetime": "2021-10-04 11:02:03", "elapsed": 356.925858, "delta": 1.901041}}
{"target": 0.19326792226242628, "params": {"C": 115404.06034704347, "gamma": 0.23832086485614554}, "datetime": {"datetime": "2021-10-04 11:02:05", "elapsed": 358.69065, "delta": 1.764792}}
{"target": 0.20347269949894797, "params": {"C": 154771.7520730936, "gamma": 0.8322302995684655}, "datetime": {"datetime": "2021-10-04 11:02:07", "elapsed": 360.497114, "delta": 1.806464}}
{"target": 0.19860906020720626, "params": {"C": 179952.66529631533, "gamma": 0.8746401262337521}, "datetime": {"datetime": "2021-10-04 11:02:08", "elapsed": 362.227181, "delta": 1.730067}}
{"target": 0.23128525034024028, "params": {"C": 363399.9142366663, "gamma": 0.41611938294896644}, "datetime": {"datetime": "2021-10-04 11:02:10", "elapsed": 364.033133, "delta": 1.805952}}
{"target": 0.16430825712825614, "params": {"C": 458898.5404505534, "gamma": 0.30435912523621556}, "datetime": {"datetime": "2021-10-04 11:02:12", "elapsed": 365.665484, "delta": 1.632351}}
{"target": 0.15395747578696684, "params": {"C": 465705.82169183437, "gamma": 0.2917183926818111}, "datetime": {"datetime": "2021-10-04 11:02:13", "elapsed": 367.306313, "delta": 1.640829}}
{"target": 0.22833986389059668, "params": {"C": 162962.3728092303, "gamma": 0.35523619983247695}, "datetime": {"datetime": "2021-10-04 11:02:15", "elapsed": 369.084329, "delta": 1.778016}}
{"target": 0.2524917327344416, "params": {"C": 304210.20394772664, "gamma": 0.5231514316046205}, "datetime": {"datetime": "2021-10-04 11:02:17", "elapsed": 370.899135, "delta": 1.814806}}
{"target": 0.2018647657110768, "params": {"C": 133824.4066862408, "gamma": 0.2712820681982046}, "datetime": {"datetime": "2021-10-04 11:02:19", "elapsed": 372.447367, "delta": 1.548232}}
{"target": 0.2345543817551069, "params": {"C": 258982.009730275, "gamma": 0.40452104221726065}, "datetime": {"datetime": "2021-10-04 11:02:20", "elapsed": 374.31896, "delta": 1.871593}}
{"target": 0.2039269464941439, "params": {"C": 440949.36168492405, "gamma": 0.9041210361919526}, "datetime": {"datetime": "2021-10-04 11:02:22", "elapsed": 376.127805, "delta": 1.808845}}
{"target": 0.180551827037716, "params": {"C": 156919.83262748134, "gamma": 0.23695739730286217}, "datetime": {"datetime": "2021-10-04 11:02:24", "elapsed": 378.131046, "delta": 2.003241}}
{"target": 0.1355121803917908, "params": {"C": 305313.04089098464, "gamma": 0.2299611271919903}, "datetime": {"datetime": "2021-10-04 11:02:26", "elapsed": 379.99323, "delta": 1.862184}}
{"target": 0.23334867463839803, "params": {"C": 232768.00063587274, "gamma": 0.39353371390016156}, "datetime": {"datetime": "2021-10-04 11:02:28", "elapsed": 382.010288, "delta": 2.017058}}
{"target": 0.1413665036374403, "params": {"C": 195188.87910007517, "gamma": 0.1793312634010436}, "datetime": {"datetime": "2021-10-04 11:02:31", "elapsed": 384.758988, "delta": 2.7487}}
{"target": 0.09563463847745768, "params": {"C": 339886.31614442286, "gamma": 0.18503571189252793}, "datetime": {"datetime": "2021-10-04 11:02:33", "elapsed": 386.77918, "delta": 2.020192}}
{"target": 0.2036464720893424, "params": {"C": 297429.09493114124, "gamma": 0.33707400438785956}, "datetime": {"datetime": "2021-10-04 11:02:35", "elapsed": 388.794605, "delta": 2.015425}}
{"target": 0.23915277523250256, "params": {"C": 152819.89249609783, "gamma": 0.3918485954796001}, "datetime": {"datetime": "2021-10-04 11:02:38", "elapsed": 391.659477, "delta": 2.864872}}
{"target": 0.19063051833933464, "params": {"C": 430857.62412806525, "gamma": 0.33936433653601084}, "datetime": {"datetime": "2021-10-04 11:02:41", "elapsed": 394.371825, "delta": 2.712348}}
{"target": 0.2511351415957458, "params": {"C": 337253.8764914293, "gamma": 0.5110563288427098}, "datetime": {"datetime": "2021-10-04 11:02:43", "elapsed": 396.509499, "delta": 2.137674}}
{"target": 0.16257651892973712, "params": {"C": 102450.65289367434, "gamma": 0.9573300424654834}, "datetime": {"datetime": "2021-10-04 11:02:45", "elapsed": 398.445225, "delta": 1.935726}}
{"target": 0.18090546433245447, "params": {"C": 398313.6138602959, "gamma": 0.3185054088618802}, "datetime": {"datetime": "2021-10-04 11:02:47", "elapsed": 400.459776, "delta": 2.014551}}
{"target": 0.25048245951441783, "params": {"C": 350641.3949387956, "gamma": 0.612669788228015}, "datetime": {"datetime": "2021-10-04 11:02:49", "elapsed": 402.761019, "delta": 2.301243}}
{"target": 0.16543225198996248, "params": {"C": 109824.53401706001, "gamma": 0.95918772651874}, "datetime": {"datetime": "2021-10-04 11:02:52", "elapsed": 405.616903, "delta": 2.855884}}
{"target": 0.1790901122921128, "params": {"C": 188333.48400374438, "gamma": 0.9783319319801606}, "datetime": {"datetime": "2021-10-04 11:02:54", "elapsed": 407.563477, "delta": 1.946574}}
{"target": 0.244617293168088, "params": {"C": 298126.69686539215, "gamma": 0.45466254172462967}, "datetime": {"datetime": "2021-10-04 11:02:57", "elapsed": 410.646138, "delta": 3.082661}}
{"target": 0.2366664519444488, "params": {"C": 287899.29425514623, "gamma": 0.7134035807091906}, "datetime": {"datetime": "2021-10-04 11:02:59", "elapsed": 412.91938, "delta": 2.273242}}
{"target": 0.2241366266892948, "params": {"C": 345778.1303105388, "gamma": 0.7914115835646819}, "datetime": {"datetime": "2021-10-04 11:03:02", "elapsed": 415.988778, "delta": 3.069398}}
{"target": 0.23416529234012373, "params": {"C": 125030.37986298944, "gamma": 0.3639048816186813}, "datetime": {"datetime": "2021-10-04 11:03:04", "elapsed": 418.219817, "delta": 2.231039}}
{"target": 0.17685615768814278, "params": {"C": 105124.88849474555, "gamma": 0.8926455266077717}, "datetime": {"datetime": "2021-10-04 11:03:07", "elapsed": 421.145232, "delta": 2.925415}}
{"target": 0.19784534732390546, "params": {"C": 194671.8118321986, "gamma": 0.886843149110198}, "datetime": {"datetime": "2021-10-04 11:03:09", "elapsed": 423.243933, "delta": 2.098701}}
{"target": 0.19883482348835535, "params": {"C": 262848.3337499539, "gamma": 0.9067906707798323}, "datetime": {"datetime": "2021-10-04 11:03:12", "elapsed": 425.898067, "delta": 2.654134}}
{"target": 0.24452481991771413, "params": {"C": 218537.29278342432, "gamma": 0.4348434643672219}, "datetime": {"datetime": "2021-10-04 11:03:14", "elapsed": 428.295561, "delta": 2.397494}}
{"target": 0.20035867535870233, "params": {"C": 330075.5519744955, "gamma": 0.9117550113508279}, "datetime": {"datetime": "2021-10-04 11:03:16", "elapsed": 430.111974, "delta": 1.816413}}
{"target": 0.23229330771846224, "params": {"C": 277839.737832095, "gamma": 0.4017997226590585}, "datetime": {"datetime": "2021-10-04 11:03:18", "elapsed": 432.222354, "delta": 2.11038}}
{"target": 0.24016801227508222, "params": {"C": 280679.5771122182, "gamma": 0.6903755375836916}, "datetime": {"datetime": "2021-10-04 11:03:21", "elapsed": 434.351118, "delta": 2.128764}}
{"target": 0.22164176460858276, "params": {"C": 231103.641643349, "gamma": 0.7825915105662343}, "datetime": {"datetime": "2021-10-04 11:03:22", "elapsed": 436.285899, "delta": 1.934781}}
{"target": 0.18541642510287215, "params": {"C": 295991.5936569532, "gamma": 0.30346099086715694}, "datetime": {"datetime": "2021-10-04 11:03:24", "elapsed": 438.149443, "delta": 1.863544}}
{"target": 0.24224398597401708, "params": {"C": 457758.0460089095, "gamma": 0.47077366765536804}, "datetime": {"datetime": "2021-10-04 11:03:26", "elapsed": 440.145002, "delta": 1.995559}}
{"target": 0.24098353437023046, "params": {"C": 346770.3696857268, "gamma": 0.6934488897605005}, "datetime": {"datetime": "2021-10-04 11:03:28", "elapsed": 441.930585, "delta": 1.785583}}
{"target": 0.21105406062240173, "params": {"C": 167404.076689605, "gamma": 0.8050954138882824}, "datetime": {"datetime": "2021-10-04 11:03:31", "elapsed": 444.571105, "delta": 2.64052}}
{"target": 0.19450262445930744, "params": {"C": 270638.15246793826, "gamma": 0.9306984299775447}, "datetime": {"datetime": "2021-10-04 11:03:33", "elapsed": 446.433832, "delta": 1.862727}}
{"target": 0.16523913742949925, "params": {"C": 444772.62149677926, "gamma": 0.3034374457714921}, "datetime": {"datetime": "2021-10-04 11:03:34", "elapsed": 448.294033, "delta": 1.860201}}
{"target": 0.15980449328060198, "params": {"C": 276554.69726395485, "gamma": 0.25623206391695935}, "datetime": {"datetime": "2021-10-04 11:03:36", "elapsed": 450.223294, "delta": 1.929261}}
{"target": 0.21819053643549047, "params": {"C": 218844.66597380134, "gamma": 0.7960354949261379}, "datetime": {"datetime": "2021-10-04 11:03:38", "elapsed": 452.126305, "delta": 1.903011}}
{"target": 0.2157048883509176, "params": {"C": 290242.44339992054, "gamma": 0.3608397225569801}, "datetime": {"datetime": "2021-10-04 11:03:41", "elapsed": 454.803388, "delta": 2.677083}}
{"target": 0.20575930621253713, "params": {"C": 431788.00483486743, "gamma": 0.8941049290994967}, "datetime": {"datetime": "2021-10-04 11:03:43", "elapsed": 456.714043, "delta": 1.910655}}
{"target": 0.25197586385592763, "params": {"C": 245733.33891005907, "gamma": 0.49888434561320666}, "datetime": {"datetime": "2021-10-04 11:03:46", "elapsed": 459.417736, "delta": 2.703693}}
{"target": 0.18316894838105446, "params": {"C": 188260.555370768, "gamma": 0.02707859903471351}, "datetime": {"datetime": "2021-10-04 11:03:47", "elapsed": 461.305963, "delta": 1.888227}}
{"target": 0.23442022266925522, "params": {"C": 222788.01676314432, "gamma": 0.7108656279135186}, "datetime": {"datetime": "2021-10-04 11:03:50", "elapsed": 464.030883, "delta": 2.72492}}
{"target": 0.23028928001845994, "params": {"C": 373268.8105606301, "gamma": 0.7604852078863035}, "datetime": {"datetime": "2021-10-04 11:03:52", "elapsed": 465.978143, "delta": 1.94726}}
{"target": 0.2449755443496079, "params": {"C": 105675.89386967158, "gamma": 0.5087741560363133}, "datetime": {"datetime": "2021-10-04 11:03:55", "elapsed": 469.1856, "delta": 3.207457}}
{"target": 0.23985142863436582, "params": {"C": 775398.9512872878, "gamma": 0.7107744922145419}, "datetime": {"datetime": "2021-10-04 11:03:59", "elapsed": 0.0, "delta": 0.0}}
{"target": 0.24630882174951185, "params": {"C": 645452.3694564721, "gamma": 0.515230156750884}, "datetime": {"datetime": "2021-10-04 11:03:59", "elapsed": 0.163138, "delta": 0.163138}}
{"target": 0.20751228766249097, "params": {"C": 946473.4771738274, "gamma": 0.8972264511330371}, "datetime": {"datetime": "2021-10-04 11:03:59", "elapsed": 0.343222, "delta": 0.180084}}
{"target": 0.06955164983276041, "params": {"C": 562792.6552319181, "gamma": 0.21437769223494307}, "datetime": {"datetime": "2021-10-04 11:03:59", "elapsed": 0.528246, "delta": 0.185024}}
{"target": 0.23379799875948282, "params": {"C": 525733.601650415, "gamma": 0.44584255505778075}, "datetime": {"datetime": "2021-10-04 11:03:59", "elapsed": 0.706763, "delta": 0.178517}}
{"target": -0.08563019000367889, "params": {"C": 946466.8738742825, "gamma": 0.12431873865836399}, "datetime": {"datetime": "2021-10-04 11:04:00", "elapsed": 0.969764, "delta": 0.263001}}
{"target": 0.2507764092366631, "params": {"C": 601848.354782224, "gamma": 0.5776487894590867}, "datetime": {"datetime": "2021-10-04 11:04:00", "elapsed": 1.280918, "delta": 0.311154}}
{"target": -0.030562740738711014, "params": {"C": 735721.5352077398, "gamma": 0.14518358511121313}, "datetime": {"datetime": "2021-10-04 11:04:00", "elapsed": 1.599813, "delta": 0.318895}}
{"target": 0.23066252781632435, "params": {"C": 741044.2743963061, "gamma": 0.769529816371844}, "datetime": {"datetime": "2021-10-04 11:04:00", "elapsed": 1.871439, "delta": 0.271626}}
{"target": 0.20174934219223828, "params": {"C": 639511.7752887537, "gamma": 0.9231971962636094}, "datetime": {"datetime": "2021-10-04 11:04:01", "elapsed": 2.124468, "delta": 0.253029}}
{"target": 0.020638183215405004, "params": {"C": 709930.829789904, "gamma": 0.07772502730537019}, "datetime": {"datetime": "2021-10-04 11:04:01", "elapsed": 2.391767, "delta": 0.267299}}
{"target": -0.040405272477499476, "params": {"C": 865581.1709916836, "gamma": 0.16185397778869007}, "datetime": {"datetime": "2021-10-04 11:04:01", "elapsed": 2.632764, "delta": 0.240997}}
{"target": 0.19907485419671167, "params": {"C": 970723.4872664995, "gamma": 0.9415906237143503}, "datetime": {"datetime": "2021-10-04 11:04:02", "elapsed": 2.915767, "delta": 0.283003}}
{"target": 0.23501218220386588, "params": {"C": 604108.7414317324, "gamma": 0.7417900769265212}, "datetime": {"datetime": "2021-10-04 11:04:02", "elapsed": 3.168766, "delta": 0.252999}}
{"target": 0.18975127101760791, "params": {"C": 590811.9554528145, "gamma": 0.9846301744754995}, "datetime": {"datetime": "2021-10-04 11:04:02", "elapsed": 3.41677, "delta": 0.248004}}
{"target": 0.20872627769825902, "params": {"C": 532422.8500311198, "gamma": 0.8838743539953811}, "datetime": {"datetime": "2021-10-04 11:04:02", "elapsed": 3.789174, "delta": 0.372404}}
{"target": -0.04866281271592077, "params": {"C": 934185.909822002, "gamma": 0.08461948557198848}, "datetime": {"datetime": "2021-10-04 11:04:03", "elapsed": 4.030045, "delta": 0.240871}}
{"target": 0.24157330638191254, "params": {"C": 823137.1563086794, "gamma": 0.6978341401491167}, "datetime": {"datetime": "2021-10-04 11:04:03", "elapsed": 4.29097, "delta": 0.260925}}
{"target": 0.24903686807497394, "params": {"C": 869199.756544565, "gamma": 0.6093828968119753}, "datetime": {"datetime": "2021-10-04 11:04:03", "elapsed": 4.531318, "delta": 0.240348}}
{"target": 0.20632912008732673, "params": {"C": 901379.5742131218, "gamma": 0.903074595573389}, "datetime": {"datetime": "2021-10-04 11:04:03", "elapsed": 4.808571, "delta": 0.277253}}
{"target": 0.24702136530978414, "params": {"C": 705685.0951136486, "gamma": 0.6494971777828784}, "datetime": {"datetime": "2021-10-04 11:04:04", "elapsed": 5.079672, "delta": 0.271101}}
{"target": 0.2480503322498051, "params": {"C": 951024.7284682633, "gamma": 0.6272160058202895}, "datetime": {"datetime": "2021-10-04 11:04:04", "elapsed": 5.349347, "delta": 0.269675}}
{"target": 0.2202887383377713, "params": {"C": 662735.9824987312, "gamma": 0.826512521103108}, "datetime": {"datetime": "2021-10-04 11:04:04", "elapsed": 5.612008, "delta": 0.262661}}
{"target": 0.017407514931511825, "params": {"C": 554410.5075611493, "gamma": 0.15392549155327856}, "datetime": {"datetime": "2021-10-04 11:04:05", "elapsed": 5.895463, "delta": 0.283455}}
{"target": 0.19387291997535872, "params": {"C": 604106.713152971, "gamma": 0.36449269772038095}, "datetime": {"datetime": "2021-10-04 11:04:05", "elapsed": 6.181831, "delta": 0.286368}}
{"target": 0.22879758126561778, "params": {"C": 705691.0846994726, "gamma": 0.4451400591197928}, "datetime": {"datetime": "2021-10-04 11:04:05", "elapsed": 6.466872, "delta": 0.285041}}
{"target": 0.20735745980945774, "params": {"C": 525727.2492401949, "gamma": 0.8906990269265879}, "datetime": {"datetime": "2021-10-04 11:04:05", "elapsed": 6.714408, "delta": 0.247536}}
{"target": 0.22526858012600837, "params": {"C": 775407.1360598137, "gamma": 0.4395281439121627}, "datetime": {"datetime": "2021-10-04 11:04:06", "elapsed": 7.124674, "delta": 0.410266}}
{"target": 0.25077829835031396, "params": {"C": 601840.9314875712, "gamma": 0.5793162048620001}, "datetime": {"datetime": "2021-10-04 11:04:06", "elapsed": 7.441295, "delta": 0.316621}}
{"target": 0.24140035182975939, "params": {"C": 604115.0726496599, "gamma": 0.4829854154599478}, "datetime": {"datetime": "2021-10-04 11:04:06", "elapsed": 7.727571, "delta": 0.286276}}
{"target": 0.19950913866160258, "params": {"C": 741036.4506205539, "gamma": 0.9368225833546079}, "datetime": {"datetime": "2021-10-04 11:04:07", "elapsed": 8.06158, "delta": 0.334009}}
{"target": -0.028655556173675656, "params": {"C": 869208.2125008252, "gamma": 0.17243057936358136}, "datetime": {"datetime": "2021-10-04 11:04:07", "elapsed": 8.388991, "delta": 0.327411}}
{"target": 0.24887375236700326, "params": {"C": 601855.6602532116, "gamma": 0.5335315897086959}, "datetime": {"datetime": "2021-10-04 11:04:07", "elapsed": 8.697518, "delta": 0.308527}}
{"target": 0.10624963699882572, "params": {"C": 601832.288373073, "gamma": 0.056218876674355496}, "datetime": {"datetime": "2021-10-04 11:04:08", "elapsed": 9.080887, "delta": 0.383369}}
{"target": 0.029175633929591216, "params": {"C": 951031.6983572359, "gamma": 0.22368061115809557}, "datetime": {"datetime": "2021-10-04 11:04:08", "elapsed": 9.406861, "delta": 0.325974}}
{"target": 0.24212704105802574, "params": {"C": 869191.101277286, "gamma": 0.6932364476927821}, "datetime": {"datetime": "2021-10-04 11:04:08", "elapsed": 9.752592, "delta": 0.345731}}
{"target": 0.2038992235536774, "params": {"C": 951015.2464047906, "gamma": 0.9161800393077669}, "datetime": {"datetime": "2021-10-04 11:04:09", "elapsed": 10.125976, "delta": 0.373384}}
{"target": 0.20586450221891817, "params": {"C": 775415.5741808835, "gamma": 0.9041788587406042}, "datetime": {"datetime": "2021-10-04 11:04:09", "elapsed": 10.464681, "delta": 0.338705}}
{"target": 0.08017028376998336, "params": {"C": 525740.135023458, "gamma": 0.21853317801104416}, "datetime": {"datetime": "2021-10-04 11:04:09", "elapsed": 10.811053, "delta": 0.346372}}
{"target": 0.1973420083485412, "params": {"C": 645460.7546372149, "gamma": 0.946282939771042}, "datetime": {"datetime": "2021-10-04 11:04:10", "elapsed": 11.162399, "delta": 0.351346}}
{"target": 0.24771212637052942, "params": {"C": 705696.2118615997, "gamma": 0.5330462901154079}, "datetime": {"datetime": "2021-10-04 11:04:10", "elapsed": 11.496798, "delta": 0.334399}}
{"target": 0.042925567708147594, "params": {"C": 662743.1041286741, "gamma": 0.20502303245351258}, "datetime": {"datetime": "2021-10-04 11:04:11", "elapsed": 11.918426, "delta": 0.421628}}
{"target": 0.19040537998062546, "params": {"C": 601861.7157155799, "gamma": 0.9815131380806542}, "datetime": {"datetime": "2021-10-04 11:04:11", "elapsed": 12.282337, "delta": 0.363911}}
{"target": 0.24334172048824954, "params": {"C": 532430.1776545228, "gamma": 0.6839730991742718}, "datetime": {"datetime": "2021-10-04 11:04:11", "elapsed": 12.622626, "delta": 0.340289}}
{"target": 0.2118106440173272, "params": {"C": 532442.4316085008, "gamma": 0.3905153964665608}, "datetime": {"datetime": "2021-10-04 11:04:12", "elapsed": 12.968014, "delta": 0.345388}}
{"target": 0.20022472158016724, "params": {"C": 645445.7422687717, "gamma": 0.378557852443334}, "datetime": {"datetime": "2021-10-04 11:04:12", "elapsed": 13.339756, "delta": 0.371742}}
{"target": -0.007412197570156875, "params": {"C": 705678.6818683769, "gamma": 0.16512408387634223}, "datetime": {"datetime": "2021-10-04 11:04:12", "elapsed": 13.704755, "delta": 0.364999}}
