{"target": -66.4813781908404, "params": {"C": 3981.497342106241, "gamma": 0.8359556775596858}, "datetime": {"datetime": "2021-10-04 11:31:43", "elapsed": 323.66556, "delta": 1.387555}}
{"target": -67.83819886255922, "params": {"C": 1745.1286699650966, "gamma": 0.45458349016111693}, "datetime": {"datetime": "2021-10-04 11:31:45", "elapsed": 325.866961, "delta": 2.201401}}
{"target": -65.24497821998193, "params": {"C": 2777.741206418671, "gamma": 0.41735783481115873}, "datetime": {"datetime": "2021-10-04 11:31:48", "elapsed": 328.305096, "delta": 2.438135}}
{"target": -50.51239806599233, "params": {"C": 9496.440612399902, "gamma": 0.062196020843214884}, "datetime": {"datetime": "2021-10-04 11:31:51", "elapsed": 331.037075, "delta": 2.731979}}
{"target": -63.271602492304915, "params": {"C": 9494.71938937227, "gamma": 0.955815563620209}, "datetime": {"datetime": "2021-10-04 11:31:53", "elapsed": 333.340105, "delta": 2.30303}}
{"target": -61.24640094238198, "params": {"C": 9496.116854458565, "gamma": 0.5521579488793031}, "datetime": {"datetime": "2021-10-04 11:31:55", "elapsed": 335.645766, "delta": 2.305661}}
{"target": -56.663121452548516, "params": {"C": 9836.644385221014, "gamma": 0.31190108787052245}, "datetime": {"datetime": "2021-10-04 11:31:57", "elapsed": 337.025856, "delta": 1.38009}}
{"target": -60.469118625966445, "params": {"C": 926.6073802182433, "gamma": 0.013523344280558881}, "datetime": {"datetime": "2021-10-04 11:31:58", "elapsed": 338.352493, "delta": 1.326637}}
{"target": -62.63240938275839, "params": {"C": 9838.141699656437, "gamma": 0.7893677842167488}, "datetime": {"datetime": "2021-10-04 11:32:00", "elapsed": 340.569453, "delta": 2.21696}}
{"target": -60.41293927412644, "params": {"C": 9496.776280469554, "gamma": 0.4844581007658184}, "datetime": {"datetime": "2021-10-04 11:32:02", "elapsed": 342.649886, "delta": 2.080433}}
{"target": -51.367470826701364, "params": {"C": 9835.843272042146, "gamma": 0.02860454985151071}, "datetime": {"datetime": "2021-10-04 11:32:04", "elapsed": 344.741912, "delta": 2.092026}}
{"target": -62.561038674212476, "params": {"C": 9832.85822798877, "gamma": 0.7710222150830042}, "datetime": {"datetime": "2021-10-04 11:32:07", "elapsed": 347.294992, "delta": 2.55308}}
{"target": -56.473566635474995, "params": {"C": 9836.12507949992, "gamma": 0.30533954556882403}, "datetime": {"datetime": "2021-10-04 11:32:09", "elapsed": 349.801286, "delta": 2.506294}}
{"target": -50.93640359422618, "params": {"C": 9495.711678149235, "gamma": 0.039501718051404025}, "datetime": {"datetime": "2021-10-04 11:32:12", "elapsed": 352.868583, "delta": 3.067297}}
{"target": -50.893336463789424, "params": {"C": 9835.543240445713, "gamma": 0.10530772088658659}, "datetime": {"datetime": "2021-10-04 11:32:15", "elapsed": 355.176205, "delta": 2.307622}}
{"target": -62.82069485950565, "params": {"C": 9835.726384072339, "gamma": 0.8435662189763456}, "datetime": {"datetime": "2021-10-04 11:32:17", "elapsed": 357.78215, "delta": 2.605945}}
{"target": -50.982754077020786, "params": {"C": 9290.465499087222, "gamma": 0.03971359839526258}, "datetime": {"datetime": "2021-10-04 11:32:20", "elapsed": 360.158507, "delta": 2.376357}}
{"target": -66.88917342790091, "params": {"C": 1045.8373584459118, "gamma": 0.2582192806135817}, "datetime": {"datetime": "2021-10-04 11:32:22", "elapsed": 362.152335, "delta": 1.993828}}
{"target": -58.87995867676368, "params": {"C": 9834.349408425931, "gamma": 0.40444132776491193}, "datetime": {"datetime": "2021-10-04 11:32:24", "elapsed": 364.356536, "delta": 2.204201}}
{"target": -63.147142472826474, "params": {"C": 6627.828328349146, "gamma": 0.5874043259200253}, "datetime": {"datetime": "2021-10-04 11:32:27", "elapsed": 367.070784, "delta": 2.714248}}
{"target": -51.36899185560491, "params": {"C": 9495.333577822354, "gamma": 0.029889958310321228}, "datetime": {"datetime": "2021-10-04 11:32:29", "elapsed": 369.162871, "delta": 2.092087}}
{"target": -66.18557465711369, "params": {"C": 3944.943216159432, "gamma": 0.726098614762489}, "datetime": {"datetime": "2021-10-04 11:32:31", "elapsed": 371.37818, "delta": 2.215309}}
{"target": -50.66072397377866, "params": {"C": 9494.711096058272, "gamma": 0.08803903219837018}, "datetime": {"datetime": "2021-10-04 11:32:34", "elapsed": 374.127057, "delta": 2.748877}}
{"target": -52.237990262812026, "params": {"C": 9490.919067393408, "gamma": 0.1523151478956492}, "datetime": {"datetime": "2021-10-04 11:32:36", "elapsed": 376.744234, "delta": 2.617177}}
{"target": -59.47501083005706, "params": {"C": 9491.378345527648, "gamma": 0.4271255889881907}, "datetime": {"datetime": "2021-10-04 11:32:39", "elapsed": 379.155685, "delta": 2.411451}}
{"target": -61.72205807157519, "params": {"C": 9490.421923686998, "gamma": 0.6037266704658878}, "datetime": {"datetime": "2021-10-04 11:32:41", "elapsed": 381.408008, "delta": 2.252323}}
{"target": -55.574337114494995, "params": {"C": 9493.627160753837, "gamma": 0.26714007038869625}, "datetime": {"datetime": "2021-10-04 11:32:44", "elapsed": 384.30465, "delta": 2.896642}}
{"target": -50.458760145041886, "params": {"C": 9835.139282040807, "gamma": 0.058402830181099284}, "datetime": {"datetime": "2021-10-04 11:32:47", "elapsed": 387.463618, "delta": 3.158968}}
{"target": -51.02656959715559, "params": {"C": 9492.66725832994, "gamma": 0.03693511500143578}, "datetime": {"datetime": "2021-10-04 11:32:49", "elapsed": 389.477754, "delta": 2.014136}}
{"target": -52.37246937623708, "params": {"C": 5419.735054653094, "gamma": 0.04415281652109965}, "datetime": {"datetime": "2021-10-04 11:32:52", "elapsed": 391.9722, "delta": 2.494446}}
{"target": -61.40906307399227, "params": {"C": 9492.82256072581, "gamma": 0.5683120178621786}, "datetime": {"datetime": "2021-10-04 11:32:55", "elapsed": 395.60202, "delta": 3.62982}}
{"target": -65.25816496722126, "params": {"C": 5419.969190858057, "gamma": 0.8432330177598182}, "datetime": {"datetime": "2021-10-04 11:32:59", "elapsed": 399.368239, "delta": 3.766219}}
{"target": -52.622247261506054, "params": {"C": 5419.36403539013, "gamma": 0.08283047995946072}, "datetime": {"datetime": "2021-10-04 11:33:02", "elapsed": 402.840252, "delta": 3.472013}}
{"target": -53.98875216147272, "params": {"C": 5416.607403555013, "gamma": 0.12980218404788157}, "datetime": {"datetime": "2021-10-04 11:33:05", "elapsed": 405.494021, "delta": 2.653769}}
{"target": -65.37508659531203, "params": {"C": 5416.613446186783, "gamma": 0.8890806732571708}, "datetime": {"datetime": "2021-10-04 11:33:07", "elapsed": 407.70634, "delta": 2.212319}}
{"target": -54.50255900791161, "params": {"C": 9492.3618214989, "gamma": 0.009666576371356381}, "datetime": {"datetime": "2021-10-04 11:33:10", "elapsed": 410.062382, "delta": 2.356042}}
{"target": -56.06150497353656, "params": {"C": 5417.277344551792, "gamma": 0.1950557743395166}, "datetime": {"datetime": "2021-10-04 11:33:12", "elapsed": 412.889281, "delta": 2.826899}}
{"target": -53.235553117646575, "params": {"C": 5418.690723005565, "gamma": 0.10659974874696763}, "datetime": {"datetime": "2021-10-04 11:33:16", "elapsed": 416.531078, "delta": 3.641797}}
{"target": -61.69907141080547, "params": {"C": 7800.945345925851, "gamma": 0.514199788360021}, "datetime": {"datetime": "2021-10-04 11:33:18", "elapsed": 418.071006, "delta": 1.539928}}
{"target": -50.696724722796404, "params": {"C": 9493.99963608409, "gamma": 0.09000875900598736}, "datetime": {"datetime": "2021-10-04 11:33:20", "elapsed": 420.745675, "delta": 2.674669}}
{"target": -52.73404139561558, "params": {"C": 9494.399996691598, "gamma": 0.17034764147932088}, "datetime": {"datetime": "2021-10-04 11:33:24", "elapsed": 424.075301, "delta": 3.329626}}
{"target": -55.387689292531654, "params": {"C": 8415.348079980908, "gamma": 0.24271954237466725}, "datetime": {"datetime": "2021-10-04 11:33:26", "elapsed": 425.913512, "delta": 1.838211}}
{"target": -64.25068029544308, "params": {"C": 5418.286299155323, "gamma": 0.6218265691907372}, "datetime": {"datetime": "2021-10-04 11:33:28", "elapsed": 428.852733, "delta": 2.939221}}
{"target": -55.240868481269004, "params": {"C": 8416.450032191271, "gamma": 0.23755986534708365}, "datetime": {"datetime": "2021-10-04 11:33:31", "elapsed": 430.995893, "delta": 2.14316}}
{"target": -63.416800159096006, "params": {"C": 8414.85252918159, "gamma": 0.8364257770203883}, "datetime": {"datetime": "2021-10-04 11:33:33", "elapsed": 433.661121, "delta": 2.665228}}
{"target": -57.456881072949514, "params": {"C": 8417.092530797474, "gamma": 0.3141435900153934}, "datetime": {"datetime": "2021-10-04 11:33:35", "elapsed": 435.560427, "delta": 1.899306}}
{"target": -63.55779137917261, "params": {"C": 8418.239142692893, "gamma": 0.8816139862647644}, "datetime": {"datetime": "2021-10-04 11:33:38", "elapsed": 438.501831, "delta": 2.941404}}
{"target": -63.73557287622718, "params": {"C": 8415.989082586813, "gamma": 0.9505756715273628}, "datetime": {"datetime": "2021-10-04 11:33:40", "elapsed": 440.682422, "delta": 2.180591}}
{"target": -51.15577847624798, "params": {"C": 8881.83524989013, "gamma": 0.03777480167653801}, "datetime": {"datetime": "2021-10-04 11:33:42", "elapsed": 442.783548, "delta": 2.101126}}
{"target": -58.55699119844295, "params": {"C": 5413.811539027483, "gamma": 0.2737946162644888}, "datetime": {"datetime": "2021-10-04 11:33:45", "elapsed": 445.060691, "delta": 2.277143}}
{"target": -74.87677124513877, "params": {"C": 69.79769543499667, "gamma": 0.7737710171556827}, "datetime": {"datetime": "2021-10-04 11:33:46", "elapsed": 446.673021, "delta": 1.61233}}
{"target": -64.13937002199751, "params": {"C": 5412.574404411106, "gamma": 0.6059320467769335}, "datetime": {"datetime": "2021-10-04 11:33:49", "elapsed": 449.799712, "delta": 3.126691}}
{"target": -53.4960715639104, "params": {"C": 5415.818101301415, "gamma": 0.11489786019071108}, "datetime": {"datetime": "2021-10-04 11:33:52", "elapsed": 452.222903, "delta": 2.423191}}
{"target": -52.310321259446184, "params": {"C": 5420.8702300932755, "gamma": 0.048208124309855}, "datetime": {"datetime": "2021-10-04 11:33:55", "elapsed": 455.234691, "delta": 3.011788}}
{"target": -62.64335247656133, "params": {"C": 7792.3096414923975, "gamma": 0.6118063596902495}, "datetime": {"datetime": "2021-10-04 11:33:57", "elapsed": 456.954495, "delta": 1.719804}}
{"target": -50.92568183694973, "params": {"C": 8415.891675759924, "gamma": 0.055004404602580444}, "datetime": {"datetime": "2021-10-04 11:34:00", "elapsed": 460.001265, "delta": 3.04677}}
{"target": -52.50385976405379, "params": {"C": 5414.960615740103, "gamma": 0.0764311320158175}, "datetime": {"datetime": "2021-10-04 11:34:03", "elapsed": 463.836175, "delta": 3.83491}}
{"target": -52.254981979277304, "params": {"C": 9331.941461773564, "gamma": 0.15026470730571803}, "datetime": {"datetime": "2021-10-04 11:34:05", "elapsed": 465.531366, "delta": 1.695191}}
{"target": -51.84825496598696, "params": {"C": 6599.1262962983255, "gamma": 0.08323792400564903}, "datetime": {"datetime": "2021-10-04 11:34:07", "elapsed": 467.022781, "delta": 1.491415}}
{"target": -64.40431879049726, "params": {"C": 6599.043104249455, "gamma": 0.8310666264230012}, "datetime": {"datetime": "2021-10-04 11:34:09", "elapsed": 469.859969, "delta": 2.837188}}
{"target": -60.702155265521206, "params": {"C": 9332.496072925687, "gamma": 0.4994048707534242}, "datetime": {"datetime": "2021-10-04 11:34:12", "elapsed": 472.108317, "delta": 2.248348}}
{"target": -51.764216681577466, "params": {"C": 6598.505514679638, "gamma": 0.07852929383179849}, "datetime": {"datetime": "2021-10-04 11:34:14", "elapsed": 474.280986, "delta": 2.172669}}
{"target": -60.82109581186193, "params": {"C": 9331.294427879726, "gamma": 0.5084560933501672}, "datetime": {"datetime": "2021-10-04 11:34:17", "elapsed": 477.611608, "delta": 3.330622}}
{"target": -63.84360121504761, "params": {"C": 6597.789116999459, "gamma": 0.6938891839382085}, "datetime": {"datetime": "2021-10-04 11:34:20", "elapsed": 480.07255, "delta": 2.460942}}
{"target": -64.64656528423241, "params": {"C": 5415.125644221797, "gamma": 0.684878816915877}, "datetime": {"datetime": "2021-10-04 11:34:22", "elapsed": 482.569448, "delta": 2.496898}}
{"target": -56.78637510605587, "params": {"C": 5414.407968196725, "gamma": 0.006447652500014718}, "datetime": {"datetime": "2021-10-04 11:34:25", "elapsed": 484.966388, "delta": 2.39694}}
{"target": -62.01221032658888, "params": {"C": 5422.091909660244, "gamma": 0.41801403473925786}, "datetime": {"datetime": "2021-10-04 11:34:27", "elapsed": 487.805012, "delta": 2.838624}}
{"target": -64.7954124491092, "params": {"C": 5421.120325951569, "gamma": 0.7153799773904281}, "datetime": {"datetime": "2021-10-04 11:34:30", "elapsed": 490.666031, "delta": 2.861019}}
{"target": -55.829130210243825, "params": {"C": 6599.477430233449, "gamma": 0.007968595443257776}, "datetime": {"datetime": "2021-10-04 11:34:33", "elapsed": 493.586565, "delta": 2.920534}}
{"target": -69.35700291023338, "params": {"C": 1166.1841164487284, "gamma": 0.44538645999978094}, "datetime": {"datetime": "2021-10-04 11:34:35", "elapsed": 495.250828, "delta": 1.664263}}
{"target": -66.47648388268217, "params": {"C": 2920.527242616869, "gamma": 0.5500336102929922}, "datetime": {"datetime": "2021-10-04 11:34:36", "elapsed": 496.848596, "delta": 1.597768}}
{"target": -62.04031320401694, "params": {"C": 9342.132532780053, "gamma": 0.637172369308028}, "datetime": {"datetime": "2021-10-04 11:34:38", "elapsed": 498.537019, "delta": 1.688423}}
{"target": -68.51863807551196, "params": {"C": 2331.5246679596544, "gamma": 0.8421726928425266}, "datetime": {"datetime": "2021-10-04 11:34:41", "elapsed": 501.29428, "delta": 2.757261}}
{"target": -56.12457133779365, "params": {"C": 5972.723912852123, "gamma": 0.21320642672002138}, "datetime": {"datetime": "2021-10-04 11:34:44", "elapsed": 504.288453, "delta": 2.994173}}
{"target": -59.95213948696328, "params": {"C": 5973.513618256953, "gamma": 0.3435988683620106}, "datetime": {"datetime": "2021-10-04 11:34:47", "elapsed": 507.244674, "delta": 2.956221}}
{"target": -63.68759312893429, "params": {"C": 5971.939764022435, "gamma": 0.6018094203008721}, "datetime": {"datetime": "2021-10-04 11:34:49", "elapsed": 509.6346, "delta": 2.389926}}
{"target": -53.92172989385938, "params": {"C": 9495.986065456143, "gamma": 0.01160479102171689}, "datetime": {"datetime": "2021-10-04 11:34:53", "elapsed": 513.634011, "delta": 3.999411}}
{"target": -57.55590252784264, "params": {"C": 9266.643873373396, "gamma": 0.002938806714159196}, "datetime": {"datetime": "2021-10-04 11:34:57", "elapsed": 517.204374, "delta": 3.570363}}
{"target": -64.27505623333882, "params": {"C": 5731.038425736968, "gamma": 0.6636217641124783}, "datetime": {"datetime": "2021-10-04 11:35:00", "elapsed": 520.175219, "delta": 2.970845}}
{"target": -64.37476813271249, "params": {"C": 5557.97396167059, "gamma": 0.6578250913367923}, "datetime": {"datetime": "2021-10-04 11:35:04", "elapsed": 524.681697, "delta": 4.506478}}
{"target": -59.050129299348804, "params": {"C": 8268.316452461864, "gamma": 0.3741787177103652}, "datetime": {"datetime": "2021-10-04 11:35:07", "elapsed": 527.064162, "delta": 2.382465}}
{"target": -63.46923323249102, "params": {"C": 8269.821065269667, "gamma": 0.8302076751205907}, "datetime": {"datetime": "2021-10-04 11:35:11", "elapsed": 531.294181, "delta": 4.230019}}
{"target": -63.151410007531794, "params": {"C": 8266.409205826112, "gamma": 0.7456961208869384}, "datetime": {"datetime": "2021-10-04 11:35:14", "elapsed": 534.826212, "delta": 3.532031}}
{"target": -59.6169247295289, "params": {"C": 8844.216112337032, "gamma": 0.4171092065124377}, "datetime": {"datetime": "2021-10-04 11:35:16", "elapsed": 536.59079, "delta": 1.764578}}
{"target": -50.8367003534734, "params": {"C": 9497.145169582538, "gamma": 0.04293544273734024}, "datetime": {"datetime": "2021-10-04 11:35:18", "elapsed": 538.796183, "delta": 2.205393}}
{"target": -50.950617011890394, "params": {"C": 9498.074553284006, "gamma": 0.03903821182878159}, "datetime": {"datetime": "2021-10-04 11:35:22", "elapsed": 542.219012, "delta": 3.422829}}
{"target": -62.14426990333475, "params": {"C": 9497.941445887895, "gamma": 0.6631977916808331}, "datetime": {"datetime": "2021-10-04 11:35:25", "elapsed": 544.957535, "delta": 2.738523}}
{"target": -62.79182409606612, "params": {"C": 9710.605299002025, "gamma": 0.8193472574091976}, "datetime": {"datetime": "2021-10-04 11:35:27", "elapsed": 547.331453, "delta": 2.373918}}
{"target": -58.17926420739235, "params": {"C": 4170.803025021038, "gamma": 0.21693637455232095}, "datetime": {"datetime": "2021-10-04 11:35:31", "elapsed": 0.0, "delta": 0.0}}
{"target": -75.20644285380547, "params": {"C": 2.1436337986315213, "gamma": 0.09279277407165641}, "datetime": {"datetime": "2021-10-04 11:35:31", "elapsed": 0.163754, "delta": 0.163754}}
{"target": -57.4236345572012, "params": {"C": 1468.4121522803134, "gamma": 0.030424562646332944}, "datetime": {"datetime": "2021-10-04 11:35:31", "elapsed": 0.342577, "delta": 0.178823}}
{"target": -58.39398863591702, "params": {"C": 1863.4158535653314, "gamma": 0.10563153593178518}, "datetime": {"datetime": "2021-10-04 11:35:31", "elapsed": 0.573669, "delta": 0.231092}}
{"target": -56.600937481626765, "params": {"C": 3968.2779748324688, "gamma": 0.163028569998997}, "datetime": {"datetime": "2021-10-04 11:35:31", "elapsed": 0.739673, "delta": 0.166004}}
{"target": -50.8435155726071, "params": {"C": 9998.75799995505, "gamma": 0.03854593332616849}, "datetime": {"datetime": "2021-10-04 11:35:32", "elapsed": 1.097757, "delta": 0.358084}}
{"target": -56.28315961862298, "params": {"C": 8984.723353618729, "gamma": 0.005292797227283955}, "datetime": {"datetime": "2021-10-04 11:35:32", "elapsed": 1.472565, "delta": 0.374808}}
{"target": -55.11963883745127, "params": {"C": 9997.530026031214, "gamma": 0.2585257063922472}, "datetime": {"datetime": "2021-10-04 11:35:32", "elapsed": 1.693561, "delta": 0.220996}}
{"target": -53.343201317310935, "params": {"C": 8989.007690450837, "gamma": 0.014566031977050756}, "datetime": {"datetime": "2021-10-04 11:35:33", "elapsed": 2.005564, "delta": 0.312003}}
{"target": -50.65892861646375, "params": {"C": 8992.316968667217, "gamma": 0.06286958899947681}, "datetime": {"datetime": "2021-10-04 11:35:33", "elapsed": 2.298579, "delta": 0.293015}}
{"target": -55.40385274410604, "params": {"C": 8996.369548459648, "gamma": 0.2531148644482097}, "datetime": {"datetime": "2021-10-04 11:35:33", "elapsed": 2.554122, "delta": 0.255543}}
{"target": -60.0742984813055, "params": {"C": 3958.3230776793303, "gamma": 0.2675487024519404}, "datetime": {"datetime": "2021-10-04 11:35:33", "elapsed": 2.833118, "delta": 0.278996}}
{"target": -59.464581493986316, "params": {"C": 3975.873831778365, "gamma": 0.24871061664893973}, "datetime": {"datetime": "2021-10-04 11:35:34", "elapsed": 3.084126, "delta": 0.251008}}
{"target": -53.695287093918424, "params": {"C": 8976.721639193769, "gamma": 0.1954550067473856}, "datetime": {"datetime": "2021-10-04 11:35:34", "elapsed": 3.350903, "delta": 0.266777}}
{"target": -55.77053360189655, "params": {"C": 8971.45772621924, "gamma": 0.265731150678563}, "datetime": {"datetime": "2021-10-04 11:35:34", "elapsed": 3.612904, "delta": 0.262001}}
{"target": -50.94857810625227, "params": {"C": 8964.442696603808, "gamma": 0.09360373679588786}, "datetime": {"datetime": "2021-10-04 11:35:35", "elapsed": 3.885471, "delta": 0.272567}}
{"target": -52.733732772284505, "params": {"C": 8960.200666577017, "gamma": 0.16134386191078234}, "datetime": {"datetime": "2021-10-04 11:35:35", "elapsed": 4.18947, "delta": 0.303999}}
{"target": -52.15149506375392, "params": {"C": 8953.422940588001, "gamma": 0.13971158935911535}, "datetime": {"datetime": "2021-10-04 11:35:35", "elapsed": 4.462169, "delta": 0.272699}}
{"target": -50.74934088156594, "params": {"C": 8948.164819174981, "gamma": 0.08198577414806651}, "datetime": {"datetime": "2021-10-04 11:35:35", "elapsed": 4.724567, "delta": 0.262398}}
{"target": -50.71873176470794, "params": {"C": 8942.286365860768, "gamma": 0.05845151681984265}, "datetime": {"datetime": "2021-10-04 11:35:36", "elapsed": 4.987571, "delta": 0.263004}}
{"target": -51.565630058837385, "params": {"C": 8937.295305871958, "gamma": 0.11729058741704793}, "datetime": {"datetime": "2021-10-04 11:35:36", "elapsed": 5.246578, "delta": 0.259007}}
{"target": -53.64361122612431, "params": {"C": 8930.390897814064, "gamma": 0.19301671354398897}, "datetime": {"datetime": "2021-10-04 11:35:36", "elapsed": 5.516582, "delta": 0.270004}}
{"target": -54.929340896119456, "params": {"C": 8922.373582018427, "gamma": 0.23544174440059218}, "datetime": {"datetime": "2021-10-04 11:35:36", "elapsed": 5.769924, "delta": 0.253342}}
{"target": -53.54253357721397, "params": {"C": 8909.5892174469, "gamma": 0.1892045140357988}, "datetime": {"datetime": "2021-10-04 11:35:37", "elapsed": 6.103791, "delta": 0.333867}}
{"target": -51.83430619273213, "params": {"C": 8901.605345692118, "gamma": 0.12682511892216763}, "datetime": {"datetime": "2021-10-04 11:35:37", "elapsed": 6.477481, "delta": 0.37369}}
{"target": -50.67625355366995, "params": {"C": 8896.506353751018, "gamma": 0.07379199561703739}, "datetime": {"datetime": "2021-10-04 11:35:37", "elapsed": 6.770193, "delta": 0.292712}}
{"target": -50.678415838409265, "params": {"C": 8888.97316897922, "gamma": 0.06636757325278413}, "datetime": {"datetime": "2021-10-04 11:35:38", "elapsed": 7.096193, "delta": 0.326}}
{"target": -55.80571166456711, "params": {"C": 8883.708610458147, "gamma": 0.26552659596677386}, "datetime": {"datetime": "2021-10-04 11:35:38", "elapsed": 7.398189, "delta": 0.301996}}
{"target": -55.3430921712647, "params": {"C": 4614.963540072418, "gamma": 0.14793002881816067}, "datetime": {"datetime": "2021-10-04 11:35:38", "elapsed": 7.685459, "delta": 0.28727}}
