{"target": -35.202549577557136, "params": {"C": 20396.367940229415, "gamma": 0.05097685859130593}, "datetime": {"datetime": "2021-09-29 08:05:07", "elapsed": 118.81173, "delta": 0.954938}}
{"target": -34.69313646464805, "params": {"C": 24999.931131051915, "gamma": 0.030846377808622507}, "datetime": {"datetime": "2021-09-29 08:05:08", "elapsed": 120.12892, "delta": 1.31719}}
{"target": -35.70921138867818, "params": {"C": 24705.338975939412, "gamma": 0.05852274436661858}, "datetime": {"datetime": "2021-09-29 08:05:10", "elapsed": 121.734402, "delta": 1.605482}}
{"target": -34.51430080647988, "params": {"C": 22459.878109408706, "gamma": 0.020153832822286787}, "datetime": {"datetime": "2021-09-29 08:05:11", "elapsed": 123.051129, "delta": 1.316727}}
{"target": -36.495598958837, "params": {"C": 24826.95352328873, "gamma": 0.0031302285670046365}, "datetime": {"datetime": "2021-09-29 08:05:12", "elapsed": 124.44213, "delta": 1.391001}}
{"target": -34.63550355833907, "params": {"C": 24229.31995174641, "gamma": 0.028427538420123105}, "datetime": {"datetime": "2021-09-29 08:05:14", "elapsed": 126.294176, "delta": 1.852046}}
{"target": -35.90187516319418, "params": {"C": 24223.283513548722, "gamma": 0.005944403685870745}, "datetime": {"datetime": "2021-09-29 08:05:15", "elapsed": 127.397452, "delta": 1.103276}}
{"target": -34.810211649596326, "params": {"C": 24249.05223910131, "gamma": 0.03557346237602843}, "datetime": {"datetime": "2021-09-29 08:05:17", "elapsed": 128.733012, "delta": 1.33556}}
{"target": -35.57854963735285, "params": {"C": 24728.246031034432, "gamma": 0.007602806450655144}, "datetime": {"datetime": "2021-09-29 08:05:18", "elapsed": 130.135569, "delta": 1.402557}}
{"target": -35.39524189343387, "params": {"C": 24253.214987599364, "gamma": 0.05128265164504722}, "datetime": {"datetime": "2021-09-29 08:05:19", "elapsed": 131.58983, "delta": 1.454261}}
{"target": -35.49506037980698, "params": {"C": 23799.033754185595, "gamma": 0.05416862689284891}, "datetime": {"datetime": "2021-09-29 08:05:21", "elapsed": 132.973683, "delta": 1.383853}}
{"target": -36.26081275513845, "params": {"C": 22453.031699335825, "gamma": 0.004307615387405511}, "datetime": {"datetime": "2021-09-29 08:05:23", "elapsed": 134.754355, "delta": 1.780672}}
{"target": -36.15009118416124, "params": {"C": 22625.975536839498, "gamma": 0.07339400526726884}, "datetime": {"datetime": "2021-09-29 08:05:24", "elapsed": 136.300356, "delta": 1.546001}}
{"target": -34.71531943204221, "params": {"C": 24223.330961886095, "gamma": 0.03198017490539124}, "datetime": {"datetime": "2021-09-29 08:05:26", "elapsed": 138.66677, "delta": 2.366414}}
{"target": -34.93836315182393, "params": {"C": 22453.015347006778, "gamma": 0.04095963740250238}, "datetime": {"datetime": "2021-09-29 08:05:28", "elapsed": 140.488925, "delta": 1.822155}}
{"target": -35.3558969553441, "params": {"C": 22454.3709901513, "gamma": 0.052306202202872853}, "datetime": {"datetime": "2021-09-29 08:05:30", "elapsed": 141.858174, "delta": 1.369249}}
{"target": -34.534001165019255, "params": {"C": 24088.1526063809, "gamma": 0.02212720429212684}, "datetime": {"datetime": "2021-09-29 08:05:31", "elapsed": 143.083931, "delta": 1.225757}}
{"target": -34.53035267442965, "params": {"C": 24253.250637733676, "gamma": 0.021853948843532946}, "datetime": {"datetime": "2021-09-29 08:05:32", "elapsed": 144.56093, "delta": 1.476999}}
{"target": -34.81594763289856, "params": {"C": 21970.154478611676, "gamma": 0.03675221319650329}, "datetime": {"datetime": "2021-09-29 08:05:34", "elapsed": 145.953732, "delta": 1.392802}}
{"target": -35.23642588784348, "params": {"C": 20712.308213242544, "gamma": 0.010068193477774379}, "datetime": {"datetime": "2021-09-29 08:05:36", "elapsed": 148.363619, "delta": 2.409887}}
{"target": -35.60211629713919, "params": {"C": 22228.13927871051, "gamma": 0.05897662985006983}, "datetime": {"datetime": "2021-09-29 08:05:37", "elapsed": 149.580666, "delta": 1.217047}}
{"target": -35.462971193967114, "params": {"C": 24280.461256117134, "gamma": 0.05284975579244941}, "datetime": {"datetime": "2021-09-29 08:05:39", "elapsed": 150.92501, "delta": 1.344344}}
{"target": -35.1622996076659, "params": {"C": 24999.954671961343, "gamma": 0.04533352596810462}, "datetime": {"datetime": "2021-09-29 08:05:41", "elapsed": 152.906705, "delta": 1.981695}}
{"target": -35.16259235735364, "params": {"C": 22459.906186912704, "gamma": 0.04760711399359834}, "datetime": {"datetime": "2021-09-29 08:05:42", "elapsed": 154.274699, "delta": 1.367994}}
{"target": -35.24893920036387, "params": {"C": 24710.834513277576, "gamma": 0.04757004254317534}, "datetime": {"datetime": "2021-09-29 08:05:43", "elapsed": 155.579926, "delta": 1.305227}}
{"target": -35.22791784663274, "params": {"C": 24249.074651313884, "gamma": 0.009615554348478533}, "datetime": {"datetime": "2021-09-29 08:05:45", "elapsed": 157.086407, "delta": 1.506481}}
{"target": -34.993766958153245, "params": {"C": 24709.108464791476, "gamma": 0.04098025930154105}, "datetime": {"datetime": "2021-09-29 08:05:47", "elapsed": 158.992089, "delta": 1.905682}}
{"target": -35.53748522124975, "params": {"C": 24226.49686428904, "gamma": 0.05472805848961635}, "datetime": {"datetime": "2021-09-29 08:05:48", "elapsed": 160.336298, "delta": 1.344209}}
{"target": -34.52486339629808, "params": {"C": 24725.50468413303, "gamma": 0.021451780371240414}, "datetime": {"datetime": "2021-09-29 08:05:50", "elapsed": 162.100149, "delta": 1.763851}}
{"target": -35.77611283169534, "params": {"C": 24223.31993035323, "gamma": 0.06086169455907388}, "datetime": {"datetime": "2021-09-29 08:05:51", "elapsed": 163.436151, "delta": 1.336002}}
{"target": -34.73302630245846, "params": {"C": 20436.632207741142, "gamma": 0.03394610420921482}, "datetime": {"datetime": "2021-09-29 08:05:53", "elapsed": 165.296699, "delta": 1.860548}}
{"target": -34.51227244461168, "params": {"C": 22456.211348818815, "gamma": 0.019102976143411724}, "datetime": {"datetime": "2021-09-29 08:05:54", "elapsed": 166.378699, "delta": 1.082}}
{"target": -35.23349229581655, "params": {"C": 23240.9986457794, "gamma": 0.00971572924767673}, "datetime": {"datetime": "2021-09-29 08:05:56", "elapsed": 167.900964, "delta": 1.522265}}
{"target": -35.52392577977193, "params": {"C": 20991.35409873508, "gamma": 0.0585710987993137}, "datetime": {"datetime": "2021-09-29 08:05:57", "elapsed": 169.274972, "delta": 1.374008}}
{"target": -34.821443414579015, "params": {"C": 24219.327380914216, "gamma": 0.035979609688747395}, "datetime": {"datetime": "2021-09-29 08:05:59", "elapsed": 170.852088, "delta": 1.577116}}
{"target": -35.68975579527788, "params": {"C": 23819.005948675454, "gamma": 0.059178475733594894}, "datetime": {"datetime": "2021-09-29 08:06:00", "elapsed": 172.651392, "delta": 1.799304}}
{"target": -34.58935208571392, "params": {"C": 20843.43908667657, "gamma": 0.02596692412458159}, "datetime": {"datetime": "2021-09-29 08:06:02", "elapsed": 173.938792, "delta": 1.2874}}
{"target": -35.75029772343463, "params": {"C": 22153.789948131147, "gamma": 0.06320490868462986}, "datetime": {"datetime": "2021-09-29 08:06:03", "elapsed": 175.352702, "delta": 1.41391}}
{"target": -34.616935664161794, "params": {"C": 23818.905607908204, "gamma": 0.015490486921410824}, "datetime": {"datetime": "2021-09-29 08:06:05", "elapsed": 177.328192, "delta": 1.97549}}
{"target": -34.76662969837594, "params": {"C": 22920.287180583884, "gamma": 0.03448989812925375}, "datetime": {"datetime": "2021-09-29 08:06:06", "elapsed": 178.515197, "delta": 1.187005}}
{"target": -34.78017305505581, "params": {"C": 24088.174937685148, "gamma": 0.03452187730026036}, "datetime": {"datetime": "2021-09-29 08:06:08", "elapsed": 179.835117, "delta": 1.31992}}
{"target": -35.33526426794671, "params": {"C": 20843.43650272712, "gamma": 0.053736645306878765}, "datetime": {"datetime": "2021-09-29 08:06:09", "elapsed": 181.260317, "delta": 1.4252}}
{"target": -35.074795440385984, "params": {"C": 22456.213968125303, "gamma": 0.045049648979293686}, "datetime": {"datetime": "2021-09-29 08:06:11", "elapsed": 182.785331, "delta": 1.525014}}
{"target": -34.55551348610416, "params": {"C": 24226.531046355325, "gamma": 0.023694187522592888}, "datetime": {"datetime": "2021-09-29 08:06:13", "elapsed": 184.83668, "delta": 2.051349}}
{"target": -35.35150346762245, "params": {"C": 21943.177344950225, "gamma": 0.052793427554654576}, "datetime": {"datetime": "2021-09-29 08:06:14", "elapsed": 186.453198, "delta": 1.616518}}
{"target": -34.69501343853133, "params": {"C": 24238.794775594488, "gamma": 0.014370743426878777}, "datetime": {"datetime": "2021-09-29 08:06:16", "elapsed": 188.122206, "delta": 1.669008}}
{"target": -34.94803996383693, "params": {"C": 22632.449884278903, "gamma": 0.0412103938842178}, "datetime": {"datetime": "2021-09-29 08:06:17", "elapsed": 189.129531, "delta": 1.007325}}
{"target": -35.66123487538986, "params": {"C": 24088.16941163538, "gamma": 0.007210858742439025}, "datetime": {"datetime": "2021-09-29 08:06:18", "elapsed": 190.570393, "delta": 1.440862}}
{"target": -35.62142401819, "params": {"C": 24288.304035627312, "gamma": 0.0567881842744899}, "datetime": {"datetime": "2021-09-29 08:06:20", "elapsed": 191.986896, "delta": 1.416503}}
{"target": -34.802416286648594, "params": {"C": 23700.30258696432, "gamma": 0.03551874980540966}, "datetime": {"datetime": "2021-09-29 08:06:21", "elapsed": 193.410492, "delta": 1.423596}}
{"target": -34.5299292022239, "params": {"C": 24088.127406409905, "gamma": 0.021809703535425634}, "datetime": {"datetime": "2021-09-29 08:06:22", "elapsed": 194.638131, "delta": 1.227639}}
{"target": -34.56742943161192, "params": {"C": 21116.119459560905, "gamma": 0.024474058802112456}, "datetime": {"datetime": "2021-09-29 08:06:24", "elapsed": 195.92451, "delta": 1.286379}}
{"target": -34.96411309195599, "params": {"C": 24288.28615446354, "gamma": 0.011600821517619944}, "datetime": {"datetime": "2021-09-29 08:06:25", "elapsed": 197.465914, "delta": 1.541404}}
{"target": -34.64631644626352, "params": {"C": 24484.37684323964, "gamma": 0.02895367350935459}, "datetime": {"datetime": "2021-09-29 08:06:26", "elapsed": 198.712914, "delta": 1.247}}
{"target": -34.50010173214587, "params": {"C": 24749.95884484254, "gamma": 0.01921140173969542}, "datetime": {"datetime": "2021-09-29 08:06:28", "elapsed": 199.788793, "delta": 1.075879}}
{"target": -35.91553553252651, "params": {"C": 20843.418475305214, "gamma": 0.006025038254071068}, "datetime": {"datetime": "2021-09-29 08:06:29", "elapsed": 201.304981, "delta": 1.516188}}
{"target": -35.19426778091979, "params": {"C": 24088.131369561772, "gamma": 0.0469567920759469}, "datetime": {"datetime": "2021-09-29 08:06:30", "elapsed": 202.557985, "delta": 1.253004}}
{"target": -34.51641340944254, "params": {"C": 24136.59763392639, "gamma": 0.020701146714498415}, "datetime": {"datetime": "2021-09-29 08:06:32", "elapsed": 204.006259, "delta": 1.448274}}
{"target": -34.585330894077465, "params": {"C": 24136.581687650934, "gamma": 0.025617013586124563}, "datetime": {"datetime": "2021-09-29 08:06:33", "elapsed": 205.639868, "delta": 1.633609}}
{"target": -36.507096710852075, "params": {"C": 24088.133114451386, "gamma": 0.003}, "datetime": {"datetime": "2021-09-29 08:06:35", "elapsed": 207.470442, "delta": 1.830574}}
{"target": -34.580303944462166, "params": {"C": 21998.648023697926, "gamma": 0.016405161084435925}, "datetime": {"datetime": "2021-09-29 08:06:37", "elapsed": 208.823437, "delta": 1.352995}}
{"target": -34.558732106717514, "params": {"C": 22492.489084504323, "gamma": 0.0238858200172135}, "datetime": {"datetime": "2021-09-29 08:06:38", "elapsed": 210.210479, "delta": 1.387042}}
{"target": -34.903790419152244, "params": {"C": 22486.67381455021, "gamma": 0.03969621056082799}, "datetime": {"datetime": "2021-09-29 08:06:39", "elapsed": 211.492037, "delta": 1.281558}}
{"target": -34.96123837240039, "params": {"C": 20436.65524108455, "gamma": 0.042985430295811526}, "datetime": {"datetime": "2021-09-29 08:06:41", "elapsed": 213.441026, "delta": 1.948989}}
{"target": -35.633159308801766, "params": {"C": 23325.795054435865, "gamma": 0.05832719917444838}, "datetime": {"datetime": "2021-09-29 08:06:43", "elapsed": 214.823645, "delta": 1.382619}}
{"target": -34.699955196179204, "params": {"C": 24709.07887539612, "gamma": 0.031210131374644484}, "datetime": {"datetime": "2021-09-29 08:06:44", "elapsed": 216.604859, "delta": 1.781214}}
{"target": -34.51654173153765, "params": {"C": 22092.330459779107, "gamma": 0.020229683239130786}, "datetime": {"datetime": "2021-09-29 08:06:46", "elapsed": 217.874593, "delta": 1.269734}}
{"target": -34.8530571306402, "params": {"C": 21801.72613406476, "gamma": 0.038195596988638426}, "datetime": {"datetime": "2021-09-29 08:06:47", "elapsed": 219.055592, "delta": 1.180999}}
{"target": -36.03381665522846, "params": {"C": 22491.557557784807, "gamma": 0.005374411886385238}, "datetime": {"datetime": "2021-09-29 08:06:48", "elapsed": 220.680492, "delta": 1.6249}}
{"target": -35.13184986157814, "params": {"C": 22459.88558061431, "gamma": 0.010462127179453653}, "datetime": {"datetime": "2021-09-29 08:06:50", "elapsed": 222.215969, "delta": 1.535477}}
{"target": -34.799530804881655, "params": {"C": 23020.95644700506, "gamma": 0.03569497233171077}, "datetime": {"datetime": "2021-09-29 08:06:51", "elapsed": 223.68397, "delta": 1.468001}}
{"target": -34.54636915050892, "params": {"C": 21477.60834341345, "gamma": 0.017054313426654578}, "datetime": {"datetime": "2021-09-29 08:06:53", "elapsed": 224.93, "delta": 1.24603}}
{"target": -34.58022744396565, "params": {"C": 21998.6356546109, "gamma": 0.025348613813691315}, "datetime": {"datetime": "2021-09-29 08:06:54", "elapsed": 226.580613, "delta": 1.650613}}
{"target": -34.84371857403249, "params": {"C": 20860.83106888292, "gamma": 0.038319813018538845}, "datetime": {"datetime": "2021-09-29 08:06:56", "elapsed": 228.127115, "delta": 1.546502}}
{"target": -36.1274384030246, "params": {"C": 24916.194477849418, "gamma": 0.06927631086112576}, "datetime": {"datetime": "2021-09-29 08:06:57", "elapsed": 229.365942, "delta": 1.238827}}
{"target": -35.10265747793081, "params": {"C": 24226.53034511784, "gamma": 0.04432340646644819}, "datetime": {"datetime": "2021-09-29 08:06:59", "elapsed": 230.976292, "delta": 1.61035}}
{"target": -35.714541593893095, "params": {"C": 24280.603476788114, "gamma": 0.05919954524064385}, "datetime": {"datetime": "2021-09-29 08:07:00", "elapsed": 232.523791, "delta": 1.547499}}
{"target": -34.54082520060668, "params": {"C": 21116.095391013496, "gamma": 0.02247336505400586}, "datetime": {"datetime": "2021-09-29 08:07:02", "elapsed": 234.085672, "delta": 1.561881}}
{"target": -34.609849755841196, "params": {"C": 23700.279538757968, "gamma": 0.027080215847639196}, "datetime": {"datetime": "2021-09-29 08:07:04", "elapsed": 235.840458, "delta": 1.754786}}
{"target": -34.556126292831316, "params": {"C": 21477.63870119759, "gamma": 0.02366745848252919}, "datetime": {"datetime": "2021-09-29 08:07:05", "elapsed": 237.203458, "delta": 1.363}}
{"target": -34.98474467167233, "params": {"C": 20439.18867371255, "gamma": 0.043859171266289514}, "datetime": {"datetime": "2021-09-29 08:07:07", "elapsed": 239.061639, "delta": 1.858181}}
{"target": -34.92949214350256, "params": {"C": 21477.621416600578, "gamma": 0.04117618423993625}, "datetime": {"datetime": "2021-09-29 08:07:09", "elapsed": 241.155534, "delta": 2.093895}}
{"target": -34.50507699406764, "params": {"C": 23748.988511835618, "gamma": 0.01889795922924715}, "datetime": {"datetime": "2021-09-29 08:07:10", "elapsed": 242.713169, "delta": 1.557635}}
{"target": -35.52633876429196, "params": {"C": 22037.791796237518, "gamma": 0.05716725943143977}, "datetime": {"datetime": "2021-09-29 08:07:12", "elapsed": 244.592224, "delta": 1.879055}}
{"target": -34.53163235090812, "params": {"C": 20869.239755400093, "gamma": 0.02169780479626763}, "datetime": {"datetime": "2021-09-29 08:07:14", "elapsed": 245.951254, "delta": 1.35903}}
{"target": -35.460694839451826, "params": {"C": 22492.49261175088, "gamma": 0.008462609929652969}, "datetime": {"datetime": "2021-09-29 08:07:15", "elapsed": 247.576361, "delta": 1.625107}}
{"target": -34.88696945506865, "params": {"C": 21567.063491336332, "gamma": 0.039561322671944475}, "datetime": {"datetime": "2021-09-29 08:07:17", "elapsed": 248.865362, "delta": 1.289001}}
{"target": -34.788269354983804, "params": {"C": 24219.34919379479, "gamma": 0.034772795522129044}, "datetime": {"datetime": "2021-09-29 08:07:18", "elapsed": 250.347276, "delta": 1.481914}}
{"target": -34.55374397038263, "params": {"C": 23818.967456719038, "gamma": 0.0163993346850539}, "datetime": {"datetime": "2021-09-29 08:07:20", "elapsed": 252.086618, "delta": 1.739342}}
{"target": -35.001916565923686, "params": {"C": 21477.602107298822, "gamma": 0.011660512386692419}, "datetime": {"datetime": "2021-09-29 08:07:21", "elapsed": 253.420145, "delta": 1.333527}}
{"target": -36.1914324901911, "params": {"C": 24056.673171036924, "gamma": 0.0722526301643557}, "datetime": {"datetime": "2021-09-29 08:07:23", "elapsed": 255.164044, "delta": 1.743899}}
{"target": -35.87232262702106, "params": {"C": 24639.696576848477, "gamma": 0.06286405193811949}, "datetime": {"datetime": "2021-09-29 08:07:25", "elapsed": 256.888482, "delta": 1.724438}}
{"target": -34.53420672252172, "params": {"C": 20436.62244983936, "gamma": 0.021878197828366246}, "datetime": {"datetime": "2021-09-29 08:07:26", "elapsed": 258.708306, "delta": 1.819824}}
{"target": -35.15368974058578, "params": {"C": 22492.542044358364, "gamma": 0.047311502670256314}, "datetime": {"datetime": "2021-09-29 08:07:29", "elapsed": 261.150357, "delta": 2.442051}}
{"target": -34.550658450721045, "params": {"C": 21438.9040734914, "gamma": 0.016996246045544262}, "datetime": {"datetime": "2021-09-29 08:07:31", "elapsed": 263.017835, "delta": 1.867478}}
{"target": -35.61971675997112, "params": {"C": 21116.110060835344, "gamma": 0.007673409849882154}, "datetime": {"datetime": "2021-09-29 08:07:33", "elapsed": 264.970888, "delta": 1.953053}}
{"target": -34.858150090628406, "params": {"C": 21228.28595256071, "gamma": 0.03867117726650462}, "datetime": {"datetime": "2021-09-29 08:07:35", "elapsed": 266.779117, "delta": 1.808229}}
{"target": -34.729026378415774, "params": {"C": 21438.918909237083, "gamma": 0.03352421015619497}, "datetime": {"datetime": "2021-09-29 08:07:37", "elapsed": 268.903733, "delta": 2.124616}}
{"target": -34.77846785235019, "params": {"C": 22730.03818389417, "gamma": 0.0350330828651581}, "datetime": {"datetime": "2021-09-29 08:07:38", "elapsed": 270.58985, "delta": 1.686117}}
{"target": -36.34298898239653, "params": {"C": 24519.60942209322, "gamma": 0.07587115812232983}, "datetime": {"datetime": "2021-09-29 08:07:40", "elapsed": 272.339832, "delta": 1.749982}}
{"target": -34.67826156168577, "params": {"C": 22452.987842663657, "gamma": 0.03085457170655192}, "datetime": {"datetime": "2021-09-29 08:07:42", "elapsed": 274.48844, "delta": 2.148608}}
{"target": -34.79688535045396, "params": {"C": 24705.307627949886, "gamma": 0.01317286896673231}, "datetime": {"datetime": "2021-09-29 08:07:45", "elapsed": 276.998713, "delta": 2.510273}}
{"target": -35.19158551098627, "params": {"C": 24827.008643353918, "gamma": 0.009755399135500605}, "datetime": {"datetime": "2021-09-29 08:07:47", "elapsed": 279.072714, "delta": 2.074001}}
{"target": -35.19819264109577, "params": {"C": 22092.320061789538, "gamma": 0.010098668262144632}, "datetime": {"datetime": "2021-09-29 08:07:49", "elapsed": 281.288714, "delta": 2.216}}
{"target": -34.82004638929887, "params": {"C": 23748.986405121894, "gamma": 0.03612448928561036}, "datetime": {"datetime": "2021-09-29 08:07:51", "elapsed": 283.277294, "delta": 1.98858}}
{"target": -35.308759424947326, "params": {"C": 22971.220534661177, "gamma": 0.050615911041410465}, "datetime": {"datetime": "2021-09-29 08:07:53", "elapsed": 285.109927, "delta": 1.832633}}
{"target": -34.78302940935815, "params": {"C": 21620.140809168963, "gamma": 0.0356885687759616}, "datetime": {"datetime": "2021-09-29 08:07:55", "elapsed": 287.056928, "delta": 1.947001}}
{"target": -34.53963371532412, "params": {"C": 22114.722182761692, "gamma": 0.022444584513466436}, "datetime": {"datetime": "2021-09-29 08:07:57", "elapsed": 289.12495, "delta": 2.068022}}
{"target": -36.23545728856613, "params": {"C": 23504.52823987494, "gamma": 0.07438547064892498}, "datetime": {"datetime": "2021-09-29 08:07:59", "elapsed": 291.087901, "delta": 1.962951}}
{"target": -36.249628495968075, "params": {"C": 24725.512983190987, "gamma": 0.0043359199781635134}, "datetime": {"datetime": "2021-09-29 08:08:01", "elapsed": 293.142812, "delta": 2.054911}}
{"target": -34.688474589079256, "params": {"C": 24136.561980429444, "gamma": 0.030948853990529865}, "datetime": {"datetime": "2021-09-29 08:08:03", "elapsed": 295.162745, "delta": 2.019933}}
{"target": -35.05362996767963, "params": {"C": 22593.81759844095, "gamma": 0.044326497355316366}, "datetime": {"datetime": "2021-09-29 08:08:05", "elapsed": 297.281614, "delta": 2.118869}}
{"target": -34.96625410745138, "params": {"C": 21712.105195160526, "gamma": 0.04239363697901511}, "datetime": {"datetime": "2021-09-29 08:08:08", "elapsed": 300.277367, "delta": 2.995753}}
{"target": -35.67912667978227, "params": {"C": 23272.526076766393, "gamma": 0.05964225024313507}, "datetime": {"datetime": "2021-09-29 08:08:10", "elapsed": 302.133388, "delta": 1.856021}}
{"target": -34.924910151914816, "params": {"C": 20869.22873750069, "gamma": 0.04135519901155946}, "datetime": {"datetime": "2021-09-29 08:08:12", "elapsed": 304.522107, "delta": 2.388719}}
{"target": -34.51379943781176, "params": {"C": 24290.008062169014, "gamma": 0.02048988607910124}, "datetime": {"datetime": "2021-09-29 08:08:14", "elapsed": 306.199037, "delta": 1.67693}}
