{"target": -41.69923197633537, "params": {"C": 3828.2178731873996, "gamma": 0.0019142118231686692}, "datetime": {"datetime": "2021-09-29 17:56:22", "elapsed": 16.04088, "delta": 0.47}}
{"target": -43.17944214458166, "params": {"C": 3832.217051818772, "gamma": 0.00067603884172056}, "datetime": {"datetime": "2021-09-29 17:56:22", "elapsed": 16.383881, "delta": 0.343001}}
{"target": -43.258555219666, "params": {"C": 3824.518494670016, "gamma": 0.0006515940768938949}, "datetime": {"datetime": "2021-09-29 17:56:23", "elapsed": 17.035601, "delta": 0.65172}}
{"target": -46.01593475526861, "params": {"C": 1878.5166355142383, "gamma": 0.00034160558553381206}, "datetime": {"datetime": "2021-09-29 17:56:23", "elapsed": 17.445009, "delta": 0.409408}}
{"target": -45.746259551977495, "params": {"C": 1804.7707402422925, "gamma": 0.0004133339879879192}, "datetime": {"datetime": "2021-09-29 17:56:23", "elapsed": 17.849007, "delta": 0.403998}}
{"target": -43.32990359734518, "params": {"C": 1782.3208827123299, "gamma": 0.0013519401545452722}, "datetime": {"datetime": "2021-09-29 17:56:24", "elapsed": 18.252004, "delta": 0.402997}}
{"target": -42.33851071974366, "params": {"C": 3258.692974757603, "gamma": 0.0012714716843084657}, "datetime": {"datetime": "2021-09-29 17:56:24", "elapsed": 18.645009, "delta": 0.393005}}
{"target": -42.83560851661411, "params": {"C": 3264.008870974387, "gamma": 0.000942171174759758}, "datetime": {"datetime": "2021-09-29 17:56:25", "elapsed": 19.142007, "delta": 0.496998}}
{"target": -41.87834796606011, "params": {"C": 3253.2322817866557, "gamma": 0.0018498057302384567}, "datetime": {"datetime": "2021-09-29 17:56:25", "elapsed": 19.543035, "delta": 0.401028}}
{"target": -42.23221542675716, "params": {"C": 3249.062827183435, "gamma": 0.001373807844005564}, "datetime": {"datetime": "2021-09-29 17:56:25", "elapsed": 19.902039, "delta": 0.359004}}
{"target": -41.95646513043133, "params": {"C": 3242.6453455953365, "gamma": 0.0017219387124465474}, "datetime": {"datetime": "2021-09-29 17:56:26", "elapsed": 20.450033, "delta": 0.547994}}
{"target": -45.62169404202079, "params": {"C": 3237.53917637405, "gamma": 0.000248414771336605}, "datetime": {"datetime": "2021-09-29 17:56:26", "elapsed": 20.881038, "delta": 0.431005}}
{"target": -42.20724520726363, "params": {"C": 3272.8758768535267, "gamma": 0.0013885455177802901}, "datetime": {"datetime": "2021-09-29 17:56:27", "elapsed": 21.368695, "delta": 0.487657}}
{"target": -43.72747165363751, "params": {"C": 3277.8817492554026, "gamma": 0.0006045860990584305}, "datetime": {"datetime": "2021-09-29 17:56:27", "elapsed": 21.954445, "delta": 0.58575}}
{"target": -43.780160521974615, "params": {"C": 3269.346116524957, "gamma": 0.0005915160664761975}, "datetime": {"datetime": "2021-09-29 17:56:28", "elapsed": 22.372454, "delta": 0.418009}}
{"target": -43.371726106176126, "params": {"C": 3245.8608348913967, "gamma": 0.0007216768914903697}, "datetime": {"datetime": "2021-09-29 17:56:29", "elapsed": 22.957448, "delta": 0.584994}}
{"target": -42.191273476065014, "params": {"C": 4485.996615385697, "gamma": 0.0010230914425029883}, "datetime": {"datetime": "2021-09-29 17:56:29", "elapsed": 23.572732, "delta": 0.615284}}
{"target": -43.88127116764119, "params": {"C": 2604.0388716373227, "gamma": 0.0007043300551757697}, "datetime": {"datetime": "2021-09-29 17:56:30", "elapsed": 24.166732, "delta": 0.594}}
{"target": -46.244095352012906, "params": {"C": 2536.5030265801174, "gamma": 0.0002212171095583621}, "datetime": {"datetime": "2021-09-29 17:56:30", "elapsed": 24.841749, "delta": 0.675017}}
{"target": -45.02840621110566, "params": {"C": 2059.095115556985, "gamma": 0.000521679803974002}, "datetime": {"datetime": "2021-09-29 17:56:31", "elapsed": 25.254732, "delta": 0.412983}}
{"target": -43.009392406840696, "params": {"C": 2740.0649386384525, "gamma": 0.0010227820282648287}, "datetime": {"datetime": "2021-09-29 17:56:31", "elapsed": 25.688403, "delta": 0.433671}}
{"target": -45.707210333795494, "params": {"C": 2732.1727579817943, "gamma": 0.0002802969139664502}, "datetime": {"datetime": "2021-09-29 17:56:33", "elapsed": 27.030179, "delta": 1.341776}}
{"target": -42.423381978164585, "params": {"C": 2748.012288787296, "gamma": 0.0014340962058002594}, "datetime": {"datetime": "2021-09-29 17:56:34", "elapsed": 28.215915, "delta": 1.185736}}
{"target": -42.34317745546733, "params": {"C": 2753.2157408647104, "gamma": 0.0015106180649871186}, "datetime": {"datetime": "2021-09-29 17:56:34", "elapsed": 28.680919, "delta": 0.465004}}
{"target": -42.54666910581747, "params": {"C": 2758.6119331328327, "gamma": 0.0013203041442879193}, "datetime": {"datetime": "2021-09-29 17:56:35", "elapsed": 29.194923, "delta": 0.514004}}
{"target": -42.67556969850695, "params": {"C": 2764.4884968939923, "gamma": 0.0012190817958150945}, "datetime": {"datetime": "2021-09-29 17:56:35", "elapsed": 29.6944, "delta": 0.499477}}
{"target": -44.328327753216726, "params": {"C": 2770.182845359868, "gamma": 0.0005401851246130449}, "datetime": {"datetime": "2021-09-29 17:56:36", "elapsed": 30.312787, "delta": 0.618387}}
{"target": -42.487151394354484, "params": {"C": 2246.983174560849, "gamma": 0.0017032046131229767}, "datetime": {"datetime": "2021-09-29 17:56:36", "elapsed": 30.906789, "delta": 0.594002}}
{"target": -45.3953585220217, "params": {"C": 2241.8909257466094, "gamma": 0.0004005257505974595}, "datetime": {"datetime": "2021-09-29 17:56:37", "elapsed": 31.407007, "delta": 0.500218}}
{"target": -43.679377979143844, "params": {"C": 2251.418572324931, "gamma": 0.0008947583405161793}, "datetime": {"datetime": "2021-09-29 17:56:37", "elapsed": 31.915635, "delta": 0.508628}}
{"target": -42.84679386530297, "params": {"C": 3108.0639197236114, "gamma": 0.000983085588284588}, "datetime": {"datetime": "2021-09-29 17:56:38", "elapsed": 32.466635, "delta": 0.551}}
{"target": -42.05651348768829, "params": {"C": 3101.8282462223497, "gamma": 0.001653371080790267}, "datetime": {"datetime": "2021-09-29 17:56:39", "elapsed": 33.068635, "delta": 0.602}}
{"target": -41.916064742496715, "params": {"C": 3096.8923308689396, "gamma": 0.0018783160735759967}, "datetime": {"datetime": "2021-09-29 17:56:39", "elapsed": 33.647558, "delta": 0.578923}}
{"target": -42.84354051234942, "params": {"C": 3092.7789975775618, "gamma": 0.000989679845597941}, "datetime": {"datetime": "2021-09-29 17:56:40", "elapsed": 34.173568, "delta": 0.52601}}
{"target": -42.42366640016774, "params": {"C": 3114.863431331789, "gamma": 0.0012588411116312252}, "datetime": {"datetime": "2021-09-29 17:56:40", "elapsed": 34.819556, "delta": 0.645988}}
{"target": -41.931205287084, "params": {"C": 3120.0249245153013, "gamma": 0.001836732036254502}, "datetime": {"datetime": "2021-09-29 17:56:41", "elapsed": 35.366557, "delta": 0.547001}}
{"target": -45.23326815787307, "params": {"C": 3124.1373379963625, "gamma": 0.00031380362514518896}, "datetime": {"datetime": "2021-09-29 17:56:42", "elapsed": 36.150797, "delta": 0.78424}}
{"target": -42.09249499991543, "params": {"C": 3117.661001989327, "gamma": 0.001596469141392224}, "datetime": {"datetime": "2021-09-29 17:56:42", "elapsed": 36.640793, "delta": 0.489996}}
{"target": -42.44256754714939, "params": {"C": 3083.579162778707, "gamma": 0.0012565508203249587}, "datetime": {"datetime": "2021-09-29 17:56:44", "elapsed": 37.956259, "delta": 1.315466}}
{"target": -44.96412679467297, "params": {"C": 3078.383654274923, "gamma": 0.0003628130468671247}, "datetime": {"datetime": "2021-09-29 17:56:45", "elapsed": 39.116261, "delta": 1.160002}}
{"target": -43.1909096410784, "params": {"C": 3087.1369135805776, "gamma": 0.0008278744126876067}, "datetime": {"datetime": "2021-09-29 17:56:45", "elapsed": 39.708416, "delta": 0.592155}}
{"target": -43.20940070822835, "params": {"C": 2923.102816125829, "gamma": 0.0008655983963588931}, "datetime": {"datetime": "2021-09-29 17:56:46", "elapsed": 40.260412, "delta": 0.551996}}
{"target": -44.95421826733308, "params": {"C": 1286.8687601221764, "gamma": 0.0008680783962459592}, "datetime": {"datetime": "2021-09-29 17:56:46", "elapsed": 40.825413, "delta": 0.565001}}
{"target": -41.71646413533507, "params": {"C": 4345.618993681972, "gamma": 0.0016381983382921029}, "datetime": {"datetime": "2021-09-29 17:56:47", "elapsed": 41.373415, "delta": 0.548002}}
{"target": -42.07689366766893, "params": {"C": 4342.0179059772245, "gamma": 0.0011502491171048912}, "datetime": {"datetime": "2021-09-29 17:56:47", "elapsed": 41.932827, "delta": 0.559412}}
{"target": -44.559272157122194, "params": {"C": 4349.295795008794, "gamma": 0.00031501100701003505}, "datetime": {"datetime": "2021-09-29 17:56:48", "elapsed": 42.631827, "delta": 0.699}}
{"target": -41.910747028370196, "params": {"C": 4337.270618578458, "gamma": 0.0013271897827739152}, "datetime": {"datetime": "2021-09-29 17:56:49", "elapsed": 43.298826, "delta": 0.666999}}
{"target": -41.92400553157713, "params": {"C": 4333.694717071245, "gamma": 0.0013120087671827131}, "datetime": {"datetime": "2021-09-29 17:56:49", "elapsed": 43.883353, "delta": 0.584527}}
{"target": -41.88728515252532, "params": {"C": 4329.6619490361445, "gamma": 0.0013596491027407646}, "datetime": {"datetime": "2021-09-29 17:56:50", "elapsed": 44.403359, "delta": 0.520006}}
{"target": -44.17307500933551, "params": {"C": 4325.723141144204, "gamma": 0.000378700551801927}, "datetime": {"datetime": "2021-09-29 17:56:52", "elapsed": 46.339196, "delta": 1.935837}}
{"target": -42.7709091379716, "params": {"C": 2354.0479259645617, "gamma": 0.0013631747018742124}, "datetime": {"datetime": "2021-09-29 17:56:53", "elapsed": 46.979838, "delta": 0.640642}}
{"target": -45.98278657047388, "params": {"C": 2359.8527683584052, "gamma": 0.0002778113794702118}, "datetime": {"datetime": "2021-09-29 17:56:53", "elapsed": 47.556042, "delta": 0.576204}}
{"target": -42.93809387623089, "params": {"C": 2348.8111783541785, "gamma": 0.0012442404366625364}, "datetime": {"datetime": "2021-09-29 17:56:54", "elapsed": 48.053037, "delta": 0.496995}}
{"target": -42.24234214355149, "params": {"C": 2341.1605954805245, "gamma": 0.0019308059266529508}, "datetime": {"datetime": "2021-09-29 17:56:54", "elapsed": 48.637042, "delta": 0.584005}}
{"target": -45.79737999233485, "params": {"C": 2336.5760751477915, "gamma": 0.0003113275360431974}, "datetime": {"datetime": "2021-09-29 17:56:55", "elapsed": 49.18704, "delta": 0.549998}}
{"target": -46.14673279347551, "params": {"C": 2344.5460153224603, "gamma": 0.00025385741702321806}, "datetime": {"datetime": "2021-09-29 17:56:55", "elapsed": 49.732038, "delta": 0.544998}}
{"target": -45.97958176450669, "params": {"C": 3099.3184701482355, "gamma": 0.00021271268896658473}, "datetime": {"datetime": "2021-09-29 17:56:56", "elapsed": 50.366042, "delta": 0.634004}}
{"target": -42.0570631701235, "params": {"C": 3521.869270022762, "gamma": 0.0014462575448826813}, "datetime": {"datetime": "2021-09-29 17:56:56", "elapsed": 50.884039, "delta": 0.517997}}
{"target": -43.043639621745875, "params": {"C": 4508.092792165308, "gamma": 0.0006215233686138374}, "datetime": {"datetime": "2021-09-29 17:56:57", "elapsed": 51.40504, "delta": 0.521001}}
{"target": -42.66089136643539, "params": {"C": 4504.331559570756, "gamma": 0.0007611923678431527}, "datetime": {"datetime": "2021-09-29 17:56:57", "elapsed": 51.934865, "delta": 0.529825}}
{"target": -42.42451611005147, "params": {"C": 4343.871806175713, "gamma": 0.0009045746311952021}, "datetime": {"datetime": "2021-09-29 17:56:58", "elapsed": 52.465864, "delta": 0.530999}}
{"target": -43.13482893156501, "params": {"C": 4331.652553356826, "gamma": 0.0006161835900211132}, "datetime": {"datetime": "2021-09-29 17:56:59", "elapsed": 53.071865, "delta": 0.606001}}
{"target": -43.432456184462545, "params": {"C": 4335.450455750046, "gamma": 0.0005330524596304238}, "datetime": {"datetime": "2021-09-29 17:56:59", "elapsed": 53.59962, "delta": 0.527755}}
{"target": -41.68479966913452, "params": {"C": 4501.749073951874, "gamma": 0.0016478213629786576}, "datetime": {"datetime": "2021-09-29 17:57:00", "elapsed": 54.213615, "delta": 0.613995}}
{"target": -45.23785420677305, "params": {"C": 4470.046484717446, "gamma": 0.00022112979217826553}, "datetime": {"datetime": "2021-09-29 17:57:01", "elapsed": 55.764139, "delta": 1.550524}}
{"target": -42.15837889590833, "params": {"C": 4472.963315053464, "gamma": 0.00105052887190326}, "datetime": {"datetime": "2021-09-29 17:57:02", "elapsed": 56.374139, "delta": 0.61}}
{"target": -44.98430179149962, "params": {"C": 3826.885806566831, "gamma": 0.00029110232956445245}, "datetime": {"datetime": "2021-09-29 17:57:02", "elapsed": 56.936879, "delta": 0.56274}}
{"target": -42.26644139679028, "params": {"C": 3829.3850010068722, "gamma": 0.0011341566558932766}, "datetime": {"datetime": "2021-09-29 17:57:03", "elapsed": 57.552888, "delta": 0.616009}}
{"target": -41.95780023046277, "params": {"C": 3118.7025188709877, "gamma": 0.001792502719791731}, "datetime": {"datetime": "2021-09-29 17:57:04", "elapsed": 58.322278, "delta": 0.76939}}
{"target": -42.65589030158681, "params": {"C": 3095.6039211426414, "gamma": 0.0010987814549249198}, "datetime": {"datetime": "2021-09-29 17:57:05", "elapsed": 59.085278, "delta": 0.763}}
{"target": -43.91502865639148, "params": {"C": 3251.751034650187, "gamma": 0.000558828213876286}, "datetime": {"datetime": "2021-09-29 17:57:06", "elapsed": 60.007197, "delta": 0.921919}}
{"target": -44.980465011258055, "params": {"C": 4475.3514953286185, "gamma": 0.00025082794522905986}, "datetime": {"datetime": "2021-09-29 17:57:06", "elapsed": 60.612197, "delta": 0.605}}
{"target": -43.15496958376885, "params": {"C": 3524.5645676768577, "gamma": 0.0007410928773848018}, "datetime": {"datetime": "2021-09-29 17:57:07", "elapsed": 61.304196, "delta": 0.691999}}
{"target": -42.19180778113787, "params": {"C": 3520.775521048917, "gamma": 0.001302491544268689}, "datetime": {"datetime": "2021-09-29 17:57:08", "elapsed": 62.420597, "delta": 1.116401}}
{"target": -41.87639296068872, "params": {"C": 3254.296499988849, "gamma": 0.0018528078247641766}, "datetime": {"datetime": "2021-09-29 17:57:09", "elapsed": 63.507596, "delta": 1.086999}}
{"target": -41.630705431983536, "params": {"C": 4233.840662371405, "gamma": 0.0019059137038741334}, "datetime": {"datetime": "2021-09-29 17:57:10", "elapsed": 64.175542, "delta": 0.667946}}
{"target": -43.67035984182094, "params": {"C": 4487.390681092983, "gamma": 0.0004616562496819049}, "datetime": {"datetime": "2021-09-29 17:57:10", "elapsed": 64.944298, "delta": 0.768756}}
{"target": -43.583625778760045, "params": {"C": 4477.903556122348, "gamma": 0.0004817119124383145}, "datetime": {"datetime": "2021-09-29 17:57:11", "elapsed": 65.584299, "delta": 0.640001}}
{"target": -42.559362058747524, "params": {"C": 4511.158620413724, "gamma": 0.0008052611115504764}, "datetime": {"datetime": "2021-09-29 17:57:12", "elapsed": 66.453859, "delta": 0.86956}}
{"target": -41.9512374867937, "params": {"C": 4346.610500686709, "gamma": 0.001276120242117123}, "datetime": {"datetime": "2021-09-29 17:57:13", "elapsed": 67.12553, "delta": 0.671671}}
{"target": -42.2754259440974, "params": {"C": 4338.3523421679265, "gamma": 0.0009970388216284163}, "datetime": {"datetime": "2021-09-29 17:57:13", "elapsed": 67.808664, "delta": 0.683134}}
{"target": -41.86954537079301, "params": {"C": 3518.616079463614, "gamma": 0.001717541096658261}, "datetime": {"datetime": "2021-09-29 17:57:14", "elapsed": 68.678659, "delta": 0.869995}}
{"target": -44.49060327816043, "params": {"C": 3531.783897302178, "gamma": 0.0003966873113940689}, "datetime": {"datetime": "2021-09-29 17:57:15", "elapsed": 69.306662, "delta": 0.628003}}
{"target": -45.18725307597247, "params": {"C": 3517.351184866042, "gamma": 0.0002860804675366724}, "datetime": {"datetime": "2021-09-29 17:57:15", "elapsed": 69.939767, "delta": 0.633105}}
{"target": -44.159250344753346, "params": {"C": 3533.884504216851, "gamma": 0.00046154102871469424}, "datetime": {"datetime": "2021-09-29 17:57:16", "elapsed": 70.518805, "delta": 0.579038}}
{"target": -42.14069996139537, "params": {"C": 4502.560879890342, "gamma": 0.001057422014460886}, "datetime": {"datetime": "2021-09-29 17:57:17", "elapsed": 71.163768, "delta": 0.644963}}
{"target": -45.26216067609493, "params": {"C": 3739.9391655397203, "gamma": 0.00025968811093113163}, "datetime": {"datetime": "2021-09-29 17:57:17", "elapsed": 71.78699, "delta": 0.623222}}
{"target": -42.61939423321182, "params": {"C": 4472.023682791758, "gamma": 0.0007843990619771878}, "datetime": {"datetime": "2021-09-29 17:57:18", "elapsed": 72.28663, "delta": 0.49964}}
{"target": -41.79781124925701, "params": {"C": 4345.546462915319, "gamma": 0.0014859792742302246}, "datetime": {"datetime": "2021-09-29 17:57:18", "elapsed": 72.885631, "delta": 0.599001}}
{"target": -42.89609319873273, "params": {"C": 1541.5022580122454, "gamma": 0.001999360148483306}, "datetime": {"datetime": "2021-09-29 17:57:19", "elapsed": 73.45863, "delta": 0.572999}}
{"target": -41.66402066481578, "params": {"C": 4233.690882626968, "gamma": 0.001810301118451405}, "datetime": {"datetime": "2021-09-29 17:57:20", "elapsed": 74.203242, "delta": 0.744612}}
{"target": -41.788145685540314, "params": {"C": 4502.8843717807595, "gamma": 0.001447913625764614}, "datetime": {"datetime": "2021-09-29 17:57:21", "elapsed": 74.964245, "delta": 0.761003}}
{"target": -43.44313841120065, "params": {"C": 3075.0583950315336, "gamma": 0.0007349382784845496}, "datetime": {"datetime": "2021-09-29 17:57:21", "elapsed": 75.593246, "delta": 0.629001}}
{"target": -41.59463304841412, "params": {"C": 4472.25989836515, "gamma": 0.001916952143765581}, "datetime": {"datetime": "2021-09-29 17:57:22", "elapsed": 76.238608, "delta": 0.645362}}
{"target": -41.944218222203325, "params": {"C": 3828.4397862208057, "gamma": 0.0014627676563379614}, "datetime": {"datetime": "2021-09-29 17:57:22", "elapsed": 76.886839, "delta": 0.648231}}
{"target": -43.138042359891436, "params": {"C": 2590.2502760184566, "gamma": 0.0010127252922359508}, "datetime": {"datetime": "2021-09-29 17:57:23", "elapsed": 77.552836, "delta": 0.665997}}
{"target": -42.84651747024729, "params": {"C": 4232.46234197006, "gamma": 0.0007294516612950778}, "datetime": {"datetime": "2021-09-29 17:57:24", "elapsed": 78.352837, "delta": 0.800001}}
{"target": -44.16849380227862, "params": {"C": 1437.3439504678531, "gamma": 0.001125780543593624}, "datetime": {"datetime": "2021-09-29 17:57:24", "elapsed": 78.916834, "delta": 0.563997}}
{"target": -41.64922960990436, "params": {"C": 4506.3083808910305, "gamma": 0.0017344074415829157}, "datetime": {"datetime": "2021-09-29 17:57:25", "elapsed": 79.529838, "delta": 0.613004}}
{"target": -41.733283403434754, "params": {"C": 3523.7320188567087, "gamma": 0.0019982990918607415}, "datetime": {"datetime": "2021-09-29 17:57:26", "elapsed": 80.159294, "delta": 0.629456}}
{"target": -41.93587660138438, "params": {"C": 4501.5033564864325, "gamma": 0.0012490008463562057}, "datetime": {"datetime": "2021-09-29 17:57:26", "elapsed": 80.939296, "delta": 0.780002}}
{"target": -42.148841609978035, "params": {"C": 3532.8335046508523, "gamma": 0.0013404312735818785}, "datetime": {"datetime": "2021-09-29 17:57:27", "elapsed": 81.781949, "delta": 0.842653}}
{"target": -42.39801147777765, "params": {"C": 3252.9604966149063, "gamma": 0.0012243858812939475}, "datetime": {"datetime": "2021-09-29 17:57:28", "elapsed": 82.741556, "delta": 0.959607}}
{"target": -42.473404313249375, "params": {"C": 3520.167286611892, "gamma": 0.0010775565859573112}, "datetime": {"datetime": "2021-09-29 17:57:29", "elapsed": 83.54755, "delta": 0.805994}}
{"target": -43.6567161535407, "params": {"C": 2771.5071723299425, "gamma": 0.0007353832423772199}, "datetime": {"datetime": "2021-09-29 17:57:30", "elapsed": 84.283773, "delta": 0.736223}}
{"target": -45.30874395333446, "params": {"C": 4232.988668407284, "gamma": 0.00022493421981695572}, "datetime": {"datetime": "2021-09-29 17:57:31", "elapsed": 85.123771, "delta": 0.839998}}
{"target": -41.72661412599802, "params": {"C": 4510.340244633826, "gamma": 0.0015554654126191786}, "datetime": {"datetime": "2021-09-29 17:57:31", "elapsed": 85.897934, "delta": 0.774163}}
{"target": -44.58784494597095, "params": {"C": 4930.017517494327, "gamma": 0.0002759363472768821}, "datetime": {"datetime": "2021-09-29 17:57:32", "elapsed": 86.503931, "delta": 0.605997}}
{"target": -42.05047487159208, "params": {"C": 4345.540344145267, "gamma": 0.0011736735480557326}, "datetime": {"datetime": "2021-09-29 17:57:33", "elapsed": 87.16553, "delta": 0.661599}}
{"target": -42.70803573673038, "params": {"C": 4510.244792391633, "gamma": 0.0007406919538805074}, "datetime": {"datetime": "2021-09-29 17:57:34", "elapsed": 88.105986, "delta": 0.940456}}
{"target": -42.61418362404716, "params": {"C": 3523.4209167310705, "gamma": 0.0009892473177638226}, "datetime": {"datetime": "2021-09-29 17:57:35", "elapsed": 89.285988, "delta": 1.180002}}
{"target": -42.42854514218751, "params": {"C": 4501.856395761923, "gamma": 0.0008722741857490973}, "datetime": {"datetime": "2021-09-29 17:57:36", "elapsed": 90.045162, "delta": 0.759174}}
{"target": -41.80343034480005, "params": {"C": 3532.9546565922788, "gamma": 0.00183461742045457}, "datetime": {"datetime": "2021-09-29 17:57:37", "elapsed": 91.730162, "delta": 1.685}}
{"target": -41.89099934206352, "params": {"C": 4502.971682732528, "gamma": 0.0013017723757893461}, "datetime": {"datetime": "2021-09-29 17:57:39", "elapsed": 93.352883, "delta": 1.622721}}
{"target": -44.30903428868341, "params": {"C": 4472.185073369052, "gamma": 0.00034467516775715454}, "datetime": {"datetime": "2021-09-29 17:57:40", "elapsed": 94.223169, "delta": 0.870286}}
{"target": -41.78763568389384, "params": {"C": 3828.294103256721, "gamma": 0.0017159363687817325}, "datetime": {"datetime": "2021-09-29 17:57:41", "elapsed": 95.047163, "delta": 0.823994}}
