{"target": -36.34424068103047, "params": {"C": 3604.1982518846835, "gamma": 0.0030749464287282303}, "datetime": {"datetime": "2021-09-28 15:49:23", "elapsed": 1168.070815, "delta": 4.11024}}
{"target": -35.20082759257061, "params": {"C": 3999.255675785779, "gamma": 0.04997357510969033}, "datetime": {"datetime": "2021-09-28 15:49:28", "elapsed": 1173.248256, "delta": 5.177441}}
{"target": -35.15106267545912, "params": {"C": 3999.263217652047, "gamma": 0.020941932280343946}, "datetime": {"datetime": "2021-09-28 15:49:34", "elapsed": 1178.73742, "delta": 5.489164}}
{"target": -35.131387003709435, "params": {"C": 3887.5764141050986, "gamma": 0.04390221337883554}, "datetime": {"datetime": "2021-09-28 15:49:41", "elapsed": 1186.046023, "delta": 7.308603}}
{"target": -35.056206178919325, "params": {"C": 3874.144187621245, "gamma": 0.033871375426347446}, "datetime": {"datetime": "2021-09-28 15:49:46", "elapsed": 1190.670555, "delta": 4.624532}}
{"target": -36.126826693085064, "params": {"C": 3986.153705253579, "gamma": 0.0046984498589329685}, "datetime": {"datetime": "2021-09-28 15:49:49", "elapsed": 1194.258905, "delta": 3.58835}}
{"target": -35.195444118057665, "params": {"C": 3326.360549297275, "gamma": 0.03872112598351926}, "datetime": {"datetime": "2021-09-28 15:49:53", "elapsed": 1197.426115, "delta": 3.16721}}
{"target": -35.14392809069324, "params": {"C": 3429.5575706581194, "gamma": 0.034975333157968545}, "datetime": {"datetime": "2021-09-28 15:49:56", "elapsed": 1200.585133, "delta": 3.159018}}
{"target": -35.769595665404, "params": {"C": 3999.3062335996046, "gamma": 0.00871566236090841}, "datetime": {"datetime": "2021-09-28 15:50:00", "elapsed": 1205.15704, "delta": 4.571907}}
{"target": -35.18146209159689, "params": {"C": 3182.689263278549, "gamma": 0.027780574417584646}, "datetime": {"datetime": "2021-09-28 15:50:04", "elapsed": 1208.741856, "delta": 3.584816}}
{"target": -35.35126776254104, "params": {"C": 3604.2111756523595, "gamma": 0.05506549396831433}, "datetime": {"datetime": "2021-09-28 15:50:10", "elapsed": 1214.55173, "delta": 5.809874}}
{"target": -35.10285654527428, "params": {"C": 3943.82496881782, "gamma": 0.041931894136754425}, "datetime": {"datetime": "2021-09-28 15:50:18", "elapsed": 1222.738663, "delta": 8.186933}}
{"target": -35.24556224029409, "params": {"C": 3852.906665065592, "gamma": 0.05121494207981601}, "datetime": {"datetime": "2021-09-28 15:50:24", "elapsed": 1228.700606, "delta": 5.961943}}
{"target": -35.25040330312896, "params": {"C": 3352.737549207505, "gamma": 0.02024245019173968}, "datetime": {"datetime": "2021-09-28 15:50:29", "elapsed": 1233.917416, "delta": 5.21681}}
{"target": -36.146045030457664, "params": {"C": 3943.8051411490533, "gamma": 0.00452688008377831}, "datetime": {"datetime": "2021-09-28 15:50:37", "elapsed": 1241.796963, "delta": 7.879547}}
{"target": -35.13046082221909, "params": {"C": 3448.489198698547, "gamma": 0.02942777776432996}, "datetime": {"datetime": "2021-09-28 15:50:44", "elapsed": 1248.460276, "delta": 6.663313}}
{"target": -35.31142277361892, "params": {"C": 3999.2804854571755, "gamma": 0.056746760131086704}, "datetime": {"datetime": "2021-09-28 15:50:50", "elapsed": 1254.522733, "delta": 6.062457}}
{"target": -35.04562913347948, "params": {"C": 3965.385564552631, "gamma": 0.030143464376579446}, "datetime": {"datetime": "2021-09-28 15:51:00", "elapsed": 1264.559544, "delta": 10.036811}}
{"target": -35.33006529596099, "params": {"C": 3874.1325517871096, "gamma": 0.01636722881596232}, "datetime": {"datetime": "2021-09-28 15:51:05", "elapsed": 1269.549, "delta": 4.989456}}
{"target": -35.1915990882393, "params": {"C": 3413.225202276824, "gamma": 0.04016831503121516}, "datetime": {"datetime": "2021-09-28 15:51:14", "elapsed": 1278.73122, "delta": 9.18222}}
{"target": -35.36820864240095, "params": {"C": 3874.12945548857, "gamma": 0.05877355822665708}, "datetime": {"datetime": "2021-09-28 15:51:21", "elapsed": 1286.045604, "delta": 7.314384}}
{"target": -35.20913007201615, "params": {"C": 3886.384898055226, "gamma": 0.04917220661215228}, "datetime": {"datetime": "2021-09-28 15:51:33", "elapsed": 1297.412566, "delta": 11.366962}}
{"target": -35.32348624538592, "params": {"C": 3413.2559512181847, "gamma": 0.05077401694751895}, "datetime": {"datetime": "2021-09-28 15:51:37", "elapsed": 1301.5714, "delta": 4.158834}}
{"target": -35.20114879709816, "params": {"C": 3325.414809758113, "gamma": 0.023307097821808162}, "datetime": {"datetime": "2021-09-28 15:51:40", "elapsed": 1305.180975, "delta": 3.609575}}
{"target": -36.02358562444346, "params": {"C": 3794.645687706298, "gamma": 0.005825417709356118}, "datetime": {"datetime": "2021-09-28 15:51:45", "elapsed": 1309.490655, "delta": 4.30968}}
{"target": -35.14213824405617, "params": {"C": 3717.9473494561335, "gamma": 0.04143128394912951}, "datetime": {"datetime": "2021-09-28 15:51:48", "elapsed": 1312.932739, "delta": 3.442084}}
{"target": -35.244775729668014, "params": {"C": 3730.350293947482, "gamma": 0.01833893716426472}, "datetime": {"datetime": "2021-09-28 15:51:51", "elapsed": 1316.18873, "delta": 3.255991}}
{"target": -35.046181759156646, "params": {"C": 3943.775261344984, "gamma": 0.031842017810498974}, "datetime": {"datetime": "2021-09-28 15:51:58", "elapsed": 1322.643599, "delta": 6.454869}}
{"target": -35.66822760998777, "params": {"C": 3862.1623118491993, "gamma": 0.07347130494853897}, "datetime": {"datetime": "2021-09-28 15:52:01", "elapsed": 1326.03568, "delta": 3.392081}}
{"target": -35.106655678819784, "params": {"C": 3794.9460503363, "gamma": 0.03901519205658531}, "datetime": {"datetime": "2021-09-28 15:52:06", "elapsed": 1330.655238, "delta": 4.619558}}
{"target": -35.12328725959766, "params": {"C": 3896.919447494114, "gamma": 0.022920278733013555}, "datetime": {"datetime": "2021-09-28 15:52:13", "elapsed": 1337.337402, "delta": 6.682164}}
{"target": -35.056380861544525, "params": {"C": 3943.844135594782, "gamma": 0.02890839213940044}, "datetime": {"datetime": "2021-09-28 15:52:22", "elapsed": 1346.547852, "delta": 9.21045}}
{"target": -35.463103232342185, "params": {"C": 3941.950427308613, "gamma": 0.06413777620103844}, "datetime": {"datetime": "2021-09-28 15:52:31", "elapsed": 1356.217627, "delta": 9.669775}}
{"target": -35.52359224337182, "params": {"C": 3717.9532806744787, "gamma": 0.06503026658781812}, "datetime": {"datetime": "2021-09-28 15:52:37", "elapsed": 1361.498362, "delta": 5.280735}}
{"target": -35.047999870623215, "params": {"C": 3965.444585645179, "gamma": 0.029584547574491558}, "datetime": {"datetime": "2021-09-28 15:52:42", "elapsed": 1366.730552, "delta": 5.23219}}
{"target": -35.088651512910616, "params": {"C": 3849.2730058551006, "gamma": 0.02664411271945605}, "datetime": {"datetime": "2021-09-28 15:52:48", "elapsed": 1373.186193, "delta": 6.455641}}
{"target": -35.43045906803751, "params": {"C": 3604.858553349028, "gamma": 0.05924428614539736}, "datetime": {"datetime": "2021-09-28 15:52:55", "elapsed": 1379.583321, "delta": 6.397128}}
{"target": -35.07197971180218, "params": {"C": 3792.389857385786, "gamma": 0.030003230803886526}, "datetime": {"datetime": "2021-09-28 15:53:04", "elapsed": 1388.938611, "delta": 9.35529}}
{"target": -35.1362776294501, "params": {"C": 3792.4071080880267, "gamma": 0.023022897504006604}, "datetime": {"datetime": "2021-09-28 15:53:10", "elapsed": 1394.508531, "delta": 5.56992}}
{"target": -35.17773075929153, "params": {"C": 3587.7483615006604, "gamma": 0.04246965904989585}, "datetime": {"datetime": "2021-09-28 15:53:14", "elapsed": 1398.392766, "delta": 3.884235}}
{"target": -35.233008972085564, "params": {"C": 3943.7590126915775, "gamma": 0.018071800413198332}, "datetime": {"datetime": "2021-09-28 15:53:20", "elapsed": 1404.32772, "delta": 5.934954}}
{"target": -35.112061274557725, "params": {"C": 3887.6908537166646, "gamma": 0.023677843544602756}, "datetime": {"datetime": "2021-09-28 15:53:29", "elapsed": 1414.01834, "delta": 9.69062}}
{"target": -35.31909648302847, "params": {"C": 3702.1675157890977, "gamma": 0.01686866825518755}, "datetime": {"datetime": "2021-09-28 15:53:33", "elapsed": 1417.777257, "delta": 3.758917}}
{"target": -35.468736043022425, "params": {"C": 3792.3778640318224, "gamma": 0.06301639007214103}, "datetime": {"datetime": "2021-09-28 15:53:39", "elapsed": 1423.410312, "delta": 5.633055}}
{"target": -35.13233392777357, "params": {"C": 3942.834778250409, "gamma": 0.04461104079522469}, "datetime": {"datetime": "2021-09-28 15:53:49", "elapsed": 1434.058464, "delta": 10.648152}}
{"target": -35.2591322220228, "params": {"C": 3890.656989587843, "gamma": 0.052593390680678725}, "datetime": {"datetime": "2021-09-28 15:53:55", "elapsed": 1439.934547, "delta": 5.876083}}
{"target": -35.13023020103513, "params": {"C": 3429.5346539418606, "gamma": 0.03180548497710572}, "datetime": {"datetime": "2021-09-28 15:54:05", "elapsed": 1449.420783, "delta": 9.486236}}
{"target": -35.06234712799518, "params": {"C": 3943.8704668757273, "gamma": 0.03679100343630091}, "datetime": {"datetime": "2021-09-28 15:54:12", "elapsed": 1456.975384, "delta": 7.554601}}
{"target": -35.34552370993215, "params": {"C": 3713.8963730958494, "gamma": 0.055874042877724614}, "datetime": {"datetime": "2021-09-28 15:54:18", "elapsed": 1462.464164, "delta": 5.48878}}
{"target": -35.26544891342186, "params": {"C": 3943.857451507192, "gamma": 0.053527237188603534}, "datetime": {"datetime": "2021-09-28 15:54:26", "elapsed": 1470.716793, "delta": 8.252629}}
{"target": -36.38189034577468, "params": {"C": 3429.532557784055, "gamma": 0.0030083785711849196}, "datetime": {"datetime": "2021-09-28 15:54:34", "elapsed": 1478.427064, "delta": 7.710271}}
{"target": -35.55337243038, "params": {"C": 3429.5458793839043, "gamma": 0.06355622832081584}, "datetime": {"datetime": "2021-09-28 15:54:42", "elapsed": 1486.62045, "delta": 8.193386}}
{"target": -35.82933083070282, "params": {"C": 3537.953916725307, "gamma": 0.07741127297080515}, "datetime": {"datetime": "2021-09-28 15:54:46", "elapsed": 1490.397282, "delta": 3.776832}}
{"target": -35.18848566608665, "params": {"C": 3589.8279016004203, "gamma": 0.021759114236272453}, "datetime": {"datetime": "2021-09-28 15:54:50", "elapsed": 1494.547669, "delta": 4.150387}}
{"target": -36.11263214036025, "params": {"C": 4771.320643266746, "gamma": 0.004597900100673916}, "datetime": {"datetime": "2021-09-28 16:11:28", "elapsed": 0.0, "delta": 0.0}}
{"target": -35.28667031201705, "params": {"C": 4633.648234926275, "gamma": 0.06065789895547311}, "datetime": {"datetime": "2021-09-28 16:11:29", "elapsed": 0.194142, "delta": 0.194142}}
{"target": -35.10590703632094, "params": {"C": 4498.507012302591, "gamma": 0.02030934170587527}, "datetime": {"datetime": "2021-09-28 16:11:29", "elapsed": 0.380141, "delta": 0.185999}}
{"target": -35.36677883548104, "params": {"C": 4198.062864759624, "gamma": 0.06156086483931982}, "datetime": {"datetime": "2021-09-28 16:11:29", "elapsed": 0.559139, "delta": 0.178998}}
{"target": -35.097998020888795, "params": {"C": 4499.859092457517, "gamma": 0.04863940587440376}, "datetime": {"datetime": "2021-09-28 16:11:29", "elapsed": 0.856142, "delta": 0.297003}}
{"target": -36.31466195098029, "params": {"C": 4000.0, "gamma": 0.003}, "datetime": {"datetime": "2021-09-28 16:11:30", "elapsed": 1.263751, "delta": 0.407609}}
{"target": -36.27049110056142, "params": {"C": 5000.0, "gamma": 0.003}, "datetime": {"datetime": "2021-09-28 16:11:30", "elapsed": 1.695754, "delta": 0.432003}}
{"target": -35.74447303427633, "params": {"C": 4317.687311249004, "gamma": 0.08}, "datetime": {"datetime": "2021-09-28 16:11:31", "elapsed": 2.172714, "delta": 0.47696}}
{"target": -36.28424210236295, "params": {"C": 4567.217250426601, "gamma": 0.003}, "datetime": {"datetime": "2021-09-28 16:11:31", "elapsed": 2.618718, "delta": 0.446004}}
{"target": -35.70577215849988, "params": {"C": 4670.18027185207, "gamma": 0.08}, "datetime": {"datetime": "2021-09-28 16:11:31", "elapsed": 3.037716, "delta": 0.418998}}
{"target": -36.30218477331988, "params": {"C": 4158.292117474261, "gamma": 0.003}, "datetime": {"datetime": "2021-09-28 16:11:32", "elapsed": 3.522716, "delta": 0.485}}
{"target": -35.39415281767456, "params": {"C": 4227.345900733988, "gamma": 0.06311477550803407}, "datetime": {"datetime": "2021-09-28 16:11:32", "elapsed": 3.960716, "delta": 0.438}}
{"target": -35.725199879932866, "params": {"C": 4455.226536324454, "gamma": 0.08}, "datetime": {"datetime": "2021-09-28 16:11:33", "elapsed": 4.316435, "delta": 0.355719}}
{"target": -35.1684497525156, "params": {"C": 4266.293887579151, "gamma": 0.0508571964022178}, "datetime": {"datetime": "2021-09-28 16:11:33", "elapsed": 4.717432, "delta": 0.400997}}
{"target": -35.05043085175893, "params": {"C": 4883.382650967247, "gamma": 0.049060415132935575}, "datetime": {"datetime": "2021-09-28 16:11:34", "elapsed": 5.127435, "delta": 0.410003}}
{"target": -35.520741405147874, "params": {"C": 4911.251133687583, "gamma": 0.07320429495083418}, "datetime": {"datetime": "2021-09-28 16:11:34", "elapsed": 5.505432, "delta": 0.377997}}
{"target": -35.636196436011325, "params": {"C": 4856.026385450648, "gamma": 0.07775953313198732}, "datetime": {"datetime": "2021-09-28 16:11:34", "elapsed": 5.937432, "delta": 0.432}}
{"target": -35.268923570168795, "params": {"C": 4386.363829949279, "gamma": 0.057768536784773256}, "datetime": {"datetime": "2021-09-28 16:11:35", "elapsed": 6.370234, "delta": 0.432802}}
{"target": -35.73059021180413, "params": {"C": 4412.567256885, "gamma": 0.08}, "datetime": {"datetime": "2021-09-28 16:11:35", "elapsed": 6.707234, "delta": 0.337}}
{"target": -35.14812591886256, "params": {"C": 4361.0295986415595, "gamma": 0.019333647890334472}, "datetime": {"datetime": "2021-09-28 16:11:36", "elapsed": 7.103234, "delta": 0.396}}
{"target": -35.78079382067067, "params": {"C": 4078.6783327348776, "gamma": 0.08}, "datetime": {"datetime": "2021-09-28 16:11:36", "elapsed": 7.505231, "delta": 0.401997}}
{"target": -36.27898272716867, "params": {"C": 4715.793620592588, "gamma": 0.003}, "datetime": {"datetime": "2021-09-28 16:11:36", "elapsed": 7.940234, "delta": 0.435003}}
{"target": -36.28588679838874, "params": {"C": 4524.040931969533, "gamma": 0.003}, "datetime": {"datetime": "2021-09-28 16:11:37", "elapsed": 8.413235, "delta": 0.473001}}
{"target": -36.297700768826125, "params": {"C": 4249.419845219106, "gamma": 0.003}, "datetime": {"datetime": "2021-09-28 16:11:37", "elapsed": 8.733235, "delta": 0.32}}
{"target": -35.12284305777649, "params": {"C": 4892.097302500859, "gamma": 0.053360922889474284}, "datetime": {"datetime": "2021-09-28 16:11:38", "elapsed": 9.179235, "delta": 0.446}}
{"target": -34.99295983973324, "params": {"C": 4372.860290684944, "gamma": 0.03280864455471618}, "datetime": {"datetime": "2021-09-28 16:11:38", "elapsed": 9.623239, "delta": 0.444004}}
{"target": -35.54713361004324, "params": {"C": 4280.293565035655, "gamma": 0.07094062532794411}, "datetime": {"datetime": "2021-09-28 16:11:38", "elapsed": 10.021234, "delta": 0.397995}}
{"target": -34.97584335204342, "params": {"C": 4616.583754824827, "gamma": 0.03946983010790568}, "datetime": {"datetime": "2021-09-28 16:11:39", "elapsed": 10.474108, "delta": 0.452874}}
{"target": -35.26874923687833, "params": {"C": 4603.543017604102, "gamma": 0.05942926597352728}, "datetime": {"datetime": "2021-09-28 16:11:39", "elapsed": 10.883106, "delta": 0.408998}}
{"target": -35.4289640023177, "params": {"C": 4212.995852037404, "gamma": 0.06468482349886788}, "datetime": {"datetime": "2021-09-28 16:11:40", "elapsed": 11.270808, "delta": 0.387702}}
{"target": -35.665787715512145, "params": {"C": 4945.570837553676, "gamma": 0.07930742503414095}, "datetime": {"datetime": "2021-09-28 16:11:40", "elapsed": 11.644813, "delta": 0.374005}}
{"target": -35.74065689808064, "params": {"C": 4343.567193128558, "gamma": 0.08}, "datetime": {"datetime": "2021-09-28 16:11:40", "elapsed": 12.049811, "delta": 0.404998}}
{"target": -36.27565579409704, "params": {"C": 4819.557940872662, "gamma": 0.003}, "datetime": {"datetime": "2021-09-28 16:11:41", "elapsed": 12.412775, "delta": 0.362964}}
{"target": -36.30466962827988, "params": {"C": 4113.519959522059, "gamma": 0.003}, "datetime": {"datetime": "2021-09-28 16:11:41", "elapsed": 12.850775, "delta": 0.438}}
{"target": -35.48433698996058, "params": {"C": 4045.131978617771, "gamma": 0.06602135247949047}, "datetime": {"datetime": "2021-09-28 16:11:42", "elapsed": 13.28977, "delta": 0.438995}}
{"target": -34.98916822855522, "params": {"C": 4478.783695877182, "gamma": 0.03795562192792795}, "datetime": {"datetime": "2021-09-28 16:11:42", "elapsed": 13.778778, "delta": 0.489008}}
{"target": -35.126513929739716, "params": {"C": 4872.0455965749425, "gamma": 0.053424948856975935}, "datetime": {"datetime": "2021-09-28 16:11:43", "elapsed": 14.163774, "delta": 0.384996}}
{"target": -35.18825209967581, "params": {"C": 4968.38739998072, "gamma": 0.057571576366974554}, "datetime": {"datetime": "2021-09-28 16:11:43", "elapsed": 14.571045, "delta": 0.407271}}
{"target": -36.28123598725511, "params": {"C": 4650.033955024793, "gamma": 0.003}, "datetime": {"datetime": "2021-09-28 16:11:43", "elapsed": 15.075045, "delta": 0.504}}
{"target": -35.60871726796538, "params": {"C": 4624.315662549693, "gamma": 0.011037441421117157}, "datetime": {"datetime": "2021-09-28 16:11:44", "elapsed": 15.499049, "delta": 0.424004}}
{"target": -35.61818581982654, "params": {"C": 4486.644368183235, "gamma": 0.07557016800760058}, "datetime": {"datetime": "2021-09-28 16:11:44", "elapsed": 15.935046, "delta": 0.435997}}
{"target": -34.99925254445709, "params": {"C": 4471.215568616406, "gamma": 0.04068568522228251}, "datetime": {"datetime": "2021-09-28 16:11:45", "elapsed": 16.370129, "delta": 0.435083}}
{"target": -35.47790962313032, "params": {"C": 4610.938859133266, "gamma": 0.07002790829312883}, "datetime": {"datetime": "2021-09-28 16:11:45", "elapsed": 16.871128, "delta": 0.500999}}
{"target": -35.73717537329092, "params": {"C": 4367.309955905682, "gamma": 0.08}, "datetime": {"datetime": "2021-09-28 16:11:46", "elapsed": 17.37113, "delta": 0.500002}}
{"target": -35.613945372044675, "params": {"C": 4377.934664951418, "gamma": 0.07468971750783622}, "datetime": {"datetime": "2021-09-28 16:11:46", "elapsed": 17.79113, "delta": 0.42}}
{"target": -34.980886985415474, "params": {"C": 4474.944586116558, "gamma": 0.03097046676539144}, "datetime": {"datetime": "2021-09-28 16:11:47", "elapsed": 18.271355, "delta": 0.480225}}
{"target": -35.03961825925282, "params": {"C": 4877.625539361113, "gamma": 0.04834649047724373}, "datetime": {"datetime": "2021-09-28 16:11:47", "elapsed": 18.712353, "delta": 0.440998}}
{"target": -35.4249261711485, "params": {"C": 4355.542488473234, "gamma": 0.01409967003024315}, "datetime": {"datetime": "2021-09-28 16:11:48", "elapsed": 19.172351, "delta": 0.459998}}
{"target": -35.22103565303508, "params": {"C": 4898.384120005589, "gamma": 0.05891311050475608}, "datetime": {"datetime": "2021-09-28 16:11:48", "elapsed": 19.694352, "delta": 0.522001}}
{"target": -34.98191825979233, "params": {"C": 4465.596987600194, "gamma": 0.031011847378578275}, "datetime": {"datetime": "2021-09-28 16:11:49", "elapsed": 20.214355, "delta": 0.520003}}
{"target": -34.92470253913981, "params": {"C": 4975.361578702861, "gamma": 0.036458233006445434}, "datetime": {"datetime": "2021-09-28 16:11:49", "elapsed": 20.713289, "delta": 0.498934}}
{"target": -34.946066479834144, "params": {"C": 4980.982751600677, "gamma": 0.04114666270025258}, "datetime": {"datetime": "2021-09-28 16:11:50", "elapsed": 21.279939, "delta": 0.56665}}
{"target": -35.498021537643424, "params": {"C": 4394.094554152055, "gamma": 0.06941982055650117}, "datetime": {"datetime": "2021-09-28 16:11:50", "elapsed": 21.736943, "delta": 0.457004}}
{"target": -35.679011910378215, "params": {"C": 4986.634760014717, "gamma": 0.08}, "datetime": {"datetime": "2021-09-28 16:11:51", "elapsed": 22.248848, "delta": 0.511905}}
{"target": -35.286290203359144, "params": {"C": 4595.462283480721, "gamma": 0.01606875365816254}, "datetime": {"datetime": "2021-09-28 16:11:51", "elapsed": 22.69785, "delta": 0.449002}}
{"target": -34.99704980797386, "params": {"C": 4507.8816318204745, "gamma": 0.04122602268159092}, "datetime": {"datetime": "2021-09-28 16:11:52", "elapsed": 23.185845, "delta": 0.487995}}
{"target": -35.606967054027436, "params": {"C": 4959.961341679177, "gamma": 0.07691689623000168}, "datetime": {"datetime": "2021-09-28 16:11:52", "elapsed": 23.658848, "delta": 0.473003}}
{"target": -35.70161380427767, "params": {"C": 4187.5801985758735, "gamma": 0.009726846313386571}, "datetime": {"datetime": "2021-09-28 16:11:53", "elapsed": 24.126848, "delta": 0.468}}
{"target": -35.713209787894144, "params": {"C": 4586.510617763431, "gamma": 0.08}, "datetime": {"datetime": "2021-09-28 16:11:53", "elapsed": 24.675082, "delta": 0.548234}}
{"target": -35.508764258129546, "params": {"C": 4512.738759288226, "gamma": 0.07081557302880134}, "datetime": {"datetime": "2021-09-28 16:11:54", "elapsed": 25.193083, "delta": 0.518001}}
{"target": -36.296632971803604, "params": {"C": 4272.053747854287, "gamma": 0.003}, "datetime": {"datetime": "2021-09-28 16:11:54", "elapsed": 25.696079, "delta": 0.502996}}
{"target": -35.14386061856386, "params": {"C": 4261.475329723331, "gamma": 0.049145099402028006}, "datetime": {"datetime": "2021-09-28 16:11:55", "elapsed": 26.184056, "delta": 0.487977}}
{"target": -36.19460726220108, "params": {"C": 4865.786317764125, "gamma": 0.0037729951274239207}, "datetime": {"datetime": "2021-09-28 16:11:55", "elapsed": 26.722836, "delta": 0.53878}}
{"target": -35.105113057169696, "params": {"C": 4887.680342392978, "gamma": 0.052328893681234064}, "datetime": {"datetime": "2021-09-28 16:11:56", "elapsed": 27.216835, "delta": 0.493999}}
