{"target": -35.70071003211749, "params": {"C": 5313.418360914836, "gamma": 0.009475764003616594}, "datetime": {"datetime": "2021-09-28 17:29:56", "elapsed": 254.070731, "delta": 1.350462}}
{"target": -35.45603279108867, "params": {"C": 5536.054067884847, "gamma": 0.012660714419913975}, "datetime": {"datetime": "2021-09-28 17:29:58", "elapsed": 255.688414, "delta": 1.617683}}
{"target": -35.038987642707546, "params": {"C": 5536.03900625608, "gamma": 0.05212245372770043}, "datetime": {"datetime": "2021-09-28 17:30:00", "elapsed": 257.383581, "delta": 1.695167}}
{"target": -34.898450399896, "params": {"C": 5205.631997599355, "gamma": 0.03279402491041226}, "datetime": {"datetime": "2021-09-28 17:30:01", "elapsed": 258.587491, "delta": 1.20391}}
{"target": -34.90958275169992, "params": {"C": 5223.193330611268, "gamma": 0.028086121411616864}, "datetime": {"datetime": "2021-09-28 17:30:02", "elapsed": 260.067754, "delta": 1.480263}}
{"target": -35.10829651205542, "params": {"C": 5083.472518544135, "gamma": 0.05387781102811404}, "datetime": {"datetime": "2021-09-28 17:30:05", "elapsed": 262.472585, "delta": 2.404831}}
{"target": -35.118936777595565, "params": {"C": 5353.485246804635, "gamma": 0.05575799759081964}, "datetime": {"datetime": "2021-09-28 17:30:06", "elapsed": 263.688008, "delta": 1.215423}}
{"target": -34.94997051891357, "params": {"C": 5853.023530391986, "gamma": 0.02087380457870276}, "datetime": {"datetime": "2021-09-28 17:30:08", "elapsed": 266.097619, "delta": 2.409611}}
{"target": -35.046331309140974, "params": {"C": 5489.380768241886, "gamma": 0.01876352583524787}, "datetime": {"datetime": "2021-09-28 17:30:10", "elapsed": 267.314856, "delta": 1.217237}}
{"target": -35.16896770237873, "params": {"C": 5508.445895259392, "gamma": 0.05886307060804206}, "datetime": {"datetime": "2021-09-28 17:30:11", "elapsed": 268.518121, "delta": 1.203265}}
{"target": -34.95064240298096, "params": {"C": 5011.73775833496, "gamma": 0.04196658102717065}, "datetime": {"datetime": "2021-09-28 17:30:12", "elapsed": 269.688176, "delta": 1.170055}}
{"target": -34.976439617231215, "params": {"C": 5596.450487252942, "gamma": 0.048682482195027334}, "datetime": {"datetime": "2021-09-28 17:30:15", "elapsed": 272.703538, "delta": 3.015362}}
{"target": -35.350023751171896, "params": {"C": 5324.019580973299, "gamma": 0.014286395765655626}, "datetime": {"datetime": "2021-09-28 17:30:17", "elapsed": 274.773999, "delta": 2.070461}}
{"target": -35.604386348640375, "params": {"C": 5083.448547008406, "gamma": 0.01089129148908146}, "datetime": {"datetime": "2021-09-28 17:30:19", "elapsed": 276.756864, "delta": 1.982865}}
{"target": -35.04598715744773, "params": {"C": 5924.928999652067, "gamma": 0.017971781071169052}, "datetime": {"datetime": "2021-09-28 17:30:20", "elapsed": 278.010072, "delta": 1.253208}}
{"target": -35.75987139840436, "params": {"C": 5895.62491817314, "gamma": 0.008583296932110959}, "datetime": {"datetime": "2021-09-28 17:30:21", "elapsed": 279.21578, "delta": 1.205708}}
{"target": -35.13693458522425, "params": {"C": 5853.061388269327, "gamma": 0.016742547285332896}, "datetime": {"datetime": "2021-09-28 17:30:23", "elapsed": 280.737607, "delta": 1.521827}}
{"target": -34.857724387027886, "params": {"C": 5743.186938397256, "gamma": 0.03945810905516056}, "datetime": {"datetime": "2021-09-28 17:30:24", "elapsed": 281.983105, "delta": 1.245498}}
{"target": -35.03589683544539, "params": {"C": 5205.618131523822, "gamma": 0.0199795469990588}, "datetime": {"datetime": "2021-09-28 17:30:26", "elapsed": 284.055445, "delta": 2.07234}}
{"target": -34.94190571985603, "params": {"C": 5629.159579940985, "gamma": 0.04658849890142431}, "datetime": {"datetime": "2021-09-28 17:30:28", "elapsed": 285.62266, "delta": 1.567215}}
{"target": -34.86794860017467, "params": {"C": 5503.3790234453245, "gamma": 0.03211902115922205}, "datetime": {"datetime": "2021-09-28 17:30:31", "elapsed": 288.376299, "delta": 2.753639}}
{"target": -34.99510862444396, "params": {"C": 5625.5171047334425, "gamma": 0.04982992280280667}, "datetime": {"datetime": "2021-09-28 17:30:33", "elapsed": 290.35706, "delta": 1.980761}}
{"target": -34.91293141447181, "params": {"C": 5163.398915408078, "gamma": 0.039511043204187635}, "datetime": {"datetime": "2021-09-28 17:30:34", "elapsed": 292.099014, "delta": 1.741954}}
{"target": -35.32716520321824, "params": {"C": 5546.010168579096, "gamma": 0.06702355391255914}, "datetime": {"datetime": "2021-09-28 17:30:36", "elapsed": 293.992046, "delta": 1.893032}}
{"target": -35.00173506739555, "params": {"C": 5205.6165338908495, "gamma": 0.048298055260520646}, "datetime": {"datetime": "2021-09-28 17:30:38", "elapsed": 296.236361, "delta": 2.244315}}
{"target": -34.9699774829312, "params": {"C": 5163.422846588251, "gamma": 0.04555828609343894}, "datetime": {"datetime": "2021-09-28 17:30:41", "elapsed": 298.983541, "delta": 2.74718}}
{"target": -34.86199422845807, "params": {"C": 5536.005003168396, "gamma": 0.03345250076612741}, "datetime": {"datetime": "2021-09-28 17:30:44", "elapsed": 301.653772, "delta": 2.670231}}
{"target": -34.91799276820109, "params": {"C": 5031.487003751137, "gamma": 0.03235056922566321}, "datetime": {"datetime": "2021-09-28 17:30:45", "elapsed": 302.994095, "delta": 1.340323}}
{"target": -35.26268700768275, "params": {"C": 5205.647883837214, "gamma": 0.015677068958441783}, "datetime": {"datetime": "2021-09-28 17:30:47", "elapsed": 305.212812, "delta": 2.218717}}
{"target": -35.217308900594546, "params": {"C": 5743.1772842535665, "gamma": 0.015731135961269318}, "datetime": {"datetime": "2021-09-28 17:30:49", "elapsed": 306.992971, "delta": 1.780159}}
{"target": -35.34479093118319, "params": {"C": 5031.5055448803605, "gamma": 0.01464702980622723}, "datetime": {"datetime": "2021-09-28 17:30:51", "elapsed": 308.871637, "delta": 1.878666}}
{"target": -35.15402261958456, "params": {"C": 5743.177463768172, "gamma": 0.05896000018062909}, "datetime": {"datetime": "2021-09-28 17:30:53", "elapsed": 310.489408, "delta": 1.617771}}
{"target": -35.00300490132041, "params": {"C": 5088.362663637263, "gamma": 0.04758157106748258}, "datetime": {"datetime": "2021-09-28 17:30:55", "elapsed": 312.544334, "delta": 2.054926}}
{"target": -35.89344217019673, "params": {"C": 5546.03875856066, "gamma": 0.006944185700772657}, "datetime": {"datetime": "2021-09-28 17:30:58", "elapsed": 315.303067, "delta": 2.758733}}
{"target": -35.105276039588354, "params": {"C": 5535.997300371738, "gamma": 0.0557680493623128}, "datetime": {"datetime": "2021-09-28 17:31:00", "elapsed": 317.402251, "delta": 2.099184}}
{"target": -34.93114042016952, "params": {"C": 5031.466384582989, "gamma": 0.04008465331864706}, "datetime": {"datetime": "2021-09-28 17:31:02", "elapsed": 319.942309, "delta": 2.540058}}
{"target": -35.05925977389784, "params": {"C": 5088.329959591218, "gamma": 0.05113173658741479}, "datetime": {"datetime": "2021-09-28 17:31:04", "elapsed": 322.238997, "delta": 2.296688}}
{"target": -35.85402014987212, "params": {"C": 5223.184399513738, "gamma": 0.0074408849067601245}, "datetime": {"datetime": "2021-09-28 17:31:06", "elapsed": 324.236376, "delta": 1.997379}}
{"target": -35.547652049208786, "params": {"C": 5561.638471379517, "gamma": 0.011433500186701518}, "datetime": {"datetime": "2021-09-28 17:31:08", "elapsed": 325.575215, "delta": 1.338839}}
{"target": -34.99436475409562, "params": {"C": 5170.19899773043, "gamma": 0.047502921867235655}, "datetime": {"datetime": "2021-09-28 17:31:10", "elapsed": 327.731536, "delta": 2.156321}}
{"target": -35.097417486917564, "params": {"C": 5031.47589676535, "gamma": 0.052904360730009134}, "datetime": {"datetime": "2021-09-28 17:31:12", "elapsed": 329.763717, "delta": 2.032181}}
{"target": -35.12133529040489, "params": {"C": 5536.01149278072, "gamma": 0.017377295784477522}, "datetime": {"datetime": "2021-09-28 17:31:14", "elapsed": 331.612876, "delta": 1.849159}}
{"target": -36.18292595548465, "params": {"C": 5874.8354421475615, "gamma": 0.00374504518325298}, "datetime": {"datetime": "2021-09-28 17:31:15", "elapsed": 332.969232, "delta": 1.356356}}
{"target": -35.10715612716488, "params": {"C": 5853.047749119291, "gamma": 0.056742225390577494}, "datetime": {"datetime": "2021-09-28 17:31:18", "elapsed": 335.409561, "delta": 2.440329}}
{"target": -35.148783683006364, "params": {"C": 5205.650229566991, "gamma": 0.05667609805207508}, "datetime": {"datetime": "2021-09-28 17:31:19", "elapsed": 337.253543, "delta": 1.843982}}
{"target": -34.863516228339606, "params": {"C": 5546.0745665412505, "gamma": 0.03211610512746636}, "datetime": {"datetime": "2021-09-28 17:31:21", "elapsed": 339.189639, "delta": 1.936096}}
{"target": -35.45781046855447, "params": {"C": 5503.398744080104, "gamma": 0.012659089577623194}, "datetime": {"datetime": "2021-09-28 17:31:24", "elapsed": 341.516769, "delta": 2.32713}}
{"target": -34.90534875143432, "params": {"C": 5584.103318008678, "gamma": 0.024553757842619983}, "datetime": {"datetime": "2021-09-28 17:31:26", "elapsed": 343.476607, "delta": 1.959838}}
{"target": -34.89526127412371, "params": {"C": 5223.211619946236, "gamma": 0.03433702860095954}, "datetime": {"datetime": "2021-09-28 17:31:28", "elapsed": 345.514414, "delta": 2.037807}}
{"target": -35.25717010778589, "params": {"C": 5629.146682547057, "gamma": 0.0637485715509605}, "datetime": {"datetime": "2021-09-28 17:31:30", "elapsed": 347.381782, "delta": 1.867368}}
{"target": -34.83412036389314, "params": {"C": 5896.923982770575, "gamma": 0.030794999001496952}, "datetime": {"datetime": "2021-09-28 17:31:32", "elapsed": 349.633276, "delta": 2.251494}}
{"target": -34.917349451868965, "params": {"C": 5617.166510096934, "gamma": 0.04460140708781074}, "datetime": {"datetime": "2021-09-28 17:31:34", "elapsed": 352.223115, "delta": 2.589839}}
{"target": -35.66813635714764, "params": {"C": 5961.510459306928, "gamma": 0.009737236793179975}, "datetime": {"datetime": "2021-09-28 17:31:36", "elapsed": 353.642274, "delta": 1.419159}}
{"target": -34.86122741764374, "params": {"C": 5619.921153526791, "gamma": 0.03848446802466742}, "datetime": {"datetime": "2021-09-28 17:31:38", "elapsed": 355.538129, "delta": 1.895855}}
{"target": -35.281495915129995, "params": {"C": 5617.183263688481, "gamma": 0.06494098887452732}, "datetime": {"datetime": "2021-09-28 17:31:40", "elapsed": 357.498327, "delta": 1.960198}}
{"target": -34.95000965770263, "params": {"C": 5927.3793604010725, "gamma": 0.04797869935670142}, "datetime": {"datetime": "2021-09-28 17:31:41", "elapsed": 358.826821, "delta": 1.328494}}
{"target": -35.206297729341806, "params": {"C": 5031.455730537236, "gamma": 0.016758188260572772}, "datetime": {"datetime": "2021-09-28 17:31:43", "elapsed": 361.142889, "delta": 2.316068}}
{"target": -35.300849148627236, "params": {"C": 5163.396031881869, "gamma": 0.06423675932973827}, "datetime": {"datetime": "2021-09-28 17:31:45", "elapsed": 363.071819, "delta": 1.92893}}
{"target": -34.869234317566864, "params": {"C": 5486.702992273262, "gamma": 0.032326848489183366}, "datetime": {"datetime": "2021-09-28 17:31:49", "elapsed": 366.307834, "delta": 3.236015}}
{"target": -34.88325800699038, "params": {"C": 5535.977616972796, "gamma": 0.027408073700715286}, "datetime": {"datetime": "2021-09-28 17:31:51", "elapsed": 368.82104, "delta": 2.513206}}
{"target": -35.15096125679724, "params": {"C": 5237.704346253401, "gamma": 0.05691417582728951}, "datetime": {"datetime": "2021-09-28 17:31:52", "elapsed": 370.192109, "delta": 1.371069}}
{"target": -34.99926249833621, "params": {"C": 5692.234205425074, "gamma": 0.019536596842821382}, "datetime": {"datetime": "2021-09-28 17:31:54", "elapsed": 371.553999, "delta": 1.36189}}
{"target": -35.537008765975905, "params": {"C": 5163.415018132129, "gamma": 0.01179212085355822}, "datetime": {"datetime": "2021-09-28 17:31:56", "elapsed": 373.808815, "delta": 2.254816}}
{"target": -34.88803713829826, "params": {"C": 5313.465089071646, "gamma": 0.032057707027062385}, "datetime": {"datetime": "2021-09-28 17:31:59", "elapsed": 376.332947, "delta": 2.524132}}
{"target": -34.97347738660885, "params": {"C": 5535.94646044064, "gamma": 0.021141579410885715}, "datetime": {"datetime": "2021-09-28 17:32:01", "elapsed": 378.659567, "delta": 2.32662}}
{"target": -34.905960041358085, "params": {"C": 5413.24103823938, "gamma": 0.02608541609767129}, "datetime": {"datetime": "2021-09-28 17:32:02", "elapsed": 380.079308, "delta": 1.419741}}
{"target": -34.93164400438836, "params": {"C": 5486.68259141032, "gamma": 0.044851475348385884}, "datetime": {"datetime": "2021-09-28 17:32:05", "elapsed": 382.646524, "delta": 2.567216}}
{"target": -36.25097150496215, "params": {"C": 5313.461023995069, "gamma": 0.0031239737981790115}, "datetime": {"datetime": "2021-09-28 17:32:07", "elapsed": 384.35236, "delta": 1.705836}}
{"target": -34.963819855985236, "params": {"C": 5546.095434422821, "gamma": 0.021546380858299557}, "datetime": {"datetime": "2021-09-28 17:32:09", "elapsed": 386.460592, "delta": 2.108232}}
{"target": -35.64073145651251, "params": {"C": 5413.256407660585, "gamma": 0.010262921828691929}, "datetime": {"datetime": "2021-09-28 17:32:11", "elapsed": 388.727695, "delta": 2.267103}}
{"target": -34.979559863890366, "params": {"C": 5313.468536330713, "gamma": 0.04736843105374417}, "datetime": {"datetime": "2021-09-28 17:32:14", "elapsed": 391.574589, "delta": 2.846894}}
{"target": -34.98200672382751, "params": {"C": 5546.089936411995, "gamma": 0.04887492494302165}, "datetime": {"datetime": "2021-09-28 17:32:16", "elapsed": 394.047909, "delta": 2.47332}}
{"target": -34.864209215184964, "params": {"C": 5763.793250126733, "gamma": 0.04048473509457909}, "datetime": {"datetime": "2021-09-28 17:32:19", "elapsed": 396.569576, "delta": 2.521667}}
{"target": -34.974750861090534, "params": {"C": 5172.145705063966, "gamma": 0.04602802267791771}, "datetime": {"datetime": "2021-09-28 17:32:21", "elapsed": 398.99033, "delta": 2.420754}}
{"target": -35.715348222411656, "params": {"C": 5568.860599383122, "gamma": 0.009222139355009623}, "datetime": {"datetime": "2021-09-28 17:32:24", "elapsed": 401.521437, "delta": 2.531107}}
{"target": -34.870916738359185, "params": {"C": 5853.024674932316, "gamma": 0.04224370245523702}, "datetime": {"datetime": "2021-09-28 17:32:26", "elapsed": 403.998536, "delta": 2.477099}}
{"target": -36.184851057486775, "params": {"C": 5535.9689157502235, "gamma": 0.003759341172927107}, "datetime": {"datetime": "2021-09-28 17:32:28", "elapsed": 405.840952, "delta": 1.842416}}
{"target": -34.93382334593572, "params": {"C": 5896.820290613976, "gamma": 0.02139844288592233}, "datetime": {"datetime": "2021-09-28 17:32:31", "elapsed": 408.430857, "delta": 2.589905}}
{"target": -34.918027002354926, "params": {"C": 5413.205845155965, "gamma": 0.024845104387982278}, "datetime": {"datetime": "2021-09-28 17:32:33", "elapsed": 410.34867, "delta": 1.917813}}
{"target": -34.87639106091697, "params": {"C": 5413.235306832462, "gamma": 0.03799663851118076}, "datetime": {"datetime": "2021-09-28 17:32:35", "elapsed": 412.444623, "delta": 2.095953}}
{"target": -34.9527975411703, "params": {"C": 5743.217996612317, "gamma": 0.04768821106948314}, "datetime": {"datetime": "2021-09-28 17:32:38", "elapsed": 415.807974, "delta": 3.363351}}
{"target": -34.89189408419353, "params": {"C": 5584.039493245995, "gamma": 0.04175343847496572}, "datetime": {"datetime": "2021-09-28 17:32:41", "elapsed": 418.301206, "delta": 2.493232}}
{"target": -34.87233118000169, "params": {"C": 5536.027001042036, "gamma": 0.03890859338867904}, "datetime": {"datetime": "2021-09-28 17:32:43", "elapsed": 420.980266, "delta": 2.67906}}
{"target": -35.35483918746456, "params": {"C": 5486.692233122669, "gamma": 0.06811627403565335}, "datetime": {"datetime": "2021-09-28 17:32:45", "elapsed": 423.028468, "delta": 2.048202}}
{"target": -35.02867197814394, "params": {"C": 5109.3635610040965, "gamma": 0.02056296554090709}, "datetime": {"datetime": "2021-09-28 17:32:47", "elapsed": 424.833518, "delta": 1.80505}}
{"target": -35.27597592453956, "params": {"C": 5535.965470137046, "gamma": 0.06437204948924109}, "datetime": {"datetime": "2021-09-28 17:32:50", "elapsed": 428.151385, "delta": 3.317867}}
{"target": -34.86498851819882, "params": {"C": 5584.269366389929, "gamma": 0.030333419848021608}, "datetime": {"datetime": "2021-09-28 17:32:52", "elapsed": 429.697127, "delta": 1.545742}}
{"target": -35.647495964451096, "params": {"C": 5084.793089763091, "gamma": 0.010283844410619268}, "datetime": {"datetime": "2021-09-28 17:32:54", "elapsed": 432.002448, "delta": 2.305321}}
{"target": -34.91883709961757, "params": {"C": 5654.145319456725, "gamma": 0.04496527661721822}, "datetime": {"datetime": "2021-09-28 17:32:56", "elapsed": 433.516079, "delta": 1.513631}}
{"target": -34.89793553660487, "params": {"C": 5999.297279976112, "gamma": 0.045137874730061874}, "datetime": {"datetime": "2021-09-28 17:32:57", "elapsed": 435.04016, "delta": 1.524081}}
{"target": -35.403218876972566, "params": {"C": 5584.287002339734, "gamma": 0.013333002837986923}, "datetime": {"datetime": "2021-09-28 17:33:00", "elapsed": 438.208061, "delta": 3.167901}}
{"target": -35.12265218717607, "params": {"C": 5584.26693128325, "gamma": 0.056818162006018066}, "datetime": {"datetime": "2021-09-28 17:33:03", "elapsed": 440.432804, "delta": 2.224743}}
{"target": -34.92979263734377, "params": {"C": 5999.318890500593, "gamma": 0.046986740994831605}, "datetime": {"datetime": "2021-09-28 17:33:06", "elapsed": 443.300563, "delta": 2.867759}}
{"target": -34.86138659708029, "params": {"C": 5535.925251278093, "gamma": 0.033905361827180056}, "datetime": {"datetime": "2021-09-28 17:33:09", "elapsed": 446.428903, "delta": 3.12834}}
{"target": -35.542865780228624, "params": {"C": 5777.698357562969, "gamma": 0.011387028641679012}, "datetime": {"datetime": "2021-09-28 17:33:10", "elapsed": 448.09108, "delta": 1.662177}}
{"target": -35.09654270174238, "params": {"C": 5617.171006035507, "gamma": 0.017640066273792197}, "datetime": {"datetime": "2021-09-28 17:33:13", "elapsed": 450.933551, "delta": 2.842471}}
{"target": -34.82848324666317, "params": {"C": 5896.949988972593, "gamma": 0.037413096070956955}, "datetime": {"datetime": "2021-09-28 17:33:17", "elapsed": 454.397022, "delta": 3.463471}}
{"target": -34.866588103816355, "params": {"C": 5827.291550034195, "gamma": 0.026036862595449416}, "datetime": {"datetime": "2021-09-28 17:33:21", "elapsed": 458.620519, "delta": 4.223497}}
{"target": -36.14143595369113, "params": {"C": 5827.27553737322, "gamma": 0.00415866136450797}, "datetime": {"datetime": "2021-09-28 17:33:24", "elapsed": 462.121738, "delta": 3.501219}}
{"target": -35.188016692722364, "params": {"C": 5654.170622540177, "gamma": 0.06035010569877534}, "datetime": {"datetime": "2021-09-28 17:33:27", "elapsed": 464.296698, "delta": 2.17496}}
{"target": -35.02605019859495, "params": {"C": 5084.7634310167305, "gamma": 0.049181768978305625}, "datetime": {"datetime": "2021-09-28 17:33:29", "elapsed": 467.010168, "delta": 2.71347}}
{"target": -34.86690999003619, "params": {"C": 5486.108794129067, "gamma": 0.03376394309601315}, "datetime": {"datetime": "2021-09-28 17:33:32", "elapsed": 469.874893, "delta": 2.864725}}
{"target": -34.892695196277174, "params": {"C": 5486.685375057804, "gamma": 0.026750754391633994}, "datetime": {"datetime": "2021-09-28 17:33:34", "elapsed": 471.919486, "delta": 2.044593}}
{"target": -35.05604056749997, "params": {"C": 5411.2645172737375, "gamma": 0.05278664407183307}, "datetime": {"datetime": "2021-09-28 17:33:36", "elapsed": 473.69804, "delta": 1.778554}}
{"target": -35.03745459549985, "params": {"C": 5486.117344509752, "gamma": 0.05190961297345516}, "datetime": {"datetime": "2021-09-28 17:33:39", "elapsed": 476.530118, "delta": 2.832078}}
{"target": -35.24820952929982, "params": {"C": 5896.951568112098, "gamma": 0.06420392447384819}, "datetime": {"datetime": "2021-09-28 17:33:42", "elapsed": 479.489096, "delta": 2.958978}}
{"target": -35.18119546141701, "params": {"C": 5999.280978232371, "gamma": 0.061181425317181376}, "datetime": {"datetime": "2021-09-28 17:33:44", "elapsed": 481.773935, "delta": 2.284839}}
{"target": -35.18180731624272, "params": {"C": 5927.35832083511, "gamma": 0.060976344696168076}, "datetime": {"datetime": "2021-09-28 17:33:46", "elapsed": 484.011638, "delta": 2.237703}}
{"target": -34.90994368488544, "params": {"C": 5518.724030699328, "gamma": 0.043057380467134004}, "datetime": {"datetime": "2021-09-28 17:33:50", "elapsed": 487.811354, "delta": 3.799716}}
{"target": -34.89576817390381, "params": {"C": 5927.405462075404, "gamma": 0.04479476841195609}, "datetime": {"datetime": "2021-09-28 17:33:55", "elapsed": 492.445218, "delta": 4.633864}}
{"target": -35.50389915184291, "params": {"C": 5927.404879108347, "gamma": 0.07573325327092843}, "datetime": {"datetime": "2021-09-28 17:33:59", "elapsed": 496.886038, "delta": 4.44082}}
{"target": -36.24156282495853, "params": {"C": 5170.200091790154, "gamma": 0.0032466176793126923}, "datetime": {"datetime": "2021-09-28 17:34:02", "elapsed": 500.085734, "delta": 3.199696}}
{"target": -34.88043494741688, "params": {"C": 5999.295041770963, "gamma": 0.023762711975405353}, "datetime": {"datetime": "2021-09-28 17:34:06", "elapsed": 503.622517, "delta": 3.536783}}
{"target": -34.82872498484691, "params": {"C": 5827.298133081831, "gamma": 0.036595080417276965}, "datetime": {"datetime": "2021-09-28 17:34:08", "elapsed": 505.691536, "delta": 2.069019}}
{"target": -34.919674132004126, "params": {"C": 5023.115742052635, "gamma": 0.036971077013063854}, "datetime": {"datetime": "2021-09-28 17:34:10", "elapsed": 507.403761, "delta": 1.712225}}
{"target": -34.88668218035998, "params": {"C": 5324.075432604438, "gamma": 0.03217861142362755}, "datetime": {"datetime": "2021-09-28 17:34:13", "elapsed": 510.374251, "delta": 2.97049}}
