{"target": 0.2572326005943463, "params": {"C": 92910.70999670582, "gamma": 0.20794732250942305}, "datetime": {"datetime": "2021-10-04 11:08:47", "elapsed": 279.082706, "delta": 1.20061}}
{"target": 0.21432918794471523, "params": {"C": 350392.8245955248, "gamma": 0.047976911087679666}, "datetime": {"datetime": "2021-10-04 11:08:48", "elapsed": 280.255249, "delta": 1.172543}}
{"target": 0.22177534899490636, "params": {"C": 116956.17887908024, "gamma": 0.011904761478923867}, "datetime": {"datetime": "2021-10-04 11:08:50", "elapsed": 281.902824, "delta": 1.647575}}
{"target": 0.2671408780351995, "params": {"C": 50037.5797923824, "gamma": 0.18430517563809595}, "datetime": {"datetime": "2021-10-04 11:08:52", "elapsed": 283.984956, "delta": 2.082132}}
{"target": 0.2450695744699034, "params": {"C": 133815.07047317078, "gamma": 0.2003181515983141}, "datetime": {"datetime": "2021-10-04 11:08:53", "elapsed": 285.564027, "delta": 1.579071}}
{"target": 0.2384020974357619, "params": {"C": 116037.36605901431, "gamma": 0.27609448315902824}, "datetime": {"datetime": "2021-10-04 11:08:55", "elapsed": 287.18482, "delta": 1.620793}}
{"target": 0.27409657628873074, "params": {"C": 54684.11030081294, "gamma": 0.1597303398079197}, "datetime": {"datetime": "2021-10-04 11:08:57", "elapsed": 288.899902, "delta": 1.715082}}
{"target": 0.21647925131979517, "params": {"C": 221593.39987636093, "gamma": 0.19238135234872897}, "datetime": {"datetime": "2021-10-04 11:08:58", "elapsed": 290.157846, "delta": 1.257944}}
{"target": 0.25742759616379673, "params": {"C": 54751.220684127475, "gamma": 0.030410923635005183}, "datetime": {"datetime": "2021-10-04 11:09:00", "elapsed": 291.812484, "delta": 1.654638}}
{"target": 0.2770173877747466, "params": {"C": 54647.10954662264, "gamma": 0.14480218377261458}, "datetime": {"datetime": "2021-10-04 11:09:01", "elapsed": 293.573171, "delta": 1.760687}}
{"target": 0.1890490891598796, "params": {"C": 54620.830874981504, "gamma": 0.011001156374550656}, "datetime": {"datetime": "2021-10-04 11:09:03", "elapsed": 295.347304, "delta": 1.774133}}
{"target": 0.2787452811235953, "params": {"C": 50043.350173593906, "gamma": 0.13435695864486652}, "datetime": {"datetime": "2021-10-04 11:09:05", "elapsed": 297.632783, "delta": 2.285479}}
{"target": 0.259091155217713, "params": {"C": 54601.737976678334, "gamma": 0.03176273255579359}, "datetime": {"datetime": "2021-10-04 11:09:07", "elapsed": 299.339595, "delta": 1.706812}}
{"target": 0.20670250419534064, "params": {"C": 347025.6828203879, "gamma": 0.25836950496324873}, "datetime": {"datetime": "2021-10-04 11:09:08", "elapsed": 300.575523, "delta": 1.235928}}
{"target": 0.21117993078092523, "params": {"C": 269456.85185263015, "gamma": 0.22013422369800748}, "datetime": {"datetime": "2021-10-04 11:09:10", "elapsed": 301.892695, "delta": 1.317172}}
{"target": 0.22479880866706314, "params": {"C": 54747.09898624952, "gamma": 0.29301767385954064}, "datetime": {"datetime": "2021-10-04 11:09:11", "elapsed": 303.62805, "delta": 1.735355}}
{"target": 0.21948595602651, "params": {"C": 246996.90062260855, "gamma": 0.2601219973644721}, "datetime": {"datetime": "2021-10-04 11:09:13", "elapsed": 304.896325, "delta": 1.268275}}
{"target": 0.24186894019727656, "params": {"C": 143257.1656996895, "gamma": 0.19679289690146876}, "datetime": {"datetime": "2021-10-04 11:09:14", "elapsed": 306.266258, "delta": 1.369933}}
{"target": 0.26031317237297413, "params": {"C": 116010.4358504736, "gamma": 0.09603812266347479}, "datetime": {"datetime": "2021-10-04 11:09:16", "elapsed": 308.557691, "delta": 2.291433}}
{"target": 0.2766358762788791, "params": {"C": 54663.26383182371, "gamma": 0.062397296816467454}, "datetime": {"datetime": "2021-10-04 11:09:19", "elapsed": 311.062864, "delta": 2.505173}}
{"target": 0.24502875505036614, "params": {"C": 50042.79018604347, "gamma": 0.24312767718746015}, "datetime": {"datetime": "2021-10-04 11:09:21", "elapsed": 313.304351, "delta": 2.241487}}
{"target": 0.24949452346055823, "params": {"C": 351927.1300594424, "gamma": 0.025655869057916593}, "datetime": {"datetime": "2021-10-04 11:09:23", "elapsed": 314.79488, "delta": 1.490529}}
{"target": 0.26480192090108245, "params": {"C": 116906.70157048223, "gamma": 0.07089466264265162}, "datetime": {"datetime": "2021-10-04 11:09:25", "elapsed": 317.365654, "delta": 2.570774}}
{"target": 0.2221718876379113, "params": {"C": 229140.29442422328, "gamma": 0.251438024360103}, "datetime": {"datetime": "2021-10-04 11:09:27", "elapsed": 318.88127, "delta": 1.515616}}
{"target": 0.2795975378607467, "params": {"C": 54640.46381380014, "gamma": 0.1272664946816274}, "datetime": {"datetime": "2021-10-04 11:09:30", "elapsed": 322.647375, "delta": 3.766105}}
{"target": 0.2642485746904929, "params": {"C": 54670.65063823116, "gamma": 0.03673492580761385}, "datetime": {"datetime": "2021-10-04 11:09:32", "elapsed": 324.470434, "delta": 1.823059}}
{"target": 0.23845901326791397, "params": {"C": 50049.25120949133, "gamma": 0.25761634144719975}, "datetime": {"datetime": "2021-10-04 11:09:36", "elapsed": 327.858001, "delta": 3.387567}}
{"target": 0.26249648456303165, "params": {"C": 61655.20126123015, "gamma": 0.20536827790819617}, "datetime": {"datetime": "2021-10-04 11:09:38", "elapsed": 330.460799, "delta": 2.602798}}
{"target": 0.2385554597171612, "params": {"C": 116946.6536389912, "gamma": 0.27507198086786966}, "datetime": {"datetime": "2021-10-04 11:09:41", "elapsed": 333.304727, "delta": 2.843928}}
{"target": 0.11227831377100739, "params": {"C": 492648.26216116175, "gamma": 0.09630235224489914}, "datetime": {"datetime": "2021-10-04 11:09:43", "elapsed": 334.829887, "delta": 1.52516}}
{"target": 0.1794316741701365, "params": {"C": 91656.49775959691, "gamma": 0.007973707277773207}, "datetime": {"datetime": "2021-10-04 11:09:44", "elapsed": 336.412052, "delta": 1.582165}}
{"target": 0.239731288288636, "params": {"C": 54648.70733484587, "gamma": 0.2611496683973938}, "datetime": {"datetime": "2021-10-04 11:09:47", "elapsed": 338.805146, "delta": 2.393094}}
{"target": 0.20564840035901655, "params": {"C": 351402.0211360349, "gamma": 0.2542254286511204}, "datetime": {"datetime": "2021-10-04 11:09:48", "elapsed": 340.339077, "delta": 1.533931}}
{"target": 0.27323239208212624, "params": {"C": 61662.735688015666, "gamma": 0.16121708483886912}, "datetime": {"datetime": "2021-10-04 11:09:50", "elapsed": 342.485114, "delta": 2.146037}}
{"target": 0.22219267857531944, "params": {"C": 213828.85200987567, "gamma": 0.21340880096989828}, "datetime": {"datetime": "2021-10-04 11:09:52", "elapsed": 343.93742, "delta": 1.452306}}
{"target": 0.27900673012733346, "params": {"C": 61653.46776276147, "gamma": 0.12242324770780291}, "datetime": {"datetime": "2021-10-04 11:09:55", "elapsed": 347.047262, "delta": 3.109842}}
{"target": 0.226293815260611, "params": {"C": 54711.641825767074, "gamma": 0.28991465650313636}, "datetime": {"datetime": "2021-10-04 11:09:58", "elapsed": 349.832567, "delta": 2.785305}}
{"target": 0.24121526167468454, "params": {"C": 54642.100666526996, "gamma": 0.2577972530973085}, "datetime": {"datetime": "2021-10-04 11:10:00", "elapsed": 352.400149, "delta": 2.567582}}
{"target": 0.25779478305332315, "params": {"C": 54734.321445260946, "gamma": 0.21645229161169888}, "datetime": {"datetime": "2021-10-04 11:10:02", "elapsed": 354.447495, "delta": 2.047346}}
{"target": 0.22142180922283783, "params": {"C": 220268.80123138343, "gamma": 0.21919480183541606}, "datetime": {"datetime": "2021-10-04 11:10:04", "elapsed": 355.996546, "delta": 1.549051}}
{"target": 0.2703740020784524, "params": {"C": 97022.38336840287, "gamma": 0.08041094815643583}, "datetime": {"datetime": "2021-10-04 11:10:06", "elapsed": 357.899513, "delta": 1.902967}}
{"target": 0.2515293889744765, "params": {"C": 54693.08626211452, "gamma": 0.23314742580174264}, "datetime": {"datetime": "2021-10-04 11:10:08", "elapsed": 360.636102, "delta": 2.736589}}
{"target": 0.18009054147892056, "params": {"C": 348237.09848556016, "gamma": 0.1778594664189694}, "datetime": {"datetime": "2021-10-04 11:10:10", "elapsed": 362.460151, "delta": 1.824049}}
{"target": 0.20800097361676406, "params": {"C": 236909.8250388833, "gamma": 0.1756624357898718}, "datetime": {"datetime": "2021-10-04 11:10:12", "elapsed": 364.57843, "delta": 2.118279}}
{"target": 0.26250584977692826, "params": {"C": 61648.01938599318, "gamma": 0.20533518286723312}, "datetime": {"datetime": "2021-10-04 11:10:15", "elapsed": 366.853318, "delta": 2.274888}}
{"target": 0.2262069157002795, "params": {"C": 175081.0149419, "gamma": 0.13725648784081498}, "datetime": {"datetime": "2021-10-04 11:10:18", "elapsed": 370.009433, "delta": 3.156115}}
{"target": 0.24929415859928072, "params": {"C": 97025.05328384874, "gamma": 0.24305035367841557}, "datetime": {"datetime": "2021-10-04 11:10:22", "elapsed": 373.860515, "delta": 3.851082}}
{"target": 0.21812616004796015, "params": {"C": 244055.49324930806, "gamma": 0.2927134192105201}, "datetime": {"datetime": "2021-10-04 11:10:23", "elapsed": 375.6696, "delta": 1.809085}}
{"target": 0.26472056698478164, "params": {"C": 54711.04269937792, "gamma": 0.1955342271030754}, "datetime": {"datetime": "2021-10-04 11:10:26", "elapsed": 377.801847, "delta": 2.132247}}
{"target": 0.2679740285660417, "params": {"C": 125631.76165305599, "gamma": 0.04046764335042341}, "datetime": {"datetime": "2021-10-04 11:10:28", "elapsed": 380.529787, "delta": 2.72794}}
{"target": 0.26504188799224004, "params": {"C": 61649.45739019799, "gamma": 0.03517986487869284}, "datetime": {"datetime": "2021-10-04 11:10:31", "elapsed": 382.811301, "delta": 2.281514}}
{"target": 0.26071507933421567, "params": {"C": 122070.89412311537, "gamma": 0.08134697341205895}, "datetime": {"datetime": "2021-10-04 11:10:32", "elapsed": 384.449466, "delta": 1.638165}}
{"target": 0.25187174162316783, "params": {"C": 293867.46420580987, "gamma": 0.017040937784023897}, "datetime": {"datetime": "2021-10-04 11:10:34", "elapsed": 386.455656, "delta": 2.00619}}
{"target": 0.2295896709655827, "params": {"C": 166932.93926158527, "gamma": 0.2831739830121922}, "datetime": {"datetime": "2021-10-04 11:10:37", "elapsed": 389.456351, "delta": 3.000695}}
{"target": 0.24857034066316475, "params": {"C": 54658.145617955335, "gamma": 0.24050147704664723}, "datetime": {"datetime": "2021-10-04 11:10:41", "elapsed": 392.920147, "delta": 3.463796}}
{"target": 0.2699428587695596, "params": {"C": 54695.85109079727, "gamma": 0.17713181974073755}, "datetime": {"datetime": "2021-10-04 11:10:43", "elapsed": 395.673149, "delta": 2.753002}}
{"target": 0.2641004584331478, "params": {"C": 54663.21711957084, "gamma": 0.036568934425832506}, "datetime": {"datetime": "2021-10-04 11:10:45", "elapsed": 397.461392, "delta": 1.788243}}
{"target": 0.25583824990191895, "params": {"C": 149468.33666274988, "gamma": 0.06409175515149276}, "datetime": {"datetime": "2021-10-04 11:10:47", "elapsed": 399.284677, "delta": 1.823285}}
{"target": 0.28033797155349804, "params": {"C": 61663.367147684374, "gamma": 0.09422190502583035}, "datetime": {"datetime": "2021-10-04 11:10:50", "elapsed": 402.168432, "delta": 2.883755}}
{"target": 0.2792885661067519, "params": {"C": 54708.259248835115, "gamma": 0.07483150531596258}, "datetime": {"datetime": "2021-10-04 11:10:52", "elapsed": 404.712994, "delta": 2.544562}}
{"target": 0.24370478767458426, "params": {"C": 133811.86860911525, "gamma": 0.22583125599812007}, "datetime": {"datetime": "2021-10-04 11:10:56", "elapsed": 407.883595, "delta": 3.170601}}
{"target": 0.1566733221689276, "params": {"C": 401032.6438310464, "gamma": 0.15618875623018924}, "datetime": {"datetime": "2021-10-04 11:10:58", "elapsed": 409.73856, "delta": 1.854965}}
{"target": 0.2374569306382901, "params": {"C": 116013.80002587671, "gamma": 0.27963695938263977}, "datetime": {"datetime": "2021-10-04 11:11:00", "elapsed": 411.906393, "delta": 2.167833}}
{"target": 0.24420109586685823, "params": {"C": 116926.54350091552, "gamma": 0.25025346005104815}, "datetime": {"datetime": "2021-10-04 11:11:02", "elapsed": 414.34298, "delta": 2.436587}}
{"target": 0.14901159642145412, "params": {"C": 428683.5319523361, "gamma": 0.07582256679958146}, "datetime": {"datetime": "2021-10-04 11:11:04", "elapsed": 416.069914, "delta": 1.726934}}
{"target": 0.24080746532883934, "params": {"C": 130326.9521174839, "gamma": 0.2546623077386684}, "datetime": {"datetime": "2021-10-04 11:11:06", "elapsed": 418.690317, "delta": 2.620403}}
{"target": 0.2271031260940537, "params": {"C": 54597.51430846001, "gamma": 0.28809324983194823}, "datetime": {"datetime": "2021-10-04 11:11:09", "elapsed": 421.083595, "delta": 2.393278}}
{"target": 0.28124375535464796, "params": {"C": 54680.0746740239, "gamma": 0.10413301131413122}, "datetime": {"datetime": "2021-10-04 11:11:12", "elapsed": 423.993528, "delta": 2.909933}}
{"target": 0.2754366787871281, "params": {"C": 73846.04098223959, "gamma": 0.12183272018488199}, "datetime": {"datetime": "2021-10-04 11:11:13", "elapsed": 425.715622, "delta": 1.722094}}
{"target": 0.22211690432692532, "params": {"C": 209673.54362928652, "gamma": 0.0850222424280199}, "datetime": {"datetime": "2021-10-04 11:11:16", "elapsed": 428.225917, "delta": 2.510295}}
{"target": 0.13476903378065375, "params": {"C": 496029.6359102898, "gamma": 0.07113976261156228}, "datetime": {"datetime": "2021-10-04 11:11:18", "elapsed": 430.255753, "delta": 2.029836}}
{"target": 0.2602898779667431, "params": {"C": 54607.66698362349, "gamma": 0.20917817866428157}, "datetime": {"datetime": "2021-10-04 11:11:20", "elapsed": 432.625068, "delta": 2.369315}}
{"target": 0.2812320504679886, "params": {"C": 50044.72331025178, "gamma": 0.10921391824573451}, "datetime": {"datetime": "2021-10-04 11:11:23", "elapsed": 435.303211, "delta": 2.678143}}
{"target": 0.25091535545104193, "params": {"C": 53096.20591516636, "gamma": 0.23302952403048513}, "datetime": {"datetime": "2021-10-04 11:11:25", "elapsed": 437.045643, "delta": 1.742432}}
{"target": 0.26157590059413927, "params": {"C": 97021.573054626, "gamma": 0.02590205273836871}, "datetime": {"datetime": "2021-10-04 11:11:27", "elapsed": 439.387479, "delta": 2.341836}}
{"target": 0.2687419000810466, "params": {"C": 116924.7529540286, "gamma": 0.04606156506298066}, "datetime": {"datetime": "2021-10-04 11:11:30", "elapsed": 441.893593, "delta": 2.506114}}
{"target": 0.23261915140609002, "params": {"C": 175078.65642728208, "gamma": 0.2437954712612256}, "datetime": {"datetime": "2021-10-04 11:11:33", "elapsed": 444.845118, "delta": 2.951525}}
{"target": 0.17379540304425445, "params": {"C": 400643.9982669846, "gamma": 0.1850831907873926}, "datetime": {"datetime": "2021-10-04 11:11:34", "elapsed": 446.66456, "delta": 1.819442}}
{"target": 0.17436995171457126, "params": {"C": 475339.03115811356, "gamma": 0.20481080779975364}, "datetime": {"datetime": "2021-10-04 11:11:36", "elapsed": 448.23629, "delta": 1.57173}}
{"target": 0.26382549403630107, "params": {"C": 116948.04069403833, "gamma": 0.075909321596346}, "datetime": {"datetime": "2021-10-04 11:11:38", "elapsed": 450.516285, "delta": 2.279995}}
{"target": 0.18607965539559368, "params": {"C": 469934.3592157319, "gamma": 0.04845319868236077}, "datetime": {"datetime": "2021-10-04 11:11:40", "elapsed": 452.265877, "delta": 1.749592}}
{"target": 0.2463532845524694, "params": {"C": 346945.3778712118, "gamma": 0.028611286634335546}, "datetime": {"datetime": "2021-10-04 11:11:42", "elapsed": 453.775321, "delta": 1.509444}}
{"target": 0.2763277643495693, "params": {"C": 73845.366631625, "gamma": 0.11213816343636471}, "datetime": {"datetime": "2021-10-04 11:11:44", "elapsed": 456.477821, "delta": 2.7025}}
{"target": 0.2217062156208579, "params": {"C": 50051.98297970741, "gamma": 0.2917072222236005}, "datetime": {"datetime": "2021-10-04 11:11:47", "elapsed": 458.903302, "delta": 2.425481}}
{"target": 0.2619829341896345, "params": {"C": 54680.5188683719, "gamma": 0.03432786712012208}, "datetime": {"datetime": "2021-10-04 11:11:49", "elapsed": 461.216909, "delta": 2.313607}}
{"target": 0.279439965578552, "params": {"C": 54636.96586076891, "gamma": 0.12857963209220785}, "datetime": {"datetime": "2021-10-04 11:11:51", "elapsed": 463.562983, "delta": 2.346074}}
{"target": 0.26822523953905797, "params": {"C": 54662.160549505854, "gamma": 0.1835033680067422}, "datetime": {"datetime": "2021-10-04 11:11:53", "elapsed": 465.495092, "delta": 1.932109}}
{"target": 0.2457230121036531, "params": {"C": 133785.65011078224, "gamma": 0.14234674807514863}, "datetime": {"datetime": "2021-10-04 11:11:56", "elapsed": 467.768832, "delta": 2.27374}}
{"target": 0.16351484189110332, "params": {"C": 92912.17072794927, "gamma": 0.006769345117596021}, "datetime": {"datetime": "2021-10-04 11:11:58", "elapsed": 469.886469, "delta": 2.117637}}
{"target": 0.10789038609781743, "params": {"C": 237659.9021161583, "gamma": 0.660162246721079}, "datetime": {"datetime": "2021-10-04 11:12:01", "elapsed": 0.0, "delta": 0.0}}
{"target": 0.1377414488062637, "params": {"C": 50051.4686678052, "gamma": 0.4511662863159199}, "datetime": {"datetime": "2021-10-04 11:12:01", "elapsed": 0.14886, "delta": 0.14886}}
{"target": 0.21499437927146592, "params": {"C": 116040.15086770087, "gamma": 0.3461692973843989}, "datetime": {"datetime": "2021-10-04 11:12:02", "elapsed": 0.32383, "delta": 0.17497}}
{"target": 0.16440407412829217, "params": {"C": 133817.0951199519, "gamma": 0.47278036352152386}, "datetime": {"datetime": "2021-10-04 11:12:02", "elapsed": 0.480724, "delta": 0.156894}}
{"target": 0.13289629693383054, "params": {"C": 228545.36340380146, "gamma": 0.5694083670016785}, "datetime": {"datetime": "2021-10-04 11:12:02", "elapsed": 0.653506, "delta": 0.172782}}
{"target": 0.10341789564176285, "params": {"C": 116036.56882736721, "gamma": 0.6484391632184026}, "datetime": {"datetime": "2021-10-04 11:12:02", "elapsed": 0.934712, "delta": 0.281206}}
{"target": 0.11428165793143386, "params": {"C": 423500.8585492927, "gamma": 0.630068958579376}, "datetime": {"datetime": "2021-10-04 11:12:02", "elapsed": 1.166277, "delta": 0.231565}}
{"target": 0.11311889339649606, "params": {"C": 117188.0209281783, "gamma": 0.6144058820013814}, "datetime": {"datetime": "2021-10-04 11:12:03", "elapsed": 1.398146, "delta": 0.231869}}
{"target": 0.08739760836216937, "params": {"C": 88732.44411399646, "gamma": 0.6793456687812824}, "datetime": {"datetime": "2021-10-04 11:12:03", "elapsed": 1.614417, "delta": 0.216271}}
{"target": 0.1982608460674965, "params": {"C": 228032.3354718926, "gamma": 0.3807290859273102}, "datetime": {"datetime": "2021-10-04 11:12:03", "elapsed": 1.852586, "delta": 0.238169}}
{"target": 0.14453816205290204, "params": {"C": 449463.66397542896, "gamma": 0.5236001248064854}, "datetime": {"datetime": "2021-10-04 11:12:03", "elapsed": 2.100091, "delta": 0.247505}}
{"target": 0.16411138792865998, "params": {"C": 244532.3760459064, "gamma": 0.47600981049316776}, "datetime": {"datetime": "2021-10-04 11:12:04", "elapsed": 2.331965, "delta": 0.231874}}
{"target": 0.15547747246632182, "params": {"C": 324454.78024534706, "gamma": 0.4964378482359561}, "datetime": {"datetime": "2021-10-04 11:12:04", "elapsed": 2.539094, "delta": 0.207129}}
{"target": 0.11008833480970026, "params": {"C": 298940.5900807523, "gamma": 0.6510240997265972}, "datetime": {"datetime": "2021-10-04 11:12:04", "elapsed": 2.802274, "delta": 0.26318}}
{"target": 0.15062122562454272, "params": {"C": 116800.18015242215, "gamma": 0.5033418412221149}, "datetime": {"datetime": "2021-10-04 11:12:04", "elapsed": 3.0876, "delta": 0.285326}}
{"target": 0.11624686885506297, "params": {"C": 80063.3328535787, "gamma": 0.5671434346073398}, "datetime": {"datetime": "2021-10-04 11:12:05", "elapsed": 3.319429, "delta": 0.231829}}
{"target": 0.17899264429904826, "params": {"C": 202639.49832012499, "gamma": 0.4374469675538063}, "datetime": {"datetime": "2021-10-04 11:12:05", "elapsed": 3.57342, "delta": 0.253991}}
{"target": 0.10962486397702731, "params": {"C": 135924.2146286457, "gamma": 0.6367287433407975}, "datetime": {"datetime": "2021-10-04 11:12:05", "elapsed": 3.82645, "delta": 0.25303}}
{"target": 0.1493393391638107, "params": {"C": 459397.67837928736, "gamma": 0.508033809350547}, "datetime": {"datetime": "2021-10-04 11:12:05", "elapsed": 4.090066, "delta": 0.263616}}
{"target": 0.10680192998512361, "params": {"C": 125634.3889848696, "gamma": 0.642052130704451}, "datetime": {"datetime": "2021-10-04 11:12:06", "elapsed": 4.321624, "delta": 0.231558}}
{"target": 0.1534042365891275, "params": {"C": 372652.78046666767, "gamma": 0.4999488371956003}, "datetime": {"datetime": "2021-10-04 11:12:06", "elapsed": 4.591334, "delta": 0.26971}}
{"target": 0.1352175919291786, "params": {"C": 202640.16366524828, "gamma": 0.5615467373152279}, "datetime": {"datetime": "2021-10-04 11:12:06", "elapsed": 4.845404, "delta": 0.25407}}
{"target": 0.12731467775029992, "params": {"C": 54945.76742400701, "gamma": 0.487439578200228}, "datetime": {"datetime": "2021-10-04 11:12:06", "elapsed": 5.124188, "delta": 0.278784}}
{"target": 0.0917314243583498, "params": {"C": 148767.62419451494, "gamma": 0.7164131198523764}, "datetime": {"datetime": "2021-10-04 11:12:07", "elapsed": 5.419261, "delta": 0.295073}}
{"target": 0.10117701591551631, "params": {"C": 279655.21862183604, "gamma": 0.6892751397808592}, "datetime": {"datetime": "2021-10-04 11:12:07", "elapsed": 5.678784, "delta": 0.259523}}
{"target": 0.08711468602943839, "params": {"C": 459398.62764283916, "gamma": 0.7536798252608861}, "datetime": {"datetime": "2021-10-04 11:12:07", "elapsed": 5.948284, "delta": 0.2695}}
{"target": 0.10151874628602942, "params": {"C": 406175.8332713294, "gamma": 0.6842772580614052}, "datetime": {"datetime": "2021-10-04 11:12:07", "elapsed": 6.227023, "delta": 0.278739}}
{"target": 0.15958364002354664, "params": {"C": 116801.49311147124, "gamma": 0.4804239335331386}, "datetime": {"datetime": "2021-10-04 11:12:08", "elapsed": 6.481038, "delta": 0.254015}}
