{"target": 0.1779624204307706, "params": {"C": 57325.800744584674, "gamma": 0.7107744922145419}, "datetime": {"datetime": "2021-10-04 10:48:11", "elapsed": 0.0, "delta": 0.0}}
{"target": 0.1674482775505346, "params": {"C": 32635.95019672971, "gamma": 0.515230156750884}, "datetime": {"datetime": "2021-10-04 10:48:11", "elapsed": 0.171326, "delta": 0.171326}}
{"target": 0.16789647702416843, "params": {"C": 89829.9606630272, "gamma": 0.8972264511330371}, "datetime": {"datetime": "2021-10-04 10:48:11", "elapsed": 0.340632, "delta": 0.169306}}
{"target": 0.1469175988354442, "params": {"C": 16930.604494064442, "gamma": 0.21437769223494307}, "datetime": {"datetime": "2021-10-04 10:48:11", "elapsed": 0.50344, "delta": 0.162808}}
{"target": 0.0034473317604182263, "params": {"C": 9889.384313578837, "gamma": 0.44584255505778075}, "datetime": {"datetime": "2021-10-04 10:48:11", "elapsed": 0.688402, "delta": 0.184962}}
{"target": 0.1723707149934347, "params": {"C": 89828.70603611365, "gamma": 0.12431873865836399}, "datetime": {"datetime": "2021-10-04 10:48:11", "elapsed": 0.909786, "delta": 0.221384}}
{"target": 0.15242949354117863, "params": {"C": 89784.99643013379, "gamma": 0.9740392002987623}, "datetime": {"datetime": "2021-10-04 10:48:12", "elapsed": 1.130486, "delta": 0.2207}}
{"target": 0.18029933157202116, "params": {"C": 57282.903824765315, "gamma": 0.08504102988426354}, "datetime": {"datetime": "2021-10-04 10:48:12", "elapsed": 1.358289, "delta": 0.227803}}
{"target": 0.18148562040244032, "params": {"C": 57239.469819831975, "gamma": 0.6949137234166557}, "datetime": {"datetime": "2021-10-04 10:48:12", "elapsed": 1.630122, "delta": 0.271833}}
{"target": 0.2232494414034113, "params": {"C": 57189.53595830471, "gamma": 0.4579555071384066}, "datetime": {"datetime": "2021-10-04 10:48:12", "elapsed": 1.859062, "delta": 0.22894}}
{"target": 0.20290992846188183, "params": {"C": 57140.97398790525, "gamma": 0.596173556687097}, "datetime": {"datetime": "2021-10-04 10:48:13", "elapsed": 2.090884, "delta": 0.231822}}
{"target": 0.12976261534053468, "params": {"C": 57085.842274676426, "gamma": 0.9255212039438169}, "datetime": {"datetime": "2021-10-04 10:48:13", "elapsed": 2.383781, "delta": 0.292897}}
{"target": 0.1832201769872709, "params": {"C": 57379.23493195753, "gamma": 0.05557594154242067}, "datetime": {"datetime": "2021-10-04 10:48:13", "elapsed": 2.645947, "delta": 0.262166}}
{"target": 0.17472428541678497, "params": {"C": 57166.40234010628, "gamma": 0.033922548822923546}, "datetime": {"datetime": "2021-10-04 10:48:13", "elapsed": 2.910951, "delta": 0.265004}}
{"target": 0.16508699729901377, "params": {"C": 57325.800744584674, "gamma": 0.7665182580944838}, "datetime": {"datetime": "2021-10-04 10:48:28", "elapsed": 0.0, "delta": 0.0}}
{"target": 0.14473779050030489, "params": {"C": 32635.95019672971, "gamma": 0.6086620841581305}, "datetime": {"datetime": "2021-10-04 10:48:28", "elapsed": 0.171285, "delta": 0.171285}}
{"target": 0.16382185166111018, "params": {"C": 89829.9606630272, "gamma": 0.9170344711467504}, "datetime": {"datetime": "2021-10-04 10:48:29", "elapsed": 0.3625, "delta": 0.191215}}
{"target": 0.11998807694886682, "params": {"C": 16930.604494064442, "gamma": 0.36579430251054945}, "datetime": {"datetime": "2021-10-04 10:48:29", "elapsed": 0.567498, "delta": 0.204998}}
{"target": -0.040641275695176615, "params": {"C": 9889.384313578837, "gamma": 0.5526478749205093}, "datetime": {"datetime": "2021-10-04 10:48:29", "elapsed": 0.744499, "delta": 0.177001}}
{"target": 0.2169677516822096, "params": {"C": 89828.70603611365, "gamma": 0.29309282636396694}, "datetime": {"datetime": "2021-10-04 10:48:29", "elapsed": 0.964457, "delta": 0.219958}}
{"target": 0.2103997349776099, "params": {"C": 89825.57567316855, "gamma": 0.6981010896886103}, "datetime": {"datetime": "2021-10-04 10:48:29", "elapsed": 1.235316, "delta": 0.270859}}
{"target": 0.18389991361417513, "params": {"C": 89820.06145096474, "gamma": 0.8216506572577813}, "datetime": {"datetime": "2021-10-04 10:48:30", "elapsed": 1.489638, "delta": 0.254322}}
{"target": 0.1969878939961488, "params": {"C": 89813.16727274017, "gamma": 0.23087498414081944}, "datetime": {"datetime": "2021-10-04 10:48:30", "elapsed": 1.774077, "delta": 0.284439}}
{"target": 0.23641770762614633, "params": {"C": 89802.72186036513, "gamma": 0.5471814598402056}, "datetime": {"datetime": "2021-10-04 10:48:30", "elapsed": 1.998078, "delta": 0.224001}}
{"target": 0.16117942115056028, "params": {"C": 89798.33574968648, "gamma": 0.9299461406021583}, "datetime": {"datetime": "2021-10-04 10:48:30", "elapsed": 2.249893, "delta": 0.251815}}
{"target": 0.23307222099617897, "params": {"C": 89806.23113432372, "gamma": 0.5729243440959557}, "datetime": {"datetime": "2021-10-04 10:48:31", "elapsed": 2.525614, "delta": 0.275721}}
{"target": 0.159341091769181, "params": {"C": 94437.46258063492, "gamma": 0.9528481321609286}, "datetime": {"datetime": "2021-10-04 10:48:31", "elapsed": 2.81908, "delta": 0.293466}}
{"target": 0.057763058708800386, "params": {"C": 24780.660872029162, "gamma": 0.7915560661364449}, "datetime": {"datetime": "2021-10-04 10:48:31", "elapsed": 3.094078, "delta": 0.274998}}
{"target": 0.12409890239278865, "params": {"C": 57335.13571249132, "gamma": 0.9553941017778544}, "datetime": {"datetime": "2021-10-04 10:48:32", "elapsed": 3.365077, "delta": 0.270999}}
{"target": 0.1506865878175242, "params": {"C": 57315.370813289635, "gamma": 0.8298151354347405}, "datetime": {"datetime": "2021-10-04 10:48:32", "elapsed": 3.653418, "delta": 0.288341}}
{"target": 0.23849328548109083, "params": {"C": 94426.17433531632, "gamma": 0.39091412609347026}, "datetime": {"datetime": "2021-10-04 10:48:32", "elapsed": 3.946391, "delta": 0.292973}}
{"target": 0.24086314089052352, "params": {"C": 94421.91793547665, "gamma": 0.41185798355741715}, "datetime": {"datetime": "2021-10-04 10:48:32", "elapsed": 4.225681, "delta": 0.27929}}
{"target": 0.22747608916990147, "params": {"C": 94399.9899191622, "gamma": 0.33258761594693187}, "datetime": {"datetime": "2021-10-04 10:48:33", "elapsed": 4.502678, "delta": 0.276997}}
{"target": 0.24324630930392088, "params": {"C": 94374.85167876101, "gamma": 0.4655323658467245}, "datetime": {"datetime": "2021-10-04 10:48:33", "elapsed": 4.775678, "delta": 0.273}}
{"target": 0.2398228905303571, "params": {"C": 94412.9290338104, "gamma": 0.5325790322828323}, "datetime": {"datetime": "2021-10-04 10:48:33", "elapsed": 5.059678, "delta": 0.284}}
{"target": 0.1994260482849669, "params": {"C": 94408.43968423507, "gamma": 0.7617670330402324}, "datetime": {"datetime": "2021-10-04 10:48:33", "elapsed": 5.32691, "delta": 0.267232}}
{"target": 0.2096849773710674, "params": {"C": 94418.07010918179, "gamma": 0.7134087202851698}, "datetime": {"datetime": "2021-10-04 10:48:34", "elapsed": 5.603504, "delta": 0.276594}}
{"target": 0.18743493415573687, "params": {"C": 94366.86052091065, "gamma": 0.8174002008641803}, "datetime": {"datetime": "2021-10-04 10:48:34", "elapsed": 5.951598, "delta": 0.348094}}
{"target": 0.233314396973195, "params": {"C": 94391.78626172573, "gamma": 0.5853397433812058}, "datetime": {"datetime": "2021-10-04 10:48:34", "elapsed": 6.259501, "delta": 0.307903}}
{"target": 0.21616745584177333, "params": {"C": 94347.98948539271, "gamma": 0.2916213798051214}, "datetime": {"datetime": "2021-10-04 10:48:35", "elapsed": 6.5575, "delta": 0.297999}}
{"target": 0.22493908716743827, "params": {"C": 94379.12176630007, "gamma": 0.32250117877017437}, "datetime": {"datetime": "2021-10-04 10:48:35", "elapsed": 6.916207, "delta": 0.358707}}
{"target": 0.224605350319399, "params": {"C": 94340.91872794321, "gamma": 0.6375931899542937}, "datetime": {"datetime": "2021-10-04 10:48:35", "elapsed": 7.19847, "delta": 0.282263}}
{"target": 0.23196973051722314, "params": {"C": 94332.93495505245, "gamma": 0.35258508405458233}, "datetime": {"datetime": "2021-10-04 10:48:36", "elapsed": 7.539115, "delta": 0.340645}}
{"target": 0.23648897137189895, "params": {"C": 94356.07142635084, "gamma": 0.3772715263921102}, "datetime": {"datetime": "2021-10-04 10:48:36", "elapsed": 7.883744, "delta": 0.344629}}
{"target": 0.17383393420422133, "params": {"C": 94316.85142000492, "gamma": 0.8813637211365482}, "datetime": {"datetime": "2021-10-04 10:48:36", "elapsed": 8.196211, "delta": 0.312467}}
{"target": 0.17557439186158819, "params": {"C": 27224.012830118212, "gamma": 0.2070795059694441}, "datetime": {"datetime": "2021-10-04 10:48:37", "elapsed": 8.511211, "delta": 0.315}}
{"target": 0.18743255109251766, "params": {"C": 94388.096984445, "gamma": 0.20545021453554124}, "datetime": {"datetime": "2021-10-04 10:48:37", "elapsed": 9.001887, "delta": 0.490676}}
{"target": 0.21106909701942766, "params": {"C": 94325.57717621973, "gamma": 0.7065180602847665}, "datetime": {"datetime": "2021-10-04 10:48:38", "elapsed": 9.418066, "delta": 0.416179}}
{"target": 0.14326318796731574, "params": {"C": 72084.62314009095, "gamma": 0.9500915883914585}, "datetime": {"datetime": "2021-10-04 10:48:38", "elapsed": 9.799276, "delta": 0.38121}}
{"target": 0.20840493058772147, "params": {"C": 94361.01574184214, "gamma": 0.26736621905426444}, "datetime": {"datetime": "2021-10-04 10:48:38", "elapsed": 10.168296, "delta": 0.36902}}
{"target": 0.21572925162205492, "params": {"C": 60212.01058072417, "gamma": 0.5463260864101833}, "datetime": {"datetime": "2021-10-04 10:48:39", "elapsed": 10.649275, "delta": 0.480979}}
{"target": 0.19914805445958927, "params": {"C": 60204.28481498461, "gamma": 0.6332131662111011}, "datetime": {"datetime": "2021-10-04 10:48:39", "elapsed": 11.011875, "delta": 0.3626}}
{"target": 0.1451155791155787, "params": {"C": 60192.56982290527, "gamma": 0.8741951111305475}, "datetime": {"datetime": "2021-10-04 10:48:40", "elapsed": 11.411875, "delta": 0.4}}
{"target": 0.22735123282719716, "params": {"C": 60237.79872532807, "gamma": 0.40491139852633434}, "datetime": {"datetime": "2021-10-04 10:48:40", "elapsed": 11.797219, "delta": 0.385344}}
{"target": 0.22628579803758087, "params": {"C": 60242.942646093965, "gamma": 0.4551148224760388}, "datetime": {"datetime": "2021-10-04 10:48:40", "elapsed": 12.260943, "delta": 0.463724}}
{"target": 0.24172252690104157, "params": {"C": 94396.15768029241, "gamma": 0.5091341431696553}, "datetime": {"datetime": "2021-10-04 10:48:41", "elapsed": 12.576589, "delta": 0.315646}}
{"target": 0.22283186491971907, "params": {"C": 60220.70725419197, "gamma": 0.4949770288337231}, "datetime": {"datetime": "2021-10-04 10:48:41", "elapsed": 12.980831, "delta": 0.404242}}
{"target": 0.21825585560633742, "params": {"C": 60251.692762648454, "gamma": 0.5303336645259045}, "datetime": {"datetime": "2021-10-04 10:48:42", "elapsed": 13.356816, "delta": 0.375985}}
{"target": 0.18502825948526758, "params": {"C": 60226.1974835461, "gamma": 0.6972550070116177}, "datetime": {"datetime": "2021-10-04 10:48:42", "elapsed": 13.708441, "delta": 0.351625}}
{"target": 0.21894548531928404, "params": {"C": 60262.92256691165, "gamma": 0.5256886367226775}, "datetime": {"datetime": "2021-10-04 10:48:42", "elapsed": 14.102109, "delta": 0.393668}}
{"target": 0.21589144519931636, "params": {"C": 60270.456071858935, "gamma": 0.299496951864437}, "datetime": {"datetime": "2021-10-04 10:48:43", "elapsed": 14.45075, "delta": 0.348641}}
{"target": 0.18803136509829033, "params": {"C": 60320.38535731149, "gamma": 0.6845080556382626}, "datetime": {"datetime": "2021-10-04 10:48:43", "elapsed": 14.898929, "delta": 0.448179}}
{"target": 0.19980626573231886, "params": {"C": 60257.50768125087, "gamma": 0.23027954154334065}, "datetime": {"datetime": "2021-10-04 10:48:43", "elapsed": 15.317939, "delta": 0.41901}}
{"target": 0.1785572443861111, "params": {"C": 60277.427791061324, "gamma": 0.7259110063776422}, "datetime": {"datetime": "2021-10-04 10:48:44", "elapsed": 15.700929, "delta": 0.38299}}
{"target": 0.1497306884910573, "params": {"C": 40092.998269317504, "gamma": 0.6843283457327485}, "datetime": {"datetime": "2021-10-04 10:48:44", "elapsed": 16.178226, "delta": 0.477297}}
{"target": 0.20917857119922123, "params": {"C": 47777.22477410752, "gamma": 0.4801329856173504}, "datetime": {"datetime": "2021-10-04 10:48:45", "elapsed": 16.616226, "delta": 0.438}}
{"target": 0.18465179424773226, "params": {"C": 47786.98189953069, "gamma": 0.6122779089085025}, "datetime": {"datetime": "2021-10-04 10:48:45", "elapsed": 16.991223, "delta": 0.374997}}
{"target": 0.21540825848580447, "params": {"C": 47751.12133300221, "gamma": 0.40348606854719177}, "datetime": {"datetime": "2021-10-04 10:48:46", "elapsed": 17.410449, "delta": 0.419226}}
{"target": 0.1927489214833369, "params": {"C": 47761.726133078504, "gamma": 0.574603186086376}, "datetime": {"datetime": "2021-10-04 10:48:46", "elapsed": 17.83375, "delta": 0.423301}}
{"target": 0.2093721521840849, "params": {"C": 47744.186489988126, "gamma": 0.298560744654668}, "datetime": {"datetime": "2021-10-04 10:48:47", "elapsed": 18.387784, "delta": 0.554034}}
{"target": 0.19500783876674666, "params": {"C": 47737.45278507881, "gamma": 0.2201884235690808}, "datetime": {"datetime": "2021-10-04 10:48:47", "elapsed": 18.854467, "delta": 0.466683}}
{"target": 0.10203290359346884, "params": {"C": 47722.47311677024, "gamma": 0.9786612997194275}, "datetime": {"datetime": "2021-10-04 10:48:47", "elapsed": 19.336035, "delta": 0.481568}}
{"target": 0.09731052333281287, "params": {"C": 38041.433739694774, "gamma": 0.8784147701396332}, "datetime": {"datetime": "2021-10-04 10:48:48", "elapsed": 19.778229, "delta": 0.442194}}
{"target": 0.15509696473048185, "params": {"C": 99830.95387371036, "gamma": 0.9893070005774047}, "datetime": {"datetime": "2021-10-04 10:48:48", "elapsed": 20.179219, "delta": 0.40099}}
{"target": 0.2206976782619573, "params": {"C": 71127.31907431803, "gamma": 0.3102639094773772}, "datetime": {"datetime": "2021-10-04 10:48:49", "elapsed": 20.566223, "delta": 0.387004}}
{"target": 0.17214999632829875, "params": {"C": 71138.83298652955, "gamma": 0.8091732097812725}, "datetime": {"datetime": "2021-10-04 10:48:49", "elapsed": 20.945224, "delta": 0.379001}}
{"target": 0.2082092162466389, "params": {"C": 71093.59224252419, "gamma": 0.26021502094153415}, "datetime": {"datetime": "2021-10-04 10:48:50", "elapsed": 21.347633, "delta": 0.402409}}
{"target": 0.14394243159839615, "params": {"C": 71117.99232407405, "gamma": 0.941907290893486}, "datetime": {"datetime": "2021-10-04 10:48:50", "elapsed": 21.731144, "delta": 0.383511}}
{"target": 0.16452465703439878, "params": {"C": 71100.80184484123, "gamma": 0.8437404988269479}, "datetime": {"datetime": "2021-10-04 10:48:50", "elapsed": 22.104193, "delta": 0.373049}}
{"target": 0.14850109860095184, "params": {"C": 71080.46362027826, "gamma": 0.9192953165642745}, "datetime": {"datetime": "2021-10-04 10:48:51", "elapsed": 22.555163, "delta": 0.45097}}
{"target": 0.22701901910599087, "params": {"C": 60358.09953919703, "gamma": 0.3913208444723453}, "datetime": {"datetime": "2021-10-04 10:48:51", "elapsed": 22.953163, "delta": 0.398}}
{"target": 0.20506549713679056, "params": {"C": 60346.756800941606, "gamma": 0.2510930790026297}, "datetime": {"datetime": "2021-10-04 10:48:52", "elapsed": 23.381166, "delta": 0.428003}}
{"target": 0.18497198502454282, "params": {"C": 60337.736632909444, "gamma": 0.698140632855259}, "datetime": {"datetime": "2021-10-04 10:48:52", "elapsed": 23.85534, "delta": 0.474174}}
{"target": 0.203160181186402, "params": {"C": 60378.93186661518, "gamma": 0.6150151073405927}, "datetime": {"datetime": "2021-10-04 10:48:52", "elapsed": 24.328341, "delta": 0.473001}}
{"target": 0.2202739262126564, "params": {"C": 60351.98395563788, "gamma": 0.5168130716403649}, "datetime": {"datetime": "2021-10-04 10:48:53", "elapsed": 24.769606, "delta": 0.441265}}
{"target": 0.19541515857896274, "params": {"C": 60398.81463061023, "gamma": 0.21306460261025384}, "datetime": {"datetime": "2021-10-04 10:48:53", "elapsed": 25.217212, "delta": 0.447606}}
{"target": 0.2215492552890974, "params": {"C": 60388.34471534763, "gamma": 0.5072641422944155}, "datetime": {"datetime": "2021-10-04 10:48:54", "elapsed": 25.655914, "delta": 0.438702}}
{"target": 0.21702821701363517, "params": {"C": 60364.8124698743, "gamma": 0.5392034047919854}, "datetime": {"datetime": "2021-10-04 10:48:54", "elapsed": 26.145324, "delta": 0.48941}}
{"target": 0.21018326760879646, "params": {"C": 60417.788720872304, "gamma": 0.5794110647601274}, "datetime": {"datetime": "2021-10-04 10:48:55", "elapsed": 26.573826, "delta": 0.428502}}
{"target": 0.17143247760381564, "params": {"C": 47769.981049615075, "gamma": 0.6692928563579597}, "datetime": {"datetime": "2021-10-04 10:48:55", "elapsed": 27.046472, "delta": 0.472646}}
{"target": 0.19696983022702097, "params": {"C": 60428.30713598124, "gamma": 0.6446766432589351}, "datetime": {"datetime": "2021-10-04 10:48:56", "elapsed": 27.535911, "delta": 0.489439}}
{"target": 0.15114473363758585, "params": {"C": 94336.32976894685, "gamma": 0.9947548041985943}, "datetime": {"datetime": "2021-10-04 10:48:56", "elapsed": 27.967999, "delta": 0.432088}}
{"target": 0.16605090842882686, "params": {"C": 66776.08844863361, "gamma": 0.8160643580294378}, "datetime": {"datetime": "2021-10-04 10:48:57", "elapsed": 28.467485, "delta": 0.499486}}
{"target": 0.22284035555192183, "params": {"C": 57787.2159431032, "gamma": 0.3547314621655162}, "datetime": {"datetime": "2021-10-04 10:48:57", "elapsed": 28.939742, "delta": 0.472257}}
{"target": 0.1934309750876022, "params": {"C": 54876.2609832314, "gamma": 0.2062198768537619}, "datetime": {"datetime": "2021-10-04 10:48:57", "elapsed": 29.335179, "delta": 0.395437}}
{"target": 0.19626474865657917, "params": {"C": 61955.84382240756, "gamma": 0.6564846351669686}, "datetime": {"datetime": "2021-10-04 10:48:58", "elapsed": 29.779654, "delta": 0.444475}}
{"target": 0.12417866906329944, "params": {"C": 33977.121316568446, "gamma": 0.7076101056696624}, "datetime": {"datetime": "2021-10-04 10:48:58", "elapsed": 30.200798, "delta": 0.421144}}
{"target": 0.0744909506299335, "params": {"C": 19696.217694525018, "gamma": 0.5982351043763261}, "datetime": {"datetime": "2021-10-04 10:48:59", "elapsed": 30.677799, "delta": 0.477001}}
{"target": 0.13317479651019515, "params": {"C": 30950.34238326923, "gamma": 0.6272734217648781}, "datetime": {"datetime": "2021-10-04 10:48:59", "elapsed": 31.099319, "delta": 0.42152}}
{"target": 0.1237672752898038, "params": {"C": 60383.962826420684, "gamma": 0.979721625304832}, "datetime": {"datetime": "2021-10-04 10:49:00", "elapsed": 31.606321, "delta": 0.507002}}
{"target": 0.15162041401871096, "params": {"C": 62287.217300901946, "gamma": 0.8571034582993027}, "datetime": {"datetime": "2021-10-04 10:49:00", "elapsed": 32.091522, "delta": 0.485201}}
{"target": 0.21529191138373271, "params": {"C": 94329.21850002334, "gamma": 0.2887721167234427}, "datetime": {"datetime": "2021-10-04 10:49:01", "elapsed": 32.56811, "delta": 0.476588}}
{"target": 0.21075855015101463, "params": {"C": 94429.26180890981, "gamma": 0.708272084074814}, "datetime": {"datetime": "2021-10-04 10:49:01", "elapsed": 33.034315, "delta": 0.466205}}
{"target": 0.19672990304922133, "params": {"C": 60215.907815838626, "gamma": 0.21824962680283522}, "datetime": {"datetime": "2021-10-04 10:49:02", "elapsed": 33.506253, "delta": 0.471938}}
{"target": 0.17722454967839252, "params": {"C": 60231.98982021224, "gamma": 0.7314650814552206}, "datetime": {"datetime": "2021-10-04 10:49:02", "elapsed": 33.959594, "delta": 0.453341}}
{"target": 0.199016132243098, "params": {"C": 60246.07062778229, "gamma": 0.22719123645371442}, "datetime": {"datetime": "2021-10-04 10:49:03", "elapsed": 34.448476, "delta": 0.488882}}
{"target": 0.1817019723429194, "params": {"C": 94352.02488557248, "gamma": 0.8441670986695735}, "datetime": {"datetime": "2021-10-04 10:49:03", "elapsed": 34.898796, "delta": 0.45032}}
{"target": 0.21196580852416624, "params": {"C": 94371.68139768319, "gamma": 0.7022895483609066}, "datetime": {"datetime": "2021-10-04 10:49:04", "elapsed": 35.349795, "delta": 0.450999}}
{"target": 0.136036079331602, "params": {"C": 60371.206721129565, "gamma": 0.9183891854756145}, "datetime": {"datetime": "2021-10-04 10:49:04", "elapsed": 35.838969, "delta": 0.489174}}
{"target": 0.22489025211806024, "params": {"C": 57782.53723518945, "gamma": 0.3835745909917167}, "datetime": {"datetime": "2021-10-04 10:49:04", "elapsed": 36.3179, "delta": 0.478931}}
{"target": 0.19337445029968525, "params": {"C": 57778.92150830336, "gamma": 0.205139522713149}, "datetime": {"datetime": "2021-10-04 10:49:05", "elapsed": 36.840998, "delta": 0.523098}}
{"target": 0.2242343686574203, "params": {"C": 94343.24453260314, "gamma": 0.6396296404592481}, "datetime": {"datetime": "2021-10-04 10:49:05", "elapsed": 37.293737, "delta": 0.452739}}
{"target": 0.1922950562408544, "params": {"C": 60392.01879914858, "gamma": 0.6658310359242874}, "datetime": {"datetime": "2021-10-04 10:49:06", "elapsed": 37.795421, "delta": 0.501684}}
{"target": 0.22075671168893052, "params": {"C": 60409.5023295312, "gamma": 0.3271147642525385}, "datetime": {"datetime": "2021-10-04 10:49:06", "elapsed": 38.306503, "delta": 0.511082}}
{"target": 0.13155877489139756, "params": {"C": 47756.04413175489, "gamma": 0.8386329256682685}, "datetime": {"datetime": "2021-10-04 10:49:07", "elapsed": 38.835194, "delta": 0.528691}}
{"target": 0.1284198477702112, "params": {"C": 60422.742743448194, "gamma": 0.9562956832504337}, "datetime": {"datetime": "2021-10-04 10:49:07", "elapsed": 39.301172, "delta": 0.465978}}
{"target": 0.12803400908665907, "params": {"C": 57794.52965340644, "gamma": 0.9392845317463991}, "datetime": {"datetime": "2021-10-04 10:49:08", "elapsed": 39.807041, "delta": 0.505869}}
{"target": 0.19399232800957456, "params": {"C": 71132.37300749251, "gamma": 0.21024775332754536}, "datetime": {"datetime": "2021-10-04 10:49:09", "elapsed": 40.430337, "delta": 0.623296}}
