{"target": -42.263465794286894, "params": {"C": 1822.5279903974188, "gamma": 0.0360503141833283}, "datetime": {"datetime": "2021-09-29 17:32:29", "elapsed": 392.872113, "delta": 1.582998}}
{"target": -43.78771565333737, "params": {"C": 4057.0167710953097, "gamma": 0.05425482672012761}, "datetime": {"datetime": "2021-09-29 17:32:30", "elapsed": 394.234771, "delta": 1.362658}}
{"target": -43.99513862160444, "params": {"C": 2867.6376120325076, "gamma": 0.07553205098054724}, "datetime": {"datetime": "2021-09-29 17:32:33", "elapsed": 396.782092, "delta": 2.547321}}
{"target": -41.665081000322104, "params": {"C": 2182.0583717174404, "gamma": 0.003638427625757907}, "datetime": {"datetime": "2021-09-29 17:32:36", "elapsed": 399.629803, "delta": 2.847711}}
{"target": -41.51000989557048, "params": {"C": 1437.264638557242, "gamma": 0.00856273895801991}, "datetime": {"datetime": "2021-09-29 17:32:39", "elapsed": 402.858164, "delta": 3.228361}}
{"target": -41.96114315719358, "params": {"C": 2957.5230729675404, "gamma": 0.020015458097426136}, "datetime": {"datetime": "2021-09-29 17:32:41", "elapsed": 404.465585, "delta": 1.607421}}
{"target": -43.76659792593623, "params": {"C": 3033.78358103757, "gamma": 0.06584350926633377}, "datetime": {"datetime": "2021-09-29 17:32:43", "elapsed": 406.345115, "delta": 1.87953}}
{"target": -41.43960333133331, "params": {"C": 2957.6172242150897, "gamma": 0.008416144250688967}, "datetime": {"datetime": "2021-09-29 17:32:45", "elapsed": 408.480428, "delta": 2.135313}}
{"target": -43.83382649416458, "params": {"C": 2957.55487225025, "gamma": 0.06897873713095279}, "datetime": {"datetime": "2021-09-29 17:32:47", "elapsed": 410.639852, "delta": 2.159424}}
{"target": -43.054527994499395, "params": {"C": 1892.2705962141997, "gamma": 0.05896185449636241}, "datetime": {"datetime": "2021-09-29 17:32:50", "elapsed": 413.829875, "delta": 3.190023}}
{"target": -41.99795130351597, "params": {"C": 1649.7117017757305, "gamma": 0.029688901543426856}, "datetime": {"datetime": "2021-09-29 17:32:52", "elapsed": 415.949916, "delta": 2.120041}}
{"target": -42.3519589315204, "params": {"C": 4699.71599860827, "gamma": 0.019110606938478915}, "datetime": {"datetime": "2021-09-29 17:32:54", "elapsed": 417.902494, "delta": 1.952578}}
{"target": -41.67762838018799, "params": {"C": 4582.49967269256, "gamma": 0.00838091077955538}, "datetime": {"datetime": "2021-09-29 17:32:56", "elapsed": 419.837639, "delta": 1.935145}}
{"target": -41.63524350793084, "params": {"C": 2957.7422550022184, "gamma": 0.002741831594622301}, "datetime": {"datetime": "2021-09-29 17:32:59", "elapsed": 422.806156, "delta": 2.968517}}
{"target": -43.31220579538522, "params": {"C": 3972.7477535890234, "gamma": 0.043666410348754923}, "datetime": {"datetime": "2021-09-29 17:33:01", "elapsed": 424.526658, "delta": 1.720502}}
{"target": -42.04676551340673, "params": {"C": 1731.185326464, "gamma": 0.0031537628073625475}, "datetime": {"datetime": "2021-09-29 17:33:04", "elapsed": 427.321596, "delta": 2.794938}}
{"target": -43.36909542965749, "params": {"C": 1649.666700115851, "gamma": 0.07243427226499587}, "datetime": {"datetime": "2021-09-29 17:33:06", "elapsed": 430.147689, "delta": 2.826093}}
{"target": -44.549301126418044, "params": {"C": 4582.499592326886, "gamma": 0.06753896965015127}, "datetime": {"datetime": "2021-09-29 17:33:09", "elapsed": 432.503099, "delta": 2.35541}}
{"target": -41.75934064526151, "params": {"C": 3730.8704521476875, "gamma": 0.012372057382905118}, "datetime": {"datetime": "2021-09-29 17:33:11", "elapsed": 434.466914, "delta": 1.963815}}
{"target": -43.608277062054874, "params": {"C": 1353.3013167417153, "gamma": 0.08443258972350275}, "datetime": {"datetime": "2021-09-29 17:33:14", "elapsed": 437.352169, "delta": 2.885255}}
{"target": -41.5876784322435, "params": {"C": 1353.4547646881952, "gamma": 0.0076795595889726205}, "datetime": {"datetime": "2021-09-29 17:33:16", "elapsed": 439.836253, "delta": 2.484084}}
{"target": -41.47759041516281, "params": {"C": 3730.9548850904907, "gamma": 0.007000933025351332}, "datetime": {"datetime": "2021-09-29 17:33:19", "elapsed": 442.321639, "delta": 2.485386}}
{"target": -42.98744522890436, "params": {"C": 2957.680947949561, "gamma": 0.04504748410570242}, "datetime": {"datetime": "2021-09-29 17:33:22", "elapsed": 445.627397, "delta": 3.305758}}
{"target": -41.60112163510481, "params": {"C": 4085.28292460734, "gamma": 0.008430128701450589}, "datetime": {"datetime": "2021-09-29 17:33:24", "elapsed": 448.047579, "delta": 2.420182}}
{"target": -42.14906619720412, "params": {"C": 1125.9480150045506, "gamma": 0.03554350768647225}, "datetime": {"datetime": "2021-09-29 17:33:27", "elapsed": 450.486532, "delta": 2.438953}}
{"target": -42.173077405403085, "params": {"C": 1212.10549825155, "gamma": 0.03642881193164714}, "datetime": {"datetime": "2021-09-29 17:33:29", "elapsed": 452.67223, "delta": 2.185698}}
{"target": -43.26526284078439, "params": {"C": 1353.448806943281, "gamma": 0.071422141029715}, "datetime": {"datetime": "2021-09-29 17:33:32", "elapsed": 455.319821, "delta": 2.647591}}
{"target": -41.415247959030296, "params": {"C": 3731.009871607535, "gamma": 0.00408187974980991}, "datetime": {"datetime": "2021-09-29 17:33:35", "elapsed": 458.82612, "delta": 3.506299}}
{"target": -43.20491426822884, "params": {"C": 1649.7654529805725, "gamma": 0.06666799275458485}, "datetime": {"datetime": "2021-09-29 17:33:38", "elapsed": 461.40932, "delta": 2.5832}}
{"target": -42.65394436295294, "params": {"C": 1212.0269923941382, "gamma": 0.051321330130275934}, "datetime": {"datetime": "2021-09-29 17:33:41", "elapsed": 464.474879, "delta": 3.065559}}
{"target": -44.78268831795223, "params": {"C": 3731.028331154487, "gamma": 0.0867073389404997}, "datetime": {"datetime": "2021-09-29 17:33:44", "elapsed": 467.758694, "delta": 3.283815}}
{"target": -44.50851384329494, "params": {"C": 3432.3017325918863, "gamma": 0.0829084115254963}, "datetime": {"datetime": "2021-09-29 17:33:46", "elapsed": 469.771073, "delta": 2.012379}}
{"target": -42.43440846282822, "params": {"C": 1125.8655383319579, "gamma": 0.04438246093559663}, "datetime": {"datetime": "2021-09-29 17:33:49", "elapsed": 472.519574, "delta": 2.748501}}
{"target": -41.48933638234734, "params": {"C": 1688.93979977237, "gamma": 0.013909284268834688}, "datetime": {"datetime": "2021-09-29 17:33:53", "elapsed": 476.564, "delta": 4.044426}}
{"target": -42.27174253912396, "params": {"C": 3730.7859933934596, "gamma": 0.022200016214356445}, "datetime": {"datetime": "2021-09-29 17:33:56", "elapsed": 479.606262, "delta": 3.042262}}
{"target": -41.62574485929921, "params": {"C": 3246.553885518067, "gamma": 0.011638285927658878}, "datetime": {"datetime": "2021-09-29 17:33:58", "elapsed": 481.63771, "delta": 2.031448}}
{"target": -41.48794622102354, "params": {"C": 1456.6180706322248, "gamma": 0.009157110091675469}, "datetime": {"datetime": "2021-09-29 17:34:01", "elapsed": 484.375503, "delta": 2.737793}}
{"target": -41.502123974283904, "params": {"C": 1353.5123135945882, "gamma": 0.012291795804739655}, "datetime": {"datetime": "2021-09-29 17:34:04", "elapsed": 488.007521, "delta": 3.632018}}
{"target": -42.63631658572377, "params": {"C": 2108.4821618459537, "gamma": 0.0440786445570865}, "datetime": {"datetime": "2021-09-29 17:34:07", "elapsed": 490.618201, "delta": 2.61068}}
{"target": -41.74299501866122, "params": {"C": 1689.0189415449836, "gamma": 0.02213000060812271}, "datetime": {"datetime": "2021-09-29 17:34:11", "elapsed": 494.538865, "delta": 3.920664}}
{"target": -41.50049007125634, "params": {"C": 2337.7587250698407, "gamma": 0.004429821864414776}, "datetime": {"datetime": "2021-09-29 17:34:14", "elapsed": 497.343216, "delta": 2.804351}}
{"target": -41.8634764214896, "params": {"C": 2957.474993213601, "gamma": 0.017880404884107144}, "datetime": {"datetime": "2021-09-29 17:34:17", "elapsed": 500.308109, "delta": 2.964893}}
{"target": -42.817279796705066, "params": {"C": 3730.911503068764, "gamma": 0.03412510640308392}, "datetime": {"datetime": "2021-09-29 17:34:20", "elapsed": 503.688563, "delta": 3.380454}}
{"target": -41.61567318811202, "params": {"C": 2337.70784878609, "gamma": 0.015398061196157947}, "datetime": {"datetime": "2021-09-29 17:34:23", "elapsed": 507.172548, "delta": 3.483985}}
{"target": -43.69618271503347, "params": {"C": 1356.7549505295592, "gamma": 0.08796156579174688}, "datetime": {"datetime": "2021-09-29 17:34:26", "elapsed": 509.446667, "delta": 2.274119}}
{"target": -42.29904743182308, "params": {"C": 2460.534237959833, "gamma": 0.03169168257316199}, "datetime": {"datetime": "2021-09-29 17:34:28", "elapsed": 511.819417, "delta": 2.37275}}
{"target": -42.748804692428024, "params": {"C": 1688.9494202864826, "gamma": 0.05147758141503421}, "datetime": {"datetime": "2021-09-29 17:34:31", "elapsed": 515.052165, "delta": 3.232748}}
{"target": -43.58534894270115, "params": {"C": 2337.755231431229, "gamma": 0.07031453147499339}, "datetime": {"datetime": "2021-09-29 17:34:35", "elapsed": 519.245752, "delta": 4.193587}}
{"target": -44.78913814349975, "params": {"C": 4173.974058451438, "gamma": 0.07955730903851593}, "datetime": {"datetime": "2021-09-29 17:34:38", "elapsed": 521.87025, "delta": 2.624498}}
{"target": -41.80605570955003, "params": {"C": 4846.0418372277145, "gamma": 0.009699699192205685}, "datetime": {"datetime": "2021-09-29 17:34:41", "elapsed": 524.410898, "delta": 2.540648}}
{"target": -43.558192815980924, "params": {"C": 4846.089005035841, "gamma": 0.042324903452152146}, "datetime": {"datetime": "2021-09-29 17:34:43", "elapsed": 527.265099, "delta": 2.854201}}
{"target": -42.09519860855503, "params": {"C": 3246.4928507950926, "gamma": 0.021245900309484055}, "datetime": {"datetime": "2021-09-29 17:34:46", "elapsed": 529.932469, "delta": 2.66737}}
{"target": -44.013234706635735, "params": {"C": 4709.51744160429, "gamma": 0.05340422783623019}, "datetime": {"datetime": "2021-09-29 17:34:49", "elapsed": 532.445257, "delta": 2.512788}}
{"target": -41.73472319420854, "params": {"C": 2957.4068694197113, "gamma": 0.015121952236783118}, "datetime": {"datetime": "2021-09-29 17:34:54", "elapsed": 537.716766, "delta": 5.271509}}
{"target": -42.459803912912996, "params": {"C": 1870.176957778756, "gamma": 0.04125832887511149}, "datetime": {"datetime": "2021-09-29 17:34:56", "elapsed": 539.913125, "delta": 2.196359}}
{"target": -42.87522467430446, "params": {"C": 2957.777484509618, "gamma": 0.04212197718656037}, "datetime": {"datetime": "2021-09-29 17:35:00", "elapsed": 543.815922, "delta": 3.902797}}
{"target": -42.70240514229948, "params": {"C": 4845.973364730904, "gamma": 0.02490209797190191}, "datetime": {"datetime": "2021-09-29 17:35:03", "elapsed": 546.935988, "delta": 3.120066}}
{"target": -41.52785391679774, "params": {"C": 2957.335559665767, "gamma": 0.010637828425859272}, "datetime": {"datetime": "2021-09-29 17:35:07", "elapsed": 550.581164, "delta": 3.645176}}
{"target": -42.217827838490344, "params": {"C": 3768.9368217002966, "gamma": 0.020898967820367292}, "datetime": {"datetime": "2021-09-29 17:35:09", "elapsed": 552.843166, "delta": 2.262002}}
{"target": -43.820034085910066, "params": {"C": 3246.5814377456086, "gamma": 0.06451077941406226}, "datetime": {"datetime": "2021-09-29 17:35:13", "elapsed": 557.214715, "delta": 4.371549}}
{"target": -42.898968601192564, "params": {"C": 1689.083353713671, "gamma": 0.056173338714202554}, "datetime": {"datetime": "2021-09-29 17:35:19", "elapsed": 562.498537, "delta": 5.283822}}
{"target": -42.078924547868006, "params": {"C": 1203.054098763475, "gamma": 0.033533824646474135}, "datetime": {"datetime": "2021-09-29 17:35:21", "elapsed": 565.146036, "delta": 2.647499}}
{"target": -42.016283817898184, "params": {"C": 1353.5447900861382, "gamma": 0.0043337715112077065}, "datetime": {"datetime": "2021-09-29 17:35:25", "elapsed": 568.858216, "delta": 3.71218}}
{"target": -41.70438801626272, "params": {"C": 2337.6161883471295, "gamma": 0.0032051981978424527}, "datetime": {"datetime": "2021-09-29 17:35:29", "elapsed": 573.008365, "delta": 4.150149}}
{"target": -43.74219554283126, "params": {"C": 3768.8348566393634, "gamma": 0.05611700641675411}, "datetime": {"datetime": "2021-09-29 17:35:34", "elapsed": 578.057522, "delta": 5.049157}}
{"target": -44.94067062725527, "params": {"C": 4203.776497648322, "gamma": 0.08367027023936628}, "datetime": {"datetime": "2021-09-29 17:35:37", "elapsed": 580.323108, "delta": 2.265586}}
{"target": -41.390082096191385, "params": {"C": 2150.7946781134615, "gamma": 0.00754468718029756}, "datetime": {"datetime": "2021-09-29 17:35:40", "elapsed": 584.101525, "delta": 3.778417}}
{"target": -44.22191267903648, "params": {"C": 3730.8407246809397, "gamma": 0.06948255324377535}, "datetime": {"datetime": "2021-09-29 17:35:44", "elapsed": 587.613873, "delta": 3.512348}}
{"target": -43.95527287367405, "params": {"C": 2957.322030192204, "gamma": 0.07279819975914277}, "datetime": {"datetime": "2021-09-29 17:35:47", "elapsed": 590.661877, "delta": 3.048004}}
{"target": -43.68605898431758, "params": {"C": 1751.616643189639, "gamma": 0.08294567382702886}, "datetime": {"datetime": "2021-09-29 17:35:50", "elapsed": 594.204742, "delta": 3.542865}}
{"target": -43.417185921162854, "params": {"C": 1126.0023271177624, "gamma": 0.07770641587535507}, "datetime": {"datetime": "2021-09-29 17:35:55", "elapsed": 598.750235, "delta": 4.545493}}
{"target": -43.84371558644386, "params": {"C": 2337.569713351832, "gamma": 0.07927762280939063}, "datetime": {"datetime": "2021-09-29 17:35:58", "elapsed": 602.072226, "delta": 3.321991}}
{"target": -41.4090437681152, "params": {"C": 2150.750595211413, "gamma": 0.00976882514972367}, "datetime": {"datetime": "2021-09-29 17:36:02", "elapsed": 605.962897, "delta": 3.890671}}
{"target": -43.63071215121525, "params": {"C": 2957.4163472877644, "gamma": 0.06285603482949291}, "datetime": {"datetime": "2021-09-29 17:36:05", "elapsed": 609.027857, "delta": 3.06496}}
{"target": -41.69773047872874, "params": {"C": 3768.9945791273412, "gamma": 0.011123696557584837}, "datetime": {"datetime": "2021-09-29 17:36:09", "elapsed": 613.150863, "delta": 4.123006}}
{"target": -43.49982666414177, "params": {"C": 1437.2520880193802, "gamma": 0.07951317551767804}, "datetime": {"datetime": "2021-09-29 17:36:13", "elapsed": 617.193069, "delta": 4.042206}}
{"target": -43.32992065286213, "params": {"C": 2150.8085465012846, "gamma": 0.06457822727301421}, "datetime": {"datetime": "2021-09-29 17:36:17", "elapsed": 621.233178, "delta": 4.040109}}
{"target": -41.40754553435092, "params": {"C": 3246.4033737925256, "gamma": 0.006395540259751002}, "datetime": {"datetime": "2021-09-29 17:36:22", "elapsed": 626.100107, "delta": 4.866929}}
{"target": -43.55967103010089, "params": {"C": 2394.849188263017, "gamma": 0.06861238851937677}, "datetime": {"datetime": "2021-09-29 17:36:25", "elapsed": 629.251793, "delta": 3.151686}}
{"target": -41.49591645238237, "params": {"C": 2150.7074783297676, "gamma": 0.004911507285307037}, "datetime": {"datetime": "2021-09-29 17:36:29", "elapsed": 632.824202, "delta": 3.572409}}
{"target": -43.16438160352178, "params": {"C": 2150.66999691601, "gamma": 0.05931161416017163}, "datetime": {"datetime": "2021-09-29 17:36:33", "elapsed": 636.592755, "delta": 3.768553}}
{"target": -43.47582974251804, "params": {"C": 3769.064240292041, "gamma": 0.04943692572143521}, "datetime": {"datetime": "2021-09-29 17:36:36", "elapsed": 639.606251, "delta": 3.013496}}
{"target": -42.216846874450425, "params": {"C": 4620.467192159684, "gamma": 0.01705888594803775}, "datetime": {"datetime": "2021-09-29 17:36:39", "elapsed": 642.431504, "delta": 2.825253}}
{"target": -42.650058701084184, "params": {"C": 3337.077465559716, "gamma": 0.033238194112024694}, "datetime": {"datetime": "2021-09-29 17:36:41", "elapsed": 645.022252, "delta": 2.590748}}
{"target": -42.393065532972564, "params": {"C": 1281.3282652682951, "gamma": 0.04307018488512722}, "datetime": {"datetime": "2021-09-29 17:36:44", "elapsed": 648.095121, "delta": 3.072869}}
{"target": -43.43659217171204, "params": {"C": 3616.5812778269, "gamma": 0.04996031613396367}, "datetime": {"datetime": "2021-09-29 17:36:47", "elapsed": 650.886828, "delta": 2.791707}}
{"target": -41.414624511830176, "params": {"C": 2867.2498986666787, "gamma": 0.007911821021475304}, "datetime": {"datetime": "2021-09-29 17:36:50", "elapsed": 653.887156, "delta": 3.000328}}
{"target": -43.83316128471047, "params": {"C": 3246.359417896206, "gamma": 0.06489308521300273}, "datetime": {"datetime": "2021-09-29 17:36:55", "elapsed": 658.401781, "delta": 4.514625}}
{"target": -41.64975694940174, "params": {"C": 1688.8981856514974, "gamma": 0.01934960940240954}, "datetime": {"datetime": "2021-09-29 17:36:58", "elapsed": 662.181902, "delta": 3.780121}}
{"target": -41.72243995259079, "params": {"C": 2867.5714077097173, "gamma": 0.0025178194163009053}, "datetime": {"datetime": "2021-09-29 17:37:04", "elapsed": 668.183563, "delta": 6.001661}}
{"target": -41.538842544662266, "params": {"C": 2062.158503889871, "gamma": 0.00472769416173492}, "datetime": {"datetime": "2021-09-29 17:37:09", "elapsed": 672.616606, "delta": 4.433043}}
{"target": -41.78940577594186, "params": {"C": 4110.793430251877, "gamma": 0.011585175590490299}, "datetime": {"datetime": "2021-09-29 17:37:13", "elapsed": 676.311895, "delta": 3.695289}}
{"target": -41.45553760806217, "params": {"C": 4699.625365611379, "gamma": 0.003954856883032844}, "datetime": {"datetime": "2021-09-29 17:37:16", "elapsed": 679.81323, "delta": 3.501335}}
{"target": -43.78569505280563, "params": {"C": 4699.64430506997, "gamma": 0.048385929189259054}, "datetime": {"datetime": "2021-09-29 17:37:21", "elapsed": 684.315177, "delta": 4.501947}}
{"target": -41.692585403238255, "params": {"C": 4110.902144435828, "gamma": 0.009937796418452435}, "datetime": {"datetime": "2021-09-29 17:37:28", "elapsed": 691.359284, "delta": 7.044107}}
{"target": -42.549240082177626, "params": {"C": 1822.4597081649367, "gamma": 0.04427809941199254}, "datetime": {"datetime": "2021-09-29 17:37:33", "elapsed": 696.827897, "delta": 5.468613}}
{"target": -43.49531406331394, "params": {"C": 4110.867659909029, "gamma": 0.04675836442717687}, "datetime": {"datetime": "2021-09-29 17:37:36", "elapsed": 699.703638, "delta": 2.875741}}
{"target": -44.337718804020014, "params": {"C": 3768.971915524842, "gamma": 0.07227742034534303}, "datetime": {"datetime": "2021-09-29 17:37:40", "elapsed": 703.843031, "delta": 4.139393}}
{"target": -42.96493184141579, "params": {"C": 1458.9004984188482, "gamma": 0.06031120134962282}, "datetime": {"datetime": "2021-09-29 17:37:43", "elapsed": 706.980071, "delta": 3.13704}}
{"target": -43.5882651233778, "params": {"C": 1456.2992932745233, "gamma": 0.08276928060670338}, "datetime": {"datetime": "2021-09-29 17:37:47", "elapsed": 710.733777, "delta": 3.753706}}
{"target": -43.35812318772837, "params": {"C": 2645.058069094952, "gamma": 0.058899021796380645}, "datetime": {"datetime": "2021-09-29 17:37:49", "elapsed": 713.26902, "delta": 2.535243}}
{"target": -42.35932538946066, "params": {"C": 4110.9388863180375, "gamma": 0.021941183350461725}, "datetime": {"datetime": "2021-09-29 17:37:54", "elapsed": 717.503444, "delta": 4.234424}}
{"target": -44.22043869721855, "params": {"C": 3326.0123020470464, "gamma": 0.07538571305507501}, "datetime": {"datetime": "2021-09-29 17:37:56", "elapsed": 720.017096, "delta": 2.513652}}
{"target": -41.43847424084514, "params": {"C": 2957.5733537057886, "gamma": 0.008383293261788455}, "datetime": {"datetime": "2021-09-29 17:38:04", "elapsed": 727.506132, "delta": 7.489036}}
{"target": -41.51125667251972, "params": {"C": 2337.6447477590273, "gamma": 0.012663290785470219}, "datetime": {"datetime": "2021-09-29 17:38:08", "elapsed": 732.01447, "delta": 4.508338}}
{"target": -45.149158553596685, "params": {"C": 4620.5327030760345, "gamma": 0.08339130709844453}, "datetime": {"datetime": "2021-09-29 17:38:11", "elapsed": 735.186702, "delta": 3.172232}}
{"target": -41.96014422212133, "params": {"C": 1688.5880160169559, "gamma": 0.028380089467581505}, "datetime": {"datetime": "2021-09-29 17:38:16", "elapsed": 739.759778, "delta": 4.573076}}
{"target": -42.327645844727186, "params": {"C": 4110.737973153758, "gamma": 0.021322423103167495}, "datetime": {"datetime": "2021-09-29 17:38:20", "elapsed": 743.666546, "delta": 3.906768}}
{"target": -43.97431880498204, "params": {"C": 2099.599153311171, "gamma": 0.08849651943984035}, "datetime": {"datetime": "2021-09-29 17:38:22", "elapsed": 746.144631, "delta": 2.478085}}
{"target": -41.49757094507784, "params": {"C": 2772.5808386551007, "gamma": 0.010603101148942676}, "datetime": {"datetime": "2021-09-29 17:38:26", "elapsed": 749.590918, "delta": 3.446287}}
{"target": -43.78824927780796, "params": {"C": 1688.6035909895427, "gamma": 0.08792668872385585}, "datetime": {"datetime": "2021-09-29 17:38:30", "elapsed": 754.085295, "delta": 4.494377}}
{"target": -42.32308585577005, "params": {"C": 1092.4629682105392, "gamma": 0.040824088014930114}, "datetime": {"datetime": "2021-09-29 17:38:34", "elapsed": 757.894744, "delta": 3.809449}}
{"target": -43.67262047630813, "params": {"C": 1676.877371727739, "gamma": 0.08347608746578196}, "datetime": {"datetime": "2021-09-29 17:38:38", "elapsed": 761.430297, "delta": 3.535553}}
{"target": -41.61774446621476, "params": {"C": 2867.3492415188675, "gamma": 0.0029067335952709995}, "datetime": {"datetime": "2021-09-29 17:38:43", "elapsed": 767.220615, "delta": 5.790318}}
{"target": -43.5435452602326, "params": {"C": 1212.1768472112326, "gamma": 0.08254712493274483}, "datetime": {"datetime": "2021-09-29 17:38:48", "elapsed": 772.192231, "delta": 4.971616}}
{"target": -43.27618272099378, "params": {"C": 4620.404856428959, "gamma": 0.0378975003822182}, "datetime": {"datetime": "2021-09-29 17:38:53", "elapsed": 776.755057, "delta": 4.562826}}
