{"target": -34.33247487276551, "params": {"C": 47374.04135760059, "gamma": 0.009451761702326903}, "datetime": {"datetime": "2021-09-29 09:49:55", "elapsed": 48.424832, "delta": 0.557172}}
{"target": -36.85214820023941, "params": {"C": 45962.75355277908, "gamma": 0.07110767703680335}, "datetime": {"datetime": "2021-09-29 09:49:55", "elapsed": 48.96283, "delta": 0.537998}}
{"target": -35.88846149891704, "params": {"C": 47552.99478824017, "gamma": 0.051048595986553154}, "datetime": {"datetime": "2021-09-29 09:49:56", "elapsed": 49.533827, "delta": 0.570997}}
{"target": -34.28545193917802, "params": {"C": 51422.76817749336, "gamma": 0.010002412344937324}, "datetime": {"datetime": "2021-09-29 09:49:57", "elapsed": 50.210828, "delta": 0.677001}}
{"target": -37.56221686800695, "params": {"C": 49368.665345676956, "gamma": 0.08325599219312768}, "datetime": {"datetime": "2021-09-29 09:49:57", "elapsed": 50.773163, "delta": 0.562335}}
{"target": -37.98772819928013, "params": {"C": 48366.39927198913, "gamma": 0.09425230294894939}, "datetime": {"datetime": "2021-09-29 09:49:58", "elapsed": 51.363862, "delta": 0.590699}}
{"target": -34.57236958374477, "params": {"C": 50904.79914657566, "gamma": 0.023173261365048593}, "datetime": {"datetime": "2021-09-29 09:49:59", "elapsed": 52.077861, "delta": 0.713999}}
{"target": -36.23619267111262, "params": {"C": 49666.907460528586, "gamma": 0.05649049719129591}, "datetime": {"datetime": "2021-09-29 09:49:59", "elapsed": 52.832203, "delta": 0.754342}}
{"target": -35.55870362095362, "params": {"C": 48755.7181527686, "gamma": 0.04435101866112554}, "datetime": {"datetime": "2021-09-29 09:50:00", "elapsed": 53.425206, "delta": 0.593003}}
{"target": -37.486867817252, "params": {"C": 48289.56838863907, "gamma": 0.08267105583238664}, "datetime": {"datetime": "2021-09-29 09:50:00", "elapsed": 54.042206, "delta": 0.617}}
{"target": -38.13395833143642, "params": {"C": 49859.031952683785, "gamma": 0.09651521900574093}, "datetime": {"datetime": "2021-09-29 09:50:01", "elapsed": 54.633442, "delta": 0.591236}}
{"target": -34.6152363909038, "params": {"C": 50682.736857288524, "gamma": 0.024574750456501277}, "datetime": {"datetime": "2021-09-29 09:50:02", "elapsed": 55.283441, "delta": 0.649999}}
{"target": -34.27905569674131, "params": {"C": 48531.666160478075, "gamma": 0.013534785935439764}, "datetime": {"datetime": "2021-09-29 09:50:02", "elapsed": 55.919439, "delta": 0.635998}}
{"target": -35.33624138623684, "params": {"C": 46038.60148475502, "gamma": 0.04112188952948734}, "datetime": {"datetime": "2021-09-29 09:50:03", "elapsed": 56.559551, "delta": 0.640112}}
{"target": -36.35531808127808, "params": {"C": 48585.939754924635, "gamma": 0.05928931009173298}, "datetime": {"datetime": "2021-09-29 09:50:04", "elapsed": 57.195548, "delta": 0.635997}}
{"target": -35.165784353994844, "params": {"C": 45234.030635193914, "gamma": 0.03800374308245813}, "datetime": {"datetime": "2021-09-29 09:50:04", "elapsed": 57.840559, "delta": 0.645011}}
{"target": -34.61161086756417, "params": {"C": 50505.08850560547, "gamma": 0.024501389304119253}, "datetime": {"datetime": "2021-09-29 09:50:05", "elapsed": 58.431023, "delta": 0.590464}}
{"target": -36.36393983951045, "params": {"C": 52484.70237095456, "gamma": 0.057495197607060934}, "datetime": {"datetime": "2021-09-29 09:50:05", "elapsed": 59.037022, "delta": 0.605999}}
{"target": -34.548273227124504, "params": {"C": 49935.30912392779, "gamma": 0.022613618969981316}, "datetime": {"datetime": "2021-09-29 09:50:06", "elapsed": 59.91302, "delta": 0.875998}}
{"target": -37.29132964126118, "params": {"C": 52107.567380647146, "gamma": 0.07545217706372374}, "datetime": {"datetime": "2021-09-29 09:50:07", "elapsed": 60.615053, "delta": 0.702033}}
{"target": -34.32026283942875, "params": {"C": 52563.7598346975, "gamma": 0.014916186903445754}, "datetime": {"datetime": "2021-09-29 09:50:08", "elapsed": 61.249649, "delta": 0.634596}}
{"target": -34.733559134026734, "params": {"C": 47619.232570038046, "gamma": 0.028217681303474577}, "datetime": {"datetime": "2021-09-29 09:50:08", "elapsed": 61.911656, "delta": 0.662007}}
{"target": -34.59680426138065, "params": {"C": 53229.565671532924, "gamma": 0.02345851048582957}, "datetime": {"datetime": "2021-09-29 09:50:09", "elapsed": 62.531103, "delta": 0.619447}}
{"target": -36.975113574432214, "params": {"C": 49257.663188190425, "gamma": 0.07128320122245828}, "datetime": {"datetime": "2021-09-29 09:50:10", "elapsed": 63.192107, "delta": 0.661004}}
{"target": -35.654244064770424, "params": {"C": 50022.29828367061, "gamma": 0.04562437938506297}, "datetime": {"datetime": "2021-09-29 09:50:10", "elapsed": 63.916162, "delta": 0.724055}}
{"target": -34.25158400791244, "params": {"C": 52511.80607532993, "gamma": 0.01173248688335845}, "datetime": {"datetime": "2021-09-29 09:50:11", "elapsed": 64.611528, "delta": 0.695366}}
{"target": -35.19344095356941, "params": {"C": 49541.28269733302, "gamma": 0.037091709043569045}, "datetime": {"datetime": "2021-09-29 09:50:12", "elapsed": 65.454523, "delta": 0.842995}}
{"target": -35.094500880150186, "params": {"C": 49061.64559232038, "gamma": 0.03532374156514181}, "datetime": {"datetime": "2021-09-29 09:50:13", "elapsed": 66.230143, "delta": 0.77562}}
{"target": -37.825095543233815, "params": {"C": 52986.11843707974, "gamma": 0.08559905830367807}, "datetime": {"datetime": "2021-09-29 09:50:13", "elapsed": 66.940595, "delta": 0.710452}}
{"target": -36.939331617621455, "params": {"C": 47468.84690954359, "gamma": 0.07183201278715709}, "datetime": {"datetime": "2021-09-29 09:50:14", "elapsed": 67.604594, "delta": 0.663999}}
{"target": -34.346575081239216, "params": {"C": 53734.57268840172, "gamma": 0.01591539469651374}, "datetime": {"datetime": "2021-09-29 09:50:15", "elapsed": 68.273597, "delta": 0.669003}}
{"target": -34.35356310543155, "params": {"C": 46320.98263459124, "gamma": 0.017038535132675964}, "datetime": {"datetime": "2021-09-29 09:50:15", "elapsed": 68.921755, "delta": 0.648158}}
{"target": -37.58883667714544, "params": {"C": 48749.623738976916, "gamma": 0.08438077340597015}, "datetime": {"datetime": "2021-09-29 09:50:16", "elapsed": 69.707758, "delta": 0.786003}}
{"target": -37.57123611531678, "params": {"C": 46558.986497743994, "gamma": 0.0861050121363495}, "datetime": {"datetime": "2021-09-29 09:50:17", "elapsed": 70.553224, "delta": 0.845466}}
{"target": -35.83677341758083, "params": {"C": 53509.374367755394, "gamma": 0.04750176088860667}, "datetime": {"datetime": "2021-09-29 09:50:18", "elapsed": 71.300846, "delta": 0.747622}}
{"target": -34.76159850648464, "params": {"C": 52642.49972544334, "gamma": 0.027624435745243345}, "datetime": {"datetime": "2021-09-29 09:50:18", "elapsed": 71.987843, "delta": 0.686997}}
{"target": -35.88053540729349, "params": {"C": 48242.910861868404, "gamma": 0.05056732500825508}, "datetime": {"datetime": "2021-09-29 09:50:19", "elapsed": 72.6322, "delta": 0.644357}}
{"target": -36.87660255508795, "params": {"C": 53503.88189418295, "gamma": 0.06662339570314753}, "datetime": {"datetime": "2021-09-29 09:50:20", "elapsed": 73.330199, "delta": 0.697999}}
{"target": -34.39336757635588, "params": {"C": 53169.0877925793, "gamma": 0.017573541103190267}, "datetime": {"datetime": "2021-09-29 09:50:21", "elapsed": 74.077204, "delta": 0.747005}}
{"target": -36.66452517329551, "params": {"C": 48149.22416993294, "gamma": 0.06547705665124366}, "datetime": {"datetime": "2021-09-29 09:50:21", "elapsed": 74.764383, "delta": 0.687179}}
{"target": -37.65532853196862, "params": {"C": 49432.8734141405, "gamma": 0.08517853177718773}, "datetime": {"datetime": "2021-09-29 09:50:22", "elapsed": 75.424384, "delta": 0.660001}}
{"target": -34.55168228343814, "params": {"C": 53002.98463981711, "gamma": 0.007139085864459867}, "datetime": {"datetime": "2021-09-29 09:50:23", "elapsed": 76.123071, "delta": 0.698687}}
{"target": -35.806883386297955, "params": {"C": 49804.89868326676, "gamma": 0.04847899082624283}, "datetime": {"datetime": "2021-09-29 09:50:23", "elapsed": 76.893229, "delta": 0.770158}}
{"target": -35.446546296518875, "params": {"C": 50788.19955432922, "gamma": 0.04150352659894276}, "datetime": {"datetime": "2021-09-29 09:50:24", "elapsed": 77.566227, "delta": 0.672998}}
{"target": -35.65566647405332, "params": {"C": 51587.86425265259, "gamma": 0.04504193588792755}, "datetime": {"datetime": "2021-09-29 09:50:25", "elapsed": 78.266232, "delta": 0.700005}}
{"target": -37.00110722742135, "params": {"C": 46635.27266091962, "gamma": 0.07379179303178977}, "datetime": {"datetime": "2021-09-29 09:50:25", "elapsed": 79.00707, "delta": 0.740838}}
{"target": -34.940174174143976, "params": {"C": 48487.701288775424, "gamma": 0.03250681522664722}, "datetime": {"datetime": "2021-09-29 09:50:26", "elapsed": 79.736068, "delta": 0.728998}}
{"target": -37.07423354919469, "params": {"C": 45783.8720316772, "gamma": 0.07613764588727524}, "datetime": {"datetime": "2021-09-29 09:50:27", "elapsed": 80.514066, "delta": 0.777998}}
{"target": -36.337549546060124, "params": {"C": 46315.492403510245, "gamma": 0.060184628814666644}, "datetime": {"datetime": "2021-09-29 09:50:28", "elapsed": 81.203849, "delta": 0.689783}}
{"target": -37.59486141147866, "params": {"C": 52929.66946222426, "gamma": 0.08089591301914145}, "datetime": {"datetime": "2021-09-29 09:50:29", "elapsed": 82.05785, "delta": 0.854001}}
{"target": -38.14277489525687, "params": {"C": 50344.55827880558, "gamma": 0.0961905196638657}, "datetime": {"datetime": "2021-09-29 09:50:29", "elapsed": 82.754035, "delta": 0.696185}}
{"target": -37.06047503651648, "params": {"C": 53689.781261062286, "gamma": 0.07000319311085082}, "datetime": {"datetime": "2021-09-29 09:50:30", "elapsed": 83.497032, "delta": 0.742997}}
{"target": -36.748262130607436, "params": {"C": 50445.17110608576, "gamma": 0.06580074408898086}, "datetime": {"datetime": "2021-09-29 09:50:31", "elapsed": 84.214032, "delta": 0.717}}
{"target": -35.755338065052136, "params": {"C": 54816.308708841694, "gamma": 0.04557957003520392}, "datetime": {"datetime": "2021-09-29 09:50:31", "elapsed": 84.950196, "delta": 0.736164}}
{"target": -36.42257517872659, "params": {"C": 47158.85294843858, "gamma": 0.061308783724771}, "datetime": {"datetime": "2021-09-29 09:50:32", "elapsed": 85.694193, "delta": 0.743997}}
{"target": -36.903423423824684, "params": {"C": 47127.69278935648, "gamma": 0.07133630427170405}, "datetime": {"datetime": "2021-09-29 09:50:33", "elapsed": 86.481926, "delta": 0.787733}}
{"target": -38.11510041269093, "params": {"C": 54576.614977044366, "gamma": 0.0909008904067222}, "datetime": {"datetime": "2021-09-29 09:50:34", "elapsed": 87.221483, "delta": 0.739557}}
{"target": -36.7719891676111, "params": {"C": 51872.469554046824, "gamma": 0.0654417012059551}, "datetime": {"datetime": "2021-09-29 09:50:35", "elapsed": 88.144479, "delta": 0.922996}}
{"target": -37.49358695773303, "params": {"C": 45647.7518537334, "gamma": 0.08531757307848736}, "datetime": {"datetime": "2021-09-29 09:50:35", "elapsed": 88.898277, "delta": 0.753798}}
{"target": -34.901746251500384, "params": {"C": 54660.772655945606, "gamma": 0.030172216386124606}, "datetime": {"datetime": "2021-09-29 09:50:36", "elapsed": 89.674277, "delta": 0.776}}
{"target": -38.23719329356496, "params": {"C": 52997.989416621065, "gamma": 0.09581421574305153}, "datetime": {"datetime": "2021-09-29 09:50:37", "elapsed": 90.424279, "delta": 0.750002}}
{"target": -35.59172178694383, "params": {"C": 45874.63485924397, "gamma": 0.04617049809553398}, "datetime": {"datetime": "2021-09-29 09:50:38", "elapsed": 91.230098, "delta": 0.805819}}
{"target": -36.0259670733073, "params": {"C": 46935.64158991556, "gamma": 0.05397441678038623}, "datetime": {"datetime": "2021-09-29 09:50:38", "elapsed": 92.036097, "delta": 0.805999}}
{"target": -36.20054731814084, "params": {"C": 47801.54984717847, "gamma": 0.05674726222841694}, "datetime": {"datetime": "2021-09-29 09:50:39", "elapsed": 92.770496, "delta": 0.734399}}
{"target": -36.97339231684909, "params": {"C": 49369.50533583962, "gamma": 0.07116875528591465}, "datetime": {"datetime": "2021-09-29 09:50:40", "elapsed": 93.492491, "delta": 0.721995}}
{"target": -37.29977797533385, "params": {"C": 54280.841508068435, "gamma": 0.07404517572910961}, "datetime": {"datetime": "2021-09-29 09:50:41", "elapsed": 94.208492, "delta": 0.716001}}
{"target": -37.23679755566855, "params": {"C": 53528.751472644726, "gamma": 0.07340489473117559}, "datetime": {"datetime": "2021-09-29 09:50:42", "elapsed": 95.055401, "delta": 0.846909}}
{"target": -34.4305116511293, "params": {"C": 52315.82477397777, "gamma": 0.007879152080681358}, "datetime": {"datetime": "2021-09-29 09:50:42", "elapsed": 95.999345, "delta": 0.943944}}
{"target": -34.42634786663913, "params": {"C": 49824.75064771926, "gamma": 0.00810920084664255}, "datetime": {"datetime": "2021-09-29 09:50:43", "elapsed": 96.84807, "delta": 0.848725}}
{"target": -36.55846046925396, "params": {"C": 45180.71797396058, "gamma": 0.06518752898140961}, "datetime": {"datetime": "2021-09-29 09:50:44", "elapsed": 97.79807, "delta": 0.95}}
{"target": -34.392922466316115, "params": {"C": 45779.875270062344, "gamma": 0.01876839763433555}, "datetime": {"datetime": "2021-09-29 09:50:45", "elapsed": 98.487071, "delta": 0.689001}}
{"target": -35.287602727342595, "params": {"C": 45568.46839543985, "gamma": 0.040355637006681565}, "datetime": {"datetime": "2021-09-29 09:50:46", "elapsed": 99.247231, "delta": 0.76016}}
{"target": -35.33718474169579, "params": {"C": 46465.107165614114, "gamma": 0.040982024728314206}, "datetime": {"datetime": "2021-09-29 09:50:47", "elapsed": 100.192229, "delta": 0.944998}}
{"target": -37.525309571064945, "params": {"C": 49102.68473093744, "gamma": 0.08273077754541552}, "datetime": {"datetime": "2021-09-29 09:50:48", "elapsed": 101.21397, "delta": 1.021741}}
{"target": -34.24358536083963, "params": {"C": 52469.033090705445, "gamma": 0.011054677559362134}, "datetime": {"datetime": "2021-09-29 09:50:48", "elapsed": 102.03797, "delta": 0.824}}
{"target": -37.08517767752129, "params": {"C": 52025.30273190664, "gamma": 0.07160510843205198}, "datetime": {"datetime": "2021-09-29 09:50:49", "elapsed": 102.926134, "delta": 0.888164}}
{"target": -34.530078162392776, "params": {"C": 45195.91425199333, "gamma": 0.02318759145180702}, "datetime": {"datetime": "2021-09-29 09:50:50", "elapsed": 103.886136, "delta": 0.960002}}
{"target": -37.97247790148723, "params": {"C": 47204.52620421736, "gamma": 0.09522267962572041}, "datetime": {"datetime": "2021-09-29 09:50:51", "elapsed": 104.701836, "delta": 0.8157}}
{"target": -34.34976075727899, "params": {"C": 45908.349752468785, "gamma": 0.016923131130211558}, "datetime": {"datetime": "2021-09-29 09:50:52", "elapsed": 105.500834, "delta": 0.798998}}
{"target": -37.89612949349191, "params": {"C": 45294.868389302894, "gamma": 0.09546860559293101}, "datetime": {"datetime": "2021-09-29 09:50:53", "elapsed": 106.501685, "delta": 1.000851}}
{"target": -34.611751406648814, "params": {"C": 54319.51832347526, "gamma": 0.023719755187187858}, "datetime": {"datetime": "2021-09-29 09:50:54", "elapsed": 107.897172, "delta": 1.395487}}
{"target": -36.4905788490496, "params": {"C": 49146.66989681566, "gamma": 0.06146874456717238}, "datetime": {"datetime": "2021-09-29 09:50:55", "elapsed": 108.943381, "delta": 1.046209}}
{"target": -35.8397519995256, "params": {"C": 48715.19036962341, "gamma": 0.0495737893796268}, "datetime": {"datetime": "2021-09-29 09:50:57", "elapsed": 110.32238, "delta": 1.378999}}
{"target": -36.59231075769032, "params": {"C": 50160.70816997312, "gamma": 0.06284118953831866}, "datetime": {"datetime": "2021-09-29 09:50:58", "elapsed": 111.334615, "delta": 1.012235}}
{"target": -35.01623097498859, "params": {"C": 51051.35645627222, "gamma": 0.033249293031247996}, "datetime": {"datetime": "2021-09-29 09:50:59", "elapsed": 112.31162, "delta": 0.977005}}
{"target": -36.33785126568563, "params": {"C": 50616.82411048776, "gamma": 0.057927224432209816}, "datetime": {"datetime": "2021-09-29 09:51:00", "elapsed": 113.154071, "delta": 0.842451}}
{"target": -34.40068082030616, "params": {"C": 52218.38057354206, "gamma": 0.017922954092002133}, "datetime": {"datetime": "2021-09-29 09:51:01", "elapsed": 114.171072, "delta": 1.017001}}
{"target": -35.198335929201285, "params": {"C": 47085.04563386045, "gamma": 0.03800372589514249}, "datetime": {"datetime": "2021-09-29 09:51:02", "elapsed": 115.382291, "delta": 1.211219}}
{"target": -35.19066018928866, "params": {"C": 49772.50936666824, "gamma": 0.03696431610486593}, "datetime": {"datetime": "2021-09-29 09:51:03", "elapsed": 116.252922, "delta": 0.870631}}
{"target": -37.408828035879786, "params": {"C": 45251.01661470729, "gamma": 0.0838771050671301}, "datetime": {"datetime": "2021-09-29 09:51:04", "elapsed": 117.36836, "delta": 1.115438}}
{"target": -34.64502922899514, "params": {"C": 45449.63298040035, "gamma": 0.026766816528764163}, "datetime": {"datetime": "2021-09-29 09:51:05", "elapsed": 118.36936, "delta": 1.001}}
{"target": -38.06261796592849, "params": {"C": 46590.10902765021, "gamma": 0.09853963065055373}, "datetime": {"datetime": "2021-09-29 09:51:06", "elapsed": 119.250789, "delta": 0.881429}}
{"target": -36.80935793929533, "params": {"C": 54494.86106298791, "gamma": 0.0647128072999185}, "datetime": {"datetime": "2021-09-29 09:51:07", "elapsed": 120.15179, "delta": 0.901001}}
{"target": -38.22759410319658, "params": {"C": 54706.02844165869, "gamma": 0.09368391058229388}, "datetime": {"datetime": "2021-09-29 09:51:07", "elapsed": 121.033742, "delta": 0.881952}}
{"target": -37.341565533582454, "params": {"C": 47604.69012694531, "gamma": 0.08014304514982634}, "datetime": {"datetime": "2021-09-29 09:51:08", "elapsed": 121.92074, "delta": 0.886998}}
{"target": -38.2140420985571, "params": {"C": 49264.75925593079, "gamma": 0.09960840286993522}, "datetime": {"datetime": "2021-09-29 09:51:10", "elapsed": 123.117938, "delta": 1.197198}}
{"target": -34.28145967761708, "params": {"C": 50108.5320997517, "gamma": 0.013486094509108305}, "datetime": {"datetime": "2021-09-29 09:51:11", "elapsed": 124.101942, "delta": 0.984004}}
{"target": -36.97123848213748, "params": {"C": 53157.47284207448, "gamma": 0.06862033306722916}, "datetime": {"datetime": "2021-09-29 09:51:12", "elapsed": 125.118104, "delta": 1.016162}}
{"target": -37.393294085822525, "params": {"C": 48436.855898373404, "gamma": 0.08051529689989326}, "datetime": {"datetime": "2021-09-29 09:51:13", "elapsed": 126.072809, "delta": 0.954705}}
{"target": -34.51626612944011, "params": {"C": 50387.011385112586, "gamma": 0.02151201931238188}, "datetime": {"datetime": "2021-09-29 09:51:14", "elapsed": 127.313296, "delta": 1.240487}}
{"target": -36.05130221004747, "params": {"C": 49455.149111832085, "gamma": 0.05315107310933523}, "datetime": {"datetime": "2021-09-29 09:51:15", "elapsed": 128.302299, "delta": 0.989003}}
{"target": -34.34386479570486, "params": {"C": 51296.01565923056, "gamma": 0.016049473108982453}, "datetime": {"datetime": "2021-09-29 09:51:16", "elapsed": 129.260488, "delta": 0.958189}}
{"target": -36.08599966109884, "params": {"C": 54786.65949244301, "gamma": 0.05131936473152519}, "datetime": {"datetime": "2021-09-29 09:51:17", "elapsed": 130.352488, "delta": 1.092}}
{"target": -35.88669071676476, "params": {"C": 46578.75450630453, "gamma": 0.051491560007123995}, "datetime": {"datetime": "2021-09-29 09:51:18", "elapsed": 131.311449, "delta": 0.958961}}
{"target": -35.91516999548206, "params": {"C": 51182.020809651236, "gamma": 0.04989424417633341}, "datetime": {"datetime": "2021-09-29 09:51:19", "elapsed": 132.192444, "delta": 0.880995}}
{"target": -34.82743066930367, "params": {"C": 48237.38930926577, "gamma": 0.030150266952763422}, "datetime": {"datetime": "2021-09-29 09:51:20", "elapsed": 133.152649, "delta": 0.960205}}
{"target": -37.466689902627664, "params": {"C": 47969.65061489019, "gamma": 0.08254756840802531}, "datetime": {"datetime": "2021-09-29 09:51:20", "elapsed": 134.038645, "delta": 0.885996}}
{"target": -34.87571061982415, "params": {"C": 51536.08972031025, "gamma": 0.0059674643392706814}, "datetime": {"datetime": "2021-09-29 09:51:22", "elapsed": 135.535809, "delta": 1.497164}}
{"target": -36.91518613717311, "params": {"C": 51890.23502192524, "gamma": 0.06833191250622848}, "datetime": {"datetime": "2021-09-29 09:51:23", "elapsed": 136.589474, "delta": 1.053665}}
{"target": -34.95793281640772, "params": {"C": 51932.20149394456, "gamma": 0.031915796330818084}, "datetime": {"datetime": "2021-09-29 09:51:24", "elapsed": 137.557677, "delta": 0.968203}}
{"target": -34.412541507031385, "params": {"C": 50687.598565980064, "gamma": 0.01850876687046054}, "datetime": {"datetime": "2021-09-29 09:51:26", "elapsed": 139.090833, "delta": 1.533156}}
{"target": -38.00042195481207, "params": {"C": 53326.70659502144, "gamma": 0.0893013020540216}, "datetime": {"datetime": "2021-09-29 09:51:26", "elapsed": 139.998831, "delta": 0.907998}}
{"target": -34.28125067186512, "params": {"C": 47560.465311014006, "gamma": 0.013729842952590103}, "datetime": {"datetime": "2021-09-29 09:51:27", "elapsed": 141.045, "delta": 1.046169}}
{"target": -37.82533683018606, "params": {"C": 47481.71430569166, "gamma": 0.09109559714556771}, "datetime": {"datetime": "2021-09-29 09:51:29", "elapsed": 142.357997, "delta": 1.312997}}
{"target": -37.38627198687409, "params": {"C": 48109.197709746375, "gamma": 0.08065512088552926}, "datetime": {"datetime": "2021-09-29 09:51:30", "elapsed": 143.409188, "delta": 1.051191}}
{"target": -38.35689835662331, "params": {"C": 54008.49924652571, "gamma": 0.0979406076588659}, "datetime": {"datetime": "2021-09-29 09:51:31", "elapsed": 144.520184, "delta": 1.110996}}
{"target": -35.42758443742097, "params": {"C": 49253.489526138255, "gamma": 0.04168460664838042}, "datetime": {"datetime": "2021-09-29 09:51:32", "elapsed": 145.549342, "delta": 1.029158}}
