{"target": -65.93258123234055, "params": {"C": 4170.803025021038, "gamma": 0.7203524609928139}, "datetime": {"datetime": "2021-10-04 11:26:20", "elapsed": 0.0, "delta": 0.0}}
{"target": -75.27447992490433, "params": {"C": 2.1436337986315213, "gamma": 0.30240233937457656}, "datetime": {"datetime": "2021-10-04 11:26:20", "elapsed": 0.169334, "delta": 0.169334}}
{"target": -59.10838912074788, "params": {"C": 1468.4121522803134, "gamma": 0.09242936090932093}, "datetime": {"datetime": "2021-10-04 11:26:20", "elapsed": 0.323014, "delta": 0.15368}}
{"target": -65.98741676417472, "params": {"C": 1863.4158535653314, "gamma": 0.3456261709703434}, "datetime": {"datetime": "2021-10-04 11:26:20", "elapsed": 0.501441, "delta": 0.178427}}
{"target": -65.00903233397551, "params": {"C": 3968.2779748324688, "gamma": 0.5388628523299566}, "datetime": {"datetime": "2021-10-04 11:26:20", "elapsed": 0.685992, "delta": 0.184551}}
{"target": -74.47612487904556, "params": {"C": 1088.741401415511, "gamma": 0.0001}, "datetime": {"datetime": "2021-10-04 11:26:21", "elapsed": 1.011451, "delta": 0.325459}}
{"target": -69.09718659807953, "params": {"C": 1469.4362152648632, "gamma": 0.5247634340228151}, "datetime": {"datetime": "2021-10-04 11:26:21", "elapsed": 1.241683, "delta": 0.230232}}
{"target": -69.54164730823331, "params": {"C": 1493.9178250241218, "gamma": 0.6288488828263623}, "datetime": {"datetime": "2021-10-04 11:26:21", "elapsed": 1.477254, "delta": 0.235571}}
{"target": -71.52208998737345, "params": {"C": 861.6349082130016, "gamma": 0.7587154684288088}, "datetime": {"datetime": "2021-10-04 11:26:21", "elapsed": 1.751272, "delta": 0.274018}}
{"target": -56.56537333552247, "params": {"C": 3956.878494185454, "gamma": 0.16154202603743495}, "datetime": {"datetime": "2021-10-04 11:26:22", "elapsed": 1.98027, "delta": 0.228998}}
{"target": -60.14936076126201, "params": {"C": 8877.08261353403, "gamma": 0.44725552958800957}, "datetime": {"datetime": "2021-10-04 11:26:22", "elapsed": 2.2196, "delta": 0.23933}}
{"target": -61.79305026698303, "params": {"C": 4323.50939574004, "gamma": 0.3520844190242369}, "datetime": {"datetime": "2021-10-04 11:26:22", "elapsed": 2.531036, "delta": 0.311436}}
{"target": -60.952547754160896, "params": {"C": 6099.385217051612, "gamma": 0.39293640890226506}, "datetime": {"datetime": "2021-10-04 11:26:22", "elapsed": 2.812496, "delta": 0.28146}}
{"target": -64.64091623452398, "params": {"C": 5532.4599115943165, "gamma": 0.7020779946332492}, "datetime": {"datetime": "2021-10-04 11:26:23", "elapsed": 3.106985, "delta": 0.294489}}
{"target": -67.97498306124938, "params": {"C": 1485.3000029868201, "gamma": 0.4067430140759853}, "datetime": {"datetime": "2021-10-04 11:26:23", "elapsed": 3.349298, "delta": 0.242313}}
{"target": -71.6712528521066, "params": {"C": 669.0072560065189, "gamma": 0.5343334405277582}, "datetime": {"datetime": "2021-10-04 11:26:23", "elapsed": 3.595295, "delta": 0.245997}}
{"target": -61.15770234402894, "params": {"C": 3392.649652673177, "gamma": 0.27496644571410184}, "datetime": {"datetime": "2021-10-04 11:26:23", "elapsed": 3.890968, "delta": 0.295673}}
{"target": -60.681536774331015, "params": {"C": 8877.29380126928, "gamma": 0.48119264159722763}, "datetime": {"datetime": "2021-10-04 11:26:24", "elapsed": 4.14869, "delta": 0.257722}}
{"target": -66.55401907045524, "params": {"C": 3956.535300861249, "gamma": 0.8571196174281267}, "datetime": {"datetime": "2021-10-04 11:26:24", "elapsed": 4.39213, "delta": 0.24344}}
{"target": -58.654560078187636, "params": {"C": 3957.0551699703246, "gamma": 0.22254581964737744}, "datetime": {"datetime": "2021-10-04 11:26:24", "elapsed": 4.650549, "delta": 0.258419}}
{"target": -67.75210227224619, "params": {"C": 1467.8378262376514, "gamma": 0.3864806053765313}, "datetime": {"datetime": "2021-10-04 11:26:25", "elapsed": 4.948797, "delta": 0.298248}}
{"target": -67.17855712679506, "params": {"C": 3392.465041070916, "gamma": 0.8757149712158364}, "datetime": {"datetime": "2021-10-04 11:26:25", "elapsed": 5.243214, "delta": 0.294417}}
{"target": -56.310763597677294, "params": {"C": 3955.9871488511108, "gamma": 0.15407323630482198}, "datetime": {"datetime": "2021-10-04 11:26:25", "elapsed": 5.55924, "delta": 0.316026}}
{"target": -53.53637057858149, "params": {"C": 3956.5713357332943, "gamma": 0.062035657700834926}, "datetime": {"datetime": "2021-10-04 11:26:25", "elapsed": 5.815157, "delta": 0.255917}}
{"target": -62.58796226052114, "params": {"C": 3954.6603317209424, "gamma": 0.3680656869460604}, "datetime": {"datetime": "2021-10-04 11:26:26", "elapsed": 6.078107, "delta": 0.26295}}
{"target": -55.52047271977872, "params": {"C": 3393.8878956168032, "gamma": 0.016400008518140424}, "datetime": {"datetime": "2021-10-04 11:26:26", "elapsed": 6.342828, "delta": 0.264721}}
{"target": -66.34269203463711, "params": {"C": 3394.169660520809, "gamma": 0.6265738701645457}, "datetime": {"datetime": "2021-10-04 11:26:26", "elapsed": 6.6104, "delta": 0.267572}}
{"target": -63.58906084756688, "params": {"C": 8876.586030267033, "gamma": 0.9788752166218546}, "datetime": {"datetime": "2021-10-04 11:26:27", "elapsed": 6.926494, "delta": 0.316094}}
{"target": -54.208193280275665, "params": {"C": 3393.494927177772, "gamma": 0.06466357552103219}, "datetime": {"datetime": "2021-10-04 11:26:27", "elapsed": 7.196115, "delta": 0.269621}}
{"target": -63.194009730384074, "params": {"C": 6100.777270541216, "gamma": 0.5514298605158622}, "datetime": {"datetime": "2021-10-04 11:26:27", "elapsed": 7.465707, "delta": 0.269592}}
{"target": -61.99307746249319, "params": {"C": 6098.300333864201, "gamma": 0.4509826989961283}, "datetime": {"datetime": "2021-10-04 11:26:27", "elapsed": 7.766581, "delta": 0.300874}}
{"target": -64.78784787906059, "params": {"C": 4325.655380676273, "gamma": 0.5591968998992299}, "datetime": {"datetime": "2021-10-04 11:26:28", "elapsed": 8.083108, "delta": 0.316527}}
{"target": -59.9410045098523, "params": {"C": 6096.380686409684, "gamma": 0.34735460181669986}, "datetime": {"datetime": "2021-10-04 11:26:28", "elapsed": 8.36835, "delta": 0.285242}}
{"target": -59.603700563520775, "params": {"C": 6094.862267224677, "gamma": 0.3338376248537584}, "datetime": {"datetime": "2021-10-04 11:26:28", "elapsed": 8.660445, "delta": 0.292095}}
{"target": -58.20145492875469, "params": {"C": 6095.582742106007, "gamma": 0.28243714159392336}, "datetime": {"datetime": "2021-10-04 11:26:29", "elapsed": 8.95872, "delta": 0.298275}}
{"target": -56.324463666251994, "params": {"C": 4321.941873655535, "gamma": 0.16768710754091676}, "datetime": {"datetime": "2021-10-04 11:26:29", "elapsed": 9.301935, "delta": 0.343215}}
{"target": -54.37190698706587, "params": {"C": 4319.730922426467, "gamma": 0.11128965047378013}, "datetime": {"datetime": "2021-10-04 11:26:29", "elapsed": 9.602794, "delta": 0.300859}}
{"target": -54.109220754404824, "params": {"C": 4320.983608822486, "gamma": 0.10317737528150388}, "datetime": {"datetime": "2021-10-04 11:26:30", "elapsed": 9.945895, "delta": 0.343101}}
{"target": -66.23035006472364, "params": {"C": 4319.565484551652, "gamma": 0.8665931224035576}, "datetime": {"datetime": "2021-10-04 11:26:30", "elapsed": 10.272283, "delta": 0.326388}}
{"target": -65.97281192186664, "params": {"C": 4321.317893709254, "gamma": 0.7718862325016919}, "datetime": {"datetime": "2021-10-04 11:26:30", "elapsed": 10.664659, "delta": 0.392376}}
{"target": -65.4615148051849, "params": {"C": 4322.362854935203, "gamma": 0.6537217755167929}, "datetime": {"datetime": "2021-10-04 11:26:31", "elapsed": 11.061709, "delta": 0.39705}}
{"target": -54.47902577432307, "params": {"C": 4318.9473317279335, "gamma": 0.11430608239741749}, "datetime": {"datetime": "2021-10-04 11:26:31", "elapsed": 11.395126, "delta": 0.333417}}
{"target": -61.615449287365166, "params": {"C": 4318.530124175015, "gamma": 0.3439346643521886}, "datetime": {"datetime": "2021-10-04 11:26:31", "elapsed": 11.696005, "delta": 0.300879}}
{"target": -55.10053881612116, "params": {"C": 4321.411270139021, "gamma": 0.13172551865073578}, "datetime": {"datetime": "2021-10-04 11:26:32", "elapsed": 12.034848, "delta": 0.338843}}
{"target": -58.205244405368575, "params": {"C": 6093.194208095359, "gamma": 0.28249688000801715}, "datetime": {"datetime": "2021-10-04 11:26:32", "elapsed": 12.350676, "delta": 0.315828}}
{"target": -61.16669383418214, "params": {"C": 6092.140315912797, "gamma": 0.4032585085739595}, "datetime": {"datetime": "2021-10-04 11:26:32", "elapsed": 12.83544, "delta": 0.484764}}
{"target": -53.63118131195148, "params": {"C": 4320.253786293933, "gamma": 0.02917623831261456}, "datetime": {"datetime": "2021-10-04 11:26:33", "elapsed": 13.234721, "delta": 0.399281}}
{"target": -61.51130108901401, "params": {"C": 6088.66267735609, "gamma": 0.4214878742236964}, "datetime": {"datetime": "2021-10-04 11:26:33", "elapsed": 13.603111, "delta": 0.36839}}
{"target": -64.45971059119871, "params": {"C": 6086.092829107314, "gamma": 0.7521132590321206}, "datetime": {"datetime": "2021-10-04 11:26:34", "elapsed": 14.006084, "delta": 0.402973}}
{"target": -64.84152249983217, "params": {"C": 6093.869664332214, "gamma": 0.8694200880539675}, "datetime": {"datetime": "2021-10-04 11:26:34", "elapsed": 14.437082, "delta": 0.430998}}
{"target": -64.54577782443432, "params": {"C": 6089.988972476755, "gamma": 0.7744071741237293}, "datetime": {"datetime": "2021-10-04 11:26:34", "elapsed": 14.768679, "delta": 0.331597}}
{"target": -60.87208812361704, "params": {"C": 3959.270483423467, "gamma": 0.29536129635283365}, "datetime": {"datetime": "2021-10-04 11:26:35", "elapsed": 15.166334, "delta": 0.397655}}
{"target": -54.813311842418216, "params": {"C": 3962.1164734881286, "gamma": 0.018357429985832268}, "datetime": {"datetime": "2021-10-04 11:26:35", "elapsed": 15.524087, "delta": 0.357753}}
{"target": -66.71577136299001, "params": {"C": 3961.493705257739, "gamma": 0.9483022948679768}, "datetime": {"datetime": "2021-10-04 11:26:36", "elapsed": 15.938056, "delta": 0.413969}}
{"target": -53.55263487350694, "params": {"C": 3964.480962712915, "gamma": 0.03918199689311772}, "datetime": {"datetime": "2021-10-04 11:26:36", "elapsed": 16.28198, "delta": 0.343924}}
{"target": -66.35286043508295, "params": {"C": 3965.044626243248, "gamma": 0.7817115022576664}, "datetime": {"datetime": "2021-10-04 11:26:36", "elapsed": 16.671554, "delta": 0.389574}}
{"target": -53.623327810642586, "params": {"C": 3963.2155750177703, "gamma": 0.0684114593032079}, "datetime": {"datetime": "2021-10-04 11:26:37", "elapsed": 17.09277, "delta": 0.421216}}
{"target": -64.86769693747142, "params": {"C": 3963.9695719574715, "gamma": 0.5239296920898759}, "datetime": {"datetime": "2021-10-04 11:26:37", "elapsed": 17.522771, "delta": 0.430001}}
{"target": -66.92796542757604, "params": {"C": 2884.821217444449, "gamma": 0.6112550225748459}, "datetime": {"datetime": "2021-10-04 11:26:37", "elapsed": 17.898441, "delta": 0.37567}}
{"target": -53.66984568065237, "params": {"C": 4321.070151337095, "gamma": 0.028475721322580003}, "datetime": {"datetime": "2021-10-04 11:26:38", "elapsed": 18.248657, "delta": 0.350216}}
{"target": -63.981822318371556, "params": {"C": 7414.489765120096, "gamma": 0.8491982753669333}, "datetime": {"datetime": "2021-10-04 11:26:38", "elapsed": 18.65865, "delta": 0.409993}}
{"target": -62.82682683339583, "params": {"C": 2225.539401640163, "gamma": 0.2523563532423318}, "datetime": {"datetime": "2021-10-04 11:26:39", "elapsed": 19.121849, "delta": 0.463199}}
{"target": -66.15354757405858, "params": {"C": 3962.9752206244616, "gamma": 0.7226292972397972}, "datetime": {"datetime": "2021-10-04 11:26:39", "elapsed": 19.524575, "delta": 0.402726}}
{"target": -65.08180338196453, "params": {"C": 6095.629845216742, "gamma": 0.9847124408755198}, "datetime": {"datetime": "2021-10-04 11:26:40", "elapsed": 19.948072, "delta": 0.423497}}
{"target": -52.304510318708765, "params": {"C": 8879.242407205888, "gamma": 0.1442580045331786}, "datetime": {"datetime": "2021-10-04 11:26:40", "elapsed": 20.436054, "delta": 0.487982}}
{"target": -50.677953524169645, "params": {"C": 8880.02367126929, "gamma": 0.0718372116104735}, "datetime": {"datetime": "2021-10-04 11:26:40", "elapsed": 20.870284, "delta": 0.43423}}
{"target": -61.9945958600551, "params": {"C": 8880.113489115447, "gamma": 0.6021543294936026}, "datetime": {"datetime": "2021-10-04 11:26:41", "elapsed": 21.35877, "delta": 0.488486}}
{"target": -52.073581508203794, "params": {"C": 8880.420695645276, "gamma": 0.13549311380810614}, "datetime": {"datetime": "2021-10-04 11:26:41", "elapsed": 21.756075, "delta": 0.397305}}
{"target": -53.788238950980706, "params": {"C": 8881.187612687518, "gamma": 0.1970945281976346}, "datetime": {"datetime": "2021-10-04 11:26:42", "elapsed": 22.271155, "delta": 0.51508}}
{"target": -63.48941022548049, "params": {"C": 8879.052385420247, "gamma": 0.9354747254419717}, "datetime": {"datetime": "2021-10-04 11:26:42", "elapsed": 22.733929, "delta": 0.462774}}
{"target": -50.679953612717156, "params": {"C": 8882.141663613895, "gamma": 0.06675995360625048}, "datetime": {"datetime": "2021-10-04 11:26:43", "elapsed": 23.283921, "delta": 0.549992}}
{"target": -61.00400930006474, "params": {"C": 8882.185648126419, "gamma": 0.5051217440197956}, "datetime": {"datetime": "2021-10-04 11:26:43", "elapsed": 23.758963, "delta": 0.475042}}
{"target": -52.10456320501519, "params": {"C": 8878.596443240447, "gamma": 0.13663477274375344}, "datetime": {"datetime": "2021-10-04 11:26:44", "elapsed": 24.18618, "delta": 0.427217}}
{"target": -54.35691736275631, "params": {"C": 3962.6760660610653, "gamma": 0.09803247093918037}, "datetime": {"datetime": "2021-10-04 11:26:44", "elapsed": 24.628503, "delta": 0.442323}}
{"target": -52.06904422401437, "params": {"C": 8884.065267348346, "gamma": 0.13538407992375312}, "datetime": {"datetime": "2021-10-04 11:26:45", "elapsed": 25.210227, "delta": 0.581724}}
{"target": -58.08383105976358, "params": {"C": 8885.60495255087, "gamma": 0.3475475848320705}, "datetime": {"datetime": "2021-10-04 11:26:45", "elapsed": 25.649524, "delta": 0.439297}}
{"target": -62.087936609736374, "params": {"C": 8883.911789217651, "gamma": 0.6139792996174809}, "datetime": {"datetime": "2021-10-04 11:26:46", "elapsed": 26.045287, "delta": 0.395763}}
{"target": -51.7813858054622, "params": {"C": 8881.470672635965, "gamma": 0.12449651126519166}, "datetime": {"datetime": "2021-10-04 11:26:46", "elapsed": 26.575582, "delta": 0.530295}}
{"target": -62.053870223506294, "params": {"C": 8887.412152210602, "gamma": 0.6098911478398591}, "datetime": {"datetime": "2021-10-04 11:26:47", "elapsed": 27.05082, "delta": 0.475238}}
{"target": -70.04663604043476, "params": {"C": 1240.840781502096, "gamma": 0.5958094282137882}, "datetime": {"datetime": "2021-10-04 11:26:47", "elapsed": 27.469089, "delta": 0.418269}}
{"target": -54.40828676153947, "params": {"C": 8882.791214668941, "gamma": 0.21751903524209623}, "datetime": {"datetime": "2021-10-04 11:26:48", "elapsed": 27.998604, "delta": 0.529515}}
{"target": -51.41867961276714, "params": {"C": 7533.30522341691, "gamma": 0.04298756901415921}, "datetime": {"datetime": "2021-10-04 11:26:48", "elapsed": 28.499945, "delta": 0.501341}}
{"target": -56.20329676226784, "params": {"C": 7532.5526374871, "gamma": 0.006241411962374212}, "datetime": {"datetime": "2021-10-04 11:26:49", "elapsed": 28.947618, "delta": 0.447673}}
{"target": -53.600266325268095, "params": {"C": 8884.693105499095, "gamma": 0.013516594314357134}, "datetime": {"datetime": "2021-10-04 11:26:49", "elapsed": 29.491389, "delta": 0.543771}}
{"target": -54.88716103512823, "params": {"C": 8883.495668378191, "gamma": 0.00892568830578502}, "datetime": {"datetime": "2021-10-04 11:26:50", "elapsed": 29.949869, "delta": 0.45848}}
{"target": -63.078813035683346, "params": {"C": 7532.914962471091, "gamma": 0.6552618175268669}, "datetime": {"datetime": "2021-10-04 11:26:50", "elapsed": 30.527741, "delta": 0.577872}}
{"target": -51.68789902262379, "params": {"C": 7534.46625193886, "gamma": 0.0975122191816205}, "datetime": {"datetime": "2021-10-04 11:26:51", "elapsed": 31.030393, "delta": 0.502652}}
{"target": -63.826957448423265, "params": {"C": 7534.443573976032, "gamma": 0.820960415995718}, "datetime": {"datetime": "2021-10-04 11:26:51", "elapsed": 31.51451, "delta": 0.484117}}
{"target": -52.740857449321666, "params": {"C": 7535.766491205599, "gamma": 0.13545314040426326}, "datetime": {"datetime": "2021-10-04 11:26:52", "elapsed": 31.930949, "delta": 0.416439}}
{"target": -57.302009347963526, "params": {"C": 7533.770235438616, "gamma": 0.2889508857616495}, "datetime": {"datetime": "2021-10-04 11:26:52", "elapsed": 32.411292, "delta": 0.480343}}
{"target": -63.104835774917, "params": {"C": 7535.315482143231, "gamma": 0.6598635958070309}, "datetime": {"datetime": "2021-10-04 11:26:53", "elapsed": 33.066743, "delta": 0.655451}}
{"target": -63.33430925438201, "params": {"C": 7536.377259170097, "gamma": 0.7030880365146168}, "datetime": {"datetime": "2021-10-04 11:26:53", "elapsed": 33.653464, "delta": 0.586721}}
{"target": -64.20935651354067, "params": {"C": 7529.541975440343, "gamma": 0.9705657841468492}, "datetime": {"datetime": "2021-10-04 11:26:54", "elapsed": 34.14636, "delta": 0.492896}}
{"target": -50.786838431970544, "params": {"C": 8879.695706631977, "gamma": 0.05452433512914535}, "datetime": {"datetime": "2021-10-04 11:26:54", "elapsed": 34.77269, "delta": 0.62633}}
{"target": -51.42693636576987, "params": {"C": 7534.816559118509, "gamma": 0.08717639085957497}, "datetime": {"datetime": "2021-10-04 11:26:55", "elapsed": 35.344104, "delta": 0.571414}}
{"target": -51.33121761271335, "params": {"C": 9620.896020983428, "gamma": 0.11922616606928604}, "datetime": {"datetime": "2021-10-04 11:26:55", "elapsed": 35.823082, "delta": 0.478978}}
{"target": -53.251482923955066, "params": {"C": 9619.335475166496, "gamma": 0.19011126028518746}, "datetime": {"datetime": "2021-10-04 11:26:56", "elapsed": 36.367109, "delta": 0.544027}}
{"target": -62.113411345781756, "params": {"C": 9620.342123860033, "gamma": 0.6670676955318666}, "datetime": {"datetime": "2021-10-04 11:26:57", "elapsed": 36.924295, "delta": 0.557186}}
{"target": -53.33304939909135, "params": {"C": 9622.023932920683, "gamma": 0.19283889692530773}, "datetime": {"datetime": "2021-10-04 11:26:57", "elapsed": 37.409672, "delta": 0.485377}}
{"target": -61.88006279029232, "params": {"C": 9618.053835692497, "gamma": 0.6320399116090337}, "datetime": {"datetime": "2021-10-04 11:26:58", "elapsed": 38.052123, "delta": 0.642451}}
{"target": -59.98979141946977, "params": {"C": 9622.82026642804, "gamma": 0.4609887915463401}, "datetime": {"datetime": "2021-10-04 11:26:58", "elapsed": 38.652249, "delta": 0.600126}}
{"target": -61.67289361933754, "params": {"C": 9621.165181900516, "gamma": 0.6048510149291608}, "datetime": {"datetime": "2021-10-04 11:26:59", "elapsed": 39.24772, "delta": 0.595471}}
{"target": -51.67552350224849, "params": {"C": 6800.763460468883, "gamma": 0.08036701709423474}, "datetime": {"datetime": "2021-10-04 11:26:59", "elapsed": 39.788529, "delta": 0.540809}}
{"target": -63.24116592325554, "params": {"C": 9619.122386376783, "gamma": 0.9650576375611485}, "datetime": {"datetime": "2021-10-04 11:27:00", "elapsed": 40.360842, "delta": 0.572313}}
{"target": -64.36668100168163, "params": {"C": 6801.015627278763, "gamma": 0.8607927350345106}, "datetime": {"datetime": "2021-10-04 11:27:00", "elapsed": 40.892072, "delta": 0.53123}}
{"target": -63.88646254536226, "params": {"C": 6799.571618527549, "gamma": 0.7279425110289344}, "datetime": {"datetime": "2021-10-04 11:27:01", "elapsed": 41.570216, "delta": 0.678144}}
{"target": -52.9274602471154, "params": {"C": 6801.284852075019, "gamma": 0.1271805822432947}, "datetime": {"datetime": "2021-10-04 11:27:02", "elapsed": 42.192252, "delta": 0.622036}}
{"target": -51.65172254778495, "params": {"C": 6802.216963679948, "gamma": 0.044904158676873064}, "datetime": {"datetime": "2021-10-04 11:27:02", "elapsed": 42.728469, "delta": 0.536217}}
{"target": -61.191122271594445, "params": {"C": 6803.056170458281, "gamma": 0.4340295727856143}, "datetime": {"datetime": "2021-10-04 11:27:03", "elapsed": 43.379756, "delta": 0.651287}}
{"target": -53.489236532323254, "params": {"C": 8362.630716497748, "gamma": 0.17790632605610804}, "datetime": {"datetime": "2021-10-04 11:27:04", "elapsed": 43.91853, "delta": 0.538774}}
{"target": -63.24114054327072, "params": {"C": 8363.324511510546, "gamma": 0.781187013122062}, "datetime": {"datetime": "2021-10-04 11:27:04", "elapsed": 44.554484, "delta": 0.635954}}
{"target": -63.28991187231723, "params": {"C": 8361.861775891888, "gamma": 0.7938684187622158}, "datetime": {"datetime": "2021-10-04 11:27:05", "elapsed": 45.072222, "delta": 0.517738}}
{"target": -63.62428630551156, "params": {"C": 472.84755713279446, "gamma": 0.05715618995300277}, "datetime": {"datetime": "2021-10-04 11:27:05", "elapsed": 45.637617, "delta": 0.565395}}
{"target": -63.7690344802648, "params": {"C": 7997.854810652343, "gamma": 0.8834353159507558}, "datetime": {"datetime": "2021-10-04 11:27:06", "elapsed": 46.201442, "delta": 0.563825}}
{"target": -61.64392369630377, "params": {"C": 6801.973673196015, "gamma": 0.46224201042074026}, "datetime": {"datetime": "2021-10-04 11:27:06", "elapsed": 46.756253, "delta": 0.554811}}
{"target": -50.4747004591625, "params": {"C": 9619.678207501394, "gamma": 0.06236968476323994}, "datetime": {"datetime": "2021-10-04 11:27:07", "elapsed": 47.379681, "delta": 0.623428}}
{"target": -63.152843215550696, "params": {"C": 6947.963700478099, "gamma": 0.6148092396556578}, "datetime": {"datetime": "2021-10-04 11:27:08", "elapsed": 47.943446, "delta": 0.563765}}
{"target": -50.9032765293222, "params": {"C": 9174.705176684569, "gamma": 0.09513264631454713}, "datetime": {"datetime": "2021-10-04 11:27:08", "elapsed": 48.618156, "delta": 0.67471}}
