{"target": -54.0540928721969, "params": {"C": 8905.539575024059, "gamma": 0.21602427092044318}, "datetime": {"datetime": "2021-10-04 11:29:11", "elapsed": 30.980971, "delta": 0.484614}}
{"target": -55.19926710914128, "params": {"C": 3472.153183928303, "gamma": 0.04532921048481014}, "datetime": {"datetime": "2021-10-04 11:29:11", "elapsed": 31.42419, "delta": 0.443219}}
{"target": -65.08861593534661, "params": {"C": 3471.872776541224, "gamma": 0.8320486267606448}, "datetime": {"datetime": "2021-10-04 11:29:12", "elapsed": 31.908982, "delta": 0.484792}}
{"target": -57.2352543677334, "params": {"C": 8896.506579090523, "gamma": 0.4924502606239443}, "datetime": {"datetime": "2021-10-04 11:29:12", "elapsed": 32.414986, "delta": 0.506004}}
{"target": -66.65437939756163, "params": {"C": 2958.6478595544904, "gamma": 0.9996478742212704}, "datetime": {"datetime": "2021-10-04 11:29:13", "elapsed": 32.840988, "delta": 0.426002}}
{"target": -60.290445640369036, "params": {"C": 8905.79788740319, "gamma": 0.7985501847479654}, "datetime": {"datetime": "2021-10-04 11:29:13", "elapsed": 33.339666, "delta": 0.498678}}
{"target": -55.18257487216922, "params": {"C": 8731.424533383719, "gamma": 0.017372798244519164}, "datetime": {"datetime": "2021-10-04 11:29:14", "elapsed": 33.932668, "delta": 0.593002}}
{"target": -74.32966086962486, "params": {"C": 106.62182274257441, "gamma": 0.5928718347701687}, "datetime": {"datetime": "2021-10-04 11:29:14", "elapsed": 34.419665, "delta": 0.486997}}
{"target": -57.00671334358107, "params": {"C": 8898.553148882958, "gamma": 0.47159455691148955}, "datetime": {"datetime": "2021-10-04 11:29:15", "elapsed": 34.939668, "delta": 0.520003}}
{"target": -53.01767319095072, "params": {"C": 8894.009592861588, "gamma": 0.1250387106663071}, "datetime": {"datetime": "2021-10-04 11:29:15", "elapsed": 35.472604, "delta": 0.532936}}
{"target": -65.39353887097099, "params": {"C": 3478.357598475468, "gamma": 0.8884676059775712}, "datetime": {"datetime": "2021-10-04 11:29:16", "elapsed": 36.002671, "delta": 0.530067}}
{"target": -55.631406994441384, "params": {"C": 4885.1489848103165, "gamma": 0.024084542058983766}, "datetime": {"datetime": "2021-10-04 11:29:16", "elapsed": 36.484407, "delta": 0.481736}}
{"target": -58.832295271589174, "params": {"C": 9374.332381205417, "gamma": 0.6632259120049884}, "datetime": {"datetime": "2021-10-04 11:29:17", "elapsed": 36.983273, "delta": 0.498866}}
{"target": -59.601765976723286, "params": {"C": 9374.348974654413, "gamma": 0.7436606091738258}, "datetime": {"datetime": "2021-10-04 11:29:17", "elapsed": 37.45642, "delta": 0.473147}}
{"target": -61.43136170216778, "params": {"C": 8893.878767416303, "gamma": 0.9803092315022773}, "datetime": {"datetime": "2021-10-04 11:29:18", "elapsed": 38.032258, "delta": 0.575838}}
{"target": -57.47372773658357, "params": {"C": 3477.0578835636757, "gamma": 0.2292759933016958}, "datetime": {"datetime": "2021-10-04 11:29:19", "elapsed": 38.637262, "delta": 0.605004}}
{"target": -53.27334901259773, "params": {"C": 8904.887646533944, "gamma": 0.15198904959016038}, "datetime": {"datetime": "2021-10-04 11:29:19", "elapsed": 39.184308, "delta": 0.547046}}
{"target": -53.20448323585701, "params": {"C": 8893.375907755364, "gamma": 0.14481513956456124}, "datetime": {"datetime": "2021-10-04 11:29:20", "elapsed": 39.69023, "delta": 0.505922}}
{"target": -54.403510743198005, "params": {"C": 4884.22636603036, "gamma": 0.12050131298690579}, "datetime": {"datetime": "2021-10-04 11:29:20", "elapsed": 40.261699, "delta": 0.571469}}
{"target": -62.960991732173134, "params": {"C": 4884.625780405492, "gamma": 0.7801408974028843}, "datetime": {"datetime": "2021-10-04 11:29:21", "elapsed": 40.844923, "delta": 0.583224}}
{"target": -53.50109764365442, "params": {"C": 8728.470797196114, "gamma": 0.1666980119585587}, "datetime": {"datetime": "2021-10-04 11:29:21", "elapsed": 41.450213, "delta": 0.60529}}
{"target": -54.312770972455745, "params": {"C": 4883.74470664357, "gamma": 0.046637545532454444}, "datetime": {"datetime": "2021-10-04 11:29:22", "elapsed": 41.987886, "delta": 0.537673}}
{"target": -58.69017189501929, "params": {"C": 8892.645733431407, "gamma": 0.006406148226533107}, "datetime": {"datetime": "2021-10-04 11:29:23", "elapsed": 42.58669, "delta": 0.598804}}
{"target": -55.469894468573536, "params": {"C": 3470.655303598388, "gamma": 0.12744849652973406}, "datetime": {"datetime": "2021-10-04 11:29:23", "elapsed": 43.115971, "delta": 0.529281}}
{"target": -57.849438931183485, "params": {"C": 9589.016752529687, "gamma": 0.5783831774102365}, "datetime": {"datetime": "2021-10-04 11:29:24", "elapsed": 43.634724, "delta": 0.518753}}
{"target": -56.68793492894223, "params": {"C": 4882.940647327235, "gamma": 0.25860078194576624}, "datetime": {"datetime": "2021-10-04 11:29:24", "elapsed": 44.239028, "delta": 0.604304}}
{"target": -52.879945086359385, "params": {"C": 8900.149451895993, "gamma": 0.05513136760767358}, "datetime": {"datetime": "2021-10-04 11:29:25", "elapsed": 44.778464, "delta": 0.539436}}
{"target": -57.288232850274966, "params": {"C": 8727.856753917633, "gamma": 0.48995479902716205}, "datetime": {"datetime": "2021-10-04 11:29:25", "elapsed": 45.29924, "delta": 0.520776}}
{"target": -52.859887997498234, "params": {"C": 8894.848653714049, "gamma": 0.09690242558235568}, "datetime": {"datetime": "2021-10-04 11:29:26", "elapsed": 45.791641, "delta": 0.492401}}
{"target": -58.77387137008473, "params": {"C": 8900.701415760752, "gamma": 0.6340820268030191}, "datetime": {"datetime": "2021-10-04 11:29:26", "elapsed": 46.352017, "delta": 0.560376}}
{"target": -52.82127013038717, "params": {"C": 8907.430711166147, "gamma": 0.06218269439196488}, "datetime": {"datetime": "2021-10-04 11:29:27", "elapsed": 46.970226, "delta": 0.618209}}
{"target": -56.63615483365016, "params": {"C": 8907.7888919673, "gamma": 0.4388538830058459}, "datetime": {"datetime": "2021-10-04 11:29:27", "elapsed": 47.513261, "delta": 0.543035}}
{"target": -53.47618117887569, "params": {"C": 7293.206997687619, "gamma": 0.04476014334941385}, "datetime": {"datetime": "2021-10-04 11:29:28", "elapsed": 48.098069, "delta": 0.584808}}
{"target": -59.90814554605964, "params": {"C": 7294.144323029926, "gamma": 0.6499914430813618}, "datetime": {"datetime": "2021-10-04 11:29:29", "elapsed": 48.702231, "delta": 0.604162}}
{"target": -59.492220942064094, "params": {"C": 8749.386366170289, "gamma": 0.6957358494567054}, "datetime": {"datetime": "2021-10-04 11:29:29", "elapsed": 49.309509, "delta": 0.607278}}
{"target": -59.90582644649816, "params": {"C": 8747.576782736054, "gamma": 0.7404114427562659}, "datetime": {"datetime": "2021-10-04 11:29:30", "elapsed": 50.011467, "delta": 0.701958}}
{"target": -59.07434953982838, "params": {"C": 3469.474471945053, "gamma": 0.32927042424145647}, "datetime": {"datetime": "2021-10-04 11:29:31", "elapsed": 50.670826, "delta": 0.659359}}
{"target": -65.36608115976492, "params": {"C": 2782.7128279290773, "gamma": 0.7107058970063209}, "datetime": {"datetime": "2021-10-04 11:29:31", "elapsed": 51.319269, "delta": 0.648443}}
{"target": -66.49607537948822, "params": {"C": 2780.6657309660277, "gamma": 0.8908744324739583}, "datetime": {"datetime": "2021-10-04 11:29:32", "elapsed": 51.859728, "delta": 0.540459}}
{"target": -60.55764188244095, "params": {"C": 8757.063312963352, "gamma": 0.8247261455493173}, "datetime": {"datetime": "2021-10-04 11:29:32", "elapsed": 52.409806, "delta": 0.550078}}
{"target": -54.522875851137606, "params": {"C": 8755.23078146152, "gamma": 0.25131754960483754}, "datetime": {"datetime": "2021-10-04 11:29:33", "elapsed": 53.109354, "delta": 0.699548}}
{"target": -54.21706897241546, "params": {"C": 8907.075466925558, "gamma": 0.2310392329405619}, "datetime": {"datetime": "2021-10-04 11:29:34", "elapsed": 53.76217, "delta": 0.652816}}
{"target": -56.37741134663713, "params": {"C": 8754.54329399466, "gamma": 0.4089537469552872}, "datetime": {"datetime": "2021-10-04 11:29:34", "elapsed": 54.377151, "delta": 0.614981}}
{"target": -55.81534708723255, "params": {"C": 8797.958021466031, "gamma": 0.3648803553862387}, "datetime": {"datetime": "2021-10-04 11:29:35", "elapsed": 55.065689, "delta": 0.688538}}
{"target": -55.98717505508621, "params": {"C": 8799.371742966005, "gamma": 0.37827809334672124}, "datetime": {"datetime": "2021-10-04 11:29:36", "elapsed": 55.781212, "delta": 0.715523}}
{"target": -56.08319342631817, "params": {"C": 4886.565980156523, "gamma": 0.22368438085695735}, "datetime": {"datetime": "2021-10-04 11:29:36", "elapsed": 56.520533, "delta": 0.739321}}
{"target": -53.47417901867915, "params": {"C": 8827.022908644027, "gamma": 0.035303683086022775}, "datetime": {"datetime": "2021-10-04 11:29:37", "elapsed": 57.139286, "delta": 0.618753}}
{"target": -55.52696705228322, "params": {"C": 8825.568303306085, "gamma": 0.3430498222459608}, "datetime": {"datetime": "2021-10-04 11:29:38", "elapsed": 57.7222, "delta": 0.582914}}
{"target": -53.466422470268505, "params": {"C": 8826.414774400759, "gamma": 0.03547991548679068}, "datetime": {"datetime": "2021-10-04 11:29:38", "elapsed": 58.385137, "delta": 0.662937}}
{"target": -57.20437019141498, "params": {"C": 8826.559182035055, "gamma": 0.48662334285746595}, "datetime": {"datetime": "2021-10-04 11:29:39", "elapsed": 59.145578, "delta": 0.760441}}
{"target": -61.009954702069955, "params": {"C": 8800.450945850762, "gamma": 0.8965458299419632}, "datetime": {"datetime": "2021-10-04 11:29:40", "elapsed": 59.806884, "delta": 0.661306}}
{"target": -52.85206315067244, "params": {"C": 8824.615725479827, "gamma": 0.0597958761958723}, "datetime": {"datetime": "2021-10-04 11:29:40", "elapsed": 60.431959, "delta": 0.625075}}
{"target": -55.36021579639499, "params": {"C": 7299.350354537837, "gamma": 0.2686315319737351}, "datetime": {"datetime": "2021-10-04 11:29:41", "elapsed": 61.070503, "delta": 0.638544}}
{"target": -57.33886494414001, "params": {"C": 8824.637672750152, "gamma": 0.4988888240306039}, "datetime": {"datetime": "2021-10-04 11:29:42", "elapsed": 61.739159, "delta": 0.668656}}
{"target": -52.91745128480625, "params": {"C": 8824.178213870937, "gamma": 0.053708574301989616}, "datetime": {"datetime": "2021-10-04 11:29:42", "elapsed": 62.354875, "delta": 0.615716}}
{"target": -61.99372190560574, "params": {"C": 4887.759894384836, "gamma": 0.6638051582045951}, "datetime": {"datetime": "2021-10-04 11:29:43", "elapsed": 62.976038, "delta": 0.621163}}
{"target": -60.82542391550922, "params": {"C": 7300.191780654014, "gamma": 0.748441989719697}, "datetime": {"datetime": "2021-10-04 11:29:44", "elapsed": 63.707894, "delta": 0.731856}}
{"target": -53.59198243853645, "params": {"C": 8737.493471547807, "gamma": 0.17395479621645965}, "datetime": {"datetime": "2021-10-04 11:29:44", "elapsed": 64.485498, "delta": 0.777604}}
{"target": -61.17044953060893, "params": {"C": 7298.644275289224, "gamma": 0.7934708752800284}, "datetime": {"datetime": "2021-10-04 11:29:45", "elapsed": 65.202334, "delta": 0.716836}}
{"target": -55.821206986729756, "params": {"C": 8795.310591137086, "gamma": 0.365238135685478}, "datetime": {"datetime": "2021-10-04 11:29:46", "elapsed": 65.945195, "delta": 0.742861}}
{"target": -61.134302763548156, "params": {"C": 8737.454642426947, "gamma": 0.9120017576057237}, "datetime": {"datetime": "2021-10-04 11:29:47", "elapsed": 66.638245, "delta": 0.69305}}
{"target": -61.209920688142944, "params": {"C": 8794.47028478227, "gamma": 0.929855088780335}, "datetime": {"datetime": "2021-10-04 11:29:47", "elapsed": 67.340241, "delta": 0.701996}}
{"target": -61.40573743197441, "params": {"C": 8754.977326248949, "gamma": 0.9623994475920514}, "datetime": {"datetime": "2021-10-04 11:29:48", "elapsed": 68.194579, "delta": 0.854338}}
{"target": -55.28153874485208, "params": {"C": 3472.962039239791, "gamma": 0.0427870336582279}, "datetime": {"datetime": "2021-10-04 11:29:49", "elapsed": 68.898847, "delta": 0.704268}}
{"target": -57.540297307441776, "params": {"C": 3474.311029100757, "gamma": 0.23271398717823932}, "datetime": {"datetime": "2021-10-04 11:29:49", "elapsed": 69.574551, "delta": 0.675704}}
{"target": -58.76563150332962, "params": {"C": 8753.451129948748, "gamma": 0.6260753132638645}, "datetime": {"datetime": "2021-10-04 11:29:50", "elapsed": 70.31909, "delta": 0.744539}}
{"target": -52.87250794269111, "params": {"C": 8823.395371349388, "gamma": 0.09651849760563677}, "datetime": {"datetime": "2021-10-04 11:29:51", "elapsed": 71.105255, "delta": 0.786165}}
{"target": -52.879914501886006, "params": {"C": 8816.69832281345, "gamma": 0.09780030282352782}, "datetime": {"datetime": "2021-10-04 11:29:52", "elapsed": 71.848979, "delta": 0.743724}}
{"target": -55.00316196877309, "params": {"C": 8817.44008112416, "gamma": 0.29401263592104276}, "datetime": {"datetime": "2021-10-04 11:29:53", "elapsed": 72.710851, "delta": 0.861872}}
{"target": -60.74190182409533, "params": {"C": 8816.75974791743, "gamma": 0.8565910806995944}, "datetime": {"datetime": "2021-10-04 11:29:53", "elapsed": 73.360546, "delta": 0.649695}}
{"target": -61.09047715554959, "params": {"C": 8832.907477068695, "gamma": 0.9124693947465258}, "datetime": {"datetime": "2021-10-04 11:29:54", "elapsed": 74.040362, "delta": 0.679816}}
{"target": -56.95522245695758, "params": {"C": 8736.753541342383, "gamma": 0.010504721374791425}, "datetime": {"datetime": "2021-10-04 11:29:55", "elapsed": 74.86456, "delta": 0.824198}}
{"target": -59.930608277712196, "params": {"C": 8823.712045849037, "gamma": 0.7480950631816422}, "datetime": {"datetime": "2021-10-04 11:29:56", "elapsed": 75.672265, "delta": 0.807705}}
{"target": -56.92971887432882, "params": {"C": 7296.357734269414, "gamma": 0.3946229448005868}, "datetime": {"datetime": "2021-10-04 11:29:56", "elapsed": 76.344566, "delta": 0.672301}}
{"target": -60.46151267169392, "params": {"C": 8798.553647183928, "gamma": 0.8142040232270652}, "datetime": {"datetime": "2021-10-04 11:29:57", "elapsed": 77.140319, "delta": 0.795753}}
{"target": -59.14224518863067, "params": {"C": 8504.031505993538, "gamma": 0.6487024564587075}, "datetime": {"datetime": "2021-10-04 11:29:58", "elapsed": 77.882931, "delta": 0.742612}}
{"target": -55.557142421360076, "params": {"C": 9373.279897969056, "gamma": 0.36390125117748034}, "datetime": {"datetime": "2021-10-04 11:29:59", "elapsed": 78.731217, "delta": 0.848286}}
{"target": -64.0331267520726, "params": {"C": 3149.9092475159473, "gamma": 0.6366369362692478}, "datetime": {"datetime": "2021-10-04 11:29:59", "elapsed": 79.428653, "delta": 0.697436}}
{"target": -52.824193156507704, "params": {"C": 8818.267610426776, "gamma": 0.06506924890542554}, "datetime": {"datetime": "2021-10-04 11:30:00", "elapsed": 80.174279, "delta": 0.745626}}
{"target": -58.36669006008549, "params": {"C": 8818.374818153523, "gamma": 0.5927965435629611}, "datetime": {"datetime": "2021-10-04 11:30:01", "elapsed": 80.896598, "delta": 0.722319}}
{"target": -54.66117386071784, "params": {"C": 4885.073573503323, "gamma": 0.03711218832404276}, "datetime": {"datetime": "2021-10-04 11:30:01", "elapsed": 81.482093, "delta": 0.585495}}
{"target": -57.75283381882936, "params": {"C": 5788.620734373789, "gamma": 0.38430922364508285}, "datetime": {"datetime": "2021-10-04 11:30:02", "elapsed": 82.097396, "delta": 0.615303}}
{"target": -57.659481869424695, "params": {"C": 6588.205466227321, "gamma": 0.42155191257198693}, "datetime": {"datetime": "2021-10-04 11:30:03", "elapsed": 82.750757, "delta": 0.653361}}
{"target": -59.53133816641361, "params": {"C": 8905.922984730778, "gamma": 0.004911698289001757}, "datetime": {"datetime": "2021-10-04 11:30:04", "elapsed": 83.597935, "delta": 0.847178}}
{"target": -58.485881290560854, "params": {"C": 3488.352518646546, "gamma": 0.289616468896048}, "datetime": {"datetime": "2021-10-04 11:30:04", "elapsed": 84.231732, "delta": 0.633797}}
{"target": -53.19036019636873, "params": {"C": 7291.90255918455, "gamma": 0.09063379451237344}, "datetime": {"datetime": "2021-10-04 11:30:05", "elapsed": 84.864391, "delta": 0.632659}}
{"target": -52.80866063047451, "params": {"C": 8818.235356690562, "gamma": 0.0748566897932425}, "datetime": {"datetime": "2021-10-04 11:30:05", "elapsed": 85.446962, "delta": 0.582571}}
{"target": -61.01752299800203, "params": {"C": 9372.79207957226, "gamma": 0.9439378022505719}, "datetime": {"datetime": "2021-10-04 11:30:06", "elapsed": 86.359617, "delta": 0.912655}}
{"target": -56.23330431686164, "params": {"C": 2781.582477694115, "gamma": 0.12888029786449273}, "datetime": {"datetime": "2021-10-04 11:30:07", "elapsed": 86.942091, "delta": 0.582474}}
{"target": -57.982372682670665, "params": {"C": 8904.914753250863, "gamma": 0.5613184478206377}, "datetime": {"datetime": "2021-10-04 11:30:08", "elapsed": 87.649223, "delta": 0.707132}}
{"target": -61.21909562652948, "params": {"C": 5445.626588975155, "gamma": 0.6400438317323365}, "datetime": {"datetime": "2021-10-04 11:30:08", "elapsed": 88.274665, "delta": 0.625442}}
{"target": -61.09577672022595, "params": {"C": 8891.927904166376, "gamma": 0.9182129072965406}, "datetime": {"datetime": "2021-10-04 11:30:09", "elapsed": 89.086675, "delta": 0.81201}}
{"target": -65.5548400331649, "params": {"C": 2159.637063143737, "gamma": 0.592764766804195}, "datetime": {"datetime": "2021-10-04 11:30:10", "elapsed": 89.696303, "delta": 0.609628}}
{"target": -54.242120470947874, "params": {"C": 8827.427141675826, "gamma": 0.024273567227164193}, "datetime": {"datetime": "2021-10-04 11:30:11", "elapsed": 90.606887, "delta": 0.910584}}
{"target": -60.690489164851314, "params": {"C": 9576.65731554666, "gamma": 0.9042294770282265}, "datetime": {"datetime": "2021-10-04 11:30:11", "elapsed": 91.319789, "delta": 0.712902}}
{"target": -58.19725108076735, "params": {"C": 8899.882167844702, "gamma": 0.5812393278066906}, "datetime": {"datetime": "2021-10-04 11:30:12", "elapsed": 92.178964, "delta": 0.859175}}
{"target": -52.8066526389461, "params": {"C": 8895.336957099413, "gamma": 0.0659045972093819}, "datetime": {"datetime": "2021-10-04 11:30:13", "elapsed": 93.019466, "delta": 0.840502}}
{"target": -57.876645977128895, "params": {"C": 8828.741210667346, "gamma": 0.5480732186935041}, "datetime": {"datetime": "2021-10-04 11:30:14", "elapsed": 93.755406, "delta": 0.73594}}
{"target": -55.47226792753706, "params": {"C": 8733.477167259089, "gamma": 0.3351961123771693}, "datetime": {"datetime": "2021-10-04 11:30:14", "elapsed": 94.514812, "delta": 0.759406}}
{"target": -68.06050996040753, "params": {"C": 875.5473957580468, "gamma": 0.43343032679709925}, "datetime": {"datetime": "2021-10-04 11:30:15", "elapsed": 95.186219, "delta": 0.671407}}
{"target": -65.19621048254783, "params": {"C": 1936.4480257565729, "gamma": 0.5155686246179809}, "datetime": {"datetime": "2021-10-04 11:30:16", "elapsed": 95.8826, "delta": 0.696381}}
{"target": -52.83883233821789, "params": {"C": 8815.914909289817, "gamma": 0.08816391796015058}, "datetime": {"datetime": "2021-10-04 11:30:17", "elapsed": 96.627052, "delta": 0.744452}}
{"target": -62.85980143703058, "params": {"C": 4370.068385306034, "gamma": 0.69654356221459}, "datetime": {"datetime": "2021-10-04 11:30:17", "elapsed": 97.272331, "delta": 0.645279}}
{"target": -65.01686085599292, "params": {"C": 3473.644779219175, "gamma": 0.8207609923888893}, "datetime": {"datetime": "2021-10-04 11:30:18", "elapsed": 98.049961, "delta": 0.77763}}
{"target": -59.155193878148566, "params": {"C": 8822.783119731841, "gamma": 0.005574445168943456}, "datetime": {"datetime": "2021-10-04 11:30:19", "elapsed": 99.039748, "delta": 0.989787}}
{"target": -53.58772097704639, "params": {"C": 8795.882812990505, "gamma": 0.03303211262448165}, "datetime": {"datetime": "2021-10-04 11:30:20", "elapsed": 99.816214, "delta": 0.776466}}
{"target": -58.947342353131766, "params": {"C": 8730.058242326722, "gamma": 0.006002827379028972}, "datetime": {"datetime": "2021-10-04 11:30:21", "elapsed": 100.766494, "delta": 0.95028}}
{"target": -52.910441043203754, "params": {"C": 8894.334339332028, "gamma": 0.05330395757069521}, "datetime": {"datetime": "2021-10-04 11:30:22", "elapsed": 101.731216, "delta": 0.964722}}
{"target": -62.16627752051316, "params": {"C": 780.7972825353395, "gamma": 0.14501600836391698}, "datetime": {"datetime": "2021-10-04 11:30:22", "elapsed": 102.422879, "delta": 0.691663}}
{"target": -57.95448847395138, "params": {"C": 8904.228066154697, "gamma": 0.007932094484393791}, "datetime": {"datetime": "2021-10-04 11:30:23", "elapsed": 103.20774, "delta": 0.784861}}
{"target": -52.85542904023438, "params": {"C": 8819.38115755444, "gamma": 0.05947157690867218}, "datetime": {"datetime": "2021-10-04 11:30:24", "elapsed": 103.979376, "delta": 0.771636}}
{"target": -61.52733363845423, "params": {"C": 8819.389332547773, "gamma": 0.9925942202849874}, "datetime": {"datetime": "2021-10-04 11:30:25", "elapsed": 104.730856, "delta": 0.75148}}
{"target": -55.667265484044435, "params": {"C": 8820.488673561662, "gamma": 0.35444643824518907}, "datetime": {"datetime": "2021-10-04 11:30:25", "elapsed": 105.527527, "delta": 0.796671}}
{"target": -54.807747740774346, "params": {"C": 8813.492662683346, "gamma": 0.2763233618722641}, "datetime": {"datetime": "2021-10-04 11:30:26", "elapsed": 106.271999, "delta": 0.744472}}
{"target": -60.142884324460056, "params": {"C": 8812.7913029938, "gamma": 0.7730874876257834}, "datetime": {"datetime": "2021-10-04 11:30:27", "elapsed": 107.228638, "delta": 0.956639}}
{"target": -67.75627412906167, "params": {"C": 2205.3057515969413, "gamma": 0.949717445871135}, "datetime": {"datetime": "2021-10-04 11:30:28", "elapsed": 107.904125, "delta": 0.675487}}
{"target": -61.517051647496366, "params": {"C": 8813.919381865637, "gamma": 0.9900335585953361}, "datetime": {"datetime": "2021-10-04 11:30:29", "elapsed": 108.816985, "delta": 0.91286}}
