{"target": 0.23052672475478464, "params": {"C": 176007.83092331496, "gamma": 0.7110676041635557}, "datetime": {"datetime": "2021-10-04 11:25:09", "elapsed": 213.781703, "delta": 1.116708}}
{"target": 0.24813601975637878, "params": {"C": 176007.19252790764, "gamma": 0.5928961334018117}, "datetime": {"datetime": "2021-10-04 11:25:11", "elapsed": 215.286833, "delta": 1.50513}}
{"target": 0.24255738632377966, "params": {"C": 275558.4994009014, "gamma": 0.43957125493790966}, "datetime": {"datetime": "2021-10-04 11:25:12", "elapsed": 216.904977, "delta": 1.618144}}
{"target": 0.18021347835888268, "params": {"C": 209723.22546379105, "gamma": 0.9838920631612151}, "datetime": {"datetime": "2021-10-04 11:25:13", "elapsed": 218.054078, "delta": 1.149101}}
{"target": 0.11693107370326816, "params": {"C": 365942.6155718996, "gamma": 0.2240221351677788}, "datetime": {"datetime": "2021-10-04 11:25:15", "elapsed": 219.352588, "delta": 1.29851}}
{"target": 0.22807662846388688, "params": {"C": 212516.67530010507, "gamma": 0.7422715973079994}, "datetime": {"datetime": "2021-10-04 11:25:17", "elapsed": 221.331969, "delta": 1.979381}}
{"target": 0.18783643550279883, "params": {"C": 296156.7185436528, "gamma": 0.9705468164479997}, "datetime": {"datetime": "2021-10-04 11:25:18", "elapsed": 222.969439, "delta": 1.63747}}
{"target": 0.25273312030727346, "params": {"C": 230862.96311882447, "gamma": 0.5091548060231097}, "datetime": {"datetime": "2021-10-04 11:25:19", "elapsed": 224.149138, "delta": 1.179699}}
{"target": 0.24081296374113814, "params": {"C": 388710.04863549955, "gamma": 0.4541662041490352}, "datetime": {"datetime": "2021-10-04 11:25:22", "elapsed": 226.673289, "delta": 2.524151}}
{"target": 0.20015338797845217, "params": {"C": 290420.61183969525, "gamma": 0.906226517898506}, "datetime": {"datetime": "2021-10-04 11:25:23", "elapsed": 228.181779, "delta": 1.50849}}
{"target": 0.22780039155602616, "params": {"C": 268995.61176031176, "gamma": 0.7600357244779237}, "datetime": {"datetime": "2021-10-04 11:25:25", "elapsed": 229.535221, "delta": 1.353442}}
{"target": 0.21715411044814947, "params": {"C": 206545.36589267047, "gamma": 0.34000034531561024}, "datetime": {"datetime": "2021-10-04 11:25:26", "elapsed": 230.762074, "delta": 1.226853}}
{"target": 0.10982666738445235, "params": {"C": 275558.1848742592, "gamma": 0.17372100527374193}, "datetime": {"datetime": "2021-10-04 11:25:27", "elapsed": 232.068661, "delta": 1.306587}}
{"target": 0.251263512121531, "params": {"C": 203562.30692870918, "gamma": 0.5741395441785606}, "datetime": {"datetime": "2021-10-04 11:25:29", "elapsed": 233.328017, "delta": 1.259356}}
{"target": 0.07954830635701837, "params": {"C": 330485.5520880885, "gamma": 0.12717735742762434}, "datetime": {"datetime": "2021-10-04 11:25:30", "elapsed": 234.508278, "delta": 1.180261}}
{"target": 0.1636603541880577, "params": {"C": 204816.77360547727, "gamma": 0.2317912219991672}, "datetime": {"datetime": "2021-10-04 11:25:31", "elapsed": 235.884462, "delta": 1.376184}}
{"target": 0.21682558505448357, "params": {"C": 236952.8919016616, "gamma": 0.8090434133836921}, "datetime": {"datetime": "2021-10-04 11:25:33", "elapsed": 237.343407, "delta": 1.458945}}
{"target": 0.20130959342490284, "params": {"C": 365434.8832362886, "gamma": 0.9112436824355179}, "datetime": {"datetime": "2021-10-04 11:25:34", "elapsed": 238.551525, "delta": 1.208118}}
{"target": 0.2515943136717148, "params": {"C": 268994.22763028834, "gamma": 0.5904457602181541}, "datetime": {"datetime": "2021-10-04 11:25:36", "elapsed": 240.813211, "delta": 2.261686}}
{"target": 0.2525286167775792, "params": {"C": 363425.89773829887, "gamma": 0.5717654261021928}, "datetime": {"datetime": "2021-10-04 11:25:37", "elapsed": 241.950453, "delta": 1.137242}}
{"target": 0.2531831848911462, "params": {"C": 239648.18900533614, "gamma": 0.547958468131405}, "datetime": {"datetime": "2021-10-04 11:25:39", "elapsed": 243.342935, "delta": 1.392482}}
{"target": 0.23035246428956824, "params": {"C": 218290.0134728613, "gamma": 0.7321036268989889}, "datetime": {"datetime": "2021-10-04 11:25:40", "elapsed": 244.698808, "delta": 1.355873}}
{"target": 0.22284256212003062, "params": {"C": 268996.09989696724, "gamma": 0.7863336951899295}, "datetime": {"datetime": "2021-10-04 11:25:42", "elapsed": 246.359773, "delta": 1.660965}}
{"target": 0.17713055101426378, "params": {"C": 206544.93062875717, "gamma": 0.9985663418038508}, "datetime": {"datetime": "2021-10-04 11:25:43", "elapsed": 247.94576, "delta": 1.585987}}
{"target": 0.25225437819042607, "params": {"C": 362595.69206862035, "gamma": 0.5367571876655335}, "datetime": {"datetime": "2021-10-04 11:25:45", "elapsed": 249.986595, "delta": 2.040835}}
{"target": 0.2152670159854182, "params": {"C": 162846.3067561256, "gamma": 0.31848323446047305}, "datetime": {"datetime": "2021-10-04 11:25:47", "elapsed": 251.31789, "delta": 1.331295}}
{"target": 0.2326022954505197, "params": {"C": 208097.80934247482, "gamma": 0.3838657880673797}, "datetime": {"datetime": "2021-10-04 11:25:48", "elapsed": 252.418955, "delta": 1.101065}}
{"target": 0.07355306101491133, "params": {"C": 363425.75836652477, "gamma": 0.11061984777954621}, "datetime": {"datetime": "2021-10-04 11:25:49", "elapsed": 254.104904, "delta": 1.685949}}
{"target": 0.1797246217643157, "params": {"C": 176007.10980675335, "gamma": 0.9669708175255353}, "datetime": {"datetime": "2021-10-04 11:25:51", "elapsed": 255.774155, "delta": 1.669251}}
{"target": 0.19355534664702778, "params": {"C": 166036.04506736677, "gamma": 0.8899615584128725}, "datetime": {"datetime": "2021-10-04 11:25:53", "elapsed": 257.54573, "delta": 1.771575}}
{"target": 0.24796432410826397, "params": {"C": 389476.8251638578, "gamma": 0.4929754390606992}, "datetime": {"datetime": "2021-10-04 11:25:54", "elapsed": 258.770685, "delta": 1.224955}}
{"target": 0.23300238106683369, "params": {"C": 222680.43506968295, "gamma": 0.7189125453126987}, "datetime": {"datetime": "2021-10-04 11:25:56", "elapsed": 260.314405, "delta": 1.54372}}
{"target": 0.2049834060697714, "params": {"C": 389724.29195527255, "gamma": 0.8948245204223896}, "datetime": {"datetime": "2021-10-04 11:25:58", "elapsed": 262.256081, "delta": 1.941676}}
{"target": 0.15345518515059464, "params": {"C": 337117.08570362034, "gamma": 0.26509558325902755}, "datetime": {"datetime": "2021-10-04 11:25:59", "elapsed": 263.777257, "delta": 1.521176}}
{"target": 0.23887612530431868, "params": {"C": 162858.1380606431, "gamma": 0.6532217892967508}, "datetime": {"datetime": "2021-10-04 11:26:01", "elapsed": 265.63122, "delta": 1.853963}}
{"target": 0.19294905825707587, "params": {"C": 330878.25936105143, "gamma": 0.32499233042202785}, "datetime": {"datetime": "2021-10-04 11:26:02", "elapsed": 266.803156, "delta": 1.171936}}
{"target": 0.20583661167387202, "params": {"C": 231072.49549365696, "gamma": 0.32259382982352947}, "datetime": {"datetime": "2021-10-04 11:26:04", "elapsed": 268.312967, "delta": 1.509811}}
{"target": 0.15456809275613748, "params": {"C": 222679.61966132076, "gamma": 0.22487039174633636}, "datetime": {"datetime": "2021-10-04 11:26:05", "elapsed": 269.765821, "delta": 1.452854}}
{"target": 0.252221809018524, "params": {"C": 287698.25506740744, "gamma": 0.5826094698762088}, "datetime": {"datetime": "2021-10-04 11:26:07", "elapsed": 271.706277, "delta": 1.940456}}
{"target": 0.1866062417875286, "params": {"C": 295294.2241328544, "gamma": 0.9767938963390377}, "datetime": {"datetime": "2021-10-04 11:26:09", "elapsed": 273.23612, "delta": 1.529843}}
{"target": 0.1943507313339382, "params": {"C": 213824.64913472242, "gamma": 0.2930812641468058}, "datetime": {"datetime": "2021-10-04 11:26:11", "elapsed": 275.282223, "delta": 2.046103}}
{"target": 0.2412418408425393, "params": {"C": 337117.05485631584, "gamma": 0.6908053705665471}, "datetime": {"datetime": "2021-10-04 11:26:12", "elapsed": 276.881084, "delta": 1.598861}}
{"target": 0.20309067582049545, "params": {"C": 367361.22035343817, "gamma": 0.9023415646637694}, "datetime": {"datetime": "2021-10-04 11:26:13", "elapsed": 278.199643, "delta": 1.318559}}
{"target": 0.2520837730609288, "params": {"C": 345551.9524688117, "gamma": 0.5275263532510542}, "datetime": {"datetime": "2021-10-04 11:26:15", "elapsed": 279.566043, "delta": 1.3664}}
{"target": 0.2227082460986215, "params": {"C": 259238.00399946945, "gamma": 0.7848244150314034}, "datetime": {"datetime": "2021-10-04 11:26:17", "elapsed": 281.768807, "delta": 2.202764}}
{"target": 0.2521771803587616, "params": {"C": 286129.7039540282, "gamma": 0.5121777927532051}, "datetime": {"datetime": "2021-10-04 11:26:19", "elapsed": 283.651667, "delta": 1.88286}}
{"target": 0.25122762418292255, "params": {"C": 287697.92054748454, "gamma": 0.598340129290842}, "datetime": {"datetime": "2021-10-04 11:26:21", "elapsed": 285.504179, "delta": 1.852512}}
{"target": 0.23621548070387677, "params": {"C": 394427.4575100549, "gamma": 0.7274896760419202}, "datetime": {"datetime": "2021-10-04 11:26:22", "elapsed": 286.946318, "delta": 1.442139}}
{"target": 0.23891298288731344, "params": {"C": 287699.50823690253, "gamma": 0.6995655558492733}, "datetime": {"datetime": "2021-10-04 11:26:24", "elapsed": 288.390831, "delta": 1.444513}}
{"target": 0.19681773311007034, "params": {"C": 267112.1153343951, "gamma": 0.9180673914218708}, "datetime": {"datetime": "2021-10-04 11:26:25", "elapsed": 289.855517, "delta": 1.464686}}
{"target": 0.17100321125225726, "params": {"C": 236951.87069385953, "gamma": 0.016420529119028027}, "datetime": {"datetime": "2021-10-04 11:26:27", "elapsed": 291.436482, "delta": 1.580965}}
{"target": 0.0872564154276374, "params": {"C": 388709.7955082675, "gamma": 0.19240937936840324}, "datetime": {"datetime": "2021-10-04 11:26:29", "elapsed": 293.632463, "delta": 2.195981}}
{"target": 0.25251184759247525, "params": {"C": 357862.16101059894, "gamma": 0.5428734221823835}, "datetime": {"datetime": "2021-10-04 11:26:31", "elapsed": 295.498992, "delta": 1.866529}}
{"target": 0.18398124800618987, "params": {"C": 212491.80226322688, "gamma": 0.9655788481138544}, "datetime": {"datetime": "2021-10-04 11:26:33", "elapsed": 297.334522, "delta": 1.83553}}
{"target": 0.24358632164921856, "params": {"C": 275557.49460563913, "gamma": 0.6663079282242893}, "datetime": {"datetime": "2021-10-04 11:26:35", "elapsed": 299.465617, "delta": 2.131095}}
{"target": 0.10004343894874601, "params": {"C": 301065.1135904719, "gamma": 0.10379302858289362}, "datetime": {"datetime": "2021-10-04 11:26:36", "elapsed": 300.901776, "delta": 1.436159}}
{"target": 0.2206348078824254, "params": {"C": 222704.7761781069, "gamma": 0.3540561550577293}, "datetime": {"datetime": "2021-10-04 11:26:38", "elapsed": 302.914931, "delta": 2.013155}}
{"target": 0.2515731624500963, "params": {"C": 218179.3274862741, "gamma": 0.5766206869151604}, "datetime": {"datetime": "2021-10-04 11:26:40", "elapsed": 304.332313, "delta": 1.417382}}
{"target": 0.1806509117484898, "params": {"C": 193637.83995436147, "gamma": 0.25783451196568535}, "datetime": {"datetime": "2021-10-04 11:26:41", "elapsed": 305.75605, "delta": 1.423737}}
{"target": 0.24354810198858234, "params": {"C": 171865.53859629552, "gamma": 0.6281377126943518}, "datetime": {"datetime": "2021-10-04 11:26:43", "elapsed": 307.727605, "delta": 1.971555}}
{"target": 0.2531369432704046, "params": {"C": 287917.61164789705, "gamma": 0.5381863464388194}, "datetime": {"datetime": "2021-10-04 11:26:45", "elapsed": 309.26832, "delta": 1.540715}}
{"target": 0.21031208283522218, "params": {"C": 295667.53688942926, "gamma": 0.3502745453864724}, "datetime": {"datetime": "2021-10-04 11:26:46", "elapsed": 310.80086, "delta": 1.53254}}
{"target": 0.23644097808695508, "params": {"C": 207107.74848340297, "gamma": 0.6931800298398212}, "datetime": {"datetime": "2021-10-04 11:26:48", "elapsed": 312.460702, "delta": 1.659842}}
{"target": 0.1223225675748435, "params": {"C": 252729.88291016268, "gamma": 0.183381306405376}, "datetime": {"datetime": "2021-10-04 11:26:49", "elapsed": 313.979618, "delta": 1.518916}}
{"target": 0.20530016707276455, "params": {"C": 211838.58590180462, "gamma": 0.8578198970680316}, "datetime": {"datetime": "2021-10-04 11:26:51", "elapsed": 315.492711, "delta": 1.513093}}
{"target": 0.24190621286770164, "params": {"C": 341348.1311987648, "gamma": 0.4505771841935276}, "datetime": {"datetime": "2021-10-04 11:26:52", "elapsed": 317.054336, "delta": 1.561625}}
{"target": 0.20407496830953986, "params": {"C": 285815.0556593038, "gamma": 0.8854625981393374}, "datetime": {"datetime": "2021-10-04 11:26:54", "elapsed": 318.762828, "delta": 1.708492}}
{"target": 0.15207203186858476, "params": {"C": 362595.53071063804, "gamma": 0.26951518194702384}, "datetime": {"datetime": "2021-10-04 11:26:56", "elapsed": 320.862509, "delta": 2.099681}}
{"target": 0.12203620429110584, "params": {"C": 281143.3227741036, "gamma": 0.08622060087743035}, "datetime": {"datetime": "2021-10-04 11:26:58", "elapsed": 322.366405, "delta": 1.503896}}
{"target": 0.2517863647075921, "params": {"C": 230862.75410908466, "gamma": 0.5782049944876726}, "datetime": {"datetime": "2021-10-04 11:27:00", "elapsed": 324.213814, "delta": 1.847409}}
{"target": 0.2187936542969734, "params": {"C": 300190.9068070417, "gamma": 0.8132426109068651}, "datetime": {"datetime": "2021-10-04 11:27:01", "elapsed": 325.853879, "delta": 1.640065}}
{"target": 0.2184086699263872, "params": {"C": 213824.79382354757, "gamma": 0.7930196302728671}, "datetime": {"datetime": "2021-10-04 11:27:04", "elapsed": 328.534252, "delta": 2.680373}}
{"target": 0.23749847282252334, "params": {"C": 365353.9401933827, "gamma": 0.7174801649294177}, "datetime": {"datetime": "2021-10-04 11:27:05", "elapsed": 329.90563, "delta": 1.371378}}
