{"target": 0.17003933199984467, "params": {"C": 22015.030910562502, "gamma": 0.08427543506473303}, "datetime": {"datetime": "2021-10-04 10:42:37", "elapsed": 144.668664, "delta": 1.623136}}
{"target": 0.16378561622518772, "params": {"C": 21604.179857647236, "gamma": 0.1949093565314781}, "datetime": {"datetime": "2021-10-04 10:42:38", "elapsed": 146.215025, "delta": 1.546361}}
{"target": 0.16300838560816444, "params": {"C": 34495.266284439494, "gamma": 0.03412275435145521}, "datetime": {"datetime": "2021-10-04 10:42:39", "elapsed": 147.39025, "delta": 1.175225}}
{"target": 0.17623975141897985, "params": {"C": 34021.80879343458, "gamma": 0.05247859610642769}, "datetime": {"datetime": "2021-10-04 10:42:41", "elapsed": 149.009991, "delta": 1.619741}}
{"target": 0.17003303806148007, "params": {"C": 23148.350923216098, "gamma": 0.10295465480867769}, "datetime": {"datetime": "2021-10-04 10:42:42", "elapsed": 150.511922, "delta": 1.501931}}
{"target": 0.13868760457327234, "params": {"C": 30287.90600609347, "gamma": 0.023884401522610094}, "datetime": {"datetime": "2021-10-04 10:42:44", "elapsed": 152.066516, "delta": 1.554594}}
{"target": 0.17895429573692723, "params": {"C": 30497.04978625586, "gamma": 0.19251615107895753}, "datetime": {"datetime": "2021-10-04 10:42:45", "elapsed": 153.158099, "delta": 1.091583}}
{"target": 0.17660706328307407, "params": {"C": 30096.949034738715, "gamma": 0.07994006354820453}, "datetime": {"datetime": "2021-10-04 10:42:46", "elapsed": 154.283154, "delta": 1.125055}}
{"target": 0.177870176843832, "params": {"C": 32581.23461272353, "gamma": 0.0667607748024061}, "datetime": {"datetime": "2021-10-04 10:42:47", "elapsed": 155.525283, "delta": 1.242129}}
{"target": 0.1818528196613648, "params": {"C": 42659.96839139945, "gamma": 0.15507410517434536}, "datetime": {"datetime": "2021-10-04 10:42:49", "elapsed": 157.071017, "delta": 1.545734}}
{"target": 0.15553120851879243, "params": {"C": 17494.12090995367, "gamma": 0.15271579233417118}, "datetime": {"datetime": "2021-10-04 10:42:51", "elapsed": 158.741445, "delta": 1.670428}}
{"target": 0.1816819285151402, "params": {"C": 48966.64519740907, "gamma": 0.07135794900570827}, "datetime": {"datetime": "2021-10-04 10:42:52", "elapsed": 160.043132, "delta": 1.301687}}
{"target": 0.06230266672600482, "params": {"C": 5327.87981251686, "gamma": 0.03938475363042781}, "datetime": {"datetime": "2021-10-04 10:42:54", "elapsed": 161.704336, "delta": 1.661204}}
{"target": 0.15839856965766042, "params": {"C": 18788.48899086636, "gamma": 0.05053513259213475}, "datetime": {"datetime": "2021-10-04 10:42:55", "elapsed": 163.221702, "delta": 1.517366}}
{"target": 0.17708024492387264, "params": {"C": 31763.04466319444, "gamma": 0.08632873236397458}, "datetime": {"datetime": "2021-10-04 10:42:57", "elapsed": 164.705154, "delta": 1.483452}}
{"target": 0.171637081814196, "params": {"C": 26054.356094444986, "gamma": 0.16380677466831928}, "datetime": {"datetime": "2021-10-04 10:42:58", "elapsed": 166.119559, "delta": 1.414405}}
{"target": 0.17364905435961098, "params": {"C": 26432.31957326812, "gamma": 0.1967182322990987}, "datetime": {"datetime": "2021-10-04 10:42:59", "elapsed": 167.420616, "delta": 1.301057}}
{"target": 0.18765432834341045, "params": {"C": 40607.95449030006, "gamma": 0.19753539875867432}, "datetime": {"datetime": "2021-10-04 10:43:01", "elapsed": 168.699622, "delta": 1.279006}}
{"target": 0.1638458375172982, "params": {"C": 17926.086197884186, "gamma": 0.08777011699375936}, "datetime": {"datetime": "2021-10-04 10:43:02", "elapsed": 170.499855, "delta": 1.800233}}
{"target": 0.15327743147207895, "params": {"C": 15436.79648065308, "gamma": 0.12638611691259533}, "datetime": {"datetime": "2021-10-04 10:43:04", "elapsed": 171.664112, "delta": 1.164257}}
{"target": 0.11425290576838165, "params": {"C": 15929.37579950367, "gamma": 0.026439987800079362}, "datetime": {"datetime": "2021-10-04 10:43:05", "elapsed": 173.043132, "delta": 1.37902}}
{"target": 0.185044561307534, "params": {"C": 35945.10830885146, "gamma": 0.2}, "datetime": {"datetime": "2021-10-04 10:43:06", "elapsed": 174.559239, "delta": 1.516107}}
{"target": 0.1762603865842467, "params": {"C": 31277.52649052966, "gamma": 0.1509427703551743}, "datetime": {"datetime": "2021-10-04 10:43:08", "elapsed": 176.418755, "delta": 1.859516}}
{"target": 0.17908694005100922, "params": {"C": 38949.39714165354, "gamma": 0.13724802807704986}, "datetime": {"datetime": "2021-10-04 10:43:10", "elapsed": 177.993355, "delta": 1.5746}}
{"target": 0.09965875013616798, "params": {"C": 6491.556311491584, "gamma": 0.056136245453762855}, "datetime": {"datetime": "2021-10-04 10:43:11", "elapsed": 179.56007, "delta": 1.566715}}
{"target": 0.005767088544630261, "params": {"C": 16334.587809929313, "gamma": 0.009}, "datetime": {"datetime": "2021-10-04 10:43:13", "elapsed": 180.904883, "delta": 1.344813}}
{"target": 0.14790708940029107, "params": {"C": 15026.409434855259, "gamma": 0.15057933285267977}, "datetime": {"datetime": "2021-10-04 10:43:14", "elapsed": 182.34117, "delta": 1.436287}}
{"target": 0.1468127081334375, "params": {"C": 13829.923740748729, "gamma": 0.13206354668257425}, "datetime": {"datetime": "2021-10-04 10:43:16", "elapsed": 183.630976, "delta": 1.289806}}
{"target": 0.15279739138916582, "params": {"C": 13450.39968148006, "gamma": 0.08032445691017809}, "datetime": {"datetime": "2021-10-04 10:43:17", "elapsed": 184.817014, "delta": 1.186038}}
{"target": 0.049053555573418395, "params": {"C": 7055.337262093975, "gamma": 0.02506746966375971}, "datetime": {"datetime": "2021-10-04 10:43:18", "elapsed": 186.138546, "delta": 1.321532}}
{"target": 0.14979724966703278, "params": {"C": 12616.547305288605, "gamma": 0.08211719969989945}, "datetime": {"datetime": "2021-10-04 10:43:20", "elapsed": 187.853782, "delta": 1.715236}}
{"target": 0.1632009927971032, "params": {"C": 19288.328662913336, "gamma": 0.0582307157678096}, "datetime": {"datetime": "2021-10-04 10:43:21", "elapsed": 188.896415, "delta": 1.042633}}
{"target": 0.0989302132548524, "params": {"C": 5950.635546005097, "gamma": 0.07634460658226826}, "datetime": {"datetime": "2021-10-04 10:43:23", "elapsed": 190.596051, "delta": 1.699636}}
{"target": 0.18253100083585105, "params": {"C": 43066.83987352175, "gamma": 0.15945856483305584}, "datetime": {"datetime": "2021-10-04 10:43:24", "elapsed": 191.986041, "delta": 1.38999}}
{"target": 0.14490365953941864, "params": {"C": 14238.347048713036, "gamma": 0.04862761747539629}, "datetime": {"datetime": "2021-10-04 10:43:26", "elapsed": 193.871166, "delta": 1.885125}}
{"target": 0.15261534739014293, "params": {"C": 14634.538601257584, "gamma": 0.1156867298726945}, "datetime": {"datetime": "2021-10-04 10:43:27", "elapsed": 195.384937, "delta": 1.513771}}
{"target": 0.16250877349231818, "params": {"C": 20547.039497567246, "gamma": 0.15781739114269275}, "datetime": {"datetime": "2021-10-04 10:43:29", "elapsed": 196.789022, "delta": 1.404085}}
{"target": 0.13456605641495278, "params": {"C": 13038.644657993753, "gamma": 0.17299146097799983}, "datetime": {"datetime": "2021-10-04 10:43:31", "elapsed": 198.612416, "delta": 1.823394}}
{"target": 0.1809778951303781, "params": {"C": 43458.60803568823, "gamma": 0.05706447046470209}, "datetime": {"datetime": "2021-10-04 10:43:32", "elapsed": 200.182974, "delta": 1.570558}}
{"target": 0.15184122113785614, "params": {"C": 16696.42406392528, "gamma": 0.1635935465840531}, "datetime": {"datetime": "2021-10-04 10:43:34", "elapsed": 201.793822, "delta": 1.610848}}
{"target": 0.1322008909645237, "params": {"C": 11311.10554562866, "gamma": 0.04824935242484679}, "datetime": {"datetime": "2021-10-04 10:43:36", "elapsed": 203.619538, "delta": 1.825716}}
{"target": 0.13058170130069424, "params": {"C": 10879.827618306208, "gamma": 0.13920086748294955}, "datetime": {"datetime": "2021-10-04 10:43:38", "elapsed": 206.155909, "delta": 2.536371}}
{"target": 0.15938306734761487, "params": {"C": 18244.619438269816, "gamma": 0.1349187556896279}, "datetime": {"datetime": "2021-10-04 10:43:40", "elapsed": 207.955489, "delta": 1.79958}}
{"target": 0.041514724959250016, "params": {"C": 12159.716737114468, "gamma": 0.01509857793496058}, "datetime": {"datetime": "2021-10-04 10:43:42", "elapsed": 210.243096, "delta": 2.287607}}
{"target": 0.1360075783326129, "params": {"C": 11726.961280483258, "gamma": 0.13739600713583863}, "datetime": {"datetime": "2021-10-04 10:43:44", "elapsed": 212.044954, "delta": 1.801858}}
{"target": 0.17796519626258223, "params": {"C": 35539.1204246133, "gamma": 0.09410589204899124}, "datetime": {"datetime": "2021-10-04 10:43:45", "elapsed": 213.358966, "delta": 1.314012}}
{"target": 0.1643117744099667, "params": {"C": 37863.8424641827, "gamma": 0.033105008582587275}, "datetime": {"datetime": "2021-10-04 10:43:47", "elapsed": 215.091802, "delta": 1.732836}}
{"target": 0.16508216736324222, "params": {"C": 29624.39873655048, "gamma": 0.03987643063345735}, "datetime": {"datetime": "2021-10-04 10:43:48", "elapsed": 216.451432, "delta": 1.35963}}
{"target": 0.16639876378593288, "params": {"C": 22353.518625652734, "gamma": 0.14466082945205816}, "datetime": {"datetime": "2021-10-04 10:43:50", "elapsed": 218.102288, "delta": 1.650856}}
{"target": 0.17955638035030164, "params": {"C": 41354.91201860155, "gamma": 0.13535704114753583}, "datetime": {"datetime": "2021-10-04 10:43:52", "elapsed": 219.592347, "delta": 1.490059}}
{"target": 0.1704558711314813, "params": {"C": 24972.78564846064, "gamma": 0.1775344431867885}, "datetime": {"datetime": "2021-10-04 10:43:53", "elapsed": 221.130466, "delta": 1.538119}}
{"target": 0.16978489726289347, "params": {"C": 24256.66334812202, "gamma": 0.2}, "datetime": {"datetime": "2021-10-04 10:43:55", "elapsed": 223.557218, "delta": 2.426752}}
{"target": 0.11818981059219169, "params": {"C": 33016.58419220956, "gamma": 0.017095670085924754}, "datetime": {"datetime": "2021-10-04 10:43:57", "elapsed": 225.011168, "delta": 1.45395}}
{"target": 0.168566991257733, "params": {"C": 22851.571420170898, "gamma": 0.11786335190148575}, "datetime": {"datetime": "2021-10-04 10:43:58", "elapsed": 226.447564, "delta": 1.436396}}
{"target": 0.17138902211477558, "params": {"C": 23819.088969952365, "gamma": 0.0939170600385464}, "datetime": {"datetime": "2021-10-04 10:44:00", "elapsed": 227.657614, "delta": 1.21005}}
{"target": 0.16109526643204275, "params": {"C": 19605.787779426315, "gamma": 0.14862062343039226}, "datetime": {"datetime": "2021-10-04 10:44:02", "elapsed": 229.708854, "delta": 2.05124}}
{"target": 0.17967705524778999, "params": {"C": 31049.974284058713, "gamma": 0.19353774493821121}, "datetime": {"datetime": "2021-10-04 10:44:03", "elapsed": 231.283642, "delta": 1.574788}}
{"target": 0.1674975745085595, "params": {"C": 32038.763204198363, "gamma": 0.04007407449683674}, "datetime": {"datetime": "2021-10-04 10:44:05", "elapsed": 233.328058, "delta": 2.044416}}
{"target": -0.010057998643615784, "params": {"C": 9641.301506212676, "gamma": 0.011599748302009213}, "datetime": {"datetime": "2021-10-04 10:44:08", "elapsed": 235.693312, "delta": 2.365254}}
{"target": 0.1367808851499418, "params": {"C": 10020.937410710045, "gamma": 0.0909323983934773}, "datetime": {"datetime": "2021-10-04 10:44:09", "elapsed": 237.267823, "delta": 1.574511}}
{"target": 0.12777397439873495, "params": {"C": 9217.695476804085, "gamma": 0.10960803489945724}, "datetime": {"datetime": "2021-10-04 10:44:11", "elapsed": 238.79314, "delta": 1.525317}}
{"target": 0.13887673492278807, "params": {"C": 10459.266901136023, "gamma": 0.09436445784502949}, "datetime": {"datetime": "2021-10-04 10:44:12", "elapsed": 240.392556, "delta": 1.599416}}
{"target": 0.10691566834992361, "params": {"C": 17104.418104916687, "gamma": 0.022908715607605254}, "datetime": {"datetime": "2021-10-04 10:44:14", "elapsed": 241.606057, "delta": 1.213501}}
{"target": 0.09581582263805966, "params": {"C": 7518.901896604299, "gamma": 0.15168715637966923}, "datetime": {"datetime": "2021-10-04 10:44:15", "elapsed": 242.904666, "delta": 1.298609}}
{"target": 0.16535500672560322, "params": {"C": 45271.136647572974, "gamma": 0.030447915672185875}, "datetime": {"datetime": "2021-10-04 10:44:17", "elapsed": 244.736108, "delta": 1.831442}}
{"target": 0.17917358573468345, "params": {"C": 45506.0504171405, "gamma": 0.10505719906959067}, "datetime": {"datetime": "2021-10-04 10:44:18", "elapsed": 246.499668, "delta": 1.76356}}
{"target": 0.17424664817042435, "params": {"C": 26729.934402791612, "gamma": 0.08666594922436521}, "datetime": {"datetime": "2021-10-04 10:44:20", "elapsed": 247.920837, "delta": 1.421169}}
{"target": 0.17660907139985305, "params": {"C": 29902.742992977117, "gamma": 0.07634411200367973}, "datetime": {"datetime": "2021-10-04 10:44:21", "elapsed": 249.474944, "delta": 1.554107}}
{"target": 0.18287342302775433, "params": {"C": 40131.33362633228, "gamma": 0.16851620481410953}, "datetime": {"datetime": "2021-10-04 10:44:23", "elapsed": 251.174506, "delta": 1.699562}}
{"target": 0.16141966768098004, "params": {"C": 20293.39561289164, "gamma": 0.16847824242412424}, "datetime": {"datetime": "2021-10-04 10:44:25", "elapsed": 252.814251, "delta": 1.639745}}
{"target": 0.1721979460285401, "params": {"C": 25712.631942929147, "gamma": 0.19167453162476028}, "datetime": {"datetime": "2021-10-04 10:44:26", "elapsed": 254.368652, "delta": 1.554401}}
{"target": 0.09148798740349451, "params": {"C": 7992.761394893301, "gamma": 0.17467946524148847}, "datetime": {"datetime": "2021-10-04 10:44:28", "elapsed": 256.264863, "delta": 1.896211}}
{"target": 0.013633843791611477, "params": {"C": 8371.608645235417, "gamma": 0.015745205856126668}, "datetime": {"datetime": "2021-10-04 10:44:30", "elapsed": 257.90005, "delta": 1.635187}}
{"target": 0.11227557008507527, "params": {"C": 8821.486521382523, "gamma": 0.14652142809537763}, "datetime": {"datetime": "2021-10-04 10:44:32", "elapsed": 260.037396, "delta": 2.137346}}
{"target": 0.1790744661146323, "params": {"C": 44854.699243620846, "gamma": 0.11169154880050078}, "datetime": {"datetime": "2021-10-04 10:44:34", "elapsed": 262.188434, "delta": 2.151038}}
{"target": 0.16092836832754187, "params": {"C": 20069.77707152778, "gamma": 0.1677729470698398}, "datetime": {"datetime": "2021-10-04 10:44:36", "elapsed": 263.637242, "delta": 1.448808}}
{"target": 0.17465764941109163, "params": {"C": 28315.3953684313, "gamma": 0.09719445373419759}, "datetime": {"datetime": "2021-10-04 10:44:38", "elapsed": 265.596817, "delta": 1.959575}}
{"target": 0.15470656711664743, "params": {"C": 42988.95545224685, "gamma": 0.025292516144402998}, "datetime": {"datetime": "2021-10-04 10:44:39", "elapsed": 267.475724, "delta": 1.878907}}
{"target": 0.18451728969568493, "params": {"C": 43149.411321001724, "gamma": 0.17264790083340906}, "datetime": {"datetime": "2021-10-04 10:44:41", "elapsed": 268.797281, "delta": 1.321557}}
{"target": 0.17871829212073898, "params": {"C": 35738.1760494577, "gamma": 0.08259081631066058}, "datetime": {"datetime": "2021-10-04 10:44:43", "elapsed": 270.601177, "delta": 1.803896}}
{"target": 0.18184773993747605, "params": {"C": 42113.30027819293, "gamma": 0.15611938446774978}, "datetime": {"datetime": "2021-10-04 10:44:45", "elapsed": 272.746015, "delta": 2.144838}}
{"target": 0.07596470087747409, "params": {"C": 44696.43357291524, "gamma": 0.009}, "datetime": {"datetime": "2021-10-04 10:44:47", "elapsed": 275.201658, "delta": 2.455643}}
{"target": 0.1898237526988209, "params": {"C": 44548.32033726771, "gamma": 0.2}, "datetime": {"datetime": "2021-10-04 10:44:50", "elapsed": 277.591742, "delta": 2.390084}}
{"target": 0.17732220892100825, "params": {"C": 38205.3398197333, "gamma": 0.04939009371805946}, "datetime": {"datetime": "2021-10-04 10:44:52", "elapsed": 279.734666, "delta": 2.142924}}
{"target": 0.1787236885638599, "params": {"C": 40874.8150565453, "gamma": 0.10314825752987115}, "datetime": {"datetime": "2021-10-04 10:44:54", "elapsed": 281.768906, "delta": 2.03424}}
{"target": 0.18437558415801403, "params": {"C": 35120.200433362115, "gamma": 0.2}, "datetime": {"datetime": "2021-10-04 10:44:56", "elapsed": 284.456007, "delta": 2.687101}}
{"target": 0.17749329275294856, "params": {"C": 32380.911769133778, "gamma": 0.15734445181691442}, "datetime": {"datetime": "2021-10-04 10:44:59", "elapsed": 286.69884, "delta": 2.242833}}
{"target": 0.1672884015478867, "params": {"C": 19852.267481749477, "gamma": 0.0785588775844094}, "datetime": {"datetime": "2021-10-04 10:45:00", "elapsed": 288.444158, "delta": 1.745318}}
{"target": 0.17433927497165247, "params": {"C": 27948.16740087945, "gamma": 0.09862717313782875}, "datetime": {"datetime": "2021-10-04 10:45:03", "elapsed": 291.187927, "delta": 2.743769}}
{"target": 0.17400203462294905, "params": {"C": 31665.548251672662, "gamma": 0.050515292021242664}, "datetime": {"datetime": "2021-10-04 10:45:05", "elapsed": 293.149654, "delta": 1.961727}}
{"target": 0.16499959923354512, "params": {"C": 21915.709780614015, "gamma": 0.16502268442212017}, "datetime": {"datetime": "2021-10-04 10:45:07", "elapsed": 295.181562, "delta": 2.031908}}
{"target": 0.06197423167422744, "params": {"C": 27602.220242796135, "gamma": 0.010510369484509497}, "datetime": {"datetime": "2021-10-04 10:45:09", "elapsed": 297.451344, "delta": 2.269782}}
{"target": 0.17415076655526096, "params": {"C": 27437.212106467643, "gamma": 0.1792932949814267}, "datetime": {"datetime": "2021-10-04 10:45:12", "elapsed": 299.893743, "delta": 2.442399}}
{"target": 0.17320426752934337, "params": {"C": 27766.247453926495, "gamma": 0.1501082762453113}, "datetime": {"datetime": "2021-10-04 10:45:14", "elapsed": 301.889807, "delta": 1.996064}}
{"target": 0.171830830085145, "params": {"C": 30687.791421042068, "gamma": 0.04757696034507334}, "datetime": {"datetime": "2021-10-04 10:45:16", "elapsed": 304.000742, "delta": 2.110935}}
{"target": 0.17530992856912886, "params": {"C": 28133.414168918447, "gamma": 0.1832004046725086}, "datetime": {"datetime": "2021-10-04 10:45:18", "elapsed": 306.229942, "delta": 2.2292}}
{"target": 0.18457946877780607, "params": {"C": 41173.00838748738, "gamma": 0.17728666027805698}, "datetime": {"datetime": "2021-10-04 10:45:21", "elapsed": 308.974657, "delta": 2.744715}}
{"target": 0.17544635628335603, "params": {"C": 28670.24666395804, "gamma": 0.06481109460482712}, "datetime": {"datetime": "2021-10-04 10:45:23", "elapsed": 311.351638, "delta": 2.376981}}
{"target": 0.1792877459391382, "params": {"C": 42269.29038778253, "gamma": 0.12857850364797302}, "datetime": {"datetime": "2021-10-04 10:45:26", "elapsed": 314.076609, "delta": 2.724971}}
{"target": 0.1677438675066607, "params": {"C": 23411.19916656973, "gamma": 0.1777319515304043}, "datetime": {"datetime": "2021-10-04 10:45:28", "elapsed": 316.245289, "delta": 2.16868}}
{"target": 0.16388356943363236, "params": {"C": 21310.42475132736, "gamma": 0.16228586193595348}, "datetime": {"datetime": "2021-10-04 10:45:30", "elapsed": 318.564712, "delta": 2.319423}}
{"target": 0.17315044629589382, "params": {"C": 27252.657918512203, "gamma": 0.16422184734069914}, "datetime": {"datetime": "2021-10-04 10:45:33", "elapsed": 321.439975, "delta": 2.875263}}
{"target": 0.17706065165798857, "params": {"C": 30859.811331362802, "gamma": 0.06833979803601761}, "datetime": {"datetime": "2021-10-04 10:45:36", "elapsed": 323.6075, "delta": 2.167525}}
{"target": 0.17649755176030346, "params": {"C": 32208.389204728683, "gamma": 0.14378946151307442}, "datetime": {"datetime": "2021-10-04 10:45:37", "elapsed": 325.475662, "delta": 1.868162}}
{"target": 0.1666399154821102, "params": {"C": 22112.739933497633, "gamma": 0.13240248946849353}, "datetime": {"datetime": "2021-10-04 10:45:40", "elapsed": 327.705284, "delta": 2.229622}}
{"target": 0.19440734216966027, "params": {"C": 77539.89512872878, "gamma": 0.2150710163818685}, "datetime": {"datetime": "2021-10-04 10:45:43", "elapsed": 0.0, "delta": 0.0}}
{"target": 0.1824625789161085, "params": {"C": 64545.236945647215, "gamma": 0.15765083311251993}, "datetime": {"datetime": "2021-10-04 10:45:43", "elapsed": 0.165325, "delta": 0.165325}}
{"target": 0.20917544557775736, "params": {"C": 94647.34771738274, "gamma": 0.26982128887963047}, "datetime": {"datetime": "2021-10-04 10:45:43", "elapsed": 0.354905, "delta": 0.18958}}
{"target": 0.18220015594515093, "params": {"C": 56279.26552319181, "gamma": 0.06930767753821233}, "datetime": {"datetime": "2021-10-04 10:45:43", "elapsed": 0.513352, "delta": 0.158447}}
{"target": 0.18068345074085723, "params": {"C": 52573.36016504149, "gamma": 0.13727566450233522}, "datetime": {"datetime": "2021-10-04 10:45:43", "elapsed": 0.682425, "delta": 0.169073}}
{"target": 0.161405246293281, "params": {"C": 99990.46119963066, "gamma": 0.018733705312123976}, "datetime": {"datetime": "2021-10-04 10:45:43", "elapsed": 0.898651, "delta": 0.216226}}
{"target": 0.19307554238843183, "params": {"C": 93921.1798706631, "gamma": 0.22208547183957275}, "datetime": {"datetime": "2021-10-04 10:45:44", "elapsed": 1.099227, "delta": 0.200576}}
{"target": 0.1708038875327723, "params": {"C": 95276.79605282351, "gamma": 0.12822049578340244}, "datetime": {"datetime": "2021-10-04 10:45:44", "elapsed": 1.315436, "delta": 0.216209}}
{"target": 0.14994365353322392, "params": {"C": 77538.32956046252, "gamma": 0.016965256560143048}, "datetime": {"datetime": "2021-10-04 10:45:44", "elapsed": 1.531628, "delta": 0.216192}}
{"target": 0.2120308912615978, "params": {"C": 63951.17752887537, "gamma": 0.27744741081000035}, "datetime": {"datetime": "2021-10-04 10:45:44", "elapsed": 1.816941, "delta": 0.285313}}
{"target": 0.1734049187553246, "params": {"C": 70993.0829789904, "gamma": 0.029180608421657643}, "datetime": {"datetime": "2021-10-04 10:45:45", "elapsed": 2.039653, "delta": 0.222712}}
{"target": 0.18390887625358388, "params": {"C": 86558.11709916836, "gamma": 0.05388446774622482}, "datetime": {"datetime": "2021-10-04 10:45:45", "elapsed": 2.287197, "delta": 0.247544}}
