{"target": -34.80060831197588, "params": {"C": 36526.53082571893, "gamma": 0.030377106926531536}, "datetime": {"datetime": "2021-09-29 09:27:22", "elapsed": 778.163459, "delta": 2.607231}}
{"target": -34.77621945490515, "params": {"C": 39136.6231842736, "gamma": 0.029020760037519584}, "datetime": {"datetime": "2021-09-29 09:27:25", "elapsed": 781.714196, "delta": 3.550737}}
{"target": -34.567201306009274, "params": {"C": 37039.88643531728, "gamma": 0.023403873320083205}, "datetime": {"datetime": "2021-09-29 09:27:28", "elapsed": 784.246327, "delta": 2.532131}}
{"target": -34.87609745414406, "params": {"C": 39749.96930216571, "gamma": 0.010828070106671868}, "datetime": {"datetime": "2021-09-29 09:27:36", "elapsed": 792.633941, "delta": 8.387614}}
{"target": -35.50882642914829, "params": {"C": 38749.020032428765, "gamma": 0.007051596275576236}, "datetime": {"datetime": "2021-09-29 09:27:40", "elapsed": 795.889164, "delta": 3.255223}}
{"target": -36.22232040997908, "params": {"C": 35947.081022751176, "gamma": 0.058823394419078995}, "datetime": {"datetime": "2021-09-29 09:27:42", "elapsed": 798.321545, "delta": 2.432381}}
{"target": -36.20160539823643, "params": {"C": 39119.0573311769, "gamma": 0.05566159064849622}, "datetime": {"datetime": "2021-09-29 09:27:44", "elapsed": 800.739231, "delta": 2.417686}}
{"target": -35.795715915189476, "params": {"C": 37921.349482641956, "gamma": 0.005924296096074428}, "datetime": {"datetime": "2021-09-29 09:27:49", "elapsed": 805.623375, "delta": 4.884144}}
{"target": -35.743803365587475, "params": {"C": 35625.088955273524, "gamma": 0.006217385561087136}, "datetime": {"datetime": "2021-09-29 09:27:55", "elapsed": 810.830768, "delta": 5.207393}}
{"target": -34.65220276957342, "params": {"C": 35404.85223390614, "gamma": 0.02674003893371946}, "datetime": {"datetime": "2021-09-29 09:27:59", "elapsed": 815.115222, "delta": 4.284454}}
{"target": -36.04152831892186, "params": {"C": 36028.14721524232, "gamma": 0.005012690099426162}, "datetime": {"datetime": "2021-09-29 09:28:03", "elapsed": 818.865097, "delta": 3.749875}}
{"target": -34.681260167228636, "params": {"C": 37593.80812695871, "gamma": 0.027286601248221305}, "datetime": {"datetime": "2021-09-29 09:28:06", "elapsed": 822.110081, "delta": 3.244984}}
{"target": -34.464796917368474, "params": {"C": 37772.20586580969, "gamma": 0.017391439249745524}, "datetime": {"datetime": "2021-09-29 09:28:12", "elapsed": 828.317245, "delta": 6.207164}}
{"target": -35.84153912265763, "params": {"C": 38724.94474172358, "gamma": 0.048928304900386806}, "datetime": {"datetime": "2021-09-29 09:28:15", "elapsed": 831.404523, "delta": 3.087278}}
{"target": -35.069190876824166, "params": {"C": 38974.67979265028, "gamma": 0.03503794936517442}, "datetime": {"datetime": "2021-09-29 09:28:19", "elapsed": 834.877442, "delta": 3.472919}}
{"target": -34.69378487640279, "params": {"C": 37066.233368452544, "gamma": 0.01278519433008653}, "datetime": {"datetime": "2021-09-29 09:28:22", "elapsed": 838.498838, "delta": 3.621396}}
{"target": -34.88391274584085, "params": {"C": 37492.563856759545, "gamma": 0.010909191465954572}, "datetime": {"datetime": "2021-09-29 09:28:26", "elapsed": 842.534759, "delta": 4.035921}}
{"target": -35.530330733767, "params": {"C": 39302.92675202752, "gamma": 0.04296592819441919}, "datetime": {"datetime": "2021-09-29 09:28:29", "elapsed": 844.851596, "delta": 2.316837}}
{"target": -34.59159201114083, "params": {"C": 39088.117009688045, "gamma": 0.02400550347853325}, "datetime": {"datetime": "2021-09-29 09:28:34", "elapsed": 849.800682, "delta": 4.949086}}
{"target": -35.0469730276881, "params": {"C": 39265.17693789817, "gamma": 0.034448420815862565}, "datetime": {"datetime": "2021-09-29 09:28:39", "elapsed": 855.24549, "delta": 5.444808}}
{"target": -35.27511363435855, "params": {"C": 36579.85872944966, "gamma": 0.040093047461947945}, "datetime": {"datetime": "2021-09-29 09:28:42", "elapsed": 858.286175, "delta": 3.040685}}
{"target": -34.802213918388155, "params": {"C": 37680.14565856766, "gamma": 0.030021280526876325}, "datetime": {"datetime": "2021-09-29 09:28:51", "elapsed": 867.649345, "delta": 9.36317}}
{"target": -34.93505312703669, "params": {"C": 35157.44387823264, "gamma": 0.03382360522280505}, "datetime": {"datetime": "2021-09-29 09:28:55", "elapsed": 871.738306, "delta": 4.088961}}
{"target": -34.814134242284624, "params": {"C": 37593.807849695615, "gamma": 0.011547145126721163}, "datetime": {"datetime": "2021-09-29 09:29:00", "elapsed": 875.887892, "delta": 4.149586}}
{"target": -35.75851796361884, "params": {"C": 37576.06038267425, "gamma": 0.006083685824155815}, "datetime": {"datetime": "2021-09-29 09:29:02", "elapsed": 878.719222, "delta": 2.83133}}
{"target": -35.523474817355506, "params": {"C": 38973.24596763319, "gamma": 0.006979555803684656}, "datetime": {"datetime": "2021-09-29 09:29:09", "elapsed": 885.018432, "delta": 6.29921}}
{"target": -35.643377832218235, "params": {"C": 35012.82858239478, "gamma": 0.047635927315646164}, "datetime": {"datetime": "2021-09-29 09:29:11", "elapsed": 887.672555, "delta": 2.654123}}
{"target": -34.62486927773495, "params": {"C": 38700.33731307593, "gamma": 0.025221942611565993}, "datetime": {"datetime": "2021-09-29 09:29:15", "elapsed": 891.122781, "delta": 3.450226}}
{"target": -34.490058263378906, "params": {"C": 39624.66651017423, "gamma": 0.01956259143686805}, "datetime": {"datetime": "2021-09-29 09:29:19", "elapsed": 895.092377, "delta": 3.969596}}
{"target": -35.565070373591126, "params": {"C": 37483.892483943215, "gamma": 0.006877953417901535}, "datetime": {"datetime": "2021-09-29 09:29:25", "elapsed": 901.462981, "delta": 6.370604}}
{"target": -34.83108375711924, "params": {"C": 38024.269494824184, "gamma": 0.030511396289428575}, "datetime": {"datetime": "2021-09-29 09:29:28", "elapsed": 904.445677, "delta": 2.982696}}
{"target": -34.45900986721732, "params": {"C": 38020.94159649924, "gamma": 0.01681875319679375}, "datetime": {"datetime": "2021-09-29 09:29:33", "elapsed": 909.732327, "delta": 5.28665}}
{"target": -34.67619918599249, "params": {"C": 37504.23943816751, "gamma": 0.027139513280249834}, "datetime": {"datetime": "2021-09-29 09:29:43", "elapsed": 919.49226, "delta": 9.759933}}
{"target": -34.68587289425277, "params": {"C": 37920.271970832095, "gamma": 0.027372197704647567}, "datetime": {"datetime": "2021-09-29 09:29:48", "elapsed": 923.85155, "delta": 4.35929}}
{"target": -36.18236910081833, "params": {"C": 37416.900816145244, "gamma": 0.056661883369977656}, "datetime": {"datetime": "2021-09-29 09:29:51", "elapsed": 926.945169, "delta": 3.093619}}
{"target": -34.498824258719836, "params": {"C": 37039.9009078895, "gamma": 0.02010116112119599}, "datetime": {"datetime": "2021-09-29 09:29:56", "elapsed": 932.190411, "delta": 5.245242}}
{"target": -36.24193053572035, "params": {"C": 43856.60321633373, "gamma": 0.004182861113485885}, "datetime": {"datetime": "2021-09-29 09:30:10", "elapsed": 0.0, "delta": 0.0}}
{"target": -35.80597031146365, "params": {"C": 43168.241174631374, "gamma": 0.04568182130470087}, "datetime": {"datetime": "2021-09-29 09:30:10", "elapsed": 0.157997, "delta": 0.157997}}
{"target": -34.473987336005116, "params": {"C": 42492.53506151295, "gamma": 0.015813408795258315}, "datetime": {"datetime": "2021-09-29 09:30:10", "elapsed": 0.320997, "delta": 0.163}}
{"target": -35.772299299352994, "params": {"C": 40990.31432379812, "gamma": 0.04635025059534065}, "datetime": {"datetime": "2021-09-29 09:30:10", "elapsed": 0.487996, "delta": 0.166999}}
{"target": -34.64957993093387, "params": {"C": 42491.5665702343, "gamma": 0.012849537857623675}, "datetime": {"datetime": "2021-09-29 09:30:11", "elapsed": 0.772999, "delta": 0.285003}}
{"target": -34.984315554877796, "params": {"C": 42498.40906697207, "gamma": 0.03196592313476606}, "datetime": {"datetime": "2021-09-29 09:30:11", "elapsed": 1.028995, "delta": 0.255996}}
{"target": -34.584131272312504, "params": {"C": 40253.814701267416, "gamma": 0.023575906810820477}, "datetime": {"datetime": "2021-09-29 09:30:11", "elapsed": 1.285713, "delta": 0.256718}}
{"target": -36.20359379286556, "params": {"C": 40259.844694702646, "gamma": 0.05482288869707786}, "datetime": {"datetime": "2021-09-29 09:30:12", "elapsed": 1.561713, "delta": 0.276}}
{"target": -35.05872746950155, "params": {"C": 40249.95023207894, "gamma": 0.009440987511258533}, "datetime": {"datetime": "2021-09-29 09:30:12", "elapsed": 1.860703, "delta": 0.29899}}
{"target": -34.54474790745042, "params": {"C": 42505.16363629452, "gamma": 0.014408698782662144}, "datetime": {"datetime": "2021-09-29 09:30:12", "elapsed": 2.097708, "delta": 0.237005}}
{"target": -34.62727867623072, "params": {"C": 42509.05050750225, "gamma": 0.013163795097683138}, "datetime": {"datetime": "2021-09-29 09:30:12", "elapsed": 2.323706, "delta": 0.225998}}
{"target": -34.57895007563243, "params": {"C": 42514.55035183939, "gamma": 0.023095312346459618}, "datetime": {"datetime": "2021-09-29 09:30:13", "elapsed": 2.542393, "delta": 0.218687}}
{"target": -35.15300599875732, "params": {"C": 42519.2542791449, "gamma": 0.03531250497088959}, "datetime": {"datetime": "2021-09-29 09:30:13", "elapsed": 2.824358, "delta": 0.281965}}
{"target": -35.78076553373173, "params": {"C": 42231.41262058355, "gamma": 0.04577812823438866}, "datetime": {"datetime": "2021-09-29 09:30:13", "elapsed": 3.219913, "delta": 0.395555}}
{"target": -36.05398687398901, "params": {"C": 40382.572581862594, "gamma": 0.0518225027734401}, "datetime": {"datetime": "2021-09-29 09:30:14", "elapsed": 3.590911, "delta": 0.370998}}
{"target": -34.758067641732175, "params": {"C": 41801.28788714354, "gamma": 0.01176465569106596}, "datetime": {"datetime": "2021-09-29 09:30:14", "elapsed": 3.926914, "delta": 0.336003}}
{"target": -36.471502507667076, "params": {"C": 41807.03920516202, "gamma": 0.05904456602140312}, "datetime": {"datetime": "2021-09-29 09:30:14", "elapsed": 4.302942, "delta": 0.376028}}
{"target": -34.66396251343834, "params": {"C": 41797.33844215975, "gamma": 0.025990450714020685}, "datetime": {"datetime": "2021-09-29 09:30:15", "elapsed": 4.76692, "delta": 0.463978}}
{"target": -34.92460556819494, "params": {"C": 41791.55409844095, "gamma": 0.010300268115722377}, "datetime": {"datetime": "2021-09-29 09:30:15", "elapsed": 5.117912, "delta": 0.350992}}
{"target": -34.87982462710896, "params": {"C": 41784.11005994492, "gamma": 0.01067250879212002}, "datetime": {"datetime": "2021-09-29 09:30:15", "elapsed": 5.414399, "delta": 0.296487}}
{"target": -35.379476826446954, "params": {"C": 41777.588043860196, "gamma": 0.039237040427414764}, "datetime": {"datetime": "2021-09-29 09:30:16", "elapsed": 5.827398, "delta": 0.412999}}
{"target": -34.929176105670905, "params": {"C": 43496.07439490018, "gamma": 0.010172098686529851}, "datetime": {"datetime": "2021-09-29 09:30:16", "elapsed": 6.2234, "delta": 0.396002}}
{"target": -36.46727497003125, "params": {"C": 43489.75146467082, "gamma": 0.05759428476822104}, "datetime": {"datetime": "2021-09-29 09:30:17", "elapsed": 6.568399, "delta": 0.344999}}
{"target": -34.48144871843488, "params": {"C": 43501.3862858596, "gamma": 0.019058102176282867}, "datetime": {"datetime": "2021-09-29 09:30:17", "elapsed": 6.871401, "delta": 0.303002}}
{"target": -34.50242537124449, "params": {"C": 43507.51524988712, "gamma": 0.015178319384807688}, "datetime": {"datetime": "2021-09-29 09:30:17", "elapsed": 7.144397, "delta": 0.272996}}
{"target": -35.600968050442184, "params": {"C": 43512.4456807288, "gamma": 0.04198606815693216}, "datetime": {"datetime": "2021-09-29 09:30:18", "elapsed": 7.593468, "delta": 0.449071}}
{"target": -36.14091227270663, "params": {"C": 43505.054055984365, "gamma": 0.0514286786719611}, "datetime": {"datetime": "2021-09-29 09:30:18", "elapsed": 8.055466, "delta": 0.461998}}
{"target": -36.272142554332106, "params": {"C": 42506.80722850398, "gamma": 0.054516964089117693}, "datetime": {"datetime": "2021-09-29 09:30:18", "elapsed": 8.431474, "delta": 0.376008}}
{"target": -34.90311681614331, "params": {"C": 42504.50432980796, "gamma": 0.030413021651038243}, "datetime": {"datetime": "2021-09-29 09:30:19", "elapsed": 8.781467, "delta": 0.349993}}
{"target": -35.70309249924056, "params": {"C": 43508.42542064083, "gamma": 0.04371831717909657}, "datetime": {"datetime": "2021-09-29 09:30:19", "elapsed": 9.110467, "delta": 0.329}}
{"target": -34.65820069615338, "params": {"C": 42508.98674168402, "gamma": 0.025696435519187617}, "datetime": {"datetime": "2021-09-29 09:30:19", "elapsed": 9.418968, "delta": 0.308501}}
{"target": -35.44464755745227, "params": {"C": 43502.40194702637, "gamma": 0.007114016562102662}, "datetime": {"datetime": "2021-09-29 09:30:20", "elapsed": 10.056969, "delta": 0.638001}}
{"target": -36.463314913185755, "params": {"C": 43500.61145680929, "gamma": 0.0575086428974709}, "datetime": {"datetime": "2021-09-29 09:30:21", "elapsed": 10.581968, "delta": 0.524999}}
{"target": -35.853739447844035, "params": {"C": 42668.33386510414, "gamma": 0.0467853724583746}, "datetime": {"datetime": "2021-09-29 09:30:21", "elapsed": 11.041982, "delta": 0.460014}}
{"target": -34.83280404136649, "params": {"C": 41616.08540126301, "gamma": 0.011096497938500746}, "datetime": {"datetime": "2021-09-29 09:30:21", "elapsed": 11.452295, "delta": 0.410313}}
{"target": -36.4264397312872, "params": {"C": 42492.02392435231, "gamma": 0.003579706940444574}, "datetime": {"datetime": "2021-09-29 09:30:22", "elapsed": 11.821294, "delta": 0.368999}}
{"target": -35.998237582024544, "params": {"C": 43507.33376810293, "gamma": 0.0050291607846833074}, "datetime": {"datetime": "2021-09-29 09:30:22", "elapsed": 12.152292, "delta": 0.330998}}
{"target": -36.352943670478574, "params": {"C": 40253.98371337735, "gamma": 0.057872420798688894}, "datetime": {"datetime": "2021-09-29 09:30:23", "elapsed": 12.571104, "delta": 0.418812}}
{"target": -34.596720476516914, "params": {"C": 43507.61954391086, "gamma": 0.013542557056945397}, "datetime": {"datetime": "2021-09-29 09:30:23", "elapsed": 12.912102, "delta": 0.340998}}
{"target": -35.48046499968119, "params": {"C": 43501.51099264847, "gamma": 0.04004355014805843}, "datetime": {"datetime": "2021-09-29 09:30:23", "elapsed": 13.258341, "delta": 0.346239}}
{"target": -35.646308089305414, "params": {"C": 42519.26597842434, "gamma": 0.04325131863030161}, "datetime": {"datetime": "2021-09-29 09:30:24", "elapsed": 13.707652, "delta": 0.449311}}
{"target": -36.15396491216813, "params": {"C": 41791.581773252234, "gamma": 0.05278640436757714}, "datetime": {"datetime": "2021-09-29 09:30:24", "elapsed": 14.24965, "delta": 0.541998}}
{"target": -36.45873810841782, "params": {"C": 41253.20804436939, "gamma": 0.05925581179892605}, "datetime": {"datetime": "2021-09-29 09:30:25", "elapsed": 14.71973, "delta": 0.47008}}
{"target": -36.4147690798183, "params": {"C": 40360.198602573684, "gamma": 0.059123009901220394}, "datetime": {"datetime": "2021-09-29 09:30:25", "elapsed": 15.07073, "delta": 0.351}}
{"target": -35.258758581252216, "params": {"C": 42823.366218447, "gamma": 0.036929936669768085}, "datetime": {"datetime": "2021-09-29 09:30:25", "elapsed": 15.414658, "delta": 0.343928}}
{"target": -34.957211545677865, "params": {"C": 44577.10934793472, "gamma": 0.00989754594691994}, "datetime": {"datetime": "2021-09-29 09:30:26", "elapsed": 15.797655, "delta": 0.382997}}
{"target": -35.10152720756673, "params": {"C": 42862.39635889929, "gamma": 0.0341354743901647}, "datetime": {"datetime": "2021-09-29 09:30:26", "elapsed": 16.179654, "delta": 0.381999}}
{"target": -34.55512005629494, "params": {"C": 42514.5631131893, "gamma": 0.02224695301643743}, "datetime": {"datetime": "2021-09-29 09:30:27", "elapsed": 16.582658, "delta": 0.403004}}
{"target": -34.801559088964, "params": {"C": 41327.8507792492, "gamma": 0.028864570517884183}, "datetime": {"datetime": "2021-09-29 09:30:27", "elapsed": 17.002656, "delta": 0.419998}}
{"target": -34.681511370301784, "params": {"C": 42139.18090332997, "gamma": 0.02629283424622484}, "datetime": {"datetime": "2021-09-29 09:30:27", "elapsed": 17.339873, "delta": 0.337217}}
{"target": -34.50054128633981, "params": {"C": 41616.151136912646, "gamma": 0.020222662775282722}, "datetime": {"datetime": "2021-09-29 09:30:28", "elapsed": 17.772496, "delta": 0.432623}}
{"target": -36.257669408377495, "params": {"C": 42491.60506607814, "gamma": 0.054249464264079075}, "datetime": {"datetime": "2021-09-29 09:30:28", "elapsed": 18.177494, "delta": 0.404998}}
{"target": -35.466061887343756, "params": {"C": 42505.169650309814, "gamma": 0.007059712455369968}, "datetime": {"datetime": "2021-09-29 09:30:29", "elapsed": 18.557495, "delta": 0.380001}}
{"target": -36.42736316031536, "params": {"C": 43999.092235963195, "gamma": 0.05644063494599474}, "datetime": {"datetime": "2021-09-29 09:30:29", "elapsed": 18.935499, "delta": 0.378004}}
{"target": -34.46252743431869, "params": {"C": 42334.23175744956, "gamma": 0.017565233271030163}, "datetime": {"datetime": "2021-09-29 09:30:29", "elapsed": 19.365275, "delta": 0.429776}}
{"target": -36.12191911406851, "params": {"C": 43496.072357694684, "gamma": 0.05110024999284339}, "datetime": {"datetime": "2021-09-29 09:30:30", "elapsed": 19.778274, "delta": 0.412999}}
{"target": -34.68224989454075, "params": {"C": 44414.62668429816, "gamma": 0.012309351279214613}, "datetime": {"datetime": "2021-09-29 09:30:30", "elapsed": 20.187275, "delta": 0.409001}}
{"target": -34.65750129693551, "params": {"C": 43507.63185592514, "gamma": 0.02549493184431616}, "datetime": {"datetime": "2021-09-29 09:30:31", "elapsed": 20.586276, "delta": 0.399001}}
{"target": -34.825394902611066, "params": {"C": 42175.081173298066, "gamma": 0.029054764228386237}, "datetime": {"datetime": "2021-09-29 09:30:31", "elapsed": 21.000276, "delta": 0.414}}
{"target": -36.244785521071385, "params": {"C": 42506.635304514166, "gamma": 0.05399310221013228}, "datetime": {"datetime": "2021-09-29 09:30:31", "elapsed": 21.475725, "delta": 0.475449}}
{"target": -35.29741347579279, "params": {"C": 44978.88852348385, "gamma": 0.036635018632330534}, "datetime": {"datetime": "2021-09-29 09:30:32", "elapsed": 21.858726, "delta": 0.383001}}
{"target": -36.24675645556736, "params": {"C": 44309.84258064091, "gamma": 0.0041633280181889625}, "datetime": {"datetime": "2021-09-29 09:30:32", "elapsed": 22.253726, "delta": 0.395}}
{"target": -35.15839848586329, "params": {"C": 40253.82626171175, "gamma": 0.03638088953554283}, "datetime": {"datetime": "2021-09-29 09:30:33", "elapsed": 22.674011, "delta": 0.420285}}
{"target": -34.53981294788168, "params": {"C": 40820.41819413266, "gamma": 0.02187282102673897}, "datetime": {"datetime": "2021-09-29 09:30:33", "elapsed": 23.11801, "delta": 0.443999}}
{"target": -35.58057549795894, "params": {"C": 42496.167995879536, "gamma": 0.042147767474068995}, "datetime": {"datetime": "2021-09-29 09:30:34", "elapsed": 23.546596, "delta": 0.428586}}
{"target": -35.58142897458422, "params": {"C": 41616.16210765757, "gamma": 0.04260981505104088}, "datetime": {"datetime": "2021-09-29 09:30:34", "elapsed": 23.997599, "delta": 0.451003}}
{"target": -35.06044515225785, "params": {"C": 40883.774841057726, "gamma": 0.03407088959825756}, "datetime": {"datetime": "2021-09-29 09:30:34", "elapsed": 24.456597, "delta": 0.458998}}
{"target": -34.54800053215848, "params": {"C": 42666.07221261723, "gamma": 0.02196858716999048}, "datetime": {"datetime": "2021-09-29 09:30:35", "elapsed": 24.914598, "delta": 0.458001}}
{"target": -36.20481982748107, "params": {"C": 43185.34953783673, "gamma": 0.05278584345558755}, "datetime": {"datetime": "2021-09-29 09:30:35", "elapsed": 25.359536, "delta": 0.444938}}
{"target": -34.73213322984922, "params": {"C": 42321.26043610068, "gamma": 0.027242713094159127}, "datetime": {"datetime": "2021-09-29 09:30:36", "elapsed": 25.774534, "delta": 0.414998}}
{"target": -35.338667332057376, "params": {"C": 43537.55865810754, "gamma": 0.03784405900313216}, "datetime": {"datetime": "2021-09-29 09:30:36", "elapsed": 26.272529, "delta": 0.497995}}
{"target": -34.51941123805874, "params": {"C": 40625.10739202853, "gamma": 0.021094754158962843}, "datetime": {"datetime": "2021-09-29 09:30:37", "elapsed": 26.686529, "delta": 0.414}}
{"target": -34.721187406061375, "params": {"C": 41797.322869486175, "gamma": 0.027163357845610123}, "datetime": {"datetime": "2021-09-29 09:30:37", "elapsed": 27.182529, "delta": 0.496}}
{"target": -34.75116628741877, "params": {"C": 42982.296076799044, "gamma": 0.027443852007571393}, "datetime": {"datetime": "2021-09-29 09:30:38", "elapsed": 27.638344, "delta": 0.455815}}
{"target": -35.6838421482864, "params": {"C": 43571.10377722696, "gamma": 0.043353960932539126}, "datetime": {"datetime": "2021-09-29 09:30:38", "elapsed": 28.081338, "delta": 0.442994}}
{"target": -34.46935025042907, "params": {"C": 41984.408916346445, "gamma": 0.015941291511861515}, "datetime": {"datetime": "2021-09-29 09:30:39", "elapsed": 28.56634, "delta": 0.485002}}
{"target": -35.499355411364355, "params": {"C": 41788.63789262263, "gamma": 0.04115253910379158}, "datetime": {"datetime": "2021-09-29 09:30:39", "elapsed": 28.994339, "delta": 0.427999}}
{"target": -34.58194879662748, "params": {"C": 41616.107697780484, "gamma": 0.023316082829992802}, "datetime": {"datetime": "2021-09-29 09:30:39", "elapsed": 29.504516, "delta": 0.510177}}
{"target": -35.57578214826951, "params": {"C": 42139.16506748644, "gamma": 0.006627782723244179}, "datetime": {"datetime": "2021-09-29 09:30:40", "elapsed": 29.985516, "delta": 0.481}}
{"target": -35.02838765116614, "params": {"C": 41465.860811884006, "gamma": 0.009576867025026376}, "datetime": {"datetime": "2021-09-29 09:30:40", "elapsed": 30.442513, "delta": 0.456997}}
{"target": -34.501214616093286, "params": {"C": 40971.66621288818, "gamma": 0.02029923389011632}, "datetime": {"datetime": "2021-09-29 09:30:41", "elapsed": 30.867516, "delta": 0.425003}}
