{"target": -35.553139450331535, "params": {"C": 41767.42623402317, "gamma": 0.042054621593204146}, "datetime": {"datetime": "2021-09-29 09:34:25", "elapsed": 254.684566, "delta": 1.248304}}
{"target": -34.900075970879016, "params": {"C": 41712.120263092664, "gamma": 0.030613023224580337}, "datetime": {"datetime": "2021-09-29 09:34:27", "elapsed": 256.602347, "delta": 1.917781}}
{"target": -34.53118632465871, "params": {"C": 42446.90384120942, "gamma": 0.014669103540378294}, "datetime": {"datetime": "2021-09-29 09:34:28", "elapsed": 257.839588, "delta": 1.237241}}
{"target": -35.71010326360328, "params": {"C": 42542.22947629696, "gamma": 0.04435318213842074}, "datetime": {"datetime": "2021-09-29 09:34:29", "elapsed": 259.053031, "delta": 1.213443}}
{"target": -34.93400605239646, "params": {"C": 40058.6887916748, "gamma": 0.03184539114998347}, "datetime": {"datetime": "2021-09-29 09:34:30", "elapsed": 260.266029, "delta": 1.212998}}
{"target": -34.53176270606222, "params": {"C": 41984.42505022668, "gamma": 0.014679773203704186}, "datetime": {"datetime": "2021-09-29 09:34:32", "elapsed": 261.698206, "delta": 1.432177}}
{"target": -35.103714160476414, "params": {"C": 42334.26703933479, "gamma": 0.009026411082134578}, "datetime": {"datetime": "2021-09-29 09:34:33", "elapsed": 263.314065, "delta": 1.615859}}
{"target": -34.515935713084, "params": {"C": 40812.139627219665, "gamma": 0.02093485668153785}, "datetime": {"datetime": "2021-09-29 09:34:35", "elapsed": 264.515821, "delta": 1.201756}}
{"target": -34.55760962441763, "params": {"C": 44624.64499826034, "gamma": 0.014083006766969296}, "datetime": {"datetime": "2021-09-29 09:34:36", "elapsed": 265.785812, "delta": 1.269991}}
{"target": -35.43171375082298, "params": {"C": 44478.1245908657, "gamma": 0.007133089936757463}, "datetime": {"datetime": "2021-09-29 09:34:37", "elapsed": 267.028028, "delta": 1.242216}}
{"target": -35.68298668022017, "params": {"C": 40712.29625107382, "gamma": 0.006265250413636618}, "datetime": {"datetime": "2021-09-29 09:34:39", "elapsed": 268.686953, "delta": 1.658925}}
{"target": -34.90073591472063, "params": {"C": 43715.93469198628, "gamma": 0.029988470339534435}, "datetime": {"datetime": "2021-09-29 09:34:40", "elapsed": 269.933956, "delta": 1.247003}}
{"target": -34.70001133431812, "params": {"C": 41028.17203966144, "gamma": 0.012375784562711926}, "datetime": {"datetime": "2021-09-29 09:34:41", "elapsed": 271.369073, "delta": 1.435117}}
{"target": -34.96019009086419, "params": {"C": 44496.63117030713, "gamma": 0.030850268755904235}, "datetime": {"datetime": "2021-09-29 09:34:43", "elapsed": 273.041092, "delta": 1.672019}}
{"target": -35.57049585039349, "params": {"C": 41219.796685051835, "gamma": 0.042629662893248384}, "datetime": {"datetime": "2021-09-29 09:34:45", "elapsed": 274.733396, "delta": 1.692304}}
{"target": -34.99088403648735, "params": {"C": 43413.58806518461, "gamma": 0.009718264441199905}, "datetime": {"datetime": "2021-09-29 09:34:46", "elapsed": 276.005398, "delta": 1.272002}}
{"target": -35.35549717580261, "params": {"C": 44484.36109508152, "gamma": 0.037702479776952035}, "datetime": {"datetime": "2021-09-29 09:34:48", "elapsed": 277.631637, "delta": 1.626239}}
{"target": -35.99460441513841, "params": {"C": 41296.25531779822, "gamma": 0.05011263263602685}, "datetime": {"datetime": "2021-09-29 09:34:49", "elapsed": 278.94114, "delta": 1.309503}}
{"target": -34.60200046007024, "params": {"C": 43962.26581225045, "gamma": 0.023689253964692732}, "datetime": {"datetime": "2021-09-29 09:34:51", "elapsed": 280.641117, "delta": 1.699977}}
{"target": -34.85602126041452, "params": {"C": 43823.00500133552, "gamma": 0.029131358588694832}, "datetime": {"datetime": "2021-09-29 09:34:53", "elapsed": 282.615348, "delta": 1.974231}}
{"target": -34.54678037736432, "params": {"C": 41866.01832551642, "gamma": 0.022015124345518958}, "datetime": {"datetime": "2021-09-29 09:34:54", "elapsed": 283.891348, "delta": 1.276}}
{"target": -34.61700965272582, "params": {"C": 40157.435018755685, "gamma": 0.024727044751464974}, "datetime": {"datetime": "2021-09-29 09:34:55", "elapsed": 285.13966, "delta": 1.248312}}
{"target": -34.6347121089665, "params": {"C": 40265.13187281444, "gamma": 0.02530048045572599}, "datetime": {"datetime": "2021-09-29 09:34:56", "elapsed": 286.468661, "delta": 1.329001}}
{"target": -34.48764331900607, "params": {"C": 42982.273184536156, "gamma": 0.019459206512573563}, "datetime": {"datetime": "2021-09-29 09:34:58", "elapsed": 287.767928, "delta": 1.299267}}
{"target": -34.73129745947997, "params": {"C": 44484.36823574266, "gamma": 0.011821702234038254}, "datetime": {"datetime": "2021-09-29 09:34:59", "elapsed": 289.436334, "delta": 1.668406}}
{"target": -35.831297643110474, "params": {"C": 43818.911277592924, "gamma": 0.04575198356330735}, "datetime": {"datetime": "2021-09-29 09:35:02", "elapsed": 291.53871, "delta": 2.102376}}
{"target": -34.86184978526603, "params": {"C": 42321.24288229124, "gamma": 0.02969329270588194}, "datetime": {"datetime": "2021-09-29 09:35:03", "elapsed": 293.303075, "delta": 1.764365}}
{"target": -34.58317430503342, "params": {"C": 42593.842369838574, "gamma": 0.013796089577532995}, "datetime": {"datetime": "2021-09-29 09:35:05", "elapsed": 295.053459, "delta": 1.750384}}
{"target": -36.3371819805059, "params": {"C": 43040.37716573986, "gamma": 0.055406584738105565}, "datetime": {"datetime": "2021-09-29 09:35:06", "elapsed": 296.355462, "delta": 1.302003}}
{"target": -35.34014489561076, "params": {"C": 44749.984416320825, "gamma": 0.0075539943180733034}, "datetime": {"datetime": "2021-09-29 09:35:08", "elapsed": 298.153491, "delta": 1.798029}}
{"target": -36.255969792155945, "params": {"C": 43507.62992763096, "gamma": 0.004136381701975128}, "datetime": {"datetime": "2021-09-29 09:35:10", "elapsed": 300.0912, "delta": 1.937709}}
{"target": -34.79221172991786, "params": {"C": 41866.02759965864, "gamma": 0.028526915833138402}, "datetime": {"datetime": "2021-09-29 09:35:12", "elapsed": 302.152355, "delta": 2.061155}}
{"target": -35.06693869483981, "params": {"C": 42808.19235689758, "gamma": 0.009242980657688138}, "datetime": {"datetime": "2021-09-29 09:35:13", "elapsed": 303.478095, "delta": 1.32574}}
{"target": -34.851185108879235, "params": {"C": 42334.230199081256, "gamma": 0.029489108970570818}, "datetime": {"datetime": "2021-09-29 09:35:16", "elapsed": 305.541807, "delta": 2.063712}}
{"target": -35.333877717762526, "params": {"C": 42321.21377055578, "gamma": 0.03829042537046747}, "datetime": {"datetime": "2021-09-29 09:35:18", "elapsed": 307.606593, "delta": 2.064786}}
{"target": -34.87577322843889, "params": {"C": 41385.60270230744, "gamma": 0.030255485679021938}, "datetime": {"datetime": "2021-09-29 09:35:19", "elapsed": 309.005208, "delta": 1.398615}}
{"target": -36.4337939599849, "params": {"C": 44374.177210737806, "gamma": 0.0035515269538366214}, "datetime": {"datetime": "2021-09-29 09:35:20", "elapsed": 310.396213, "delta": 1.391005}}
{"target": -34.92359320217128, "params": {"C": 40712.26818227668, "gamma": 0.031407493564075246}, "datetime": {"datetime": "2021-09-29 09:35:22", "elapsed": 311.7974, "delta": 1.401187}}
{"target": -35.37982174106061, "params": {"C": 42446.89471736723, "gamma": 0.007454471979079336}, "datetime": {"datetime": "2021-09-29 09:35:24", "elapsed": 313.689276, "delta": 1.891876}}
{"target": -34.553894301043734, "params": {"C": 42509.06968816348, "gamma": 0.022202908155750326}, "datetime": {"datetime": "2021-09-29 09:35:25", "elapsed": 315.437606, "delta": 1.74833}}
{"target": -36.605392892817136, "params": {"C": 44826.9928915792, "gamma": 0.003}, "datetime": {"datetime": "2021-09-29 09:35:27", "elapsed": 317.46304, "delta": 2.025434}}
{"target": -34.72883639622415, "params": {"C": 41987.81481773051, "gamma": 0.027264618828010147}, "datetime": {"datetime": "2021-09-29 09:35:29", "elapsed": 318.916891, "delta": 1.453851}}
{"target": -34.7754890511129, "params": {"C": 42321.2606466275, "gamma": 0.011567406745525765}, "datetime": {"datetime": "2021-09-29 09:35:30", "elapsed": 320.408884, "delta": 1.491993}}
{"target": -34.649945202376884, "params": {"C": 44265.185193026846, "gamma": 0.02517224554768011}, "datetime": {"datetime": "2021-09-29 09:35:32", "elapsed": 322.363566, "delta": 1.954682}}
{"target": -35.1889271310998, "params": {"C": 44088.158355251006, "gamma": 0.03534902350046759}, "datetime": {"datetime": "2021-09-29 09:35:36", "elapsed": 325.574084, "delta": 3.210518}}
{"target": -34.814353661888994, "params": {"C": 41116.12867569046, "gamma": 0.02917200435752762}, "datetime": {"datetime": "2021-09-29 09:35:38", "elapsed": 327.669909, "delta": 2.095825}}
{"target": -35.25349520757647, "params": {"C": 44807.552296534646, "gamma": 0.007987305158587773}, "datetime": {"datetime": "2021-09-29 09:35:39", "elapsed": 329.126123, "delta": 1.456214}}
{"target": -34.621477945776185, "params": {"C": 41784.149345469945, "gamma": 0.02463301792441188}, "datetime": {"datetime": "2021-09-29 09:35:41", "elapsed": 330.971992, "delta": 1.845869}}
{"target": -34.85319322521698, "params": {"C": 44826.97613175398, "gamma": 0.028790969392702873}, "datetime": {"datetime": "2021-09-29 09:35:43", "elapsed": 332.854893, "delta": 1.882901}}
{"target": -35.26577911461469, "params": {"C": 44636.896802005365, "gamma": 0.036295920303012735}, "datetime": {"datetime": "2021-09-29 09:35:44", "elapsed": 334.321896, "delta": 1.467003}}
{"target": -35.19191656511883, "params": {"C": 43724.951392510455, "gamma": 0.008402165654119699}, "datetime": {"datetime": "2021-09-29 09:35:47", "elapsed": 336.684417, "delta": 2.362521}}
{"target": -34.775208431126444, "params": {"C": 41087.72119722344, "gamma": 0.0284286902941063}, "datetime": {"datetime": "2021-09-29 09:35:48", "elapsed": 338.177526, "delta": 1.493109}}
{"target": -36.43847451204694, "params": {"C": 41984.422901914186, "gamma": 0.003541389801442281}, "datetime": {"datetime": "2021-09-29 09:35:50", "elapsed": 340.224835, "delta": 2.047309}}
{"target": -34.91412257296281, "params": {"C": 43507.55307492062, "gamma": 0.010292053104186164}, "datetime": {"datetime": "2021-09-29 09:35:52", "elapsed": 342.224607, "delta": 1.999772}}
{"target": -35.5859326492282, "params": {"C": 41188.52173126701, "gamma": 0.042910493794227296}, "datetime": {"datetime": "2021-09-29 09:35:54", "elapsed": 343.728594, "delta": 1.503987}}
{"target": -34.49937288960518, "params": {"C": 43461.17102712537, "gamma": 0.015241376883646997}, "datetime": {"datetime": "2021-09-29 09:35:55", "elapsed": 345.238815, "delta": 1.510221}}
{"target": -34.70718119655313, "params": {"C": 40820.42668755633, "gamma": 0.012322996189563201}, "datetime": {"datetime": "2021-09-29 09:35:57", "elapsed": 347.444996, "delta": 2.206181}}
{"target": -35.135995058912414, "params": {"C": 44414.60141367654, "gamma": 0.03424069065977444}, "datetime": {"datetime": "2021-09-29 09:36:01", "elapsed": 350.5776, "delta": 3.132604}}
{"target": -34.489331411493644, "params": {"C": 43501.371347388056, "gamma": 0.019570800169004667}, "datetime": {"datetime": "2021-09-29 09:36:03", "elapsed": 352.981553, "delta": 2.403953}}
{"target": -34.49836946381329, "params": {"C": 42066.205191196896, "gamma": 0.020089204124250176}, "datetime": {"datetime": "2021-09-29 09:36:04", "elapsed": 354.502549, "delta": 1.520996}}
{"target": -34.96490094473884, "params": {"C": 42491.585194160805, "gamma": 0.009952060194650614}, "datetime": {"datetime": "2021-09-29 09:36:07", "elapsed": 357.137162, "delta": 2.634613}}
{"target": -35.44779208538493, "params": {"C": 42805.32028364607, "gamma": 0.03984385776114517}, "datetime": {"datetime": "2021-09-29 09:36:09", "elapsed": 358.652606, "delta": 1.515444}}
{"target": -35.66694465277816, "params": {"C": 43818.971480916814, "gamma": 0.042940259192530174}, "datetime": {"datetime": "2021-09-29 09:36:11", "elapsed": 360.890838, "delta": 2.238232}}
{"target": -34.66629811273671, "params": {"C": 41616.09738344978, "gamma": 0.02609310262352958}, "datetime": {"datetime": "2021-09-29 09:36:14", "elapsed": 363.658209, "delta": 2.767371}}
{"target": -35.48656371029612, "params": {"C": 44265.21955015266, "gamma": 0.03979812523864455}, "datetime": {"datetime": "2021-09-29 09:36:16", "elapsed": 365.596387, "delta": 1.938178}}
{"target": -34.76257653889319, "params": {"C": 44827.01859427694, "gamma": 0.027162865125419693}, "datetime": {"datetime": "2021-09-29 09:36:18", "elapsed": 367.780261, "delta": 2.183874}}
{"target": -35.73453052707201, "params": {"C": 44136.599548041755, "gamma": 0.005954560590119913}, "datetime": {"datetime": "2021-09-29 09:36:20", "elapsed": 370.157482, "delta": 2.377221}}
{"target": -34.48511705676758, "params": {"C": 42508.94059021983, "gamma": 0.019286879541204983}, "datetime": {"datetime": "2021-09-29 09:36:23", "elapsed": 372.833844, "delta": 2.676362}}
{"target": -35.46897229181788, "params": {"C": 44511.95292464148, "gamma": 0.03941715793231587}, "datetime": {"datetime": "2021-09-29 09:36:24", "elapsed": 374.420041, "delta": 1.586197}}
{"target": -34.48648906606837, "params": {"C": 42680.19894803486, "gamma": 0.019380395308813258}, "datetime": {"datetime": "2021-09-29 09:36:27", "elapsed": 377.271992, "delta": 2.851951}}
{"target": -34.70842653510835, "params": {"C": 42509.04047922552, "gamma": 0.02672970879883388}, "datetime": {"datetime": "2021-09-29 09:36:29", "elapsed": 379.273457, "delta": 2.001465}}
{"target": -34.91326433092613, "params": {"C": 44668.80051182948, "gamma": 0.01023793376008773}, "datetime": {"datetime": "2021-09-29 09:36:32", "elapsed": 381.853558, "delta": 2.580101}}
{"target": -36.175825745550036, "params": {"C": 42705.217426541036, "gamma": 0.05257298998894077}, "datetime": {"datetime": "2021-09-29 09:36:33", "elapsed": 383.475485, "delta": 1.621927}}
{"target": -34.5325808352632, "params": {"C": 41984.393296051065, "gamma": 0.021464492718184406}, "datetime": {"datetime": "2021-09-29 09:36:36", "elapsed": 385.998644, "delta": 2.523159}}
{"target": -34.61301969794881, "params": {"C": 44414.57782284917, "gamma": 0.013258609951890578}, "datetime": {"datetime": "2021-09-29 09:36:38", "elapsed": 388.373817, "delta": 2.375173}}
{"target": -35.78600792157282, "params": {"C": 41743.56148532877, "gamma": 0.04614666074550541}, "datetime": {"datetime": "2021-09-29 09:36:40", "elapsed": 389.867364, "delta": 1.493547}}
{"target": -34.500961426524, "params": {"C": 42092.35716927076, "gamma": 0.02019429422892498}, "datetime": {"datetime": "2021-09-29 09:36:43", "elapsed": 392.716553, "delta": 2.849189}}
{"target": -34.59144751769844, "params": {"C": 40417.26861095431, "gamma": 0.023810982586322908}, "datetime": {"datetime": "2021-09-29 09:36:45", "elapsed": 394.753405, "delta": 2.036852}}
{"target": -36.21886768007241, "params": {"C": 41699.808411948834, "gamma": 0.054066843242339215}, "datetime": {"datetime": "2021-09-29 09:36:46", "elapsed": 396.382479, "delta": 1.629074}}
{"target": -34.6490247263226, "params": {"C": 44525.58399019961, "gamma": 0.012754051125433544}, "datetime": {"datetime": "2021-09-29 09:36:48", "elapsed": 397.951039, "delta": 1.56856}}
{"target": -34.58445420577568, "params": {"C": 42921.346831949646, "gamma": 0.023233830277106904}, "datetime": {"datetime": "2021-09-29 09:36:50", "elapsed": 399.514184, "delta": 1.563145}}
{"target": -34.824163589313464, "params": {"C": 40351.66033158537, "gamma": 0.029602278846048307}, "datetime": {"datetime": "2021-09-29 09:36:51", "elapsed": 401.137473, "delta": 1.623289}}
{"target": -35.10571118933719, "params": {"C": 43270.726597283625, "gamma": 0.0340652047685901}, "datetime": {"datetime": "2021-09-29 09:36:53", "elapsed": 402.611172, "delta": 1.473699}}
{"target": -35.14438112270799, "params": {"C": 44996.48639988056, "gamma": 0.03419297220277307}, "datetime": {"datetime": "2021-09-29 09:36:54", "elapsed": 404.305332, "delta": 1.69416}}
{"target": -34.469281970002825, "params": {"C": 41563.4822002582, "gamma": 0.018089328740851063}, "datetime": {"datetime": "2021-09-29 09:36:58", "elapsed": 407.639412, "delta": 3.33408}}
{"target": -34.91505373356304, "params": {"C": 43501.39279688675, "gamma": 0.030321353236714817}, "datetime": {"datetime": "2021-09-29 09:37:00", "elapsed": 409.698582, "delta": 2.05917}}
{"target": -35.45760866187603, "params": {"C": 41616.10910566097, "gamma": 0.04055623895660665}, "datetime": {"datetime": "2021-09-29 09:37:04", "elapsed": 413.653178, "delta": 3.954596}}
{"target": -34.46057520806259, "params": {"C": 44088.19639090923, "gamma": 0.016004115678948924}, "datetime": {"datetime": "2021-09-29 09:37:06", "elapsed": 415.865294, "delta": 2.212116}}
{"target": -35.06355077155665, "params": {"C": 43888.49178781485, "gamma": 0.009208579643840307}, "datetime": {"datetime": "2021-09-29 09:37:08", "elapsed": 417.741465, "delta": 1.876171}}
{"target": -34.85868411584537, "params": {"C": 43962.240764066984, "gamma": 0.010729436165545676}, "datetime": {"datetime": "2021-09-29 09:37:10", "elapsed": 420.245712, "delta": 2.504247}}
{"target": -35.162878143537895, "params": {"C": 43134.85016990562, "gamma": 0.03526914477341804}, "datetime": {"datetime": "2021-09-29 09:37:14", "elapsed": 424.404854, "delta": 4.159142}}
{"target": -34.73972322173791, "params": {"C": 42508.92542203819, "gamma": 0.02734288536126363}, "datetime": {"datetime": "2021-09-29 09:37:18", "elapsed": 427.644543, "delta": 3.239689}}
{"target": -35.142244271730284, "params": {"C": 42446.92101388531, "gamma": 0.00877185396952168}, "datetime": {"datetime": "2021-09-29 09:37:20", "elapsed": 430.435181, "delta": 2.790638}}
{"target": -34.50588796836476, "params": {"C": 41028.137668393734, "gamma": 0.020502244513047267}, "datetime": {"datetime": "2021-09-29 09:37:23", "elapsed": 433.103304, "delta": 2.668123}}
{"target": -34.558132735573565, "params": {"C": 44827.00090481276, "gamma": 0.022090211270037397}, "datetime": {"datetime": "2021-09-29 09:37:26", "elapsed": 436.029679, "delta": 2.926375}}
{"target": -35.43955206757246, "params": {"C": 40573.62562302356, "gamma": 0.040769755419642055}, "datetime": {"datetime": "2021-09-29 09:37:28", "elapsed": 437.684557, "delta": 1.654878}}
{"target": -35.74258236359829, "params": {"C": 41576.1240096345, "gamma": 0.006006756718795938}, "datetime": {"datetime": "2021-09-29 09:37:30", "elapsed": 440.020133, "delta": 2.335576}}
{"target": -35.42677774104461, "params": {"C": 42056.32258636869, "gamma": 0.03985504820901928}, "datetime": {"datetime": "2021-09-29 09:37:32", "elapsed": 441.684145, "delta": 1.664012}}
{"target": -36.44675340845939, "params": {"C": 44496.62240704545, "gamma": 0.003510606543230885}, "datetime": {"datetime": "2021-09-29 09:37:34", "elapsed": 444.265709, "delta": 2.581564}}
{"target": -36.07084332412852, "params": {"C": 42907.51537755881, "gamma": 0.05053392777430995}, "datetime": {"datetime": "2021-09-29 09:37:36", "elapsed": 446.122887, "delta": 1.857178}}
{"target": -34.97014869100537, "params": {"C": 41797.33385886719, "gamma": 0.00995895347909591}, "datetime": {"datetime": "2021-09-29 09:37:38", "elapsed": 448.393046, "delta": 2.270159}}
{"target": -34.46010069913839, "params": {"C": 41616.13553822885, "gamma": 0.017292112851157115}, "datetime": {"datetime": "2021-09-29 09:37:41", "elapsed": 451.029476, "delta": 2.63643}}
{"target": -34.47582420434168, "params": {"C": 40869.228787740256, "gamma": 0.01857231608142036}, "datetime": {"datetime": "2021-09-29 09:37:43", "elapsed": 453.226027, "delta": 2.196551}}
{"target": -35.056907485994714, "params": {"C": 42508.95065942235, "gamma": 0.0333804276222525}, "datetime": {"datetime": "2021-09-29 09:37:47", "elapsed": 456.957577, "delta": 3.73155}}
{"target": -34.905682485103014, "params": {"C": 42446.910948027034, "gamma": 0.030480088232160193}, "datetime": {"datetime": "2021-09-29 09:37:49", "elapsed": 459.182922, "delta": 2.225345}}
{"target": -36.45260096418246, "params": {"C": 41374.498941638965, "gamma": 0.05902615463716932}, "datetime": {"datetime": "2021-09-29 09:37:51", "elapsed": 460.886694, "delta": 1.703772}}
{"target": -34.4645124526544, "params": {"C": 41028.115686062716, "gamma": 0.01764923145248959}, "datetime": {"datetime": "2021-09-29 09:37:54", "elapsed": 463.553051, "delta": 2.666357}}
{"target": -35.00574303192317, "params": {"C": 42066.20402719229, "gamma": 0.032534642551737956}, "datetime": {"datetime": "2021-09-29 09:37:56", "elapsed": 465.965318, "delta": 2.412267}}
{"target": -34.74746820182771, "params": {"C": 40115.57871026317, "gamma": 0.028147420646034274}, "datetime": {"datetime": "2021-09-29 09:37:58", "elapsed": 467.766504, "delta": 1.801186}}
{"target": -34.727527023327745, "params": {"C": 44088.19255774893, "gamma": 0.02671016843388284}, "datetime": {"datetime": "2021-09-29 09:38:01", "elapsed": 471.491209, "delta": 3.724705}}
{"target": -34.78586938262199, "params": {"C": 42092.34000487931, "gamma": 0.028341890203255043}, "datetime": {"datetime": "2021-09-29 09:38:04", "elapsed": 474.237945, "delta": 2.746736}}
{"target": -34.49453061769809, "params": {"C": 44088.20814270813, "gamma": 0.01974509048379252}, "datetime": {"datetime": "2021-09-29 09:38:07", "elapsed": 476.956177, "delta": 2.718232}}
{"target": -34.55025689058453, "params": {"C": 42092.38211408755, "gamma": 0.022117911860977023}, "datetime": {"datetime": "2021-09-29 09:38:09", "elapsed": 479.351879, "delta": 2.395702}}
{"target": -34.54475157815294, "params": {"C": 40820.44829219711, "gamma": 0.014499312366735531}, "datetime": {"datetime": "2021-09-29 09:38:12", "elapsed": 482.441734, "delta": 3.089855}}
{"target": -34.45727815468488, "params": {"C": 41866.00758763986, "gamma": 0.017043390234591796}, "datetime": {"datetime": "2021-09-29 09:38:17", "elapsed": 486.578118, "delta": 4.136384}}
{"target": -34.79716807010753, "params": {"C": 41477.58898973916, "gamma": 0.011427251044155179}, "datetime": {"datetime": "2021-09-29 09:38:19", "elapsed": 489.029982, "delta": 2.451864}}
