{"target": -34.64941424236016, "params": {"C": 42593.84682610409, "gamma": 0.02540846238359901}, "datetime": {"datetime": "2021-09-29 09:44:35", "elapsed": 865.265261, "delta": 6.601863}}
{"target": -35.24122323299289, "params": {"C": 41563.46032630369, "gamma": 0.037195527403987}, "datetime": {"datetime": "2021-09-29 09:44:40", "elapsed": 870.451787, "delta": 5.186526}}
{"target": -35.27128665492085, "params": {"C": 40041.52437948651, "gamma": 0.008107199561530117}, "datetime": {"datetime": "2021-09-29 09:44:44", "elapsed": 874.403739, "delta": 3.951952}}
{"target": -36.37668082957415, "params": {"C": 42416.900816145244, "gamma": 0.056661883369977656}, "datetime": {"datetime": "2021-09-29 09:44:47", "elapsed": 877.478209, "delta": 3.07447}}
{"target": -34.9524085761384, "params": {"C": 41741.31309429698, "gamma": 0.031610329910611155}, "datetime": {"datetime": "2021-09-29 09:44:51", "elapsed": 880.544715, "delta": 3.066506}}
{"target": -34.56063939241285, "params": {"C": 44739.81003288953, "gamma": 0.02218825323116155}, "datetime": {"datetime": "2021-09-29 09:44:55", "elapsed": 884.936239, "delta": 4.391524}}
{"target": -34.67013007188336, "params": {"C": 40812.15451841084, "gamma": 0.02634800750489905}, "datetime": {"datetime": "2021-09-29 09:45:00", "elapsed": 890.165163, "delta": 5.228924}}
{"target": -36.41710073285574, "params": {"C": 44525.57056925113, "gamma": 0.0036030181963488013}, "datetime": {"datetime": "2021-09-29 09:45:05", "elapsed": 895.146098, "delta": 4.980935}}
{"target": -35.443912880598745, "params": {"C": 43741.63379984211, "gamma": 0.007107875454141093}, "datetime": {"datetime": "2021-09-29 09:45:09", "elapsed": 899.037707, "delta": 3.891609}}
{"target": -36.217818358360205, "params": {"C": 44930.76852626789, "gamma": 0.004257294051417912}, "datetime": {"datetime": "2021-09-29 09:45:13", "elapsed": 902.846602, "delta": 3.808895}}
{"target": -34.83715646654754, "params": {"C": 41631.80274648638, "gamma": 0.02944291144234542}, "datetime": {"datetime": "2021-09-29 09:45:16", "elapsed": 905.740036, "delta": 2.893434}}
{"target": -34.70075529709737, "params": {"C": 42147.787853290596, "gamma": 0.02667005181823645}, "datetime": {"datetime": "2021-09-29 09:45:19", "elapsed": 908.884849, "delta": 3.144813}}
{"target": -34.463217559093636, "params": {"C": 44693.411113740265, "gamma": 0.017758370302834763}, "datetime": {"datetime": "2021-09-29 09:45:22", "elapsed": 911.913095, "delta": 3.028246}}
{"target": -34.52646801308944, "params": {"C": 40913.44631639274, "gamma": 0.021344061581848373}, "datetime": {"datetime": "2021-09-29 09:45:25", "elapsed": 915.142887, "delta": 3.229792}}
{"target": -35.66018944926813, "params": {"C": 40041.53175651308, "gamma": 0.04485907026977715}, "datetime": {"datetime": "2021-09-29 09:45:30", "elapsed": 919.978226, "delta": 4.835339}}
{"target": -34.963935356249316, "params": {"C": 40913.44975571416, "gamma": 0.032127700412025735}, "datetime": {"datetime": "2021-09-29 09:45:36", "elapsed": 926.176434, "delta": 6.198208}}
{"target": -34.85472839725329, "params": {"C": 44414.631751368106, "gamma": 0.028936158751056554}, "datetime": {"datetime": "2021-09-29 09:45:41", "elapsed": 930.742362, "delta": 4.565928}}
{"target": -35.376566626754055, "params": {"C": 43823.00956030322, "gamma": 0.007416087434229721}, "datetime": {"datetime": "2021-09-29 09:45:45", "elapsed": 934.968993, "delta": 4.226631}}
{"target": -34.819689231720304, "params": {"C": 44265.180699807286, "gamma": 0.011047983267574092}, "datetime": {"datetime": "2021-09-29 09:45:50", "elapsed": 939.670199, "delta": 4.701206}}
{"target": -35.21580496455224, "params": {"C": 40869.21402596004, "gamma": 0.008377454364235419}, "datetime": {"datetime": "2021-09-29 09:45:54", "elapsed": 944.147053, "delta": 4.476854}}
{"target": -35.36531554501114, "params": {"C": 44088.20591281983, "gamma": 0.03801798815913436}, "datetime": {"datetime": "2021-09-29 09:45:58", "elapsed": 948.086281, "delta": 3.939228}}
{"target": -34.54713870047817, "params": {"C": 42092.366013425104, "gamma": 0.022002347687005968}, "datetime": {"datetime": "2021-09-29 09:46:05", "elapsed": 955.063469, "delta": 6.977188}}
{"target": -35.87978117807698, "params": {"C": 44624.664120302376, "gamma": 0.005419887663857573}, "datetime": {"datetime": "2021-09-29 09:46:09", "elapsed": 958.919521, "delta": 3.856052}}
{"target": -35.06751701743944, "params": {"C": 44290.015318359714, "gamma": 0.03294947322720872}, "datetime": {"datetime": "2021-09-29 09:46:13", "elapsed": 963.4413, "delta": 4.521779}}
{"target": -36.103726531016626, "params": {"C": 43266.80200437424, "gamma": 0.004666107638217036}, "datetime": {"datetime": "2021-09-29 09:46:19", "elapsed": 968.542483, "delta": 5.101183}}
{"target": -35.4789323226846, "params": {"C": 42666.081023522405, "gamma": 0.0069974103134901235}, "datetime": {"datetime": "2021-09-29 09:46:26", "elapsed": 976.408678, "delta": 7.866195}}
{"target": -34.47671042578362, "params": {"C": 40712.2733793911, "gamma": 0.01863322686402558}, "datetime": {"datetime": "2021-09-29 09:46:30", "elapsed": 980.217771, "delta": 3.809093}}
{"target": -34.46854528777977, "params": {"C": 41627.074048790564, "gamma": 0.018032526959000848}, "datetime": {"datetime": "2021-09-29 09:46:33", "elapsed": 983.205464, "delta": 2.987693}}
{"target": -35.977738288974486, "params": {"C": 43973.228438531485, "gamma": 0.005091542979653231}, "datetime": {"datetime": "2021-09-29 09:46:38", "elapsed": 987.617272, "delta": 4.411808}}
{"target": -34.97654867189791, "params": {"C": 43589.736747280665, "gamma": 0.031449132274030935}, "datetime": {"datetime": "2021-09-29 09:46:41", "elapsed": 990.804707, "delta": 3.187435}}
{"target": -34.544972942480044, "params": {"C": 43651.751469737406, "gamma": 0.014354797641079078}, "datetime": {"datetime": "2021-09-29 09:46:44", "elapsed": 993.567507, "delta": 2.7628}}
{"target": -35.818944329756796, "params": {"C": 42175.081596164964, "gamma": 0.04646583545617896}, "datetime": {"datetime": "2021-09-29 09:46:49", "elapsed": 999.328566, "delta": 5.761059}}
{"target": -36.370821760183674, "params": {"C": 44310.811559245994, "gamma": 0.05516706989697041}, "datetime": {"datetime": "2021-09-29 09:46:52", "elapsed": 1002.085498, "delta": 2.756932}}
{"target": -34.68681364543082, "params": {"C": 44484.382323344085, "gamma": 0.012245232185924878}, "datetime": {"datetime": "2021-09-29 09:46:56", "elapsed": 1006.036453, "delta": 3.950955}}
{"target": -34.667170167265105, "params": {"C": 42066.18890959408, "gamma": 0.02602764182892816}, "datetime": {"datetime": "2021-09-29 09:47:02", "elapsed": 1012.021539, "delta": 5.985086}}
{"target": -34.75822435355911, "params": {"C": 42509.05404989337, "gamma": 0.02770507646994315}, "datetime": {"datetime": "2021-09-29 09:47:10", "elapsed": 1019.899003, "delta": 7.877464}}
{"target": -34.541905599389544, "params": {"C": 40812.125847798845, "gamma": 0.021953766186794486}, "datetime": {"datetime": "2021-09-29 09:47:18", "elapsed": 1028.045164, "delta": 8.146161}}
{"target": -35.011740963434626, "params": {"C": 44088.17104607711, "gamma": 0.00953970798906685}, "datetime": {"datetime": "2021-09-29 09:47:23", "elapsed": 1032.550394, "delta": 4.50523}}
{"target": -34.98031581004701, "params": {"C": 41984.41958780883, "gamma": 0.03206740944934356}, "datetime": {"datetime": "2021-09-29 09:47:27", "elapsed": 1036.961768, "delta": 4.411374}}
{"target": -34.46417667514152, "params": {"C": 40712.257004988634, "gamma": 0.016131002280516112}, "datetime": {"datetime": "2021-09-29 09:47:33", "elapsed": 1042.66029, "delta": 5.698522}}
{"target": -35.15194521535972, "params": {"C": 43823.023777228154, "gamma": 0.03478018102258637}, "datetime": {"datetime": "2021-09-29 09:47:39", "elapsed": 1048.699288, "delta": 6.038998}}
{"target": -34.90398163061785, "params": {"C": 42921.35327086518, "gamma": 0.010405947270986005}, "datetime": {"datetime": "2021-09-29 09:47:46", "elapsed": 1056.129659, "delta": 7.430371}}
{"target": -34.8653137360175, "params": {"C": 41627.06546193547, "gamma": 0.029978004601067282}, "datetime": {"datetime": "2021-09-29 09:47:50", "elapsed": 1060.143189, "delta": 4.01353}}
{"target": -35.00525058587646, "params": {"C": 42938.741807503306, "gamma": 0.032217799556416404}, "datetime": {"datetime": "2021-09-29 09:47:53", "elapsed": 1063.352752, "delta": 3.209563}}
{"target": -35.230247620402324, "params": {"C": 43748.982344501266, "gamma": 0.03610767121292022}, "datetime": {"datetime": "2021-09-29 09:47:57", "elapsed": 1067.476718, "delta": 4.123966}}
{"target": -34.76556969402538, "params": {"C": 41567.06490524805, "gamma": 0.02810349623497214}, "datetime": {"datetime": "2021-09-29 09:48:01", "elapsed": 1070.954722, "delta": 3.478004}}
{"target": -34.616070901236554, "params": {"C": 43510.83757894549, "gamma": 0.013266416760333643}, "datetime": {"datetime": "2021-09-29 09:48:04", "elapsed": 1074.503956, "delta": 3.549234}}
{"target": -34.657353956873585, "params": {"C": 43642.31654187009, "gamma": 0.012683354363792879}, "datetime": {"datetime": "2021-09-29 09:48:10", "elapsed": 1079.678029, "delta": 5.174073}}
{"target": -34.542506329462256, "params": {"C": 43134.84760052992, "gamma": 0.02171286065090851}, "datetime": {"datetime": "2021-09-29 09:48:16", "elapsed": 1086.064937, "delta": 6.386908}}
{"target": -35.88575530710334, "params": {"C": 40484.697657424505, "gamma": 0.005503177582664519}, "datetime": {"datetime": "2021-09-29 09:48:20", "elapsed": 1090.343913, "delta": 4.278976}}
{"target": -34.60232886994648, "params": {"C": 40860.827901402525, "gamma": 0.013624865183251563}, "datetime": {"datetime": "2021-09-29 09:48:26", "elapsed": 1096.301767, "delta": 5.957854}}
{"target": -36.07083131991785, "params": {"C": 43651.741436720076, "gamma": 0.004774333676244543}, "datetime": {"datetime": "2021-09-29 09:48:34", "elapsed": 1103.703003, "delta": 7.401236}}
{"target": -34.47398637076792, "params": {"C": 42242.5563174226, "gamma": 0.018490508675232692}, "datetime": {"datetime": "2021-09-29 09:48:40", "elapsed": 1109.973234, "delta": 6.270231}}
{"target": -34.4813604701571, "params": {"C": 44312.96097084695, "gamma": 0.019065282435114666}, "datetime": {"datetime": "2021-09-29 09:48:48", "elapsed": 1117.734821, "delta": 7.761587}}
{"target": -35.70848453976878, "params": {"C": 41028.14332637527, "gamma": 0.006155382670001746}, "datetime": {"datetime": "2021-09-29 09:48:54", "elapsed": 1123.668323, "delta": 5.933502}}
{"target": -36.2207120864293, "params": {"C": 52713.20643266746, "gamma": 0.004182861113485885}, "datetime": {"datetime": "2021-09-29 09:49:01", "elapsed": 0.0, "delta": 0.0}}
{"target": -36.07760289965459, "params": {"C": 51336.482349262755, "gamma": 0.04568182130470087}, "datetime": {"datetime": "2021-09-29 09:49:01", "elapsed": 0.168995, "delta": 0.168995}}
{"target": -34.454774830455385, "params": {"C": 49985.07012302591, "gamma": 0.015813408795258315}, "datetime": {"datetime": "2021-09-29 09:49:02", "elapsed": 0.349998, "delta": 0.181003}}
{"target": -35.97094525600173, "params": {"C": 46980.62864759624, "gamma": 0.04635025059534065}, "datetime": {"datetime": "2021-09-29 09:49:02", "elapsed": 0.552997, "delta": 0.202999}}
{"target": -34.76730691205993, "params": {"C": 49985.97775671154, "gamma": 0.026008181261784464}, "datetime": {"datetime": "2021-09-29 09:49:02", "elapsed": 0.806999, "delta": 0.254002}}
{"target": -36.511612007325375, "params": {"C": 49981.99777393769, "gamma": 0.05353059665520615}, "datetime": {"datetime": "2021-09-29 09:49:02", "elapsed": 1.117729, "delta": 0.31073}}
{"target": -35.67437811167991, "params": {"C": 49988.41865290024, "gamma": 0.04028630376724515}, "datetime": {"datetime": "2021-09-29 09:49:03", "elapsed": 1.383359, "delta": 0.26563}}
{"target": -36.21868566087038, "params": {"C": 48830.90083270329, "gamma": 0.004222007657072881}, "datetime": {"datetime": "2021-09-29 09:49:03", "elapsed": 1.853352, "delta": 0.469993}}
{"target": -34.56697630615951, "params": {"C": 46140.841418506745, "gamma": 0.013858454658341717}, "datetime": {"datetime": "2021-09-29 09:49:03", "elapsed": 2.174353, "delta": 0.321001}}
{"target": -35.78327756815237, "params": {"C": 46142.30663124195, "gamma": 0.043768253723916954}, "datetime": {"datetime": "2021-09-29 09:49:04", "elapsed": 2.418348, "delta": 0.243995}}
{"target": -34.792381525713985, "params": {"C": 46139.62625204895, "gamma": 0.027353225959009225}, "datetime": {"datetime": "2021-09-29 09:49:04", "elapsed": 2.701353, "delta": 0.283005}}
{"target": -35.344294506323884, "params": {"C": 46136.88967837913, "gamma": 0.036872119483969436}, "datetime": {"datetime": "2021-09-29 09:49:04", "elapsed": 3.01335, "delta": 0.311997}}
{"target": -35.168956760891085, "params": {"C": 46134.07274054131, "gamma": 0.008441794960118815}, "datetime": {"datetime": "2021-09-29 09:49:05", "elapsed": 3.273349, "delta": 0.259999}}
{"target": -35.02203675571974, "params": {"C": 49984.20338583336, "gamma": 0.03035119626859988}, "datetime": {"datetime": "2021-09-29 09:49:05", "elapsed": 3.547043, "delta": 0.273694}}
{"target": -36.27952609929606, "params": {"C": 46132.00625363328, "gamma": 0.05213283909379696}, "datetime": {"datetime": "2021-09-29 09:49:05", "elapsed": 3.818044, "delta": 0.271001}}
{"target": -34.711474202324915, "params": {"C": 48602.57577428708, "gamma": 0.01176465569106596}, "datetime": {"datetime": "2021-09-29 09:49:05", "elapsed": 4.167046, "delta": 0.349002}}
{"target": -36.51853637653727, "params": {"C": 48604.272871060275, "gamma": 0.0546108944696816}, "datetime": {"datetime": "2021-09-29 09:49:06", "elapsed": 4.454044, "delta": 0.286998}}
{"target": -35.20445635974979, "params": {"C": 48600.16272105502, "gamma": 0.008135943493729212}, "datetime": {"datetime": "2021-09-29 09:49:06", "elapsed": 4.714042, "delta": 0.259998}}
{"target": -35.317056571026555, "params": {"C": 48601.64310832019, "gamma": 0.035570282227157884}, "datetime": {"datetime": "2021-09-29 09:49:06", "elapsed": 5.024045, "delta": 0.310003}}
{"target": -36.682806461934625, "params": {"C": 48597.71178641243, "gamma": 0.05752547242673977}, "datetime": {"datetime": "2021-09-29 09:49:07", "elapsed": 5.359254, "delta": 0.335209}}
{"target": -34.729590002611786, "params": {"C": 46140.258834051085, "gamma": 0.011725276306706455}, "datetime": {"datetime": "2021-09-29 09:49:07", "elapsed": 5.719252, "delta": 0.359998}}
{"target": -36.670025482344464, "params": {"C": 46138.30521592591, "gamma": 0.05939864811165922}, "datetime": {"datetime": "2021-09-29 09:49:07", "elapsed": 6.134196, "delta": 0.414944}}
{"target": -34.46403353650105, "params": {"C": 46134.99881288746, "gamma": 0.01788330950112108}, "datetime": {"datetime": "2021-09-29 09:49:08", "elapsed": 6.437194, "delta": 0.302998}}
{"target": -36.421950685652824, "params": {"C": 47871.21443189151, "gamma": 0.053434866371434665}, "datetime": {"datetime": "2021-09-29 09:49:08", "elapsed": 6.757192, "delta": 0.319998}}
{"target": -36.06320983278342, "params": {"C": 46136.009834266646, "gamma": 0.004761615683034134}, "datetime": {"datetime": "2021-09-29 09:49:08", "elapsed": 7.098191, "delta": 0.340999}}
{"target": -36.303925817271356, "params": {"C": 48532.62497569715, "gamma": 0.0509902994596683}, "datetime": {"datetime": "2021-09-29 09:49:09", "elapsed": 7.380617, "delta": 0.282426}}
{"target": -34.90033752066755, "params": {"C": 46181.06413788565, "gamma": 0.010264801778366386}, "datetime": {"datetime": "2021-09-29 09:49:09", "elapsed": 7.656619, "delta": 0.276002}}
{"target": -36.0415383666634, "params": {"C": 46181.86228602596, "gamma": 0.048025385946799594}, "datetime": {"datetime": "2021-09-29 09:49:09", "elapsed": 7.969615, "delta": 0.312996}}
{"target": -34.92133789757066, "params": {"C": 47000.38931238595, "gamma": 0.010059127832839718}, "datetime": {"datetime": "2021-09-29 09:49:10", "elapsed": 8.360616, "delta": 0.391001}}
{"target": -35.62107889273389, "params": {"C": 49987.11013020096, "gamma": 0.006187602093383308}, "datetime": {"datetime": "2021-09-29 09:49:10", "elapsed": 8.697146, "delta": 0.33653}}
{"target": -34.49081678162377, "params": {"C": 46134.92080754275, "gamma": 0.01941718542750115}, "datetime": {"datetime": "2021-09-29 09:49:10", "elapsed": 9.007675, "delta": 0.310529}}
{"target": -35.867204770515684, "params": {"C": 46999.25539233257, "gamma": 0.0446813563358821}, "datetime": {"datetime": "2021-09-29 09:49:11", "elapsed": 9.355054, "delta": 0.347379}}
{"target": -34.75869102047134, "params": {"C": 46179.89047766027, "gamma": 0.026750852975220934}, "datetime": {"datetime": "2021-09-29 09:49:11", "elapsed": 9.723056, "delta": 0.368002}}
{"target": -35.597440319779416, "params": {"C": 46180.405091300956, "gamma": 0.04069469651462491}, "datetime": {"datetime": "2021-09-29 09:49:11", "elapsed": 10.107055, "delta": 0.383999}}
{"target": -34.78706771699201, "params": {"C": 48232.17080252601, "gamma": 0.011096497938500746}, "datetime": {"datetime": "2021-09-29 09:49:12", "elapsed": 10.427052, "delta": 0.319997}}
{"target": -35.044172385710326, "params": {"C": 48232.81660782847, "gamma": 0.031245776075889194}, "datetime": {"datetime": "2021-09-29 09:49:12", "elapsed": 10.780055, "delta": 0.353003}}
{"target": -34.63909031839441, "params": {"C": 46179.24939541358, "gamma": 0.024556409520943373}, "datetime": {"datetime": "2021-09-29 09:49:12", "elapsed": 11.187746, "delta": 0.407691}}
{"target": -36.70666593452784, "params": {"C": 49985.497829394066, "gamma": 0.056844532548736525}, "datetime": {"datetime": "2021-09-29 09:49:13", "elapsed": 11.57817, "delta": 0.390424}}
{"target": -35.86788838988307, "params": {"C": 46139.89560347265, "gamma": 0.04513490941964705}, "datetime": {"datetime": "2021-09-29 09:49:13", "elapsed": 11.947176, "delta": 0.369006}}
{"target": -34.548490752968334, "params": {"C": 46141.146064563625, "gamma": 0.014188668995855643}, "datetime": {"datetime": "2021-09-29 09:49:14", "elapsed": 12.279174, "delta": 0.331998}}
{"target": -34.510692941774366, "params": {"C": 46135.04824937539, "gamma": 0.020208072066214056}, "datetime": {"datetime": "2021-09-29 09:49:14", "elapsed": 12.621172, "delta": 0.341998}}
{"target": -35.5812428647867, "params": {"C": 46141.51561338602, "gamma": 0.006453755388707927}, "datetime": {"datetime": "2021-09-29 09:49:14", "elapsed": 12.995172, "delta": 0.374}}
{"target": -34.69818868725278, "params": {"C": 48232.19270911386, "gamma": 0.025226469233844532}, "datetime": {"datetime": "2021-09-29 09:49:15", "elapsed": 13.330169, "delta": 0.334997}}
{"target": -36.635219855440695, "params": {"C": 45720.397205147376, "gamma": 0.059123009901220394}, "datetime": {"datetime": "2021-09-29 09:49:15", "elapsed": 13.678949, "delta": 0.34878}}
{"target": -34.44364797497637, "params": {"C": 49984.8503054034, "gamma": 0.016337042257070018}, "datetime": {"datetime": "2021-09-29 09:49:15", "elapsed": 14.024952, "delta": 0.346003}}
{"target": -34.90215130999883, "params": {"C": 54154.21869586943, "gamma": 0.00989754594691994}, "datetime": {"datetime": "2021-09-29 09:49:16", "elapsed": 14.348951, "delta": 0.323999}}
{"target": -35.155290258728364, "params": {"C": 46140.61542489131, "gamma": 0.03399658468445553}, "datetime": {"datetime": "2021-09-29 09:49:16", "elapsed": 14.724946, "delta": 0.375995}}
{"target": -35.09298309948216, "params": {"C": 46179.501142594185, "gamma": 0.008908424922871683}, "datetime": {"datetime": "2021-09-29 09:49:16", "elapsed": 15.198951, "delta": 0.474005}}
{"target": -35.75470243616434, "params": {"C": 46178.848878514465, "gamma": 0.04326368201687669}, "datetime": {"datetime": "2021-09-29 09:49:17", "elapsed": 15.558169, "delta": 0.359218}}
{"target": -35.56800950573636, "params": {"C": 48232.47148644652, "gamma": 0.0393768646877071}, "datetime": {"datetime": "2021-09-29 09:49:17", "elapsed": 15.923174, "delta": 0.365005}}
{"target": -35.58215657701249, "params": {"C": 48602.88371136641, "gamma": 0.039441611109859734}, "datetime": {"datetime": "2021-09-29 09:49:18", "elapsed": 16.325824, "delta": 0.40265}}
{"target": -36.132482163039654, "params": {"C": 46139.333028839916, "gamma": 0.0496138551654814}, "datetime": {"datetime": "2021-09-29 09:49:18", "elapsed": 16.713826, "delta": 0.388002}}
{"target": -35.1723783749711, "params": {"C": 47021.675139288, "gamma": 0.03401865549682843}, "datetime": {"datetime": "2021-09-29 09:49:18", "elapsed": 17.073821, "delta": 0.359995}}
{"target": -36.814548657174676, "params": {"C": 52998.1844719264, "gamma": 0.05644063494599474}, "datetime": {"datetime": "2021-09-29 09:49:19", "elapsed": 17.43135, "delta": 0.357529}}
{"target": -34.45830511530071, "params": {"C": 49668.46351489913, "gamma": 0.017565233271030163}, "datetime": {"datetime": "2021-09-29 09:49:19", "elapsed": 17.80335, "delta": 0.372}}
{"target": -35.13910157432562, "params": {"C": 46139.59377268014, "gamma": 0.03368463424813902}, "datetime": {"datetime": "2021-09-29 09:49:19", "elapsed": 18.175349, "delta": 0.371999}}
{"target": -34.651805566737266, "params": {"C": 53829.25336859631, "gamma": 0.012309351279214613}, "datetime": {"datetime": "2021-09-29 09:49:20", "elapsed": 18.543349, "delta": 0.368}}
{"target": -36.324105344346044, "params": {"C": 49984.67007718066, "gamma": 0.05043945562973248}, "datetime": {"datetime": "2021-09-29 09:49:20", "elapsed": 19.015349, "delta": 0.472}}
{"target": -34.74233960289399, "params": {"C": 46140.97914459971, "gamma": 0.011611363857431552}, "datetime": {"datetime": "2021-09-29 09:49:21", "elapsed": 19.490662, "delta": 0.475313}}
{"target": -36.53956628237037, "params": {"C": 50013.27060902833, "gamma": 0.05399310221013228}, "datetime": {"datetime": "2021-09-29 09:49:21", "elapsed": 19.874661, "delta": 0.383999}}
{"target": -35.0460681910441, "params": {"C": 53829.071372378676, "gamma": 0.029753208234524646}, "datetime": {"datetime": "2021-09-29 09:49:22", "elapsed": 20.302666, "delta": 0.428005}}
