{"target": 0.2482669281690173, "params": {"C": 532435.9250344359, "gamma": 0.638979092091387}, "datetime": {"datetime": "2021-10-04 11:05:18", "elapsed": 78.98218, "delta": 0.73445}}
{"target": -0.00533165434875027, "params": {"C": 601850.4354441452, "gamma": 0.12659243713420762}, "datetime": {"datetime": "2021-10-04 11:05:18", "elapsed": 79.675356, "delta": 0.693176}}
{"target": 0.2483242080291117, "params": {"C": 532431.1845633055, "gamma": 0.6383220782517531}, "datetime": {"datetime": "2021-10-04 11:05:19", "elapsed": 80.409755, "delta": 0.734399}}
{"target": -0.07438361480467304, "params": {"C": 901384.2617395341, "gamma": 0.10804996300240477}, "datetime": {"datetime": "2021-10-04 11:05:20", "elapsed": 81.093301, "delta": 0.683546}}
{"target": 0.02992617709334977, "params": {"C": 645425.5376456189, "gamma": 0.19034460115597462}, "datetime": {"datetime": "2021-10-04 11:05:21", "elapsed": 82.083465, "delta": 0.990164}}
{"target": 0.19838398138296987, "params": {"C": 525732.3135415901, "gamma": 0.9371112950181002}, "datetime": {"datetime": "2021-10-04 11:05:21", "elapsed": 82.861028, "delta": 0.777563}}
{"target": 0.22337447895135631, "params": {"C": 639513.894907963, "gamma": 0.8093989169113915}, "datetime": {"datetime": "2021-10-04 11:05:22", "elapsed": 83.659799, "delta": 0.798771}}
{"target": -0.07070764628406545, "params": {"C": 874233.5749635231, "gamma": 0.11392037904086404}, "datetime": {"datetime": "2021-10-04 11:05:23", "elapsed": 84.427498, "delta": 0.767699}}
{"target": 0.19863167379780255, "params": {"C": 679298.1157158305, "gamma": 0.37828162840331603}, "datetime": {"datetime": "2021-10-04 11:05:24", "elapsed": 85.216041, "delta": 0.788543}}
{"target": 0.21725044828078, "params": {"C": 741033.0329851641, "gamma": 0.8439151612802807}, "datetime": {"datetime": "2021-10-04 11:05:25", "elapsed": 85.901574, "delta": 0.685533}}
{"target": 0.2186072834125472, "params": {"C": 532457.8846485361, "gamma": 0.8323124294080315}, "datetime": {"datetime": "2021-10-04 11:05:25", "elapsed": 86.695845, "delta": 0.794271}}
{"target": 0.19426079291571485, "params": {"C": 645463.5403528018, "gamma": 0.9624002496477831}, "datetime": {"datetime": "2021-10-04 11:05:26", "elapsed": 87.413233, "delta": 0.717388}}
{"target": 0.22135681969189058, "params": {"C": 741060.3942301809, "gamma": 0.4277192187134971}, "datetime": {"datetime": "2021-10-04 11:05:27", "elapsed": 88.374241, "delta": 0.961008}}
{"target": 0.19262412995095868, "params": {"C": 874236.3544231236, "gamma": 0.9746768494745645}, "datetime": {"datetime": "2021-10-04 11:05:28", "elapsed": 89.122156, "delta": 0.747915}}
{"target": -0.02398815218887851, "params": {"C": 869200.4885276868, "gamma": 0.17622755078223012}, "datetime": {"datetime": "2021-10-04 11:05:29", "elapsed": 90.156146, "delta": 1.03399}}
{"target": 0.20605578969807103, "params": {"C": 978830.7488522183, "gamma": 0.9050819199269652}, "datetime": {"datetime": "2021-10-04 11:05:30", "elapsed": 90.914797, "delta": 0.758651}}
{"target": 0.24237779512969349, "params": {"C": 705684.6870597485, "gamma": 0.6919413263510561}, "datetime": {"datetime": "2021-10-04 11:05:30", "elapsed": 91.713356, "delta": 0.798559}}
{"target": 0.1842615522226233, "params": {"C": 662730.8297793048, "gamma": 0.019510858792068063}, "datetime": {"datetime": "2021-10-04 11:05:31", "elapsed": 92.650547, "delta": 0.937191}}
{"target": 0.1315770449644924, "params": {"C": 601859.2614478236, "gamma": 0.04769343674471456}, "datetime": {"datetime": "2021-10-04 11:05:32", "elapsed": 93.573378, "delta": 0.922831}}
{"target": 0.1961536540119574, "params": {"C": 899899.4708310533, "gamma": 0.9563356610669901}, "datetime": {"datetime": "2021-10-04 11:05:33", "elapsed": 94.286871, "delta": 0.713493}}
{"target": 0.23089198325720173, "params": {"C": 543731.7429621986, "gamma": 0.438473301186044}, "datetime": {"datetime": "2021-10-04 11:05:34", "elapsed": 94.986463, "delta": 0.699592}}
{"target": 0.24754399827852458, "params": {"C": 596782.0794957782, "gamma": 0.5198804950459237}, "datetime": {"datetime": "2021-10-04 11:05:34", "elapsed": 95.683856, "delta": 0.697393}}
{"target": 0.23531554626313367, "params": {"C": 532434.627275603, "gamma": 0.7385737336461753}, "datetime": {"datetime": "2021-10-04 11:05:35", "elapsed": 96.633898, "delta": 0.950042}}
{"target": 0.24142402282546382, "params": {"C": 718475.2667919808, "gamma": 0.6992445946141201}, "datetime": {"datetime": "2021-10-04 11:05:36", "elapsed": 97.34856, "delta": 0.714662}}
{"target": 0.24995100378760404, "params": {"C": 532434.5372848142, "gamma": 0.5365283540508539}, "datetime": {"datetime": "2021-10-04 11:05:37", "elapsed": 98.088123, "delta": 0.739563}}
{"target": 0.23816167414911804, "params": {"C": 926437.5736322363, "gamma": 0.7225710597746843}, "datetime": {"datetime": "2021-10-04 11:05:37", "elapsed": 98.810713, "delta": 0.72259}}
{"target": 0.18832666774700257, "params": {"C": 718433.5087449842, "gamma": 0.9952754597568318}, "datetime": {"datetime": "2021-10-04 11:05:38", "elapsed": 99.56041, "delta": 0.749697}}
{"target": 0.20944384070159883, "params": {"C": 601854.4486503637, "gamma": 0.8823189984150257}, "datetime": {"datetime": "2021-10-04 11:05:39", "elapsed": 100.408647, "delta": 0.848237}}
{"target": 0.22793731630288105, "params": {"C": 869190.1223656291, "gamma": 0.7862154295358853}, "datetime": {"datetime": "2021-10-04 11:05:40", "elapsed": 101.181061, "delta": 0.772414}}
{"target": 0.02053615699541833, "params": {"C": 538993.7635031173, "gamma": 0.15262612690133187}, "datetime": {"datetime": "2021-10-04 11:05:41", "elapsed": 101.933448, "delta": 0.752387}}
{"target": -0.0131475927890361, "params": {"C": 869193.8965044275, "gamma": 0.18480229100059106}, "datetime": {"datetime": "2021-10-04 11:05:42", "elapsed": 103.230719, "delta": 1.297271}}
{"target": 0.1806461520671372, "params": {"C": 679296.8703347717, "gamma": 0.015604812254936672}, "datetime": {"datetime": "2021-10-04 11:05:43", "elapsed": 104.239918, "delta": 1.009199}}
{"target": 0.0656484651493201, "params": {"C": 532431.4974300519, "gamma": 0.07721905482698319}, "datetime": {"datetime": "2021-10-04 11:05:44", "elapsed": 105.322181, "delta": 1.082263}}
{"target": 0.0007615454726341842, "params": {"C": 873451.6545352722, "gamma": 0.07215984696134604}, "datetime": {"datetime": "2021-10-04 11:05:45", "elapsed": 106.034185, "delta": 0.712004}}
{"target": 0.18836705022222655, "params": {"C": 601841.1830830349, "gamma": 0.9922993329816482}, "datetime": {"datetime": "2021-10-04 11:05:46", "elapsed": 107.065042, "delta": 1.030857}}
{"target": 0.04760230514379049, "params": {"C": 601839.8367468327, "gamma": 0.19967377163922725}, "datetime": {"datetime": "2021-10-04 11:05:47", "elapsed": 108.054362, "delta": 0.98932}}
{"target": 0.196425514776986, "params": {"C": 610226.3102108681, "gamma": 0.9501650053588307}, "datetime": {"datetime": "2021-10-04 11:05:47", "elapsed": 108.796534, "delta": 0.742172}}
{"target": 0.21731688680645567, "params": {"C": 951021.3734009764, "gamma": 0.845382404798634}, "datetime": {"datetime": "2021-10-04 11:05:48", "elapsed": 109.644395, "delta": 0.847861}}
{"target": 0.23190076027633943, "params": {"C": 645452.8416227167, "gamma": 0.7612105159054599}, "datetime": {"datetime": "2021-10-04 11:05:49", "elapsed": 110.553156, "delta": 0.908761}}
{"target": 0.18771385623092973, "params": {"C": 645457.4469383073, "gamma": 0.9969652259643721}, "datetime": {"datetime": "2021-10-04 11:05:50", "elapsed": 111.608719, "delta": 1.055563}}
{"target": 0.21925915549813801, "params": {"C": 645455.9076112615, "gamma": 0.41648267815992124}, "datetime": {"datetime": "2021-10-04 11:05:51", "elapsed": 112.642228, "delta": 1.033509}}
{"target": 0.06824413789093597, "params": {"C": 532464.4210262239, "gamma": 0.2074727566877043}, "datetime": {"datetime": "2021-10-04 11:05:52", "elapsed": 113.660133, "delta": 1.017905}}
{"target": 0.231175270832226, "params": {"C": 741060.9355918115, "gamma": 0.7665009637937743}, "datetime": {"datetime": "2021-10-04 11:05:53", "elapsed": 114.721525, "delta": 1.061392}}
{"target": 0.135107454772591, "params": {"C": 802567.822813611, "gamma": 0.30368473046280803}, "datetime": {"datetime": "2021-10-04 11:05:54", "elapsed": 115.533258, "delta": 0.811733}}
{"target": 0.24915490049929168, "params": {"C": 780841.2055243881, "gamma": 0.5611145201296834}, "datetime": {"datetime": "2021-10-04 11:05:55", "elapsed": 116.271947, "delta": 0.738689}}
{"target": 0.22474714757983916, "params": {"C": 532426.5874149858, "gamma": 0.7993599171301333}, "datetime": {"datetime": "2021-10-04 11:05:56", "elapsed": 117.116088, "delta": 0.844141}}
{"target": 0.2413753650337792, "params": {"C": 926437.8357862562, "gamma": 0.6989084992622895}, "datetime": {"datetime": "2021-10-04 11:05:56", "elapsed": 117.876369, "delta": 0.760281}}
{"target": 0.171905691343179, "params": {"C": 738625.468333412, "gamma": 0.3424382869465489}, "datetime": {"datetime": "2021-10-04 11:05:57", "elapsed": 118.667929, "delta": 0.79156}}
{"target": 0.217979904687012, "params": {"C": 532436.8724699512, "gamma": 0.4038170491312854}, "datetime": {"datetime": "2021-10-04 11:05:58", "elapsed": 119.612426, "delta": 0.944497}}
{"target": 0.0975590589649884, "params": {"C": 522481.6490200172, "gamma": 0.2360622650526872}, "datetime": {"datetime": "2021-10-04 11:05:59", "elapsed": 120.420021, "delta": 0.807595}}
{"target": 0.15382167664325452, "params": {"C": 741058.9853900598, "gamma": 0.03626132578678083}, "datetime": {"datetime": "2021-10-04 11:06:00", "elapsed": 121.449985, "delta": 1.029964}}
{"target": 0.24773387384597423, "params": {"C": 974743.0531493955, "gamma": 0.6318988635180972}, "datetime": {"datetime": "2021-10-04 11:06:01", "elapsed": 122.219282, "delta": 0.769297}}
{"target": 0.20052110870852347, "params": {"C": 985301.4220829343, "gamma": 0.9341132146005603}, "datetime": {"datetime": "2021-10-04 11:06:02", "elapsed": 122.969529, "delta": 0.750247}}
{"target": 0.1294931406916342, "params": {"C": 741033.2799853184, "gamma": 0.04357273395036635}, "datetime": {"datetime": "2021-10-04 11:06:02", "elapsed": 123.808481, "delta": 0.838952}}
{"target": 0.25006409413284214, "params": {"C": 601848.739998532, "gamma": 0.609305938926977}, "datetime": {"datetime": "2021-10-04 11:06:03", "elapsed": 124.755437, "delta": 0.946956}}
{"target": 0.02074826806846297, "params": {"C": 901380.464725059, "gamma": 0.21353220765235761}, "datetime": {"datetime": "2021-10-04 11:06:04", "elapsed": 125.765174, "delta": 1.009737}}
{"target": 0.22334025808507985, "params": {"C": 645428.6154817272, "gamma": 0.8096904450539134}, "datetime": {"datetime": "2021-10-04 11:06:05", "elapsed": 126.867711, "delta": 1.102537}}
{"target": 0.22677226899461678, "params": {"C": 901387.0046128132, "gamma": 0.4496369843085894}, "datetime": {"datetime": "2021-10-04 11:06:06", "elapsed": 127.843779, "delta": 0.976068}}
{"target": 0.19416837541089238, "params": {"C": 662730.9974063637, "gamma": 0.9632857688088229}, "datetime": {"datetime": "2021-10-04 11:06:08", "elapsed": 128.966133, "delta": 1.122354}}
{"target": 0.11127549609088794, "params": {"C": 705686.0137023767, "gamma": 0.272355900917281}, "datetime": {"datetime": "2021-10-04 11:06:09", "elapsed": 129.945667, "delta": 0.979534}}
{"target": -0.057734229406660065, "params": {"C": 814800.782961528, "gamma": 0.12426345106317485}, "datetime": {"datetime": "2021-10-04 11:06:09", "elapsed": 130.722498, "delta": 0.776831}}
{"target": 0.21772307490370602, "params": {"C": 705685.1374677415, "gamma": 0.8409143500351688}, "datetime": {"datetime": "2021-10-04 11:06:10", "elapsed": 131.593628, "delta": 0.87113}}
{"target": 0.244014866342527, "params": {"C": 578937.7253152268, "gamma": 0.4939803786006303}, "datetime": {"datetime": "2021-10-04 11:06:11", "elapsed": 132.517339, "delta": 0.923711}}
{"target": 0.2366917797230672, "params": {"C": 809101.0404825618, "gamma": 0.47731785240785696}, "datetime": {"datetime": "2021-10-04 11:06:12", "elapsed": 133.559466, "delta": 1.042127}}
{"target": 0.16977979285177014, "params": {"C": 532437.7061880147, "gamma": 0.3215737074251473}, "datetime": {"datetime": "2021-10-04 11:06:13", "elapsed": 134.686489, "delta": 1.127023}}
{"target": 0.2323993435126066, "params": {"C": 705686.7760672983, "gamma": 0.45611050076654}, "datetime": {"datetime": "2021-10-04 11:06:14", "elapsed": 135.82159, "delta": 1.135101}}
{"target": 0.0490143403187826, "params": {"C": 741022.7664609671, "gamma": 0.22022406251077423}, "datetime": {"datetime": "2021-10-04 11:06:16", "elapsed": 137.241308, "delta": 1.419718}}
{"target": 0.21677820068826636, "params": {"C": 970723.3674597982, "gamma": 0.848381254705841}, "datetime": {"datetime": "2021-10-04 11:06:17", "elapsed": 138.230311, "delta": 0.989003}}
{"target": 0.2506207176359657, "params": {"C": 601855.1185233423, "gamma": 0.5930726184606352}, "datetime": {"datetime": "2021-10-04 11:06:18", "elapsed": 139.360658, "delta": 1.130347}}
{"target": 0.17767055393867426, "params": {"C": 869189.9525205347, "gamma": 0.025346114321576303}, "datetime": {"datetime": "2021-10-04 11:06:20", "elapsed": 140.968724, "delta": 1.608066}}
{"target": 0.2091533378982976, "params": {"C": 916335.3297510719, "gamma": 0.8883956877424779}, "datetime": {"datetime": "2021-10-04 11:06:21", "elapsed": 141.910549, "delta": 0.941825}}
{"target": 0.0005314139970509224, "params": {"C": 628023.2655507001, "gamma": 0.10006604595807148}, "datetime": {"datetime": "2021-10-04 11:06:21", "elapsed": 142.770324, "delta": 0.859775}}
{"target": 0.24546086962027058, "params": {"C": 926438.6525730307, "gamma": 0.5296701489670069}, "datetime": {"datetime": "2021-10-04 11:06:23", "elapsed": 144.075472, "delta": 1.305148}}
{"target": 0.16797723201568193, "params": {"C": 926438.1224249201, "gamma": 0.009}, "datetime": {"datetime": "2021-10-04 11:06:24", "elapsed": 145.489623, "delta": 1.414151}}
{"target": 0.19203227949585844, "params": {"C": 950424.9623262854, "gamma": 0.9785172862098538}, "datetime": {"datetime": "2021-10-04 11:06:25", "elapsed": 146.417513, "delta": 0.92789}}
{"target": 0.19621234191681336, "params": {"C": 525733.3462631591, "gamma": 0.9483963267738402}, "datetime": {"datetime": "2021-10-04 11:06:26", "elapsed": 147.62097, "delta": 1.203457}}
{"target": 0.09483182383201805, "params": {"C": 532446.6739702913, "gamma": 0.06496323655140546}, "datetime": {"datetime": "2021-10-04 11:06:27", "elapsed": 148.753557, "delta": 1.132587}}
{"target": 0.20411518753297464, "params": {"C": 532416.8764580605, "gamma": 0.9077120702563293}, "datetime": {"datetime": "2021-10-04 11:06:29", "elapsed": 150.002246, "delta": 1.248689}}
{"target": 0.21521299256844917, "params": {"C": 809101.5032907799, "gamma": 0.8555117877984897}, "datetime": {"datetime": "2021-10-04 11:06:30", "elapsed": 151.078472, "delta": 1.076226}}
{"target": 0.2502690289928037, "params": {"C": 601861.8509080623, "gamma": 0.6044849798471382}, "datetime": {"datetime": "2021-10-04 11:06:31", "elapsed": 151.999587, "delta": 0.921115}}
{"target": 0.24959814036808758, "params": {"C": 596781.5256775514, "gamma": 0.618583092862239}, "datetime": {"datetime": "2021-10-04 11:06:32", "elapsed": 153.056441, "delta": 1.056854}}
{"target": 0.19597465978193873, "params": {"C": 673927.0459247375, "gamma": 0.9540643708968215}, "datetime": {"datetime": "2021-10-04 11:06:33", "elapsed": 153.994853, "delta": 0.938412}}
{"target": -0.061854194593895295, "params": {"C": 869202.2315079346, "gamma": 0.13989311631286927}, "datetime": {"datetime": "2021-10-04 11:06:34", "elapsed": 155.113643, "delta": 1.11879}}
{"target": -0.04636413907164627, "params": {"C": 916335.3336205285, "gamma": 0.08533100537261831}, "datetime": {"datetime": "2021-10-04 11:06:35", "elapsed": 156.28477, "delta": 1.171127}}
{"target": 0.002650874360888955, "params": {"C": 639515.1481955176, "gamma": 0.09587577979505736}, "datetime": {"datetime": "2021-10-04 11:06:36", "elapsed": 157.591776, "delta": 1.307006}}
{"target": 0.028793435607859297, "params": {"C": 780841.7046184111, "gamma": 0.20798099547712964}, "datetime": {"datetime": "2021-10-04 11:06:37", "elapsed": 158.842918, "delta": 1.251142}}
{"target": 0.20032323459602197, "params": {"C": 874234.5265819859, "gamma": 0.9342317296802605}, "datetime": {"datetime": "2021-10-04 11:06:39", "elapsed": 159.884298, "delta": 1.04138}}
{"target": 0.2487940389644826, "params": {"C": 601858.4701013103, "gamma": 0.5326288840577266}, "datetime": {"datetime": "2021-10-04 11:06:40", "elapsed": 161.020172, "delta": 1.135874}}
{"target": 0.24395747791000366, "params": {"C": 645446.4016511359, "gamma": 0.6793405163700468}, "datetime": {"datetime": "2021-10-04 11:06:41", "elapsed": 162.372133, "delta": 1.351961}}
{"target": 0.20621514456331114, "params": {"C": 965848.3895459541, "gamma": 0.40634092194935373}, "datetime": {"datetime": "2021-10-04 11:06:42", "elapsed": 163.263115, "delta": 0.890982}}
{"target": 0.2346922936670477, "params": {"C": 777757.0897419491, "gamma": 0.46821113644843315}, "datetime": {"datetime": "2021-10-04 11:06:43", "elapsed": 164.193766, "delta": 0.930651}}
{"target": 0.22390604536416847, "params": {"C": 915724.76026113, "gamma": 0.8092460097789644}, "datetime": {"datetime": "2021-10-04 11:06:44", "elapsed": 165.11695, "delta": 0.923184}}
{"target": 0.02706152583566601, "params": {"C": 809102.1804106105, "gamma": 0.20963923054852696}, "datetime": {"datetime": "2021-10-04 11:06:45", "elapsed": 166.187156, "delta": 1.070206}}
{"target": 0.18955391159425106, "params": {"C": 781019.6239218718, "gamma": 0.9897829032896658}, "datetime": {"datetime": "2021-10-04 11:06:46", "elapsed": 167.124466, "delta": 0.93731}}
{"target": 0.2478293254806786, "params": {"C": 548135.0239302528, "gamma": 0.5163458940724293}, "datetime": {"datetime": "2021-10-04 11:06:47", "elapsed": 168.41932, "delta": 1.294854}}
{"target": 0.2179523342098203, "params": {"C": 990042.0036802527, "gamma": 0.8421734434699993}, "datetime": {"datetime": "2021-10-04 11:06:48", "elapsed": 169.431938, "delta": 1.012618}}
{"target": 0.09236312879975062, "params": {"C": 645463.4729461983, "gamma": 0.248036383722621}, "datetime": {"datetime": "2021-10-04 11:06:49", "elapsed": 170.806766, "delta": 1.374828}}
{"target": 0.10876587563381501, "params": {"C": 532417.8941021699, "gamma": 0.059577779879936184}, "datetime": {"datetime": "2021-10-04 11:06:51", "elapsed": 171.970474, "delta": 1.163708}}
{"target": 0.17941003492397767, "params": {"C": 557363.1653776766, "gamma": 0.029083633843828685}, "datetime": {"datetime": "2021-10-04 11:06:51", "elapsed": 172.840511, "delta": 0.870037}}
{"target": 0.1929845376628897, "params": {"C": 604108.2929407739, "gamma": 0.9680021667741701}, "datetime": {"datetime": "2021-10-04 11:06:53", "elapsed": 174.057081, "delta": 1.21657}}
{"target": 0.06430531864170619, "params": {"C": 645451.7911001758, "gamma": 0.22196315346771062}, "datetime": {"datetime": "2021-10-04 11:06:54", "elapsed": 175.446431, "delta": 1.38935}}
{"target": 0.2004547725803718, "params": {"C": 939901.3891324347, "gamma": 0.9341234693539179}, "datetime": {"datetime": "2021-10-04 11:06:55", "elapsed": 176.45346, "delta": 1.007029}}
{"target": 0.2025770984094537, "params": {"C": 532459.4521432405, "gamma": 0.9156651440154726}, "datetime": {"datetime": "2021-10-04 11:06:56", "elapsed": 177.799257, "delta": 1.345797}}
{"target": 0.0662170448424233, "params": {"C": 532445.5678823928, "gamma": 0.20536625603205225}, "datetime": {"datetime": "2021-10-04 11:06:58", "elapsed": 179.484798, "delta": 1.685541}}
{"target": 0.21931516812351104, "params": {"C": 853033.1175476168, "gamma": 0.833973985673315}, "datetime": {"datetime": "2021-10-04 11:06:59", "elapsed": 180.542653, "delta": 1.057855}}
{"target": 0.06898837985733564, "params": {"C": 558778.275441793, "gamma": 0.07294700882187025}, "datetime": {"datetime": "2021-10-04 11:07:00", "elapsed": 181.519536, "delta": 0.976883}}
{"target": 0.25006199544368835, "params": {"C": 609634.1002281124, "gamma": 0.6086287205040385}, "datetime": {"datetime": "2021-10-04 11:07:01", "elapsed": 182.52531, "delta": 1.005774}}
{"target": 0.24938258111023393, "params": {"C": 792312.8413406056, "gamma": 0.6070393199759322}, "datetime": {"datetime": "2021-10-04 11:07:02", "elapsed": 183.625186, "delta": 1.099876}}
{"target": 0.19962691921561648, "params": {"C": 741023.0371460132, "gamma": 0.936207585553894}, "datetime": {"datetime": "2021-10-04 11:07:03", "elapsed": 184.636912, "delta": 1.011726}}
{"target": -0.08202847342876218, "params": {"C": 924245.9008393093, "gamma": 0.11876714858272058}, "datetime": {"datetime": "2021-10-04 11:07:04", "elapsed": 185.731769, "delta": 1.094857}}
{"target": 0.0932073182884029, "params": {"C": 512103.8927392106, "gamma": 0.22967952866599176}, "datetime": {"datetime": "2021-10-04 11:07:05", "elapsed": 186.787033, "delta": 1.055264}}
{"target": 0.051137313478980984, "params": {"C": 601857.6642527201, "gamma": 0.07599455868990311}, "datetime": {"datetime": "2021-10-04 11:07:07", "elapsed": 188.075777, "delta": 1.288744}}
{"target": 0.24714540785232486, "params": {"C": 844758.0950926, "gamma": 0.6446363946325202}, "datetime": {"datetime": "2021-10-04 11:07:08", "elapsed": 188.983693, "delta": 0.907916}}
{"target": 0.04850891430380311, "params": {"C": 705147.5649832442, "gamma": 0.2156070162977813}, "datetime": {"datetime": "2021-10-04 11:07:09", "elapsed": 189.929836, "delta": 0.946143}}
{"target": 0.07127663876400814, "params": {"C": 778944.4145663069, "gamma": 0.057882673213454805}, "datetime": {"datetime": "2021-10-04 11:07:10", "elapsed": 190.937373, "delta": 1.007537}}
{"target": -0.008639696996525226, "params": {"C": 869198.6393019592, "gamma": 0.18829758099371055}, "datetime": {"datetime": "2021-10-04 11:07:11", "elapsed": 192.14757, "delta": 1.210197}}
{"target": 0.15228936493676448, "params": {"C": 775405.9791260373, "gamma": 0.32071322687314}, "datetime": {"datetime": "2021-10-04 11:07:12", "elapsed": 193.639173, "delta": 1.491603}}
