{"target": -35.135748557620865, "params": {"C": 7943.809111089877, "gamma": 0.013158434198223587}, "datetime": {"datetime": "2021-09-28 19:39:11", "elapsed": 1994.828936, "delta": 8.120563}}
{"target": -35.998321677382904, "params": {"C": 7418.121776487528, "gamma": 0.008442417231867708}, "datetime": {"datetime": "2021-09-28 19:39:20", "elapsed": 2003.647729, "delta": 8.818793}}
{"target": -36.05023974732574, "params": {"C": 7594.670151254256, "gamma": 0.11543359006953294}, "datetime": {"datetime": "2021-09-28 19:39:24", "elapsed": 2007.990884, "delta": 4.343155}}
{"target": -34.48720205601936, "params": {"C": 8119.4104959249225, "gamma": 0.03619530922446096}, "datetime": {"datetime": "2021-09-28 19:39:33", "elapsed": 2017.333046, "delta": 9.342162}}
{"target": -34.42255913281051, "params": {"C": 8136.704516380075, "gamma": 0.02943996326057339}, "datetime": {"datetime": "2021-09-28 19:39:41", "elapsed": 2024.775425, "delta": 7.442379}}
{"target": -35.305675126177064, "params": {"C": 7048.790199830166, "gamma": 0.07924538849071236}, "datetime": {"datetime": "2021-09-28 19:39:46", "elapsed": 2030.505212, "delta": 5.729787}}
{"target": -34.645941391901935, "params": {"C": 7418.0770957963, "gamma": 0.04687582846955645}, "datetime": {"datetime": "2021-09-28 19:39:55", "elapsed": 2039.359984, "delta": 8.854772}}
{"target": -36.47824999935097, "params": {"C": 7108.111943403357, "gamma": 0.14749373751798645}, "datetime": {"datetime": "2021-09-28 19:40:03", "elapsed": 2047.29831, "delta": 7.938326}}
{"target": -35.30595261107628, "params": {"C": 7418.071699199064, "gamma": 0.07791685933120136}, "datetime": {"datetime": "2021-09-28 19:40:14", "elapsed": 2057.541458, "delta": 10.243148}}
{"target": -34.43909134036831, "params": {"C": 7663.305930152489, "gamma": 0.03039466953126283}, "datetime": {"datetime": "2021-09-28 19:40:31", "elapsed": 2075.304726, "delta": 17.763268}}
{"target": -34.542199613621435, "params": {"C": 8844.244816624858, "gamma": 0.038818624941494226}, "datetime": {"datetime": "2021-09-28 19:40:44", "elapsed": 2087.585626, "delta": 12.2809}}
{"target": -35.6391894851397, "params": {"C": 7663.362758122091, "gamma": 0.010296699655218886}, "datetime": {"datetime": "2021-09-28 19:40:53", "elapsed": 2096.812758, "delta": 9.227132}}
{"target": -35.36356721952369, "params": {"C": 7081.276177546528, "gamma": 0.08175450540961213}, "datetime": {"datetime": "2021-09-28 19:40:57", "elapsed": 2101.103569, "delta": 4.290811}}
{"target": -35.25049698505141, "params": {"C": 7943.826181398953, "gamma": 0.07380569945900103}, "datetime": {"datetime": "2021-09-28 19:41:07", "elapsed": 2110.803078, "delta": 9.699509}}
{"target": -34.47764010266634, "params": {"C": 8714.027341860789, "gamma": 0.02229911178396188}, "datetime": {"datetime": "2021-09-28 19:41:15", "elapsed": 2118.623085, "delta": 7.820007}}
{"target": -35.39225274766201, "params": {"C": 8368.019959248046, "gamma": 0.07846027714447253}, "datetime": {"datetime": "2021-09-28 19:41:19", "elapsed": 2122.94989, "delta": 4.326805}}
{"target": -36.246930359234675, "params": {"C": 7726.9030741125625, "gamma": 0.12770524531611632}, "datetime": {"datetime": "2021-09-28 19:41:24", "elapsed": 2127.586654, "delta": 4.636764}}
{"target": -34.764755660953824, "params": {"C": 8047.847961538401, "gamma": 0.05307900587086549}, "datetime": {"datetime": "2021-09-28 19:41:39", "elapsed": 2143.036281, "delta": 15.449627}}
{"target": -35.376584894596164, "params": {"C": 8714.001611710444, "gamma": 0.0767208371396926}, "datetime": {"datetime": "2021-09-28 19:41:45", "elapsed": 2149.133776, "delta": 6.097495}}
{"target": -35.32299603684739, "params": {"C": 7224.918073143266, "gamma": 0.07936907808709455}, "datetime": {"datetime": "2021-09-28 19:41:58", "elapsed": 2161.639713, "delta": 12.505937}}
{"target": -36.30394052335755, "params": {"C": 8696.87056589278, "gamma": 0.006240244007219484}, "datetime": {"datetime": "2021-09-28 19:42:05", "elapsed": 2168.603544, "delta": 6.963831}}
{"target": -36.62363808551591, "params": {"C": 8858.898515127921, "gamma": 0.14693234177183215}, "datetime": {"datetime": "2021-09-28 19:42:09", "elapsed": 2172.969348, "delta": 4.365804}}
{"target": -35.49415092420559, "params": {"C": 8119.510487473848, "gamma": 0.010804098251258179}, "datetime": {"datetime": "2021-09-28 19:42:19", "elapsed": 2182.858808, "delta": 9.88946}}
{"target": -34.66758071341858, "params": {"C": 8136.672151879089, "gamma": 0.0472364713909672}, "datetime": {"datetime": "2021-09-28 19:42:26", "elapsed": 2190.301499, "delta": 7.442691}}
{"target": -34.41326339528168, "params": {"C": 8646.025677338674, "gamma": 0.03007980146769923}, "datetime": {"datetime": "2021-09-28 19:42:33", "elapsed": 2197.368678, "delta": 7.067179}}
{"target": -35.0910197082361, "params": {"C": 8059.458518040184, "gamma": 0.06693044480223694}, "datetime": {"datetime": "2021-09-28 19:42:38", "elapsed": 2201.858654, "delta": 4.489976}}
{"target": -36.17684915602462, "params": {"C": 7576.49629428761, "gamma": 0.12380293947243305}, "datetime": {"datetime": "2021-09-28 19:42:42", "elapsed": 2206.274075, "delta": 4.415421}}
{"target": -36.276622995351424, "params": {"C": 8714.397889555225, "gamma": 0.1243990603461659}, "datetime": {"datetime": "2021-09-28 19:42:47", "elapsed": 2210.980437, "delta": 4.706362}}
{"target": -34.762008305864775, "params": {"C": 8646.052229367184, "gamma": 0.05198621317000801}, "datetime": {"datetime": "2021-09-28 19:42:55", "elapsed": 2218.525646, "delta": 7.545209}}
{"target": -36.2676432448336, "params": {"C": 8359.361134598505, "gamma": 0.12564504578790223}, "datetime": {"datetime": "2021-09-28 19:42:59", "elapsed": 2222.662979, "delta": 4.137333}}
{"target": -34.6351249326761, "params": {"C": 8828.699784696335, "gamma": 0.0444177812594443}, "datetime": {"datetime": "2021-09-28 19:43:03", "elapsed": 2226.823247, "delta": 4.160268}}
{"target": -35.07332945379956, "params": {"C": 8608.396431334886, "gamma": 0.06484016826390492}, "datetime": {"datetime": "2021-09-28 19:43:07", "elapsed": 2231.140894, "delta": 4.317647}}
{"target": -34.76821597943215, "params": {"C": 7706.29083543997, "gamma": 0.05384065420504163}, "datetime": {"datetime": "2021-09-28 19:43:24", "elapsed": 2248.096224, "delta": 16.95533}}
{"target": -34.61057861208882, "params": {"C": 7663.284917450373, "gamma": 0.044337539250752296}, "datetime": {"datetime": "2021-09-28 19:43:32", "elapsed": 2255.888128, "delta": 7.791904}}
{"target": -35.7513481615578, "params": {"C": 8646.011990982266, "gamma": 0.009082611546757425}, "datetime": {"datetime": "2021-09-28 19:43:42", "elapsed": 2265.683766, "delta": 9.795638}}
{"target": -34.72126412028172, "params": {"C": 7165.5750429765085, "gamma": 0.05193730835134268}, "datetime": {"datetime": "2021-09-28 19:43:50", "elapsed": 2273.677734, "delta": 7.993968}}
{"target": -34.441698023785264, "params": {"C": 8591.996819653506, "gamma": 0.03293800770797075}, "datetime": {"datetime": "2021-09-28 19:43:56", "elapsed": 2280.267902, "delta": 6.590168}}
{"target": -34.997303617355854, "params": {"C": 7663.436329721278, "gamma": 0.01454901001526954}, "datetime": {"datetime": "2021-09-28 19:44:04", "elapsed": 2287.839602, "delta": 7.5717}}
{"target": -35.26453848711271, "params": {"C": 8274.13184796865, "gamma": 0.07339355847919966}, "datetime": {"datetime": "2021-09-28 19:44:16", "elapsed": 2299.965001, "delta": 12.125399}}
{"target": -34.76921223721809, "params": {"C": 8119.514725368407, "gamma": 0.0531838755572935}, "datetime": {"datetime": "2021-09-28 19:44:22", "elapsed": 2306.475915, "delta": 6.510914}}
{"target": -34.46004997841386, "params": {"C": 8534.398332077364, "gamma": 0.034123078664601986}, "datetime": {"datetime": "2021-09-28 19:44:27", "elapsed": 2310.821293, "delta": 4.345378}}
{"target": -34.76154665164959, "params": {"C": 7452.43575226939, "gamma": 0.01716260237127392}, "datetime": {"datetime": "2021-09-28 19:44:32", "elapsed": 2315.631707, "delta": 4.810414}}
{"target": -35.91820821598968, "params": {"C": 8443.859822678833, "gamma": 0.008319171361625164}, "datetime": {"datetime": "2021-09-28 19:44:43", "elapsed": 2327.239372, "delta": 11.607665}}
{"target": -34.82943928872647, "params": {"C": 8591.907774698735, "gamma": 0.05539983217021315}, "datetime": {"datetime": "2021-09-28 19:44:55", "elapsed": 2338.866952, "delta": 11.62758}}
{"target": -35.09021567735385, "params": {"C": 8844.260823190833, "gamma": 0.0649324927932482}, "datetime": {"datetime": "2021-09-28 19:45:07", "elapsed": 2350.838871, "delta": 11.971919}}
{"target": -34.40672598907011, "params": {"C": 8828.73200276143, "gamma": 0.029593973500002764}, "datetime": {"datetime": "2021-09-28 19:45:14", "elapsed": 2357.930615, "delta": 7.091744}}
{"target": -35.01944750260021, "params": {"C": 8757.844835916645, "gamma": 0.06240514829614928}, "datetime": {"datetime": "2021-09-28 19:45:21", "elapsed": 2364.553632, "delta": 6.623017}}
{"target": -35.27812520871195, "params": {"C": 8828.739564387404, "gamma": 0.07236580780602704}, "datetime": {"datetime": "2021-09-28 19:45:31", "elapsed": 2374.549265, "delta": 9.995633}}
{"target": -34.47843073192786, "params": {"C": 7643.723066975793, "gamma": 0.03571287839003676}, "datetime": {"datetime": "2021-09-28 19:45:40", "elapsed": 2384.124128, "delta": 9.574863}}
{"target": -34.758040553306515, "params": {"C": 8119.537879754402, "gamma": 0.05262251138631069}, "datetime": {"datetime": "2021-09-28 19:45:50", "elapsed": 2393.596543, "delta": 9.472415}}
{"target": -34.546481711971396, "params": {"C": 8367.860403596964, "gamma": 0.03956898052825797}, "datetime": {"datetime": "2021-09-28 19:45:54", "elapsed": 2398.362502, "delta": 4.765959}}
{"target": -34.98468854112005, "params": {"C": 7643.741598556461, "gamma": 0.06372778506553554}, "datetime": {"datetime": "2021-09-28 19:46:12", "elapsed": 2415.605084, "delta": 17.242582}}
{"target": -34.45421475732333, "params": {"C": 7189.190108974871, "gamma": 0.029844601964380754}, "datetime": {"datetime": "2021-09-28 19:46:19", "elapsed": 2422.737296, "delta": 7.132212}}
{"target": -34.991844928512826, "params": {"C": 7643.756248275776, "gamma": 0.014616795433204304}, "datetime": {"datetime": "2021-09-28 19:46:30", "elapsed": 2433.783364, "delta": 11.046068}}
{"target": -34.51507506109584, "params": {"C": 8507.73229948095, "gamma": 0.021255428108859845}, "datetime": {"datetime": "2021-09-28 19:46:34", "elapsed": 2438.357396, "delta": 4.574032}}
{"target": -34.5860005869203, "params": {"C": 8367.821045983676, "gamma": 0.04197116915663618}, "datetime": {"datetime": "2021-09-28 19:46:45", "elapsed": 2448.98767, "delta": 10.630274}}
{"target": -35.309459491455826, "params": {"C": 8047.944523478185, "gamma": 0.07596507432385483}, "datetime": {"datetime": "2021-09-28 19:46:55", "elapsed": 2459.285135, "delta": 10.297465}}
{"target": -35.78659846869012, "params": {"C": 7739.15535479778, "gamma": 0.09970759964017457}, "datetime": {"datetime": "2021-09-28 19:47:00", "elapsed": 2463.836099, "delta": 4.550964}}
{"target": -35.46166826257947, "params": {"C": 7692.06656919775, "gamma": 0.08388900624586969}, "datetime": {"datetime": "2021-09-28 19:47:07", "elapsed": 2471.383677, "delta": 7.547578}}
{"target": -34.500887969754515, "params": {"C": 7692.049126424422, "gamma": 0.023742998952086435}, "datetime": {"datetime": "2021-09-28 19:47:15", "elapsed": 2479.289962, "delta": 7.906285}}
{"target": -35.547169853420314, "params": {"C": 7646.352431542717, "gamma": 0.08805167777896006}, "datetime": {"datetime": "2021-09-28 19:47:20", "elapsed": 2484.399105, "delta": 5.109143}}
{"target": -34.76468357545577, "params": {"C": 7448.419397196159, "gamma": 0.05404969490522367}, "datetime": {"datetime": "2021-09-28 19:47:25", "elapsed": 2489.49213, "delta": 5.093025}}
{"target": -34.7823902749968, "params": {"C": 8844.301860109766, "gamma": 0.05268489142005413}, "datetime": {"datetime": "2021-09-28 19:47:34", "elapsed": 2497.7174, "delta": 8.22527}}
{"target": -34.46133146950844, "params": {"C": 7715.786513069203, "gamma": 0.034068049961904115}, "datetime": {"datetime": "2021-09-28 19:47:39", "elapsed": 2502.881662, "delta": 5.164262}}
{"target": -34.73894632886686, "params": {"C": 7812.363888452548, "gamma": 0.052071736321356865}, "datetime": {"datetime": "2021-09-28 19:47:50", "elapsed": 2514.376507, "delta": 11.494845}}
{"target": -34.72097276852539, "params": {"C": 7556.1723546849635, "gamma": 0.0513844379296173}, "datetime": {"datetime": "2021-09-28 19:48:00", "elapsed": 2523.662158, "delta": 9.285651}}
{"target": -34.60821303284732, "params": {"C": 8017.176654053637, "gamma": 0.04374230260002322}, "datetime": {"datetime": "2021-09-28 19:48:07", "elapsed": 2530.976193, "delta": 7.314035}}
{"target": -34.5659383262211, "params": {"C": 7448.394428144492, "gamma": 0.021621919012606787}, "datetime": {"datetime": "2021-09-28 19:48:29", "elapsed": 2552.604582, "delta": 21.628389}}
{"target": -35.23416540098345, "params": {"C": 7663.396968492479, "gamma": 0.0739940846550796}, "datetime": {"datetime": "2021-09-28 19:48:43", "elapsed": 2566.99684, "delta": 14.392258}}
{"target": -35.005050328222595, "params": {"C": 8789.76463934887, "gamma": 0.06178101786252445}, "datetime": {"datetime": "2021-09-28 19:48:54", "elapsed": 2578.184195, "delta": 11.187355}}
{"target": -34.48592285065601, "params": {"C": 7070.19125081228, "gamma": 0.02655660861890579}, "datetime": {"datetime": "2021-09-28 19:49:02", "elapsed": 2585.692924, "delta": 7.508729}}
{"target": -35.50006944626784, "params": {"C": 7692.090757597439, "gamma": 0.011079028486166018}, "datetime": {"datetime": "2021-09-28 19:49:13", "elapsed": 2596.633728, "delta": 10.940804}}
{"target": -34.43183595204455, "params": {"C": 8507.763342380129, "gamma": 0.024997305760713098}, "datetime": {"datetime": "2021-09-28 19:49:25", "elapsed": 2609.399962, "delta": 12.766234}}
{"target": -36.33254352726016, "params": {"C": 11203.191610298301, "gamma": 0.11476291250580625}, "datetime": {"datetime": "2021-09-28 20:03:02", "elapsed": 0.0, "delta": 0.0}}
{"target": -35.65862153129957, "params": {"C": 10163.618955651777, "gamma": 0.08417827880563777}, "datetime": {"datetime": "2021-09-28 20:03:02", "elapsed": 0.169, "delta": 0.169}}
{"target": -36.94298572714228, "params": {"C": 12571.78781739062, "gamma": 0.1439254287846829}, "datetime": {"datetime": "2021-09-28 20:03:02", "elapsed": 0.333826, "delta": 0.164826}}
{"target": -34.52412772468531, "params": {"C": 9502.341241855345, "gamma": 0.037122646111418946}, "datetime": {"datetime": "2021-09-28 20:03:02", "elapsed": 0.50214, "delta": 0.168314}}
{"target": -35.32779141345224, "params": {"C": 9205.86881320332, "gamma": 0.07332552576584865}, "datetime": {"datetime": "2021-09-28 20:03:02", "elapsed": 0.699141, "delta": 0.197001}}
{"target": -35.38339957406753, "params": {"C": 9119.504843514267, "gamma": 0.07580914978118022}, "datetime": {"datetime": "2021-09-28 20:03:03", "elapsed": 0.893268, "delta": 0.194127}}
{"target": -36.91049441753484, "params": {"C": 9749.72849365971, "gamma": 0.16}, "datetime": {"datetime": "2021-09-28 20:03:03", "elapsed": 1.523186, "delta": 0.629918}}
{"target": -36.864569290102, "params": {"C": 9503.44689032326, "gamma": 0.15873073337222712}, "datetime": {"datetime": "2021-09-28 20:03:04", "elapsed": 1.791186, "delta": 0.268}}
{"target": -36.2114284298312, "params": {"C": 9502.287070256625, "gamma": 0.11577784568290683}, "datetime": {"datetime": "2021-09-28 20:03:04", "elapsed": 2.40702, "delta": 0.615834}}
{"target": -36.46943977558908, "params": {"C": 10928.354195170448, "gamma": 0.12395269579983434}, "datetime": {"datetime": "2021-09-28 20:03:05", "elapsed": 2.81033, "delta": 0.40331}}
{"target": -36.75553782689314, "params": {"C": 10116.094202310029, "gamma": 0.14798745249329914}, "datetime": {"datetime": "2021-09-28 20:03:05", "elapsed": 3.121329, "delta": 0.310999}}
{"target": -34.631369725222015, "params": {"C": 10679.446638319232, "gamma": 0.015749121324250635}, "datetime": {"datetime": "2021-09-28 20:03:05", "elapsed": 3.357327, "delta": 0.235998}}
{"target": -34.412696408944704, "params": {"C": 11924.649367933469, "gamma": 0.028907534366545872}, "datetime": {"datetime": "2021-09-28 20:03:05", "elapsed": 3.615332, "delta": 0.258005}}
{"target": -37.074209229999425, "params": {"C": 12765.787898131997, "gamma": 0.15086432560617993}, "datetime": {"datetime": "2021-09-28 20:03:06", "elapsed": 3.861331, "delta": 0.245999}}
{"target": -36.298101771578914, "params": {"C": 9832.869931453859, "gamma": 0.11961398781393622}, "datetime": {"datetime": "2021-09-28 20:03:06", "elapsed": 4.09233, "delta": 0.230999}}
{"target": -36.86976740146185, "params": {"C": 9726.495643622517, "gamma": 0.15759604141645048}, "datetime": {"datetime": "2021-09-28 20:03:06", "elapsed": 4.328327, "delta": 0.235997}}
{"target": -36.590479257361366, "params": {"C": 9259.382800248959, "gamma": 0.14183705839483762}, "datetime": {"datetime": "2021-09-28 20:03:06", "elapsed": 4.566524, "delta": 0.238197}}
{"target": -34.49186374497085, "params": {"C": 12473.487278576016, "gamma": 0.01682746747089628}, "datetime": {"datetime": "2021-09-28 20:03:07", "elapsed": 4.826526, "delta": 0.260002}}
{"target": -36.328607009703596, "params": {"C": 11585.097250469435, "gamma": 0.11273894220293955}, "datetime": {"datetime": "2021-09-28 20:03:07", "elapsed": 5.083525, "delta": 0.256999}}
{"target": -36.10401592879835, "params": {"C": 11953.59805235652, "gamma": 0.09890448941055113}, "datetime": {"datetime": "2021-09-28 20:03:07", "elapsed": 5.302527, "delta": 0.219002}}
{"target": -36.9218241967828, "params": {"C": 12211.036593704974, "gamma": 0.14484012342469757}, "datetime": {"datetime": "2021-09-28 20:03:07", "elapsed": 5.552197, "delta": 0.24967}}
{"target": -36.127829863830705, "params": {"C": 10645.480760909188, "gamma": 0.10517867059167119}, "datetime": {"datetime": "2021-09-28 20:03:08", "elapsed": 5.793196, "delta": 0.240999}}
{"target": -36.20182114912059, "params": {"C": 12608.197827746106, "gamma": 0.10169372442194234}, "datetime": {"datetime": "2021-09-28 20:03:08", "elapsed": 6.017196, "delta": 0.224}}
{"target": -36.55160967696694, "params": {"C": 10301.887859989849, "gamma": 0.1328652278213741}, "datetime": {"datetime": "2021-09-28 20:03:08", "elapsed": 6.258193, "delta": 0.240997}}
{"target": -34.385511280657006, "params": {"C": 9435.284060489195, "gamma": 0.027667458315598564}, "datetime": {"datetime": "2021-09-28 20:03:08", "elapsed": 6.618072, "delta": 0.359879}}
{"target": -34.564109261531634, "params": {"C": 10980.245629062681, "gamma": 0.01654803771531877}, "datetime": {"datetime": "2021-09-28 20:03:09", "elapsed": 6.867076, "delta": 0.249004}}
{"target": -35.091797038754166, "params": {"C": 10000.279332894472, "gamma": 0.062460336132018235}, "datetime": {"datetime": "2021-09-28 20:03:09", "elapsed": 7.135074, "delta": 0.267998}}
{"target": -34.82275324301612, "params": {"C": 11457.69524206908, "gamma": 0.013107926628506305}, "datetime": {"datetime": "2021-09-28 20:03:09", "elapsed": 7.424075, "delta": 0.289001}}
{"target": -34.57263229464665, "params": {"C": 10335.185767250618, "gamma": 0.039238528549417506}, "datetime": {"datetime": "2021-09-28 20:03:10", "elapsed": 7.724076, "delta": 0.300001}}
{"target": -34.43956195263178, "params": {"C": 12579.435819308412, "gamma": 0.030093063916760414}, "datetime": {"datetime": "2021-09-28 20:03:10", "elapsed": 8.006, "delta": 0.281924}}
{"target": -36.81320841740369, "params": {"C": 9063.569661655521, "gamma": 0.15848880503054355}, "datetime": {"datetime": "2021-09-28 20:03:10", "elapsed": 8.281002, "delta": 0.275002}}
{"target": -34.80268383128766, "params": {"C": 9140.416612993691, "gamma": 0.05322561507679698}, "datetime": {"datetime": "2021-09-28 20:03:10", "elapsed": 8.559198, "delta": 0.278196}}
{"target": -36.19109647457821, "params": {"C": 9935.747908636557, "gamma": 0.0063716542815797925}, "datetime": {"datetime": "2021-09-28 20:03:11", "elapsed": 8.859203, "delta": 0.300005}}
{"target": -36.796547427557186, "params": {"C": 12607.391862169015, "gamma": 0.1353476778197895}, "datetime": {"datetime": "2021-09-28 20:03:11", "elapsed": 9.139202, "delta": 0.279999}}
{"target": -36.99137485787313, "params": {"C": 12685.854982323004, "gamma": 0.14623481573639519}, "datetime": {"datetime": "2021-09-28 20:03:11", "elapsed": 9.4122, "delta": 0.272998}}
{"target": -36.968215895109566, "params": {"C": 11824.615711161725, "gamma": 0.15033024525084507}, "datetime": {"datetime": "2021-09-28 20:03:11", "elapsed": 9.7032, "delta": 0.291}}
{"target": -35.38187890770702, "params": {"C": 9376.255958501319, "gamma": 0.07502608506170197}, "datetime": {"datetime": "2021-09-28 20:03:12", "elapsed": 9.985198, "delta": 0.281998}}
{"target": -35.431352163212146, "params": {"C": 11324.71623497786, "gamma": 0.07210067924197303}, "datetime": {"datetime": "2021-09-28 20:03:12", "elapsed": 10.2842, "delta": 0.299002}}
{"target": -36.04778616079022, "params": {"C": 9677.655840991129, "gamma": 0.0071408382273320265}, "datetime": {"datetime": "2021-09-28 20:03:12", "elapsed": 10.678795, "delta": 0.394595}}
{"target": -36.05381742376688, "params": {"C": 11059.08362755346, "gamma": 0.09955727308394205}, "datetime": {"datetime": "2021-09-28 20:03:13", "elapsed": 11.016796, "delta": 0.338001}}
{"target": -36.01941194058265, "params": {"C": 9553.498860552701, "gamma": 0.10387110242553031}, "datetime": {"datetime": "2021-09-28 20:03:13", "elapsed": 11.317795, "delta": 0.300999}}
{"target": -35.783622764849696, "params": {"C": 11786.75627374258, "gamma": 0.08475590210492458}, "datetime": {"datetime": "2021-09-28 20:03:13", "elapsed": 11.6228, "delta": 0.305005}}
{"target": -36.99228232029611, "params": {"C": 11766.027864850981, "gamma": 0.1523250787283915}, "datetime": {"datetime": "2021-09-28 20:03:14", "elapsed": 12.138799, "delta": 0.515999}}
{"target": -35.497455321464685, "params": {"C": 11202.27145711696, "gamma": 0.07487135752318441}, "datetime": {"datetime": "2021-09-28 20:03:14", "elapsed": 12.584037, "delta": 0.445238}}
