{"target": -35.569932503024674, "params": {"C": 25573.62562302356, "gamma": 0.05402230118091997}, "datetime": {"datetime": "2021-09-29 08:45:35", "elapsed": 458.355061, "delta": 1.772409}}
{"target": -34.7921803861385, "params": {"C": 26116.133408149144, "gamma": 0.0341663869134484}, "datetime": {"datetime": "2021-09-29 08:45:37", "elapsed": 460.673165, "delta": 2.318104}}
{"target": -35.58231450663179, "params": {"C": 27056.32258636869, "gamma": 0.05278664407183307}, "datetime": {"datetime": "2021-09-29 08:45:39", "elapsed": 462.527777, "delta": 1.854612}}
{"target": -36.400559638522125, "params": {"C": 29496.62240704545, "gamma": 0.0036897667338382134}, "datetime": {"datetime": "2021-09-29 08:45:42", "elapsed": 465.3357, "delta": 2.807923}}
{"target": -36.20265662191844, "params": {"C": 27907.515377558808, "gamma": 0.06721249892319063}, "datetime": {"datetime": "2021-09-29 08:45:44", "elapsed": 467.144629, "delta": 1.808929}}
{"target": -35.29481143991183, "params": {"C": 28134.816900270434, "gamma": 0.045685281936486154}, "datetime": {"datetime": "2021-09-29 08:45:46", "elapsed": 469.667549, "delta": 2.52292}}
{"target": -35.16323973324405, "params": {"C": 28818.953659272564, "gamma": 0.009477391125025327}, "datetime": {"datetime": "2021-09-29 08:45:49", "elapsed": 472.360345, "delta": 2.692796}}
{"target": -34.72276620271114, "params": {"C": 27446.904925354447, "gamma": 0.03118976335291248}, "datetime": {"datetime": "2021-09-29 08:45:51", "elapsed": 474.551782, "delta": 2.191437}}
{"target": -34.691146603951466, "params": {"C": 27492.512472312937, "gamma": 0.030004509729947528}, "datetime": {"datetime": "2021-09-29 08:45:54", "elapsed": 477.545373, "delta": 2.993591}}
{"target": -34.49857429204798, "params": {"C": 27491.556583618847, "gamma": 0.01947390517390221}, "datetime": {"datetime": "2021-09-29 08:45:57", "elapsed": 480.121714, "delta": 2.576341}}
{"target": -36.54537096867194, "params": {"C": 26374.498941638965, "gamma": 0.07868445450986032}, "datetime": {"datetime": "2021-09-29 08:45:59", "elapsed": 481.886713, "delta": 1.764999}}
{"target": -34.67017740111608, "params": {"C": 27704.940512492718, "gamma": 0.029152342596584384}, "datetime": {"datetime": "2021-09-29 08:46:01", "elapsed": 484.728163, "delta": 2.84145}}
{"target": -35.14441089108982, "params": {"C": 29334.773024001275, "gamma": 0.00955417103443772}, "datetime": {"datetime": "2021-09-29 08:46:04", "elapsed": 487.308192, "delta": 2.580029}}
{"target": -34.86077199719191, "params": {"C": 25115.578710263173, "gamma": 0.036971077013063854}, "datetime": {"datetime": "2021-09-29 08:46:06", "elapsed": 489.212415, "delta": 1.904223}}
{"target": -34.688210417839876, "params": {"C": 29433.64049274951, "gamma": 0.013688627856436202}, "datetime": {"datetime": "2021-09-29 08:46:09", "elapsed": 492.875257, "delta": 3.662842}}
{"target": -34.91021014533311, "params": {"C": 27092.340004879312, "gamma": 0.03723378150264278}, "datetime": {"datetime": "2021-09-29 08:46:13", "elapsed": 495.900065, "delta": 3.024808}}
{"target": -34.762961776796686, "params": {"C": 26219.817641712558, "gamma": 0.03306764602302133}, "datetime": {"datetime": "2021-09-29 08:46:15", "elapsed": 498.414212, "delta": 2.514147}}
{"target": -34.5162139544691, "params": {"C": 27491.569551334214, "gamma": 0.020958346384477307}, "datetime": {"datetime": "2021-09-29 08:46:17", "elapsed": 500.835697, "delta": 2.421485}}
{"target": -34.47662148681755, "params": {"C": 29668.804270495046, "gamma": 0.016833975447202536}, "datetime": {"datetime": "2021-09-29 08:46:21", "elapsed": 504.081992, "delta": 3.246295}}
{"target": -35.75058946089633, "params": {"C": 25706.4410271279, "gamma": 0.006648377983462296}, "datetime": {"datetime": "2021-09-29 08:46:25", "elapsed": 508.431891, "delta": 4.349899}}
{"target": -34.884494808937575, "params": {"C": 26880.6650407881, "gamma": 0.036711072280518835}, "datetime": {"datetime": "2021-09-29 08:46:31", "elapsed": 514.104905, "delta": 5.673014}}
{"target": -35.006639271802634, "params": {"C": 27066.226826812068, "gamma": 0.03970929594226334}, "datetime": {"datetime": "2021-09-29 08:46:33", "elapsed": 516.661813, "delta": 2.556908}}
{"target": -34.733129868451776, "params": {"C": 26763.564846413632, "gamma": 0.031788087185341735}, "datetime": {"datetime": "2021-09-29 08:46:35", "elapsed": 518.707349, "delta": 2.045536}}
{"target": -36.37499482451083, "params": {"C": 26662.749979858272, "gamma": 0.07345470837885522}, "datetime": {"datetime": "2021-09-29 08:46:37", "elapsed": 520.761376, "delta": 2.054027}}
{"target": -34.59125558526574, "params": {"C": 25041.503885096965, "gamma": 0.02592867119581696}, "datetime": {"datetime": "2021-09-29 08:46:40", "elapsed": 522.930797, "delta": 2.169421}}
{"target": -35.1204220861868, "params": {"C": 28823.015303180982, "gamma": 0.0414950124184099}, "datetime": {"datetime": "2021-09-29 08:46:43", "elapsed": 526.046608, "delta": 3.115811}}
{"target": -35.45222671393981, "params": {"C": 29624.651250583585, "gamma": 0.007867771003770705}, "datetime": {"datetime": "2021-09-29 08:46:46", "elapsed": 529.86838, "delta": 3.821772}}
{"target": -34.61096197146421, "params": {"C": 25706.418993802636, "gamma": 0.026983501888731096}, "datetime": {"datetime": "2021-09-29 08:46:49", "elapsed": 532.513575, "delta": 2.645195}}
{"target": -34.588563056981826, "params": {"C": 28973.226301023875, "gamma": 0.02554245135628548}, "datetime": {"datetime": "2021-09-29 08:46:51", "elapsed": 534.406045, "delta": 1.89247}}
{"target": -34.53423659985351, "params": {"C": 26837.765229953213, "gamma": 0.022272402961532586}, "datetime": {"datetime": "2021-09-29 08:46:53", "elapsed": 536.393077, "delta": 1.987032}}
{"target": -34.68101033229322, "params": {"C": 28461.156068307115, "gamma": 0.029355089377051478}, "datetime": {"datetime": "2021-09-29 08:46:57", "elapsed": 540.728462, "delta": 4.335385}}
{"target": -34.82797744221548, "params": {"C": 27005.0319433082, "gamma": 0.03509759419225903}, "datetime": {"datetime": "2021-09-29 08:47:00", "elapsed": 543.720175, "delta": 2.991713}}
{"target": -34.6061077531875, "params": {"C": 25705.39349782447, "gamma": 0.026720984419486914}, "datetime": {"datetime": "2021-09-29 08:47:02", "elapsed": 545.676559, "delta": 1.956384}}
{"target": -34.68404583870203, "params": {"C": 28823.032040990536, "gamma": 0.029370182064891313}, "datetime": {"datetime": "2021-09-29 08:47:08", "elapsed": 551.557502, "delta": 5.880943}}
{"target": -36.16427931295551, "params": {"C": 25296.169826084148, "gamma": 0.004702266432427641}, "datetime": {"datetime": "2021-09-29 08:47:10", "elapsed": 553.864267, "delta": 2.306765}}
{"target": -34.75848570595211, "params": {"C": 29525.588745043657, "gamma": 0.03181954194199021}, "datetime": {"datetime": "2021-09-29 08:47:15", "elapsed": 558.38221, "delta": 4.517943}}
{"target": -34.47680892701539, "params": {"C": 29418.18060676472, "gamma": 0.017047322565705476}, "datetime": {"datetime": "2021-09-29 08:47:18", "elapsed": 561.388122, "delta": 3.005912}}
{"target": -35.22847103957821, "params": {"C": 29949.021638071346, "gamma": 0.04312292625088866}, "datetime": {"datetime": "2021-09-29 08:47:22", "elapsed": 564.937728, "delta": 3.549606}}
{"target": -34.5940700192737, "params": {"C": 25613.070360756352, "gamma": 0.026058295770440755}, "datetime": {"datetime": "2021-09-29 08:47:24", "elapsed": 567.112918, "delta": 2.17519}}
{"target": -34.53627774135457, "params": {"C": 28818.920188174914, "gamma": 0.0224603605020181}, "datetime": {"datetime": "2021-09-29 08:47:26", "elapsed": 569.775499, "delta": 2.662581}}
{"target": -36.21461670535717, "params": {"C": 26582.750534204148, "gamma": 0.06927508243396777}, "datetime": {"datetime": "2021-09-29 08:47:28", "elapsed": 571.83928, "delta": 2.063781}}
{"target": -35.00338602918251, "params": {"C": 25836.250709499313, "gamma": 0.01105054088870389}, "datetime": {"datetime": "2021-09-29 08:47:31", "elapsed": 573.911757, "delta": 2.072477}}
{"target": -35.09877032024733, "params": {"C": 25843.427100115987, "gamma": 0.0429704302866653}, "datetime": {"datetime": "2021-09-29 08:47:33", "elapsed": 576.682698, "delta": 2.770941}}
{"target": -34.48741918277645, "params": {"C": 29088.138208803815, "gamma": 0.016700245704514265}, "datetime": {"datetime": "2021-09-29 08:47:36", "elapsed": 579.778467, "delta": 3.095769}}
{"target": -34.96107381682584, "params": {"C": 27446.932257315082, "gamma": 0.038306096412992784}, "datetime": {"datetime": "2021-09-29 08:47:40", "elapsed": 583.077783, "delta": 3.299316}}
{"target": -35.31886695469264, "params": {"C": 28167.360246957105, "gamma": 0.00867287960507428}, "datetime": {"datetime": "2021-09-29 08:47:42", "elapsed": 585.144228, "delta": 2.066445}}
{"target": -34.59856407410608, "params": {"C": 29629.61453522863, "gamma": 0.02589987202090021}, "datetime": {"datetime": "2021-09-29 08:47:44", "elapsed": 587.20368, "delta": 2.059452}}
{"target": -35.30324619447793, "params": {"C": 27593.830232157074, "gamma": 0.046273223206323516}, "datetime": {"datetime": "2021-09-29 08:47:47", "elapsed": 589.920597, "delta": 2.716917}}
{"target": -34.72178922032962, "params": {"C": 25404.832634811228, "gamma": 0.03181746224095463}, "datetime": {"datetime": "2021-09-29 08:47:49", "elapsed": 592.047412, "delta": 2.126815}}
{"target": -34.94921283640397, "params": {"C": 29246.25992048713, "gamma": 0.036988996400087695}, "datetime": {"datetime": "2021-09-29 08:47:51", "elapsed": 594.044618, "delta": 1.997206}}
{"target": -34.73074334480723, "params": {"C": 29334.78796282743, "gamma": 0.030909478172272995}, "datetime": {"datetime": "2021-09-29 08:47:54", "elapsed": 597.775677, "delta": 3.731059}}
{"target": -35.12215763663421, "params": {"C": 29749.951627230035, "gamma": 0.009689004078448324}, "datetime": {"datetime": "2021-09-29 08:47:57", "elapsed": 600.507438, "delta": 2.731761}}
{"target": -35.09955869834492, "params": {"C": 27334.214291766042, "gamma": 0.04194413276631426}, "datetime": {"datetime": "2021-09-29 08:48:00", "elapsed": 603.417726, "delta": 2.910288}}
{"target": -35.151920092466675, "params": {"C": 29289.993922326386, "gamma": 0.009509500813999528}, "datetime": {"datetime": "2021-09-29 08:48:03", "elapsed": 606.286044, "delta": 2.868318}}
{"target": -35.15436583062808, "params": {"C": 27250.234015503316, "gamma": 0.04340547176298926}, "datetime": {"datetime": "2021-09-29 08:48:05", "elapsed": 608.449427, "delta": 2.163383}}
{"target": -35.10645177996656, "params": {"C": 26116.113150758403, "gamma": 0.042972896498401816}, "datetime": {"datetime": "2021-09-29 08:48:08", "elapsed": 611.125636, "delta": 2.676209}}
{"target": -35.77831353516216, "params": {"C": 28552.15060873995, "gamma": 0.006370537904600108}, "datetime": {"datetime": "2021-09-29 08:48:11", "elapsed": 614.690608, "delta": 3.564972}}
{"target": -35.16453022638786, "params": {"C": 28399.217930533097, "gamma": 0.0428716277247764}, "datetime": {"datetime": "2021-09-29 08:48:15", "elapsed": 617.974359, "delta": 3.283751}}
{"target": -34.7837210891288, "params": {"C": 29289.991581215174, "gamma": 0.03275970440646585}, "datetime": {"datetime": "2021-09-29 08:48:18", "elapsed": 621.156438, "delta": 3.182079}}
{"target": -34.96211686915724, "params": {"C": 25312.98947969683, "gamma": 0.011487492132656565}, "datetime": {"datetime": "2021-09-29 08:48:20", "elapsed": 623.378808, "delta": 2.22237}}
{"target": -35.28370385821278, "params": {"C": 26477.590710777644, "gamma": 0.009033816883383092}, "datetime": {"datetime": "2021-09-29 08:48:24", "elapsed": 627.110869, "delta": 3.732061}}
{"target": -34.94100002844865, "params": {"C": 26837.760237524246, "gamma": 0.03816497004067069}, "datetime": {"datetime": "2021-09-29 08:48:27", "elapsed": 630.026586, "delta": 2.915717}}
{"target": -34.592784876467135, "params": {"C": 25041.5229212391, "gamma": 0.026017331264778062}, "datetime": {"datetime": "2021-09-29 08:48:31", "elapsed": 634.201855, "delta": 4.175269}}
{"target": -35.032764994980894, "params": {"C": 27490.5945377893, "gamma": 0.04011370147911079}, "datetime": {"datetime": "2021-09-29 08:48:33", "elapsed": 636.35846, "delta": 2.156605}}
{"target": -34.67297674706325, "params": {"C": 26913.66304007304, "gamma": 0.0294797562723385}, "datetime": {"datetime": "2021-09-29 08:48:36", "elapsed": 639.469598, "delta": 3.111138}}
{"target": -35.61993888601476, "params": {"C": 26825.667601332876, "gamma": 0.05390334541105872}, "datetime": {"datetime": "2021-09-29 08:48:39", "elapsed": 642.678546, "delta": 3.208948}}
{"target": -34.491011803782456, "params": {"C": 27280.176002774893, "gamma": 0.018737394726008737}, "datetime": {"datetime": "2021-09-29 08:48:42", "elapsed": 644.908842, "delta": 2.230296}}
{"target": -34.78185890641497, "params": {"C": 28748.968749901254, "gamma": 0.012718186568548302}, "datetime": {"datetime": "2021-09-29 08:48:44", "elapsed": 647.645061, "delta": 2.736219}}
{"target": -34.48743003997746, "params": {"C": 27092.31534810334, "gamma": 0.017703364322244498}, "datetime": {"datetime": "2021-09-29 08:48:48", "elapsed": 651.240524, "delta": 3.595463}}
{"target": -35.943661716674754, "params": {"C": 26545.71224317649, "gamma": 0.06218314869414196}, "datetime": {"datetime": "2021-09-29 08:48:50", "elapsed": 653.361115, "delta": 2.120591}}
{"target": -34.69635908256841, "params": {"C": 27280.158793581835, "gamma": 0.03026198841540543}, "datetime": {"datetime": "2021-09-29 08:48:53", "elapsed": 656.814911, "delta": 3.453796}}
{"target": -34.50323160757484, "params": {"C": 29629.596273075746, "gamma": 0.020071485339546367}, "datetime": {"datetime": "2021-09-29 08:49:00", "elapsed": 663.642449, "delta": 6.827538}}
{"target": -35.74329797987818, "params": {"C": 29466.021265540214, "gamma": 0.006489999258571579}, "datetime": {"datetime": "2021-09-29 08:49:03", "elapsed": 665.888641, "delta": 2.246192}}
{"target": -35.16926269621971, "params": {"C": 28022.861933751006, "gamma": 0.04324807642252692}, "datetime": {"datetime": "2021-09-29 08:49:06", "elapsed": 669.034859, "delta": 3.146218}}
{"target": -35.64346061646309, "params": {"C": 27704.95200137562, "gamma": 0.05357104878677922}, "datetime": {"datetime": "2021-09-29 08:49:09", "elapsed": 672.406515, "delta": 3.371656}}
{"target": -35.52078665171795, "params": {"C": 26477.639169499453, "gamma": 0.007766623393675708}, "datetime": {"datetime": "2021-09-29 08:49:12", "elapsed": 675.827169, "delta": 3.420654}}
{"target": -34.87814623560891, "params": {"C": 25971.67140022706, "gamma": 0.012184030032565855}, "datetime": {"datetime": "2021-09-29 08:49:16", "elapsed": 678.986149, "delta": 3.15898}}
{"target": -34.52025031097629, "params": {"C": 26984.377159527598, "gamma": 0.021240728213968916}, "datetime": {"datetime": "2021-09-29 08:49:19", "elapsed": 681.998581, "delta": 3.012432}}
{"target": -36.4513008613617, "params": {"C": 27985.860747163257, "gamma": 0.07353386160109679}, "datetime": {"datetime": "2021-09-29 08:49:21", "elapsed": 684.300832, "delta": 2.302251}}
{"target": -34.90074264501894, "params": {"C": 28286.962431959164, "gamma": 0.036328462987420485}, "datetime": {"datetime": "2021-09-29 08:49:23", "elapsed": 686.716099, "delta": 2.415267}}
{"target": -35.526961386336616, "params": {"C": 26999.041147854186, "gamma": 0.05157414531199938}, "datetime": {"datetime": "2021-09-29 08:49:26", "elapsed": 688.99358, "delta": 2.277481}}
{"target": -35.116338755229464, "params": {"C": 29363.82884833146, "gamma": 0.009765079962621248}, "datetime": {"datetime": "2021-09-29 08:49:29", "elapsed": 692.788826, "delta": 3.795246}}
{"target": -36.49394031525907, "params": {"C": 29861.09376106565, "gamma": 0.003297659426484729}, "datetime": {"datetime": "2021-09-29 08:49:32", "elapsed": 694.998067, "delta": 2.209241}}
{"target": -35.117188774771776, "params": {"C": 27761.05162201631, "gamma": 0.00989052400007855}, "datetime": {"datetime": "2021-09-29 08:49:35", "elapsed": 698.350453, "delta": 3.352386}}
{"target": -34.62643924649053, "params": {"C": 27491.5839194906, "gamma": 0.02749992977622771}, "datetime": {"datetime": "2021-09-29 08:49:38", "elapsed": 701.834624, "delta": 3.484171}}
{"target": -34.82534570027022, "params": {"C": 26576.154784511506, "gamma": 0.03517241882812694}, "datetime": {"datetime": "2021-09-29 08:49:42", "elapsed": 705.148804, "delta": 3.31418}}
{"target": -34.89727276366558, "params": {"C": 29624.62636186614, "gamma": 0.035526100923647226}, "datetime": {"datetime": "2021-09-29 08:49:45", "elapsed": 708.270467, "delta": 3.121663}}
{"target": -34.82478077376586, "params": {"C": 25613.084368416337, "gamma": 0.035539701839229235}, "datetime": {"datetime": "2021-09-29 08:49:48", "elapsed": 711.436737, "delta": 3.16627}}
{"target": -35.04906902936841, "params": {"C": 28939.735844884814, "gamma": 0.03962876245706062}, "datetime": {"datetime": "2021-09-29 08:49:50", "elapsed": 713.751232, "delta": 2.314495}}
{"target": -34.57851507169785, "params": {"C": 28974.67763686874, "gamma": 0.02500001135803897}, "datetime": {"datetime": "2021-09-29 08:49:53", "elapsed": 715.952582, "delta": 2.20135}}
{"target": -34.80843252866471, "params": {"C": 29126.947330418046, "gamma": 0.012411702940320683}, "datetime": {"datetime": "2021-09-29 08:49:55", "elapsed": 718.336263, "delta": 2.383681}}
{"target": -34.66060526896044, "params": {"C": 28642.30798604128, "gamma": 0.028541700319253877}, "datetime": {"datetime": "2021-09-29 08:49:57", "elapsed": 720.726865, "delta": 2.390602}}
{"target": -34.531482978036294, "params": {"C": 28399.230686002746, "gamma": 0.02212590306424246}, "datetime": {"datetime": "2021-09-29 08:50:01", "elapsed": 724.089975, "delta": 3.36311}}
{"target": -35.18150448978048, "params": {"C": 27921.362256141492, "gamma": 0.043619801333558854}, "datetime": {"datetime": "2021-09-29 08:50:05", "elapsed": 728.766097, "delta": 4.676122}}
{"target": -36.385824645066734, "params": {"C": 28665.635239416955, "gamma": 0.0037486062734451587}, "datetime": {"datetime": "2021-09-29 08:50:08", "elapsed": 731.168124, "delta": 2.402027}}
{"target": -35.21243695674172, "params": {"C": 28461.152637274226, "gamma": 0.009217119536307602}, "datetime": {"datetime": "2021-09-29 08:50:14", "elapsed": 737.15866, "delta": 5.990536}}
{"target": -35.27672138401522, "params": {"C": 25383.60500878946, "gamma": 0.04756444764673031}, "datetime": {"datetime": "2021-09-29 08:50:16", "elapsed": 739.404923, "delta": 2.246263}}
{"target": -34.54543124846057, "params": {"C": 25843.456094379053, "gamma": 0.016102877000922885}, "datetime": {"datetime": "2021-09-29 08:50:20", "elapsed": 743.467759, "delta": 4.062836}}
{"target": -34.62136667605715, "params": {"C": 25296.132836770652, "gamma": 0.015157532559125036}, "datetime": {"datetime": "2021-09-29 08:50:25", "elapsed": 748.186819, "delta": 4.71906}}
{"target": -34.63484170885572, "params": {"C": 27242.571148647578, "gamma": 0.027897982037375254}, "datetime": {"datetime": "2021-09-29 08:50:27", "elapsed": 750.63938, "delta": 2.452561}}
{"target": -35.15393241507859, "params": {"C": 25436.31163513748, "gamma": 0.009909242321653314}, "datetime": {"datetime": "2021-09-29 08:50:30", "elapsed": 753.313171, "delta": 2.673791}}
{"target": -35.93419203980356, "params": {"C": 28823.035545447874, "gamma": 0.005638452355921434}, "datetime": {"datetime": "2021-09-29 08:50:33", "elapsed": 756.657749, "delta": 3.344578}}
{"target": -35.322112437087085, "params": {"C": 29749.969335925416, "gamma": 0.04503797395829576}, "datetime": {"datetime": "2021-09-29 08:50:39", "elapsed": 762.116309, "delta": 5.45856}}
{"target": -34.50200716740694, "params": {"C": 26837.778950027805, "gamma": 0.019712616119226506}, "datetime": {"datetime": "2021-09-29 08:50:42", "elapsed": 765.582936, "delta": 3.466627}}
{"target": -34.781449259807054, "params": {"C": 26712.114525572924, "gamma": 0.03356005939784794}, "datetime": {"datetime": "2021-09-29 08:50:47", "elapsed": 770.163452, "delta": 4.580516}}
{"target": -36.43230169071093, "params": {"C": 25161.158206355485, "gamma": 0.07745845058436461}, "datetime": {"datetime": "2021-09-29 08:50:49", "elapsed": 772.777884, "delta": 2.614432}}
{"target": -35.003664421128725, "params": {"C": 26526.53082571893, "gamma": 0.03998310935689349}, "datetime": {"datetime": "2021-09-29 08:50:52", "elapsed": 775.643191, "delta": 2.865307}}
{"target": -34.858680472276276, "params": {"C": 26563.498580429274, "gamma": 0.03624561984621523}, "datetime": {"datetime": "2021-09-29 08:50:56", "elapsed": 779.804424, "delta": 4.161233}}
{"target": -34.70247880017074, "params": {"C": 27039.886435317283, "gamma": 0.030563127116603632}, "datetime": {"datetime": "2021-09-29 08:50:59", "elapsed": 782.662394, "delta": 2.85797}}
{"target": -34.85046588695102, "params": {"C": 28974.65961641975, "gamma": 0.03471351487521757}, "datetime": {"datetime": "2021-09-29 08:51:06", "elapsed": 788.894921, "delta": 6.232527}}
{"target": -34.909319812353, "params": {"C": 28974.7030567937, "gamma": 0.036169743064309146}, "datetime": {"datetime": "2021-09-29 08:51:10", "elapsed": 793.26233, "delta": 4.367409}}
{"target": -34.63954812336844, "params": {"C": 29496.64422471974, "gamma": 0.027532740350798862}, "datetime": {"datetime": "2021-09-29 08:51:14", "elapsed": 797.063404, "delta": 3.801074}}
{"target": -36.534503676926974, "params": {"C": 29119.057331176897, "gamma": 0.07413934175323174}, "datetime": {"datetime": "2021-09-29 08:51:17", "elapsed": 800.041632, "delta": 2.978228}}
{"target": -34.898328426929545, "params": {"C": 29312.950035902813, "gamma": 0.035717257415995164}, "datetime": {"datetime": "2021-09-29 08:51:19", "elapsed": 802.680524, "delta": 2.638892}}
{"target": -34.73415338048604, "params": {"C": 26697.836130682, "gamma": 0.0318473475832326}, "datetime": {"datetime": "2021-09-29 08:51:23", "elapsed": 806.187386, "delta": 3.506862}}
{"target": -35.148820749269916, "params": {"C": 26914.247881138537, "gamma": 0.04350181281924112}, "datetime": {"datetime": "2021-09-29 08:51:26", "elapsed": 808.899565, "delta": 2.712179}}
