{"target": -36.75201407023191, "params": {"C": 1557.8888291326139, "gamma": 0.01461868948196134}, "datetime": {"datetime": "2021-09-28 14:00:00", "elapsed": 262.273885, "delta": 1.317204}}
{"target": -35.89622233642778, "params": {"C": 1605.1046956268, "gamma": 0.11693211619310952}, "datetime": {"datetime": "2021-09-28 14:00:01", "elapsed": 263.817809, "delta": 1.543924}}
{"target": -35.373978538726384, "params": {"C": 1346.096099239609, "gamma": 0.0676758729574542}, "datetime": {"datetime": "2021-09-28 14:00:03", "elapsed": 265.362413, "delta": 1.544604}}
{"target": -35.596564410451194, "params": {"C": 1658.8378540061171, "gamma": 0.0972035134530125}, "datetime": {"datetime": "2021-09-28 14:00:04", "elapsed": 266.898781, "delta": 1.536368}}
{"target": -35.1516034000897, "params": {"C": 1822.8882391093969, "gamma": 0.032266646843893715}, "datetime": {"datetime": "2021-09-28 14:00:06", "elapsed": 268.901501, "delta": 2.00272}}
{"target": -35.781361849306954, "params": {"C": 1822.8493311580678, "gamma": 0.11297323256342173}, "datetime": {"datetime": "2021-09-28 14:00:09", "elapsed": 271.359257, "delta": 2.457756}}
{"target": -35.96269689574034, "params": {"C": 1954.8395951103116, "gamma": 0.1265111113069493}, "datetime": {"datetime": "2021-09-28 14:00:10", "elapsed": 272.508087, "delta": 1.14883}}
{"target": -37.36882366808999, "params": {"C": 1261.8987210158614, "gamma": 0.011897814761429785}, "datetime": {"datetime": "2021-09-28 14:00:12", "elapsed": 274.219088, "delta": 1.711001}}
{"target": -35.023371332913364, "params": {"C": 1721.6717450458327, "gamma": 0.05318534767942746}, "datetime": {"datetime": "2021-09-28 14:00:13", "elapsed": 275.557484, "delta": 1.338396}}
{"target": -34.95750940829535, "params": {"C": 1816.8068464918242, "gamma": 0.046658653085509226}, "datetime": {"datetime": "2021-09-28 14:00:15", "elapsed": 277.649563, "delta": 2.092079}}
{"target": -35.23053214931754, "params": {"C": 1721.660230100065, "gamma": 0.031524683239123254}, "datetime": {"datetime": "2021-09-28 14:00:18", "elapsed": 280.032436, "delta": 2.382873}}
{"target": -35.688195399495, "params": {"C": 1261.8891597206443, "gamma": 0.08837526218440689}, "datetime": {"datetime": "2021-09-28 14:00:19", "elapsed": 281.430597, "delta": 1.398161}}
{"target": -36.80420707885498, "params": {"C": 1386.786806338467, "gamma": 0.17695929754742065}, "datetime": {"datetime": "2021-09-28 14:00:20", "elapsed": 282.776889, "delta": 1.346292}}
{"target": -35.661135510302714, "params": {"C": 1045.3980614060017, "gamma": 0.05988280781494054}, "datetime": {"datetime": "2021-09-28 14:00:22", "elapsed": 284.010885, "delta": 1.233996}}
{"target": -36.092619826751395, "params": {"C": 1721.9674447934995, "gamma": 0.019268110730803714}, "datetime": {"datetime": "2021-09-28 14:00:23", "elapsed": 285.702255, "delta": 1.69137}}
{"target": -35.32971470286586, "params": {"C": 1323.7790150899416, "gamma": 0.04534410584166157}, "datetime": {"datetime": "2021-09-28 14:00:25", "elapsed": 287.886394, "delta": 2.184139}}
{"target": -37.500921013055006, "params": {"C": 1816.8202231768753, "gamma": 0.007956484921866461}, "datetime": {"datetime": "2021-09-28 14:00:27", "elapsed": 289.701995, "delta": 1.815601}}
{"target": -35.31293001682326, "params": {"C": 1346.0103608684813, "gamma": 0.044615154057748636}, "datetime": {"datetime": "2021-09-28 14:00:30", "elapsed": 292.106849, "delta": 2.404854}}
{"target": -36.07505562521061, "params": {"C": 1721.713107025832, "gamma": 0.01944614953949636}, "datetime": {"datetime": "2021-09-28 14:00:32", "elapsed": 294.269543, "delta": 2.162694}}
{"target": -35.201967377689584, "params": {"C": 1658.7421313551167, "gamma": 0.06900751869009471}, "datetime": {"datetime": "2021-09-28 14:00:33", "elapsed": 295.941775, "delta": 1.672232}}
{"target": -37.146804213642596, "params": {"C": 1238.8929018551642, "gamma": 0.19683042615180318}, "datetime": {"datetime": "2021-09-28 14:00:35", "elapsed": 297.107123, "delta": 1.165348}}
{"target": -35.2305864963358, "params": {"C": 1721.9386771574295, "gamma": 0.07314684485239598}, "datetime": {"datetime": "2021-09-28 14:00:37", "elapsed": 299.211334, "delta": 2.104211}}
{"target": -36.195092049814846, "params": {"C": 1346.093486613285, "gamma": 0.13027336157798391}, "datetime": {"datetime": "2021-09-28 14:00:39", "elapsed": 301.151631, "delta": 1.940297}}
{"target": -36.213182822054776, "params": {"C": 1721.8703934512798, "gamma": 0.018097745506496763}, "datetime": {"datetime": "2021-09-28 14:00:40", "elapsed": 302.83449, "delta": 1.682859}}
{"target": -35.83734495527423, "params": {"C": 1323.451852475298, "gamma": 0.10341593054945146}, "datetime": {"datetime": "2021-09-28 14:00:42", "elapsed": 304.336485, "delta": 1.501995}}
{"target": -35.01394443166388, "params": {"C": 1878.8522932621722, "gamma": 0.05769794960994567}, "datetime": {"datetime": "2021-09-28 14:00:45", "elapsed": 307.192107, "delta": 2.855622}}
{"target": -37.96449165648968, "params": {"C": 1513.9978187185593, "gamma": 0.006730502206519764}, "datetime": {"datetime": "2021-09-28 14:00:46", "elapsed": 308.620107, "delta": 1.428}}
{"target": -35.3436103300928, "params": {"C": 1559.695532824578, "gamma": 0.03206399848179527}, "datetime": {"datetime": "2021-09-28 14:00:48", "elapsed": 310.067306, "delta": 1.447199}}
{"target": -35.9949180457926, "params": {"C": 1323.7409146632153, "gamma": 0.11453074403901047}, "datetime": {"datetime": "2021-09-28 14:00:49", "elapsed": 311.953516, "delta": 1.88621}}
{"target": -35.5026135730328, "params": {"C": 1581.1380655614212, "gamma": 0.0892705432622154}, "datetime": {"datetime": "2021-09-28 14:00:53", "elapsed": 315.028376, "delta": 3.07486}}
{"target": -37.74645293363476, "params": {"C": 1559.7405799245657, "gamma": 0.0076759466005651795}, "datetime": {"datetime": "2021-09-28 14:00:55", "elapsed": 317.271041, "delta": 2.242665}}
{"target": -35.301716935178256, "params": {"C": 1348.628687159971, "gamma": 0.05939042384323061}, "datetime": {"datetime": "2021-09-28 14:00:56", "elapsed": 318.953074, "delta": 1.682033}}
{"target": -35.16040269868462, "params": {"C": 1816.7993597622965, "gamma": 0.07026489937982455}, "datetime": {"datetime": "2021-09-28 14:00:59", "elapsed": 321.043053, "delta": 2.089979}}
{"target": -35.19079561670919, "params": {"C": 1559.674283758307, "gamma": 0.0636434508893711}, "datetime": {"datetime": "2021-09-28 14:01:00", "elapsed": 322.906016, "delta": 1.862963}}
{"target": -35.77318897895521, "params": {"C": 1348.639264915748, "gamma": 0.09993868201005987}, "datetime": {"datetime": "2021-09-28 14:01:03", "elapsed": 325.278181, "delta": 2.372165}}
{"target": -35.71098799763395, "params": {"C": 1125.6465673470848, "gamma": 0.03668943072466865}, "datetime": {"datetime": "2021-09-28 14:01:05", "elapsed": 327.197704, "delta": 1.919523}}
{"target": -35.230133703829964, "params": {"C": 1559.6271443581322, "gamma": 0.03634825788197854}, "datetime": {"datetime": "2021-09-28 14:01:08", "elapsed": 330.608859, "delta": 3.411155}}
{"target": -35.409934113308644, "params": {"C": 1559.6346513940343, "gamma": 0.0821398425556605}, "datetime": {"datetime": "2021-09-28 14:01:10", "elapsed": 332.925714, "delta": 2.316855}}
{"target": -35.69841520436361, "params": {"C": 1471.4912659333231, "gamma": 0.09974985593270914}, "datetime": {"datetime": "2021-09-28 14:01:13", "elapsed": 335.45433, "delta": 2.528616}}
{"target": -35.39243043558318, "params": {"C": 1242.8299190563364, "gamma": 0.0548423911922957}, "datetime": {"datetime": "2021-09-28 14:01:14", "elapsed": 336.79133, "delta": 1.337}}
{"target": -35.304725068214026, "params": {"C": 1348.585255690638, "gamma": 0.045176918993579306}, "datetime": {"datetime": "2021-09-28 14:01:17", "elapsed": 339.055555, "delta": 2.264225}}
{"target": -35.570893084627784, "params": {"C": 1261.9591880411238, "gamma": 0.07906990657482756}, "datetime": {"datetime": "2021-09-28 14:01:19", "elapsed": 341.543364, "delta": 2.487809}}
{"target": -35.578603397293655, "params": {"C": 1323.8404430144565, "gamma": 0.03253354829616625}, "datetime": {"datetime": "2021-09-28 14:01:21", "elapsed": 343.639173, "delta": 2.095809}}
{"target": -34.96591903281872, "params": {"C": 1816.7610385521666, "gamma": 0.04345673768737882}, "datetime": {"datetime": "2021-09-28 14:01:23", "elapsed": 345.698431, "delta": 2.059258}}
{"target": -35.03844988422292, "params": {"C": 1721.632449663044, "gamma": 0.05564709920230385}, "datetime": {"datetime": "2021-09-28 14:01:25", "elapsed": 347.464451, "delta": 1.76602}}
{"target": -35.32321523038293, "params": {"C": 1568.414318256952, "gamma": 0.07578601862498813}, "datetime": {"datetime": "2021-09-28 14:01:27", "elapsed": 349.863077, "delta": 2.398626}}
{"target": -35.3380803248682, "params": {"C": 1816.7068299172006, "gamma": 0.08274209084607577}, "datetime": {"datetime": "2021-09-28 14:01:31", "elapsed": 353.596505, "delta": 3.733428}}
{"target": -35.53767706093409, "params": {"C": 1816.6639869878456, "gamma": 0.09597819234605795}, "datetime": {"datetime": "2021-09-28 14:01:33", "elapsed": 355.591705, "delta": 1.9952}}
{"target": -36.600942434936925, "params": {"C": 1415.4977293522484, "gamma": 0.16240165424391206}, "datetime": {"datetime": "2021-09-28 14:01:35", "elapsed": 356.967466, "delta": 1.375761}}
{"target": -35.0446125080417, "params": {"C": 1895.2392675381861, "gamma": 0.06122837664498627}, "datetime": {"datetime": "2021-09-28 14:01:36", "elapsed": 358.668855, "delta": 1.701389}}
{"target": -35.85803748262751, "params": {"C": 1658.8077105834645, "gamma": 0.022437425081143013}, "datetime": {"datetime": "2021-09-28 14:01:39", "elapsed": 361.022136, "delta": 2.353281}}
{"target": -35.370559131175625, "params": {"C": 1816.7412477590487, "gamma": 0.08488260028121851}, "datetime": {"datetime": "2021-09-28 14:01:41", "elapsed": 363.721639, "delta": 2.699503}}
{"target": -35.15503232437229, "params": {"C": 1723.5130374442056, "gamma": 0.0671781073988854}, "datetime": {"datetime": "2021-09-28 14:01:43", "elapsed": 365.073302, "delta": 1.351663}}
{"target": -35.230608965328905, "params": {"C": 1816.6990649957247, "gamma": 0.030085982310999966}, "datetime": {"datetime": "2021-09-28 14:01:46", "elapsed": 368.400725, "delta": 3.327423}}
{"target": -35.54784971020934, "params": {"C": 1723.4897920841447, "gamma": 0.09510974679957032}, "datetime": {"datetime": "2021-09-28 14:01:48", "elapsed": 370.687674, "delta": 2.286949}}
{"target": -35.12180999211105, "params": {"C": 1605.1000990011012, "gamma": 0.05899032816330447}, "datetime": {"datetime": "2021-09-28 14:01:50", "elapsed": 372.856487, "delta": 2.168813}}
{"target": -35.51304145321144, "params": {"C": 1345.9891057651616, "gamma": 0.07970651681924386}, "datetime": {"datetime": "2021-09-28 14:01:53", "elapsed": 374.965554, "delta": 2.109067}}
{"target": -35.24760586745661, "params": {"C": 1605.0550598292484, "gamma": 0.07098444945923464}, "datetime": {"datetime": "2021-09-28 14:01:55", "elapsed": 377.572801, "delta": 2.607247}}
{"target": -35.51522564826645, "params": {"C": 1348.5903092621634, "gamma": 0.08003622898947672}, "datetime": {"datetime": "2021-09-28 14:01:58", "elapsed": 380.150976, "delta": 2.578175}}
{"target": -36.66307176266139, "params": {"C": 1869.4448814137527, "gamma": 0.18078365803172053}, "datetime": {"datetime": "2021-09-28 14:01:59", "elapsed": 381.613671, "delta": 1.462695}}
{"target": -35.23620708646938, "params": {"C": 1723.477667658414, "gamma": 0.0313493876985116}, "datetime": {"datetime": "2021-09-28 14:02:01", "elapsed": 383.339561, "delta": 1.72589}}
{"target": -35.141790385734886, "params": {"C": 1605.2876803194758, "gamma": 0.03916982777637314}, "datetime": {"datetime": "2021-09-28 14:02:03", "elapsed": 385.889983, "delta": 2.550422}}
{"target": -35.06840166102716, "params": {"C": 1605.0271609340289, "gamma": 0.04504525411469125}, "datetime": {"datetime": "2021-09-28 14:02:05", "elapsed": 387.926858, "delta": 2.036875}}
{"target": -35.04996634155689, "params": {"C": 1604.9653071632965, "gamma": 0.047598169908093006}, "datetime": {"datetime": "2021-09-28 14:02:10", "elapsed": 392.233688, "delta": 4.30683}}
{"target": -36.24702693917666, "params": {"C": 1977.7098300402197, "gamma": 0.1463778878185413}, "datetime": {"datetime": "2021-09-28 14:02:11", "elapsed": 393.565099, "delta": 1.331411}}
{"target": -35.50786764630481, "params": {"C": 1605.0581280893857, "gamma": 0.027914131865608097}, "datetime": {"datetime": "2021-09-28 14:02:13", "elapsed": 395.380099, "delta": 1.815}}
{"target": -36.83497093914158, "params": {"C": 1468.4484613375803, "gamma": 0.18387804372075156}, "datetime": {"datetime": "2021-09-28 14:02:15", "elapsed": 397.381067, "delta": 2.000968}}
{"target": -36.88145622926662, "params": {"C": 1604.972872769291, "gamma": 0.013219960702968495}, "datetime": {"datetime": "2021-09-28 14:02:17", "elapsed": 399.655436, "delta": 2.274369}}
{"target": -35.643335721394436, "params": {"C": 1604.9277853581907, "gamma": 0.09920703267929508}, "datetime": {"datetime": "2021-09-28 14:02:20", "elapsed": 402.260414, "delta": 2.604978}}
{"target": -35.29398253948249, "params": {"C": 1459.6090074611184, "gamma": 0.06766057262466438}, "datetime": {"datetime": "2021-09-28 14:02:21", "elapsed": 403.691404, "delta": 1.43099}}
{"target": -37.31596562065617, "params": {"C": 1379.6793352794684, "gamma": 0.011387858580927848}, "datetime": {"datetime": "2021-09-28 14:02:24", "elapsed": 406.360522, "delta": 2.669118}}
{"target": -35.29947692559653, "params": {"C": 1459.5862242120963, "gamma": 0.03742497796136425}, "datetime": {"datetime": "2021-09-28 14:02:26", "elapsed": 408.710829, "delta": 2.350307}}
{"target": -35.77051579541825, "params": {"C": 1605.0295276320653, "gamma": 0.1079476568397781}, "datetime": {"datetime": "2021-09-28 14:02:29", "elapsed": 411.678394, "delta": 2.967565}}
{"target": -35.4477039905752, "params": {"C": 1721.5921835484746, "gamma": 0.0883559388450044}, "datetime": {"datetime": "2021-09-28 14:02:33", "elapsed": 415.665937, "delta": 3.987543}}
{"target": -35.43857390988477, "params": {"C": 1604.9890318809285, "gamma": 0.08554407565805335}, "datetime": {"datetime": "2021-09-28 14:02:37", "elapsed": 419.458186, "delta": 3.792249}}
{"target": -35.81133979556858, "params": {"C": 1459.5669248626161, "gamma": 0.10710110856063837}, "datetime": {"datetime": "2021-09-28 14:02:40", "elapsed": 422.830717, "delta": 3.372531}}
{"target": -35.17536438595084, "params": {"C": 1723.5383206004121, "gamma": 0.033446821057386854}, "datetime": {"datetime": "2021-09-28 14:02:43", "elapsed": 425.229875, "delta": 2.399158}}
{"target": -35.192901385653826, "params": {"C": 1604.960113479006, "gamma": 0.06637709619208303}, "datetime": {"datetime": "2021-09-28 14:02:45", "elapsed": 427.760324, "delta": 2.530449}}
{"target": -35.271253206318946, "params": {"C": 1582.670147557717, "gamma": 0.07215291256343302}, "datetime": {"datetime": "2021-09-28 14:02:47", "elapsed": 429.178323, "delta": 1.417999}}
{"target": -35.77661627475827, "params": {"C": 1578.86342507452, "gamma": 0.10779982203691567}, "datetime": {"datetime": "2021-09-28 14:02:49", "elapsed": 431.217459, "delta": 2.039136}}
{"target": -35.17930970982891, "params": {"C": 1605.3251968684276, "gamma": 0.06508010190768138}, "datetime": {"datetime": "2021-09-28 14:02:52", "elapsed": 434.003997, "delta": 2.786538}}
{"target": -35.79766029948357, "params": {"C": 1723.5584540300015, "gamma": 0.11230110587275355}, "datetime": {"datetime": "2021-09-28 14:02:54", "elapsed": 436.803337, "delta": 2.79934}}
{"target": -36.331349553314595, "params": {"C": 1242.8600485707323, "gamma": 0.022491488888495018}, "datetime": {"datetime": "2021-09-28 14:02:57", "elapsed": 439.521035, "delta": 2.717698}}
{"target": -36.72421194313708, "params": {"C": 1543.260222637215, "gamma": 0.17746236794870918}, "datetime": {"datetime": "2021-09-28 14:02:59", "elapsed": 440.996772, "delta": 1.475737}}
{"target": -35.254165163074866, "params": {"C": 1582.7258736963897, "gamma": 0.07078909934077902}, "datetime": {"datetime": "2021-09-28 14:03:01", "elapsed": 443.572121, "delta": 2.575349}}
{"target": -35.11242486516088, "params": {"C": 1559.5895876335162, "gamma": 0.04446203086707081}, "datetime": {"datetime": "2021-09-28 14:03:03", "elapsed": 445.886917, "delta": 2.314796}}
{"target": -35.881962673598764, "params": {"C": 1582.6886318290021, "gamma": 0.11539632194027276}, "datetime": {"datetime": "2021-09-28 14:03:06", "elapsed": 448.016193, "delta": 2.129276}}
{"target": -36.534347915956964, "params": {"C": 1600.763627228167, "gamma": 0.16325157328641646}, "datetime": {"datetime": "2021-09-28 14:03:07", "elapsed": 449.572194, "delta": 1.556001}}
{"target": -35.166375449013636, "params": {"C": 1721.583775298277, "gamma": 0.03388149518651406}, "datetime": {"datetime": "2021-09-28 14:03:11", "elapsed": 453.298138, "delta": 3.725944}}
{"target": -36.23722771355398, "params": {"C": 1861.4157607735306, "gamma": 0.1444083069235484}, "datetime": {"datetime": "2021-09-28 14:03:12", "elapsed": 454.720473, "delta": 1.422335}}
{"target": -37.85445428401597, "params": {"C": 1605.3183238069641, "gamma": 0.006920049943470486}, "datetime": {"datetime": "2021-09-28 14:03:15", "elapsed": 457.563122, "delta": 2.842649}}
{"target": -36.50493971358724, "params": {"C": 1459.5428923457728, "gamma": 0.017745522495124986}, "datetime": {"datetime": "2021-09-28 14:03:17", "elapsed": 459.451657, "delta": 1.888535}}
{"target": -35.025266703136865, "params": {"C": 1723.5752156943577, "gamma": 0.053639180686828374}, "datetime": {"datetime": "2021-09-28 14:03:19", "elapsed": 461.605134, "delta": 2.153477}}
{"target": -35.44228610879746, "params": {"C": 1816.6487979848139, "gamma": 0.02623033636091904}, "datetime": {"datetime": "2021-09-28 14:03:22", "elapsed": 464.459646, "delta": 2.854512}}
{"target": -37.47734166238775, "params": {"C": 1723.5953014288566, "gamma": 0.008449445933434972}, "datetime": {"datetime": "2021-09-28 14:03:26", "elapsed": 468.151814, "delta": 3.692168}}
{"target": -35.10739106245132, "params": {"C": 1582.704560693419, "gamma": 0.04309114472407831}, "datetime": {"datetime": "2021-09-28 14:03:28", "elapsed": 470.851028, "delta": 2.699214}}
{"target": -35.349544095904236, "params": {"C": 1559.5819906940528, "gamma": 0.0775518362077006}, "datetime": {"datetime": "2021-09-28 14:03:31", "elapsed": 473.084428, "delta": 2.2334}}
{"target": -35.020436614050496, "params": {"C": 1723.5767945407388, "gamma": 0.05279868383497314}, "datetime": {"datetime": "2021-09-28 14:03:33", "elapsed": 475.105075, "delta": 2.020647}}
{"target": -36.1409501096879, "params": {"C": 1273.3286099629258, "gamma": 0.02445084428929681}, "datetime": {"datetime": "2021-09-28 14:03:35", "elapsed": 477.122499, "delta": 2.017424}}
{"target": -36.81261305325647, "params": {"C": 1494.1126014976903, "gamma": 0.18336148341452624}, "datetime": {"datetime": "2021-09-28 14:03:36", "elapsed": 478.962115, "delta": 1.839616}}
{"target": -35.16273629129659, "params": {"C": 1559.5410817171341, "gamma": 0.06067286781459461}, "datetime": {"datetime": "2021-09-28 14:03:40", "elapsed": 482.954677, "delta": 3.992562}}
{"target": -35.808643800890955, "params": {"C": 1582.679732242534, "gamma": 0.023983575144419702}, "datetime": {"datetime": "2021-09-28 14:03:43", "elapsed": 485.88329, "delta": 2.928613}}
{"target": -35.118343674581524, "params": {"C": 1723.6197104976045, "gamma": 0.06412681108079374}, "datetime": {"datetime": "2021-09-28 14:03:47", "elapsed": 489.809794, "delta": 3.926504}}
{"target": -35.74969013289353, "params": {"C": 1070.655769693591, "gamma": 0.07574320487636227}, "datetime": {"datetime": "2021-09-28 14:03:49", "elapsed": 491.500586, "delta": 1.690792}}
{"target": -36.762712363894046, "params": {"C": 1559.5061062875811, "gamma": 0.01451595488195279}, "datetime": {"datetime": "2021-09-28 14:03:51", "elapsed": 493.897806, "delta": 2.39722}}
{"target": -34.975002995387385, "params": {"C": 1878.6371933401508, "gamma": 0.05335170406183849}, "datetime": {"datetime": "2021-09-28 14:03:54", "elapsed": 496.184306, "delta": 2.2865}}
{"target": -34.9621922778141, "params": {"C": 1816.7258456075429, "gamma": 0.04796531400008837}, "datetime": {"datetime": "2021-09-28 14:03:56", "elapsed": 498.5298, "delta": 2.345494}}
{"target": -35.55261316093961, "params": {"C": 1723.591544856205, "gamma": 0.0954337406984462}, "datetime": {"datetime": "2021-09-28 14:03:58", "elapsed": 500.926105, "delta": 2.396305}}
{"target": -37.32350710135134, "params": {"C": 1075.6405806978796, "gamma": 0.19751751846000704}, "datetime": {"datetime": "2021-09-28 14:04:00", "elapsed": 502.640503, "delta": 1.714398}}
{"target": -35.02147361218743, "params": {"C": 1721.5485684017078, "gamma": 0.04233363771151013}, "datetime": {"datetime": "2021-09-28 14:04:04", "elapsed": 506.487697, "delta": 3.847194}}
{"target": -37.558762904591624, "params": {"C": 1946.565601059971, "gamma": 0.007217420670598728}, "datetime": {"datetime": "2021-09-28 14:04:06", "elapsed": 508.188018, "delta": 1.700321}}
{"target": -36.29187453055518, "params": {"C": 1317.5241439067738, "gamma": 0.13624132927452648}, "datetime": {"datetime": "2021-09-28 14:04:07", "elapsed": 509.750178, "delta": 1.56216}}
{"target": -35.47440762200189, "params": {"C": 1559.5138734985176, "gamma": 0.08690386775730707}, "datetime": {"datetime": "2021-09-28 14:04:11", "elapsed": 513.908978, "delta": 4.1588}}
{"target": -35.619184210712426, "params": {"C": 1605.3412831442497, "gamma": 0.09758640789708477}, "datetime": {"datetime": "2021-09-28 14:04:16", "elapsed": 518.079786, "delta": 4.170808}}
{"target": -35.25724552610885, "params": {"C": 1721.508305773611, "gamma": 0.07519609116508331}, "datetime": {"datetime": "2021-09-28 14:04:19", "elapsed": 521.229687, "delta": 3.149901}}
{"target": -35.53791364635357, "params": {"C": 1955.3974934359167, "gamma": 0.09809051226766559}, "datetime": {"datetime": "2021-09-28 14:04:21", "elapsed": 523.014322, "delta": 1.784635}}
