{"target": -0.25912424442139725, "params": {"C": 703.2392383566321, "gamma": 0.07100553654561453}, "datetime": {"datetime": "2021-10-04 10:25:47", "elapsed": 140.29739, "delta": 1.261871}}
{"target": -0.44774634937887314, "params": {"C": 278.67087148152285, "gamma": 0.059007202128046984}, "datetime": {"datetime": "2021-10-04 10:25:48", "elapsed": 141.297346, "delta": 0.999956}}
{"target": -0.17019917183394573, "params": {"C": 989.6405312406428, "gamma": 0.0635728850162137}, "datetime": {"datetime": "2021-10-04 10:25:49", "elapsed": 142.490021, "delta": 1.192675}}
{"target": -0.22716550257880752, "params": {"C": 990.9322570787199, "gamma": 0.09494163828731557}, "datetime": {"datetime": "2021-10-04 10:25:50", "elapsed": 143.766957, "delta": 1.276936}}
{"target": -0.23501546365653048, "params": {"C": 906.20392970105, "gamma": 0.08842013023539798}, "datetime": {"datetime": "2021-10-04 10:25:51", "elapsed": 144.98008, "delta": 1.213123}}
{"target": -0.1896894404810876, "params": {"C": 989.3464632354378, "gamma": 0.07493476829211684}, "datetime": {"datetime": "2021-10-04 10:25:53", "elapsed": 146.360806, "delta": 1.380726}}
{"target": -0.26904342574936724, "params": {"C": 703.4813024155187, "gamma": 0.0761416887261361}, "datetime": {"datetime": "2021-10-04 10:25:54", "elapsed": 147.570768, "delta": 1.209962}}
{"target": -0.40565790624625486, "params": {"C": 869.2718005178547, "gamma": 0.1743875331021205}, "datetime": {"datetime": "2021-10-04 10:25:55", "elapsed": 148.483501, "delta": 0.912733}}
{"target": -0.16932249965724488, "params": {"C": 989.7890179574586, "gamma": 0.06304281120742299}, "datetime": {"datetime": "2021-10-04 10:25:56", "elapsed": 149.695355, "delta": 1.211854}}
{"target": -0.20046074278112402, "params": {"C": 989.8315349598066, "gamma": 0.0808637657167466}, "datetime": {"datetime": "2021-10-04 10:25:57", "elapsed": 151.024474, "delta": 1.329119}}
{"target": -0.23427095622918714, "params": {"C": 906.1509471881119, "gamma": 0.0880333764802247}, "datetime": {"datetime": "2021-10-04 10:25:59", "elapsed": 152.941101, "delta": 1.916627}}
{"target": -0.7359494931350943, "params": {"C": 235.50712540708471, "gamma": 0.29670430707269746}, "datetime": {"datetime": "2021-10-04 10:26:00", "elapsed": 153.915846, "delta": 0.974745}}
{"target": -0.3977618831212113, "params": {"C": 325.2487410044468, "gamma": 0.05001973233361779}, "datetime": {"datetime": "2021-10-04 10:26:01", "elapsed": 154.857171, "delta": 0.941325}}
{"target": -0.264272354140316, "params": {"C": 989.5871745173225, "gamma": 0.11369839705794477}, "datetime": {"datetime": "2021-10-04 10:26:02", "elapsed": 156.082097, "delta": 1.224926}}
{"target": -0.23674143436456996, "params": {"C": 703.4508346556222, "gamma": 0.017111783560955756}, "datetime": {"datetime": "2021-10-04 10:26:04", "elapsed": 157.26855, "delta": 1.186453}}
{"target": -0.14702650114825966, "params": {"C": 989.6022827554032, "gamma": 0.046029605033608846}, "datetime": {"datetime": "2021-10-04 10:26:05", "elapsed": 158.521378, "delta": 1.252828}}
{"target": -0.590842336665546, "params": {"C": 527.5667800426551, "gamma": 0.2369876792385077}, "datetime": {"datetime": "2021-10-04 10:26:06", "elapsed": 159.547703, "delta": 1.026325}}
{"target": -0.5297683092519743, "params": {"C": 463.8061068100565, "gamma": 0.16507800691499044}, "datetime": {"datetime": "2021-10-04 10:26:07", "elapsed": 160.523654, "delta": 0.975951}}
{"target": -0.7036154271801682, "params": {"C": 296.3661304410003, "gamma": 0.2767403962535586}, "datetime": {"datetime": "2021-10-04 10:26:08", "elapsed": 161.519757, "delta": 0.996103}}
{"target": -0.1627612866640944, "params": {"C": 989.7317773287074, "gamma": 0.018981127317622495}, "datetime": {"datetime": "2021-10-04 10:26:10", "elapsed": 163.299524, "delta": 1.779767}}
{"target": -0.2774463017890201, "params": {"C": 719.8855971549164, "gamma": 0.08301737858902002}, "datetime": {"datetime": "2021-10-04 10:26:11", "elapsed": 164.679936, "delta": 1.380412}}
{"target": -0.5414205949794437, "params": {"C": 652.6670794657755, "gamma": 0.22811189575277033}, "datetime": {"datetime": "2021-10-04 10:26:12", "elapsed": 165.712206, "delta": 1.03227}}
{"target": -0.2657604173490562, "params": {"C": 573.0139640466357, "gamma": 0.04783022377513277}, "datetime": {"datetime": "2021-10-04 10:26:13", "elapsed": 166.667561, "delta": 0.955355}}
{"target": -0.2356641138934592, "params": {"C": 719.829927218678, "gamma": 0.016374021010473454}, "datetime": {"datetime": "2021-10-04 10:26:14", "elapsed": 167.790194, "delta": 1.122633}}
{"target": -0.17394437503843996, "params": {"C": 971.070848393948, "gamma": 0.0633787388128605}, "datetime": {"datetime": "2021-10-04 10:26:15", "elapsed": 168.940632, "delta": 1.150438}}
{"target": -0.2868819253350441, "params": {"C": 989.8078109536117, "gamma": 0.12535975713380526}, "datetime": {"datetime": "2021-10-04 10:26:17", "elapsed": 170.134542, "delta": 1.19391}}
{"target": -0.30534812928570787, "params": {"C": 925.589094919627, "gamma": 0.1266003400623499}, "datetime": {"datetime": "2021-10-04 10:26:18", "elapsed": 171.476583, "delta": 1.342041}}
{"target": -0.22503869099954543, "params": {"C": 970.8451570154716, "gamma": 0.010275227183763478}, "datetime": {"datetime": "2021-10-04 10:26:19", "elapsed": 172.64942, "delta": 1.172837}}
{"target": -0.2182493050319947, "params": {"C": 970.7663017563073, "gamma": 0.010888796874454345}, "datetime": {"datetime": "2021-10-04 10:26:20", "elapsed": 173.955222, "delta": 1.305802}}
{"target": -0.6650434574878177, "params": {"C": 81.34877902511053, "gamma": 0.05075358684758911}, "datetime": {"datetime": "2021-10-04 10:26:21", "elapsed": 174.980413, "delta": 1.025191}}
{"target": -0.25908569668094694, "params": {"C": 914.6175927401778, "gamma": 0.10166247396747315}, "datetime": {"datetime": "2021-10-04 10:26:23", "elapsed": 176.519864, "delta": 1.539451}}
{"target": -0.24764312184674742, "params": {"C": 718.8220203687833, "gamma": 0.06756162475123567}, "datetime": {"datetime": "2021-10-04 10:26:24", "elapsed": 177.689712, "delta": 1.169848}}
{"target": -0.292325395324174, "params": {"C": 719.7156373918582, "gamma": 0.09031963642912626}, "datetime": {"datetime": "2021-10-04 10:26:25", "elapsed": 178.914269, "delta": 1.224557}}
{"target": -0.2412714995055112, "params": {"C": 989.8688430540825, "gamma": 0.10201868374877243}, "datetime": {"datetime": "2021-10-04 10:26:27", "elapsed": 180.610025, "delta": 1.695756}}
{"target": -0.48753898760032155, "params": {"C": 540.9643495484698, "gamma": 0.15864375704523673}, "datetime": {"datetime": "2021-10-04 10:26:28", "elapsed": 181.613388, "delta": 1.003363}}
{"target": -0.15840032978782226, "params": {"C": 990.8003781767004, "gamma": 0.05585779711703357}, "datetime": {"datetime": "2021-10-04 10:26:29", "elapsed": 182.86109, "delta": 1.247702}}
{"target": -0.2201333499001379, "params": {"C": 989.7181288637108, "gamma": 0.0911771084912828}, "datetime": {"datetime": "2021-10-04 10:26:31", "elapsed": 184.15042, "delta": 1.28933}}
{"target": -0.21925694967486908, "params": {"C": 703.332606905649, "gamma": 0.04675936355807298}, "datetime": {"datetime": "2021-10-04 10:26:32", "elapsed": 185.325863, "delta": 1.175443}}
{"target": -0.20549024284711903, "params": {"C": 990.8368122190303, "gamma": 0.08366345433687601}, "datetime": {"datetime": "2021-10-04 10:26:34", "elapsed": 187.30967, "delta": 1.983807}}
{"target": -0.6564617904731094, "params": {"C": 143.77015465218486, "gamma": 0.10928897016349275}, "datetime": {"datetime": "2021-10-04 10:26:35", "elapsed": 188.310051, "delta": 1.000381}}
{"target": -0.1619755181526621, "params": {"C": 925.5678176885015, "gamma": 0.047364662943161946}, "datetime": {"datetime": "2021-10-04 10:26:36", "elapsed": 189.959827, "delta": 1.649776}}
{"target": -0.25253457384036215, "params": {"C": 989.6189640012633, "gamma": 0.0080456370959845}, "datetime": {"datetime": "2021-10-04 10:26:38", "elapsed": 191.436976, "delta": 1.477149}}
{"target": -0.1543144107847092, "params": {"C": 924.271743280774, "gamma": 0.0355387363303832}, "datetime": {"datetime": "2021-10-04 10:26:39", "elapsed": 192.610608, "delta": 1.173632}}
{"target": -0.15865317563165315, "params": {"C": 925.6071688769255, "gamma": 0.043958251467337374}, "datetime": {"datetime": "2021-10-04 10:26:40", "elapsed": 194.070276, "delta": 1.459668}}
{"target": -0.2491672211365683, "params": {"C": 924.3050592085513, "gamma": 0.00912725425481291}, "datetime": {"datetime": "2021-10-04 10:26:42", "elapsed": 195.61829, "delta": 1.548014}}
{"target": -0.16768394172112688, "params": {"C": 906.1286235046863, "gamma": 0.04856555929327361}, "datetime": {"datetime": "2021-10-04 10:26:44", "elapsed": 197.165927, "delta": 1.547637}}
{"target": -0.24448657736236767, "params": {"C": 992.194641776872, "gamma": 0.1039351705038876}, "datetime": {"datetime": "2021-10-04 10:26:45", "elapsed": 198.542096, "delta": 1.376169}}
{"target": -0.1580734833179298, "params": {"C": 906.2578914894837, "gamma": 0.034441872483106296}, "datetime": {"datetime": "2021-10-04 10:26:46", "elapsed": 200.022273, "delta": 1.480177}}
{"target": -0.28637784551636036, "params": {"C": 990.8236980865883, "gamma": 0.006333808376958142}, "datetime": {"datetime": "2021-10-04 10:26:48", "elapsed": 202.091523, "delta": 2.06925}}
{"target": -0.16761389369864443, "params": {"C": 975.3544917593055, "gamma": 0.018414741320034903}, "datetime": {"datetime": "2021-10-04 10:26:50", "elapsed": 203.570105, "delta": 1.478582}}
{"target": -0.557109608703334, "params": {"C": 719.7162430412793, "gamma": 0.0019064018210965346}, "datetime": {"datetime": "2021-10-04 10:26:51", "elapsed": 204.933601, "delta": 1.363496}}
{"target": -0.14079014490394792, "params": {"C": 990.8846729911462, "gamma": 0.032995086826078095}, "datetime": {"datetime": "2021-10-04 10:26:53", "elapsed": 206.301213, "delta": 1.367612}}
{"target": -0.15397515197434997, "params": {"C": 925.5052532935096, "gamma": 0.03497211127141185}, "datetime": {"datetime": "2021-10-04 10:26:54", "elapsed": 207.728188, "delta": 1.426975}}
{"target": -0.18737033676443793, "params": {"C": 975.4575765416974, "gamma": 0.07188843993309982}, "datetime": {"datetime": "2021-10-04 10:26:56", "elapsed": 209.128823, "delta": 1.400635}}
{"target": -0.27005868062175375, "params": {"C": 971.0983129915556, "gamma": 0.11436643605715248}, "datetime": {"datetime": "2021-10-04 10:26:58", "elapsed": 211.225727, "delta": 2.096904}}
{"target": -0.1408451847881116, "params": {"C": 990.9257874114867, "gamma": 0.032682724324062655}, "datetime": {"datetime": "2021-10-04 10:27:00", "elapsed": 213.147094, "delta": 1.921367}}
{"target": -0.2770188009955503, "params": {"C": 906.2017021656844, "gamma": 0.0076358490279466356}, "datetime": {"datetime": "2021-10-04 10:27:01", "elapsed": 214.581099, "delta": 1.434005}}
{"target": -0.6055557039077102, "params": {"C": 975.3051414426603, "gamma": 0.00102751415453515}, "datetime": {"datetime": "2021-10-04 10:27:03", "elapsed": 216.148804, "delta": 1.567705}}
{"target": -0.296531889729295, "params": {"C": 719.8954053845183, "gamma": 0.009323206979966147}, "datetime": {"datetime": "2021-10-04 10:27:04", "elapsed": 217.911371, "delta": 1.762567}}
{"target": -0.15706677208086606, "params": {"C": 992.0358343491029, "gamma": 0.05507200858803859}, "datetime": {"datetime": "2021-10-04 10:27:06", "elapsed": 219.731153, "delta": 1.819782}}
{"target": -0.3064110194005367, "params": {"C": 975.4629519145107, "gamma": 0.13375400687053082}, "datetime": {"datetime": "2021-10-04 10:27:08", "elapsed": 221.45732, "delta": 1.726167}}
{"target": -0.2546394841932951, "params": {"C": 992.01125253727, "gamma": 0.10908150394944723}, "datetime": {"datetime": "2021-10-04 10:27:10", "elapsed": 223.188662, "delta": 1.731342}}
{"target": -0.33525154112684463, "params": {"C": 771.0433446755803, "gamma": 0.11958683330969475}, "datetime": {"datetime": "2021-10-04 10:27:11", "elapsed": 224.282397, "delta": 1.093735}}
{"target": -0.1693312305820871, "params": {"C": 926.866521757481, "gamma": 0.05364969511430852}, "datetime": {"datetime": "2021-10-04 10:27:12", "elapsed": 225.357838, "delta": 1.075441}}
{"target": -0.23426824290225623, "params": {"C": 987.4029771916146, "gamma": 0.09815264121813476}, "datetime": {"datetime": "2021-10-04 10:27:13", "elapsed": 226.440173, "delta": 1.082335}}
{"target": -0.158111240882155, "params": {"C": 975.4576719177128, "gamma": 0.02131089990121764}, "datetime": {"datetime": "2021-10-04 10:27:14", "elapsed": 227.845414, "delta": 1.405241}}
{"target": -0.15414958815749946, "params": {"C": 975.3631868339286, "gamma": 0.049984318122715136}, "datetime": {"datetime": "2021-10-04 10:27:16", "elapsed": 229.648195, "delta": 1.802781}}
{"target": -0.698485201609758, "params": {"C": 259.26866749793356, "gamma": 0.23895095014835913}, "datetime": {"datetime": "2021-10-04 10:27:17", "elapsed": 230.751716, "delta": 1.103521}}
{"target": -0.46080932333068514, "params": {"C": 388.9619068387942, "gamma": 0.10336681126481118}, "datetime": {"datetime": "2021-10-04 10:27:18", "elapsed": 231.841066, "delta": 1.08935}}
{"target": -0.4411494094585062, "params": {"C": 260.59215809975296, "gamma": 0.02006483540910539}, "datetime": {"datetime": "2021-10-04 10:27:19", "elapsed": 232.895526, "delta": 1.05446}}
{"target": -0.24350988406869623, "params": {"C": 926.8580901942204, "gamma": 0.09537732861352943}, "datetime": {"datetime": "2021-10-04 10:27:21", "elapsed": 234.406215, "delta": 1.510689}}
{"target": -0.432077042733519, "params": {"C": 911.404984230592, "gamma": 0.19894858137673993}, "datetime": {"datetime": "2021-10-04 10:27:22", "elapsed": 235.536356, "delta": 1.130141}}
{"target": -0.21735774030685695, "params": {"C": 925.4944802997275, "gamma": 0.08178641332701013}, "datetime": {"datetime": "2021-10-04 10:27:24", "elapsed": 237.171343, "delta": 1.634987}}
{"target": -0.16579548941109024, "params": {"C": 989.8009292010513, "gamma": 0.018186454777717243}, "datetime": {"datetime": "2021-10-04 10:27:25", "elapsed": 238.856273, "delta": 1.68493}}
{"target": -0.16786041765679882, "params": {"C": 924.2297645063617, "gamma": 0.021455790245795733}, "datetime": {"datetime": "2021-10-04 10:27:27", "elapsed": 240.452282, "delta": 1.596009}}
{"target": -0.22525673245881084, "params": {"C": 926.9184912947021, "gamma": 0.0860736130143258}, "datetime": {"datetime": "2021-10-04 10:27:29", "elapsed": 242.331221, "delta": 1.878939}}
{"target": -0.5108024138352594, "params": {"C": 918.923702079296, "gamma": 0.26626973716579344}, "datetime": {"datetime": "2021-10-04 10:27:30", "elapsed": 243.490744, "delta": 1.159523}}
{"target": -0.4405335902564498, "params": {"C": 456.46373668177915, "gamma": 0.11123218844574773}, "datetime": {"datetime": "2021-10-04 10:27:31", "elapsed": 244.648133, "delta": 1.157389}}
{"target": -0.5833221521798526, "params": {"C": 127.69250877408413, "gamma": 0.02139117300143168}, "datetime": {"datetime": "2021-10-04 10:27:32", "elapsed": 245.850979, "delta": 1.202846}}
{"target": -0.270381767998527, "params": {"C": 924.1621628986956, "gamma": 0.007787790479700748}, "datetime": {"datetime": "2021-10-04 10:27:34", "elapsed": 247.33565, "delta": 1.484671}}
{"target": -0.2004931160058887, "params": {"C": 925.64544870313, "gamma": 0.01401327366084762}, "datetime": {"datetime": "2021-10-04 10:27:35", "elapsed": 248.785568, "delta": 1.449918}}
{"target": -0.18681789247009917, "params": {"C": 975.5022371051604, "gamma": 0.07158093733001988}, "datetime": {"datetime": "2021-10-04 10:27:37", "elapsed": 250.888169, "delta": 2.102601}}
{"target": -0.14678173089882995, "params": {"C": 975.5422891263943, "gamma": 0.02768778340781497}, "datetime": {"datetime": "2021-10-04 10:27:39", "elapsed": 253.027553, "delta": 2.139384}}
{"target": -0.2527215867611863, "params": {"C": 703.376429874794, "gamma": 0.06764638143278602}, "datetime": {"datetime": "2021-10-04 10:27:41", "elapsed": 254.543862, "delta": 1.516309}}
{"target": -0.45302454910093104, "params": {"C": 990.8992649685247, "gamma": 0.002390463651839672}, "datetime": {"datetime": "2021-10-04 10:27:43", "elapsed": 256.191032, "delta": 1.64717}}
{"target": -0.18353916232878786, "params": {"C": 975.5576976775935, "gamma": 0.06971085935208475}, "datetime": {"datetime": "2021-10-04 10:27:44", "elapsed": 257.811201, "delta": 1.620169}}
{"target": -0.2471109404431413, "params": {"C": 906.0788323955364, "gamma": 0.009564653208437843}, "datetime": {"datetime": "2021-10-04 10:27:46", "elapsed": 259.412959, "delta": 1.601758}}
{"target": -0.5234536568282937, "params": {"C": 925.4809861284075, "gamma": 0.001754045091373057}, "datetime": {"datetime": "2021-10-04 10:27:48", "elapsed": 261.402407, "delta": 1.989448}}
{"target": -0.17946030935138624, "params": {"C": 925.6490981988587, "gamma": 0.06038306115716957}, "datetime": {"datetime": "2021-10-04 10:27:50", "elapsed": 263.135338, "delta": 1.732931}}
{"target": -0.2826188509181453, "params": {"C": 906.2773358680693, "gamma": 0.0073384664327246114}, "datetime": {"datetime": "2021-10-04 10:27:52", "elapsed": 265.204717, "delta": 2.069379}}
{"target": -0.14458566019241004, "params": {"C": 975.5881823713115, "gamma": 0.03059283648373684}, "datetime": {"datetime": "2021-10-04 10:27:53", "elapsed": 266.769041, "delta": 1.564324}}
{"target": -0.5647987120425118, "params": {"C": 399.84026924885177, "gamma": 0.16915282802680917}, "datetime": {"datetime": "2021-10-04 10:27:54", "elapsed": 268.079931, "delta": 1.31089}}
{"target": -0.48685729304290315, "params": {"C": 863.2666768392766, "gamma": 0.23152603267002755}, "datetime": {"datetime": "2021-10-04 10:27:56", "elapsed": 269.29781, "delta": 1.217879}}
{"target": -0.1529884616105237, "params": {"C": 990.9483365130081, "gamma": 0.05173697287337443}, "datetime": {"datetime": "2021-10-04 10:27:57", "elapsed": 271.090498, "delta": 1.792688}}
{"target": -0.5101331210889393, "params": {"C": 972.2464461047109, "gamma": 0.2780570327987049}, "datetime": {"datetime": "2021-10-04 10:27:59", "elapsed": 272.444058, "delta": 1.35356}}
{"target": -0.22782792735717772, "params": {"C": 906.2569362972125, "gamma": 0.08474266820159082}, "datetime": {"datetime": "2021-10-04 10:28:01", "elapsed": 274.668909, "delta": 2.224851}}
{"target": -0.772345424823409, "params": {"C": 96.26177619268691, "gamma": 0.2067344662857296}, "datetime": {"datetime": "2021-10-04 10:28:02", "elapsed": 275.93361, "delta": 1.264701}}
{"target": -0.22802328131630745, "params": {"C": 667.872070602065, "gamma": 0.04465633660538896}, "datetime": {"datetime": "2021-10-04 10:28:04", "elapsed": 277.163119, "delta": 1.229509}}
{"target": -0.3533804157433218, "params": {"C": 449.8848426125555, "gamma": 0.06660569985679039}, "datetime": {"datetime": "2021-10-04 10:28:05", "elapsed": 278.444851, "delta": 1.281732}}
{"target": -0.5174620179453675, "params": {"C": 975.6023491830911, "gamma": 0.0017119885720779909}, "datetime": {"datetime": "2021-10-04 10:28:07", "elapsed": 280.504119, "delta": 2.059268}}
{"target": -0.46946357483753864, "params": {"C": 925.5729110611801, "gamma": 0.0023597705712232317}, "datetime": {"datetime": "2021-10-04 10:28:09", "elapsed": 282.867722, "delta": 2.363603}}
{"target": -0.7038466394544594, "params": {"C": 290.2076066166317, "gamma": 0.27232755014253196}, "datetime": {"datetime": "2021-10-04 10:28:11", "elapsed": 284.141748, "delta": 1.274026}}
{"target": -0.14098307225252493, "params": {"C": 989.8287758530939, "gamma": 0.03593012049604366}, "datetime": {"datetime": "2021-10-04 10:28:13", "elapsed": 286.502319, "delta": 2.360571}}
{"target": -0.1557652029959995, "params": {"C": 990.97739844353, "gamma": 0.021096426386428342}, "datetime": {"datetime": "2021-10-04 10:28:15", "elapsed": 288.510507, "delta": 2.008188}}
{"target": -0.2144704977714269, "params": {"C": 906.1329584051939, "gamma": 0.012695952925126111}, "datetime": {"datetime": "2021-10-04 10:28:17", "elapsed": 290.840701, "delta": 2.330194}}
{"target": -0.1751294528866072, "params": {"C": 989.5010591026428, "gamma": 0.016163429142488257}, "datetime": {"datetime": "2021-10-04 10:28:19", "elapsed": 292.536353, "delta": 1.695652}}
{"target": -0.2578722799909803, "params": {"C": 992.0505540823975, "gamma": 0.11073348358039592}, "datetime": {"datetime": "2021-10-04 10:28:21", "elapsed": 294.34535, "delta": 1.808997}}
{"target": -0.5941996927408759, "params": {"C": 454.62188214888596, "gamma": 0.21358605185243526}, "datetime": {"datetime": "2021-10-04 10:28:22", "elapsed": 295.674437, "delta": 1.329087}}
{"target": -0.20913091460177125, "params": {"C": 925.529452719223, "gamma": 0.07743532516624362}, "datetime": {"datetime": "2021-10-04 10:28:24", "elapsed": 297.203056, "delta": 1.528619}}
{"target": -0.1542843894700474, "params": {"C": 926.820706241808, "gamma": 0.03096354374454063}, "datetime": {"datetime": "2021-10-04 10:28:26", "elapsed": 299.838241, "delta": 2.635185}}
{"target": -0.2440407211577098, "params": {"C": 989.620862260979, "gamma": 0.008575454218684659}, "datetime": {"datetime": "2021-10-04 10:28:28", "elapsed": 301.237164, "delta": 1.398923}}
{"target": -0.24582684216324102, "params": {"C": 975.4083457309321, "gamma": 0.10258446247701121}, "datetime": {"datetime": "2021-10-04 10:28:30", "elapsed": 303.39795, "delta": 2.160786}}
{"target": -0.1420428353413552, "params": {"C": 989.3413647707624, "gamma": 0.03901162555059104}, "datetime": {"datetime": "2021-10-04 10:28:31", "elapsed": 304.845763, "delta": 1.447813}}
{"target": -0.6949772229787645, "params": {"C": 208.0309078533107, "gamma": 0.1954330735836165}, "datetime": {"datetime": "2021-10-04 10:28:33", "elapsed": 306.218573, "delta": 1.37281}}
{"target": -0.19539640654143087, "params": {"C": 924.2993365902348, "gamma": 0.06972351824107342}, "datetime": {"datetime": "2021-10-04 10:28:35", "elapsed": 308.869434, "delta": 2.650861}}
{"target": -0.17454651258881615, "params": {"C": 992.028572020178, "gamma": 0.016184860317854453}, "datetime": {"datetime": "2021-10-04 10:28:38", "elapsed": 311.543939, "delta": 2.674505}}
