{"target": -34.44742997959675, "params": {"C": 32778.27452332122, "gamma": 0.02337436113215505}, "datetime": {"datetime": "2021-09-29 08:52:31", "elapsed": 25.181885, "delta": 0.403001}}
{"target": -35.37980054455574, "params": {"C": 32625.066367538493, "gamma": 0.005738610376384224}, "datetime": {"datetime": "2021-09-29 08:52:31", "elapsed": 25.619229, "delta": 0.437344}}
{"target": -35.88270892106827, "params": {"C": 32997.67599065303, "gamma": 0.05920755042607751}, "datetime": {"datetime": "2021-09-29 08:52:32", "elapsed": 26.05323, "delta": 0.434001}}
{"target": -36.09052438233291, "params": {"C": 31525.111648240443, "gamma": 0.06527870004827242}, "datetime": {"datetime": "2021-09-29 08:52:32", "elapsed": 26.438144, "delta": 0.384914}}
{"target": -35.51635906651323, "params": {"C": 30773.485141817106, "gamma": 0.052290418644688724}, "datetime": {"datetime": "2021-09-29 08:52:33", "elapsed": 26.879676, "delta": 0.441532}}
{"target": -35.681326308662904, "params": {"C": 31365.807493856275, "gamma": 0.055738718834579266}, "datetime": {"datetime": "2021-09-29 08:52:33", "elapsed": 27.30571, "delta": 0.426034}}
{"target": -34.553964153466346, "params": {"C": 30256.52778148904, "gamma": 0.02798808626558339}, "datetime": {"datetime": "2021-09-29 08:52:34", "elapsed": 27.730719, "delta": 0.425009}}
{"target": -36.8278014987977, "params": {"C": 33015.116700047474, "gamma": 0.08303103567304221}, "datetime": {"datetime": "2021-09-29 08:52:34", "elapsed": 28.190709, "delta": 0.45999}}
{"target": -34.63559600011592, "params": {"C": 30414.065387599123, "gamma": 0.03115787342522659}, "datetime": {"datetime": "2021-09-29 08:52:34", "elapsed": 28.593713, "delta": 0.403004}}
{"target": -35.68845199870251, "params": {"C": 30673.927376716627, "gamma": 0.05638146109085748}, "datetime": {"datetime": "2021-09-29 08:52:35", "elapsed": 29.083713, "delta": 0.49}}
{"target": -37.345989722262935, "params": {"C": 31478.97182695994, "gamma": 0.09996654470549125}, "datetime": {"datetime": "2021-09-29 08:52:35", "elapsed": 29.516761, "delta": 0.433048}}
{"target": -35.72048303896494, "params": {"C": 34570.221600344696, "gamma": 0.05460236622341268}, "datetime": {"datetime": "2021-09-29 08:52:36", "elapsed": 29.980762, "delta": 0.464001}}
{"target": -36.87614420261324, "params": {"C": 34232.12215933411, "gamma": 0.0828900737654435}, "datetime": {"datetime": "2021-09-29 08:52:36", "elapsed": 30.420759, "delta": 0.439997}}
{"target": -35.875294512956785, "params": {"C": 30052.816192990587, "gamma": 0.0613189561987859}, "datetime": {"datetime": "2021-09-29 08:52:37", "elapsed": 30.86376, "delta": 0.443001}}
{"target": -34.36468760962918, "params": {"C": 30955.229344709976, "gamma": 0.02010808336836404}, "datetime": {"datetime": "2021-09-29 08:52:37", "elapsed": 31.32481, "delta": 0.46105}}
{"target": -34.364049497864876, "params": {"C": 32642.489598923523, "gamma": 0.019713259241820696}, "datetime": {"datetime": "2021-09-29 08:52:38", "elapsed": 31.903778, "delta": 0.578968}}
{"target": -37.39949330210892, "params": {"C": 33199.696529556895, "gamma": 0.09867798958880708}, "datetime": {"datetime": "2021-09-29 08:52:38", "elapsed": 32.374782, "delta": 0.471004}}
{"target": -34.94031559479293, "params": {"C": 32442.318724277586, "gamma": 0.007278759371540612}, "datetime": {"datetime": "2021-09-29 08:52:39", "elapsed": 32.853781, "delta": 0.478999}}
{"target": -36.32286851351305, "params": {"C": 34687.134904093116, "gamma": 0.06800326196667057}, "datetime": {"datetime": "2021-09-29 08:52:39", "elapsed": 33.328781, "delta": 0.475}}
{"target": -34.46126592224444, "params": {"C": 31427.83594171514, "gamma": 0.010069081766889358}, "datetime": {"datetime": "2021-09-29 08:52:40", "elapsed": 33.876198, "delta": 0.547417}}
{"target": -35.499465107089364, "params": {"C": 30258.8161781886, "gamma": 0.05222589710585659}, "datetime": {"datetime": "2021-09-29 08:52:40", "elapsed": 34.377199, "delta": 0.501001}}
{"target": -34.62533875330476, "params": {"C": 31218.43940781177, "gamma": 0.030500436287128417}, "datetime": {"datetime": "2021-09-29 08:52:41", "elapsed": 34.896197, "delta": 0.518998}}
{"target": -34.78781078761654, "params": {"C": 31161.207896673986, "gamma": 0.035217954409545164}, "datetime": {"datetime": "2021-09-29 08:52:41", "elapsed": 35.363717, "delta": 0.46752}}
{"target": -36.48131169338466, "params": {"C": 30537.305937110334, "gamma": 0.07611974673735285}, "datetime": {"datetime": "2021-09-29 08:52:42", "elapsed": 35.966715, "delta": 0.602998}}
{"target": -37.29204738905578, "params": {"C": 32156.053146018057, "gamma": 0.09731408194622639}, "datetime": {"datetime": "2021-09-29 08:52:42", "elapsed": 36.45972, "delta": 0.493005}}
{"target": -37.23079413748086, "params": {"C": 32442.677309134433, "gamma": 0.09519996698148048}, "datetime": {"datetime": "2021-09-29 08:52:43", "elapsed": 36.946366, "delta": 0.486646}}
{"target": -35.31477943510407, "params": {"C": 30538.960567277096, "gamma": 0.04785408982750394}, "datetime": {"datetime": "2021-09-29 08:52:43", "elapsed": 37.503071, "delta": 0.556705}}
{"target": -37.10564941183486, "params": {"C": 34910.44415915248, "gamma": 0.08817227585126693}, "datetime": {"datetime": "2021-09-29 08:52:44", "elapsed": 37.984063, "delta": 0.480992}}
{"target": -36.64679220722558, "params": {"C": 30460.666670663522, "gamma": 0.08085763578309607}, "datetime": {"datetime": "2021-09-29 08:52:44", "elapsed": 38.482065, "delta": 0.498002}}
{"target": -35.32310077581285, "params": {"C": 32426.59297131505, "gamma": 0.04701907760938062}, "datetime": {"datetime": "2021-09-29 08:52:45", "elapsed": 38.972067, "delta": 0.490002}}
{"target": -35.97265751282029, "params": {"C": 34794.48782504735, "gamma": 0.059942396093581825}, "datetime": {"datetime": "2021-09-29 08:52:45", "elapsed": 39.50879, "delta": 0.536723}}
{"target": -37.04873468297825, "params": {"C": 33218.74395293148, "gamma": 0.08896697579644598}, "datetime": {"datetime": "2021-09-29 08:52:46", "elapsed": 40.079791, "delta": 0.571001}}
{"target": -35.611637937580404, "params": {"C": 34241.56645962731, "gamma": 0.05236215892213054}, "datetime": {"datetime": "2021-09-29 08:52:47", "elapsed": 40.728792, "delta": 0.649001}}
{"target": -34.3871781259845, "params": {"C": 33094.30052346284, "gamma": 0.020733089712850133}, "datetime": {"datetime": "2021-09-29 08:52:47", "elapsed": 41.333789, "delta": 0.604997}}
{"target": -36.08690298848754, "params": {"C": 32936.578530784864, "gamma": 0.06400586862026142}, "datetime": {"datetime": "2021-09-29 08:52:48", "elapsed": 41.923643, "delta": 0.589854}}
{"target": -34.26633072826395, "params": {"C": 32542.698875265734, "gamma": 0.014929473289115404}, "datetime": {"datetime": "2021-09-29 08:52:48", "elapsed": 42.477644, "delta": 0.554001}}
{"target": -34.34813348141266, "params": {"C": 34394.23636341419, "gamma": 0.01860751786602853}, "datetime": {"datetime": "2021-09-29 08:52:49", "elapsed": 43.054644, "delta": 0.577}}
{"target": -36.68987127917681, "params": {"C": 31443.128180110332, "gamma": 0.08087220315965828}, "datetime": {"datetime": "2021-09-29 08:52:49", "elapsed": 43.602694, "delta": 0.54805}}
{"target": -36.69636486006508, "params": {"C": 34384.102445118966, "gamma": 0.0775857787888179}, "datetime": {"datetime": "2021-09-29 08:52:50", "elapsed": 44.190641, "delta": 0.587947}}
{"target": -36.75473407710877, "params": {"C": 32201.360520489136, "gamma": 0.08185845395643877}, "datetime": {"datetime": "2021-09-29 08:52:51", "elapsed": 44.782686, "delta": 0.592045}}
{"target": -36.35527145317488, "params": {"C": 34560.67484663201, "gamma": 0.06890186897542175}, "datetime": {"datetime": "2021-09-29 08:52:51", "elapsed": 45.377482, "delta": 0.594796}}
{"target": -35.9118442712336, "params": {"C": 32952.31691992678, "gamma": 0.059898754679733046}, "datetime": {"datetime": "2021-09-29 08:52:52", "elapsed": 45.970333, "delta": 0.592851}}
{"target": -35.02295544736822, "params": {"C": 30300.631847239623, "gamma": 0.04138564533251403}, "datetime": {"datetime": "2021-09-29 08:52:52", "elapsed": 46.615202, "delta": 0.644869}}
{"target": -35.85262913620463, "params": {"C": 34397.37006695236, "gamma": 0.05756394300121775}, "datetime": {"datetime": "2021-09-29 08:52:53", "elapsed": 47.279202, "delta": 0.664}}
{"target": -34.54708038326427, "params": {"C": 31187.020678800294, "gamma": 0.009451761702326903}, "datetime": {"datetime": "2021-09-29 08:52:54", "elapsed": 47.840386, "delta": 0.561184}}
{"target": -36.28584466591592, "params": {"C": 30481.37677638954, "gamma": 0.07110767703680335}, "datetime": {"datetime": "2021-09-29 08:52:54", "elapsed": 48.424383, "delta": 0.583997}}
{"target": -35.475438068191856, "params": {"C": 31276.497394120084, "gamma": 0.051048595986553154}, "datetime": {"datetime": "2021-09-29 08:52:55", "elapsed": 49.023385, "delta": 0.599002}}
{"target": -34.43729337420589, "params": {"C": 33211.38408874668, "gamma": 0.010002412344937324}, "datetime": {"datetime": "2021-09-29 08:52:56", "elapsed": 49.773543, "delta": 0.750158}}
{"target": -36.79912549349691, "params": {"C": 32184.332672838478, "gamma": 0.08325599219312768}, "datetime": {"datetime": "2021-09-29 08:52:56", "elapsed": 50.373539, "delta": 0.599996}}
{"target": -37.157327242712746, "params": {"C": 31683.199635994566, "gamma": 0.09425230294894939}, "datetime": {"datetime": "2021-09-29 08:52:57", "elapsed": 50.986542, "delta": 0.613003}}
{"target": -34.442915830440114, "params": {"C": 32952.39957328783, "gamma": 0.023173261365048593}, "datetime": {"datetime": "2021-09-29 08:52:57", "elapsed": 51.667724, "delta": 0.681182}}
{"target": -35.74089142004051, "params": {"C": 32333.453730264293, "gamma": 0.05649049719129591}, "datetime": {"datetime": "2021-09-29 08:52:58", "elapsed": 52.375721, "delta": 0.707997}}
{"target": -35.18833882637999, "params": {"C": 31877.8590763843, "gamma": 0.04435101866112554}, "datetime": {"datetime": "2021-09-29 08:52:59", "elapsed": 52.981722, "delta": 0.606001}}
{"target": -36.75774705119777, "params": {"C": 31644.784194319534, "gamma": 0.08267105583238664}, "datetime": {"datetime": "2021-09-29 08:52:59", "elapsed": 53.611925, "delta": 0.630203}}
{"target": -37.27876180038155, "params": {"C": 32429.515976341892, "gamma": 0.09651521900574093}, "datetime": {"datetime": "2021-09-29 08:53:00", "elapsed": 54.220924, "delta": 0.608999}}
{"target": -34.48114174451688, "params": {"C": 32841.36842864426, "gamma": 0.024574750456501277}, "datetime": {"datetime": "2021-09-29 08:53:01", "elapsed": 54.833925, "delta": 0.613001}}
{"target": -34.27406578316804, "params": {"C": 31765.833080239037, "gamma": 0.013534785935439764}, "datetime": {"datetime": "2021-09-29 08:53:01", "elapsed": 55.584115, "delta": 0.75019}}
{"target": -35.01624708678019, "params": {"C": 30519.30074237751, "gamma": 0.04112188952948734}, "datetime": {"datetime": "2021-09-29 08:53:02", "elapsed": 56.22912, "delta": 0.645005}}
{"target": -35.846921610725275, "params": {"C": 31792.969877462318, "gamma": 0.05928931009173298}, "datetime": {"datetime": "2021-09-29 08:53:03", "elapsed": 56.956905, "delta": 0.727785}}
{"target": -34.87613628479267, "params": {"C": 30117.015317596957, "gamma": 0.03800374308245813}, "datetime": {"datetime": "2021-09-29 08:53:03", "elapsed": 57.625561, "delta": 0.668656}}
{"target": -34.47853783322014, "params": {"C": 32752.544252802734, "gamma": 0.024501389304119253}, "datetime": {"datetime": "2021-09-29 08:53:04", "elapsed": 58.361565, "delta": 0.736004}}
{"target": -35.82910334862624, "params": {"C": 33742.35118547728, "gamma": 0.057495197607060934}, "datetime": {"datetime": "2021-09-29 08:53:05", "elapsed": 59.034564, "delta": 0.672999}}
{"target": -34.424342275885316, "params": {"C": 32467.654561963896, "gamma": 0.022613618969981316}, "datetime": {"datetime": "2021-09-29 08:53:06", "elapsed": 59.953208, "delta": 0.918644}}
{"target": -36.58359495177453, "params": {"C": 33553.78369032357, "gamma": 0.07545217706372374}, "datetime": {"datetime": "2021-09-29 08:53:07", "elapsed": 60.733207, "delta": 0.779999}}
{"target": -34.26877647867293, "params": {"C": 33781.87991734875, "gamma": 0.014916186903445754}, "datetime": {"datetime": "2021-09-29 08:53:07", "elapsed": 61.623199, "delta": 0.889992}}
{"target": -34.56771953066361, "params": {"C": 31309.616285019023, "gamma": 0.028217681303474577}, "datetime": {"datetime": "2021-09-29 08:53:08", "elapsed": 62.400198, "delta": 0.776999}}
{"target": -34.458301021119695, "params": {"C": 34114.78283576646, "gamma": 0.02345851048582957}, "datetime": {"datetime": "2021-09-29 08:53:09", "elapsed": 63.085198, "delta": 0.685}}
{"target": -36.358311689523156, "params": {"C": 32128.831594095212, "gamma": 0.07128320122245828}, "datetime": {"datetime": "2021-09-29 08:53:10", "elapsed": 63.738335, "delta": 0.653137}}
{"target": -35.26110087470203, "params": {"C": 32511.149141835303, "gamma": 0.04562437938506297}, "datetime": {"datetime": "2021-09-29 08:53:10", "elapsed": 64.43734, "delta": 0.699005}}
{"target": -34.31785466295485, "params": {"C": 33755.90303766496, "gamma": 0.01173248688335845}, "datetime": {"datetime": "2021-09-29 08:53:11", "elapsed": 65.122335, "delta": 0.684995}}
{"target": -34.87599014786573, "params": {"C": 32270.64134866651, "gamma": 0.037091709043569045}, "datetime": {"datetime": "2021-09-29 08:53:12", "elapsed": 65.934496, "delta": 0.812161}}
{"target": -34.80425328433527, "params": {"C": 32030.82279616019, "gamma": 0.03532374156514181}, "datetime": {"datetime": "2021-09-29 08:53:12", "elapsed": 66.643151, "delta": 0.708655}}
{"target": -36.95966462702539, "params": {"C": 33993.05921853987, "gamma": 0.08559905830367807}, "datetime": {"datetime": "2021-09-29 08:53:13", "elapsed": 67.374149, "delta": 0.730998}}
{"target": -36.3438870849962, "params": {"C": 31234.423454771793, "gamma": 0.07183201278715709}, "datetime": {"datetime": "2021-09-29 08:53:14", "elapsed": 68.058325, "delta": 0.684176}}
{"target": -34.29137411088908, "params": {"C": 34367.28634420086, "gamma": 0.01591539469651374}, "datetime": {"datetime": "2021-09-29 08:53:15", "elapsed": 69.01632, "delta": 0.957995}}
{"target": -34.300655800536695, "params": {"C": 30660.49131729562, "gamma": 0.017038535132675964}, "datetime": {"datetime": "2021-09-29 08:53:15", "elapsed": 69.689707, "delta": 0.673387}}
{"target": -36.82275989434608, "params": {"C": 31874.811869488458, "gamma": 0.08438077340597015}, "datetime": {"datetime": "2021-09-29 08:53:16", "elapsed": 70.486706, "delta": 0.796999}}
{"target": -36.82928553007533, "params": {"C": 30779.493248871997, "gamma": 0.0861050121363495}, "datetime": {"datetime": "2021-09-29 08:53:17", "elapsed": 71.613766, "delta": 1.12706}}
{"target": -35.38858206150743, "params": {"C": 34254.68718387769, "gamma": 0.04750176088860667}, "datetime": {"datetime": "2021-09-29 08:53:18", "elapsed": 72.535773, "delta": 0.922007}}
{"target": -34.56975670743985, "params": {"C": 33821.24986272167, "gamma": 0.027624435745243345}, "datetime": {"datetime": "2021-09-29 08:53:19", "elapsed": 73.27777, "delta": 0.741997}}
{"target": -35.46316366226902, "params": {"C": 31621.455430934202, "gamma": 0.05056732500825508}, "datetime": {"datetime": "2021-09-29 08:53:20", "elapsed": 73.980054, "delta": 0.702284}}
{"target": -36.2490840997438, "params": {"C": 34251.940947091476, "gamma": 0.06662339570314753}, "datetime": {"datetime": "2021-09-29 08:53:20", "elapsed": 74.653058, "delta": 0.673004}}
{"target": -34.32512849310926, "params": {"C": 34084.54389628965, "gamma": 0.017573541103190267}, "datetime": {"datetime": "2021-09-29 08:53:21", "elapsed": 75.333058, "delta": 0.68}}
{"target": -36.10022863923422, "params": {"C": 31574.61208496647, "gamma": 0.06547705665124366}, "datetime": {"datetime": "2021-09-29 08:53:22", "elapsed": 76.053798, "delta": 0.72074}}
{"target": -36.86504371495172, "params": {"C": 32216.43670707025, "gamma": 0.08517853177718773}, "datetime": {"datetime": "2021-09-29 08:53:23", "elapsed": 76.721583, "delta": 0.667785}}
{"target": -34.932388457925974, "params": {"C": 34001.49231990855, "gamma": 0.007139085864459867}, "datetime": {"datetime": "2021-09-29 08:53:23", "elapsed": 77.459586, "delta": 0.738003}}
{"target": -35.389067773573935, "params": {"C": 32402.44934163338, "gamma": 0.04847899082624283}, "datetime": {"datetime": "2021-09-29 08:53:24", "elapsed": 78.293733, "delta": 0.834147}}
{"target": -35.08079516912523, "params": {"C": 32894.099777164614, "gamma": 0.04150352659894276}, "datetime": {"datetime": "2021-09-29 08:53:25", "elapsed": 78.987735, "delta": 0.694002}}
{"target": -35.25188680699913, "params": {"C": 33293.93212632629, "gamma": 0.04504193588792755}, "datetime": {"datetime": "2021-09-29 08:53:26", "elapsed": 79.725908, "delta": 0.738173}}
{"target": -36.4039759544944, "params": {"C": 30817.63633045981, "gamma": 0.07379179303178977}, "datetime": {"datetime": "2021-09-29 08:53:26", "elapsed": 80.485905, "delta": 0.759997}}
{"target": -34.69514926693157, "params": {"C": 31743.850644387712, "gamma": 0.03250681522664722}, "datetime": {"datetime": "2021-09-29 08:53:27", "elapsed": 81.254905, "delta": 0.769}}
{"target": -36.47558330702513, "params": {"C": 30391.9360158386, "gamma": 0.07613764588727524}, "datetime": {"datetime": "2021-09-29 08:53:28", "elapsed": 82.248197, "delta": 0.993292}}
{"target": -35.84775171401128, "params": {"C": 30657.746201755122, "gamma": 0.060184628814666644}, "datetime": {"datetime": "2021-09-29 08:53:29", "elapsed": 82.973196, "delta": 0.724999}}
{"target": -36.79492759354286, "params": {"C": 33964.834731112125, "gamma": 0.08089591301914145}, "datetime": {"datetime": "2021-09-29 08:53:30", "elapsed": 83.915425, "delta": 0.942229}}
{"target": -37.280715662012085, "params": {"C": 32672.27913940279, "gamma": 0.0961905196638657}, "datetime": {"datetime": "2021-09-29 08:53:30", "elapsed": 84.661424, "delta": 0.745999}}
{"target": -36.39460947125357, "params": {"C": 34344.89063053114, "gamma": 0.07000319311085082}, "datetime": {"datetime": "2021-09-29 08:53:31", "elapsed": 85.414426, "delta": 0.753002}}
{"target": -36.15720686370103, "params": {"C": 32722.58555304288, "gamma": 0.06580074408898086}, "datetime": {"datetime": "2021-09-29 08:53:32", "elapsed": 86.176119, "delta": 0.761693}}
{"target": -35.31309441271557, "params": {"C": 34908.15435442085, "gamma": 0.04557957003520392}, "datetime": {"datetime": "2021-09-29 08:53:33", "elapsed": 86.997577, "delta": 0.821458}}
{"target": -35.91043103291348, "params": {"C": 31079.42647421929, "gamma": 0.061308783724771}, "datetime": {"datetime": "2021-09-29 08:53:34", "elapsed": 87.773229, "delta": 0.775652}}
{"target": -36.31809785457607, "params": {"C": 31063.84639467824, "gamma": 0.07133630427170405}, "datetime": {"datetime": "2021-09-29 08:53:35", "elapsed": 88.845232, "delta": 1.072003}}
{"target": -37.20155900674837, "params": {"C": 34788.30748852218, "gamma": 0.0909008904067222}, "datetime": {"datetime": "2021-09-29 08:53:35", "elapsed": 89.601729, "delta": 0.756497}}
{"target": -36.168355101935155, "params": {"C": 33436.23477702341, "gamma": 0.0654417012059551}, "datetime": {"datetime": "2021-09-29 08:53:36", "elapsed": 90.599726, "delta": 0.997997}}
{"target": -36.783719893353414, "params": {"C": 30323.8759268667, "gamma": 0.08531757307848736}, "datetime": {"datetime": "2021-09-29 08:53:37", "elapsed": 91.309733, "delta": 0.710007}}
{"target": -34.645841836854686, "params": {"C": 34830.3863279728, "gamma": 0.030172216386124606}, "datetime": {"datetime": "2021-09-29 08:53:38", "elapsed": 92.069962, "delta": 0.760229}}
{"target": -37.340988080341575, "params": {"C": 33998.994708310536, "gamma": 0.09581421574305153}, "datetime": {"datetime": "2021-09-29 08:53:39", "elapsed": 92.849961, "delta": 0.779999}}
{"target": -35.23722228970815, "params": {"C": 30437.317429621984, "gamma": 0.04617049809553398}, "datetime": {"datetime": "2021-09-29 08:53:39", "elapsed": 93.651103, "delta": 0.801142}}
{"target": -35.59460558085934, "params": {"C": 30967.82079495778, "gamma": 0.05397441678038623}, "datetime": {"datetime": "2021-09-29 08:53:40", "elapsed": 94.462654, "delta": 0.811551}}
{"target": -35.724974973265375, "params": {"C": 31400.774923589233, "gamma": 0.05674726222841694}, "datetime": {"datetime": "2021-09-29 08:53:41", "elapsed": 95.630782, "delta": 1.168128}}
{"target": -36.355883208859815, "params": {"C": 32184.75266791981, "gamma": 0.07116875528591465}, "datetime": {"datetime": "2021-09-29 08:53:42", "elapsed": 96.527305, "delta": 0.896523}}
{"target": -36.572748177207146, "params": {"C": 34640.42075403422, "gamma": 0.07404517572910961}, "datetime": {"datetime": "2021-09-29 08:53:43", "elapsed": 97.449965, "delta": 0.92266}}
{"target": -36.53238714776676, "params": {"C": 34264.37573632236, "gamma": 0.07340489473117559}, "datetime": {"datetime": "2021-09-29 08:53:44", "elapsed": 98.350286, "delta": 0.900321}}
{"target": -34.74593143364565, "params": {"C": 33657.912386988886, "gamma": 0.007879152080681358}, "datetime": {"datetime": "2021-09-29 08:53:45", "elapsed": 99.374292, "delta": 1.024006}}
{"target": -34.72632621342557, "params": {"C": 32412.37532385963, "gamma": 0.00810920084664255}, "datetime": {"datetime": "2021-09-29 08:53:46", "elapsed": 100.416612, "delta": 1.04232}}
{"target": -36.03594596437482, "params": {"C": 30090.35898698029, "gamma": 0.06518752898140961}, "datetime": {"datetime": "2021-09-29 08:53:47", "elapsed": 101.425611, "delta": 1.008999}}
{"target": -34.33474837804558, "params": {"C": 30389.937635031172, "gamma": 0.01876839763433555}, "datetime": {"datetime": "2021-09-29 08:53:48", "elapsed": 102.315553, "delta": 0.889942}}
{"target": -34.97891531159462, "params": {"C": 30284.234197719925, "gamma": 0.040355637006681565}, "datetime": {"datetime": "2021-09-29 08:53:49", "elapsed": 103.209553, "delta": 0.894}}
{"target": -35.01463343329073, "params": {"C": 30732.553582807057, "gamma": 0.040982024728314206}, "datetime": {"datetime": "2021-09-29 08:53:50", "elapsed": 104.343346, "delta": 1.133793}}
