{"target": 0.2212265602046556, "params": {"C": 4931798.811109258, "gamma": 0.8253335606672583}, "datetime": {"datetime": "2021-10-04 11:17:26", "elapsed": 55.023707, "delta": 0.733576}}
{"target": 0.20001572943690393, "params": {"C": 4029759.344790218, "gamma": 0.9400424444464088}, "datetime": {"datetime": "2021-10-04 11:17:27", "elapsed": 55.70843, "delta": 0.684723}}
{"target": -0.2105387339423206, "params": {"C": 6314319.231918092, "gamma": 0.1985758106606648}, "datetime": {"datetime": "2021-10-04 11:17:28", "elapsed": 56.262248, "delta": 0.553818}}
{"target": 0.24109480025030217, "params": {"C": 5200216.714475726, "gamma": 0.5461271864902553}, "datetime": {"datetime": "2021-10-04 11:17:28", "elapsed": 56.963463, "delta": 0.701215}}
{"target": 0.195924199486466, "params": {"C": 4380146.337491736, "gamma": 0.41949325782289915}, "datetime": {"datetime": "2021-10-04 11:17:29", "elapsed": 57.580577, "delta": 0.617114}}
{"target": 0.22231974900231155, "params": {"C": 3960611.5497751604, "gamma": 0.8192317508410016}, "datetime": {"datetime": "2021-10-04 11:17:30", "elapsed": 58.181217, "delta": 0.60064}}
{"target": 0.19558748752438826, "params": {"C": 5373128.757415406, "gamma": 0.9636482319440974}, "datetime": {"datetime": "2021-10-04 11:17:30", "elapsed": 58.881769, "delta": 0.700552}}
{"target": -0.15558398456076183, "params": {"C": 6114463.17155967, "gamma": 0.2131955547620291}, "datetime": {"datetime": "2021-10-04 11:17:31", "elapsed": 59.559816, "delta": 0.678047}}
{"target": -0.4652792638670349, "params": {"C": 4178499.5444302647, "gamma": 0.09803129328442953}, "datetime": {"datetime": "2021-10-04 11:17:32", "elapsed": 60.24814, "delta": 0.688324}}
{"target": 0.1806353960734567, "params": {"C": 1934741.3362795175, "gamma": 0.38580834235496797}, "datetime": {"datetime": "2021-10-04 11:17:32", "elapsed": 61.003021, "delta": 0.754881}}
{"target": 0.24449459574916776, "params": {"C": 4227345.77943217, "gamma": 0.5753232242200778}, "datetime": {"datetime": "2021-10-04 11:17:33", "elapsed": 61.673322, "delta": 0.670301}}
{"target": 0.16454796413192263, "params": {"C": 1210627.5716745234, "gamma": 0.3532811515233264}, "datetime": {"datetime": "2021-10-04 11:17:34", "elapsed": 62.349705, "delta": 0.676383}}
{"target": -0.15646741006513398, "params": {"C": 5954579.655044922, "gamma": 0.21243028210928608}, "datetime": {"datetime": "2021-10-04 11:17:34", "elapsed": 63.014402, "delta": 0.664697}}
{"target": 0.24193344128778282, "params": {"C": 7736232.133859102, "gamma": 0.556607798195762}, "datetime": {"datetime": "2021-10-04 11:17:35", "elapsed": 63.626603, "delta": 0.612201}}
{"target": -0.2194166717102204, "params": {"C": 5441778.211535016, "gamma": 0.19273785683422615}, "datetime": {"datetime": "2021-10-04 11:17:36", "elapsed": 64.297247, "delta": 0.670644}}
{"target": 0.195478864219521, "params": {"C": 5200215.349992502, "gamma": 0.42029299021916255}, "datetime": {"datetime": "2021-10-04 11:17:36", "elapsed": 65.078428, "delta": 0.781181}}
{"target": 0.18637834875961823, "params": {"C": 3662141.6035104934, "gamma": 0.40359417228608563}, "datetime": {"datetime": "2021-10-04 11:17:37", "elapsed": 65.701933, "delta": 0.623505}}
{"target": 0.22877974604547935, "params": {"C": 3618137.5622665854, "gamma": 0.7812173649700783}, "datetime": {"datetime": "2021-10-04 11:17:38", "elapsed": 66.460646, "delta": 0.758713}}
{"target": 0.23389300619847864, "params": {"C": 5955104.367948951, "gamma": 0.5104802616773733}, "datetime": {"datetime": "2021-10-04 11:17:39", "elapsed": 67.128596, "delta": 0.66795}}
{"target": 0.23137368908964318, "params": {"C": 5957167.99274538, "gamma": 0.7642177613599916}, "datetime": {"datetime": "2021-10-04 11:17:39", "elapsed": 67.853199, "delta": 0.724603}}
{"target": 0.21795133746204698, "params": {"C": 9209225.87207644, "gamma": 0.8434955473428887}, "datetime": {"datetime": "2021-10-04 11:17:40", "elapsed": 68.522536, "delta": 0.669337}}
{"target": 0.2444136608654366, "params": {"C": 5955121.536067183, "gamma": 0.5810772953794258}, "datetime": {"datetime": "2021-10-04 11:17:41", "elapsed": 69.193188, "delta": 0.670652}}
{"target": 0.03834997468476886, "params": {"C": 1210634.0332438198, "gamma": 0.2448551564358947}, "datetime": {"datetime": "2021-10-04 11:17:41", "elapsed": 69.857856, "delta": 0.664668}}
{"target": 0.2177712491755659, "params": {"C": 3618740.04767719, "gamma": 0.8447565141659258}, "datetime": {"datetime": "2021-10-04 11:17:42", "elapsed": 70.542285, "delta": 0.684429}}
{"target": 0.2472104613455932, "params": {"C": 1583067.5971568874, "gamma": 0.6189018879718113}, "datetime": {"datetime": "2021-10-04 11:17:43", "elapsed": 71.312476, "delta": 0.770191}}
{"target": -0.18335235450545495, "params": {"C": 1583602.4792824066, "gamma": 0.0903291345205616}, "datetime": {"datetime": "2021-10-04 11:17:43", "elapsed": 71.943208, "delta": 0.630732}}
{"target": 0.22003995405445853, "params": {"C": 3589817.329609991, "gamma": 0.8321534994581012}, "datetime": {"datetime": "2021-10-04 11:17:44", "elapsed": 72.576769, "delta": 0.633561}}
{"target": 0.06367552175820346, "params": {"C": 5956762.497276043, "gamma": 0.30154381412612186}, "datetime": {"datetime": "2021-10-04 11:17:45", "elapsed": 73.338039, "delta": 0.76127}}
{"target": -0.20338860879691723, "params": {"C": 1623695.2066374775, "gamma": 0.10433364317142102}, "datetime": {"datetime": "2021-10-04 11:17:46", "elapsed": 74.218197, "delta": 0.880158}}
{"target": -0.25862841137251014, "params": {"C": 6793752.9306076905, "gamma": 0.18807456527575644}, "datetime": {"datetime": "2021-10-04 11:17:46", "elapsed": 75.016851, "delta": 0.798654}}
{"target": 0.24540478696796386, "params": {"C": 3458457.486550986, "gamma": 0.6354474239163107}, "datetime": {"datetime": "2021-10-04 11:17:47", "elapsed": 75.73101, "delta": 0.714159}}
{"target": 0.2465474698378225, "params": {"C": 1866473.4094248912, "gamma": 0.6288879975950237}, "datetime": {"datetime": "2021-10-04 11:17:48", "elapsed": 76.489894, "delta": 0.758884}}
{"target": 0.1978316811954285, "params": {"C": 2872397.7605153527, "gamma": 0.4176288445021592}, "datetime": {"datetime": "2021-10-04 11:17:49", "elapsed": 77.225439, "delta": 0.735545}}
{"target": 0.16048890340332522, "params": {"C": 4931793.699358204, "gamma": 0.37519998647590397}, "datetime": {"datetime": "2021-10-04 11:17:49", "elapsed": 77.98744, "delta": 0.762001}}
{"target": 0.2425995715791035, "params": {"C": 6285844.355752958, "gamma": 0.6730865337411226}, "datetime": {"datetime": "2021-10-04 11:17:50", "elapsed": 78.922688, "delta": 0.935248}}
{"target": 0.1959589818145675, "params": {"C": 3960619.688640078, "gamma": 0.4185507513000298}, "datetime": {"datetime": "2021-10-04 11:17:51", "elapsed": 79.758458, "delta": 0.83577}}
{"target": 0.23765794553903485, "params": {"C": 9226389.904481836, "gamma": 0.7187748897890344}, "datetime": {"datetime": "2021-10-04 11:17:52", "elapsed": 80.44637, "delta": 0.687912}}
{"target": 0.2401456610887337, "params": {"C": 5396825.700118512, "gamma": 0.6990126859573498}, "datetime": {"datetime": "2021-10-04 11:17:53", "elapsed": 81.430591, "delta": 0.984221}}
{"target": 0.08917352768281805, "params": {"C": 6759445.510228828, "gamma": 0.3185545062350684}, "datetime": {"datetime": "2021-10-04 11:17:54", "elapsed": 82.172208, "delta": 0.741617}}
{"target": 0.22211074979317535, "params": {"C": 5956741.428621378, "gamma": 0.8202067940076503}, "datetime": {"datetime": "2021-10-04 11:17:54", "elapsed": 82.98006, "delta": 0.807852}}
{"target": -0.039706933770112585, "params": {"C": 1541152.7301623672, "gamma": 0.2111467872245233}, "datetime": {"datetime": "2021-10-04 11:17:55", "elapsed": 83.831984, "delta": 0.851924}}
{"target": 0.22531500749492384, "params": {"C": 6793719.615897537, "gamma": 0.8015056429162931}, "datetime": {"datetime": "2021-10-04 11:17:56", "elapsed": 84.878123, "delta": 1.046139}}
{"target": 0.23894761175027113, "params": {"C": 1463225.5120790214, "gamma": 0.7153185568193272}, "datetime": {"datetime": "2021-10-04 11:17:57", "elapsed": 85.810348, "delta": 0.932225}}
{"target": 0.22318879732201669, "params": {"C": 3618153.7878282056, "gamma": 0.8143122915437377}, "datetime": {"datetime": "2021-10-04 11:17:58", "elapsed": 86.800849, "delta": 0.990501}}
{"target": 0.16347293441450117, "params": {"C": 3589826.992550981, "gamma": 0.3750772149049418}, "datetime": {"datetime": "2021-10-04 11:17:59", "elapsed": 87.729133, "delta": 0.928284}}
{"target": 0.11550573825218935, "params": {"C": 3618284.9746729853, "gamma": 0.33070696056957916}, "datetime": {"datetime": "2021-10-04 11:18:00", "elapsed": 88.608136, "delta": 0.879003}}
{"target": -0.00542777841994968, "params": {"C": 5633071.219764108, "gamma": 0.26569756971249786}, "datetime": {"datetime": "2021-10-04 11:18:01", "elapsed": 89.43938, "delta": 0.831244}}
{"target": 0.20253514648496984, "params": {"C": 3960630.6394933984, "gamma": 0.9266757808452968}, "datetime": {"datetime": "2021-10-04 11:18:02", "elapsed": 90.338175, "delta": 0.898795}}
{"target": 0.1994193289967463, "params": {"C": 6793728.763637138, "gamma": 0.42845341746741633}, "datetime": {"datetime": "2021-10-04 11:18:03", "elapsed": 91.154557, "delta": 0.816382}}
{"target": -0.020091756860094012, "params": {"C": 1463211.1900933029, "gamma": 0.21907376926080085}, "datetime": {"datetime": "2021-10-04 11:18:04", "elapsed": 92.115486, "delta": 0.960929}}
{"target": 0.23381747513134765, "params": {"C": 8915273.038343698, "gamma": 0.7473290257499964}, "datetime": {"datetime": "2021-10-04 11:18:04", "elapsed": 93.01628, "delta": 0.900794}}
{"target": -0.4726022178911953, "params": {"C": 5115730.32340123, "gamma": 0.12380238484439865}, "datetime": {"datetime": "2021-10-04 11:18:05", "elapsed": 93.958801, "delta": 0.942521}}
{"target": 0.20413421675826138, "params": {"C": 9838811.34146682, "gamma": 0.9182750043815198}, "datetime": {"datetime": "2021-10-04 11:18:06", "elapsed": 94.723471, "delta": 0.76467}}
{"target": 0.019910124329478585, "params": {"C": 7120639.402568151, "gamma": 0.28008993580425523}, "datetime": {"datetime": "2021-10-04 11:18:07", "elapsed": 95.740813, "delta": 1.017342}}
{"target": 0.2257765018215545, "params": {"C": 3960603.3947483674, "gamma": 0.7991876148593284}, "datetime": {"datetime": "2021-10-04 11:18:08", "elapsed": 96.538671, "delta": 0.797858}}
{"target": -0.39022050117009033, "params": {"C": 3589810.6535485154, "gamma": 0.07683168619403377}, "datetime": {"datetime": "2021-10-04 11:18:09", "elapsed": 97.341311, "delta": 0.80264}}
{"target": -0.5683511833733448, "params": {"C": 5956745.646185254, "gamma": 0.1043968938711781}, "datetime": {"datetime": "2021-10-04 11:18:10", "elapsed": 98.315835, "delta": 0.974524}}
{"target": 0.12275446250241617, "params": {"C": 2873367.1642408213, "gamma": 0.33299576837246775}, "datetime": {"datetime": "2021-10-04 11:18:11", "elapsed": 99.115588, "delta": 0.799753}}
{"target": 0.24103446602577938, "params": {"C": 4029753.8188175117, "gamma": 0.6920822645395613}, "datetime": {"datetime": "2021-10-04 11:18:11", "elapsed": 100.045289, "delta": 0.929701}}
{"target": 0.23562881534052726, "params": {"C": 5177951.238099908, "gamma": 0.516483273078901}, "datetime": {"datetime": "2021-10-04 11:18:12", "elapsed": 100.953962, "delta": 0.908673}}
{"target": 0.226213040548922, "params": {"C": 3960638.195706085, "gamma": 0.7966031077554789}, "datetime": {"datetime": "2021-10-04 11:18:13", "elapsed": 101.74695, "delta": 0.792988}}
{"target": 0.1937849865394271, "params": {"C": 9226382.100909509, "gamma": 0.973340814628068}, "datetime": {"datetime": "2021-10-04 11:18:14", "elapsed": 102.598162, "delta": 0.851212}}
{"target": 0.1621211941381735, "params": {"C": 6816466.076136449, "gamma": 0.37946878225156266}, "datetime": {"datetime": "2021-10-04 11:18:15", "elapsed": 103.539877, "delta": 0.941715}}
{"target": 0.1896583226542644, "params": {"C": 4931803.157409715, "gamma": 0.9952754597568318}, "datetime": {"datetime": "2021-10-04 11:18:16", "elapsed": 104.480943, "delta": 0.941066}}
{"target": 0.15873171709283174, "params": {"C": 2872405.2997521386, "gamma": 0.020358056337129463}, "datetime": {"datetime": "2021-10-04 11:18:17", "elapsed": 105.585132, "delta": 1.104189}}
{"target": 0.11761381965312967, "params": {"C": 2213055.3068918684, "gamma": 0.32360302284324105}, "datetime": {"datetime": "2021-10-04 11:18:18", "elapsed": 106.614176, "delta": 1.029044}}
{"target": 0.20716128361116404, "params": {"C": 1970134.489309208, "gamma": 0.9016285854666258}, "datetime": {"datetime": "2021-10-04 11:18:19", "elapsed": 107.462915, "delta": 0.848739}}
{"target": 0.20864762514582091, "params": {"C": 3589799.422872589, "gamma": 0.8941446499361743}, "datetime": {"datetime": "2021-10-04 11:18:20", "elapsed": 108.308347, "delta": 0.845432}}
{"target": -0.3635743724777756, "params": {"C": 7736242.588337032, "gamma": 0.1679191801320719}, "datetime": {"datetime": "2021-10-04 11:18:21", "elapsed": 109.270968, "delta": 0.962621}}
{"target": 0.2050878240199241, "params": {"C": 1095065.249837624, "gamma": 0.40857910711945666}, "datetime": {"datetime": "2021-10-04 11:18:22", "elapsed": 110.261961, "delta": 0.990993}}
{"target": 0.24466092063739275, "params": {"C": 7223555.326829043, "gamma": 0.5893256985068283}, "datetime": {"datetime": "2021-10-04 11:18:23", "elapsed": 111.264379, "delta": 1.002418}}
{"target": 0.24470109154654174, "params": {"C": 4880904.447971182, "gamma": 0.6440603064940205}, "datetime": {"datetime": "2021-10-04 11:18:24", "elapsed": 112.303562, "delta": 1.039183}}
{"target": 0.09842090064951914, "params": {"C": 9209205.455781048, "gamma": 0.326960892231277}, "datetime": {"datetime": "2021-10-04 11:18:25", "elapsed": 113.419235, "delta": 1.115673}}
{"target": -0.13285426580823434, "params": {"C": 3402032.4034267333, "gamma": 0.20562626803516706}, "datetime": {"datetime": "2021-10-04 11:18:26", "elapsed": 114.530183, "delta": 1.110948}}
{"target": 0.20000896170953664, "params": {"C": 1967156.8433018012, "gamma": 0.41484910909685985}, "datetime": {"datetime": "2021-10-04 11:18:27", "elapsed": 115.64152, "delta": 1.111337}}
{"target": 0.20099562393896908, "params": {"C": 4227364.586428944, "gamma": 0.9348627044284038}, "datetime": {"datetime": "2021-10-04 11:18:28", "elapsed": 116.765973, "delta": 1.124453}}
{"target": 0.2199517059068936, "params": {"C": 9036526.231702, "gamma": 0.8322980374129278}, "datetime": {"datetime": "2021-10-04 11:18:29", "elapsed": 117.627816, "delta": 0.861843}}
{"target": 0.23685970152914693, "params": {"C": 3617257.693097837, "gamma": 0.5179059066453207}, "datetime": {"datetime": "2021-10-04 11:18:30", "elapsed": 119.003077, "delta": 1.375261}}
{"target": 0.1920251536239158, "params": {"C": 5956781.978320665, "gamma": 0.9826653988235239}, "datetime": {"datetime": "2021-10-04 11:18:32", "elapsed": 120.096043, "delta": 1.092966}}
{"target": 0.239557004076851, "params": {"C": 6287409.700995667, "gamma": 0.7037503727860062}, "datetime": {"datetime": "2021-10-04 11:18:32", "elapsed": 121.054177, "delta": 0.958134}}
{"target": 0.1578471939374232, "params": {"C": 9037541.56430011, "gamma": 0.37659770017158745}, "datetime": {"datetime": "2021-10-04 11:18:34", "elapsed": 122.109802, "delta": 1.055625}}
{"target": 0.22439682890721302, "params": {"C": 4880899.378550554, "gamma": 0.8071227996872076}, "datetime": {"datetime": "2021-10-04 11:18:35", "elapsed": 123.099402, "delta": 0.9896}}
{"target": -0.04341975755844363, "params": {"C": 3458445.7369923317, "gamma": 0.2403943806237758}, "datetime": {"datetime": "2021-10-04 11:18:36", "elapsed": 124.200366, "delta": 1.100964}}
{"target": -0.3265720517104109, "params": {"C": 3618150.321449339, "gamma": 0.1453066404996574}, "datetime": {"datetime": "2021-10-04 11:18:37", "elapsed": 125.237518, "delta": 1.037152}}
{"target": -0.17624474652067534, "params": {"C": 3618121.974671067, "gamma": 0.04759236791020826}, "datetime": {"datetime": "2021-10-04 11:18:38", "elapsed": 126.247191, "delta": 1.009673}}
{"target": 0.21890208573688041, "params": {"C": 4380150.68762439, "gamma": 0.8384350117196858}, "datetime": {"datetime": "2021-10-04 11:18:39", "elapsed": 127.258172, "delta": 1.010981}}
{"target": 0.19074415410364987, "params": {"C": 5955133.633739317, "gamma": 0.98951727911389}, "datetime": {"datetime": "2021-10-04 11:18:40", "elapsed": 128.319714, "delta": 1.061542}}
{"target": 0.20644570400526374, "params": {"C": 4931790.5652636215, "gamma": 0.9059391109180708}, "datetime": {"datetime": "2021-10-04 11:18:41", "elapsed": 129.795947, "delta": 1.476233}}
{"target": 0.0037868466806655343, "params": {"C": 6287425.180240902, "gamma": 0.2712145088831383}, "datetime": {"datetime": "2021-10-04 11:18:42", "elapsed": 131.059643, "delta": 1.263696}}
{"target": 0.1584487802747544, "params": {"C": 3616844.091632507, "gamma": 0.36973400882558216}, "datetime": {"datetime": "2021-10-04 11:18:44", "elapsed": 132.097518, "delta": 1.037875}}
{"target": 0.12346683347874476, "params": {"C": 3617064.599789067, "gamma": 0.33712360701540367}, "datetime": {"datetime": "2021-10-04 11:18:44", "elapsed": 133.027997, "delta": 0.930479}}
{"target": 0.2256606348649235, "params": {"C": 3617018.822184556, "gamma": 0.7999489651857811}, "datetime": {"datetime": "2021-10-04 11:18:45", "elapsed": 133.997471, "delta": 0.969474}}
{"target": 0.2444062210445066, "params": {"C": 9436846.657878725, "gamma": 0.6420849293099381}, "datetime": {"datetime": "2021-10-04 11:18:47", "elapsed": 135.184367, "delta": 1.186896}}
{"target": 0.19479120166978503, "params": {"C": 2213077.007863081, "gamma": 0.9672281216851174}, "datetime": {"datetime": "2021-10-04 11:18:48", "elapsed": 136.298951, "delta": 1.114584}}
{"target": 0.21650837306945248, "params": {"C": 6793714.8131607985, "gamma": 0.8515624408473901}, "datetime": {"datetime": "2021-10-04 11:18:49", "elapsed": 137.572331, "delta": 1.27338}}
{"target": -0.07023465060582557, "params": {"C": 1583616.2878265418, "gamma": 0.19659877073737486}, "datetime": {"datetime": "2021-10-04 11:18:50", "elapsed": 138.544325, "delta": 0.971994}}
{"target": 0.18898098536378205, "params": {"C": 2213064.2471609493, "gamma": 0.9981961708129211}, "datetime": {"datetime": "2021-10-04 11:18:51", "elapsed": 139.712508, "delta": 1.168183}}
{"target": 0.2212557764980958, "params": {"C": 5957201.182661841, "gamma": 0.8250793770034864}, "datetime": {"datetime": "2021-10-04 11:18:52", "elapsed": 140.722389, "delta": 1.009881}}
{"target": 0.23328723438305488, "params": {"C": 1970143.5876072748, "gamma": 0.4928804863707638}, "datetime": {"datetime": "2021-10-04 11:18:53", "elapsed": 141.788672, "delta": 1.066283}}
{"target": 0.2450996675604109, "params": {"C": 2873377.5291240076, "gamma": 0.5735694589983562}, "datetime": {"datetime": "2021-10-04 11:18:54", "elapsed": 142.820372, "delta": 1.0317}}
{"target": 0.04808568765017507, "params": {"C": 3617262.286491638, "gamma": 0.2858496107084801}, "datetime": {"datetime": "2021-10-04 11:18:55", "elapsed": 143.849492, "delta": 1.02912}}
{"target": 0.20350366581466994, "params": {"C": 5955142.247713023, "gamma": 0.9216135866389088}, "datetime": {"datetime": "2021-10-04 11:18:57", "elapsed": 145.273644, "delta": 1.424152}}
{"target": -0.5203949074387464, "params": {"C": 4931784.481019653, "gamma": 0.0910847314080573}, "datetime": {"datetime": "2021-10-04 11:18:58", "elapsed": 146.273647, "delta": 1.000003}}
{"target": 0.24003166296021627, "params": {"C": 5956736.714525248, "gamma": 0.6996867548646847}, "datetime": {"datetime": "2021-10-04 11:18:59", "elapsed": 147.475035, "delta": 1.201388}}
{"target": 0.2332511110671649, "params": {"C": 5373132.492589563, "gamma": 0.7519232547589371}, "datetime": {"datetime": "2021-10-04 11:19:00", "elapsed": 148.579587, "delta": 1.104552}}
{"target": 0.218565795212876, "params": {"C": 5283831.138942352, "gamma": 0.8402435631729842}, "datetime": {"datetime": "2021-10-04 11:19:01", "elapsed": 149.668704, "delta": 1.089117}}
{"target": 0.2459184189565845, "params": {"C": 3458462.5034235213, "gamma": 0.6145743574618787}, "datetime": {"datetime": "2021-10-04 11:19:02", "elapsed": 150.612597, "delta": 0.943893}}
{"target": -0.10176769052807222, "params": {"C": 3662133.239142877, "gamma": 0.21900569521283691}, "datetime": {"datetime": "2021-10-04 11:19:03", "elapsed": 151.62263, "delta": 1.010033}}
{"target": -0.04536663462115187, "params": {"C": 2872393.290764921, "gamma": 0.23452446108623912}, "datetime": {"datetime": "2021-10-04 11:19:04", "elapsed": 152.686396, "delta": 1.063766}}
{"target": 0.21819638213102555, "params": {"C": 5725128.630794923, "gamma": 0.4636101739538023}, "datetime": {"datetime": "2021-10-04 11:19:05", "elapsed": 153.580407, "delta": 0.894011}}
{"target": 0.004609530771032322, "params": {"C": 1584388.5442231535, "gamma": 0.2371825849820178}, "datetime": {"datetime": "2021-10-04 11:19:06", "elapsed": 154.559111, "delta": 0.978704}}
{"target": 0.22189658067224116, "params": {"C": 2392281.531237565, "gamma": 0.8218524604915468}, "datetime": {"datetime": "2021-10-04 11:19:07", "elapsed": 155.412367, "delta": 0.853256}}
{"target": 0.19816962261308335, "params": {"C": 1463200.2327368627, "gamma": 0.9483963267738402}, "datetime": {"datetime": "2021-10-04 11:19:08", "elapsed": 156.503155, "delta": 1.090788}}
{"target": -0.08808396312078903, "params": {"C": 1970151.574534176, "gamma": 0.20049860170955608}, "datetime": {"datetime": "2021-10-04 11:19:09", "elapsed": 157.750106, "delta": 1.246951}}
{"target": 0.08927787002666632, "params": {"C": 9037261.421414386, "gamma": 0.32071137829559654}, "datetime": {"datetime": "2021-10-04 11:19:10", "elapsed": 158.63093, "delta": 0.880824}}
{"target": 0.244704032956907, "params": {"C": 5725110.979149794, "gamma": 0.5854836614426536}, "datetime": {"datetime": "2021-10-04 11:19:11", "elapsed": 159.651385, "delta": 1.020455}}
{"target": -0.4551124099085244, "params": {"C": 8915281.434620816, "gamma": 0.044564812087302966}, "datetime": {"datetime": "2021-10-04 11:19:12", "elapsed": 160.525731, "delta": 0.874346}}
