{"target": -34.54843345820777, "params": {"C": 7217.667542417467, "gamma": 0.022899335323701656}, "datetime": {"datetime": "2021-09-28 19:08:48", "elapsed": 172.187791, "delta": 1.720543}}
{"target": -35.06340698132801, "params": {"C": 8512.772983091778, "gamma": 0.06468380655841054}, "datetime": {"datetime": "2021-09-28 19:08:49", "elapsed": 173.400095, "delta": 1.212304}}
{"target": -34.918727075255184, "params": {"C": 7990.109252034908, "gamma": 0.06023553029579925}, "datetime": {"datetime": "2021-09-28 19:08:51", "elapsed": 174.67772, "delta": 1.277625}}
{"target": -34.501285667365956, "params": {"C": 8512.780782450234, "gamma": 0.036669479073403954}, "datetime": {"datetime": "2021-09-28 19:08:52", "elapsed": 176.041256, "delta": 1.363536}}
{"target": -35.24184674251507, "params": {"C": 8591.948460172032, "gamma": 0.07155846129215615}, "datetime": {"datetime": "2021-09-28 19:08:54", "elapsed": 177.882453, "delta": 1.841197}}
{"target": -35.80336947961141, "params": {"C": 8169.251365362423, "gamma": 0.09853793602045356}, "datetime": {"datetime": "2021-09-28 19:08:55", "elapsed": 178.820868, "delta": 0.938415}}
{"target": -35.09375681871777, "params": {"C": 8111.208709024338, "gamma": 0.013351781888018457}, "datetime": {"datetime": "2021-09-28 19:08:56", "elapsed": 179.912524, "delta": 1.091656}}
{"target": -34.481688681944696, "params": {"C": 8696.983603357237, "gamma": 0.022168423844926028}, "datetime": {"datetime": "2021-09-28 19:08:57", "elapsed": 180.942137, "delta": 1.029613}}
{"target": -34.450888269194564, "params": {"C": 7647.44646512831, "gamma": 0.03246120519828811}, "datetime": {"datetime": "2021-09-28 19:08:58", "elapsed": 182.320345, "delta": 1.378208}}
{"target": -35.66849580008558, "params": {"C": 8599.515606575931, "gamma": 0.08999794116234121}, "datetime": {"datetime": "2021-09-28 19:08:59", "elapsed": 183.317479, "delta": 0.997134}}
{"target": -35.05794758044745, "params": {"C": 7251.146450135746, "gamma": 0.06783297969067223}, "datetime": {"datetime": "2021-09-28 19:09:01", "elapsed": 184.805265, "delta": 1.487786}}
{"target": -35.29801638042307, "params": {"C": 8210.295904575394, "gamma": 0.07497692611992263}, "datetime": {"datetime": "2021-09-28 19:09:02", "elapsed": 186.512811, "delta": 1.707546}}
{"target": -35.18435697516509, "params": {"C": 8115.777658265228, "gamma": 0.012645624972841066}, "datetime": {"datetime": "2021-09-28 19:09:03", "elapsed": 187.512655, "delta": 0.999844}}
{"target": -35.802969019406675, "params": {"C": 7250.42490401952, "gamma": 0.00964696832125557}, "datetime": {"datetime": "2021-09-28 19:09:05", "elapsed": 188.802861, "delta": 1.290206}}
{"target": -36.309055014803995, "params": {"C": 7556.136527609875, "gamma": 0.006668455026566851}, "datetime": {"datetime": "2021-09-28 19:09:06", "elapsed": 190.129246, "delta": 1.326385}}
{"target": -35.21492201831434, "params": {"C": 7165.62175532716, "gamma": 0.0748052535984722}, "datetime": {"datetime": "2021-09-28 19:09:08", "elapsed": 191.530835, "delta": 1.401589}}
{"target": -34.44485427944192, "params": {"C": 7697.558233866747, "gamma": 0.02683260714329995}, "datetime": {"datetime": "2021-09-28 19:09:09", "elapsed": 193.162041, "delta": 1.631206}}
{"target": -35.14940160032465, "params": {"C": 7423.888500098995, "gamma": 0.07115710648366283}, "datetime": {"datetime": "2021-09-28 19:09:10", "elapsed": 194.21611, "delta": 1.054069}}
{"target": -35.92448247380774, "params": {"C": 8909.679190220624, "gamma": 0.10158575514142125}, "datetime": {"datetime": "2021-09-28 19:09:11", "elapsed": 195.271157, "delta": 1.055047}}
{"target": -35.62402149283704, "params": {"C": 7523.797442031723, "gamma": 0.010482878400110855}, "datetime": {"datetime": "2021-09-28 19:09:13", "elapsed": 196.633524, "delta": 1.362367}}
{"target": -35.058276636368205, "params": {"C": 7697.5845740602035, "gamma": 0.06657861487757079}, "datetime": {"datetime": "2021-09-28 19:09:14", "elapsed": 197.976842, "delta": 1.343318}}
{"target": -34.58423515044255, "params": {"C": 7942.84534046213, "gamma": 0.042360274647305636}, "datetime": {"datetime": "2021-09-28 19:09:16", "elapsed": 199.581191, "delta": 1.604349}}
{"target": -34.51435033990133, "params": {"C": 8696.941400812071, "gamma": 0.03728377493207963}, "datetime": {"datetime": "2021-09-28 19:09:18", "elapsed": 201.553713, "delta": 1.972522}}
{"target": -35.12816178448082, "params": {"C": 8696.980922964665, "gamma": 0.06676613121728256}, "datetime": {"datetime": "2021-09-28 19:09:19", "elapsed": 203.020235, "delta": 1.466522}}
{"target": -36.452877636906884, "params": {"C": 7773.573612676933, "gamma": 0.14168559548641127}, "datetime": {"datetime": "2021-09-28 19:09:20", "elapsed": 204.09631, "delta": 1.076075}}
{"target": -34.665972780002946, "params": {"C": 7090.796122812003, "gamma": 0.04862479595546556}, "datetime": {"datetime": "2021-09-28 19:09:21", "elapsed": 205.189861, "delta": 1.093551}}
{"target": -36.47838367212923, "params": {"C": 7436.97565377043, "gamma": 0.14554137153171193}, "datetime": {"datetime": "2021-09-28 19:09:22", "elapsed": 206.250832, "delta": 1.060971}}
{"target": -35.17219809388176, "params": {"C": 7647.43275371856, "gamma": 0.0714313447019001}, "datetime": {"datetime": "2021-09-28 19:09:23", "elapsed": 207.43538, "delta": 1.184548}}
{"target": -36.00151310202649, "params": {"C": 7697.578580771179, "gamma": 0.008267675269880764}, "datetime": {"datetime": "2021-09-28 19:09:25", "elapsed": 209.297246, "delta": 1.861866}}
{"target": -36.00866953972027, "params": {"C": 7208.0626473865195, "gamma": 0.11480875746251377}, "datetime": {"datetime": "2021-09-28 19:09:26", "elapsed": 210.420426, "delta": 1.12318}}
{"target": -34.57305915251742, "params": {"C": 8696.961835415092, "gamma": 0.01908547506944458}, "datetime": {"datetime": "2021-09-28 19:09:28", "elapsed": 211.859595, "delta": 1.439169}}
{"target": -34.42619553060304, "params": {"C": 8512.825750006556, "gamma": 0.03158102039629534}, "datetime": {"datetime": "2021-09-28 19:09:29", "elapsed": 213.386369, "delta": 1.526774}}
{"target": -36.639486547819565, "params": {"C": 7477.785803710329, "gamma": 0.1574805951463051}, "datetime": {"datetime": "2021-09-28 19:09:31", "elapsed": 214.53472, "delta": 1.148351}}
{"target": -35.165205111562535, "params": {"C": 8136.560241974803, "gamma": 0.06972069755008306}, "datetime": {"datetime": "2021-09-28 19:09:32", "elapsed": 215.865163, "delta": 1.330443}}
{"target": -34.674878402154, "params": {"C": 7382.146010107241, "gamma": 0.04874459793316833}, "datetime": {"datetime": "2021-09-28 19:09:34", "elapsed": 217.541977, "delta": 1.676814}}
{"target": -34.69927800014722, "params": {"C": 7070.211409404912, "gamma": 0.050772376753101305}, "datetime": {"datetime": "2021-09-28 19:09:35", "elapsed": 218.721198, "delta": 1.179221}}
{"target": -35.44341080705419, "params": {"C": 7646.903704950596, "gamma": 0.0832280473598204}, "datetime": {"datetime": "2021-09-28 19:09:36", "elapsed": 219.835752, "delta": 1.114554}}
{"target": -34.96060049246928, "params": {"C": 8443.699786173609, "gamma": 0.06084033717811473}, "datetime": {"datetime": "2021-09-28 19:09:37", "elapsed": 221.415252, "delta": 1.5795}}
{"target": -36.32659308492243, "params": {"C": 8027.995637437119, "gamma": 0.006375527394925967}, "datetime": {"datetime": "2021-09-28 19:09:39", "elapsed": 222.565655, "delta": 1.150403}}
{"target": -34.42707345170161, "params": {"C": 8119.391065649156, "gamma": 0.026512409049632132}, "datetime": {"datetime": "2021-09-28 19:09:40", "elapsed": 223.739838, "delta": 1.174183}}
{"target": -35.15126642583667, "params": {"C": 7942.872903432757, "gamma": 0.06969712885221684}, "datetime": {"datetime": "2021-09-28 19:09:41", "elapsed": 225.18357, "delta": 1.443732}}
{"target": -35.592750262066374, "params": {"C": 8443.653418378108, "gamma": 0.010044389181895708}, "datetime": {"datetime": "2021-09-28 19:09:43", "elapsed": 226.718659, "delta": 1.535089}}
{"target": -35.63688567329559, "params": {"C": 7428.498455429673, "gamma": 0.0933921587766669}, "datetime": {"datetime": "2021-09-28 19:09:44", "elapsed": 227.895097, "delta": 1.176438}}
{"target": -34.46483158867508, "params": {"C": 8443.884416704708, "gamma": 0.02348384500633882}, "datetime": {"datetime": "2021-09-28 19:09:45", "elapsed": 229.070072, "delta": 1.174975}}
{"target": -34.651540049804765, "params": {"C": 8239.31286047427, "gamma": 0.04612018441123042}, "datetime": {"datetime": "2021-09-28 19:09:46", "elapsed": 230.22712, "delta": 1.157048}}
{"target": -35.45594017600305, "params": {"C": 7647.455733049038, "gamma": 0.011373189491115097}, "datetime": {"datetime": "2021-09-28 19:09:48", "elapsed": 232.038953, "delta": 1.811833}}
{"target": -36.60069370825594, "params": {"C": 8723.47906589031, "gamma": 0.1461178312588348}, "datetime": {"datetime": "2021-09-28 19:09:49", "elapsed": 233.213593, "delta": 1.17464}}
{"target": -34.9189788370715, "params": {"C": 8789.712404317475, "gamma": 0.014214864562079786}, "datetime": {"datetime": "2021-09-28 19:09:51", "elapsed": 234.71462, "delta": 1.501027}}
{"target": -34.758995294331335, "params": {"C": 8443.67592265117, "gamma": 0.052150503030869655}, "datetime": {"datetime": "2021-09-28 19:09:52", "elapsed": 236.31736, "delta": 1.60274}}
{"target": -34.65821297151681, "params": {"C": 8697.022280019453, "gamma": 0.017270911427819183}, "datetime": {"datetime": "2021-09-28 19:09:54", "elapsed": 238.337926, "delta": 2.020566}}
{"target": -34.41496248637584, "params": {"C": 8757.77308999981, "gamma": 0.025246766257981557}, "datetime": {"datetime": "2021-09-28 19:09:56", "elapsed": 239.906482, "delta": 1.568556}}
{"target": -34.611303149644996, "params": {"C": 7485.659838112672, "gamma": 0.04461831094772222}, "datetime": {"datetime": "2021-09-28 19:09:57", "elapsed": 241.111764, "delta": 1.205282}}
{"target": -35.082336773148, "params": {"C": 8443.905836577524, "gamma": 0.06559622882689473}, "datetime": {"datetime": "2021-09-28 19:10:00", "elapsed": 243.984042, "delta": 2.872278}}
{"target": -35.34828789638163, "params": {"C": 7382.161497588582, "gamma": 0.012246678212060397}, "datetime": {"datetime": "2021-09-28 19:10:02", "elapsed": 246.057107, "delta": 2.073065}}
{"target": -34.4419792966509, "params": {"C": 8534.398980360522, "gamma": 0.03300556428175619}, "datetime": {"datetime": "2021-09-28 19:10:04", "elapsed": 247.653233, "delta": 1.596126}}
{"target": -34.403603219104426, "params": {"C": 8757.77387454196, "gamma": 0.026833474882878097}, "datetime": {"datetime": "2021-09-28 19:10:05", "elapsed": 248.846212, "delta": 1.192979}}
{"target": -35.53550635655786, "params": {"C": 8591.95938815707, "gamma": 0.010264303549598296}, "datetime": {"datetime": "2021-09-28 19:10:06", "elapsed": 250.411621, "delta": 1.565409}}
{"target": -34.72229713659947, "params": {"C": 7382.11147475968, "gamma": 0.05169673941099019}, "datetime": {"datetime": "2021-09-28 19:10:09", "elapsed": 252.729053, "delta": 2.317432}}
{"target": -34.643849655740624, "params": {"C": 8111.257972575515, "gamma": 0.04581132336627908}, "datetime": {"datetime": "2021-09-28 19:10:11", "elapsed": 255.035713, "delta": 2.30666}}
{"target": -34.80973314480555, "params": {"C": 7697.5354874672885, "gamma": 0.01625800678876162}, "datetime": {"datetime": "2021-09-28 19:10:12", "elapsed": 256.506681, "delta": 1.470968}}
{"target": -36.292951524789, "params": {"C": 7830.995458704497, "gamma": 0.13011413542464806}, "datetime": {"datetime": "2021-09-28 19:10:14", "elapsed": 257.846791, "delta": 1.34011}}
{"target": -34.704890977006336, "params": {"C": 8633.798390292004, "gamma": 0.04887900681054491}, "datetime": {"datetime": "2021-09-28 19:10:16", "elapsed": 259.547223, "delta": 1.700432}}
{"target": -34.73280522942247, "params": {"C": 8512.85038182391, "gamma": 0.05065803501787893}, "datetime": {"datetime": "2021-09-28 19:10:18", "elapsed": 261.868967, "delta": 2.321744}}
{"target": -34.61851733038365, "params": {"C": 7942.946939061868, "gamma": 0.01901301349293006}, "datetime": {"datetime": "2021-09-28 19:10:20", "elapsed": 264.437859, "delta": 2.568892}}
{"target": -34.80488855451483, "params": {"C": 8447.026074888412, "gamma": 0.054423623829883264}, "datetime": {"datetime": "2021-09-28 19:10:22", "elapsed": 265.742105, "delta": 1.304246}}
{"target": -34.62136486746246, "params": {"C": 8017.104359142906, "gamma": 0.018814617508799057}, "datetime": {"datetime": "2021-09-28 19:10:24", "elapsed": 267.92303, "delta": 2.180925}}
{"target": -35.27387416886677, "params": {"C": 7647.4834616972275, "gamma": 0.07574153785492038}, "datetime": {"datetime": "2021-09-28 19:10:26", "elapsed": 269.727409, "delta": 1.804379}}
{"target": -34.46425910611493, "params": {"C": 7942.813143465873, "gamma": 0.034756412261996224}, "datetime": {"datetime": "2021-09-28 19:10:28", "elapsed": 271.767464, "delta": 2.040055}}
{"target": -34.62677295478957, "params": {"C": 8165.291908130198, "gamma": 0.0446968877626454}, "datetime": {"datetime": "2021-09-28 19:10:30", "elapsed": 274.13309, "delta": 2.365626}}
{"target": -34.576371215956456, "params": {"C": 8056.878741652896, "gamma": 0.04174208013148962}, "datetime": {"datetime": "2021-09-28 19:10:32", "elapsed": 276.031487, "delta": 1.898397}}
{"target": -34.568714362279515, "params": {"C": 8534.335834920917, "gamma": 0.01946079842697413}, "datetime": {"datetime": "2021-09-28 19:10:35", "elapsed": 278.919758, "delta": 2.888271}}
{"target": -36.5834730073581, "params": {"C": 8738.889762827504, "gamma": 0.1447254717688035}, "datetime": {"datetime": "2021-09-28 19:10:36", "elapsed": 280.230526, "delta": 1.310768}}
{"target": -35.68078095977738, "params": {"C": 8534.370508793038, "gamma": 0.09083583099686868}, "datetime": {"datetime": "2021-09-28 19:10:38", "elapsed": 281.912603, "delta": 1.682077}}
{"target": -34.50695612526988, "params": {"C": 7090.818515483379, "gamma": 0.0252626866031076}, "datetime": {"datetime": "2021-09-28 19:10:40", "elapsed": 284.31623, "delta": 2.403627}}
{"target": -35.14444760191896, "params": {"C": 7942.803891701615, "gamma": 0.06941812604604128}, "datetime": {"datetime": "2021-09-28 19:10:42", "elapsed": 286.336385, "delta": 2.020155}}
{"target": -34.63659120698442, "params": {"C": 7706.294460559939, "gamma": 0.018909690070834873}, "datetime": {"datetime": "2021-09-28 19:10:45", "elapsed": 288.907547, "delta": 2.571162}}
{"target": -36.189318452989895, "params": {"C": 8955.419660080439, "gamma": 0.1173772954455072}, "datetime": {"datetime": "2021-09-28 19:10:46", "elapsed": 290.268547, "delta": 1.361}}
{"target": -34.967695524439264, "params": {"C": 7667.65154833049, "gamma": 0.06297823539044566}, "datetime": {"datetime": "2021-09-28 19:10:48", "elapsed": 292.045673, "delta": 1.777126}}
{"target": -36.54318037473896, "params": {"C": 7936.896922675161, "gamma": 0.1471851116754692}, "datetime": {"datetime": "2021-09-28 19:10:49", "elapsed": 293.441519, "delta": 1.395846}}
{"target": -34.595369860657534, "params": {"C": 8443.90468058063, "gamma": 0.018854473775559204}, "datetime": {"datetime": "2021-09-28 19:10:51", "elapsed": 295.294442, "delta": 1.852923}}
{"target": -34.51431883848706, "params": {"C": 7942.860557676948, "gamma": 0.022511292506740038}, "datetime": {"datetime": "2021-09-28 19:10:53", "elapsed": 297.200058, "delta": 1.905616}}
{"target": -34.79461180765382, "params": {"C": 7919.218014922237, "gamma": 0.054807121829861416}, "datetime": {"datetime": "2021-09-28 19:10:54", "elapsed": 298.522712, "delta": 1.322654}}
{"target": -35.66627537951162, "params": {"C": 7759.358670558937, "gamma": 0.010077528615609316}, "datetime": {"datetime": "2021-09-28 19:10:56", "elapsed": 299.927663, "delta": 1.404951}}
{"target": -34.46124693348028, "params": {"C": 8136.592155964027, "gamma": 0.02446563151394142}, "datetime": {"datetime": "2021-09-28 19:10:58", "elapsed": 302.207149, "delta": 2.279486}}
{"target": -34.62295638450348, "params": {"C": 8119.427566736651, "gamma": 0.01861005499390521}, "datetime": {"datetime": "2021-09-28 19:11:01", "elapsed": 305.20857, "delta": 3.001421}}
{"target": -36.4646032075944, "params": {"C": 8534.443722154085, "gamma": 0.005503809366184599}, "datetime": {"datetime": "2021-09-28 19:11:04", "elapsed": 308.015402, "delta": 2.806832}}
{"target": -34.734626470310694, "params": {"C": 8119.377099475962, "gamma": 0.051406536435812694}, "datetime": {"datetime": "2021-09-28 19:11:08", "elapsed": 312.371891, "delta": 4.356489}}
{"target": -34.59716252805543, "params": {"C": 7349.102719634891, "gamma": 0.04391962598857844}, "datetime": {"datetime": "2021-09-28 19:11:10", "elapsed": 313.810557, "delta": 1.438666}}
{"target": -34.606879330243835, "params": {"C": 7485.611505867594, "gamma": 0.044342671298622}, "datetime": {"datetime": "2021-09-28 19:11:11", "elapsed": 315.506827, "delta": 1.69627}}
{"target": -35.125855435505315, "params": {"C": 7839.699129086992, "gamma": 0.06894817648813165}, "datetime": {"datetime": "2021-09-28 19:11:13", "elapsed": 317.183858, "delta": 1.677031}}
{"target": -34.88156910501871, "params": {"C": 8165.340295115434, "gamma": 0.058377956140164694}, "datetime": {"datetime": "2021-09-28 19:11:15", "elapsed": 318.590537, "delta": 1.406679}}
{"target": -34.46488972800522, "params": {"C": 7349.146324541042, "gamma": 0.0334251759772602}, "datetime": {"datetime": "2021-09-28 19:11:16", "elapsed": 320.416119, "delta": 1.825582}}
{"target": -34.74570786743368, "params": {"C": 8512.813096787922, "gamma": 0.05136207681000398}, "datetime": {"datetime": "2021-09-28 19:11:19", "elapsed": 322.828784, "delta": 2.412665}}
{"target": -34.57605961308808, "params": {"C": 7647.415979238214, "gamma": 0.04221814378758902}, "datetime": {"datetime": "2021-09-28 19:11:21", "elapsed": 324.818389, "delta": 1.989605}}
{"target": -35.65878247765105, "params": {"C": 7090.810012442904, "gamma": 0.0959506555077972}, "datetime": {"datetime": "2021-09-28 19:11:23", "elapsed": 326.674669, "delta": 1.85628}}
{"target": -36.485022052184654, "params": {"C": 8086.52044527443, "gamma": 0.14208547195923038}, "datetime": {"datetime": "2021-09-28 19:11:24", "elapsed": 327.932126, "delta": 1.257457}}
{"target": -34.63334091942223, "params": {"C": 7643.593358483698, "gamma": 0.045776469845415176}, "datetime": {"datetime": "2021-09-28 19:11:25", "elapsed": 329.385365, "delta": 1.453239}}
{"target": -35.16346616469626, "params": {"C": 8165.2758012096665, "gamma": 0.06957023235675304}, "datetime": {"datetime": "2021-09-28 19:11:27", "elapsed": 331.238527, "delta": 1.853162}}
{"target": -35.71779079898756, "params": {"C": 8920.19887865517, "gamma": 0.09109704524839383}, "datetime": {"datetime": "2021-09-28 19:11:29", "elapsed": 332.649875, "delta": 1.411348}}
{"target": -36.33512960349932, "params": {"C": 8201.527254456334, "gamma": 0.13078971209945922}, "datetime": {"datetime": "2021-09-28 19:11:30", "elapsed": 333.969032, "delta": 1.319157}}
{"target": -35.07392906617743, "params": {"C": 8239.283696564244, "gamma": 0.06577885358476364}, "datetime": {"datetime": "2021-09-28 19:11:33", "elapsed": 337.094347, "delta": 3.125315}}
{"target": -36.14607821473806, "params": {"C": 8722.831521547061, "gamma": 0.11581173114435897}, "datetime": {"datetime": "2021-09-28 19:11:34", "elapsed": 338.443591, "delta": 1.349244}}
{"target": -34.4187091945563, "params": {"C": 8534.30558430462, "gamma": 0.03062550196596451}, "datetime": {"datetime": "2021-09-28 19:11:37", "elapsed": 341.354242, "delta": 2.910651}}
{"target": -34.89738902289359, "params": {"C": 8119.4305967878545, "gamma": 0.05909978590911015}, "datetime": {"datetime": "2021-09-28 19:11:39", "elapsed": 342.991661, "delta": 1.637419}}
{"target": -35.79874460796042, "params": {"C": 8534.301838485757, "gamma": 0.008894665851128896}, "datetime": {"datetime": "2021-09-28 19:11:41", "elapsed": 344.814623, "delta": 1.822962}}
{"target": -34.77626736345486, "params": {"C": 7165.6137622493725, "gamma": 0.01731142951552614}, "datetime": {"datetime": "2021-09-28 19:11:43", "elapsed": 347.16253, "delta": 2.347907}}
{"target": -34.5125233044604, "params": {"C": 8757.804971999818, "gamma": 0.03711446492807558}, "datetime": {"datetime": "2021-09-28 19:11:45", "elapsed": 349.501633, "delta": 2.339103}}
{"target": -35.00348962386024, "params": {"C": 8591.986802648795, "gamma": 0.062166264126447206}, "datetime": {"datetime": "2021-09-28 19:11:48", "elapsed": 352.164205, "delta": 2.662572}}
{"target": -35.24304176776653, "params": {"C": 8239.325986455207, "gamma": 0.07260978816877094}, "datetime": {"datetime": "2021-09-28 19:11:50", "elapsed": 354.010865, "delta": 1.84666}}
{"target": -34.95965622896125, "params": {"C": 8443.698790381051, "gamma": 0.060803691059152266}, "datetime": {"datetime": "2021-09-28 19:11:51", "elapsed": 355.366948, "delta": 1.356083}}
{"target": -34.59324845919103, "params": {"C": 7546.657219925852, "gamma": 0.020460927512005157}, "datetime": {"datetime": "2021-09-28 19:11:53", "elapsed": 356.769056, "delta": 1.402108}}
{"target": -36.54193725664935, "params": {"C": 7988.225202995381, "gamma": 0.14677451245770035}, "datetime": {"datetime": "2021-09-28 19:11:54", "elapsed": 358.163384, "delta": 1.394328}}
{"target": -35.02685317414707, "params": {"C": 7349.158721927016, "gamma": 0.06625406585320147}, "datetime": {"datetime": "2021-09-28 19:11:57", "elapsed": 361.103119, "delta": 2.939735}}
{"target": -35.61413857194685, "params": {"C": 7049.276481511516, "gamma": 0.010903828162856588}, "datetime": {"datetime": "2021-09-28 19:12:00", "elapsed": 363.556547, "delta": 2.453428}}
{"target": -36.156448518506444, "params": {"C": 8512.8454067759, "gamma": 0.0070627665668254475}, "datetime": {"datetime": "2021-09-28 19:12:02", "elapsed": 365.812771, "delta": 2.256224}}
{"target": -34.89182567550895, "params": {"C": 7141.311539387182, "gamma": 0.061231778235057176}, "datetime": {"datetime": "2021-09-28 19:12:03", "elapsed": 367.355551, "delta": 1.54278}}
{"target": -34.651086215533766, "params": {"C": 7706.320668803382, "gamma": 0.04679356705817597}, "datetime": {"datetime": "2021-09-28 19:12:06", "elapsed": 369.557595, "delta": 2.202044}}
