{"target": -34.98148854654588, "params": {"C": 12655.058491897584, "gamma": 0.04835988164995085}, "datetime": {"datetime": "2021-09-28 20:15:28", "elapsed": 2128.174286, "delta": 9.49076}}
{"target": -34.963362757781816, "params": {"C": 12675.502704463024, "gamma": 0.014362675634672927}, "datetime": {"datetime": "2021-09-28 20:15:33", "elapsed": 2133.097455, "delta": 4.923169}}
{"target": -36.206797848204744, "params": {"C": 18627.923859600476, "gamma": 0.004597900100673916}, "datetime": {"datetime": "2021-09-29 07:38:41", "elapsed": 0.0, "delta": 0.0}}
{"target": -35.418783338457985, "params": {"C": 17801.889409557654, "gamma": 0.06065789895547311}, "datetime": {"datetime": "2021-09-29 07:38:41", "elapsed": 0.247831, "delta": 0.247831}}
{"target": -34.55058929786293, "params": {"C": 16991.042073815544, "gamma": 0.02030934170587527}, "datetime": {"datetime": "2021-09-29 07:38:42", "elapsed": 0.489648, "delta": 0.241817}}
{"target": -35.32942251842261, "params": {"C": 15188.377188557744, "gamma": 0.06156086483931982}, "datetime": {"datetime": "2021-09-29 07:38:42", "elapsed": 0.71644, "delta": 0.226792}}
{"target": -35.64008251129772, "params": {"C": 16340.502071750405, "gamma": 0.07056059180660926}, "datetime": {"datetime": "2021-09-29 07:38:42", "elapsed": 1.108385, "delta": 0.391945}}
{"target": -35.36380190109541, "params": {"C": 16992.410954960094, "gamma": 0.06033924287642672}, "datetime": {"datetime": "2021-09-29 07:38:42", "elapsed": 1.383029, "delta": 0.274644}}
{"target": -34.72369319969676, "params": {"C": 16990.444829429012, "gamma": 0.015782460076611035}, "datetime": {"datetime": "2021-09-29 07:38:43", "elapsed": 1.678662, "delta": 0.295633}}
{"target": -34.65734921584691, "params": {"C": 16988.6441873409, "gamma": 0.030473406424355535}, "datetime": {"datetime": "2021-09-29 07:38:43", "elapsed": 1.988352, "delta": 0.30969}}
{"target": -34.66837900074477, "params": {"C": 16987.202792853943, "gamma": 0.01656811948130819}, "datetime": {"datetime": "2021-09-29 07:38:43", "elapsed": 2.308885, "delta": 0.320533}}
{"target": -35.45450205002418, "params": {"C": 16985.059198856525, "gamma": 0.06334485579137956}, "datetime": {"datetime": "2021-09-29 07:38:44", "elapsed": 2.60302, "delta": 0.294135}}
{"target": -35.38305320655155, "params": {"C": 19412.59051825316, "gamma": 0.009316289769245742}, "datetime": {"datetime": "2021-09-29 07:38:44", "elapsed": 2.931226, "delta": 0.328206}}
{"target": -34.68775094974173, "params": {"C": 19008.72183017345, "gamma": 0.031920792200477534}, "datetime": {"datetime": "2021-09-29 07:38:44", "elapsed": 3.333272, "delta": 0.402046}}
{"target": -36.06616446269062, "params": {"C": 19010.043158565953, "gamma": 0.07776563394609985}, "datetime": {"datetime": "2021-09-29 07:38:45", "elapsed": 3.622587, "delta": 0.289315}}
{"target": -35.84491280477912, "params": {"C": 16987.93106022575, "gamma": 0.0752540323098358}, "datetime": {"datetime": "2021-09-29 07:38:45", "elapsed": 3.926776, "delta": 0.304189}}
{"target": -35.14010489114965, "params": {"C": 16988.95674804874, "gamma": 0.05254397704666187}, "datetime": {"datetime": "2021-09-29 07:38:45", "elapsed": 4.225301, "delta": 0.298525}}
{"target": -34.8182844897701, "params": {"C": 16161.545464572246, "gamma": 0.014839973477404893}, "datetime": {"datetime": "2021-09-29 07:38:46", "elapsed": 4.544928, "delta": 0.319627}}
{"target": -35.0763830435733, "params": {"C": 16008.15989838657, "gamma": 0.050583388568287445}, "datetime": {"datetime": "2021-09-29 07:38:46", "elapsed": 4.809092, "delta": 0.264164}}
{"target": -35.75522602605909, "params": {"C": 19008.51260010159, "gamma": 0.007025022334060443}, "datetime": {"datetime": "2021-09-29 07:38:46", "elapsed": 5.12615, "delta": 0.317058}}
{"target": -34.638104603257496, "params": {"C": 15724.17274258526, "gamma": 0.029385394098346708}, "datetime": {"datetime": "2021-09-29 07:38:46", "elapsed": 5.412386, "delta": 0.286236}}
{"target": -34.58957376911817, "params": {"C": 19823.798655006587, "gamma": 0.016781445255016084}, "datetime": {"datetime": "2021-09-29 07:38:47", "elapsed": 5.703546, "delta": 0.29116}}
{"target": -35.30790479874489, "params": {"C": 14224.230415505916, "gamma": 0.010793891167573726}, "datetime": {"datetime": "2021-09-29 07:38:47", "elapsed": 5.999414, "delta": 0.295868}}
{"target": -35.92360009104005, "params": {"C": 16964.324318037194, "gamma": 0.006206318223403335}, "datetime": {"datetime": "2021-09-29 07:38:47", "elapsed": 6.302464, "delta": 0.30305}}
{"target": -34.52958541936599, "params": {"C": 19370.2292732911, "gamma": 0.019180499365464204}, "datetime": {"datetime": "2021-09-29 07:38:48", "elapsed": 6.633093, "delta": 0.330629}}
{"target": -35.62933317619307, "params": {"C": 15722.728659134904, "gamma": 0.07113131071228894}, "datetime": {"datetime": "2021-09-29 07:38:48", "elapsed": 6.90532, "delta": 0.272227}}
{"target": -34.98074280220235, "params": {"C": 15926.890231658037, "gamma": 0.04653090842217702}, "datetime": {"datetime": "2021-09-29 07:38:48", "elapsed": 7.217833, "delta": 0.312513}}
{"target": -35.54173844666005, "params": {"C": 16119.57498541829, "gamma": 0.0678290010244642}, "datetime": {"datetime": "2021-09-29 07:38:49", "elapsed": 7.565042, "delta": 0.347209}}
{"target": -35.04631658284117, "params": {"C": 14708.638482731392, "gamma": 0.012813855033933539}, "datetime": {"datetime": "2021-09-29 07:38:49", "elapsed": 7.982925, "delta": 0.417883}}
{"target": -36.02790270517401, "params": {"C": 18575.326214008546, "gamma": 0.07750159767056795}, "datetime": {"datetime": "2021-09-29 07:38:49", "elapsed": 8.380758, "delta": 0.397833}}
{"target": -35.0617029273178, "params": {"C": 15200.23358743157, "gamma": 0.012536014791730846}, "datetime": {"datetime": "2021-09-29 07:38:50", "elapsed": 8.884641, "delta": 0.503883}}
{"target": -34.866144071299686, "params": {"C": 14082.963529327153, "gamma": 0.04213267385727652}, "datetime": {"datetime": "2021-09-29 07:38:50", "elapsed": 9.351916, "delta": 0.467275}}
{"target": -35.46844725223058, "params": {"C": 15701.443160883733, "gamma": 0.06581201845555704}, "datetime": {"datetime": "2021-09-29 07:38:51", "elapsed": 9.760164, "delta": 0.408248}}
{"target": -34.73045010396506, "params": {"C": 14605.850798543264, "gamma": 0.03515650028525729}, "datetime": {"datetime": "2021-09-29 07:38:51", "elapsed": 10.105169, "delta": 0.345005}}
{"target": -34.545028263751895, "params": {"C": 18386.042229955056, "gamma": 0.019109324633703663}, "datetime": {"datetime": "2021-09-29 07:38:52", "elapsed": 10.459154, "delta": 0.353985}}
{"target": -35.430760431928476, "params": {"C": 17202.000638124966, "gamma": 0.06214866104026043}, "datetime": {"datetime": "2021-09-29 07:38:52", "elapsed": 10.836284, "delta": 0.37713}}
{"target": -34.90385575026324, "params": {"C": 15939.302481515606, "gamma": 0.01393737440815013}, "datetime": {"datetime": "2021-09-29 07:38:52", "elapsed": 11.199474, "delta": 0.36319}}
{"target": -35.8311000356925, "params": {"C": 15097.51258565261, "gamma": 0.006902377318163285}, "datetime": {"datetime": "2021-09-29 07:38:53", "elapsed": 11.466424, "delta": 0.26695}}
{"target": -35.17325983050154, "params": {"C": 16507.869993738317, "gamma": 0.011312892736649049}, "datetime": {"datetime": "2021-09-29 07:38:53", "elapsed": 11.827797, "delta": 0.361373}}
{"target": -34.585808390270564, "params": {"C": 17599.26175133353, "gamma": 0.025745366526989864}, "datetime": {"datetime": "2021-09-29 07:38:53", "elapsed": 12.250889, "delta": 0.423092}}
{"target": -34.72321534158171, "params": {"C": 16921.443814025766, "gamma": 0.034238303982572625}, "datetime": {"datetime": "2021-09-29 07:38:54", "elapsed": 12.645494, "delta": 0.394605}}
{"target": -34.959356160049, "params": {"C": 15785.803588334795, "gamma": 0.045682202680261616}, "datetime": {"datetime": "2021-09-29 07:38:54", "elapsed": 13.037639, "delta": 0.392145}}
{"target": -36.300699351473355, "params": {"C": 15665.415408641693, "gamma": 0.0039020121298331506}, "datetime": {"datetime": "2021-09-29 07:38:55", "elapsed": 13.423577, "delta": 0.385938}}
{"target": -35.508156950122796, "params": {"C": 15317.774953271357, "gamma": 0.009057572270057516}, "datetime": {"datetime": "2021-09-29 07:38:55", "elapsed": 13.778189, "delta": 0.354612}}
{"target": -35.874049241536945, "params": {"C": 15503.84965324327, "gamma": 0.07899469313188257}, "datetime": {"datetime": "2021-09-29 07:38:55", "elapsed": 14.362397, "delta": 0.584208}}
{"target": -35.8094900887558, "params": {"C": 14432.238323088424, "gamma": 0.0788152940770872}, "datetime": {"datetime": "2021-09-29 07:38:56", "elapsed": 14.748328, "delta": 0.385931}}
{"target": -35.05710142442396, "params": {"C": 17388.039462136407, "gamma": 0.048835177606528814}, "datetime": {"datetime": "2021-09-29 07:38:56", "elapsed": 15.176985, "delta": 0.428657}}
{"target": -34.97244177504773, "params": {"C": 19492.53121752166, "gamma": 0.01231773750724273}, "datetime": {"datetime": "2021-09-29 07:38:57", "elapsed": 15.578988, "delta": 0.402003}}
{"target": -34.96354176293524, "params": {"C": 17434.87563067915, "gamma": 0.04506020224636284}, "datetime": {"datetime": "2021-09-29 07:38:57", "elapsed": 16.077995, "delta": 0.499007}}
{"target": -35.69162960423472, "params": {"C": 18453.130696871787, "gamma": 0.06793551508327296}, "datetime": {"datetime": "2021-09-29 07:38:58", "elapsed": 16.54664, "delta": 0.468645}}
{"target": -34.790692306634256, "params": {"C": 15593.420935099044, "gamma": 0.03793985841889618}, "datetime": {"datetime": "2021-09-29 07:38:58", "elapsed": 17.009652, "delta": 0.463012}}
{"target": -34.725966633324276, "params": {"C": 16567.01708399597, "gamma": 0.03446575854314585}, "datetime": {"datetime": "2021-09-29 07:38:59", "elapsed": 17.493395, "delta": 0.483743}}
{"target": -35.569158773688834, "params": {"C": 17359.648743794365, "gamma": 0.06643476100101274}, "datetime": {"datetime": "2021-09-29 07:38:59", "elapsed": 18.019794, "delta": 0.526399}}
{"target": -34.87182535148406, "params": {"C": 17676.70115808722, "gamma": 0.04097144327619288}, "datetime": {"datetime": "2021-09-29 07:38:59", "elapsed": 18.409668, "delta": 0.389874}}
{"target": -34.93513188432264, "params": {"C": 15213.005083572803, "gamma": 0.044902394267645425}, "datetime": {"datetime": "2021-09-29 07:39:00", "elapsed": 18.85289, "delta": 0.443222}}
{"target": -35.96883187466495, "params": {"C": 18798.91068315584, "gamma": 0.07519173492704552}, "datetime": {"datetime": "2021-09-29 07:39:00", "elapsed": 19.257451, "delta": 0.404561}}
{"target": -34.55633546423565, "params": {"C": 16801.078108939477, "gamma": 0.02267584143630391}, "datetime": {"datetime": "2021-09-29 07:39:01", "elapsed": 19.596474, "delta": 0.339023}}
{"target": -34.570486980646805, "params": {"C": 16406.058307455984, "gamma": 0.024574119026963482}, "datetime": {"datetime": "2021-09-29 07:39:01", "elapsed": 19.810502, "delta": 0.214028}}
{"target": -34.689895980500204, "params": {"C": 19297.55202115779, "gamma": 0.015575790324553074}, "datetime": {"datetime": "2021-09-29 07:39:01", "elapsed": 20.022075, "delta": 0.211573}}
{"target": -34.68827813485072, "params": {"C": 15588.642673335478, "gamma": 0.016760747169998976}, "datetime": {"datetime": "2021-09-29 07:39:01", "elapsed": 20.254084, "delta": 0.232009}}
{"target": -34.80258069229973, "params": {"C": 16610.097407957677, "gamma": 0.038196786764662115}, "datetime": {"datetime": "2021-09-29 07:39:02", "elapsed": 20.506987, "delta": 0.252903}}
{"target": -35.73083110009954, "params": {"C": 17007.962365417, "gamma": 0.07188541877509098}, "datetime": {"datetime": "2021-09-29 07:39:02", "elapsed": 20.725193, "delta": 0.218206}}
{"target": -35.10548404359299, "params": {"C": 19974.666228180628, "gamma": 0.04843677955595529}, "datetime": {"datetime": "2021-09-29 07:39:02", "elapsed": 20.936195, "delta": 0.211002}}
{"target": -36.211306029977834, "params": {"C": 19171.811096769088, "gamma": 0.004571513287728949}, "datetime": {"datetime": "2021-09-29 07:39:02", "elapsed": 21.138725, "delta": 0.20253}}
{"target": -34.92361531763705, "params": {"C": 14885.93740880191, "gamma": 0.04452932364554532}, "datetime": {"datetime": "2021-09-29 07:39:02", "elapsed": 21.360392, "delta": 0.221667}}
{"target": -34.62407764124791, "params": {"C": 14984.501832959191, "gamma": 0.028494863492261418}, "datetime": {"datetime": "2021-09-29 07:39:03", "elapsed": 21.574362, "delta": 0.21397}}
{"target": -35.22412951652689, "params": {"C": 16995.401595055446, "gamma": 0.055883826236900226}, "datetime": {"datetime": "2021-09-29 07:39:03", "elapsed": 21.795575, "delta": 0.221213}}
{"target": -34.75899521569541, "params": {"C": 16673.639833725076, "gamma": 0.03611825486259215}, "datetime": {"datetime": "2021-09-29 07:39:03", "elapsed": 22.024575, "delta": 0.229}}
{"target": -34.9351047238396, "params": {"C": 15060.529809269272, "gamma": 0.044972956123961974}, "datetime": {"datetime": "2021-09-29 07:39:03", "elapsed": 22.270569, "delta": 0.245994}}
{"target": -34.62797287335464, "params": {"C": 17199.28665514068, "gamma": 0.028624231791039775}, "datetime": {"datetime": "2021-09-29 07:39:04", "elapsed": 22.494903, "delta": 0.224334}}
{"target": -35.73105153997934, "params": {"C": 17822.419445404073, "gamma": 0.0702545604575481}, "datetime": {"datetime": "2021-09-29 07:39:04", "elapsed": 22.764299, "delta": 0.269396}}
{"target": -34.751873445171654, "params": {"C": 16785.51252332082, "gamma": 0.03574892821491672}, "datetime": {"datetime": "2021-09-29 07:39:04", "elapsed": 23.021135, "delta": 0.256836}}
{"target": -35.10764134313474, "params": {"C": 18245.070389729044, "gamma": 0.05007004461826626}, "datetime": {"datetime": "2021-09-29 07:39:04", "elapsed": 23.245137, "delta": 0.224002}}
{"target": -34.60894749003026, "params": {"C": 14750.128870434233, "gamma": 0.027443790705967353}, "datetime": {"datetime": "2021-09-29 07:39:05", "elapsed": 23.556735, "delta": 0.311598}}
{"target": -34.9893828210618, "params": {"C": 14831.250429455964, "gamma": 0.04749270302116008}, "datetime": {"datetime": "2021-09-29 07:39:05", "elapsed": 23.81544, "delta": 0.258705}}
{"target": -34.76178096744832, "params": {"C": 17578.75529215885, "gamma": 0.03602064218566662}, "datetime": {"datetime": "2021-09-29 07:39:05", "elapsed": 24.069971, "delta": 0.254531}}
{"target": -35.340090847057986, "params": {"C": 18285.324532672355, "gamma": 0.05751324547027216}, "datetime": {"datetime": "2021-09-29 07:39:05", "elapsed": 24.301108, "delta": 0.231137}}
{"target": -34.55813431567644, "params": {"C": 16381.290699615736, "gamma": 0.020482095551111173}, "datetime": {"datetime": "2021-09-29 07:39:06", "elapsed": 24.545288, "delta": 0.24418}}
{"target": -35.17019876021959, "params": {"C": 16146.36547114716, "gamma": 0.05453939492968337}, "datetime": {"datetime": "2021-09-29 07:39:06", "elapsed": 24.79221, "delta": 0.246922}}
{"target": -35.02094963261623, "params": {"C": 18741.621282342145, "gamma": 0.046354584072223565}, "datetime": {"datetime": "2021-09-29 07:39:06", "elapsed": 25.064241, "delta": 0.272031}}
{"target": -34.80711063338053, "params": {"C": 18431.660765300883, "gamma": 0.03784882582763405}, "datetime": {"datetime": "2021-09-29 07:39:06", "elapsed": 25.314246, "delta": 0.250005}}
{"target": -35.1231387562828, "params": {"C": 15759.032974260806, "gamma": 0.01188453966538651}, "datetime": {"datetime": "2021-09-29 07:39:07", "elapsed": 25.57424, "delta": 0.259994}}
{"target": -34.59430453636708, "params": {"C": 15165.999455465819, "gamma": 0.02636914051822731}, "datetime": {"datetime": "2021-09-29 07:39:07", "elapsed": 25.816411, "delta": 0.242171}}
{"target": -36.164711074506286, "params": {"C": 17017.03000705638, "gamma": 0.004839718947709247}, "datetime": {"datetime": "2021-09-29 07:39:07", "elapsed": 26.054758, "delta": 0.238347}}
{"target": -34.70698087314638, "params": {"C": 14645.595328457937, "gamma": 0.03378353153894122}, "datetime": {"datetime": "2021-09-29 07:39:07", "elapsed": 26.287879, "delta": 0.233121}}
{"target": -35.774265270040715, "params": {"C": 16036.899631865965, "gamma": 0.07496537361987834}, "datetime": {"datetime": "2021-09-29 07:39:08", "elapsed": 26.53801, "delta": 0.250131}}
{"target": -35.911590018823894, "params": {"C": 16304.743312446848, "gamma": 0.07873126795037318}, "datetime": {"datetime": "2021-09-29 07:39:08", "elapsed": 26.795453, "delta": 0.257443}}
{"target": -36.066307200911986, "params": {"C": 19346.12239738644, "gamma": 0.005307582996117149}, "datetime": {"datetime": "2021-09-29 07:39:08", "elapsed": 27.141448, "delta": 0.345995}}
{"target": -34.67539260235499, "params": {"C": 19301.795300056245, "gamma": 0.01576540268466732}, "datetime": {"datetime": "2021-09-29 07:39:08", "elapsed": 27.383553, "delta": 0.242105}}
{"target": -34.88707682476037, "params": {"C": 16246.132943582143, "gamma": 0.04222503233619222}, "datetime": {"datetime": "2021-09-29 07:39:09", "elapsed": 27.648555, "delta": 0.265002}}
{"target": -35.12720443736255, "params": {"C": 16031.071888946843, "gamma": 0.05275802891350797}, "datetime": {"datetime": "2021-09-29 07:39:09", "elapsed": 27.928941, "delta": 0.280386}}
{"target": -35.48016723261378, "params": {"C": 15126.992962880617, "gamma": 0.009293022310586943}, "datetime": {"datetime": "2021-09-29 07:39:09", "elapsed": 28.212638, "delta": 0.283697}}
{"target": -35.09204168877949, "params": {"C": 19120.988981924485, "gamma": 0.048738301899211786}, "datetime": {"datetime": "2021-09-29 07:39:10", "elapsed": 28.508521, "delta": 0.295883}}
{"target": -36.1349863350278, "params": {"C": 19139.4220303886, "gamma": 0.07971227249163923}, "datetime": {"datetime": "2021-09-29 07:39:10", "elapsed": 28.803613, "delta": 0.295092}}
{"target": -35.06069142152869, "params": {"C": 14243.611521162471, "gamma": 0.012838575305870254}, "datetime": {"datetime": "2021-09-29 07:39:10", "elapsed": 29.223876, "delta": 0.420263}}
{"target": -34.54709000975362, "params": {"C": 19320.404555709054, "gamma": 0.022857627855129153}, "datetime": {"datetime": "2021-09-29 07:39:11", "elapsed": 29.719899, "delta": 0.496023}}
{"target": -34.76836415722369, "params": {"C": 19202.491005383516, "gamma": 0.0359079985666882}, "datetime": {"datetime": "2021-09-29 07:39:11", "elapsed": 30.248992, "delta": 0.529093}}
{"target": -34.855622213800416, "params": {"C": 18283.207474660354, "gamma": 0.04003580221416004}, "datetime": {"datetime": "2021-09-29 07:39:12", "elapsed": 30.691323, "delta": 0.442331}}
{"target": -35.06150902444657, "params": {"C": 16691.32830597677, "gamma": 0.049526687543391866}, "datetime": {"datetime": "2021-09-29 07:39:12", "elapsed": 31.139885, "delta": 0.448562}}
{"target": -34.55062783559436, "params": {"C": 18582.732044270044, "gamma": 0.02309734319944852}, "datetime": {"datetime": "2021-09-29 07:39:13", "elapsed": 31.588554, "delta": 0.448669}}
{"target": -35.60821227914585, "params": {"C": 16301.394264691477, "gamma": 0.06969155139105139}, "datetime": {"datetime": "2021-09-29 07:39:13", "elapsed": 32.041008, "delta": 0.452454}}
{"target": -35.61371489956076, "params": {"C": 19566.22980363237, "gamma": 0.0635603391773113}, "datetime": {"datetime": "2021-09-29 07:39:14", "elapsed": 32.75367, "delta": 0.712662}}
{"target": -35.521488310237714, "params": {"C": 17213.382369097482, "gamma": 0.008702498326439158}, "datetime": {"datetime": "2021-09-29 07:39:15", "elapsed": 33.465987, "delta": 0.712317}}
{"target": -34.71425044021495, "params": {"C": 14854.738478320154, "gamma": 0.01663228082804163}, "datetime": {"datetime": "2021-09-29 07:39:15", "elapsed": 34.09266, "delta": 0.626673}}
{"target": -34.75218018312397, "params": {"C": 19005.734798013036, "gamma": 0.03522784513514094}, "datetime": {"datetime": "2021-09-29 07:39:16", "elapsed": 34.718715, "delta": 0.626055}}
{"target": -35.278925003267794, "params": {"C": 18742.253003491667, "gamma": 0.05511640259890177}, "datetime": {"datetime": "2021-09-29 07:39:16", "elapsed": 35.406852, "delta": 0.688137}}
{"target": -36.185764829267946, "params": {"C": 14514.747251820741, "gamma": 0.004686849966479714}, "datetime": {"datetime": "2021-09-29 07:39:17", "elapsed": 36.113852, "delta": 0.707}}
{"target": -34.63573012497896, "params": {"C": 14728.303508393052, "gamma": 0.029302364126123335}, "datetime": {"datetime": "2021-09-29 07:39:18", "elapsed": 36.866024, "delta": 0.752172}}
{"target": -35.21144796542624, "params": {"C": 19467.900877290696, "gamma": 0.05235093894573865}, "datetime": {"datetime": "2021-09-29 07:39:19", "elapsed": 37.593452, "delta": 0.727428}}
{"target": -34.757387662736285, "params": {"C": 15726.652251953587, "gamma": 0.015719620600296864}, "datetime": {"datetime": "2021-09-29 07:39:19", "elapsed": 38.327814, "delta": 0.734362}}
{"target": -34.55919869944949, "params": {"C": 17313.260089309788, "gamma": 0.023717629694156164}, "datetime": {"datetime": "2021-09-29 07:39:20", "elapsed": 39.076685, "delta": 0.748871}}
{"target": -35.73105270807645, "params": {"C": 17608.5644312049, "gamma": 0.07067181365245237}, "datetime": {"datetime": "2021-09-29 07:39:21", "elapsed": 39.794606, "delta": 0.717921}}
{"target": -35.54159322746242, "params": {"C": 17471.732115653784, "gamma": 0.06524946749956295}, "datetime": {"datetime": "2021-09-29 07:39:22", "elapsed": 40.493978, "delta": 0.699372}}
{"target": -34.53852329962071, "params": {"C": 18440.364612726855, "gamma": 0.019520311939908812}, "datetime": {"datetime": "2021-09-29 07:39:23", "elapsed": 41.545251, "delta": 1.051273}}
{"target": -35.43091376976105, "params": {"C": 19711.990926138013, "gamma": 0.008969560724087316}, "datetime": {"datetime": "2021-09-29 07:39:23", "elapsed": 42.288528, "delta": 0.743277}}
{"target": -35.05903582275586, "params": {"C": 15584.686729076036, "gamma": 0.05010294305646607}, "datetime": {"datetime": "2021-09-29 07:39:24", "elapsed": 43.144058, "delta": 0.85553}}
{"target": -34.53241619704207, "params": {"C": 19792.387676360388, "gamma": 0.02116064412668042}, "datetime": {"datetime": "2021-09-29 07:39:25", "elapsed": 43.852448, "delta": 0.70839}}
