{"target": -34.68685173645066, "params": {"C": 37772.248151274565, "gamma": 0.027432283421354415}, "datetime": {"datetime": "2021-09-29 09:14:43", "elapsed": 18.959487, "delta": 0.380828}}
{"target": -35.612292584543894, "params": {"C": 37765.54740313173, "gamma": 0.006668479024726578}, "datetime": {"datetime": "2021-09-29 09:14:43", "elapsed": 19.352487, "delta": 0.393}}
{"target": -35.95435366707927, "params": {"C": 37777.60234309672, "gamma": 0.0516761203755653}, "datetime": {"datetime": "2021-09-29 09:14:43", "elapsed": 19.730699, "delta": 0.378212}}
{"target": -34.708734376421894, "params": {"C": 37480.18143112604, "gamma": 0.028124910453870673}, "datetime": {"datetime": "2021-09-29 09:14:44", "elapsed": 20.140698, "delta": 0.409999}}
{"target": -35.114624034861734, "params": {"C": 35703.18136727549, "gamma": 0.0375684390566348}, "datetime": {"datetime": "2021-09-29 09:14:44", "elapsed": 20.519696, "delta": 0.378998}}
{"target": -36.16419655086284, "params": {"C": 35697.56343745182, "gamma": 0.05776199189661337}, "datetime": {"datetime": "2021-09-29 09:14:45", "elapsed": 20.973697, "delta": 0.454001}}
{"target": -34.49807729691904, "params": {"C": 35568.392420123724, "gamma": 0.020004195436327105}, "datetime": {"datetime": "2021-09-29 09:14:45", "elapsed": 21.419697, "delta": 0.446}}
{"target": -34.632743944116115, "params": {"C": 37501.10788360787, "gamma": 0.025690601200046088}, "datetime": {"datetime": "2021-09-29 09:14:46", "elapsed": 21.794891, "delta": 0.375194}}
{"target": -36.020260456732544, "params": {"C": 37495.94491377733, "gamma": 0.053188970131753534}, "datetime": {"datetime": "2021-09-29 09:14:46", "elapsed": 22.265891, "delta": 0.471}}
{"target": -35.294722909182006, "params": {"C": 37482.29490398117, "gamma": 0.03994848467857821}, "datetime": {"datetime": "2021-09-29 09:14:46", "elapsed": 22.695891, "delta": 0.43}}
{"target": -34.89721263304508, "params": {"C": 37485.47186928568, "gamma": 0.032070754721142784}, "datetime": {"datetime": "2021-09-29 09:14:47", "elapsed": 23.116887, "delta": 0.420996}}
{"target": -36.191315117564514, "params": {"C": 37499.754738170894, "gamma": 0.05677701053000972}, "datetime": {"datetime": "2021-09-29 09:14:47", "elapsed": 23.552067, "delta": 0.43518}}
{"target": -34.554205576323355, "params": {"C": 37498.5463660761, "gamma": 0.022841656225618675}, "datetime": {"datetime": "2021-09-29 09:14:48", "elapsed": 23.917121, "delta": 0.365054}}
{"target": -34.79722675496774, "params": {"C": 35570.36140036778, "gamma": 0.030641133162068974}, "datetime": {"datetime": "2021-09-29 09:14:48", "elapsed": 24.337452, "delta": 0.420331}}
{"target": -35.42549368788204, "params": {"C": 37496.167995879536, "gamma": 0.042147767474068995}, "datetime": {"datetime": "2021-09-29 09:14:48", "elapsed": 24.73645, "delta": 0.398998}}
{"target": -36.06767212652237, "params": {"C": 35568.46579726434, "gamma": 0.0557112283288359}, "datetime": {"datetime": "2021-09-29 09:14:49", "elapsed": 25.261451, "delta": 0.525001}}
{"target": -36.13154370930879, "params": {"C": 37485.52032232984, "gamma": 0.05552313184092235}, "datetime": {"datetime": "2021-09-29 09:14:49", "elapsed": 25.738153, "delta": 0.476702}}
{"target": -35.283393502646234, "params": {"C": 37504.26651919752, "gamma": 0.03975104534975972}, "datetime": {"datetime": "2021-09-29 09:14:50", "elapsed": 26.285153, "delta": 0.547}}
{"target": -36.240127077660944, "params": {"C": 39324.79711558204, "gamma": 0.056276844524430644}, "datetime": {"datetime": "2021-09-29 09:14:50", "elapsed": 26.754154, "delta": 0.469001}}
{"target": -36.24636106961104, "params": {"C": 35601.26133083983, "gamma": 0.05968862293112443}, "datetime": {"datetime": "2021-09-29 09:14:51", "elapsed": 27.227156, "delta": 0.473002}}
{"target": -34.77323385209625, "params": {"C": 37501.13235016233, "gamma": 0.029471693622371273}, "datetime": {"datetime": "2021-09-29 09:14:51", "elapsed": 27.672577, "delta": 0.445421}}
{"target": -34.51423579403865, "params": {"C": 35625.10739202853, "gamma": 0.021094754158962843}, "datetime": {"datetime": "2021-09-29 09:14:52", "elapsed": 28.194576, "delta": 0.521999}}
{"target": -34.51739700067713, "params": {"C": 37492.5753574107, "gamma": 0.021287013866118074}, "datetime": {"datetime": "2021-09-29 09:14:52", "elapsed": 28.661206, "delta": 0.46663}}
{"target": -34.68848531152562, "params": {"C": 37982.296076799044, "gamma": 0.027443852007571393}, "datetime": {"datetime": "2021-09-29 09:14:53", "elapsed": 29.113221, "delta": 0.452015}}
{"target": -35.52909627900042, "params": {"C": 38571.10377722696, "gamma": 0.043353960932539126}, "datetime": {"datetime": "2021-09-29 09:14:53", "elapsed": 29.546502, "delta": 0.433281}}
{"target": -34.619912572492936, "params": {"C": 35722.54543952764, "gamma": 0.01371208805672058}, "datetime": {"datetime": "2021-09-29 09:14:54", "elapsed": 30.047502, "delta": 0.501}}
{"target": -35.344721578438595, "params": {"C": 36788.63789262263, "gamma": 0.04115253910379158}, "datetime": {"datetime": "2021-09-29 09:14:54", "elapsed": 30.460502, "delta": 0.413}}
{"target": -35.47348628801397, "params": {"C": 35568.384662742814, "gamma": 0.044116705731465214}, "datetime": {"datetime": "2021-09-29 09:14:55", "elapsed": 31.027502, "delta": 0.567}}
{"target": -34.66768687019972, "params": {"C": 37501.08843694565, "gamma": 0.013014285055168755}, "datetime": {"datetime": "2021-09-29 09:14:55", "elapsed": 31.611708, "delta": 0.584206}}
{"target": -35.59742918736961, "params": {"C": 37501.086099990025, "gamma": 0.0452241108749331}, "datetime": {"datetime": "2021-09-29 09:14:56", "elapsed": 32.14071, "delta": 0.529002}}
{"target": -35.58090321530667, "params": {"C": 35625.13259212416, "gamma": 0.04604997052837102}, "datetime": {"datetime": "2021-09-29 09:14:56", "elapsed": 32.661708, "delta": 0.520998}}
{"target": -36.068444689511665, "params": {"C": 37480.196520973004, "gamma": 0.05419043456310733}, "datetime": {"datetime": "2021-09-29 09:14:57", "elapsed": 33.296712, "delta": 0.635004}}
{"target": -36.02939620553351, "params": {"C": 37772.2473718427, "gamma": 0.05316910401222825}, "datetime": {"datetime": "2021-09-29 09:14:58", "elapsed": 33.983897, "delta": 0.687185}}
{"target": -35.07648926489701, "params": {"C": 35706.90070120621, "gamma": 0.03671181575850078}, "datetime": {"datetime": "2021-09-29 09:14:58", "elapsed": 34.591898, "delta": 0.608001}}
{"target": -35.05826877519918, "params": {"C": 37501.13208338316, "gamma": 0.009613271568852264}, "datetime": {"datetime": "2021-09-29 09:14:59", "elapsed": 35.165899, "delta": 0.574001}}
{"target": -36.10693858770408, "params": {"C": 39455.101997822036, "gamma": 0.004708210789333474}, "datetime": {"datetime": "2021-09-29 09:14:59", "elapsed": 35.685351, "delta": 0.519452}}
{"target": -34.70612605230048, "params": {"C": 39418.162750046875, "gamma": 0.012449713675662822}, "datetime": {"datetime": "2021-09-29 09:15:00", "elapsed": 36.203368, "delta": 0.518017}}
{"target": -34.67869848067179, "params": {"C": 35566.28428767026, "gamma": 0.027605619356224062}, "datetime": {"datetime": "2021-09-29 09:15:00", "elapsed": 36.764351, "delta": 0.560983}}
{"target": -34.98092268697346, "params": {"C": 37498.52383704853, "gamma": 0.033804199162651184}, "datetime": {"datetime": "2021-09-29 09:15:01", "elapsed": 37.353351, "delta": 0.589}}
{"target": -35.40481261955253, "params": {"C": 35939.16080240051, "gamma": 0.007658471061083841}, "datetime": {"datetime": "2021-09-29 09:15:02", "elapsed": 37.875253, "delta": 0.521902}}
{"target": -35.15985333916496, "params": {"C": 39267.4908182704, "gamma": 0.0368582234838321}, "datetime": {"datetime": "2021-09-29 09:15:02", "elapsed": 38.440254, "delta": 0.565001}}
{"target": -36.402463364496874, "params": {"C": 39282.8516919905, "gamma": 0.05978700690939527}, "datetime": {"datetime": "2021-09-29 09:15:03", "elapsed": 39.000321, "delta": 0.560067}}
{"target": -34.98918085835556, "params": {"C": 35203.009600968726, "gamma": 0.010283101200449408}, "datetime": {"datetime": "2021-09-29 09:15:03", "elapsed": 39.569328, "delta": 0.569007}}
{"target": -35.149686156157955, "params": {"C": 37492.52483170067, "gamma": 0.008978809796030749}, "datetime": {"datetime": "2021-09-29 09:15:04", "elapsed": 40.160391, "delta": 0.591063}}
{"target": -34.791072047015845, "params": {"C": 35625.09503581167, "gamma": 0.030488291017798885}, "datetime": {"datetime": "2021-09-29 09:15:05", "elapsed": 40.830391, "delta": 0.67}}
{"target": -35.23854877618412, "params": {"C": 37476.41680872446, "gamma": 0.039035033209705694}, "datetime": {"datetime": "2021-09-29 09:15:05", "elapsed": 41.533407, "delta": 0.703016}}
{"target": -35.07164770282162, "params": {"C": 35700.313221862765, "gamma": 0.036605518844171826}, "datetime": {"datetime": "2021-09-29 09:15:06", "elapsed": 42.100601, "delta": 0.567194}}
{"target": -34.46895084409193, "params": {"C": 38818.94337022504, "gamma": 0.01787725405673462}, "datetime": {"datetime": "2021-09-29 09:15:07", "elapsed": 42.824602, "delta": 0.724001}}
{"target": -35.95810732971855, "params": {"C": 36917.82855390957, "gamma": 0.052369070510258825}, "datetime": {"datetime": "2021-09-29 09:15:07", "elapsed": 43.477605, "delta": 0.653003}}
{"target": -35.25310189432421, "params": {"C": 35601.26716785873, "gamma": 0.008447120770841362}, "datetime": {"datetime": "2021-09-29 09:15:08", "elapsed": 44.240166, "delta": 0.762561}}
{"target": -35.4848394750561, "params": {"C": 37492.56100986965, "gamma": 0.043189271808469244}, "datetime": {"datetime": "2021-09-29 09:15:09", "elapsed": 45.016165, "delta": 0.775999}}
{"target": -34.68199228651485, "params": {"C": 38818.938655800805, "gamma": 0.027077921553210278}, "datetime": {"datetime": "2021-09-29 09:15:09", "elapsed": 45.752787, "delta": 0.736622}}
{"target": -34.54585810439792, "params": {"C": 35568.42542500808, "gamma": 0.01491558184547936}, "datetime": {"datetime": "2021-09-29 09:15:10", "elapsed": 46.6702, "delta": 0.917413}}
{"target": -34.696735535456035, "params": {"C": 38818.96126179558, "gamma": 0.02748189172389533}, "datetime": {"datetime": "2021-09-29 09:15:11", "elapsed": 47.520198, "delta": 0.849998}}
{"target": -36.241990025723254, "params": {"C": 35428.95604318395, "gamma": 0.004248707118043425}, "datetime": {"datetime": "2021-09-29 09:15:12", "elapsed": 48.138311, "delta": 0.618113}}
{"target": -35.6601802061709, "params": {"C": 39324.785432034354, "gamma": 0.0064083276802043825}, "datetime": {"datetime": "2021-09-29 09:15:13", "elapsed": 48.886909, "delta": 0.748598}}
{"target": -35.10487273188233, "params": {"C": 37483.86948855606, "gamma": 0.009287254094479513}, "datetime": {"datetime": "2021-09-29 09:15:13", "elapsed": 49.479907, "delta": 0.592998}}
{"target": -34.73551244885528, "params": {"C": 36438.87687662799, "gamma": 0.012415823041778198}, "datetime": {"datetime": "2021-09-29 09:15:14", "elapsed": 50.026629, "delta": 0.546722}}
{"target": -34.457581113629956, "params": {"C": 37480.16968668435, "gamma": 0.0165889029035118}, "datetime": {"datetime": "2021-09-29 09:15:14", "elapsed": 50.655628, "delta": 0.628999}}
{"target": -34.887158551816704, "params": {"C": 35570.43336338413, "gamma": 0.03259940957765189}, "datetime": {"datetime": "2021-09-29 09:15:15", "elapsed": 51.68867, "delta": 1.033042}}
{"target": -35.87525103775154, "params": {"C": 37491.52300686473, "gamma": 0.00562644557791445}, "datetime": {"datetime": "2021-09-29 09:15:16", "elapsed": 52.496669, "delta": 0.807999}}
{"target": -34.51268281069223, "params": {"C": 38700.303843939044, "gamma": 0.015229321825646784}, "datetime": {"datetime": "2021-09-29 09:15:17", "elapsed": 53.141672, "delta": 0.645003}}
{"target": -34.71414933648086, "params": {"C": 37492.51997959268, "gamma": 0.028234754638202516}, "datetime": {"datetime": "2021-09-29 09:15:18", "elapsed": 53.895867, "delta": 0.754195}}
{"target": -35.141777072342094, "params": {"C": 36320.57227423003, "gamma": 0.037868412392448904}, "datetime": {"datetime": "2021-09-29 09:15:18", "elapsed": 54.449862, "delta": 0.553995}}
{"target": -34.45364165498867, "params": {"C": 39826.98973030032, "gamma": 0.016443593704166024}, "datetime": {"datetime": "2021-09-29 09:15:19", "elapsed": 55.172862, "delta": 0.723}}
{"target": -35.03686257961071, "params": {"C": 35559.538066553105, "gamma": 0.03589293114979788}, "datetime": {"datetime": "2021-09-29 09:15:20", "elapsed": 55.929039, "delta": 0.756177}}
{"target": -35.495132815675426, "params": {"C": 39765.04192624642, "gamma": 0.042110606361462855}, "datetime": {"datetime": "2021-09-29 09:15:20", "elapsed": 56.522038, "delta": 0.592999}}
{"target": -36.2587508811385, "params": {"C": 36377.94971033291, "gamma": 0.05922587257557682}, "datetime": {"datetime": "2021-09-29 09:15:21", "elapsed": 57.285039, "delta": 0.763001}}
{"target": -36.43804222160269, "params": {"C": 39945.80301880571, "gamma": 0.05998132252957878}, "datetime": {"datetime": "2021-09-29 09:15:22", "elapsed": 57.97608, "delta": 0.691041}}
{"target": -34.59095294907012, "params": {"C": 36712.09524198607, "gamma": 0.024339910529395825}, "datetime": {"datetime": "2021-09-29 09:15:22", "elapsed": 58.569071, "delta": 0.592991}}
{"target": -35.13573338782361, "params": {"C": 37660.46593755421, "gamma": 0.03708415117820804}, "datetime": {"datetime": "2021-09-29 09:15:23", "elapsed": 59.285672, "delta": 0.716601}}
{"target": -34.76629663038865, "params": {"C": 35722.52556813656, "gamma": 0.029918810467190398}, "datetime": {"datetime": "2021-09-29 09:15:24", "elapsed": 59.916842, "delta": 0.63117}}
{"target": -36.16142110516567, "params": {"C": 37663.89881937042, "gamma": 0.05602571022659095}, "datetime": {"datetime": "2021-09-29 09:15:24", "elapsed": 60.536845, "delta": 0.620003}}
{"target": -34.68638197806946, "params": {"C": 37280.06505340303, "gamma": 0.02751351220982688}, "datetime": {"datetime": "2021-09-29 09:15:25", "elapsed": 61.167848, "delta": 0.631003}}
{"target": -34.499781036302196, "params": {"C": 38700.31694265864, "gamma": 0.02019588975108902}, "datetime": {"datetime": "2021-09-29 09:15:26", "elapsed": 61.894981, "delta": 0.727133}}
{"target": -34.68406328126755, "params": {"C": 35570.40293923959, "gamma": 0.027783370277234137}, "datetime": {"datetime": "2021-09-29 09:15:26", "elapsed": 62.661982, "delta": 0.767001}}
{"target": -35.190982081138344, "params": {"C": 38988.733332531476, "gamma": 0.037552963667476146}, "datetime": {"datetime": "2021-09-29 09:15:27", "elapsed": 63.318984, "delta": 0.657002}}
{"target": -36.2624593984353, "params": {"C": 35676.87782251531, "gamma": 0.05997973803530468}, "datetime": {"datetime": "2021-09-29 09:15:28", "elapsed": 63.956777, "delta": 0.637793}}
{"target": -34.55323375983627, "params": {"C": 37982.314454483494, "gamma": 0.02273961354871544}, "datetime": {"datetime": "2021-09-29 09:15:29", "elapsed": 64.859778, "delta": 0.903001}}
{"target": -35.38045631665433, "params": {"C": 37480.13817060627, "gamma": 0.04138414382252924}, "datetime": {"datetime": "2021-09-29 09:15:30", "elapsed": 65.997805, "delta": 1.138027}}
{"target": -34.496272139098025, "params": {"C": 37593.822993789414, "gamma": 0.01993971215201074}, "datetime": {"datetime": "2021-09-29 09:15:31", "elapsed": 66.789805, "delta": 0.792}}
{"target": -35.519796198474445, "params": {"C": 38897.059597146894, "gamma": 0.04300703927935908}, "datetime": {"datetime": "2021-09-29 09:15:31", "elapsed": 67.409804, "delta": 0.619999}}
{"target": -34.50230769900916, "params": {"C": 37593.79662105519, "gamma": 0.015510528763091551}, "datetime": {"datetime": "2021-09-29 09:15:32", "elapsed": 68.103399, "delta": 0.693595}}
{"target": -36.00868543516404, "params": {"C": 37483.882528902184, "gamma": 0.05296401105046368}, "datetime": {"datetime": "2021-09-29 09:15:33", "elapsed": 68.821159, "delta": 0.71776}}
{"target": -34.47461990475415, "params": {"C": 38725.01480670888, "gamma": 0.01835922866781462}, "datetime": {"datetime": "2021-09-29 09:15:33", "elapsed": 69.442165, "delta": 0.621006}}
{"target": -34.873805730548774, "params": {"C": 35546.67993808482, "gamma": 0.032316383880464754}, "datetime": {"datetime": "2021-09-29 09:15:34", "elapsed": 70.078383, "delta": 0.636218}}
{"target": -35.18402173804868, "params": {"C": 37280.08857836029, "gamma": 0.008758334919203773}, "datetime": {"datetime": "2021-09-29 09:15:35", "elapsed": 70.786383, "delta": 0.708}}
{"target": -35.277327676737954, "params": {"C": 36438.88025512314, "gamma": 0.04020458079584383}, "datetime": {"datetime": "2021-09-29 09:15:35", "elapsed": 71.457383, "delta": 0.671}}
{"target": -34.57305926877091, "params": {"C": 38818.99669312263, "gamma": 0.02337333483262219}, "datetime": {"datetime": "2021-09-29 09:15:36", "elapsed": 72.252533, "delta": 0.79515}}
{"target": -35.25499669059638, "params": {"C": 37982.34503694748, "gamma": 0.03905095680048273}, "datetime": {"datetime": "2021-09-29 09:15:37", "elapsed": 72.992539, "delta": 0.740006}}
{"target": -34.79755228266499, "params": {"C": 35722.55904758039, "gamma": 0.030593738336054332}, "datetime": {"datetime": "2021-09-29 09:15:38", "elapsed": 73.848678, "delta": 0.856139}}
{"target": -35.74829203351245, "params": {"C": 36712.09112792254, "gamma": 0.048536433984117444}, "datetime": {"datetime": "2021-09-29 09:15:38", "elapsed": 74.729678, "delta": 0.881}}
{"target": -36.01527979576811, "params": {"C": 37772.26504817761, "gamma": 0.005080295813658233}, "datetime": {"datetime": "2021-09-29 09:15:39", "elapsed": 75.433682, "delta": 0.704004}}
{"target": -35.04321967275255, "params": {"C": 35566.2528949077, "gamma": 0.009852858761775515}, "datetime": {"datetime": "2021-09-29 09:15:40", "elapsed": 76.252946, "delta": 0.819264}}
{"target": -35.14955982910381, "params": {"C": 35396.367940229415, "gamma": 0.03851533687927841}, "datetime": {"datetime": "2021-09-29 09:15:41", "elapsed": 77.00195, "delta": 0.749004}}
{"target": -36.33627343219596, "params": {"C": 35594.867597035445, "gamma": 0.003912259402628372}, "datetime": {"datetime": "2021-09-29 09:15:42", "elapsed": 77.862819, "delta": 0.860869}}
{"target": -34.48779261000932, "params": {"C": 38724.989916389684, "gamma": 0.015748343633488673}, "datetime": {"datetime": "2021-09-29 09:15:42", "elapsed": 78.702527, "delta": 0.839708}}
{"target": -35.71854147505571, "params": {"C": 37593.82226771933, "gamma": 0.047413763368177}, "datetime": {"datetime": "2021-09-29 09:15:43", "elapsed": 79.422529, "delta": 0.720002}}
{"target": -34.829314621681824, "params": {"C": 35568.43238231315, "gamma": 0.03133822052863112}, "datetime": {"datetime": "2021-09-29 09:15:44", "elapsed": 80.370047, "delta": 0.947518}}
{"target": -34.46352467033555, "params": {"C": 38818.92144942653, "gamma": 0.017371072277851916}, "datetime": {"datetime": "2021-09-29 09:15:45", "elapsed": 81.22205, "delta": 0.852003}}
{"target": -34.74878636704285, "params": {"C": 38724.966062747335, "gamma": 0.012088365284252455}, "datetime": {"datetime": "2021-09-29 09:15:46", "elapsed": 81.972692, "delta": 0.750642}}
{"target": -35.41314428200016, "params": {"C": 38818.90976572261, "gamma": 0.04122371989366943}, "datetime": {"datetime": "2021-09-29 09:15:47", "elapsed": 82.960694, "delta": 0.988002}}
{"target": -34.92641031336919, "params": {"C": 35713.161424942984, "gamma": 0.033404384173919804}, "datetime": {"datetime": "2021-09-29 09:15:48", "elapsed": 83.811337, "delta": 0.850643}}
{"target": -35.71831976695309, "params": {"C": 35722.515032735246, "gamma": 0.04862623198528557}, "datetime": {"datetime": "2021-09-29 09:15:48", "elapsed": 84.584332, "delta": 0.772995}}
{"target": -35.391829223095485, "params": {"C": 38799.0337541856, "gamma": 0.040878074453147895}, "datetime": {"datetime": "2021-09-29 09:15:49", "elapsed": 85.332334, "delta": 0.748002}}
{"target": -35.65790213911267, "params": {"C": 37491.52848386262, "gamma": 0.04633812051466813}, "datetime": {"datetime": "2021-09-29 09:15:50", "elapsed": 86.244032, "delta": 0.911698}}
{"target": -36.11747014147368, "params": {"C": 37625.9755368395, "gamma": 0.055109848054991216}, "datetime": {"datetime": "2021-09-29 09:15:51", "elapsed": 86.969033, "delta": 0.725001}}
{"target": -35.134589484025334, "params": {"C": 38725.00479024451, "gamma": 0.036555666394046074}, "datetime": {"datetime": "2021-09-29 09:15:51", "elapsed": 87.780036, "delta": 0.811003}}
{"target": -35.432886457746896, "params": {"C": 35722.51961787574, "gamma": 0.007545825381286525}, "datetime": {"datetime": "2021-09-29 09:15:52", "elapsed": 88.575368, "delta": 0.795332}}
{"target": -35.00514369191515, "params": {"C": 35570.369410241656, "gamma": 0.010134801248897787}, "datetime": {"datetime": "2021-09-29 09:15:53", "elapsed": 89.368016, "delta": 0.792648}}
{"target": -34.46111290796235, "params": {"C": 39088.1526063809, "gamma": 0.0171590992811848}, "datetime": {"datetime": "2021-09-29 09:15:54", "elapsed": 90.122971, "delta": 0.754955}}
{"target": -36.22293822380965, "params": {"C": 35594.884147231925, "gamma": 0.05917002868045774}, "datetime": {"datetime": "2021-09-29 09:15:55", "elapsed": 90.887974, "delta": 0.765003}}
{"target": -35.68610580601262, "params": {"C": 37280.04173475925, "gamma": 0.04699487759705949}, "datetime": {"datetime": "2021-09-29 09:15:56", "elapsed": 91.787973, "delta": 0.899999}}
{"target": -34.59515600026894, "params": {"C": 38962.251604332254, "gamma": 0.0241503958951047}, "datetime": {"datetime": "2021-09-29 09:15:56", "elapsed": 92.51558, "delta": 0.727607}}
{"target": -35.082658076767565, "params": {"C": 36712.13381507732, "gamma": 0.009490966454115894}, "datetime": {"datetime": "2021-09-29 09:15:57", "elapsed": 93.48258, "delta": 0.967}}
{"target": -35.347143923724886, "params": {"C": 39280.46125611714, "gamma": 0.03990176727493008}, "datetime": {"datetime": "2021-09-29 09:15:58", "elapsed": 94.321735, "delta": 0.839155}}
{"target": -35.13093976748909, "params": {"C": 39324.758103955974, "gamma": 0.03620352550677878}, "datetime": {"datetime": "2021-09-29 09:15:59", "elapsed": 95.410734, "delta": 1.088999}}
