{"target": -35.76256691861459, "params": {"C": 8424.670035755313, "gamma": 0.008202815363813332}, "datetime": {"datetime": "2021-09-28 19:11:18", "elapsed": 335.218041, "delta": 2.379354}}
{"target": -36.03532770109907, "params": {"C": 8793.755752097975, "gamma": 0.005650034047211537}, "datetime": {"datetime": "2021-09-28 19:11:20", "elapsed": 336.879337, "delta": 1.661296}}
{"target": -34.82844412523405, "params": {"C": 8706.076915165118, "gamma": 0.04244645436502167}, "datetime": {"datetime": "2021-09-28 19:11:22", "elapsed": 339.53574, "delta": 2.656403}}
{"target": -34.74165826322269, "params": {"C": 8793.759302108236, "gamma": 0.03731776818120314}, "datetime": {"datetime": "2021-09-28 19:11:24", "elapsed": 341.55874, "delta": 2.023}}
{"target": -34.70853122678177, "params": {"C": 8081.975921190238, "gamma": 0.033509342392483446}, "datetime": {"datetime": "2021-09-28 19:11:26", "elapsed": 343.762931, "delta": 2.204191}}
{"target": -34.79588079996898, "params": {"C": 8875.430534054585, "gamma": 0.04057938200180653}, "datetime": {"datetime": "2021-09-28 19:11:28", "elapsed": 345.695893, "delta": 1.932962}}
{"target": -34.73849922062538, "params": {"C": 8979.618990286652, "gamma": 0.03705217611304029}, "datetime": {"datetime": "2021-09-28 19:11:30", "elapsed": 347.700118, "delta": 2.004225}}
{"target": -34.74803733743635, "params": {"C": 7648.076522625976, "gamma": 0.027434210230092612}, "datetime": {"datetime": "2021-09-28 19:11:34", "elapsed": 351.055561, "delta": 3.355443}}
{"target": -35.161275979412395, "params": {"C": 7697.4245941315085, "gamma": 0.061285839954454684}, "datetime": {"datetime": "2021-09-28 19:11:35", "elapsed": 352.579526, "delta": 1.523965}}
{"target": -35.36786825133472, "params": {"C": 7928.500600995924, "gamma": 0.012278752700619063}, "datetime": {"datetime": "2021-09-28 19:11:37", "elapsed": 354.699117, "delta": 2.119591}}
{"target": -34.9014261100798, "params": {"C": 8424.658913020523, "gamma": 0.04662605681636416}, "datetime": {"datetime": "2021-09-28 19:11:40", "elapsed": 356.768072, "delta": 2.068955}}
{"target": -35.07020313142954, "params": {"C": 7928.508809856732, "gamma": 0.05657408503558153}, "datetime": {"datetime": "2021-09-28 19:11:42", "elapsed": 358.795064, "delta": 2.026992}}
{"target": -34.98045750564658, "params": {"C": 8810.233596079841, "gamma": 0.016176525204533033}, "datetime": {"datetime": "2021-09-28 19:11:43", "elapsed": 360.351491, "delta": 1.556427}}
{"target": -34.69207112603177, "params": {"C": 8168.538732779858, "gamma": 0.030333419848021608}, "datetime": {"datetime": "2021-09-28 19:11:45", "elapsed": 361.945168, "delta": 1.593677}}
{"target": -34.776877079364226, "params": {"C": 7140.664132634148, "gamma": 0.03893641177448632}, "datetime": {"datetime": "2021-09-28 19:11:46", "elapsed": 363.538662, "delta": 1.593494}}
{"target": -34.870454745004274, "params": {"C": 8308.29063891345, "gamma": 0.04496527661721822}, "datetime": {"datetime": "2021-09-28 19:11:48", "elapsed": 364.933703, "delta": 1.395041}}
{"target": -34.879949047070255, "params": {"C": 8998.594559952224, "gamma": 0.045137874730061874}, "datetime": {"datetime": "2021-09-28 19:11:49", "elapsed": 366.478322, "delta": 1.544619}}
{"target": -35.65735059111578, "params": {"C": 8348.209125494792, "gamma": 0.009235335844154884}, "datetime": {"datetime": "2021-09-28 19:11:52", "elapsed": 369.087758, "delta": 2.609436}}
{"target": -34.92061027118764, "params": {"C": 8642.03002337926, "gamma": 0.04756193002951194}, "datetime": {"datetime": "2021-09-28 19:11:54", "elapsed": 371.350958, "delta": 2.2632}}
{"target": -34.83979230971646, "params": {"C": 8578.108713016978, "gamma": 0.01871651650745184}, "datetime": {"datetime": "2021-09-28 19:11:56", "elapsed": 373.717999, "delta": 2.367041}}
{"target": -34.776675624683726, "params": {"C": 7928.468219497015, "gamma": 0.03984151840166081}, "datetime": {"datetime": "2021-09-28 19:11:58", "elapsed": 375.739001, "delta": 2.021002}}
{"target": -35.42721068270658, "params": {"C": 8555.396715125938, "gamma": 0.011387028641679012}, "datetime": {"datetime": "2021-09-28 19:12:00", "elapsed": 377.505033, "delta": 1.766032}}
{"target": -35.12486210592794, "params": {"C": 8168.525087722287, "gamma": 0.014824376333214328}, "datetime": {"datetime": "2021-09-28 19:12:03", "elapsed": 379.818327, "delta": 2.313294}}
{"target": -35.03906872582375, "params": {"C": 8081.986670590027, "gamma": 0.054646825680668365}, "datetime": {"datetime": "2021-09-28 19:12:05", "elapsed": 382.67935, "delta": 2.861023}}
{"target": -34.99114206164445, "params": {"C": 7106.0448378108795, "gamma": 0.05229388046041737}, "datetime": {"datetime": "2021-09-28 19:12:08", "elapsed": 385.650687, "delta": 2.971337}}
{"target": -34.70239647080979, "params": {"C": 8875.419110383864, "gamma": 0.025682376976213065}, "datetime": {"datetime": "2021-09-28 19:12:12", "elapsed": 389.712683, "delta": 4.061996}}
{"target": -34.77809688508768, "params": {"C": 7346.558002759637, "gamma": 0.039332240239926035}, "datetime": {"datetime": "2021-09-28 19:12:14", "elapsed": 391.460636, "delta": 1.747953}}
{"target": -34.73676418148535, "params": {"C": 7885.774248765667, "gamma": 0.027228463916912287}, "datetime": {"datetime": "2021-09-28 19:12:16", "elapsed": 393.678611, "delta": 2.217975}}
{"target": -35.02368410099208, "params": {"C": 7229.450249209424, "gamma": 0.05402230118091997}, "datetime": {"datetime": "2021-09-28 19:12:18", "elapsed": 395.263014, "delta": 1.584403}}
{"target": -34.688211837229346, "params": {"C": 8348.236841313763, "gamma": 0.029562900343022728}, "datetime": {"datetime": "2021-09-28 19:12:20", "elapsed": 397.241999, "delta": 1.978985}}
{"target": -35.00291236226634, "params": {"C": 7822.529034547476, "gamma": 0.05278664407183307}, "datetime": {"datetime": "2021-09-28 19:12:22", "elapsed": 398.853341, "delta": 1.611342}}
{"target": -35.126447641916634, "params": {"C": 8424.681410578352, "gamma": 0.059377457967589045}, "datetime": {"datetime": "2021-09-28 19:12:24", "elapsed": 401.503091, "delta": 2.64975}}
{"target": -35.27328448962571, "params": {"C": 8163.006151023523, "gamma": 0.06721249892319063}, "datetime": {"datetime": "2021-09-28 19:12:26", "elapsed": 403.078749, "delta": 1.575658}}
{"target": -34.9740383905626, "params": {"C": 7411.278265199401, "gamma": 0.05145062843330065}, "datetime": {"datetime": "2021-09-28 19:12:28", "elapsed": 405.429037, "delta": 2.350288}}
{"target": -34.744863678760474, "params": {"C": 7546.564592782344, "gamma": 0.02836331158672638}, "datetime": {"datetime": "2021-09-28 19:12:31", "elapsed": 408.198229, "delta": 2.769192}}
{"target": -34.84416612684939, "params": {"C": 7746.42614847739, "gamma": 0.043778377322327505}, "datetime": {"datetime": "2021-09-28 19:12:33", "elapsed": 410.061107, "delta": 1.862878}}
{"target": -35.01540445306615, "params": {"C": 8168.530220931565, "gamma": 0.053212209853298886}, "datetime": {"datetime": "2021-09-28 19:12:35", "elapsed": 412.343187, "delta": 2.28208}}
{"target": -35.028869324250756, "params": {"C": 7633.742138061864, "gamma": 0.016404737856245383}, "datetime": {"datetime": "2021-09-28 19:12:37", "elapsed": 414.41778, "delta": 2.074593}}
{"target": -35.50188342714547, "params": {"C": 7549.799576655586, "gamma": 0.07868445450986032}, "datetime": {"datetime": "2021-09-28 19:12:39", "elapsed": 415.998693, "delta": 1.580913}}
{"target": -34.72389338484984, "params": {"C": 7590.658385013525, "gamma": 0.03403108075486689}, "datetime": {"datetime": "2021-09-28 19:12:40", "elapsed": 417.625344, "delta": 1.626651}}
{"target": -35.225616745550994, "params": {"C": 7563.948305460059, "gamma": 0.06473778111686007}, "datetime": {"datetime": "2021-09-28 19:12:42", "elapsed": 419.68946, "delta": 2.064116}}
{"target": -34.7613652276677, "params": {"C": 7046.231484105269, "gamma": 0.036971077013063854}, "datetime": {"datetime": "2021-09-28 19:12:44", "elapsed": 421.452723, "delta": 1.763263}}
{"target": -34.69253082025292, "params": {"C": 8706.098337417006, "gamma": 0.03330674963290594}, "datetime": {"datetime": "2021-09-28 19:12:47", "elapsed": 424.539407, "delta": 3.086684}}
{"target": -35.435860134042606, "params": {"C": 8979.612085067532, "gamma": 0.011132105035945337}, "datetime": {"datetime": "2021-09-28 19:12:50", "elapsed": 427.709341, "delta": 3.169934}}
{"target": -35.1603074482196, "params": {"C": 7393.07446660282, "gamma": 0.061224464056195305}, "datetime": {"datetime": "2021-09-28 19:12:53", "elapsed": 429.991108, "delta": 2.281767}}
{"target": -35.10186354958516, "params": {"C": 7590.662383699689, "gamma": 0.015478645248069921}, "datetime": {"datetime": "2021-09-28 19:12:57", "elapsed": 433.781423, "delta": 3.790315}}
{"target": -34.93708683985731, "params": {"C": 8979.581478513186, "gamma": 0.04826262233927702}, "datetime": {"datetime": "2021-09-28 19:12:59", "elapsed": 436.419833, "delta": 2.63841}}
{"target": -35.01982578328554, "params": {"C": 8168.101447728594, "gamma": 0.05346521927773049}, "datetime": {"datetime": "2021-09-28 19:13:02", "elapsed": 438.790868, "delta": 2.371035}}
{"target": -34.946668015389406, "params": {"C": 8348.215890834534, "gamma": 0.049195067703683884}, "datetime": {"datetime": "2021-09-28 19:13:04", "elapsed": 441.58664, "delta": 2.795772}}
{"target": -34.96143647981361, "params": {"C": 7730.256386641404, "gamma": 0.05047054939758686}, "datetime": {"datetime": "2021-09-28 19:13:07", "elapsed": 443.778847, "delta": 2.192207}}
{"target": -34.707647045028, "params": {"C": 7705.425938565453, "gamma": 0.031788087185341735}, "datetime": {"datetime": "2021-09-28 19:13:08", "elapsed": 445.511739, "delta": 1.732892}}
{"target": -35.3874015392068, "params": {"C": 7665.099991943309, "gamma": 0.07345470837885522}, "datetime": {"datetime": "2021-09-28 19:13:10", "elapsed": 447.214139, "delta": 1.7024}}
{"target": -34.7989227825896, "params": {"C": 7016.601554038786, "gamma": 0.02592867119581696}, "datetime": {"datetime": "2021-09-28 19:13:12", "elapsed": 448.965696, "delta": 1.751557}}
{"target": -35.00716567695855, "params": {"C": 8276.555282173504, "gamma": 0.052653717487057106}, "datetime": {"datetime": "2021-09-28 19:13:14", "elapsed": 451.732211, "delta": 2.766515}}
{"target": -35.02338193079802, "params": {"C": 8578.109271498402, "gamma": 0.053321126034668716}, "datetime": {"datetime": "2021-09-28 19:13:20", "elapsed": 456.958571, "delta": 5.22636}}
{"target": -34.80397706723981, "params": {"C": 7795.147244216045, "gamma": 0.04147629175076462}, "datetime": {"datetime": "2021-09-28 19:13:22", "elapsed": 459.312893, "delta": 2.354322}}
{"target": -34.7190189410545, "params": {"C": 8589.290520409551, "gamma": 0.02554245135628548}, "datetime": {"datetime": "2021-09-28 19:13:24", "elapsed": 461.051196, "delta": 1.738303}}
{"target": -34.80771030869369, "params": {"C": 7735.106091981285, "gamma": 0.022272402961532586}, "datetime": {"datetime": "2021-09-28 19:13:26", "elapsed": 462.786147, "delta": 1.734951}}
{"target": -34.98941532569816, "params": {"C": 8979.607811291997, "gamma": 0.05112414489939667}, "datetime": {"datetime": "2021-09-28 19:13:29", "elapsed": 466.519203, "delta": 3.733056}}
{"target": -34.87259812124789, "params": {"C": 8584.886917878344, "gamma": 0.017911645552145288}, "datetime": {"datetime": "2021-09-28 19:13:32", "elapsed": 469.041068, "delta": 2.521865}}
{"target": -34.776030585873514, "params": {"C": 7282.157399129787, "gamma": 0.026720984419486914}, "datetime": {"datetime": "2021-09-28 19:13:34", "elapsed": 470.804216, "delta": 1.763148}}
{"target": -34.68232959669415, "params": {"C": 8787.979703725723, "gamma": 0.02764970756694309}, "datetime": {"datetime": "2021-09-28 19:13:37", "elapsed": 473.804331, "delta": 3.000115}}
{"target": -34.92714744433855, "params": {"C": 7705.443644188716, "gamma": 0.017778932351630188}, "datetime": {"datetime": "2021-09-28 19:13:39", "elapsed": 476.077405, "delta": 2.273074}}
{"target": -35.009567676852605, "params": {"C": 8430.550264827076, "gamma": 0.0526645873125515}, "datetime": {"datetime": "2021-09-28 19:13:41", "elapsed": 478.607152, "delta": 2.529747}}
{"target": -34.96807434495993, "params": {"C": 7885.757544950852, "gamma": 0.05073385614631767}, "datetime": {"datetime": "2021-09-28 19:13:44", "elapsed": 481.152264, "delta": 2.545112}}
{"target": -35.5122902555834, "params": {"C": 8706.106616395842, "gamma": 0.010513060542158136}, "datetime": {"datetime": "2021-09-28 19:13:47", "elapsed": 484.186723, "delta": 3.034459}}
{"target": -34.78490855135424, "params": {"C": 7245.22814430254, "gamma": 0.026058295770440755}, "datetime": {"datetime": "2021-09-28 19:13:49", "elapsed": 486.012352, "delta": 1.825629}}
{"target": -34.860827739120104, "params": {"C": 7687.104991638441, "gamma": 0.01955110370083284}, "datetime": {"datetime": "2021-09-28 19:13:51", "elapsed": 488.182343, "delta": 2.169991}}
{"target": -35.307913787890534, "params": {"C": 7633.100213681659, "gamma": 0.06927508243396777}, "datetime": {"datetime": "2021-09-28 19:13:53", "elapsed": 489.89068, "delta": 1.708337}}
{"target": -35.5108323521038, "params": {"C": 7334.500283799725, "gamma": 0.01105054088870389}, "datetime": {"datetime": "2021-09-28 19:13:54", "elapsed": 491.645799, "delta": 1.755119}}
{"target": -34.79912771807416, "params": {"C": 8168.100632971833, "gamma": 0.02155044460296284}, "datetime": {"datetime": "2021-09-28 19:13:57", "elapsed": 494.01653, "delta": 2.370731}}
{"target": -34.7108290353153, "params": {"C": 7998.349217228502, "gamma": 0.03355502295835109}, "datetime": {"datetime": "2021-09-28 19:14:00", "elapsed": 497.51394, "delta": 3.49741}}
{"target": -35.502416004227086, "params": {"C": 8037.509653099902, "gamma": 0.010854103316326039}, "datetime": {"datetime": "2021-09-28 19:14:03", "elapsed": 500.619993, "delta": 3.106053}}
{"target": -34.9994693069968, "params": {"C": 8263.297604954301, "gamma": 0.05222812751714434}, "datetime": {"datetime": "2021-09-28 19:14:06", "elapsed": 503.415367, "delta": 2.795374}}
{"target": -34.70069828998673, "params": {"C": 8851.845814091452, "gamma": 0.02589987202090021}, "datetime": {"datetime": "2021-09-28 19:14:08", "elapsed": 505.270916, "delta": 1.855549}}
{"target": -34.891145729240534, "params": {"C": 8037.53209286283, "gamma": 0.046273223206323516}, "datetime": {"datetime": "2021-09-28 19:14:10", "elapsed": 507.548574, "delta": 2.277658}}
{"target": -34.74177015562644, "params": {"C": 7161.933053924491, "gamma": 0.03181746224095463}, "datetime": {"datetime": "2021-09-28 19:14:12", "elapsed": 509.444629, "delta": 1.896055}}
{"target": -34.736184532360035, "params": {"C": 8698.503968194853, "gamma": 0.036988996400087695}, "datetime": {"datetime": "2021-09-28 19:14:14", "elapsed": 511.34009, "delta": 1.895461}}
{"target": -34.78114812449307, "params": {"C": 7746.390217410144, "gamma": 0.04011442740586457}, "datetime": {"datetime": "2021-09-28 19:14:18", "elapsed": 514.797897, "delta": 3.457807}}
{"target": -35.49861284718009, "params": {"C": 8589.30688680972, "gamma": 0.010684613171753083}, "datetime": {"datetime": "2021-09-28 19:14:20", "elapsed": 517.413208, "delta": 2.615311}}
{"target": -35.069391447934194, "params": {"C": 8208.386222460847, "gamma": 0.05628055673695272}, "datetime": {"datetime": "2021-09-28 19:14:23", "elapsed": 519.961739, "delta": 2.548531}}
{"target": -35.65740655107839, "params": {"C": 7885.764496977157, "gamma": 0.009347862410504431}, "datetime": {"datetime": "2021-09-28 19:14:25", "elapsed": 522.689256, "delta": 2.727517}}
{"target": -34.83896440291597, "params": {"C": 7900.093606201326, "gamma": 0.04340547176298926}, "datetime": {"datetime": "2021-09-28 19:14:27", "elapsed": 524.600765, "delta": 1.911509}}
{"target": -35.72432100410594, "params": {"C": 7648.0679274885115, "gamma": 0.008715032487690818}, "datetime": {"datetime": "2021-09-28 19:14:30", "elapsed": 527.05454, "delta": 2.453775}}
{"target": -35.502257515834216, "params": {"C": 7998.321829316919, "gamma": 0.010870925236238931}, "datetime": {"datetime": "2021-09-28 19:14:32", "elapsed": 529.699143, "delta": 2.644603}}
{"target": -34.83677527585992, "params": {"C": 8798.669888807179, "gamma": 0.018448985641035674}, "datetime": {"datetime": "2021-09-28 19:14:35", "elapsed": 532.404924, "delta": 2.705781}}
{"target": -34.77082586650289, "params": {"C": 8424.704388242848, "gamma": 0.03934469679678878}, "datetime": {"datetime": "2021-09-28 19:14:38", "elapsed": 535.352851, "delta": 2.947927}}
{"target": -35.4791654690849, "params": {"C": 7125.195791878731, "gamma": 0.011487492132656565}, "datetime": {"datetime": "2021-09-28 19:14:40", "elapsed": 537.227827, "delta": 1.874976}}
{"target": -34.88788663664686, "params": {"C": 7705.432255472474, "gamma": 0.04628453018656027}, "datetime": {"datetime": "2021-09-28 19:14:43", "elapsed": 540.450431, "delta": 3.222604}}
{"target": -36.15015962401899, "params": {"C": 8787.972758224565, "gamma": 0.0043514317228445275}, "datetime": {"datetime": "2021-09-28 19:14:46", "elapsed": 543.020928, "delta": 2.570497}}
{"target": -34.99795604491842, "params": {"C": 8793.750803632904, "gamma": 0.05173223086471928}, "datetime": {"datetime": "2021-09-28 19:14:49", "elapsed": 545.998956, "delta": 2.978028}}
{"target": -34.78145096894923, "params": {"C": 7996.23781511572, "gamma": 0.04011370147911079}, "datetime": {"datetime": "2021-09-28 19:14:51", "elapsed": 547.911951, "delta": 1.912995}}
{"target": -35.055291113152684, "params": {"C": 7998.349171558736, "gamma": 0.0556662143443599}, "datetime": {"datetime": "2021-09-28 19:14:53", "elapsed": 550.673552, "delta": 2.761601}}
{"target": -34.740103111118664, "params": {"C": 8979.600136721789, "gamma": 0.03715708254091984}, "datetime": {"datetime": "2021-09-28 19:14:56", "elapsed": 553.688037, "delta": 3.014485}}
{"target": -34.870986430311135, "params": {"C": 7912.070401109957, "gamma": 0.018737394726008737}, "datetime": {"datetime": "2021-09-28 19:14:58", "elapsed": 555.666209, "delta": 1.978172}}
{"target": -34.81414582414304, "params": {"C": 8851.854375161412, "gamma": 0.041597378330940786}, "datetime": {"datetime": "2021-09-28 19:15:02", "elapsed": 558.825453, "delta": 3.159244}}
{"target": -34.82551269629229, "params": {"C": 7730.281422190179, "gamma": 0.04272846496779611}, "datetime": {"datetime": "2021-09-28 19:15:04", "elapsed": 561.755418, "delta": 2.929965}}
{"target": -35.17818840448699, "params": {"C": 7618.284897270596, "gamma": 0.06218314869414196}, "datetime": {"datetime": "2021-09-28 19:15:06", "elapsed": 563.761099, "delta": 2.005681}}
{"target": -35.09609688847717, "params": {"C": 7705.414044891121, "gamma": 0.015476213281372504}, "datetime": {"datetime": "2021-09-28 19:15:09", "elapsed": 566.744417, "delta": 2.983318}}
{"target": -34.754170596524816, "params": {"C": 8851.833890107939, "gamma": 0.0381145601042471}, "datetime": {"datetime": "2021-09-28 19:15:13", "elapsed": 569.899676, "delta": 3.155259}}
{"target": -35.94681860390973, "params": {"C": 8786.408506216087, "gamma": 0.006489999258571579}, "datetime": {"datetime": "2021-09-28 19:15:15", "elapsed": 571.931387, "delta": 2.031711}}
{"target": -34.97563360593214, "params": {"C": 7648.083274014441, "gamma": 0.05135251495370446}, "datetime": {"datetime": "2021-09-28 19:15:18", "elapsed": 575.615047, "delta": 3.68366}}
{"target": -34.80509761387864, "params": {"C": 7590.636995255558, "gamma": 0.041617731262342}, "datetime": {"datetime": "2021-09-28 19:15:21", "elapsed": 578.440824, "delta": 2.825777}}
{"target": -34.82787575740555, "params": {"C": 8798.668170280105, "gamma": 0.042375934494425886}, "datetime": {"datetime": "2021-09-28 19:15:24", "elapsed": 581.383418, "delta": 2.942594}}
{"target": -34.878088817444656, "params": {"C": 8168.558862086377, "gamma": 0.04546641330812186}, "datetime": {"datetime": "2021-09-28 19:15:27", "elapsed": 584.035928, "delta": 2.65251}}
{"target": -34.747374492806635, "params": {"C": 7201.97414536831, "gamma": 0.03060767670631062}, "datetime": {"datetime": "2021-09-28 19:15:30", "elapsed": 587.344695, "delta": 3.308767}}
{"target": -35.39396471766923, "params": {"C": 8194.344298865302, "gamma": 0.07353386160109679}, "datetime": {"datetime": "2021-09-28 19:15:32", "elapsed": 589.386016, "delta": 2.041321}}
{"target": -34.725534835389254, "params": {"C": 8314.784972783666, "gamma": 0.036328462987420485}, "datetime": {"datetime": "2021-09-28 19:15:34", "elapsed": 591.467365, "delta": 2.081349}}
{"target": -34.98156199041127, "params": {"C": 7799.616459141675, "gamma": 0.05157414531199938}, "datetime": {"datetime": "2021-09-28 19:15:36", "elapsed": 593.518028, "delta": 2.050663}}
{"target": -34.866319737307755, "params": {"C": 8314.80086716134, "gamma": 0.0447313088439062}, "datetime": {"datetime": "2021-09-28 19:15:39", "elapsed": 596.610889, "delta": 3.092861}}
{"target": -36.232399588122085, "params": {"C": 8944.43750442626, "gamma": 0.003297659426484729}, "datetime": {"datetime": "2021-09-28 19:15:41", "elapsed": 598.572032, "delta": 1.961143}}
{"target": -34.87678101005295, "params": {"C": 7201.963111435186, "gamma": 0.04595874533911453}, "datetime": {"datetime": "2021-09-28 19:15:44", "elapsed": 601.288504, "delta": 2.716472}}
{"target": -34.71115890100337, "params": {"C": 7633.7134454385705, "gamma": 0.03198201941290253}, "datetime": {"datetime": "2021-09-28 19:15:47", "elapsed": 604.229272, "delta": 2.940768}}
{"target": -34.75754601476087, "params": {"C": 7404.677641196506, "gamma": 0.02789506723481563}, "datetime": {"datetime": "2021-09-28 19:15:50", "elapsed": 607.006812, "delta": 2.77754}}
{"target": -34.751790372860825, "params": {"C": 8698.526610081677, "gamma": 0.03801128031859266}, "datetime": {"datetime": "2021-09-28 19:15:53", "elapsed": 609.89934, "delta": 2.892528}}
{"target": -34.991859089799995, "params": {"C": 8787.949829876105, "gamma": 0.05139913701900008}, "datetime": {"datetime": "2021-09-28 19:15:57", "elapsed": 613.979285, "delta": 4.079945}}
