{"target": -35.23958053180381, "params": {"C": 10087.720862199178, "gamma": 0.06389468877924669}, "datetime": {"datetime": "2021-09-28 19:48:16", "elapsed": 496.73367, "delta": 2.416887}}
{"target": -34.668887250334194, "params": {"C": 9404.832634811228, "gamma": 0.03181746224095463}, "datetime": {"datetime": "2021-09-28 19:48:18", "elapsed": 498.749762, "delta": 2.016092}}
{"target": -34.758436068786104, "params": {"C": 13246.259920487131, "gamma": 0.036988996400087695}, "datetime": {"datetime": "2021-09-28 19:48:20", "elapsed": 500.671818, "delta": 1.922056}}
{"target": -36.14245787163849, "params": {"C": 9843.430211456296, "gamma": 0.004660382779738338}, "datetime": {"datetime": "2021-09-28 19:48:24", "elapsed": 504.086161, "delta": 3.414343}}
{"target": -34.62917537471878, "params": {"C": 12561.695359871406, "gamma": 0.021431607770677465}, "datetime": {"datetime": "2021-09-28 19:48:27", "elapsed": 507.053824, "delta": 2.967663}}
{"target": -34.82804112638444, "params": {"C": 9971.667034389218, "gamma": 0.04188997199725875}, "datetime": {"datetime": "2021-09-28 19:48:29", "elapsed": 509.467859, "delta": 2.414035}}
{"target": -34.8638193346806, "params": {"C": 13826.98935421485, "gamma": 0.04212471796058493}, "datetime": {"datetime": "2021-09-28 19:48:32", "elapsed": 512.529602, "delta": 3.061743}}
{"target": -34.86675939486666, "params": {"C": 11250.234015503316, "gamma": 0.04340547176298926}, "datetime": {"datetime": "2021-09-28 19:48:34", "elapsed": 514.49122, "delta": 1.961618}}
{"target": -35.73017121124368, "params": {"C": 12818.90526712468, "gamma": 0.007827902630407182}, "datetime": {"datetime": "2021-09-28 19:48:37", "elapsed": 517.146062, "delta": 2.654842}}
{"target": -34.746193297163096, "params": {"C": 10323.873581709695, "gamma": 0.019517322933363106}, "datetime": {"datetime": "2021-09-28 19:48:39", "elapsed": 519.136846, "delta": 1.990784}}
{"target": -34.84522862447642, "params": {"C": 9069.141755181736, "gamma": 0.04321200330850965}, "datetime": {"datetime": "2021-09-28 19:48:41", "elapsed": 521.188144, "delta": 2.051298}}
{"target": -34.686426777616475, "params": {"C": 13289.991581215174, "gamma": 0.03275970440646585}, "datetime": {"datetime": "2021-09-28 19:48:44", "elapsed": 524.127117, "delta": 2.938973}}
{"target": -35.38341123634442, "params": {"C": 9312.989479696827, "gamma": 0.011487492132656565}, "datetime": {"datetime": "2021-09-28 19:48:46", "elapsed": 526.158097, "delta": 2.03098}}
{"target": -34.79066776042362, "params": {"C": 13496.630482689028, "gamma": 0.03858111080219425}, "datetime": {"datetime": "2021-09-28 19:48:49", "elapsed": 529.385156, "delta": 3.227059}}
{"target": -35.040748296431865, "params": {"C": 11971.219395680679, "gamma": 0.051661521410618125}, "datetime": {"datetime": "2021-09-28 19:48:51", "elapsed": 531.380945, "delta": 1.995789}}
{"target": -34.61177776021189, "params": {"C": 12461.170723984485, "gamma": 0.022781330973440882}, "datetime": {"datetime": "2021-09-28 19:48:53", "elapsed": 533.380119, "delta": 1.999174}}
{"target": -34.806860784117646, "params": {"C": 11490.5945377893, "gamma": 0.04011370147911079}, "datetime": {"datetime": "2021-09-28 19:48:55", "elapsed": 535.54953, "delta": 2.169411}}
{"target": -34.86764632993568, "params": {"C": 12399.196703875066, "gamma": 0.042928519593728974}, "datetime": {"datetime": "2021-09-28 19:48:59", "elapsed": 539.091204, "delta": 3.541674}}
{"target": -34.70707358259678, "params": {"C": 13088.150870107514, "gamma": 0.017593019201173225}, "datetime": {"datetime": "2021-09-28 19:49:01", "elapsed": 541.136208, "delta": 2.045004}}
{"target": -34.728125518010955, "params": {"C": 11280.176002774891, "gamma": 0.018737394726008737}, "datetime": {"datetime": "2021-09-28 19:49:03", "elapsed": 543.319381, "delta": 2.183173}}
{"target": -34.93061325309332, "params": {"C": 10576.124776150096, "gamma": 0.047007027991893054}, "datetime": {"datetime": "2021-09-28 19:49:06", "elapsed": 546.03367, "delta": 2.714289}}
{"target": -34.75058545517161, "params": {"C": 10680.858695656229, "gamma": 0.03731600873328344}, "datetime": {"datetime": "2021-09-28 19:49:08", "elapsed": 548.17489, "delta": 2.14122}}
{"target": -35.219052658484095, "params": {"C": 10545.71224317649, "gamma": 0.06218314869414196}, "datetime": {"datetime": "2021-09-28 19:49:10", "elapsed": 550.273526, "delta": 2.098636}}
{"target": -35.10287238795632, "params": {"C": 11066.206212194493, "gamma": 0.055487156488630146}, "datetime": {"datetime": "2021-09-28 19:49:13", "elapsed": 553.229004, "delta": 2.955478}}
{"target": -34.67358497410873, "params": {"C": 13629.631485039754, "gamma": 0.03189398023669586}, "datetime": {"datetime": "2021-09-28 19:49:17", "elapsed": 557.261748, "delta": 4.032744}}
{"target": -35.91281234392228, "params": {"C": 13466.021265540214, "gamma": 0.006489999258571579}, "datetime": {"datetime": "2021-09-28 19:49:19", "elapsed": 559.463512, "delta": 2.201764}}
{"target": -34.66769983734599, "params": {"C": 9971.64177337488, "gamma": 0.032018861239179505}, "datetime": {"datetime": "2021-09-28 19:49:22", "elapsed": 562.64672, "delta": 3.183208}}
{"target": -35.031990823538976, "params": {"C": 12552.17349770723, "gamma": 0.05083788314202445}, "datetime": {"datetime": "2021-09-28 19:49:25", "elapsed": 565.616243, "delta": 2.969523}}
{"target": -34.93330223987179, "params": {"C": 9736.737286109757, "gamma": 0.04761264989147283}, "datetime": {"datetime": "2021-09-28 19:49:27", "elapsed": 567.526464, "delta": 1.910221}}
{"target": -34.84652967271204, "params": {"C": 10584.345622469871, "gamma": 0.016966782772311284}, "datetime": {"datetime": "2021-09-28 19:49:31", "elapsed": 571.229986, "delta": 3.703522}}
{"target": -34.88138425817303, "params": {"C": 10866.03462878038, "gamma": 0.044340639425728696}, "datetime": {"datetime": "2021-09-28 19:49:34", "elapsed": 574.449757, "delta": 3.219771}}
{"target": -35.52061378777857, "params": {"C": 11985.860747163255, "gamma": 0.07353386160109679}, "datetime": {"datetime": "2021-09-28 19:49:36", "elapsed": 576.404178, "delta": 1.954421}}
{"target": -34.74114548104753, "params": {"C": 12286.962431959164, "gamma": 0.036328462987420485}, "datetime": {"datetime": "2021-09-28 19:49:38", "elapsed": 578.420192, "delta": 2.016014}}
{"target": -35.025239524361425, "params": {"C": 10999.041147854185, "gamma": 0.05157414531199938}, "datetime": {"datetime": "2021-09-28 19:49:40", "elapsed": 580.513806, "delta": 2.093614}}
{"target": -34.78333243236983, "params": {"C": 9860.678655102021, "gamma": 0.03944213764218595}, "datetime": {"datetime": "2021-09-28 19:49:42", "elapsed": 582.620794, "delta": 2.106988}}
{"target": -36.327149053542065, "params": {"C": 13861.093761065651, "gamma": 0.003297659426484729}, "datetime": {"datetime": "2021-09-28 19:49:44", "elapsed": 584.483205, "delta": 1.862411}}
{"target": -34.81447812010323, "params": {"C": 13701.083143541022, "gamma": 0.03971974384926264}, "datetime": {"datetime": "2021-09-28 19:49:47", "elapsed": 587.042864, "delta": 2.559659}}
{"target": -36.11617934475236, "params": {"C": 9613.057058168535, "gamma": 0.004910772806264965}, "datetime": {"datetime": "2021-09-28 19:49:49", "elapsed": 589.824008, "delta": 2.781144}}
{"target": -34.716156846941395, "params": {"C": 10576.154784511506, "gamma": 0.03517241882812694}, "datetime": {"datetime": "2021-09-28 19:49:53", "elapsed": 593.892619, "delta": 4.068611}}
{"target": -36.205698836212775, "params": {"C": 13749.980003727022, "gamma": 0.004507023711301673}, "datetime": {"datetime": "2021-09-28 19:49:58", "elapsed": 597.96972, "delta": 4.077101}}
{"target": -34.71819285392675, "params": {"C": 9613.084368416337, "gamma": 0.035539701839229235}, "datetime": {"datetime": "2021-09-28 19:50:00", "elapsed": 600.869817, "delta": 2.900097}}
{"target": -34.80750583733727, "params": {"C": 12939.735844884814, "gamma": 0.03962876245706062}, "datetime": {"datetime": "2021-09-28 19:50:02", "elapsed": 602.851604, "delta": 1.981787}}
{"target": -34.59226930422433, "params": {"C": 12974.677636868739, "gamma": 0.02500001135803897}, "datetime": {"datetime": "2021-09-28 19:50:04", "elapsed": 604.830812, "delta": 1.979208}}
{"target": -35.150850718768126, "params": {"C": 13126.947330418046, "gamma": 0.012411702940320683}, "datetime": {"datetime": "2021-09-28 19:50:06", "elapsed": 606.885261, "delta": 2.054449}}
{"target": -34.62272429149883, "params": {"C": 12642.30798604128, "gamma": 0.028541700319253877}, "datetime": {"datetime": "2021-09-28 19:50:08", "elapsed": 608.857112, "delta": 1.971851}}
{"target": -34.939398490457926, "params": {"C": 9736.732491505889, "gamma": 0.04793591419433681}, "datetime": {"datetime": "2021-09-28 19:50:11", "elapsed": 610.978502, "delta": 2.12139}}
{"target": -34.8768225554771, "params": {"C": 11921.362256141492, "gamma": 0.043619801333558854}, "datetime": {"datetime": "2021-09-28 19:50:14", "elapsed": 614.265442, "delta": 3.28694}}
{"target": -36.27147554249588, "params": {"C": 12665.635239416955, "gamma": 0.0037486062734451587}, "datetime": {"datetime": "2021-09-28 19:50:16", "elapsed": 616.338634, "delta": 2.073192}}
{"target": -35.54524884728356, "params": {"C": 12461.152637274228, "gamma": 0.009217119536307602}, "datetime": {"datetime": "2021-09-28 19:50:19", "elapsed": 619.077298, "delta": 2.738664}}
{"target": -34.92861111024411, "params": {"C": 9383.605008789458, "gamma": 0.04756444764673031}, "datetime": {"datetime": "2021-09-28 19:50:21", "elapsed": 621.071664, "delta": 1.994366}}
{"target": -34.90292652266327, "params": {"C": 9843.434207675982, "gamma": 0.04594705248501186}, "datetime": {"datetime": "2021-09-28 19:50:24", "elapsed": 624.620964, "delta": 3.5493}}
{"target": -35.07113086067959, "params": {"C": 13088.146894645426, "gamma": 0.05232838183837537}, "datetime": {"datetime": "2021-09-28 19:50:28", "elapsed": 627.988436, "delta": 3.367472}}
{"target": -34.6237591260475, "params": {"C": 11242.57114864758, "gamma": 0.027897982037375254}, "datetime": {"datetime": "2021-09-28 19:50:30", "elapsed": 630.025383, "delta": 2.036947}}
{"target": -35.5529626340164, "params": {"C": 9436.311635137483, "gamma": 0.009909242321653314}, "datetime": {"datetime": "2021-09-28 19:50:32", "elapsed": 632.18595, "delta": 2.160567}}
{"target": -36.174542942157686, "params": {"C": 12974.678558854852, "gamma": 0.004704699480237256}, "datetime": {"datetime": "2021-09-28 19:50:34", "elapsed": 634.927589, "delta": 2.741639}}
{"target": -34.69278694296266, "params": {"C": 10880.6697115988, "gamma": 0.03358014773015571}, "datetime": {"datetime": "2021-09-28 19:50:39", "elapsed": 639.578853, "delta": 4.651264}}
{"target": -35.05240983205346, "params": {"C": 9157.429933491107, "gamma": 0.05444706315882298}, "datetime": {"datetime": "2021-09-28 19:50:42", "elapsed": 642.612267, "delta": 3.033414}}
{"target": -34.62360241990946, "params": {"C": 12181.175201605163, "gamma": 0.028558581422028755}, "datetime": {"datetime": "2021-09-28 19:50:46", "elapsed": 646.159757, "delta": 3.54749}}
{"target": -34.72925552506575, "params": {"C": 13688.586253425256, "gamma": 0.01696978046932664}, "datetime": {"datetime": "2021-09-28 19:50:49", "elapsed": 649.046326, "delta": 2.886569}}
{"target": -34.7977352470324, "params": {"C": 10526.53082571893, "gamma": 0.03998310935689349}, "datetime": {"datetime": "2021-09-28 19:50:51", "elapsed": 651.25898, "delta": 2.212654}}
{"target": -34.652925206489584, "params": {"C": 12642.28684149298, "gamma": 0.019897190940914758}, "datetime": {"datetime": "2021-09-28 19:50:54", "elapsed": 654.528139, "delta": 3.269159}}
{"target": -34.648807351847225, "params": {"C": 11039.886435317283, "gamma": 0.030563127116603632}, "datetime": {"datetime": "2021-09-28 19:50:56", "elapsed": 656.679865, "delta": 2.151726}}
{"target": -34.71700195566781, "params": {"C": 12974.659616419749, "gamma": 0.03471351487521757}, "datetime": {"datetime": "2021-09-28 19:50:58", "elapsed": 658.915213, "delta": 2.235348}}
{"target": -35.58329069440563, "params": {"C": 10717.796917215977, "gamma": 0.009318036498893496}, "datetime": {"datetime": "2021-09-28 19:51:01", "elapsed": 661.860982, "delta": 2.945769}}
{"target": -34.60951565504706, "params": {"C": 13496.644224719741, "gamma": 0.027532740350798862}, "datetime": {"datetime": "2021-09-28 19:51:04", "elapsed": 664.707251, "delta": 2.846269}}
{"target": -35.59689397816422, "params": {"C": 13119.057331176897, "gamma": 0.07413934175323174}, "datetime": {"datetime": "2021-09-28 19:51:07", "elapsed": 666.953387, "delta": 2.246136}}
{"target": -34.73495931562855, "params": {"C": 13312.950035902813, "gamma": 0.035717257415995164}, "datetime": {"datetime": "2021-09-28 19:51:09", "elapsed": 669.10131, "delta": 2.147923}}
{"target": -34.94570328592419, "params": {"C": 12181.1721231072, "gamma": 0.04690270847245734}, "datetime": {"datetime": "2021-09-28 19:51:12", "elapsed": 672.147094, "delta": 3.045784}}
{"target": -34.86558961675274, "params": {"C": 10914.247881138535, "gamma": 0.04350181281924112}, "datetime": {"datetime": "2021-09-28 19:51:14", "elapsed": 674.247922, "delta": 2.100828}}
{"target": -34.614232968263984, "params": {"C": 13265.217391097744, "gamma": 0.021170627013001753}, "datetime": {"datetime": "2021-09-28 19:51:17", "elapsed": 677.746528, "delta": 3.498606}}
{"target": -34.92054493109913, "params": {"C": 12973.217182190974, "gamma": 0.04529757156408445}, "datetime": {"datetime": "2021-09-28 19:51:21", "elapsed": 681.157537, "delta": 3.411009}}
{"target": -35.1062379676012, "params": {"C": 11053.35793874659, "gamma": 0.05567162642642985}, "datetime": {"datetime": "2021-09-28 19:51:25", "elapsed": 685.234387, "delta": 4.07685}}
{"target": -34.67229677718809, "params": {"C": 10219.778670784051, "gamma": 0.03232604616720026}, "datetime": {"datetime": "2021-09-28 19:51:29", "elapsed": 688.997919, "delta": 3.763532}}
{"target": -34.94131223464672, "params": {"C": 12974.679792650273, "gamma": 0.046279335107340884}, "datetime": {"datetime": "2021-09-28 19:51:32", "elapsed": 692.139664, "delta": 3.141745}}
{"target": -35.35766995322572, "params": {"C": 11417.55167886637, "gamma": 0.011064784433799567}, "datetime": {"datetime": "2021-09-28 19:51:34", "elapsed": 694.295543, "delta": 2.155879}}
{"target": -34.69416512455684, "params": {"C": 12266.816311627572, "gamma": 0.018660481259790446}, "datetime": {"datetime": "2021-09-28 19:51:36", "elapsed": 696.467549, "delta": 2.172006}}
{"target": -35.172689658080245, "params": {"C": 13302.92675202752, "gamma": 0.056989060894215404}, "datetime": {"datetime": "2021-09-28 19:51:38", "elapsed": 698.570598, "delta": 2.103049}}
{"target": -34.64264340568185, "params": {"C": 11242.593358426366, "gamma": 0.02315758594002932}, "datetime": {"datetime": "2021-09-28 19:51:42", "elapsed": 702.076286, "delta": 3.505688}}
{"target": -34.974301167052246, "params": {"C": 10323.86684678405, "gamma": 0.015329531105557955}, "datetime": {"datetime": "2021-09-28 19:51:44", "elapsed": 704.211015, "delta": 2.134729}}
{"target": -35.049072059577576, "params": {"C": 10579.85872944966, "gamma": 0.05310815183456126}, "datetime": {"datetime": "2021-09-28 19:51:46", "elapsed": 706.444158, "delta": 2.233143}}
{"target": -34.90826252030441, "params": {"C": 11214.386246561176, "gamma": 0.045543199152664825}, "datetime": {"datetime": "2021-09-28 19:51:50", "elapsed": 710.640132, "delta": 4.195974}}
{"target": -34.63990651368172, "params": {"C": 11066.183840058737, "gamma": 0.029685659297118888}, "datetime": {"datetime": "2021-09-28 19:51:53", "elapsed": 713.865044, "delta": 3.224912}}
{"target": -34.98747346994057, "params": {"C": 11593.807849695611, "gamma": 0.014546143416798767}, "datetime": {"datetime": "2021-09-28 19:51:57", "elapsed": 717.271702, "delta": 3.406658}}
{"target": -35.84017719183117, "params": {"C": 11576.060382674248, "gamma": 0.0071656808501753995}, "datetime": {"datetime": "2021-09-28 19:51:59", "elapsed": 719.575439, "delta": 2.303737}}
{"target": -35.96127910193264, "params": {"C": 13949.00784425922, "gamma": 0.006130062540665662}, "datetime": {"datetime": "2021-09-28 19:52:02", "elapsed": 722.846007, "delta": 3.270568}}
{"target": -35.20525405354278, "params": {"C": 9012.828582394784, "gamma": 0.06329765619832903}, "datetime": {"datetime": "2021-09-28 19:52:05", "elapsed": 725.097022, "delta": 2.251015}}
{"target": -36.26085874234163, "params": {"C": 13688.608202296648, "gamma": 0.004038272711664956}, "datetime": {"datetime": "2021-09-28 19:52:08", "elapsed": 728.163197, "delta": 3.066175}}
{"target": -34.59106324442823, "params": {"C": 13624.666510174231, "gamma": 0.025374027028751578}, "datetime": {"datetime": "2021-09-28 19:52:10", "elapsed": 730.856773, "delta": 2.693576}}
{"target": -35.33950496244276, "params": {"C": 11053.355487678495, "gamma": 0.011333672163897327}, "datetime": {"datetime": "2021-09-28 19:52:15", "elapsed": 735.875877, "delta": 5.019104}}
{"target": -34.81152857427215, "params": {"C": 12024.269494824184, "gamma": 0.04016451779449124}, "datetime": {"datetime": "2021-09-28 19:52:18", "elapsed": 738.17226, "delta": 2.296383}}
{"target": -34.67048294586583, "params": {"C": 13629.591101224256, "gamma": 0.031694904748689266}, "datetime": {"datetime": "2021-09-28 19:52:22", "elapsed": 742.010768, "delta": 3.838508}}
{"target": -35.03833754469898, "params": {"C": 10219.788728609341, "gamma": 0.052825820440295185}, "datetime": {"datetime": "2021-09-28 19:52:25", "elapsed": 745.071614, "delta": 3.060846}}
{"target": -35.775489706189, "params": {"C": 12901.123187052128, "gamma": 0.007498287941964721}, "datetime": {"datetime": "2021-09-28 19:52:28", "elapsed": 748.123689, "delta": 3.052075}}
{"target": -35.54590680577151, "params": {"C": 11416.90081614524, "gamma": 0.07549061437698737}, "datetime": {"datetime": "2021-09-28 19:52:30", "elapsed": 750.394596, "delta": 2.270907}}
{"target": -34.61663408018402, "params": {"C": 11039.900907889503, "gamma": 0.026101568532141954}, "datetime": {"datetime": "2021-09-28 19:52:33", "elapsed": 753.364691, "delta": 2.970095}}
{"target": -34.97215689274863, "params": {"C": 10825.670387606398, "gamma": 0.015097567335743273}, "datetime": {"datetime": "2021-09-28 19:52:36", "elapsed": 756.355186, "delta": 2.990495}}
{"target": -34.75115469989575, "params": {"C": 11049.491053449445, "gamma": 0.03723142942718513}, "datetime": {"datetime": "2021-09-28 19:52:38", "elapsed": 758.491393, "delta": 2.136207}}
{"target": -34.94803146067772, "params": {"C": 13948.981639878546, "gamma": 0.046096859163686}, "datetime": {"datetime": "2021-09-28 19:52:41", "elapsed": 761.698477, "delta": 3.207084}}
{"target": -34.87138924943402, "params": {"C": 10825.677043492795, "gamma": 0.043846012078074766}, "datetime": {"datetime": "2021-09-28 19:52:44", "elapsed": 764.60443, "delta": 2.905953}}
{"target": -36.181347815302075, "params": {"C": 13930.768526267895, "gamma": 0.0046984498589329685}, "datetime": {"datetime": "2021-09-28 19:52:46", "elapsed": 766.939322, "delta": 2.334892}}
{"target": -34.77557683239105, "params": {"C": 10631.802746486375, "gamma": 0.03872112598351926}, "datetime": {"datetime": "2021-09-28 19:52:49", "elapsed": 769.10732, "delta": 2.167998}}
{"target": -34.7150724689379, "params": {"C": 11147.787853290596, "gamma": 0.034975333157968545}, "datetime": {"datetime": "2021-09-28 19:52:51", "elapsed": 771.392111, "delta": 2.284791}}
{"target": -34.57988474830796, "params": {"C": 13693.411113740261, "gamma": 0.022936745847689066}, "datetime": {"datetime": "2021-09-28 19:52:53", "elapsed": 773.712305, "delta": 2.320194}}
{"target": -34.64094367695943, "params": {"C": 9913.446316392745, "gamma": 0.027780574417584646}, "datetime": {"datetime": "2021-09-28 19:52:56", "elapsed": 776.093013, "delta": 2.380708}}
{"target": -35.37057849068496, "params": {"C": 11704.952907045481, "gamma": 0.010873063742467194}, "datetime": {"datetime": "2021-09-28 19:52:59", "elapsed": 779.161214, "delta": 3.068201}}
{"target": -34.64134070569285, "params": {"C": 13688.570643632705, "gamma": 0.029762864833870313}, "datetime": {"datetime": "2021-09-28 19:53:02", "elapsed": 782.140756, "delta": 2.979542}}
{"target": -34.93198327165356, "params": {"C": 10436.819653373828, "gamma": 0.047153241567184506}, "datetime": {"datetime": "2021-09-28 19:53:05", "elapsed": 785.6074, "delta": 3.466644}}
{"target": -34.65145546275244, "params": {"C": 13826.979464791122, "gamma": 0.030429339213727424}, "datetime": {"datetime": "2021-09-28 19:53:09", "elapsed": 789.019525, "delta": 3.412125}}
{"target": -34.986743133796644, "params": {"C": 13265.180699807288, "gamma": 0.013871837045670264}, "datetime": {"datetime": "2021-09-28 19:53:13", "elapsed": 793.233969, "delta": 4.214444}}
{"target": -34.631550429546024, "params": {"C": 11680.159117197984, "gamma": 0.029144263651701963}, "datetime": {"datetime": "2021-09-28 19:53:16", "elapsed": 796.062299, "delta": 2.82833}}
{"target": -35.1012381729604, "params": {"C": 9971.643462973278, "gamma": 0.056381390884211624}, "datetime": {"datetime": "2021-09-28 19:53:19", "elapsed": 799.740762, "delta": 3.678463}}
{"target": -34.63016025793417, "params": {"C": 11242.55451847468, "gamma": 0.028668354817140165}, "datetime": {"datetime": "2021-09-28 19:53:24", "elapsed": 804.146518, "delta": 4.405756}}
{"target": -35.943347070984984, "params": {"C": 13624.664120302372, "gamma": 0.006268971054684793}, "datetime": {"datetime": "2021-09-28 19:53:28", "elapsed": 808.869699, "delta": 4.723181}}
{"target": -35.23241136604272, "params": {"C": 10825.672891463708, "gamma": 0.012432395507843978}, "datetime": {"datetime": "2021-09-28 19:53:31", "elapsed": 811.07054, "delta": 2.200841}}
{"target": -34.69795106222086, "params": {"C": 13484.394011596698, "gamma": 0.017516859557578507}, "datetime": {"datetime": "2021-09-28 19:53:34", "elapsed": 814.67817, "delta": 3.60763}}
{"target": -35.67617615894876, "params": {"C": 11666.081023522405, "gamma": 0.008400010423486658}, "datetime": {"datetime": "2021-09-28 19:53:39", "elapsed": 819.252234, "delta": 4.574064}}
