{"target": -0.3090958691246992, "params": {"C": 925.987282534384, "gamma": 0.12860141743787243}, "datetime": {"datetime": "2021-10-04 10:33:41", "elapsed": 614.740002, "delta": 2.991542}}
{"target": -0.15328948959574928, "params": {"C": 987.439802035959, "gamma": 0.0513863308416257}, "datetime": {"datetime": "2021-10-04 10:33:45", "elapsed": 618.250729, "delta": 3.510727}}
{"target": -0.39816013909206416, "params": {"C": 934.1678590299641, "gamma": 0.18031230093303346}, "datetime": {"datetime": "2021-10-04 10:33:47", "elapsed": 620.354788, "delta": 2.104059}}
{"target": -0.312814056752188, "params": {"C": 925.8910065905961, "gamma": 0.13052975691315535}, "datetime": {"datetime": "2021-10-04 10:33:49", "elapsed": 622.789466, "delta": 2.434678}}
{"target": -0.14135541329165413, "params": {"C": 987.5024396937832, "gamma": 0.03527350933289204}, "datetime": {"datetime": "2021-10-04 10:33:52", "elapsed": 625.406988, "delta": 2.617522}}
{"target": -0.26386749632497764, "params": {"C": 987.5398656831621, "gamma": 0.0074319753222838155}, "datetime": {"datetime": "2021-10-04 10:33:54", "elapsed": 628.054856, "delta": 2.647868}}
{"target": -0.492310940936977, "params": {"C": 668.4333370070918, "gamma": 0.19248520610670952}, "datetime": {"datetime": "2021-10-04 10:33:56", "elapsed": 629.97909, "delta": 1.924234}}
{"target": -0.2884235424870216, "params": {"C": 975.6194171329379, "gamma": 0.12436554606374371}, "datetime": {"datetime": "2021-10-04 10:34:00", "elapsed": 633.170704, "delta": 3.191614}}
{"target": -0.5793821849574379, "params": {"C": 350.8374356808027, "gamma": 0.16182094347661372}, "datetime": {"datetime": "2021-10-04 10:34:01", "elapsed": 635.020147, "delta": 1.849443}}
{"target": -0.15100286525433204, "params": {"C": 987.3914269393341, "gamma": 0.02335962623050793}, "datetime": {"datetime": "2021-10-04 10:34:05", "elapsed": 638.432811, "delta": 3.412664}}
{"target": -0.4078908143634674, "params": {"C": 876.9341114499535, "gamma": 0.1770637935731566}, "datetime": {"datetime": "2021-10-04 10:34:07", "elapsed": 640.493465, "delta": 2.060654}}
{"target": -0.32411069243966195, "params": {"C": 785.9167235778924, "gamma": 0.11625403362904997}, "datetime": {"datetime": "2021-10-04 10:34:09", "elapsed": 642.398975, "delta": 1.90551}}
{"target": -0.23456257341490838, "params": {"C": 625.8631729164862, "gamma": 0.029965831616029105}, "datetime": {"datetime": "2021-10-04 10:34:11", "elapsed": 644.480565, "delta": 2.08159}}
{"target": -0.1636115726390006, "params": {"C": 914.5098218255966, "gamma": 0.04657313126089364}, "datetime": {"datetime": "2021-10-04 10:34:15", "elapsed": 648.940772, "delta": 4.460207}}
{"target": -0.16022130533718681, "params": {"C": 914.4514435307038, "gamma": 0.026682414847262206}, "datetime": {"datetime": "2021-10-04 10:34:22", "elapsed": 655.239045, "delta": 6.298273}}
{"target": -0.31706465927959915, "params": {"C": 779.6585647471412, "gamma": 0.11177427425655671}, "datetime": {"datetime": "2021-10-04 10:34:24", "elapsed": 657.336237, "delta": 2.097192}}
{"target": -0.17699604032685112, "params": {"C": 914.469354999605, "gamma": 0.057058676144478106}, "datetime": {"datetime": "2021-10-04 10:34:27", "elapsed": 660.255786, "delta": 2.919549}}
{"target": -0.17579776138874648, "params": {"C": 987.3606034330314, "gamma": 0.0666943006472257}, "datetime": {"datetime": "2021-10-04 10:34:32", "elapsed": 665.402742, "delta": 5.146956}}
{"target": -0.2125368027462704, "params": {"C": 987.5797193268053, "gamma": 0.08697539076927548}, "datetime": {"datetime": "2021-10-04 10:34:35", "elapsed": 668.732181, "delta": 3.329439}}
{"target": -0.1770758226339617, "params": {"C": 914.40735099776, "gamma": 0.0571029418379211}, "datetime": {"datetime": "2021-10-04 10:34:39", "elapsed": 672.287997, "delta": 3.555816}}
{"target": -0.2535923951232055, "params": {"C": 987.3309021643673, "gamma": 0.10798074788354355}, "datetime": {"datetime": "2021-10-04 10:34:42", "elapsed": 675.998619, "delta": 3.710622}}
{"target": -0.32071750902495433, "params": {"C": 914.3887034846219, "gamma": 0.13310435921338654}, "datetime": {"datetime": "2021-10-04 10:34:46", "elapsed": 680.035003, "delta": 4.036384}}
{"target": -0.7190201766685673, "params": {"C": 240.1737480787223, "gamma": 0.2606812261453796}, "datetime": {"datetime": "2021-10-04 10:34:48", "elapsed": 682.020639, "delta": 1.985636}}
{"target": -0.16624093388693817, "params": {"C": 987.5179696360087, "gamma": 0.06075354483283425}, "datetime": {"datetime": "2021-10-04 10:34:52", "elapsed": 685.410797, "delta": 3.390158}}
{"target": -0.2693715930783287, "params": {"C": 987.5400842909143, "gamma": 0.1160539963112193}, "datetime": {"datetime": "2021-10-04 10:34:56", "elapsed": 689.692772, "delta": 4.281975}}
{"target": -0.34897166645907984, "params": {"C": 914.4893427360339, "gamma": 0.14835176713244125}, "datetime": {"datetime": "2021-10-04 10:35:01", "elapsed": 694.186197, "delta": 4.493425}}
{"target": -0.32540845975895105, "params": {"C": 625.8805897615273, "gamma": 0.09051258115758708}, "datetime": {"datetime": "2021-10-04 10:35:03", "elapsed": 696.951321, "delta": 2.765124}}
{"target": -0.3154014154703708, "params": {"C": 914.4885118418492, "gamma": 0.005820612538898722}, "datetime": {"datetime": "2021-10-04 10:35:06", "elapsed": 700.088915, "delta": 3.137594}}
{"target": -0.7427165942858334, "params": {"C": 205.29727631836428, "gamma": 0.2808804717213059}, "datetime": {"datetime": "2021-10-04 10:35:09", "elapsed": 702.272755, "delta": 2.18384}}
{"target": -0.756728526090888, "params": {"C": 718.8231978240482, "gamma": 0.000392889084516889}, "datetime": {"datetime": "2021-10-04 10:35:12", "elapsed": 705.445904, "delta": 3.173149}}
{"target": -0.16214115428919618, "params": {"C": 914.737522026499, "gamma": 0.04514508066219115}, "datetime": {"datetime": "2021-10-04 10:35:18", "elapsed": 711.809142, "delta": 6.363238}}
{"target": -0.36332265413181664, "params": {"C": 719.3860519376027, "gamma": 0.12552880851147133}, "datetime": {"datetime": "2021-10-04 10:35:21", "elapsed": 714.1193, "delta": 2.310158}}
{"target": -0.2929814376090907, "params": {"C": 914.7898400627936, "gamma": 0.11880127946228289}, "datetime": {"datetime": "2021-10-04 10:35:24", "elapsed": 717.84809, "delta": 3.72879}}
{"target": -0.14801998472112365, "params": {"C": 991.422125986266, "gamma": 0.047415205693924385}, "datetime": {"datetime": "2021-10-04 10:35:28", "elapsed": 721.55395, "delta": 3.70586}}
{"target": -0.16469511918816226, "params": {"C": 991.3795491267025, "gamma": 0.018388995193788647}, "datetime": {"datetime": "2021-10-04 10:35:33", "elapsed": 726.344606, "delta": 4.790656}}
{"target": -0.761711885453451, "params": {"C": 987.4310694616569, "gamma": 0.0002662877267050849}, "datetime": {"datetime": "2021-10-04 10:35:37", "elapsed": 730.60283, "delta": 4.258224}}
{"target": -0.19717564724580483, "params": {"C": 906.5074570931099, "gamma": 0.06830191193915414}, "datetime": {"datetime": "2021-10-04 10:35:42", "elapsed": 735.445418, "delta": 4.842588}}
{"target": -0.19487358383009545, "params": {"C": 987.2827249092074, "gamma": 0.013122204634372553}, "datetime": {"datetime": "2021-10-04 10:35:45", "elapsed": 738.291774, "delta": 2.846356}}
{"target": -0.22377326721461976, "params": {"C": 991.3765120600407, "gamma": 0.09325203584198823}, "datetime": {"datetime": "2021-10-04 10:35:50", "elapsed": 743.712734, "delta": 5.42096}}
{"target": -0.2618424722017114, "params": {"C": 914.8107458562971, "gamma": 0.008414611638741347}, "datetime": {"datetime": "2021-10-04 10:35:55", "elapsed": 748.677795, "delta": 4.965061}}
{"target": -0.08674177084010037, "params": {"C": 2668.088018810296, "gamma": 0.1446242497015473}, "datetime": {"datetime": "2021-10-04 10:39:13", "elapsed": 0.0, "delta": 0.0}}
{"target": -0.16518727087827245, "params": {"C": 1000.4574992693796, "gamma": 0.06186184938110428}, "datetime": {"datetime": "2021-10-04 10:39:13", "elapsed": 0.169349, "delta": 0.169349}}
{"target": -0.07733176026845201, "params": {"C": 1587.023563268452, "gamma": 0.020283041764221965}, "datetime": {"datetime": "2021-10-04 10:39:13", "elapsed": 0.332139, "delta": 0.16279}}
{"target": -0.06427278106906908, "params": {"C": 1745.0408455106835, "gamma": 0.07042102395452346}, "datetime": {"datetime": "2021-10-04 10:39:13", "elapsed": 0.501468, "delta": 0.169329}}
{"target": -0.03910965467665406, "params": {"C": 2587.0698969226796, "gamma": 0.10868571333266468}, "datetime": {"datetime": "2021-10-04 10:39:13", "elapsed": 0.670467, "delta": 0.168999}}
{"target": -0.047642897771223325, "params": {"C": 2588.3199924255655, "gamma": 0.1145902087555662}, "datetime": {"datetime": "2021-10-04 10:39:14", "elapsed": 0.986991, "delta": 0.316524}}
{"target": -0.002628415006641349, "params": {"C": 2577.1230366883738, "gamma": 0.08038305378535635}, "datetime": {"datetime": "2021-10-04 10:39:14", "elapsed": 1.212805, "delta": 0.225814}}
{"target": -0.04132278417095647, "params": {"C": 2558.816465873467, "gamma": 0.10864619098851111}, "datetime": {"datetime": "2021-10-04 10:39:14", "elapsed": 1.457061, "delta": 0.244256}}
{"target": -0.16950020002222788, "params": {"C": 2520.670220172407, "gamma": 0.18966625673540635}, "datetime": {"datetime": "2021-10-04 10:39:14", "elapsed": 1.732551, "delta": 0.27549}}
{"target": -0.09641747608448137, "params": {"C": 1705.1120604818148, "gamma": 0.08916469177962194}, "datetime": {"datetime": "2021-10-04 10:39:15", "elapsed": 2.000787, "delta": 0.268236}}
{"target": -0.10625109229709673, "params": {"C": 1780.9247738304443, "gamma": 0.10093142310848068}, "datetime": {"datetime": "2021-10-04 10:39:15", "elapsed": 2.264839, "delta": 0.264052}}
{"target": -0.19348886726346004, "params": {"C": 1538.7841748272758, "gamma": 0.131833040767559}, "datetime": {"datetime": "2021-10-04 10:39:15", "elapsed": 2.60345, "delta": 0.338611}}
{"target": -0.06445271383623585, "params": {"C": 1625.6287371956714, "gamma": 0.059325682608998107}, "datetime": {"datetime": "2021-10-04 10:39:16", "elapsed": 3.044139, "delta": 0.440689}}
{"target": -0.15197754384093387, "params": {"C": 1657.8339550293051, "gamma": 0.11827663173580903}, "datetime": {"datetime": "2021-10-04 10:39:16", "elapsed": 3.361137, "delta": 0.316998}}
{"target": 0.02906510057347511, "params": {"C": 2717.095938978111, "gamma": 0.052316888728854705}, "datetime": {"datetime": "2021-10-04 10:39:16", "elapsed": 3.66214, "delta": 0.301003}}
{"target": -0.07450116584242328, "params": {"C": 2734.2843086548382, "gamma": 0.14025232945095753}, "datetime": {"datetime": "2021-10-04 10:39:17", "elapsed": 3.939612, "delta": 0.277472}}
{"target": 0.01351124610817378, "params": {"C": 2703.4902135342204, "gamma": 0.07328635205271666}, "datetime": {"datetime": "2021-10-04 10:39:17", "elapsed": 4.26721, "delta": 0.327598}}
{"target": -0.02063924217690727, "params": {"C": 3290.9091965019015, "gamma": 0.1309079152578266}, "datetime": {"datetime": "2021-10-04 10:39:17", "elapsed": 4.578212, "delta": 0.311002}}
{"target": -0.016734354868620294, "params": {"C": 3316.47907376434, "gamma": 0.12926275250725577}, "datetime": {"datetime": "2021-10-04 10:39:18", "elapsed": 4.876854, "delta": 0.298642}}
{"target": 0.042627922283318465, "params": {"C": 3344.9688173962622, "gamma": 0.026400938638451096}, "datetime": {"datetime": "2021-10-04 10:39:18", "elapsed": 5.142451, "delta": 0.265597}}
{"target": 0.05459044966087978, "params": {"C": 3364.680773252563, "gamma": 0.033733938480274825}, "datetime": {"datetime": "2021-10-04 10:39:18", "elapsed": 5.551711, "delta": 0.40926}}
{"target": -0.012839434923464177, "params": {"C": 3389.8592543611653, "gamma": 0.12973318841602743}, "datetime": {"datetime": "2021-10-04 10:39:18", "elapsed": 5.829988, "delta": 0.278277}}
{"target": 0.010708213872485994, "params": {"C": 3249.393000282973, "gamma": 0.10550250427757323}, "datetime": {"datetime": "2021-10-04 10:39:19", "elapsed": 6.190983, "delta": 0.360995}}
{"target": -0.2514001068024112, "params": {"C": 3218.338529444263, "gamma": 0.002}, "datetime": {"datetime": "2021-10-04 10:39:19", "elapsed": 6.553231, "delta": 0.362248}}
{"target": 0.03511228147211942, "params": {"C": 3266.770680351289, "gamma": 0.02437448200386267}, "datetime": {"datetime": "2021-10-04 10:39:20", "elapsed": 6.940413, "delta": 0.387182}}
{"target": -0.05289564000671487, "params": {"C": 3445.3347240473186, "gamma": 0.16058856574829553}, "datetime": {"datetime": "2021-10-04 10:39:20", "elapsed": 7.30041, "delta": 0.359997}}
{"target": -0.06273727508333504, "params": {"C": 3511.6333359281575, "gamma": 0.007386410323930642}, "datetime": {"datetime": "2021-10-04 10:39:20", "elapsed": 7.707055, "delta": 0.406645}}
{"target": 0.01033309344850053, "params": {"C": 4543.9242591025695, "gamma": 0.15795893165177247}, "datetime": {"datetime": "2021-10-04 10:39:21", "elapsed": 8.170377, "delta": 0.463322}}
{"target": 0.0996400621537874, "params": {"C": 4513.452388120406, "gamma": 0.044113003734169966}, "datetime": {"datetime": "2021-10-04 10:39:21", "elapsed": 8.456591, "delta": 0.286214}}
{"target": 0.0978862444085169, "params": {"C": 4492.400517517359, "gamma": 0.0690133833737338}, "datetime": {"datetime": "2021-10-04 10:39:21", "elapsed": 8.741345, "delta": 0.284754}}
{"target": -0.03307924044994115, "params": {"C": 4464.8860285117, "gamma": 0.1882695494146784}, "datetime": {"datetime": "2021-10-04 10:39:22", "elapsed": 9.075645, "delta": 0.3343}}
{"target": 0.09948498035876896, "params": {"C": 4595.854116553031, "gamma": 0.040238146625275195}, "datetime": {"datetime": "2021-10-04 10:39:22", "elapsed": 9.481645, "delta": 0.406}}
{"target": -0.012993559394987031, "params": {"C": 4620.02284430201, "gamma": 0.17864634822086004}, "datetime": {"datetime": "2021-10-04 10:39:23", "elapsed": 9.916663, "delta": 0.435018}}
{"target": -0.039707503705036507, "params": {"C": 4576.533961758238, "gamma": 0.19756276139261336}, "datetime": {"datetime": "2021-10-04 10:39:23", "elapsed": 10.425051, "delta": 0.508388}}
{"target": 0.02785147896262008, "params": {"C": 4502.824795636636, "gamma": 0.013770125472396245}, "datetime": {"datetime": "2021-10-04 10:39:23", "elapsed": 10.719394, "delta": 0.294343}}
{"target": -0.19429605635678127, "params": {"C": 4525.255902328408, "gamma": 0.002}, "datetime": {"datetime": "2021-10-04 10:39:24", "elapsed": 11.065393, "delta": 0.345999}}
{"target": 0.02248255916768005, "params": {"C": 4602.3842382175135, "gamma": 0.15048357730452205}, "datetime": {"datetime": "2021-10-04 10:39:24", "elapsed": 11.453071, "delta": 0.387678}}
{"target": -0.036676199629905426, "params": {"C": 4485.608958241313, "gamma": 0.19179493972406575}, "datetime": {"datetime": "2021-10-04 10:39:24", "elapsed": 11.793069, "delta": 0.339998}}
{"target": -0.04219335481726283, "params": {"C": 4590.268234763977, "gamma": 0.2}, "datetime": {"datetime": "2021-10-04 10:39:25", "elapsed": 12.249071, "delta": 0.456002}}
{"target": 0.012482867654212249, "params": {"C": 4509.495915362553, "gamma": 0.15506761204342326}, "datetime": {"datetime": "2021-10-04 10:39:25", "elapsed": 12.66583, "delta": 0.416759}}
{"target": 0.09976396797077403, "params": {"C": 4496.459731389796, "gamma": 0.06441220766978357}, "datetime": {"datetime": "2021-10-04 10:39:26", "elapsed": 13.017873, "delta": 0.352043}}
{"target": -0.01239732981703301, "params": {"C": 3357.936824909732, "gamma": 0.1279854279062844}, "datetime": {"datetime": "2021-10-04 10:39:26", "elapsed": 13.491848, "delta": 0.473975}}
{"target": -0.011014980969700217, "params": {"C": 3370.9276738831695, "gamma": 0.12755803036555002}, "datetime": {"datetime": "2021-10-04 10:39:27", "elapsed": 13.867514, "delta": 0.375666}}
{"target": 0.03061187942590038, "params": {"C": 3259.3381059461676, "gamma": 0.08893282725390506}, "datetime": {"datetime": "2021-10-04 10:39:27", "elapsed": 14.234811, "delta": 0.367297}}
{"target": -0.05948935060815708, "params": {"C": 3338.4329932375, "gamma": 0.16026211869292703}, "datetime": {"datetime": "2021-10-04 10:39:27", "elapsed": 14.700942, "delta": 0.466131}}
{"target": 0.023648412895086457, "params": {"C": 2710.8378769970186, "gamma": 0.06177786111186974}, "datetime": {"datetime": "2021-10-04 10:39:28", "elapsed": 15.096231, "delta": 0.395289}}
{"target": -0.07386334852915599, "params": {"C": 3274.9092789712026, "gamma": 0.16716923222393712}, "datetime": {"datetime": "2021-10-04 10:39:28", "elapsed": 15.510971, "delta": 0.41474}}
{"target": 0.09056358040017076, "params": {"C": 4516.583629371358, "gamma": 0.0830049509784198}, "datetime": {"datetime": "2021-10-04 10:39:29", "elapsed": 15.942406, "delta": 0.431435}}
{"target": 0.056666520477757665, "params": {"C": 4553.285905240935, "gamma": 0.1203508721276053}, "datetime": {"datetime": "2021-10-04 10:39:29", "elapsed": 16.408256, "delta": 0.46585}}
{"target": 0.008599217768098688, "params": {"C": 4560.382539182596, "gamma": 0.15988658359577657}, "datetime": {"datetime": "2021-10-04 10:39:30", "elapsed": 16.911764, "delta": 0.503508}}
{"target": -0.07839201360193693, "params": {"C": 2693.1293281990284, "gamma": 0.1405747211107513}, "datetime": {"datetime": "2021-10-04 10:39:30", "elapsed": 17.329294, "delta": 0.41753}}
{"target": -0.007386635175798295, "params": {"C": 3239.909067964124, "gamma": 0.11893309083986221}, "datetime": {"datetime": "2021-10-04 10:39:30", "elapsed": 17.750499, "delta": 0.421205}}
{"target": 0.05458281372286, "params": {"C": 3402.784806766294, "gamma": 0.03246101000627219}, "datetime": {"datetime": "2021-10-04 10:39:31", "elapsed": 18.226991, "delta": 0.476492}}
{"target": -0.01806929867690621, "params": {"C": 3409.920720647098, "gamma": 0.011770327891962359}, "datetime": {"datetime": "2021-10-04 10:39:31", "elapsed": 18.654994, "delta": 0.428003}}
{"target": 0.007922878660117427, "params": {"C": 3397.370538498842, "gamma": 0.11451382593029297}, "datetime": {"datetime": "2021-10-04 10:39:32", "elapsed": 19.126323, "delta": 0.471329}}
{"target": -0.029962670132797742, "params": {"C": 4633.595654594777, "gamma": 0.19218546864321542}, "datetime": {"datetime": "2021-10-04 10:39:32", "elapsed": 19.574795, "delta": 0.448472}}
{"target": 0.053520584617708145, "params": {"C": 3304.191093992586, "gamma": 0.06496023081217811}, "datetime": {"datetime": "2021-10-04 10:39:33", "elapsed": 20.124798, "delta": 0.550003}}
{"target": -0.097158493345745, "params": {"C": 3298.9994402487673, "gamma": 0.1844636149846729}, "datetime": {"datetime": "2021-10-04 10:39:33", "elapsed": 20.577638, "delta": 0.45284}}
{"target": -0.042946049860174584, "params": {"C": 3308.98954762009, "gamma": 0.14743780358059214}, "datetime": {"datetime": "2021-10-04 10:39:34", "elapsed": 21.119676, "delta": 0.542038}}
{"target": 0.05929437474562005, "params": {"C": 3350.7711888497183, "gamma": 0.05750243492812255}, "datetime": {"datetime": "2021-10-04 10:39:34", "elapsed": 21.492412, "delta": 0.372736}}
{"target": -0.003921423069144225, "params": {"C": 4598.624890077332, "gamma": 0.1709084041959973}, "datetime": {"datetime": "2021-10-04 10:39:35", "elapsed": 21.929279, "delta": 0.436867}}
{"target": 0.056600985277213356, "params": {"C": 4494.446550585728, "gamma": 0.11828008086006629}, "datetime": {"datetime": "2021-10-04 10:39:35", "elapsed": 22.30775, "delta": 0.378471}}
{"target": 0.09858981825690616, "params": {"C": 4498.854013963273, "gamma": 0.06783771555365233}, "datetime": {"datetime": "2021-10-04 10:39:35", "elapsed": 22.727934, "delta": 0.420184}}
{"target": -0.03226325592575496, "params": {"C": 4549.336269692054, "gamma": 0.007407728150730408}, "datetime": {"datetime": "2021-10-04 10:39:36", "elapsed": 23.201055, "delta": 0.473121}}
{"target": 0.09224426732756175, "params": {"C": 4490.015970474486, "gamma": 0.07918630534696751}, "datetime": {"datetime": "2021-10-04 10:39:36", "elapsed": 23.718002, "delta": 0.516947}}
{"target": -0.037372436239465845, "params": {"C": 4607.4250999441365, "gamma": 0.19692507584139288}, "datetime": {"datetime": "2021-10-04 10:39:37", "elapsed": 24.163999, "delta": 0.445997}}
{"target": 0.0568170348803162, "params": {"C": 3254.7184904743585, "gamma": 0.047233607065416586}, "datetime": {"datetime": "2021-10-04 10:39:37", "elapsed": 24.733907, "delta": 0.569908}}
{"target": 0.06148902529450406, "params": {"C": 4556.251958201132, "gamma": 0.11610163991354389}, "datetime": {"datetime": "2021-10-04 10:39:38", "elapsed": 25.255727, "delta": 0.52182}}
{"target": -0.028209103714099903, "params": {"C": 2722.7551033962054, "gamma": 0.014229207009394661}, "datetime": {"datetime": "2021-10-04 10:39:38", "elapsed": 25.640957, "delta": 0.38523}}
{"target": 0.04994232223003936, "params": {"C": 4537.766644898931, "gamma": 0.01763477021913773}, "datetime": {"datetime": "2021-10-04 10:39:39", "elapsed": 26.043224, "delta": 0.402267}}
{"target": -0.09168895159723012, "params": {"C": 1852.9959791935876, "gamma": 0.09722482249777299}, "datetime": {"datetime": "2021-10-04 10:39:39", "elapsed": 26.496207, "delta": 0.452983}}
{"target": 0.003960651195300757, "params": {"C": 2569.614772338639, "gamma": 0.024325618774317534}, "datetime": {"datetime": "2021-10-04 10:39:40", "elapsed": 26.914494, "delta": 0.418287}}
{"target": -0.17819944371862095, "params": {"C": 1146.1020226120615, "gamma": 0.08655839468271484}, "datetime": {"datetime": "2021-10-04 10:39:40", "elapsed": 27.470515, "delta": 0.556021}}
{"target": 0.03599122280877187, "params": {"C": 4199.362726729309, "gamma": 0.12504574062418577}, "datetime": {"datetime": "2021-10-04 10:39:41", "elapsed": 27.981502, "delta": 0.510987}}
{"target": 0.0890408493642002, "params": {"C": 4193.880550726011, "gamma": 0.04152083050592247}, "datetime": {"datetime": "2021-10-04 10:39:41", "elapsed": 28.512606, "delta": 0.531104}}
{"target": -0.06296199948501924, "params": {"C": 4189.915455497802, "gamma": 0.2}, "datetime": {"datetime": "2021-10-04 10:39:42", "elapsed": 29.211006, "delta": 0.6984}}
