{"target": -49.8575547587014, "params": {"C": 100101.9045370474, "gamma": 0.31521872563632625}, "datetime": {"datetime": "2021-10-04 11:52:45", "elapsed": 96.322323, "delta": 0.903656}}
{"target": -49.75139818877188, "params": {"C": 96550.2690433895, "gamma": 0.4174740700316495}, "datetime": {"datetime": "2021-10-04 11:52:46", "elapsed": 97.088642, "delta": 0.766319}}
{"target": -49.57261528615363, "params": {"C": 111613.80038231715, "gamma": 0.4204411697656989}, "datetime": {"datetime": "2021-10-04 11:52:47", "elapsed": 97.836821, "delta": 0.748179}}
{"target": -50.8155514101012, "params": {"C": 155925.103479749, "gamma": 0.6181984199519682}, "datetime": {"datetime": "2021-10-04 11:52:48", "elapsed": 98.661402, "delta": 0.824581}}
{"target": -50.62771139813905, "params": {"C": 212479.75592385145, "gamma": 0.2786800515969785}, "datetime": {"datetime": "2021-10-04 11:52:48", "elapsed": 99.410939, "delta": 0.749537}}
{"target": -50.050341603196124, "params": {"C": 205025.0858960315, "gamma": 0.5654978820465619}, "datetime": {"datetime": "2021-10-04 11:52:49", "elapsed": 100.232297, "delta": 0.821358}}
{"target": -49.88561061687019, "params": {"C": 90291.35943348797, "gamma": 0.33615174898224376}, "datetime": {"datetime": "2021-10-04 11:52:50", "elapsed": 101.03996, "delta": 0.807663}}
{"target": -51.72895367030287, "params": {"C": 124036.04023085171, "gamma": 0.6773705877007808}, "datetime": {"datetime": "2021-10-04 11:52:51", "elapsed": 101.983691, "delta": 0.943731}}
{"target": -49.92086868340656, "params": {"C": 102260.2758414756, "gamma": 0.30647798956416}, "datetime": {"datetime": "2021-10-04 11:52:52", "elapsed": 103.02709, "delta": 1.043399}}
{"target": -52.036671979356335, "params": {"C": 91953.78894028865, "gamma": 0.6785355001770416}, "datetime": {"datetime": "2021-10-04 11:52:53", "elapsed": 104.000745, "delta": 0.973655}}
{"target": -50.1223842473058, "params": {"C": 243567.90783438436, "gamma": 0.3386725245708898}, "datetime": {"datetime": "2021-10-04 11:52:54", "elapsed": 105.139117, "delta": 1.138372}}
{"target": -49.653823895708044, "params": {"C": 156664.05426650314, "gamma": 0.5174835268971323}, "datetime": {"datetime": "2021-10-04 11:52:55", "elapsed": 106.373531, "delta": 1.234414}}
{"target": -49.3993216057945, "params": {"C": 149415.19820967322, "gamma": 0.46113900232454796}, "datetime": {"datetime": "2021-10-04 11:52:56", "elapsed": 107.345121, "delta": 0.97159}}
{"target": -49.653612475117534, "params": {"C": 173699.8972555484, "gamma": 0.5239845820236146}, "datetime": {"datetime": "2021-10-04 11:52:57", "elapsed": 108.190856, "delta": 0.845735}}
{"target": -49.55582725210598, "params": {"C": 188662.78846537328, "gamma": 0.3838124406743326}, "datetime": {"datetime": "2021-10-04 11:52:58", "elapsed": 108.985369, "delta": 0.794513}}
{"target": -49.471700309544666, "params": {"C": 181362.6450561944, "gamma": 0.5007079052052044}, "datetime": {"datetime": "2021-10-04 11:52:59", "elapsed": 109.904975, "delta": 0.919606}}
{"target": -50.21747214305701, "params": {"C": 208268.79363550665, "gamma": 0.3112139930673785}, "datetime": {"datetime": "2021-10-04 11:53:00", "elapsed": 110.90397, "delta": 0.998995}}
{"target": -49.49727092420147, "params": {"C": 122028.76664885558, "gamma": 0.40633343845067493}, "datetime": {"datetime": "2021-10-04 11:53:01", "elapsed": 111.679854, "delta": 0.775884}}
{"target": -49.409432693120934, "params": {"C": 167178.15736002644, "gamma": 0.4014099183914702}, "datetime": {"datetime": "2021-10-04 11:53:01", "elapsed": 112.400002, "delta": 0.720148}}
{"target": -51.4080664401547, "params": {"C": 91217.07912708248, "gamma": 0.6236283924232477}, "datetime": {"datetime": "2021-10-04 11:53:02", "elapsed": 113.141387, "delta": 0.741385}}
{"target": -49.798539240064024, "params": {"C": 94553.83407072577, "gamma": 0.3531059730309881}, "datetime": {"datetime": "2021-10-04 11:53:03", "elapsed": 113.957296, "delta": 0.815909}}
{"target": -51.98136879433558, "params": {"C": 113713.83166452343, "gamma": 0.6930824609763071}, "datetime": {"datetime": "2021-10-04 11:53:04", "elapsed": 114.963129, "delta": 1.005833}}
{"target": -49.66748527449751, "params": {"C": 246513.6658581969, "gamma": 0.5328501398417191}, "datetime": {"datetime": "2021-10-04 11:53:05", "elapsed": 115.752299, "delta": 0.78917}}
{"target": -51.272048203233155, "params": {"C": 250061.27781986594, "gamma": 0.6700816817056026}, "datetime": {"datetime": "2021-10-04 11:53:06", "elapsed": 116.522863, "delta": 0.770564}}
{"target": -50.81005815067441, "params": {"C": 130758.7941326812, "gamma": 0.6059407401833878}, "datetime": {"datetime": "2021-10-04 11:53:06", "elapsed": 117.38357, "delta": 0.860707}}
{"target": -51.76685100830747, "params": {"C": 158647.95549963723, "gamma": 0.6981450662260089}, "datetime": {"datetime": "2021-10-04 11:53:07", "elapsed": 118.270449, "delta": 0.886879}}
{"target": -50.27000058971588, "params": {"C": 172823.33927582856, "gamma": 0.2901972897799867}, "datetime": {"datetime": "2021-10-04 11:53:08", "elapsed": 119.069705, "delta": 0.799256}}
{"target": -49.87071658416921, "params": {"C": 224045.54374685124, "gamma": 0.551359472423717}, "datetime": {"datetime": "2021-10-04 11:53:09", "elapsed": 120.134603, "delta": 1.064898}}
{"target": -50.74247018600848, "params": {"C": 144739.17909267315, "gamma": 0.6077040379468628}, "datetime": {"datetime": "2021-10-04 11:53:10", "elapsed": 121.299082, "delta": 1.164479}}
{"target": -49.8812029319999, "params": {"C": 177501.79126989146, "gamma": 0.32821482832180887}, "datetime": {"datetime": "2021-10-04 11:53:11", "elapsed": 122.116166, "delta": 0.817084}}
{"target": -49.428040327453076, "params": {"C": 161846.505078779, "gamma": 0.4780840305179037}, "datetime": {"datetime": "2021-10-04 11:53:12", "elapsed": 123.067114, "delta": 0.950948}}
{"target": -50.21927185992846, "params": {"C": 192773.0630750734, "gamma": 0.3023396094636011}, "datetime": {"datetime": "2021-10-04 11:53:13", "elapsed": 123.946263, "delta": 0.879149}}
{"target": -49.39767596080032, "params": {"C": 251415.8794730425, "gamma": 0.4694075171493298}, "datetime": {"datetime": "2021-10-04 11:53:14", "elapsed": 124.767183, "delta": 0.82092}}
{"target": -49.68309209446968, "params": {"C": 113523.07570591621, "gamma": 0.47022317898111365}, "datetime": {"datetime": "2021-10-04 11:53:15", "elapsed": 125.583684, "delta": 0.816501}}
{"target": -49.319479347604286, "params": {"C": 190857.94960214075, "gamma": 0.4626569460984214}, "datetime": {"datetime": "2021-10-04 11:53:15", "elapsed": 126.424048, "delta": 0.840364}}
{"target": -49.526019156135014, "params": {"C": 141388.14039566487, "gamma": 0.36913284346045827}, "datetime": {"datetime": "2021-10-04 11:53:17", "elapsed": 127.661191, "delta": 1.237143}}
{"target": -50.91562001686348, "params": {"C": 136890.1303301552, "gamma": 0.6173305871959093}, "datetime": {"datetime": "2021-10-04 11:53:18", "elapsed": 128.774042, "delta": 1.112851}}
{"target": -50.89639067027688, "params": {"C": 196806.30730121225, "gamma": 0.25458272581759794}, "datetime": {"datetime": "2021-10-04 11:53:19", "elapsed": 129.833766, "delta": 1.059724}}
{"target": -49.86960434843708, "params": {"C": 202755.9483683441, "gamma": 0.5499932697663454}, "datetime": {"datetime": "2021-10-04 11:53:20", "elapsed": 130.773457, "delta": 0.939691}}
{"target": -49.643828168628374, "params": {"C": 203460.9850982686, "gamma": 0.3774958773565067}, "datetime": {"datetime": "2021-10-04 11:53:21", "elapsed": 131.789138, "delta": 1.015681}}
{"target": -50.04665399966418, "params": {"C": 182551.65590846515, "gamma": 0.31398889570218147}, "datetime": {"datetime": "2021-10-04 11:53:22", "elapsed": 132.604986, "delta": 0.815848}}
{"target": -51.049894874226155, "params": {"C": 226888.67079636015, "gamma": 0.649321957097997}, "datetime": {"datetime": "2021-10-04 11:53:22", "elapsed": 133.442238, "delta": 0.837252}}
{"target": -50.094410977335684, "params": {"C": 130015.81722503525, "gamma": 0.2913518876701636}, "datetime": {"datetime": "2021-10-04 11:53:23", "elapsed": 134.252484, "delta": 0.810246}}
{"target": -51.4691970798369, "params": {"C": 128692.80033561992, "gamma": 0.6578212496368996}, "datetime": {"datetime": "2021-10-04 11:53:24", "elapsed": 135.114042, "delta": 0.861558}}
{"target": -50.78505566295404, "params": {"C": 139234.52152373904, "gamma": 0.608366362089349}, "datetime": {"datetime": "2021-10-04 11:53:26", "elapsed": 136.486112, "delta": 1.37207}}
{"target": -51.51278584417223, "params": {"C": 238342.7873416319, "gamma": 0.6902449836472595}, "datetime": {"datetime": "2021-10-04 11:53:27", "elapsed": 137.520235, "delta": 1.034123}}
{"target": -49.337808399944315, "params": {"C": 158458.62403912272, "gamma": 0.4237691893870651}, "datetime": {"datetime": "2021-10-04 11:53:28", "elapsed": 138.548228, "delta": 1.027993}}
{"target": -49.36233624350598, "params": {"C": 146715.94117040688, "gamma": 0.4323810880833106}, "datetime": {"datetime": "2021-10-04 11:53:28", "elapsed": 139.477988, "delta": 0.92976}}
{"target": -51.444361089063094, "params": {"C": 113289.52815822217, "gamma": 0.6460760451937662}, "datetime": {"datetime": "2021-10-04 11:53:30", "elapsed": 140.526377, "delta": 1.048389}}
{"target": -49.41246367697902, "params": {"C": 224693.01472497682, "gamma": 0.49720513555137674}, "datetime": {"datetime": "2021-10-04 11:53:30", "elapsed": 141.409783, "delta": 0.883406}}
{"target": -51.59028973102125, "params": {"C": 94334.71350408402, "gamma": 0.6419855182145966}, "datetime": {"datetime": "2021-10-04 11:53:31", "elapsed": 142.219376, "delta": 0.809593}}
{"target": -50.059339947145276, "params": {"C": 91136.34019120589, "gamma": 0.2929489243282066}, "datetime": {"datetime": "2021-10-04 11:53:32", "elapsed": 143.042947, "delta": 0.823571}}
{"target": -51.61653490143572, "params": {"C": 145439.4874307118, "gamma": 0.6791412380459835}, "datetime": {"datetime": "2021-10-04 11:53:33", "elapsed": 143.904372, "delta": 0.861425}}
{"target": -49.46329488539761, "params": {"C": 237053.4229019265, "gamma": 0.507635494361621}, "datetime": {"datetime": "2021-10-04 11:53:34", "elapsed": 144.714216, "delta": 0.809844}}
{"target": -51.08420584819202, "params": {"C": 166166.1190537343, "gamma": 0.6430591458786991}, "datetime": {"datetime": "2021-10-04 11:53:35", "elapsed": 145.634727, "delta": 0.920511}}
{"target": -50.81016417699259, "params": {"C": 172514.13337013626, "gamma": 0.25119328619525094}, "datetime": {"datetime": "2021-10-04 11:53:36", "elapsed": 146.517972, "delta": 0.883245}}
{"target": -49.36167552232012, "params": {"C": 220468.33434880225, "gamma": 0.44775349350211524}, "datetime": {"datetime": "2021-10-04 11:53:37", "elapsed": 147.730679, "delta": 1.212707}}
{"target": -51.61334082624262, "params": {"C": 125812.63682474583, "gamma": 0.6684107929645398}, "datetime": {"datetime": "2021-10-04 11:53:38", "elapsed": 148.771912, "delta": 1.041233}}
{"target": -50.507413404835034, "params": {"C": 199072.82706290414, "gamma": 0.2824562599949132}, "datetime": {"datetime": "2021-10-04 11:53:39", "elapsed": 149.613162, "delta": 0.84125}}
{"target": -49.74358492227191, "params": {"C": 128879.51775039328, "gamma": 0.5067980476312318}, "datetime": {"datetime": "2021-10-04 11:53:40", "elapsed": 150.939446, "delta": 1.326284}}
{"target": -49.49363586151188, "params": {"C": 243525.05888744057, "gamma": 0.43042726021918176}, "datetime": {"datetime": "2021-10-04 11:53:41", "elapsed": 151.844604, "delta": 0.905158}}
{"target": -49.320346618425795, "params": {"C": 180326.38215329492, "gamma": 0.4585217067626588}, "datetime": {"datetime": "2021-10-04 11:53:42", "elapsed": 152.706513, "delta": 0.861909}}
{"target": -50.60122834363766, "params": {"C": 226683.5194477397, "gamma": 0.6133811346120424}, "datetime": {"datetime": "2021-10-04 11:53:43", "elapsed": 153.571594, "delta": 0.865081}}
{"target": -50.51406369830907, "params": {"C": 171767.39553389009, "gamma": 0.6000356896370855}, "datetime": {"datetime": "2021-10-04 11:53:44", "elapsed": 154.681866, "delta": 1.110272}}
{"target": -51.65642398003928, "params": {"C": 181422.5936377489, "gamma": 0.6953605514433396}, "datetime": {"datetime": "2021-10-04 11:53:45", "elapsed": 155.545924, "delta": 0.864058}}
{"target": -51.09145149514842, "params": {"C": 209436.9163753171, "gamma": 0.6509955651912338}, "datetime": {"datetime": "2021-10-04 11:53:46", "elapsed": 156.570602, "delta": 1.024678}}
{"target": -50.76465464960621, "params": {"C": 251654.11323656488, "gamma": 0.6283330469843589}, "datetime": {"datetime": "2021-10-04 11:53:46", "elapsed": 157.454951, "delta": 0.884349}}
{"target": -50.02626843308591, "params": {"C": 175018.06223430575, "gamma": 0.31293608201642464}, "datetime": {"datetime": "2021-10-04 11:53:47", "elapsed": 158.271662, "delta": 0.816711}}
{"target": -49.68121664826759, "params": {"C": 180326.0500327393, "gamma": 0.5283875432891787}, "datetime": {"datetime": "2021-10-04 11:53:49", "elapsed": 159.511895, "delta": 1.240233}}
{"target": -49.75830667668243, "params": {"C": 204043.17965889093, "gamma": 0.35928130700130423}, "datetime": {"datetime": "2021-10-04 11:53:50", "elapsed": 160.811976, "delta": 1.300081}}
{"target": -49.463304812951, "params": {"C": 149415.77480667847, "gamma": 0.38025113564227275}, "datetime": {"datetime": "2021-10-04 11:53:51", "elapsed": 162.237349, "delta": 1.425373}}
{"target": -49.70596079894324, "params": {"C": 184638.8205983284, "gamma": 0.5316318894549918}, "datetime": {"datetime": "2021-10-04 11:53:52", "elapsed": 163.316206, "delta": 1.078857}}
{"target": -49.918866429859975, "params": {"C": 180327.15460249153, "gamma": 0.32573698903951376}, "datetime": {"datetime": "2021-10-04 11:53:54", "elapsed": 164.600019, "delta": 1.283813}}
{"target": -49.68069689632503, "params": {"C": 190858.8463704713, "gamma": 0.36261990866945204}, "datetime": {"datetime": "2021-10-04 11:53:56", "elapsed": 166.880237, "delta": 2.280218}}
{"target": -50.378487869190735, "params": {"C": 162648.74357589445, "gamma": 0.27735593826091814}, "datetime": {"datetime": "2021-10-04 11:53:57", "elapsed": 168.306005, "delta": 1.425768}}
{"target": -50.43859827826511, "params": {"C": 179496.29808770173, "gamma": 0.5951175117388144}, "datetime": {"datetime": "2021-10-04 11:53:59", "elapsed": 169.792048, "delta": 1.486043}}
{"target": -49.70222152963209, "params": {"C": 146716.7213644972, "gamma": 0.33875066143284516}, "datetime": {"datetime": "2021-10-04 11:54:00", "elapsed": 171.268478, "delta": 1.47643}}
{"target": -49.6203867582773, "params": {"C": 197676.75623100382, "gamma": 0.37806605386723746}, "datetime": {"datetime": "2021-10-04 11:54:02", "elapsed": 172.994484, "delta": 1.726006}}
{"target": -50.57034690920667, "params": {"C": 171373.47312812766, "gamma": 0.6042906559047473}, "datetime": {"datetime": "2021-10-04 11:54:03", "elapsed": 174.089074, "delta": 1.09459}}
{"target": -49.430929291103176, "params": {"C": 197675.18658433395, "gamma": 0.49691370084455366}, "datetime": {"datetime": "2021-10-04 11:54:04", "elapsed": 175.332884, "delta": 1.24381}}
{"target": -51.63594474374838, "params": {"C": 135872.81137516798, "gamma": 0.6760144829643024}, "datetime": {"datetime": "2021-10-04 11:54:05", "elapsed": 176.48144, "delta": 1.148556}}
{"target": -49.37140721785739, "params": {"C": 163294.04565799912, "gamma": 0.46581518584521786}, "datetime": {"datetime": "2021-10-04 11:54:07", "elapsed": 178.049929, "delta": 1.568489}}
{"target": -50.97974048439467, "params": {"C": 224693.56506835186, "gamma": 0.6433319675382255}, "datetime": {"datetime": "2021-10-04 11:54:08", "elapsed": 179.114361, "delta": 1.064432}}
{"target": -50.30233281381673, "params": {"C": 181983.69549786928, "gamma": 0.5844212279037302}, "datetime": {"datetime": "2021-10-04 11:54:10", "elapsed": 180.487228, "delta": 1.372867}}
{"target": -51.3505284052394, "params": {"C": 224692.17860302207, "gamma": 0.674649112422404}, "datetime": {"datetime": "2021-10-04 11:54:11", "elapsed": 181.84526, "delta": 1.358032}}
{"target": -50.55096530947255, "params": {"C": 180725.3232942791, "gamma": 0.2721969757276031}, "datetime": {"datetime": "2021-10-04 11:54:12", "elapsed": 182.834664, "delta": 0.989404}}
{"target": -49.995518634131486, "params": {"C": 162647.7196441419, "gamma": 0.5565720300575183}, "datetime": {"datetime": "2021-10-04 11:54:13", "elapsed": 184.254029, "delta": 1.419365}}
{"target": -49.48678992315081, "params": {"C": 172815.29506785446, "gamma": 0.3868832183184182}, "datetime": {"datetime": "2021-10-04 11:54:15", "elapsed": 185.808926, "delta": 1.554897}}
{"target": -50.27636382175696, "params": {"C": 243525.74346438423, "gamma": 0.32418801081895215}, "datetime": {"datetime": "2021-10-04 11:54:16", "elapsed": 186.876792, "delta": 1.067866}}
{"target": -49.52489397421495, "params": {"C": 150095.61102184257, "gamma": 0.4904112811148056}, "datetime": {"datetime": "2021-10-04 11:54:17", "elapsed": 188.309089, "delta": 1.432297}}
{"target": -49.50266725952844, "params": {"C": 122606.6340083156, "gamma": 0.4420690188235372}, "datetime": {"datetime": "2021-10-04 11:54:18", "elapsed": 189.288606, "delta": 0.979517}}
{"target": -49.64512026118391, "params": {"C": 247413.05197853237, "gamma": 0.5304102568621907}, "datetime": {"datetime": "2021-10-04 11:54:19", "elapsed": 190.28784, "delta": 0.999234}}
{"target": -50.90265490310588, "params": {"C": 120411.48251877169, "gamma": 0.607154706851181}, "datetime": {"datetime": "2021-10-04 11:54:20", "elapsed": 191.245498, "delta": 0.957658}}
{"target": -49.382212619283656, "params": {"C": 229956.99562891413, "gamma": 0.4796705614044037}, "datetime": {"datetime": "2021-10-04 11:54:22", "elapsed": 192.842103, "delta": 1.596605}}
{"target": -50.48888370651644, "params": {"C": 179494.9678090826, "gamma": 0.2761125811750228}, "datetime": {"datetime": "2021-10-04 11:54:23", "elapsed": 194.428893, "delta": 1.58679}}
{"target": -49.438479533405115, "params": {"C": 145593.87184551032, "gamma": 0.4652730129534557}, "datetime": {"datetime": "2021-10-04 11:54:26", "elapsed": 196.525831, "delta": 2.096938}}
{"target": -51.10393511658413, "params": {"C": 135342.51284970855, "gamma": 0.6314423102037862}, "datetime": {"datetime": "2021-10-04 11:54:27", "elapsed": 197.905242, "delta": 1.379411}}
{"target": -51.19660462227089, "params": {"C": 151980.18346486244, "gamma": 0.6468291481863553}, "datetime": {"datetime": "2021-10-04 11:54:28", "elapsed": 198.963645, "delta": 1.058403}}
{"target": -49.5607654487565, "params": {"C": 181984.81839081386, "gamma": 0.37832895620155016}, "datetime": {"datetime": "2021-10-04 11:54:29", "elapsed": 200.206524, "delta": 1.242879}}
{"target": -51.50637348499596, "params": {"C": 123705.95491671613, "gamma": 0.65802333670497}, "datetime": {"datetime": "2021-10-04 11:54:30", "elapsed": 201.260293, "delta": 1.053769}}
{"target": -50.494465227371826, "params": {"C": 126016.20069011794, "gamma": 0.5782383386017789}, "datetime": {"datetime": "2021-10-04 11:54:32", "elapsed": 202.858448, "delta": 1.598155}}
{"target": -49.715548235520345, "params": {"C": 150096.6030413651, "gamma": 0.33667010607514086}, "datetime": {"datetime": "2021-10-04 11:54:33", "elapsed": 204.466277, "delta": 1.607829}}
{"target": -50.568377231390286, "params": {"C": 104477.26238046766, "gamma": 0.5687996184395561}, "datetime": {"datetime": "2021-10-04 11:54:35", "elapsed": 205.706249, "delta": 1.239972}}
{"target": -49.47423095050979, "params": {"C": 229957.98439049543, "gamma": 0.42643150326008616}, "datetime": {"datetime": "2021-10-04 11:54:37", "elapsed": 207.750838, "delta": 2.044589}}
{"target": -49.313058933192956, "params": {"C": 171375.31159740573, "gamma": 0.4455167151584857}, "datetime": {"datetime": "2021-10-04 11:54:38", "elapsed": 209.22612, "delta": 1.475282}}
{"target": -51.880488692918476, "params": {"C": 127134.00751166759, "gamma": 0.6926855988118534}, "datetime": {"datetime": "2021-10-04 11:54:39", "elapsed": 210.316636, "delta": 1.090516}}
{"target": -50.08511526932602, "params": {"C": 240826.2507883779, "gamma": 0.3411782420843162}, "datetime": {"datetime": "2021-10-04 11:54:41", "elapsed": 211.832506, "delta": 1.51587}}
{"target": -50.53147617157034, "params": {"C": 129011.20580167061, "gamma": 0.5829689392417756}, "datetime": {"datetime": "2021-10-04 11:54:43", "elapsed": 213.699351, "delta": 1.866845}}
{"target": -50.45939408970365, "params": {"C": 234752.3530070654, "gamma": 0.6032360410330786}, "datetime": {"datetime": "2021-10-04 11:54:45", "elapsed": 215.534572, "delta": 1.835221}}
{"target": -49.418400858792936, "params": {"C": 217204.11804788368, "gamma": 0.43108906891651694}, "datetime": {"datetime": "2021-10-04 11:54:46", "elapsed": 217.445189, "delta": 1.910617}}
{"target": -51.036959055924584, "params": {"C": 220467.64708684565, "gamma": 0.2547949728749366}, "datetime": {"datetime": "2021-10-04 11:54:48", "elapsed": 219.461652, "delta": 2.016463}}
{"target": -51.72138478473578, "params": {"C": 158458.99755624327, "gamma": 0.6940412907526303}, "datetime": {"datetime": "2021-10-04 11:54:51", "elapsed": 221.889072, "delta": 2.42742}}
{"target": -51.07328378603415, "params": {"C": 108036.45239597959, "gamma": 0.61204989727792}, "datetime": {"datetime": "2021-10-04 11:54:53", "elapsed": 223.589208, "delta": 1.700136}}
{"target": -50.760661157223346, "params": {"C": 181362.91804833087, "gamma": 0.2573075036529486}, "datetime": {"datetime": "2021-10-04 11:54:55", "elapsed": 225.760131, "delta": 2.170923}}
{"target": -49.892292688812404, "params": {"C": 171375.1002355022, "gamma": 0.3247976310526578}, "datetime": {"datetime": "2021-10-04 11:54:57", "elapsed": 227.490061, "delta": 1.72993}}
{"target": -49.78659563384487, "params": {"C": 122993.87025609256, "gamma": 0.5066223964483878}, "datetime": {"datetime": "2021-10-04 11:54:58", "elapsed": 228.925066, "delta": 1.435005}}
{"target": -50.2980102808941, "params": {"C": 208286.29100319545, "gamma": 0.3036627758248546}, "datetime": {"datetime": "2021-10-04 11:54:59", "elapsed": 230.277617, "delta": 1.352551}}
