{"target": -35.31624960088118, "params": {"C": 2626.9108149870835, "gamma": 0.030340217456785726}, "datetime": {"datetime": "2021-09-28 14:42:30", "elapsed": 57.689126, "delta": 0.917998}}
{"target": -35.60395061039477, "params": {"C": 2596.477376010393, "gamma": 0.05498259344508936}, "datetime": {"datetime": "2021-09-28 14:42:30", "elapsed": 58.385128, "delta": 0.696002}}
{"target": -35.87625806067723, "params": {"C": 2763.8227173065065, "gamma": 0.008349242848182383}, "datetime": {"datetime": "2021-09-28 14:42:31", "elapsed": 59.264546, "delta": 0.879418}}
{"target": -35.34793198612053, "params": {"C": 2740.060768787809, "gamma": 0.019520311939908812}, "datetime": {"datetime": "2021-09-28 14:42:32", "elapsed": 60.106545, "delta": 0.841999}}
{"target": -35.36181825113487, "params": {"C": 2496.652269734699, "gamma": 0.03216854546194255}, "datetime": {"datetime": "2021-09-28 14:42:33", "elapsed": 60.769028, "delta": 0.662483}}
{"target": -35.62184825170539, "params": {"C": 2264.114454846006, "gamma": 0.05010294305646607}, "datetime": {"datetime": "2021-09-28 14:42:34", "elapsed": 61.647407, "delta": 0.878379}}
{"target": -35.28936918020376, "params": {"C": 2965.3979460600644, "gamma": 0.02116064412668042}, "datetime": {"datetime": "2021-09-28 14:42:35", "elapsed": 62.509791, "delta": 0.862384}}
{"target": -35.6400212430771, "params": {"C": 2111.907613310621, "gamma": 0.047434310500604156}, "datetime": {"datetime": "2021-09-28 14:42:35", "elapsed": 63.357857, "delta": 0.848066}}
{"target": -35.513292775611845, "params": {"C": 2953.008385249284, "gamma": 0.05583362613741474}, "datetime": {"datetime": "2021-09-28 14:42:36", "elapsed": 64.065854, "delta": 0.707997}}
{"target": -35.304892006721154, "params": {"C": 2882.9210684779646, "gamma": 0.02096528932885536}, "datetime": {"datetime": "2021-09-28 14:42:37", "elapsed": 64.830566, "delta": 0.764712}}
{"target": -36.033434314277066, "params": {"C": 2989.1606037611414, "gamma": 0.07997476903118537}, "datetime": {"datetime": "2021-09-28 14:42:38", "elapsed": 65.63857, "delta": 0.808004}}
{"target": -35.40344012360068, "params": {"C": 2342.4190483972134, "gamma": 0.031827598434447}, "datetime": {"datetime": "2021-09-28 14:42:38", "elapsed": 66.373567, "delta": 0.734997}}
{"target": -35.50475457116305, "params": {"C": 2532.0931875108417, "gamma": 0.04904350246880736}, "datetime": {"datetime": "2021-09-28 14:42:39", "elapsed": 67.219468, "delta": 0.845901}}
{"target": -35.541007022260544, "params": {"C": 2626.9287437790535, "gamma": 0.0525530010401308}, "datetime": {"datetime": "2021-09-28 14:42:40", "elapsed": 68.213671, "delta": 0.994203}}
{"target": -36.04859178184636, "params": {"C": 2532.7797638740835, "gamma": 0.0746312225867983}, "datetime": {"datetime": "2021-09-28 14:42:41", "elapsed": 69.028337, "delta": 0.814666}}
{"target": -35.399965603067216, "params": {"C": 2456.0130106806064, "gamma": 0.036114744564152104}, "datetime": {"datetime": "2021-09-28 14:42:42", "elapsed": 69.719331, "delta": 0.690994}}
{"target": -35.572007429841754, "params": {"C": 2763.7685631301415, "gamma": 0.013245485349682458}, "datetime": {"datetime": "2021-09-28 14:42:43", "elapsed": 70.503352, "delta": 0.784021}}
{"target": -35.309205954430986, "params": {"C": 2740.045003909166, "gamma": 0.03474694376124858}, "datetime": {"datetime": "2021-09-28 14:42:44", "elapsed": 71.561344, "delta": 1.057992}}
{"target": -35.43872763176289, "params": {"C": 2797.7466665062957, "gamma": 0.04967681056834497}, "datetime": {"datetime": "2021-09-28 14:42:44", "elapsed": 72.367881, "delta": 0.806537}}
{"target": -36.35414784640405, "params": {"C": 2135.3755645030615, "gamma": 0.07997262857400808}, "datetime": {"datetime": "2021-09-28 14:42:45", "elapsed": 73.126485, "delta": 0.758604}}
{"target": -35.37601749509503, "params": {"C": 2740.0751295950276, "gamma": 0.04323981496045921}, "datetime": {"datetime": "2021-09-28 14:42:46", "elapsed": 74.109477, "delta": 0.982992}}
{"target": -35.2713363937002, "params": {"C": 2882.9174829094654, "gamma": 0.0349140987972416}, "datetime": {"datetime": "2021-09-28 14:42:47", "elapsed": 75.166258, "delta": 1.056781}}
{"target": -35.33438108510175, "params": {"C": 2518.7645987578835, "gamma": 0.02588347080183907}, "datetime": {"datetime": "2021-09-28 14:42:48", "elapsed": 75.835261, "delta": 0.669003}}
{"target": -35.58953799989201, "params": {"C": 2779.411919429379, "gamma": 0.05704459692123947}, "datetime": {"datetime": "2021-09-28 14:42:49", "elapsed": 76.607262, "delta": 0.772001}}
{"target": -36.53978326075573, "params": {"C": 2518.7559386019307, "gamma": 0.0031870240521535394}, "datetime": {"datetime": "2021-09-28 14:42:50", "elapsed": 77.565941, "delta": 0.958679}}
{"target": -35.30343862395107, "params": {"C": 2965.374121575185, "gamma": 0.04160159041980119}, "datetime": {"datetime": "2021-09-28 14:42:51", "elapsed": 78.427259, "delta": 0.861318}}
{"target": -35.290267907977686, "params": {"C": 2745.0029613417764, "gamma": 0.023748431709153084}, "datetime": {"datetime": "2021-09-28 14:42:51", "elapsed": 79.285266, "delta": 0.858007}}
{"target": -35.581919580458674, "params": {"C": 2109.3359876169634, "gamma": 0.04260283436483836}, "datetime": {"datetime": "2021-09-28 14:42:52", "elapsed": 80.077251, "delta": 0.791985}}
{"target": -35.753435208596734, "params": {"C": 2744.9706965075466, "gamma": 0.01000092692005428}, "datetime": {"datetime": "2021-09-28 14:42:53", "elapsed": 81.12289, "delta": 1.045639}}
{"target": -35.63105023690174, "params": {"C": 2965.3635839894964, "gamma": 0.011805773876084329}, "datetime": {"datetime": "2021-09-28 14:42:54", "elapsed": 82.01088, "delta": 0.88799}}
{"target": -35.50453481131696, "params": {"C": 2518.7397158633257, "gamma": 0.048734500461892816}, "datetime": {"datetime": "2021-09-28 14:42:55", "elapsed": 82.934844, "delta": 0.923964}}
{"target": -35.24003011479601, "params": {"C": 2965.4306052707407, "gamma": 0.024787894925420686}, "datetime": {"datetime": "2021-09-28 14:42:56", "elapsed": 84.016843, "delta": 1.081999}}
{"target": -35.25657962103782, "params": {"C": 2882.8891407024876, "gamma": 0.031396076568393785}, "datetime": {"datetime": "2021-09-28 14:42:57", "elapsed": 85.017198, "delta": 1.000355}}
{"target": -35.887041577391585, "params": {"C": 2740.0427718425535, "gamma": 0.07032847355062354}, "datetime": {"datetime": "2021-09-28 14:42:58", "elapsed": 86.025193, "delta": 1.007995}}
{"target": -36.06095941718443, "params": {"C": 2965.418293276712, "gamma": 0.006000774027573314}, "datetime": {"datetime": "2021-09-28 14:42:59", "elapsed": 86.99985, "delta": 0.974657}}
{"target": -35.34089101492267, "params": {"C": 2498.504720712398, "gamma": 0.024867311535679792}, "datetime": {"datetime": "2021-09-28 14:43:00", "elapsed": 87.641105, "delta": 0.641255}}
{"target": -35.71715694263314, "params": {"C": 2079.2735880458827, "gamma": 0.05097685859130593}, "datetime": {"datetime": "2021-09-28 14:43:01", "elapsed": 88.41911, "delta": 0.778005}}
{"target": -35.280711774811735, "params": {"C": 2965.3870448575135, "gamma": 0.03935944215797715}, "datetime": {"datetime": "2021-09-28 14:43:01", "elapsed": 89.32408, "delta": 0.90497}}
{"target": -35.33502859956492, "params": {"C": 2518.785222864687, "gamma": 0.02872477932196799}, "datetime": {"datetime": "2021-09-28 14:43:02", "elapsed": 90.084077, "delta": 0.759997}}
{"target": -35.49472914958879, "params": {"C": 2965.403733956925, "gamma": 0.055015304133450155}, "datetime": {"datetime": "2021-09-28 14:43:03", "elapsed": 90.866094, "delta": 0.782017}}
{"target": -35.30129736504778, "params": {"C": 2745.0245110973005, "gamma": 0.02281422643766166}, "datetime": {"datetime": "2021-09-28 14:43:04", "elapsed": 91.775031, "delta": 0.908937}}
{"target": -35.482938907160424, "params": {"C": 2596.479983158341, "gamma": 0.01548006073199822}, "datetime": {"datetime": "2021-09-28 14:43:05", "elapsed": 92.563034, "delta": 0.788003}}
{"target": -35.455437272581555, "params": {"C": 2700.762892775434, "gamma": 0.01591796020286066}, "datetime": {"datetime": "2021-09-28 14:43:05", "elapsed": 93.404963, "delta": 0.841929}}
{"target": -35.40010649024553, "params": {"C": 2626.9214759675497, "gamma": 0.017472557297639028}, "datetime": {"datetime": "2021-09-28 14:43:06", "elapsed": 94.256963, "delta": 0.852}}
{"target": -35.3490296102427, "params": {"C": 2701.7200149434893, "gamma": 0.03957584648313129}, "datetime": {"datetime": "2021-09-28 14:43:07", "elapsed": 95.106523, "delta": 0.84956}}
{"target": -35.25418907624451, "params": {"C": 2882.868073584295, "gamma": 0.030773611778065108}, "datetime": {"datetime": "2021-09-28 14:43:08", "elapsed": 95.977523, "delta": 0.871}}
{"target": -35.53434092753468, "params": {"C": 2759.806750837119, "gamma": 0.05416862689284891}, "datetime": {"datetime": "2021-09-28 14:43:09", "elapsed": 96.883056, "delta": 0.905533}}
{"target": -35.66668143853874, "params": {"C": 2518.7856701699166, "gamma": 0.05667543320285962}, "datetime": {"datetime": "2021-09-28 14:43:10", "elapsed": 98.082058, "delta": 1.199002}}
{"target": -35.4414103707001, "params": {"C": 2164.0870020070506, "gamma": 0.02947561751864786}, "datetime": {"datetime": "2021-09-28 14:43:11", "elapsed": 99.134605, "delta": 1.052547}}
{"target": -35.43590919030675, "params": {"C": 2745.0009580489013, "gamma": 0.0483295844270447}, "datetime": {"datetime": "2021-09-28 14:43:12", "elapsed": 100.293598, "delta": 1.158993}}
{"target": -35.599881997892744, "params": {"C": 2745.0352286817197, "gamma": 0.057020754263081785}, "datetime": {"datetime": "2021-09-28 14:43:13", "elapsed": 101.389287, "delta": 1.095689}}
{"target": -35.452447236810954, "params": {"C": 2882.8746214125226, "gamma": 0.051683957704167754}, "datetime": {"datetime": "2021-09-28 14:43:15", "elapsed": 102.438984, "delta": 1.049697}}
{"target": -35.29829732988045, "params": {"C": 2817.63052127618, "gamma": 0.02212720429212684}, "datetime": {"datetime": "2021-09-28 14:43:16", "elapsed": 103.429399, "delta": 0.990415}}
{"target": -35.55208823457279, "params": {"C": 2740.08977957413, "gamma": 0.013679873730921784}, "datetime": {"datetime": "2021-09-28 14:43:17", "elapsed": 104.544395, "delta": 1.114996}}
{"target": -35.491561869122165, "params": {"C": 2882.8572968514636, "gamma": 0.014729267796760065}, "datetime": {"datetime": "2021-09-28 14:43:18", "elapsed": 105.647046, "delta": 1.102651}}
{"target": -35.36238369795966, "params": {"C": 2626.9076091088423, "gamma": 0.03828747354577466}, "datetime": {"datetime": "2021-09-28 14:43:19", "elapsed": 106.709048, "delta": 1.062002}}
{"target": -35.71435784749645, "params": {"C": 2456.0070219102554, "gamma": 0.011217422200250127}, "datetime": {"datetime": "2021-09-28 14:43:20", "elapsed": 107.841767, "delta": 1.132719}}
{"target": -35.481069950716595, "params": {"C": 2856.092251223427, "gamma": 0.05284975579244941}, "datetime": {"datetime": "2021-09-28 14:43:21", "elapsed": 108.737301, "delta": 0.895534}}
{"target": -35.59062102145724, "params": {"C": 2817.6368583464264, "gamma": 0.05766247728727029}, "datetime": {"datetime": "2021-09-28 14:43:22", "elapsed": 109.956213, "delta": 1.218912}}
{"target": -35.293211894470986, "params": {"C": 2696.3217348629, "gamma": 0.024278702924189037}, "datetime": {"datetime": "2021-09-28 14:43:23", "elapsed": 111.278199, "delta": 1.321986}}
{"target": -35.37676717204748, "params": {"C": 2942.166902655515, "gamma": 0.04757004254317534}, "datetime": {"datetime": "2021-09-28 14:43:24", "elapsed": 112.252221, "delta": 0.974022}}
{"target": -36.22277589627332, "params": {"C": 2882.8790970961722, "gamma": 0.004488766350302405}, "datetime": {"datetime": "2021-09-28 14:43:26", "elapsed": 113.489112, "delta": 1.236891}}
{"target": -35.41412931442147, "params": {"C": 2817.604928730814, "gamma": 0.016636285684087454}, "datetime": {"datetime": "2021-09-28 14:43:27", "elapsed": 114.707102, "delta": 1.21799}}
{"target": -35.306121918327165, "params": {"C": 2626.8870467178117, "gamma": 0.02838231474452936}, "datetime": {"datetime": "2021-09-28 14:43:28", "elapsed": 116.027108, "delta": 1.320006}}
{"target": -36.12062742260022, "params": {"C": 2696.3076357751984, "gamma": 0.005646486635702181}, "datetime": {"datetime": "2021-09-28 14:43:30", "elapsed": 117.965083, "delta": 1.937975}}
{"target": -35.71748897433638, "params": {"C": 2696.3187815022156, "gamma": 0.06185688154673867}, "datetime": {"datetime": "2021-09-28 14:43:31", "elapsed": 119.152435, "delta": 1.187352}}
{"target": -35.30407327800599, "params": {"C": 2965.4528659140137, "gamma": 0.020243881648192814}, "datetime": {"datetime": "2021-09-28 14:43:33", "elapsed": 120.834435, "delta": 1.682}}
{"target": -35.34132190280135, "params": {"C": 2496.6481125154646, "gamma": 0.02490770654662348}, "datetime": {"datetime": "2021-09-28 14:43:34", "elapsed": 121.65564, "delta": 0.821205}}
{"target": -35.78795037844873, "params": {"C": 2648.19972915588, "gamma": 0.00971572924767673}, "datetime": {"datetime": "2021-09-28 14:43:35", "elapsed": 122.596717, "delta": 0.941077}}
{"target": -35.82380749239765, "params": {"C": 2198.270819747016, "gamma": 0.0585710987993137}, "datetime": {"datetime": "2021-09-28 14:43:36", "elapsed": 123.520929, "delta": 0.924212}}
{"target": -35.36007888591514, "params": {"C": 2626.8651174650245, "gamma": 0.037918798536443026}, "datetime": {"datetime": "2021-09-28 14:43:37", "elapsed": 124.694932, "delta": 1.174003}}
{"target": -35.73275036034398, "params": {"C": 2466.893289679989, "gamma": 0.05890050612855374}, "datetime": {"datetime": "2021-09-28 14:43:38", "elapsed": 126.065932, "delta": 1.371}}
{"target": -35.43472119644579, "params": {"C": 2168.6878173353143, "gamma": 0.02596692412458159}, "datetime": {"datetime": "2021-09-28 14:43:39", "elapsed": 127.133466, "delta": 1.067534}}
{"target": -35.837393697859625, "params": {"C": 2430.757989626229, "gamma": 0.06320490868462986}, "datetime": {"datetime": "2021-09-28 14:43:40", "elapsed": 128.178561, "delta": 1.045095}}
{"target": -35.45745379330225, "params": {"C": 2427.805991568166, "gamma": 0.04264576159627183}, "datetime": {"datetime": "2021-09-28 14:43:42", "elapsed": 129.480562, "delta": 1.302001}}
{"target": -35.35149289633704, "params": {"C": 2584.0574361167774, "gamma": 0.03448989812925375}, "datetime": {"datetime": "2021-09-28 14:43:43", "elapsed": 130.604626, "delta": 1.124064}}
{"target": -35.71379311162112, "params": {"C": 2942.182789265826, "gamma": 0.06516781442684852}, "datetime": {"datetime": "2021-09-28 14:43:44", "elapsed": 131.736629, "delta": 1.132003}}
{"target": -35.482289171629816, "params": {"C": 2740.020614144973, "gamma": 0.015199810342812575}, "datetime": {"datetime": "2021-09-28 14:43:45", "elapsed": 132.8312, "delta": 1.094571}}
{"target": -35.28521476160566, "params": {"C": 2965.443752791105, "gamma": 0.03986526583904595}, "datetime": {"datetime": "2021-09-28 14:43:47", "elapsed": 134.455982, "delta": 1.624782}}
{"target": -35.45360550291409, "params": {"C": 2697.4448476784337, "gamma": 0.048755646065453746}, "datetime": {"datetime": "2021-09-28 14:43:48", "elapsed": 135.896993, "delta": 1.441011}}
{"target": -35.64462929984427, "params": {"C": 2498.488570391679, "gamma": 0.05535056563872958}, "datetime": {"datetime": "2021-09-28 14:43:49", "elapsed": 137.173376, "delta": 1.276383}}
{"target": -35.29329985002175, "params": {"C": 2701.665308929127, "gamma": 0.02952488467846182}, "datetime": {"datetime": "2021-09-28 14:43:51", "elapsed": 138.469072, "delta": 1.295696}}
{"target": -35.413563611947176, "params": {"C": 2526.4899768557807, "gamma": 0.0412103938842178}, "datetime": {"datetime": "2021-09-28 14:43:52", "elapsed": 139.645292, "delta": 1.17622}}
{"target": -35.36753053261032, "params": {"C": 2701.729044401589, "gamma": 0.018574648801974895}, "datetime": {"datetime": "2021-09-28 14:43:53", "elapsed": 140.735288, "delta": 1.089996}}
{"target": -35.26348543497686, "params": {"C": 2882.8374591575093, "gamma": 0.033100869879737434}, "datetime": {"datetime": "2021-09-28 14:43:54", "elapsed": 141.705814, "delta": 0.970526}}
{"target": -35.2625420818828, "params": {"C": 2882.818861930652, "gamma": 0.032873402567711096}, "datetime": {"datetime": "2021-09-28 14:43:55", "elapsed": 142.84374, "delta": 1.137926}}
{"target": -35.286661730459066, "params": {"C": 2882.941429203409, "gamma": 0.03779925349878895}, "datetime": {"datetime": "2021-09-28 14:43:56", "elapsed": 143.970949, "delta": 1.127209}}
{"target": -35.417876653397535, "params": {"C": 2223.223891912181, "gamma": 0.024474058802112456}, "datetime": {"datetime": "2021-09-28 14:43:57", "elapsed": 145.03777, "delta": 1.066821}}
{"target": -35.515071802825624, "params": {"C": 2882.8411844385364, "gamma": 0.0549840656414562}, "datetime": {"datetime": "2021-09-28 14:43:59", "elapsed": 146.425086, "delta": 1.387316}}
{"target": -35.24429545920663, "params": {"C": 2896.875368647928, "gamma": 0.02895367350935459}, "datetime": {"datetime": "2021-09-28 14:44:00", "elapsed": 147.427352, "delta": 1.002266}}
{"target": -35.32340312520897, "params": {"C": 2949.9917689685076, "gamma": 0.01921140173969542}, "datetime": {"datetime": "2021-09-28 14:44:01", "elapsed": 148.458347, "delta": 1.030995}}
{"target": -35.63645077839915, "params": {"C": 2882.9218140341263, "gamma": 0.06083457195221368}, "datetime": {"datetime": "2021-09-28 14:44:02", "elapsed": 149.643039, "delta": 1.184692}}
{"target": -35.70796769523302, "params": {"C": 2626.8833154058775, "gamma": 0.06030362334926024}, "datetime": {"datetime": "2021-09-28 14:44:03", "elapsed": 150.790046, "delta": 1.147007}}
{"target": -35.31732661789672, "params": {"C": 2827.319526785278, "gamma": 0.020701146714498415}, "datetime": {"datetime": "2021-09-28 14:44:04", "elapsed": 151.832139, "delta": 1.042093}}
{"target": -35.36314990319595, "params": {"C": 2701.7238098817975, "gamma": 0.01886735471999705}, "datetime": {"datetime": "2021-09-28 14:44:05", "elapsed": 152.900001, "delta": 1.067862}}
{"target": -35.52836524892565, "params": {"C": 2896.8878938724692, "gamma": 0.05585826106934363}, "datetime": {"datetime": "2021-09-28 14:44:07", "elapsed": 154.59249, "delta": 1.692489}}
{"target": -35.47049921972534, "params": {"C": 2399.7296047395853, "gamma": 0.016405161084435925}, "datetime": {"datetime": "2021-09-28 14:44:08", "elapsed": 155.889018, "delta": 1.296528}}
{"target": -35.32621960480426, "params": {"C": 2896.850607339282, "gamma": 0.0422112872514077}, "datetime": {"datetime": "2021-09-28 14:44:10", "elapsed": 157.409766, "delta": 1.520748}}
{"target": -35.41222935924417, "params": {"C": 2497.334762910042, "gamma": 0.03969621056082799}, "datetime": {"datetime": "2021-09-28 14:44:11", "elapsed": 158.413774, "delta": 1.004008}}
{"target": -35.28760919866512, "params": {"C": 2697.4606476855006, "gamma": 0.026170765127376476}, "datetime": {"datetime": "2021-09-28 14:44:13", "elapsed": 160.558466, "delta": 2.144692}}
{"target": -35.653395484727426, "params": {"C": 2665.1590108871733, "gamma": 0.05832719917444838}, "datetime": {"datetime": "2021-09-28 14:44:14", "elapsed": 161.585237, "delta": 1.026771}}
{"target": -35.36358320379929, "params": {"C": 2700.7085533510963, "gamma": 0.04100256238002733}, "datetime": {"datetime": "2021-09-28 14:44:15", "elapsed": 162.693233, "delta": 1.107996}}
{"target": -35.38827446325882, "params": {"C": 2418.466091955821, "gamma": 0.020229683239130786}, "datetime": {"datetime": "2021-09-28 14:44:16", "elapsed": 163.923347, "delta": 1.230114}}
{"target": -35.445474947218166, "params": {"C": 2360.345226812952, "gamma": 0.038195596988638426}, "datetime": {"datetime": "2021-09-28 14:44:17", "elapsed": 165.048509, "delta": 1.125162}}
{"target": -35.548072410650505, "params": {"C": 2882.805639237833, "gamma": 0.056593032358457494}, "datetime": {"datetime": "2021-09-28 14:44:18", "elapsed": 166.386593, "delta": 1.338084}}
{"target": -35.5921043296823, "params": {"C": 2965.3522432927766, "gamma": 0.05991223874303832}, "datetime": {"datetime": "2021-09-28 14:44:20", "elapsed": 167.886616, "delta": 1.500023}}
{"target": -35.35302845542417, "params": {"C": 2604.1912894010125, "gamma": 0.03569497233171077}, "datetime": {"datetime": "2021-09-28 14:44:21", "elapsed": 169.185859, "delta": 1.299243}}
{"target": -35.461153099290854, "params": {"C": 2295.5216686826893, "gamma": 0.017054313426654578}, "datetime": {"datetime": "2021-09-28 14:44:23", "elapsed": 170.641328, "delta": 1.455469}}
{"target": -35.24546260736251, "params": {"C": 2896.9026149811166, "gamma": 0.02537299793316184}, "datetime": {"datetime": "2021-09-28 14:44:24", "elapsed": 172.256227, "delta": 1.614899}}
{"target": -35.50986389265712, "params": {"C": 2172.1662137765834, "gamma": 0.038319813018538845}, "datetime": {"datetime": "2021-09-28 14:44:25", "elapsed": 173.40069, "delta": 1.144463}}
{"target": -35.79179280011796, "params": {"C": 2983.238895569884, "gamma": 0.06927631086112576}, "datetime": {"datetime": "2021-09-28 14:44:27", "elapsed": 174.834422, "delta": 1.433732}}
{"target": -35.44690050616374, "params": {"C": 2965.4642044320535, "gamma": 0.052493570054720495}, "datetime": {"datetime": "2021-09-28 14:44:29", "elapsed": 176.496283, "delta": 1.661861}}
{"target": -35.610837567326655, "params": {"C": 2856.1206953576225, "gamma": 0.05919954524064385}, "datetime": {"datetime": "2021-09-28 14:44:30", "elapsed": 177.897934, "delta": 1.401651}}
{"target": -35.288762939333026, "params": {"C": 2827.348508554957, "gamma": 0.02270556556316107}, "datetime": {"datetime": "2021-09-28 14:44:32", "elapsed": 179.831873, "delta": 1.933939}}
{"target": -35.30631867800571, "params": {"C": 2949.981415655472, "gamma": 0.0415427109270407}, "datetime": {"datetime": "2021-09-28 14:44:34", "elapsed": 181.507878, "delta": 1.676005}}
{"target": -35.8450651851759, "params": {"C": 2456.0237408711223, "gamma": 0.06400283116771649}, "datetime": {"datetime": "2021-09-28 14:44:35", "elapsed": 183.384923, "delta": 1.877045}}
