{"target": -40.67788262505484, "params": {"C": 165.6980964900119, "gamma": 0.005427978075049975}, "datetime": {"datetime": "2021-09-28 11:47:31", "elapsed": 0.0, "delta": 0.0}}
{"target": -40.9050215278431, "params": {"C": 145.0472352389413, "gamma": 0.09061005425701758}, "datetime": {"datetime": "2021-09-28 11:47:31", "elapsed": 0.177998, "delta": 0.177998}}
{"target": -39.98196496427761, "params": {"C": 124.77605184538857, "gamma": 0.029301207527109175}, "datetime": {"datetime": "2021-09-28 11:47:31", "elapsed": 0.351995, "delta": 0.173997}}
{"target": -41.781774176527975, "params": {"C": 79.70942971394359, "gamma": 0.09198209332727816}, "datetime": {"datetime": "2021-09-28 11:47:31", "elapsed": 0.530996, "delta": 0.179001}}
{"target": -41.21226572125516, "params": {"C": 75.36662548438032, "gamma": 0.013335758258359202}, "datetime": {"datetime": "2021-09-28 11:47:31", "elapsed": 0.695997, "delta": 0.165001}}
{"target": -41.927902568774655, "params": {"C": 120.0310675612426, "gamma": 0.003}, "datetime": {"datetime": "2021-09-28 11:47:32", "elapsed": 1.162996, "delta": 0.466999}}
{"target": -41.08096941713873, "params": {"C": 145.04597483940256, "gamma": 0.10043717059681023}, "datetime": {"datetime": "2021-09-28 11:47:32", "elapsed": 1.439997, "delta": 0.277001}}
{"target": -40.221421319091064, "params": {"C": 124.73111718463613, "gamma": 0.04396275643577066}, "datetime": {"datetime": "2021-09-28 11:47:32", "elapsed": 1.757997, "delta": 0.318}}
{"target": -41.428955609899205, "params": {"C": 107.46351249054939, "gamma": 0.005508331506623283}, "datetime": {"datetime": "2021-09-28 11:47:33", "elapsed": 2.048999, "delta": 0.291002}}
{"target": -41.19101949201628, "params": {"C": 67.11262127760114, "gamma": 0.025288406930280366}, "datetime": {"datetime": "2021-09-28 11:47:33", "elapsed": 2.291001, "delta": 0.242002}}
{"target": -41.100292636937695, "params": {"C": 124.7940884778784, "gamma": 0.08784403211455588}, "datetime": {"datetime": "2021-09-28 11:47:33", "elapsed": 2.557, "delta": 0.265999}}
{"target": -39.350062792005346, "params": {"C": 185.31476295632902, "gamma": 0.012597479259763011}, "datetime": {"datetime": "2021-09-28 11:47:34", "elapsed": 2.806002, "delta": 0.249002}}
{"target": -40.00159053330573, "params": {"C": 124.7764644222018, "gamma": 0.03108539497818275}, "datetime": {"datetime": "2021-09-28 11:47:34", "elapsed": 3.057002, "delta": 0.251}}
{"target": -39.402147533230796, "params": {"C": 185.26587575892304, "gamma": 0.03970380765110797}, "datetime": {"datetime": "2021-09-28 11:47:34", "elapsed": 3.331002, "delta": 0.274}}
{"target": -40.57892133950658, "params": {"C": 185.34178237442455, "gamma": 0.09464948390176296}, "datetime": {"datetime": "2021-09-28 11:47:34", "elapsed": 3.621998, "delta": 0.290996}}
{"target": -42.17807433826067, "params": {"C": 61.47717745587786, "gamma": 0.10321461095600863}, "datetime": {"datetime": "2021-09-28 11:47:35", "elapsed": 3.88206, "delta": 0.260062}}
{"target": -40.39026007961561, "params": {"C": 104.03863661430617, "gamma": 0.02099060905008276}, "datetime": {"datetime": "2021-09-28 11:47:35", "elapsed": 4.116056, "delta": 0.233996}}
{"target": -39.22741456413102, "params": {"C": 185.20895724169307, "gamma": 0.015913002743708746}, "datetime": {"datetime": "2021-09-28 11:47:35", "elapsed": 4.395062, "delta": 0.279006}}
{"target": -39.17465280315675, "params": {"C": 185.09200614591845, "gamma": 0.02444625480316929}, "datetime": {"datetime": "2021-09-28 11:47:35", "elapsed": 4.690061, "delta": 0.294999}}
{"target": -40.8026743807067, "params": {"C": 185.149155168861, "gamma": 0.10720791248428586}, "datetime": {"datetime": "2021-09-28 11:47:36", "elapsed": 5.226058, "delta": 0.535997}}
{"target": -40.5001306197002, "params": {"C": 184.99178235379227, "gamma": 0.0052470022852781125}, "datetime": {"datetime": "2021-09-28 11:47:36", "elapsed": 5.579062, "delta": 0.353004}}
{"target": -41.61979898740145, "params": {"C": 55.6057603876479, "gamma": 0.014842665800079556}, "datetime": {"datetime": "2021-09-28 11:47:37", "elapsed": 5.843387, "delta": 0.264325}}
{"target": -39.16533399839469, "params": {"C": 185.49118002325622, "gamma": 0.021425905798013307}, "datetime": {"datetime": "2021-09-28 11:47:37", "elapsed": 6.146385, "delta": 0.302998}}
{"target": -39.9343688302189, "params": {"C": 185.56791922402465, "gamma": 0.06402535902410439}, "datetime": {"datetime": "2021-09-28 11:47:37", "elapsed": 6.444386, "delta": 0.298001}}
{"target": -40.546115689626674, "params": {"C": 185.47471412665786, "gamma": 0.09298709599746334}, "datetime": {"datetime": "2021-09-28 11:47:38", "elapsed": 6.782387, "delta": 0.338001}}
{"target": -40.76844464384792, "params": {"C": 185.38659444467243, "gamma": 0.004360626711862959}, "datetime": {"datetime": "2021-09-28 11:47:38", "elapsed": 7.263738, "delta": 0.481351}}
{"target": -41.588235024950045, "params": {"C": 102.98937463545724, "gamma": 0.10150640415405598}, "datetime": {"datetime": "2021-09-28 11:47:38", "elapsed": 7.658711, "delta": 0.394973}}
{"target": -40.70150971350649, "params": {"C": 185.25179720573, "gamma": 0.004569182202660861}, "datetime": {"datetime": "2021-09-28 11:47:39", "elapsed": 8.153312, "delta": 0.494601}}
{"target": -39.74345347221233, "params": {"C": 185.17235709566017, "gamma": 0.008841948033720353}, "datetime": {"datetime": "2021-09-28 11:47:39", "elapsed": 8.495312, "delta": 0.342}}
{"target": -40.11754471645949, "params": {"C": 185.21770487446562, "gamma": 0.07223405289170183}, "datetime": {"datetime": "2021-09-28 11:47:40", "elapsed": 8.851208, "delta": 0.355896}}
{"target": -39.52753571010928, "params": {"C": 185.52506158924615, "gamma": 0.04549095498579467}, "datetime": {"datetime": "2021-09-28 11:47:40", "elapsed": 9.165208, "delta": 0.314}}
{"target": -39.80318550376636, "params": {"C": 185.06176495972645, "gamma": 0.05766997416814219}, "datetime": {"datetime": "2021-09-28 11:47:40", "elapsed": 9.522206, "delta": 0.356998}}
{"target": -41.22926992203297, "params": {"C": 152.80397275516958, "gamma": 0.11454702150480757}, "datetime": {"datetime": "2021-09-28 11:48:01", "elapsed": 29.833452, "delta": 20.311246}}
{"target": -41.942052980081215, "params": {"C": 50.59223994918717, "gamma": 0.06292649481613585}, "datetime": {"datetime": "2021-09-28 11:48:01", "elapsed": 30.004245, "delta": 0.170793}}
{"target": -40.29896646005082, "params": {"C": 171.89314424781702, "gamma": 0.07466554981903842}, "datetime": {"datetime": "2021-09-28 11:48:01", "elapsed": 30.169243, "delta": 0.164998}}
{"target": -39.63442082998374, "params": {"C": 158.26329761476993, "gamma": 0.03714949997596408}, "datetime": {"datetime": "2021-09-28 11:48:01", "elapsed": 30.34224, "delta": 0.172997}}
{"target": -39.79035808060754, "params": {"C": 185.53574756379552, "gamma": 0.008511204724814706}, "datetime": {"datetime": "2021-09-28 11:48:01", "elapsed": 30.651243, "delta": 0.309003}}
{"target": -39.884613119003305, "params": {"C": 185.3010018366875, "gamma": 0.06155335567941539}, "datetime": {"datetime": "2021-09-28 11:48:02", "elapsed": 31.047242, "delta": 0.395999}}
{"target": -39.27191743333303, "params": {"C": 185.0528121462365, "gamma": 0.014322953094946581}, "datetime": {"datetime": "2021-09-28 11:48:02", "elapsed": 31.55924, "delta": 0.511998}}
{"target": -40.289842720063575, "params": {"C": 158.21232447142768, "gamma": 0.06752954924768668}, "datetime": {"datetime": "2021-09-28 11:48:03", "elapsed": 31.968965, "delta": 0.409725}}
{"target": -39.84514481115096, "params": {"C": 158.32072710159036, "gamma": 0.011194410760643102}, "datetime": {"datetime": "2021-09-28 11:48:03", "elapsed": 32.385959, "delta": 0.416994}}
{"target": -40.45293058763479, "params": {"C": 158.2870365799069, "gamma": 0.07518163046357167}, "datetime": {"datetime": "2021-09-28 11:48:03", "elapsed": 32.714972, "delta": 0.329013}}
{"target": -39.165374876169466, "params": {"C": 185.45410615496425, "gamma": 0.022499953470995225}, "datetime": {"datetime": "2021-09-28 11:48:04", "elapsed": 33.134968, "delta": 0.419996}}
{"target": -39.169588468812954, "params": {"C": 185.63713884848985, "gamma": 0.019904230040807328}, "datetime": {"datetime": "2021-09-28 11:48:04", "elapsed": 33.478959, "delta": 0.343991}}
{"target": -39.59680805719129, "params": {"C": 185.6802521921237, "gamma": 0.0486361647210602}, "datetime": {"datetime": "2021-09-28 11:48:05", "elapsed": 33.825781, "delta": 0.346822}}
{"target": -41.50606648277863, "params": {"C": 57.02985146438352, "gamma": 0.017967688518808384}, "datetime": {"datetime": "2021-09-28 11:48:05", "elapsed": 34.138024, "delta": 0.312243}}
{"target": -40.98039663042059, "params": {"C": 185.67807099314015, "gamma": 0.1179464824353194}, "datetime": {"datetime": "2021-09-28 11:48:05", "elapsed": 34.494025, "delta": 0.356001}}
{"target": -40.677808800006616, "params": {"C": 192.35110390155398, "gamma": 0.004413307487453026}, "datetime": {"datetime": "2021-09-28 11:48:06", "elapsed": 34.812023, "delta": 0.317998}}
{"target": -40.67618504566499, "params": {"C": 157.08022137133554, "gamma": 0.08585581023982555}, "datetime": {"datetime": "2021-09-28 11:48:06", "elapsed": 35.133026, "delta": 0.321003}}
{"target": -39.37049260353307, "params": {"C": 185.72360152503745, "gamma": 0.0122098327200303}, "datetime": {"datetime": "2021-09-28 11:48:06", "elapsed": 35.497018, "delta": 0.363992}}
{"target": -41.771046342846816, "params": {"C": 69.00473716800957, "gamma": 0.07770384668265982}, "datetime": {"datetime": "2021-09-28 11:48:07", "elapsed": 35.812022, "delta": 0.315004}}
{"target": -40.93432614466192, "params": {"C": 179.3205499783508, "gamma": 0.11187356024537415}, "datetime": {"datetime": "2021-09-28 11:48:07", "elapsed": 36.141715, "delta": 0.329693}}
{"target": -39.185150150510246, "params": {"C": 185.7799421239048, "gamma": 0.018046514656748048}, "datetime": {"datetime": "2021-09-28 11:48:07", "elapsed": 36.534716, "delta": 0.393001}}
{"target": -39.944819284375185, "params": {"C": 185.76910064665466, "gamma": 0.06460907787123221}, "datetime": {"datetime": "2021-09-28 11:48:08", "elapsed": 36.907711, "delta": 0.372995}}
{"target": -39.17696912512796, "params": {"C": 185.837040774663, "gamma": 0.018727038915495098}, "datetime": {"datetime": "2021-09-28 11:48:08", "elapsed": 37.344718, "delta": 0.437007}}
{"target": -40.781717032506116, "params": {"C": 124.59420941268037, "gamma": 0.07080445372437409}, "datetime": {"datetime": "2021-09-28 11:48:08", "elapsed": 37.678711, "delta": 0.333993}}
{"target": -40.00760963353339, "params": {"C": 185.84283892635898, "gamma": 0.06748009168664797}, "datetime": {"datetime": "2021-09-28 11:48:09", "elapsed": 38.039533, "delta": 0.360822}}
{"target": -41.298558283667646, "params": {"C": 185.88793979671073, "gamma": 0.003}, "datetime": {"datetime": "2021-09-28 11:48:09", "elapsed": 38.419533, "delta": 0.38}}
{"target": -39.20445891893828, "params": {"C": 185.6619998216364, "gamma": 0.016841686172484632}, "datetime": {"datetime": "2021-09-28 11:48:10", "elapsed": 38.97165, "delta": 0.552117}}
{"target": -40.39486962531795, "params": {"C": 172.1669226559815, "gamma": 0.07927148684053026}, "datetime": {"datetime": "2021-09-28 11:48:10", "elapsed": 39.407645, "delta": 0.435995}}
{"target": -39.23065656214785, "params": {"C": 185.20908675722595, "gamma": 0.01577095780750439}, "datetime": {"datetime": "2021-09-28 11:48:10", "elapsed": 39.748646, "delta": 0.341001}}
{"target": -40.93450167296189, "params": {"C": 185.80597214548783, "gamma": 0.003886695413521068}, "datetime": {"datetime": "2021-09-28 11:48:11", "elapsed": 40.198876, "delta": 0.45023}}
{"target": -39.360022240411396, "params": {"C": 185.74468651162786, "gamma": 0.01236458335498435}, "datetime": {"datetime": "2021-09-28 11:48:11", "elapsed": 40.56188, "delta": 0.363004}}
{"target": -39.144886935904275, "params": {"C": 195.57956734298935, "gamma": 0.0313177266163899}, "datetime": {"datetime": "2021-09-28 11:48:12", "elapsed": 40.898887, "delta": 0.337007}}
{"target": -39.077149676398186, "params": {"C": 195.54276050353462, "gamma": 0.019813628283816904}, "datetime": {"datetime": "2021-09-28 11:48:12", "elapsed": 41.297885, "delta": 0.398998}}
{"target": -39.63201361195546, "params": {"C": 195.51728664193783, "gamma": 0.05412761998205113}, "datetime": {"datetime": "2021-09-28 11:48:12", "elapsed": 41.753886, "delta": 0.456001}}
{"target": -41.7060033252511, "params": {"C": 94.64884826147428, "gamma": 0.10231353805536983}, "datetime": {"datetime": "2021-09-28 11:48:13", "elapsed": 42.110116, "delta": 0.35623}}
{"target": -40.03442864778473, "params": {"C": 195.56138217191705, "gamma": 0.0726899304198535}, "datetime": {"datetime": "2021-09-28 11:48:13", "elapsed": 42.514108, "delta": 0.403992}}
{"target": -41.016563908536305, "params": {"C": 195.61139267596138, "gamma": 0.0034430376277410266}, "datetime": {"datetime": "2021-09-28 11:48:14", "elapsed": 43.069107, "delta": 0.554999}}
{"target": -39.318087383956716, "params": {"C": 185.77009255660897, "gamma": 0.03593920030286506}, "datetime": {"datetime": "2021-09-28 11:48:14", "elapsed": 43.472117, "delta": 0.40301}}
{"target": -39.09510947633707, "params": {"C": 195.47722754775404, "gamma": 0.026869878454258}, "datetime": {"datetime": "2021-09-28 11:48:15", "elapsed": 43.913891, "delta": 0.441774}}
{"target": -39.736814394392695, "params": {"C": 195.46931110482208, "gamma": 0.05876697999306811}, "datetime": {"datetime": "2021-09-28 11:48:15", "elapsed": 44.433208, "delta": 0.519317}}
{"target": -39.07165523818956, "params": {"C": 195.45349073066697, "gamma": 0.02232378608033447}, "datetime": {"datetime": "2021-09-28 11:48:16", "elapsed": 44.882207, "delta": 0.448999}}
{"target": -39.34305282202396, "params": {"C": 195.52006418998815, "gamma": 0.011105325653068779}, "datetime": {"datetime": "2021-09-28 11:48:16", "elapsed": 45.288993, "delta": 0.406786}}
{"target": -39.91296797068766, "params": {"C": 185.61778444050782, "gamma": 0.06302392771559803}, "datetime": {"datetime": "2021-09-28 11:48:16", "elapsed": 45.74999, "delta": 0.460997}}
{"target": -39.0736989195636, "params": {"C": 195.40999307309235, "gamma": 0.02324076698288264}, "datetime": {"datetime": "2021-09-28 11:48:17", "elapsed": 46.210108, "delta": 0.460118}}
{"target": -39.72384941721945, "params": {"C": 195.42135731698826, "gamma": 0.05816586247451882}, "datetime": {"datetime": "2021-09-28 11:48:17", "elapsed": 46.658108, "delta": 0.448}}
{"target": -39.417133796501915, "params": {"C": 195.3620718155182, "gamma": 0.04472147024538154}, "datetime": {"datetime": "2021-09-28 11:48:18", "elapsed": 47.383112, "delta": 0.725004}}
{"target": -40.10909669259526, "params": {"C": 195.33438713657162, "gamma": 0.006277456419656435}, "datetime": {"datetime": "2021-09-28 11:48:19", "elapsed": 47.956112, "delta": 0.573}}
{"target": -40.40517160764719, "params": {"C": 195.32308623904544, "gamma": 0.09021572041254236}, "datetime": {"datetime": "2021-09-28 11:48:19", "elapsed": 48.445779, "delta": 0.489667}}
{"target": -39.62717729188754, "params": {"C": 158.3826095132561, "gamma": 0.036837784257321614}, "datetime": {"datetime": "2021-09-28 11:48:20", "elapsed": 48.930484, "delta": 0.484705}}
{"target": -39.301488307870045, "params": {"C": 174.79859835784754, "gamma": 0.027653636989464204}, "datetime": {"datetime": "2021-09-28 11:48:20", "elapsed": 49.326493, "delta": 0.396009}}
{"target": -40.23681771538328, "params": {"C": 174.78505150537558, "gamma": 0.07320191477971762}, "datetime": {"datetime": "2021-09-28 11:48:21", "elapsed": 49.776486, "delta": 0.449993}}
{"target": -39.38415165926814, "params": {"C": 174.85205756321426, "gamma": 0.03346361870549812}, "datetime": {"datetime": "2021-09-28 11:48:21", "elapsed": 50.266161, "delta": 0.489675}}
{"target": -40.12266899126376, "params": {"C": 174.82173637319465, "gamma": 0.007424137418649247}, "datetime": {"datetime": "2021-09-28 11:48:21", "elapsed": 50.687166, "delta": 0.421005}}
{"target": -40.16550023005897, "params": {"C": 174.84214244979103, "gamma": 0.0699339796803675}, "datetime": {"datetime": "2021-09-28 11:48:22", "elapsed": 51.124159, "delta": 0.436993}}
{"target": -39.93816364345162, "params": {"C": 174.89816705781746, "gamma": 0.05965061570732063}, "datetime": {"datetime": "2021-09-28 11:48:22", "elapsed": 51.562161, "delta": 0.438002}}
{"target": -40.6645822292254, "params": {"C": 195.43624145806515, "gamma": 0.00435853807584735}, "datetime": {"datetime": "2021-09-28 11:48:23", "elapsed": 52.130583, "delta": 0.568422}}
{"target": -41.16403011211417, "params": {"C": 71.65253276140649, "gamma": 0.01729792766531722}, "datetime": {"datetime": "2021-09-28 11:48:23", "elapsed": 52.591579, "delta": 0.460996}}
{"target": -39.331876193152375, "params": {"C": 174.76573667225279, "gamma": 0.03007557395553954}, "datetime": {"datetime": "2021-09-28 11:48:24", "elapsed": 53.195583, "delta": 0.604004}}
{"target": -40.95962774564625, "params": {"C": 185.12078538685464, "gamma": 0.003838518862939222}, "datetime": {"datetime": "2021-09-28 11:48:25", "elapsed": 53.836576, "delta": 0.640993}}
{"target": -39.58263535918384, "params": {"C": 185.69013663549697, "gamma": 0.009973727521825954}, "datetime": {"datetime": "2021-09-28 11:48:25", "elapsed": 54.435564, "delta": 0.598988}}
{"target": -39.26983338621828, "params": {"C": 174.72347172782202, "gamma": 0.022803850893585824}, "datetime": {"datetime": "2021-09-28 11:48:26", "elapsed": 55.14156, "delta": 0.705996}}
{"target": -41.39811601937937, "params": {"C": 174.7492716503858, "gamma": 0.003}, "datetime": {"datetime": "2021-09-28 11:48:26", "elapsed": 55.67456, "delta": 0.533}}
{"target": -39.49488982404601, "params": {"C": 195.37723054321808, "gamma": 0.009665416833499054}, "datetime": {"datetime": "2021-09-28 11:48:27", "elapsed": 56.227382, "delta": 0.552822}}
{"target": -40.25727696392315, "params": {"C": 194.24366389802807, "gamma": 0.08272093149944347}, "datetime": {"datetime": "2021-09-28 11:48:27", "elapsed": 56.705386, "delta": 0.478004}}
{"target": -39.86194771641245, "params": {"C": 174.68643528456244, "gamma": 0.05602852151484721}, "datetime": {"datetime": "2021-09-28 11:48:28", "elapsed": 57.305383, "delta": 0.599997}}
{"target": -39.25673885921922, "params": {"C": 195.39969050366832, "gamma": 0.03757817319719573}, "datetime": {"datetime": "2021-09-28 11:48:29", "elapsed": 57.912383, "delta": 0.607}}
{"target": -40.87148554824597, "params": {"C": 185.07491204652317, "gamma": 0.004077744836253229}, "datetime": {"datetime": "2021-09-28 11:48:29", "elapsed": 58.482757, "delta": 0.570374}}
{"target": -39.795251714763175, "params": {"C": 174.73227407469778, "gamma": 0.052944003056539464}, "datetime": {"datetime": "2021-09-28 11:48:30", "elapsed": 59.11741, "delta": 0.634653}}
{"target": -39.17328438998297, "params": {"C": 185.03325287747887, "gamma": 0.024015876828248486}, "datetime": {"datetime": "2021-09-28 11:48:31", "elapsed": 59.945412, "delta": 0.828002}}
{"target": -39.92892596974833, "params": {"C": 185.0981714803534, "gamma": 0.06357341258747505}, "datetime": {"datetime": "2021-09-28 11:48:31", "elapsed": 60.596999, "delta": 0.651587}}
{"target": -39.08944146363388, "params": {"C": 195.561459554452, "gamma": 0.018371512815627933}, "datetime": {"datetime": "2021-09-28 11:48:32", "elapsed": 61.263997, "delta": 0.666998}}
{"target": -39.36713992429848, "params": {"C": 174.87653282645311, "gamma": 0.014662951182526834}, "datetime": {"datetime": "2021-09-28 11:48:33", "elapsed": 61.939999, "delta": 0.676002}}
{"target": -39.68594519034586, "params": {"C": 185.4759738981002, "gamma": 0.052525198160584624}, "datetime": {"datetime": "2021-09-28 11:48:33", "elapsed": 62.661738, "delta": 0.721739}}
{"target": -39.53108607154366, "params": {"C": 174.68212753218876, "gamma": 0.011958297108978291}, "datetime": {"datetime": "2021-09-28 11:48:34", "elapsed": 63.329737, "delta": 0.667999}}
{"target": -39.564410213849875, "params": {"C": 185.8079031515601, "gamma": 0.04725077551724967}, "datetime": {"datetime": "2021-09-28 11:48:35", "elapsed": 63.914461, "delta": 0.584724}}
{"target": -39.366626074422165, "params": {"C": 195.44492292563058, "gamma": 0.042545969236274336}, "datetime": {"datetime": "2021-09-28 11:48:35", "elapsed": 64.660652, "delta": 0.746191}}
{"target": -39.47677330444612, "params": {"C": 185.5887422142253, "gamma": 0.010936901984734165}, "datetime": {"datetime": "2021-09-28 11:48:36", "elapsed": 65.399646, "delta": 0.738994}}
{"target": -39.318123893789156, "params": {"C": 195.55534545889324, "gamma": 0.040442021914795026}, "datetime": {"datetime": "2021-09-28 11:48:37", "elapsed": 66.133506, "delta": 0.73386}}
{"target": -39.45621288108713, "params": {"C": 158.42102949265416, "gamma": 0.01974196231208755}, "datetime": {"datetime": "2021-09-28 11:48:38", "elapsed": 66.916503, "delta": 0.782997}}
{"target": -39.75880390642228, "params": {"C": 158.44088349774253, "gamma": 0.04349666812682332}, "datetime": {"datetime": "2021-09-28 11:48:38", "elapsed": 67.536505, "delta": 0.620002}}
{"target": -40.713964975245844, "params": {"C": 158.46943760863826, "gamma": 0.0056403901593543755}, "datetime": {"datetime": "2021-09-28 11:48:39", "elapsed": 68.284842, "delta": 0.748337}}
{"target": -39.376296100297694, "params": {"C": 174.70407799766514, "gamma": 0.032940342855426144}, "datetime": {"datetime": "2021-09-28 11:48:40", "elapsed": 69.027465, "delta": 0.742623}}
{"target": -40.332361606219095, "params": {"C": 185.4613692635087, "gamma": 0.005852346136482115}, "datetime": {"datetime": "2021-09-28 11:48:41", "elapsed": 69.839752, "delta": 0.812287}}
{"target": -39.50723454117366, "params": {"C": 185.65456426843784, "gamma": 0.044640842351830884}, "datetime": {"datetime": "2021-09-28 11:48:41", "elapsed": 70.643995, "delta": 0.804243}}
{"target": -39.728720075266054, "params": {"C": 185.42964988418004, "gamma": 0.05442981890172277}, "datetime": {"datetime": "2021-09-28 11:48:42", "elapsed": 71.337993, "delta": 0.693998}}
