{"target": -0.09625554341080833, "params": {"C": 5005.14686678052, "gamma": 0.260466514526368}, "datetime": {"datetime": "2021-10-04 10:56:45", "elapsed": 0.184958, "delta": 0.184958}}
{"target": 0.11990042781965482, "params": {"C": 11604.015086770087, "gamma": 0.21846771895375958}, "datetime": {"datetime": "2021-10-04 10:56:45", "elapsed": 0.347501, "delta": 0.162543}}
{"target": 0.09763088567537515, "params": {"C": 13381.70951199519, "gamma": 0.26911214540860956}, "datetime": {"datetime": "2021-10-04 10:56:45", "elapsed": 0.50121, "delta": 0.153709}}
{"target": 0.14559852958099506, "params": {"C": 22854.536340380146, "gamma": 0.3077633468006714}, "datetime": {"datetime": "2021-10-04 10:56:45", "elapsed": 0.701231, "delta": 0.200021}}
{"target": 0.2530850391120829, "params": {"C": 49994.410440841806, "gamma": 0.2239366554384973}, "datetime": {"datetime": "2021-10-04 10:56:45", "elapsed": 0.972869, "delta": 0.271638}}
{"target": 0.24583046746776294, "params": {"C": 45938.388798568696, "gamma": 0.23479072496664125}, "datetime": {"datetime": "2021-10-04 10:56:46", "elapsed": 1.234102, "delta": 0.261233}}
{"target": 0.18597302599183796, "params": {"C": 39705.887994616154, "gamma": 0.3308548440639094}, "datetime": {"datetime": "2021-10-04 10:56:46", "elapsed": 1.519372, "delta": 0.28527}}
{"target": 0.12999917771525105, "params": {"C": 33427.17925559703, "gamma": 0.3993310615887225}, "datetime": {"datetime": "2021-10-04 10:56:46", "elapsed": 1.820256, "delta": 0.300884}}
{"target": 0.21113445321877788, "params": {"C": 43127.21826685674, "gamma": 0.2968020001615482}, "datetime": {"datetime": "2021-10-04 10:56:46", "elapsed": 2.118361, "delta": 0.298105}}
{"target": 0.22554537174738132, "params": {"C": 48130.947990478664, "gamma": 0.28071241518003304}, "datetime": {"datetime": "2021-10-04 10:56:47", "elapsed": 2.390879, "delta": 0.272518}}
{"target": 0.12243453786766312, "params": {"C": 18778.314757323486, "gamma": 0.3033153967647102}, "datetime": {"datetime": "2021-10-04 10:56:47", "elapsed": 2.738709, "delta": 0.34783}}
{"target": 0.21950840839745, "params": {"C": 36840.774430491714, "gamma": 0.2642250343476079}, "datetime": {"datetime": "2021-10-04 10:56:47", "elapsed": 3.039593, "delta": 0.300884}}
{"target": 0.23922189669914007, "params": {"C": 44807.118830988664, "gamma": 0.24685008650448614}, "datetime": {"datetime": "2021-10-04 10:56:48", "elapsed": 3.324831, "delta": 0.285238}}
{"target": 0.24469357779083778, "params": {"C": 49670.55492409945, "gamma": 0.24334560794856555}, "datetime": {"datetime": "2021-10-04 10:56:48", "elapsed": 3.572302, "delta": 0.247471}}
{"target": 0.2501236939116819, "params": {"C": 49991.95470959871, "gamma": 0.2311740158000638}, "datetime": {"datetime": "2021-10-04 10:56:48", "elapsed": 3.873207, "delta": 0.300905}}
{"target": 0.1665796566854717, "params": {"C": 46067.75750909064, "gamma": 0.3841551272164972}, "datetime": {"datetime": "2021-10-04 10:56:49", "elapsed": 4.203057, "delta": 0.32985}}
{"target": 0.16489329974242295, "params": {"C": 45817.987149224595, "gamma": 0.38652432379391766}, "datetime": {"datetime": "2021-10-04 10:56:49", "elapsed": 4.474489, "delta": 0.271432}}
{"target": 0.18833093807742451, "params": {"C": 49557.9185529826, "gamma": 0.35317508364553707}, "datetime": {"datetime": "2021-10-04 10:56:49", "elapsed": 4.791007, "delta": 0.316518}}
{"target": 0.15929122126726925, "params": {"C": 44683.50699617735, "gamma": 0.3933893888040813}, "datetime": {"datetime": "2021-10-04 10:56:49", "elapsed": 5.060633, "delta": 0.269626}}
{"target": 0.2412912190156422, "params": {"C": 44924.64615988614, "gamma": 0.24274382225135663}, "datetime": {"datetime": "2021-10-04 10:56:50", "elapsed": 5.314619, "delta": 0.253986}}
{"target": 0.18159533577091225, "params": {"C": 47978.44381184561, "gamma": 0.3618206480721126}, "datetime": {"datetime": "2021-10-04 10:56:50", "elapsed": 5.562085, "delta": 0.247466}}
{"target": 0.25472388515262323, "params": {"C": 45075.89185049115, "gamma": 0.21263561570186906}, "datetime": {"datetime": "2021-10-04 10:56:50", "elapsed": 5.816095, "delta": 0.25401}}
{"target": 0.23535548332223333, "params": {"C": 45214.001178814106, "gamma": 0.25558499637556886}, "datetime": {"datetime": "2021-10-04 10:56:50", "elapsed": 6.101342, "delta": 0.285247}}
{"target": 0.2189526707528614, "params": {"C": 48312.34687588601, "gamma": 0.29379147615149925}, "datetime": {"datetime": "2021-10-04 10:56:51", "elapsed": 6.40199, "delta": 0.300648}}
{"target": 0.21612622802693493, "params": {"C": 36645.95670149119, "gamma": 0.26952718786535645}, "datetime": {"datetime": "2021-10-04 10:56:51", "elapsed": 6.680717, "delta": 0.278727}}
{"target": 0.18377586410849223, "params": {"C": 45404.69334210901, "gamma": 0.35136892675526177}, "datetime": {"datetime": "2021-10-04 10:56:51", "elapsed": 7.003746, "delta": 0.323029}}
{"target": 0.17316979549469058, "params": {"C": 37042.18133903702, "gamma": 0.3430259344769815}, "datetime": {"datetime": "2021-10-04 10:56:52", "elapsed": 7.342918, "delta": 0.339172}}
{"target": 0.22928341838592425, "params": {"C": 48517.10816654058, "gamma": 0.27402638657603734}, "datetime": {"datetime": "2021-10-04 10:56:52", "elapsed": 7.601927, "delta": 0.259009}}
{"target": 0.25255194838192196, "params": {"C": 48685.636779861416, "gamma": 0.22349938307688444}, "datetime": {"datetime": "2021-10-04 10:56:52", "elapsed": 8.043557, "delta": 0.44163}}
{"target": 0.24481368298119421, "params": {"C": 48840.99428229245, "gamma": 0.24183041282999554}, "datetime": {"datetime": "2021-10-04 10:56:53", "elapsed": 8.344251, "delta": 0.300694}}
{"target": 0.21757024026195793, "params": {"C": 49028.66217149309, "gamma": 0.29780439577258827}, "datetime": {"datetime": "2021-10-04 10:56:53", "elapsed": 8.75435, "delta": 0.410099}}
{"target": 0.1764325038805309, "params": {"C": 42886.51813272375, "gamma": 0.3572594844935333}, "datetime": {"datetime": "2021-10-04 10:56:53", "elapsed": 9.075251, "delta": 0.320901}}
{"target": 0.1956410112936242, "params": {"C": 43361.24496116546, "gamma": 0.32492989065318056}, "datetime": {"datetime": "2021-10-04 10:56:54", "elapsed": 9.407381, "delta": 0.33213}}
{"target": 0.2512684304606816, "params": {"C": 36416.29714821001, "gamma": 0.20142774789682408}, "datetime": {"datetime": "2021-10-04 10:56:54", "elapsed": 9.746021, "delta": 0.33864}}
{"target": 0.2333769842096769, "params": {"C": 36264.03422349582, "gamma": 0.2372416245169747}, "datetime": {"datetime": "2021-10-04 10:56:54", "elapsed": 10.09381, "delta": 0.347789}}
{"target": 0.20391432361252104, "params": {"C": 36048.85406649533, "gamma": 0.2883614804272959}, "datetime": {"datetime": "2021-10-04 10:56:55", "elapsed": 10.494669, "delta": 0.400859}}
{"target": 0.21314687130078258, "params": {"C": 35745.59029520344, "gamma": 0.27168707715256285}, "datetime": {"datetime": "2021-10-04 10:56:55", "elapsed": 10.848964, "delta": 0.354295}}
{"target": 0.23201212758343592, "params": {"C": 35511.82987895603, "gamma": 0.23744357540144867}, "datetime": {"datetime": "2021-10-04 10:56:56", "elapsed": 11.243496, "delta": 0.394532}}
{"target": 0.2294677707637618, "params": {"C": 35331.57379399995, "gamma": 0.2415494463225855}, "datetime": {"datetime": "2021-10-04 10:56:56", "elapsed": 11.629049, "delta": 0.385553}}
{"target": 0.17994092679699736, "params": {"C": 35143.06803313687, "gamma": 0.3244722622756013}, "datetime": {"datetime": "2021-10-04 10:56:56", "elapsed": 11.967736, "delta": 0.338687}}
{"target": 0.1301118194766926, "params": {"C": 16263.652195704972, "gamma": 0.2671383852099966}, "datetime": {"datetime": "2021-10-04 10:56:57", "elapsed": 12.35288, "delta": 0.385144}}
{"target": 0.2338052512265526, "params": {"C": 43802.78957203728, "gamma": 0.2557832599897498}, "datetime": {"datetime": "2021-10-04 10:56:57", "elapsed": 12.747573, "delta": 0.394693}}
{"target": 0.16724823414604317, "params": {"C": 43980.99887579456, "gamma": 0.37684087338667815}, "datetime": {"datetime": "2021-10-04 10:56:58", "elapsed": 13.217799, "delta": 0.470226}}
{"target": 0.23580511118408976, "params": {"C": 43642.461572330605, "gamma": 0.25144420937557904}, "datetime": {"datetime": "2021-10-04 10:56:58", "elapsed": 13.603375, "delta": 0.385576}}
{"target": 0.11522270093052411, "params": {"C": 28627.688716222365, "gamma": 0.39518604576368}, "datetime": {"datetime": "2021-10-04 10:56:58", "elapsed": 13.957647, "delta": 0.354272}}
{"target": 0.005245752826199435, "params": {"C": 8857.90637189573, "gamma": 0.28508760535511424}, "datetime": {"datetime": "2021-10-04 10:56:59", "elapsed": 14.363203, "delta": 0.405556}}
{"target": 0.20194226836866325, "params": {"C": 26178.394012492994, "gamma": 0.248184998615702}, "datetime": {"datetime": "2021-10-04 10:56:59", "elapsed": 14.721669, "delta": 0.358466}}
{"target": 0.17706728399608385, "params": {"C": 26497.742332040427, "gamma": 0.2871228860824544}, "datetime": {"datetime": "2021-10-04 10:57:00", "elapsed": 15.154165, "delta": 0.432496}}
{"target": 0.22215654991289324, "params": {"C": 25870.695123728023, "gamma": 0.21452978613095258}, "datetime": {"datetime": "2021-10-04 10:57:00", "elapsed": 15.554407, "delta": 0.400242}}
{"target": 0.17616671801734995, "params": {"C": 25635.308955576635, "gamma": 0.28329878974631906}, "datetime": {"datetime": "2021-10-04 10:57:00", "elapsed": 15.955624, "delta": 0.401217}}
{"target": 0.19295668655632092, "params": {"C": 31051.182202205644, "gamma": 0.2863307683776352}, "datetime": {"datetime": "2021-10-04 10:57:01", "elapsed": 16.29395, "delta": 0.338326}}
{"target": 0.14136266523722074, "params": {"C": 30656.817090773147, "gamma": 0.3652686541151588}, "datetime": {"datetime": "2021-10-04 10:57:01", "elapsed": 16.672713, "delta": 0.378763}}
{"target": 0.22580081888734216, "params": {"C": 31415.180655107266, "gamma": 0.23399678033625126}, "datetime": {"datetime": "2021-10-04 10:57:02", "elapsed": 17.128271, "delta": 0.455558}}
{"target": 0.19127503239395494, "params": {"C": 31627.295875743628, "gamma": 0.29155452205745436}, "datetime": {"datetime": "2021-10-04 10:57:02", "elapsed": 17.551949, "delta": 0.423678}}
{"target": 0.07514851482722362, "params": {"C": 20830.802551394503, "gamma": 0.391051910697771}, "datetime": {"datetime": "2021-10-04 10:57:02", "elapsed": 17.981828, "delta": 0.429879}}
{"target": -0.02928106828477839, "params": {"C": 6943.160529688836, "gamma": 0.26774678495610144}, "datetime": {"datetime": "2021-10-04 10:57:03", "elapsed": 18.43114, "delta": 0.449312}}
{"target": 0.19303132875116813, "params": {"C": 40211.27384536323, "gamma": 0.3204024034769174}, "datetime": {"datetime": "2021-10-04 10:57:03", "elapsed": 18.864124, "delta": 0.432984}}
{"target": 0.20009959146461953, "params": {"C": 40599.25395940379, "gamma": 0.30939962757148887}, "datetime": {"datetime": "2021-10-04 10:57:04", "elapsed": 19.243173, "delta": 0.379049}}
{"target": 0.19850186862250896, "params": {"C": 40944.88847188272, "gamma": 0.31317604188828735}, "datetime": {"datetime": "2021-10-04 10:57:04", "elapsed": 19.61312, "delta": 0.369947}}
{"target": 0.22873608786953192, "params": {"C": 41293.09790391381, "gamma": 0.2598351721060659}, "datetime": {"datetime": "2021-10-04 10:57:04", "elapsed": 20.08333, "delta": 0.47021}}
{"target": 0.21616024361873387, "params": {"C": 41531.355693858044, "gamma": 0.28366216548839573}, "datetime": {"datetime": "2021-10-04 10:57:05", "elapsed": 20.447563, "delta": 0.364233}}
{"target": 0.16243197375229945, "params": {"C": 41828.09191277061, "gamma": 0.37855079022915955}, "datetime": {"datetime": "2021-10-04 10:57:05", "elapsed": 20.885687, "delta": 0.438124}}
{"target": 0.15863878632450623, "params": {"C": 39159.62983922592, "gamma": 0.3757052003829507}, "datetime": {"datetime": "2021-10-04 10:57:06", "elapsed": 21.302257, "delta": 0.41657}}
{"target": 0.017426746911130442, "params": {"C": 14840.721642760129, "gamma": 0.3932004208583245}, "datetime": {"datetime": "2021-10-04 10:57:06", "elapsed": 21.73466, "delta": 0.432403}}
{"target": 0.0031930733679532697, "params": {"C": 10273.21011058856, "gamma": 0.32029131998572574}, "datetime": {"datetime": "2021-10-04 10:57:07", "elapsed": 22.230709, "delta": 0.496049}}
{"target": 0.07023644932797635, "params": {"C": 17509.48163811306, "gamma": 0.3587295504289476}, "datetime": {"datetime": "2021-10-04 10:57:07", "elapsed": 22.73762, "delta": 0.506911}}
{"target": 0.1660121012548893, "params": {"C": 27426.62433064583, "gamma": 0.30889010950553775}, "datetime": {"datetime": "2021-10-04 10:57:08", "elapsed": 23.216943, "delta": 0.479323}}
{"target": 0.16454254934370005, "params": {"C": 38110.39419382771, "gamma": 0.36160029081945355}, "datetime": {"datetime": "2021-10-04 10:57:08", "elapsed": 23.655987, "delta": 0.439044}}
{"target": 0.15424246341857795, "params": {"C": 32340.347376246937, "gamma": 0.3534819546616296}, "datetime": {"datetime": "2021-10-04 10:57:08", "elapsed": 24.072807, "delta": 0.41682}}
{"target": 0.16254638895976004, "params": {"C": 29670.663150920285, "gamma": 0.3266544140103762}, "datetime": {"datetime": "2021-10-04 10:57:09", "elapsed": 24.489597, "delta": 0.41679}}
{"target": 0.1516517419019343, "params": {"C": 21904.07115591353, "gamma": 0.2920320036904579}, "datetime": {"datetime": "2021-10-04 10:57:09", "elapsed": 24.959861, "delta": 0.470264}}
{"target": 0.21123387110419456, "params": {"C": 24762.204974394703, "gamma": 0.2258781867054079}, "datetime": {"datetime": "2021-10-04 10:57:10", "elapsed": 25.445694, "delta": 0.485833}}
{"target": 0.14316243250408123, "params": {"C": 25053.990508612143, "gamma": 0.32734923142316086}, "datetime": {"datetime": "2021-10-04 10:57:10", "elapsed": 26.001139, "delta": 0.555445}}
{"target": 0.10966710762420728, "params": {"C": 24487.0227063047, "gamma": 0.37295842134456414}, "datetime": {"datetime": "2021-10-04 10:57:11", "elapsed": 26.586739, "delta": 0.5856}}
{"target": 0.08352877948631932, "params": {"C": 19779.37653169654, "gamma": 0.36695497093274687}, "datetime": {"datetime": "2021-10-04 10:57:11", "elapsed": 27.050506, "delta": 0.463767}}
{"target": 0.2162490787914595, "params": {"C": 47089.55245962879, "gamma": 0.2964538286273066}, "datetime": {"datetime": "2021-10-04 10:57:12", "elapsed": 27.536065, "delta": 0.485559}}
{"target": 0.2336936930997946, "params": {"C": 47360.57753742922, "gamma": 0.26304448100759165}, "datetime": {"datetime": "2021-10-04 10:57:12", "elapsed": 28.106622, "delta": 0.570557}}
{"target": 0.24950647238700696, "params": {"C": 47586.68292836785, "gamma": 0.22915685838976246}, "datetime": {"datetime": "2021-10-04 10:57:13", "elapsed": 28.739444, "delta": 0.632822}}
{"target": 0.25575828001822254, "params": {"C": 46796.37088122275, "gamma": 0.21280576314509211}, "datetime": {"datetime": "2021-10-04 10:57:14", "elapsed": 29.209677, "delta": 0.470233}}
{"target": 0.21577188976749184, "params": {"C": 46596.87126544137, "gamma": 0.29631364589089737}, "datetime": {"datetime": "2021-10-04 10:57:14", "elapsed": 29.773697, "delta": 0.56402}}
{"target": 0.21429721598815643, "params": {"C": 34331.87110651403, "gamma": 0.26477984676372607}, "datetime": {"datetime": "2021-10-04 10:57:15", "elapsed": 30.259562, "delta": 0.485865}}
{"target": 0.15234541559664183, "params": {"C": 34616.49216665169, "gamma": 0.3674692287110632}, "datetime": {"datetime": "2021-10-04 10:57:15", "elapsed": 30.714106, "delta": 0.454544}}
{"target": 0.21338548661717638, "params": {"C": 34061.40385405277, "gamma": 0.26534232368631755}, "datetime": {"datetime": "2021-10-04 10:57:16", "elapsed": 31.21524, "delta": 0.501134}}
{"target": 0.045690668082251196, "params": {"C": 12474.38972131587, "gamma": 0.31470796960640574}, "datetime": {"datetime": "2021-10-04 10:57:16", "elapsed": 31.785787, "delta": 0.570547}}
{"target": -0.060394921801246504, "params": {"C": 7912.266194780525, "gamma": 0.32930917609267363}, "datetime": {"datetime": "2021-10-04 10:57:17", "elapsed": 32.341846, "delta": 0.556059}}
{"target": -0.06937070155101455, "params": {"C": 5989.940085668205, "gamma": 0.2741064769764564}, "datetime": {"datetime": "2021-10-04 10:57:17", "elapsed": 32.843263, "delta": 0.501417}}
{"target": 0.1991375130708597, "params": {"C": 27946.247582017935, "gamma": 0.2618434357194362}, "datetime": {"datetime": "2021-10-04 10:57:18", "elapsed": 33.375994, "delta": 0.532731}}
{"target": 0.24471850103637316, "params": {"C": 38621.587094226474, "gamma": 0.22146532639278718}, "datetime": {"datetime": "2021-10-04 10:57:18", "elapsed": 33.893201, "delta": 0.517207}}
{"target": 0.18891886569827387, "params": {"C": 38831.68676590672, "gamma": 0.32299598465493284}, "datetime": {"datetime": "2021-10-04 10:57:19", "elapsed": 34.425937, "delta": 0.532736}}
{"target": 0.20594399745884562, "params": {"C": 38414.37295128033, "gamma": 0.2927174208362025}, "datetime": {"datetime": "2021-10-04 10:57:19", "elapsed": 35.011694, "delta": 0.585757}}
{"target": 0.14929943572281068, "params": {"C": 15621.454256566303, "gamma": 0.236749604448727}, "datetime": {"datetime": "2021-10-04 10:57:20", "elapsed": 35.58225, "delta": 0.570556}}
{"target": 0.24848821272382005, "params": {"C": 42378.03866373883, "gamma": 0.22208335730806628}, "datetime": {"datetime": "2021-10-04 10:57:20", "elapsed": 36.083703, "delta": 0.501453}}
{"target": 0.21780082107755194, "params": {"C": 42171.10638142936, "gamma": 0.2823285756449834}, "datetime": {"datetime": "2021-10-04 10:57:21", "elapsed": 36.616349, "delta": 0.532646}}
{"target": 0.13972814520614518, "params": {"C": 14070.97096879378, "gamma": 0.23002318712541736}, "datetime": {"datetime": "2021-10-04 10:57:21", "elapsed": 37.102218, "delta": 0.485869}}
{"target": 0.20976380624288937, "params": {"C": 37597.09998200303, "gamma": 0.2835765888039468}, "datetime": {"datetime": "2021-10-04 10:57:22", "elapsed": 37.749407, "delta": 0.647189}}
{"target": 0.22617115871363014, "params": {"C": 26949.175819287168, "gamma": 0.21338068312983738}, "datetime": {"datetime": "2021-10-04 10:57:23", "elapsed": 38.354957, "delta": 0.60555}}
{"target": 0.16377371612690006, "params": {"C": 42583.958704882, "gamma": 0.3786635546304722}, "datetime": {"datetime": "2021-10-04 10:57:23", "elapsed": 38.909498, "delta": 0.554541}}
{"target": 0.007703192511090418, "params": {"C": 10996.378636317457, "gamma": 0.33095063931386237}, "datetime": {"datetime": "2021-10-04 10:57:24", "elapsed": 39.59599, "delta": 0.686492}}
{"target": 0.2105938020628907, "params": {"C": 32843.26524470768, "gamma": 0.26540989269254855}, "datetime": {"datetime": "2021-10-04 10:57:24", "elapsed": 40.044087, "delta": 0.448097}}
{"target": 0.19354551945192755, "params": {"C": 18188.489104470864, "gamma": 0.20491024076818615}, "datetime": {"datetime": "2021-10-04 10:57:25", "elapsed": 40.560109, "delta": 0.516022}}
{"target": 0.15580414391061193, "params": {"C": 16841.691845479254, "gamma": 0.24161985495002364}, "datetime": {"datetime": "2021-10-04 10:57:26", "elapsed": 41.177243, "delta": 0.617134}}
{"target": 0.21052805682534104, "params": {"C": 29202.66594285598, "gamma": 0.2500220597209008}, "datetime": {"datetime": "2021-10-04 10:57:26", "elapsed": 41.72564, "delta": 0.548397}}
{"target": -0.0076437977413092995, "params": {"C": 9562.790229871425, "gamma": 0.31593486263455944}, "datetime": {"datetime": "2021-10-04 10:57:27", "elapsed": 42.252851, "delta": 0.527211}}
{"target": 0.23058474179448873, "params": {"C": 30143.361151912246, "gamma": 0.2203695091416048}, "datetime": {"datetime": "2021-10-04 10:57:27", "elapsed": 42.781793, "delta": 0.528942}}
{"target": 0.18022088670104364, "params": {"C": 22371.501423979254, "gamma": 0.25612237162017376}, "datetime": {"datetime": "2021-10-04 10:57:28", "elapsed": 43.314516, "delta": 0.532723}}
{"target": 0.18211211819031325, "params": {"C": 21431.329627869014, "gamma": 0.24670161829709797}, "datetime": {"datetime": "2021-10-04 10:57:28", "elapsed": 43.847286, "delta": 0.53277}}
{"target": 0.2030490759706205, "params": {"C": 23293.032470308597, "gamma": 0.22941404208507388}, "datetime": {"datetime": "2021-10-04 10:57:29", "elapsed": 44.363727, "delta": 0.516441}}
{"target": 0.19621675541739092, "params": {"C": 19256.58643008107, "gamma": 0.2101955261604488}, "datetime": {"datetime": "2021-10-04 10:57:29", "elapsed": 44.949673, "delta": 0.585946}}
{"target": 0.10458239284485804, "params": {"C": 20303.904097048584, "gamma": 0.3425749896470439}, "datetime": {"datetime": "2021-10-04 10:57:30", "elapsed": 45.535813, "delta": 0.58614}}
{"target": 0.19387694379491194, "params": {"C": 31965.441956794082, "gamma": 0.28890582411026383}, "datetime": {"datetime": "2021-10-04 10:57:31", "elapsed": 46.272876, "delta": 0.737063}}
{"target": 0.15673768976559355, "params": {"C": 28220.188212627767, "gamma": 0.32742059675946544}, "datetime": {"datetime": "2021-10-04 10:57:31", "elapsed": 46.958951, "delta": 0.686075}}
{"target": 0.24195566819757475, "params": {"C": 30345.01954684178, "gamma": 0.2}, "datetime": {"datetime": "2021-10-04 10:57:32", "elapsed": 47.629445, "delta": 0.670494}}
{"target": 0.2410882505579105, "params": {"C": 33798.61872279046, "gamma": 0.21452312163499715}, "datetime": {"datetime": "2021-10-04 10:57:33", "elapsed": 48.262448, "delta": 0.633003}}
{"target": 0.15492978589196305, "params": {"C": 27149.204529010123, "gamma": 0.32374048907679076}, "datetime": {"datetime": "2021-10-04 10:57:33", "elapsed": 48.917518, "delta": 0.65507}}
{"target": 0.1345213285727277, "params": {"C": 26751.753759011677, "gamma": 0.35188919184478445}, "datetime": {"datetime": "2021-10-04 10:57:34", "elapsed": 49.635218, "delta": 0.7177}}
{"target": 0.15607234541615544, "params": {"C": 37361.06833600375, "gamma": 0.37307243865695083}, "datetime": {"datetime": "2021-10-04 10:57:35", "elapsed": 50.306125, "delta": 0.670907}}
{"target": 0.15335727316687842, "params": {"C": 37820.23388905028, "gamma": 0.37960133350787145}, "datetime": {"datetime": "2021-10-04 10:57:35", "elapsed": 50.923184, "delta": 0.617059}}
