{"target": -35.00596902481671, "params": {"C": 7404.675084863197, "gamma": 0.053164913408892525}, "datetime": {"datetime": "2021-09-28 19:16:01", "elapsed": 618.062206, "delta": 4.082921}}
{"target": -34.72629010463504, "params": {"C": 8589.871054747495, "gamma": 0.02500001135803897}, "datetime": {"datetime": "2021-09-28 19:16:03", "elapsed": 620.108486, "delta": 2.04628}}
{"target": -35.318466439722094, "params": {"C": 8650.778932167219, "gamma": 0.012411702940320683}, "datetime": {"datetime": "2021-09-28 19:16:05", "elapsed": 622.430324, "delta": 2.321838}}
{"target": -34.840275656114635, "params": {"C": 7410.792520887841, "gamma": 0.043736773676565165}, "datetime": {"datetime": "2021-09-28 19:16:08", "elapsed": 624.778429, "delta": 2.348105}}
{"target": -34.74148751675791, "params": {"C": 7928.488191918157, "gamma": 0.03720947951145173}, "datetime": {"datetime": "2021-09-28 19:16:11", "elapsed": 628.12206, "delta": 3.343631}}
{"target": -35.22260164681599, "params": {"C": 7106.04462134807, "gamma": 0.014417180092580684}, "datetime": {"datetime": "2021-09-28 19:16:15", "elapsed": 632.4241, "delta": 4.30204}}
{"target": -36.19470711780313, "params": {"C": 8466.254095766782, "gamma": 0.0037486062734451587}, "datetime": {"datetime": "2021-09-28 19:16:17", "elapsed": 634.659216, "delta": 2.235116}}
{"target": -35.08618023904616, "params": {"C": 7546.542154505676, "gamma": 0.05734098015204855}, "datetime": {"datetime": "2021-09-28 19:16:22", "elapsed": 639.7498, "delta": 5.090584}}
{"target": -34.91448411616015, "params": {"C": 7526.324215808151, "gamma": 0.047918694643750794}, "datetime": {"datetime": "2021-09-28 19:16:25", "elapsed": 642.044891, "delta": 2.295091}}
{"target": -35.082822655267684, "params": {"C": 7746.405930384441, "gamma": 0.057197544314816245}, "datetime": {"datetime": "2021-09-28 19:16:29", "elapsed": 646.342243, "delta": 4.297352}}
{"target": -34.96612691975168, "params": {"C": 8706.096607178479, "gamma": 0.05003459210765713}, "datetime": {"datetime": "2021-09-28 19:16:35", "elapsed": 652.506719, "delta": 6.164476}}
{"target": -34.729135893503816, "params": {"C": 7897.028459459032, "gamma": 0.027897982037375254}, "datetime": {"datetime": "2021-09-28 19:16:37", "elapsed": 654.67081, "delta": 2.164091}}
{"target": -35.622438267210136, "params": {"C": 7174.524654054993, "gamma": 0.009909242321653314}, "datetime": {"datetime": "2021-09-28 19:16:40", "elapsed": 657.007488, "delta": 2.336678}}
{"target": -36.11503143152776, "params": {"C": 8589.871423541941, "gamma": 0.004704699480237256}, "datetime": {"datetime": "2021-09-28 19:16:44", "elapsed": 661.49653, "delta": 4.489042}}
{"target": -35.001799871503565, "params": {"C": 7795.13065375378, "gamma": 0.0527454636662299}, "datetime": {"datetime": "2021-09-28 19:16:49", "elapsed": 666.570237, "delta": 5.073707}}
{"target": -35.03291775074132, "params": {"C": 7062.971973396443, "gamma": 0.05444706315882298}, "datetime": {"datetime": "2021-09-28 19:16:54", "elapsed": 671.001134, "delta": 4.430897}}
{"target": -35.029981751613164, "params": {"C": 7648.060759770053, "gamma": 0.05446472170635357}, "datetime": {"datetime": "2021-09-28 19:16:58", "elapsed": 675.288839, "delta": 4.287705}}
{"target": -35.028524472261175, "params": {"C": 7406.191854622544, "gamma": 0.05432618213394207}, "datetime": {"datetime": "2021-09-28 19:17:01", "elapsed": 678.552181, "delta": 3.263342}}
{"target": -34.78176468603868, "params": {"C": 7610.612330287572, "gamma": 0.03998310935689349}, "datetime": {"datetime": "2021-09-28 19:17:04", "elapsed": 680.947877, "delta": 2.395696}}
{"target": -34.72180912318989, "params": {"C": 7821.322076838284, "gamma": 0.029111305716286603}, "datetime": {"datetime": "2021-09-28 19:17:08", "elapsed": 684.848881, "delta": 3.901004}}
{"target": -34.70968409665659, "params": {"C": 7815.954574126913, "gamma": 0.030563127116603632}, "datetime": {"datetime": "2021-09-28 19:17:10", "elapsed": 687.267925, "delta": 2.419044}}
{"target": -34.704132694723384, "params": {"C": 8589.8638465679, "gamma": 0.03471351487521757}, "datetime": {"datetime": "2021-09-28 19:17:14", "elapsed": 691.018908, "delta": 3.750983}}
{"target": -34.723280909109924, "params": {"C": 8589.88122271748, "gamma": 0.036169743064309146}, "datetime": {"datetime": "2021-09-28 19:17:17", "elapsed": 694.420127, "delta": 3.401219}}
{"target": -35.53683808600708, "params": {"C": 7062.967549159522, "gamma": 0.010881030588130041}, "datetime": {"datetime": "2021-09-28 19:17:20", "elapsed": 697.628926, "delta": 3.208799}}
{"target": -35.41098578603947, "params": {"C": 8647.622932470758, "gamma": 0.07413934175323174}, "datetime": {"datetime": "2021-09-28 19:17:23", "elapsed": 700.203295, "delta": 2.574369}}
{"target": -36.13034454130473, "params": {"C": 8276.569887327438, "gamma": 0.004494346158977877}, "datetime": {"datetime": "2021-09-28 19:17:27", "elapsed": 703.881911, "delta": 3.678616}}
{"target": -36.020250368817855, "params": {"C": 8875.422988151473, "gamma": 0.005806005441172807}, "datetime": {"datetime": "2021-09-28 19:17:30", "elapsed": 707.597111, "delta": 3.7152}}
{"target": -34.83946437367113, "params": {"C": 7765.699152455414, "gamma": 0.04350181281924112}, "datetime": {"datetime": "2021-09-28 19:17:33", "elapsed": 710.08386, "delta": 2.486749}}
{"target": -34.77768760062453, "params": {"C": 7193.895802429728, "gamma": 0.027062599069800675}, "datetime": {"datetime": "2021-09-28 19:17:38", "elapsed": 714.881559, "delta": 4.797699}}
{"target": -34.87906876449886, "params": {"C": 8589.28687287639, "gamma": 0.04529757156408445}, "datetime": {"datetime": "2021-09-28 19:17:41", "elapsed": 718.718442, "delta": 3.836883}}
{"target": -34.75679031985537, "params": {"C": 7106.075183437813, "gamma": 0.03662818169725465}, "datetime": {"datetime": "2021-09-28 19:17:50", "elapsed": 726.831961, "delta": 8.113519}}
{"target": -34.872008986203646, "params": {"C": 7036.243275029846, "gamma": 0.04554002498663567}, "datetime": {"datetime": "2021-09-28 19:17:53", "elapsed": 730.492375, "delta": 3.660414}}
{"target": -34.97149126506244, "params": {"C": 7176.696094531171, "gamma": 0.05130828929520806}, "datetime": {"datetime": "2021-09-28 19:17:57", "elapsed": 734.230852, "delta": 3.738477}}
{"target": -34.72565047098045, "params": {"C": 7819.772898601925, "gamma": 0.02870736703697537}, "datetime": {"datetime": "2021-09-28 19:18:02", "elapsed": 739.049491, "delta": 4.818639}}
{"target": -34.76440746939946, "params": {"C": 7337.376321827625, "gamma": 0.027583957030946852}, "datetime": {"datetime": "2021-09-28 19:18:05", "elapsed": 742.139038, "delta": 3.089547}}
{"target": -35.09055806640558, "params": {"C": 8721.170700811008, "gamma": 0.056989060894215404}, "datetime": {"datetime": "2021-09-28 19:18:08", "elapsed": 744.913948, "delta": 2.77491}}
{"target": -34.761927426397776, "params": {"C": 7885.734125604847, "gamma": 0.038801861889664294}, "datetime": {"datetime": "2021-09-28 19:18:15", "elapsed": 752.525393, "delta": 7.611445}}
{"target": -34.931330333506814, "params": {"C": 8584.887578813254, "gamma": 0.04818918244294148}, "datetime": {"datetime": "2021-09-28 19:18:19", "elapsed": 756.367037, "delta": 3.841644}}
{"target": -35.00563227328241, "params": {"C": 7631.9434917798635, "gamma": 0.05310815183456126}, "datetime": {"datetime": "2021-09-28 19:18:22", "elapsed": 758.983336, "delta": 2.616299}}
{"target": -34.77190907428251, "params": {"C": 8072.058263427061, "gamma": 0.0395024315889382}, "datetime": {"datetime": "2021-09-28 19:18:32", "elapsed": 768.994938, "delta": 10.011602}}
{"target": -35.17440188875156, "params": {"C": 7209.785764196606, "gamma": 0.01490725606859936}, "datetime": {"datetime": "2021-09-28 19:18:35", "elapsed": 772.591261, "delta": 3.596323}}
{"target": -34.68198363819984, "params": {"C": 8619.646928315702, "gamma": 0.031089267844649406}, "datetime": {"datetime": "2021-09-28 19:18:39", "elapsed": 775.993246, "delta": 3.401985}}
{"target": -35.87586095882676, "params": {"C": 8030.424153069699, "gamma": 0.0071656808501753995}, "datetime": {"datetime": "2021-09-28 19:18:41", "elapsed": 778.608555, "delta": 2.615309}}
{"target": -34.817773479350755, "params": {"C": 7746.390535974076, "gamma": 0.021676150293348174}, "datetime": {"datetime": "2021-09-28 19:18:47", "elapsed": 784.392332, "delta": 5.783777}}
{"target": -35.19902830753342, "params": {"C": 7005.131432957914, "gamma": 0.06329765619832903}, "datetime": {"datetime": "2021-09-28 19:18:50", "elapsed": 787.118927, "delta": 2.726595}}
{"target": -34.76737829760966, "params": {"C": 8579.259911360954, "gamma": 0.03906575567086766}, "datetime": {"datetime": "2021-09-28 19:18:54", "elapsed": 790.889945, "delta": 3.771018}}
{"target": -34.89855688769056, "params": {"C": 7554.2601170585895, "gamma": 0.046987132469003316}, "datetime": {"datetime": "2021-09-28 19:18:56", "elapsed": 793.694422, "delta": 2.804477}}
{"target": -35.37470511303987, "params": {"C": 7821.332499992507, "gamma": 0.012262971900727442}, "datetime": {"datetime": "2021-09-28 19:19:01", "elapsed": 798.683221, "delta": 4.988799}}
{"target": -34.7838849962495, "params": {"C": 8209.707797929674, "gamma": 0.04016451779449124}, "datetime": {"datetime": "2021-09-28 19:19:04", "elapsed": 801.247721, "delta": 2.5645}}
{"target": -34.79489282647329, "params": {"C": 8208.376638599693, "gamma": 0.021667438529002082}, "datetime": {"datetime": "2021-09-28 19:19:08", "elapsed": 805.694005, "delta": 4.446284}}
{"target": -34.82164716483164, "params": {"C": 7928.456437170198, "gamma": 0.020986425907914316}, "datetime": {"datetime": "2021-09-28 19:19:14", "elapsed": 810.87025, "delta": 5.176245}}
{"target": -35.266546981257726, "params": {"C": 8787.868017539433, "gamma": 0.012860015800278141}, "datetime": {"datetime": "2021-09-28 19:19:17", "elapsed": 814.451674, "delta": 3.581424}}
{"target": -35.4301431868611, "params": {"C": 7966.760326458097, "gamma": 0.07549061437698737}, "datetime": {"datetime": "2021-09-28 19:19:20", "elapsed": 816.97127, "delta": 2.519596}}
{"target": -34.78473781359282, "params": {"C": 8072.057276395819, "gamma": 0.022693852674343765}, "datetime": {"datetime": "2021-09-28 19:19:23", "elapsed": 820.193074, "delta": 3.221804}}
{"target": -34.732398946350365, "params": {"C": 7821.35717736384, "gamma": 0.03605419921555619}, "datetime": {"datetime": "2021-09-28 19:19:26", "elapsed": 823.620313, "delta": 3.427239}}
{"target": -34.81213487312182, "params": {"C": 7815.972595237519, "gamma": 0.04192883888042363}, "datetime": {"datetime": "2021-09-28 19:19:30", "elapsed": 827.61598, "delta": 3.995667}}
{"target": -34.923135979209356, "params": {"C": 7435.073665689791, "gamma": 0.04847924239698705}, "datetime": {"datetime": "2021-09-28 19:19:34", "elapsed": 830.888999, "delta": 3.273019}}
{"target": -34.88511037306337, "params": {"C": 8314.76476311321, "gamma": 0.045779126559744615}, "datetime": {"datetime": "2021-09-28 19:19:37", "elapsed": 834.205476, "delta": 3.316477}}
{"target": -36.123342112144584, "params": {"C": 8972.307410507157, "gamma": 0.0046984498589329685}, "datetime": {"datetime": "2021-09-28 19:19:39", "elapsed": 836.714067, "delta": 2.508591}}
{"target": -34.7649233680208, "params": {"C": 7652.72109859455, "gamma": 0.03872112598351926}, "datetime": {"datetime": "2021-09-28 19:19:42", "elapsed": 839.035838, "delta": 2.321771}}
{"target": -34.72376289750368, "params": {"C": 7859.115141316239, "gamma": 0.034975333157968545}, "datetime": {"datetime": "2021-09-28 19:19:44", "elapsed": 841.452161, "delta": 2.416323}}
{"target": -34.99269479230666, "params": {"C": 7546.54793670843, "gamma": 0.016957908657116234}, "datetime": {"datetime": "2021-09-28 19:19:48", "elapsed": 845.163457, "delta": 3.711296}}
{"target": -34.76091528731972, "params": {"C": 7365.378526557098, "gamma": 0.027780574417584646}, "datetime": {"datetime": "2021-09-28 19:19:51", "elapsed": 847.769762, "delta": 2.606305}}
{"target": -34.823975651566194, "params": {"C": 7795.14864884101, "gamma": 0.021206788824625143}, "datetime": {"datetime": "2021-09-28 19:19:54", "elapsed": 851.489821, "delta": 3.720059}}
{"target": -35.02417167581212, "params": {"C": 8263.32739348029, "gamma": 0.05363169133739961}, "datetime": {"datetime": "2021-09-28 19:19:59", "elapsed": 856.452848, "delta": 4.963027}}
{"target": -34.71506950063537, "params": {"C": 7821.299136432366, "gamma": 0.03355188234854109}, "datetime": {"datetime": "2021-09-28 19:20:03", "elapsed": 860.431137, "delta": 3.978289}}
{"target": -35.70894867050441, "params": {"C": 7210.5497703368865, "gamma": 0.008963634641323654}, "datetime": {"datetime": "2021-09-28 19:20:07", "elapsed": 864.57923, "delta": 4.148093}}
{"target": -35.568627018852496, "params": {"C": 7193.882446195608, "gamma": 0.010484136996801285}, "datetime": {"datetime": "2021-09-28 19:20:12", "elapsed": 869.43956, "delta": 4.86033}}
{"target": -34.79550446392538, "params": {"C": 7193.917569642653, "gamma": 0.04047482992837843}, "datetime": {"datetime": "2021-09-28 19:20:17", "elapsed": 874.564832, "delta": 5.125272}}
{"target": -34.86589403486124, "params": {"C": 7161.950637655308, "gamma": 0.04524643093978681}, "datetime": {"datetime": "2021-09-28 19:20:21", "elapsed": 878.088424, "delta": 3.523592}}
{"target": -35.131251697438515, "params": {"C": 8619.64828375634, "gamma": 0.05943854763763585}, "datetime": {"datetime": "2021-09-28 19:20:27", "elapsed": 884.047817, "delta": 5.959393}}
{"target": -34.67720657075428, "params": {"C": 8875.391713319726, "gamma": 0.03126023644799645}, "datetime": {"datetime": "2021-09-28 19:20:30", "elapsed": 887.495298, "delta": 3.447481}}
{"target": -34.94792304508911, "params": {"C": 7897.012426728981, "gamma": 0.017284937887453687}, "datetime": {"datetime": "2021-09-28 19:20:37", "elapsed": 894.085015, "delta": 6.589717}}
{"target": -34.746887391767935, "params": {"C": 8698.514698025052, "gamma": 0.023222219258166938}, "datetime": {"datetime": "2021-09-28 19:20:44", "elapsed": 901.656526, "delta": 7.571511}}
{"target": -35.04191280660886, "params": {"C": 7815.945372367786, "gamma": 0.05505994031289787}, "datetime": {"datetime": "2021-09-28 19:20:51", "elapsed": 908.114791, "delta": 6.458265}}
{"target": -34.877548180579225, "params": {"C": 7819.789372561573, "gamma": 0.01868274966838047}, "datetime": {"datetime": "2021-09-28 19:20:55", "elapsed": 912.268619, "delta": 4.153828}}
{"target": -34.79647125627236, "params": {"C": 7650.829619516226, "gamma": 0.023307097821808162}, "datetime": {"datetime": "2021-09-28 19:20:58", "elapsed": 915.008385, "delta": 2.739766}}
{"target": -34.78690772197571, "params": {"C": 7687.111160379183, "gamma": 0.04047919635005281}, "datetime": {"datetime": "2021-09-28 19:21:02", "elapsed": 919.094464, "delta": 4.086079}}
{"target": -34.80812526397238, "params": {"C": 8435.894698912267, "gamma": 0.04143128394912951}, "datetime": {"datetime": "2021-09-28 19:21:05", "elapsed": 921.78096, "delta": 2.686496}}
{"target": -34.853856363776785, "params": {"C": 8460.700587894964, "gamma": 0.01833893716426472}, "datetime": {"datetime": "2021-09-28 19:21:07", "elapsed": 924.404124, "delta": 2.623164}}
{"target": -35.00576760643878, "params": {"C": 8875.381185522074, "gamma": 0.052102162488587664}, "datetime": {"datetime": "2021-09-28 19:21:12", "elapsed": 928.945162, "delta": 4.541038}}
{"target": -35.398373482565354, "params": {"C": 8724.3246236984, "gamma": 0.07347130494853897}, "datetime": {"datetime": "2021-09-28 19:21:14", "elapsed": 931.518509, "delta": 2.573347}}
{"target": -34.843522752158876, "params": {"C": 7046.244305864699, "gamma": 0.022276357423285893}, "datetime": {"datetime": "2021-09-28 19:21:18", "elapsed": 935.249545, "delta": 3.731036}}
{"target": -35.079582418163454, "params": {"C": 8787.84901158811, "gamma": 0.0563008692534129}, "datetime": {"datetime": "2021-09-28 19:21:24", "elapsed": 941.19541, "delta": 5.945865}}
{"target": -35.16167878195396, "params": {"C": 7344.335949321371, "gamma": 0.061294687525300186}, "datetime": {"datetime": "2021-09-28 19:21:31", "elapsed": 947.979706, "delta": 6.784296}}
{"target": -34.9529687017483, "params": {"C": 8875.403131887126, "gamma": 0.049196888933034165}, "datetime": {"datetime": "2021-09-28 19:21:37", "elapsed": 954.723033, "delta": 6.743327}}
{"target": -34.73127249790062, "params": {"C": 7393.048105197553, "gamma": 0.031175337271151113}, "datetime": {"datetime": "2021-09-28 19:21:41", "elapsed": 957.909373, "delta": 3.18634}}
{"target": -35.04947525865681, "params": {"C": 7630.468555204337, "gamma": 0.016135092940197493}, "datetime": {"datetime": "2021-09-28 19:21:44", "elapsed": 960.994274, "delta": 3.084901}}
{"target": -34.84454762401647, "params": {"C": 7819.768071701141, "gamma": 0.043761926290920516}, "datetime": {"datetime": "2021-09-28 19:21:48", "elapsed": 965.058187, "delta": 4.063913}}
{"target": -34.9955214086739, "params": {"C": 7633.738439736604, "gamma": 0.052517674772680184}, "datetime": {"datetime": "2021-09-28 19:21:52", "elapsed": 969.451982, "delta": 4.393795}}
{"target": -35.1124817547382, "params": {"C": 7393.06119251311, "gamma": 0.015493435884337652}, "datetime": {"datetime": "2021-09-28 19:21:59", "elapsed": 975.889647, "delta": 6.437665}}
{"target": -34.81682038885, "params": {"C": 8314.798097083556, "gamma": 0.020310085420147513}, "datetime": {"datetime": "2021-09-28 19:22:02", "elapsed": 979.716847, "delta": 3.8272}}
{"target": -34.82467107480086, "params": {"C": 8175.496723001321, "gamma": 0.04246965904989585}, "datetime": {"datetime": "2021-09-28 19:22:05", "elapsed": 982.452788, "delta": 2.735941}}
{"target": -34.716651281755, "params": {"C": 8091.995692589891, "gamma": 0.02803514466866154}, "datetime": {"datetime": "2021-09-28 19:22:08", "elapsed": 985.73243, "delta": 3.279642}}
{"target": -34.82043040313813, "params": {"C": 8424.707737830586, "gamma": 0.019898327547052737}, "datetime": {"datetime": "2021-09-28 19:22:16", "elapsed": 993.682549, "delta": 7.950119}}
{"target": -34.949820343843115, "params": {"C": 8404.335031578195, "gamma": 0.01686866825518755}, "datetime": {"datetime": "2021-09-28 19:22:19", "elapsed": 996.639711, "delta": 2.957162}}
{"target": -34.764519725887865, "params": {"C": 8584.920376046137, "gamma": 0.03887847119961386}, "datetime": {"datetime": "2021-09-28 19:22:24", "elapsed": 1001.251273, "delta": 4.611562}}
{"target": -34.89041976995678, "params": {"C": 7630.431001646168, "gamma": 0.018589046377300134}, "datetime": {"datetime": "2021-09-28 19:22:32", "elapsed": 1009.278236, "delta": 8.026963}}
{"target": -35.65269293716995, "params": {"C": 8092.017415672043, "gamma": 0.00934346476677628}, "datetime": {"datetime": "2021-09-28 19:22:36", "elapsed": 1013.179655, "delta": 3.901419}}
{"target": -34.9763124169514, "params": {"C": 7344.33116056101, "gamma": 0.017352888054567903}, "datetime": {"datetime": "2021-09-28 19:22:41", "elapsed": 1018.685487, "delta": 5.505832}}
{"target": -34.86453311136449, "params": {"C": 7885.792801926118, "gamma": 0.044857245798136394}, "datetime": {"datetime": "2021-09-28 19:22:46", "elapsed": 1023.500866, "delta": 4.815379}}
{"target": -34.98093569747437, "params": {"C": 7491.297528255274, "gamma": 0.051787326653418946}, "datetime": {"datetime": "2021-09-28 19:22:50", "elapsed": 1027.608274, "delta": 4.107408}}
{"target": -34.73329597590897, "params": {"C": 7210.516816804825, "gamma": 0.03269152955687807}, "datetime": {"datetime": "2021-09-28 19:22:57", "elapsed": 1034.118987, "delta": 6.510713}}
{"target": -34.88475442641944, "params": {"C": 7746.42714275971, "gamma": 0.018569024900918663}, "datetime": {"datetime": "2021-09-28 19:23:02", "elapsed": 1039.080944, "delta": 4.961957}}
{"target": -34.7657462480606, "params": {"C": 7859.131235385932, "gamma": 0.03906670712673971}, "datetime": {"datetime": "2021-09-28 19:23:08", "elapsed": 1045.28353, "delta": 6.202586}}
{"target": -35.4732496897763, "params": {"C": 8075.907833450614, "gamma": 0.07741127297080515}, "datetime": {"datetime": "2021-09-28 19:23:11", "elapsed": 1048.203659, "delta": 2.920129}}
{"target": -34.794568951516844, "params": {"C": 8179.655803200841, "gamma": 0.021759114236272453}, "datetime": {"datetime": "2021-09-28 19:23:14", "elapsed": 1051.294176, "delta": 3.090517}}
{"target": -34.79088826103162, "params": {"C": 8619.665667715293, "gamma": 0.020872110496889664}, "datetime": {"datetime": "2021-09-28 19:23:22", "elapsed": 1059.363592, "delta": 8.069416}}
{"target": -34.6909294785391, "params": {"C": 8589.27760237718, "gamma": 0.027846845982287677}, "datetime": {"datetime": "2021-09-28 19:23:26", "elapsed": 1063.140716, "delta": 3.777124}}
{"target": -34.777557393145166, "params": {"C": 8430.542243174341, "gamma": 0.02207355207139457}, "datetime": {"datetime": "2021-09-28 19:23:32", "elapsed": 1069.64231, "delta": 6.501594}}
{"target": -35.44105139899421, "params": {"C": 7815.97540904377, "gamma": 0.011573235901071764}, "datetime": {"datetime": "2021-09-28 19:23:38", "elapsed": 1074.808567, "delta": 5.166257}}
{"target": -36.19176054010738, "params": {"C": 7201.977915052394, "gamma": 0.0036164254310358445}, "datetime": {"datetime": "2021-09-28 19:23:43", "elapsed": 1080.702546, "delta": 5.893979}}
{"target": -35.157950985226954, "params": {"C": 7176.68310152894, "gamma": 0.015132117584320037}, "datetime": {"datetime": "2021-09-28 19:23:53", "elapsed": 1090.064159, "delta": 9.361613}}
{"target": -35.016546693857485, "params": {"C": 7143.429818995951, "gamma": 0.053623436323329596}, "datetime": {"datetime": "2021-09-28 19:23:59", "elapsed": 1096.513283, "delta": 6.449124}}
{"target": -35.142352328103826, "params": {"C": 7448.4624662519545, "gamma": 0.015091538610251216}, "datetime": {"datetime": "2021-09-28 19:24:02", "elapsed": 1099.498711, "delta": 2.985428}}
{"target": -36.01779990607455, "params": {"C": 8420.862506552261, "gamma": 0.00579588995390321}, "datetime": {"datetime": "2021-09-28 19:24:08", "elapsed": 1105.300252, "delta": 5.801541}}
