{"target": -58.19192371414546, "params": {"C": 146312.93856672067, "gamma": 0.8644306501480425}, "datetime": {"datetime": "2021-10-04 11:47:32", "elapsed": 170.020688, "delta": 1.026795}}
{"target": -55.37582518402631, "params": {"C": 200302.28062513028, "gamma": 0.5287484835782363}, "datetime": {"datetime": "2021-10-04 11:47:34", "elapsed": 171.581171, "delta": 1.560483}}
{"target": -54.04014857453005, "params": {"C": 332572.94566571293, "gamma": 0.44451304635421984}, "datetime": {"datetime": "2021-10-04 11:47:35", "elapsed": 172.624665, "delta": 1.043494}}
{"target": -57.64623644727961, "params": {"C": 262603.4519165772, "gamma": 0.7247428720704283}, "datetime": {"datetime": "2021-10-04 11:47:36", "elapsed": 174.005416, "delta": 1.380751}}
{"target": -60.53064225423827, "params": {"C": 15764.744877840662, "gamma": 0.7257623927965127}, "datetime": {"datetime": "2021-10-04 11:47:38", "elapsed": 175.219512, "delta": 1.214096}}
{"target": -53.18864361277737, "params": {"C": 312586.1491361236, "gamma": 0.3931670723088375}, "datetime": {"datetime": "2021-10-04 11:47:39", "elapsed": 176.56305, "delta": 1.343538}}
{"target": -58.9895398530375, "params": {"C": 384567.37636329676, "gamma": 0.9144153524521721}, "datetime": {"datetime": "2021-10-04 11:47:40", "elapsed": 178.149077, "delta": 1.586027}}
{"target": -58.36158446904332, "params": {"C": 64458.715495962504, "gamma": 0.8686104378600852}, "datetime": {"datetime": "2021-10-04 11:47:42", "elapsed": 179.215682, "delta": 1.066605}}
{"target": -58.388521440132216, "params": {"C": 369290.8144828499, "gamma": 0.7987598981473254}, "datetime": {"datetime": "2021-10-04 11:47:43", "elapsed": 180.321834, "delta": 1.106152}}
{"target": -58.67667013182859, "params": {"C": 369303.4895077777, "gamma": 0.8505525991792482}, "datetime": {"datetime": "2021-10-04 11:47:44", "elapsed": 181.449451, "delta": 1.127617}}
{"target": -55.395080377248064, "params": {"C": 307949.3479033963, "gamma": 0.5204930001231829}, "datetime": {"datetime": "2021-10-04 11:47:45", "elapsed": 182.663938, "delta": 1.214487}}
{"target": -57.8457953753897, "params": {"C": 202319.2035934755, "gamma": 0.7784971238299833}, "datetime": {"datetime": "2021-10-04 11:47:46", "elapsed": 184.112061, "delta": 1.448123}}
{"target": -52.13957258994653, "params": {"C": 176482.7573151702, "gamma": 0.34220598667247165}, "datetime": {"datetime": "2021-10-04 11:47:48", "elapsed": 185.202713, "delta": 1.090652}}
{"target": -55.49893221443792, "params": {"C": 162692.2955978049, "gamma": 0.5415174419830684}, "datetime": {"datetime": "2021-10-04 11:47:49", "elapsed": 186.279125, "delta": 1.076412}}
{"target": -59.094300063072815, "params": {"C": 316632.81097412086, "gamma": 0.9653391289000217}, "datetime": {"datetime": "2021-10-04 11:47:50", "elapsed": 187.341507, "delta": 1.062382}}
{"target": -56.337155518761485, "params": {"C": 387698.9378288632, "gamma": 0.578895576248037}, "datetime": {"datetime": "2021-10-04 11:47:51", "elapsed": 188.93822, "delta": 1.596713}}
{"target": -53.88856554890784, "params": {"C": 464128.72438555124, "gamma": 0.42499095225080347}, "datetime": {"datetime": "2021-10-04 11:47:52", "elapsed": 190.104848, "delta": 1.166628}}
{"target": -55.72798170140338, "params": {"C": 493821.2801039951, "gamma": 0.5288657847705713}, "datetime": {"datetime": "2021-10-04 11:47:54", "elapsed": 191.328993, "delta": 1.224145}}
{"target": -58.4429086141602, "params": {"C": 305048.01620437886, "gamma": 0.8288761177019435}, "datetime": {"datetime": "2021-10-04 11:47:55", "elapsed": 192.744569, "delta": 1.415576}}
{"target": -55.17717881890347, "params": {"C": 494334.3168652015, "gamma": 0.4970938929640251}, "datetime": {"datetime": "2021-10-04 11:47:56", "elapsed": 193.898746, "delta": 1.154177}}
{"target": -58.12203474319149, "params": {"C": 136678.32539938684, "gamma": 0.8575047185856999}, "datetime": {"datetime": "2021-10-04 11:47:58", "elapsed": 195.197223, "delta": 1.298477}}
{"target": -55.56448625187862, "params": {"C": 200291.62597698616, "gamma": 0.541036238364014}, "datetime": {"datetime": "2021-10-04 11:47:59", "elapsed": 196.439373, "delta": 1.24215}}
{"target": -52.041698250238625, "params": {"C": 137327.48495383275, "gamma": 0.3466001493376918}, "datetime": {"datetime": "2021-10-04 11:48:00", "elapsed": 197.588509, "delta": 1.149136}}
{"target": -53.18282269878506, "params": {"C": 151575.9602069529, "gamma": 0.41426049600517745}, "datetime": {"datetime": "2021-10-04 11:48:01", "elapsed": 198.774985, "delta": 1.186476}}
{"target": -58.28722982634649, "params": {"C": 456544.9872602504, "gamma": 0.7641347347906566}, "datetime": {"datetime": "2021-10-04 11:48:03", "elapsed": 200.383239, "delta": 1.608254}}
{"target": -56.6082145645981, "params": {"C": 287807.0733200926, "gamma": 0.6102274375689034}, "datetime": {"datetime": "2021-10-04 11:48:04", "elapsed": 202.181012, "delta": 1.797773}}
{"target": -58.37460042737074, "params": {"C": 235182.1900327984, "gamma": 0.8482652588153412}, "datetime": {"datetime": "2021-10-04 11:48:06", "elapsed": 203.412134, "delta": 1.231122}}
{"target": -58.68925179052485, "params": {"C": 335101.7138358913, "gamma": 0.8659296479371927}, "datetime": {"datetime": "2021-10-04 11:48:07", "elapsed": 204.624261, "delta": 1.212127}}
{"target": -54.00331712937538, "params": {"C": 460654.16255920683, "gamma": 0.4327282592612125}, "datetime": {"datetime": "2021-10-04 11:48:08", "elapsed": 205.76478, "delta": 1.140519}}
{"target": -59.1059066584637, "params": {"C": 460232.8468657208, "gamma": 0.9212698099901815}, "datetime": {"datetime": "2021-10-04 11:48:09", "elapsed": 207.077585, "delta": 1.312805}}
{"target": -55.88379406396394, "params": {"C": 233400.63160567745, "gamma": 0.5593949046749697}, "datetime": {"datetime": "2021-10-04 11:48:11", "elapsed": 208.3417, "delta": 1.264115}}
{"target": -52.212727637653956, "params": {"C": 72141.47077007129, "gamma": 0.3496959689930049}, "datetime": {"datetime": "2021-10-04 11:48:12", "elapsed": 209.854576, "delta": 1.512876}}
{"target": -60.10261375039321, "params": {"C": 26553.249929880963, "gamma": 0.9916820132907775}, "datetime": {"datetime": "2021-10-04 11:48:13", "elapsed": 210.978976, "delta": 1.1244}}
{"target": -53.3085692505285, "params": {"C": 194133.4520862911, "gamma": 0.41728201280788146}, "datetime": {"datetime": "2021-10-04 11:48:15", "elapsed": 212.259887, "delta": 1.280911}}
{"target": -58.04515699198646, "params": {"C": 123490.30229667768, "gamma": 0.8500293382966035}, "datetime": {"datetime": "2021-10-04 11:48:16", "elapsed": 213.573363, "delta": 1.313476}}
{"target": -51.933559302938214, "params": {"C": 125607.0376022564, "gamma": 0.3403834031240082}, "datetime": {"datetime": "2021-10-04 11:48:17", "elapsed": 214.850384, "delta": 1.277021}}
{"target": -52.800795453246344, "params": {"C": 222907.87240904872, "gamma": 0.38359176147316126}, "datetime": {"datetime": "2021-10-04 11:48:18", "elapsed": 216.037934, "delta": 1.18755}}
{"target": -56.725375827672124, "params": {"C": 405004.2771548441, "gamma": 0.6083619678932161}, "datetime": {"datetime": "2021-10-04 11:48:19", "elapsed": 217.158937, "delta": 1.121003}}
{"target": -52.97153402599785, "params": {"C": 213522.44194909703, "gamma": 0.3959790937291361}, "datetime": {"datetime": "2021-10-04 11:48:21", "elapsed": 218.401003, "delta": 1.242066}}
{"target": -58.68861650839462, "params": {"C": 366739.6387939453, "gamma": 0.8538337035286419}, "datetime": {"datetime": "2021-10-04 11:48:23", "elapsed": 220.529277, "delta": 2.128274}}
{"target": -54.65474345629508, "params": {"C": 72470.51982198618, "gamma": 0.4862111334762127}, "datetime": {"datetime": "2021-10-04 11:48:24", "elapsed": 222.083101, "delta": 1.553824}}
{"target": -53.12833585765847, "params": {"C": 59257.34882965941, "gamma": 0.3868777364230302}, "datetime": {"datetime": "2021-10-04 11:48:26", "elapsed": 223.771574, "delta": 1.688473}}
{"target": -59.22497783678257, "params": {"C": 472816.6256802204, "gamma": 0.9469430523812441}, "datetime": {"datetime": "2021-10-04 11:48:28", "elapsed": 225.780677, "delta": 2.009103}}
{"target": -59.24654747309063, "params": {"C": 366222.2576694598, "gamma": 0.9851557762020291}, "datetime": {"datetime": "2021-10-04 11:48:30", "elapsed": 227.59842, "delta": 1.817743}}
{"target": -57.27731265051993, "params": {"C": 205627.3592912286, "gamma": 0.6945881281052565}, "datetime": {"datetime": "2021-10-04 11:48:32", "elapsed": 229.193496, "delta": 1.595076}}
{"target": -58.717488239039405, "params": {"C": 432933.605256502, "gamma": 0.8401741342748226}, "datetime": {"datetime": "2021-10-04 11:48:33", "elapsed": 230.95801, "delta": 1.764514}}
{"target": -54.40548529151774, "params": {"C": 229397.27271450544, "gamma": 0.4712580062010873}, "datetime": {"datetime": "2021-10-04 11:48:35", "elapsed": 232.442004, "delta": 1.483994}}
{"target": -59.245113473036994, "params": {"C": 486387.1457370454, "gamma": 0.948782670753896}, "datetime": {"datetime": "2021-10-04 11:48:37", "elapsed": 234.50267, "delta": 2.060666}}
{"target": -57.38643582943133, "params": {"C": 452960.53239041, "gamma": 0.6618167559057881}, "datetime": {"datetime": "2021-10-04 11:48:38", "elapsed": 235.817479, "delta": 1.314809}}
{"target": -58.04604452273398, "params": {"C": 56724.99532974633, "gamma": 0.7823078572857978}, "datetime": {"datetime": "2021-10-04 11:48:39", "elapsed": 237.178895, "delta": 1.361416}}
{"target": -53.39733673824237, "params": {"C": 337094.4090040159, "gamma": 0.40399945189653974}, "datetime": {"datetime": "2021-10-04 11:48:41", "elapsed": 238.451695, "delta": 1.2728}}
{"target": -54.0870797899886, "params": {"C": 230173.74662677897, "gamma": 0.45523171023592285}, "datetime": {"datetime": "2021-10-04 11:48:42", "elapsed": 239.742217, "delta": 1.290522}}
{"target": -58.63638900803547, "params": {"C": 79164.63235016662, "gamma": 0.9843124128645357}, "datetime": {"datetime": "2021-10-04 11:48:43", "elapsed": 240.971811, "delta": 1.229594}}
{"target": -60.84598291891358, "params": {"C": 11526.861050552545, "gamma": 0.5991355427627854}, "datetime": {"datetime": "2021-10-04 11:48:45", "elapsed": 242.501684, "delta": 1.529873}}
{"target": -58.56133455320258, "params": {"C": 151853.58082297252, "gamma": 0.9354094201392877}, "datetime": {"datetime": "2021-10-04 11:48:46", "elapsed": 243.801411, "delta": 1.299727}}
{"target": -58.93584335110257, "params": {"C": 275349.55200294027, "gamma": 0.9451254254186146}, "datetime": {"datetime": "2021-10-04 11:48:47", "elapsed": 245.178881, "delta": 1.37747}}
{"target": -57.618788590294145, "params": {"C": 196846.14653203744, "gamma": 0.7454964413652374}, "datetime": {"datetime": "2021-10-04 11:48:49", "elapsed": 246.453633, "delta": 1.274752}}
{"target": -53.78507575311228, "params": {"C": 475508.09128458856, "gamma": 0.4171243645535949}, "datetime": {"datetime": "2021-10-04 11:48:50", "elapsed": 247.766872, "delta": 1.313239}}
{"target": -56.58539065071548, "params": {"C": 255888.9809928695, "gamma": 0.6128703533478448}, "datetime": {"datetime": "2021-10-04 11:48:52", "elapsed": 249.545687, "delta": 1.778815}}
{"target": -52.403106495428865, "params": {"C": 171965.40010920237, "gamma": 0.36655484991444454}, "datetime": {"datetime": "2021-10-04 11:48:53", "elapsed": 251.134287, "delta": 1.5886}}
{"target": -58.07036640276789, "params": {"C": 232497.21947242654, "gamma": 0.7983002210627032}, "datetime": {"datetime": "2021-10-04 11:48:56", "elapsed": 253.417089, "delta": 2.282802}}
{"target": -52.029566533261175, "params": {"C": 152069.46084401433, "gamma": 0.34110199045204237}, "datetime": {"datetime": "2021-10-04 11:48:57", "elapsed": 254.690778, "delta": 1.273689}}
{"target": -58.856324924027334, "params": {"C": 333427.9657377557, "gamma": 0.9015495049806559}, "datetime": {"datetime": "2021-10-04 11:48:58", "elapsed": 256.176182, "delta": 1.485404}}
{"target": -58.19789637626217, "params": {"C": 248964.12757286397, "gamma": 0.8111282317182609}, "datetime": {"datetime": "2021-10-04 11:49:00", "elapsed": 257.635153, "delta": 1.458971}}
{"target": -62.519672112877565, "params": {"C": 10766.735946371566, "gamma": 0.8596616236831287}, "datetime": {"datetime": "2021-10-04 11:49:01", "elapsed": 258.888994, "delta": 1.253841}}
{"target": -58.64483914903002, "params": {"C": 224507.73623350708, "gamma": 0.9056939126862515}, "datetime": {"datetime": "2021-10-04 11:49:03", "elapsed": 260.21328, "delta": 1.324286}}
{"target": -57.47222583284583, "params": {"C": 111546.6915396619, "gamma": 0.7559291480777977}, "datetime": {"datetime": "2021-10-04 11:49:04", "elapsed": 261.538144, "delta": 1.324864}}
{"target": -58.18430573609008, "params": {"C": 405510.4743737394, "gamma": 0.759653219381779}, "datetime": {"datetime": "2021-10-04 11:49:06", "elapsed": 263.380617, "delta": 1.842473}}
{"target": -52.34410044285699, "params": {"C": 306115.7722678074, "gamma": 0.3142273633191295}, "datetime": {"datetime": "2021-10-04 11:49:08", "elapsed": 265.416584, "delta": 2.035967}}
{"target": -53.832781849480824, "params": {"C": 254613.7063192232, "gamma": 0.44056771423394014}, "datetime": {"datetime": "2021-10-04 11:49:10", "elapsed": 267.470805, "delta": 2.054221}}
{"target": -52.73921212372529, "params": {"C": 338765.0971758373, "gamma": 0.3512132038531811}, "datetime": {"datetime": "2021-10-04 11:49:11", "elapsed": 269.16214, "delta": 1.691335}}
{"target": -52.657894125041224, "params": {"C": 495852.2554793827, "gamma": 0.3063248885920774}, "datetime": {"datetime": "2021-10-04 11:49:13", "elapsed": 270.496947, "delta": 1.334807}}
{"target": -58.493062283461306, "params": {"C": 205063.8761508209, "gamma": 0.8851574900407841}, "datetime": {"datetime": "2021-10-04 11:49:14", "elapsed": 271.98569, "delta": 1.488743}}
{"target": -56.31691824729809, "params": {"C": 95470.85191348108, "gamma": 0.6181702601387957}, "datetime": {"datetime": "2021-10-04 11:49:16", "elapsed": 273.394945, "delta": 1.409255}}
{"target": -54.531467021077276, "params": {"C": 412673.7994120759, "gamma": 0.46741853748797113}, "datetime": {"datetime": "2021-10-04 11:49:18", "elapsed": 275.3423, "delta": 1.947355}}
{"target": -58.41203908552674, "params": {"C": 220848.26155899948, "gamma": 0.8619633955684487}, "datetime": {"datetime": "2021-10-04 11:49:19", "elapsed": 276.839957, "delta": 1.497657}}
{"target": -57.2664113797351, "params": {"C": 344436.58616944816, "gamma": 0.6634296869849834}, "datetime": {"datetime": "2021-10-04 11:49:21", "elapsed": 279.178311, "delta": 2.338354}}
{"target": -58.86259330651102, "params": {"C": 342766.603153216, "gamma": 0.8997528696815078}, "datetime": {"datetime": "2021-10-04 11:49:23", "elapsed": 280.688382, "delta": 1.510071}}
{"target": -55.55177284425307, "params": {"C": 491994.774353265, "gamma": 0.5182825897683425}, "datetime": {"datetime": "2021-10-04 11:49:25", "elapsed": 282.247322, "delta": 1.55894}}
{"target": -51.65473907369249, "params": {"C": 55359.297560449966, "gamma": 0.30939728072446365}, "datetime": {"datetime": "2021-10-04 11:49:26", "elapsed": 283.806192, "delta": 1.55887}}
{"target": -52.506265670710356, "params": {"C": 221357.1547060475, "gamma": 0.3596066383024955}, "datetime": {"datetime": "2021-10-04 11:49:28", "elapsed": 285.471115, "delta": 1.664923}}
{"target": -58.81678705047067, "params": {"C": 338193.3119036824, "gamma": 0.8917493245127848}, "datetime": {"datetime": "2021-10-04 11:49:29", "elapsed": 287.104331, "delta": 1.633216}}
{"target": -59.283650609899546, "params": {"C": 462128.8026372174, "gamma": 0.9642089129491129}, "datetime": {"datetime": "2021-10-04 11:49:31", "elapsed": 288.46765, "delta": 1.363319}}
{"target": -57.91702242383188, "params": {"C": 188391.41663297574, "gamma": 0.7952235158071919}, "datetime": {"datetime": "2021-10-04 11:49:32", "elapsed": 290.117225, "delta": 1.649575}}
{"target": -54.489738945388055, "params": {"C": 31441.39215027489, "gamma": 0.39612840393711796}, "datetime": {"datetime": "2021-10-04 11:49:34", "elapsed": 291.736748, "delta": 1.619523}}
{"target": -60.711350307933415, "params": {"C": 13923.92253958064, "gamma": 0.6797258795615599}, "datetime": {"datetime": "2021-10-04 11:49:37", "elapsed": 294.378721, "delta": 2.641973}}
{"target": -57.47233490141551, "params": {"C": 325208.0190302657, "gamma": 0.6887131521085643}, "datetime": {"datetime": "2021-10-04 11:49:38", "elapsed": 295.988326, "delta": 1.609605}}
{"target": -54.106273009777254, "params": {"C": 292082.9590276181, "gamma": 0.45195045311430115}, "datetime": {"datetime": "2021-10-04 11:49:40", "elapsed": 297.34564, "delta": 1.357314}}
{"target": -58.02911008097923, "params": {"C": 195403.8057852842, "gamma": 0.8089066259621325}, "datetime": {"datetime": "2021-10-04 11:49:41", "elapsed": 298.798077, "delta": 1.452437}}
{"target": -54.68898022910258, "params": {"C": 61202.15077892757, "gamma": 0.4807015665861658}, "datetime": {"datetime": "2021-10-04 11:49:42", "elapsed": 300.169348, "delta": 1.371271}}
{"target": -52.09669957154941, "params": {"C": 73789.44437855671, "gamma": 0.34424507990632996}, "datetime": {"datetime": "2021-10-04 11:49:44", "elapsed": 302.187525, "delta": 2.018177}}
{"target": -57.68262804567606, "params": {"C": 334747.0627953877, "gamma": 0.7111541435583736}, "datetime": {"datetime": "2021-10-04 11:49:46", "elapsed": 303.761674, "delta": 1.574149}}
{"target": -56.168925084674186, "params": {"C": 73603.39965747879, "gamma": 0.5930883934313667}, "datetime": {"datetime": "2021-10-04 11:49:48", "elapsed": 305.701473, "delta": 1.939799}}
{"target": -58.04860355539756, "params": {"C": 203272.54484629678, "gamma": 0.8082498553192743}, "datetime": {"datetime": "2021-10-04 11:49:50", "elapsed": 307.239752, "delta": 1.538279}}
{"target": -57.98521576985268, "params": {"C": 484961.40938469284, "gamma": 0.7216983489104756}, "datetime": {"datetime": "2021-10-04 11:49:52", "elapsed": 309.536094, "delta": 2.296342}}
{"target": -58.55382561344034, "params": {"C": 126488.75784616263, "gamma": 0.9550265720168676}, "datetime": {"datetime": "2021-10-04 11:49:53", "elapsed": 311.008699, "delta": 1.472605}}
{"target": -58.975641084504836, "params": {"C": 221304.87042702432, "gamma": 0.9827682211059596}, "datetime": {"datetime": "2021-10-04 11:49:55", "elapsed": 312.486065, "delta": 1.477366}}
{"target": -55.7954466748543, "params": {"C": 282142.14040886593, "gamma": 0.5490174843999134}, "datetime": {"datetime": "2021-10-04 11:49:56", "elapsed": 314.06468, "delta": 1.578615}}
{"target": -57.217437274848976, "params": {"C": 56083.33995345208, "gamma": 0.6691335053220149}, "datetime": {"datetime": "2021-10-04 11:49:59", "elapsed": 316.213991, "delta": 2.149311}}
{"target": -52.57005500911131, "params": {"C": 370104.4024952648, "gamma": 0.3245201422022345}, "datetime": {"datetime": "2021-10-04 11:50:00", "elapsed": 317.667185, "delta": 1.453194}}
{"target": -54.52762390074624, "params": {"C": 88477.19582294785, "gamma": 0.482915139825815}, "datetime": {"datetime": "2021-10-04 11:50:02", "elapsed": 319.251802, "delta": 1.584617}}
{"target": -52.390065862580826, "params": {"C": 275544.57213521516, "gamma": 0.33084005557032675}, "datetime": {"datetime": "2021-10-04 11:50:03", "elapsed": 320.792176, "delta": 1.540374}}
{"target": -59.85993816939231, "params": {"C": 28306.443097786912, "gamma": 0.9569394965426117}, "datetime": {"datetime": "2021-10-04 11:50:05", "elapsed": 322.415701, "delta": 1.623525}}
{"target": -55.512944856800615, "params": {"C": 419657.00248071284, "gamma": 0.519642137801249}, "datetime": {"datetime": "2021-10-04 11:50:07", "elapsed": 324.628105, "delta": 2.212404}}
{"target": -56.337785492770436, "params": {"C": 282511.7650263056, "gamma": 0.5883863525930169}, "datetime": {"datetime": "2021-10-04 11:50:09", "elapsed": 326.410355, "delta": 1.78225}}
{"target": -55.15392907933923, "params": {"C": 264635.2906823348, "gamma": 0.5094355174575602}, "datetime": {"datetime": "2021-10-04 11:50:10", "elapsed": 327.92872, "delta": 1.518365}}
{"target": -53.73258561551225, "params": {"C": 118309.96658832765, "gamma": 0.44210888042582747}, "datetime": {"datetime": "2021-10-04 11:50:12", "elapsed": 329.359886, "delta": 1.431166}}
{"target": -58.73235179551409, "params": {"C": 278157.4622536995, "gamma": 0.8974974510421114}, "datetime": {"datetime": "2021-10-04 11:50:14", "elapsed": 331.41557, "delta": 2.055684}}
{"target": -55.228027966626634, "params": {"C": 301168.193354974, "gamma": 0.5108210815610177}, "datetime": {"datetime": "2021-10-04 11:50:16", "elapsed": 333.546109, "delta": 2.130539}}
{"target": -59.117160653818345, "params": {"C": 310710.43772658234, "gamma": 0.9731002397392214}, "datetime": {"datetime": "2021-10-04 11:50:17", "elapsed": 334.953544, "delta": 1.407435}}
{"target": -57.294675384480804, "params": {"C": 392235.5455049172, "gamma": 0.6599058424362583}, "datetime": {"datetime": "2021-10-04 11:50:19", "elapsed": 336.593316, "delta": 1.639772}}
{"target": -58.64363784708679, "params": {"C": 152874.9812959615, "gamma": 0.9533031721437255}, "datetime": {"datetime": "2021-10-04 11:50:21", "elapsed": 338.927196, "delta": 2.33388}}
{"target": -52.708029641018214, "params": {"C": 147865.87983786757, "gamma": 0.3884981036263646}, "datetime": {"datetime": "2021-10-04 11:50:23", "elapsed": 340.339779, "delta": 1.412583}}
{"target": -54.58645085213889, "params": {"C": 422344.2903480993, "gamma": 0.46985066472873993}, "datetime": {"datetime": "2021-10-04 11:50:24", "elapsed": 341.752115, "delta": 1.412336}}
{"target": -54.47923718425436, "params": {"C": 308111.0891724368, "gamma": 0.46959930234087527}, "datetime": {"datetime": "2021-10-04 11:50:26", "elapsed": 343.748155, "delta": 1.99604}}
{"target": -52.62419437096052, "params": {"C": 213122.8448487692, "gamma": 0.3718955481044002}, "datetime": {"datetime": "2021-10-04 11:50:28", "elapsed": 345.303676, "delta": 1.555521}}
{"target": -57.39881213323944, "params": {"C": 430562.24701288535, "gamma": 0.6654255936837723}, "datetime": {"datetime": "2021-10-04 11:50:30", "elapsed": 347.437277, "delta": 2.133601}}
