{"target": -35.58509912063506, "params": {"C": 13122.366131730316, "gamma": 0.073735421358459}, "datetime": {"datetime": "2021-09-28 19:42:09", "elapsed": 129.688625, "delta": 1.167417}}
{"target": -34.636889625802986, "params": {"C": 11053.356498694906, "gamma": 0.029329214100621386}, "datetime": {"datetime": "2021-09-28 19:42:10", "elapsed": 130.603627, "delta": 0.915002}}
{"target": -34.670506598822755, "params": {"C": 12748.988511835618, "gamma": 0.01889795922924715}, "datetime": {"datetime": "2021-09-28 19:42:11", "elapsed": 131.396317, "delta": 0.79269}}
{"target": -35.1348635593496, "params": {"C": 11037.791796237518, "gamma": 0.05716725943143977}, "datetime": {"datetime": "2021-09-28 19:42:12", "elapsed": 132.418316, "delta": 1.021999}}
{"target": -34.71986356823943, "params": {"C": 9869.23975540009, "gamma": 0.02169780479626763}, "datetime": {"datetime": "2021-09-28 19:42:13", "elapsed": 133.214465, "delta": 0.796149}}
{"target": -35.818287715015046, "params": {"C": 10287.271644735114, "gamma": 0.007469249644462619}, "datetime": {"datetime": "2021-09-28 19:42:14", "elapsed": 134.1385, "delta": 0.924035}}
{"target": -34.790361441929015, "params": {"C": 10567.06349133633, "gamma": 0.039561322671944475}, "datetime": {"datetime": "2021-09-28 19:42:15", "elapsed": 134.988703, "delta": 0.850203}}
{"target": -34.650682004060926, "params": {"C": 11704.965654243295, "gamma": 0.03060599278263082}, "datetime": {"datetime": "2021-09-28 19:42:15", "elapsed": 135.822663, "delta": 0.83396}}
{"target": -35.35568703366728, "params": {"C": 12982.695337234914, "gamma": 0.06570085987097486}, "datetime": {"datetime": "2021-09-28 19:42:16", "elapsed": 136.782918, "delta": 0.960255}}
{"target": -34.77312562649802, "params": {"C": 9049.719765829468, "gamma": 0.03919773047075062}, "datetime": {"datetime": "2021-09-28 19:42:17", "elapsed": 137.623494, "delta": 0.840576}}
{"target": -35.53737940861859, "params": {"C": 13056.673171036924, "gamma": 0.0722526301643557}, "datetime": {"datetime": "2021-09-28 19:42:19", "elapsed": 139.101092, "delta": 1.477598}}
{"target": -35.306922876121995, "params": {"C": 13639.696576848477, "gamma": 0.06286405193811949}, "datetime": {"datetime": "2021-09-28 19:42:20", "elapsed": 139.989088, "delta": 0.887996}}
{"target": -35.45558843060721, "params": {"C": 13651.220994485608, "gamma": 0.06852602095755195}, "datetime": {"datetime": "2021-09-28 19:42:21", "elapsed": 141.245263, "delta": 1.256175}}
{"target": -34.65723333433311, "params": {"C": 10880.646857367794, "gamma": 0.022864629562096114}, "datetime": {"datetime": "2021-09-28 19:42:22", "elapsed": 142.525263, "delta": 1.28}}
{"target": -34.68977981796251, "params": {"C": 10697.821386914191, "gamma": 0.02143096883029656}, "datetime": {"datetime": "2021-09-28 19:42:23", "elapsed": 143.602432, "delta": 1.077169}}
{"target": -34.825554137052215, "params": {"C": 9517.742434557867, "gamma": 0.041960619178932436}, "datetime": {"datetime": "2021-09-28 19:42:24", "elapsed": 144.446436, "delta": 0.844004}}
{"target": -34.77207144206169, "params": {"C": 10228.28595256071, "gamma": 0.03867117726650462}, "datetime": {"datetime": "2021-09-28 19:42:25", "elapsed": 145.687623, "delta": 1.241187}}
{"target": -35.189906797729016, "params": {"C": 10444.383024174142, "gamma": 0.06070332044034016}, "datetime": {"datetime": "2021-09-28 19:42:26", "elapsed": 146.570622, "delta": 0.882999}}
{"target": -34.717956797335646, "params": {"C": 11730.038183894168, "gamma": 0.0350330828651581}, "datetime": {"datetime": "2021-09-28 19:42:27", "elapsed": 147.521782, "delta": 0.95116}}
{"target": -35.66815690732805, "params": {"C": 13519.60942209322, "gamma": 0.07587115812232983}, "datetime": {"datetime": "2021-09-28 19:42:28", "elapsed": 148.579423, "delta": 1.057641}}
{"target": -35.32347981606432, "params": {"C": 9270.5897876335, "gamma": 0.06947608708886233}, "datetime": {"datetime": "2021-09-28 19:42:29", "elapsed": 149.658105, "delta": 1.078682}}
{"target": -35.8531184331287, "params": {"C": 10886.83368334318, "gamma": 0.0071249256149967365}, "datetime": {"datetime": "2021-09-28 19:42:30", "elapsed": 150.637169, "delta": 0.979064}}
{"target": -34.69096263968384, "params": {"C": 12561.67801379841, "gamma": 0.03316477164663843}, "datetime": {"datetime": "2021-09-28 19:42:31", "elapsed": 151.520509, "delta": 0.88334}}
{"target": -35.115749184669035, "params": {"C": 9547.72037206404, "gamma": 0.014181000226115958}, "datetime": {"datetime": "2021-09-28 19:42:32", "elapsed": 152.670678, "delta": 1.150169}}
{"target": -35.17132526242644, "params": {"C": 10973.48284872766, "gamma": 0.05914087474929255}, "datetime": {"datetime": "2021-09-28 19:42:33", "elapsed": 153.741961, "delta": 1.071283}}
{"target": -35.01940204870336, "params": {"C": 11971.220534661177, "gamma": 0.050615911041410465}, "datetime": {"datetime": "2021-09-28 19:42:34", "elapsed": 154.74753, "delta": 1.005569}}
{"target": -34.724326805406925, "params": {"C": 10620.140809168965, "gamma": 0.0356885687759616}, "datetime": {"datetime": "2021-09-28 19:42:35", "elapsed": 155.796905, "delta": 1.049375}}
{"target": -35.15157994091446, "params": {"C": 13532.6341143742, "gamma": 0.012278492208859713}, "datetime": {"datetime": "2021-09-28 19:42:37", "elapsed": 156.963087, "delta": 1.166182}}
{"target": -35.572453821657234, "params": {"C": 12504.528239874942, "gamma": 0.07438547064892498}, "datetime": {"datetime": "2021-09-28 19:42:38", "elapsed": 158.039931, "delta": 1.076844}}
{"target": -35.04571710312962, "params": {"C": 12898.459190677971, "gamma": 0.013438088413466855}, "datetime": {"datetime": "2021-09-28 19:42:39", "elapsed": 159.044118, "delta": 1.004187}}
{"target": -35.13070434757354, "params": {"C": 12708.840791365132, "gamma": 0.055475859574753456}, "datetime": {"datetime": "2021-09-28 19:42:40", "elapsed": 160.630118, "delta": 1.586}}
{"target": -35.89999304644722, "params": {"C": 12748.14600094544, "gamma": 0.006626811268599542}, "datetime": {"datetime": "2021-09-28 19:42:41", "elapsed": 161.766946, "delta": 1.136828}}
{"target": -35.15981136799219, "params": {"C": 12124.61060760287, "gamma": 0.05742672953488737}, "datetime": {"datetime": "2021-09-28 19:42:42", "elapsed": 162.787262, "delta": 1.020316}}
{"target": -35.206659877327766, "params": {"C": 12272.526076766393, "gamma": 0.05964225024313507}, "datetime": {"datetime": "2021-09-28 19:42:43", "elapsed": 163.747644, "delta": 0.960382}}
{"target": -34.796447250477314, "params": {"C": 12155.332065665378, "gamma": 0.03932239590243249}, "datetime": {"datetime": "2021-09-28 19:42:45", "elapsed": 165.100776, "delta": 1.353132}}
{"target": -34.6253461178348, "params": {"C": 13290.008062169014, "gamma": 0.02048988607910124}, "datetime": {"datetime": "2021-09-28 19:42:46", "elapsed": 166.062292, "delta": 0.961516}}
{"target": -35.1887110518634, "params": {"C": 10974.049104015023, "gamma": 0.060061728000194874}, "datetime": {"datetime": "2021-09-28 19:42:47", "elapsed": 167.027713, "delta": 0.965421}}
{"target": -34.69119963998087, "params": {"C": 12741.649857812476, "gamma": 0.033150097104101016}, "datetime": {"datetime": "2021-09-28 19:42:48", "elapsed": 168.664411, "delta": 1.636698}}
{"target": -36.00385586466092, "params": {"C": 10753.997156427686, "gamma": 0.005981525419016904}, "datetime": {"datetime": "2021-09-28 19:42:50", "elapsed": 170.221536, "delta": 1.557125}}
{"target": -36.20271320768185, "params": {"C": 9689.93293173535, "gamma": 0.003916310864893623}, "datetime": {"datetime": "2021-09-28 19:42:51", "elapsed": 171.20479, "delta": 0.983254}}
{"target": -35.0519056422999, "params": {"C": 9680.402007619696, "gamma": 0.05397799287584345}, "datetime": {"datetime": "2021-09-28 19:42:52", "elapsed": 172.209794, "delta": 1.005004}}
{"target": -35.87001982789972, "params": {"C": 11084.530732634177, "gamma": 0.00697261543141396}, "datetime": {"datetime": "2021-09-28 19:42:53", "elapsed": 173.144726, "delta": 0.934932}}
{"target": -35.09605086802821, "params": {"C": 13225.547483595328, "gamma": 0.012865110076049072}, "datetime": {"datetime": "2021-09-28 19:42:54", "elapsed": 174.150732, "delta": 1.006006}}
{"target": -34.69851800449037, "params": {"C": 10893.564678968729, "gamma": 0.020641212851476395}, "datetime": {"datetime": "2021-09-28 19:42:55", "elapsed": 175.139926, "delta": 0.989194}}
{"target": -35.19477603239639, "params": {"C": 10495.086269472684, "gamma": 0.06091216327932252}, "datetime": {"datetime": "2021-09-28 19:42:56", "elapsed": 176.667928, "delta": 1.528002}}
{"target": -35.58511096734993, "params": {"C": 12991.76494479228, "gamma": 0.07396011702373118}, "datetime": {"datetime": "2021-09-28 19:42:57", "elapsed": 177.645784, "delta": 0.977856}}
{"target": -35.04242979998905, "params": {"C": 10630.843073396016, "gamma": 0.05272512225162715}, "datetime": {"datetime": "2021-09-28 19:42:58", "elapsed": 178.58778, "delta": 0.941996}}
{"target": -34.84753806265748, "params": {"C": 10483.838678726606, "gamma": 0.04272780567559614}, "datetime": {"datetime": "2021-09-28 19:42:59", "elapsed": 179.750257, "delta": 1.162477}}
{"target": -35.358680502469966, "params": {"C": 10403.072409141041, "gamma": 0.011337082663744755}, "datetime": {"datetime": "2021-09-28 19:43:00", "elapsed": 180.727262, "delta": 0.977005}}
{"target": -35.53356993113319, "params": {"C": 11077.009601507205, "gamma": 0.07572064000310141}, "datetime": {"datetime": "2021-09-28 19:43:02", "elapsed": 181.954474, "delta": 1.227212}}
{"target": -35.475413092017156, "params": {"C": 12484.302449264893, "gamma": 0.07114814624873918}, "datetime": {"datetime": "2021-09-28 19:43:03", "elapsed": 183.297525, "delta": 1.343051}}
{"target": -34.62894381320382, "params": {"C": 10576.130383451353, "gamma": 0.026427691743471995}, "datetime": {"datetime": "2021-09-28 19:43:04", "elapsed": 184.300075, "delta": 1.00255}}
{"target": -34.664258554664336, "params": {"C": 10854.83002173798, "gamma": 0.022378609842682123}, "datetime": {"datetime": "2021-09-28 19:43:05", "elapsed": 185.394217, "delta": 1.094142}}
{"target": -35.83839909415055, "params": {"C": 9588.886305626565, "gamma": 0.007362129193258823}, "datetime": {"datetime": "2021-09-28 19:43:06", "elapsed": 186.501214, "delta": 1.106997}}
{"target": -35.39572906563123, "params": {"C": 10881.998300705363, "gamma": 0.07106456663841582}, "datetime": {"datetime": "2021-09-28 19:43:07", "elapsed": 187.588174, "delta": 1.08696}}
{"target": -35.29832515319421, "params": {"C": 12910.866399789204, "gamma": 0.011194966438702002}, "datetime": {"datetime": "2021-09-28 19:43:08", "elapsed": 188.864172, "delta": 1.275998}}
{"target": -34.59406004343595, "params": {"C": 13496.62844718965, "gamma": 0.022019790200984417}, "datetime": {"datetime": "2021-09-28 19:43:09", "elapsed": 189.934175, "delta": 1.070003}}
{"target": -35.237533233532425, "params": {"C": 12291.40498252878, "gamma": 0.06119543004649601}, "datetime": {"datetime": "2021-09-28 19:43:10", "elapsed": 190.900177, "delta": 0.966002}}
{"target": -34.79305395294091, "params": {"C": 10484.859618874978, "gamma": 0.039741038273107834}, "datetime": {"datetime": "2021-09-28 19:43:12", "elapsed": 192.349549, "delta": 1.449372}}
{"target": -35.22572693110319, "params": {"C": 9297.369459037653, "gamma": 0.06412854937152382}, "datetime": {"datetime": "2021-09-28 19:43:13", "elapsed": 193.69769, "delta": 1.348141}}
{"target": -34.780028205604836, "params": {"C": 11478.029179356326, "gamma": 0.038673918863507524}, "datetime": {"datetime": "2021-09-28 19:43:14", "elapsed": 194.787686, "delta": 1.089996}}
{"target": -35.113425324571566, "params": {"C": 12404.634808416147, "gamma": 0.05488710075067454}, "datetime": {"datetime": "2021-09-28 19:43:16", "elapsed": 196.100904, "delta": 1.313218}}
{"target": -34.76120516889599, "params": {"C": 9417.290768218554, "gamma": 0.038364474011370206}, "datetime": {"datetime": "2021-09-28 19:43:17", "elapsed": 197.254075, "delta": 1.153171}}
{"target": -35.57272228007097, "params": {"C": 13801.123523510596, "gamma": 0.07220814271383331}, "datetime": {"datetime": "2021-09-28 19:43:18", "elapsed": 198.6027, "delta": 1.348625}}
{"target": -34.98484121689406, "params": {"C": 13668.786729570607, "gamma": 0.013744450370436742}, "datetime": {"datetime": "2021-09-28 19:43:19", "elapsed": 199.662035, "delta": 1.059335}}
{"target": -34.70696485393664, "params": {"C": 10366.347454854722, "gamma": 0.034620401529921685}, "datetime": {"datetime": "2021-09-28 19:43:20", "elapsed": 200.873091, "delta": 1.211056}}
{"target": -34.67645607651611, "params": {"C": 9441.723282798055, "gamma": 0.03261382840728585}, "datetime": {"datetime": "2021-09-28 19:43:21", "elapsed": 201.930303, "delta": 1.057212}}
{"target": -34.775323978892125, "params": {"C": 13049.06630048919, "gamma": 0.03792739738365325}, "datetime": {"datetime": "2021-09-28 19:43:23", "elapsed": 202.949945, "delta": 1.019642}}
{"target": -35.16357935881542, "params": {"C": 13900.93036570778, "gamma": 0.05603905973563997}, "datetime": {"datetime": "2021-09-28 19:43:24", "elapsed": 204.440504, "delta": 1.490559}}
{"target": -36.299781830363095, "params": {"C": 11462.90406171817, "gamma": 0.0030023369492434525}, "datetime": {"datetime": "2021-09-28 19:43:25", "elapsed": 205.552147, "delta": 1.111643}}
{"target": -35.292291657835264, "params": {"C": 12943.244966689677, "gamma": 0.06327403648258503}, "datetime": {"datetime": "2021-09-28 19:43:26", "elapsed": 206.586153, "delta": 1.034006}}
{"target": -34.603568837542156, "params": {"C": 11680.184489848492, "gamma": 0.025624335235776834}, "datetime": {"datetime": "2021-09-28 19:43:28", "elapsed": 208.052152, "delta": 1.465999}}
{"target": -35.69625699973197, "params": {"C": 12882.09781885046, "gamma": 0.008057766920947229}, "datetime": {"datetime": "2021-09-28 19:43:29", "elapsed": 209.521104, "delta": 1.468952}}
{"target": -35.003542331659695, "params": {"C": 13593.834232772939, "gamma": 0.04884143784419492}, "datetime": {"datetime": "2021-09-28 19:43:30", "elapsed": 210.84511, "delta": 1.324006}}
{"target": -35.109880060334774, "params": {"C": 12516.99026039481, "gamma": 0.05462245798503643}, "datetime": {"datetime": "2021-09-28 19:43:32", "elapsed": 212.052408, "delta": 1.207298}}
{"target": -34.64058134002851, "params": {"C": 12823.016149887482, "gamma": 0.020325638461856397}, "datetime": {"datetime": "2021-09-28 19:43:33", "elapsed": 213.496864, "delta": 1.444456}}
{"target": -35.393915146256546, "params": {"C": 12703.475024096992, "gamma": 0.06767534136227331}, "datetime": {"datetime": "2021-09-28 19:43:34", "elapsed": 214.89486, "delta": 1.397996}}
{"target": -35.38806806449692, "params": {"C": 9341.67191656309, "gamma": 0.0726192576848811}, "datetime": {"datetime": "2021-09-28 19:43:36", "elapsed": 216.111437, "delta": 1.216577}}
{"target": -34.936217222949836, "params": {"C": 9572.089484926333, "gamma": 0.047862594032830184}, "datetime": {"datetime": "2021-09-28 19:43:37", "elapsed": 217.273642, "delta": 1.162205}}
{"target": -35.223613897048835, "params": {"C": 11273.688134958671, "gamma": 0.06159049966936605}, "datetime": {"datetime": "2021-09-28 19:43:38", "elapsed": 218.456308, "delta": 1.182666}}
{"target": -34.60477108242817, "params": {"C": 13265.199457619792, "gamma": 0.02700525662750726}, "datetime": {"datetime": "2021-09-28 19:43:39", "elapsed": 219.564832, "delta": 1.108524}}
{"target": -34.94796579329104, "params": {"C": 13158.150078195356, "gamma": 0.046498346636506545}, "datetime": {"datetime": "2021-09-28 19:43:40", "elapsed": 220.704834, "delta": 1.140002}}
{"target": -34.89561336212687, "params": {"C": 10765.914873886682, "gamma": 0.04511507021398547}, "datetime": {"datetime": "2021-09-28 19:43:42", "elapsed": 222.26905, "delta": 1.564216}}
{"target": -34.84140295681808, "params": {"C": 10022.3380344268, "gamma": 0.04260623841829938}, "datetime": {"datetime": "2021-09-28 19:43:43", "elapsed": 223.430288, "delta": 1.161238}}
{"target": -35.42056852055082, "params": {"C": 10211.403226296758, "gamma": 0.07320064173574406}, "datetime": {"datetime": "2021-09-28 19:43:44", "elapsed": 224.580286, "delta": 1.149998}}
{"target": -34.64419588575073, "params": {"C": 12181.158141436254, "gamma": 0.02114788550228577}, "datetime": {"datetime": "2021-09-28 19:43:46", "elapsed": 225.986717, "delta": 1.406431}}
{"target": -35.30285165732469, "params": {"C": 12417.5317877252, "gamma": 0.06444277603902376}, "datetime": {"datetime": "2021-09-28 19:43:47", "elapsed": 227.128222, "delta": 1.141505}}
{"target": -34.67859033736428, "params": {"C": 10028.159987996773, "gamma": 0.03279402491041226}, "datetime": {"datetime": "2021-09-28 19:43:48", "elapsed": 228.310226, "delta": 1.182004}}
{"target": -34.99118216916794, "params": {"C": 12821.270963869138, "gamma": 0.04872297338011166}, "datetime": {"datetime": "2021-09-28 19:43:49", "elapsed": 229.403053, "delta": 1.092827}}
{"target": -35.52883417310236, "params": {"C": 10923.249925285074, "gamma": 0.07580928305177478}, "datetime": {"datetime": "2021-09-28 19:43:50", "elapsed": 230.879014, "delta": 1.475961}}
{"target": -35.103056510021666, "params": {"C": 10767.426234023174, "gamma": 0.05575799759081964}, "datetime": {"datetime": "2021-09-28 19:43:52", "elapsed": 232.514813, "delta": 1.635799}}
{"target": -34.684291048422686, "params": {"C": 10584.33154408076, "gamma": 0.03307046923657711}, "datetime": {"datetime": "2021-09-28 19:43:53", "elapsed": 233.854029, "delta": 1.339216}}
{"target": -34.72130680520569, "params": {"C": 11446.903841209425, "gamma": 0.01876352583524787}, "datetime": {"datetime": "2021-09-28 19:43:55", "elapsed": 235.036031, "delta": 1.182002}}
{"target": -35.17703265431969, "params": {"C": 11542.229476296961, "gamma": 0.05886307060804206}, "datetime": {"datetime": "2021-09-28 19:43:56", "elapsed": 236.175215, "delta": 1.139184}}
{"target": -34.82235946098955, "params": {"C": 9058.6887916748, "gamma": 0.04196658102717065}, "datetime": {"datetime": "2021-09-28 19:43:57", "elapsed": 237.814486, "delta": 1.639271}}
{"target": -34.65996469411284, "params": {"C": 9283.29539278093, "gamma": 0.028301577717491498}, "datetime": {"datetime": "2021-09-28 19:43:59", "elapsed": 238.975477, "delta": 1.160991}}
{"target": -34.6619888534835, "params": {"C": 13105.052662212176, "gamma": 0.031205562475621864}, "datetime": {"datetime": "2021-09-28 19:44:00", "elapsed": 240.563497, "delta": 1.58802}}
{"target": -34.648468660244994, "params": {"C": 9812.139627219663, "gamma": 0.0272277888504985}, "datetime": {"datetime": "2021-09-28 19:44:01", "elapsed": 241.817004, "delta": 1.253507}}
{"target": -34.666496539949605, "params": {"C": 13624.644998260337, "gamma": 0.017971781071169052}, "datetime": {"datetime": "2021-09-28 19:44:03", "elapsed": 243.014655, "delta": 1.197651}}
{"target": -35.606666711359445, "params": {"C": 13478.1245908657, "gamma": 0.008583296932110959}, "datetime": {"datetime": "2021-09-28 19:44:04", "elapsed": 244.291881, "delta": 1.277226}}
{"target": -35.15975352487101, "params": {"C": 10080.474566680152, "gamma": 0.05945193734714025}, "datetime": {"datetime": "2021-09-28 19:44:05", "elapsed": 245.524207, "delta": 1.232326}}
{"target": -34.80271153800369, "params": {"C": 12715.93469198628, "gamma": 0.03945810905516056}, "datetime": {"datetime": "2021-09-28 19:44:06", "elapsed": 246.761206, "delta": 1.236999}}
{"target": -35.49946144161918, "params": {"C": 13192.222798367133, "gamma": 0.07079192151355972}, "datetime": {"datetime": "2021-09-28 19:44:08", "elapsed": 247.991162, "delta": 1.229956}}
{"target": -35.47902656489885, "params": {"C": 12465.053356597333, "gamma": 0.009761600360093593}, "datetime": {"datetime": "2021-09-28 19:44:09", "elapsed": 249.728387, "delta": 1.737225}}
{"target": -34.62362346954875, "params": {"C": 12901.139639866942, "gamma": 0.021199130334404882}, "datetime": {"datetime": "2021-09-28 19:44:10", "elapsed": 250.864386, "delta": 1.135999}}
{"target": -35.21401362075515, "params": {"C": 12413.58806518461, "gamma": 0.012075550210041978}, "datetime": {"datetime": "2021-09-28 19:44:12", "elapsed": 252.070174, "delta": 1.205788}}
{"target": -34.72914332839113, "params": {"C": 9982.679985127652, "gamma": 0.036158205736199704}, "datetime": {"datetime": "2021-09-28 19:44:13", "elapsed": 253.278258, "delta": 1.208084}}
{"target": -35.29237335719406, "params": {"C": 10296.255317798223, "gamma": 0.06664338092936961}, "datetime": {"datetime": "2021-09-28 19:44:14", "elapsed": 254.922259, "delta": 1.644001}}
{"target": -34.94214333282848, "params": {"C": 11423.150662424227, "gamma": 0.04713368898232612}, "datetime": {"datetime": "2021-09-28 19:44:16", "elapsed": 256.157285, "delta": 1.235026}}
{"target": -35.501967097159124, "params": {"C": 9242.743324133828, "gamma": 0.07731442625216872}, "datetime": {"datetime": "2021-09-28 19:44:17", "elapsed": 257.758688, "delta": 1.601403}}
{"target": -34.63244487010183, "params": {"C": 10866.018325516421, "gamma": 0.028687097800087016}, "datetime": {"datetime": "2021-09-28 19:44:19", "elapsed": 258.998696, "delta": 1.240008}}
{"target": -34.67670672914262, "params": {"C": 9157.435018755688, "gamma": 0.03235056922566321}, "datetime": {"datetime": "2021-09-28 19:44:20", "elapsed": 260.281091, "delta": 1.282395}}
{"target": -34.6824812245393, "params": {"C": 9265.131872814438, "gamma": 0.03312521044019125}, "datetime": {"datetime": "2021-09-28 19:44:21", "elapsed": 261.573279, "delta": 1.292188}}
{"target": -35.080825535954204, "params": {"C": 12776.176791935397, "gamma": 0.05301852214699633}, "datetime": {"datetime": "2021-09-28 19:44:23", "elapsed": 263.31834, "delta": 1.745061}}
{"target": -34.623777231027994, "params": {"C": 13688.60733361015, "gamma": 0.028547038921739983}, "datetime": {"datetime": "2021-09-28 19:44:25", "elapsed": 265.364612, "delta": 2.046272}}
{"target": -34.76734368717608, "params": {"C": 9283.337082429141, "gamma": 0.02053629504791519}, "datetime": {"datetime": "2021-09-28 19:44:26", "elapsed": 266.640572, "delta": 1.27596}}
