{"target": -41.94059619187588, "params": {"C": 1892.8955676487244, "gamma": 0.026541781488128524}, "datetime": {"datetime": "2021-09-29 17:28:55", "elapsed": 178.815452, "delta": 1.366001}}
{"target": -41.51660988138473, "params": {"C": 1892.7320282609667, "gamma": 0.005480743227806459}, "datetime": {"datetime": "2021-09-29 17:28:57", "elapsed": 180.914448, "delta": 2.098996}}
{"target": -42.970273563250494, "params": {"C": 4587.501474591712, "gamma": 0.0316613411535481}, "datetime": {"datetime": "2021-09-29 17:28:59", "elapsed": 182.494922, "delta": 1.580474}}
{"target": -42.45472448391854, "params": {"C": 4799.96707587403, "gamma": 0.02052731627393762}, "datetime": {"datetime": "2021-09-29 17:29:00", "elapsed": 183.527567, "delta": 1.032645}}
{"target": -43.394696389568956, "params": {"C": 1731.2335412266177, "gamma": 0.07236576765446297}, "datetime": {"datetime": "2021-09-29 17:29:01", "elapsed": 185.169565, "delta": 1.641998}}
{"target": -42.282911549694674, "params": {"C": 1892.6802990862086, "gamma": 0.03603807628409253}, "datetime": {"datetime": "2021-09-29 17:29:03", "elapsed": 186.42881, "delta": 1.259245}}
{"target": -43.27811204648711, "params": {"C": 1677.011186030009, "gamma": 0.06889925387107747}, "datetime": {"datetime": "2021-09-29 17:29:04", "elapsed": 188.167554, "delta": 1.738744}}
{"target": -41.861600661516285, "params": {"C": 1343.0440347207445, "gamma": 0.026799308682296477}, "datetime": {"datetime": "2021-09-29 17:29:06", "elapsed": 189.697258, "delta": 1.529704}}
{"target": -42.79930681956874, "params": {"C": 1892.9410283942887, "gamma": 0.05104034130636933}, "datetime": {"datetime": "2021-09-29 17:29:09", "elapsed": 192.665394, "delta": 2.968136}}
{"target": -41.75156216365817, "params": {"C": 2598.918418958341, "gamma": 0.0173201840964982}, "datetime": {"datetime": "2021-09-29 17:29:10", "elapsed": 194.230757, "delta": 1.565363}}
{"target": -43.638091967917994, "params": {"C": 1343.0727964819114, "gamma": 0.08569957292531878}, "datetime": {"datetime": "2021-09-29 17:29:12", "elapsed": 195.555047, "delta": 1.32429}}
{"target": -42.957068493583144, "params": {"C": 2989.3390516401682, "gamma": 0.04393852635523199}, "datetime": {"datetime": "2021-09-29 17:29:14", "elapsed": 197.503352, "delta": 1.948305}}
{"target": -41.64922154662464, "params": {"C": 1892.809706592339, "gamma": 0.0184748315971155}, "datetime": {"datetime": "2021-09-29 17:29:15", "elapsed": 199.256349, "delta": 1.752997}}
{"target": -44.03723788769918, "params": {"C": 3660.6360435486927, "gamma": 0.06523108477079814}, "datetime": {"datetime": "2021-09-29 17:29:17", "elapsed": 200.795834, "delta": 1.539485}}
{"target": -43.433579311659535, "params": {"C": 1892.8030405615673, "gamma": 0.07161445640556321}, "datetime": {"datetime": "2021-09-29 17:29:19", "elapsed": 202.781578, "delta": 1.985744}}
{"target": -42.58695899945749, "params": {"C": 1343.3264317627688, "gamma": 0.04885189882593569}, "datetime": {"datetime": "2021-09-29 17:29:22", "elapsed": 205.805734, "delta": 3.024156}}
{"target": -42.68861519695415, "params": {"C": 2441.3809072518093, "gamma": 0.04222353941558677}, "datetime": {"datetime": "2021-09-29 17:29:24", "elapsed": 207.366976, "delta": 1.561242}}
{"target": -45.12990084508783, "params": {"C": 4799.896111893534, "gamma": 0.08021160188249286}, "datetime": {"datetime": "2021-09-29 17:29:25", "elapsed": 208.839922, "delta": 1.472946}}
{"target": -44.1136646710591, "params": {"C": 2598.9430839313895, "gamma": 0.0843988695381895}, "datetime": {"datetime": "2021-09-29 17:29:27", "elapsed": 210.55538, "delta": 1.715458}}
{"target": -42.93219732333147, "params": {"C": 3416.76515760405, "gamma": 0.0393656826648123}, "datetime": {"datetime": "2021-09-29 17:29:28", "elapsed": 211.921456, "delta": 1.366076}}
{"target": -41.68863649998528, "params": {"C": 2182.086674730758, "gamma": 0.018062072487605232}, "datetime": {"datetime": "2021-09-29 17:29:30", "elapsed": 213.354457, "delta": 1.433001}}
{"target": -42.92635684849142, "params": {"C": 2062.218056897552, "gamma": 0.05305886972579594}, "datetime": {"datetime": "2021-09-29 17:29:32", "elapsed": 215.322813, "delta": 1.968356}}
{"target": -42.44568512871204, "params": {"C": 1688.6648551063345, "gamma": 0.04236550059261582}, "datetime": {"datetime": "2021-09-29 17:29:33", "elapsed": 216.891607, "delta": 1.568794}}
{"target": -42.571078685328715, "params": {"C": 2598.860057623553, "gamma": 0.03757132666193917}, "datetime": {"datetime": "2021-09-29 17:29:35", "elapsed": 218.608871, "delta": 1.717264}}
{"target": -42.73458664699628, "params": {"C": 1162.3961272036117, "gamma": 0.05392955226192117}, "datetime": {"datetime": "2021-09-29 17:29:36", "elapsed": 220.173301, "delta": 1.56443}}
{"target": -44.4258203155147, "params": {"C": 4424.48278143049, "gamma": 0.06622805170359297}, "datetime": {"datetime": "2021-09-29 17:29:38", "elapsed": 221.43779, "delta": 1.264489}}
{"target": -41.717992475442465, "params": {"C": 1202.6145501181525, "gamma": 0.007271326804426367}, "datetime": {"datetime": "2021-09-29 17:29:40", "elapsed": 223.423307, "delta": 1.985517}}
{"target": -43.25269100619143, "params": {"C": 2182.1376523230592, "gamma": 0.061686537594130224}, "datetime": {"datetime": "2021-09-29 17:29:41", "elapsed": 224.930751, "delta": 1.507444}}
{"target": -41.58216209462278, "params": {"C": 1892.54499250577, "gamma": 0.016526383686066626}, "datetime": {"datetime": "2021-09-29 17:29:43", "elapsed": 226.71032, "delta": 1.779569}}
{"target": -44.00295781180855, "params": {"C": 2182.060751143701, "gamma": 0.08808961323641305}, "datetime": {"datetime": "2021-09-29 17:29:45", "elapsed": 228.762634, "delta": 2.052314}}
{"target": -43.19662258355134, "params": {"C": 1456.4667759483568, "gamma": 0.06823162349682602}, "datetime": {"datetime": "2021-09-29 17:29:47", "elapsed": 230.434982, "delta": 1.672348}}
{"target": -42.2399273845983, "params": {"C": 3999.190809468494, "gamma": 0.020169096261996748}, "datetime": {"datetime": "2021-09-29 17:29:48", "elapsed": 231.880349, "delta": 1.445367}}
{"target": -43.015285204528176, "params": {"C": 1202.411502394615, "gamma": 0.06322974829361598}, "datetime": {"datetime": "2021-09-29 17:29:50", "elapsed": 233.352352, "delta": 1.472003}}
{"target": -41.786586476780734, "params": {"C": 1695.391804320073, "gamma": 0.023368919767163}, "datetime": {"datetime": "2021-09-29 17:29:51", "elapsed": 234.636575, "delta": 1.284223}}
{"target": -41.54690097078902, "params": {"C": 1892.7560795311597, "gamma": 0.015454699109644724}, "datetime": {"datetime": "2021-09-29 17:29:53", "elapsed": 237.024787, "delta": 2.388212}}
{"target": -42.37036377125363, "params": {"C": 1892.5173276542187, "gamma": 0.0385098631499572}, "datetime": {"datetime": "2021-09-29 17:29:55", "elapsed": 238.676883, "delta": 1.652096}}
{"target": -43.30832477812408, "params": {"C": 1751.3313225382153, "gamma": 0.06907430249301329}, "datetime": {"datetime": "2021-09-29 17:29:57", "elapsed": 240.377973, "delta": 1.70109}}
{"target": -41.56407079145749, "params": {"C": 1892.5811464944675, "gamma": 0.015982178565951834}, "datetime": {"datetime": "2021-09-29 17:30:00", "elapsed": 244.070042, "delta": 3.692069}}
{"target": -41.83515709408085, "params": {"C": 1695.3398098797754, "gamma": 0.024769056105295707}, "datetime": {"datetime": "2021-09-29 17:30:02", "elapsed": 245.831041, "delta": 1.760999}}
{"target": -43.466381589887085, "params": {"C": 1695.266797567597, "gamma": 0.07541330331591553}, "datetime": {"datetime": "2021-09-29 17:30:04", "elapsed": 247.778638, "delta": 1.947597}}
{"target": -44.72151085984013, "params": {"C": 4711.757261478782, "gamma": 0.07041605935785085}, "datetime": {"datetime": "2021-09-29 17:30:06", "elapsed": 249.955226, "delta": 2.176588}}
{"target": -43.49651081063849, "params": {"C": 1695.3572514912348, "gamma": 0.07652254631016792}, "datetime": {"datetime": "2021-09-29 17:30:08", "elapsed": 251.751888, "delta": 1.796662}}
{"target": -43.17305827251919, "params": {"C": 1149.705701552313, "gamma": 0.0687623160745087}, "datetime": {"datetime": "2021-09-29 17:30:12", "elapsed": 256.050248, "delta": 4.29836}}
{"target": -41.70171532227841, "params": {"C": 2151.067502899172, "gamma": 0.0035236785313686987}, "datetime": {"datetime": "2021-09-29 17:30:14", "elapsed": 257.879193, "delta": 1.828945}}
{"target": -41.561878547703095, "params": {"C": 1343.0995532649752, "gamma": 0.016259803190665986}, "datetime": {"datetime": "2021-09-29 17:30:16", "elapsed": 259.536751, "delta": 1.657558}}
{"target": -42.614027054614, "params": {"C": 3999.097356884875, "gamma": 0.02779466952729038}, "datetime": {"datetime": "2021-09-29 17:30:18", "elapsed": 262.275201, "delta": 2.73845}}
{"target": -42.49667834195856, "params": {"C": 1676.289722847062, "gamma": 0.0023309509341058704}, "datetime": {"datetime": "2021-09-29 17:30:20", "elapsed": 263.720199, "delta": 1.444998}}
{"target": -42.81878119964874, "params": {"C": 3184.0305471153356, "gamma": 0.03860923756018068}, "datetime": {"datetime": "2021-09-29 17:30:22", "elapsed": 265.336827, "delta": 1.616628}}
{"target": -43.78135217535613, "params": {"C": 2062.0231302801394, "gamma": 0.08168123422134024}, "datetime": {"datetime": "2021-09-29 17:30:23", "elapsed": 266.910043, "delta": 1.573216}}
{"target": -42.5268365317497, "params": {"C": 3999.2892694302136, "gamma": 0.025953379350958615}, "datetime": {"datetime": "2021-09-29 17:30:26", "elapsed": 269.333664, "delta": 2.423621}}
{"target": -42.03935977096271, "params": {"C": 1676.416099681814, "gamma": 0.03071448970014337}, "datetime": {"datetime": "2021-09-29 17:30:28", "elapsed": 271.643003, "delta": 2.309339}}
{"target": -41.51221012834457, "params": {"C": 1731.3451107472574, "gamma": 0.006229286342185418}, "datetime": {"datetime": "2021-09-29 17:30:30", "elapsed": 273.832683, "delta": 2.18968}}
{"target": -42.92607083607102, "params": {"C": 1892.5563957917877, "gamma": 0.05492331660104317}, "datetime": {"datetime": "2021-09-29 17:30:34", "elapsed": 277.922657, "delta": 4.089974}}
{"target": -41.423466777273056, "params": {"C": 1731.8432175461078, "gamma": 0.0090994133361075}, "datetime": {"datetime": "2021-09-29 17:30:36", "elapsed": 279.600943, "delta": 1.678286}}
{"target": -43.58680957884129, "params": {"C": 3376.9764277289414, "gamma": 0.05641818404732624}, "datetime": {"datetime": "2021-09-29 17:30:37", "elapsed": 281.191137, "delta": 1.590194}}
{"target": -42.53227714364517, "params": {"C": 2296.1126473351715, "gamma": 0.03935836431538468}, "datetime": {"datetime": "2021-09-29 17:30:39", "elapsed": 283.135133, "delta": 1.943996}}
{"target": -42.510528650936806, "params": {"C": 1731.9126891254232, "gamma": 0.043924586217312704}, "datetime": {"datetime": "2021-09-29 17:30:41", "elapsed": 285.214559, "delta": 2.079426}}
{"target": -44.726243510147164, "params": {"C": 3803.6225918999535, "gamma": 0.08358339502734283}, "datetime": {"datetime": "2021-09-29 17:30:43", "elapsed": 286.75944, "delta": 1.544881}}
{"target": -44.06669318570845, "params": {"C": 3999.3923717942016, "gamma": 0.06190101074118428}, "datetime": {"datetime": "2021-09-29 17:30:45", "elapsed": 288.622001, "delta": 1.862561}}
{"target": -42.473187304120074, "params": {"C": 1342.959326146707, "gamma": 0.045336272393532405}, "datetime": {"datetime": "2021-09-29 17:30:48", "elapsed": 291.43945, "delta": 2.817449}}
{"target": -41.426494513743926, "params": {"C": 2598.9764565201904, "gamma": 0.004827029226060835}, "datetime": {"datetime": "2021-09-29 17:30:50", "elapsed": 293.660148, "delta": 2.220698}}
{"target": -42.30504707947271, "params": {"C": 1695.4992807460158, "gamma": 0.03821158067931438}, "datetime": {"datetime": "2021-09-29 17:30:52", "elapsed": 295.359301, "delta": 1.699153}}
{"target": -44.07121480258683, "params": {"C": 3618.020861413115, "gamma": 0.06673400027786865}, "datetime": {"datetime": "2021-09-29 17:30:53", "elapsed": 296.619246, "delta": 1.259945}}
{"target": -43.75859108846629, "params": {"C": 4800.038008444162, "gamma": 0.046985852330223205}, "datetime": {"datetime": "2021-09-29 17:30:55", "elapsed": 298.667828, "delta": 2.048582}}
{"target": -42.44389707034628, "params": {"C": 4432.0064497352105, "gamma": 0.021988441233258556}, "datetime": {"datetime": "2021-09-29 17:30:56", "elapsed": 299.915824, "delta": 1.247996}}
{"target": -41.406939464746486, "params": {"C": 1892.8483650921876, "gamma": 0.008323909977356651}, "datetime": {"datetime": "2021-09-29 17:30:58", "elapsed": 301.570097, "delta": 1.654273}}
{"target": -41.458927976266615, "params": {"C": 1688.7822729060242, "gamma": 0.007583343327466504}, "datetime": {"datetime": "2021-09-29 17:31:00", "elapsed": 304.082235, "delta": 2.512138}}
{"target": -42.019900390954724, "params": {"C": 1688.831702081425, "gamma": 0.03008239309343328}, "datetime": {"datetime": "2021-09-29 17:31:03", "elapsed": 306.747444, "delta": 2.665209}}
{"target": -42.40503891735842, "params": {"C": 1202.6507955500706, "gamma": 0.043541023138414923}, "datetime": {"datetime": "2021-09-29 17:31:05", "elapsed": 308.695058, "delta": 1.947614}}
{"target": -42.98407569995632, "params": {"C": 1544.321606095757, "gamma": 0.06026056328667822}, "datetime": {"datetime": "2021-09-29 17:31:06", "elapsed": 309.923657, "delta": 1.228599}}
{"target": -41.38205413716579, "params": {"C": 2667.6245861073417, "gamma": 0.006540131921615954}, "datetime": {"datetime": "2021-09-29 17:31:07", "elapsed": 311.264246, "delta": 1.340589}}
{"target": -42.387979203396355, "params": {"C": 2667.6787543686028, "gamma": 0.03224234925878223}, "datetime": {"datetime": "2021-09-29 17:31:09", "elapsed": 313.040577, "delta": 1.776331}}
{"target": -43.23963706456914, "params": {"C": 1675.8822419712374, "gamma": 0.06757686888352026}, "datetime": {"datetime": "2021-09-29 17:31:11", "elapsed": 315.16098, "delta": 2.120403}}
{"target": -41.973633420344925, "params": {"C": 1751.6406094029717, "gamma": 0.028378612550686924}, "datetime": {"datetime": "2021-09-29 17:31:14", "elapsed": 317.521002, "delta": 2.360022}}
{"target": -44.916579694527115, "params": {"C": 4193.411955833824, "gamma": 0.08309727659854992}, "datetime": {"datetime": "2021-09-29 17:31:16", "elapsed": 319.365478, "delta": 1.844476}}
{"target": -42.94551256703907, "params": {"C": 2667.593102904665, "gamma": 0.0469222469496689}, "datetime": {"datetime": "2021-09-29 17:31:17", "elapsed": 321.175479, "delta": 1.810001}}
{"target": -43.142952463751, "params": {"C": 1751.7029429575114, "gamma": 0.06344651932334962}, "datetime": {"datetime": "2021-09-29 17:31:19", "elapsed": 322.950477, "delta": 1.774998}}
{"target": -43.71974989935681, "params": {"C": 1695.5789001464132, "gamma": 0.0850750095003479}, "datetime": {"datetime": "2021-09-29 17:31:21", "elapsed": 324.890479, "delta": 1.940002}}
{"target": -43.740426706658226, "params": {"C": 4055.2510497222643, "gamma": 0.053118030851577534}, "datetime": {"datetime": "2021-09-29 17:31:23", "elapsed": 326.717478, "delta": 1.826999}}
{"target": -41.7536080920589, "params": {"C": 1892.4541182124367, "gamma": 0.0038218107845831737}, "datetime": {"datetime": "2021-09-29 17:31:24", "elapsed": 328.26448, "delta": 1.547002}}
{"target": -42.44727410054328, "params": {"C": 1892.377207011454, "gamma": 0.0407037948679718}, "datetime": {"datetime": "2021-09-29 17:31:26", "elapsed": 330.077322, "delta": 1.812842}}
{"target": -42.280536279692114, "params": {"C": 2599.0310742706833, "gamma": 0.03008648535141701}, "datetime": {"datetime": "2021-09-29 17:31:28", "elapsed": 332.062927, "delta": 1.985605}}
{"target": -43.38420377172657, "params": {"C": 1688.7575538174917, "gamma": 0.07251304990444281}, "datetime": {"datetime": "2021-09-29 17:31:30", "elapsed": 333.506182, "delta": 1.443255}}
{"target": -43.939453643782166, "params": {"C": 2505.5986405642916, "gamma": 0.0797880761581895}, "datetime": {"datetime": "2021-09-29 17:31:31", "elapsed": 334.735955, "delta": 1.229773}}
{"target": -43.168007223030415, "params": {"C": 1892.4275331248214, "gamma": 0.06262362645188689}, "datetime": {"datetime": "2021-09-29 17:31:33", "elapsed": 336.633615, "delta": 1.89766}}
{"target": -42.57747542511201, "params": {"C": 4597.302757751721, "gamma": 0.02373690308683933}, "datetime": {"datetime": "2021-09-29 17:31:34", "elapsed": 337.820131, "delta": 1.186516}}
{"target": -42.38564283835763, "params": {"C": 1731.807057827309, "gamma": 0.04027063284343079}, "datetime": {"datetime": "2021-09-29 17:31:36", "elapsed": 339.54353, "delta": 1.723399}}
{"target": -41.38985598201788, "params": {"C": 2150.9164059740083, "gamma": 0.008254972250702763}, "datetime": {"datetime": "2021-09-29 17:31:37", "elapsed": 341.160231, "delta": 1.616701}}
{"target": -41.49502713831454, "params": {"C": 2867.2927005862084, "gamma": 0.010190451920441573}, "datetime": {"datetime": "2021-09-29 17:31:40", "elapsed": 343.349233, "delta": 2.189002}}
{"target": -41.476805766441075, "params": {"C": 1437.2259115874501, "gamma": 0.010946944019000409}, "datetime": {"datetime": "2021-09-29 17:31:41", "elapsed": 345.085866, "delta": 1.736633}}
{"target": -41.75080845935673, "params": {"C": 1162.437884345899, "gamma": 0.007283868070480156}, "datetime": {"datetime": "2021-09-29 17:31:43", "elapsed": 346.563568, "delta": 1.477702}}
{"target": -42.376486263147484, "params": {"C": 1333.8326145748435, "gamma": 0.04241654172728024}, "datetime": {"datetime": "2021-09-29 17:31:44", "elapsed": 347.846027, "delta": 1.282459}}
{"target": -43.57955234331983, "params": {"C": 1437.112347573431, "gamma": 0.08260764881084919}, "datetime": {"datetime": "2021-09-29 17:31:46", "elapsed": 350.043353, "delta": 2.197326}}
{"target": -42.07565581472853, "params": {"C": 4735.029383656485, "gamma": 0.014279371851927705}, "datetime": {"datetime": "2021-09-29 17:31:48", "elapsed": 351.310667, "delta": 1.267314}}
{"target": -44.2506500549953, "params": {"C": 2867.27146247367, "gamma": 0.0843197617471688}, "datetime": {"datetime": "2021-09-29 17:31:50", "elapsed": 353.674307, "delta": 2.36364}}
{"target": -42.160553126292335, "params": {"C": 1353.378626238445, "gamma": 0.03584437532261239}, "datetime": {"datetime": "2021-09-29 17:31:51", "elapsed": 355.064953, "delta": 1.390646}}
{"target": -43.33108862013942, "params": {"C": 4239.2530403913515, "gamma": 0.041917025581318}, "datetime": {"datetime": "2021-09-29 17:31:53", "elapsed": 356.335821, "delta": 1.270868}}
{"target": -42.21227483508989, "params": {"C": 1437.2078137291714, "gamma": 0.03707275872497753}, "datetime": {"datetime": "2021-09-29 17:31:54", "elapsed": 357.993822, "delta": 1.658001}}
{"target": -42.65480320026657, "params": {"C": 1333.7411562533107, "gamma": 0.05101804731475818}, "datetime": {"datetime": "2021-09-29 17:31:56", "elapsed": 359.565832, "delta": 1.57201}}
{"target": -41.53194559391115, "params": {"C": 2532.327901137658, "gamma": 0.012413003156802086}, "datetime": {"datetime": "2021-09-29 17:31:58", "elapsed": 361.851637, "delta": 2.285805}}
{"target": -41.41345009785954, "params": {"C": 1892.6331797904613, "gamma": 0.0077562567180650644}, "datetime": {"datetime": "2021-09-29 17:32:00", "elapsed": 363.510822, "delta": 1.659185}}
{"target": -42.0005641915604, "params": {"C": 2150.8803786357257, "gamma": 0.026347962216383802}, "datetime": {"datetime": "2021-09-29 17:32:02", "elapsed": 365.40993, "delta": 1.899108}}
{"target": -41.59685021483169, "params": {"C": 1695.4437697045696, "gamma": 0.01768088085532265}, "datetime": {"datetime": "2021-09-29 17:32:03", "elapsed": 367.0262, "delta": 1.61627}}
{"target": -43.94966023624688, "params": {"C": 3813.592208315848, "gamma": 0.06099709484004163}, "datetime": {"datetime": "2021-09-29 17:32:05", "elapsed": 368.4442, "delta": 1.418}}
{"target": -41.58900017717999, "params": {"C": 1892.2998315967275, "gamma": 0.004794076853301135}, "datetime": {"datetime": "2021-09-29 17:32:06", "elapsed": 370.09751, "delta": 1.65331}}
{"target": -43.87366518814314, "params": {"C": 2150.930049777842, "gamma": 0.08364624412958499}, "datetime": {"datetime": "2021-09-29 17:32:09", "elapsed": 372.345933, "delta": 2.248423}}
{"target": -44.91673732030033, "params": {"C": 4735.0310240573, "gamma": 0.07525277821406993}, "datetime": {"datetime": "2021-09-29 17:32:10", "elapsed": 374.162944, "delta": 1.817011}}
{"target": -41.606704766689916, "params": {"C": 2150.9676376930024, "gamma": 0.01606586414231105}, "datetime": {"datetime": "2021-09-29 17:32:12", "elapsed": 376.131247, "delta": 1.968303}}
{"target": -43.767378566907084, "params": {"C": 2818.9505079669366, "gamma": 0.06896057105070405}, "datetime": {"datetime": "2021-09-29 17:32:14", "elapsed": 377.493033, "delta": 1.361786}}
{"target": -42.81181558581152, "params": {"C": 4412.159566095834, "gamma": 0.02943457900286544}, "datetime": {"datetime": "2021-09-29 17:32:15", "elapsed": 378.813683, "delta": 1.32065}}
{"target": -41.49206504597942, "params": {"C": 2867.539589738026, "gamma": 0.010116386790463273}, "datetime": {"datetime": "2021-09-29 17:32:17", "elapsed": 380.941596, "delta": 2.127913}}
{"target": -43.506853307744294, "params": {"C": 1333.9338150978465, "gamma": 0.0805766990942561}, "datetime": {"datetime": "2021-09-29 17:32:20", "elapsed": 383.682866, "delta": 2.74127}}
{"target": -42.4906611831943, "params": {"C": 1353.2557045196713, "gamma": 0.0029814574090634167}, "datetime": {"datetime": "2021-09-29 17:32:22", "elapsed": 386.283895, "delta": 2.601029}}
{"target": -43.7551723222472, "params": {"C": 1969.1225810374062, "gamma": 0.08222930484085035}, "datetime": {"datetime": "2021-09-29 17:32:24", "elapsed": 387.679169, "delta": 1.395274}}
{"target": -43.124707068873, "params": {"C": 1892.1972942135671, "gamma": 0.06121682860687753}, "datetime": {"datetime": "2021-09-29 17:32:26", "elapsed": 389.8509, "delta": 2.171731}}
{"target": -44.31862219078015, "params": {"C": 3734.0254301801597, "gamma": 0.07222031547317001}, "datetime": {"datetime": "2021-09-29 17:32:27", "elapsed": 391.289115, "delta": 1.438215}}
