{"target": -43.14197665907224, "params": {"C": 9478.10869621922, "gamma": 0.01773340671748901}, "datetime": {"datetime": "2021-09-29 18:27:20", "elapsed": 412.855348, "delta": 3.037488}}
{"target": -41.530625372933514, "params": {"C": 9374.194289094365, "gamma": 0.0010612476504262016}, "datetime": {"datetime": "2021-09-29 18:27:22", "elapsed": 415.413383, "delta": 2.558035}}
{"target": -42.25006524723264, "params": {"C": 5570.243344861082, "gamma": 0.014458160882052283}, "datetime": {"datetime": "2021-09-29 18:27:26", "elapsed": 418.641949, "delta": 3.228566}}
{"target": -42.70416210846553, "params": {"C": 5058.746979837149, "gamma": 0.023929463690453952}, "datetime": {"datetime": "2021-09-29 18:27:30", "elapsed": 422.602127, "delta": 3.960178}}
{"target": -41.919805813946176, "params": {"C": 9807.552296534643, "gamma": 0.0035374008701586916}, "datetime": {"datetime": "2021-09-29 18:27:32", "elapsed": 424.707026, "delta": 2.104899}}
{"target": -41.48270250374684, "params": {"C": 9826.901383304394, "gamma": 0.0013108530973683704}, "datetime": {"datetime": "2021-09-29 18:27:34", "elapsed": 427.086524, "delta": 2.379498}}
{"target": -42.393187183600425, "params": {"C": 7446.968645334367, "gamma": 0.012083435560733262}, "datetime": {"datetime": "2021-09-29 18:27:37", "elapsed": 429.662782, "delta": 2.576258}}
{"target": -43.18280503855616, "params": {"C": 9636.896802005362, "gamma": 0.017940029627848585}, "datetime": {"datetime": "2021-09-29 18:27:38", "elapsed": 431.466847, "delta": 1.804065}}
{"target": -42.30198217743952, "params": {"C": 6477.510843629352, "gamma": 0.012889744335645006}, "datetime": {"datetime": "2021-09-29 18:27:41", "elapsed": 434.194838, "delta": 2.727991}}
{"target": -42.309176365986346, "params": {"C": 6087.721197223445, "gamma": 0.013937403833843558}, "datetime": {"datetime": "2021-09-29 18:27:43", "elapsed": 436.064886, "delta": 1.870048}}
{"target": -42.941243465288196, "params": {"C": 5812.167213276708, "gamma": 0.024914263865422677}, "datetime": {"datetime": "2021-09-29 18:27:46", "elapsed": 438.830317, "delta": 2.765431}}
{"target": -42.27732213429762, "params": {"C": 5570.19000574383, "gamma": 0.014874655453616475}, "datetime": {"datetime": "2021-09-29 18:27:50", "elapsed": 443.003847, "delta": 4.17353}}
{"target": -42.810794684323575, "params": {"C": 6188.5217312670065, "gamma": 0.021305338947940206}, "datetime": {"datetime": "2021-09-29 18:27:52", "elapsed": 445.068334, "delta": 2.064487}}
{"target": -42.14404543846022, "params": {"C": 8461.17102712537, "gamma": 0.007228068940802859}, "datetime": {"datetime": "2021-09-29 18:27:54", "elapsed": 447.103866, "delta": 2.035532}}
{"target": -43.15270398404804, "params": {"C": 7808.226797182011, "gamma": 0.02160014321599779}, "datetime": {"datetime": "2021-09-29 18:27:57", "elapsed": 450.146652, "delta": 3.042786}}
{"target": -42.49674905855832, "params": {"C": 6087.693780221143, "gamma": 0.016716797047400044}, "datetime": {"datetime": "2021-09-29 18:28:02", "elapsed": 454.721315, "delta": 4.574663}}
{"target": -41.68694904623996, "params": {"C": 5417.238343083121, "gamma": 0.006624180328500885}, "datetime": {"datetime": "2021-09-29 18:28:05", "elapsed": 457.892906, "delta": 3.171591}}
{"target": -42.15592136747986, "params": {"C": 7066.205191196898, "gamma": 0.009694507361460616}, "datetime": {"datetime": "2021-09-29 18:28:07", "elapsed": 459.993235, "delta": 2.100329}}
{"target": -43.06036190556121, "params": {"C": 8461.191398679608, "gamma": 0.0187387608826683}, "datetime": {"datetime": "2021-09-29 18:28:12", "elapsed": 464.746207, "delta": 4.752972}}
{"target": -42.961474819097745, "params": {"C": 9826.950094040983, "gamma": 0.014992171640950583}, "datetime": {"datetime": "2021-09-29 18:28:14", "elapsed": 467.216325, "delta": 2.470118}}
{"target": -43.293014985560255, "params": {"C": 9826.901715021915, "gamma": 0.018931049880782737}, "datetime": {"datetime": "2021-09-29 18:28:17", "elapsed": 469.987618, "delta": 2.771293}}
{"target": -42.30847406444033, "params": {"C": 5845.3986412314025, "gamma": 0.014568459006274785}, "datetime": {"datetime": "2021-09-29 18:28:20", "elapsed": 473.486706, "delta": 3.499088}}
{"target": -43.61844144583837, "params": {"C": 9478.171734528663, "gamma": 0.023827784722822716}, "datetime": {"datetime": "2021-09-29 18:28:23", "elapsed": 476.101552, "delta": 2.614846}}
{"target": -42.90242863443666, "params": {"C": 9807.596841771145, "gamma": 0.01433577293228799}, "datetime": {"datetime": "2021-09-29 18:28:26", "elapsed": 479.029556, "delta": 2.928004}}
{"target": -42.703381891016846, "params": {"C": 9374.196747681379, "gamma": 0.012660603896198969}, "datetime": {"datetime": "2021-09-29 18:28:29", "elapsed": 482.371832, "delta": 3.342276}}
{"target": -42.66478285479503, "params": {"C": 5441.711605071351, "gamma": 0.021604820451279375}, "datetime": {"datetime": "2021-09-29 18:28:33", "elapsed": 486.181386, "delta": 3.809554}}
{"target": -42.8838713523859, "params": {"C": 8461.154414602233, "gamma": 0.016448212427054784}, "datetime": {"datetime": "2021-09-29 18:28:37", "elapsed": 489.896026, "delta": 3.71464}}
{"target": -43.134122440957235, "params": {"C": 7446.91525957896, "gamma": 0.022343998666872707}, "datetime": {"datetime": "2021-09-29 18:28:40", "elapsed": 493.008081, "delta": 3.112055}}
{"target": -43.19250862240514, "params": {"C": 7066.225674812409, "gamma": 0.024429966668389768}, "datetime": {"datetime": "2021-09-29 18:28:42", "elapsed": 495.380831, "delta": 2.37275}}
{"target": -43.42895075838046, "params": {"C": 7808.189594142176, "gamma": 0.025687944891239736}, "datetime": {"datetime": "2021-09-29 18:28:45", "elapsed": 498.251922, "delta": 2.871091}}
{"target": -42.92658485431047, "params": {"C": 8823.07185231736, "gamma": 0.01629031279671645}, "datetime": {"datetime": "2021-09-29 18:28:48", "elapsed": 501.463946, "delta": 3.212024}}
{"target": -41.49545381635685, "params": {"C": 8856.64592586297, "gamma": 0.0012559882902000493}, "datetime": {"datetime": "2021-09-29 18:28:51", "elapsed": 504.50198, "delta": 3.038034}}
{"target": -43.2062885620188, "params": {"C": 9374.146432000876, "gamma": 0.018724690923440486}, "datetime": {"datetime": "2021-09-29 18:28:56", "elapsed": 508.591482, "delta": 4.089502}}
{"target": -43.03087184006908, "params": {"C": 6743.561485328772, "gamma": 0.022951809852976436}, "datetime": {"datetime": "2021-09-29 18:28:58", "elapsed": 510.886288, "delta": 2.294806}}
{"target": -42.53832783401232, "params": {"C": 5417.241434649275, "gamma": 0.01954934241524634}, "datetime": {"datetime": "2021-09-29 18:29:02", "elapsed": 515.002048, "delta": 4.11576}}
{"target": -42.03107371208177, "params": {"C": 5417.268610954309, "gamma": 0.011588043771988847}, "datetime": {"datetime": "2021-09-29 18:29:05", "elapsed": 517.966545, "delta": 2.964497}}
{"target": -41.60859153083457, "params": {"C": 9510.483448345876, "gamma": 0.0020748547717937766}, "datetime": {"datetime": "2021-09-29 18:29:08", "elapsed": 520.765463, "delta": 2.798918}}
{"target": -42.16009973892316, "params": {"C": 9525.583990199604, "gamma": 0.005962587414694259}, "datetime": {"datetime": "2021-09-29 18:29:10", "elapsed": 523.378875, "delta": 2.613412}}
{"target": -42.39969644618506, "params": {"C": 7921.346831949645, "gamma": 0.01129440487782632}, "datetime": {"datetime": "2021-09-29 18:29:13", "elapsed": 525.828348, "delta": 2.449473}}
{"target": -42.21347057367747, "params": {"C": 5351.660331585369, "gamma": 0.014534492746235105}, "datetime": {"datetime": "2021-09-29 18:29:15", "elapsed": 528.145118, "delta": 2.31677}}
{"target": -42.881686306423255, "params": {"C": 8270.726597283625, "gamma": 0.016805104180510757}, "datetime": {"datetime": "2021-09-29 18:29:17", "elapsed": 530.19043, "delta": 2.045312}}
{"target": -43.14568833356468, "params": {"C": 9996.486399880561, "gamma": 0.016870108664568756}, "datetime": {"datetime": "2021-09-29 18:29:19", "elapsed": 532.552054, "delta": 2.361624}}
{"target": -41.56048703083964, "params": {"C": 7446.892219033243, "gamma": 0.0012209000487041332}, "datetime": {"datetime": "2021-09-29 18:29:24", "elapsed": 537.535519, "delta": 4.983465}}
{"target": -41.7277186257306, "params": {"C": 6477.529105186111, "gamma": 0.0010836676473810628}, "datetime": {"datetime": "2021-09-29 18:29:29", "elapsed": 541.671508, "delta": 4.135989}}
{"target": -42.8312042813025, "params": {"C": 8882.05823979175, "gamma": 0.01500291472416522}, "datetime": {"datetime": "2021-09-29 18:29:33", "elapsed": 545.753027, "delta": 4.081519}}
{"target": -41.48356911636289, "params": {"C": 9478.13449847378, "gamma": 0.001362867536223182}, "datetime": {"datetime": "2021-09-29 18:29:36", "elapsed": 548.779674, "delta": 3.026647}}
{"target": -41.90297110315129, "params": {"C": 8888.491787814846, "gamma": 0.004158751046866121}, "datetime": {"datetime": "2021-09-29 18:29:38", "elapsed": 551.374224, "delta": 2.59455}}
{"target": -41.50947401427572, "params": {"C": 5351.68106677643, "gamma": 0.004029891419010204}, "datetime": {"datetime": "2021-09-29 18:29:42", "elapsed": 554.647151, "delta": 3.272927}}
{"target": -41.63693727228118, "params": {"C": 5441.730042623478, "gamma": 0.0014539408901013732}, "datetime": {"datetime": "2021-09-29 18:29:47", "elapsed": 559.623316, "delta": 4.976165}}
{"target": -42.94496351043905, "params": {"C": 7084.573312810822, "gamma": 0.020576443434279508}, "datetime": {"datetime": "2021-09-29 18:29:51", "elapsed": 563.865236, "delta": 4.24192}}
{"target": -42.71169220292187, "params": {"C": 7446.886388988578, "gamma": 0.016327574789681627}, "datetime": {"datetime": "2021-09-29 18:29:58", "elapsed": 571.297201, "delta": 7.431965}}
{"target": -42.34334267403641, "params": {"C": 5417.338423491766, "gamma": 0.016370605651839197}, "datetime": {"datetime": "2021-09-29 18:30:02", "elapsed": 574.698269, "delta": 3.401068}}
{"target": -41.58086448356875, "params": {"C": 9525.611157328436, "gamma": 0.0019495249739704893}, "datetime": {"datetime": "2021-09-29 18:30:06", "elapsed": 578.612307, "delta": 3.914038}}
{"target": -42.612316431858694, "params": {"C": 5573.62562302356, "gamma": 0.020216191353852976}, "datetime": {"datetime": "2021-09-29 18:30:08", "elapsed": 580.998529, "delta": 2.386222}}
{"target": -43.103749918782974, "params": {"C": 8823.03509963486, "gamma": 0.018533201294896932}, "datetime": {"datetime": "2021-09-29 18:30:11", "elapsed": 584.297523, "delta": 3.298994}}
{"target": -42.883845075151335, "params": {"C": 7056.322586368689, "gamma": 0.019750814001079985}, "datetime": {"datetime": "2021-09-29 18:30:13", "elapsed": 586.509406, "delta": 2.211883}}
{"target": -42.06395481203623, "params": {"C": 5570.221625067236, "gamma": 0.011679452994775859}, "datetime": {"datetime": "2021-09-29 18:30:18", "elapsed": 590.729503, "delta": 4.220097}}
{"target": -41.82659811057947, "params": {"C": 9807.55143775645, "gamma": 0.0029829911126434397}, "datetime": {"datetime": "2021-09-29 18:30:20", "elapsed": 593.015508, "delta": 2.286005}}
{"target": -42.783946853205705, "params": {"C": 9807.512654523747, "gamma": 0.012961978612517928}, "datetime": {"datetime": "2021-09-29 18:30:23", "elapsed": 596.019987, "delta": 3.004479}}
{"target": -42.18014534915244, "params": {"C": 5428.853217491151, "gamma": 0.01379650500277772}, "datetime": {"datetime": "2021-09-29 18:30:26", "elapsed": 598.891863, "delta": 2.871876}}
{"target": -42.955541231070214, "params": {"C": 8888.487887180283, "gamma": 0.01652868486654779}, "datetime": {"datetime": "2021-09-29 18:30:31", "elapsed": 604.345824, "delta": 5.453961}}
{"target": -41.50158263530554, "params": {"C": 7808.203251670339, "gamma": 0.0018989802620067416}, "datetime": {"datetime": "2021-09-29 18:30:35", "elapsed": 608.505535, "delta": 4.159711}}
{"target": -42.32319304849118, "params": {"C": 5570.470009451768, "gamma": 0.015580467369473685}, "datetime": {"datetime": "2021-09-29 18:30:38", "elapsed": 611.542232, "delta": 3.036697}}
{"target": -41.674874196045515, "params": {"C": 6712.119761410474, "gamma": 0.00435109692852864}, "datetime": {"datetime": "2021-09-29 18:30:42", "elapsed": 615.286926, "delta": 3.744694}}
{"target": -43.38910199347228, "params": {"C": 9525.623899197193, "gamma": 0.020724632782534565}, "datetime": {"datetime": "2021-09-29 18:30:46", "elapsed": 618.924393, "delta": 3.637467}}
{"target": -43.52953942548397, "params": {"C": 8700.335944164472, "gamma": 0.024572663570858362}, "datetime": {"datetime": "2021-09-29 18:30:50", "elapsed": 623.168809, "delta": 4.244416}}
{"target": -42.12052915235592, "params": {"C": 5115.578710263174, "gamma": 0.013794301732192878}, "datetime": {"datetime": "2021-09-29 18:30:53", "elapsed": 625.591722, "delta": 2.422913}}
{"target": -41.61435408508259, "params": {"C": 5417.257590220743, "gamma": 0.0015164540839697751}, "datetime": {"datetime": "2021-09-29 18:30:57", "elapsed": 630.057821, "delta": 4.466099}}
{"target": -41.98442767604233, "params": {"C": 9478.154581079489, "gamma": 0.004288635020639157}, "datetime": {"datetime": "2021-09-29 18:31:01", "elapsed": 633.881839, "delta": 3.824018}}
{"target": -42.95416994552227, "params": {"C": 8822.986840995945, "gamma": 0.016635405481039634}, "datetime": {"datetime": "2021-09-29 18:31:04", "elapsed": 637.546184, "delta": 3.664345}}
{"target": -42.400553042977826, "params": {"C": 9577.083668095953, "gamma": 0.008744164703678725}, "datetime": {"datetime": "2021-09-29 18:31:08", "elapsed": 641.107951, "delta": 3.561767}}
{"target": -42.602616172938404, "params": {"C": 5351.680802147341, "gamma": 0.020886268568474836}, "datetime": {"datetime": "2021-09-29 18:31:12", "elapsed": 645.073543, "delta": 3.965592}}
{"target": -41.55597627016382, "params": {"C": 5914.623244261364, "gamma": 0.003934274660700374}, "datetime": {"datetime": "2021-09-29 18:31:15", "elapsed": 648.552184, "delta": 3.478641}}
{"target": -43.99511669817684, "params": {"C": 9624.608301514974, "gamma": 0.02860597138469405}, "datetime": {"datetime": "2021-09-29 18:31:19", "elapsed": 652.082068, "delta": 3.529884}}
{"target": -41.88024391023738, "params": {"C": 8882.086883607211, "gamma": 0.0039778072536645545}, "datetime": {"datetime": "2021-09-29 18:31:23", "elapsed": 655.571632, "delta": 3.489564}}
{"target": -42.27169995723679, "params": {"C": 6763.564846413633, "gamma": 0.011842266602271563}, "datetime": {"datetime": "2021-09-29 18:31:25", "elapsed": 657.966838, "delta": 2.395206}}
{"target": -43.293472158907434, "params": {"C": 6662.749979858271, "gamma": 0.027534890168659756}, "datetime": {"datetime": "2021-09-29 18:31:28", "elapsed": 660.96977, "delta": 3.002932}}
{"target": -41.83502952241193, "params": {"C": 5041.503885096965, "gamma": 0.009635473567255737}, "datetime": {"datetime": "2021-09-29 18:31:30", "elapsed": 663.456942, "delta": 2.487172}}
{"target": -41.68358912712403, "params": {"C": 5441.681673653293, "gamma": 0.001357515956711788}, "datetime": {"datetime": "2021-09-29 18:31:35", "elapsed": 667.720721, "delta": 4.263779}}
{"target": -42.06018662292008, "params": {"C": 5914.648771074931, "gamma": 0.010790024828614696}, "datetime": {"datetime": "2021-09-29 18:31:41", "elapsed": 674.486523, "delta": 6.765802}}
{"target": -42.85165079725294, "params": {"C": 6712.141627867863, "gamma": 0.020266718353389872}, "datetime": {"datetime": "2021-09-29 18:31:45", "elapsed": 677.837373, "delta": 3.35085}}
{"target": -42.390874907611554, "params": {"C": 8973.226301023877, "gamma": 0.009490014147172453}, "datetime": {"datetime": "2021-09-29 18:31:47", "elapsed": 680.413141, "delta": 2.575768}}
{"target": -42.013358114684124, "params": {"C": 6837.765229953213, "gamma": 0.008258437479018766}, "datetime": {"datetime": "2021-09-29 18:31:50", "elapsed": 683.040186, "delta": 2.627045}}
{"target": -43.004994264831694, "params": {"C": 6477.533829457921, "gamma": 0.023447910191437514}, "datetime": {"datetime": "2021-09-29 18:31:57", "elapsed": 689.744122, "delta": 6.703936}}
{"target": -41.52774516589503, "params": {"C": 5157.406684256902, "gamma": 0.00469923589390581}, "datetime": {"datetime": "2021-09-29 18:32:00", "elapsed": 693.342341, "delta": 3.598219}}
{"target": -41.96561647529889, "params": {"C": 5705.393497824467, "gamma": 0.00993387724889767}, "datetime": {"datetime": "2021-09-29 18:32:03", "elapsed": 696.325291, "delta": 2.98295}}
{"target": -42.901053326766636, "params": {"C": 6763.590785233686, "gamma": 0.020865603061920427}, "datetime": {"datetime": "2021-09-29 18:32:08", "elapsed": 701.487946, "delta": 5.162655}}
{"target": -42.22948688520875, "params": {"C": 5812.185133220229, "gamma": 0.013486117426592129}, "datetime": {"datetime": "2021-09-29 18:32:12", "elapsed": 704.929402, "delta": 3.441456}}
{"target": -42.99251880223423, "params": {"C": 5914.66561958459, "gamma": 0.025386356226081333}, "datetime": {"datetime": "2021-09-29 18:32:15", "elapsed": 708.44145, "delta": 3.512048}}
{"target": -42.166475771052916, "params": {"C": 5546.698813255832, "gamma": 0.013260963255895621}, "datetime": {"datetime": "2021-09-29 18:32:19", "elapsed": 712.051763, "delta": 3.610313}}
{"target": -43.464688524334626, "params": {"C": 6837.770883699966, "gamma": 0.029724878092159963}, "datetime": {"datetime": "2021-09-29 18:32:24", "elapsed": 716.577388, "delta": 4.525625}}
{"target": -41.93307045096515, "params": {"C": 5613.07036075635, "gamma": 0.00968429321224392}, "datetime": {"datetime": "2021-09-29 18:32:26", "elapsed": 719.303769, "delta": 2.726381}}
{"target": -41.675710994032045, "params": {"C": 5570.34158416212, "gamma": 0.001340352868618791}, "datetime": {"datetime": "2021-09-29 18:32:30", "elapsed": 722.678651, "delta": 3.374882}}
{"target": -43.181002376032325, "params": {"C": 6582.750534204147, "gamma": 0.025960745332273574}, "datetime": {"datetime": "2021-09-29 18:32:33", "elapsed": 725.604081, "delta": 2.92543}}
{"target": -41.55514031831723, "params": {"C": 5836.250709499313, "gamma": 0.004032021893148219}, "datetime": {"datetime": "2021-09-29 18:32:35", "elapsed": 728.452081, "delta": 2.848}}
{"target": -41.854693059987, "params": {"C": 6837.733315187346, "gamma": 0.0062593674439193345}, "datetime": {"datetime": "2021-09-29 18:32:39", "elapsed": 731.786786, "delta": 3.334705}}
{"target": -43.082531308128566, "params": {"C": 7446.953712705211, "gamma": 0.021579003920285153}, "datetime": {"datetime": "2021-09-29 18:32:43", "elapsed": 736.340739, "delta": 4.553953}}
{"target": -41.598145078482894, "params": {"C": 5570.458100618196, "gamma": 0.0050713416803046234}, "datetime": {"datetime": "2021-09-29 18:32:47", "elapsed": 740.394111, "delta": 4.053372}}
{"target": -41.4686766408573, "params": {"C": 5186.827102576914, "gamma": 0.0033339930027652975}, "datetime": {"datetime": "2021-09-29 18:32:51", "elapsed": 744.483851, "delta": 4.08974}}
{"target": -42.47943177390556, "params": {"C": 9629.61453522863, "gamma": 0.009624627124754623}, "datetime": {"datetime": "2021-09-29 18:32:54", "elapsed": 747.397419, "delta": 2.913568}}
{"target": -42.8154645925681, "params": {"C": 6837.7319374830195, "gamma": 0.01935409335417255}, "datetime": {"datetime": "2021-09-29 18:33:00", "elapsed": 752.80752, "delta": 5.410101}}
{"target": -42.04675201467397, "params": {"C": 5404.832634811228, "gamma": 0.01185332993490499}, "datetime": {"datetime": "2021-09-29 18:33:03", "elapsed": 756.404015, "delta": 3.596495}}
{"target": -42.78245938864127, "params": {"C": 9246.259920487131, "gamma": 0.013801050592240818}, "datetime": {"datetime": "2021-09-29 18:33:07", "elapsed": 759.601469, "delta": 3.197454}}
{"target": -42.64556355683624, "params": {"C": 5041.5180084841995, "gamma": 0.022933151513436428}, "datetime": {"datetime": "2021-09-29 18:33:16", "elapsed": 768.816732, "delta": 9.215263}}
{"target": -42.37217641116779, "params": {"C": 9525.540596621693, "gamma": 0.00847102569244109}, "datetime": {"datetime": "2021-09-29 18:33:20", "elapsed": 773.424672, "delta": 4.60794}}
{"target": -41.67633583511897, "params": {"C": 6837.705830947089, "gamma": 0.004211438278656442}, "datetime": {"datetime": "2021-09-29 18:33:25", "elapsed": 777.664012, "delta": 4.23934}}
{"target": -43.89351453100055, "params": {"C": 9136.606544690967, "gamma": 0.02854377171890326}, "datetime": {"datetime": "2021-09-29 18:33:31", "elapsed": 783.794124, "delta": 6.130112}}
{"target": -42.670630136538584, "params": {"C": 7250.234015503316, "gamma": 0.016217645209437512}, "datetime": {"datetime": "2021-09-29 18:33:36", "elapsed": 788.713003, "delta": 4.918879}}
{"target": -43.053410746388394, "params": {"C": 5625.109615195601, "gamma": 0.02774323139804891}, "datetime": {"datetime": "2021-09-29 18:33:41", "elapsed": 793.795381, "delta": 5.082378}}
{"target": -43.43442937807696, "params": {"C": 7593.812972956372, "gamma": 0.026462939132430155}, "datetime": {"datetime": "2021-09-29 18:33:47", "elapsed": 800.292853, "delta": 6.497472}}
{"target": -41.67082565982661, "params": {"C": 5428.831789717963, "gamma": 0.0013852132155948336}, "datetime": {"datetime": "2021-09-29 18:33:52", "elapsed": 804.888127, "delta": 4.595274}}
{"target": -42.06977864395409, "params": {"C": 5417.221380521576, "gamma": 0.01216365046967393}, "datetime": {"datetime": "2021-09-29 18:33:57", "elapsed": 810.172328, "delta": 5.284201}}
{"target": -41.51498724122454, "params": {"C": 5312.989479696827, "gamma": 0.0041965879460654585}, "datetime": {"datetime": "2021-09-29 18:34:00", "elapsed": 813.38222, "delta": 3.209892}}
{"target": -42.00681832047598, "params": {"C": 5404.857698688907, "gamma": 0.011261365600186684}, "datetime": {"datetime": "2021-09-29 18:34:06", "elapsed": 819.190297, "delta": 5.808077}}
{"target": -41.97078854177292, "params": {"C": 5313.002925663845, "gamma": 0.010964364751448432}, "datetime": {"datetime": "2021-09-29 18:34:11", "elapsed": 824.242365, "delta": 5.052068}}
{"target": -41.67817860648674, "params": {"C": 5546.590772738133, "gamma": 0.006246111845289058}, "datetime": {"datetime": "2021-09-29 18:34:16", "elapsed": 829.32699, "delta": 5.084625}}
