{"target": -36.03067278206258, "params": {"C": 840.4989467404032, "gamma": 0.04856316144913905}, "datetime": {"datetime": "2021-09-28 13:43:18", "elapsed": 1167.237977, "delta": 4.632577}}
{"target": -36.44079850371709, "params": {"C": 840.425432549921, "gamma": 0.1040837671244816}, "datetime": {"datetime": "2021-09-28 13:43:29", "elapsed": 1178.073374, "delta": 10.835397}}
{"target": -36.056678615530856, "params": {"C": 879.2057872636941, "gamma": 0.07724285493592113}, "datetime": {"datetime": "2021-09-28 13:43:35", "elapsed": 1183.480308, "delta": 5.406934}}
{"target": -36.44226704606698, "params": {"C": 938.9136778923272, "gamma": 0.11686702015351433}, "datetime": {"datetime": "2021-09-28 13:43:41", "elapsed": 1189.668505, "delta": 6.188197}}
{"target": -36.172661750942936, "params": {"C": 827.4813533699469, "gamma": 0.07962370696562468}, "datetime": {"datetime": "2021-09-28 13:43:45", "elapsed": 1193.650629, "delta": 3.982124}}
{"target": -37.02967429324713, "params": {"C": 879.235242403479, "gamma": 0.1533625516967737}, "datetime": {"datetime": "2021-09-28 13:43:50", "elapsed": 1198.95319, "delta": 5.302561}}
{"target": -35.964293110261956, "params": {"C": 868.856237733887, "gamma": 0.049214522879186796}, "datetime": {"datetime": "2021-09-28 13:43:55", "elapsed": 1203.76136, "delta": 4.80817}}
{"target": -36.020120405910596, "params": {"C": 868.8170137878427, "gamma": 0.04430521793411766}, "datetime": {"datetime": "2021-09-28 13:44:00", "elapsed": 1208.687925, "delta": 4.926565}}
{"target": -35.75453138420963, "params": {"C": 982.1685439387281, "gamma": 0.06018130867378206}, "datetime": {"datetime": "2021-09-28 13:44:05", "elapsed": 1213.258302, "delta": 4.570377}}
{"target": -37.36841468042225, "params": {"C": 868.9007300529463, "gamma": 0.0168379998940647}, "datetime": {"datetime": "2021-09-28 13:44:11", "elapsed": 1219.349138, "delta": 6.090836}}
{"target": -36.060820539190416, "params": {"C": 958.7326661852746, "gamma": 0.03513715733692275}, "datetime": {"datetime": "2021-09-28 13:44:18", "elapsed": 1226.305603, "delta": 6.956465}}
{"target": -35.94920615278622, "params": {"C": 889.4772270611628, "gamma": 0.06730189078156992}, "datetime": {"datetime": "2021-09-28 13:44:23", "elapsed": 1231.840347, "delta": 5.534744}}
{"target": -36.16285723658791, "params": {"C": 840.3280868903666, "gamma": 0.08088508173069675}, "datetime": {"datetime": "2021-09-28 13:44:31", "elapsed": 1239.503417, "delta": 7.66307}}
{"target": -36.13014459736218, "params": {"C": 840.599355625207, "gamma": 0.07781830996536175}, "datetime": {"datetime": "2021-09-28 13:44:39", "elapsed": 1247.556155, "delta": 8.052738}}
{"target": -37.00317370037458, "params": {"C": 840.6399444787462, "gamma": 0.021832155551931444}, "datetime": {"datetime": "2021-09-28 13:44:48", "elapsed": 1256.880169, "delta": 9.324014}}
{"target": -36.71146144978189, "params": {"C": 840.5749783308524, "gamma": 0.12510392567156203}, "datetime": {"datetime": "2021-09-28 13:44:55", "elapsed": 1264.027114, "delta": 7.146945}}
{"target": -37.488302870259034, "params": {"C": 997.7833785331575, "gamma": 0.19968995843679027}, "datetime": {"datetime": "2021-09-28 13:44:59", "elapsed": 1267.537131, "delta": 3.510017}}
{"target": -36.349350876352105, "params": {"C": 840.4690214527369, "gamma": 0.096830469390042}, "datetime": {"datetime": "2021-09-28 13:45:04", "elapsed": 1272.456065, "delta": 4.918934}}
{"target": -36.114710400939245, "params": {"C": 827.431301274121, "gamma": 0.07382971901791706}, "datetime": {"datetime": "2021-09-28 13:45:12", "elapsed": 1280.309743, "delta": 7.853678}}
{"target": -37.04502177757872, "params": {"C": 794.830840442596, "gamma": 0.14104011202745798}, "datetime": {"datetime": "2021-09-28 13:45:15", "elapsed": 1283.842369, "delta": 3.532626}}
{"target": -35.917179360035114, "params": {"C": 879.2517372038837, "gamma": 0.05606188209528388}, "datetime": {"datetime": "2021-09-28 13:45:20", "elapsed": 1289.126126, "delta": 5.283757}}
{"target": -37.0241027657722, "params": {"C": 929.1132056432431, "gamma": 0.15998175092125974}, "datetime": {"datetime": "2021-09-28 13:45:24", "elapsed": 1292.844028, "delta": 3.717902}}
{"target": -38.83629028423688, "params": {"C": 879.1981674901206, "gamma": 0.006357931053313228}, "datetime": {"datetime": "2021-09-28 13:45:31", "elapsed": 1299.963482, "delta": 7.119454}}
{"target": -36.09342480255048, "params": {"C": 879.2986397423737, "gamma": 0.039093242895135286}, "datetime": {"datetime": "2021-09-28 13:45:37", "elapsed": 1305.963914, "delta": 6.000432}}
{"target": -36.6349436501311, "params": {"C": 840.6500321567497, "gamma": 0.11918091745127028}, "datetime": {"datetime": "2021-09-28 13:45:43", "elapsed": 1311.523898, "delta": 5.559984}}
{"target": -36.142667093599755, "params": {"C": 879.260667718887, "gamma": 0.08520260672213388}, "datetime": {"datetime": "2021-09-28 13:45:52", "elapsed": 1320.741478, "delta": 9.21758}}
{"target": -39.1423989893052, "params": {"C": 879.3366024219613, "gamma": 0.005262920852567569}, "datetime": {"datetime": "2021-09-28 13:46:01", "elapsed": 1329.273998, "delta": 8.53252}}
{"target": -36.45946984789924, "params": {"C": 868.8836330480702, "gamma": 0.10939046735041466}, "datetime": {"datetime": "2021-09-28 13:46:09", "elapsed": 1337.48816, "delta": 8.214162}}
{"target": -36.132400426191296, "params": {"C": 879.3069682608292, "gamma": 0.0843035976843963}, "datetime": {"datetime": "2021-09-28 13:46:16", "elapsed": 1344.714063, "delta": 7.225903}}
{"target": -35.87255480521529, "params": {"C": 982.3600226934651, "gamma": 0.07537216641934935}, "datetime": {"datetime": "2021-09-28 13:46:26", "elapsed": 1354.707907, "delta": 9.993844}}
{"target": -35.974161269095795, "params": {"C": 982.3599973974351, "gamma": 0.03633303785205978}, "datetime": {"datetime": "2021-09-28 13:46:32", "elapsed": 1360.602204, "delta": 5.894297}}
{"target": -35.90654878413573, "params": {"C": 982.4062602519457, "gamma": 0.07873046168018365}, "datetime": {"datetime": "2021-09-28 13:46:38", "elapsed": 1367.059885, "delta": 6.457681}}
{"target": -36.47706495374056, "params": {"C": 982.3652051407605, "gamma": 0.12439554214293322}, "datetime": {"datetime": "2021-09-28 13:46:44", "elapsed": 1373.075848, "delta": 6.015963}}
{"target": -38.4560296810632, "params": {"C": 982.4261869558895, "gamma": 0.0073072150672406225}, "datetime": {"datetime": "2021-09-28 13:46:51", "elapsed": 1379.763684, "delta": 6.687836}}
{"target": -37.510673242185675, "params": {"C": 944.5883236970178, "gamma": 0.1943575741100466}, "datetime": {"datetime": "2021-09-28 13:46:55", "elapsed": 1383.502326, "delta": 3.738642}}
{"target": -35.72913770517502, "params": {"C": 982.3097306510588, "gamma": 0.05318039025036863}, "datetime": {"datetime": "2021-09-28 13:47:02", "elapsed": 1390.406212, "delta": 6.903886}}
{"target": -36.28451874455279, "params": {"C": 889.6325895026384, "gamma": 0.09843199581565393}, "datetime": {"datetime": "2021-09-28 13:47:07", "elapsed": 1395.910876, "delta": 5.504664}}
{"target": -36.36061878455143, "params": {"C": 982.4288376390198, "gamma": 0.1155186349291296}, "datetime": {"datetime": "2021-09-28 13:47:17", "elapsed": 1405.412662, "delta": 9.501786}}
{"target": -37.00277331885709, "params": {"C": 889.6143530662141, "gamma": 0.15308755764220341}, "datetime": {"datetime": "2021-09-28 13:47:27", "elapsed": 1415.377675, "delta": 9.965013}}
{"target": -35.999110765659225, "params": {"C": 889.6929912323426, "gamma": 0.0731637480811974}, "datetime": {"datetime": "2021-09-28 13:47:32", "elapsed": 1420.723515, "delta": 5.34584}}
{"target": -36.69137721570401, "params": {"C": 748.170609208994, "gamma": 0.10848537462795485}, "datetime": {"datetime": "2021-09-28 13:47:36", "elapsed": 1424.624018, "delta": 3.900503}}
{"target": -36.117191629335, "params": {"C": 889.7400915186556, "gamma": 0.03756190670687035}, "datetime": {"datetime": "2021-09-28 13:47:41", "elapsed": 1430.240795, "delta": 5.616777}}
{"target": -36.33733748343849, "params": {"C": 699.914034708535, "gamma": 0.057549264083759315}, "datetime": {"datetime": "2021-09-28 13:47:49", "elapsed": 1437.431604, "delta": 7.190809}}
{"target": -36.556509391552524, "params": {"C": 833.1943285963227, "gamma": 0.029353239618498058}, "datetime": {"datetime": "2021-09-28 13:47:54", "elapsed": 1443.068137, "delta": 5.636533}}
{"target": -36.168350831055, "params": {"C": 889.7896856757502, "gamma": 0.03598252068366202}, "datetime": {"datetime": "2021-09-28 13:48:02", "elapsed": 1450.704795, "delta": 7.636658}}
{"target": -35.98110881589185, "params": {"C": 879.1135170626078, "gamma": 0.06908135447612802}, "datetime": {"datetime": "2021-09-28 13:48:11", "elapsed": 1459.329648, "delta": 8.624853}}
{"target": -35.9139868472693, "params": {"C": 888.8385562732126, "gamma": 0.06204814344016354}, "datetime": {"datetime": "2021-09-28 13:48:18", "elapsed": 1466.821779, "delta": 7.492131}}
{"target": -35.855909169622144, "params": {"C": 910.4776000831519, "gamma": 0.05268145596984126}, "datetime": {"datetime": "2021-09-28 13:48:22", "elapsed": 1470.357899, "delta": 3.53612}}
{"target": -36.05898714680498, "params": {"C": 910.4482430140451, "gamma": 0.08238949783525659}, "datetime": {"datetime": "2021-09-28 13:48:31", "elapsed": 1479.526552, "delta": 9.168653}}
{"target": -36.536083964871956, "params": {"C": 910.443747477825, "gamma": 0.027021379507397265}, "datetime": {"datetime": "2021-09-28 13:48:42", "elapsed": 1490.73068, "delta": 11.204128}}
{"target": -37.687355794274644, "params": {"C": 649.7015954431738, "gamma": 0.15826325948166686}, "datetime": {"datetime": "2021-09-28 13:48:46", "elapsed": 1494.815372, "delta": 4.084692}}
{"target": -36.08189854133118, "params": {"C": 889.7908751980567, "gamma": 0.08134629959986511}, "datetime": {"datetime": "2021-09-28 13:48:55", "elapsed": 1504.19286, "delta": 9.377488}}
{"target": -36.381531362657334, "params": {"C": 889.7438807142597, "gamma": 0.10607167653999851}, "datetime": {"datetime": "2021-09-28 13:49:03", "elapsed": 1511.474287, "delta": 7.281427}}
{"target": -36.0242817355651, "params": {"C": 910.5144502062798, "gamma": 0.07917944386321345}, "datetime": {"datetime": "2021-09-28 13:49:10", "elapsed": 1518.843721, "delta": 7.369434}}
{"target": -37.2480657048018, "params": {"C": 910.4375924766075, "gamma": 0.1721078896067048}, "datetime": {"datetime": "2021-09-28 13:49:18", "elapsed": 1526.89955, "delta": 8.055829}}
{"target": -37.093220536067136, "params": {"C": 910.543468510831, "gamma": 0.01907259693626366}, "datetime": {"datetime": "2021-09-28 13:49:23", "elapsed": 1532.173836, "delta": 5.274286}}
{"target": -35.92134312977005, "params": {"C": 889.844213686403, "gamma": 0.06349703275754315}, "datetime": {"datetime": "2021-09-28 13:49:34", "elapsed": 1542.666652, "delta": 10.492816}}
{"target": -36.027485050605215, "params": {"C": 837.0831140129058, "gamma": 0.049747001434922125}, "datetime": {"datetime": "2021-09-28 13:49:38", "elapsed": 1546.363084, "delta": 3.696432}}
{"target": -35.89765295731553, "params": {"C": 889.8867366181172, "gamma": 0.052357317094058525}, "datetime": {"datetime": "2021-09-28 13:49:44", "elapsed": 1553.183281, "delta": 6.820197}}
{"target": -38.84635696094452, "params": {"C": 805.050960836812, "gamma": 0.0069381630685320436}, "datetime": {"datetime": "2021-09-28 13:49:48", "elapsed": 1557.155087, "delta": 3.971806}}
{"target": -37.74306645568092, "params": {"C": 889.9001327954404, "gamma": 0.012931229567492805}, "datetime": {"datetime": "2021-09-28 13:49:57", "elapsed": 1566.126521, "delta": 8.971434}}
{"target": -36.72656454727209, "params": {"C": 615.3000258015463, "gamma": 0.08092766178793624}, "datetime": {"datetime": "2021-09-28 13:50:01", "elapsed": 1569.433834, "delta": 3.307313}}
{"target": -38.01329180186638, "params": {"C": 655.6372980170431, "gamma": 0.18298418386498583}, "datetime": {"datetime": "2021-09-28 13:50:04", "elapsed": 1573.14082, "delta": 3.706986}}
{"target": -36.98947400553094, "params": {"C": 907.9819254025189, "gamma": 0.15475451363992293}, "datetime": {"datetime": "2021-09-28 13:50:08", "elapsed": 1576.859589, "delta": 3.718769}}
{"target": -36.369654872782206, "params": {"C": 889.9206460192711, "gamma": 0.10517022625120465}, "datetime": {"datetime": "2021-09-28 13:50:14", "elapsed": 1582.618577, "delta": 5.758988}}
{"target": -36.457598490482646, "params": {"C": 889.850622299715, "gamma": 0.11197062243562587}, "datetime": {"datetime": "2021-09-28 13:50:22", "elapsed": 1591.087212, "delta": 8.468635}}
{"target": -37.521915109284436, "params": {"C": 875.3239995859731, "gamma": 0.1856738822379171}, "datetime": {"datetime": "2021-09-28 13:50:26", "elapsed": 1595.144128, "delta": 4.056916}}
{"target": -37.68701391081843, "params": {"C": 675.276613355965, "gamma": 0.16356307034927295}, "datetime": {"datetime": "2021-09-28 13:50:30", "elapsed": 1599.135415, "delta": 3.991287}}
{"target": -36.9222684298107, "params": {"C": 629.8559466361689, "gamma": 0.10056839539700654}, "datetime": {"datetime": "2021-09-28 13:50:35", "elapsed": 1604.080849, "delta": 4.945434}}
{"target": -36.51580416868761, "params": {"C": 837.0638861982436, "gamma": 0.1094699299977674}, "datetime": {"datetime": "2021-09-28 13:50:42", "elapsed": 1610.978818, "delta": 6.897969}}
{"target": -36.191388580837916, "params": {"C": 837.1369207097125, "gamma": 0.08297356834767852}, "datetime": {"datetime": "2021-09-28 13:50:53", "elapsed": 1621.825996, "delta": 10.847178}}
{"target": -36.28283704692252, "params": {"C": 1550.7979025745753, "gamma": 0.14308882541053045}, "datetime": {"datetime": "2021-09-28 13:55:38", "elapsed": 0.0, "delta": 0.0}}
{"target": -35.87870758301641, "params": {"C": 1290.9047389129444, "gamma": 0.10461138301354429}, "datetime": {"datetime": "2021-09-28 13:55:38", "elapsed": 0.280998, "delta": 0.280998}}
{"target": -36.6501397540347, "params": {"C": 1892.9469543476548, "gamma": 0.17977715234202044}, "datetime": {"datetime": "2021-09-28 13:55:38", "elapsed": 0.477001, "delta": 0.196003}}
{"target": -35.56450691700828, "params": {"C": 1125.5853104638363, "gamma": 0.04541236123694642}, "datetime": {"datetime": "2021-09-28 13:55:38", "elapsed": 0.667466, "delta": 0.190465}}
{"target": -35.950599017133435, "params": {"C": 1051.4672033008299, "gamma": 0.09095791951187412}, "datetime": {"datetime": "2021-09-28 13:55:38", "elapsed": 0.855467, "delta": 0.188001}}
{"target": -36.0177619997482, "params": {"C": 1029.876210878567, "gamma": 0.09408247875696867}, "datetime": {"datetime": "2021-09-28 13:55:39", "elapsed": 1.036467, "delta": 0.181}}
{"target": -37.224530767873894, "params": {"C": 1194.0082883868183, "gamma": 0.2}, "datetime": {"datetime": "2021-09-28 13:55:39", "elapsed": 1.511162, "delta": 0.474695}}
{"target": -37.06070947160876, "params": {"C": 1129.3839824946456, "gamma": 0.18165921818249425}, "datetime": {"datetime": "2021-09-28 13:55:39", "elapsed": 1.807165, "delta": 0.296003}}
{"target": -35.442204400765014, "params": {"C": 1471.4430704154797, "gamma": 0.03179697184327604}, "datetime": {"datetime": "2021-09-28 13:55:42", "elapsed": 4.233433, "delta": 2.426268}}
{"target": -35.16008069619235, "params": {"C": 1471.5559228598686, "gamma": 0.04818500117149312}, "datetime": {"datetime": "2021-09-28 13:55:42", "elapsed": 4.560795, "delta": 0.327362}}
{"target": -36.975299548231966, "params": {"C": 1279.0235505775074, "gamma": 0.1848874402335054}, "datetime": {"datetime": "2021-09-28 13:55:42", "elapsed": 4.819794, "delta": 0.258999}}
{"target": -36.46971322605453, "params": {"C": 1419.861659579808, "gamma": 0.01852308811760564}, "datetime": {"datetime": "2021-09-28 13:55:43", "elapsed": 5.101797, "delta": 0.282003}}
{"target": -37.732655091985166, "params": {"C": 1471.9208996876496, "gamma": 0.008166690446887231}, "datetime": {"datetime": "2021-09-28 13:55:43", "elapsed": 5.481798, "delta": 0.380001}}
{"target": -36.7321329511751, "params": {"C": 1941.4469745329993, "gamma": 0.18850673221422637}, "datetime": {"datetime": "2021-09-28 13:55:44", "elapsed": 6.046795, "delta": 0.564997}}
{"target": -36.892737349891696, "params": {"C": 1125.4612825211273, "gamma": 0.1683248818986359}, "datetime": {"datetime": "2021-09-28 13:55:44", "elapsed": 6.482795, "delta": 0.436}}
{"target": -36.9098655705353, "params": {"C": 1471.5375915954855, "gamma": 0.1904580994932828}, "datetime": {"datetime": "2021-09-28 13:55:44", "elapsed": 6.81347, "delta": 0.330675}}
{"target": -35.428830851267406, "params": {"C": 1290.8938644546297, "gamma": 0.0685531686238875}, "datetime": {"datetime": "2021-09-28 13:55:45", "elapsed": 7.113156, "delta": 0.299686}}
{"target": -35.341827562986886, "params": {"C": 1290.7806015751542, "gamma": 0.04840934814700906}, "datetime": {"datetime": "2021-09-28 13:55:45", "elapsed": 7.433163, "delta": 0.320007}}
{"target": -36.22104851159935, "params": {"C": 1646.2743126173586, "gamma": 0.14054254019079493}, "datetime": {"datetime": "2021-09-28 13:55:45", "elapsed": 7.865154, "delta": 0.431991}}
{"target": -35.17221672986956, "params": {"C": 1471.6573799913363, "gamma": 0.055084139597016996}, "datetime": {"datetime": "2021-09-28 13:55:46", "elapsed": 8.352154, "delta": 0.487}}
{"target": -36.675263154997914, "params": {"C": 1802.7591484262434, "gamma": 0.18092789721171632}, "datetime": {"datetime": "2021-09-28 13:55:46", "elapsed": 8.746013, "delta": 0.393859}}
{"target": -36.166300074515924, "params": {"C": 1411.370190227297, "gamma": 0.13103123074436054}, "datetime": {"datetime": "2021-09-28 13:55:47", "elapsed": 9.381029, "delta": 0.635016}}
{"target": -35.97139070826357, "params": {"C": 1902.0494569365267, "gamma": 0.1266469436276049}, "datetime": {"datetime": "2021-09-28 13:55:47", "elapsed": 9.806009, "delta": 0.42498}}
{"target": -36.704376551798845, "params": {"C": 1325.4719649974622, "gamma": 0.16586270596882552}, "datetime": {"datetime": "2021-09-28 13:55:48", "elapsed": 10.161012, "delta": 0.355003}}
{"target": -37.900595439053134, "params": {"C": 1290.8301963529366, "gamma": 0.008175372229271217}, "datetime": {"datetime": "2021-09-28 13:55:48", "elapsed": 10.526011, "delta": 0.364999}}
{"target": -36.29188549980056, "params": {"C": 1495.0614072656704, "gamma": 0.019528176480562327}, "datetime": {"datetime": "2021-09-28 13:55:48", "elapsed": 10.932168, "delta": 0.406157}}
{"target": -35.55955038586862, "params": {"C": 1250.069833223618, "gamma": 0.07728880997253908}, "datetime": {"datetime": "2021-09-28 13:55:49", "elapsed": 11.25207, "delta": 0.319902}}
{"target": -36.63239437348158, "params": {"C": 1614.4238105172699, "gamma": 0.01520029479070148}, "datetime": {"datetime": "2021-09-28 13:55:49", "elapsed": 11.740073, "delta": 0.488003}}
{"target": -35.40478284764586, "params": {"C": 1250.0443672134475, "gamma": 0.04618644566464616}, "datetime": {"datetime": "2021-09-28 13:55:50", "elapsed": 12.11407, "delta": 0.373997}}
{"target": -35.01865550285469, "params": {"C": 1894.858954827103, "gamma": 0.03656869331463406}, "datetime": {"datetime": "2021-09-28 13:55:50", "elapsed": 12.493073, "delta": 0.379003}}
{"target": -37.433912838308736, "params": {"C": 1015.8924154138801, "gamma": 0.19809881923197417}, "datetime": {"datetime": "2021-09-28 13:55:50", "elapsed": 12.890073, "delta": 0.397}}
{"target": -35.711700246709555, "params": {"C": 1035.104153248423, "gamma": 0.06567093509661556}, "datetime": {"datetime": "2021-09-28 13:55:51", "elapsed": 13.234075, "delta": 0.344002}}
{"target": -36.501603247818075, "params": {"C": 1471.5300589435208, "gamma": 0.017656035993686325}, "datetime": {"datetime": "2021-09-28 13:55:51", "elapsed": 13.659074, "delta": 0.424999}}
{"target": -35.8467060052174, "params": {"C": 1035.136768507974, "gamma": 0.0803548467746379}, "datetime": {"datetime": "2021-09-28 13:55:52", "elapsed": 14.139072, "delta": 0.479998}}
{"target": -36.67511594755196, "params": {"C": 1921.463745580751, "gamma": 0.18268251011998105}, "datetime": {"datetime": "2021-09-28 13:55:52", "elapsed": 14.596073, "delta": 0.457001}}
{"target": -36.77793730606517, "params": {"C": 1706.153927790431, "gamma": 0.187834824670418}, "datetime": {"datetime": "2021-09-28 13:55:53", "elapsed": 14.971766, "delta": 0.375693}}
{"target": -35.92508350178614, "params": {"C": 1094.0639896253297, "gamma": 0.09309733281956055}, "datetime": {"datetime": "2021-09-28 13:55:53", "elapsed": 15.419766, "delta": 0.448}}
{"target": -35.504807316432995, "params": {"C": 1581.179058744465, "gamma": 0.0894169835624822}, "datetime": {"datetime": "2021-09-28 13:55:53", "elapsed": 15.929771, "delta": 0.510005}}
{"target": -38.11033870383414, "params": {"C": 1169.4139602477821, "gamma": 0.007693312608579001}, "datetime": {"datetime": "2021-09-28 13:55:54", "elapsed": 16.347766, "delta": 0.417995}}
{"target": -35.41235282417103, "params": {"C": 1471.54656408838, "gamma": 0.07855534976564015}, "datetime": {"datetime": "2021-09-28 13:55:54", "elapsed": 16.79901, "delta": 0.451244}}
{"target": -36.352527678233955, "params": {"C": 1138.3747151381751, "gamma": 0.1293862256321188}, "datetime": {"datetime": "2021-09-28 13:55:55", "elapsed": 17.233438, "delta": 0.434428}}
{"target": -35.705316206449346, "params": {"C": 1696.689068435645, "gamma": 0.1053380703900664}, "datetime": {"datetime": "2021-09-28 13:55:55", "elapsed": 17.690437, "delta": 0.456999}}
{"target": -36.135191020893224, "params": {"C": 1094.0571620036155, "gamma": 0.10912323729173797}, "datetime": {"datetime": "2021-09-28 13:55:56", "elapsed": 18.075437, "delta": 0.385}}
{"target": -35.991138922949666, "params": {"C": 1471.60206772771, "gamma": 0.023241385474676007}, "datetime": {"datetime": "2021-09-28 13:55:56", "elapsed": 18.535438, "delta": 0.460001}}
{"target": -36.561657092201685, "params": {"C": 1894.807640476958, "gamma": 0.01390356708303921}, "datetime": {"datetime": "2021-09-28 13:55:57", "elapsed": 19.171781, "delta": 0.636343}}
{"target": -35.36962255077906, "params": {"C": 1471.6651002666797, "gamma": 0.033725230639531326}, "datetime": {"datetime": "2021-09-28 13:55:57", "elapsed": 19.71478, "delta": 0.542999}}
