{"target": -36.39923821634925, "params": {"C": 4614.445325776347, "gamma": 0.15895586154905447}, "datetime": {"datetime": "2021-09-28 16:20:35", "elapsed": 549.970441, "delta": 2.400015}}
{"target": -35.06263250223191, "params": {"C": 4062.5759496574738, "gamma": 0.07483496661517948}, "datetime": {"datetime": "2021-09-28 16:20:38", "elapsed": 552.167741, "delta": 2.1973}}
{"target": -36.63594818550517, "params": {"C": 4012.812221236864, "gamma": 0.1788757595242336}, "datetime": {"datetime": "2021-09-28 16:20:40", "elapsed": 554.405041, "delta": 2.2373}}
{"target": -36.626775258951625, "params": {"C": 4236.679529580497, "gamma": 0.177734020258818}, "datetime": {"datetime": "2021-09-28 16:20:42", "elapsed": 556.72178, "delta": 2.316739}}
{"target": -36.67415242616569, "params": {"C": 4407.120834374885, "gamma": 0.18165911281742414}, "datetime": {"datetime": "2021-09-28 16:20:44", "elapsed": 558.854031, "delta": 2.132251}}
{"target": -34.74062087671522, "params": {"C": 4321.876343195299, "gamma": 0.024687350767345635}, "datetime": {"datetime": "2021-09-28 16:20:48", "elapsed": 562.182284, "delta": 3.328253}}
{"target": -34.80805580483235, "params": {"C": 4419.676270508345, "gamma": 0.05736186045876401}, "datetime": {"datetime": "2021-09-28 16:20:51", "elapsed": 565.619904, "delta": 3.43762}}
{"target": -35.5315037014492, "params": {"C": 4353.056224658196, "gamma": 0.10057957524805902}, "datetime": {"datetime": "2021-09-28 16:20:56", "elapsed": 570.976784, "delta": 5.35688}}
{"target": -36.130400111177096, "params": {"C": 4451.698942780546, "gamma": 0.13907490396450037}, "datetime": {"datetime": "2021-09-28 16:20:59", "elapsed": 573.225449, "delta": 2.248665}}
{"target": -34.765608091815245, "params": {"C": 4406.198418707782, "gamma": 0.054065311260147526}, "datetime": {"datetime": "2021-09-28 16:21:02", "elapsed": 576.908829, "delta": 3.68338}}
{"target": -34.68672962358077, "params": {"C": 4321.806040338109, "gamma": 0.027629964389969515}, "datetime": {"datetime": "2021-09-28 16:21:06", "elapsed": 580.032881, "delta": 3.124052}}
{"target": -35.67981260696901, "params": {"C": 4723.484935137814, "gamma": 0.10752648889198115}, "datetime": {"datetime": "2021-09-28 16:21:09", "elapsed": 583.270918, "delta": 3.238037}}
{"target": -34.997981528870184, "params": {"C": 4568.348617351769, "gamma": 0.07089545818729609}, "datetime": {"datetime": "2021-09-28 16:21:14", "elapsed": 588.238341, "delta": 4.967423}}
{"target": -34.80482699155292, "params": {"C": 4321.793984352614, "gamma": 0.056901240605690094}, "datetime": {"datetime": "2021-09-28 16:21:16", "elapsed": 590.209256, "delta": 1.970915}}
{"target": -35.48995597185022, "params": {"C": 4273.391859906954, "gamma": 0.015258139399376345}, "datetime": {"datetime": "2021-09-28 16:21:20", "elapsed": 594.110272, "delta": 3.901016}}
{"target": -35.17021230204033, "params": {"C": 4419.720443701809, "gamma": 0.01775947077352551}, "datetime": {"datetime": "2021-09-28 16:21:23", "elapsed": 597.052967, "delta": 2.942695}}
{"target": -34.590599182318456, "params": {"C": 4914.330535219582, "gamma": 0.03050646663655054}, "datetime": {"datetime": "2021-09-28 16:21:25", "elapsed": 599.464641, "delta": 2.411674}}
{"target": -36.400249985030506, "params": {"C": 4297.111664934503, "gamma": 0.15986571292693935}, "datetime": {"datetime": "2021-09-28 16:21:27", "elapsed": 601.432602, "delta": 1.967961}}
{"target": -35.048826681632605, "params": {"C": 4475.606108499801, "gamma": 0.07423183239012222}, "datetime": {"datetime": "2021-09-28 16:21:29", "elapsed": 603.278894, "delta": 1.846292}}
{"target": -36.82541490659595, "params": {"C": 4323.827170797241, "gamma": 0.0064119859530399025}, "datetime": {"datetime": "2021-09-28 16:21:33", "elapsed": 607.67915, "delta": 4.400256}}
{"target": -35.54676259909959, "params": {"C": 4364.333347275147, "gamma": 0.1013950024163222}, "datetime": {"datetime": "2021-09-28 16:21:35", "elapsed": 609.900774, "delta": 2.221624}}
{"target": -34.76318757713336, "params": {"C": 4848.57764775105, "gamma": 0.05485521141123841}, "datetime": {"datetime": "2021-09-28 16:21:39", "elapsed": 613.625691, "delta": 3.724917}}
{"target": -36.17476452601537, "params": {"C": 4306.970041907861, "gamma": 0.14310675826754402}, "datetime": {"datetime": "2021-09-28 16:21:41", "elapsed": 615.928, "delta": 2.302309}}
{"target": -34.93757126691284, "params": {"C": 4914.304252301654, "gamma": 0.0671366772700023}, "datetime": {"datetime": "2021-09-28 16:21:46", "elapsed": 620.623566, "delta": 4.695566}}
{"target": -35.55601641621169, "params": {"C": 4014.189734674179, "gamma": 0.10334102969433007}, "datetime": {"datetime": "2021-09-28 16:21:48", "elapsed": 622.927858, "delta": 2.304292}}
{"target": -36.145612160528394, "params": {"C": 4578.871132902537, "gamma": 0.1393614460982171}, "datetime": {"datetime": "2021-09-28 16:21:50", "elapsed": 624.849104, "delta": 1.921246}}
{"target": -34.80299483918187, "params": {"C": 4406.253251147076, "gamma": 0.05695151579805076}, "datetime": {"datetime": "2021-09-28 16:21:54", "elapsed": 628.264035, "delta": 3.414931}}
{"target": -36.33572605440626, "params": {"C": 4568.358639965221, "gamma": 0.008644756469171563}, "datetime": {"datetime": "2021-09-28 16:21:57", "elapsed": 631.004327, "delta": 2.740292}}
{"target": -36.28262239731307, "params": {"C": 4619.650916203602, "gamma": 0.008901293390021344}, "datetime": {"datetime": "2021-09-28 16:22:00", "elapsed": 634.769889, "delta": 3.765562}}
{"target": -35.96189800498853, "params": {"C": 4681.984404133576, "gamma": 0.010963655163562748}, "datetime": {"datetime": "2021-09-28 16:22:02", "elapsed": 636.892152, "delta": 2.122263}}
{"target": -34.77527295238784, "params": {"C": 4406.31025065284, "gamma": 0.023088354042834745}, "datetime": {"datetime": "2021-09-28 16:22:06", "elapsed": 640.518979, "delta": 3.626827}}
{"target": -34.924844664570784, "params": {"C": 4619.57241078026, "gamma": 0.01984063820183498}, "datetime": {"datetime": "2021-09-28 16:22:10", "elapsed": 644.208304, "delta": 3.689325}}
{"target": -34.99887860785364, "params": {"C": 4321.886445085945, "gamma": 0.07073171020722334}, "datetime": {"datetime": "2021-09-28 16:22:14", "elapsed": 648.293818, "delta": 4.085514}}
{"target": -36.026594716526525, "params": {"C": 4387.371471264301, "gamma": 0.13187839447329708}, "datetime": {"datetime": "2021-09-28 16:22:16", "elapsed": 650.308223, "delta": 2.014405}}
{"target": -34.81256765106712, "params": {"C": 4323.832722912196, "gamma": 0.057493235543664076}, "datetime": {"datetime": "2021-09-28 16:22:19", "elapsed": 653.065971, "delta": 2.757748}}
{"target": -34.701613052642614, "params": {"C": 4897.257135882266, "gamma": 0.02386651405769881}, "datetime": {"datetime": "2021-09-28 16:22:22", "elapsed": 656.425073, "delta": 3.359102}}
{"target": -34.58649763716923, "params": {"C": 4897.297223011473, "gamma": 0.031006812801780526}, "datetime": {"datetime": "2021-09-28 16:22:25", "elapsed": 659.359391, "delta": 2.934318}}
{"target": -35.89674436819148, "params": {"C": 4045.2891058073046, "gamma": 0.01235540846115195}, "datetime": {"datetime": "2021-09-28 16:22:28", "elapsed": 662.878055, "delta": 3.518664}}
{"target": -34.56942786070602, "params": {"C": 4914.387294360796, "gamma": 0.03531926632316547}, "datetime": {"datetime": "2021-09-28 16:22:32", "elapsed": 666.262801, "delta": 3.384746}}
{"target": -36.80299516831621, "params": {"C": 4032.722970328812, "gamma": 0.1939467098515177}, "datetime": {"datetime": "2021-09-28 16:22:34", "elapsed": 668.394454, "delta": 2.131653}}
{"target": -35.12963754080279, "params": {"C": 4600.63585624851, "gamma": 0.07871862967355413}, "datetime": {"datetime": "2021-09-28 16:22:36", "elapsed": 670.345302, "delta": 1.950848}}
{"target": -35.59504821786472, "params": {"C": 4124.165084569317, "gamma": 0.10516214313020858}, "datetime": {"datetime": "2021-09-28 16:22:38", "elapsed": 672.3975, "delta": 2.052198}}
{"target": -36.61048052976583, "params": {"C": 4325.131519474831, "gamma": 0.17619587557599992}, "datetime": {"datetime": "2021-09-28 16:22:40", "elapsed": 674.463432, "delta": 2.065932}}
{"target": -35.6015669239274, "params": {"C": 4914.349272473825, "gamma": 0.013288215726546381}, "datetime": {"datetime": "2021-09-28 16:22:45", "elapsed": 679.859574, "delta": 5.396142}}
{"target": -34.83136393627327, "params": {"C": 4914.2548147566695, "gamma": 0.020408812735389237}, "datetime": {"datetime": "2021-09-28 16:22:49", "elapsed": 683.268247, "delta": 3.408673}}
{"target": -34.75792292851382, "params": {"C": 4897.338107538778, "gamma": 0.054552171879732304}, "datetime": {"datetime": "2021-09-28 16:22:52", "elapsed": 686.471497, "delta": 3.20325}}
{"target": -36.706941618590186, "params": {"C": 4724.440711855051, "gamma": 0.1837081195369298}, "datetime": {"datetime": "2021-09-28 16:22:54", "elapsed": 688.560982, "delta": 2.089485}}
{"target": -34.89539361776429, "params": {"C": 4914.423515507156, "gamma": 0.06430975441336147}, "datetime": {"datetime": "2021-09-28 16:22:57", "elapsed": 691.542995, "delta": 2.982013}}
{"target": -35.312075328084056, "params": {"C": 4822.910483708688, "gamma": 0.015705667357621078}, "datetime": {"datetime": "2021-09-28 16:23:01", "elapsed": 695.14684, "delta": 3.603845}}
{"target": -34.906067227925995, "params": {"C": 4897.273627188311, "gamma": 0.0650135611737271}, "datetime": {"datetime": "2021-09-28 16:23:04", "elapsed": 698.205389, "delta": 3.058549}}
{"target": -35.33901771415112, "params": {"C": 4914.389371811375, "gamma": 0.08843809661249855}, "datetime": {"datetime": "2021-09-28 16:23:10", "elapsed": 704.226303, "delta": 6.020914}}
{"target": -34.63294229344102, "params": {"C": 4406.344827994077, "gamma": 0.04206463069525217}, "datetime": {"datetime": "2021-09-28 16:23:13", "elapsed": 707.930241, "delta": 3.703938}}
{"target": -34.95810566827681, "params": {"C": 4722.103831286136, "gamma": 0.06835034987976402}, "datetime": {"datetime": "2021-09-28 16:23:17", "elapsed": 711.134462, "delta": 3.204221}}
{"target": -36.63522152254692, "params": {"C": 4188.225847317981, "gamma": 0.178543280351003}, "datetime": {"datetime": "2021-09-28 16:23:19", "elapsed": 713.180332, "delta": 2.04587}}
{"target": -35.004383602332865, "params": {"C": 4024.7784149403124, "gamma": 0.07075828824816686}, "datetime": {"datetime": "2021-09-28 16:23:24", "elapsed": 718.887849, "delta": 5.707517}}
{"target": -34.6258579384487, "params": {"C": 4321.913268581569, "gamma": 0.040800681001412126}, "datetime": {"datetime": "2021-09-28 16:23:28", "elapsed": 722.033706, "delta": 3.145857}}
{"target": -34.850280657481626, "params": {"C": 4878.979746632507, "gamma": 0.06117826460539563}, "datetime": {"datetime": "2021-09-28 16:23:31", "elapsed": 725.115611, "delta": 3.081905}}
{"target": -34.60302647855312, "params": {"C": 4914.440081501203, "gamma": 0.029489552343573144}, "datetime": {"datetime": "2021-09-28 16:23:34", "elapsed": 728.813119, "delta": 3.697508}}
{"target": -35.62589083115903, "params": {"C": 4228.638051556166, "gamma": 0.1065260045982328}, "datetime": {"datetime": "2021-09-28 16:23:38", "elapsed": 732.943268, "delta": 4.130149}}
{"target": -35.471223265040436, "params": {"C": 4878.961001010411, "gamma": 0.09538575725298236}, "datetime": {"datetime": "2021-09-28 16:23:43", "elapsed": 737.3948, "delta": 4.451532}}
{"target": -34.74482661172142, "params": {"C": 4406.389398243163, "gamma": 0.05240122448246008}, "datetime": {"datetime": "2021-09-28 16:23:48", "elapsed": 742.600626, "delta": 5.205826}}
{"target": -34.6724008924359, "params": {"C": 4914.415216708284, "gamma": 0.02519717830944216}, "datetime": {"datetime": "2021-09-28 16:23:52", "elapsed": 746.746682, "delta": 4.146056}}
{"target": -36.58694649745157, "params": {"C": 4997.872106470521, "gamma": 0.17287522530365668}, "datetime": {"datetime": "2021-09-28 16:23:55", "elapsed": 749.111688, "delta": 2.365006}}
{"target": -35.90306684955763, "params": {"C": 4658.01994268264, "gamma": 0.12170032087420428}, "datetime": {"datetime": "2021-09-28 16:23:57", "elapsed": 751.476556, "delta": 2.364868}}
{"target": -36.57290317697266, "params": {"C": 4479.398077314894, "gamma": 0.1728024696075006}, "datetime": {"datetime": "2021-09-28 16:23:59", "elapsed": 753.868087, "delta": 2.391531}}
{"target": -35.11546216801302, "params": {"C": 4174.6513718128435, "gamma": 0.07853387089330176}, "datetime": {"datetime": "2021-09-28 16:24:05", "elapsed": 759.36233, "delta": 5.494243}}
{"target": -34.5880035844844, "params": {"C": 4619.603206260565, "gamma": 0.03512848785724583}, "datetime": {"datetime": "2021-09-28 16:24:09", "elapsed": 763.595878, "delta": 4.233548}}
{"target": -34.95313177288122, "params": {"C": 4406.350030537589, "gamma": 0.06769323296438592}, "datetime": {"datetime": "2021-09-28 16:24:12", "elapsed": 766.819972, "delta": 3.224094}}
{"target": -36.325681031081366, "params": {"C": 4708.538654240642, "gamma": 0.15231122646576495}, "datetime": {"datetime": "2021-09-28 16:24:15", "elapsed": 769.401218, "delta": 2.581246}}
{"target": -35.71043152450315, "params": {"C": 4545.792183845928, "gamma": 0.013014027700687731}, "datetime": {"datetime": "2021-09-28 16:24:18", "elapsed": 772.172519, "delta": 2.771301}}
{"target": -34.817854585367314, "params": {"C": 4914.350932179409, "gamma": 0.058950499500562595}, "datetime": {"datetime": "2021-09-28 16:24:22", "elapsed": 776.328851, "delta": 4.156332}}
{"target": -35.51102205139437, "params": {"C": 4914.242533940282, "gamma": 0.09737721055155807}, "datetime": {"datetime": "2021-09-28 16:24:26", "elapsed": 779.99071, "delta": 3.661859}}
{"target": -34.734852660272736, "params": {"C": 4756.450722257965, "gamma": 0.023089672172974373}, "datetime": {"datetime": "2021-09-28 16:24:29", "elapsed": 783.674323, "delta": 3.683613}}
{"target": -34.6426285516543, "params": {"C": 4052.0825296099097, "gamma": 0.0402537061958604}, "datetime": {"datetime": "2021-09-28 16:24:32", "elapsed": 786.226025, "delta": 2.551702}}
{"target": -35.283216392470564, "params": {"C": 4671.7934331183105, "gamma": 0.08629344516881547}, "datetime": {"datetime": "2021-09-28 16:24:34", "elapsed": 788.844703, "delta": 2.618678}}
{"target": -34.708838157093744, "params": {"C": 4878.876510824763, "gamma": 0.02362995884314891}, "datetime": {"datetime": "2021-09-28 16:24:40", "elapsed": 794.466995, "delta": 5.622292}}
{"target": -34.74756132104221, "params": {"C": 4024.754694432147, "gamma": 0.05144708848500061}, "datetime": {"datetime": "2021-09-28 16:24:42", "elapsed": 796.772779, "delta": 2.305784}}
{"target": -35.053427193009796, "params": {"C": 4816.9678050567545, "gamma": 0.0744272996316204}, "datetime": {"datetime": "2021-09-28 16:24:47", "elapsed": 801.41738, "delta": 4.644601}}
{"target": -35.788066169061366, "params": {"C": 4348.7866952380145, "gamma": 0.11587539131786627}, "datetime": {"datetime": "2021-09-28 16:24:51", "elapsed": 805.684931, "delta": 4.267551}}
{"target": -35.27550380644306, "params": {"C": 4301.963588343254, "gamma": 0.08692551798171831}, "datetime": {"datetime": "2021-09-28 16:24:54", "elapsed": 808.049649, "delta": 2.364718}}
{"target": -35.677004926711994, "params": {"C": 4052.054815214523, "gamma": 0.01412223007841016}, "datetime": {"datetime": "2021-09-28 16:24:57", "elapsed": 811.495303, "delta": 3.445654}}
{"target": -35.17594969473746, "params": {"C": 4052.0800002029578, "gamma": 0.08205240745122774}, "datetime": {"datetime": "2021-09-28 16:25:01", "elapsed": 815.267999, "delta": 3.772696}}
{"target": -36.235223402266904, "params": {"C": 4370.261700872836, "gamma": 0.14749550526557648}, "datetime": {"datetime": "2021-09-28 16:25:03", "elapsed": 817.624281, "delta": 2.356282}}
{"target": -35.35963267010381, "params": {"C": 4897.212232849144, "gamma": 0.015188700061827695}, "datetime": {"datetime": "2021-09-28 16:25:10", "elapsed": 824.896008, "delta": 7.271727}}
{"target": -36.85244152488034, "params": {"C": 4897.344121906462, "gamma": 0.005752332284252559}, "datetime": {"datetime": "2021-09-28 16:25:14", "elapsed": 828.219611, "delta": 3.323603}}
{"target": -34.94779044022028, "params": {"C": 4052.1080008280705, "gamma": 0.021091330168312605}, "datetime": {"datetime": "2021-09-28 16:25:18", "elapsed": 832.542436, "delta": 4.322825}}
{"target": -35.025531844719396, "params": {"C": 4848.629224541709, "gamma": 0.07288953841666862}, "datetime": {"datetime": "2021-09-28 16:25:21", "elapsed": 835.936871, "delta": 3.394435}}
{"target": -35.40986081969643, "params": {"C": 4823.632930262117, "gamma": 0.0923525402026146}, "datetime": {"datetime": "2021-09-28 16:25:24", "elapsed": 838.562183, "delta": 2.625312}}
{"target": -34.583935702321064, "params": {"C": 4914.474333117292, "gamma": 0.038848469152524205}, "datetime": {"datetime": "2021-09-28 16:25:27", "elapsed": 841.628997, "delta": 3.066814}}
{"target": -34.575775039533355, "params": {"C": 4914.529944463309, "gamma": 0.03772436523487774}, "datetime": {"datetime": "2021-09-28 16:25:33", "elapsed": 847.677478, "delta": 6.048481}}
{"target": -36.35446822839718, "params": {"C": 4321.961185337821, "gamma": 0.008814884595978985}, "datetime": {"datetime": "2021-09-28 16:25:37", "elapsed": 851.404178, "delta": 3.7267}}
{"target": -35.316498384598745, "params": {"C": 4914.499019051167, "gamma": 0.08729934156616836}, "datetime": {"datetime": "2021-09-28 16:25:42", "elapsed": 855.991176, "delta": 4.586998}}
{"target": -35.06992031162892, "params": {"C": 4174.613179888652, "gamma": 0.019331303149320942}, "datetime": {"datetime": "2021-09-28 16:25:46", "elapsed": 860.907337, "delta": 4.916161}}
{"target": -34.87268054212447, "params": {"C": 4914.574709448532, "gamma": 0.06276533635662121}, "datetime": {"datetime": "2021-09-28 16:25:52", "elapsed": 866.837912, "delta": 5.930575}}
{"target": -34.60816192466735, "params": {"C": 4406.424056083366, "gamma": 0.037694584531618724}, "datetime": {"datetime": "2021-09-28 16:25:58", "elapsed": 872.330056, "delta": 5.492144}}
{"target": -34.810885785620755, "params": {"C": 4029.803560103012, "gamma": 0.05663562055314105}, "datetime": {"datetime": "2021-09-28 16:26:01", "elapsed": 875.483802, "delta": 3.153746}}
{"target": -34.78674571345234, "params": {"C": 4321.79811974414, "gamma": 0.05551022544177422}, "datetime": {"datetime": "2021-09-28 16:26:04", "elapsed": 878.131087, "delta": 2.647285}}
{"target": -34.67799772154841, "params": {"C": 4406.367923097103, "gamma": 0.027637486795533506}, "datetime": {"datetime": "2021-09-28 16:26:07", "elapsed": 881.802882, "delta": 3.671795}}
{"target": -34.70198026309964, "params": {"C": 4914.491220209904, "gamma": 0.02377842576919198}, "datetime": {"datetime": "2021-09-28 16:26:18", "elapsed": 892.297978, "delta": 10.495096}}
{"target": -34.96024839169575, "params": {"C": 4406.456091966367, "gamma": 0.06818194241269376}, "datetime": {"datetime": "2021-09-28 16:26:21", "elapsed": 895.934091, "delta": 3.636113}}
{"target": -34.735011056778724, "params": {"C": 4914.2031246643755, "gamma": 0.022510242918064673}, "datetime": {"datetime": "2021-09-28 16:26:26", "elapsed": 900.339062, "delta": 4.404971}}
{"target": -36.84963855790285, "params": {"C": 4914.159616817441, "gamma": 0.005748394100124053}, "datetime": {"datetime": "2021-09-28 16:26:32", "elapsed": 906.928287, "delta": 6.589225}}
{"target": -35.57087635550772, "params": {"C": 4199.922108277644, "gamma": 0.10343491504285651}, "datetime": {"datetime": "2021-09-28 16:26:35", "elapsed": 909.760602, "delta": 2.832315}}
{"target": -35.01906800048821, "params": {"C": 4094.6049193430913, "gamma": 0.07186672354553555}, "datetime": {"datetime": "2021-09-28 16:26:38", "elapsed": 912.706745, "delta": 2.946143}}
{"target": -35.33742854427481, "params": {"C": 4825.804980372268, "gamma": 0.015492592453534716}, "datetime": {"datetime": "2021-09-28 16:26:41", "elapsed": 915.625187, "delta": 2.918442}}
{"target": -34.62957172488355, "params": {"C": 4723.5332928559965, "gamma": 0.028815928330193842}, "datetime": {"datetime": "2021-09-28 16:26:45", "elapsed": 919.652264, "delta": 4.027077}}
{"target": -34.83924456458176, "params": {"C": 4723.5444877973105, "gamma": 0.0601862331459847}, "datetime": {"datetime": "2021-09-28 16:26:50", "elapsed": 924.095315, "delta": 4.443051}}
{"target": -34.78972955953786, "params": {"C": 4052.1218142765388, "gamma": 0.055022737586645526}, "datetime": {"datetime": "2021-09-28 16:26:55", "elapsed": 929.408438, "delta": 5.313123}}
{"target": -35.15347871979505, "params": {"C": 4817.508315767673, "gamma": 0.07943296926136012}, "datetime": {"datetime": "2021-09-28 16:26:58", "elapsed": 932.31741, "delta": 2.908972}}
{"target": -34.58456154625434, "params": {"C": 4848.602157735659, "gamma": 0.03160164599855122}, "datetime": {"datetime": "2021-09-28 16:27:02", "elapsed": 936.738525, "delta": 4.421115}}
{"target": -35.36802053704029, "params": {"C": 4353.216559348796, "gamma": 0.016139256804049255}, "datetime": {"datetime": "2021-09-28 16:27:10", "elapsed": 944.392786, "delta": 7.654261}}
{"target": -35.90648391389972, "params": {"C": 4914.549928855315, "gamma": 0.01107810044322952}, "datetime": {"datetime": "2021-09-28 16:27:16", "elapsed": 950.848086, "delta": 6.4553}}
{"target": -34.61243694264153, "params": {"C": 4723.587737717531, "gamma": 0.04127868422624003}, "datetime": {"datetime": "2021-09-28 16:27:22", "elapsed": 956.384001, "delta": 5.535915}}
{"target": -36.90639105205029, "params": {"C": 4994.458446332894, "gamma": 0.19968995843679027}, "datetime": {"datetime": "2021-09-28 16:27:25", "elapsed": 959.470252, "delta": 3.086251}}
{"target": -35.64427610606181, "params": {"C": 4914.572407921487, "gamma": 0.10468542445135756}, "datetime": {"datetime": "2021-09-28 16:27:29", "elapsed": 963.923761, "delta": 4.453509}}
{"target": -35.33470530481751, "params": {"C": 4045.3291786073605, "gamma": 0.09082889906552705}, "datetime": {"datetime": "2021-09-28 16:27:35", "elapsed": 969.516971, "delta": 5.59321}}
