{"target": 0.07228025090532075, "params": {"C": 4898.391814861803, "gamma": 0.05363485653444371}, "datetime": {"datetime": "2021-10-04 10:35:24", "elapsed": 31.546253, "delta": 0.563323}}
{"target": 0.06246052707622918, "params": {"C": 4985.033815921095, "gamma": 0.13251994028697872}, "datetime": {"datetime": "2021-10-04 10:35:25", "elapsed": 32.413105, "delta": 0.866852}}
{"target": -0.03279096818433325, "params": {"C": 3608.5041659712288, "gamma": 0.2}, "datetime": {"datetime": "2021-10-04 10:35:25", "elapsed": 32.959772, "delta": 0.546667}}
{"target": 0.009176344804717962, "params": {"C": 3559.903910103646, "gamma": 0.14655821174969447}, "datetime": {"datetime": "2021-10-04 10:35:26", "elapsed": 33.556475, "delta": 0.596703}}
{"target": 0.017072625777281525, "params": {"C": 2898.3285747907257, "gamma": 0.08863969129946211}, "datetime": {"datetime": "2021-10-04 10:35:26", "elapsed": 34.059293, "delta": 0.502818}}
{"target": 0.03306640834269359, "params": {"C": 4299.361811382158, "gamma": 0.0358591455188328}, "datetime": {"datetime": "2021-10-04 10:35:27", "elapsed": 34.630186, "delta": 0.570893}}
{"target": 0.03837596292306955, "params": {"C": 3808.1731868759557, "gamma": 0.1178971633442185}, "datetime": {"datetime": "2021-10-04 10:35:27", "elapsed": 35.142635, "delta": 0.512449}}
{"target": 0.04864397324231351, "params": {"C": 3648.320214397774, "gamma": 0.074410807499041}, "datetime": {"datetime": "2021-10-04 10:35:28", "elapsed": 35.723819, "delta": 0.581184}}
{"target": 0.01566983167868996, "params": {"C": 3925.5521300137048, "gamma": 0.15639075173571113}, "datetime": {"datetime": "2021-10-04 10:35:29", "elapsed": 36.500907, "delta": 0.777088}}
{"target": 0.0385442106603433, "params": {"C": 4811.98368163473, "gamma": 0.03324252388570456}, "datetime": {"datetime": "2021-10-04 10:35:29", "elapsed": 37.095753, "delta": 0.594846}}
{"target": 0.002166504780814704, "params": {"C": 3750.975840751043, "gamma": 0.03025031654977034}, "datetime": {"datetime": "2021-10-04 10:35:30", "elapsed": 37.591749, "delta": 0.495996}}
{"target": 0.06335368242795181, "params": {"C": 4168.221355593132, "gamma": 0.07051434708490661}, "datetime": {"datetime": "2021-10-04 10:35:30", "elapsed": 38.122569, "delta": 0.53082}}
{"target": 0.07733750348593871, "params": {"C": 4948.42390410527, "gamma": 0.0596670419228635}, "datetime": {"datetime": "2021-10-04 10:35:31", "elapsed": 38.716323, "delta": 0.593754}}
{"target": 0.0042652247681952415, "params": {"C": 2762.2924157140624, "gamma": 0.1017585964977553}, "datetime": {"datetime": "2021-10-04 10:35:31", "elapsed": 39.27932, "delta": 0.562997}}
{"target": -0.13623628787193987, "params": {"C": 1544.9701016348672, "gamma": 0.14815156022820775}, "datetime": {"datetime": "2021-10-04 10:35:32", "elapsed": 39.812324, "delta": 0.533004}}
{"target": -0.14089896707829586, "params": {"C": 1632.139868625357, "gamma": 0.16193531466627564}, "datetime": {"datetime": "2021-10-04 10:35:33", "elapsed": 40.402482, "delta": 0.590158}}
{"target": -0.003054659488143985, "params": {"C": 4525.216155374761, "gamma": 0.023486963315794637}, "datetime": {"datetime": "2021-10-04 10:35:33", "elapsed": 40.942237, "delta": 0.539755}}
{"target": 0.028504146947925246, "params": {"C": 4553.801380267674, "gamma": 0.16717443827534137}, "datetime": {"datetime": "2021-10-04 10:35:34", "elapsed": 41.470109, "delta": 0.527872}}
{"target": 0.03618743956889281, "params": {"C": 4357.861619814317, "gamma": 0.14781187881300178}, "datetime": {"datetime": "2021-10-04 10:35:34", "elapsed": 42.011105, "delta": 0.540996}}
{"target": -0.06895771717614774, "params": {"C": 1720.6588498432752, "gamma": 0.09874789069709346}, "datetime": {"datetime": "2021-10-04 10:35:35", "elapsed": 42.556959, "delta": 0.545854}}
{"target": -0.13456018373825418, "params": {"C": 1822.8173263642823, "gamma": 0.17584664274549303}, "datetime": {"datetime": "2021-10-04 10:35:35", "elapsed": 43.055341, "delta": 0.498382}}
{"target": -0.07382604902626566, "params": {"C": 2577.9205559177553, "gamma": 0.18069855837977808}, "datetime": {"datetime": "2021-10-04 10:35:36", "elapsed": 43.578183, "delta": 0.522842}}
{"target": 0.0492296688572591, "params": {"C": 4093.6493761374873, "gamma": 0.11474389188508548}, "datetime": {"datetime": "2021-10-04 10:35:36", "elapsed": 44.272625, "delta": 0.694442}}
{"target": 0.05342426495558261, "params": {"C": 4680.918073187679, "gamma": 0.13521212119844697}, "datetime": {"datetime": "2021-10-04 10:35:37", "elapsed": 44.923702, "delta": 0.651077}}
{"target": 0.044374649247822306, "params": {"C": 4207.535292051945, "gamma": 0.12865520727008203}, "datetime": {"datetime": "2021-10-04 10:35:38", "elapsed": 45.508241, "delta": 0.584539}}
{"target": -0.008983392541611845, "params": {"C": 2684.041688831599, "gamma": 0.04341800577885104}, "datetime": {"datetime": "2021-10-04 10:35:38", "elapsed": 46.04613, "delta": 0.537889}}
{"target": 0.040645593489896825, "params": {"C": 3702.1868221636173, "gamma": 0.1075374371493274}, "datetime": {"datetime": "2021-10-04 10:35:39", "elapsed": 46.942155, "delta": 0.896025}}
{"target": 0.0028458881436175254, "params": {"C": 3351.088131220422, "gamma": 0.14335825913536412}, "datetime": {"datetime": "2021-10-04 10:35:40", "elapsed": 47.670148, "delta": 0.727993}}
{"target": 0.06815732242965389, "params": {"C": 4441.736180965759, "gamma": 0.09268603287626583}, "datetime": {"datetime": "2021-10-04 10:35:40", "elapsed": 48.2361, "delta": 0.565952}}
{"target": -0.0156958896564805, "params": {"C": 3462.7323336071026, "gamma": 0.17194493780375203}, "datetime": {"datetime": "2021-10-04 10:35:41", "elapsed": 48.81569, "delta": 0.57959}}
{"target": -0.03669121748131188, "params": {"C": 3505.96529839296, "gamma": 0.1988617623816099}, "datetime": {"datetime": "2021-10-04 10:35:42", "elapsed": 49.50229, "delta": 0.6866}}
{"target": 0.012557763940453825, "params": {"C": 4592.130117971852, "gamma": 0.19091035600515932}, "datetime": {"datetime": "2021-10-04 10:35:42", "elapsed": 50.119538, "delta": 0.617248}}
{"target": 0.04737856757432779, "params": {"C": 3844.521081497623, "gamma": 0.10340698349429321}, "datetime": {"datetime": "2021-10-04 10:35:43", "elapsed": 50.687467, "delta": 0.567929}}
{"target": -0.025867607394980174, "params": {"C": 2502.250582338659, "gamma": 0.03928633846027557}, "datetime": {"datetime": "2021-10-04 10:35:43", "elapsed": 51.259698, "delta": 0.572231}}
{"target": -0.034255147485824367, "params": {"C": 3131.682892329289, "gamma": 0.1745439523742787}, "datetime": {"datetime": "2021-10-04 10:35:44", "elapsed": 51.833302, "delta": 0.573604}}
{"target": 0.03621997144836375, "params": {"C": 3314.4080302914367, "gamma": 0.082810959514511}, "datetime": {"datetime": "2021-10-04 10:35:45", "elapsed": 52.409647, "delta": 0.576345}}
{"target": 0.06867949048149102, "params": {"C": 4502.998941204902, "gamma": 0.06124866166780982}, "datetime": {"datetime": "2021-10-04 10:35:45", "elapsed": 52.962528, "delta": 0.552881}}
{"target": -0.15540259500277775, "params": {"C": 1994.0108559856546, "gamma": 0.017132766665672153}, "datetime": {"datetime": "2021-10-04 10:35:46", "elapsed": 53.574835, "delta": 0.612307}}
{"target": 0.06064619588633946, "params": {"C": 4887.023640816426, "gamma": 0.13168074355692164}, "datetime": {"datetime": "2021-10-04 10:35:47", "elapsed": 54.424753, "delta": 0.849918}}
{"target": -0.08913005002514396, "params": {"C": 1909.1566508432138, "gamma": 0.14184415452750068}, "datetime": {"datetime": "2021-10-04 10:35:47", "elapsed": 55.103013, "delta": 0.67826}}
{"target": 0.04043588083407035, "params": {"C": 3424.9957050783455, "gamma": 0.0679093089784576}, "datetime": {"datetime": "2021-10-04 10:35:48", "elapsed": 55.754439, "delta": 0.651426}}
{"target": -0.08593080211353765, "params": {"C": 2450.69475893205, "gamma": 0.18355125487681023}, "datetime": {"datetime": "2021-10-04 10:35:49", "elapsed": 56.351139, "delta": 0.5967}}
{"target": 0.07813413643591571, "params": {"C": 4777.831301927366, "gamma": 0.07952792484181014}, "datetime": {"datetime": "2021-10-04 10:35:49", "elapsed": 57.024322, "delta": 0.673183}}
{"target": 0.015057686863211406, "params": {"C": 3182.588954772052, "gamma": 0.11673948037958676}, "datetime": {"datetime": "2021-10-04 10:35:50", "elapsed": 57.809207, "delta": 0.784885}}
{"target": -0.2175617060905517, "params": {"C": 1052.0137031020015, "gamma": 0.024617859143597196}, "datetime": {"datetime": "2021-10-04 10:35:51", "elapsed": 58.371761, "delta": 0.562554}}
{"target": 0.0749243115456335, "params": {"C": 4725.634742406937, "gamma": 0.09224574454915417}, "datetime": {"datetime": "2021-10-04 10:35:51", "elapsed": 58.942246, "delta": 0.570485}}
{"target": -0.03957535139222834, "params": {"C": 2835.7642115480935, "gamma": 0.16218161321974706}, "datetime": {"datetime": "2021-10-04 10:35:52", "elapsed": 59.51142, "delta": 0.569174}}
{"target": 0.01539921570903191, "params": {"C": 4134.861816774399, "gamma": 0.16656013393631966}, "datetime": {"datetime": "2021-10-04 10:35:52", "elapsed": 60.044716, "delta": 0.533296}}
{"target": -0.07903393589035446, "params": {"C": 2396.3652852181713, "gamma": 0.17261627847643238}, "datetime": {"datetime": "2021-10-04 10:35:53", "elapsed": 60.705809, "delta": 0.661093}}
{"target": -0.05633378322155225, "params": {"C": 2351.151615495861, "gamma": 0.14614926999526437}, "datetime": {"datetime": "2021-10-04 10:35:53", "elapsed": 61.274789, "delta": 0.56898}}
{"target": 0.04310764398570344, "params": {"C": 4836.525463189806, "gamma": 0.0348459805540564}, "datetime": {"datetime": "2021-10-04 10:35:54", "elapsed": 61.913299, "delta": 0.63851}}
{"target": -0.2048882664174818, "params": {"C": 1166.7285966686252, "gamma": 0.15743487830057887}, "datetime": {"datetime": "2021-10-04 10:35:55", "elapsed": 62.598952, "delta": 0.685653}}
{"target": 0.058092808778544947, "params": {"C": 4281.9180141082425, "gamma": 0.10793145814363717}, "datetime": {"datetime": "2021-10-04 10:35:55", "elapsed": 63.30907, "delta": 0.710118}}
{"target": 0.038872615015662304, "params": {"C": 3384.504421526424, "gamma": 0.06729017536705675}, "datetime": {"datetime": "2021-10-04 10:35:56", "elapsed": 64.020273, "delta": 0.711203}}
{"target": -0.1450071765931351, "params": {"C": 1408.0349913106766, "gamma": 0.02893388291043613}, "datetime": {"datetime": "2021-10-04 10:35:57", "elapsed": 64.683667, "delta": 0.663394}}
{"target": -0.11010211581647145, "params": {"C": 1315.9064720658268, "gamma": 0.0880996677862035}, "datetime": {"datetime": "2021-10-04 10:35:57", "elapsed": 65.227156, "delta": 0.543489}}
{"target": 0.03268792623122918, "params": {"C": 4938.530296698859, "gamma": 0.030261055788628498}, "datetime": {"datetime": "2021-10-04 10:35:58", "elapsed": 65.811991, "delta": 0.584835}}
{"target": 0.03261296554112181, "params": {"C": 4956.450704843839, "gamma": 0.17791788993132532}, "datetime": {"datetime": "2021-10-04 10:35:59", "elapsed": 66.656751, "delta": 0.84476}}
{"target": -0.11239688901047717, "params": {"C": 1471.9197010756582, "gamma": 0.036985836224807896}, "datetime": {"datetime": "2021-10-04 10:35:59", "elapsed": 67.277805, "delta": 0.621054}}
{"target": 0.03406759573543672, "params": {"C": 4636.824659207952, "gamma": 0.16274020558081956}, "datetime": {"datetime": "2021-10-04 10:36:00", "elapsed": 68.039314, "delta": 0.761509}}
{"target": 0.08081821234761377, "params": {"C": 4910.246985355913, "gamma": 0.08088042794711453}, "datetime": {"datetime": "2021-10-04 10:36:01", "elapsed": 68.708391, "delta": 0.669077}}
{"target": -0.02118844065988834, "params": {"C": 2916.3216773707245, "gamma": 0.03280438856307159}, "datetime": {"datetime": "2021-10-04 10:36:01", "elapsed": 69.344369, "delta": 0.635978}}
{"target": 0.03793706481981318, "params": {"C": 3941.10488655352, "gamma": 0.12569073323236735}, "datetime": {"datetime": "2021-10-04 10:36:02", "elapsed": 69.970786, "delta": 0.626417}}
{"target": -0.14621783098147834, "params": {"C": 3978.3369570139907, "gamma": 0.009}, "datetime": {"datetime": "2021-10-04 10:36:03", "elapsed": 70.510674, "delta": 0.539888}}
{"target": 0.05233717594874321, "params": {"C": 4017.7667791403355, "gamma": 0.10419517090857389}, "datetime": {"datetime": "2021-10-04 10:36:03", "elapsed": 71.139586, "delta": 0.628912}}
{"target": -0.2031992038189212, "params": {"C": 1239.4327188789584, "gamma": 0.16659279573651917}, "datetime": {"datetime": "2021-10-04 10:36:04", "elapsed": 71.970175, "delta": 0.830589}}
{"target": 0.023476006660545945, "params": {"C": 4402.7960768724315, "gamma": 0.16767026982955038}, "datetime": {"datetime": "2021-10-04 10:36:05", "elapsed": 72.510583, "delta": 0.540408}}
{"target": -0.020412917751136295, "params": {"C": 2305.468314929073, "gamma": 0.05094382639858586}, "datetime": {"datetime": "2021-10-04 10:36:06", "elapsed": 73.511588, "delta": 1.001005}}
{"target": -0.05046314708683841, "params": {"C": 2881.9440754620387, "gamma": 0.17688427724281638}, "datetime": {"datetime": "2021-10-04 10:36:06", "elapsed": 74.052118, "delta": 0.54053}}
{"target": -0.06319959400396558, "params": {"C": 2264.4895491150837, "gamma": 0.03055465777948388}, "datetime": {"datetime": "2021-10-04 10:36:07", "elapsed": 74.728343, "delta": 0.676225}}
{"target": 0.06144843113931697, "params": {"C": 4196.367897648003, "gamma": 0.06163567457122161}, "datetime": {"datetime": "2021-10-04 10:36:08", "elapsed": 75.54906, "delta": 0.820717}}
{"target": 0.0473018093929225, "params": {"C": 4103.5069113712325, "gamma": 0.11867729539307803}, "datetime": {"datetime": "2021-10-04 10:36:08", "elapsed": 76.247465, "delta": 0.698405}}
{"target": 0.001339349737098039, "params": {"C": 2779.1098186170075, "gamma": 0.1080782208390983}, "datetime": {"datetime": "2021-10-04 10:36:09", "elapsed": 76.984091, "delta": 0.736626}}
{"target": 0.05833566844684135, "params": {"C": 4858.21649653277, "gamma": 0.04237172235176918}, "datetime": {"datetime": "2021-10-04 10:36:10", "elapsed": 77.726669, "delta": 0.742578}}
{"target": -0.04927251030674262, "params": {"C": 2226.725308940795, "gamma": 0.1285377797210255}, "datetime": {"datetime": "2021-10-04 10:36:11", "elapsed": 78.462017, "delta": 0.735348}}
{"target": -0.12372645832603735, "params": {"C": 2068.505561655583, "gamma": 0.1887712679642956}, "datetime": {"datetime": "2021-10-04 10:36:11", "elapsed": 79.260236, "delta": 0.798219}}
{"target": 0.014993912012091881, "params": {"C": 4754.856607563311, "gamma": 0.19465793235893916}, "datetime": {"datetime": "2021-10-04 10:36:12", "elapsed": 79.874025, "delta": 0.613789}}
{"target": 0.05492906606495329, "params": {"C": 4345.743101013007, "gamma": 0.04831233446738355}, "datetime": {"datetime": "2021-10-04 10:36:13", "elapsed": 80.567453, "delta": 0.693428}}
{"target": 0.05627731679137282, "params": {"C": 3906.243603933004, "gamma": 0.08063547836328297}, "datetime": {"datetime": "2021-10-04 10:36:14", "elapsed": 81.384884, "delta": 0.817431}}
{"target": 0.03550354526303379, "params": {"C": 4009.360333015392, "gamma": 0.13280503512455125}, "datetime": {"datetime": "2021-10-04 10:36:14", "elapsed": 82.129905, "delta": 0.745021}}
{"target": -0.010850306992408632, "params": {"C": 2666.005042163434, "gamma": 0.11681842917132877}, "datetime": {"datetime": "2021-10-04 10:36:15", "elapsed": 82.896741, "delta": 0.766836}}
{"target": 0.06314403438966731, "params": {"C": 4732.381213093583, "gamma": 0.12062389138174438}, "datetime": {"datetime": "2021-10-04 10:36:16", "elapsed": 83.526288, "delta": 0.629547}}
{"target": 0.05591083261145657, "params": {"C": 4821.879591459043, "gamma": 0.1369762363756719}, "datetime": {"datetime": "2021-10-04 10:36:16", "elapsed": 84.172736, "delta": 0.646448}}
{"target": -0.030244348774687513, "params": {"C": 3272.69418813687, "gamma": 0.1782400924455109}, "datetime": {"datetime": "2021-10-04 10:36:17", "elapsed": 84.829932, "delta": 0.657196}}
{"target": 0.025560263742335332, "params": {"C": 4975.858307349931, "gamma": 0.027893382682162605}, "datetime": {"datetime": "2021-10-04 10:36:18", "elapsed": 85.741562, "delta": 0.91163}}
{"target": -0.004806200194639176, "params": {"C": 4993.141165196455, "gamma": 0.021022305700128266}, "datetime": {"datetime": "2021-10-04 10:36:19", "elapsed": 86.519676, "delta": 0.778114}}
{"target": 0.04691510772301444, "params": {"C": 4079.021185892635, "gamma": 0.1180690457258687}, "datetime": {"datetime": "2021-10-04 10:36:19", "elapsed": 87.154875, "delta": 0.635199}}
{"target": -0.03072593011505864, "params": {"C": 2142.539151612463, "gamma": 0.09582889543189294}, "datetime": {"datetime": "2021-10-04 10:36:20", "elapsed": 88.183492, "delta": 1.028617}}
{"target": 0.024434744370286365, "params": {"C": 3766.6430975985786, "gamma": 0.03868993935798883}, "datetime": {"datetime": "2021-10-04 10:36:21", "elapsed": 88.844324, "delta": 0.660832}}
{"target": -0.1586609391002296, "params": {"C": 2744.9799738345873, "gamma": 0.011917054815448346}, "datetime": {"datetime": "2021-10-04 10:36:22", "elapsed": 89.539149, "delta": 0.694825}}
{"target": -0.036619574475798, "params": {"C": 3544.965383416233, "gamma": 0.022592554904590584}, "datetime": {"datetime": "2021-10-04 10:36:22", "elapsed": 90.310652, "delta": 0.771503}}
{"target": 0.0453095067200755, "params": {"C": 3573.08068789722, "gamma": 0.06720161783961306}, "datetime": {"datetime": "2021-10-04 10:36:24", "elapsed": 91.497073, "delta": 1.186421}}
{"target": -0.02902549976708202, "params": {"C": 2701.8695015282465, "gamma": 0.14167327348140663}, "datetime": {"datetime": "2021-10-04 10:36:25", "elapsed": 92.391101, "delta": 0.894028}}
{"target": 0.0573045232370486, "params": {"C": 4314.027799241572, "gamma": 0.11131574500821201}, "datetime": {"datetime": "2021-10-04 10:36:26", "elapsed": 93.411255, "delta": 1.020154}}
{"target": 0.003867563461507073, "params": {"C": 4269.766004867888, "gamma": 0.18794411924364526}, "datetime": {"datetime": "2021-10-04 10:36:26", "elapsed": 94.113181, "delta": 0.701926}}
{"target": -0.04911190493954254, "params": {"C": 3221.6843136968882, "gamma": 0.19646099338665773}, "datetime": {"datetime": "2021-10-04 10:36:27", "elapsed": 94.813215, "delta": 0.700034}}
{"target": -0.11227293879612299, "params": {"C": 3689.881295508771, "gamma": 0.012248347785342013}, "datetime": {"datetime": "2021-10-04 10:36:28", "elapsed": 95.481679, "delta": 0.668464}}
{"target": 0.015382963922374815, "params": {"C": 3712.4620702344682, "gamma": 0.03535785556737993}, "datetime": {"datetime": "2021-10-04 10:36:28", "elapsed": 96.290728, "delta": 0.809049}}
{"target": 0.04607336469932255, "params": {"C": 3660.1551486315566, "gamma": 0.09181055185064294}, "datetime": {"datetime": "2021-10-04 10:36:29", "elapsed": 97.040934, "delta": 0.750206}}
{"target": 0.06072235641869839, "params": {"C": 4222.7614740334875, "gamma": 0.058898663625008056}, "datetime": {"datetime": "2021-10-04 10:36:30", "elapsed": 97.861993, "delta": 0.821059}}
{"target": -0.07864444918574587, "params": {"C": 2601.967957308995, "gamma": 0.18730840637555407}, "datetime": {"datetime": "2021-10-04 10:36:31", "elapsed": 98.582668, "delta": 0.720675}}
{"target": 0.049408078676908995, "params": {"C": 4030.497765977664, "gamma": 0.05070588350708994}, "datetime": {"datetime": "2021-10-04 10:36:31", "elapsed": 99.247457, "delta": 0.664789}}
{"target": 0.031354290642656824, "params": {"C": 4470.701814854303, "gamma": 0.15960974123463306}, "datetime": {"datetime": "2021-10-04 10:36:32", "elapsed": 99.920105, "delta": 0.672648}}
{"target": -0.15370640805564406, "params": {"C": 1742.9609918578142, "gamma": 0.18488963785895382}, "datetime": {"datetime": "2021-10-04 10:36:33", "elapsed": 100.819594, "delta": 0.899489}}
{"target": 0.06572818453640294, "params": {"C": 4716.235099234089, "gamma": 0.11490154286783857}, "datetime": {"datetime": "2021-10-04 10:36:34", "elapsed": 101.564913, "delta": 0.745319}}
{"target": 0.07438336805959567, "params": {"C": 4671.934494610412, "gamma": 0.08958778298291638}, "datetime": {"datetime": "2021-10-04 10:36:34", "elapsed": 102.255234, "delta": 0.690321}}
{"target": -0.11707111833218353, "params": {"C": 3835.3799730459596, "gamma": 0.011411835877463439}, "datetime": {"datetime": "2021-10-04 10:36:35", "elapsed": 103.151166, "delta": 0.895932}}
{"target": -0.03714173810225718, "params": {"C": 3854.8442525252117, "gamma": 0.020637500514170633}, "datetime": {"datetime": "2021-10-04 10:36:36", "elapsed": 103.808141, "delta": 0.656975}}
{"target": 0.05017576128857626, "params": {"C": 3818.1596496935285, "gamma": 0.09469978243265165}, "datetime": {"datetime": "2021-10-04 10:36:37", "elapsed": 104.539625, "delta": 0.731484}}
{"target": -0.012300516043990406, "params": {"C": 3796.4738720068103, "gamma": 0.18536631754407948}, "datetime": {"datetime": "2021-10-04 10:36:37", "elapsed": 105.27482, "delta": 0.735195}}
{"target": 0.03175304493059128, "params": {"C": 3895.9999214628324, "gamma": 0.13277091430158316}, "datetime": {"datetime": "2021-10-04 10:36:38", "elapsed": 106.026346, "delta": 0.751526}}
{"target": -0.21620769577083299, "params": {"C": 2182.0908734278264, "gamma": 0.010363444759411936}, "datetime": {"datetime": "2021-10-04 10:36:39", "elapsed": 106.918221, "delta": 0.891875}}
{"target": 0.02143570109152515, "params": {"C": 2980.334252161995, "gamma": 0.061948604080884505}, "datetime": {"datetime": "2021-10-04 10:36:40", "elapsed": 107.667961, "delta": 0.74974}}
{"target": 0.034203016993122004, "params": {"C": 4159.735722392254, "gamma": 0.14181253267192054}, "datetime": {"datetime": "2021-10-04 10:36:41", "elapsed": 108.350751, "delta": 0.68279}}
{"target": 0.02259287175521596, "params": {"C": 3101.603252219093, "gamma": 0.055063716529019424}, "datetime": {"datetime": "2021-10-04 10:36:41", "elapsed": 109.311069, "delta": 0.960318}}
{"target": -0.08993555124075758, "params": {"C": 1700.245137840898, "gamma": 0.12126625368145455}, "datetime": {"datetime": "2021-10-04 10:36:43", "elapsed": 110.679083, "delta": 1.368014}}
