{"target": -44.23035159898514, "params": {"C": 3319.011455168251, "gamma": 0.0004744126568654842}, "datetime": {"datetime": "2021-09-29 20:53:04", "elapsed": 186.435849, "delta": 1.134003}}
{"target": -46.20775316797473, "params": {"C": 3903.368134435822, "gamma": 0.00014776863299844416}, "datetime": {"datetime": "2021-09-29 20:53:05", "elapsed": 187.9235, "delta": 1.487651}}
{"target": -44.36145000795364, "params": {"C": 3021.8042953098666, "gamma": 0.0004890487405321454}, "datetime": {"datetime": "2021-09-29 20:53:07", "elapsed": 189.518327, "delta": 1.594827}}
{"target": -42.72005466732179, "params": {"C": 3895.3661289193114, "gamma": 0.0008449351055661826}, "datetime": {"datetime": "2021-09-29 20:53:08", "elapsed": 190.727994, "delta": 1.209667}}
{"target": -44.18182533693836, "params": {"C": 3568.503404139523, "gamma": 0.0004525752530126569}, "datetime": {"datetime": "2021-09-29 20:53:09", "elapsed": 191.937207, "delta": 1.209213}}
{"target": -43.33328882379791, "params": {"C": 3123.0794945764537, "gamma": 0.0007632455942387431}, "datetime": {"datetime": "2021-09-29 20:53:10", "elapsed": 192.945206, "delta": 1.007999}}
{"target": -45.38922118760003, "params": {"C": 3127.9947429327344, "gamma": 0.00028986139421184707}, "datetime": {"datetime": "2021-09-29 20:53:12", "elapsed": 194.708413, "delta": 1.763207}}
{"target": -43.4320724891859, "params": {"C": 3554.7082517264516, "gamma": 0.0006425512457830431}, "datetime": {"datetime": "2021-09-29 20:53:13", "elapsed": 195.929546, "delta": 1.221133}}
{"target": -46.440887161639175, "params": {"C": 3490.650357231904, "gamma": 0.00014194851602373148}, "datetime": {"datetime": "2021-09-29 20:53:15", "elapsed": 197.442974, "delta": 1.513428}}
{"target": -44.064909179860805, "params": {"C": 3912.4358553379243, "gamma": 0.00043751855778532083}, "datetime": {"datetime": "2021-09-29 20:53:16", "elapsed": 198.470974, "delta": 1.028}}
{"target": -45.730109263219504, "params": {"C": 3963.810059255556, "gamma": 0.00019217716683414925}, "datetime": {"datetime": "2021-09-29 20:53:17", "elapsed": 199.847, "delta": 1.376026}}
{"target": -43.42591684742253, "params": {"C": 3004.2588769135027, "gamma": 0.0007580470643428261}, "datetime": {"datetime": "2021-09-29 20:53:19", "elapsed": 201.327765, "delta": 1.480765}}
{"target": -43.184243416783694, "params": {"C": 3612.6522374095393, "gamma": 0.0007133542028217936}, "datetime": {"datetime": "2021-09-29 20:53:20", "elapsed": 202.372762, "delta": 1.044997}}
{"target": -46.38027549831729, "params": {"C": 3624.4438002836323, "gamma": 0.00014239130054207258}, "datetime": {"datetime": "2021-09-29 20:53:21", "elapsed": 203.755117, "delta": 1.382355}}
{"target": -45.96723203797589, "params": {"C": 3561.268736856125, "gamma": 0.00018684489664798733}, "datetime": {"datetime": "2021-09-29 20:53:22", "elapsed": 204.910739, "delta": 1.155622}}
{"target": -42.74878614798068, "params": {"C": 3547.4022792638925, "gamma": 0.000910447481576017}, "datetime": {"datetime": "2021-09-29 20:53:24", "elapsed": 206.75046, "delta": 1.839721}}
{"target": -43.93161458014643, "params": {"C": 3446.5996196996134, "gamma": 0.0005245474845738862}, "datetime": {"datetime": "2021-09-29 20:53:25", "elapsed": 207.752038, "delta": 1.001578}}
{"target": -42.739437691473114, "params": {"C": 3248.85139745956, "gamma": 0.0009980598037943923}, "datetime": {"datetime": "2021-09-29 20:53:27", "elapsed": 209.084035, "delta": 1.331997}}
{"target": -43.34325253661833, "params": {"C": 3092.2147312045067, "gamma": 0.0007669552623399401}, "datetime": {"datetime": "2021-09-29 20:53:28", "elapsed": 210.112582, "delta": 1.028547}}
{"target": -43.20679181464827, "params": {"C": 3891.55874606225, "gamma": 0.0006573991997292363}, "datetime": {"datetime": "2021-09-29 20:53:29", "elapsed": 211.433887, "delta": 1.321305}}
{"target": -45.77692441650627, "params": {"C": 2703.0652485246924, "gamma": 0.0002727427598087119}, "datetime": {"datetime": "2021-09-29 20:53:30", "elapsed": 212.599883, "delta": 1.165996}}
{"target": -42.82430416520388, "params": {"C": 3780.2504049415184, "gamma": 0.0008216023240399181}, "datetime": {"datetime": "2021-09-29 20:53:31", "elapsed": 213.877054, "delta": 1.277171}}
{"target": -43.66547400402327, "params": {"C": 3117.72996764071, "gamma": 0.0006530177717138208}, "datetime": {"datetime": "2021-09-29 20:53:33", "elapsed": 215.212625, "delta": 1.335571}}
{"target": -45.25885187100306, "params": {"C": 3736.7089174076837, "gamma": 0.0002603366733050064}, "datetime": {"datetime": "2021-09-29 20:53:34", "elapsed": 216.424318, "delta": 1.211693}}
{"target": -45.611650731306156, "params": {"C": 3767.6642450785985, "gamma": 0.00021530648140836577}, "datetime": {"datetime": "2021-09-29 20:53:35", "elapsed": 217.538421, "delta": 1.114103}}
{"target": -43.38285709219604, "params": {"C": 3007.7713605085823, "gamma": 0.0007730304278934988}, "datetime": {"datetime": "2021-09-29 20:53:36", "elapsed": 218.868419, "delta": 1.329998}}
{"target": -43.41293725090952, "params": {"C": 2948.5258808418052, "gamma": 0.0007768954149531205}, "datetime": {"datetime": "2021-09-29 20:53:37", "elapsed": 219.952581, "delta": 1.084162}}
{"target": -42.41549364357462, "params": {"C": 3974.857492971847, "gamma": 0.000990993311242736}, "datetime": {"datetime": "2021-09-29 20:53:39", "elapsed": 221.168571, "delta": 1.21599}}
{"target": -43.66235206427586, "params": {"C": 2989.252922018805, "gamma": 0.0006812027276164212}, "datetime": {"datetime": "2021-09-29 20:53:40", "elapsed": 222.240731, "delta": 1.07216}}
{"target": -46.637829861105686, "params": {"C": 3630.5896328400795, "gamma": 0.00011890586498067414}, "datetime": {"datetime": "2021-09-29 20:53:41", "elapsed": 223.56644, "delta": 1.325709}}
{"target": -43.40729555346243, "params": {"C": 3913.6892789683748, "gamma": 0.000593565417769986}, "datetime": {"datetime": "2021-09-29 20:53:44", "elapsed": 226.091149, "delta": 2.524709}}
{"target": -42.57768135392952, "params": {"C": 3912.439217480307, "gamma": 0.0009122468267260712}, "datetime": {"datetime": "2021-09-29 20:53:46", "elapsed": 228.034498, "delta": 1.943349}}
{"target": -43.63546026075039, "params": {"C": 3811.321518180971, "gamma": 0.0005466118474944001}, "datetime": {"datetime": "2021-09-29 20:53:47", "elapsed": 229.870304, "delta": 1.835806}}
{"target": -43.45805256867055, "params": {"C": 3137.3019941591556, "gamma": 0.0007156558779910934}, "datetime": {"datetime": "2021-09-29 20:53:49", "elapsed": 231.763657, "delta": 1.893353}}
{"target": -45.19610242235114, "params": {"C": 3056.449006521394, "gamma": 0.0003265032319274534}, "datetime": {"datetime": "2021-09-29 20:53:51", "elapsed": 233.301956, "delta": 1.538299}}
{"target": -43.71310934313593, "params": {"C": 3692.229983539921, "gamma": 0.0005433127434384431}, "datetime": {"datetime": "2021-09-29 20:53:52", "elapsed": 235.016694, "delta": 1.714738}}
{"target": -45.26772345385286, "params": {"C": 3554.7091652540103, "gamma": 0.0002720648458656476}, "datetime": {"datetime": "2021-09-29 20:53:54", "elapsed": 236.529881, "delta": 1.513187}}
{"target": -43.386109380888286, "params": {"C": 3145.1745888361515, "gamma": 0.000738930573052177}, "datetime": {"datetime": "2021-09-29 20:53:55", "elapsed": 237.939323, "delta": 1.409442}}
{"target": -44.46253554059668, "params": {"C": 3913.6877879109447, "gamma": 0.0003643183658413117}, "datetime": {"datetime": "2021-09-29 20:53:57", "elapsed": 239.255323, "delta": 1.316}}
{"target": -44.049424971577466, "params": {"C": 3248.850964227126, "gamma": 0.0005259467449786106}, "datetime": {"datetime": "2021-09-29 20:53:59", "elapsed": 241.425941, "delta": 2.170618}}
{"target": -44.24197033604102, "params": {"C": 2945.4578856624935, "gamma": 0.0005294407070882733}, "datetime": {"datetime": "2021-09-29 20:54:00", "elapsed": 242.745942, "delta": 1.320001}}
{"target": -44.671174739429055, "params": {"C": 3907.686456868676, "gamma": 0.0003310849603286714}, "datetime": {"datetime": "2021-09-29 20:54:02", "elapsed": 244.36838, "delta": 1.622438}}
{"target": -44.090647531518954, "params": {"C": 3243.4087538068984, "gamma": 0.0005169678828202178}, "datetime": {"datetime": "2021-09-29 20:54:03", "elapsed": 245.928109, "delta": 1.559729}}
{"target": -44.845082482506804, "params": {"C": 3751.4354717355054, "gamma": 0.0003171903189805223}, "datetime": {"datetime": "2021-09-29 20:54:05", "elapsed": 247.825414, "delta": 1.897305}}
{"target": -44.55354156351354, "params": {"C": 2625.1872304655662, "gamma": 0.0005133509949380934}, "datetime": {"datetime": "2021-09-29 20:54:07", "elapsed": 249.282385, "delta": 1.456971}}
{"target": -42.57217458786265, "params": {"C": 3940.337057053179, "gamma": 0.0009089263434084413}, "datetime": {"datetime": "2021-09-29 20:54:08", "elapsed": 250.698136, "delta": 1.415751}}
{"target": -45.458384347579965, "params": {"C": 3900.6360188711824, "gamma": 0.00022558448484926065}, "datetime": {"datetime": "2021-09-29 20:54:10", "elapsed": 252.065977, "delta": 1.367841}}
{"target": -43.774644741290416, "params": {"C": 3117.724872720374, "gamma": 0.0006207666373194724}, "datetime": {"datetime": "2021-09-29 20:54:12", "elapsed": 254.129552, "delta": 2.063575}}
{"target": -43.30860293637293, "params": {"C": 3450.468173435105, "gamma": 0.0007014547671761384}, "datetime": {"datetime": "2021-09-29 20:54:14", "elapsed": 256.146202, "delta": 2.01665}}
{"target": -45.96646973098409, "params": {"C": 3639.7102138822365, "gamma": 0.00018296132482664191}, "datetime": {"datetime": "2021-09-29 20:54:15", "elapsed": 257.950349, "delta": 1.804147}}
{"target": -42.98744123388959, "params": {"C": 3970.2791097123336, "gamma": 0.0007199370618451425}, "datetime": {"datetime": "2021-09-29 20:54:17", "elapsed": 259.340349, "delta": 1.39}}
{"target": -46.99603929888095, "params": {"C": 3238.8712185154513, "gamma": 0.00010002731499115725}, "datetime": {"datetime": "2021-09-29 20:54:18", "elapsed": 260.88685, "delta": 1.546501}}
{"target": -46.13805054905592, "params": {"C": 3800.6247123811354, "gamma": 0.00015836003288125566}, "datetime": {"datetime": "2021-09-29 20:54:20", "elapsed": 262.273154, "delta": 1.386304}}
{"target": -44.819975651400576, "params": {"C": 3692.2313145906455, "gamma": 0.0003259406424879003}, "datetime": {"datetime": "2021-09-29 20:54:22", "elapsed": 264.262867, "delta": 1.989713}}
{"target": -46.18896797193983, "params": {"C": 3664.6293456551384, "gamma": 0.00015911675621886373}, "datetime": {"datetime": "2021-09-29 20:54:23", "elapsed": 265.90386, "delta": 1.640993}}
{"target": -43.2819988411105, "params": {"C": 3878.150269831882, "gamma": 0.0006358090137633172}, "datetime": {"datetime": "2021-09-29 20:54:25", "elapsed": 267.55612, "delta": 1.65226}}
{"target": -43.24415787203491, "params": {"C": 3555.0970781184433, "gamma": 0.0007033793790458804}, "datetime": {"datetime": "2021-09-29 20:54:26", "elapsed": 268.97912, "delta": 1.423}}
{"target": -45.00103175583289, "params": {"C": 3646.9048449662446, "gamma": 0.0003025074625411787}, "datetime": {"datetime": "2021-09-29 20:54:28", "elapsed": 270.51876, "delta": 1.53964}}
{"target": -44.766787476660646, "params": {"C": 2827.4874928751583, "gamma": 0.00043254526838076303}, "datetime": {"datetime": "2021-09-29 20:54:30", "elapsed": 272.29208, "delta": 1.77332}}
{"target": -43.33368894645633, "params": {"C": 2602.501574968927, "gamma": 0.0009137315833297791}, "datetime": {"datetime": "2021-09-29 20:54:31", "elapsed": 273.751818, "delta": 1.459738}}
{"target": -44.088801775544134, "params": {"C": 2671.6268454778997, "gamma": 0.0006243679822019112}, "datetime": {"datetime": "2021-09-29 20:54:33", "elapsed": 275.213897, "delta": 1.462079}}
{"target": -43.23893045779873, "params": {"C": 3182.106440487601, "gamma": 0.0007848240221094733}, "datetime": {"datetime": "2021-09-29 20:54:34", "elapsed": 276.582139, "delta": 1.368242}}
{"target": -43.37261585613154, "params": {"C": 3125.533007053861, "gamma": 0.0007482920440979423}, "datetime": {"datetime": "2021-09-29 21:21:35", "elapsed": 0.0, "delta": 0.0}}
{"target": -45.32849936468871, "params": {"C": 2500.171562226017, "gamma": 0.00037209931536865575}, "datetime": {"datetime": "2021-09-29 21:21:35", "elapsed": 0.160006, "delta": 0.160006}}
{"target": -46.429870233932554, "params": {"C": 2720.1338362256697, "gamma": 0.00018310473529191802}, "datetime": {"datetime": "2021-09-29 21:21:35", "elapsed": 0.316003, "delta": 0.155997}}
{"target": -44.91077119049609, "params": {"C": 2779.390317066506, "gamma": 0.00041100465433874294}, "datetime": {"datetime": "2021-09-29 21:21:35", "elapsed": 0.485002, "delta": 0.168999}}
{"target": -43.919056871006475, "params": {"C": 3095.151211346005, "gamma": 0.0005849350606030213}, "datetime": {"datetime": "2021-09-29 21:21:35", "elapsed": 0.654003, "delta": 0.169001}}
{"target": -45.9835969344245, "params": {"C": 3124.431461104462, "gamma": 0.00021053869540729687}, "datetime": {"datetime": "2021-09-29 21:21:36", "elapsed": 1.089002, "delta": 0.434999}}
{"target": -43.1969041394644, "params": {"C": 3125.5219861314245, "gamma": 0.0008154758306215692}, "datetime": {"datetime": "2021-09-29 21:21:36", "elapsed": 1.370007, "delta": 0.281005}}
{"target": -43.907002717941126, "params": {"C": 2723.9600697605943, "gamma": 0.0006659305876024864}, "datetime": {"datetime": "2021-09-29 21:21:36", "elapsed": 1.624004, "delta": 0.253997}}
{"target": -44.355429675219874, "params": {"C": 3125.429122759113, "gamma": 0.00047469560611109076}, "datetime": {"datetime": "2021-09-29 21:21:37", "elapsed": 1.926004, "delta": 0.302}}
{"target": -45.728221590853, "params": {"C": 3093.441118239642, "gamma": 0.0002453123546691584}, "datetime": {"datetime": "2021-09-29 21:21:37", "elapsed": 2.159004, "delta": 0.233}}
{"target": -43.09973762887315, "params": {"C": 2724.1484492801064, "gamma": 0.000981620931208086}, "datetime": {"datetime": "2021-09-29 21:21:37", "elapsed": 2.464004, "delta": 0.305}}
{"target": -45.558138167996866, "params": {"C": 2724.3400414918215, "gamma": 0.000304203381447386}, "datetime": {"datetime": "2021-09-29 21:21:37", "elapsed": 2.690643, "delta": 0.226639}}
{"target": -43.95696522493797, "params": {"C": 3094.9973448883993, "gamma": 0.0005748869047312476}, "datetime": {"datetime": "2021-09-29 21:21:38", "elapsed": 2.923645, "delta": 0.233002}}
{"target": -43.29182736941355, "params": {"C": 3329.801966935841, "gamma": 0.0007318433795078751}, "datetime": {"datetime": "2021-09-29 21:21:38", "elapsed": 3.185853, "delta": 0.262208}}
{"target": -44.68577029516141, "params": {"C": 2722.6672671747406, "gamma": 0.0004660153141998067}, "datetime": {"datetime": "2021-09-29 21:21:38", "elapsed": 3.490854, "delta": 0.305001}}
{"target": -46.93265035694191, "params": {"C": 2724.0782767370906, "gamma": 0.00012554540632056968}, "datetime": {"datetime": "2021-09-29 21:21:39", "elapsed": 3.949852, "delta": 0.458998}}
{"target": -42.78171698411784, "params": {"C": 3329.7516997640732, "gamma": 0.0009514096579191705}, "datetime": {"datetime": "2021-09-29 21:21:39", "elapsed": 4.278854, "delta": 0.329002}}
{"target": -45.354275419718896, "params": {"C": 2724.181012818951, "gamma": 0.0003376971941996399}, "datetime": {"datetime": "2021-09-29 21:21:39", "elapsed": 4.522851, "delta": 0.243997}}
{"target": -45.79109284111624, "params": {"C": 2724.144195956243, "gamma": 0.000268572000611508}, "datetime": {"datetime": "2021-09-29 21:21:40", "elapsed": 4.768735, "delta": 0.245884}}
{"target": -43.72955356099782, "params": {"C": 2752.1146299495654, "gamma": 0.0007156938352680119}, "datetime": {"datetime": "2021-09-29 21:21:40", "elapsed": 5.018704, "delta": 0.249969}}
{"target": -44.1425853350409, "params": {"C": 3575.5092682222257, "gamma": 0.0004599079069520805}, "datetime": {"datetime": "2021-09-29 21:21:40", "elapsed": 5.267957, "delta": 0.249253}}
{"target": -43.99513432370176, "params": {"C": 2619.604654172667, "gamma": 0.0006644430349157311}, "datetime": {"datetime": "2021-09-29 21:21:40", "elapsed": 5.534913, "delta": 0.266956}}
{"target": -44.98400226962828, "params": {"C": 2516.4858914133565, "gamma": 0.0004373912407604104}, "datetime": {"datetime": "2021-09-29 21:21:41", "elapsed": 5.79991, "delta": 0.264997}}
{"target": -43.31261148713662, "params": {"C": 2829.2254139817164, "gamma": 0.0008495436157342777}, "datetime": {"datetime": "2021-09-29 21:21:41", "elapsed": 6.048953, "delta": 0.249043}}
{"target": -43.14783984189493, "params": {"C": 3265.51739540612, "gamma": 0.0008006952516055466}, "datetime": {"datetime": "2021-09-29 21:21:41", "elapsed": 6.297915, "delta": 0.248962}}
{"target": -43.29757301920243, "params": {"C": 3766.152541851753, "gamma": 0.0006487483751614867}, "datetime": {"datetime": "2021-09-29 21:21:41", "elapsed": 6.566914, "delta": 0.268999}}
{"target": -42.93974675848647, "params": {"C": 3687.252777571098, "gamma": 0.0007916990645105293}, "datetime": {"datetime": "2021-09-29 21:21:42", "elapsed": 6.864914, "delta": 0.298}}
{"target": -45.02778384940094, "params": {"C": 2515.5144753106347, "gamma": 0.0004284882338934255}, "datetime": {"datetime": "2021-09-29 21:21:42", "elapsed": 7.174258, "delta": 0.309344}}
{"target": -44.03204681287588, "params": {"C": 3192.1637473856013, "gamma": 0.0005391819055095778}, "datetime": {"datetime": "2021-09-29 21:21:42", "elapsed": 7.428265, "delta": 0.254007}}
{"target": -46.166195666816165, "params": {"C": 3241.6432237122503, "gamma": 0.00018213672305139128}, "datetime": {"datetime": "2021-09-29 21:21:43", "elapsed": 7.73993, "delta": 0.311665}}
{"target": -45.4662826336162, "params": {"C": 2971.507346010094, "gamma": 0.00029300592844984624}, "datetime": {"datetime": "2021-09-29 21:21:43", "elapsed": 8.049932, "delta": 0.310002}}
{"target": -45.55469905018308, "params": {"C": 3820.5077030417824, "gamma": 0.00021890297234879985}, "datetime": {"datetime": "2021-09-29 21:21:43", "elapsed": 8.389932, "delta": 0.34}}
{"target": -47.02156222404158, "params": {"C": 2534.7907309993484, "gamma": 0.00012485390922432017}, "datetime": {"datetime": "2021-09-29 21:21:43", "elapsed": 8.680933, "delta": 0.291001}}
{"target": -44.85856651934028, "params": {"C": 2593.4370737332006, "gamma": 0.00045071352051356876}, "datetime": {"datetime": "2021-09-29 21:21:44", "elapsed": 9.039948, "delta": 0.359015}}
{"target": -44.60659097066247, "params": {"C": 3607.994153352309, "gamma": 0.0003683249500353708}, "datetime": {"datetime": "2021-09-29 21:21:44", "elapsed": 9.34432, "delta": 0.304372}}
{"target": -42.69460493979133, "params": {"C": 3498.805209179139, "gamma": 0.000951209090071441}, "datetime": {"datetime": "2021-09-29 21:21:44", "elapsed": 9.684318, "delta": 0.339998}}
{"target": -43.208251535825795, "params": {"C": 2833.604737870242, "gamma": 0.0008932140195869429}, "datetime": {"datetime": "2021-09-29 21:21:45", "elapsed": 10.019317, "delta": 0.334999}}
{"target": -43.928954763811774, "params": {"C": 2627.43081129169, "gamma": 0.0006829743691998605}, "datetime": {"datetime": "2021-09-29 21:21:45", "elapsed": 10.368318, "delta": 0.349001}}
{"target": -43.71236505584695, "params": {"C": 3842.840486945367, "gamma": 0.0005233493593738921}, "datetime": {"datetime": "2021-09-29 21:21:45", "elapsed": 10.69232, "delta": 0.324002}}
{"target": -43.03463600355109, "params": {"C": 3148.2559218811957, "gamma": 0.0008789333171118028}, "datetime": {"datetime": "2021-09-29 21:21:46", "elapsed": 11.023319, "delta": 0.330999}}
{"target": -46.217855062093015, "params": {"C": 2541.8530458166556, "gamma": 0.00022438456948088817}, "datetime": {"datetime": "2021-09-29 21:21:46", "elapsed": 11.346601, "delta": 0.323282}}
{"target": -43.739893803650844, "params": {"C": 3888.9479582920826, "gamma": 0.0005109463181617874}, "datetime": {"datetime": "2021-09-29 21:21:46", "elapsed": 11.655601, "delta": 0.309}}
{"target": -42.72836679667183, "params": {"C": 3823.4917454982924, "gamma": 0.0008562432043592919}, "datetime": {"datetime": "2021-09-29 21:21:47", "elapsed": 12.031605, "delta": 0.376004}}
{"target": -42.99490148754123, "params": {"C": 3416.7975909527577, "gamma": 0.0008281147474858006}, "datetime": {"datetime": "2021-09-29 21:21:47", "elapsed": 12.390601, "delta": 0.358996}}
{"target": -44.33325836476461, "params": {"C": 2593.94912979409, "gamma": 0.0005746657699628098}, "datetime": {"datetime": "2021-09-29 21:21:47", "elapsed": 12.711331, "delta": 0.32073}}
{"target": -43.66302440812822, "params": {"C": 3014.9170642681524, "gamma": 0.0006753558638391294}, "datetime": {"datetime": "2021-09-29 21:21:48", "elapsed": 13.03133, "delta": 0.319999}}
{"target": -44.93266951533917, "params": {"C": 3590.8263990686637, "gamma": 0.00031732158122794015}, "datetime": {"datetime": "2021-09-29 21:21:48", "elapsed": 13.381472, "delta": 0.350142}}
{"target": -42.78606095338906, "params": {"C": 3627.2322752080654, "gamma": 0.0008728884068828301}, "datetime": {"datetime": "2021-09-29 21:21:48", "elapsed": 13.717474, "delta": 0.336002}}
{"target": -43.77965748196235, "params": {"C": 2737.98589812802, "gamma": 0.0007027539787892283}, "datetime": {"datetime": "2021-09-29 21:21:49", "elapsed": 14.149472, "delta": 0.431998}}
{"target": -42.92264593500125, "params": {"C": 2938.8592767488003, "gamma": 0.0009980274833364844}, "datetime": {"datetime": "2021-09-29 21:21:49", "elapsed": 14.472472, "delta": 0.323}}
{"target": -43.94245091452197, "params": {"C": 3937.358801307443, "gamma": 0.0004600324069487697}, "datetime": {"datetime": "2021-09-29 21:21:50", "elapsed": 14.883473, "delta": 0.411001}}
{"target": -43.34345788018113, "params": {"C": 2696.9170980447275, "gamma": 0.0008775589813065152}, "datetime": {"datetime": "2021-09-29 21:21:50", "elapsed": 15.213705, "delta": 0.330232}}
{"target": -46.72056634069898, "params": {"C": 3533.500137352747, "gamma": 0.00011484862791079681}, "datetime": {"datetime": "2021-09-29 21:21:50", "elapsed": 15.570699, "delta": 0.356994}}
{"target": -42.65893078128156, "params": {"C": 3511.0950477294837, "gamma": 0.0009673559641821953}, "datetime": {"datetime": "2021-09-29 21:21:51", "elapsed": 15.941705, "delta": 0.371006}}
