{"target": -34.601605372399455, "params": {"C": 4878.907642308741, "gamma": 0.02985259775893573}, "datetime": {"datetime": "2021-09-28 16:13:33", "elapsed": 127.877594, "delta": 1.144291}}
{"target": -35.921277027983415, "params": {"C": 4516.070816997312, "gamma": 0.12372665221023305}, "datetime": {"datetime": "2021-09-28 16:13:34", "elapsed": 128.867588, "delta": 0.989994}}
{"target": -34.88143858388388, "params": {"C": 4605.135645627222, "gamma": 0.06298539095887747}, "datetime": {"datetime": "2021-09-28 16:13:35", "elapsed": 129.709152, "delta": 0.841564}}
{"target": -35.76939911179872, "params": {"C": 4561.682411048776, "gamma": 0.11364009225558858}, "datetime": {"datetime": "2021-09-28 16:13:36", "elapsed": 130.714151, "delta": 1.004999}}
{"target": -34.59681063349282, "params": {"C": 4721.838057354206, "gamma": 0.03152606366253069}, "datetime": {"datetime": "2021-09-28 16:13:37", "elapsed": 131.665079, "delta": 0.950928}}
{"target": -35.20096659772898, "params": {"C": 4125.524488311765, "gamma": 0.018178824233421414}, "datetime": {"datetime": "2021-09-28 16:13:38", "elapsed": 132.813076, "delta": 1.147997}}
{"target": -34.88336378962813, "params": {"C": 4816.884524573108, "gamma": 0.06338610392023414}, "datetime": {"datetime": "2021-09-28 16:13:40", "elapsed": 134.114486, "delta": 1.30141}}
{"target": -34.794260024270635, "params": {"C": 4721.852098935915, "gamma": 0.05693104271823259}, "datetime": {"datetime": "2021-09-28 16:13:41", "elapsed": 135.363484, "delta": 1.248998}}
{"target": -35.02526175428145, "params": {"C": 4721.817317289223, "gamma": 0.07281051419370271}, "datetime": {"datetime": "2021-09-28 16:13:43", "elapsed": 136.99072, "delta": 1.627236}}
{"target": -36.84080702133598, "params": {"C": 4159.010902765021, "gamma": 0.19700239975639977}, "datetime": {"datetime": "2021-09-28 16:13:44", "elapsed": 138.034125, "delta": 1.043405}}
{"target": -34.66485346507603, "params": {"C": 4878.939907790075, "gamma": 0.046979310499941335}, "datetime": {"datetime": "2021-09-28 16:13:45", "elapsed": 139.070775, "delta": 1.03665}}
{"target": -36.75565536452709, "params": {"C": 4970.602844165869, "gamma": 0.1870353954057611}, "datetime": {"datetime": "2021-09-28 16:13:46", "elapsed": 140.172108, "delta": 1.101333}}
{"target": -34.710150791700386, "params": {"C": 4029.8420630384708, "gamma": 0.028119435909846623}, "datetime": {"datetime": "2021-09-28 16:13:47", "elapsed": 141.172105, "delta": 0.999997}}
{"target": -34.86345970953482, "params": {"C": 4523.826268448112, "gamma": 0.0615978191958155}, "datetime": {"datetime": "2021-09-28 16:13:48", "elapsed": 142.614323, "delta": 1.442218}}
{"target": -35.195225088312334, "params": {"C": 4823.025760481394, "gamma": 0.016687278431501248}, "datetime": {"datetime": "2021-09-28 16:13:49", "elapsed": 143.906826, "delta": 1.292503}}
{"target": -36.11609747395897, "params": {"C": 4815.747284207448, "gamma": 0.13558910471694405}, "datetime": {"datetime": "2021-09-28 16:13:50", "elapsed": 144.942794, "delta": 1.035968}}
{"target": -35.099071931615846, "params": {"C": 4261.956472711697, "gamma": 0.07747621121180732}, "datetime": {"datetime": "2021-09-28 16:13:52", "elapsed": 146.375533, "delta": 1.432739}}
{"target": -34.60710260792331, "params": {"C": 4822.888425431576, "gamma": 0.02981818624313972}, "datetime": {"datetime": "2021-09-28 16:13:53", "elapsed": 147.795322, "delta": 1.419789}}
{"target": -34.89465753455428, "params": {"C": 4816.914344152257, "gamma": 0.06415818637964621}, "datetime": {"datetime": "2021-09-28 16:13:55", "elapsed": 149.068207, "delta": 1.272885}}
{"target": -34.57406294967027, "params": {"C": 4816.845728681776, "gamma": 0.03425521015705582}, "datetime": {"datetime": "2021-09-28 16:13:56", "elapsed": 150.41094, "delta": 1.342733}}
{"target": -34.88028185186942, "params": {"C": 4721.90487017762, "gamma": 0.06305921729410864}, "datetime": {"datetime": "2021-09-28 16:13:58", "elapsed": 152.081049, "delta": 1.670109}}
{"target": -35.2289490466955, "params": {"C": 4756.302637860542, "gamma": 0.08332906348446868}, "datetime": {"datetime": "2021-09-28 16:13:59", "elapsed": 153.512045, "delta": 1.430996}}
{"target": -35.48721368561967, "params": {"C": 4618.202080965124, "gamma": 0.09715134330931596}, "datetime": {"datetime": "2021-09-28 16:14:00", "elapsed": 154.501428, "delta": 0.989383}}
{"target": -34.80113874846647, "params": {"C": 4323.738930926576, "gamma": 0.0566242321661986}, "datetime": {"datetime": "2021-09-28 16:14:01", "elapsed": 155.444425, "delta": 0.942997}}
{"target": -34.66911318801053, "params": {"C": 4816.866791995448, "gamma": 0.025840175019393674}, "datetime": {"datetime": "2021-09-28 16:14:03", "elapsed": 157.44708, "delta": 2.002655}}
{"target": -34.92461882272515, "params": {"C": 4605.183940797742, "gamma": 0.06596879693427732}, "datetime": {"datetime": "2021-09-28 16:14:04", "elapsed": 158.789581, "delta": 1.342501}}
{"target": -35.3408564495716, "params": {"C": 4823.02113017363, "gamma": 0.08879945175255434}, "datetime": {"datetime": "2021-09-28 16:14:06", "elapsed": 160.031321, "delta": 1.24174}}
{"target": -34.740632334849835, "params": {"C": 4523.887946939124, "gamma": 0.023790188764159104}, "datetime": {"datetime": "2021-09-28 16:14:07", "elapsed": 161.497321, "delta": 1.466}}
{"target": -34.61734775972186, "params": {"C": 4523.810091742565, "gamma": 0.03134549209410144}, "datetime": {"datetime": "2021-09-28 16:14:08", "elapsed": 162.779162, "delta": 1.281841}}
{"target": -36.641418102717466, "params": {"C": 4832.670659502144, "gamma": 0.1780395147424654}, "datetime": {"datetime": "2021-09-28 16:14:09", "elapsed": 163.850399, "delta": 1.071237}}
{"target": -34.61041177245072, "params": {"C": 4323.7782139609835, "gamma": 0.03626135546789782}, "datetime": {"datetime": "2021-09-28 16:14:11", "elapsed": 165.554033, "delta": 1.703634}}
{"target": -35.064152713020704, "params": {"C": 4261.973308918376, "gamma": 0.019156676765663683}, "datetime": {"datetime": "2021-09-28 16:14:12", "elapsed": 166.751657, "delta": 1.197624}}
{"target": -36.406487149531586, "params": {"C": 4310.919770974637, "gamma": 0.16029209023871793}, "datetime": {"datetime": "2021-09-28 16:14:13", "elapsed": 167.896123, "delta": 1.144466}}
{"target": -36.85614286024621, "params": {"C": 4900.849924652571, "gamma": 0.19577282624714581}, "datetime": {"datetime": "2021-09-28 16:14:15", "elapsed": 169.078361, "delta": 1.182238}}
{"target": -35.154311204966234, "params": {"C": 4425.3489526138255, "gamma": 0.08029998206772823}, "datetime": {"datetime": "2021-09-28 16:14:16", "elapsed": 170.204679, "delta": 1.126318}}
{"target": -35.64487609900973, "params": {"C": 4605.172869048643, "gamma": 0.1060094933285524}, "datetime": {"datetime": "2021-09-28 16:14:17", "elapsed": 171.911677, "delta": 1.706998}}
{"target": -34.59523838363551, "params": {"C": 4721.77730224919, "gamma": 0.03926045937716479}, "datetime": {"datetime": "2021-09-28 16:14:19", "elapsed": 173.388679, "delta": 1.477002}}
{"target": -35.1028112340173, "params": {"C": 4323.811359038388, "gamma": 0.07767101014450167}, "datetime": {"datetime": "2021-09-28 16:14:20", "elapsed": 174.888701, "delta": 1.500022}}
{"target": -36.54288883927367, "params": {"C": 4721.777430574379, "gamma": 0.007290576463587727}, "datetime": {"datetime": "2021-09-28 16:14:22", "elapsed": 176.158915, "delta": 1.270214}}
{"target": -34.80775577150928, "params": {"C": 4024.621072566702, "gamma": 0.023611200542222845}, "datetime": {"datetime": "2021-09-28 16:14:23", "elapsed": 177.196919, "delta": 1.038004}}
{"target": -36.78005143523103, "params": {"C": 4347.854091849475, "gamma": 0.19096120315325954}, "datetime": {"datetime": "2021-09-28 16:14:24", "elapsed": 178.186605, "delta": 0.989686}}
{"target": -34.99391544291603, "params": {"C": 4035.041159870372, "gamma": 0.0700412834438843}, "datetime": {"datetime": "2021-09-28 16:14:25", "elapsed": 179.8354, "delta": 1.648795}}
{"target": -36.602993045821144, "params": {"C": 4471.226899129371, "gamma": 0.1753256298807696}, "datetime": {"datetime": "2021-09-28 16:14:26", "elapsed": 180.785843, "delta": 0.950443}}
{"target": -37.00638891708905, "params": {"C": 4509.012698631764, "gamma": 0.005517090684608754}, "datetime": {"datetime": "2021-09-28 16:14:27", "elapsed": 181.740855, "delta": 0.955012}}
{"target": -34.59194037004675, "params": {"C": 4756.331329398125, "gamma": 0.03903217789369741}, "datetime": {"datetime": "2021-09-28 16:14:28", "elapsed": 182.840526, "delta": 1.099671}}
{"target": -36.72121360788593, "params": {"C": 4231.027600147297, "gamma": 0.18631134361796725}, "datetime": {"datetime": "2021-09-28 16:14:29", "elapsed": 183.834525, "delta": 0.993999}}
{"target": -34.89332438280402, "params": {"C": 4756.418878516347, "gamma": 0.019943536070525618}, "datetime": {"datetime": "2021-09-28 16:14:31", "elapsed": 185.20724, "delta": 1.372715}}
{"target": -35.06720090855197, "params": {"C": 4024.6361561867147, "gamma": 0.0751115031165985}, "datetime": {"datetime": "2021-09-28 16:14:32", "elapsed": 186.559453, "delta": 1.352213}}
{"target": -34.90726788843341, "params": {"C": 4108.812437836622, "gamma": 0.06402365192670817}, "datetime": {"datetime": "2021-09-28 16:14:33", "elapsed": 187.606457, "delta": 1.047004}}
{"target": -35.44991256510208, "params": {"C": 4555.514179483898, "gamma": 0.09535940626381885}, "datetime": {"datetime": "2021-09-28 16:14:34", "elapsed": 188.642651, "delta": 1.036194}}
{"target": -34.940547277329514, "params": {"C": 4721.759659217681, "gamma": 0.06717054875278053}, "datetime": {"datetime": "2021-09-28 16:14:35", "elapsed": 189.958336, "delta": 1.315685}}
{"target": -36.36403697933003, "params": {"C": 4504.56783055887, "gamma": 0.15668213217607044}, "datetime": {"datetime": "2021-09-28 16:14:36", "elapsed": 190.979336, "delta": 1.021}}
{"target": -36.86458935968961, "params": {"C": 4562.039247843743, "gamma": 0.19798957229211386}, "datetime": {"datetime": "2021-09-28 16:14:38", "elapsed": 192.103819, "delta": 1.124483}}
{"target": -34.723116258621275, "params": {"C": 4035.1726620665927, "gamma": 0.04934228056416917}, "datetime": {"datetime": "2021-09-28 16:14:39", "elapsed": 193.480818, "delta": 1.376999}}
{"target": -35.41087405728837, "params": {"C": 4568.245250503501, "gamma": 0.09323322140371425}, "datetime": {"datetime": "2021-09-28 16:14:40", "elapsed": 194.877163, "delta": 1.396345}}
{"target": -34.98278860776489, "params": {"C": 4822.8655979484265, "gamma": 0.07006705372701573}, "datetime": {"datetime": "2021-09-28 16:14:42", "elapsed": 196.24885, "delta": 1.371687}}
{"target": -34.96502927860255, "params": {"C": 4346.05759983515, "gamma": 0.06843972818404741}, "datetime": {"datetime": "2021-09-28 16:14:43", "elapsed": 197.36885, "delta": 1.12}}
{"target": -36.478247722973144, "params": {"C": 4878.943540486259, "gamma": 0.007514043181652614}, "datetime": {"datetime": "2021-09-28 16:14:44", "elapsed": 198.681034, "delta": 1.312184}}
{"target": -34.86539467491816, "params": {"C": 4878.924556224612, "gamma": 0.06222403690821836}, "datetime": {"datetime": "2021-09-28 16:14:45", "elapsed": 199.978961, "delta": 1.297927}}
{"target": -35.622604524158454, "params": {"C": 4216.164700772524, "gamma": 0.1063865742396453}, "datetime": {"datetime": "2021-09-28 16:14:47", "elapsed": 201.008956, "delta": 1.029995}}
{"target": -35.051233532718875, "params": {"C": 4816.840652625878, "gamma": 0.07431337886584287}, "datetime": {"datetime": "2021-09-28 16:14:48", "elapsed": 202.330426, "delta": 1.32147}}
{"target": -34.62127087873644, "params": {"C": 4353.082407517946, "gamma": 0.040253958371014024}, "datetime": {"datetime": "2021-09-28 16:14:50", "elapsed": 204.173189, "delta": 1.842763}}
{"target": -36.07833504141097, "params": {"C": 4323.760990211747, "gamma": 0.01056167536086805}, "datetime": {"datetime": "2021-09-28 16:14:51", "elapsed": 205.359229, "delta": 1.18604}}
{"target": -35.764811982450475, "params": {"C": 4323.738689550715, "gamma": 0.11453306039116573}, "datetime": {"datetime": "2021-09-28 16:14:52", "elapsed": 206.947622, "delta": 1.588393}}
{"target": -35.7992675978223, "params": {"C": 4721.889218680321, "gamma": 0.1147044873529298}, "datetime": {"datetime": "2021-09-28 16:14:54", "elapsed": 208.634929, "delta": 1.687307}}
{"target": -34.596138676334895, "params": {"C": 4721.903358012163, "gamma": 0.031590510398240935}, "datetime": {"datetime": "2021-09-28 16:14:56", "elapsed": 210.396993, "delta": 1.762064}}
{"target": -35.911544615419686, "params": {"C": 4584.625682681211, "gamma": 0.1226767582192803}, "datetime": {"datetime": "2021-09-28 16:14:57", "elapsed": 211.504989, "delta": 1.107996}}
{"target": -34.65084616132491, "params": {"C": 4035.131337278204, "gamma": 0.04179501279364693}, "datetime": {"datetime": "2021-09-28 16:14:59", "elapsed": 213.5757, "delta": 2.070711}}
{"target": -34.65258711032454, "params": {"C": 4848.491801678619, "gamma": 0.026598984837165003}, "datetime": {"datetime": "2021-09-28 16:15:00", "elapsed": 214.741477, "delta": 1.165777}}
{"target": -34.92274443448288, "params": {"C": 4353.100210016919, "gamma": 0.0655180904934624}, "datetime": {"datetime": "2021-09-28 16:15:02", "elapsed": 216.249806, "delta": 1.508329}}
{"target": -35.76003182259744, "params": {"C": 4799.7578032879655, "gamma": 0.11193289372036475}, "datetime": {"datetime": "2021-09-28 16:15:03", "elapsed": 217.446804, "delta": 1.196998}}
{"target": -34.68726806862539, "params": {"C": 4024.6518067074994, "gamma": 0.02978224540328507}, "datetime": {"datetime": "2021-09-28 16:15:05", "elapsed": 219.075315, "delta": 1.628511}}
{"target": -34.76239977743481, "params": {"C": 4848.532843299213, "gamma": 0.054795862585095494}, "datetime": {"datetime": "2021-09-28 16:15:07", "elapsed": 220.999494, "delta": 1.924179}}
{"target": -35.50345061172842, "params": {"C": 4557.888829132614, "gamma": 0.01461868948196134}, "datetime": {"datetime": "2021-09-28 16:15:08", "elapsed": 222.093102, "delta": 1.093608}}
{"target": -35.75543804948264, "params": {"C": 4848.530369527338, "gamma": 0.11143053474796874}, "datetime": {"datetime": "2021-09-28 16:15:09", "elapsed": 223.765105, "delta": 1.672003}}
{"target": -34.60302358164417, "params": {"C": 4721.806975805475, "gamma": 0.04019722058786091}, "datetime": {"datetime": "2021-09-28 16:15:11", "elapsed": 225.60009, "delta": 1.834985}}
{"target": -35.45437263437364, "params": {"C": 4848.464019097525, "gamma": 0.014517848529511726}, "datetime": {"datetime": "2021-09-28 16:15:13", "elapsed": 227.296254, "delta": 1.696164}}
{"target": -34.650904785656415, "params": {"C": 4523.776066894444, "gamma": 0.044456885870102825}, "datetime": {"datetime": "2021-09-28 16:15:14", "elapsed": 228.865428, "delta": 1.569174}}
{"target": -34.688024467455946, "params": {"C": 4353.120308016289, "gamma": 0.02734965400921048}, "datetime": {"datetime": "2021-09-28 16:15:16", "elapsed": 230.153273, "delta": 1.287845}}
{"target": -35.99849957033078, "params": {"C": 4954.839595110312, "gamma": 0.1265111113069493}, "datetime": {"datetime": "2021-09-28 16:15:17", "elapsed": 231.328865, "delta": 1.175592}}
{"target": -34.98115788843387, "params": {"C": 4024.692621998827, "gamma": 0.0691322363295435}, "datetime": {"datetime": "2021-09-28 16:15:18", "elapsed": 232.918515, "delta": 1.58965}}
{"target": -35.39423696442378, "params": {"C": 4523.770027402348, "gamma": 0.09249653262711342}, "datetime": {"datetime": "2021-09-28 16:15:20", "elapsed": 234.304386, "delta": 1.385871}}
{"target": -34.66335798928245, "params": {"C": 4816.806846491824, "gamma": 0.046658653085509226}, "datetime": {"datetime": "2021-09-28 16:15:22", "elapsed": 236.235187, "delta": 1.930801}}
{"target": -34.69831513039778, "params": {"C": 4024.7174835809524, "gamma": 0.02896588389282726}, "datetime": {"datetime": "2021-09-28 16:15:24", "elapsed": 238.272456, "delta": 2.037269}}
{"target": -36.133882547650195, "params": {"C": 4523.722648869057, "gamma": 0.009913909616558287}, "datetime": {"datetime": "2021-09-28 16:15:26", "elapsed": 240.058116, "delta": 1.78566}}
{"target": -36.62055183754025, "params": {"C": 4386.786806338467, "gamma": 0.17695929754742065}, "datetime": {"datetime": "2021-09-28 16:15:27", "elapsed": 241.483463, "delta": 1.425347}}
{"target": -34.85271343735462, "params": {"C": 4045.3980614060015, "gamma": 0.05988280781494054}, "datetime": {"datetime": "2021-09-28 16:15:28", "elapsed": 242.722767, "delta": 1.239304}}
{"target": -36.67252810847178, "params": {"C": 4218.487826885215, "gamma": 0.1818101125721537}, "datetime": {"datetime": "2021-09-28 16:15:30", "elapsed": 244.084148, "delta": 1.361381}}
{"target": -34.731735368352766, "params": {"C": 4605.172756496948, "gamma": 0.023808198399621786}, "datetime": {"datetime": "2021-09-28 16:15:31", "elapsed": 245.724212, "delta": 1.640064}}
{"target": -36.410342610147964, "params": {"C": 4816.8202231768755, "gamma": 0.007956484921866461}, "datetime": {"datetime": "2021-09-28 16:15:33", "elapsed": 247.470536, "delta": 1.746324}}
{"target": -36.163271224719715, "params": {"C": 4104.03132369326, "gamma": 0.14314650132380766}, "datetime": {"datetime": "2021-09-28 16:15:34", "elapsed": 248.830244, "delta": 1.359708}}
{"target": -35.77229108417519, "params": {"C": 4822.834340491855, "gamma": 0.012155054982937402}, "datetime": {"datetime": "2021-09-28 16:15:36", "elapsed": 250.662973, "delta": 1.832729}}
{"target": -34.677204715751614, "params": {"C": 4721.95994036029, "gamma": 0.025883862977120326}, "datetime": {"datetime": "2021-09-28 16:15:38", "elapsed": 252.41627, "delta": 1.753297}}
{"target": -36.84163123768543, "params": {"C": 4238.892901855164, "gamma": 0.19683042615180318}, "datetime": {"datetime": "2021-09-28 16:15:39", "elapsed": 253.734265, "delta": 1.317995}}
{"target": -36.16971174189768, "params": {"C": 4605.130523206587, "gamma": 0.009589870316367585}, "datetime": {"datetime": "2021-09-28 16:15:41", "elapsed": 255.411338, "delta": 1.677073}}
{"target": -35.21379064925762, "params": {"C": 4045.444128926141, "gamma": 0.0841650823395834}, "datetime": {"datetime": "2021-09-28 16:15:43", "elapsed": 257.245127, "delta": 1.833789}}
{"target": -34.88943774687917, "params": {"C": 4035.105704702456, "gamma": 0.06258460301196617}, "datetime": {"datetime": "2021-09-28 16:15:44", "elapsed": 258.589586, "delta": 1.344459}}
{"target": -35.579373815227164, "params": {"C": 4323.4518524752975, "gamma": 0.10341593054945146}, "datetime": {"datetime": "2021-09-28 16:15:45", "elapsed": 259.916279, "delta": 1.326693}}
{"target": -34.71876475423238, "params": {"C": 4406.199639808915, "gamma": 0.025321040754102214}, "datetime": {"datetime": "2021-09-28 16:15:47", "elapsed": 261.830968, "delta": 1.914689}}
{"target": -36.69783920021871, "params": {"C": 4513.997818718559, "gamma": 0.006730502206519764}, "datetime": {"datetime": "2021-09-28 16:15:49", "elapsed": 263.221397, "delta": 1.390429}}
{"target": -34.60651866417195, "params": {"C": 4559.695532824578, "gamma": 0.03206399848179527}, "datetime": {"datetime": "2021-09-28 16:15:50", "elapsed": 264.684358, "delta": 1.462961}}
{"target": -34.77505721443357, "params": {"C": 4045.346385141034, "gamma": 0.053814910249429304}, "datetime": {"datetime": "2021-09-28 16:15:52", "elapsed": 266.673333, "delta": 1.988975}}
{"target": -34.8641188492844, "params": {"C": 4559.711622080749, "gamma": 0.06170068121737801}, "datetime": {"datetime": "2021-09-28 16:15:55", "elapsed": 269.028534, "delta": 2.355201}}
{"target": -35.78228193801017, "params": {"C": 4214.249227714837, "gamma": 0.11620303846096804}, "datetime": {"datetime": "2021-09-28 16:15:56", "elapsed": 270.477896, "delta": 1.449362}}
{"target": -34.637817923721286, "params": {"C": 4721.942208352354, "gamma": 0.02825386952410368}, "datetime": {"datetime": "2021-09-28 16:15:57", "elapsed": 271.918895, "delta": 1.440999}}
{"target": -34.794183080676675, "params": {"C": 4619.656430237135, "gamma": 0.05673184490445117}, "datetime": {"datetime": "2021-09-28 16:15:59", "elapsed": 273.393885, "delta": 1.47499}}
{"target": -34.8917627899985, "params": {"C": 4559.674283758307, "gamma": 0.0636434508893711}, "datetime": {"datetime": "2021-09-28 16:16:01", "elapsed": 275.4351, "delta": 2.041215}}
{"target": -36.69730598833631, "params": {"C": 4861.739532945155, "gamma": 0.18253533609982442}, "datetime": {"datetime": "2021-09-28 16:16:02", "elapsed": 276.906574, "delta": 1.471474}}
{"target": -34.62563968133948, "params": {"C": 4605.229873019334, "gamma": 0.029958233266420952}, "datetime": {"datetime": "2021-09-28 16:16:05", "elapsed": 279.065804, "delta": 2.15923}}
{"target": -34.88574925936517, "params": {"C": 4353.038661553092, "gamma": 0.06290819030443794}, "datetime": {"datetime": "2021-09-28 16:16:07", "elapsed": 281.633044, "delta": 2.56724}}
{"target": -34.738157280525456, "params": {"C": 4024.7570378970795, "gamma": 0.05063413886328227}, "datetime": {"datetime": "2021-09-28 16:16:09", "elapsed": 283.764239, "delta": 2.131195}}
{"target": -35.69747191323846, "params": {"C": 4045.389396448034, "gamma": 0.1117035969831619}, "datetime": {"datetime": "2021-09-28 16:16:11", "elapsed": 285.427274, "delta": 1.663035}}
{"target": -34.7807993620481, "params": {"C": 4242.829919056337, "gamma": 0.0548423911922957}, "datetime": {"datetime": "2021-09-28 16:16:12", "elapsed": 286.773915, "delta": 1.346641}}
{"target": -35.31502189607754, "params": {"C": 4024.730572781845, "gamma": 0.08982918445952877}, "datetime": {"datetime": "2021-09-28 16:16:15", "elapsed": 289.066752, "delta": 2.292837}}
{"target": -34.87020370662777, "params": {"C": 4045.3565365413756, "gamma": 0.022131079332115375}, "datetime": {"datetime": "2021-09-28 16:16:17", "elapsed": 291.534031, "delta": 2.467279}}
{"target": -34.62499417701321, "params": {"C": 4323.8404430144565, "gamma": 0.03253354829616625}, "datetime": {"datetime": "2021-09-28 16:16:19", "elapsed": 293.370959, "delta": 1.836928}}
