{"target": 0.24759271376276315, "params": {"C": 375806.4760740799, "gamma": 0.6446363946325202}, "datetime": {"datetime": "2021-10-04 10:58:50", "elapsed": 163.833306, "delta": 0.902503}}
{"target": 0.1370149689279001, "params": {"C": 264118.0519865954, "gamma": 0.2156070162977813}, "datetime": {"datetime": "2021-10-04 10:58:51", "elapsed": 164.766977, "delta": 0.933671}}
{"target": 0.14906272796023778, "params": {"C": 323155.5316530455, "gamma": 0.057882673213454805}, "datetime": {"datetime": "2021-10-04 10:58:52", "elapsed": 165.816657, "delta": 1.04968}}
{"target": 0.2090224526690957, "params": {"C": 457577.77278138086, "gamma": 0.3762783502476182}, "datetime": {"datetime": "2021-10-04 10:58:53", "elapsed": 166.819653, "delta": 1.002996}}
{"target": 0.10196670506072325, "params": {"C": 279432.50630617706, "gamma": 0.15749128285963113}, "datetime": {"datetime": "2021-10-04 10:58:54", "elapsed": 168.292595, "delta": 1.472942}}
{"target": 0.2218421285461235, "params": {"C": 118338.58144871425, "gamma": 0.699903078121}, "datetime": {"datetime": "2021-10-04 10:58:56", "elapsed": 169.595983, "delta": 1.303388}}
{"target": 0.23748001573498656, "params": {"C": 402888.51860522095, "gamma": 0.7201995270143822}, "datetime": {"datetime": "2021-10-04 10:58:57", "elapsed": 170.60369, "delta": 1.007707}}
{"target": 0.24555727629634727, "params": {"C": 184777.70001979903, "gamma": 0.43197866145361197}, "datetime": {"datetime": "2021-10-04 10:58:58", "elapsed": 171.670158, "delta": 1.066468}}
{"target": 0.2493806300279019, "params": {"C": 481935.83804412466, "gamma": 0.6265256990009578}, "datetime": {"datetime": "2021-10-04 10:58:59", "elapsed": 172.712864, "delta": 1.042706}}
{"target": 0.21459261467757407, "params": {"C": 179551.1488542183, "gamma": 0.7955340321989343}, "datetime": {"datetime": "2021-10-04 10:59:00", "elapsed": 173.68804, "delta": 0.975176}}
{"target": 0.2477411623273582, "params": {"C": 385118.32912630704, "gamma": 0.4905772526164242}, "datetime": {"datetime": "2021-10-04 10:59:01", "elapsed": 174.753413, "delta": 1.065373}}
{"target": 0.10882578859121506, "params": {"C": 324831.2474023665, "gamma": 0.19861267364320798}, "datetime": {"datetime": "2021-10-04 10:59:02", "elapsed": 175.724784, "delta": 0.971371}}
{"target": 0.22924466844638003, "params": {"C": 162960.9662372042, "gamma": 0.7091835816326595}, "datetime": {"datetime": "2021-10-04 10:59:03", "elapsed": 176.693206, "delta": 0.968422}}
{"target": 0.21944194482151258, "params": {"C": 125657.34192928874, "gamma": 0.3138148061643701}, "datetime": {"datetime": "2021-10-04 10:59:04", "elapsed": 177.714186, "delta": 1.02098}}
{"target": 0.20315377011082802, "params": {"C": 254714.72253538674, "gamma": 0.8829059685615069}, "datetime": {"datetime": "2021-10-04 10:59:05", "elapsed": 178.757713, "delta": 1.043527}}
{"target": 0.21153635813979943, "params": {"C": 118159.22456240066, "gamma": 0.2879172438184927}, "datetime": {"datetime": "2021-10-04 10:59:06", "elapsed": 180.11094, "delta": 1.353227}}
{"target": 0.19288394589673175, "params": {"C": 187395.130754086, "gamma": 0.9075580592769452}, "datetime": {"datetime": "2021-10-04 10:59:07", "elapsed": 181.178474, "delta": 1.067534}}
{"target": 0.23008549271878143, "params": {"C": 354006.50075147254, "gamma": 0.7598831306155674}, "datetime": {"datetime": "2021-10-04 10:59:08", "elapsed": 182.269871, "delta": 1.091397}}
{"target": 0.22360936832953815, "params": {"C": 485945.0909619145, "gamma": 0.4122803099732779}, "datetime": {"datetime": "2021-10-04 10:59:09", "elapsed": 183.27259, "delta": 1.002719}}
{"target": 0.22536537634370513, "params": {"C": 141612.52947730393, "gamma": 0.7110676041635557}, "datetime": {"datetime": "2021-10-04 10:59:11", "elapsed": 184.375631, "delta": 1.103041}}
{"target": 0.09426331337138294, "params": {"C": 448329.3042071944, "gamma": 0.21785398677202877}, "datetime": {"datetime": "2021-10-04 10:59:12", "elapsed": 185.376277, "delta": 1.000646}}
{"target": 0.23143752785104876, "params": {"C": 124127.7134711826, "gamma": 0.35293677595953}, "datetime": {"datetime": "2021-10-04 10:59:13", "elapsed": 186.949525, "delta": 1.573248}}
{"target": 0.1788285655693529, "params": {"C": 195557.1607420657, "gamma": 0.9838920631612151}, "datetime": {"datetime": "2021-10-04 10:59:14", "elapsed": 188.137314, "delta": 1.187789}}
{"target": 0.10020727941402885, "params": {"C": 445508.1849150394, "gamma": 0.2240221351677788}, "datetime": {"datetime": "2021-10-04 10:59:15", "elapsed": 189.182668, "delta": 1.045354}}
{"target": 0.2195765545227225, "params": {"C": 463927.96654989076, "gamma": 0.8243735397620239}, "datetime": {"datetime": "2021-10-04 10:59:17", "elapsed": 190.562738, "delta": 1.38007}}
{"target": 0.2080833561409643, "params": {"C": 311146.2947071905, "gamma": 0.8696758489833714}, "datetime": {"datetime": "2021-10-04 10:59:18", "elapsed": 192.221178, "delta": 1.65844}}
{"target": 0.25274313007170346, "params": {"C": 229380.74099011914, "gamma": 0.5091548060231097}, "datetime": {"datetime": "2021-10-04 10:59:20", "elapsed": 193.333305, "delta": 1.112127}}
{"target": 0.2423212867096175, "params": {"C": 213990.35596075797, "gamma": 0.6586906910699282}, "datetime": {"datetime": "2021-10-04 10:59:21", "elapsed": 194.680932, "delta": 1.347627}}
{"target": 0.17684806212619208, "params": {"C": 305599.1274874237, "gamma": 0.01779450095723634}, "datetime": {"datetime": "2021-10-04 10:59:22", "elapsed": 195.974057, "delta": 1.293125}}
{"target": 0.08301217162390506, "params": {"C": 323878.2131298312, "gamma": 0.14654062818184158}, "datetime": {"datetime": "2021-10-04 10:59:24", "elapsed": 197.409121, "delta": 1.435064}}
{"target": 0.21954073013132214, "params": {"C": 487630.90729963314, "gamma": 0.4025861843229328}, "datetime": {"datetime": "2021-10-04 10:59:25", "elapsed": 198.565864, "delta": 1.156743}}
{"target": 0.21370528215430962, "params": {"C": 447710.5456546629, "gamma": 0.8541726051148539}, "datetime": {"datetime": "2021-10-04 10:59:26", "elapsed": 199.652764, "delta": 1.0869}}
{"target": 0.25044993072092425, "params": {"C": 185699.69108593467, "gamma": 0.5741395441785606}, "datetime": {"datetime": "2021-10-04 10:59:27", "elapsed": 200.749308, "delta": 1.096544}}
{"target": 0.059068526614864614, "params": {"C": 388776.8833409415, "gamma": 0.12717735742762434}, "datetime": {"datetime": "2021-10-04 10:59:28", "elapsed": 201.884331, "delta": 1.135023}}
{"target": 0.1563358007636212, "params": {"C": 347862.5720948541, "gamma": 0.2719038887195442}, "datetime": {"datetime": "2021-10-04 10:59:29", "elapsed": 203.000475, "delta": 1.116144}}
{"target": 0.25013819367011214, "params": {"C": 221947.5517716629, "gamma": 0.5965056371692279}, "datetime": {"datetime": "2021-10-04 10:59:30", "elapsed": 204.134678, "delta": 1.134203}}
{"target": 0.20258834635407952, "params": {"C": 444695.8131780618, "gamma": 0.9112436824355179}, "datetime": {"datetime": "2021-10-04 10:59:31", "elapsed": 205.290785, "delta": 1.156107}}
{"target": 0.17144696653351732, "params": {"C": 134861.8422784427, "gamma": 0.07138569350649233}, "datetime": {"datetime": "2021-10-04 10:59:33", "elapsed": 207.156336, "delta": 1.865551}}
{"target": 0.2519841588571353, "params": {"C": 441481.4363812782, "gamma": 0.5717654261021928}, "datetime": {"datetime": "2021-10-04 10:59:35", "elapsed": 208.321995, "delta": 1.165659}}
{"target": 0.15957668846063777, "params": {"C": 200750.37326378713, "gamma": 0.06882542116255103}, "datetime": {"datetime": "2021-10-04 10:59:36", "elapsed": 209.447235, "delta": 1.12524}}
{"target": 0.19049458425219734, "params": {"C": 264242.63665278465, "gamma": 0.949639541786186}, "datetime": {"datetime": "2021-10-04 10:59:37", "elapsed": 210.645359, "delta": 1.198124}}
{"target": 0.18210376772934767, "params": {"C": 197131.96762253455, "gamma": 0.2623015880593079}, "datetime": {"datetime": "2021-10-04 10:59:38", "elapsed": 212.146872, "delta": 1.501513}}
{"target": 0.14358700121745593, "params": {"C": 338474.6293921247, "gamma": 0.25169277353155667}, "datetime": {"datetime": "2021-10-04 10:59:39", "elapsed": 213.258672, "delta": 1.1118}}
{"target": 0.24643604302997912, "params": {"C": 431499.2399214741, "gamma": 0.4897210870627805}, "datetime": {"datetime": "2021-10-04 10:59:41", "elapsed": 214.801108, "delta": 1.542436}}
{"target": 0.25110597704897997, "params": {"C": 467654.90424316586, "gamma": 0.5421325647462822}, "datetime": {"datetime": "2021-10-04 10:59:43", "elapsed": 216.342598, "delta": 1.54149}}
{"target": 0.23399688827812226, "params": {"C": 192956.49494795973, "gamma": 0.3838657880673797}, "datetime": {"datetime": "2021-10-04 10:59:44", "elapsed": 217.523683, "delta": 1.181085}}
{"target": 0.24446371902568254, "params": {"C": 455532.6758471161, "gamma": 0.48168838465740027}, "datetime": {"datetime": "2021-10-04 10:59:45", "elapsed": 218.715129, "delta": 1.191446}}
{"target": 0.25084970778325444, "params": {"C": 160370.83975494123, "gamma": 0.4773078740764139}, "datetime": {"datetime": "2021-10-04 10:59:46", "elapsed": 219.879776, "delta": 1.164647}}
{"target": 0.25092719037364153, "params": {"C": 157632.4595981007, "gamma": 0.5368475292746688}, "datetime": {"datetime": "2021-10-04 10:59:48", "elapsed": 221.395749, "delta": 1.515973}}
{"target": 0.24575508934986656, "params": {"C": 483162.9202621724, "gamma": 0.4929754390606992}, "datetime": {"datetime": "2021-10-04 10:59:49", "elapsed": 222.577214, "delta": 1.181465}}
{"target": 0.21835575842791344, "params": {"C": 266199.09174089937, "gamma": 0.8089232787472659}, "datetime": {"datetime": "2021-10-04 10:59:50", "elapsed": 224.203928, "delta": 1.626714}}
{"target": 0.241950329263664, "params": {"C": 426734.6594142398, "gamma": 0.6917721789244913}, "datetime": {"datetime": "2021-10-04 10:59:52", "elapsed": 225.569519, "delta": 1.365591}}
{"target": 0.09609327961463854, "params": {"C": 285599.9783157418, "gamma": 0.12840053935021337}, "datetime": {"datetime": "2021-10-04 10:59:53", "elapsed": 227.18614, "delta": 1.616621}}
{"target": 0.24452904956694055, "params": {"C": 388911.36100838287, "gamma": 0.6710087896020266}, "datetime": {"datetime": "2021-10-04 10:59:55", "elapsed": 228.320413, "delta": 1.134273}}
{"target": 0.18600833604451816, "params": {"C": 389405.2149776823, "gamma": 0.32499233042202785}, "datetime": {"datetime": "2021-10-04 10:59:56", "elapsed": 229.553181, "delta": 1.232768}}
{"target": 0.19143577784104437, "params": {"C": 384648.35170370206, "gamma": 0.9641346027587684}, "datetime": {"datetime": "2021-10-04 10:59:57", "elapsed": 230.72523, "delta": 1.172049}}
{"target": 0.251309097453949, "params": {"C": 417534.18263228185, "gamma": 0.5332903087699573}, "datetime": {"datetime": "2021-10-04 10:59:58", "elapsed": 232.214375, "delta": 1.489145}}
{"target": 0.19538599881163676, "params": {"C": 262136.10945473314, "gamma": 0.924095731150683}, "datetime": {"datetime": "2021-10-04 11:00:00", "elapsed": 233.341662, "delta": 1.127287}}
{"target": 0.24557960868431594, "params": {"C": 149425.78549204578, "gamma": 0.4258081140424127}, "datetime": {"datetime": "2021-10-04 11:00:01", "elapsed": 234.575507, "delta": 1.233845}}
{"target": 0.14475953818604403, "params": {"C": 479816.1461639181, "gamma": 0.28234668611266456}, "datetime": {"datetime": "2021-10-04 11:00:02", "elapsed": 236.140423, "delta": 1.564916}}
{"target": 0.19484096563426945, "params": {"C": 109985.12185635109, "gamma": 0.2386287775908643}, "datetime": {"datetime": "2021-10-04 11:00:03", "elapsed": 237.306226, "delta": 1.165803}}
{"target": 0.20435657735890622, "params": {"C": 447777.95256550104, "gamma": 0.9023415646637694}, "datetime": {"datetime": "2021-10-04 11:00:05", "elapsed": 238.616367, "delta": 1.310141}}
{"target": 0.2510171486962841, "params": {"C": 412883.12395009876, "gamma": 0.5275263532510542}, "datetime": {"datetime": "2021-10-04 11:00:06", "elapsed": 239.841933, "delta": 1.225566}}
{"target": 0.14235612690403465, "params": {"C": 171567.70516174214, "gamma": 0.12164942517403711}, "datetime": {"datetime": "2021-10-04 11:00:08", "elapsed": 241.539914, "delta": 1.697981}}
{"target": 0.18936189671851922, "params": {"C": 341722.45588593447, "gamma": 0.970000535378248}, "datetime": {"datetime": "2021-10-04 11:00:09", "elapsed": 243.094373, "delta": 1.554459}}
{"target": 0.1980453288992322, "params": {"C": 421310.0610101767, "gamma": 0.9330324719532971}, "datetime": {"datetime": "2021-10-04 11:00:10", "elapsed": 244.313635, "delta": 1.219262}}
{"target": 0.23691762641989744, "params": {"C": 491083.93201608787, "gamma": 0.7274896760419202}, "datetime": {"datetime": "2021-10-04 11:00:12", "elapsed": 245.617466, "delta": 1.303831}}
{"target": 0.23511018470909073, "params": {"C": 103241.53649894061, "gamma": 0.3664312608346241}, "datetime": {"datetime": "2021-10-04 11:00:13", "elapsed": 246.894296, "delta": 1.27683}}
{"target": 0.19770384053172907, "params": {"C": 287379.3845350321, "gamma": 0.9180673914218708}, "datetime": {"datetime": "2021-10-04 11:00:14", "elapsed": 248.220553, "delta": 1.326257}}
{"target": 0.21476688506161423, "params": {"C": 119773.79727849433, "gamma": 0.7374804079810476}, "datetime": {"datetime": "2021-10-04 11:00:16", "elapsed": 249.547028, "delta": 1.326475}}
{"target": 0.20854654066685663, "params": {"C": 175714.8911832346, "gamma": 0.82305311597173}, "datetime": {"datetime": "2021-10-04 11:00:17", "elapsed": 251.143426, "delta": 1.596398}}
{"target": 0.20048136761623525, "params": {"C": 283843.6029844473, "gamma": 0.327444243441243}, "datetime": {"datetime": "2021-10-04 11:00:19", "elapsed": 252.465279, "delta": 1.321853}}
{"target": 0.1788521633669673, "params": {"C": 251871.73411178737, "gamma": 0.041463424890766654}, "datetime": {"datetime": "2021-10-04 11:00:20", "elapsed": 254.117111, "delta": 1.651832}}
{"target": 0.13962989790610947, "params": {"C": 373214.93555734295, "gamma": 0.2553652486938601}, "datetime": {"datetime": "2021-10-04 11:00:22", "elapsed": 255.430534, "delta": 1.313423}}
{"target": 0.08574294490983725, "params": {"C": 341704.181744755, "gamma": 0.10379302858289362}, "datetime": {"datetime": "2021-10-04 11:00:23", "elapsed": 256.762109, "delta": 1.331575}}
{"target": 0.24192598755358619, "params": {"C": 192906.89686174633, "gamma": 0.65210663306103}, "datetime": {"datetime": "2021-10-04 11:00:24", "elapsed": 258.025335, "delta": 1.263226}}
{"target": 0.25128914142618675, "params": {"C": 209086.92397803854, "gamma": 0.5766206869151604}, "datetime": {"datetime": "2021-10-04 11:00:25", "elapsed": 259.270827, "delta": 1.245492}}
{"target": 0.18684686628469593, "params": {"C": 169820.54392697834, "gamma": 0.25783451196568535}, "datetime": {"datetime": "2021-10-04 11:00:27", "elapsed": 260.64691, "delta": 1.376083}}
{"target": 0.18520498969176202, "params": {"C": 151226.37587559997, "gamma": 0.03566731409588573}, "datetime": {"datetime": "2021-10-04 11:00:28", "elapsed": 261.915824, "delta": 1.268914}}
{"target": 0.2528211823868415, "params": {"C": 320668.17863663525, "gamma": 0.5381863464388194}, "datetime": {"datetime": "2021-10-04 11:00:29", "elapsed": 263.219861, "delta": 1.304037}}
{"target": 0.20624465235914957, "params": {"C": 333068.0590230868, "gamma": 0.3502745453864724}, "datetime": {"datetime": "2021-10-04 11:00:31", "elapsed": 264.599958, "delta": 1.380097}}
{"target": 0.23522028989754362, "params": {"C": 191372.39757344476, "gamma": 0.6931800298398212}, "datetime": {"datetime": "2021-10-04 11:00:32", "elapsed": 266.019509, "delta": 1.419551}}
{"target": 0.11837364556643637, "params": {"C": 264367.81265626027, "gamma": 0.183381306405376}, "datetime": {"datetime": "2021-10-04 11:00:34", "elapsed": 267.360915, "delta": 1.341406}}
{"target": 0.20413067483698366, "params": {"C": 198941.7374428874, "gamma": 0.8578198970680316}, "datetime": {"datetime": "2021-10-04 11:00:35", "elapsed": 268.715868, "delta": 1.354953}}
{"target": 0.23927423578524043, "params": {"C": 406157.0099180236, "gamma": 0.4505771841935276}, "datetime": {"datetime": "2021-10-04 11:00:36", "elapsed": 270.066071, "delta": 1.350203}}
{"target": 0.20516022786551846, "params": {"C": 317304.0890548861, "gamma": 0.8854625981393374}, "datetime": {"datetime": "2021-10-04 11:00:38", "elapsed": 271.438897, "delta": 1.372826}}
{"target": 0.17864678167998027, "params": {"C": 228718.6716967395, "gamma": 0.2697063330116545}, "datetime": {"datetime": "2021-10-04 11:00:40", "elapsed": 273.644903, "delta": 2.206006}}
{"target": 0.11326500652810156, "params": {"C": 309829.31643856573, "gamma": 0.08622060087743035}, "datetime": {"datetime": "2021-10-04 11:00:41", "elapsed": 275.064116, "delta": 1.419213}}
{"target": 0.251529593000397, "params": {"C": 484039.77573103405, "gamma": 0.5594656247816664}, "datetime": {"datetime": "2021-10-04 11:00:43", "elapsed": 276.467289, "delta": 1.403173}}
{"target": 0.21987277469093547, "params": {"C": 340305.45089126675, "gamma": 0.8132426109068651}, "datetime": {"datetime": "2021-10-04 11:00:44", "elapsed": 277.855441, "delta": 1.388152}}
{"target": 0.25239985193099534, "params": {"C": 322378.2335323978, "gamma": 0.5803153249639698}, "datetime": {"datetime": "2021-10-04 11:00:46", "elapsed": 279.698458, "delta": 1.843017}}
{"target": 0.23823434285990064, "params": {"C": 444566.30430941225, "gamma": 0.7174801649294177}, "datetime": {"datetime": "2021-10-04 11:00:47", "elapsed": 281.265449, "delta": 1.566991}}
{"target": 0.25017515522555867, "params": {"C": 416701.5057655233, "gamma": 0.6172607725580533}, "datetime": {"datetime": "2021-10-04 11:00:49", "elapsed": 282.827491, "delta": 1.562042}}
{"target": 0.22567521858756934, "params": {"C": 466508.0814033557, "gamma": 0.4153116961537285}, "datetime": {"datetime": "2021-10-04 11:00:50", "elapsed": 284.282507, "delta": 1.455016}}
{"target": 0.21914670235714584, "params": {"C": 171794.47990793223, "gamma": 0.3321978570634854}, "datetime": {"datetime": "2021-10-04 11:00:52", "elapsed": 285.699778, "delta": 1.417271}}
{"target": 0.1412746278549304, "params": {"C": 275238.24995652126, "gamma": 0.07052890670877937}, "datetime": {"datetime": "2021-10-04 11:00:53", "elapsed": 287.27333, "delta": 1.573552}}
{"target": 0.2096674448172272, "params": {"C": 145905.2974479923, "gamma": 0.7939351569711347}, "datetime": {"datetime": "2021-10-04 11:00:55", "elapsed": 288.655076, "delta": 1.381746}}
{"target": 0.2456491837852579, "params": {"C": 209484.3417342084, "gamma": 0.6327103386817233}, "datetime": {"datetime": "2021-10-04 11:00:57", "elapsed": 290.555556, "delta": 1.90048}}
{"target": 0.19826281619427266, "params": {"C": 163251.58141676773, "gamma": 0.2787029920929744}, "datetime": {"datetime": "2021-10-04 11:00:58", "elapsed": 292.228412, "delta": 1.672856}}
{"target": 0.2452264278900702, "params": {"C": 438849.0614404136, "gamma": 0.6673617993493373}, "datetime": {"datetime": "2021-10-04 11:01:00", "elapsed": 293.891775, "delta": 1.663363}}
{"target": 0.13146930378954613, "params": {"C": 209331.44398517028, "gamma": 0.1078501881574007}, "datetime": {"datetime": "2021-10-04 11:01:02", "elapsed": 295.4472, "delta": 1.555425}}
{"target": 0.19860941762775597, "params": {"C": 297645.04059907614, "gamma": 0.9154422054553616}, "datetime": {"datetime": "2021-10-04 11:01:03", "elapsed": 297.032182, "delta": 1.584982}}
{"target": 0.18421231257287218, "params": {"C": 311041.22958394326, "gamma": 0.30535419668047603}, "datetime": {"datetime": "2021-10-04 11:01:05", "elapsed": 298.747549, "delta": 1.715367}}
{"target": 0.2437539195206604, "params": {"C": 109842.05530107474, "gamma": 0.5408232474208228}, "datetime": {"datetime": "2021-10-04 11:01:07", "elapsed": 300.45111, "delta": 1.703561}}
{"target": 0.2188592201846985, "params": {"C": 174747.7281316354, "gamma": 0.7712100163564091}, "datetime": {"datetime": "2021-10-04 11:01:08", "elapsed": 302.154987, "delta": 1.703877}}
{"target": 0.23510848593041256, "params": {"C": 128262.30787743644, "gamma": 0.36852059503833334}, "datetime": {"datetime": "2021-10-04 11:01:10", "elapsed": 304.06138, "delta": 1.906393}}
{"target": 0.24456461593572032, "params": {"C": 116420.91281280198, "gamma": 0.4235147783884826}, "datetime": {"datetime": "2021-10-04 11:01:12", "elapsed": 306.264158, "delta": 2.202778}}
{"target": 0.2517458740848738, "params": {"C": 470826.42496076215, "gamma": 0.5668532655654857}, "datetime": {"datetime": "2021-10-04 11:01:15", "elapsed": 308.515581, "delta": 2.251423}}
{"target": 0.2421508257249051, "params": {"C": 436869.8730346969, "gamma": 0.6907368391856552}, "datetime": {"datetime": "2021-10-04 11:01:16", "elapsed": 310.255735, "delta": 1.740154}}
{"target": 0.2296406020772107, "params": {"C": 446981.3374902987, "gamma": 0.7688888788600511}, "datetime": {"datetime": "2021-10-04 11:01:18", "elapsed": 311.993178, "delta": 1.737443}}
{"target": 0.1668192767684049, "params": {"C": 130256.23227915184, "gamma": 0.98738390150701}, "datetime": {"datetime": "2021-10-04 11:01:20", "elapsed": 313.698395, "delta": 1.705217}}
{"target": 0.1841592361839155, "params": {"C": 267882.0083535109, "gamma": 0.2931646820591847}, "datetime": {"datetime": "2021-10-04 11:01:22", "elapsed": 315.426574, "delta": 1.728179}}
{"target": 0.18358994264061657, "params": {"C": 478626.2404239884, "gamma": 0.020269045561863278}, "datetime": {"datetime": "2021-10-04 11:01:23", "elapsed": 317.26234, "delta": 1.835766}}
{"target": 0.24040238732232455, "params": {"C": 227009.6575627095, "gamma": 0.6759751656977216}, "datetime": {"datetime": "2021-10-04 11:01:25", "elapsed": 319.005768, "delta": 1.743428}}
{"target": 0.20369924232161063, "params": {"C": 399345.5507039614, "gamma": 0.9022312852047859}, "datetime": {"datetime": "2021-10-04 11:01:27", "elapsed": 320.458098, "delta": 1.45233}}
{"target": 0.20554582137313337, "params": {"C": 310052.966205228, "gamma": 0.8823701203026187}, "datetime": {"datetime": "2021-10-04 11:01:28", "elapsed": 321.980589, "delta": 1.522491}}
