{"target": -38.28102874576575, "params": {"C": 559.6942095177146, "gamma": 0.07697671491239262}, "datetime": {"datetime": "2021-09-28 12:38:53", "elapsed": 290.956449, "delta": 2.115697}}
{"target": -37.80976761637056, "params": {"C": 559.8595695851201, "gamma": 0.006542416412812175}, "datetime": {"datetime": "2021-09-28 12:38:57", "elapsed": 294.32491, "delta": 3.368461}}
{"target": -37.41244312677983, "params": {"C": 580.4039315520548, "gamma": 0.04597986378075715}, "datetime": {"datetime": "2021-09-28 12:38:59", "elapsed": 296.511092, "delta": 2.186182}}
{"target": -38.074439125385666, "params": {"C": 573.5753746566525, "gamma": 0.005204542282978262}, "datetime": {"datetime": "2021-09-28 12:39:02", "elapsed": 299.577899, "delta": 3.066807}}
{"target": -38.12937613268038, "params": {"C": 567.5067386218352, "gamma": 0.07265517178923123}, "datetime": {"datetime": "2021-09-28 12:39:04", "elapsed": 301.623249, "delta": 2.04535}}
{"target": -38.68582273034941, "params": {"C": 481.3592208315848, "gamma": 0.08143931927596444}, "datetime": {"datetime": "2021-09-28 12:39:06", "elapsed": 303.650833, "delta": 2.027584}}
{"target": -37.33401673340616, "params": {"C": 505.84129199099857, "gamma": 0.029325970130353228}, "datetime": {"datetime": "2021-09-28 12:39:08", "elapsed": 305.628832, "delta": 1.977999}}
{"target": -38.730848882489006, "params": {"C": 505.8490085857445, "gamma": 0.0866269108881118}, "datetime": {"datetime": "2021-09-28 12:39:11", "elapsed": 308.31695, "delta": 2.688118}}
{"target": -37.68353409613881, "params": {"C": 559.8173391540374, "gamma": 0.055224278229327024}, "datetime": {"datetime": "2021-09-28 12:39:13", "elapsed": 311.039291, "delta": 2.722341}}
{"target": -38.719773237915575, "params": {"C": 580.4605303687525, "gamma": 0.09613718322706723}, "datetime": {"datetime": "2021-09-28 12:39:16", "elapsed": 313.528949, "delta": 2.489658}}
{"target": -39.35221485675234, "params": {"C": 381.8950507966937, "gamma": 0.09202712287423152}, "datetime": {"datetime": "2021-09-28 12:39:18", "elapsed": 315.408115, "delta": 1.879166}}
{"target": -37.398032089121074, "params": {"C": 541.2159566095834, "gamma": 0.03947551981062792}, "datetime": {"datetime": "2021-09-28 12:39:20", "elapsed": 317.537545, "delta": 2.12943}}
{"target": -38.0312276183631, "params": {"C": 505.7916034281045, "gamma": 0.006370705300042064}, "datetime": {"datetime": "2021-09-28 12:39:24", "elapsed": 321.440223, "delta": 3.902678}}
{"target": -37.18816862396584, "params": {"C": 588.4352569605692, "gamma": 0.011479361039876332}, "datetime": {"datetime": "2021-09-28 12:39:27", "elapsed": 324.464869, "delta": 3.024646}}
{"target": -37.94679896364685, "params": {"C": 541.2478521346709, "gamma": 0.0633752658227327}, "datetime": {"datetime": "2021-09-28 12:39:30", "elapsed": 327.416741, "delta": 2.951872}}
{"target": -38.25735838296565, "params": {"C": 541.1422418088073, "gamma": 0.0739160384164578}, "datetime": {"datetime": "2021-09-28 12:39:32", "elapsed": 329.77517, "delta": 2.358429}}
{"target": -38.373030642653625, "params": {"C": 588.3626122918249, "gamma": 0.004111174860178148}, "datetime": {"datetime": "2021-09-28 12:39:35", "elapsed": 332.677527, "delta": 2.902357}}
{"target": -39.086504976211714, "params": {"C": 473.402543018016, "gamma": 0.09636110125410104}, "datetime": {"datetime": "2021-09-28 12:39:37", "elapsed": 334.362789, "delta": 1.685262}}
{"target": -38.807674294466395, "params": {"C": 282.2527990397419, "gamma": 0.04827144044828876}, "datetime": {"datetime": "2021-09-28 12:39:38", "elapsed": 335.856784, "delta": 1.493995}}
{"target": -37.26091864858198, "params": {"C": 505.90217803980613, "gamma": 0.019045546873024836}, "datetime": {"datetime": "2021-09-28 12:39:40", "elapsed": 338.09154, "delta": 2.234756}}
{"target": -37.43604614145079, "params": {"C": 505.9428487698947, "gamma": 0.03519943870054483}, "datetime": {"datetime": "2021-09-28 12:39:43", "elapsed": 341.206535, "delta": 3.114995}}
{"target": -38.99063043037421, "params": {"C": 541.1868589056288, "gamma": 0.003}, "datetime": {"datetime": "2021-09-28 12:39:45", "elapsed": 343.291604, "delta": 2.085069}}
{"target": -36.99431709308157, "params": {"C": 588.4869470668557, "gamma": 0.024149294551385998}, "datetime": {"datetime": "2021-09-28 12:39:49", "elapsed": 346.89379, "delta": 3.602186}}
{"target": -37.7568452117146, "params": {"C": 395.75230729675405, "gamma": 0.026952370424987025}, "datetime": {"datetime": "2021-09-28 12:39:51", "elapsed": 348.536228, "delta": 1.642438}}
{"target": -39.16334468679762, "params": {"C": 403.37835810375697, "gamma": 0.08788284754728468}, "datetime": {"datetime": "2021-09-28 12:39:52", "elapsed": 350.285061, "delta": 1.748833}}
{"target": -39.73658359962642, "params": {"C": 204.69510333398406, "gamma": 0.06220896078154502}, "datetime": {"datetime": "2021-09-28 12:39:54", "elapsed": 351.961058, "delta": 1.675997}}
{"target": -38.1336872999913, "params": {"C": 588.5584396887355, "gamma": 0.07519207367709271}, "datetime": {"datetime": "2021-09-28 12:39:56", "elapsed": 354.183214, "delta": 2.222156}}
{"target": -38.00256101260847, "params": {"C": 505.9118833903103, "gamma": 0.061047681814074765}, "datetime": {"datetime": "2021-09-28 12:39:59", "elapsed": 357.016533, "delta": 2.833319}}
{"target": -38.74361795600226, "params": {"C": 264.971170177573, "gamma": 0.039813653188419805}, "datetime": {"datetime": "2021-09-28 12:40:01", "elapsed": 358.844418, "delta": 1.827885}}
{"target": -37.066640319150956, "params": {"C": 569.9715998608269, "gamma": 0.025749329679568556}, "datetime": {"datetime": "2021-09-28 12:40:03", "elapsed": 360.521232, "delta": 1.676814}}
{"target": -37.27993469418694, "params": {"C": 558.2499672692561, "gamma": 0.011483710922817948}, "datetime": {"datetime": "2021-09-28 12:40:05", "elapsed": 362.410959, "delta": 1.889727}}
{"target": -37.077331425098066, "params": {"C": 569.9189281364334, "gamma": 0.026669735124046558}, "datetime": {"datetime": "2021-09-28 12:40:07", "elapsed": 364.664797, "delta": 2.253838}}
{"target": -37.96947705235062, "params": {"C": 497.2747753589024, "gamma": 0.058397386486412795}, "datetime": {"datetime": "2021-09-28 12:40:09", "elapsed": 366.488395, "delta": 1.823598}}
{"target": -38.06656451038562, "params": {"C": 569.8877236019938, "gamma": 0.07074388605242965}, "datetime": {"datetime": "2021-09-28 12:40:12", "elapsed": 369.35332, "delta": 2.864925}}
{"target": -38.63289189661827, "params": {"C": 588.5245038963333, "gamma": 0.003452211475569876}, "datetime": {"datetime": "2021-09-28 12:40:15", "elapsed": 372.700545, "delta": 3.347225}}
{"target": -37.80179271505709, "params": {"C": 588.4923072843412, "gamma": 0.06354251207406456}, "datetime": {"datetime": "2021-09-28 12:40:17", "elapsed": 375.182178, "delta": 2.481633}}
{"target": -37.710546562693, "params": {"C": 559.8596686310598, "gamma": 0.007114104148918987}, "datetime": {"datetime": "2021-09-28 12:40:19", "elapsed": 377.017907, "delta": 1.835729}}
{"target": -37.045823415646886, "params": {"C": 588.4676034686381, "gamma": 0.015498808293352536}, "datetime": {"datetime": "2021-09-28 12:40:22", "elapsed": 379.471821, "delta": 2.453914}}
{"target": -37.25600818234397, "params": {"C": 559.8654631228011, "gamma": 0.03555807523145062}, "datetime": {"datetime": "2021-09-28 12:40:25", "elapsed": 382.353934, "delta": 2.882113}}
{"target": -37.88593091631401, "params": {"C": 579.7714279738806, "gamma": 0.06555357241702177}, "datetime": {"datetime": "2021-09-28 12:40:28", "elapsed": 386.10575, "delta": 3.751816}}
{"target": -37.178130919532684, "params": {"C": 588.4701163402653, "gamma": 0.036153781536250276}, "datetime": {"datetime": "2021-09-28 12:40:32", "elapsed": 389.9597, "delta": 3.85395}}
{"target": -37.98796212652809, "params": {"C": 569.9501001102952, "gamma": 0.06799420136625908}, "datetime": {"datetime": "2021-09-28 12:40:36", "elapsed": 394.273759, "delta": 4.314059}}
{"target": -39.33012628360755, "params": {"C": 212.59480150045508, "gamma": 0.04759761817405969}, "datetime": {"datetime": "2021-09-28 12:40:38", "elapsed": 396.242002, "delta": 1.968243}}
{"target": -38.72233987664735, "params": {"C": 580.3104224413474, "gamma": 0.0033021853869738614}, "datetime": {"datetime": "2021-09-28 12:40:41", "elapsed": 398.968718, "delta": 2.726716}}
{"target": -37.046176218372594, "params": {"C": 569.9458609861449, "gamma": 0.02013026146982709}, "datetime": {"datetime": "2021-09-28 12:40:44", "elapsed": 401.976979, "delta": 3.008261}}
{"target": -37.14178179860254, "params": {"C": 580.2616093895829, "gamma": 0.032992946343589}, "datetime": {"datetime": "2021-09-28 12:40:47", "elapsed": 404.986929, "delta": 3.00995}}
{"target": -38.780612378928936, "params": {"C": 557.6579205072086, "gamma": 0.0033227850193180805}, "datetime": {"datetime": "2021-09-28 12:40:50", "elapsed": 407.541016, "delta": 2.554087}}
{"target": -38.820782999422846, "params": {"C": 557.7993297383559, "gamma": 0.003230569481119532}, "datetime": {"datetime": "2021-09-28 12:40:53", "elapsed": 411.050392, "delta": 3.509376}}
{"target": -37.152375301801435, "params": {"C": 559.832034344546, "gamma": 0.02970558364720323}, "datetime": {"datetime": "2021-09-28 12:40:57", "elapsed": 414.536321, "delta": 3.485929}}
{"target": -39.50123660514129, "params": {"C": 443.23017325918863, "gamma": 0.11057141077821668}, "datetime": {"datetime": "2021-09-28 12:40:59", "elapsed": 416.481122, "delta": 1.944801}}
{"target": -37.34434533699768, "params": {"C": 557.7919282762934, "gamma": 0.03956966918190274}, "datetime": {"datetime": "2021-09-28 12:41:02", "elapsed": 420.207851, "delta": 3.726729}}
{"target": -37.465360563821825, "params": {"C": 557.7023845154745, "gamma": 0.045154136737358706}, "datetime": {"datetime": "2021-09-28 12:41:06", "elapsed": 424.15664, "delta": 3.948789}}
{"target": -37.13382491857937, "params": {"C": 557.8498964963072, "gamma": 0.027991124157272982}, "datetime": {"datetime": "2021-09-28 12:41:10", "elapsed": 427.688133, "delta": 3.531493}}
{"target": -37.629127233706036, "params": {"C": 424.6553885518067, "gamma": 0.015814539244728282}, "datetime": {"datetime": "2021-09-28 12:41:12", "elapsed": 429.976582, "delta": 2.288449}}
{"target": -37.39911678329174, "params": {"C": 580.2619331155843, "gamma": 0.008998785929683365}, "datetime": {"datetime": "2021-09-28 12:41:16", "elapsed": 433.504151, "delta": 3.527569}}
{"target": -37.2401563857467, "params": {"C": 580.2939998273243, "gamma": 0.03800112160477643}, "datetime": {"datetime": "2021-09-28 12:41:19", "elapsed": 436.899595, "delta": 3.395444}}
{"target": -37.11566817099764, "params": {"C": 586.1068943373843, "gamma": 0.03256501872204011}, "datetime": {"datetime": "2021-09-28 12:41:22", "elapsed": 439.979791, "delta": 3.080196}}
{"target": -38.89124360875507, "params": {"C": 569.9690516024222, "gamma": 0.003}, "datetime": {"datetime": "2021-09-28 12:41:25", "elapsed": 442.727882, "delta": 2.748091}}
{"target": -37.152098260885055, "params": {"C": 557.7630491675855, "gamma": 0.029240543957359845}, "datetime": {"datetime": "2021-09-28 12:41:28", "elapsed": 446.058221, "delta": 3.330339}}
{"target": -37.426800548854224, "params": {"C": 569.9807246445595, "gamma": 0.04522273355254672}, "datetime": {"datetime": "2021-09-28 12:41:31", "elapsed": 449.262325, "delta": 3.204104}}
{"target": -37.128013276775036, "params": {"C": 580.355097577461, "gamma": 0.03223650835935656}, "datetime": {"datetime": "2021-09-28 12:41:35", "elapsed": 453.053575, "delta": 3.79125}}
{"target": -37.536857050462444, "params": {"C": 573.4978282441014, "gamma": 0.0506656186022534}, "datetime": {"datetime": "2021-09-28 12:41:40", "elapsed": 458.048468, "delta": 4.994893}}
{"target": -37.19130466411434, "params": {"C": 585.8820664614542, "gamma": 0.03643012771976823}, "datetime": {"datetime": "2021-09-28 12:41:43", "elapsed": 460.703352, "delta": 2.654884}}
{"target": -37.284338609245005, "params": {"C": 588.229675147738, "gamma": 0.041176651788050724}, "datetime": {"datetime": "2021-09-28 12:41:46", "elapsed": 463.714778, "delta": 3.011426}}
{"target": -38.4363966719922, "params": {"C": 579.7935089558374, "gamma": 0.0040103393831403215}, "datetime": {"datetime": "2021-09-28 12:41:48", "elapsed": 466.224977, "delta": 2.510199}}
{"target": -37.36024660037521, "params": {"C": 557.9626253197814, "gamma": 0.04034980364072743}, "datetime": {"datetime": "2021-09-28 12:41:53", "elapsed": 470.611256, "delta": 4.386279}}
{"target": -37.184288186338485, "params": {"C": 580.4094579696628, "gamma": 0.012038414986109337}, "datetime": {"datetime": "2021-09-28 12:41:57", "elapsed": 475.000687, "delta": 4.389431}}
{"target": -37.22313202519539, "params": {"C": 559.8012853226447, "gamma": 0.012582848468680376}, "datetime": {"datetime": "2021-09-28 12:41:59", "elapsed": 476.99607, "delta": 1.995383}}
{"target": -37.074625479949134, "params": {"C": 559.8811613027547, "gamma": 0.02110385048011448}, "datetime": {"datetime": "2021-09-28 12:42:02", "elapsed": 479.83454, "delta": 2.83847}}
{"target": -37.39503903265054, "params": {"C": 586.1375151777797, "gamma": 0.04595551805010816}, "datetime": {"datetime": "2021-09-28 12:42:05", "elapsed": 482.626943, "delta": 2.792403}}
{"target": -38.08011987426304, "params": {"C": 570.9517441604289, "gamma": 0.07134425746407877}, "datetime": {"datetime": "2021-09-28 12:42:07", "elapsed": 484.512221, "delta": 1.885278}}
{"target": -37.36812417160172, "params": {"C": 559.0099147214703, "gamma": 0.04088266624308948}, "datetime": {"datetime": "2021-09-28 12:42:10", "elapsed": 487.538662, "delta": 3.026441}}
{"target": -37.306808857260364, "params": {"C": 566.1390179544929, "gamma": 0.039085627032666166}, "datetime": {"datetime": "2021-09-28 12:42:13", "elapsed": 490.998477, "delta": 3.459815}}
{"target": -37.01636528681535, "params": {"C": 580.3766793589248, "gamma": 0.02370470486240738}, "datetime": {"datetime": "2021-09-28 12:42:17", "elapsed": 494.377856, "delta": 3.379379}}
{"target": -37.53316135344004, "params": {"C": 557.610580039852, "gamma": 0.048191264564031486}, "datetime": {"datetime": "2021-09-28 12:42:20", "elapsed": 497.893126, "delta": 3.51527}}
{"target": -39.62742705745333, "params": {"C": 295.0817385013606, "gamma": 0.08492153989341393}, "datetime": {"datetime": "2021-09-28 12:42:22", "elapsed": 500.010632, "delta": 2.117506}}
{"target": -37.53974628936966, "params": {"C": 573.4972594664293, "gamma": 0.05079421308627251}, "datetime": {"datetime": "2021-09-28 12:42:24", "elapsed": 502.050885, "delta": 2.040253}}
{"target": -37.63064862325136, "params": {"C": 557.840675598208, "gamma": 0.05257528252620955}, "datetime": {"datetime": "2021-09-28 12:42:27", "elapsed": 505.069633, "delta": 3.018748}}
{"target": -37.00913761270234, "params": {"C": 588.1832276391017, "gamma": 0.025777545229232153}, "datetime": {"datetime": "2021-09-28 12:42:31", "elapsed": 508.871617, "delta": 3.801984}}
{"target": -37.25204462232893, "params": {"C": 573.4650144425491, "gamma": 0.01113406975932724}, "datetime": {"datetime": "2021-09-28 12:42:34", "elapsed": 511.807322, "delta": 2.935705}}
{"target": -38.09699795865939, "params": {"C": 365.29641529575184, "gamma": 0.038077840044513526}, "datetime": {"datetime": "2021-09-28 12:42:36", "elapsed": 513.909285, "delta": 2.101963}}
{"target": -37.27680690504505, "params": {"C": 558.3056486560553, "gamma": 0.03635318893859781}, "datetime": {"datetime": "2021-09-28 12:42:40", "elapsed": 517.565569, "delta": 3.656284}}
{"target": -38.385129175576786, "params": {"C": 558.2907554789001, "gamma": 0.08051933356055536}, "datetime": {"datetime": "2021-09-28 12:42:44", "elapsed": 521.298635, "delta": 3.733066}}
{"target": -37.24564477208125, "params": {"C": 580.1817470210174, "gamma": 0.03824776098010461}, "datetime": {"datetime": "2021-09-28 12:42:46", "elapsed": 523.926551, "delta": 2.627916}}
{"target": -38.031531620374594, "params": {"C": 580.3597929970673, "gamma": 0.0052812700225524055}, "datetime": {"datetime": "2021-09-28 12:42:49", "elapsed": 526.987078, "delta": 3.060527}}
{"target": -37.22577328032591, "params": {"C": 579.8820672649105, "gamma": 0.037249775646897146}, "datetime": {"datetime": "2021-09-28 12:42:52", "elapsed": 530.23825, "delta": 3.251172}}
{"target": -37.39605644292973, "params": {"C": 558.7771515017225, "gamma": 0.04214715215186283}, "datetime": {"datetime": "2021-09-28 12:42:55", "elapsed": 532.966419, "delta": 2.728169}}
{"target": -37.32398751473641, "params": {"C": 569.9445623504281, "gamma": 0.040488420438302246}, "datetime": {"datetime": "2021-09-28 12:42:59", "elapsed": 536.621786, "delta": 3.655367}}
{"target": -37.71944232608422, "params": {"C": 588.146235918372, "gamma": 0.060447088137003106}, "datetime": {"datetime": "2021-09-28 12:43:02", "elapsed": 539.884911, "delta": 3.263125}}
{"target": -37.220940934326464, "params": {"C": 569.8851909153099, "gamma": 0.011938621414397867}, "datetime": {"datetime": "2021-09-28 12:43:06", "elapsed": 543.412713, "delta": 3.527802}}
{"target": -38.152061252622026, "params": {"C": 573.5243447059997, "gamma": 0.004931136282859294}, "datetime": {"datetime": "2021-09-28 12:43:09", "elapsed": 547.224399, "delta": 3.811686}}
{"target": -37.692262805608294, "params": {"C": 579.8826016700775, "gamma": 0.006866419117790928}, "datetime": {"datetime": "2021-09-28 12:43:12", "elapsed": 549.929175, "delta": 2.704776}}
{"target": -37.5521070226743, "params": {"C": 558.3183172487065, "gamma": 0.00822268088807885}, "datetime": {"datetime": "2021-09-28 12:43:16", "elapsed": 553.433164, "delta": 3.503989}}
{"target": -37.80573677142052, "params": {"C": 505.86784368212585, "gamma": 0.0076152589292999544}, "datetime": {"datetime": "2021-09-28 12:43:18", "elapsed": 556.253013, "delta": 2.819849}}
{"target": -37.48527645264042, "params": {"C": 588.39478883438, "gamma": 0.05032211642015111}, "datetime": {"datetime": "2021-09-28 12:43:21", "elapsed": 559.037962, "delta": 2.784949}}
{"target": -37.6966152389487, "params": {"C": 580.1803198526607, "gamma": 0.006836218739305528}, "datetime": {"datetime": "2021-09-28 12:43:25", "elapsed": 562.46054, "delta": 3.422578}}
{"target": -37.43296721207804, "params": {"C": 557.9104617983155, "gamma": 0.00926104534071084}, "datetime": {"datetime": "2021-09-28 12:43:29", "elapsed": 567.079041, "delta": 4.618501}}
{"target": -37.219902749929894, "params": {"C": 558.2111704396684, "gamma": 0.03336259050495647}, "datetime": {"datetime": "2021-09-28 12:43:33", "elapsed": 570.600875, "delta": 3.521834}}
{"target": -37.083057213212484, "params": {"C": 557.6145815698253, "gamma": 0.02044710042817143}, "datetime": {"datetime": "2021-09-28 12:43:36", "elapsed": 573.627447, "delta": 3.026572}}
{"target": -37.23845186538851, "params": {"C": 558.2500178207711, "gamma": 0.03436634417272349}, "datetime": {"datetime": "2021-09-28 12:43:39", "elapsed": 576.583705, "delta": 2.956258}}
{"target": -37.04790002274979, "params": {"C": 569.840479114041, "gamma": 0.019804792133774517}, "datetime": {"datetime": "2021-09-28 12:43:44", "elapsed": 582.038749, "delta": 5.455044}}
{"target": -37.91211363994428, "params": {"C": 433.7077465559716, "gamma": 0.04453259898985102}, "datetime": {"datetime": "2021-09-28 12:43:47", "elapsed": 584.485675, "delta": 2.446926}}
{"target": -38.0168038446028, "params": {"C": 558.2185616924081, "gamma": 0.06769158871489195}, "datetime": {"datetime": "2021-09-28 12:43:50", "elapsed": 587.837389, "delta": 3.351714}}
{"target": -37.42262688760024, "params": {"C": 569.8319337697105, "gamma": 0.04501303966599804}, "datetime": {"datetime": "2021-09-28 12:43:56", "elapsed": 594.179111, "delta": 6.341722}}
{"target": -37.28418394360847, "params": {"C": 569.8696713758836, "gamma": 0.03857989172331127}, "datetime": {"datetime": "2021-09-28 12:43:59", "elapsed": 596.968973, "delta": 2.789862}}
{"target": -37.13811054589364, "params": {"C": 558.1853505476258, "gamma": 0.015466874293114517}, "datetime": {"datetime": "2021-09-28 12:44:04", "elapsed": 602.144908, "delta": 5.175935}}
{"target": -37.65300123478073, "params": {"C": 558.1796717724158, "gamma": 0.05362155857983971}, "datetime": {"datetime": "2021-09-28 12:44:10", "elapsed": 607.927903, "delta": 5.782995}}
{"target": -37.39976904745399, "params": {"C": 505.4217219730447, "gamma": 0.01263643784852831}, "datetime": {"datetime": "2021-09-28 12:44:14", "elapsed": 611.718447, "delta": 3.790544}}
{"target": -37.06915032413874, "params": {"C": 569.7956796527737, "gamma": 0.025927464173310096}, "datetime": {"datetime": "2021-09-28 12:44:18", "elapsed": 616.01727, "delta": 4.298823}}
{"target": -37.28590487868206, "params": {"C": 511.0793430251877, "gamma": 0.01574392663735642}, "datetime": {"datetime": "2021-09-28 12:44:20", "elapsed": 618.193973, "delta": 2.176703}}
{"target": -37.207269425113594, "params": {"C": 586.1995658994589, "gamma": 0.03725363389033456}, "datetime": {"datetime": "2021-09-28 12:44:23", "elapsed": 621.031057, "delta": 2.837084}}
{"target": -38.29470390010323, "params": {"C": 511.10889673830985, "gamma": 0.005181958550364474}, "datetime": {"datetime": "2021-09-28 12:44:29", "elapsed": 626.595089, "delta": 5.564032}}
{"target": -37.507884786762496, "params": {"C": 569.7652371416805, "gamma": 0.048837100110818314}, "datetime": {"datetime": "2021-09-28 12:44:36", "elapsed": 633.375408, "delta": 6.780319}}
{"target": -37.367994606084494, "params": {"C": 558.1488070714666, "gamma": 0.01005830498040344}, "datetime": {"datetime": "2021-09-28 12:44:41", "elapsed": 638.678075, "delta": 5.302667}}
{"target": -37.055868650777114, "params": {"C": 580.1244677965166, "gamma": 0.027554491497136048}, "datetime": {"datetime": "2021-09-28 12:44:45", "elapsed": 643.20432, "delta": 4.526245}}
{"target": -37.445570971201505, "params": {"C": 511.063111379877, "gamma": 0.03663212420016436}, "datetime": {"datetime": "2021-09-28 12:44:51", "elapsed": 648.507907, "delta": 5.303587}}
