{"target": -45.75368322883268, "params": {"C": 2790.980614739919, "gamma": 0.00026766713616404133}, "datetime": {"datetime": "2021-09-29 21:21:51", "elapsed": 16.3277, "delta": 0.385995}}
{"target": -44.612821480053945, "params": {"C": 3343.343963383596, "gamma": 0.00039514702825664934}, "datetime": {"datetime": "2021-09-29 21:21:51", "elapsed": 16.666696, "delta": 0.338996}}
{"target": -45.174682628140424, "params": {"C": 3664.781506942796, "gamma": 0.00027662188588586456}, "datetime": {"datetime": "2021-09-29 21:21:52", "elapsed": 17.026705, "delta": 0.360009}}
{"target": -42.93321795301872, "params": {"C": 3924.853186754523, "gamma": 0.0007484470215535449}, "datetime": {"datetime": "2021-09-29 21:21:52", "elapsed": 17.371073, "delta": 0.344368}}
{"target": -43.80307302000983, "params": {"C": 2932.6164442610934, "gamma": 0.0006500945297703384}, "datetime": {"datetime": "2021-09-29 21:21:53", "elapsed": 17.768761, "delta": 0.397688}}
{"target": -44.88556982306182, "params": {"C": 3623.464766995599, "gamma": 0.00032171677441741945}, "datetime": {"datetime": "2021-09-29 21:21:53", "elapsed": 18.194758, "delta": 0.425997}}
{"target": -43.009593888816575, "params": {"C": 2933.249489137256, "gamma": 0.0009550768200483474}, "datetime": {"datetime": "2021-09-29 21:21:53", "elapsed": 18.708761, "delta": 0.514003}}
{"target": -45.341271350606945, "params": {"C": 2833.7142816741916, "gamma": 0.00032705342326042465}, "datetime": {"datetime": "2021-09-29 21:21:54", "elapsed": 19.127764, "delta": 0.419003}}
{"target": -43.18541279428449, "params": {"C": 3650.729680785216, "gamma": 0.0007058425136975517}, "datetime": {"datetime": "2021-09-29 21:21:54", "elapsed": 19.534319, "delta": 0.406555}}
{"target": -43.68453279309448, "params": {"C": 2885.7736359008704, "gamma": 0.0006977278595915305}, "datetime": {"datetime": "2021-09-29 21:21:55", "elapsed": 19.901073, "delta": 0.366754}}
{"target": -45.425336478499624, "params": {"C": 3625.1347249255323, "gamma": 0.00024644055316271437}, "datetime": {"datetime": "2021-09-29 21:21:55", "elapsed": 20.306081, "delta": 0.405008}}
{"target": -43.83868944990924, "params": {"C": 3487.7823170614765, "gamma": 0.000541239621949227}, "datetime": {"datetime": "2021-09-29 21:21:55", "elapsed": 20.699068, "delta": 0.392987}}
{"target": -45.12913046499624, "params": {"C": 3543.9382084963136, "gamma": 0.0002922332745115027}, "datetime": {"datetime": "2021-09-29 21:21:56", "elapsed": 21.081198, "delta": 0.38213}}
{"target": -45.68969593069934, "params": {"C": 3182.5789879232457, "gamma": 0.00024359356022425377}, "datetime": {"datetime": "2021-09-29 21:21:56", "elapsed": 21.447998, "delta": 0.3668}}
{"target": -43.4611321527084, "params": {"C": 3842.840478775506, "gamma": 0.0005886240884407389}, "datetime": {"datetime": "2021-09-29 21:21:57", "elapsed": 21.843996, "delta": 0.395998}}
{"target": -43.93966104395475, "params": {"C": 3487.783492274012, "gamma": 0.0005167288565861156}, "datetime": {"datetime": "2021-09-29 21:21:57", "elapsed": 22.569996, "delta": 0.726}}
{"target": -43.18777457518767, "params": {"C": 3416.7937625726045, "gamma": 0.0007512496933222213}, "datetime": {"datetime": "2021-09-29 21:21:58", "elapsed": 23.626765, "delta": 1.056769}}
{"target": -42.62378217412534, "params": {"C": 3850.880720444997, "gamma": 0.0009019486834579023}, "datetime": {"datetime": "2021-09-29 21:21:59", "elapsed": 24.519772, "delta": 0.893007}}
{"target": -43.74155180758056, "params": {"C": 3094.995659610299, "gamma": 0.0006348164291525553}, "datetime": {"datetime": "2021-09-29 21:22:00", "elapsed": 25.378066, "delta": 0.858294}}
{"target": -45.620471886197286, "params": {"C": 2938.858106007421, "gamma": 0.00027330556449921045}, "datetime": {"datetime": "2021-09-29 21:22:01", "elapsed": 26.620062, "delta": 1.241996}}
{"target": -43.526847527701634, "params": {"C": 3776.922994929578, "gamma": 0.000580049524386014}, "datetime": {"datetime": "2021-09-29 21:22:03", "elapsed": 28.067216, "delta": 1.447154}}
{"target": -43.37925541184162, "params": {"C": 3125.5211148136095, "gamma": 0.0007459040168861444}, "datetime": {"datetime": "2021-09-29 21:22:04", "elapsed": 29.260136, "delta": 1.19292}}
{"target": -42.85243320354214, "params": {"C": 3842.8418047285986, "gamma": 0.0007967274975179418}, "datetime": {"datetime": "2021-09-29 21:22:05", "elapsed": 30.251135, "delta": 0.990999}}
{"target": -44.817774797071344, "params": {"C": 3416.790897107161, "gamma": 0.0003515825609797775}, "datetime": {"datetime": "2021-09-29 21:22:06", "elapsed": 31.312831, "delta": 1.061696}}
{"target": -43.34660803897945, "params": {"C": 3687.260052991881, "gamma": 0.0006464369403129931}, "datetime": {"datetime": "2021-09-29 21:22:07", "elapsed": 32.316575, "delta": 1.003744}}
{"target": -43.51376742035391, "params": {"C": 3937.362443683929, "gamma": 0.0005612005169469632}, "datetime": {"datetime": "2021-09-29 21:22:08", "elapsed": 33.430223, "delta": 1.113648}}
{"target": -42.68392209542788, "params": {"C": 3842.838875012224, "gamma": 0.0008734454720105615}, "datetime": {"datetime": "2021-09-29 21:22:09", "elapsed": 34.439104, "delta": 1.008881}}
{"target": -43.13035508403751, "params": {"C": 3125.52322262797, "gamma": 0.0008430941107027268}, "datetime": {"datetime": "2021-09-29 21:22:10", "elapsed": 35.463151, "delta": 1.024047}}
{"target": -42.70358220203735, "params": {"C": 3937.3573900552665, "gamma": 0.0008439735387358755}, "datetime": {"datetime": "2021-09-29 21:22:11", "elapsed": 36.40732, "delta": 0.944169}}
{"target": -45.85808719504428, "params": {"C": 3094.9884713448564, "gamma": 0.00022825019263579798}, "datetime": {"datetime": "2021-09-29 21:22:12", "elapsed": 37.61369, "delta": 1.20637}}
{"target": -44.749211331603505, "params": {"C": 3148.255912273302, "gamma": 0.000392963205785312}, "datetime": {"datetime": "2021-09-29 21:22:14", "elapsed": 38.88873, "delta": 1.27504}}
{"target": -46.562192478285965, "params": {"C": 3924.8541011141306, "gamma": 0.00011620814040880335}, "datetime": {"datetime": "2021-09-29 21:22:15", "elapsed": 39.951507, "delta": 1.062777}}
{"target": -44.4500145057483, "params": {"C": 2829.226007175548, "gamma": 0.0005005355460415825}, "datetime": {"datetime": "2021-09-29 21:22:16", "elapsed": 41.114751, "delta": 1.163244}}
{"target": -43.79230637021326, "params": {"C": 3766.14779415486, "gamma": 0.0005140554983183095}, "datetime": {"datetime": "2021-09-29 21:22:17", "elapsed": 42.241527, "delta": 1.126776}}
{"target": -46.2603498731584, "params": {"C": 3776.9227323720525, "gamma": 0.00014770280322621388}, "datetime": {"datetime": "2021-09-29 21:22:18", "elapsed": 43.135146, "delta": 0.893619}}
{"target": -45.021641045264836, "params": {"C": 3687.253390628293, "gamma": 0.00029634260694489555}, "datetime": {"datetime": "2021-09-29 21:22:19", "elapsed": 44.207084, "delta": 1.071938}}
{"target": -44.002866849429914, "params": {"C": 2833.604077882026, "gamma": 0.0006131763789188325}, "datetime": {"datetime": "2021-09-29 21:22:20", "elapsed": 45.455293, "delta": 1.248209}}
{"target": -45.19080913359957, "params": {"C": 3416.794328686576, "gamma": 0.00029373433528203405}, "datetime": {"datetime": "2021-09-29 21:22:22", "elapsed": 46.801658, "delta": 1.346365}}
{"target": -46.42483982855038, "params": {"C": 2932.6195908344503, "gamma": 0.00017052138498537225}, "datetime": {"datetime": "2021-09-29 21:22:23", "elapsed": 47.9185, "delta": 1.116842}}
{"target": -45.14646863798758, "params": {"C": 3575.5078364035553, "gamma": 0.00028727825696062365}, "datetime": {"datetime": "2021-09-29 21:22:24", "elapsed": 49.0615, "delta": 1.143}}
{"target": -45.18729595043618, "params": {"C": 2885.7710274319857, "gamma": 0.00034680592504135005}, "datetime": {"datetime": "2021-09-29 21:22:25", "elapsed": 50.673218, "delta": 1.611718}}
{"target": -46.02059029114985, "params": {"C": 3329.8035575803588, "gamma": 0.0001935246037256132}, "datetime": {"datetime": "2021-09-29 21:22:27", "elapsed": 51.731797, "delta": 1.058579}}
{"target": -44.07017734893763, "params": {"C": 3687.26038226059, "gamma": 0.0004616773501848803}, "datetime": {"datetime": "2021-09-29 21:22:28", "elapsed": 53.011436, "delta": 1.279639}}
{"target": -42.465108905247035, "params": {"C": 3850.8781336095653, "gamma": 0.0009910838060142656}, "datetime": {"datetime": "2021-09-29 21:22:29", "elapsed": 54.148161, "delta": 1.136725}}
{"target": -44.50561784655886, "params": {"C": 3125.5366859624955, "gamma": 0.0004430636285493623}, "datetime": {"datetime": "2021-09-29 21:22:30", "elapsed": 55.530845, "delta": 1.382684}}
{"target": -44.68314289469817, "params": {"C": 3842.845548700803, "gamma": 0.000334550440520347}, "datetime": {"datetime": "2021-09-29 21:22:31", "elapsed": 56.626953, "delta": 1.096108}}
{"target": -46.048975985493776, "params": {"C": 3766.144095256367, "gamma": 0.0001685675029732857}, "datetime": {"datetime": "2021-09-29 21:22:33", "elapsed": 58.173072, "delta": 1.546119}}
{"target": -43.07144637636773, "params": {"C": 3148.253265500278, "gamma": 0.0008625035900316855}, "datetime": {"datetime": "2021-09-29 21:22:34", "elapsed": 59.382508, "delta": 1.209436}}
{"target": -42.60961733256102, "params": {"C": 3687.258523928551, "gamma": 0.0009485659048353307}, "datetime": {"datetime": "2021-09-29 21:22:36", "elapsed": 60.796108, "delta": 1.4136}}
{"target": -43.60164271600167, "params": {"C": 3937.3557026087474, "gamma": 0.0005385494499865752}, "datetime": {"datetime": "2021-09-29 21:22:37", "elapsed": 62.174288, "delta": 1.37818}}
{"target": -44.188224234542965, "params": {"C": 2797.164912905839, "gamma": 0.0005704917081166532}, "datetime": {"datetime": "2021-09-29 21:22:38", "elapsed": 63.329074, "delta": 1.154786}}
{"target": -43.00265894096335, "params": {"C": 3937.3663602155766, "gamma": 0.0007200011466672846}, "datetime": {"datetime": "2021-09-29 21:22:39", "elapsed": 64.535018, "delta": 1.205944}}
{"target": -43.443145949338344, "params": {"C": 3937.3673470216963, "gamma": 0.0005802397327326317}, "datetime": {"datetime": "2021-09-29 21:22:41", "elapsed": 65.730248, "delta": 1.19523}}
{"target": -42.88092711040143, "params": {"C": 3014.9171485045517, "gamma": 0.0009948531405494668}, "datetime": {"datetime": "2021-09-29 21:22:42", "elapsed": 66.947238, "delta": 1.21699}}
{"target": -45.12451058236711, "params": {"C": 3842.8435513692652, "gamma": 0.0002708063736199018}, "datetime": {"datetime": "2021-09-29 21:22:43", "elapsed": 68.128905, "delta": 1.181667}}
{"target": -43.12508020775282, "params": {"C": 3095.1484421197774, "gamma": 0.0008534878706771964}, "datetime": {"datetime": "2021-09-29 21:22:44", "elapsed": 69.350938, "delta": 1.222033}}
{"target": -42.747527241735575, "params": {"C": 3687.256702184911, "gamma": 0.0008774455544637142}, "datetime": {"datetime": "2021-09-29 21:22:46", "elapsed": 70.878178, "delta": 1.52724}}
{"target": -45.09721225090837, "params": {"C": 3498.8039407777123, "gamma": 0.00030053714662538764}, "datetime": {"datetime": "2021-09-29 21:22:47", "elapsed": 72.180645, "delta": 1.302467}}
{"target": -46.77308651754108, "params": {"C": 2570.7842119911184, "gamma": 0.00015135570652835534}, "datetime": {"datetime": "2021-09-29 21:22:48", "elapsed": 73.614534, "delta": 1.433889}}
{"target": -43.47027314676811, "params": {"C": 2723.959561029804, "gamma": 0.0008171310399959969}, "datetime": {"datetime": "2021-09-29 21:22:50", "elapsed": 75.0124, "delta": 1.397866}}
{"target": -45.087104898772566, "params": {"C": 3125.5323361980263, "gamma": 0.0003369520046180829}, "datetime": {"datetime": "2021-09-29 21:22:52", "elapsed": 76.857908, "delta": 1.845508}}
{"target": -44.22055571410858, "params": {"C": 3650.7290685216235, "gamma": 0.0004350798442035058}, "datetime": {"datetime": "2021-09-29 21:22:53", "elapsed": 78.526823, "delta": 1.668915}}
{"target": -44.25233665400071, "params": {"C": 3329.7512616823765, "gamma": 0.00046821764732204866}, "datetime": {"datetime": "2021-09-29 21:22:55", "elapsed": 79.955685, "delta": 1.428862}}
{"target": -43.61580613844953, "params": {"C": 3937.3616359571333, "gamma": 0.0005349996003958381}, "datetime": {"datetime": "2021-09-29 21:22:56", "elapsed": 81.417589, "delta": 1.461904}}
{"target": -46.17433811242695, "params": {"C": 2685.5339500392024, "gamma": 0.00021826767874870277}, "datetime": {"datetime": "2021-09-29 21:22:58", "elapsed": 83.100367, "delta": 1.682778}}
{"target": -45.85226156775821, "params": {"C": 2797.1627221400126, "gamma": 0.0002529605269544041}, "datetime": {"datetime": "2021-09-29 21:22:59", "elapsed": 84.603431, "delta": 1.503064}}
{"target": -45.24450937945307, "params": {"C": 2737.9838131519286, "gamma": 0.0003549306452946481}, "datetime": {"datetime": "2021-09-29 21:23:01", "elapsed": 86.095053, "delta": 1.491622}}
{"target": -42.72848798505004, "params": {"C": 3766.152885452754, "gamma": 0.0008687483642320029}, "datetime": {"datetime": "2021-09-29 21:23:03", "elapsed": 87.966411, "delta": 1.871358}}
{"target": -43.64616227891362, "params": {"C": 3842.8419423624273, "gamma": 0.0005396870963104055}, "datetime": {"datetime": "2021-09-29 21:23:04", "elapsed": 89.480472, "delta": 1.514061}}
{"target": -43.54193146903436, "params": {"C": 3575.5118423912654, "gamma": 0.0006066622366260489}, "datetime": {"datetime": "2021-09-29 21:23:06", "elapsed": 91.041826, "delta": 1.561354}}
{"target": -44.00477858844664, "params": {"C": 3095.1489250664954, "gamma": 0.0005624160376029929}, "datetime": {"datetime": "2021-09-29 21:23:08", "elapsed": 92.730381, "delta": 1.688555}}
{"target": -44.2011894972883, "params": {"C": 2723.9579520022057, "gamma": 0.0005819631777014498}, "datetime": {"datetime": "2021-09-29 21:23:09", "elapsed": 94.056121, "delta": 1.32574}}
{"target": -42.78809059625807, "params": {"C": 3823.494692684594, "gamma": 0.000828708400830311}, "datetime": {"datetime": "2021-09-29 21:23:10", "elapsed": 95.639803, "delta": 1.583682}}
{"target": -43.71761491484612, "params": {"C": 3776.9233989217646, "gamma": 0.0005306733255111383}, "datetime": {"datetime": "2021-09-29 21:23:12", "elapsed": 97.696419, "delta": 2.056616}}
{"target": -43.429016978312, "params": {"C": 3265.5194249654287, "gamma": 0.0006980473677114335}, "datetime": {"datetime": "2021-09-29 21:23:14", "elapsed": 99.271125, "delta": 1.574706}}
{"target": -44.307607253171334, "params": {"C": 3014.915081169479, "gamma": 0.0005023475607629783}, "datetime": {"datetime": "2021-09-29 21:23:15", "elapsed": 100.598584, "delta": 1.327459}}
{"target": -44.20246053652119, "params": {"C": 3329.7557901312794, "gamma": 0.0004790092166140391}, "datetime": {"datetime": "2021-09-29 21:23:17", "elapsed": 102.193332, "delta": 1.594748}}
{"target": -42.43269309058399, "params": {"C": 3937.3575801997713, "gamma": 0.0009894840244577424}, "datetime": {"datetime": "2021-09-29 21:23:19", "elapsed": 104.053684, "delta": 1.860352}}
{"target": -43.1150464776634, "params": {"C": 3627.232535061554, "gamma": 0.0007354745367511123}, "datetime": {"datetime": "2021-09-29 21:23:21", "elapsed": 106.057359, "delta": 2.003675}}
{"target": -42.9621761909732, "params": {"C": 3842.838355953398, "gamma": 0.0007522514026311489}, "datetime": {"datetime": "2021-09-29 21:23:23", "elapsed": 107.72819, "delta": 1.670831}}
{"target": -42.7802983004601, "params": {"C": 3823.4935662743937, "gamma": 0.0008322202770908998}, "datetime": {"datetime": "2021-09-29 21:23:24", "elapsed": 109.631243, "delta": 1.903053}}
{"target": -43.386711403892775, "params": {"C": 3850.8783531187855, "gamma": 0.0006086217265298705}, "datetime": {"datetime": "2021-09-29 21:23:26", "elapsed": 111.527248, "delta": 1.896005}}
{"target": -45.90772786709218, "params": {"C": 2696.9219977326475, "gamma": 0.0002541754422925448}, "datetime": {"datetime": "2021-09-29 21:23:28", "elapsed": 113.281604, "delta": 1.754356}}
{"target": -43.34532465747233, "params": {"C": 3265.520548236217, "gamma": 0.0007266658023698528}, "datetime": {"datetime": "2021-09-29 21:23:30", "elapsed": 114.912848, "delta": 1.631244}}
{"target": -45.403687618464254, "params": {"C": 3627.2319077638044, "gamma": 0.0002490496016418234}, "datetime": {"datetime": "2021-09-29 21:23:31", "elapsed": 116.621471, "delta": 1.708623}}
{"target": -43.50026547834863, "params": {"C": 2829.2244246601, "gamma": 0.0007759213194456195}, "datetime": {"datetime": "2021-09-29 21:23:33", "elapsed": 118.329551, "delta": 1.70808}}
{"target": -43.00488384524353, "params": {"C": 3511.0992215331303, "gamma": 0.0008024221175781406}, "datetime": {"datetime": "2021-09-29 21:23:35", "elapsed": 120.382124, "delta": 2.052573}}
{"target": -45.756956616432014, "params": {"C": 3842.835248864318, "gamma": 0.00019520781910727553}, "datetime": {"datetime": "2021-09-29 21:23:37", "elapsed": 122.66393, "delta": 2.281806}}
{"target": -43.95505693818247, "params": {"C": 3329.760738676726, "gamma": 0.0005363413236085563}, "datetime": {"datetime": "2021-09-29 21:23:40", "elapsed": 125.140054, "delta": 2.476124}}
{"target": -43.078691353136406, "params": {"C": 3078.9687225031216, "gamma": 0.0008783493892756887}, "datetime": {"datetime": "2021-09-29 21:23:42", "elapsed": 127.013225, "delta": 1.873171}}
{"target": -43.89038094409406, "params": {"C": 3850.8740064747262, "gamma": 0.0004811459201955474}, "datetime": {"datetime": "2021-09-29 21:23:44", "elapsed": 129.015977, "delta": 2.002752}}
{"target": -45.09038919120325, "params": {"C": 3095.14739245211, "gamma": 0.0003396246584745405}, "datetime": {"datetime": "2021-09-29 21:23:46", "elapsed": 131.408305, "delta": 2.392328}}
{"target": -42.4739283745373, "params": {"C": 3937.3747249762473, "gamma": 0.0009645957381408252}, "datetime": {"datetime": "2021-09-29 21:23:50", "elapsed": 134.775363, "delta": 3.367058}}
{"target": -42.70281336461421, "params": {"C": 3937.372470401574, "gamma": 0.0008443312902528974}, "datetime": {"datetime": "2021-09-29 21:23:52", "elapsed": 137.190225, "delta": 2.414862}}
{"target": -43.72962045122544, "params": {"C": 2933.2490601000795, "gamma": 0.0006724547195273474}, "datetime": {"datetime": "2021-09-29 21:23:54", "elapsed": 139.406059, "delta": 2.215834}}
{"target": -44.35549766904151, "params": {"C": 3148.25441329112, "gamma": 0.00047136365931268554}, "datetime": {"datetime": "2021-09-29 21:23:57", "elapsed": 142.064694, "delta": 2.658635}}
{"target": -43.225639352086475, "params": {"C": 3937.3769569472324, "gamma": 0.0006442196423358915}, "datetime": {"datetime": "2021-09-29 21:23:59", "elapsed": 144.584887, "delta": 2.520193}}
{"target": -46.18160722766854, "params": {"C": 3937.363187190339, "gamma": 0.00014890136707180237}, "datetime": {"datetime": "2021-09-29 21:24:02", "elapsed": 147.34808, "delta": 2.763193}}
{"target": -44.816984965695426, "params": {"C": 3095.0008874470864, "gamma": 0.0003869980594266478}, "datetime": {"datetime": "2021-09-29 21:24:05", "elapsed": 149.775673, "delta": 2.427593}}
{"target": -46.60218853873152, "params": {"C": 3823.1137806256743, "gamma": 0.00011591784632840831}, "datetime": {"datetime": "2021-09-29 21:24:07", "elapsed": 152.537139, "delta": 2.761466}}
{"target": -43.42902573971724, "params": {"C": 3095.1521945568406, "gamma": 0.0007352405860519668}, "datetime": {"datetime": "2021-09-29 21:24:10", "elapsed": 155.168632, "delta": 2.631493}}
{"target": -45.82905720690807, "params": {"C": 3265.5157791446886, "gamma": 0.00022006803842781485}, "datetime": {"datetime": "2021-09-29 21:24:12", "elapsed": 157.547197, "delta": 2.378565}}
{"target": -45.113899610831126, "params": {"C": 2829.2201883336224, "gamma": 0.00036645989407735606}, "datetime": {"datetime": "2021-09-29 21:24:15", "elapsed": 160.063244, "delta": 2.516047}}
{"target": -44.7071807942647, "params": {"C": 2627.4322031023294, "gamma": 0.00047769973498386413}, "datetime": {"datetime": "2021-09-29 21:24:18", "elapsed": 163.030164, "delta": 2.96692}}
{"target": -43.58840367472685, "params": {"C": 2724.148989693957, "gamma": 0.0007723973743176376}, "datetime": {"datetime": "2021-09-29 21:24:20", "elapsed": 165.304956, "delta": 2.274792}}
{"target": -45.37773221477014, "params": {"C": 2723.952344415835, "gamma": 0.0003337567618524375}, "datetime": {"datetime": "2021-09-29 21:24:23", "elapsed": 168.192555, "delta": 2.887599}}
{"target": -42.956008953093225, "params": {"C": 3650.7309734410683, "gamma": 0.0007925783473324515}, "datetime": {"datetime": "2021-09-29 21:24:26", "elapsed": 171.038036, "delta": 2.845481}}
{"target": -46.50677828245676, "params": {"C": 2885.7767067276495, "gamma": 0.00016390176190991663}, "datetime": {"datetime": "2021-09-29 21:24:28", "elapsed": 173.618827, "delta": 2.580791}}
{"target": -43.82277632772041, "params": {"C": 3095.1536833256755, "gamma": 0.0006114053814880643}, "datetime": {"datetime": "2021-09-29 21:24:31", "elapsed": 175.934353, "delta": 2.315526}}
{"target": -43.157332888112045, "params": {"C": 3265.5244975661544, "gamma": 0.0007969026080411092}, "datetime": {"datetime": "2021-09-29 21:24:33", "elapsed": 178.313996, "delta": 2.379643}}
{"target": -43.1022373740445, "params": {"C": 3329.75969629692, "gamma": 0.0008038794100121738}, "datetime": {"datetime": "2021-09-29 21:24:36", "elapsed": 181.423989, "delta": 3.109993}}
{"target": -45.53561632902746, "params": {"C": 3094.998779277105, "gamma": 0.0002716377856025657}, "datetime": {"datetime": "2021-09-29 21:24:39", "elapsed": 184.331599, "delta": 2.90761}}
{"target": -44.05642429324121, "params": {"C": 3823.488972433246, "gamma": 0.0004488826193187309}, "datetime": {"datetime": "2021-09-29 21:24:43", "elapsed": 188.453185, "delta": 4.121586}}
{"target": -43.17550342510691, "params": {"C": 2829.2230692563826, "gamma": 0.000909410499692846}, "datetime": {"datetime": "2021-09-29 21:24:47", "elapsed": 191.920709, "delta": 3.467524}}
{"target": -42.850200301334795, "params": {"C": 3498.80615640153, "gamma": 0.0008732105654901057}, "datetime": {"datetime": "2021-09-29 21:24:51", "elapsed": 195.832727, "delta": 3.912018}}
