{"target": -42.57248022535607, "params": {"C": 894.0949720362386, "gamma": 0.012578617231597138}, "datetime": {"datetime": "2021-09-29 17:14:36", "elapsed": 902.901015, "delta": 5.727857}}
{"target": -46.196619715533885, "params": {"C": 387.98409979303676, "gamma": 0.3256785581650012}, "datetime": {"datetime": "2021-09-29 17:14:39", "elapsed": 906.068452, "delta": 3.167437}}
{"target": -41.65558564592439, "params": {"C": 818.38563458772, "gamma": 0.06922337326666665}, "datetime": {"datetime": "2021-09-29 17:14:46", "elapsed": 912.591676, "delta": 6.523224}}
{"target": -41.43509144789579, "params": {"C": 914.2512174423608, "gamma": 0.033518052089752955}, "datetime": {"datetime": "2021-09-29 17:14:55", "elapsed": 921.246151, "delta": 8.654475}}
{"target": -43.86389568686695, "params": {"C": 914.1879539012504, "gamma": 0.19904584243493853}, "datetime": {"datetime": "2021-09-29 17:14:59", "elapsed": 925.658455, "delta": 4.412304}}
{"target": -41.64274842132843, "params": {"C": 865.9292692685752, "gamma": 0.027934399851766097}, "datetime": {"datetime": "2021-09-29 17:15:05", "elapsed": 931.884408, "delta": 6.225953}}
{"target": -41.87597761275821, "params": {"C": 893.6861781474859, "gamma": 0.08657816917579315}, "datetime": {"datetime": "2021-09-29 17:15:11", "elapsed": 937.565428, "delta": 5.68102}}
{"target": -48.1776663420548, "params": {"C": 33.690247358483184, "gamma": 0.48450978572260167}, "datetime": {"datetime": "2021-09-29 17:15:15", "elapsed": 941.323977, "delta": 3.758549}}
{"target": -44.09597041042916, "params": {"C": 601.0352203922615, "gamma": 0.18964408311335132}, "datetime": {"datetime": "2021-09-29 17:15:18", "elapsed": 944.645206, "delta": 3.321229}}
{"target": -47.01172868698054, "params": {"C": 125.04091948474687, "gamma": 0.2573123560101235}, "datetime": {"datetime": "2021-09-29 17:15:22", "elapsed": 948.438944, "delta": 3.793738}}
{"target": -47.03118008584765, "params": {"C": 325.8063879553569, "gamma": 0.4390858559611485}, "datetime": {"datetime": "2021-09-29 17:15:26", "elapsed": 952.489755, "delta": 4.050811}}
{"target": -44.00128003653885, "params": {"C": 893.6255255982207, "gamma": 0.20771931916023875}, "datetime": {"datetime": "2021-09-29 17:15:35", "elapsed": 961.253899, "delta": 8.764144}}
{"target": -46.65633114628961, "params": {"C": 914.3374696289172, "gamma": 0.001}, "datetime": {"datetime": "2021-09-29 17:15:40", "elapsed": 967.169264, "delta": 5.915365}}
{"target": -41.673855017213114, "params": {"C": 914.2176331423616, "gamma": 0.07636702443648787}, "datetime": {"datetime": "2021-09-29 17:15:49", "elapsed": 975.921528, "delta": 8.752264}}
{"target": -46.39524938914163, "params": {"C": 724.7162711431956, "gamma": 0.4583094956355281}, "datetime": {"datetime": "2021-09-29 17:15:54", "elapsed": 980.552409, "delta": 4.630881}}
{"target": -44.460380355166976, "params": {"C": 682.3212612610016, "gamma": 0.224869416436612}, "datetime": {"datetime": "2021-09-29 17:16:00", "elapsed": 986.919251, "delta": 6.366842}}
{"target": -44.941581760221226, "params": {"C": 866.6450306624657, "gamma": 0.2839314154583984}, "datetime": {"datetime": "2021-09-29 17:16:10", "elapsed": 996.364834, "delta": 9.445583}}
{"target": -44.45713967345503, "params": {"C": 893.616817436843, "gamma": 0.0039039972114184975}, "datetime": {"datetime": "2021-09-29 17:16:16", "elapsed": 1002.755536, "delta": 6.390702}}
{"target": -41.823454244465125, "params": {"C": 914.0771092497255, "gamma": 0.08464564538605107}, "datetime": {"datetime": "2021-09-29 17:16:27", "elapsed": 1013.530792, "delta": 10.775256}}
{"target": -41.896586485378975, "params": {"C": 914.0289085317718, "gamma": 0.020563864799520482}, "datetime": {"datetime": "2021-09-29 17:16:34", "elapsed": 1020.774383, "delta": 7.243591}}
{"target": -42.55765002051901, "params": {"C": 865.6929037323404, "gamma": 0.013162223137032438}, "datetime": {"datetime": "2021-09-29 17:16:44", "elapsed": 1030.966141, "delta": 10.191758}}
{"target": -47.47905711240355, "params": {"C": 189.0376214706631, "gamma": 0.44509280459051537}, "datetime": {"datetime": "2021-09-29 17:16:50", "elapsed": 1037.181883, "delta": 6.215742}}
{"target": -41.70725174252253, "params": {"C": 682.1211001998931, "gamma": 0.04253310181617849}, "datetime": {"datetime": "2021-09-29 17:17:01", "elapsed": 1047.446278, "delta": 10.264395}}
{"target": -44.43718090418824, "params": {"C": 682.111687411812, "gamma": 0.22310686985341446}, "datetime": {"datetime": "2021-09-29 17:17:06", "elapsed": 1052.80797, "delta": 5.361692}}
{"target": -41.96763757142258, "params": {"C": 913.9937321838828, "gamma": 0.09220797104701402}, "datetime": {"datetime": "2021-09-29 17:17:12", "elapsed": 1059.102428, "delta": 6.294458}}
{"target": -41.806643961823504, "params": {"C": 893.8295703635471, "gamma": 0.022820814991448203}, "datetime": {"datetime": "2021-09-29 17:17:17", "elapsed": 1063.647013, "delta": 4.544585}}
{"target": -46.318165160814964, "params": {"C": 229.40941350461017, "gamma": 0.2608024425359906}, "datetime": {"datetime": "2021-09-29 17:17:21", "elapsed": 1067.374893, "delta": 3.72788}}
{"target": -41.34346049530776, "params": {"C": 913.8711057215729, "gamma": 0.042009011344739305}, "datetime": {"datetime": "2021-09-29 17:17:26", "elapsed": 1072.502644, "delta": 5.127751}}
{"target": -42.56316509139277, "params": {"C": 865.5145746693954, "gamma": 0.12081509001870329}, "datetime": {"datetime": "2021-09-29 17:17:31", "elapsed": 1077.584302, "delta": 5.081658}}
{"target": -43.97484307898415, "params": {"C": 914.0053695611731, "gamma": 0.20680384056210876}, "datetime": {"datetime": "2021-09-29 17:17:37", "elapsed": 1083.897717, "delta": 6.313415}}
{"target": -42.69232492117511, "params": {"C": 893.9143565158827, "gamma": 0.011565883582429326}, "datetime": {"datetime": "2021-09-29 17:17:43", "elapsed": 1089.874316, "delta": 5.976599}}
{"target": -45.3525343380696, "params": {"C": 658.3619227399571, "gamma": 0.2996331288011689}, "datetime": {"datetime": "2021-09-29 17:17:46", "elapsed": 1092.802577, "delta": 2.928261}}
{"target": -46.631186309625264, "params": {"C": 479.91867923757894, "gamma": 0.4304022170981681}, "datetime": {"datetime": "2021-09-29 17:17:50", "elapsed": 1096.383099, "delta": 3.580522}}
{"target": -42.360887219130774, "params": {"C": 866.7257834374876, "gamma": 0.11046291913799264}, "datetime": {"datetime": "2021-09-29 17:17:55", "elapsed": 1101.480896, "delta": 5.097797}}
{"target": -41.44724935302212, "params": {"C": 866.8937227721686, "gamma": 0.05679643681359356}, "datetime": {"datetime": "2021-09-29 17:18:00", "elapsed": 1106.804316, "delta": 5.32342}}
{"target": -47.30824628501434, "params": {"C": 508.96437213349174, "gamma": 0.001}, "datetime": {"datetime": "2021-09-29 17:18:06", "elapsed": 1112.787993, "delta": 5.983677}}
{"target": -43.767296374709495, "params": {"C": 3203.191610298302, "gamma": 0.14279697323314855}, "datetime": {"datetime": "2021-09-29 17:24:17", "elapsed": 0.0, "delta": 0.0}}
{"target": -42.30419655795871, "params": {"C": 2163.6189556517775, "gamma": 0.10412221061874195}, "datetime": {"datetime": "2021-09-29 17:24:17", "elapsed": 0.256001, "delta": 0.256001}}
{"target": -45.31344884536687, "params": {"C": 4571.787817390619, "gamma": 0.17967344543095387}, "datetime": {"datetime": "2021-09-29 17:24:17", "elapsed": 0.427002, "delta": 0.171001}}
{"target": -40.9723649972099, "params": {"C": 1502.341241855345, "gamma": 0.0446196041150846}, "datetime": {"datetime": "2021-09-29 17:24:17", "elapsed": 0.615, "delta": 0.187998}}
{"target": -41.806036542589425, "params": {"C": 1205.8688132033194, "gamma": 0.09039872935552476}, "datetime": {"datetime": "2021-09-29 17:24:18", "elapsed": 0.834999, "delta": 0.219999}}
{"target": -43.90479008707284, "params": {"C": 1759.9697129840858, "gamma": 0.2}, "datetime": {"datetime": "2021-09-29 17:24:18", "elapsed": 1.363, "delta": 0.528001}}
{"target": -43.79749760858599, "params": {"C": 1503.4468903232594, "gamma": 0.1983949918771388}, "datetime": {"datetime": "2021-09-29 17:24:18", "elapsed": 1.674017, "delta": 0.311017}}
{"target": -40.80142871227965, "params": {"C": 2885.7722816619184, "gamma": 0.0309343922117031}, "datetime": {"datetime": "2021-09-29 17:24:19", "elapsed": 2.023165, "delta": 0.349148}}
{"target": -41.10620916616017, "params": {"C": 1205.9773170089097, "gamma": 0.04735361079778584}, "datetime": {"datetime": "2021-09-29 17:24:19", "elapsed": 2.358163, "delta": 0.334998}}
{"target": -43.86278051800222, "params": {"C": 2116.0942023100297, "gamma": 0.18480993992701056}, "datetime": {"datetime": "2021-09-29 17:24:19", "elapsed": 2.606159, "delta": 0.247996}}
{"target": -41.14935956733075, "params": {"C": 2679.446638319232, "gamma": 0.017592437287439512}, "datetime": {"datetime": "2021-09-29 17:24:20", "elapsed": 2.87016, "delta": 0.264001}}
{"target": -43.12020430152911, "params": {"C": 1206.2615422180768, "gamma": 0.15728269424849858}, "datetime": {"datetime": "2021-09-29 17:24:20", "elapsed": 3.181163, "delta": 0.311003}}
{"target": -45.568747807321756, "params": {"C": 4765.787898131997, "gamma": 0.18844779237942752}, "datetime": {"datetime": "2021-09-29 17:24:20", "elapsed": 3.541163, "delta": 0.36}}
{"target": -41.31846763252732, "params": {"C": 1502.0641077512012, "gamma": 0.0683649196860657}, "datetime": {"datetime": "2021-09-29 17:24:21", "elapsed": 3.821163, "delta": 0.28}}
{"target": -41.62406581994011, "params": {"C": 2679.502249390839, "gamma": 0.072184202809946}, "datetime": {"datetime": "2021-09-29 17:24:21", "elapsed": 4.114714, "delta": 0.293551}}
{"target": -41.37277094050394, "params": {"C": 2163.5754578185188, "gamma": 0.0678790823091382}, "datetime": {"datetime": "2021-09-29 17:24:21", "elapsed": 4.422713, "delta": 0.307999}}
{"target": -43.82903400706284, "params": {"C": 2885.9786061566147, "gamma": 0.15538876044106975}, "datetime": {"datetime": "2021-09-29 17:24:22", "elapsed": 4.776713, "delta": 0.354}}
{"target": -43.93987229681929, "params": {"C": 3585.097250469435, "gamma": 0.14023763014049132}, "datetime": {"datetime": "2021-09-29 17:24:22", "elapsed": 5.163711, "delta": 0.386998}}
{"target": -42.0604749733075, "params": {"C": 1502.5038411907583, "gamma": 0.011168563798073844}, "datetime": {"datetime": "2021-09-29 17:24:22", "elapsed": 5.556712, "delta": 0.393001}}
{"target": -45.10679845352032, "params": {"C": 4211.036593704974, "gamma": 0.1808300915563918}, "datetime": {"datetime": "2021-09-29 17:24:23", "elapsed": 5.971236, "delta": 0.414524}}
{"target": -43.17481803501374, "params": {"C": 2645.480760909188, "gamma": 0.13067754474817778}, "datetime": {"datetime": "2021-09-29 17:24:23", "elapsed": 6.364976, "delta": 0.39374}}
{"target": -44.175170977572996, "params": {"C": 4608.197827746107, "gamma": 0.12627077410774645}, "datetime": {"datetime": "2021-09-29 17:24:24", "elapsed": 6.90397, "delta": 0.538994}}
{"target": -43.66532299328101, "params": {"C": 2301.8878599898494, "gamma": 0.16568764292251179}, "datetime": {"datetime": "2021-09-29 17:24:24", "elapsed": 7.238969, "delta": 0.334999}}
{"target": -42.215266184441454, "params": {"C": 2163.3207854117463, "gamma": 0.007191656189421325}, "datetime": {"datetime": "2021-09-29 17:24:24", "elapsed": 7.657972, "delta": 0.419003}}
{"target": -41.60080879769006, "params": {"C": 2679.224016568505, "gamma": 0.07138440080914613}, "datetime": {"datetime": "2021-09-29 17:24:25", "elapsed": 8.054271, "delta": 0.396299}}
{"target": -41.55685059517993, "params": {"C": 2000.2793328944715, "gamma": 0.0766595218185521}, "datetime": {"datetime": "2021-09-29 17:24:26", "elapsed": 9.38227, "delta": 1.327999}}
{"target": -41.24550947658436, "params": {"C": 3457.6952420690795, "gamma": 0.014252603994756358}, "datetime": {"datetime": "2021-09-29 17:24:27", "elapsed": 9.81427, "delta": 0.432}}
{"target": -42.26694122139584, "params": {"C": 1501.9193967780775, "gamma": 0.11167666519944608}, "datetime": {"datetime": "2021-09-29 17:24:27", "elapsed": 10.341699, "delta": 0.527429}}
{"target": -40.952516788592845, "params": {"C": 4579.435819308412, "gamma": 0.035730584049580905}, "datetime": {"datetime": "2021-09-29 17:24:28", "elapsed": 10.80866, "delta": 0.466961}}
{"target": -43.78335289020667, "params": {"C": 1063.5696616555208, "gamma": 0.19808906958700992}, "datetime": {"datetime": "2021-09-29 17:24:28", "elapsed": 11.17466, "delta": 0.366}}
{"target": -41.34223224812447, "params": {"C": 1140.4166129936918, "gamma": 0.06498206809711103}, "datetime": {"datetime": "2021-09-29 17:24:28", "elapsed": 11.661661, "delta": 0.487001}}
{"target": -43.699474635098476, "params": {"C": 2885.4528357844147, "gamma": 0.14875055649176813}, "datetime": {"datetime": "2021-09-29 17:24:29", "elapsed": 12.258949, "delta": 0.597288}}
{"target": -41.335436559947944, "params": {"C": 1205.799409183287, "gamma": 0.06619604890209833}, "datetime": {"datetime": "2021-09-29 17:24:29", "elapsed": 12.639953, "delta": 0.381004}}
{"target": -45.43035506575907, "params": {"C": 4685.854982323004, "gamma": 0.1825937024795707}, "datetime": {"datetime": "2021-09-29 17:24:30", "elapsed": 13.065953, "delta": 0.426}}
{"target": -44.9660496284494, "params": {"C": 3824.615711161724, "gamma": 0.18777243915590733}, "datetime": {"datetime": "2021-09-29 17:24:31", "elapsed": 14.590668, "delta": 1.524715}}
{"target": -41.83678928736603, "params": {"C": 1376.2559585013187, "gamma": 0.09254911401350702}, "datetime": {"datetime": "2021-09-29 17:24:32", "elapsed": 14.934666, "delta": 0.343998}}
{"target": -43.51197455803745, "params": {"C": 4579.290787263888, "gamma": 0.10523599776972704}, "datetime": {"datetime": "2021-09-29 17:24:32", "elapsed": 15.502667, "delta": 0.568001}}
{"target": -42.57321400415863, "params": {"C": 1677.6558409911286, "gamma": 0.006707124468110176}, "datetime": {"datetime": "2021-09-29 17:24:33", "elapsed": 15.889301, "delta": 0.386634}}
{"target": -42.17000351435141, "params": {"C": 1502.251875785897, "gamma": 0.10722271753757813}, "datetime": {"datetime": "2021-09-29 17:24:33", "elapsed": 16.444066, "delta": 0.554765}}
{"target": -42.64261264204427, "params": {"C": 1553.498860552701, "gamma": 0.1290241037122835}, "datetime": {"datetime": "2021-09-29 17:24:34", "elapsed": 16.918064, "delta": 0.473998}}
{"target": -43.10369716414652, "params": {"C": 3786.7562737425797, "gamma": 0.10485262459719495}, "datetime": {"datetime": "2021-09-29 17:24:34", "elapsed": 17.340064, "delta": 0.422}}
{"target": -44.9645606512732, "params": {"C": 3766.02786485098, "gamma": 0.19029493826299826}, "datetime": {"datetime": "2021-09-29 17:24:35", "elapsed": 17.717063, "delta": 0.376999}}
{"target": -40.869373314011945, "params": {"C": 2679.458203662467, "gamma": 0.025654106805990073}, "datetime": {"datetime": "2021-09-29 17:24:35", "elapsed": 18.170384, "delta": 0.453321}}
{"target": -43.22691996112418, "params": {"C": 1502.3789157346919, "gamma": 0.16116572482603717}, "datetime": {"datetime": "2021-09-29 17:24:35", "elapsed": 18.660383, "delta": 0.489999}}
{"target": -42.92283939442239, "params": {"C": 1206.0772397924734, "gamma": 0.14615497812782224}, "datetime": {"datetime": "2021-09-29 17:24:36", "elapsed": 19.26339, "delta": 0.603007}}
{"target": -41.99751879550484, "params": {"C": 3457.558661867933, "gamma": 0.07556861148811542}, "datetime": {"datetime": "2021-09-29 17:24:37", "elapsed": 19.811436, "delta": 0.548046}}
{"target": -44.314810641380795, "params": {"C": 3720.2867628570916, "gamma": 0.15385401157215742}, "datetime": {"datetime": "2021-09-29 17:24:37", "elapsed": 20.286583, "delta": 0.475147}}
{"target": -45.317279937248145, "params": {"C": 4428.485656117111, "gamma": 0.18562454912234333}, "datetime": {"datetime": "2021-09-29 17:24:38", "elapsed": 20.711283, "delta": 0.4247}}
{"target": -42.33164361187014, "params": {"C": 2885.7568994783815, "gamma": 0.0935524747779442}, "datetime": {"datetime": "2021-09-29 17:24:39", "elapsed": 21.851281, "delta": 1.139998}}
{"target": -42.76607390000593, "params": {"C": 1140.4665874984064, "gamma": 0.13739772360962993}, "datetime": {"datetime": "2021-09-29 17:24:39", "elapsed": 22.414284, "delta": 0.563003}}
{"target": -42.5471731924265, "params": {"C": 2679.3099294410326, "gamma": 0.10462084703027939}, "datetime": {"datetime": "2021-09-29 17:24:40", "elapsed": 22.930284, "delta": 0.516}}
{"target": -41.675573603202494, "params": {"C": 2801.1463062782113, "gamma": 0.07263258147625085}, "datetime": {"datetime": "2021-09-29 17:24:40", "elapsed": 23.4118, "delta": 0.481516}}
{"target": -44.551913884390956, "params": {"C": 4579.499359125375, "gamma": 0.14131582557861175}, "datetime": {"datetime": "2021-09-29 17:24:41", "elapsed": 23.956806, "delta": 0.545006}}
{"target": -40.95925711393251, "params": {"C": 1502.4057220627385, "gamma": 0.04121431936158697}, "datetime": {"datetime": "2021-09-29 17:24:41", "elapsed": 24.499142, "delta": 0.542336}}
{"target": -44.4552387726494, "params": {"C": 4636.884688011081, "gamma": 0.13611283417439812}, "datetime": {"datetime": "2021-09-29 17:24:42", "elapsed": 24.971143, "delta": 0.472001}}
{"target": -42.317151774332956, "params": {"C": 1140.3108129902905, "gamma": 0.11449823491267198}, "datetime": {"datetime": "2021-09-29 17:24:42", "elapsed": 25.56614, "delta": 0.594997}}
{"target": -42.81354686468065, "params": {"C": 1376.3690493368329, "gamma": 0.13966937910889352}, "datetime": {"datetime": "2021-09-29 17:24:43", "elapsed": 26.008857, "delta": 0.442717}}
{"target": -41.51154633771019, "params": {"C": 4579.483993967908, "gamma": 0.009614277419460214}, "datetime": {"datetime": "2021-09-29 17:24:43", "elapsed": 26.576038, "delta": 0.567181}}
{"target": -41.06180799548845, "params": {"C": 1502.343507812339, "gamma": 0.0535144733495994}, "datetime": {"datetime": "2021-09-29 17:24:44", "elapsed": 27.040037, "delta": 0.463999}}
{"target": -43.798810648310806, "params": {"C": 2000.2105161327033, "gamma": 0.1845511762764476}, "datetime": {"datetime": "2021-09-29 17:24:45", "elapsed": 27.762037, "delta": 0.722}}
{"target": -40.971461109599765, "params": {"C": 1500.8607230910354, "gamma": 0.044388126693972976}, "datetime": {"datetime": "2021-09-29 17:24:45", "elapsed": 28.182036, "delta": 0.419999}}
{"target": -42.042337695376965, "params": {"C": 2163.465285172452, "gamma": 0.09377882200072861}, "datetime": {"datetime": "2021-09-29 17:24:46", "elapsed": 28.713031, "delta": 0.530995}}
{"target": -41.692275417748284, "params": {"C": 1376.2637766360522, "gamma": 0.0858893524581524}, "datetime": {"datetime": "2021-09-29 17:24:46", "elapsed": 29.274029, "delta": 0.560998}}
{"target": -40.814833128404345, "params": {"C": 2885.8567283263346, "gamma": 0.028515418402849584}, "datetime": {"datetime": "2021-09-29 17:24:47", "elapsed": 29.838025, "delta": 0.563996}}
{"target": -41.961423529537115, "params": {"C": 1500.7123158196537, "gamma": 0.0978197759306405}, "datetime": {"datetime": "2021-09-29 17:24:48", "elapsed": 31.095171, "delta": 1.257146}}
{"target": -42.400244906262465, "params": {"C": 1501.056611390782, "gamma": 0.11791706400495393}, "datetime": {"datetime": "2021-09-29 17:24:49", "elapsed": 31.726172, "delta": 0.631001}}
{"target": -43.84141058501375, "params": {"C": 2856.868268528133, "gamma": 0.15699587087267153}, "datetime": {"datetime": "2021-09-29 17:24:49", "elapsed": 32.199172, "delta": 0.473}}
{"target": -40.8381776565379, "params": {"C": 3457.807971173299, "gamma": 0.0351740296885083}, "datetime": {"datetime": "2021-09-29 17:24:50", "elapsed": 32.905423, "delta": 0.706251}}
{"target": -44.490790683154344, "params": {"C": 3457.7371166570892, "gamma": 0.1723762475667944}, "datetime": {"datetime": "2021-09-29 17:24:50", "elapsed": 33.520951, "delta": 0.615528}}
{"target": -44.62880465836942, "params": {"C": 3349.9645375453906, "gamma": 0.18559544958925395}, "datetime": {"datetime": "2021-09-29 17:24:51", "elapsed": 34.167943, "delta": 0.646992}}
{"target": -42.97648634680022, "params": {"C": 2679.0977190683325, "gamma": 0.12142210151961838}, "datetime": {"datetime": "2021-09-29 17:24:51", "elapsed": 34.688082, "delta": 0.520139}}
{"target": -41.7521523396495, "params": {"C": 1205.6256655008474, "gamma": 0.08780077168481353}, "datetime": {"datetime": "2021-09-29 17:24:52", "elapsed": 35.307086, "delta": 0.619004}}
{"target": -45.58293463891575, "params": {"C": 4539.55415183723, "gamma": 0.19961590622769568}, "datetime": {"datetime": "2021-09-29 17:24:53", "elapsed": 35.881968, "delta": 0.574882}}
{"target": -41.989909687279095, "params": {"C": 2000.3831146995963, "gamma": 0.09391783681357393}, "datetime": {"datetime": "2021-09-29 17:24:54", "elapsed": 37.219647, "delta": 1.337679}}
{"target": -41.704514616738344, "params": {"C": 1205.7090213848296, "gamma": 0.018199784720446317}, "datetime": {"datetime": "2021-09-29 17:24:55", "elapsed": 37.75965, "delta": 0.540003}}
{"target": -43.09019347389133, "params": {"C": 1500.8895299191627, "gamma": 0.1533191438937552}, "datetime": {"datetime": "2021-09-29 17:24:55", "elapsed": 38.388979, "delta": 0.629329}}
{"target": -42.13540785686846, "params": {"C": 2067.5671991922327, "gamma": 0.09882783855666184}, "datetime": {"datetime": "2021-09-29 17:24:56", "elapsed": 38.891984, "delta": 0.503005}}
{"target": -43.49892780560291, "params": {"C": 2801.279075990029, "gamma": 0.14143340955653882}, "datetime": {"datetime": "2021-09-29 17:24:56", "elapsed": 39.45498, "delta": 0.562996}}
{"target": -44.262775808709385, "params": {"C": 3601.0984609950992, "gamma": 0.15493576771721226}, "datetime": {"datetime": "2021-09-29 17:24:57", "elapsed": 40.098982, "delta": 0.644002}}
{"target": -43.56635892478985, "params": {"C": 1205.683066039008, "gamma": 0.18486734722942438}, "datetime": {"datetime": "2021-09-29 17:24:58", "elapsed": 40.87543, "delta": 0.776448}}
{"target": -42.723925183723196, "params": {"C": 3457.910067442822, "gamma": 0.09781624048865928}, "datetime": {"datetime": "2021-09-29 17:24:58", "elapsed": 41.506428, "delta": 0.630998}}
