{"target": -35.86653005474603, "params": {"C": 41888.0010773612, "gamma": 0.04747318647682207}, "datetime": {"datetime": "2021-09-29 09:38:21", "elapsed": 490.879151, "delta": 1.849169}}
{"target": -34.61165427500421, "params": {"C": 41763.56484641363, "gamma": 0.02431066194239583}, "datetime": {"datetime": "2021-09-29 09:38:23", "elapsed": 492.669117, "delta": 1.789966}}
{"target": -36.27363848458584, "params": {"C": 41662.74997985827, "gamma": 0.05515478412460711}, "datetime": {"datetime": "2021-09-29 09:38:25", "elapsed": 494.566277, "delta": 1.89716}}
{"target": -34.49609731090234, "params": {"C": 40041.503885096965, "gamma": 0.01997317218391645}, "datetime": {"datetime": "2021-09-29 09:38:26", "elapsed": 496.404709, "delta": 1.838432}}
{"target": -34.95374649033604, "params": {"C": 42666.084650042874, "gamma": 0.03132190486815405}, "datetime": {"datetime": "2021-09-29 09:38:31", "elapsed": 500.920487, "delta": 4.515778}}
{"target": -35.75915794403974, "params": {"C": 40417.28258036303, "gamma": 0.046463222171040854}, "datetime": {"datetime": "2021-09-29 09:38:35", "elapsed": 504.902466, "delta": 3.981979}}
{"target": -34.94651328988559, "params": {"C": 44136.59295337768, "gamma": 0.0307088541181263}, "datetime": {"datetime": "2021-09-29 09:38:38", "elapsed": 507.621819, "delta": 2.719353}}
{"target": -34.492887718632055, "params": {"C": 43973.226301023875, "gamma": 0.01968726918582172}, "datetime": {"datetime": "2021-09-29 09:38:40", "elapsed": 509.580948, "delta": 1.959129}}
{"target": -34.4596370315525, "params": {"C": 41837.76522995321, "gamma": 0.01726658401048516}, "datetime": {"datetime": "2021-09-29 09:38:41", "elapsed": 511.469939, "delta": 1.888991}}
{"target": -35.763366546593204, "params": {"C": 42982.258562926785, "gamma": 0.00588427321414208}, "datetime": {"datetime": "2021-09-29 09:38:47", "elapsed": 517.094171, "delta": 5.624232}}
{"target": -35.021652895793736, "params": {"C": 42491.56461203073, "gamma": 0.03269369020676031}, "datetime": {"datetime": "2021-09-29 09:38:50", "elapsed": 519.802641, "delta": 2.70847}}
{"target": -34.5064884197056, "params": {"C": 40705.393497824465, "gamma": 0.02055968976507473}, "datetime": {"datetime": "2021-09-29 09:38:52", "elapsed": 521.703823, "delta": 1.901182}}
{"target": -34.56709555301701, "params": {"C": 43823.03204099054, "gamma": 0.022520784125958503}, "datetime": {"datetime": "2021-09-29 09:38:56", "elapsed": 525.996846, "delta": 4.293023}}
{"target": -34.8827981988158, "params": {"C": 40843.4261538775, "gamma": 0.03056994602360569}, "datetime": {"datetime": "2021-09-29 09:38:58", "elapsed": 528.450095, "delta": 2.453249}}
{"target": -34.45474367619806, "params": {"C": 40860.81632599229, "gamma": 0.016686055388546374}, "datetime": {"datetime": "2021-09-29 09:39:01", "elapsed": 531.042049, "delta": 2.591954}}
{"target": -35.18987394387448, "params": {"C": 40843.447628561255, "gamma": 0.03669480501432846}, "datetime": {"datetime": "2021-09-29 09:39:04", "elapsed": 534.080425, "delta": 3.038376}}
{"target": -34.63185143702165, "params": {"C": 40484.71653386021, "gamma": 0.013213935961561729}, "datetime": {"datetime": "2021-09-29 09:39:07", "elapsed": 537.055557, "delta": 2.975132}}
{"target": -34.497517889682506, "params": {"C": 40613.07036075635, "gamma": 0.02006912803785874}, "datetime": {"datetime": "2021-09-29 09:39:09", "elapsed": 539.170586, "delta": 2.115029}}
{"target": -34.45960095987837, "params": {"C": 43818.92018817492, "gamma": 0.017405721410584826}, "datetime": {"datetime": "2021-09-29 09:39:12", "elapsed": 541.793345, "delta": 2.622759}}
{"target": -36.10724200224811, "params": {"C": 41582.75053420415, "gamma": 0.05206077530826186}, "datetime": {"datetime": "2021-09-29 09:39:14", "elapsed": 543.696179, "delta": 1.902834}}
{"target": -35.12570165956366, "params": {"C": 40836.25070949931, "gamma": 0.00895949130722236}, "datetime": {"datetime": "2021-09-29 09:39:16", "elapsed": 545.741512, "delta": 2.045333}}
{"target": -34.46369882952158, "params": {"C": 42921.363818498095, "gamma": 0.01770338011035523}, "datetime": {"datetime": "2021-09-29 09:39:19", "elapsed": 548.668299, "delta": 2.926787}}
{"target": -34.57328975390575, "params": {"C": 41219.81403277075, "gamma": 0.014034643402808671}, "datetime": {"datetime": "2021-09-29 09:39:22", "elapsed": 551.919533, "delta": 3.251234}}
{"target": -34.96835025340038, "params": {"C": 42334.25231775129, "gamma": 0.031714363805165284}, "datetime": {"datetime": "2021-09-29 09:39:25", "elapsed": 555.029473, "delta": 3.10994}}
{"target": -35.42815673187984, "params": {"C": 43167.360246957105, "gamma": 0.0071994043829770645}, "datetime": {"datetime": "2021-09-29 09:39:27", "elapsed": 557.011643, "delta": 1.98217}}
{"target": -34.500780596870484, "params": {"C": 44629.614535228626, "gamma": 0.01995185331417288}, "datetime": {"datetime": "2021-09-29 09:39:29", "elapsed": 559.070506, "delta": 2.058863}}
{"target": -34.59743732487986, "params": {"C": 44525.59225423558, "gamma": 0.023465782466549415}, "datetime": {"datetime": "2021-09-29 09:39:31", "elapsed": 561.434094, "delta": 2.363588}}
{"target": -34.60647786902194, "params": {"C": 40404.832634811224, "gamma": 0.024332407113433947}, "datetime": {"datetime": "2021-09-29 09:39:33", "elapsed": 563.488321, "delta": 2.054227}}
{"target": -34.80939150918623, "params": {"C": 44246.25992048713, "gamma": 0.02816068564681816}, "datetime": {"datetime": "2021-09-29 09:39:35", "elapsed": 565.425489, "delta": 1.937168}}
{"target": -36.234253489363475, "params": {"C": 40843.430211456296, "gamma": 0.004229114525260848}, "datetime": {"datetime": "2021-09-29 09:39:38", "elapsed": 568.276274, "delta": 2.850785}}
{"target": -35.25989474030972, "params": {"C": 44749.95162723004, "gamma": 0.0079516004217085}, "datetime": {"datetime": "2021-09-29 09:39:41", "elapsed": 570.814805, "delta": 2.538531}}
{"target": -35.63274913853491, "params": {"C": 42508.93970051005, "gamma": 0.006392136807936046}, "datetime": {"datetime": "2021-09-29 09:39:44", "elapsed": 573.656699, "delta": 2.841894}}
{"target": -34.771739947056986, "params": {"C": 40869.20500713917, "gamma": 0.028421231061312602}, "datetime": {"datetime": "2021-09-29 09:39:47", "elapsed": 576.680165, "delta": 3.023466}}
{"target": -35.02828086343384, "params": {"C": 42250.234015503316, "gamma": 0.0329105440323427}, "datetime": {"datetime": "2021-09-29 09:39:49", "elapsed": 578.685238, "delta": 2.005073}}
{"target": -34.794719114698026, "params": {"C": 44739.81849048448, "gamma": 0.011237220429963786}, "datetime": {"datetime": "2021-09-29 09:39:51", "elapsed": 580.844257, "delta": 2.159019}}
{"target": -34.619064803265566, "params": {"C": 40404.82224397588, "gamma": 0.013406177005969813}, "datetime": {"datetime": "2021-09-29 09:39:54", "elapsed": 584.017059, "delta": 3.172802}}
{"target": -36.03859338890865, "params": {"C": 42092.35033447078, "gamma": 0.004913166496442616}, "datetime": {"datetime": "2021-09-29 09:39:57", "elapsed": 586.916328, "delta": 2.899269}}
{"target": -34.56841938407366, "params": {"C": 43724.98355017293, "gamma": 0.022578788537394454}, "datetime": {"datetime": "2021-09-29 09:40:01", "elapsed": 590.677788, "delta": 3.76146}}
{"target": -35.08144273424272, "params": {"C": 40312.98947969683, "gamma": 0.009282948721576936}, "datetime": {"datetime": "2021-09-29 09:40:03", "elapsed": 592.64581, "delta": 1.968022}}
{"target": -34.921400838027495, "params": {"C": 42593.827079920855, "gamma": 0.010282460083976158}, "datetime": {"datetime": "2021-09-29 09:40:06", "elapsed": 595.604626, "delta": 2.958816}}
{"target": -34.81867383368091, "params": {"C": 41837.76023752424, "gamma": 0.029031211588548426}, "datetime": {"datetime": "2021-09-29 09:40:09", "elapsed": 598.710834, "delta": 3.106208}}
{"target": -34.49711511238191, "params": {"C": 40041.5229212391, "gamma": 0.020038803663537004}, "datetime": {"datetime": "2021-09-29 09:40:12", "elapsed": 601.902888, "delta": 3.192054}}
{"target": -34.90609293757904, "params": {"C": 42490.5945377893, "gamma": 0.030473779017004085}, "datetime": {"datetime": "2021-09-29 09:40:14", "elapsed": 603.965545, "delta": 2.062657}}
{"target": -36.125982223495804, "params": {"C": 41438.86636590593, "gamma": 0.00461246937138506}, "datetime": {"datetime": "2021-09-29 09:40:18", "elapsed": 607.705635, "delta": 3.74009}}
{"target": -35.97831854822289, "params": {"C": 44088.217432363555, "gamma": 0.005087223937018041}, "datetime": {"datetime": "2021-09-29 09:40:21", "elapsed": 610.905427, "delta": 3.199792}}
{"target": -34.5326004738974, "params": {"C": 42280.17600277489, "gamma": 0.014649759732240232}, "datetime": {"datetime": "2021-09-29 09:40:23", "elapsed": 613.029407, "delta": 2.12398}}
{"target": -35.147159802293146, "params": {"C": 41576.1247761501, "gamma": 0.03557663111088187}, "datetime": {"datetime": "2021-09-29 09:40:25", "elapsed": 615.395808, "delta": 2.366401}}
{"target": -35.1608056519921, "params": {"C": 40820.454673085034, "gamma": 0.03618429654916743}, "datetime": {"datetime": "2021-09-29 09:40:29", "elapsed": 618.936601, "delta": 3.540793}}
{"target": -35.81755239937065, "params": {"C": 41545.71224317649, "gamma": 0.046810902280079114}, "datetime": {"datetime": "2021-09-29 09:40:31", "elapsed": 620.968599, "delta": 2.031998}}
{"target": -34.622347323770555, "params": {"C": 40705.40599320009, "gamma": 0.02482281899115641}, "datetime": {"datetime": "2021-09-29 09:40:34", "elapsed": 624.021163, "delta": 3.052564}}
{"target": -35.22187592236703, "params": {"C": 41763.57058498969, "gamma": 0.03680191523318151}, "datetime": {"datetime": "2021-09-29 09:40:38", "elapsed": 627.856131, "delta": 3.834968}}
{"target": -35.83467883290014, "params": {"C": 44466.021265540214, "gamma": 0.005583505944656883}, "datetime": {"datetime": "2021-09-29 09:40:40", "elapsed": 629.974769, "delta": 2.118638}}
{"target": -34.45330380517349, "params": {"C": 43700.330669139374, "gamma": 0.016811856820640028}, "datetime": {"datetime": "2021-09-29 09:40:43", "elapsed": 632.971692, "delta": 2.996923}}
{"target": -34.47751464577814, "params": {"C": 42920.29788778755, "gamma": 0.01571529415367076}, "datetime": {"datetime": "2021-09-29 09:40:46", "elapsed": 635.710378, "delta": 2.738686}}
{"target": -35.35857088647574, "params": {"C": 42321.225046219406, "gamma": 0.0075628884615547435}, "datetime": {"datetime": "2021-09-29 09:40:49", "elapsed": 639.376627, "delta": 3.666249}}
{"target": -35.0005663229053, "params": {"C": 40971.67140022706, "gamma": 0.009798567686444853}, "datetime": {"datetime": "2021-09-29 09:40:52", "elapsed": 642.309824, "delta": 2.933197}}
{"target": -34.84063271115096, "params": {"C": 44749.973741273556, "gamma": 0.02858555585836644}, "datetime": {"datetime": "2021-09-29 09:40:57", "elapsed": 647.179811, "delta": 4.869987}}
{"target": -36.32539990227963, "params": {"C": 42985.86074716326, "gamma": 0.05521337806834438}, "datetime": {"datetime": "2021-09-29 09:40:59", "elapsed": 649.261338, "delta": 2.081527}}
{"target": -34.76792321974618, "params": {"C": 43286.96243195917, "gamma": 0.027671719354324248}, "datetime": {"datetime": "2021-09-29 09:41:01", "elapsed": 651.476637, "delta": 2.215299}}
{"target": -35.367961142002066, "params": {"C": 41999.04114785419, "gamma": 0.03895748419199954}, "datetime": {"datetime": "2021-09-29 09:41:04", "elapsed": 653.631912, "delta": 2.155275}}
{"target": -35.62083251406642, "params": {"C": 42509.081130201586, "gamma": 0.006437993479084761}, "datetime": {"datetime": "2021-09-29 09:41:07", "elapsed": 657.439093, "delta": 3.807181}}
{"target": -36.53701230835336, "params": {"C": 44861.093761065655, "gamma": 0.0032203452897354486}, "datetime": {"datetime": "2021-09-29 09:41:09", "elapsed": 659.500841, "delta": 2.061748}}
{"target": -36.443221093116875, "params": {"C": 42003.10649323826, "gamma": 0.0035257442628418567}, "datetime": {"datetime": "2021-09-29 09:41:12", "elapsed": 661.712111, "delta": 2.21127}}
{"target": -36.183640204230116, "params": {"C": 40613.05705816854, "gamma": 0.004414468181261079}, "datetime": {"datetime": "2021-09-29 09:41:17", "elapsed": 666.926578, "delta": 5.214467}}
{"target": -35.13211624943223, "params": {"C": 42492.53395256883, "gamma": 0.03489575239922149}, "datetime": {"datetime": "2021-09-29 09:41:20", "elapsed": 670.36922, "delta": 3.442642}}
{"target": -35.66515888738476, "params": {"C": 44279.113183728805, "gamma": 0.0062061516686095705}, "datetime": {"datetime": "2021-09-29 09:41:23", "elapsed": 672.629516, "delta": 2.260296}}
{"target": -34.70169682080995, "params": {"C": 40613.084368416334, "gamma": 0.027087831231637223}, "datetime": {"datetime": "2021-09-29 09:41:26", "elapsed": 676.220635, "delta": 3.591119}}
{"target": -34.91125118964999, "params": {"C": 43939.73584488482, "gamma": 0.030114798182499417}, "datetime": {"datetime": "2021-09-29 09:41:28", "elapsed": 678.466757, "delta": 2.246122}}
{"target": -34.484797399150565, "params": {"C": 43974.67763686874, "gamma": 0.019285722693613262}, "datetime": {"datetime": "2021-09-29 09:41:31", "elapsed": 680.564968, "delta": 2.098211}}
{"target": -34.951086890569165, "params": {"C": 44126.94733041804, "gamma": 0.00996710477400362}, "datetime": {"datetime": "2021-09-29 09:41:33", "elapsed": 682.885816, "delta": 2.320848}}
{"target": -34.54933616315183, "params": {"C": 43642.30798604128, "gamma": 0.021907492444123}, "datetime": {"datetime": "2021-09-29 09:41:35", "elapsed": 685.071122, "delta": 2.185306}}
{"target": -34.9495173064899, "params": {"C": 41801.27376700773, "gamma": 0.010103566017541036}, "datetime": {"datetime": "2021-09-29 09:41:39", "elapsed": 688.564539, "delta": 3.493417}}
{"target": -35.04873135963109, "params": {"C": 42921.362256141496, "gamma": 0.03306920358458253}, "datetime": {"datetime": "2021-09-29 09:41:46", "elapsed": 695.837184, "delta": 7.272645}}
{"target": -36.43353861345203, "params": {"C": 43665.63523941695, "gamma": 0.0035541630855373254}, "datetime": {"datetime": "2021-09-29 09:41:48", "elapsed": 698.064703, "delta": 2.227519}}
{"target": -35.08762184171353, "params": {"C": 43507.514334858526, "gamma": 0.03361993319167729}, "datetime": {"datetime": "2021-09-29 09:41:53", "elapsed": 702.724499, "delta": 4.659796}}
{"target": -35.14273241223953, "params": {"C": 40383.605008789455, "gamma": 0.03598926643978737}, "datetime": {"datetime": "2021-09-29 09:41:55", "elapsed": 704.852712, "delta": 2.128213}}
{"target": -35.618863287971706, "params": {"C": 41866.0148259611, "gamma": 0.043120260077201635}, "datetime": {"datetime": "2021-09-29 09:41:59", "elapsed": 709.236137, "delta": 4.383425}}
{"target": -35.40988782130249, "params": {"C": 44289.99415250271, "gamma": 0.03860741433569219}, "datetime": {"datetime": "2021-09-29 09:42:03", "elapsed": 713.211434, "delta": 3.975297}}
{"target": -34.532439898640476, "params": {"C": 42242.57114864758, "gamma": 0.021430973715979084}, "datetime": {"datetime": "2021-09-29 09:42:05", "elapsed": 715.409617, "delta": 2.198183}}
{"target": -35.266088947496236, "params": {"C": 40436.311635137485, "gamma": 0.008114633926418688}, "datetime": {"datetime": "2021-09-29 09:42:08", "elapsed": 717.821562, "delta": 2.411945}}
{"target": -36.38314320446956, "params": {"C": 44290.01484057438, "gamma": 0.0037089204543324697}, "datetime": {"datetime": "2021-09-29 09:42:11", "elapsed": 721.093395, "delta": 3.271833}}
{"target": -35.422858520206155, "params": {"C": 41987.82663438445, "gamma": 0.03982456401266369}, "datetime": {"datetime": "2021-09-29 09:42:19", "elapsed": 729.213524, "delta": 8.120129}}
{"target": -34.49716239950626, "params": {"C": 41837.7789500278, "gamma": 0.01537167686747936}, "datetime": {"datetime": "2021-09-29 09:42:23", "elapsed": 732.707101, "delta": 3.493577}}
{"target": -34.62463224334762, "params": {"C": 42092.401283066974, "gamma": 0.02469104102651952}, "datetime": {"datetime": "2021-09-29 09:42:28", "elapsed": 737.632172, "delta": 4.925071}}
{"target": -36.36087571086246, "params": {"C": 40161.15820635548, "gamma": 0.05811859328972445}, "datetime": {"datetime": "2021-09-29 09:42:30", "elapsed": 740.264344, "delta": 2.632172}}
{"target": -34.88454642446588, "params": {"C": 41526.53082571893, "gamma": 0.030377106926531536}, "datetime": {"datetime": "2021-09-29 09:42:33", "elapsed": 742.763884, "delta": 2.49954}}
{"target": -34.60206351443518, "params": {"C": 42920.29950200084, "gamma": 0.0238300114887213}, "datetime": {"datetime": "2021-09-29 09:42:36", "elapsed": 746.308722, "delta": 3.544838}}
{"target": -34.58607044657359, "params": {"C": 42039.88643531728, "gamma": 0.023403873320083205}, "datetime": {"datetime": "2021-09-29 09:42:39", "elapsed": 748.816701, "delta": 2.507979}}
{"target": -35.4764397086606, "params": {"C": 42492.552130764176, "gamma": 0.0070149291625733485}, "datetime": {"datetime": "2021-09-29 09:42:44", "elapsed": 754.431024, "delta": 5.614323}}
{"target": -35.06520752403884, "params": {"C": 42514.56480895599, "gamma": 0.033542735436226746}, "datetime": {"datetime": "2021-09-29 09:42:48", "elapsed": 757.67544, "delta": 3.244416}}
{"target": -36.42470276447739, "params": {"C": 40947.081022751176, "gamma": 0.058823394419078995}, "datetime": {"datetime": "2021-09-29 09:42:50", "elapsed": 760.162944, "delta": 2.487504}}
{"target": -36.39031656227731, "params": {"C": 44119.0573311769, "gamma": 0.05566159064849622}, "datetime": {"datetime": "2021-09-29 09:42:53", "elapsed": 762.643853, "delta": 2.480909}}
{"target": -34.75821599129675, "params": {"C": 44312.95003590282, "gamma": 0.027219268476775638}, "datetime": {"datetime": "2021-09-29 09:42:55", "elapsed": 764.987743, "delta": 2.34389}}
{"target": -35.69616053508318, "params": {"C": 40625.088955273524, "gamma": 0.006217385561087136}, "datetime": {"datetime": "2021-09-29 09:42:58", "elapsed": 768.245668, "delta": 3.257925}}
{"target": -35.02568073878819, "params": {"C": 41914.24788113854, "gamma": 0.032981861437620046}, "datetime": {"datetime": "2021-09-29 09:43:01", "elapsed": 770.633612, "delta": 2.387944}}
{"target": -34.588057839185446, "params": {"C": 41984.435658013324, "gamma": 0.02347987804986902}, "datetime": {"datetime": "2021-09-29 09:43:04", "elapsed": 774.288688, "delta": 3.655076}}
{"target": -35.10996924556446, "params": {"C": 41028.118676982966, "gamma": 0.009053194074953419}, "datetime": {"datetime": "2021-09-29 09:43:08", "elapsed": 778.305344, "delta": 4.016656}}
{"target": -34.55027834420639, "params": {"C": 41563.465548853135, "gamma": 0.022180731520057187}, "datetime": {"datetime": "2021-09-29 09:43:15", "elapsed": 785.012501, "delta": 6.707157}}
{"target": -35.94945162395306, "params": {"C": 41784.162391454636, "gamma": 0.005238198829105742}, "datetime": {"datetime": "2021-09-29 09:43:21", "elapsed": 790.861247, "delta": 5.848746}}
{"target": -35.167646465957084, "params": {"C": 43974.67979265028, "gamma": 0.03503794936517442}, "datetime": {"datetime": "2021-09-29 09:43:25", "elapsed": 794.549286, "delta": 3.688039}}
{"target": -35.11172662762142, "params": {"C": 42417.55167886637, "gamma": 0.008970035230215263}, "datetime": {"datetime": "2021-09-29 09:43:27", "elapsed": 797.158063, "delta": 2.608777}}
{"target": -34.53320638528021, "params": {"C": 43266.816311627575, "gamma": 0.014592823789715006}, "datetime": {"datetime": "2021-09-29 09:43:30", "elapsed": 799.745861, "delta": 2.587798}}
{"target": -35.682713136414584, "params": {"C": 44302.92675202752, "gamma": 0.04296592819441919}, "datetime": {"datetime": "2021-09-29 09:43:32", "elapsed": 802.196044, "delta": 2.450183}}
{"target": -34.612185155018295, "params": {"C": 44088.117009688045, "gamma": 0.02400550347853325}, "datetime": {"datetime": "2021-09-29 09:43:38", "elapsed": 808.295654, "delta": 6.09961}}
{"target": -34.6441133192551, "params": {"C": 42505.16565597967, "gamma": 0.025254964980852397}, "datetime": {"datetime": "2021-09-29 09:43:42", "elapsed": 812.213823, "delta": 3.918169}}
{"target": -35.42775200402475, "params": {"C": 41579.85872944966, "gamma": 0.040093047461947945}, "datetime": {"datetime": "2021-09-29 09:43:45", "elapsed": 814.766007, "delta": 2.552184}}
{"target": -34.78296026266829, "params": {"C": 42680.21241110069, "gamma": 0.011474977376595443}, "datetime": {"datetime": "2021-09-29 09:43:53", "elapsed": 823.079276, "delta": 8.313269}}
{"target": -35.03424851658496, "params": {"C": 40157.44387823264, "gamma": 0.03382360522280505}, "datetime": {"datetime": "2021-09-29 09:43:56", "elapsed": 826.431346, "delta": 3.35207}}
{"target": -34.60956985774537, "params": {"C": 43507.60311387118, "gamma": 0.02399876620437822}, "datetime": {"datetime": "2021-09-29 09:44:01", "elapsed": 830.560959, "delta": 4.129613}}
{"target": -35.713316117393795, "params": {"C": 42576.06038267425, "gamma": 0.006083685824155815}, "datetime": {"datetime": "2021-09-29 09:44:03", "elapsed": 833.192771, "delta": 2.631812}}
{"target": -34.96138030466358, "params": {"C": 40613.07964193718, "gamma": 0.010097535273064347}, "datetime": {"datetime": "2021-09-29 09:44:10", "elapsed": 839.951367, "delta": 6.758596}}
{"target": -35.812962815825074, "params": {"C": 40012.82858239478, "gamma": 0.047635927315646164}, "datetime": {"datetime": "2021-09-29 09:44:12", "elapsed": 842.438898, "delta": 2.487531}}
{"target": -34.648831528416565, "params": {"C": 43700.33731307593, "gamma": 0.025221942611565993}, "datetime": {"datetime": "2021-09-29 09:44:16", "elapsed": 845.893754, "delta": 3.454856}}
{"target": -34.49124833412995, "params": {"C": 44624.66651017423, "gamma": 0.01956259143686805}, "datetime": {"datetime": "2021-09-29 09:44:19", "elapsed": 849.480889, "delta": 3.587135}}
{"target": -35.65798460919897, "params": {"C": 44624.671986318215, "gamma": 0.04239329131640773}, "datetime": {"datetime": "2021-09-29 09:44:26", "elapsed": 855.563529, "delta": 6.08264}}
{"target": -34.91715203700575, "params": {"C": 43024.269494824184, "gamma": 0.030511396289428575}, "datetime": {"datetime": "2021-09-29 09:44:29", "elapsed": 858.663398, "delta": 3.099869}}
