{"target": 0.010313037199943031, "params": {"C": 14240.37112647874, "gamma": 0.3925278937704747}, "datetime": {"datetime": "2021-10-04 10:59:20", "elapsed": 155.221163, "delta": 1.259294}}
{"target": 0.22010544521681008, "params": {"C": 39316.650877857115, "gamma": 0.2705444097861754}, "datetime": {"datetime": "2021-10-04 10:59:21", "elapsed": 156.283539, "delta": 1.062376}}
{"target": 0.22020079823106586, "params": {"C": 24282.269157022813, "gamma": 0.2088086273834143}, "datetime": {"datetime": "2021-10-04 10:59:22", "elapsed": 157.476765, "delta": 1.193226}}
{"target": 0.2324235017615257, "params": {"C": 32492.86638911779, "gamma": 0.22631346908237393}, "datetime": {"datetime": "2021-10-04 10:59:23", "elapsed": 158.679972, "delta": 1.203207}}
{"target": 0.1716081239556958, "params": {"C": 37492.51399920269, "gamma": 0.3473419608180841}, "datetime": {"datetime": "2021-10-04 10:59:24", "elapsed": 159.713817, "delta": 1.033845}}
{"target": 0.2260515289350179, "params": {"C": 24654.864949732884, "gamma": 0.20125486139853777}, "datetime": {"datetime": "2021-10-04 10:59:25", "elapsed": 160.948743, "delta": 1.234926}}
{"target": 0.02072467522707555, "params": {"C": 12720.99967691932, "gamma": 0.3497622044761407}, "datetime": {"datetime": "2021-10-04 10:59:27", "elapsed": 162.420985, "delta": 1.472242}}
{"target": 0.21082027630982414, "params": {"C": 40850.11054265401, "gamma": 0.29137220288391263}, "datetime": {"datetime": "2021-10-04 10:59:28", "elapsed": 163.640663, "delta": 1.219678}}
{"target": 0.1329680414217348, "params": {"C": 13175.672218526386, "gamma": 0.22631487192862573}, "datetime": {"datetime": "2021-10-04 10:59:29", "elapsed": 164.866197, "delta": 1.225534}}
{"target": 0.23922092028909858, "params": {"C": 36927.63605125627, "gamma": 0.2279698545539151}, "datetime": {"datetime": "2021-10-04 10:59:31", "elapsed": 166.423501, "delta": 1.557304}}
{"target": 0.23465603776406863, "params": {"C": 33249.89750776537, "gamma": 0.2249325044929641}, "datetime": {"datetime": "2021-10-04 10:59:32", "elapsed": 167.52566, "delta": 1.102159}}
{"target": 0.25207642636240646, "params": {"C": 43014.489791486674, "gamma": 0.21520764012586874}, "datetime": {"datetime": "2021-10-04 10:59:33", "elapsed": 168.573871, "delta": 1.048211}}
{"target": 0.1516182512524341, "params": {"C": 18600.887758629106, "gamma": 0.2639295989962269}, "datetime": {"datetime": "2021-10-04 10:59:34", "elapsed": 169.708342, "delta": 1.134471}}
{"target": -0.023761525377522075, "params": {"C": 12249.826213263605, "gamma": 0.4}, "datetime": {"datetime": "2021-10-04 10:59:35", "elapsed": 170.856163, "delta": 1.147821}}
{"target": 0.24616263098730173, "params": {"C": 40688.37945870951, "gamma": 0.2234599224677721}, "datetime": {"datetime": "2021-10-04 10:59:37", "elapsed": 172.401697, "delta": 1.545534}}
{"target": 0.015494366578810315, "params": {"C": 8174.570770699374, "gamma": 0.2582688174196678}, "datetime": {"datetime": "2021-10-04 10:59:38", "elapsed": 173.79635, "delta": 1.394653}}
{"target": 0.1466015510815324, "params": {"C": 27030.81969304476, "gamma": 0.3354623769194126}, "datetime": {"datetime": "2021-10-04 10:59:39", "elapsed": 174.908169, "delta": 1.111819}}
{"target": 0.18173562261068443, "params": {"C": 27287.073830455683, "gamma": 0.28469229447892663}, "datetime": {"datetime": "2021-10-04 10:59:41", "elapsed": 176.156235, "delta": 1.248066}}
{"target": 0.17394506051076386, "params": {"C": 29108.622345147443, "gamma": 0.30625054870748947}, "datetime": {"datetime": "2021-10-04 10:59:42", "elapsed": 177.459757, "delta": 1.303522}}
{"target": 0.14534119958112768, "params": {"C": 26870.575336308368, "gamma": 0.33632878273190614}, "datetime": {"datetime": "2021-10-04 10:59:44", "elapsed": 179.13283, "delta": 1.673073}}
{"target": 0.2542833228417005, "params": {"C": 43871.62822511498, "gamma": 0.211595552605308}, "datetime": {"datetime": "2021-10-04 10:59:45", "elapsed": 180.718972, "delta": 1.586142}}
{"target": 0.23446985712920554, "params": {"C": 37691.837114630456, "gamma": 0.2393781135880886}, "datetime": {"datetime": "2021-10-04 10:59:46", "elapsed": 182.004689, "delta": 1.285717}}
{"target": 0.20236456887847476, "params": {"C": 35245.97572189508, "gamma": 0.28809684779397965}, "datetime": {"datetime": "2021-10-04 10:59:48", "elapsed": 183.399547, "delta": 1.394858}}
{"target": 0.1634500155268992, "params": {"C": 28490.814556382134, "gamma": 0.31881146164036345}, "datetime": {"datetime": "2021-10-04 10:59:49", "elapsed": 185.098177, "delta": 1.69863}}
{"target": 0.23373066004111032, "params": {"C": 28801.505068935803, "gamma": 0.20889096236423102}, "datetime": {"datetime": "2021-10-04 10:59:51", "elapsed": 186.724673, "delta": 1.626496}}
{"target": 0.23570453227746369, "params": {"C": 38925.8218038175, "gamma": 0.2403916182991283}, "datetime": {"datetime": "2021-10-04 10:59:52", "elapsed": 187.905494, "delta": 1.180821}}
{"target": 0.008873562210027441, "params": {"C": 6246.1736359961105, "gamma": 0.213180022724558}, "datetime": {"datetime": "2021-10-04 10:59:53", "elapsed": 189.020605, "delta": 1.115111}}
{"target": 0.11583862346087981, "params": {"C": 17713.384824664507, "gamma": 0.3007813438701873}, "datetime": {"datetime": "2021-10-04 10:59:56", "elapsed": 191.340775, "delta": 2.32017}}
{"target": 0.14073781507301153, "params": {"C": 28327.37311759161, "gamma": 0.3525259607391131}, "datetime": {"datetime": "2021-10-04 10:59:58", "elapsed": 193.183841, "delta": 1.843066}}
{"target": 0.030721825108282808, "params": {"C": 15075.37037531489, "gamma": 0.3782374138545692}, "datetime": {"datetime": "2021-10-04 10:59:59", "elapsed": 194.812711, "delta": 1.62887}}
{"target": -0.09760225367791864, "params": {"C": 7191.450266360462, "gamma": 0.34712652585847736}, "datetime": {"datetime": "2021-10-04 11:00:01", "elapsed": 196.494639, "delta": 1.681928}}
{"target": 0.05216785309853722, "params": {"C": 7645.058133319345, "gamma": 0.21125995282764798}, "datetime": {"datetime": "2021-10-04 11:00:02", "elapsed": 198.090805, "delta": 1.596166}}
{"target": 0.16461572386712475, "params": {"C": 26615.651357153816, "gamma": 0.3061442512443667}, "datetime": {"datetime": "2021-10-04 11:00:04", "elapsed": 199.564077, "delta": 1.473272}}
{"target": 0.04592732202715155, "params": {"C": 16101.5612066867, "gamma": 0.3730986094303902}, "datetime": {"datetime": "2021-10-04 11:00:05", "elapsed": 200.736127, "delta": 1.17205}}
{"target": 0.15208432035378538, "params": {"C": 23930.147334776262, "gamma": 0.3065873026563858}, "datetime": {"datetime": "2021-10-04 11:00:07", "elapsed": 202.409455, "delta": 1.673328}}
{"target": 0.22827592017685383, "params": {"C": 32749.360828938592, "gamma": 0.23474868599849066}, "datetime": {"datetime": "2021-10-04 11:00:08", "elapsed": 203.898055, "delta": 1.4886}}
{"target": 0.15670085401070266, "params": {"C": 16408.343072521497, "gamma": 0.23607270505950145}, "datetime": {"datetime": "2021-10-04 11:00:10", "elapsed": 205.145075, "delta": 1.24702}}
{"target": -0.04491913347286913, "params": {"C": 8626.259968846598, "gamma": 0.3333044263117949}, "datetime": {"datetime": "2021-10-04 11:00:11", "elapsed": 207.003709, "delta": 1.858634}}
{"target": 0.11737220224596434, "params": {"C": 13935.180707274156, "gamma": 0.2541102658957703}, "datetime": {"datetime": "2021-10-04 11:00:13", "elapsed": 208.619383, "delta": 1.615674}}
{"target": 0.2588789948963812, "params": {"C": 44541.90220339476, "gamma": 0.20126362227351796}, "datetime": {"datetime": "2021-10-04 11:00:14", "elapsed": 209.854457, "delta": 1.235074}}
{"target": 0.17414066716800958, "params": {"C": 44868.42603607414, "gamma": 0.3671041215357593}, "datetime": {"datetime": "2021-10-04 11:00:16", "elapsed": 211.651162, "delta": 1.796705}}
{"target": -0.1389538826289829, "params": {"C": 6701.20607681587, "gamma": 0.37768793282160984}, "datetime": {"datetime": "2021-10-04 11:00:17", "elapsed": 212.931017, "delta": 1.279855}}
{"target": 0.13786120400034907, "params": {"C": 35016.72141812902, "gamma": 0.3938752998414677}, "datetime": {"datetime": "2021-10-04 11:00:19", "elapsed": 214.469089, "delta": 1.538072}}
{"target": 0.08052186795042182, "params": {"C": 17316.12823390965, "gamma": 0.3422789922953848}, "datetime": {"datetime": "2021-10-04 11:00:21", "elapsed": 216.691215, "delta": 2.222126}}
{"target": 0.20650781723243872, "params": {"C": 34747.670796368344, "gamma": 0.2793895514415954}, "datetime": {"datetime": "2021-10-04 11:00:23", "elapsed": 218.148487, "delta": 1.457272}}
{"target": -0.0025168688664780614, "params": {"C": 11762.74664222866, "gamma": 0.3600914598940073}, "datetime": {"datetime": "2021-10-04 11:00:24", "elapsed": 219.496349, "delta": 1.347862}}
{"target": 0.19867897201415397, "params": {"C": 23381.34966759465, "gamma": 0.23645917843426667}, "datetime": {"datetime": "2021-10-04 11:00:25", "elapsed": 220.889093, "delta": 1.392744}}
{"target": 0.23935669296684603, "params": {"C": 44241.25337990672, "gamma": 0.24544191051730022}, "datetime": {"datetime": "2021-10-04 11:00:27", "elapsed": 222.597316, "delta": 1.708223}}
{"target": 0.2022684103748077, "params": {"C": 30782.35170362034, "gamma": 0.2703845682543038}, "datetime": {"datetime": "2021-10-04 11:00:28", "elapsed": 223.919636, "delta": 1.32232}}
{"target": 0.16666901717965998, "params": {"C": 40299.80408888843, "gamma": 0.3659144534273781}, "datetime": {"datetime": "2021-10-04 11:00:30", "elapsed": 225.693871, "delta": 1.774235}}
{"target": 0.11880605087834906, "params": {"C": 18934.137995334902, "gamma": 0.3096324316425094}, "datetime": {"datetime": "2021-10-04 11:00:32", "elapsed": 227.205747, "delta": 1.511876}}
{"target": 0.07122680219032385, "params": {"C": 19168.37488582009, "gamma": 0.37784684297705007}, "datetime": {"datetime": "2021-10-04 11:00:33", "elapsed": 228.878812, "delta": 1.673065}}
{"target": 0.17509354378651354, "params": {"C": 19333.159133315836, "gamma": 0.23971577857231366}, "datetime": {"datetime": "2021-10-04 11:00:35", "elapsed": 230.581581, "delta": 1.702769}}
{"target": 0.2537579703984948, "params": {"C": 37972.44536768634, "gamma": 0.2}, "datetime": {"datetime": "2021-10-04 11:00:37", "elapsed": 232.339288, "delta": 1.757707}}
{"target": 0.2576236330255387, "params": {"C": 45302.234871740584, "gamma": 0.20574789087321405}, "datetime": {"datetime": "2021-10-04 11:00:38", "elapsed": 234.044187, "delta": 1.704899}}
{"target": 0.2245068162241326, "params": {"C": 41602.46385243008, "gamma": 0.26855210531872753}, "datetime": {"datetime": "2021-10-04 11:00:40", "elapsed": 235.933717, "delta": 1.88953}}
{"target": 0.2373988081870968, "params": {"C": 49454.62141924157, "gamma": 0.25893993187532144}, "datetime": {"datetime": "2021-10-04 11:00:42", "elapsed": 237.62221, "delta": 1.688493}}
{"target": 0.22271702460080878, "params": {"C": 40487.649287103035, "gamma": 0.268996641874764}, "datetime": {"datetime": "2021-10-04 11:00:44", "elapsed": 239.542727, "delta": 1.920517}}
{"target": 0.15029085051358482, "params": {"C": 18286.924919211182, "gamma": 0.2626947016829907}, "datetime": {"datetime": "2021-10-04 11:00:45", "elapsed": 240.815453, "delta": 1.272726}}
{"target": 0.25192478811919783, "params": {"C": 45685.19773449288, "gamma": 0.22040026554402972}, "datetime": {"datetime": "2021-10-04 11:00:47", "elapsed": 242.319617, "delta": 1.504164}}
{"target": 0.17806310157140226, "params": {"C": 16712.652822215663, "gamma": 0.21205563250659748}, "datetime": {"datetime": "2021-10-04 11:00:49", "elapsed": 244.461347, "delta": 2.14173}}
{"target": 0.07502585032250408, "params": {"C": 13557.293133959334, "gamma": 0.2977975663883323}, "datetime": {"datetime": "2021-10-04 11:00:51", "elapsed": 246.270393, "delta": 1.809046}}
{"target": 0.09802093191862504, "params": {"C": 22722.10858799341, "gamma": 0.3753135593924539}, "datetime": {"datetime": "2021-10-04 11:00:52", "elapsed": 247.750465, "delta": 1.480072}}
{"target": 0.10682057619444796, "params": {"C": 15753.7523010006, "gamma": 0.2895731522408196}, "datetime": {"datetime": "2021-10-04 11:00:54", "elapsed": 249.456627, "delta": 1.706162}}
{"target": 0.21228768410044685, "params": {"C": 21014.132587336917, "gamma": 0.2}, "datetime": {"datetime": "2021-10-04 11:00:55", "elapsed": 250.95986, "delta": 1.503233}}
{"target": 0.21002643007615607, "params": {"C": 23615.36500354327, "gamma": 0.2208694535561827}, "datetime": {"datetime": "2021-10-04 11:00:58", "elapsed": 253.166774, "delta": 2.206914}}
{"target": 0.1680772879018987, "params": {"C": 41723.23751995538, "gamma": 0.36826029330759963}, "datetime": {"datetime": "2021-10-04 11:01:00", "elapsed": 255.933398, "delta": 2.766624}}
{"target": 0.2402462780183069, "params": {"C": 29549.958882454812, "gamma": 0.2}, "datetime": {"datetime": "2021-10-04 11:01:02", "elapsed": 257.624466, "delta": 1.691068}}
{"target": 0.20086311053992945, "params": {"C": 22473.9901365214, "gamma": 0.2272955027969329}, "datetime": {"datetime": "2021-10-04 11:01:05", "elapsed": 260.477764, "delta": 2.853298}}
{"target": 0.1486825294998113, "params": {"C": 33312.99523882665, "gamma": 0.36733377318273913}, "datetime": {"datetime": "2021-10-04 11:01:07", "elapsed": 262.550235, "delta": 2.072471}}
{"target": 0.24568634946190038, "params": {"C": 33188.06386190868, "gamma": 0.20320195203265423}, "datetime": {"datetime": "2021-10-04 11:01:10", "elapsed": 265.406195, "delta": 2.85596}}
{"target": 0.05826070799861638, "params": {"C": 15493.288752414226, "gamma": 0.3473241776749618}, "datetime": {"datetime": "2021-10-04 11:01:12", "elapsed": 267.442685, "delta": 2.03649}}
{"target": 0.1986526921106555, "params": {"C": 38339.77235075603, "gamma": 0.3049194200756658}, "datetime": {"datetime": "2021-10-04 11:01:14", "elapsed": 269.326748, "delta": 1.884063}}
{"target": 0.20580154344055535, "params": {"C": 38218.0417814019, "gamma": 0.29234605613401354}, "datetime": {"datetime": "2021-10-04 11:01:16", "elapsed": 271.621108, "delta": 2.29436}}
{"target": 0.15259692521290014, "params": {"C": 39054.62614931577, "gamma": 0.38583554952689264}, "datetime": {"datetime": "2021-10-04 11:01:19", "elapsed": 274.414633, "delta": 2.793525}}
{"target": 0.15591963171499723, "params": {"C": 16972.81785526093, "gamma": 0.24279532354986996}, "datetime": {"datetime": "2021-10-04 11:01:22", "elapsed": 277.172659, "delta": 2.758026}}
{"target": -0.012679768109177925, "params": {"C": 5244.862958840687, "gamma": 0.2}, "datetime": {"datetime": "2021-10-04 11:01:24", "elapsed": 280.014832, "delta": 2.842173}}
{"target": 0.17650480070068175, "params": {"C": 33852.435986286975, "gamma": 0.32471134186430134}, "datetime": {"datetime": "2021-10-04 11:01:27", "elapsed": 282.399312, "delta": 2.38448}}
{"target": 0.23418153966205102, "params": {"C": 33994.689757383276, "gamma": 0.22840396332636945}, "datetime": {"datetime": "2021-10-04 11:01:29", "elapsed": 284.388364, "delta": 1.989052}}
{"target": 0.1917263967935734, "params": {"C": 33748.48173584492, "gamma": 0.29978604741171444}, "datetime": {"datetime": "2021-10-04 11:01:31", "elapsed": 286.179366, "delta": 1.791002}}
{"target": -0.007608330459226931, "params": {"C": 5760.641251167688, "gamma": 0.21249679199682975}, "datetime": {"datetime": "2021-10-04 11:01:32", "elapsed": 288.079875, "delta": 1.900509}}
{"target": 0.10184033126993153, "params": {"C": 18090.801582582986, "gamma": 0.32305359064697375}, "datetime": {"datetime": "2021-10-04 11:01:34", "elapsed": 290.102866, "delta": 2.022991}}
{"target": 0.1879934125732594, "params": {"C": 25165.297403880424, "gamma": 0.2631978567292088}, "datetime": {"datetime": "2021-10-04 11:01:36", "elapsed": 291.728944, "delta": 1.626078}}
{"target": 0.2147272944140447, "params": {"C": 24209.15477927347, "gamma": 0.21714956676826075}, "datetime": {"datetime": "2021-10-04 11:01:38", "elapsed": 293.582085, "delta": 1.853141}}
{"target": 0.15825610397984413, "params": {"C": 37918.00782518088, "gamma": 0.3715737337508002}, "datetime": {"datetime": "2021-10-04 11:01:40", "elapsed": 295.847421, "delta": 2.265336}}
{"target": 0.23861530511205753, "params": {"C": 38023.11395645038, "gamma": 0.23224928602836623}, "datetime": {"datetime": "2021-10-04 11:01:43", "elapsed": 298.360711, "delta": 2.51329}}
{"target": 0.20176322812513647, "params": {"C": 44497.83272672407, "gamma": 0.31701754972033763}, "datetime": {"datetime": "2021-10-04 11:01:45", "elapsed": 300.493058, "delta": 2.132347}}
{"target": 0.17672651931884664, "params": {"C": 44597.20827900994, "gamma": 0.36172335303107184}, "datetime": {"datetime": "2021-10-04 11:01:47", "elapsed": 302.382442, "delta": 1.889384}}
{"target": 0.2386786159828138, "params": {"C": 28864.15007797906, "gamma": 0.2}, "datetime": {"datetime": "2021-10-04 11:01:49", "elapsed": 304.183572, "delta": 1.80113}}
{"target": 0.14913942648452283, "params": {"C": 19615.587145512847, "gamma": 0.27633034015095875}, "datetime": {"datetime": "2021-10-04 11:01:51", "elapsed": 306.803217, "delta": 2.619645}}
{"target": 0.19287291731564515, "params": {"C": 44758.36497740149, "gamma": 0.3335017023158079}, "datetime": {"datetime": "2021-10-04 11:01:54", "elapsed": 309.792589, "delta": 2.989372}}
{"target": 0.19445091258396907, "params": {"C": 44091.812120308954, "gamma": 0.32896991131311704}, "datetime": {"datetime": "2021-10-04 11:01:57", "elapsed": 312.379543, "delta": 2.586954}}
{"target": 0.2215724551337449, "params": {"C": 32940.27945714193, "gamma": 0.24721960822408892}, "datetime": {"datetime": "2021-10-04 11:02:00", "elapsed": 315.392782, "delta": 3.013239}}
{"target": 0.16785722786400525, "params": {"C": 30970.749412623263, "gamma": 0.3251349691215525}, "datetime": {"datetime": "2021-10-04 11:02:02", "elapsed": 317.711277, "delta": 2.318495}}
{"target": 0.14149581660988575, "params": {"C": 22019.4223113136, "gamma": 0.3068909922644013}, "datetime": {"datetime": "2021-10-04 11:02:05", "elapsed": 320.392893, "delta": 2.681616}}
{"target": 0.20873868480715763, "params": {"C": 43583.79634270731, "gamma": 0.30225120953906676}, "datetime": {"datetime": "2021-10-04 11:02:08", "elapsed": 323.257446, "delta": 2.864553}}
{"target": 0.14900591289080578, "params": {"C": 22264.930646879446, "gamma": 0.29848511056088545}, "datetime": {"datetime": "2021-10-04 11:02:11", "elapsed": 326.560996, "delta": 3.30355}}
{"target": 0.176618183753264, "params": {"C": 25427.645458772542, "gamma": 0.2813721879341603}, "datetime": {"datetime": "2021-10-04 11:02:13", "elapsed": 328.300824, "delta": 1.739828}}
{"target": 0.18273810184301964, "params": {"C": 25301.7153309771, "gamma": 0.2717021066648504}, "datetime": {"datetime": "2021-10-04 11:02:14", "elapsed": 330.011423, "delta": 1.710599}}
{"target": 0.1672454786569545, "params": {"C": 25560.90755553302, "gamma": 0.2957916435413914}, "datetime": {"datetime": "2021-10-04 11:02:17", "elapsed": 333.064482, "delta": 3.053059}}
{"target": -0.005935843928253748, "params": {"C": 10805.526353701644, "gamma": 0.3431196151717354}, "datetime": {"datetime": "2021-10-04 11:02:19", "elapsed": 334.937836, "delta": 1.873354}}
{"target": -0.03021239439582457, "params": {"C": 10470.849062910194, "gamma": 0.36540172234277785}, "datetime": {"datetime": "2021-10-04 11:02:22", "elapsed": 337.378534, "delta": 2.440698}}
{"target": 0.12574014293893532, "params": {"C": 21337.296253322194, "gamma": 0.3228778061374354}, "datetime": {"datetime": "2021-10-04 11:02:25", "elapsed": 340.343515, "delta": 2.964981}}
{"target": 0.23305786946219953, "params": {"C": 31345.472422914332, "gamma": 0.22078656758459086}, "datetime": {"datetime": "2021-10-04 11:02:27", "elapsed": 343.063423, "delta": 2.719908}}
{"target": 0.17142399524790908, "params": {"C": 32425.59761809763, "gamma": 0.3264932001041921}, "datetime": {"datetime": "2021-10-04 11:02:31", "elapsed": 346.332907, "delta": 3.269484}}
{"target": 0.16136121370585632, "params": {"C": 46843.632771063436, "gamma": 0.39595625102530707}, "datetime": {"datetime": "2021-10-04 11:02:33", "elapsed": 348.436176, "delta": 2.103269}}
{"target": 0.17895688113458152, "params": {"C": 47012.307616599835, "gamma": 0.36420313424927925}, "datetime": {"datetime": "2021-10-04 11:02:35", "elapsed": 350.627826, "delta": 2.19165}}
{"target": 0.17196933198879227, "params": {"C": 33545.46087149747, "gamma": 0.3306680301486328}, "datetime": {"datetime": "2021-10-04 11:02:38", "elapsed": 353.45169, "delta": 2.823864}}
{"target": 0.15140469954043256, "params": {"C": 39247.23796602207, "gamma": 0.38868117448847517}, "datetime": {"datetime": "2021-10-04 11:02:40", "elapsed": 355.940489, "delta": 2.488799}}
{"target": 0.19987399325957123, "params": {"C": 29282.240430689184, "gamma": 0.2672823688417528}, "datetime": {"datetime": "2021-10-04 11:02:44", "elapsed": 359.48803, "delta": 3.547541}}
{"target": 0.2425251531951339, "params": {"C": 32234.11692107369, "gamma": 0.20618525011721264}, "datetime": {"datetime": "2021-10-04 11:02:46", "elapsed": 361.640843, "delta": 2.152813}}
{"target": 0.1673003680785008, "params": {"C": 45989.42586499624, "gamma": 0.38261909916050046}, "datetime": {"datetime": "2021-10-04 11:02:48", "elapsed": 364.04645, "delta": 2.405607}}
{"target": 0.20190884676214527, "params": {"C": 46157.54093145025, "gamma": 0.3207574408386341}, "datetime": {"datetime": "2021-10-04 11:02:52", "elapsed": 367.758202, "delta": 3.711752}}
{"target": 0.2278141193766383, "params": {"C": 43061.17538916189, "gamma": 0.2658057590031755}, "datetime": {"datetime": "2021-10-04 11:02:55", "elapsed": 370.468359, "delta": 2.710157}}
{"target": 0.21040480554459962, "params": {"C": 41228.434087052105, "gamma": 0.29314444753744284}, "datetime": {"datetime": "2021-10-04 11:02:57", "elapsed": 372.860762, "delta": 2.392403}}
{"target": 0.20019203295801868, "params": {"C": 21789.301893779346, "gamma": 0.22359577348167034}, "datetime": {"datetime": "2021-10-04 11:03:02", "elapsed": 377.24378, "delta": 4.383018}}
{"target": 0.13216040286061526, "params": {"C": 34267.717555207244, "gamma": 0.4}, "datetime": {"datetime": "2021-10-04 11:03:04", "elapsed": 379.372027, "delta": 2.128247}}
