{"target": -37.335132266174206, "params": {"C": 570.5578352990015, "gamma": 0.009977861782927852}, "datetime": {"datetime": "2021-09-28 12:55:02", "elapsed": 1259.431168, "delta": 12.52681}}
{"target": -37.22150437910117, "params": {"C": 530.0738040735474, "gamma": 0.015776635186507695}, "datetime": {"datetime": "2021-09-28 12:55:07", "elapsed": 1265.109639, "delta": 5.678471}}
{"target": -37.485155221699095, "params": {"C": 570.1120506425351, "gamma": 0.0084801103203288}, "datetime": {"datetime": "2021-09-28 12:55:16", "elapsed": 1274.102197, "delta": 8.992558}}
{"target": -37.814766980038, "params": {"C": 530.0549638478878, "gamma": 0.056631069250642645}, "datetime": {"datetime": "2021-09-28 12:55:25", "elapsed": 1283.121367, "delta": 9.01917}}
{"target": -37.92190413696099, "params": {"C": 570.5983788423661, "gamma": 0.00584067942133736}, "datetime": {"datetime": "2021-09-28 12:55:31", "elapsed": 1288.892902, "delta": 5.771535}}
{"target": -37.23179948917995, "params": {"C": 570.1947105987151, "gamma": 0.03604295078512875}, "datetime": {"datetime": "2021-09-28 12:55:37", "elapsed": 1294.796048, "delta": 5.903146}}
{"target": -37.694640336276045, "params": {"C": 530.1149388077451, "gamma": 0.05125816769092256}, "datetime": {"datetime": "2021-09-28 12:55:43", "elapsed": 1301.131928, "delta": 6.33588}}
{"target": -38.555006783596426, "params": {"C": 544.2341401622017, "gamma": 0.08503532629380782}, "datetime": {"datetime": "2021-09-28 12:55:47", "elapsed": 1304.596727, "delta": 3.464799}}
{"target": -37.21353673026992, "params": {"C": 530.1849877121962, "gamma": 0.01616626701669876}, "datetime": {"datetime": "2021-09-28 12:55:57", "elapsed": 1314.661256, "delta": 10.064529}}
{"target": -37.759169602777185, "params": {"C": 530.2350322934727, "gamma": 0.05416339250692926}, "datetime": {"datetime": "2021-09-28 12:56:02", "elapsed": 1319.71825, "delta": 5.056994}}
{"target": -39.324781797661124, "params": {"C": 326.3886983559728, "gamma": 0.07913836057978788}, "datetime": {"datetime": "2021-09-28 12:56:06", "elapsed": 1323.526271, "delta": 3.808021}}
{"target": -38.297886998744374, "params": {"C": 530.0387637330803, "gamma": 0.00493127988659554}, "datetime": {"datetime": "2021-09-28 12:56:17", "elapsed": 1334.590029, "delta": 11.063758}}
{"target": -38.721566333617254, "params": {"C": 588.3282276556747, "gamma": 0.09721029423492707}, "datetime": {"datetime": "2021-09-28 12:56:22", "elapsed": 1339.914907, "delta": 5.324878}}
{"target": -37.368777126578195, "params": {"C": 570.0232477095997, "gamma": 0.04258257874137966}, "datetime": {"datetime": "2021-09-28 12:56:28", "elapsed": 1345.516407, "delta": 5.6015}}
{"target": -38.04401974087135, "params": {"C": 406.08483061393986, "gamma": 0.009329670902214569}, "datetime": {"datetime": "2021-09-28 12:56:31", "elapsed": 1349.162751, "delta": 3.646344}}
{"target": -37.46032059795804, "params": {"C": 557.2469327642398, "gamma": 0.04485742132134331}, "datetime": {"datetime": "2021-09-28 12:56:41", "elapsed": 1358.930498, "delta": 9.767747}}
{"target": -40.44473523925522, "params": {"C": 201.0262865915827, "gamma": 0.09462111396369476}, "datetime": {"datetime": "2021-09-28 12:56:45", "elapsed": 1362.396801, "delta": 3.466303}}
{"target": -37.60560781567912, "params": {"C": 530.2312029206006, "gamma": 0.008495786970658021}, "datetime": {"datetime": "2021-09-28 12:56:50", "elapsed": 1367.74735, "delta": 5.350549}}
{"target": -38.70973382919757, "params": {"C": 557.2397874888832, "gamma": 0.09273393136352975}, "datetime": {"datetime": "2021-09-28 12:56:59", "elapsed": 1376.605312, "delta": 8.857962}}
{"target": -37.65948601831775, "params": {"C": 557.2919795967541, "gamma": 0.053780512810129695}, "datetime": {"datetime": "2021-09-28 12:57:09", "elapsed": 1386.967147, "delta": 10.361835}}
{"target": -37.55405464590833, "params": {"C": 510.9889787234962, "gamma": 0.04183321544028081}, "datetime": {"datetime": "2021-09-28 12:57:14", "elapsed": 1391.381873, "delta": 4.414726}}
{"target": -37.17618057161271, "params": {"C": 557.2277151068997, "gamma": 0.01411659310124921}, "datetime": {"datetime": "2021-09-28 12:57:24", "elapsed": 1401.968064, "delta": 10.586191}}
{"target": -37.26517146177768, "params": {"C": 570.2482374915339, "gamma": 0.03771430318515382}, "datetime": {"datetime": "2021-09-28 12:57:33", "elapsed": 1410.529985, "delta": 8.561921}}
{"target": -37.2602676044815, "params": {"C": 570.5164109129954, "gamma": 0.011148078232354044}, "datetime": {"datetime": "2021-09-28 12:57:39", "elapsed": 1416.539662, "delta": 6.009677}}
{"target": -39.7366987227768, "params": {"C": 393.3520652916193, "gamma": 0.11314807639100677}, "datetime": {"datetime": "2021-09-28 12:57:43", "elapsed": 1420.444928, "delta": 3.905266}}
{"target": -37.45963725661235, "params": {"C": 570.2942066152928, "gamma": 0.046751864338823}, "datetime": {"datetime": "2021-09-28 12:57:52", "elapsed": 1429.683958, "delta": 9.23903}}
{"target": -37.14096123011594, "params": {"C": 557.195404340151, "gamma": 0.028348453137371023}, "datetime": {"datetime": "2021-09-28 12:58:04", "elapsed": 1441.964765, "delta": 12.280807}}
{"target": -37.14632695767982, "params": {"C": 557.1596637165704, "gamma": 0.02871508007088342}, "datetime": {"datetime": "2021-09-28 12:58:11", "elapsed": 1448.47237, "delta": 6.507605}}
{"target": -37.30248219447725, "params": {"C": 510.95707402504786, "gamma": 0.01503025881024262}, "datetime": {"datetime": "2021-09-28 12:58:24", "elapsed": 1461.880456, "delta": 13.408086}}
{"target": -37.71600916746786, "params": {"C": 586.0392427535351, "gamma": 0.006630435081881563}, "datetime": {"datetime": "2021-09-28 12:58:34", "elapsed": 1472.101782, "delta": 10.221326}}
{"target": -37.9081547725695, "params": {"C": 594.4614821014316, "gamma": 0.005580761473963082}, "datetime": {"datetime": "2021-09-28 12:58:38", "elapsed": 1475.927817, "delta": 3.826035}}
{"target": -38.74212245636684, "params": {"C": 330.5442197189101, "gamma": 0.05727755506586692}, "datetime": {"datetime": "2021-09-28 12:58:42", "elapsed": 1480.042738, "delta": 4.114921}}
{"target": -38.36500608227718, "params": {"C": 371.8230282632477, "gamma": 0.05158589583743272}, "datetime": {"datetime": "2021-09-28 12:58:46", "elapsed": 1483.446796, "delta": 3.404058}}
{"target": -37.095427390882485, "params": {"C": 585.9940342752475, "gamma": 0.03137801585274782}, "datetime": {"datetime": "2021-09-28 12:58:51", "elapsed": 1488.998604, "delta": 5.551808}}
{"target": -38.704842335379986, "params": {"C": 273.0757053114196, "gamma": 0.04065360008905719}, "datetime": {"datetime": "2021-09-28 12:58:55", "elapsed": 1493.222212, "delta": 4.223608}}
{"target": -38.66641446170888, "params": {"C": 557.1494439476493, "gamma": 0.0909990803011814}, "datetime": {"datetime": "2021-09-28 12:59:02", "elapsed": 1499.653031, "delta": 6.430819}}
{"target": -37.7945607838221, "params": {"C": 566.1845084632095, "gamma": 0.0065214409034318535}, "datetime": {"datetime": "2021-09-28 12:59:11", "elapsed": 1508.944188, "delta": 9.291157}}
{"target": -37.773850178104105, "params": {"C": 510.9470039274984, "gamma": 0.051790637127922076}, "datetime": {"datetime": "2021-09-28 12:59:17", "elapsed": 1514.346939, "delta": 5.402751}}
{"target": -38.22000528629045, "params": {"C": 530.0970714629661, "gamma": 0.00520906346085741}, "datetime": {"datetime": "2021-09-28 12:59:22", "elapsed": 1520.105051, "delta": 5.758112}}
{"target": -38.542648004429715, "params": {"C": 569.6994304428066, "gamma": 0.003812380385972936}, "datetime": {"datetime": "2021-09-28 12:59:30", "elapsed": 1527.912631, "delta": 7.80758}}
{"target": -38.58338552074206, "params": {"C": 558.1291504730737, "gamma": 0.08788999300580444}, "datetime": {"datetime": "2021-09-28 12:59:38", "elapsed": 1535.653397, "delta": 7.740766}}
{"target": -38.02715318591554, "params": {"C": 424.6872013274276, "gamma": 0.04802288992210728}, "datetime": {"datetime": "2021-09-28 12:59:48", "elapsed": 1546.050778, "delta": 10.397381}}
{"target": -37.21569585504317, "params": {"C": 557.1321004890441, "gamma": 0.03293476575411306}, "datetime": {"datetime": "2021-09-28 13:00:01", "elapsed": 1559.136251, "delta": 13.085473}}
{"target": -37.08007251471672, "params": {"C": 559.9354680264914, "gamma": 0.023611448328586197}, "datetime": {"datetime": "2021-09-28 13:00:08", "elapsed": 1565.552374, "delta": 6.416123}}
{"target": -37.2887033592149, "params": {"C": 559.9751022810776, "gamma": 0.037221634521314266}, "datetime": {"datetime": "2021-09-28 13:00:18", "elapsed": 1575.391281, "delta": 9.838907}}
{"target": -37.45851810595841, "params": {"C": 559.9400724743102, "gamma": 0.045178561007904794}, "datetime": {"datetime": "2021-09-28 13:00:26", "elapsed": 1583.305519, "delta": 7.914238}}
{"target": -37.12690758755145, "params": {"C": 560.0053264189379, "gamma": 0.015726455706406}, "datetime": {"datetime": "2021-09-28 13:00:43", "elapsed": 1601.056712, "delta": 17.751193}}
{"target": -37.20919076188934, "params": {"C": 560.030107498347, "gamma": 0.03310412415254779}, "datetime": {"datetime": "2021-09-28 13:00:48", "elapsed": 1605.855227, "delta": 4.798515}}
{"target": -38.210249538286135, "params": {"C": 330.16592390324513, "gamma": 0.03385623954742279}, "datetime": {"datetime": "2021-09-28 13:00:53", "elapsed": 1610.377772, "delta": 4.522545}}
{"target": -37.35805293985045, "params": {"C": 569.5635340793351, "gamma": 0.04202077552845263}, "datetime": {"datetime": "2021-09-28 13:00:58", "elapsed": 1615.737806, "delta": 5.360034}}
{"target": -38.59988437221432, "params": {"C": 560.0666143279002, "gamma": 0.08877257076017053}, "datetime": {"datetime": "2021-09-28 13:01:04", "elapsed": 1621.370268, "delta": 5.632462}}
{"target": -37.344506581839084, "params": {"C": 492.1401175789927, "gamma": 0.026307216210636}, "datetime": {"datetime": "2021-09-28 13:01:08", "elapsed": 1625.29783, "delta": 3.927562}}
{"target": -38.11257565720875, "params": {"C": 492.11585867994614, "gamma": 0.06296291913097254}, "datetime": {"datetime": "2021-09-28 13:01:17", "elapsed": 1635.135413, "delta": 9.837583}}
{"target": -39.14978845447792, "params": {"C": 544.8649247396797, "gamma": 0.1100797750516761}, "datetime": {"datetime": "2021-09-28 13:01:21", "elapsed": 1639.111982, "delta": 3.976569}}
{"target": -38.62801192583149, "params": {"C": 559.9840965077112, "gamma": 0.003671705518740179}, "datetime": {"datetime": "2021-09-28 13:01:30", "elapsed": 1647.510507, "delta": 8.398525}}
{"target": -38.56634305483585, "params": {"C": 559.9878035337886, "gamma": 0.08747151811820401}, "datetime": {"datetime": "2021-09-28 13:01:39", "elapsed": 1656.751772, "delta": 9.241265}}
{"target": -37.2117191976588, "params": {"C": 558.6116808228314, "gamma": 0.01295702551827681}, "datetime": {"datetime": "2021-09-28 13:01:52", "elapsed": 1669.95745, "delta": 13.205678}}
{"target": -37.48988519341889, "params": {"C": 492.1793467032453, "gamma": 0.03534959912645343}, "datetime": {"datetime": "2021-09-28 13:02:09", "elapsed": 1686.374468, "delta": 16.417018}}
{"target": -38.80590061587907, "params": {"C": 569.91201955868, "gamma": 0.003183873845268785}, "datetime": {"datetime": "2021-09-28 13:02:16", "elapsed": 1693.894734, "delta": 7.520266}}
{"target": -38.42060682500891, "params": {"C": 580.6582419171916, "gamma": 0.08452000519371135}, "datetime": {"datetime": "2021-09-28 13:02:23", "elapsed": 1700.336784, "delta": 6.44205}}
{"target": -37.57624530395842, "params": {"C": 557.0982712246469, "gamma": 0.05004080636488428}, "datetime": {"datetime": "2021-09-28 13:02:37", "elapsed": 1714.426142, "delta": 14.089358}}
{"target": -37.29612349094491, "params": {"C": 510.99983108365075, "gamma": 0.015290194860247606}, "datetime": {"datetime": "2021-09-28 13:02:44", "elapsed": 1721.421893, "delta": 6.995751}}
{"target": -37.248353020653155, "params": {"C": 559.9101388211839, "gamma": 0.03517123134584777}, "datetime": {"datetime": "2021-09-28 13:02:55", "elapsed": 1733.031893, "delta": 11.61}}
{"target": -37.10496272032604, "params": {"C": 557.1121455479015, "gamma": 0.01763821538062397}, "datetime": {"datetime": "2021-09-28 13:03:03", "elapsed": 1740.389103, "delta": 7.35721}}
{"target": -38.358930557470984, "params": {"C": 435.0993446002642, "gamma": 0.06297337803685472}, "datetime": {"datetime": "2021-09-28 13:03:07", "elapsed": 1744.476025, "delta": 4.086922}}
{"target": -37.3999225413002, "params": {"C": 560.0594343583199, "gamma": 0.00955290670452295}, "datetime": {"datetime": "2021-09-28 13:03:23", "elapsed": 1761.154797, "delta": 16.678772}}
{"target": -37.3745136482019, "params": {"C": 560.0105102102193, "gamma": 0.0413355443868698}, "datetime": {"datetime": "2021-09-28 13:03:36", "elapsed": 1773.986991, "delta": 12.832194}}
{"target": -37.36585801442706, "params": {"C": 480.8670063156392, "gamma": 0.02407317124489537}, "datetime": {"datetime": "2021-09-28 13:03:41", "elapsed": 1778.539632, "delta": 4.552641}}
{"target": -37.06235070960596, "params": {"C": 569.7341588273196, "gamma": 0.02526308828739017}, "datetime": {"datetime": "2021-09-28 13:03:48", "elapsed": 1785.827824, "delta": 7.288192}}
{"target": -37.38456087854716, "params": {"C": 570.530907746959, "gamma": 0.04337535302866795}, "datetime": {"datetime": "2021-09-28 13:04:07", "elapsed": 1804.488216, "delta": 18.660392}}
{"target": -37.06251767646961, "params": {"C": 580.5591033567606, "gamma": 0.015818744145921538}, "datetime": {"datetime": "2021-09-28 13:04:14", "elapsed": 1811.854389, "delta": 7.366173}}
{"target": -38.48844573835363, "params": {"C": 480.8567693090433, "gamma": 0.0741709488273549}, "datetime": {"datetime": "2021-09-28 13:04:24", "elapsed": 1821.586049, "delta": 9.73166}}
{"target": -38.04061837305211, "params": {"C": 557.1740897690596, "gamma": 0.0055391950991974526}, "datetime": {"datetime": "2021-09-28 13:04:33", "elapsed": 1831.283128, "delta": 9.697079}}
{"target": -38.77138268746451, "params": {"C": 510.9002898736976, "gamma": 0.0037098584781610194}, "datetime": {"datetime": "2021-09-28 13:04:45", "elapsed": 1842.504094, "delta": 11.220966}}
{"target": -37.21368306255249, "params": {"C": 557.0890679672298, "gamma": 0.013029578450049126}, "datetime": {"datetime": "2021-09-28 13:04:56", "elapsed": 1854.089351, "delta": 11.585257}}
{"target": -37.79029838203481, "params": {"C": 558.565911790283, "gamma": 0.0066713777735753245}, "datetime": {"datetime": "2021-09-28 13:05:07", "elapsed": 1864.64207, "delta": 10.552719}}
{"target": -37.61015621245309, "params": {"C": 480.9106822707827, "gamma": 0.03920705978145686}, "datetime": {"datetime": "2021-09-28 13:05:19", "elapsed": 1876.979656, "delta": 12.337586}}
{"target": -39.70811847443669, "params": {"C": 415.18156669012285, "gamma": 0.11606647970888574}, "datetime": {"datetime": "2021-09-28 13:05:24", "elapsed": 1881.463389, "delta": 4.483733}}
{"target": -37.64424885593441, "params": {"C": 435.9311606401681, "gamma": 0.03150410864472568}, "datetime": {"datetime": "2021-09-28 13:05:29", "elapsed": 1886.980772, "delta": 5.517383}}
{"target": -37.26554868830938, "params": {"C": 908.5282573066984, "gamma": 0.005427978075049975}, "datetime": {"datetime": "2021-09-28 13:23:49", "elapsed": 0.0, "delta": 0.0}}
{"target": -37.89888327895125, "params": {"C": 853.4592939705102, "gamma": 0.09061005425701758}, "datetime": {"datetime": "2021-09-28 13:23:49", "elapsed": 0.16601, "delta": 0.16601}}
{"target": -36.589100119323206, "params": {"C": 799.4028049210361, "gamma": 0.029301207527109175}, "datetime": {"datetime": "2021-09-28 13:23:49", "elapsed": 0.342001, "delta": 0.175991}}
{"target": -38.32457330204519, "params": {"C": 679.2251459038496, "gamma": 0.09198209332727816}, "datetime": {"datetime": "2021-09-28 13:23:49", "elapsed": 0.570534, "delta": 0.228533}}
{"target": -36.52156298884738, "params": {"C": 798.3288169438181, "gamma": 0.02023271171564317}, "datetime": {"datetime": "2021-09-28 13:23:50", "elapsed": 0.974269, "delta": 0.403735}}
{"target": -38.74333901935259, "params": {"C": 779.3809368378642, "gamma": 0.12}, "datetime": {"datetime": "2021-09-28 13:23:50", "elapsed": 1.464269, "delta": 0.49}}
{"target": -38.270636341904, "params": {"C": 815.6048079174294, "gamma": 0.003}, "datetime": {"datetime": "2021-09-28 13:23:51", "elapsed": 1.874267, "delta": 0.409998}}
{"target": -36.667459564768954, "params": {"C": 921.7784247420578, "gamma": 0.04538970588321666}, "datetime": {"datetime": "2021-09-28 13:23:51", "elapsed": 2.300273, "delta": 0.426006}}
{"target": -36.51344355966471, "params": {"C": 931.9312850865538, "gamma": 0.03842263318317501}, "datetime": {"datetime": "2021-09-28 13:23:52", "elapsed": 2.753969, "delta": 0.453696}}
{"target": -38.40950602907231, "params": {"C": 944.9129473980224, "gamma": 0.11943031328019549}, "datetime": {"datetime": "2021-09-28 13:23:52", "elapsed": 3.390968, "delta": 0.636999}}
{"target": -38.517617307606336, "params": {"C": 890.3974327031024, "gamma": 0.12}, "datetime": {"datetime": "2021-09-28 13:23:53", "elapsed": 3.807974, "delta": 0.417006}}
{"target": -38.906816759702984, "params": {"C": 600.0182969097136, "gamma": 0.10662568023830729}, "datetime": {"datetime": "2021-09-28 13:23:53", "elapsed": 4.412974, "delta": 0.605}}
{"target": -37.90329211190897, "params": {"C": 1000.0, "gamma": 0.003}, "datetime": {"datetime": "2021-09-28 13:23:54", "elapsed": 4.901604, "delta": 0.48863}}
{"target": -37.66496927842937, "params": {"C": 727.9178937194025, "gamma": 0.07151785519256099}, "datetime": {"datetime": "2021-09-28 13:23:54", "elapsed": 5.501606, "delta": 0.600002}}
{"target": -36.78592298763762, "params": {"C": 927.1879456092796, "gamma": 0.05101541333066424}, "datetime": {"datetime": "2021-09-28 13:23:55", "elapsed": 6.260269, "delta": 0.758663}}
{"target": -37.76557501860024, "params": {"C": 640.9056979708707, "gamma": 0.06746581678948436}, "datetime": {"datetime": "2021-09-28 13:23:56", "elapsed": 6.695005, "delta": 0.434736}}
{"target": -38.425666657172556, "params": {"C": 747.9939879782831, "gamma": 0.003}, "datetime": {"datetime": "2021-09-28 13:23:56", "elapsed": 7.072005, "delta": 0.377}}
{"target": -38.5198143282507, "params": {"C": 709.125435345353, "gamma": 0.003}, "datetime": {"datetime": "2021-09-28 13:23:56", "elapsed": 7.466003, "delta": 0.393998}}
{"target": -38.47251665902882, "params": {"C": 915.8157144899807, "gamma": 0.12}, "datetime": {"datetime": "2021-09-28 13:23:57", "elapsed": 7.791006, "delta": 0.325003}}
{"target": -37.99291035699817, "params": {"C": 935.8205011903156, "gamma": 0.10072810171527666}, "datetime": {"datetime": "2021-09-28 13:23:57", "elapsed": 8.175004, "delta": 0.383998}}
{"target": -38.24282842114777, "params": {"C": 794.0985545177801, "gamma": 0.09999326324503434}, "datetime": {"datetime": "2021-09-28 13:23:57", "elapsed": 8.554791, "delta": 0.379787}}
{"target": -36.792144343842146, "params": {"C": 929.8195465325607, "gamma": 0.00806213493827796}, "datetime": {"datetime": "2021-09-28 13:23:58", "elapsed": 9.536603, "delta": 0.981812}}
{"target": -38.042331159799495, "params": {"C": 924.2578061155814, "gamma": 0.003}, "datetime": {"datetime": "2021-09-28 13:23:59", "elapsed": 10.326605, "delta": 0.790002}}
{"target": -37.3525396656734, "params": {"C": 920.0632939294492, "gamma": 0.0746284427648914}, "datetime": {"datetime": "2021-09-28 13:24:00", "elapsed": 10.710566, "delta": 0.383961}}
{"target": -37.07147914551845, "params": {"C": 801.6442305433682, "gamma": 0.0541867170740446}, "datetime": {"datetime": "2021-09-28 13:24:00", "elapsed": 11.090568, "delta": 0.380002}}
{"target": -37.01858391060916, "params": {"C": 905.5041623490924, "gamma": 0.059970030310025985}, "datetime": {"datetime": "2021-09-28 13:24:00", "elapsed": 11.547581, "delta": 0.457013}}
{"target": -36.48815759413387, "params": {"C": 902.8175976423645, "gamma": 0.034450283573391964}, "datetime": {"datetime": "2021-09-28 13:24:01", "elapsed": 12.05957, "delta": 0.511989}}
{"target": -38.08979393257148, "params": {"C": 900.7093205597142, "gamma": 0.003}, "datetime": {"datetime": "2021-09-28 13:24:01", "elapsed": 12.485565, "delta": 0.425995}}
{"target": -37.83963848865784, "params": {"C": 903.9609838331166, "gamma": 0.0921471161337786}, "datetime": {"datetime": "2021-09-28 13:24:02", "elapsed": 12.96289, "delta": 0.477325}}
{"target": -38.24903211922199, "params": {"C": 930.9647119943053, "gamma": 0.11135750750405839}, "datetime": {"datetime": "2021-09-28 13:24:02", "elapsed": 13.353889, "delta": 0.390999}}
{"target": -38.39757149862829, "params": {"C": 713.4295440589156, "gamma": 0.09844163843246977}, "datetime": {"datetime": "2021-09-28 13:24:03", "elapsed": 13.656889, "delta": 0.303}}
{"target": -37.3738321169455, "params": {"C": 640.3900532362177, "gamma": 0.051861175758118216}, "datetime": {"datetime": "2021-09-28 13:24:03", "elapsed": 13.970889, "delta": 0.314}}
{"target": -36.418021275959916, "params": {"C": 892.4028153303369, "gamma": 0.02747780496290037}, "datetime": {"datetime": "2021-09-28 13:24:03", "elapsed": 14.35489, "delta": 0.384001}}
{"target": -38.03401606642224, "params": {"C": 813.466709208331, "gamma": 0.09287523820403208}, "datetime": {"datetime": "2021-09-28 13:24:04", "elapsed": 14.673279, "delta": 0.318389}}
{"target": -36.64339345265741, "params": {"C": 729.2868321010404, "gamma": 0.0196191273474489}, "datetime": {"datetime": "2021-09-28 13:24:04", "elapsed": 15.058927, "delta": 0.385648}}
{"target": -37.1758261831374, "params": {"C": 673.1675057101739, "gamma": 0.008929586314611744}, "datetime": {"datetime": "2021-09-28 13:24:04", "elapsed": 15.477934, "delta": 0.419007}}
{"target": -36.59895068458, "params": {"C": 767.1913329158879, "gamma": 0.015631278573869332}, "datetime": {"datetime": "2021-09-28 13:24:05", "elapsed": 15.892603, "delta": 0.414669}}
{"target": -36.65178413332581, "params": {"C": 839.9507834222355, "gamma": 0.03756114134620538}, "datetime": {"datetime": "2021-09-28 13:24:05", "elapsed": 16.2486, "delta": 0.355997}}
