{"target": -34.65781561952696, "params": {"C": 19699.982807880195, "gamma": 0.03017429516938013}, "datetime": {"datetime": "2021-09-29 07:47:10", "elapsed": 508.51003, "delta": 3.603816}}
{"target": -35.131496478702125, "params": {"C": 19370.174299147453, "gamma": 0.011008727695683111}, "datetime": {"datetime": "2021-09-29 07:47:14", "elapsed": 512.529609, "delta": 4.019579}}
{"target": -34.83048819134885, "params": {"C": 15662.72324276893, "gamma": 0.03981881398745069}, "datetime": {"datetime": "2021-09-29 07:47:16", "elapsed": 515.091924, "delta": 2.562315}}
{"target": -36.35526937524543, "params": {"C": 19249.012652885373, "gamma": 0.00374504518325298}, "datetime": {"datetime": "2021-09-29 07:47:19", "elapsed": 517.703193, "delta": 2.611269}}
{"target": -34.62358909292757, "params": {"C": 15724.16748316187, "gamma": 0.02842200576788675}, "datetime": {"datetime": "2021-09-29 07:47:21", "elapsed": 520.300799, "delta": 2.597606}}
{"target": -35.48082677601619, "params": {"C": 16936.27366084067, "gamma": 0.009017444603317699}, "datetime": {"datetime": "2021-09-29 07:47:24", "elapsed": 523.275099, "delta": 2.9743}}
{"target": -34.73437022748453, "params": {"C": 19008.690535398237, "gamma": 0.03434641618010747}, "datetime": {"datetime": "2021-09-29 07:47:28", "elapsed": 526.973833, "delta": 3.698734}}
{"target": -34.868815659486366, "params": {"C": 19792.370802307934, "gamma": 0.013308339451994021}, "datetime": {"datetime": "2021-09-29 07:47:32", "elapsed": 530.473305, "delta": 3.499472}}
{"target": -35.7969673098089, "params": {"C": 14535.132425794338, "gamma": 0.07821637006777853}, "datetime": {"datetime": "2021-09-29 07:47:34", "elapsed": 533.357265, "delta": 2.88396}}
{"target": -34.63241941795106, "params": {"C": 16190.801356939748, "gamma": 0.02898022225151674}, "datetime": {"datetime": "2021-09-29 07:47:37", "elapsed": 536.321652, "delta": 2.964387}}
{"target": -34.70759418952362, "params": {"C": 19118.222231632215, "gamma": 0.03295198082756787}, "datetime": {"datetime": "2021-09-29 07:47:41", "elapsed": 540.136301, "delta": 3.814649}}
{"target": -36.37045484293546, "params": {"C": 16510.82438364272, "gamma": 0.0033675276180245247}, "datetime": {"datetime": "2021-09-29 07:47:44", "elapsed": 542.905347, "delta": 2.769046}}
{"target": -35.81710153833073, "params": {"C": 18760.961087677155, "gamma": 0.07086264540870145}, "datetime": {"datetime": "2021-09-29 07:47:47", "elapsed": 545.689801, "delta": 2.784454}}
{"target": -35.310054023175226, "params": {"C": 19769.062755841573, "gamma": 0.009737236793179975}, "datetime": {"datetime": "2021-09-29 07:47:49", "elapsed": 547.81845, "delta": 2.128649}}
{"target": -34.814531821143696, "params": {"C": 16987.19992208649, "gamma": 0.038632688376919466}, "datetime": {"datetime": "2021-09-29 07:47:53", "elapsed": 551.775375, "delta": 3.956925}}
{"target": -35.18371987518746, "params": {"C": 19511.18168191958, "gamma": 0.051517132847281245}, "datetime": {"datetime": "2021-09-29 07:47:55", "elapsed": 554.002535, "delta": 2.22716}}
{"target": -35.081062104807195, "params": {"C": 19564.276162406437, "gamma": 0.04797869935670142}, "datetime": {"datetime": "2021-09-29 07:47:58", "elapsed": 556.464027, "delta": 2.461492}}
{"target": -34.851015698288236, "params": {"C": 16385.362461091234, "gamma": 0.014391687423208049}, "datetime": {"datetime": "2021-09-29 07:48:01", "elapsed": 560.15965, "delta": 3.695623}}
{"target": -34.77687617059222, "params": {"C": 15305.265436668134, "gamma": 0.03735103776572256}, "datetime": {"datetime": "2021-09-29 07:48:04", "elapsed": 563.209216, "delta": 3.049566}}
{"target": -36.32966613964929, "params": {"C": 16381.307482297027, "gamma": 0.0037313511352816777}, "datetime": {"datetime": "2021-09-29 07:48:08", "elapsed": 567.003375, "delta": 3.794159}}
{"target": -34.547172984508066, "params": {"C": 19600.836154510886, "gamma": 0.022882393138167315}, "datetime": {"datetime": "2021-09-29 07:48:11", "elapsed": 569.596946, "delta": 2.593571}}
{"target": -35.2107240436046, "params": {"C": 15426.226077520409, "gamma": 0.05691417582728951}, "datetime": {"datetime": "2021-09-29 07:48:14", "elapsed": 572.627937, "delta": 3.030991}}
{"target": -34.54259236355931, "params": {"C": 18153.405232550445, "gamma": 0.019536596842821382}, "datetime": {"datetime": "2021-09-29 07:48:16", "elapsed": 575.232312, "delta": 2.604375}}
{"target": -34.79142805792993, "params": {"C": 14984.5120250676, "gamma": 0.015594222922743272}, "datetime": {"datetime": "2021-09-29 07:48:22", "elapsed": 580.431622, "delta": 5.19931}}
{"target": -34.91779928485404, "params": {"C": 18153.399643760124, "gamma": 0.04278558226935301}, "datetime": {"datetime": "2021-09-29 07:48:26", "elapsed": 584.946049, "delta": 4.514427}}
{"target": -34.54255094170392, "params": {"C": 17932.89080538958, "gamma": 0.02101649381285336}, "datetime": {"datetime": "2021-09-29 07:48:29", "elapsed": 587.750115, "delta": 2.804066}}
{"target": -34.59052982302865, "params": {"C": 16479.44622943628, "gamma": 0.02608541609767129}, "datetime": {"datetime": "2021-09-29 07:48:32", "elapsed": 590.751397, "delta": 3.001282}}
{"target": -34.59066742253916, "params": {"C": 18440.380898663658, "gamma": 0.026088795796456603}, "datetime": {"datetime": "2021-09-29 07:48:35", "elapsed": 593.983976, "delta": 3.232579}}
{"target": -35.100447337497805, "params": {"C": 16190.809497268623, "gamma": 0.05149627146281731}, "datetime": {"datetime": "2021-09-29 07:48:39", "elapsed": 598.04118, "delta": 4.057204}}
{"target": -35.945007136756885, "params": {"C": 18805.66474647248, "gamma": 0.0744614864594455}, "datetime": {"datetime": "2021-09-29 07:48:42", "elapsed": 601.371975, "delta": 3.330795}}
{"target": -34.54268158634083, "params": {"C": 19395.98295156921, "gamma": 0.018294064176359207}, "datetime": {"datetime": "2021-09-29 07:48:46", "elapsed": 605.378795, "delta": 4.00682}}
{"target": -34.63700474548773, "params": {"C": 14355.39182759696, "gamma": 0.018531732276502417}, "datetime": {"datetime": "2021-09-29 07:48:50", "elapsed": 608.765139, "delta": 3.386344}}
{"target": -34.54089619100942, "params": {"C": 18470.032363692346, "gamma": 0.02138259789782233}, "datetime": {"datetime": "2021-09-29 07:48:54", "elapsed": 613.0972, "delta": 4.332061}}
{"target": -34.75676105448514, "params": {"C": 16381.293902854508, "gamma": 0.03608460127502994}, "datetime": {"datetime": "2021-09-29 07:49:00", "elapsed": 618.724911, "delta": 5.627711}}
{"target": -35.37982843335319, "params": {"C": 14854.76454170863, "gamma": 0.010096969246133004}, "datetime": {"datetime": "2021-09-29 07:49:04", "elapsed": 623.392203, "delta": 4.667292}}
{"target": -35.78325032649322, "params": {"C": 17599.275350734104, "gamma": 0.006959384833364109}, "datetime": {"datetime": "2021-09-29 07:49:09", "elapsed": 627.654735, "delta": 4.262532}}
{"target": -34.789793015045426, "params": {"C": 19381.248611630574, "gamma": 0.03680875861875161}, "datetime": {"datetime": "2021-09-29 07:49:12", "elapsed": 630.788657, "delta": 3.133922}}
{"target": -35.167165233274815, "params": {"C": 19320.396070847884, "gamma": 0.05120334030187999}, "datetime": {"datetime": "2021-09-29 07:49:17", "elapsed": 635.636847, "delta": 4.84819}}
{"target": -34.68379035959977, "params": {"C": 19008.75421291098, "gamma": 0.031706457278011566}, "datetime": {"datetime": "2021-09-29 07:49:21", "elapsed": 640.314312, "delta": 4.677465}}
{"target": -35.68019850591584, "params": {"C": 17246.260911849244, "gamma": 0.0699670215640077}, "datetime": {"datetime": "2021-09-29 07:49:25", "elapsed": 643.657577, "delta": 3.343265}}
{"target": -34.54148909841985, "params": {"C": 18262.60271636017, "gamma": 0.021226379254489388}, "datetime": {"datetime": "2021-09-29 07:49:29", "elapsed": 647.438162, "delta": 3.780585}}
{"target": -35.0324444973897, "params": {"C": 18905.79517645231, "gamma": 0.04666360406233961}, "datetime": {"datetime": "2021-09-29 07:49:33", "elapsed": 651.586683, "delta": 4.148521}}
{"target": -35.35482825989909, "params": {"C": 16092.273782394524, "gamma": 0.061285839954454684}, "datetime": {"datetime": "2021-09-29 07:49:36", "elapsed": 654.464136, "delta": 2.877453}}
{"target": -34.8622633434327, "params": {"C": 14001.702639091001, "gamma": 0.041976301262650964}, "datetime": {"datetime": "2021-09-29 07:49:40", "elapsed": 658.493514, "delta": 4.029378}}
{"target": -35.24659469249416, "params": {"C": 19008.73567988024, "gamma": 0.053874906630221445}, "datetime": {"datetime": "2021-09-29 07:49:44", "elapsed": 662.899996, "delta": 4.406482}}
{"target": -34.5972562016149, "params": {"C": 18905.796163605788, "gamma": 0.026532671453877492}, "datetime": {"datetime": "2021-09-29 07:49:48", "elapsed": 666.5454, "delta": 3.645404}}
{"target": -34.6417706285998, "params": {"C": 19430.700788239526, "gamma": 0.016176525204533033}, "datetime": {"datetime": "2021-09-29 07:49:50", "elapsed": 669.3453, "delta": 2.7999}}
{"target": -34.655999177662444, "params": {"C": 17505.616198339572, "gamma": 0.030333419848021608}, "datetime": {"datetime": "2021-09-29 07:49:53", "elapsed": 672.219016, "delta": 2.873716}}
{"target": -34.803619343914036, "params": {"C": 14421.992397902442, "gamma": 0.03893641177448632}, "datetime": {"datetime": "2021-09-29 07:49:56", "elapsed": 675.176045, "delta": 2.957029}}
{"target": -34.968430248447774, "params": {"C": 17924.87191674035, "gamma": 0.04496527661721822}, "datetime": {"datetime": "2021-09-29 07:49:59", "elapsed": 677.857451, "delta": 2.681406}}
{"target": -35.01216258492995, "params": {"C": 19995.78367985667, "gamma": 0.045137874730061874}, "datetime": {"datetime": "2021-09-29 07:50:02", "elapsed": 680.67867, "delta": 2.821219}}
{"target": -34.565482536600854, "params": {"C": 15876.178640309845, "gamma": 0.023383830053430383}, "datetime": {"datetime": "2021-09-29 07:50:06", "elapsed": 684.595833, "delta": 3.917163}}
{"target": -34.8954787912431, "params": {"C": 19823.7983019213, "gamma": 0.040854890416507826}, "datetime": {"datetime": "2021-09-29 07:50:10", "elapsed": 689.166013, "delta": 4.57018}}
{"target": -34.89619315978512, "params": {"C": 19823.799294748256, "gamma": 0.04088230109488806}, "datetime": {"datetime": "2021-09-29 07:50:14", "elapsed": 692.667959, "delta": 3.501946}}
{"target": -34.772157620826015, "params": {"C": 18386.013532615867, "gamma": 0.036290449291166975}, "datetime": {"datetime": "2021-09-29 07:50:18", "elapsed": 696.679617, "delta": 4.011658}}
{"target": -35.098326144405945, "params": {"C": 18666.190145377815, "gamma": 0.011387028641679012}, "datetime": {"datetime": "2021-09-29 07:50:21", "elapsed": 699.94842, "delta": 3.268803}}
{"target": -34.5837109421301, "params": {"C": 14847.715475567067, "gamma": 0.02056036116932689}, "datetime": {"datetime": "2021-09-29 07:50:25", "elapsed": 704.245202, "delta": 4.296782}}
{"target": -34.530941936453466, "params": {"C": 19320.385415557135, "gamma": 0.01913696116564285}, "datetime": {"datetime": "2021-09-29 07:50:33", "elapsed": 711.922769, "delta": 7.677567}}
{"target": -34.53672337251389, "params": {"C": 19370.25808333576, "gamma": 0.021669865162164417}, "datetime": {"datetime": "2021-09-29 07:50:39", "elapsed": 718.026815, "delta": 6.104046}}
{"target": -35.22990905163361, "params": {"C": 16936.305216662375, "gamma": 0.010797065888652094}, "datetime": {"datetime": "2021-09-29 07:50:45", "elapsed": 724.328236, "delta": 6.301421}}
{"target": -34.838870512938925, "params": {"C": 14728.277418016745, "gamma": 0.01511229173549826}, "datetime": {"datetime": "2021-09-29 07:50:50", "elapsed": 729.291065, "delta": 4.962829}}
{"target": -35.11756662988395, "params": {"C": 14974.57015029653, "gamma": 0.053092713748475115}, "datetime": {"datetime": "2021-09-29 07:50:55", "elapsed": 734.241408, "delta": 4.950343}}
{"target": -35.13349749451236, "params": {"C": 14688.350747628272, "gamma": 0.05402230118091997}, "datetime": {"datetime": "2021-09-29 07:50:59", "elapsed": 737.688873, "delta": 3.447465}}
{"target": -35.793213390276875, "params": {"C": 15891.3488115614, "gamma": 0.0070617590762681965}, "datetime": {"datetime": "2021-09-29 07:51:02", "elapsed": 741.355324, "delta": 3.666451}}
{"target": -35.13502479144229, "params": {"C": 16467.58710364243, "gamma": 0.05278664407183307}, "datetime": {"datetime": "2021-09-29 07:51:05", "elapsed": 744.268726, "delta": 2.913402}}
{"target": -36.364792713401236, "params": {"C": 19395.946888454535, "gamma": 0.0036897667338382134}, "datetime": {"datetime": "2021-09-29 07:51:10", "elapsed": 748.634345, "delta": 4.365619}}
{"target": -35.60199278889068, "params": {"C": 17489.01845307057, "gamma": 0.06721249892319063}, "datetime": {"datetime": "2021-09-29 07:51:13", "elapsed": 751.514318, "delta": 2.879973}}
{"target": -34.55685821522073, "params": {"C": 16656.77614754477, "gamma": 0.02260756445266015}, "datetime": {"datetime": "2021-09-29 07:51:17", "elapsed": 755.487968, "delta": 3.97365}}
{"target": -34.60362965070108, "params": {"C": 19823.78367679812, "gamma": 0.02692395913488429}, "datetime": {"datetime": "2021-09-29 07:51:21", "elapsed": 759.767898, "delta": 4.27993}}
{"target": -34.669230370815285, "params": {"C": 16936.285910425337, "gamma": 0.03118976335291248}, "datetime": {"datetime": "2021-09-29 07:51:24", "elapsed": 763.308725, "delta": 3.540827}}
{"target": -34.6631904096097, "params": {"C": 18079.06603042941, "gamma": 0.03068713855347936}, "datetime": {"datetime": "2021-09-29 07:51:31", "elapsed": 769.49444, "delta": 6.185715}}
{"target": -35.31197498231912, "params": {"C": 17627.42472359609, "gamma": 0.010077174418647021}, "datetime": {"datetime": "2021-09-29 07:51:34", "elapsed": 773.128554, "delta": 3.634114}}
{"target": -34.66243395349303, "params": {"C": 15876.214373779689, "gamma": 0.03091255343397107}, "datetime": {"datetime": "2021-09-29 07:51:37", "elapsed": 776.103704, "delta": 2.97515}}
{"target": -34.96290833071011, "params": {"C": 16657.291959559632, "gamma": 0.013086551243500479}, "datetime": {"datetime": "2021-09-29 07:51:42", "elapsed": 780.852448, "delta": 4.748744}}
{"target": -34.865593905010684, "params": {"C": 17599.252372126975, "gamma": 0.04072485532882789}, "datetime": {"datetime": "2021-09-29 07:51:46", "elapsed": 785.068152, "delta": 4.215704}}
{"target": -34.76281558793686, "params": {"C": 14138.694452315809, "gamma": 0.036971077013063854}, "datetime": {"datetime": "2021-09-29 07:51:49", "elapsed": 788.083155, "delta": 3.015003}}
{"target": -34.843827612629106, "params": {"C": 19320.368591299415, "gamma": 0.013688627856436202}, "datetime": {"datetime": "2021-09-29 07:51:55", "elapsed": 794.041266, "delta": 5.958111}}
{"target": -34.78149534343512, "params": {"C": 16510.808005855175, "gamma": 0.03723378150264278}, "datetime": {"datetime": "2021-09-29 07:52:00", "elapsed": 798.860155, "delta": 4.818889}}
{"target": -35.509917502254176, "params": {"C": 19370.23269480461, "gamma": 0.008513715370143313}, "datetime": {"datetime": "2021-09-29 07:52:04", "elapsed": 802.509406, "delta": 3.649251}}
{"target": -34.84863803302973, "params": {"C": 15773.145774055001, "gamma": 0.04063321915357332}, "datetime": {"datetime": "2021-09-29 07:52:08", "elapsed": 806.78011, "delta": 4.270704}}
{"target": -34.8650646811999, "params": {"C": 17932.90241919947, "gamma": 0.04057722601464052}, "datetime": {"datetime": "2021-09-29 07:52:16", "elapsed": 815.402344, "delta": 8.622234}}
{"target": -35.87448584796923, "params": {"C": 14847.729232553482, "gamma": 0.006648377983462296}, "datetime": {"datetime": "2021-09-29 07:52:21", "elapsed": 819.957158, "delta": 4.554814}}
{"target": -35.591532684996814, "params": {"C": 17932.892499098187, "gamma": 0.008153134828569032}, "datetime": {"datetime": "2021-09-29 07:52:27", "elapsed": 826.151428, "delta": 6.19427}}
{"target": -35.41343086512075, "params": {"C": 16265.601292833442, "gamma": 0.06307781331079473}, "datetime": {"datetime": "2021-09-29 07:52:31", "elapsed": 829.96823, "delta": 3.816802}}
{"target": -34.67740916700708, "params": {"C": 16116.27781569636, "gamma": 0.031788087185341735}, "datetime": {"datetime": "2021-09-29 07:52:35", "elapsed": 833.625398, "delta": 3.657168}}
{"target": -35.72200726335421, "params": {"C": 15995.299975829925, "gamma": 0.07345470837885522}, "datetime": {"datetime": "2021-09-29 07:52:39", "elapsed": 837.50649, "delta": 3.881092}}
{"target": -34.59222642768698, "params": {"C": 14049.804662116358, "gamma": 0.02592867119581696}, "datetime": {"datetime": "2021-09-29 07:52:42", "elapsed": 840.891571, "delta": 3.385081}}
{"target": -36.29790394236404, "params": {"C": 17761.806503233318, "gamma": 0.004051291723548371}, "datetime": {"datetime": "2021-09-29 07:52:48", "elapsed": 847.224587, "delta": 6.333016}}
{"target": -34.89519617863039, "params": {"C": 18386.03360191778, "gamma": 0.041714436260364536}, "datetime": {"datetime": "2021-09-29 07:52:59", "elapsed": 858.026861, "delta": 10.802274}}
{"target": -34.602609039368105, "params": {"C": 14847.702792563163, "gamma": 0.026983501888731096}, "datetime": {"datetime": "2021-09-29 07:53:04", "elapsed": 863.043547, "delta": 5.016686}}
{"target": -34.582891321152246, "params": {"C": 18767.871561228654, "gamma": 0.02554245135628548}, "datetime": {"datetime": "2021-09-29 07:53:08", "elapsed": 866.554397, "delta": 3.51085}}
{"target": -34.55784964192262, "params": {"C": 16205.318275943857, "gamma": 0.022272402961532586}, "datetime": {"datetime": "2021-09-29 07:53:11", "elapsed": 869.80709, "delta": 3.252693}}
{"target": -36.0002739744495, "params": {"C": 14049.807068483018, "gamma": 0.005884667890819172}, "datetime": {"datetime": "2021-09-29 07:53:18", "elapsed": 877.175104, "delta": 7.368014}}
{"target": -34.55260610742493, "params": {"C": 19938.780840865467, "gamma": 0.023331853462062374}, "datetime": {"datetime": "2021-09-29 07:53:23", "elapsed": 881.77969, "delta": 4.604586}}
{"target": -34.59901657721461, "params": {"C": 14846.472197389361, "gamma": 0.026720984419486914}, "datetime": {"datetime": "2021-09-29 07:53:26", "elapsed": 884.838544, "delta": 3.058854}}
{"target": -34.641791130992786, "params": {"C": 18587.638449188642, "gamma": 0.029370182064891313}, "datetime": {"datetime": "2021-09-29 07:53:31", "elapsed": 890.075396, "delta": 5.236852}}
{"target": -34.5862053676243, "params": {"C": 18386.049530893903, "gamma": 0.02577602645600561}, "datetime": {"datetime": "2021-09-29 07:53:35", "elapsed": 893.775424, "delta": 3.700028}}
{"target": -34.68719637493957, "params": {"C": 19430.70649405239, "gamma": 0.03181954194199021}, "datetime": {"datetime": "2021-09-29 07:53:38", "elapsed": 897.360074, "delta": 3.58465}}
{"target": -34.6213105239825, "params": {"C": 18963.940259309442, "gamma": 0.016595424447881073}, "datetime": {"datetime": "2021-09-29 07:53:43", "elapsed": 901.979742, "delta": 4.619668}}
{"target": -35.22017874133524, "params": {"C": 14138.694570366197, "gamma": 0.05849362552236545}, "datetime": {"datetime": "2021-09-29 07:53:48", "elapsed": 906.665698, "delta": 4.685956}}
{"target": -34.590091228437906, "params": {"C": 14735.684432907621, "gamma": 0.026058295770440755}, "datetime": {"datetime": "2021-09-29 07:53:51", "elapsed": 910.0934, "delta": 3.427702}}
{"target": -34.604896511389484, "params": {"C": 15165.980550382012, "gamma": 0.019117812420680048}, "datetime": {"datetime": "2021-09-29 07:53:55", "elapsed": 914.007123, "delta": 3.913723}}
{"target": -35.57688685193982, "params": {"C": 15899.300641044976, "gamma": 0.06927508243396777}, "datetime": {"datetime": "2021-09-29 07:53:58", "elapsed": 917.130331, "delta": 3.123208}}
{"target": -35.25270842247757, "params": {"C": 15003.500851399176, "gamma": 0.01105054088870389}, "datetime": {"datetime": "2021-09-29 07:54:01", "elapsed": 920.205086, "delta": 3.074755}}
{"target": -34.76687076826431, "params": {"C": 15876.166921177404, "gamma": 0.015548155093668577}, "datetime": {"datetime": "2021-09-29 07:54:07", "elapsed": 926.135495, "delta": 5.930409}}
{"target": -34.792917729394816, "params": {"C": 15166.00983799839, "gamma": 0.015504709580145083}, "datetime": {"datetime": "2021-09-29 07:54:12", "elapsed": 930.897609, "delta": 4.762114}}
{"target": -34.89498709958169, "params": {"C": 14645.612208911154, "gamma": 0.04328279023942421}, "datetime": {"datetime": "2021-09-29 07:54:17", "elapsed": 935.961052, "delta": 5.063443}}
{"target": -34.56442427856079, "params": {"C": 16381.302004502882, "gamma": 0.02375547856946017}, "datetime": {"datetime": "2021-09-29 07:54:22", "elapsed": 940.961813, "delta": 5.000761}}
{"target": -34.58805877862595, "params": {"C": 19555.537442274355, "gamma": 0.02589987202090021}, "datetime": {"datetime": "2021-09-29 07:54:25", "elapsed": 944.208778, "delta": 3.246965}}
{"target": -34.5388402416955, "params": {"C": 19008.73219332152, "gamma": 0.021665862940840983}, "datetime": {"datetime": "2021-09-29 07:54:29", "elapsed": 948.019047, "delta": 3.810269}}
{"target": -34.67418860517077, "params": {"C": 14485.799161773473, "gamma": 0.03181746224095463}, "datetime": {"datetime": "2021-09-29 07:54:32", "elapsed": 951.10226, "delta": 3.083213}}
{"target": -34.7920719755669, "params": {"C": 19095.511904584557, "gamma": 0.036988996400087695}, "datetime": {"datetime": "2021-09-29 07:54:35", "elapsed": 954.192665, "delta": 3.090405}}
{"target": -34.54544135135752, "params": {"C": 18079.035865014594, "gamma": 0.02194331067598604}, "datetime": {"datetime": "2021-09-29 07:54:39", "elapsed": 958.318812, "delta": 4.126147}}
{"target": -35.319079167394065, "params": {"C": 19699.941952676043, "gamma": 0.009689004078448324}, "datetime": {"datetime": "2021-09-29 07:54:43", "elapsed": 962.093794, "delta": 3.774982}}
{"target": -34.87033295184958, "params": {"C": 15166.000441267062, "gamma": 0.04188997199725875}, "datetime": {"datetime": "2021-09-29 07:54:47", "elapsed": 965.63253, "delta": 3.538736}}
{"target": -35.35929894309328, "params": {"C": 19147.99270679166, "gamma": 0.009509500813999528}, "datetime": {"datetime": "2021-09-29 07:54:51", "elapsed": 970.01476, "delta": 4.38223}}
