{"target": -41.70005751421274, "params": {"C": 880.0810057852183, "gamma": 0.07613716868437123}, "datetime": {"datetime": "2021-09-29 17:07:13", "elapsed": 459.713631, "delta": 3.258152}}
{"target": -45.16916229346208, "params": {"C": 175.3768084576284, "gamma": 0.1262960862471009}, "datetime": {"datetime": "2021-09-29 17:07:15", "elapsed": 461.4389, "delta": 1.725269}}
{"target": -42.51147018405907, "params": {"C": 848.8214974569174, "gamma": 0.11744816271181616}, "datetime": {"datetime": "2021-09-29 17:07:17", "elapsed": 463.771186, "delta": 2.332286}}
{"target": -42.43110114142492, "params": {"C": 848.2626223167232, "gamma": 0.11328425918540416}, "datetime": {"datetime": "2021-09-29 17:07:19", "elapsed": 466.130526, "delta": 2.35934}}
{"target": -43.86688448937467, "params": {"C": 583.0874774101593, "gamma": 0.17284258138027217}, "datetime": {"datetime": "2021-09-29 17:07:21", "elapsed": 467.905498, "delta": 1.774972}}
{"target": -42.89476845591842, "params": {"C": 721.1462145805673, "gamma": 0.012780496186381978}, "datetime": {"datetime": "2021-09-29 17:07:23", "elapsed": 470.094242, "delta": 2.188744}}
{"target": -41.684998856244654, "params": {"C": 822.8848634697505, "gamma": 0.07153539253325737}, "datetime": {"datetime": "2021-09-29 17:07:26", "elapsed": 472.548693, "delta": 2.454451}}
{"target": -43.434482165370305, "params": {"C": 848.6847223424722, "gamma": 0.007514246711690861}, "datetime": {"datetime": "2021-09-29 17:07:29", "elapsed": 475.610688, "delta": 3.061995}}
{"target": -42.05871335967314, "params": {"C": 559.9006325659703, "gamma": 0.0382314236415011}, "datetime": {"datetime": "2021-09-29 17:07:31", "elapsed": 477.715568, "delta": 2.10488}}
{"target": -46.572956541985626, "params": {"C": 543.716962414578, "gamma": 0.4423267774687481}, "datetime": {"datetime": "2021-09-29 17:07:33", "elapsed": 479.605326, "delta": 1.889758}}
{"target": -44.09940918811005, "params": {"C": 322.47488256260687, "gamma": 0.1322739255023366}, "datetime": {"datetime": "2021-09-29 17:07:35", "elapsed": 481.256473, "delta": 1.651147}}
{"target": -43.36985287867808, "params": {"C": 880.2391873609672, "gamma": 0.1659500045246586}, "datetime": {"datetime": "2021-09-29 17:07:37", "elapsed": 484.168303, "delta": 2.91183}}
{"target": -41.408900770430634, "params": {"C": 880.1701551048471, "gamma": 0.03860077334889385}, "datetime": {"datetime": "2021-09-29 17:07:40", "elapsed": 486.543643, "delta": 2.37534}}
{"target": -46.27473491817591, "params": {"C": 601.1628636009387, "gamma": 0.40596171830729133}, "datetime": {"datetime": "2021-09-29 17:07:42", "elapsed": 488.249812, "delta": 1.706169}}
{"target": -41.903594873100616, "params": {"C": 848.0250414253728, "gamma": 0.022309097911830937}, "datetime": {"datetime": "2021-09-29 17:07:45", "elapsed": 491.342382, "delta": 3.09257}}
{"target": -45.60821810037014, "params": {"C": 861.5543450127572, "gamma": 0.3577422828453879}, "datetime": {"datetime": "2021-09-29 17:07:46", "elapsed": 493.125571, "delta": 1.783189}}
{"target": -41.38012774609048, "params": {"C": 880.3425681275086, "gamma": 0.04860758862100248}, "datetime": {"datetime": "2021-09-29 17:07:49", "elapsed": 496.064448, "delta": 2.938877}}
{"target": -43.5578556930205, "params": {"C": 880.3799750898327, "gamma": 0.006690791360738691}, "datetime": {"datetime": "2021-09-29 17:07:52", "elapsed": 498.415206, "delta": 2.350758}}
{"target": -42.29856728589942, "params": {"C": 880.2455204587844, "gamma": 0.015609532160404695}, "datetime": {"datetime": "2021-09-29 17:07:55", "elapsed": 501.225473, "delta": 2.810267}}
{"target": -43.32521142570602, "params": {"C": 880.3718178109665, "gamma": 0.1632962451581529}, "datetime": {"datetime": "2021-09-29 17:07:59", "elapsed": 505.233408, "delta": 4.007935}}
{"target": -43.76032431054636, "params": {"C": 848.0220393632372, "gamma": 0.18890831736658675}, "datetime": {"datetime": "2021-09-29 17:08:02", "elapsed": 508.416527, "delta": 3.183119}}
{"target": -41.65836399685686, "params": {"C": 847.877833211088, "gamma": 0.07161277856400934}, "datetime": {"datetime": "2021-09-29 17:08:05", "elapsed": 511.894792, "delta": 3.478265}}
{"target": -41.776532063513336, "params": {"C": 848.0830942827945, "gamma": 0.0787752243906283}, "datetime": {"datetime": "2021-09-29 17:08:08", "elapsed": 515.074318, "delta": 3.179526}}
{"target": -45.416399734977695, "params": {"C": 847.275530947433, "gamma": 0.33250609270970666}, "datetime": {"datetime": "2021-09-29 17:08:10", "elapsed": 517.140626, "delta": 2.066308}}
{"target": -43.37461275773382, "params": {"C": 274.0552813529628, "gamma": 0.050774211796713375}, "datetime": {"datetime": "2021-09-29 17:08:12", "elapsed": 519.055684, "delta": 1.915058}}
{"target": -46.73279098391478, "params": {"C": 494.6184888961926, "gamma": 0.457422462686403}, "datetime": {"datetime": "2021-09-29 17:08:14", "elapsed": 521.036662, "delta": 1.980978}}
{"target": -41.771891296104016, "params": {"C": 847.9562544885706, "gamma": 0.07849949152742622}, "datetime": {"datetime": "2021-09-29 17:08:18", "elapsed": 524.733411, "delta": 3.696749}}
{"target": -42.93532817738542, "params": {"C": 847.8247619084947, "gamma": 0.1398184688096583}, "datetime": {"datetime": "2021-09-29 17:08:22", "elapsed": 528.495471, "delta": 3.76206}}
{"target": -47.28263261429972, "params": {"C": 187.68245100875944, "gamma": 0.38479697089994763}, "datetime": {"datetime": "2021-09-29 17:08:24", "elapsed": 530.325249, "delta": 1.829778}}
{"target": -47.09241978316152, "params": {"C": 71.58511392389752, "gamma": 0.18203004735028086}, "datetime": {"datetime": "2021-09-29 17:08:26", "elapsed": 532.463251, "delta": 2.138002}}
{"target": -42.175979840236586, "params": {"C": 605.199505236529, "gamma": 0.08033600679314108}, "datetime": {"datetime": "2021-09-29 17:08:29", "elapsed": 535.424889, "delta": 2.961638}}
{"target": -44.474636179645124, "params": {"C": 605.2445788762321, "gamma": 0.2162679735825228}, "datetime": {"datetime": "2021-09-29 17:08:32", "elapsed": 538.254166, "delta": 2.829277}}
{"target": -41.4247976806578, "params": {"C": 847.725346862739, "gamma": 0.042656784412671005}, "datetime": {"datetime": "2021-09-29 17:08:35", "elapsed": 541.507314, "delta": 3.253148}}
{"target": -42.30178822556102, "params": {"C": 847.6460056923213, "gamma": 0.10662394123196818}, "datetime": {"datetime": "2021-09-29 17:08:38", "elapsed": 544.522381, "delta": 3.015067}}
{"target": -48.00018007734377, "params": {"C": 76.56494011718172, "gamma": 0.49364739339253083}, "datetime": {"datetime": "2021-09-29 17:08:40", "elapsed": 546.634384, "delta": 2.112003}}
{"target": -43.84567283442435, "params": {"C": 420.28531586289347, "gamma": 0.1440859498966026}, "datetime": {"datetime": "2021-09-29 17:08:42", "elapsed": 549.026016, "delta": 2.391632}}
{"target": -45.832319007291964, "params": {"C": 605.0746451350165, "gamma": 0.0026892911643133614}, "datetime": {"datetime": "2021-09-29 17:08:45", "elapsed": 551.78879, "delta": 2.762774}}
{"target": -46.50976070700273, "params": {"C": 318.206619762867, "gamma": 0.3368431964512241}, "datetime": {"datetime": "2021-09-29 17:08:47", "elapsed": 553.632152, "delta": 1.843362}}
{"target": -41.470269799748756, "params": {"C": 847.5889471036321, "gamma": 0.03711537382687815}, "datetime": {"datetime": "2021-09-29 17:08:53", "elapsed": 560.171331, "delta": 6.539179}}
{"target": -43.513828431621036, "params": {"C": 605.2524670562467, "gamma": 0.010481474991419663}, "datetime": {"datetime": "2021-09-29 17:08:59", "elapsed": 565.354195, "delta": 5.182864}}
{"target": -42.03452603840654, "params": {"C": 559.7224959497202, "gamma": 0.040192474461099977}, "datetime": {"datetime": "2021-09-29 17:09:03", "elapsed": 569.695045, "delta": 4.34085}}
{"target": -44.374235881533004, "params": {"C": 955.4420959424807, "gamma": 0.2392162339567442}, "datetime": {"datetime": "2021-09-29 17:09:05", "elapsed": 571.690264, "delta": 1.995219}}
{"target": -41.449794979048434, "params": {"C": 847.4905438532504, "gamma": 0.05431321894339882}, "datetime": {"datetime": "2021-09-29 17:09:10", "elapsed": 576.269017, "delta": 4.578753}}
{"target": -42.054878784475584, "params": {"C": 559.6184471817664, "gamma": 0.06250114015095261}, "datetime": {"datetime": "2021-09-29 17:09:15", "elapsed": 581.931882, "delta": 5.662865}}
{"target": -42.848074636545455, "params": {"C": 847.480465482067, "gamma": 0.13508277783594974}, "datetime": {"datetime": "2021-09-29 17:09:19", "elapsed": 585.277623, "delta": 3.345741}}
{"target": -44.444538713891966, "params": {"C": 559.6763503004514, "gamma": 0.20740691754835064}, "datetime": {"datetime": "2021-09-29 17:09:22", "elapsed": 589.060522, "delta": 3.782899}}
{"target": -42.08628876132724, "params": {"C": 847.368754990586, "gamma": 0.019176817189945218}, "datetime": {"datetime": "2021-09-29 17:09:26", "elapsed": 592.387156, "delta": 3.326634}}
{"target": -41.79625655276419, "params": {"C": 866.1004851347947, "gamma": 0.023941642164678235}, "datetime": {"datetime": "2021-09-29 17:09:28", "elapsed": 594.827553, "delta": 2.440397}}
{"target": -41.88460379730216, "params": {"C": 721.3668616172988, "gamma": 0.028324077495436577}, "datetime": {"datetime": "2021-09-29 17:09:33", "elapsed": 599.357013, "delta": 4.52946}}
{"target": -41.45501635183725, "params": {"C": 866.2486078490849, "gamma": 0.057540953758838664}, "datetime": {"datetime": "2021-09-29 17:09:38", "elapsed": 604.185099, "delta": 4.828086}}
{"target": -46.754798729759294, "params": {"C": 847.8122935321281, "gamma": 0.001}, "datetime": {"datetime": "2021-09-29 17:09:42", "elapsed": 608.859002, "delta": 4.673903}}
{"target": -47.06863555581351, "params": {"C": 328.0953847422462, "gamma": 0.4500177707949893}, "datetime": {"datetime": "2021-09-29 17:09:45", "elapsed": 611.655024, "delta": 2.796022}}
{"target": -41.95528186903122, "params": {"C": 866.4026693208759, "gamma": 0.0895470325160956}, "datetime": {"datetime": "2021-09-29 17:09:48", "elapsed": 614.770165, "delta": 3.115141}}
{"target": -44.041548057493515, "params": {"C": 866.3293633071036, "gamma": 0.2091603335174076}, "datetime": {"datetime": "2021-09-29 17:09:53", "elapsed": 619.48876, "delta": 4.718595}}
{"target": -42.531146551489975, "params": {"C": 848.1278725952208, "gamma": 0.013716084431047253}, "datetime": {"datetime": "2021-09-29 17:09:58", "elapsed": 624.373113, "delta": 4.884353}}
{"target": -41.61773290522605, "params": {"C": 866.2029226984831, "gamma": 0.028717051668305925}, "datetime": {"datetime": "2021-09-29 17:10:01", "elapsed": 627.554948, "delta": 3.181835}}
{"target": -42.410720682876715, "params": {"C": 865.9996215925952, "gamma": 0.1129839811596693}, "datetime": {"datetime": "2021-09-29 17:10:04", "elapsed": 630.518643, "delta": 2.963695}}
{"target": -42.34798176130504, "params": {"C": 880.1513716221399, "gamma": 0.1103362769859977}, "datetime": {"datetime": "2021-09-29 17:10:08", "elapsed": 634.772893, "delta": 4.25425}}
{"target": -42.48520201288567, "params": {"C": 847.3629050300249, "gamma": 0.11602970976317102}, "datetime": {"datetime": "2021-09-29 17:10:11", "elapsed": 637.784628, "delta": 3.011735}}
{"target": -44.1038375609755, "params": {"C": 866.1413801936523, "gamma": 0.21364595485847368}, "datetime": {"datetime": "2021-09-29 17:10:15", "elapsed": 641.333396, "delta": 3.548768}}
{"target": -43.94699189690337, "params": {"C": 866.285598052976, "gamma": 0.005399658106218356}, "datetime": {"datetime": "2021-09-29 17:10:18", "elapsed": 644.580774, "delta": 3.247378}}
{"target": -42.84173653634778, "params": {"C": 866.4668567853756, "gamma": 0.13553155551415155}, "datetime": {"datetime": "2021-09-29 17:10:21", "elapsed": 647.799609, "delta": 3.218835}}
{"target": -43.07878239017819, "params": {"C": 897.3491047752572, "gamma": 0.14972270786364436}, "datetime": {"datetime": "2021-09-29 17:10:23", "elapsed": 650.092506, "delta": 2.292897}}
{"target": -42.953823351718015, "params": {"C": 914.3502896753563, "gamma": 0.14335769722323283}, "datetime": {"datetime": "2021-09-29 17:10:26", "elapsed": 652.651451, "delta": 2.558945}}
{"target": -45.98485835304246, "params": {"C": 158.24852609105267, "gamma": 0.17534093210535417}, "datetime": {"datetime": "2021-09-29 17:10:28", "elapsed": 654.935413, "delta": 2.283962}}
{"target": -43.59297719158212, "params": {"C": 560.2280776717022, "gamma": 0.010930888477025887}, "datetime": {"datetime": "2021-09-29 17:10:31", "elapsed": 658.028601, "delta": 3.093188}}
{"target": -43.3759170089899, "params": {"C": 558.1957325585839, "gamma": 0.012601338837339954}, "datetime": {"datetime": "2021-09-29 17:10:36", "elapsed": 662.903374, "delta": 4.874773}}
{"target": -44.35199575067979, "params": {"C": 822.6757429729107, "gamma": 0.22946665505920902}, "datetime": {"datetime": "2021-09-29 17:10:39", "elapsed": 665.889823, "delta": 2.986449}}
{"target": -42.02053325674167, "params": {"C": 866.1169845587135, "gamma": 0.09295999998760497}, "datetime": {"datetime": "2021-09-29 17:10:43", "elapsed": 669.50287, "delta": 3.613047}}
{"target": -46.45657848584245, "params": {"C": 559.7893920155257, "gamma": 0.0019274241522501268}, "datetime": {"datetime": "2021-09-29 17:10:46", "elapsed": 672.642441, "delta": 3.139571}}
{"target": -42.0474581127713, "params": {"C": 817.952582657888, "gamma": 0.09196060544383958}, "datetime": {"datetime": "2021-09-29 17:10:53", "elapsed": 679.540908, "delta": 6.898467}}
{"target": -41.43444951962943, "params": {"C": 847.2445672161543, "gamma": 0.040970795157699816}, "datetime": {"datetime": "2021-09-29 17:10:58", "elapsed": 685.07998, "delta": 5.539072}}
{"target": -43.97722905627581, "params": {"C": 420.5288326565847, "gamma": 0.15182613354312813}, "datetime": {"datetime": "2021-09-29 17:11:03", "elapsed": 689.486656, "delta": 4.406676}}
{"target": -41.5673536031253, "params": {"C": 866.4683206581649, "gamma": 0.030497080077381784}, "datetime": {"datetime": "2021-09-29 17:11:07", "elapsed": 694.160313, "delta": 4.673657}}
{"target": -43.03480869473496, "params": {"C": 847.211561993761, "gamma": 0.14526031442047763}, "datetime": {"datetime": "2021-09-29 17:11:12", "elapsed": 698.945391, "delta": 4.785078}}
{"target": -41.43352293938597, "params": {"C": 847.1540632829747, "gamma": 0.0411357521035496}, "datetime": {"datetime": "2021-09-29 17:11:17", "elapsed": 703.702888, "delta": 4.757497}}
{"target": -42.67457983108621, "params": {"C": 866.2302567185341, "gamma": 0.12665137858750541}, "datetime": {"datetime": "2021-09-29 17:11:21", "elapsed": 708.012163, "delta": 4.309275}}
{"target": -44.975625811600935, "params": {"C": 593.5415565373446, "gamma": 0.2538013199722626}, "datetime": {"datetime": "2021-09-29 17:11:24", "elapsed": 710.546064, "delta": 2.533901}}
{"target": -43.07293736176264, "params": {"C": 847.0579547250051, "gamma": 0.1473759867011349}, "datetime": {"datetime": "2021-09-29 17:11:28", "elapsed": 714.309466, "delta": 3.763402}}
{"target": -41.58457174049795, "params": {"C": 865.8620800691327, "gamma": 0.06798970406247144}, "datetime": {"datetime": "2021-09-29 17:11:31", "elapsed": 718.160018, "delta": 3.850552}}
{"target": -41.57726502380873, "params": {"C": 865.9979534870936, "gamma": 0.030146280534583007}, "datetime": {"datetime": "2021-09-29 17:11:35", "elapsed": 722.010742, "delta": 3.850724}}
{"target": -44.84884071708386, "params": {"C": 847.1953496584699, "gamma": 0.003322158780367602}, "datetime": {"datetime": "2021-09-29 17:11:41", "elapsed": 727.276043, "delta": 5.265301}}
{"target": -42.47831250324903, "params": {"C": 848.2979078104179, "gamma": 0.014243280435553299}, "datetime": {"datetime": "2021-09-29 17:11:44", "elapsed": 731.09365, "delta": 3.817607}}
{"target": -44.846677308613785, "params": {"C": 495.82142542131686, "gamma": 0.22540525562118083}, "datetime": {"datetime": "2021-09-29 17:11:47", "elapsed": 733.770488, "delta": 2.676838}}
{"target": -41.42896262258314, "params": {"C": 894.1386567690586, "gamma": 0.05799401029620715}, "datetime": {"datetime": "2021-09-29 17:11:52", "elapsed": 738.816702, "delta": 5.046214}}
{"target": -46.18388857734622, "params": {"C": 614.8308804505707, "gamma": 0.39496910211783676}, "datetime": {"datetime": "2021-09-29 17:11:55", "elapsed": 741.656518, "delta": 2.839816}}
{"target": -47.196946723413134, "params": {"C": 63.51337370781612, "gamma": 0.17970588892807465}, "datetime": {"datetime": "2021-09-29 17:11:58", "elapsed": 744.244298, "delta": 2.58778}}
{"target": -48.261979174800814, "params": {"C": 13.79940901562701, "gamma": 0.44594361026970547}, "datetime": {"datetime": "2021-09-29 17:12:01", "elapsed": 747.515414, "delta": 3.271116}}
{"target": -47.30758232290652, "params": {"C": 237.44285005091604, "gamma": 0.4430219287648727}, "datetime": {"datetime": "2021-09-29 17:12:04", "elapsed": 750.687696, "delta": 3.172282}}
{"target": -43.62424355635584, "params": {"C": 865.9310211229534, "gamma": 0.18101358548948182}, "datetime": {"datetime": "2021-09-29 17:12:09", "elapsed": 755.385686, "delta": 4.69799}}
{"target": -41.40272726330024, "params": {"C": 894.0158636851705, "gamma": 0.05517338957330762}, "datetime": {"datetime": "2021-09-29 17:12:12", "elapsed": 759.073192, "delta": 3.687506}}
{"target": -41.50396147206305, "params": {"C": 865.7376394826675, "gamma": 0.06196875920325632}, "datetime": {"datetime": "2021-09-29 17:12:17", "elapsed": 764.149548, "delta": 5.076356}}
{"target": -42.943822067246224, "params": {"C": 847.8206132219318, "gamma": 0.14028150125176453}, "datetime": {"datetime": "2021-09-29 17:12:21", "elapsed": 767.60141, "delta": 3.451862}}
{"target": -46.15843205744505, "params": {"C": 452.2472438377649, "gamma": 0.34409424142710604}, "datetime": {"datetime": "2021-09-29 17:12:24", "elapsed": 770.581523, "delta": 2.980113}}
{"target": -42.17378453682288, "params": {"C": 894.0475847166864, "gamma": 0.10199954068234919}, "datetime": {"datetime": "2021-09-29 17:12:29", "elapsed": 775.780409, "delta": 5.198886}}
{"target": -41.86188706794031, "params": {"C": 847.1222811326371, "gamma": 0.08353331510154546}, "datetime": {"datetime": "2021-09-29 17:12:37", "elapsed": 783.578129, "delta": 7.79772}}
{"target": -41.66949988375011, "params": {"C": 893.9049285283158, "gamma": 0.07508221141955033}, "datetime": {"datetime": "2021-09-29 17:12:43", "elapsed": 789.250117, "delta": 5.671988}}
{"target": -43.35712039757388, "params": {"C": 865.7006738056989, "gamma": 0.16457090459375004}, "datetime": {"datetime": "2021-09-29 17:12:52", "elapsed": 798.345964, "delta": 9.095847}}
{"target": -42.07144175602934, "params": {"C": 865.8137959796774, "gamma": 0.018936893708561345}, "datetime": {"datetime": "2021-09-29 17:12:57", "elapsed": 803.257639, "delta": 4.911675}}
{"target": -41.39899519255115, "params": {"C": 865.6383082259507, "gamma": 0.043140441719174874}, "datetime": {"datetime": "2021-09-29 17:13:04", "elapsed": 811.088504, "delta": 7.830865}}
{"target": -43.094961989530134, "params": {"C": 862.0696221882063, "gamma": 0.14925861295658382}, "datetime": {"datetime": "2021-09-29 17:13:08", "elapsed": 814.842031, "delta": 3.753527}}
{"target": -42.858908172305526, "params": {"C": 865.440089350258, "gamma": 0.010683797238271581}, "datetime": {"datetime": "2021-09-29 17:13:13", "elapsed": 819.663396, "delta": 4.821365}}
{"target": -46.92777711642971, "params": {"C": 297.8145532695689, "gamma": 0.3972973884643217}, "datetime": {"datetime": "2021-09-29 17:13:16", "elapsed": 822.713647, "delta": 3.050251}}
{"target": -41.530922235812156, "params": {"C": 847.2859600601334, "gamma": 0.06247931139214576}, "datetime": {"datetime": "2021-09-29 17:13:21", "elapsed": 827.751588, "delta": 5.037941}}
{"target": -42.41148355155316, "params": {"C": 865.5485097656457, "gamma": 0.014626120899173724}, "datetime": {"datetime": "2021-09-29 17:13:29", "elapsed": 835.297766, "delta": 7.546178}}
{"target": -45.543072821895194, "params": {"C": 364.9690139278725, "gamma": 0.24767233951663986}, "datetime": {"datetime": "2021-09-29 17:13:32", "elapsed": 838.483925, "delta": 3.186159}}
{"target": -41.44317079817389, "params": {"C": 847.244000687868, "gamma": 0.039785281067701454}, "datetime": {"datetime": "2021-09-29 17:13:35", "elapsed": 842.077577, "delta": 3.593652}}
{"target": -41.50589518055145, "params": {"C": 894.5623656521091, "gamma": 0.03137838397407006}, "datetime": {"datetime": "2021-09-29 17:13:38", "elapsed": 845.165677, "delta": 3.0881}}
{"target": -41.47523639588146, "params": {"C": 847.6685228320667, "gamma": 0.03672067835889991}, "datetime": {"datetime": "2021-09-29 17:13:47", "elapsed": 853.971796, "delta": 8.806119}}
{"target": -48.13565728974808, "params": {"C": 15.175544939504766, "gamma": 0.2526521734229267}, "datetime": {"datetime": "2021-09-29 17:13:50", "elapsed": 857.057475, "delta": 3.085679}}
{"target": -45.887748151317794, "params": {"C": 579.2922617696349, "gamma": 0.344827495400053}, "datetime": {"datetime": "2021-09-29 17:13:54", "elapsed": 860.77149, "delta": 3.714015}}
{"target": -42.21683899525633, "params": {"C": 866.5985510286389, "gamma": 0.1030973826878997}, "datetime": {"datetime": "2021-09-29 17:14:01", "elapsed": 867.476563, "delta": 6.705073}}
{"target": -44.007660288900006, "params": {"C": 866.580475794131, "gamma": 0.005210698179452228}, "datetime": {"datetime": "2021-09-29 17:14:05", "elapsed": 872.065382, "delta": 4.588819}}
{"target": -42.61026564413347, "params": {"C": 893.8182175589064, "gamma": 0.12432594681373466}, "datetime": {"datetime": "2021-09-29 17:14:13", "elapsed": 879.820868, "delta": 7.755486}}
{"target": -42.641633238193975, "params": {"C": 682.3024197294429, "gamma": 0.01626084064932211}, "datetime": {"datetime": "2021-09-29 17:14:17", "elapsed": 883.384542, "delta": 3.563674}}
{"target": -43.10677582134662, "params": {"C": 893.9519901914368, "gamma": 0.1511784844105596}, "datetime": {"datetime": "2021-09-29 17:14:23", "elapsed": 889.849764, "delta": 6.465222}}
{"target": -42.66106206572032, "params": {"C": 682.2340467488528, "gamma": 0.1151470769652416}, "datetime": {"datetime": "2021-09-29 17:14:30", "elapsed": 897.173158, "delta": 7.323394}}
