{"target": -34.894359472314164, "params": {"C": 15003.887145914628, "gamma": 0.04861523858207581}, "datetime": {"datetime": "2021-09-29 07:41:58", "elapsed": 81.509562, "delta": 1.791074}}
{"target": -34.312996971542944, "params": {"C": 13752.69904040358, "gamma": 0.021642497383753685}, "datetime": {"datetime": "2021-09-29 07:41:59", "elapsed": 82.776131, "delta": 1.266569}}
{"target": -34.64777617007773, "params": {"C": 13751.120678756275, "gamma": 0.04030314853427641}, "datetime": {"datetime": "2021-09-29 07:42:02", "elapsed": 85.04198, "delta": 2.265849}}
{"target": -35.12945251475158, "params": {"C": 18089.879751552777, "gamma": 0.05236215892213054}, "datetime": {"datetime": "2021-09-29 07:42:03", "elapsed": 86.838591, "delta": 1.796611}}
{"target": -34.887831412701956, "params": {"C": 14146.312892966676, "gamma": 0.04934088394739546}, "datetime": {"datetime": "2021-09-29 07:42:04", "elapsed": 87.834589, "delta": 0.995998}}
{"target": -34.38623451517079, "params": {"C": 13308.876090961818, "gamma": 0.01880351673317315}, "datetime": {"datetime": "2021-09-29 07:42:06", "elapsed": 88.873386, "delta": 1.038797}}
{"target": -34.46153457751354, "params": {"C": 16051.238650318883, "gamma": 0.014929473289115404}, "datetime": {"datetime": "2021-09-29 07:42:07", "elapsed": 90.104388, "delta": 1.231002}}
{"target": -34.28905900628647, "params": {"C": 18273.083636097028, "gamma": 0.01860751786602853}, "datetime": {"datetime": "2021-09-29 07:42:08", "elapsed": 91.338697, "delta": 1.234309}}
{"target": -35.86513972765607, "params": {"C": 14731.753816132401, "gamma": 0.08087220315965828}, "datetime": {"datetime": "2021-09-29 07:42:09", "elapsed": 92.205696, "delta": 0.866999}}
{"target": -36.10855885367797, "params": {"C": 13754.776285577811, "gamma": 0.0934721062291449}, "datetime": {"datetime": "2021-09-29 07:42:11", "elapsed": 93.920137, "delta": 1.714441}}
{"target": -35.941218028548505, "params": {"C": 15641.632624586964, "gamma": 0.08185845395643877}, "datetime": {"datetime": "2021-09-29 07:42:12", "elapsed": 95.224748, "delta": 1.304611}}
{"target": -34.6831998987142, "params": {"C": 13754.710035953101, "gamma": 0.01310958283339923}, "datetime": {"datetime": "2021-09-29 07:42:14", "elapsed": 97.564841, "delta": 2.340093}}
{"target": -35.522044360679, "params": {"C": 18273.11177009401, "gamma": 0.06349858885474785}, "datetime": {"datetime": "2021-09-29 07:42:16", "elapsed": 99.175226, "delta": 1.610385}}
{"target": -34.346463702591954, "params": {"C": 13751.166087512633, "gamma": 0.024184332746378424}, "datetime": {"datetime": "2021-09-29 07:42:17", "elapsed": 100.564225, "delta": 1.388999}}
{"target": -35.700114314392614, "params": {"C": 14146.33921756872, "gamma": 0.007275648270537889}, "datetime": {"datetime": "2021-09-29 07:42:18", "elapsed": 101.770305, "delta": 1.20608}}
{"target": -36.28398824189073, "params": {"C": 13754.183293787555, "gamma": 0.0050452509384235535}, "datetime": {"datetime": "2021-09-29 07:42:20", "elapsed": 102.931245, "delta": 1.16094}}
{"target": -35.56472518716949, "params": {"C": 15701.731193327882, "gamma": 0.007420472640206252}, "datetime": {"datetime": "2021-09-29 07:42:21", "elapsed": 104.031773, "delta": 1.100528}}
{"target": -35.60869445539541, "params": {"C": 13751.190801520495, "gamma": 0.07345603161645356}, "datetime": {"datetime": "2021-09-29 07:42:22", "elapsed": 105.028718, "delta": 0.996945}}
{"target": -34.64227931333889, "params": {"C": 15003.47980924664, "gamma": 0.03908412028628884}, "datetime": {"datetime": "2021-09-29 07:42:23", "elapsed": 106.443717, "delta": 1.414999}}
{"target": -35.976210053439445, "params": {"C": 15621.19920740617, "gamma": 0.08325599219312768}, "datetime": {"datetime": "2021-09-29 07:42:24", "elapsed": 107.574059, "delta": 1.130342}}
{"target": -36.203118872766986, "params": {"C": 15019.839563193478, "gamma": 0.09425230294894939}, "datetime": {"datetime": "2021-09-29 07:42:25", "elapsed": 108.638757, "delta": 1.064698}}
{"target": -34.42091612905, "params": {"C": 14726.57850135851, "gamma": 0.016680995785487873}, "datetime": {"datetime": "2021-09-29 07:42:27", "elapsed": 110.227757, "delta": 1.589}}
{"target": -35.9815781561569, "params": {"C": 13308.80205125923, "gamma": 0.0890261595629586}, "datetime": {"datetime": "2021-09-29 07:42:28", "elapsed": 111.520671, "delta": 1.292914}}
{"target": -34.4302152886467, "params": {"C": 13210.760050177805, "gamma": 0.029236238018023445}, "datetime": {"datetime": "2021-09-29 07:42:30", "elapsed": 112.913811, "delta": 1.39314}}
{"target": -34.93861999888514, "params": {"C": 16051.212749768125, "gamma": 0.010354742229450542}, "datetime": {"datetime": "2021-09-29 07:42:32", "elapsed": 115.132534, "delta": 2.218723}}
{"target": -34.66187944847828, "params": {"C": 13307.771707870634, "gamma": 0.04134777162675422}, "datetime": {"datetime": "2021-09-29 07:42:33", "elapsed": 116.544704, "delta": 1.41217}}
{"target": -34.37009313657404, "params": {"C": 16409.642114373113, "gamma": 0.024574750456501277}, "datetime": {"datetime": "2021-09-29 07:42:35", "elapsed": 117.865705, "delta": 1.321001}}
{"target": -34.58346338588338, "params": {"C": 15118.999696286843, "gamma": 0.013534785935439764}, "datetime": {"datetime": "2021-09-29 07:42:36", "elapsed": 119.141703, "delta": 1.275998}}
{"target": -34.662754449614376, "params": {"C": 13623.160890853012, "gamma": 0.04112188952948734}, "datetime": {"datetime": "2021-09-29 07:42:37", "elapsed": 120.533705, "delta": 1.392002}}
{"target": -35.249182898466074, "params": {"C": 15151.56385295478, "gamma": 0.05928931009173298}, "datetime": {"datetime": "2021-09-29 07:42:39", "elapsed": 122.218382, "delta": 1.684677}}
{"target": -35.31690390236572, "params": {"C": 13754.14341426137, "gamma": 0.06350545507874902}, "datetime": {"datetime": "2021-09-29 07:42:40", "elapsed": 123.433759, "delta": 1.215377}}
{"target": -35.35315058427818, "params": {"C": 13307.839799026078, "gamma": 0.06545087998021466}, "datetime": {"datetime": "2021-09-29 07:42:41", "elapsed": 124.493758, "delta": 1.059999}}
{"target": -35.413774910253885, "params": {"C": 13753.510782773474, "gamma": 0.06672274376037997}, "datetime": {"datetime": "2021-09-29 07:42:44", "elapsed": 126.930338, "delta": 2.43658}}
{"target": -35.07717454527708, "params": {"C": 15003.848154839883, "gamma": 0.05418700683659894}, "datetime": {"datetime": "2021-09-29 07:42:45", "elapsed": 128.578343, "delta": 1.648005}}
{"target": -35.84911958169822, "params": {"C": 17264.540428388285, "gamma": 0.07545217706372374}, "datetime": {"datetime": "2021-09-29 07:42:46", "elapsed": 129.55379, "delta": 0.975447}}
{"target": -34.420864502432735, "params": {"C": 17538.2559008185, "gamma": 0.014916186903445754}, "datetime": {"datetime": "2021-09-29 07:42:47", "elapsed": 130.482786, "delta": 0.928996}}
{"target": -34.42335710754678, "params": {"C": 14571.539542022829, "gamma": 0.028217681303474577}, "datetime": {"datetime": "2021-09-29 07:42:48", "elapsed": 131.337396, "delta": 0.85461}}
{"target": -34.35845220207144, "params": {"C": 17937.739402919757, "gamma": 0.02345851048582957}, "datetime": {"datetime": "2021-09-29 07:42:49", "elapsed": 132.166401, "delta": 0.829005}}
{"target": -35.64129337334175, "params": {"C": 15554.597912914258, "gamma": 0.07128320122245828}, "datetime": {"datetime": "2021-09-29 07:42:50", "elapsed": 132.944634, "delta": 0.778233}}
{"target": -34.82860059379426, "params": {"C": 16013.378970202364, "gamma": 0.04562437938506297}, "datetime": {"datetime": "2021-09-29 07:42:50", "elapsed": 133.810716, "delta": 0.866082}}
{"target": -34.45174691266324, "params": {"C": 15003.058621282222, "gamma": 0.015787679084893563}, "datetime": {"datetime": "2021-09-29 07:42:51", "elapsed": 134.810328, "delta": 0.999612}}
{"target": -36.31117426462157, "params": {"C": 16409.614647345283, "gamma": 0.09511390806911883}, "datetime": {"datetime": "2021-09-29 07:42:52", "elapsed": 135.683328, "delta": 0.873}}
{"target": -34.568019601115566, "params": {"C": 15436.987355392228, "gamma": 0.03532374156514181}, "datetime": {"datetime": "2021-09-29 07:42:53", "elapsed": 136.428986, "delta": 0.745658}}
{"target": -36.15510484004507, "params": {"C": 17791.671062247842, "gamma": 0.08559905830367807}, "datetime": {"datetime": "2021-09-29 07:42:54", "elapsed": 137.136665, "delta": 0.707679}}
{"target": -34.80323413316113, "params": {"C": 17538.26804039679, "gamma": 0.04346633531577575}, "datetime": {"datetime": "2021-09-29 07:42:55", "elapsed": 138.174646, "delta": 1.037981}}
{"target": -34.41451264216177, "params": {"C": 13751.272365328108, "gamma": 0.028093785258540307}, "datetime": {"datetime": "2021-09-29 07:42:56", "elapsed": 139.3048, "delta": 1.130154}}
{"target": -35.41859360109979, "params": {"C": 13180.015960973718, "gamma": 0.06790046830096652}, "datetime": {"datetime": "2021-09-29 07:42:57", "elapsed": 140.569799, "delta": 1.264999}}
{"target": -34.574972605012206, "params": {"C": 13308.853966343577, "gamma": 0.03718229979050902}, "datetime": {"datetime": "2021-09-29 07:42:59", "elapsed": 142.228221, "delta": 1.658422}}
{"target": -34.38472935449717, "params": {"C": 13308.828720229343, "gamma": 0.01884766822073424}, "datetime": {"datetime": "2021-09-29 07:43:00", "elapsed": 143.732934, "delta": 1.504713}}
{"target": -35.07298805014483, "params": {"C": 17937.745721424137, "gamma": 0.05091618830095697}, "datetime": {"datetime": "2021-09-29 07:43:02", "elapsed": 144.862188, "delta": 1.129254}}
{"target": -35.35606551203996, "params": {"C": 14571.574648160993, "gamma": 0.06349945169213762}, "datetime": {"datetime": "2021-09-29 07:43:03", "elapsed": 145.841822, "delta": 0.979634}}
{"target": -35.360909500268676, "params": {"C": 15437.031356629315, "gamma": 0.062376524861669884}, "datetime": {"datetime": "2021-09-29 07:43:04", "elapsed": 146.851379, "delta": 1.009557}}
{"target": -35.61746593222125, "params": {"C": 18102.329136509776, "gamma": 0.06662339570314753}, "datetime": {"datetime": "2021-09-29 07:43:04", "elapsed": 147.751381, "delta": 0.900002}}
{"target": -34.30554702111912, "params": {"C": 17901.45267554758, "gamma": 0.017573541103190267}, "datetime": {"datetime": "2021-09-29 07:43:05", "elapsed": 148.598377, "delta": 0.846996}}
{"target": -34.5609731474097, "params": {"C": 14146.25329239004, "gamma": 0.014308498125902468}, "datetime": {"datetime": "2021-09-29 07:43:06", "elapsed": 149.576602, "delta": 0.978225}}
{"target": -34.3570811251931, "params": {"C": 17538.30702361989, "gamma": 0.023500717481581033}, "datetime": {"datetime": "2021-09-29 07:43:08", "elapsed": 150.952607, "delta": 1.376005}}
{"target": -34.62922563229589, "params": {"C": 18273.0172616248, "gamma": 0.03619707583208607}, "datetime": {"datetime": "2021-09-29 07:43:09", "elapsed": 152.375602, "delta": 1.422995}}
{"target": -35.20199750709697, "params": {"C": 13754.708641942878, "gamma": 0.05976828475939227}, "datetime": {"datetime": "2021-09-29 07:43:11", "elapsed": 153.975603, "delta": 1.600001}}
{"target": -34.71687019552675, "params": {"C": 16472.919732597533, "gamma": 0.04150352659894276}, "datetime": {"datetime": "2021-09-29 07:43:12", "elapsed": 155.285078, "delta": 1.309475}}
{"target": -34.836417521976145, "params": {"C": 16952.71855159155, "gamma": 0.04504193588792755}, "datetime": {"datetime": "2021-09-29 07:43:13", "elapsed": 156.362701, "delta": 1.077623}}
{"target": -35.63080186908316, "params": {"C": 13981.163596551773, "gamma": 0.07379179303178977}, "datetime": {"datetime": "2021-09-29 07:43:14", "elapsed": 157.678355, "delta": 1.315654}}
{"target": -34.50760297129719, "params": {"C": 15092.620773265255, "gamma": 0.03250681522664722}, "datetime": {"datetime": "2021-09-29 07:43:16", "elapsed": 158.942353, "delta": 1.263998}}
{"target": -34.819725600239884, "params": {"C": 13756.019402842556, "gamma": 0.047619467852831936}, "datetime": {"datetime": "2021-09-29 07:43:17", "elapsed": 160.308196, "delta": 1.365843}}
{"target": -35.697021715843405, "params": {"C": 13180.015343065541, "gamma": 0.007554229809781297}, "datetime": {"datetime": "2021-09-29 07:43:19", "elapsed": 162.051326, "delta": 1.74313}}
{"target": -34.458358826220376, "params": {"C": 16143.477100569904, "gamma": 0.029359978124044374}, "datetime": {"datetime": "2021-09-29 07:43:20", "elapsed": 163.379436, "delta": 1.32811}}
{"target": -34.46014361016131, "params": {"C": 15092.571416958752, "gamma": 0.015548992978617757}, "datetime": {"datetime": "2021-09-29 07:43:22", "elapsed": 165.056709, "delta": 1.677273}}
{"target": -35.73013935761533, "params": {"C": 18213.86875663737, "gamma": 0.07000319311085082}, "datetime": {"datetime": "2021-09-29 07:43:23", "elapsed": 166.106537, "delta": 1.049828}}
{"target": -35.5078643936501, "params": {"C": 16267.102663651458, "gamma": 0.06580074408898086}, "datetime": {"datetime": "2021-09-29 07:43:25", "elapsed": 168.025748, "delta": 1.919211}}
{"target": -34.66739107268321, "params": {"C": 15436.99101647492, "gamma": 0.039939708255881994}, "datetime": {"datetime": "2021-09-29 07:43:26", "elapsed": 169.316687, "delta": 1.290939}}
{"target": -35.27487499203888, "params": {"C": 14295.311769063148, "gamma": 0.061308783724771}, "datetime": {"datetime": "2021-09-29 07:43:27", "elapsed": 170.485678, "delta": 1.168991}}
{"target": -35.02449676652342, "params": {"C": 15436.953368006289, "gamma": 0.010079510863979464}, "datetime": {"datetime": "2021-09-29 07:43:29", "elapsed": 171.983954, "delta": 1.498276}}
{"target": -36.34620301351184, "params": {"C": 18745.968986226617, "gamma": 0.0909008904067222}, "datetime": {"datetime": "2021-09-29 07:43:30", "elapsed": 173.234838, "delta": 1.250884}}
{"target": -35.41182238155119, "params": {"C": 15092.597907239224, "gamma": 0.06449706012389979}, "datetime": {"datetime": "2021-09-29 07:43:32", "elapsed": 174.893733, "delta": 1.658895}}
{"target": -35.898668774015555, "params": {"C": 13388.65111224004, "gamma": 0.08531757307848736}, "datetime": {"datetime": "2021-09-29 07:43:33", "elapsed": 176.015335, "delta": 1.121602}}
{"target": -34.82518892889681, "params": {"C": 14726.540435699011, "gamma": 0.011502532985300917}, "datetime": {"datetime": "2021-09-29 07:43:34", "elapsed": 177.390631, "delta": 1.375296}}
{"target": -36.4140731637801, "params": {"C": 17798.793649972642, "gamma": 0.09581421574305153}, "datetime": {"datetime": "2021-09-29 07:43:35", "elapsed": 178.48863, "delta": 1.097999}}
{"target": -35.28530462436691, "params": {"C": 13752.745541061446, "gamma": 0.00920925248470899}, "datetime": {"datetime": "2021-09-29 07:43:37", "elapsed": 180.069283, "delta": 1.580653}}
{"target": -35.4876595261796, "params": {"C": 14146.279670208341, "gamma": 0.06853059249011094}, "datetime": {"datetime": "2021-09-29 07:43:39", "elapsed": 181.843635, "delta": 1.774352}}
{"target": -35.14712532618488, "params": {"C": 14680.92990830708, "gamma": 0.05674726222841694}, "datetime": {"datetime": "2021-09-29 07:43:40", "elapsed": 183.054929, "delta": 1.211294}}
{"target": -35.0898815943344, "params": {"C": 13210.782906215833, "gamma": 0.056939223129578234}, "datetime": {"datetime": "2021-09-29 07:43:41", "elapsed": 184.65793, "delta": 1.603001}}
{"target": -35.870302122925565, "params": {"C": 18568.50490484106, "gamma": 0.07404517572910961}, "datetime": {"datetime": "2021-09-29 07:43:42", "elapsed": 185.814568, "delta": 1.156638}}
{"target": -34.44865631273046, "params": {"C": 14726.447799582202, "gamma": 0.029535514941223324}, "datetime": {"datetime": "2021-09-29 07:43:44", "elapsed": 187.568808, "delta": 1.75424}}
{"target": -35.20543561222657, "params": {"C": 13307.841167706001, "gamma": 0.00980159655258764}, "datetime": {"datetime": "2021-09-29 07:43:45", "elapsed": 188.818805, "delta": 1.249997}}
{"target": -34.78627754587429, "params": {"C": 14726.39847783716, "gamma": 0.045419013997671204}, "datetime": {"datetime": "2021-09-29 07:43:47", "elapsed": 190.395138, "delta": 1.576333}}
{"target": -35.11954106103017, "params": {"C": 14726.477320533704, "gamma": 0.05583352614665157}, "datetime": {"datetime": "2021-09-29 07:43:49", "elapsed": 192.433038, "delta": 2.0379}}
{"target": -34.73383708080407, "params": {"C": 14571.490825169945, "gamma": 0.012185020067814873}, "datetime": {"datetime": "2021-09-29 07:43:51", "elapsed": 194.183266, "delta": 1.750228}}
{"target": -34.6417369114551, "params": {"C": 13341.081037263912, "gamma": 0.040355637006681565}, "datetime": {"datetime": "2021-09-29 07:43:52", "elapsed": 195.676543, "delta": 1.493277}}
{"target": -34.6642596216304, "params": {"C": 13879.064299368469, "gamma": 0.040982024728314206}, "datetime": {"datetime": "2021-09-29 07:43:53", "elapsed": 196.782348, "delta": 1.105805}}
{"target": -34.76894371379509, "params": {"C": 15003.907977920782, "gamma": 0.011750329115324035}, "datetime": {"datetime": "2021-09-29 07:43:55", "elapsed": 198.302319, "delta": 1.519971}}
{"target": -34.666870050541206, "params": {"C": 15003.03066815482, "gamma": 0.04023090227506465}, "datetime": {"datetime": "2021-09-29 07:43:57", "elapsed": 199.924604, "delta": 1.622285}}
{"target": -34.51531958328752, "params": {"C": 15002.747064908259, "gamma": 0.014503705108647735}, "datetime": {"datetime": "2021-09-29 07:43:59", "elapsed": 201.911716, "delta": 1.987112}}
{"target": -36.13875758623756, "params": {"C": 13623.143115475033, "gamma": 0.0952694888488008}, "datetime": {"datetime": "2021-09-29 07:44:01", "elapsed": 204.082796, "delta": 2.17108}}
{"target": -36.1803738755148, "params": {"C": 14322.715722530418, "gamma": 0.09522267962572041}, "datetime": {"datetime": "2021-09-29 07:44:02", "elapsed": 205.406602, "delta": 1.323806}}
{"target": -35.8419406412547, "params": {"C": 17538.32788507948, "gamma": 0.07474537494798127}, "datetime": {"datetime": "2021-09-29 07:44:04", "elapsed": 207.208491, "delta": 1.801889}}
{"target": -35.54978311290172, "params": {"C": 15003.454726543043, "gamma": 0.069148129067862}, "datetime": {"datetime": "2021-09-29 07:44:06", "elapsed": 209.055491, "delta": 1.847}}
{"target": -35.03245568145788, "params": {"C": 17901.439652755907, "gamma": 0.049806213183141206}, "datetime": {"datetime": "2021-09-29 07:44:07", "elapsed": 210.828868, "delta": 1.773377}}
{"target": -35.33415680510832, "params": {"C": 15488.001938089397, "gamma": 0.06146874456717238}, "datetime": {"datetime": "2021-09-29 07:44:09", "elapsed": 212.217354, "delta": 1.388486}}
{"target": -34.32811841184754, "params": {"C": 13751.14308110629, "gamma": 0.023086444128455643}, "datetime": {"datetime": "2021-09-29 07:44:10", "elapsed": 213.730489, "delta": 1.513135}}
{"target": -35.40554778939908, "params": {"C": 16096.424901983872, "gamma": 0.06284118953831866}, "datetime": {"datetime": "2021-09-29 07:44:12", "elapsed": 215.143491, "delta": 1.413002}}
{"target": -34.54004104376436, "params": {"C": 16630.81387376333, "gamma": 0.033249293031247996}, "datetime": {"datetime": "2021-09-29 07:44:13", "elapsed": 216.78249, "delta": 1.638999}}
{"target": -35.255904213469385, "params": {"C": 16370.094466292658, "gamma": 0.057927224432209816}, "datetime": {"datetime": "2021-09-29 07:44:15", "elapsed": 217.994741, "delta": 1.212251}}
{"target": -34.30588470958967, "params": {"C": 17331.028344125236, "gamma": 0.017922954092002133}, "datetime": {"datetime": "2021-09-29 07:44:16", "elapsed": 219.464184, "delta": 1.469443}}
{"target": -36.24215106265334, "params": {"C": 13307.795392438667, "gamma": 0.005298913070934313}, "datetime": {"datetime": "2021-09-29 07:44:18", "elapsed": 221.460718, "delta": 1.996534}}
{"target": -34.46449486332762, "params": {"C": 13751.18739720043, "gamma": 0.016406392348814462}, "datetime": {"datetime": "2021-09-29 07:44:20", "elapsed": 223.196689, "delta": 1.735971}}
{"target": -36.139421268858236, "params": {"C": 13879.113674386745, "gamma": 0.005596139172180564}, "datetime": {"datetime": "2021-09-29 07:44:22", "elapsed": 225.219217, "delta": 2.022528}}
{"target": -34.38728375192529, "params": {"C": 13269.779788240206, "gamma": 0.026766816528764163}, "datetime": {"datetime": "2021-09-29 07:44:23", "elapsed": 226.459183, "delta": 1.239966}}
{"target": -36.22752374688467, "params": {"C": 13954.065416590121, "gamma": 0.09853963065055373}, "datetime": {"datetime": "2021-09-29 07:44:25", "elapsed": 227.996874, "delta": 1.537691}}
{"target": -34.307146694797666, "params": {"C": 17937.702062391625, "gamma": 0.020573894837990436}, "datetime": {"datetime": "2021-09-29 07:44:26", "elapsed": 229.495443, "delta": 1.498569}}
{"target": -36.422637951560795, "params": {"C": 18823.61706499521, "gamma": 0.09368391058229388}, "datetime": {"datetime": "2021-09-29 07:44:28", "elapsed": 231.013796, "delta": 1.518353}}
{"target": -34.92192432230709, "params": {"C": 13755.974876499848, "gamma": 0.050862421021998075}, "datetime": {"datetime": "2021-09-29 07:44:29", "elapsed": 232.393421, "delta": 1.379625}}
{"target": -35.651032592689454, "params": {"C": 17937.687943516747, "gamma": 0.0066269379274352565}, "datetime": {"datetime": "2021-09-29 07:44:31", "elapsed": 234.547642, "delta": 2.154221}}
{"target": -35.042663336067235, "params": {"C": 13308.907643912242, "gamma": 0.0552785613776716}, "datetime": {"datetime": "2021-09-29 07:44:33", "elapsed": 236.335446, "delta": 1.787804}}
{"target": -35.67203824004871, "params": {"C": 17894.483705244686, "gamma": 0.06862033306722916}, "datetime": {"datetime": "2021-09-29 07:44:35", "elapsed": 238.003888, "delta": 1.668442}}
{"target": -34.379377816634246, "params": {"C": 16630.795477438165, "gamma": 0.016348984905186707}, "datetime": {"datetime": "2021-09-29 07:44:36", "elapsed": 239.792741, "delta": 1.788853}}
{"target": -34.724783700266634, "params": {"C": 16409.620185755273, "gamma": 0.011524110211724531}, "datetime": {"datetime": "2021-09-29 07:44:39", "elapsed": 242.067305, "delta": 2.274564}}
{"target": -34.57098226353375, "params": {"C": 17901.48606491354, "gamma": 0.03382065490290456}, "datetime": {"datetime": "2021-09-29 07:44:41", "elapsed": 244.552974, "delta": 2.485669}}
