{"target": -34.74226230847381, "params": {"C": 7201.950266181088, "gamma": 0.03515650028525729}, "datetime": {"datetime": "2021-09-28 19:05:51", "elapsed": 7.832066, "delta": 0.273845}}
{"target": -34.7482609070482, "params": {"C": 7203.3049597044, "gamma": 0.03592021173858287}, "datetime": {"datetime": "2021-09-28 19:05:51", "elapsed": 8.09122, "delta": 0.259154}}
{"target": -35.906928952012294, "params": {"C": 7200.409821228604, "gamma": 0.0068857149298842645}, "datetime": {"datetime": "2021-09-28 19:05:51", "elapsed": 8.417702, "delta": 0.326482}}
{"target": -35.018924759071794, "params": {"C": 7204.414949857474, "gamma": 0.05376756264360911}, "datetime": {"datetime": "2021-09-28 19:05:51", "elapsed": 8.706738, "delta": 0.289036}}
{"target": -34.83651534347174, "params": {"C": 7207.283882953754, "gamma": 0.022188451052690406}, "datetime": {"datetime": "2021-09-28 19:05:52", "elapsed": 9.107435, "delta": 0.400697}}
{"target": -34.79925544966328, "params": {"C": 7208.928183705346, "gamma": 0.040784992155725175}, "datetime": {"datetime": "2021-09-28 19:05:52", "elapsed": 9.412128, "delta": 0.304693}}
{"target": -34.74680972421245, "params": {"C": 7210.539763964843, "gamma": 0.030611102051047924}, "datetime": {"datetime": "2021-09-28 19:05:52", "elapsed": 9.706715, "delta": 0.294587}}
{"target": -35.31414353983719, "params": {"C": 7212.005426302112, "gamma": 0.06973721126024393}, "datetime": {"datetime": "2021-09-28 19:05:53", "elapsed": 10.005146, "delta": 0.298431}}
{"target": -34.876163826132775, "params": {"C": 7595.267862778264, "gamma": 0.045682202680261616}, "datetime": {"datetime": "2021-09-28 19:05:53", "elapsed": 10.331177, "delta": 0.326031}}
{"target": -34.79640600978734, "params": {"C": 7593.772666538313, "gamma": 0.023525265563580682}, "datetime": {"datetime": "2021-09-28 19:05:53", "elapsed": 10.655095, "delta": 0.323918}}
{"target": -34.79696967909703, "params": {"C": 7592.287458591538, "gamma": 0.04107630966922597}, "datetime": {"datetime": "2021-09-28 19:05:54", "elapsed": 10.946862, "delta": 0.291767}}
{"target": -34.720659339908806, "params": {"C": 7590.657819688949, "gamma": 0.033553705421195706}, "datetime": {"datetime": "2021-09-28 19:05:54", "elapsed": 11.263069, "delta": 0.316207}}
{"target": -34.735738924061685, "params": {"C": 7588.782403322596, "gamma": 0.029094985451189045}, "datetime": {"datetime": "2021-09-28 19:05:54", "elapsed": 11.594103, "delta": 0.331034}}
{"target": -35.24267845077826, "params": {"C": 7587.305174445782, "gamma": 0.0656654412805038}, "datetime": {"datetime": "2021-09-28 19:05:55", "elapsed": 11.90879, "delta": 0.314687}}
{"target": -36.13504210953787, "params": {"C": 7597.182306763174, "gamma": 0.004332342835457685}, "datetime": {"datetime": "2021-09-28 19:05:55", "elapsed": 12.252828, "delta": 0.344038}}
{"target": -34.78246778948933, "params": {"C": 7589.800106035216, "gamma": 0.04000966046655146}, "datetime": {"datetime": "2021-09-28 19:05:55", "elapsed": 12.562104, "delta": 0.309276}}
{"target": -35.28851926382719, "params": {"C": 8484.376898957262, "gamma": 0.06793551508327296}, "datetime": {"datetime": "2021-09-28 19:05:56", "elapsed": 12.872811, "delta": 0.310707}}
{"target": -34.75733212402471, "params": {"C": 7531.140311699681, "gamma": 0.03793985841889618}, "datetime": {"datetime": "2021-09-28 19:05:56", "elapsed": 13.241682, "delta": 0.368871}}
{"target": -34.751175963425865, "params": {"C": 7529.592613546687, "gamma": 0.03742742330284505}, "datetime": {"datetime": "2021-09-28 19:05:56", "elapsed": 13.64099, "delta": 0.399308}}
{"target": -34.939603478187934, "params": {"C": 7532.882958412301, "gamma": 0.049359524151145806}, "datetime": {"datetime": "2021-09-28 19:05:57", "elapsed": 14.051471, "delta": 0.410481}}
{"target": -34.7519134338704, "params": {"C": 7527.9829699390675, "gamma": 0.03749436836696859}, "datetime": {"datetime": "2021-09-28 19:05:57", "elapsed": 14.410275, "delta": 0.358804}}
{"target": -34.90816903308016, "params": {"C": 7526.323348767456, "gamma": 0.047556167649161145}, "datetime": {"datetime": "2021-09-28 19:05:58", "elapsed": 14.771079, "delta": 0.360804}}
{"target": -35.17964739657755, "params": {"C": 7524.007232921395, "gamma": 0.06226158574405883}, "datetime": {"datetime": "2021-09-28 19:05:58", "elapsed": 15.132896, "delta": 0.361817}}
{"target": -34.86197285777993, "params": {"C": 7535.154312495184, "gamma": 0.019846570217248654}, "datetime": {"datetime": "2021-09-28 19:05:58", "elapsed": 15.487115, "delta": 0.354219}}
{"target": -35.36651730253514, "params": {"C": 7537.056879951931, "gamma": 0.012503675004721097}, "datetime": {"datetime": "2021-09-28 19:05:59", "elapsed": 15.847479, "delta": 0.360364}}
{"target": -35.03254998751228, "params": {"C": 8765.850673719262, "gamma": 0.015575790324553074}, "datetime": {"datetime": "2021-09-28 19:05:59", "elapsed": 16.213311, "delta": 0.365832}}
{"target": -35.29297695073217, "params": {"C": 8763.147637354688, "gamma": 0.06807194357047976}, "datetime": {"datetime": "2021-09-28 19:05:59", "elapsed": 16.57457, "delta": 0.361259}}
{"target": -35.00286653410278, "params": {"C": 8768.434194523112, "gamma": 0.05202366379896211}, "datetime": {"datetime": "2021-09-28 19:06:00", "elapsed": 16.981752, "delta": 0.407182}}
{"target": -35.32541191870522, "params": {"C": 8770.793235788786, "gamma": 0.06981825712681024}, "datetime": {"datetime": "2021-09-28 19:06:00", "elapsed": 17.338523, "delta": 0.356771}}
{"target": -34.94041432249545, "params": {"C": 8991.555409393543, "gamma": 0.04843677955595529}, "datetime": {"datetime": "2021-09-28 19:06:00", "elapsed": 17.716225, "delta": 0.377702}}
{"target": -34.90234915841024, "params": {"C": 8989.62871067248, "gamma": 0.046363241183181705}, "datetime": {"datetime": "2021-09-28 19:06:01", "elapsed": 18.070588, "delta": 0.354363}}
{"target": -35.364730170141314, "params": {"C": 8987.771196724114, "gamma": 0.07168840512120861}, "datetime": {"datetime": "2021-09-28 19:06:01", "elapsed": 18.440032, "delta": 0.369444}}
{"target": -35.50052901504206, "params": {"C": 8993.555817616645, "gamma": 0.0776415575078089}, "datetime": {"datetime": "2021-09-28 19:06:02", "elapsed": 18.784646, "delta": 0.344614}}
{"target": -34.75641427244556, "params": {"C": 7860.638491172429, "gamma": 0.02561545809145888}, "datetime": {"datetime": "2021-09-28 19:06:02", "elapsed": 19.217387, "delta": 0.432741}}
{"target": -34.858232136805825, "params": {"C": 7859.310733593556, "gamma": 0.01929892794002055}, "datetime": {"datetime": "2021-09-28 19:06:02", "elapsed": 19.639794, "delta": 0.422407}}
{"target": -35.20922470497197, "params": {"C": 7862.204589883858, "gamma": 0.06382366453736768}, "datetime": {"datetime": "2021-09-28 19:06:03", "elapsed": 19.998561, "delta": 0.358767}}
{"target": -35.3771202136061, "params": {"C": 7857.512250197949, "gamma": 0.072847961486896}, "datetime": {"datetime": "2021-09-28 19:06:03", "elapsed": 20.409832, "delta": 0.411271}}
{"target": -35.4525674459374, "params": {"C": 8149.871388970125, "gamma": 0.07653856800642689}, "datetime": {"datetime": "2021-09-28 19:06:04", "elapsed": 20.837414, "delta": 0.427582}}
{"target": -34.727484385933145, "params": {"C": 7928.504174440273, "gamma": 0.03574892821491672}, "datetime": {"datetime": "2021-09-28 19:06:04", "elapsed": 21.195052, "delta": 0.357638}}
{"target": -34.850303363095364, "params": {"C": 7927.166254259515, "gamma": 0.04403183344239319}, "datetime": {"datetime": "2021-09-28 19:06:04", "elapsed": 21.645303, "delta": 0.450251}}
{"target": -34.829328177881514, "params": {"C": 7930.0265445757095, "gamma": 0.04284673213460756}, "datetime": {"datetime": "2021-09-28 19:06:05", "elapsed": 22.044986, "delta": 0.399683}}
{"target": -35.86540833941639, "params": {"C": 7931.865346187317, "gamma": 0.007269128532409183}, "datetime": {"datetime": "2021-09-28 19:06:05", "elapsed": 22.477751, "delta": 0.432765}}
{"target": -35.33605640088137, "params": {"C": 7925.186736406802, "gamma": 0.07076473875629241}, "datetime": {"datetime": "2021-09-28 19:06:06", "elapsed": 22.891321, "delta": 0.41357}}
{"target": -35.09451394124427, "params": {"C": 8428.441510890785, "gamma": 0.05751324547027216}, "datetime": {"datetime": "2021-09-28 19:06:06", "elapsed": 23.342079, "delta": 0.450758}}
{"target": -34.952199292102705, "params": {"C": 8432.174180877526, "gamma": 0.04944766336358932}, "datetime": {"datetime": "2021-09-28 19:06:07", "elapsed": 23.790927, "delta": 0.448848}}
{"target": -35.721768638403304, "params": {"C": 8433.931529262562, "gamma": 0.008596156212904412}, "datetime": {"datetime": "2021-09-28 19:06:07", "elapsed": 24.210642, "delta": 0.419715}}
{"target": -34.73586651481592, "params": {"C": 8430.561820642388, "gamma": 0.03705638659970886}, "datetime": {"datetime": "2021-09-28 19:06:07", "elapsed": 24.599992, "delta": 0.38935}}
{"target": -35.526926230341545, "params": {"C": 7891.201940913972, "gamma": 0.07948266335789121}, "datetime": {"datetime": "2021-09-28 19:06:08", "elapsed": 25.042326, "delta": 0.442334}}
{"target": -35.361557880205325, "params": {"C": 7775.70589415403, "gamma": 0.07210049935037745}, "datetime": {"datetime": "2021-09-28 19:06:08", "elapsed": 25.510436, "delta": 0.46811}}
{"target": -34.74449142379182, "params": {"C": 7143.434380061089, "gamma": 0.031578909172743815}, "datetime": {"datetime": "2021-09-28 19:06:09", "elapsed": 25.939403, "delta": 0.428967}}
{"target": -34.972446689810894, "params": {"C": 7144.7851099063455, "gamma": 0.051344341848951834}, "datetime": {"datetime": "2021-09-28 19:06:09", "elapsed": 26.430185, "delta": 0.490782}}
{"target": -34.872961087073286, "params": {"C": 7142.042391186506, "gamma": 0.04569009548140557}, "datetime": {"datetime": "2021-09-28 19:06:10", "elapsed": 26.887204, "delta": 0.457019}}
{"target": -35.34926494297183, "params": {"C": 7140.0414742861585, "gamma": 0.07171031914947988}, "datetime": {"datetime": "2021-09-28 19:06:10", "elapsed": 27.351477, "delta": 0.464273}}
{"target": -35.31399528345956, "params": {"C": 7147.718904032149, "gamma": 0.06974309953698071}, "datetime": {"datetime": "2021-09-28 19:06:10", "elapsed": 27.763352, "delta": 0.411875}}
{"target": -34.98058188888434, "params": {"C": 7037.404502234242, "gamma": 0.05171957857102128}, "datetime": {"datetime": "2021-09-28 19:06:11", "elapsed": 28.323443, "delta": 0.560091}}
{"target": -34.78362146491763, "params": {"C": 7035.2379513332435, "gamma": 0.03931552281044416}, "datetime": {"datetime": "2021-09-28 19:06:12", "elapsed": 28.782353, "delta": 0.45891}}
{"target": -35.49543968498972, "params": {"C": 7033.670836589988, "gamma": 0.07793739141373322}, "datetime": {"datetime": "2021-09-28 19:06:12", "elapsed": 29.190039, "delta": 0.407686}}
{"target": -34.75415470456859, "params": {"C": 7036.252298869613, "gamma": 0.031157811888103543}, "datetime": {"datetime": "2021-09-28 19:06:12", "elapsed": 29.722033, "delta": 0.531994}}
{"target": -35.11657754501012, "params": {"C": 7040.489655358019, "gamma": 0.05884681787378416}, "datetime": {"datetime": "2021-09-28 19:06:13", "elapsed": 30.199322, "delta": 0.477289}}
{"target": -34.942659632806965, "params": {"C": 8706.996327308161, "gamma": 0.048738301899211786}, "datetime": {"datetime": "2021-09-28 19:06:13", "elapsed": 30.690091, "delta": 0.490769}}
{"target": -34.9970914279615, "params": {"C": 8705.013551358854, "gamma": 0.016044583720228007}, "datetime": {"datetime": "2021-09-28 19:06:14", "elapsed": 31.144545, "delta": 0.454454}}
{"target": -34.810770154650044, "params": {"C": 8708.978708461233, "gamma": 0.041467612170364064}, "datetime": {"datetime": "2021-09-28 19:06:14", "elapsed": 31.580531, "delta": 0.435986}}
{"target": -35.55495234020486, "params": {"C": 8710.52456971, "gamma": 0.07975085510782681}, "datetime": {"datetime": "2021-09-28 19:06:15", "elapsed": 32.037645, "delta": 0.457114}}
{"target": -34.76965846570857, "params": {"C": 8702.692962911355, "gamma": 0.02180147114561725}, "datetime": {"datetime": "2021-09-28 19:06:15", "elapsed": 32.512514, "delta": 0.474869}}
{"target": -35.276201955886044, "params": {"C": 8701.50381313153, "gamma": 0.06719910120521841}, "datetime": {"datetime": "2021-09-28 19:06:16", "elapsed": 33.018919, "delta": 0.506405}}
{"target": -34.979947931838964, "params": {"C": 8703.668580366844, "gamma": 0.016255510495438896}, "datetime": {"datetime": "2021-09-28 19:06:16", "elapsed": 33.48706, "delta": 0.468141}}
{"target": -34.910958855028404, "params": {"C": 7270.390534281991, "gamma": 0.01854797997421797}, "datetime": {"datetime": "2021-09-28 19:06:17", "elapsed": 33.943851, "delta": 0.456791}}
{"target": -34.77772505683813, "params": {"C": 7272.039763602704, "gamma": 0.026609793742963777}, "datetime": {"datetime": "2021-09-28 19:06:17", "elapsed": 34.421904, "delta": 0.478053}}
{"target": -35.14867709644878, "params": {"C": 7273.4447658710205, "gamma": 0.06059402578613909}, "datetime": {"datetime": "2021-09-28 19:06:18", "elapsed": 34.882334, "delta": 0.46043}}
{"target": -34.76344680281783, "params": {"C": 7268.637621687803, "gamma": 0.028120507870213862}, "datetime": {"datetime": "2021-09-28 19:06:18", "elapsed": 35.37217, "delta": 0.489836}}
{"target": -35.42219273038771, "params": {"C": 7267.163427769056, "gamma": 0.07520938075528286}, "datetime": {"datetime": "2021-09-28 19:06:19", "elapsed": 35.837576, "delta": 0.465406}}
{"target": -34.80686894714828, "params": {"C": 8708.105269516394, "gamma": 0.04125184162644386}, "datetime": {"datetime": "2021-09-28 19:06:19", "elapsed": 36.313054, "delta": 0.475478}}
{"target": -35.05523876211088, "params": {"C": 8580.751001163888, "gamma": 0.05511640259890177}, "datetime": {"datetime": "2021-09-28 19:06:20", "elapsed": 36.773524, "delta": 0.46047}}
{"target": -34.73394661509803, "params": {"C": 8578.12102236976, "gamma": 0.036880474019591755}, "datetime": {"datetime": "2021-09-28 19:06:20", "elapsed": 37.320749, "delta": 0.547225}}
{"target": -35.058829183876774, "params": {"C": 8576.92135870689, "gamma": 0.015378022811325553}, "datetime": {"datetime": "2021-09-28 19:06:21", "elapsed": 37.821615, "delta": 0.500866}}
{"target": -34.678810853362855, "params": {"C": 8579.243118987608, "gamma": 0.02968785423414691}, "datetime": {"datetime": "2021-09-28 19:06:21", "elapsed": 38.331231, "delta": 0.509616}}
{"target": -35.55768403921717, "params": {"C": 7179.436458575769, "gamma": 0.01060788348237773}, "datetime": {"datetime": "2021-09-28 19:06:22", "elapsed": 38.92466, "delta": 0.593429}}
{"target": -34.76845926503766, "params": {"C": 8104.42002976993, "gamma": 0.023717629694156164}, "datetime": {"datetime": "2021-09-28 19:06:22", "elapsed": 39.492846, "delta": 0.568186}}
{"target": -35.00803415436614, "params": {"C": 8103.02319235481, "gamma": 0.05284598974638293}, "datetime": {"datetime": "2021-09-28 19:06:23", "elapsed": 39.983863, "delta": 0.491017}}
{"target": -36.091647878554824, "params": {"C": 8105.976864808024, "gamma": 0.0048813445101561275}, "datetime": {"datetime": "2021-09-28 19:06:23", "elapsed": 40.485587, "delta": 0.501724}}
{"target": -35.14626985832875, "params": {"C": 7405.504532920426, "gamma": 0.06047811052573459}, "datetime": {"datetime": "2021-09-28 19:06:24", "elapsed": 41.033719, "delta": 0.548132}}
{"target": -34.92761384809507, "params": {"C": 7407.081813378023, "gamma": 0.018033470856045584}, "datetime": {"datetime": "2021-09-28 19:06:24", "elapsed": 41.624746, "delta": 0.591027}}
{"target": -34.76598248880971, "params": {"C": 7209.803859726774, "gamma": 0.028226409848371475}, "datetime": {"datetime": "2021-09-28 19:06:25", "elapsed": 42.173188, "delta": 0.548442}}
{"target": -35.537045234137025, "params": {"C": 7206.043467117958, "gamma": 0.07977943761472496}, "datetime": {"datetime": "2021-09-28 19:06:25", "elapsed": 42.718247, "delta": 0.545059}}
{"target": -34.99599160118299, "params": {"C": 7534.023953597477, "gamma": 0.05263001954733549}, "datetime": {"datetime": "2021-09-28 19:06:26", "elapsed": 43.290152, "delta": 0.571905}}
{"target": -35.501564620746635, "params": {"C": 7269.428065783, "gamma": 0.07845242181197135}, "datetime": {"datetime": "2021-09-28 19:06:27", "elapsed": 43.871499, "delta": 0.581347}}
{"target": -35.171264815071005, "params": {"C": 7528.716864016765, "gamma": 0.06181402069977504}, "datetime": {"datetime": "2021-09-28 19:06:27", "elapsed": 44.45511, "delta": 0.583611}}
{"target": -35.57159245167149, "params": {"C": 8978.321207522284, "gamma": 0.07997476903118537}, "datetime": {"datetime": "2021-09-28 19:06:28", "elapsed": 44.94165, "delta": 0.48654}}
{"target": -34.81435971109562, "params": {"C": 7202.659298396073, "gamma": 0.041879433488583334}, "datetime": {"datetime": "2021-09-28 19:06:28", "elapsed": 45.468757, "delta": 0.527107}}
{"target": -34.94057463252961, "params": {"C": 8064.1863750216835, "gamma": 0.04904350246880736}, "datetime": {"datetime": "2021-09-28 19:06:29", "elapsed": 45.972533, "delta": 0.503776}}
{"target": -35.182339350578026, "params": {"C": 7933.002592053763, "gamma": 0.014267012382642198}, "datetime": {"datetime": "2021-09-28 19:06:29", "elapsed": 46.454585, "delta": 0.482052}}
{"target": -34.78700231860887, "params": {"C": 7530.171962068066, "gamma": 0.02452486558524582}, "datetime": {"datetime": "2021-09-28 19:06:30", "elapsed": 47.068777, "delta": 0.614192}}
{"target": -35.50165350050438, "params": {"C": 7527.337701615019, "gamma": 0.07868374270510618}, "datetime": {"datetime": "2021-09-28 19:06:30", "elapsed": 47.59988, "delta": 0.531103}}
{"target": -36.0401473096397, "params": {"C": 8369.96958276986, "gamma": 0.005553324745387297}, "datetime": {"datetime": "2021-09-28 19:06:31", "elapsed": 48.08779, "delta": 0.48791}}
{"target": -34.938240021613396, "params": {"C": 8579.200026684874, "gamma": 0.04857535304496409}, "datetime": {"datetime": "2021-09-28 19:06:31", "elapsed": 48.601868, "delta": 0.514078}}
{"target": -34.72264239335955, "params": {"C": 8787.960901471255, "gamma": 0.024550077563821483}, "datetime": {"datetime": "2021-09-28 19:06:32", "elapsed": 49.154083, "delta": 0.552215}}
{"target": -35.541465210042766, "params": {"C": 7270.751129006123, "gamma": 0.07997262857400808}, "datetime": {"datetime": "2021-09-28 19:06:32", "elapsed": 49.678773, "delta": 0.52469}}
{"target": -34.94699351388538, "params": {"C": 7928.37413193692, "gamma": 0.04950097100582123}, "datetime": {"datetime": "2021-09-28 19:06:33", "elapsed": 50.339846, "delta": 0.661073}}
{"target": -35.13410762679982, "params": {"C": 7590.496843612139, "gamma": 0.05985016389357552}, "datetime": {"datetime": "2021-09-28 19:06:34", "elapsed": 50.918955, "delta": 0.579109}}
{"target": -34.74374508188169, "params": {"C": 8037.529197515767, "gamma": 0.02588347080183907}, "datetime": {"datetime": "2021-09-28 19:06:34", "elapsed": 51.449427, "delta": 0.530472}}
{"target": -35.04358253901746, "params": {"C": 7998.191536198633, "gamma": 0.015948552540510703}, "datetime": {"datetime": "2021-09-28 19:06:35", "elapsed": 52.00125, "delta": 0.551823}}
{"target": -34.94891311269819, "params": {"C": 7071.244527960304, "gamma": 0.05009939886657885}, "datetime": {"datetime": "2021-09-28 19:06:35", "elapsed": 52.517219, "delta": 0.515969}}
{"target": -34.75052636396021, "params": {"C": 7795.125138009228, "gamma": 0.03776658194564901}, "datetime": {"datetime": "2021-09-28 19:06:36", "elapsed": 53.022972, "delta": 0.505753}}
{"target": -35.389898680940945, "params": {"C": 8579.386806897577, "gamma": 0.0731315359798052}, "datetime": {"datetime": "2021-09-28 19:06:36", "elapsed": 53.660164, "delta": 0.637192}}
{"target": -34.82497403453472, "params": {"C": 7218.671975233927, "gamma": 0.04260283436483836}, "datetime": {"datetime": "2021-09-28 19:06:37", "elapsed": 54.266478, "delta": 0.606314}}
{"target": -34.734331145242656, "params": {"C": 7406.196999386739, "gamma": 0.03486509027125369}, "datetime": {"datetime": "2021-09-28 19:06:38", "elapsed": 54.843032, "delta": 0.576554}}
{"target": -35.043083120309234, "params": {"C": 7590.748733449765, "gamma": 0.05512317258500023}, "datetime": {"datetime": "2021-09-28 19:06:38", "elapsed": 55.507258, "delta": 0.664226}}
{"target": -35.22243656609884, "params": {"C": 8578.00020341003, "gamma": 0.06439799412863546}, "datetime": {"datetime": "2021-09-28 19:06:39", "elapsed": 56.086073, "delta": 0.578815}}
{"target": -35.07923239163561, "params": {"C": 7203.403562988716, "gamma": 0.05690917502747953}, "datetime": {"datetime": "2021-09-28 19:06:39", "elapsed": 56.694642, "delta": 0.608569}}
{"target": -35.756853670623265, "params": {"C": 7202.054568773642, "gamma": 0.008441350890684953}, "datetime": {"datetime": "2021-09-28 19:06:40", "elapsed": 57.388964, "delta": 0.694322}}
{"target": -35.14512418019984, "params": {"C": 7406.238251429474, "gamma": 0.06041735180157241}, "datetime": {"datetime": "2021-09-28 19:06:41", "elapsed": 58.057426, "delta": 0.668462}}
{"target": -34.75166237901408, "params": {"C": 7885.753586164971, "gamma": 0.02590250536835885}, "datetime": {"datetime": "2021-09-28 19:06:41", "elapsed": 58.59718, "delta": 0.539754}}
{"target": -35.4070172477424, "params": {"C": 7575.186283020049, "gamma": 0.07450129500896517}, "datetime": {"datetime": "2021-09-28 19:06:42", "elapsed": 59.13479, "delta": 0.53761}}
{"target": -35.236621059192835, "params": {"C": 7998.310877980572, "gamma": 0.06527128851287708}, "datetime": {"datetime": "2021-09-28 19:06:42", "elapsed": 59.755644, "delta": 0.620854}}
{"target": -35.97346420924069, "params": {"C": 8965.008758747164, "gamma": 0.006248388189066624}, "datetime": {"datetime": "2021-09-28 19:06:43", "elapsed": 60.291514, "delta": 0.53587}}
{"target": -35.287819931315084, "params": {"C": 8940.85314505212, "gamma": 0.06772717429470741}, "datetime": {"datetime": "2021-09-28 19:06:44", "elapsed": 60.862241, "delta": 0.570727}}
{"target": -35.05461909778496, "params": {"C": 7434.915051331337, "gamma": 0.05568177102059613}, "datetime": {"datetime": "2021-09-28 19:06:44", "elapsed": 61.554457, "delta": 0.692216}}
