{"target": -53.55185056466674, "params": {"C": 482653.6975021882, "gamma": 0.40058770669360677}, "datetime": {"datetime": "2021-10-04 11:45:49", "elapsed": 66.63805, "delta": 0.72925}}
{"target": -59.08904894328503, "params": {"C": 493573.0128475493, "gamma": 0.9063786042036084}, "datetime": {"datetime": "2021-10-04 11:45:50", "elapsed": 67.277314, "delta": 0.639264}}
{"target": -59.068017550378435, "params": {"C": 321701.0610542377, "gamma": 0.9561537051078548}, "datetime": {"datetime": "2021-10-04 11:45:50", "elapsed": 67.856915, "delta": 0.579601}}
{"target": -57.3575744086696, "params": {"C": 381176.78331866465, "gamma": 0.6677695419690455}, "datetime": {"datetime": "2021-10-04 11:45:51", "elapsed": 68.479711, "delta": 0.622796}}
{"target": -52.745254372383876, "params": {"C": 465212.8757333637, "gamma": 0.32548522681807807}, "datetime": {"datetime": "2021-10-04 11:45:51", "elapsed": 69.096763, "delta": 0.617052}}
{"target": -57.49732738340381, "params": {"C": 31499.107602720695, "gamma": 0.5964576390912044}, "datetime": {"datetime": "2021-10-04 11:45:52", "elapsed": 69.726925, "delta": 0.630162}}
{"target": -56.356042033633024, "params": {"C": 488807.2556702402, "gamma": 0.5722798613216429}, "datetime": {"datetime": "2021-10-04 11:45:53", "elapsed": 70.47605, "delta": 0.749125}}
{"target": -58.009685253436864, "params": {"C": 45595.81324755407, "gamma": 0.7347199991116582}, "datetime": {"datetime": "2021-10-04 11:45:53", "elapsed": 71.117563, "delta": 0.641513}}
{"target": -55.040558845081826, "params": {"C": 128678.5709588599, "gamma": 0.5148152092767487}, "datetime": {"datetime": "2021-10-04 11:45:54", "elapsed": 71.835164, "delta": 0.717601}}
{"target": -56.793277088728566, "params": {"C": 420936.58796398976, "gamma": 0.6125259708695368}, "datetime": {"datetime": "2021-10-04 11:45:55", "elapsed": 72.470955, "delta": 0.635791}}
{"target": -58.89754622914621, "params": {"C": 335711.2694627084, "gamma": 0.9096296580911998}, "datetime": {"datetime": "2021-10-04 11:45:55", "elapsed": 73.057135, "delta": 0.58618}}
{"target": -58.60826124960322, "params": {"C": 106005.3876553417, "gamma": 0.9835366415983069}, "datetime": {"datetime": "2021-10-04 11:45:56", "elapsed": 73.806184, "delta": 0.749049}}
{"target": -56.39996348254369, "params": {"C": 298722.26729182305, "gamma": 0.5915334199917395}, "datetime": {"datetime": "2021-10-04 11:45:57", "elapsed": 74.408115, "delta": 0.601931}}
{"target": -53.16092222478328, "params": {"C": 390852.6096307983, "gamma": 0.3812182801540924}, "datetime": {"datetime": "2021-10-04 11:45:57", "elapsed": 75.08819, "delta": 0.680075}}
{"target": -52.460472847252596, "params": {"C": 361900.7102253076, "gamma": 0.3123259873803539}, "datetime": {"datetime": "2021-10-04 11:45:58", "elapsed": 75.811975, "delta": 0.723785}}
{"target": -52.73825128168211, "params": {"C": 383321.9447483639, "gamma": 0.3417625674890976}, "datetime": {"datetime": "2021-10-04 11:45:59", "elapsed": 76.435212, "delta": 0.623237}}
{"target": -57.85218887127522, "params": {"C": 18002.326940714323, "gamma": 0.49149474258736137}, "datetime": {"datetime": "2021-10-04 11:45:59", "elapsed": 77.083921, "delta": 0.648709}}
{"target": -55.63456313490251, "params": {"C": 181326.59768511387, "gamma": 0.5483308458938031}, "datetime": {"datetime": "2021-10-04 11:46:00", "elapsed": 77.711231, "delta": 0.62731}}
{"target": -58.043183393603435, "params": {"C": 55553.058564862746, "gamma": 0.7778955754898592}, "datetime": {"datetime": "2021-10-04 11:46:01", "elapsed": 78.344058, "delta": 0.632827}}
{"target": -58.3362089400923, "params": {"C": 195173.3389587363, "gamma": 0.8614271567884633}, "datetime": {"datetime": "2021-10-04 11:46:01", "elapsed": 79.002183, "delta": 0.658125}}
{"target": -57.71129442318708, "params": {"C": 216955.5245089371, "gamma": 0.7511096502227617}, "datetime": {"datetime": "2021-10-04 11:46:02", "elapsed": 79.634727, "delta": 0.632544}}
{"target": -58.3735652278693, "params": {"C": 362341.5457402651, "gamma": 0.7981196939911781}, "datetime": {"datetime": "2021-10-04 11:46:03", "elapsed": 80.480743, "delta": 0.846016}}
{"target": -53.323834202338396, "params": {"C": 453978.196622576, "gamma": 0.38599150770276497}, "datetime": {"datetime": "2021-10-04 11:46:04", "elapsed": 81.214226, "delta": 0.733483}}
{"target": -57.71622777113489, "params": {"C": 366673.3253928211, "gamma": 0.709002787485602}, "datetime": {"datetime": "2021-10-04 11:46:04", "elapsed": 81.833847, "delta": 0.619621}}
{"target": -52.417573900806936, "params": {"C": 304628.3611039933, "gamma": 0.3242990387325115}, "datetime": {"datetime": "2021-10-04 11:46:05", "elapsed": 82.520149, "delta": 0.686302}}
{"target": -58.12694992268968, "params": {"C": 58332.88959482299, "gamma": 0.8015021073673514}, "datetime": {"datetime": "2021-10-04 11:46:06", "elapsed": 83.197688, "delta": 0.677539}}
{"target": -56.095129351408964, "params": {"C": 380821.8471689833, "gamma": 0.5609963259688633}, "datetime": {"datetime": "2021-10-04 11:46:06", "elapsed": 83.883352, "delta": 0.685664}}
{"target": -57.07134153063792, "params": {"C": 265953.9782445834, "gamma": 0.6574315761838894}, "datetime": {"datetime": "2021-10-04 11:46:07", "elapsed": 84.647452, "delta": 0.7641}}
{"target": -58.52177583927559, "params": {"C": 391853.6400716487, "gamma": 0.815071189817018}, "datetime": {"datetime": "2021-10-04 11:46:08", "elapsed": 85.313864, "delta": 0.666412}}
{"target": -57.87472732715752, "params": {"C": 314672.4647596785, "gamma": 0.7395426781536767}, "datetime": {"datetime": "2021-10-04 11:46:08", "elapsed": 86.085068, "delta": 0.771204}}
{"target": -53.38645930602614, "params": {"C": 292006.96046817827, "gamma": 0.40958910307237406}, "datetime": {"datetime": "2021-10-04 11:46:09", "elapsed": 86.765096, "delta": 0.680028}}
{"target": -59.15862043283513, "params": {"C": 434892.6898080591, "gamma": 0.9398251198723724}, "datetime": {"datetime": "2021-10-04 11:46:10", "elapsed": 87.572103, "delta": 0.807007}}
{"target": -57.646586890982356, "params": {"C": 162056.4621573978, "gamma": 0.7658032709753841}, "datetime": {"datetime": "2021-10-04 11:46:11", "elapsed": 88.258268, "delta": 0.686165}}
{"target": -61.692199407692115, "params": {"C": 12914.50403305549, "gamma": 0.8189379494269877}, "datetime": {"datetime": "2021-10-04 11:46:11", "elapsed": 88.937399, "delta": 0.679131}}
{"target": -59.024920138925694, "params": {"C": 372979.9008111192, "gamma": 0.9257951595271752}, "datetime": {"datetime": "2021-10-04 11:46:12", "elapsed": 89.60793, "delta": 0.670531}}
{"target": -56.410829155837796, "params": {"C": 122067.10950257571, "gamma": 0.6228877449751651}, "datetime": {"datetime": "2021-10-04 11:46:13", "elapsed": 90.48259, "delta": 0.87466}}
{"target": -59.04954544897675, "params": {"C": 306631.14860292414, "gamma": 0.9585229754127456}, "datetime": {"datetime": "2021-10-04 11:46:14", "elapsed": 91.416443, "delta": 0.933853}}
{"target": -55.22798921233361, "params": {"C": 458144.424570721, "gamma": 0.501338336478798}, "datetime": {"datetime": "2021-10-04 11:46:14", "elapsed": 92.091969, "delta": 0.675526}}
{"target": -62.53189939772642, "params": {"C": 11669.17611592182, "gamma": 0.9900951176057768}, "datetime": {"datetime": "2021-10-04 11:46:15", "elapsed": 92.94778, "delta": 0.855811}}
{"target": -58.03257889099986, "params": {"C": 183555.02800165975, "gamma": 0.8156851141893793}, "datetime": {"datetime": "2021-10-04 11:46:16", "elapsed": 93.690467, "delta": 0.742687}}
{"target": -57.6673602998969, "params": {"C": 139278.34835581481, "gamma": 0.7793560536448578}, "datetime": {"datetime": "2021-10-04 11:46:17", "elapsed": 94.418456, "delta": 0.727989}}
{"target": -58.8973578743766, "params": {"C": 450846.6400126523, "gamma": 0.8727699253903933}, "datetime": {"datetime": "2021-10-04 11:46:17", "elapsed": 95.126259, "delta": 0.707803}}
{"target": -57.551811656059876, "params": {"C": 316813.12789738446, "gamma": 0.6994411133041032}, "datetime": {"datetime": "2021-10-04 11:46:18", "elapsed": 95.981996, "delta": 0.855737}}
{"target": -52.201500362607796, "params": {"C": 258306.52821042782, "gamma": 0.3143288155132257}, "datetime": {"datetime": "2021-10-04 11:46:19", "elapsed": 96.737501, "delta": 0.755505}}
{"target": -57.46926018478983, "params": {"C": 59806.640046337874, "gamma": 0.7063952360641009}, "datetime": {"datetime": "2021-10-04 11:46:20", "elapsed": 97.639024, "delta": 0.901523}}
{"target": -55.50798544455506, "params": {"C": 85238.16578311932, "gamma": 0.5476367415514041}, "datetime": {"datetime": "2021-10-04 11:46:21", "elapsed": 98.387955, "delta": 0.748931}}
{"target": -58.95214511023055, "params": {"C": 437157.84720351367, "gamma": 0.8896169380174703}, "datetime": {"datetime": "2021-10-04 11:46:21", "elapsed": 99.093398, "delta": 0.705443}}
{"target": -54.25066453693642, "params": {"C": 226900.01495618714, "gamma": 0.4636695434843264}, "datetime": {"datetime": "2021-10-04 11:46:22", "elapsed": 99.873205, "delta": 0.779807}}
{"target": -58.90804605271957, "params": {"C": 446491.2233936612, "gamma": 0.8764485994108744}, "datetime": {"datetime": "2021-10-04 11:46:23", "elapsed": 100.581917, "delta": 0.708712}}
{"target": -53.16557698912914, "params": {"C": 272478.030416117, "gamma": 0.39791530329576885}, "datetime": {"datetime": "2021-10-04 11:46:24", "elapsed": 101.309265, "delta": 0.727348}}
{"target": -57.94342591635009, "params": {"C": 206004.48764237072, "gamma": 0.7913826245376513}, "datetime": {"datetime": "2021-10-04 11:46:24", "elapsed": 102.080484, "delta": 0.771219}}
{"target": -54.95277661489497, "params": {"C": 278913.77536239533, "gamma": 0.4965528691851991}, "datetime": {"datetime": "2021-10-04 11:46:25", "elapsed": 102.982199, "delta": 0.901715}}
{"target": -52.279903310334916, "params": {"C": 100906.65378913458, "gamma": 0.3631398846978042}, "datetime": {"datetime": "2021-10-04 11:46:26", "elapsed": 103.746249, "delta": 0.76405}}
{"target": -57.38633666005726, "params": {"C": 77230.75297615535, "gamma": 0.7249515978305293}, "datetime": {"datetime": "2021-10-04 11:46:27", "elapsed": 104.602053, "delta": 0.855804}}
{"target": -56.071551462195856, "params": {"C": 176034.06413897534, "gamma": 0.5811990261004437}, "datetime": {"datetime": "2021-10-04 11:46:28", "elapsed": 105.345582, "delta": 0.743529}}
{"target": -53.1332922593678, "params": {"C": 213768.8039429284, "gamma": 0.4046952704973815}, "datetime": {"datetime": "2021-10-04 11:46:28", "elapsed": 106.061803, "delta": 0.716221}}
{"target": -54.53678573447978, "params": {"C": 486795.4258566591, "gamma": 0.46334074979379236}, "datetime": {"datetime": "2021-10-04 11:46:29", "elapsed": 106.812827, "delta": 0.751024}}
{"target": -57.140517269342844, "params": {"C": 261712.46222923073, "gamma": 0.6655558548015574}, "datetime": {"datetime": "2021-10-04 11:46:30", "elapsed": 107.676884, "delta": 0.864057}}
{"target": -52.79983027108123, "params": {"C": 479298.15973537596, "gamma": 0.3300923175083519}, "datetime": {"datetime": "2021-10-04 11:46:31", "elapsed": 108.414325, "delta": 0.737441}}
{"target": -54.536410522257256, "params": {"C": 298684.19376422034, "gamma": 0.47300102127462623}, "datetime": {"datetime": "2021-10-04 11:46:31", "elapsed": 109.122854, "delta": 0.708529}}
{"target": -56.72774828625154, "params": {"C": 188764.75610667196, "gamma": 0.6376383685311429}, "datetime": {"datetime": "2021-10-04 11:46:32", "elapsed": 109.956053, "delta": 0.833199}}
{"target": -58.984713888026775, "params": {"C": 359534.5575030211, "gamma": 0.9209231936140174}, "datetime": {"datetime": "2021-10-04 11:46:33", "elapsed": 110.703434, "delta": 0.747381}}
{"target": -56.63985522951432, "params": {"C": 88225.0777105626, "gamma": 0.6465693455858508}, "datetime": {"datetime": "2021-10-04 11:46:34", "elapsed": 111.652446, "delta": 0.949012}}
{"target": -52.42520255952399, "params": {"C": 183865.23678116105, "gamma": 0.36460924117471616}, "datetime": {"datetime": "2021-10-04 11:46:35", "elapsed": 112.567039, "delta": 0.914593}}
{"target": -55.241363190601156, "params": {"C": 167344.10295116386, "gamma": 0.524161611402167}, "datetime": {"datetime": "2021-10-04 11:46:36", "elapsed": 113.353662, "delta": 0.786623}}
{"target": -58.61203721702323, "params": {"C": 88335.45003259636, "gamma": 0.987467196967013}, "datetime": {"datetime": "2021-10-04 11:46:37", "elapsed": 114.267319, "delta": 0.913657}}
{"target": -53.6894392340765, "params": {"C": 485573.1461808048, "gamma": 0.409893336422659}, "datetime": {"datetime": "2021-10-04 11:46:38", "elapsed": 115.207614, "delta": 0.940295}}
{"target": -56.208550119403384, "params": {"C": 192856.81694072927, "gamma": 0.5897981474259766}, "datetime": {"datetime": "2021-10-04 11:46:38", "elapsed": 116.000776, "delta": 0.793162}}
{"target": -57.96340094553079, "params": {"C": 92358.64399759615, "gamma": 0.8322336988031274}, "datetime": {"datetime": "2021-10-04 11:46:39", "elapsed": 116.78665, "delta": 0.785874}}
{"target": -62.584874956478515, "params": {"C": 11359.426111883531, "gamma": 0.9677374337070566}, "datetime": {"datetime": "2021-10-04 11:46:40", "elapsed": 117.532981, "delta": 0.746331}}
{"target": -57.66555919383636, "params": {"C": 53940.30875606683, "gamma": 0.7170300683085089}, "datetime": {"datetime": "2021-10-04 11:46:41", "elapsed": 118.497433, "delta": 0.964452}}
{"target": -53.65762605174611, "params": {"C": 146194.9219478941, "gamma": 0.43749597028887255}, "datetime": {"datetime": "2021-10-04 11:46:42", "elapsed": 119.352746, "delta": 0.855313}}
{"target": -55.49649209818353, "params": {"C": 90425.91400708088, "gamma": 0.5476532095826706}, "datetime": {"datetime": "2021-10-04 11:46:42", "elapsed": 120.154439, "delta": 0.801693}}
{"target": -57.45700526647247, "params": {"C": 121137.48899011, "gamma": 0.7525974492486813}, "datetime": {"datetime": "2021-10-04 11:46:44", "elapsed": 121.235466, "delta": 1.081027}}
{"target": -57.32519376512263, "params": {"C": 181352.3146722391, "gamma": 0.7096711750557194}, "datetime": {"datetime": "2021-10-04 11:46:44", "elapsed": 122.022215, "delta": 0.786749}}
{"target": -56.462413704509956, "params": {"C": 23369.575596870513, "gamma": 0.46018421365103246}, "datetime": {"datetime": "2021-10-04 11:46:45", "elapsed": 122.827972, "delta": 0.805757}}
{"target": -58.405668258729214, "params": {"C": 22692.13806114714, "gamma": 0.5962157707388831}, "datetime": {"datetime": "2021-10-04 11:46:46", "elapsed": 123.614062, "delta": 0.78609}}
{"target": -57.792683183173146, "params": {"C": 435879.06131506385, "gamma": 0.7068065127425287}, "datetime": {"datetime": "2021-10-04 11:46:47", "elapsed": 124.471817, "delta": 0.857755}}
{"target": -59.01542629695053, "params": {"C": 272869.4821632693, "gamma": 0.9648453910046733}, "datetime": {"datetime": "2021-10-04 11:46:48", "elapsed": 125.274355, "delta": 0.802538}}
{"target": -56.17801205005552, "params": {"C": 120460.61403090623, "gamma": 0.6007310204022775}, "datetime": {"datetime": "2021-10-04 11:46:48", "elapsed": 126.098772, "delta": 0.824417}}
{"target": -56.04367675408507, "params": {"C": 213621.70997664507, "gamma": 0.5736670675395616}, "datetime": {"datetime": "2021-10-04 11:46:49", "elapsed": 126.91373, "delta": 0.814958}}
{"target": -58.69052699680008, "params": {"C": 125023.51496443595, "gamma": 0.992307485664849}, "datetime": {"datetime": "2021-10-04 11:46:50", "elapsed": 127.74633, "delta": 0.8326}}
{"target": -53.23609810548415, "params": {"C": 169040.92401619512, "gamma": 0.4165182148500582}, "datetime": {"datetime": "2021-10-04 11:46:51", "elapsed": 128.555014, "delta": 0.808684}}
{"target": -56.11337411738394, "params": {"C": 278155.61584466515, "gamma": 0.571756375133032}, "datetime": {"datetime": "2021-10-04 11:46:52", "elapsed": 129.589788, "delta": 1.034774}}
{"target": -58.1986152364944, "params": {"C": 169770.31191950044, "gamma": 0.8503788583654137}, "datetime": {"datetime": "2021-10-04 11:46:53", "elapsed": 130.568723, "delta": 0.978935}}
{"target": -53.127714726244506, "params": {"C": 77888.94267593574, "gamma": 0.3997021988511896}, "datetime": {"datetime": "2021-10-04 11:46:54", "elapsed": 131.655841, "delta": 1.087118}}
{"target": -58.48241589460444, "params": {"C": 268275.9982191201, "gamma": 0.8529222256317286}, "datetime": {"datetime": "2021-10-04 11:46:55", "elapsed": 132.802622, "delta": 1.146781}}
{"target": -57.26831102897646, "params": {"C": 237001.99433125896, "gamma": 0.6850770418155829}, "datetime": {"datetime": "2021-10-04 11:46:56", "elapsed": 133.774228, "delta": 0.971606}}
{"target": -58.61775273301483, "params": {"C": 154874.27819428442, "gamma": 0.945709494423111}, "datetime": {"datetime": "2021-10-04 11:46:57", "elapsed": 134.926076, "delta": 1.151848}}
{"target": -55.36863988824439, "params": {"C": 242933.00295714484, "gamma": 0.5245255489170623}, "datetime": {"datetime": "2021-10-04 11:46:58", "elapsed": 136.050214, "delta": 1.124138}}
{"target": -55.77201193315971, "params": {"C": 279441.6333282862, "gamma": 0.5476399289097158}, "datetime": {"datetime": "2021-10-04 11:46:59", "elapsed": 137.04243, "delta": 0.992216}}
{"target": -58.511930677476734, "params": {"C": 329636.50544367364, "gamma": 0.832205158475956}, "datetime": {"datetime": "2021-10-04 11:47:00", "elapsed": 138.024361, "delta": 0.981931}}
{"target": -53.41145462225834, "params": {"C": 290567.40979264415, "gamma": 0.4114076580279858}, "datetime": {"datetime": "2021-10-04 11:47:02", "elapsed": 139.233079, "delta": 1.208718}}
{"target": -52.77198181747613, "params": {"C": 487398.95233770786, "gamma": 0.3245698972583355}, "datetime": {"datetime": "2021-10-04 11:47:03", "elapsed": 140.195147, "delta": 0.962068}}
{"target": -58.58589331694293, "params": {"C": 141180.3550744152, "gamma": 0.9501016110897891}, "datetime": {"datetime": "2021-10-04 11:47:04", "elapsed": 141.330119, "delta": 1.134972}}
{"target": -51.9025293635461, "params": {"C": 101761.11687758038, "gamma": 0.33930178420271123}, "datetime": {"datetime": "2021-10-04 11:47:05", "elapsed": 142.470392, "delta": 1.140273}}
{"target": -55.25342515712673, "params": {"C": 157246.30259568876, "gamma": 0.5261037344956631}, "datetime": {"datetime": "2021-10-04 11:47:06", "elapsed": 143.486371, "delta": 1.015979}}
{"target": -58.426373042894795, "params": {"C": 162697.53488155743, "gamma": 0.8973475991532429}, "datetime": {"datetime": "2021-10-04 11:47:07", "elapsed": 144.614984, "delta": 1.128613}}
{"target": -54.42391441676696, "params": {"C": 325942.5213528293, "gamma": 0.4659622288816946}, "datetime": {"datetime": "2021-10-04 11:47:08", "elapsed": 145.57522, "delta": 0.960236}}
{"target": -53.95035962629755, "params": {"C": 49410.3120343385, "gamma": 0.4182311130153797}, "datetime": {"datetime": "2021-10-04 11:47:09", "elapsed": 146.877938, "delta": 1.302718}}
{"target": -58.680729558165446, "params": {"C": 269497.7607287965, "gamma": 0.8907573325263018}, "datetime": {"datetime": "2021-10-04 11:47:10", "elapsed": 147.973433, "delta": 1.095495}}
{"target": -51.727065073368365, "params": {"C": 67002.59943264106, "gamma": 0.32121626580804485}, "datetime": {"datetime": "2021-10-04 11:47:11", "elapsed": 149.116574, "delta": 1.143141}}
{"target": -56.53526992900724, "params": {"C": 153691.14312362272, "gamma": 0.6266663038048821}, "datetime": {"datetime": "2021-10-04 11:47:13", "elapsed": 150.216233, "delta": 1.099659}}
{"target": -61.88255205963624, "params": {"C": 13803.508101140987, "gamma": 0.9631712655516538}, "datetime": {"datetime": "2021-10-04 11:47:14", "elapsed": 151.396228, "delta": 1.179995}}
{"target": -57.210973673069695, "params": {"C": 274847.3786574076, "gamma": 0.6700587860342304}, "datetime": {"datetime": "2021-10-04 11:47:15", "elapsed": 152.900162, "delta": 1.503934}}
{"target": -54.64666505700562, "params": {"C": 258793.7297686206, "gamma": 0.48138968562175505}, "datetime": {"datetime": "2021-10-04 11:47:17", "elapsed": 154.724331, "delta": 1.824169}}
{"target": -57.55174316481573, "params": {"C": 402492.7074958293, "gamma": 0.6846146924299168}, "datetime": {"datetime": "2021-10-04 11:47:18", "elapsed": 156.045698, "delta": 1.321367}}
{"target": -58.372919719437476, "params": {"C": 109619.3117012038, "gamma": 0.9210082346095418}, "datetime": {"datetime": "2021-10-04 11:47:20", "elapsed": 157.634243, "delta": 1.588545}}
{"target": -58.72334480952779, "params": {"C": 451916.53972970136, "gamma": 0.8365542472098515}, "datetime": {"datetime": "2021-10-04 11:47:21", "elapsed": 158.806134, "delta": 1.171891}}
{"target": -55.63687523890936, "params": {"C": 80027.40318275333, "gamma": 0.5548592167870787}, "datetime": {"datetime": "2021-10-04 11:47:22", "elapsed": 159.988211, "delta": 1.182077}}
{"target": -58.438835519926315, "params": {"C": 350349.35127730353, "gamma": 0.8122497328237628}, "datetime": {"datetime": "2021-10-04 11:47:23", "elapsed": 161.185599, "delta": 1.197388}}
{"target": -57.551682540413424, "params": {"C": 429893.97596086905, "gamma": 0.6808814785247367}, "datetime": {"datetime": "2021-10-04 11:47:25", "elapsed": 162.660005, "delta": 1.474406}}
{"target": -57.487552479906654, "params": {"C": 244720.05253542497, "gamma": 0.7095212976569114}, "datetime": {"datetime": "2021-10-04 11:47:26", "elapsed": 163.960254, "delta": 1.300249}}
{"target": -54.268270428004875, "params": {"C": 63530.03029479445, "gamma": 0.457839983139509}, "datetime": {"datetime": "2021-10-04 11:47:27", "elapsed": 165.154494, "delta": 1.19424}}
{"target": -56.098301382649794, "params": {"C": 97466.17716160885, "gamma": 0.5987935917775021}, "datetime": {"datetime": "2021-10-04 11:47:29", "elapsed": 166.471329, "delta": 1.316835}}
{"target": -58.581395942416655, "params": {"C": 412621.7766671155, "gamma": 0.8200685527244018}, "datetime": {"datetime": "2021-10-04 11:47:30", "elapsed": 167.700711, "delta": 1.229382}}
{"target": -59.1311332479201, "params": {"C": 40571.6069587513, "gamma": 0.9423324327313314}, "datetime": {"datetime": "2021-10-04 11:47:31", "elapsed": 168.993893, "delta": 1.293182}}
