{"target": -35.2123950842983, "params": {"C": 3243.96071568686, "gamma": 0.023404108528090432}, "datetime": {"datetime": "2021-09-28 15:32:20", "elapsed": 144.955996, "delta": 0.93514}}
{"target": -35.12751952202887, "params": {"C": 3710.432498276428, "gamma": 0.02441562607641}, "datetime": {"datetime": "2021-09-28 15:32:21", "elapsed": 146.083993, "delta": 1.127997}}
{"target": -35.37005127289113, "params": {"C": 3399.7296047395853, "gamma": 0.016405161084435925}, "datetime": {"datetime": "2021-09-28 15:32:22", "elapsed": 147.026717, "delta": 0.942724}}
{"target": -35.756871360757415, "params": {"C": 3979.182186732618, "gamma": 0.07823398119155033}, "datetime": {"datetime": "2021-09-28 15:32:24", "elapsed": 148.409716, "delta": 1.382999}}
{"target": -35.170153126196126, "params": {"C": 3497.334762910042, "gamma": 0.03969621056082799}, "datetime": {"datetime": "2021-09-28 15:32:25", "elapsed": 149.729657, "delta": 1.319941}}
{"target": -35.20182083655741, "params": {"C": 3442.7995534755496, "gamma": 0.02218441260422303}, "datetime": {"datetime": "2021-09-28 15:32:26", "elapsed": 150.834045, "delta": 1.104388}}
{"target": -35.39994820002842, "params": {"C": 3665.1590108871733, "gamma": 0.05832719917444838}, "datetime": {"datetime": "2021-09-28 15:32:27", "elapsed": 152.123049, "delta": 1.289004}}
{"target": -35.28963161634851, "params": {"C": 3138.482032566405, "gamma": 0.04395545423299609}, "datetime": {"datetime": "2021-09-28 15:32:28", "elapsed": 153.04503, "delta": 0.921981}}
{"target": -35.24188883415979, "params": {"C": 3418.466091955821, "gamma": 0.020229683239130786}, "datetime": {"datetime": "2021-09-28 15:32:30", "elapsed": 154.291667, "delta": 1.246637}}
{"target": -35.18356865026186, "params": {"C": 3360.345226812952, "gamma": 0.038195596988638426}, "datetime": {"datetime": "2021-09-28 15:32:31", "elapsed": 155.54184, "delta": 1.250173}}
{"target": -36.26992141677729, "params": {"C": 3863.650411153037, "gamma": 0.0034107614044105233}, "datetime": {"datetime": "2021-09-28 15:32:32", "elapsed": 156.655842, "delta": 1.114002}}
{"target": -35.17190426553015, "params": {"C": 3409.8975926019775, "gamma": 0.03800308942748575}, "datetime": {"datetime": "2021-09-28 15:32:33", "elapsed": 157.656368, "delta": 1.000526}}
{"target": -35.11479105904094, "params": {"C": 3604.1912894010125, "gamma": 0.03569497233171077}, "datetime": {"datetime": "2021-09-28 15:32:34", "elapsed": 158.61637, "delta": 0.960002}}
{"target": -35.34862656066835, "params": {"C": 3295.5216686826893, "gamma": 0.017054313426654578}, "datetime": {"datetime": "2021-09-28 15:32:35", "elapsed": 159.713665, "delta": 1.097295}}
{"target": -35.32120740719746, "params": {"C": 3553.4560432226303, "gamma": 0.0524391596831833}, "datetime": {"datetime": "2021-09-28 15:32:36", "elapsed": 161.010082, "delta": 1.296417}}
{"target": -35.22336065684635, "params": {"C": 3172.1662137765834, "gamma": 0.038319813018538845}, "datetime": {"datetime": "2021-09-28 15:32:37", "elapsed": 162.191083, "delta": 1.181001}}
{"target": -35.561593514601405, "params": {"C": 3983.238895569884, "gamma": 0.06927631086112576}, "datetime": {"datetime": "2021-09-28 15:32:39", "elapsed": 163.852599, "delta": 1.661516}}
{"target": -35.5850561099382, "params": {"C": 3331.198484771468, "gamma": 0.06408026793472338}, "datetime": {"datetime": "2021-09-28 15:32:40", "elapsed": 164.90766, "delta": 1.055061}}
{"target": -35.380143165791274, "params": {"C": 3856.1206953576225, "gamma": 0.05919954524064385}, "datetime": {"datetime": "2021-09-28 15:32:41", "elapsed": 166.100658, "delta": 1.192998}}
{"target": -35.46856749170138, "params": {"C": 3834.2792086975946, "gamma": 0.01391210547377342}, "datetime": {"datetime": "2021-09-28 15:32:43", "elapsed": 167.696859, "delta": 1.596201}}
{"target": -35.07163385703728, "params": {"C": 3859.7914976868888, "gamma": 0.02856245250460898}, "datetime": {"datetime": "2021-09-28 15:32:45", "elapsed": 169.33991, "delta": 1.643051}}
{"target": -35.93237758250146, "params": {"C": 3940.19070275982, "gamma": 0.006689308138696894}, "datetime": {"datetime": "2021-09-28 15:32:46", "elapsed": 170.616911, "delta": 1.277001}}
{"target": -35.31605221838721, "params": {"C": 3855.9247644845973, "gamma": 0.05560503519827162}, "datetime": {"datetime": "2021-09-28 15:32:48", "elapsed": 172.309909, "delta": 1.692998}}
{"target": -35.6876833495218, "params": {"C": 3792.456843124032, "gamma": 0.010077848955678155}, "datetime": {"datetime": "2021-09-28 15:32:49", "elapsed": 173.784208, "delta": 1.474299}}
{"target": -35.22936841034429, "params": {"C": 3749.7977023671237, "gamma": 0.01889795922924715}, "datetime": {"datetime": "2021-09-28 15:32:50", "elapsed": 174.794892, "delta": 1.010684}}
{"target": -35.42949335810004, "params": {"C": 3407.5583592475036, "gamma": 0.05716725943143977}, "datetime": {"datetime": "2021-09-28 15:32:51", "elapsed": 175.997131, "delta": 1.202239}}
{"target": -35.24933815742261, "params": {"C": 3173.8479510800184, "gamma": 0.02169780479626763}, "datetime": {"datetime": "2021-09-28 15:32:52", "elapsed": 177.11343, "delta": 1.116299}}
{"target": -35.1118255556608, "params": {"C": 3862.728020688935, "gamma": 0.04116798045775441}, "datetime": {"datetime": "2021-09-28 15:32:54", "elapsed": 178.451126, "delta": 1.337696}}
{"target": -35.206259717588004, "params": {"C": 3313.412698267266, "gamma": 0.039561322671944475}, "datetime": {"datetime": "2021-09-28 15:32:55", "elapsed": 179.664107, "delta": 1.212981}}
{"target": -35.22950376936837, "params": {"C": 3881.219350755538, "gamma": 0.05048338386070492}, "datetime": {"datetime": "2021-09-28 15:32:56", "elapsed": 181.050061, "delta": 1.385954}}
{"target": -35.27796394371079, "params": {"C": 3834.2837425187145, "gamma": 0.05315400327249883}, "datetime": {"datetime": "2021-09-28 15:32:58", "elapsed": 182.580062, "delta": 1.530001}}
{"target": -35.431854239433314, "params": {"C": 3665.1605585167054, "gamma": 0.05991916148933075}, "datetime": {"datetime": "2021-09-28 15:32:59", "elapsed": 183.878693, "delta": 1.298631}}
{"target": -35.05192599809074, "params": {"C": 3896.9003031816624, "gamma": 0.03318519088560456}, "datetime": {"datetime": "2021-09-28 15:33:01", "elapsed": 185.666544, "delta": 1.787851}}
{"target": -35.43972396427535, "params": {"C": 3927.9393153696956, "gamma": 0.06286405193811949}, "datetime": {"datetime": "2021-09-28 15:33:02", "elapsed": 187.219353, "delta": 1.552809}}
{"target": -35.281516172738705, "params": {"C": 3792.476450928615, "gamma": 0.05286670124068438}, "datetime": {"datetime": "2021-09-28 15:33:05", "elapsed": 189.495081, "delta": 2.275728}}
{"target": -35.16465921528334, "params": {"C": 3940.250336352568, "gamma": 0.02067841075644829}, "datetime": {"datetime": "2021-09-28 15:33:07", "elapsed": 191.446238, "delta": 1.951157}}
{"target": -35.51903007530722, "params": {"C": 3792.4399413631304, "gamma": 0.06553478617804616}, "datetime": {"datetime": "2021-09-28 15:33:09", "elapsed": 193.469874, "delta": 2.023636}}
{"target": -35.58364108793023, "params": {"C": 3874.2183575196204, "gamma": 0.06944193497489518}, "datetime": {"datetime": "2021-09-28 15:33:10", "elapsed": 194.944557, "delta": 1.474683}}
{"target": -35.39636745707448, "params": {"C": 3859.7984408167235, "gamma": 0.06004694727664077}, "datetime": {"datetime": "2021-09-28 15:33:12", "elapsed": 196.329168, "delta": 1.384611}}
{"target": -35.672554844971756, "params": {"C": 3941.9942380930866, "gamma": 0.010293238390824556}, "datetime": {"datetime": "2021-09-28 15:33:13", "elapsed": 197.652926, "delta": 1.323758}}
{"target": -35.12097584647418, "params": {"C": 3546.007636778834, "gamma": 0.0350330828651581}, "datetime": {"datetime": "2021-09-28 15:33:14", "elapsed": 198.932915, "delta": 1.279989}}
{"target": -35.71580956144687, "params": {"C": 3903.9218844186435, "gamma": 0.07587115812232983}, "datetime": {"datetime": "2021-09-28 15:33:15", "elapsed": 200.232289, "delta": 1.299374}}
{"target": -35.15159372894541, "params": {"C": 3901.638459741304, "gamma": 0.04544850926372224}, "datetime": {"datetime": "2021-09-28 15:33:18", "elapsed": 202.688577, "delta": 2.456288}}
{"target": -35.16641327208633, "params": {"C": 3861.816658521499, "gamma": 0.021046390144900333}, "datetime": {"datetime": "2021-09-28 15:33:20", "elapsed": 204.413445, "delta": 1.724868}}
{"target": -35.20987141166742, "params": {"C": 3989.7746964197718, "gamma": 0.0185718330045659}, "datetime": {"datetime": "2021-09-28 15:33:21", "elapsed": 206.153446, "delta": 1.740001}}
{"target": -35.42128348491462, "params": {"C": 3945.8522984631736, "gamma": 0.06210980089045752}, "datetime": {"datetime": "2021-09-28 15:33:23", "elapsed": 207.933387, "delta": 1.779941}}
{"target": -35.99032644920127, "params": {"C": 3896.8845713599053, "gamma": 0.006116235556810722}, "datetime": {"datetime": "2021-09-28 15:33:24", "elapsed": 209.176614, "delta": 1.243227}}
{"target": -35.285305222918524, "params": {"C": 3594.2441069322354, "gamma": 0.050615911041410465}, "datetime": {"datetime": "2021-09-28 15:33:26", "elapsed": 210.343231, "delta": 1.166617}}
{"target": -35.170459441498636, "params": {"C": 3324.0281618337926, "gamma": 0.0356885687759616}, "datetime": {"datetime": "2021-09-28 15:33:27", "elapsed": 211.509417, "delta": 1.166186}}
{"target": -35.06249779110808, "params": {"C": 3886.433483214737, "gamma": 0.029252623050091076}, "datetime": {"datetime": "2021-09-28 15:33:28", "elapsed": 213.126415, "delta": 1.616998}}
{"target": -35.327913886586984, "params": {"C": 3564.433988803309, "gamma": 0.05301884139254852}, "datetime": {"datetime": "2021-09-28 15:33:29", "elapsed": 214.24572, "delta": 1.119305}}
{"target": -35.893950358116314, "params": {"C": 3886.4503269963116, "gamma": 0.007141773334122023}, "datetime": {"datetime": "2021-09-28 15:33:31", "elapsed": 215.490794, "delta": 1.245074}}
{"target": -35.182008715916965, "params": {"C": 3941.9582561119432, "gamma": 0.019929570863342252}, "datetime": {"datetime": "2021-09-28 15:33:33", "elapsed": 217.357063, "delta": 1.866269}}
{"target": -35.175249791596094, "params": {"C": 3861.7984680321497, "gamma": 0.04658496528048586}, "datetime": {"datetime": "2021-09-28 15:33:35", "elapsed": 219.317388, "delta": 1.960325}}
{"target": -35.05574634877661, "params": {"C": 3940.2391962826528, "gamma": 0.03578428526290812}, "datetime": {"datetime": "2021-09-28 15:33:37", "elapsed": 221.393393, "delta": 2.076005}}
{"target": -35.428437086165886, "params": {"C": 3654.505215353279, "gamma": 0.05964225024313507}, "datetime": {"datetime": "2021-09-28 15:33:38", "elapsed": 222.607392, "delta": 1.213999}}
{"target": -35.409415044188606, "params": {"C": 3896.8786200365985, "gamma": 0.061053299574387605}, "datetime": {"datetime": "2021-09-28 15:33:40", "elapsed": 224.459347, "delta": 1.851955}}
{"target": -35.139234544868145, "params": {"C": 3887.630794855982, "gamma": 0.022176651382135287}, "datetime": {"datetime": "2021-09-28 15:33:41", "elapsed": 225.719597, "delta": 1.26025}}
{"target": -35.62443317306228, "params": {"C": 3862.732958016854, "gamma": 0.011161972493541988}, "datetime": {"datetime": "2021-09-28 15:33:43", "elapsed": 227.394222, "delta": 1.674625}}
{"target": -35.21913256472134, "params": {"C": 3852.9259436016987, "gamma": 0.04943952532545858}, "datetime": {"datetime": "2021-09-28 15:33:45", "elapsed": 229.62946, "delta": 2.235238}}
{"target": -35.24584980404888, "params": {"C": 3941.9777853916994, "gamma": 0.05233172573345074}, "datetime": {"datetime": "2021-09-28 15:33:47", "elapsed": 231.931351, "delta": 2.301891}}
{"target": -35.134532056727295, "params": {"C": 3834.3108739930285, "gamma": 0.04314435310839087}, "datetime": {"datetime": "2021-09-28 15:33:50", "elapsed": 234.355281, "delta": 2.42393}}
{"target": -35.43344800646057, "params": {"C": 3136.080401523939, "gamma": 0.05397799287584345}, "datetime": {"datetime": "2021-09-28 15:33:51", "elapsed": 235.681483, "delta": 1.326202}}
{"target": -36.03167847700062, "params": {"C": 3674.1259905473835, "gamma": 0.005805117441287042}, "datetime": {"datetime": "2021-09-28 15:33:53", "elapsed": 237.606528, "delta": 1.925045}}
{"target": -35.36926304037146, "params": {"C": 3859.8029977257834, "gamma": 0.015667536348907628}, "datetime": {"datetime": "2021-09-28 15:33:54", "elapsed": 239.009846, "delta": 1.403318}}
{"target": -35.296729342184214, "params": {"C": 3584.0788161556006, "gamma": 0.05123383026279885}, "datetime": {"datetime": "2021-09-28 15:33:56", "elapsed": 241.235316, "delta": 2.22547}}
{"target": -35.98341733600436, "params": {"C": 3526.0635358155105, "gamma": 0.006397010876610714}, "datetime": {"datetime": "2021-09-28 15:33:59", "elapsed": 243.56771, "delta": 2.332394}}
{"target": -35.243338498735895, "params": {"C": 3674.1021555080215, "gamma": 0.04885736971054486}, "datetime": {"datetime": "2021-09-28 15:34:01", "elapsed": 245.623564, "delta": 2.055854}}
{"target": -35.17846622876872, "params": {"C": 3862.745397307456, "gamma": 0.04681407749151706}, "datetime": {"datetime": "2021-09-28 15:34:03", "elapsed": 247.457107, "delta": 1.833543}}
{"target": -35.428375904699486, "params": {"C": 3886.4349990429146, "gamma": 0.06190287527626248}, "datetime": {"datetime": "2021-09-28 15:34:05", "elapsed": 249.370061, "delta": 1.912954}}
{"target": -35.08424388079075, "params": {"C": 3941.951186308927, "gamma": 0.03961729135254336}, "datetime": {"datetime": "2021-09-28 15:34:06", "elapsed": 251.144064, "delta": 1.774003}}
{"target": -35.18561207921939, "params": {"C": 3855.9548146282823, "gamma": 0.02022921101095331}, "datetime": {"datetime": "2021-09-28 15:34:08", "elapsed": 253.100881, "delta": 1.956817}}
{"target": -35.649505505880605, "params": {"C": 3696.8604898529784, "gamma": 0.07114814624873918}, "datetime": {"datetime": "2021-09-28 15:34:10", "elapsed": 254.452441, "delta": 1.35156}}
{"target": -35.21191234913815, "params": {"C": 3874.202650947626, "gamma": 0.01902086357146842}, "datetime": {"datetime": "2021-09-28 15:34:12", "elapsed": 257.182348, "delta": 2.729907}}
{"target": -35.354389954414394, "params": {"C": 3526.066692267894, "gamma": 0.054245721713018356}, "datetime": {"datetime": "2021-09-28 15:34:15", "elapsed": 259.564027, "delta": 2.381679}}
{"target": -35.28735861607551, "params": {"C": 3901.616644554082, "gamma": 0.017118336675267902}, "datetime": {"datetime": "2021-09-28 15:34:16", "elapsed": 261.133022, "delta": 1.568995}}
{"target": -35.27067411227543, "params": {"C": 3584.0387767599996, "gamma": 0.04953091304402211}, "datetime": {"datetime": "2021-09-28 15:34:18", "elapsed": 263.08719, "delta": 1.954168}}
{"target": -35.11924720117015, "params": {"C": 3518.786506640088, "gamma": 0.033836724196024806}, "datetime": {"datetime": "2021-09-28 15:34:22", "elapsed": 266.29594, "delta": 3.20875}}
{"target": -35.10172722301767, "params": {"C": 3674.088679129009, "gamma": 0.02828280675108439}, "datetime": {"datetime": "2021-09-28 15:34:23", "elapsed": 268.281136, "delta": 1.985196}}
{"target": -35.08985193370236, "params": {"C": 3945.904497806841, "gamma": 0.040407005715458987}, "datetime": {"datetime": "2021-09-28 15:34:25", "elapsed": 270.01111, "delta": 1.729974}}
{"target": -35.362020948792505, "params": {"C": 3945.897422996522, "gamma": 0.05914160687196432}, "datetime": {"datetime": "2021-09-28 15:34:27", "elapsed": 271.871247, "delta": 1.860137}}
{"target": -35.103827690575095, "params": {"C": 3855.918759815897, "gamma": 0.024889438325888642}, "datetime": {"datetime": "2021-09-28 15:34:30", "elapsed": 274.31188, "delta": 2.440633}}
{"target": -35.27212302499948, "params": {"C": 3518.77164358885, "gamma": 0.04880629440500818}, "datetime": {"datetime": "2021-09-28 15:34:32", "elapsed": 276.580151, "delta": 2.268271}}
{"target": -35.04286159048646, "params": {"C": 3998.7255517525473, "gamma": 0.034875324228709766}, "datetime": {"datetime": "2021-09-28 15:34:34", "elapsed": 278.783633, "delta": 2.203482}}
{"target": -35.24410629781735, "params": {"C": 3083.458153643711, "gamma": 0.038364474011370206}, "datetime": {"datetime": "2021-09-28 15:34:35", "elapsed": 280.267806, "delta": 1.484173}}
{"target": -35.17300774742232, "params": {"C": 3896.9155887391544, "gamma": 0.0468514729556961}, "datetime": {"datetime": "2021-09-28 15:34:37", "elapsed": 282.027093, "delta": 1.759287}}
{"target": -35.472074449484786, "params": {"C": 3933.7573459141213, "gamma": 0.013744450370436742}, "datetime": {"datetime": "2021-09-28 15:34:39", "elapsed": 283.424098, "delta": 1.397005}}
{"target": -35.07758305964202, "params": {"C": 3886.4085357003514, "gamma": 0.027323374820774845}, "datetime": {"datetime": "2021-09-28 15:34:41", "elapsed": 285.585144, "delta": 2.161046}}
{"target": -35.21057799458865, "params": {"C": 3088.3446565596114, "gamma": 0.03261382840728585}, "datetime": {"datetime": "2021-09-28 15:34:42", "elapsed": 286.990141, "delta": 1.404997}}
{"target": -35.25714799700388, "params": {"C": 3526.043542040139, "gamma": 0.04792597181621657}, "datetime": {"datetime": "2021-09-28 15:34:44", "elapsed": 288.903419, "delta": 1.913278}}
{"target": -35.104076513403335, "params": {"C": 3945.8805959360784, "gamma": 0.023743790063523}, "datetime": {"datetime": "2021-09-28 15:34:46", "elapsed": 290.77141, "delta": 1.867991}}
{"target": -35.27095869936851, "params": {"C": 3710.449634624482, "gamma": 0.05113552468366752}, "datetime": {"datetime": "2021-09-28 15:34:48", "elapsed": 292.568979, "delta": 1.797569}}
{"target": -35.05712946197565, "params": {"C": 3859.76016159421, "gamma": 0.03349255981157993}, "datetime": {"datetime": "2021-09-28 15:34:50", "elapsed": 294.953075, "delta": 2.384096}}
{"target": -35.13206944708826, "params": {"C": 3887.638347368916, "gamma": 0.04394965638059759}, "datetime": {"datetime": "2021-09-28 15:34:52", "elapsed": 296.68209, "delta": 1.729015}}
{"target": -35.8274523392272, "params": {"C": 3776.4195637700923, "gamma": 0.008057766920947229}, "datetime": {"datetime": "2021-09-28 15:34:53", "elapsed": 298.225999, "delta": 1.543909}}
{"target": -35.19845527532783, "params": {"C": 3918.7668465545876, "gamma": 0.04884143784419492}, "datetime": {"datetime": "2021-09-28 15:34:55", "elapsed": 299.590999, "delta": 1.365}}
{"target": -35.325734935285865, "params": {"C": 3703.398052078962, "gamma": 0.05462245798503643}, "datetime": {"datetime": "2021-09-28 15:34:56", "elapsed": 301.038401, "delta": 1.447402}}
{"target": -35.194949525684, "params": {"C": 3764.6032299774965, "gamma": 0.020325638461856397}, "datetime": {"datetime": "2021-09-28 15:34:58", "elapsed": 302.434595, "delta": 1.396194}}
{"target": -35.1581857308541, "params": {"C": 3604.1615713233987, "gamma": 0.04071487079261119}, "datetime": {"datetime": "2021-09-28 15:34:59", "elapsed": 304.244779, "delta": 1.810184}}
{"target": -35.222217152701354, "params": {"C": 3989.788409431152, "gamma": 0.051315159858555}, "datetime": {"datetime": "2021-09-28 15:35:01", "elapsed": 305.944566, "delta": 1.699787}}
{"target": -35.26473428123474, "params": {"C": 3998.6639845184804, "gamma": 0.017368826939796765}, "datetime": {"datetime": "2021-09-28 15:35:03", "elapsed": 308.047547, "delta": 2.102981}}
{"target": -35.50861733887543, "params": {"C": 3454.737626991734, "gamma": 0.06159049966936605}, "datetime": {"datetime": "2021-09-28 15:35:05", "elapsed": 309.844971, "delta": 1.797424}}
{"target": -35.08503985859211, "params": {"C": 3853.0398915239584, "gamma": 0.02700525662750726}, "datetime": {"datetime": "2021-09-28 15:35:07", "elapsed": 311.551976, "delta": 1.707005}}
{"target": -35.52486824163134, "params": {"C": 3998.709536515275, "gamma": 0.06761134591056508}, "datetime": {"datetime": "2021-09-28 15:35:09", "elapsed": 314.138425, "delta": 2.586449}}
{"target": -35.444278205567294, "params": {"C": 3604.1610197857754, "gamma": 0.014632371651062202}, "datetime": {"datetime": "2021-09-28 15:35:12", "elapsed": 316.493819, "delta": 2.355394}}
{"target": -35.44218627759003, "params": {"C": 3604.183904532815, "gamma": 0.05982191171308329}, "datetime": {"datetime": "2021-09-28 15:35:15", "elapsed": 319.71905, "delta": 3.225231}}
{"target": -35.66375118076374, "params": {"C": 3853.013907533311, "gamma": 0.010479963834082841}, "datetime": {"datetime": "2021-09-28 15:35:17", "elapsed": 321.642332, "delta": 1.923282}}
{"target": -35.352013313878125, "params": {"C": 3853.0350343148816, "gamma": 0.05766542829701686}, "datetime": {"datetime": "2021-09-28 15:35:19", "elapsed": 323.922262, "delta": 2.27993}}
{"target": -35.08139363524345, "params": {"C": 3998.7410800236103, "gamma": 0.02524853667501276}, "datetime": {"datetime": "2021-09-28 15:35:23", "elapsed": 327.380799, "delta": 3.458537}}
{"target": -35.1830254302744, "params": {"C": 3205.6319975993547, "gamma": 0.03279402491041226}, "datetime": {"datetime": "2021-09-28 15:35:24", "elapsed": 329.059245, "delta": 1.678446}}
{"target": -35.15493149235962, "params": {"C": 3442.8499105147635, "gamma": 0.025555313814591998}, "datetime": {"datetime": "2021-09-28 15:35:27", "elapsed": 331.35513, "delta": 2.295885}}
{"target": -35.18755569725867, "params": {"C": 3945.9161632231153, "gamma": 0.019678132753313586}, "datetime": {"datetime": "2021-09-28 15:35:30", "elapsed": 334.590659, "delta": 3.235529}}
{"target": -35.41525909648938, "params": {"C": 3353.4852468046347, "gamma": 0.05575799759081964}, "datetime": {"datetime": "2021-09-28 15:35:31", "elapsed": 336.157902, "delta": 1.567243}}
{"target": -35.06073017027447, "params": {"C": 3852.901622893779, "gamma": 0.03436473108370067}, "datetime": {"datetime": "2021-09-28 15:35:35", "elapsed": 339.323778, "delta": 3.165876}}
{"target": -35.26329020011361, "params": {"C": 3489.380768241885, "gamma": 0.01876352583524787}, "datetime": {"datetime": "2021-09-28 15:35:36", "elapsed": 341.069976, "delta": 1.746198}}
{"target": -35.44255577529246, "params": {"C": 3508.4458952593923, "gamma": 0.05886307060804206}, "datetime": {"datetime": "2021-09-28 15:35:38", "elapsed": 342.702559, "delta": 1.632583}}
