{"target": -42.61883870258191, "params": {"C": 7490.5945377893, "gamma": 0.01497788757005471}, "datetime": {"datetime": "2021-09-29 18:34:19", "elapsed": 832.524557, "delta": 3.197567}}
{"target": -42.493659501771305, "params": {"C": 5312.987600268491, "gamma": 0.019181484817211273}, "datetime": {"datetime": "2021-09-29 18:34:25", "elapsed": 837.616297, "delta": 5.09174}}
{"target": -41.93781582398662, "params": {"C": 5404.8791287327995, "gamma": 0.010248720367352509}, "datetime": {"datetime": "2021-09-29 18:34:30", "elapsed": 842.783343, "delta": 5.167046}}
{"target": -41.96840016140494, "params": {"C": 7280.1760027748915, "gamma": 0.006927070740964329}, "datetime": {"datetime": "2021-09-29 18:34:33", "elapsed": 845.989326, "delta": 3.205983}}
{"target": -42.13052474101469, "params": {"C": 5836.259620832428, "gamma": 0.011981856610677858}, "datetime": {"datetime": "2021-09-29 18:34:42", "elapsed": 854.587738, "delta": 8.598412}}
{"target": -43.000127879156004, "params": {"C": 9478.139284878327, "gamma": 0.016018049084089454}, "datetime": {"datetime": "2021-09-29 18:34:47", "elapsed": 859.89768, "delta": 5.309942}}
{"target": -43.009960986194265, "params": {"C": 6545.712243176489, "gamma": 0.023289757300391126}, "datetime": {"datetime": "2021-09-29 18:34:51", "elapsed": 864.237798, "delta": 4.340118}}
{"target": -42.590494502724624, "params": {"C": 5157.385613246361, "gamma": 0.021451616379828876}, "datetime": {"datetime": "2021-09-29 18:34:56", "elapsed": 868.638555, "delta": 4.400757}}
{"target": -42.758803803045346, "params": {"C": 5058.713184312525, "gamma": 0.0249433764682355}, "datetime": {"datetime": "2021-09-29 18:35:01", "elapsed": 874.268978, "delta": 5.630423}}
{"target": -41.65963540330502, "params": {"C": 9466.021265540214, "gamma": 0.002314415305176309}, "datetime": {"datetime": "2021-09-29 18:35:05", "elapsed": 877.747576, "delta": 3.478598}}
{"target": -41.464418190930644, "params": {"C": 5203.0455408394455, "gamma": 0.0027023642425587856}, "datetime": {"datetime": "2021-09-29 18:35:11", "elapsed": 883.983563, "delta": 6.235987}}
{"target": -42.31677165218807, "params": {"C": 6837.693327270859, "gamma": 0.012297256739195229}, "datetime": {"datetime": "2021-09-29 18:35:15", "elapsed": 888.1987, "delta": 4.215137}}
{"target": -42.021943775159656, "params": {"C": 5613.090293140424, "gamma": 0.010960646284925109}, "datetime": {"datetime": "2021-09-29 18:35:20", "elapsed": 893.05531, "delta": 4.85661}}
{"target": -42.83964086174794, "params": {"C": 7921.397155215944, "gamma": 0.016993843973188753}, "datetime": {"datetime": "2021-09-29 18:35:25", "elapsed": 897.986051, "delta": 4.930741}}
{"target": -42.45028825497259, "params": {"C": 9465.977851050466, "gamma": 0.009501537334319653}, "datetime": {"datetime": "2021-09-29 18:35:34", "elapsed": 906.899172, "delta": 8.913121}}
{"target": -43.589258772086005, "params": {"C": 7985.860747163255, "gamma": 0.027564701122491}, "datetime": {"datetime": "2021-09-29 18:35:39", "elapsed": 912.40469, "delta": 5.505518}}
{"target": -42.62929341848633, "params": {"C": 8286.962431959164, "gamma": 0.01355227826798953}, "datetime": {"datetime": "2021-09-29 18:35:44", "elapsed": 916.903787, "delta": 4.499097}}
{"target": -42.84199837682554, "params": {"C": 6999.0411478541855, "gamma": 0.019294158623999767}, "datetime": {"datetime": "2021-09-29 18:35:49", "elapsed": 921.798522, "delta": 4.894735}}
{"target": -42.35082531924228, "params": {"C": 5404.914020314188, "gamma": 0.0165295365671786}, "datetime": {"datetime": "2021-09-29 18:35:56", "elapsed": 928.817926, "delta": 7.019404}}
{"target": -41.500728594425325, "params": {"C": 9861.093761065651, "gamma": 0.0011121054982864563}, "datetime": {"datetime": "2021-09-29 18:36:01", "elapsed": 933.739751, "delta": 4.921825}}
{"target": -42.44697903661556, "params": {"C": 6620.1777592911385, "gamma": 0.01458966494018275}, "datetime": {"datetime": "2021-09-29 18:36:10", "elapsed": 942.858252, "delta": 9.118501}}
{"target": -42.59758821660501, "params": {"C": 9861.118706370191, "gamma": 0.010712844660192174}, "datetime": {"datetime": "2021-09-29 18:36:15", "elapsed": 947.57082, "delta": 4.712568}}
{"target": -41.76607588494165, "params": {"C": 5404.815659439756, "gamma": 0.00777598573688565}, "datetime": {"datetime": "2021-09-29 18:36:20", "elapsed": 953.224037, "delta": 5.653217}}
{"target": -43.29207056080266, "params": {"C": 8856.643958054174, "gamma": 0.020923402307206497}, "datetime": {"datetime": "2021-09-29 18:36:25", "elapsed": 957.715777, "delta": 4.49174}}
{"target": -41.50944484055022, "params": {"C": 6837.743130099211, "gamma": 0.0015398776871381214}, "datetime": {"datetime": "2021-09-29 18:36:29", "elapsed": 961.94254, "delta": 4.226763}}
{"target": -42.82247779636115, "params": {"C": 8939.735844884814, "gamma": 0.014795248198113738}, "datetime": {"datetime": "2021-09-29 18:36:32", "elapsed": 964.871704, "delta": 2.929164}}
{"target": -42.37440048605826, "params": {"C": 8974.677636868739, "gamma": 0.009285718563417273}, "datetime": {"datetime": "2021-09-29 18:36:35", "elapsed": 967.853445, "delta": 2.981741}}
{"target": -41.97428544309742, "params": {"C": 9126.947330418046, "gamma": 0.004544667341159737}, "datetime": {"datetime": "2021-09-29 18:36:38", "elapsed": 970.754895, "delta": 2.90145}}
{"target": -42.44155539577641, "params": {"C": 8642.30798604128, "gamma": 0.010619601418939771}, "datetime": {"datetime": "2021-09-29 18:36:41", "elapsed": 974.145414, "delta": 3.390519}}
{"target": -41.79124280162793, "params": {"C": 5312.975176262617, "gamma": 0.008340747909150577}, "datetime": {"datetime": "2021-09-29 18:36:46", "elapsed": 979.314642, "delta": 5.169228}}
{"target": -41.49072190792092, "params": {"C": 5203.056633079115, "gamma": 0.002186790856129586}, "datetime": {"datetime": "2021-09-29 18:36:52", "elapsed": 984.722816, "delta": 5.408174}}
{"target": -41.4957163702607, "params": {"C": 8665.635239416955, "gamma": 0.0012819426224663585}, "datetime": {"datetime": "2021-09-29 18:36:55", "elapsed": 988.447638, "delta": 3.724822}}
{"target": -42.29767447685782, "params": {"C": 8856.60321633373, "gamma": 0.0005311279240391022}, "datetime": {"datetime": "2021-09-29 20:05:02", "elapsed": 0.0, "delta": 0.0}}
{"target": -41.488058734665536, "params": {"C": 8168.241174631377, "gamma": 0.001623205823807918}, "datetime": {"datetime": "2021-09-29 20:05:02", "elapsed": 0.165857, "delta": 0.165857}}
{"target": -41.85652767014527, "params": {"C": 7492.535061512952, "gamma": 0.0008371949682962715}, "datetime": {"datetime": "2021-09-29 20:05:03", "elapsed": 0.355857, "delta": 0.19}}
{"target": -41.53096530667747, "params": {"C": 5990.31432379812, "gamma": 0.0016407960682984382}, "datetime": {"datetime": "2021-09-29 20:05:03", "elapsed": 0.540856, "delta": 0.184999}}
{"target": -42.57219688919559, "params": {"C": 5845.554182812677, "gamma": 0.0006325097212610154}, "datetime": {"datetime": "2021-09-29 20:05:03", "elapsed": 0.722857, "delta": 0.182001}}
{"target": -41.48683195886203, "params": {"C": 8167.279417245245, "gamma": 0.0015893071926705996}, "datetime": {"datetime": "2021-09-29 20:05:03", "elapsed": 0.969854, "delta": 0.246997}}
{"target": -41.487509170519964, "params": {"C": 6097.5904533068915, "gamma": 0.001964811151921514}, "datetime": {"datetime": "2021-09-29 20:05:04", "elapsed": 1.291859, "delta": 0.322005}}
{"target": -41.490081516910934, "params": {"C": 7983.510868405807, "gamma": 0.0016999263171302932}, "datetime": {"datetime": "2021-09-29 20:05:04", "elapsed": 1.724859, "delta": 0.433}}
{"target": -41.48667384309348, "params": {"C": 7804.12331455769, "gamma": 0.00162103629976193}, "datetime": {"datetime": "2021-09-29 20:05:04", "elapsed": 2.099254, "delta": 0.374395}}
{"target": -41.59093964146025, "params": {"C": 6326.691372456176, "gamma": 0.001349752844685852}, "datetime": {"datetime": "2021-09-29 20:05:05", "elapsed": 2.599254, "delta": 0.5}}
{"target": -41.56492326634478, "params": {"C": 6545.052800372056, "gamma": 0.001374136815541105}, "datetime": {"datetime": "2021-09-29 20:05:05", "elapsed": 3.230801, "delta": 0.631547}}
{"target": -41.72957876012596, "params": {"C": 6747.681002929604, "gamma": 0.001041444825184576}, "datetime": {"datetime": "2021-09-29 20:05:06", "elapsed": 3.549799, "delta": 0.318998}}
{"target": -41.51182439895626, "params": {"C": 8414.0293411947, "gamma": 0.00183195260581079}, "datetime": {"datetime": "2021-09-29 20:05:06", "elapsed": 4.182235, "delta": 0.632436}}
{"target": -41.542401876845034, "params": {"C": 8560.509667891882, "gamma": 0.002}, "datetime": {"datetime": "2021-09-29 20:05:07", "elapsed": 4.550234, "delta": 0.367999}}
{"target": -42.20941097426641, "params": {"C": 9998.583086516224, "gamma": 0.0005150700313301283}, "datetime": {"datetime": "2021-09-29 20:05:07", "elapsed": 4.88624, "delta": 0.336006}}
{"target": -42.091725753963, "params": {"C": 5000.350538766542, "gamma": 0.0009916509124864652}, "datetime": {"datetime": "2021-09-29 20:05:08", "elapsed": 5.282221, "delta": 0.395981}}
{"target": -41.96994964259572, "params": {"C": 9433.461197732808, "gamma": 0.0006378047308148695}, "datetime": {"datetime": "2021-09-29 20:05:08", "elapsed": 5.65422, "delta": 0.371999}}
{"target": -41.489498192925964, "params": {"C": 7069.216214059138, "gamma": 0.0016860442268554925}, "datetime": {"datetime": "2021-09-29 20:05:08", "elapsed": 6.040224, "delta": 0.386004}}
{"target": -42.390856869037464, "params": {"C": 7218.641288500543, "gamma": 0.0005885875753331412}, "datetime": {"datetime": "2021-09-29 20:05:09", "elapsed": 6.451514, "delta": 0.41129}}
{"target": -41.496270173230556, "params": {"C": 6957.256865009043, "gamma": 0.0016174298657181878}, "datetime": {"datetime": "2021-09-29 20:05:09", "elapsed": 6.804518, "delta": 0.353004}}
{"target": -41.50581907425261, "params": {"C": 7679.2139700224125, "gamma": 0.0013835259465757924}, "datetime": {"datetime": "2021-09-29 20:05:10", "elapsed": 7.25152, "delta": 0.447002}}
{"target": -41.614188844793325, "params": {"C": 5393.279235659923, "gamma": 0.001523861132702469}, "datetime": {"datetime": "2021-09-29 20:05:10", "elapsed": 7.630514, "delta": 0.378994}}
{"target": -42.1967975482911, "params": {"C": 5544.746025351336, "gamma": 0.0008358273183156097}, "datetime": {"datetime": "2021-09-29 20:05:10", "elapsed": 8.012514, "delta": 0.382}}
{"target": -42.59946239047921, "params": {"C": 5251.406260942739, "gamma": 0.0006847797577419442}, "datetime": {"datetime": "2021-09-29 20:05:11", "elapsed": 8.393623, "delta": 0.381109}}
{"target": -41.48870505469044, "params": {"C": 6209.721928448501, "gamma": 0.001915984624600547}, "datetime": {"datetime": "2021-09-29 20:05:11", "elapsed": 8.744619, "delta": 0.350996}}
{"target": -41.51590256392718, "params": {"C": 9170.584191464743, "gamma": 0.001124597560858816}, "datetime": {"datetime": "2021-09-29 20:05:11", "elapsed": 9.113616, "delta": 0.368997}}
{"target": -41.53110462604133, "params": {"C": 8307.37382666617, "gamma": 0.002}, "datetime": {"datetime": "2021-09-29 20:05:12", "elapsed": 9.451619, "delta": 0.338003}}
{"target": -42.25033058070892, "params": {"C": 9697.593001397807, "gamma": 0.0005122687180841685}, "datetime": {"datetime": "2021-09-29 20:05:12", "elapsed": 9.85962, "delta": 0.408001}}
{"target": -42.117157516904435, "params": {"C": 9061.315775565281, "gamma": 0.0005891637138746332}, "datetime": {"datetime": "2021-09-29 20:05:12", "elapsed": 10.206439, "delta": 0.346819}}
{"target": -41.48888198624532, "params": {"C": 9271.903758341508, "gamma": 0.0012498192029994212}, "datetime": {"datetime": "2021-09-29 20:05:13", "elapsed": 10.575442, "delta": 0.369003}}
{"target": -41.61218913517688, "params": {"C": 6441.571120492323, "gamma": 0.0012768997377823829}, "datetime": {"datetime": "2021-09-29 20:05:13", "elapsed": 10.953442, "delta": 0.378}}
{"target": -42.00359267822151, "params": {"C": 7894.438920667424, "gamma": 0.0007110905183307283}, "datetime": {"datetime": "2021-09-29 20:05:14", "elapsed": 11.305444, "delta": 0.352002}}
{"target": -41.676662366573176, "params": {"C": 8061.690983584487, "gamma": 0.0009489281386580287}, "datetime": {"datetime": "2021-09-29 20:05:14", "elapsed": 11.621441, "delta": 0.315997}}
{"target": -41.487032156028924, "params": {"C": 6864.558856068561, "gamma": 0.001804755310770404}, "datetime": {"datetime": "2021-09-29 20:05:14", "elapsed": 12.00244, "delta": 0.380999}}
{"target": -42.33111428304962, "params": {"C": 8662.028965197489, "gamma": 0.0005287975730816822}, "datetime": {"datetime": "2021-09-29 20:05:15", "elapsed": 12.389619, "delta": 0.387179}}
{"target": -41.539184757859516, "params": {"C": 8490.354346244574, "gamma": 0.002}, "datetime": {"datetime": "2021-09-29 20:05:15", "elapsed": 12.762618, "delta": 0.372999}}
{"target": -41.51351751325704, "params": {"C": 7743.440822373626, "gamma": 0.0013310375517425815}, "datetime": {"datetime": "2021-09-29 20:05:15", "elapsed": 13.219624, "delta": 0.457006}}
{"target": -41.777861279769006, "params": {"C": 6636.486505449337, "gamma": 0.0010030525072468686}, "datetime": {"datetime": "2021-09-29 20:05:16", "elapsed": 13.583657, "delta": 0.364033}}
{"target": -41.491681354736535, "params": {"C": 7599.109474673747, "gamma": 0.0018243594588347174}, "datetime": {"datetime": "2021-09-29 20:05:16", "elapsed": 13.992619, "delta": 0.408962}}
{"target": -41.50053240686024, "params": {"C": 7016.392337326259, "gamma": 0.0015626799452430837}, "datetime": {"datetime": "2021-09-29 20:05:17", "elapsed": 14.455819, "delta": 0.4632}}
{"target": -41.52101371466163, "params": {"C": 6042.676089557153, "gamma": 0.0016780297863350237}, "datetime": {"datetime": "2021-09-29 20:05:17", "elapsed": 14.83482, "delta": 0.379001}}
{"target": -41.578165055221874, "params": {"C": 9221.451247750207, "gamma": 0.0009781617971800411}, "datetime": {"datetime": "2021-09-29 20:05:18", "elapsed": 15.276413, "delta": 0.441593}}
{"target": -41.492829457302875, "params": {"C": 9335.854711278907, "gamma": 0.001210514946405846}, "datetime": {"datetime": "2021-09-29 20:05:18", "elapsed": 15.639415, "delta": 0.363002}}
{"target": -41.53036796683599, "params": {"C": 9849.481429150746, "gamma": 0.0010203479731770476}, "datetime": {"datetime": "2021-09-29 20:05:18", "elapsed": 16.077415, "delta": 0.438}}
{"target": -41.54957763768624, "params": {"C": 6155.46080998931, "gamma": 0.0015165741071363615}, "datetime": {"datetime": "2021-09-29 20:05:19", "elapsed": 16.485972, "delta": 0.408557}}
{"target": -41.74588747358192, "params": {"C": 7375.685032004187, "gamma": 0.0009452420970215839}, "datetime": {"datetime": "2021-09-29 20:05:19", "elapsed": 16.859009, "delta": 0.373037}}
{"target": -41.53938923469337, "params": {"C": 6265.731082545186, "gamma": 0.0015287416373961668}, "datetime": {"datetime": "2021-09-29 20:05:20", "elapsed": 17.365979, "delta": 0.50697}}
{"target": -41.93732481201185, "params": {"C": 8360.798679390487, "gamma": 0.0007161108059810083}, "datetime": {"datetime": "2021-09-29 20:05:20", "elapsed": 17.821972, "delta": 0.455993}}
{"target": -41.48726313954331, "params": {"C": 8251.264672484522, "gamma": 0.0014505708911365257}, "datetime": {"datetime": "2021-09-29 20:05:20", "elapsed": 18.194285, "delta": 0.372313}}
{"target": -42.25198615082841, "params": {"C": 5684.163373946086, "gamma": 0.0007876829625319499}, "datetime": {"datetime": "2021-09-29 20:05:21", "elapsed": 18.62057, "delta": 0.426285}}
{"target": -41.50269336694974, "params": {"C": 9556.925734370056, "gamma": 0.0011336530794365234}, "datetime": {"datetime": "2021-09-29 20:05:21", "elapsed": 19.067576, "delta": 0.447006}}
{"target": -42.018309681926716, "params": {"C": 6813.261959635309, "gamma": 0.0007935068157794098}, "datetime": {"datetime": "2021-09-29 20:05:22", "elapsed": 19.481717, "delta": 0.414141}}
{"target": -41.87389305499886, "params": {"C": 6907.4221133593655, "gamma": 0.0008830393987340674}, "datetime": {"datetime": "2021-09-29 20:05:22", "elapsed": 19.919707, "delta": 0.43799}}
{"target": -41.68339196621895, "params": {"C": 6384.318664163361, "gamma": 0.0011601341989447744}, "datetime": {"datetime": "2021-09-29 20:05:23", "elapsed": 20.309629, "delta": 0.389922}}
{"target": -41.60801792501338, "params": {"C": 9797.249392302274, "gamma": 0.002}, "datetime": {"datetime": "2021-09-29 20:05:23", "elapsed": 20.70863, "delta": 0.399001}}
{"target": -41.68821464003508, "params": {"C": 6495.445247735786, "gamma": 0.0011341871750843173}, "datetime": {"datetime": "2021-09-29 20:05:23", "elapsed": 21.131625, "delta": 0.422995}}
{"target": -42.31665552560233, "params": {"C": 5113.948964832127, "gamma": 0.0008310417693660772}, "datetime": {"datetime": "2021-09-29 20:05:24", "elapsed": 21.532662, "delta": 0.401037}}
{"target": -41.59682432120299, "params": {"C": 9604.22855347186, "gamma": 0.002}, "datetime": {"datetime": "2021-09-29 20:05:24", "elapsed": 22.004626, "delta": 0.471964}}
{"target": -41.56923501491639, "params": {"C": 5449.763180007083, "gamma": 0.0016442529613837548}, "datetime": {"datetime": "2021-09-29 20:05:25", "elapsed": 22.384994, "delta": 0.380368}}
{"target": -42.692970639573744, "params": {"C": 7118.987666690648, "gamma": 0.0005}, "datetime": {"datetime": "2021-09-29 20:05:25", "elapsed": 22.822958, "delta": 0.437964}}
{"target": -41.611025823291634, "params": {"C": 9903.631276805096, "gamma": 0.0019869502670786417}, "datetime": {"datetime": "2021-09-29 20:05:25", "elapsed": 23.191962, "delta": 0.369004}}
{"target": -41.4932575168015, "params": {"C": 7637.919293237737, "gamma": 0.0018401148932863712}, "datetime": {"datetime": "2021-09-29 20:05:26", "elapsed": 23.618956, "delta": 0.426994}}
{"target": -41.484171277008834, "params": {"C": 9507.384750505036, "gamma": 0.0013774578899565892}, "datetime": {"datetime": "2021-09-29 20:05:26", "elapsed": 24.025958, "delta": 0.407002}}
{"target": -41.4954667683935, "params": {"C": 8450.219604557082, "gamma": 0.0016784967281578249}, "datetime": {"datetime": "2021-09-29 20:05:27", "elapsed": 24.411694, "delta": 0.385736}}
{"target": -41.484331016421606, "params": {"C": 8962.859085771808, "gamma": 0.0014169093330645072}, "datetime": {"datetime": "2021-09-29 20:05:27", "elapsed": 24.826657, "delta": 0.414963}}
{"target": -42.38440135299957, "params": {"C": 8114.34729078705, "gamma": 0.0005380701255589954}, "datetime": {"datetime": "2021-09-29 20:05:28", "elapsed": 25.298371, "delta": 0.471714}}
{"target": -41.94877454207146, "params": {"C": 8020.306250593327, "gamma": 0.0007329639089046848}, "datetime": {"datetime": "2021-09-29 20:05:28", "elapsed": 25.702333, "delta": 0.403962}}
{"target": -41.484029417207324, "params": {"C": 9304.790555076099, "gamma": 0.0013155582975405262}, "datetime": {"datetime": "2021-09-29 20:05:28", "elapsed": 26.170893, "delta": 0.46856}}
{"target": -41.93331929815486, "params": {"C": 5944.551389747252, "gamma": 0.0009581582418086289}, "datetime": {"datetime": "2021-09-29 20:05:29", "elapsed": 26.595162, "delta": 0.424269}}
{"target": -41.7688165971089, "params": {"C": 7556.855312817135, "gamma": 0.0009038885924351921}, "datetime": {"datetime": "2021-09-29 20:05:29", "elapsed": 27.038163, "delta": 0.443001}}
{"target": -41.81019469356887, "params": {"C": 7951.742828514035, "gamma": 0.0008320962481811823}, "datetime": {"datetime": "2021-09-29 20:05:30", "elapsed": 27.463163, "delta": 0.425}}
{"target": -41.49129304059871, "params": {"C": 7044.533845536388, "gamma": 0.0016595503364574692}, "datetime": {"datetime": "2021-09-29 20:05:30", "elapsed": 27.94716, "delta": 0.483997}}
{"target": -41.48608792436435, "params": {"C": 8216.054635938175, "gamma": 0.0015015643034264035}, "datetime": {"datetime": "2021-09-29 20:05:31", "elapsed": 28.36433, "delta": 0.41717}}
{"target": -42.04677714900538, "params": {"C": 7314.439482286345, "gamma": 0.0007320592227176066}, "datetime": {"datetime": "2021-09-29 20:05:31", "elapsed": 28.842339, "delta": 0.478009}}
{"target": -42.078770977907695, "params": {"C": 8928.01536587696, "gamma": 0.0006121199150542729}, "datetime": {"datetime": "2021-09-29 20:05:32", "elapsed": 29.413335, "delta": 0.570996}}
{"target": -41.515279507931716, "params": {"C": 8995.619915208325, "gamma": 0.0017296508806791768}, "datetime": {"datetime": "2021-09-29 20:05:32", "elapsed": 29.967333, "delta": 0.553998}}
{"target": -41.69505974004747, "params": {"C": 8761.058205596059, "gamma": 0.0008679287955289601}, "datetime": {"datetime": "2021-09-29 20:05:33", "elapsed": 30.467207, "delta": 0.499874}}
{"target": -41.49523114240648, "params": {"C": 9131.450788712315, "gamma": 0.0012205579041767176}, "datetime": {"datetime": "2021-09-29 20:05:33", "elapsed": 31.030202, "delta": 0.562995}}
{"target": -41.48564646739985, "params": {"C": 6694.931647333312, "gamma": 0.002}, "datetime": {"datetime": "2021-09-29 20:05:34", "elapsed": 31.461241, "delta": 0.431039}}
{"target": -41.84775542003811, "params": {"C": 5344.347385859536, "gamma": 0.0011452600823507442}, "datetime": {"datetime": "2021-09-29 20:05:34", "elapsed": 31.966208, "delta": 0.504967}}
{"target": -41.540077907824674, "params": {"C": 8526.643630016179, "gamma": 0.001995261142763441}, "datetime": {"datetime": "2021-09-29 20:05:35", "elapsed": 32.456967, "delta": 0.490759}}
{"target": -41.809211107001715, "params": {"C": 7429.500647391546, "gamma": 0.00088094324702461}, "datetime": {"datetime": "2021-09-29 20:05:35", "elapsed": 32.914969, "delta": 0.458002}}
{"target": -41.48670787468178, "params": {"C": 7774.748310207552, "gamma": 0.0016270177778464287}, "datetime": {"datetime": "2021-09-29 20:05:36", "elapsed": 33.412968, "delta": 0.497999}}
{"target": -41.65635183852459, "params": {"C": 6584.078588990437, "gamma": 0.001168523796985393}, "datetime": {"datetime": "2021-09-29 20:05:36", "elapsed": 33.968967, "delta": 0.555999}}
{"target": -41.48645731917333, "params": {"C": 6984.786425665738, "gamma": 0.0018290464643761814}, "datetime": {"datetime": "2021-09-29 20:05:37", "elapsed": 34.427169, "delta": 0.458202}}
