{"target": -50.11773056784595, "params": {"C": 213593.8873826017, "gamma": 0.3236464363107137}, "datetime": {"datetime": "2021-10-04 11:40:43", "elapsed": 251.558447, "delta": 1.661604}}
{"target": -51.643660560652705, "params": {"C": 410249.95778244373, "gamma": 0.27683328239565946}, "datetime": {"datetime": "2021-10-04 11:40:45", "elapsed": 253.271494, "delta": 1.713047}}
{"target": -51.11002096251878, "params": {"C": 237359.97343678374, "gamma": 0.05171202177869272}, "datetime": {"datetime": "2021-10-04 11:40:46", "elapsed": 255.144832, "delta": 1.873338}}
{"target": -51.586047065502456, "params": {"C": 363916.41723526904, "gamma": 0.26853630744944756}, "datetime": {"datetime": "2021-10-04 11:40:48", "elapsed": 256.356165, "delta": 1.211333}}
{"target": -53.85043707922183, "params": {"C": 364521.3883476608, "gamma": 0.13026938733312113}, "datetime": {"datetime": "2021-10-04 11:40:49", "elapsed": 257.650041, "delta": 1.293876}}
{"target": -52.914078623513824, "params": {"C": 279890.972261542, "gamma": 0.8248886935708629}, "datetime": {"datetime": "2021-10-04 11:40:51", "elapsed": 0.0, "delta": 0.0}}
{"target": -51.89217210848894, "params": {"C": 152543.32206734273, "gamma": 0.7064965631185978}, "datetime": {"datetime": "2021-10-04 11:40:51", "elapsed": 0.149379, "delta": 0.149379}}
{"target": -54.00352035402303, "params": {"C": 447544.0076303508, "gamma": 0.9377758533600629}, "datetime": {"datetime": "2021-10-04 11:40:52", "elapsed": 0.349964, "delta": 0.200585}}
{"target": -50.78766231049351, "params": {"C": 71536.80212727976, "gamma": 0.524345726882912}, "datetime": {"datetime": "2021-10-04 11:40:52", "elapsed": 0.507611, "delta": 0.157647}}
{"target": -53.82093984827591, "params": {"C": 35218.92961740664, "gamma": 0.6644859061903818}, "datetime": {"datetime": "2021-10-04 11:40:52", "elapsed": 0.666049, "delta": 0.158438}}
{"target": -53.33285005188751, "params": {"C": 152527.49845644325, "gamma": 0.8446494438397376}, "datetime": {"datetime": "2021-10-04 11:40:52", "elapsed": 0.908822, "delta": 0.242773}}
{"target": -52.57835269931561, "params": {"C": 109811.38768657956, "gamma": 0.744287864455552}, "datetime": {"datetime": "2021-10-04 11:40:52", "elapsed": 1.156553, "delta": 0.247731}}
{"target": -49.396294381739, "params": {"C": 241007.10450358503, "gamma": 0.482452221056234}, "datetime": {"datetime": "2021-10-04 11:40:53", "elapsed": 1.401116, "delta": 0.244563}}
{"target": -53.29775241638611, "params": {"C": 246223.38890837997, "gamma": 0.8604620482574232}, "datetime": {"datetime": "2021-10-04 11:40:53", "elapsed": 1.727119, "delta": 0.326003}}
{"target": -54.354168155975714, "params": {"C": 146721.53978297862, "gamma": 0.9534998161030935}, "datetime": {"datetime": "2021-10-04 11:40:53", "elapsed": 1.99925, "delta": 0.272131}}
{"target": -49.370659959540106, "params": {"C": 215732.21319410595, "gamma": 0.44160950190032505}, "datetime": {"datetime": "2021-10-04 11:40:54", "elapsed": 2.344513, "delta": 0.345263}}
{"target": -49.53360250906449, "params": {"C": 368269.5475718499, "gamma": 0.4925452943221131}, "datetime": {"datetime": "2021-10-04 11:40:54", "elapsed": 2.587305, "delta": 0.242792}}
{"target": -54.24834396545771, "params": {"C": 471309.0175211696, "gamma": 0.9646360991206965}, "datetime": {"datetime": "2021-10-04 11:40:54", "elapsed": 2.870305, "delta": 0.283}}
{"target": -53.5263210448643, "params": {"C": 112026.56660309779, "gamma": 0.8436670496023337}, "datetime": {"datetime": "2021-10-04 11:40:54", "elapsed": 3.277634, "delta": 0.407329}}
{"target": -54.90084773283683, "params": {"C": 98995.71634375822, "gamma": 0.9906943538701308}, "datetime": {"datetime": "2021-10-04 11:40:55", "elapsed": 3.582108, "delta": 0.304474}}
{"target": -55.684303761880756, "params": {"C": 41774.39303049738, "gamma": 0.9296918389477585}, "datetime": {"datetime": "2021-10-04 11:40:55", "elapsed": 3.855549, "delta": 0.273441}}
{"target": -49.74673532405413, "params": {"C": 435502.19162556203, "gamma": 0.4457837450486308}, "datetime": {"datetime": "2021-10-04 11:40:55", "elapsed": 4.115594, "delta": 0.260045}}
{"target": -52.82804931638579, "params": {"C": 326674.4131825058, "gamma": 0.8170539698178305}, "datetime": {"datetime": "2021-10-04 11:40:56", "elapsed": 4.394828, "delta": 0.279234}}
{"target": -52.25177200631388, "params": {"C": 371815.76141367364, "gamma": 0.7635012493311657}, "datetime": {"datetime": "2021-10-04 11:40:56", "elapsed": 4.646195, "delta": 0.251367}}
{"target": -54.03625601134533, "params": {"C": 403351.98272885935, "gamma": 0.941316606805281}, "datetime": {"datetime": "2021-10-04 11:40:56", "elapsed": 4.979196, "delta": 0.333001}}
{"target": -52.61875633652858, "params": {"C": 211571.39321137554, "gamma": 0.7877884022903401}, "datetime": {"datetime": "2021-10-04 11:40:56", "elapsed": 5.252467, "delta": 0.273271}}
{"target": -52.35886953642712, "params": {"C": 452004.23389889806, "gamma": 0.7742982880849381}, "datetime": {"datetime": "2021-10-04 11:40:57", "elapsed": 5.538756, "delta": 0.286289}}
{"target": -53.76109994969267, "params": {"C": 169481.26284875654, "gamma": 0.8949621722117708}, "datetime": {"datetime": "2021-10-04 11:40:57", "elapsed": 5.819264, "delta": 0.280508}}
{"target": -50.762494125828795, "params": {"C": 63322.29740992636, "gamma": 0.4877449999313493}, "datetime": {"datetime": "2021-10-04 11:40:57", "elapsed": 6.151895, "delta": 0.332631}}
{"target": -53.75429110836045, "params": {"C": 371813.51172430615, "gamma": 0.9109462166372431}, "datetime": {"datetime": "2021-10-04 11:40:58", "elapsed": 6.444482, "delta": 0.292587}}
{"target": -51.00918149096725, "params": {"C": 132534.21827957276, "gamma": 0.6224271076078125}, "datetime": {"datetime": "2021-10-04 11:40:58", "elapsed": 6.753883, "delta": 0.309401}}
{"target": -49.639364406835206, "params": {"C": 311067.66715346224, "gamma": 0.43138552243292766}, "datetime": {"datetime": "2021-10-04 11:40:58", "elapsed": 7.012887, "delta": 0.259004}}
{"target": -49.728573200464346, "params": {"C": 173560.25648820063, "gamma": 0.5325362395461323}, "datetime": {"datetime": "2021-10-04 11:40:58", "elapsed": 7.300525, "delta": 0.287638}}
{"target": -49.60689160192475, "params": {"C": 448480.8878652805, "gamma": 0.49713444096810483}, "datetime": {"datetime": "2021-10-04 11:40:59", "elapsed": 7.617529, "delta": 0.317004}}
{"target": -50.05210998546902, "params": {"C": 435499.46703166974, "gamma": 0.5696541153489433}, "datetime": {"datetime": "2021-10-04 11:40:59", "elapsed": 7.895839, "delta": 0.27831}}
{"target": -49.41035285252676, "params": {"C": 215738.22164940968, "gamma": 0.4964209382650726}, "datetime": {"datetime": "2021-10-04 11:40:59", "elapsed": 8.199346, "delta": 0.303507}}
{"target": -54.08159846303944, "params": {"C": 173553.49803187282, "gamma": 0.930481148912416}, "datetime": {"datetime": "2021-10-04 11:41:00", "elapsed": 8.489021, "delta": 0.289675}}
{"target": -51.37068390264342, "params": {"C": 311071.43244237977, "gamma": 0.6825922182394137}, "datetime": {"datetime": "2021-10-04 11:41:00", "elapsed": 8.950947, "delta": 0.461926}}
{"target": -49.82378382319904, "params": {"C": 435510.7761364578, "gamma": 0.4330062737167572}, "datetime": {"datetime": "2021-10-04 11:41:00", "elapsed": 9.289424, "delta": 0.338477}}
{"target": -51.83702474150195, "params": {"C": 368279.7502164431, "gamma": 0.7260070644659784}, "datetime": {"datetime": "2021-10-04 11:41:01", "elapsed": 9.576495, "delta": 0.287071}}
{"target": -52.170246305427355, "params": {"C": 435516.2520289796, "gamma": 0.7573571872873388}, "datetime": {"datetime": "2021-10-04 11:41:01", "elapsed": 9.901255, "delta": 0.32476}}
{"target": -53.647888297946324, "params": {"C": 215718.19653261284, "gamma": 0.8912700062270646}, "datetime": {"datetime": "2021-10-04 11:41:01", "elapsed": 10.265363, "delta": 0.364108}}
{"target": -51.9767983344665, "params": {"C": 368266.4147104047, "gamma": 0.7382956693154572}, "datetime": {"datetime": "2021-10-04 11:41:02", "elapsed": 10.71488, "delta": 0.449517}}
{"target": -52.31112414391549, "params": {"C": 215740.38764720035, "gamma": 0.7594195163592359}, "datetime": {"datetime": "2021-10-04 11:41:02", "elapsed": 11.062245, "delta": 0.347365}}
{"target": -53.83561182986142, "params": {"C": 311062.6050420734, "gamma": 0.9173361499289897}, "datetime": {"datetime": "2021-10-04 11:41:03", "elapsed": 11.361437, "delta": 0.299192}}
{"target": -54.27318404606029, "params": {"C": 241009.903992243, "gamma": 0.9604227786361956}, "datetime": {"datetime": "2021-10-04 11:41:03", "elapsed": 11.705903, "delta": 0.344466}}
{"target": -54.33987269347614, "params": {"C": 71533.25550361711, "gamma": 0.8798382637489603}, "datetime": {"datetime": "2021-10-04 11:41:03", "elapsed": 12.007293, "delta": 0.30139}}
{"target": -49.35070968434771, "params": {"C": 215733.62994865223, "gamma": 0.4662880820591533}, "datetime": {"datetime": "2021-10-04 11:41:03", "elapsed": 12.31064, "delta": 0.303347}}
{"target": -54.35108301552412, "params": {"C": 71541.41717749975, "gamma": 0.8811195657939913}, "datetime": {"datetime": "2021-10-04 11:41:04", "elapsed": 12.698639, "delta": 0.387999}}
{"target": -49.63945000540941, "params": {"C": 371838.2487147711, "gamma": 0.4514174863639521}, "datetime": {"datetime": "2021-10-04 11:41:04", "elapsed": 13.015641, "delta": 0.317002}}
{"target": -54.0628146377641, "params": {"C": 448482.10741809907, "gamma": 0.9444025130874679}, "datetime": {"datetime": "2021-10-04 11:41:04", "elapsed": 13.326045, "delta": 0.310404}}
{"target": -52.52004252923452, "params": {"C": 311065.2263436239, "gamma": 0.7867838224737028}, "datetime": {"datetime": "2021-10-04 11:41:05", "elapsed": 13.64336, "delta": 0.317315}}
{"target": -53.22257084514727, "params": {"C": 71537.60142081798, "gamma": 0.7576134290931218}, "datetime": {"datetime": "2021-10-04 11:41:05", "elapsed": 14.05906, "delta": 0.4157}}
{"target": -50.783864908741705, "params": {"C": 389760.53741685936, "gamma": 0.6355994466179411}, "datetime": {"datetime": "2021-10-04 11:41:06", "elapsed": 14.429998, "delta": 0.370938}}
{"target": -53.48719035723299, "params": {"C": 331169.5098262534, "gamma": 0.8832127068610689}, "datetime": {"datetime": "2021-10-04 11:41:06", "elapsed": 14.788998, "delta": 0.359}}
{"target": -52.40225402129799, "params": {"C": 191005.99107332184, "gamma": 0.7632462592995612}, "datetime": {"datetime": "2021-10-04 11:41:06", "elapsed": 15.183055, "delta": 0.394057}}
{"target": -50.55397385074007, "params": {"C": 230640.4225190809, "gamma": 0.6100997392130127}, "datetime": {"datetime": "2021-10-04 11:41:07", "elapsed": 15.558056, "delta": 0.375001}}
{"target": -49.62170009954827, "params": {"C": 385921.1661682049, "gamma": 0.4626434126672524}, "datetime": {"datetime": "2021-10-04 11:41:07", "elapsed": 15.922629, "delta": 0.364573}}
{"target": -50.63555681509077, "params": {"C": 260296.1528079062, "gamma": 0.6188376207445234}, "datetime": {"datetime": "2021-10-04 11:41:07", "elapsed": 16.327668, "delta": 0.405039}}
{"target": -52.682072135918204, "params": {"C": 455518.3742813575, "gamma": 0.8044270433910147}, "datetime": {"datetime": "2021-10-04 11:41:08", "elapsed": 16.708663, "delta": 0.380995}}
{"target": -50.13370767793831, "params": {"C": 295506.22474105324, "gamma": 0.5768387484110375}, "datetime": {"datetime": "2021-10-04 11:41:08", "elapsed": 17.063092, "delta": 0.354429}}
{"target": -49.584380680874105, "params": {"C": 435499.4599608712, "gamma": 0.503095881334416}, "datetime": {"datetime": "2021-10-04 11:41:09", "elapsed": 17.414912, "delta": 0.35182}}
{"target": -49.454718928009115, "params": {"C": 132535.18854203576, "gamma": 0.4505937464294769}, "datetime": {"datetime": "2021-10-04 11:41:09", "elapsed": 17.848406, "delta": 0.433494}}
{"target": -53.96458892075767, "params": {"C": 132536.76854788454, "gamma": 0.9026632909913184}, "datetime": {"datetime": "2021-10-04 11:41:09", "elapsed": 18.177409, "delta": 0.329003}}
{"target": -53.33706770941624, "params": {"C": 241007.68865423248, "gamma": 0.8638123540704016}, "datetime": {"datetime": "2021-10-04 11:41:10", "elapsed": 18.526988, "delta": 0.349579}}
{"target": -50.78699328642938, "params": {"C": 71355.43857865184, "gamma": 0.5236371225325703}, "datetime": {"datetime": "2021-10-04 11:41:10", "elapsed": 18.891279, "delta": 0.364291}}
{"target": -49.55071592110441, "params": {"C": 241007.5461304656, "gamma": 0.4161515384756335}, "datetime": {"datetime": "2021-10-04 11:41:10", "elapsed": 19.239836, "delta": 0.348557}}
{"target": -51.69382836564062, "params": {"C": 215731.88014226628, "gamma": 0.7044966453542716}, "datetime": {"datetime": "2021-10-04 11:41:11", "elapsed": 19.621616, "delta": 0.38178}}
{"target": -49.66267346950664, "params": {"C": 435501.5749646114, "gamma": 0.5241181615619287}, "datetime": {"datetime": "2021-10-04 11:41:11", "elapsed": 20.00631, "delta": 0.384694}}
{"target": -51.879327127057145, "params": {"C": 132534.8038349494, "gamma": 0.6956981610966142}, "datetime": {"datetime": "2021-10-04 11:41:12", "elapsed": 20.361864, "delta": 0.355554}}
{"target": -53.4995490177801, "params": {"C": 385925.3163747492, "gamma": 0.8845809972994754}, "datetime": {"datetime": "2021-10-04 11:41:12", "elapsed": 20.736047, "delta": 0.374183}}
{"target": -52.767656690847254, "params": {"C": 389760.2138110456, "gamma": 0.8120000302784454}, "datetime": {"datetime": "2021-10-04 11:41:13", "elapsed": 21.345163, "delta": 0.609116}}
{"target": -50.561535917762214, "params": {"C": 311067.6587208617, "gamma": 0.6147722419641787}, "datetime": {"datetime": "2021-10-04 11:41:13", "elapsed": 21.94398, "delta": 0.598817}}
{"target": -54.05294115905874, "params": {"C": 138572.94771245672, "gamma": 0.915220709437061}, "datetime": {"datetime": "2021-10-04 11:41:13", "elapsed": 22.316558, "delta": 0.372578}}
{"target": -54.19642237262247, "params": {"C": 297870.6558493104, "gamma": 0.9559044375181243}, "datetime": {"datetime": "2021-10-04 11:41:14", "elapsed": 22.709875, "delta": 0.393317}}
{"target": -54.547735414391845, "params": {"C": 43956.52776205984, "gamma": 0.7990890025777702}, "datetime": {"datetime": "2021-10-04 11:41:14", "elapsed": 23.071874, "delta": 0.361999}}
{"target": -54.50895326458285, "params": {"C": 368271.4175445139, "gamma": 0.9933735966424665}, "datetime": {"datetime": "2021-10-04 11:41:15", "elapsed": 23.481001, "delta": 0.409127}}
{"target": -54.55633521364662, "params": {"C": 443595.3836000607, "gamma": 0.9988242027378439}, "datetime": {"datetime": "2021-10-04 11:41:15", "elapsed": 23.888953, "delta": 0.407952}}
{"target": -49.544292979360044, "params": {"C": 146261.3170188647, "gamma": 0.48989551146414406}, "datetime": {"datetime": "2021-10-04 11:41:15", "elapsed": 24.254948, "delta": 0.365995}}
{"target": -52.321603529695, "params": {"C": 243231.07933777373, "gamma": 0.7636716610901885}, "datetime": {"datetime": "2021-10-04 11:41:16", "elapsed": 24.616585, "delta": 0.361637}}
{"target": -50.40835129841953, "params": {"C": 448480.5861205848, "gamma": 0.6044246893233925}, "datetime": {"datetime": "2021-10-04 11:41:16", "elapsed": 25.029769, "delta": 0.413184}}
{"target": -51.41305245222443, "params": {"C": 260292.44489070776, "gamma": 0.683136987496281}, "datetime": {"datetime": "2021-10-04 11:41:17", "elapsed": 25.410266, "delta": 0.380497}}
{"target": -53.806777623476385, "params": {"C": 173561.65399588883, "gamma": 0.9010607207823111}, "datetime": {"datetime": "2021-10-04 11:41:17", "elapsed": 25.877847, "delta": 0.467581}}
{"target": -50.23819127571671, "params": {"C": 368269.72613816994, "gamma": 0.5878368487812758}, "datetime": {"datetime": "2021-10-04 11:41:17", "elapsed": 26.291799, "delta": 0.413952}}
{"target": -51.28856621725887, "params": {"C": 215733.99302752622, "gamma": 0.6683796488583893}, "datetime": {"datetime": "2021-10-04 11:41:18", "elapsed": 26.746393, "delta": 0.454594}}
{"target": -53.850333211207854, "params": {"C": 215732.55744827015, "gamma": 0.9119064595527706}, "datetime": {"datetime": "2021-10-04 11:41:18", "elapsed": 27.300856, "delta": 0.554463}}
{"target": -53.463367144353604, "params": {"C": 389761.7571086705, "gamma": 0.8809616404723705}, "datetime": {"datetime": "2021-10-04 11:41:19", "elapsed": 27.734331, "delta": 0.433475}}
{"target": -52.68324085052285, "params": {"C": 159460.94152756358, "gamma": 0.7807075792522469}, "datetime": {"datetime": "2021-10-04 11:41:19", "elapsed": 28.144051, "delta": 0.40972}}
{"target": -50.310495192707776, "params": {"C": 132535.7151753015, "gamma": 0.5673969764192043}, "datetime": {"datetime": "2021-10-04 11:41:20", "elapsed": 28.586886, "delta": 0.442835}}
{"target": -52.0993550493706, "params": {"C": 143849.13439791498, "gamma": 0.7204550663236586}, "datetime": {"datetime": "2021-10-04 11:41:20", "elapsed": 29.002294, "delta": 0.415408}}
{"target": -50.77542262604394, "params": {"C": 371837.1998082789, "gamma": 0.6345274664606118}, "datetime": {"datetime": "2021-10-04 11:41:21", "elapsed": 29.513388, "delta": 0.511094}}
{"target": -49.36565935978459, "params": {"C": 215736.10569693623, "gamma": 0.4429832486027113}, "datetime": {"datetime": "2021-10-04 11:41:21", "elapsed": 29.990533, "delta": 0.477145}}
{"target": -53.14620159971609, "params": {"C": 435511.7792985782, "gamma": 0.8505297418218636}, "datetime": {"datetime": "2021-10-04 11:41:22", "elapsed": 30.498752, "delta": 0.508219}}
{"target": -54.32751663796571, "params": {"C": 295506.51509693183, "gamma": 0.9706801686131622}, "datetime": {"datetime": "2021-10-04 11:41:22", "elapsed": 30.92857, "delta": 0.429818}}
{"target": -54.71003858682803, "params": {"C": 154939.23904207422, "gamma": 0.9997887034031026}, "datetime": {"datetime": "2021-10-04 11:41:23", "elapsed": 31.399488, "delta": 0.470918}}
{"target": -49.59101996980385, "params": {"C": 215738.69157334103, "gamma": 0.5221506826698551}, "datetime": {"datetime": "2021-10-04 11:41:23", "elapsed": 31.913681, "delta": 0.514193}}
{"target": -54.482350450278695, "params": {"C": 63322.812323321436, "gamma": 0.8740048255870396}, "datetime": {"datetime": "2021-10-04 11:41:24", "elapsed": 32.349919, "delta": 0.436238}}
{"target": -57.51206451101367, "params": {"C": 15175.986913077453, "gamma": 0.7556986707291742}, "datetime": {"datetime": "2021-10-04 11:41:24", "elapsed": 32.803921, "delta": 0.454002}}
{"target": -53.64774422989714, "params": {"C": 146262.94815076352, "gamma": 0.8748363687986973}, "datetime": {"datetime": "2021-10-04 11:41:24", "elapsed": 33.258527, "delta": 0.454606}}
{"target": -50.30680120473169, "params": {"C": 448478.8934274895, "gamma": 0.5946590896491818}, "datetime": {"datetime": "2021-10-04 11:41:25", "elapsed": 33.857186, "delta": 0.598659}}
{"target": -54.49677601392886, "params": {"C": 323570.2598965755, "gamma": 0.9916504605608868}, "datetime": {"datetime": "2021-10-04 11:41:25", "elapsed": 34.265071, "delta": 0.407885}}
{"target": -49.581733937820076, "params": {"C": 249347.23497920344, "gamma": 0.41439216445183547}, "datetime": {"datetime": "2021-10-04 11:41:26", "elapsed": 34.723008, "delta": 0.457937}}
{"target": -52.61237550787442, "params": {"C": 469339.2206011255, "gamma": 0.7979153387368667}, "datetime": {"datetime": "2021-10-04 11:41:26", "elapsed": 35.190009, "delta": 0.467001}}
{"target": -55.16524174360016, "params": {"C": 71536.66939859968, "gamma": 0.9828825217867609}, "datetime": {"datetime": "2021-10-04 11:41:27", "elapsed": 35.707594, "delta": 0.517585}}
{"target": -54.140652409164495, "params": {"C": 35363.98546248286, "gamma": 0.6982688238264627}, "datetime": {"datetime": "2021-10-04 11:41:27", "elapsed": 36.257335, "delta": 0.549741}}
{"target": -53.69947800124715, "params": {"C": 215737.55200157163, "gamma": 0.896451500816732}, "datetime": {"datetime": "2021-10-04 11:41:28", "elapsed": 36.771635, "delta": 0.5143}}
{"target": -50.6673096693172, "params": {"C": 123798.37387405067, "gamma": 0.5908502383760748}, "datetime": {"datetime": "2021-10-04 11:41:28", "elapsed": 37.255655, "delta": 0.48402}}
{"target": -51.597175893756855, "params": {"C": 249347.15478553154, "gamma": 0.6987904225072183}, "datetime": {"datetime": "2021-10-04 11:41:29", "elapsed": 37.816575, "delta": 0.56092}}
{"target": -54.483590607731614, "params": {"C": 221293.20830976975, "gamma": 0.9830363070287982}, "datetime": {"datetime": "2021-10-04 11:41:29", "elapsed": 38.30031, "delta": 0.483735}}
{"target": -54.34800715377629, "params": {"C": 249382.3762951743, "gamma": 0.9696840019882977}, "datetime": {"datetime": "2021-10-04 11:41:30", "elapsed": 38.811098, "delta": 0.510788}}
{"target": -49.472901511520355, "params": {"C": 152542.2557099495, "gamma": 0.48150413621943855}, "datetime": {"datetime": "2021-10-04 11:41:31", "elapsed": 39.363402, "delta": 0.552304}}
{"target": -53.89120912939691, "params": {"C": 491223.52759694355, "gamma": 0.9252985843237911}, "datetime": {"datetime": "2021-10-04 11:41:31", "elapsed": 39.8827, "delta": 0.519298}}
{"target": -54.01990101773777, "params": {"C": 71358.31819614375, "gamma": 0.842035027847823}, "datetime": {"datetime": "2021-10-04 11:41:32", "elapsed": 40.448301, "delta": 0.565601}}
{"target": -51.50795290918499, "params": {"C": 71356.23825203942, "gamma": 0.5999396465623883}, "datetime": {"datetime": "2021-10-04 11:41:32", "elapsed": 40.978835, "delta": 0.530534}}
{"target": -52.04322512289231, "params": {"C": 479859.80685464013, "gamma": 0.7470046069068326}, "datetime": {"datetime": "2021-10-04 11:41:33", "elapsed": 41.480059, "delta": 0.501224}}
{"target": -51.833924490902966, "params": {"C": 435510.60980197205, "gamma": 0.7278264339527571}, "datetime": {"datetime": "2021-10-04 11:41:33", "elapsed": 42.079293, "delta": 0.599234}}
{"target": -50.695521133586816, "params": {"C": 173560.07733547225, "gamma": 0.6143511407196404}, "datetime": {"datetime": "2021-10-04 11:41:34", "elapsed": 42.687296, "delta": 0.608003}}
{"target": -53.493347553595775, "params": {"C": 435495.823231169, "gamma": 0.8840381505421943}, "datetime": {"datetime": "2021-10-04 11:41:35", "elapsed": 43.348261, "delta": 0.660965}}
