{"target": -49.12469425201738, "params": {"C": 162692.2955978049, "gamma": 0.10547240038424473}, "datetime": {"datetime": "2021-10-04 11:40:49", "elapsed": 195.130699, "delta": 0.950822}}
{"target": -52.14146013855683, "params": {"C": 316632.81097412086, "gamma": 0.28529388754758067}, "datetime": {"datetime": "2021-10-04 11:40:50", "elapsed": 196.645686, "delta": 1.514987}}
{"target": -51.87893981573085, "params": {"C": 387698.9378288632, "gamma": 0.12133140877952431}, "datetime": {"datetime": "2021-10-04 11:40:52", "elapsed": 198.191521, "delta": 1.545835}}
{"target": -50.267733713800055, "params": {"C": 464128.72438555124, "gamma": 0.05603187545498376}, "datetime": {"datetime": "2021-10-04 11:40:53", "elapsed": 199.487576, "delta": 1.296055}}
{"target": -52.08929476231066, "params": {"C": 493821.2801039951, "gamma": 0.1001044829669424}, "datetime": {"datetime": "2021-10-04 11:40:55", "elapsed": 201.482573, "delta": 1.994997}}
{"target": -51.74170907918155, "params": {"C": 305048.01620437886, "gamma": 0.22739458136782462}, "datetime": {"datetime": "2021-10-04 11:40:56", "elapsed": 202.801652, "delta": 1.319079}}
{"target": -51.6502886687704, "params": {"C": 494334.3168652015, "gamma": 0.08662412315759352}, "datetime": {"datetime": "2021-10-04 11:40:58", "elapsed": 204.097943, "delta": 1.296291}}
{"target": -50.69510778155829, "params": {"C": 136678.32539938684, "gamma": 0.2395412877427898}, "datetime": {"datetime": "2021-10-04 11:40:59", "elapsed": 205.374987, "delta": 1.277044}}
{"target": -49.52443985529915, "params": {"C": 200291.62597698616, "gamma": 0.1052682325630174}, "datetime": {"datetime": "2021-10-04 11:41:00", "elapsed": 206.770401, "delta": 1.395414}}
{"target": -48.07131585559525, "params": {"C": 137327.48495383275, "gamma": 0.022771777647563524}, "datetime": {"datetime": "2021-10-04 11:41:01", "elapsed": 207.956594, "delta": 1.186193}}
{"target": -48.32071047357942, "params": {"C": 151575.9602069529, "gamma": 0.05147909616219671}, "datetime": {"datetime": "2021-10-04 11:41:03", "elapsed": 209.506365, "delta": 1.549771}}
{"target": -52.515703891104465, "params": {"C": 456544.9872602504, "gamma": 0.19992573747546435}, "datetime": {"datetime": "2021-10-04 11:41:04", "elapsed": 210.670101, "delta": 1.163736}}
{"target": -51.281860749783775, "params": {"C": 287807.0733200926, "gamma": 0.134625069939949}, "datetime": {"datetime": "2021-10-04 11:41:05", "elapsed": 211.833515, "delta": 1.163414}}
{"target": -51.38598025782849, "params": {"C": 235182.1900327984, "gamma": 0.23562111695450905}, "datetime": {"datetime": "2021-10-04 11:41:07", "elapsed": 213.10151, "delta": 1.267995}}
{"target": -51.94327337340974, "params": {"C": 335101.7138358913, "gamma": 0.2431158649104947}, "datetime": {"datetime": "2021-10-04 11:41:08", "elapsed": 214.221122, "delta": 1.119612}}
{"target": -50.37947131845156, "params": {"C": 460654.16255920683, "gamma": 0.059314704286543035}, "datetime": {"datetime": "2021-10-04 11:41:09", "elapsed": 215.471865, "delta": 1.250743}}
{"target": -52.4119577577531, "params": {"C": 460232.8468657208, "gamma": 0.26659590509583414}, "datetime": {"datetime": "2021-10-04 11:41:10", "elapsed": 216.628741, "delta": 1.156876}}
{"target": -50.185161368243925, "params": {"C": 233400.63160567745, "gamma": 0.11305755241209427}, "datetime": {"datetime": "2021-10-04 11:41:11", "elapsed": 217.780767, "delta": 1.152026}}
{"target": -48.179492542665, "params": {"C": 72141.47077007129, "gamma": 0.024085289701317802}, "datetime": {"datetime": "2021-10-04 11:41:13", "elapsed": 219.155041, "delta": 1.374274}}
{"target": -52.79489738134486, "params": {"C": 26553.249929880963, "gamma": 0.2964707970676585}, "datetime": {"datetime": "2021-10-04 11:41:14", "elapsed": 220.507327, "delta": 1.352286}}
{"target": -48.6496826991252, "params": {"C": 194133.4520862911, "gamma": 0.05276108257705828}, "datetime": {"datetime": "2021-10-04 11:41:15", "elapsed": 221.64441, "delta": 1.137083}}
{"target": -50.54310103901786, "params": {"C": 123490.30229667768, "gamma": 0.23636959067727323}, "datetime": {"datetime": "2021-10-04 11:41:16", "elapsed": 222.714227, "delta": 1.069817}}
{"target": -48.11584009897812, "params": {"C": 125607.0376022564, "gamma": 0.02013410103975778}, "datetime": {"datetime": "2021-10-04 11:41:18", "elapsed": 224.570853, "delta": 1.856626}}
{"target": -48.92087711885728, "params": {"C": 222907.87240904872, "gamma": 0.038466790225041285}, "datetime": {"datetime": "2021-10-04 11:41:19", "elapsed": 225.861512, "delta": 1.290659}}
{"target": -52.235325354034345, "params": {"C": 405004.2771548441, "gamma": 0.13383357780612168}, "datetime": {"datetime": "2021-10-04 11:41:20", "elapsed": 227.077964, "delta": 1.216452}}
{"target": -48.86359903122275, "params": {"C": 213522.44194909703, "gamma": 0.04372255833936203}, "datetime": {"datetime": "2021-10-04 11:41:22", "elapsed": 228.249202, "delta": 1.171238}}
{"target": -52.05170804438717, "params": {"C": 366739.6387939453, "gamma": 0.23798372849715238}, "datetime": {"datetime": "2021-10-04 11:41:23", "elapsed": 229.515141, "delta": 1.265939}}
{"target": -47.563529562449574, "params": {"C": 72470.51982198618, "gamma": 0.08200672377490738}, "datetime": {"datetime": "2021-10-04 11:41:24", "elapsed": 231.07799, "delta": 1.562849}}
{"target": -47.91332265778782, "params": {"C": 59257.34882965941, "gamma": 0.039860982453771385}, "datetime": {"datetime": "2021-10-04 11:41:26", "elapsed": 232.424473, "delta": 1.346483}}
{"target": -52.46945899331773, "params": {"C": 472816.6256802204, "gamma": 0.27748869508175644}, "datetime": {"datetime": "2021-10-04 11:41:27", "elapsed": 233.768477, "delta": 1.344004}}
{"target": -52.33045546996699, "params": {"C": 366222.2576694598, "gamma": 0.2937018079028609}, "datetime": {"datetime": "2021-10-04 11:41:28", "elapsed": 235.060323, "delta": 1.291846}}
{"target": -50.887501143584146, "params": {"C": 205627.3592912286, "gamma": 0.1704181057818017}, "datetime": {"datetime": "2021-10-04 11:41:30", "elapsed": 236.345038, "delta": 1.284715}}
{"target": -52.28949541134968, "params": {"C": 432933.605256502, "gamma": 0.23218816839946044}, "datetime": {"datetime": "2021-10-04 11:41:31", "elapsed": 237.692164, "delta": 1.347126}}
{"target": -49.0102656220926, "params": {"C": 229397.27271450544, "gamma": 0.07566232548817563}, "datetime": {"datetime": "2021-10-04 11:41:33", "elapsed": 239.317522, "delta": 1.625358}}
{"target": -52.49891072559539, "params": {"C": 486387.1457370454, "gamma": 0.2782692188770102}, "datetime": {"datetime": "2021-10-04 11:41:34", "elapsed": 240.674014, "delta": 1.356492}}
{"target": -52.70646727919711, "params": {"C": 452960.53239041, "gamma": 0.15651368072002728}, "datetime": {"datetime": "2021-10-04 11:41:35", "elapsed": 242.023176, "delta": 1.349162}}
{"target": -49.52816903055313, "params": {"C": 56724.99532974633, "gamma": 0.20763633373411705}, "datetime": {"datetime": "2021-10-04 11:41:37", "elapsed": 243.499414, "delta": 1.476238}}
{"target": -49.55108400085883, "params": {"C": 337094.4090040159, "gamma": 0.047125481733246155}, "datetime": {"datetime": "2021-10-04 11:41:38", "elapsed": 244.74338, "delta": 1.243966}}
{"target": -48.85888180663234, "params": {"C": 230173.74662677897, "gamma": 0.06886259705724157}, "datetime": {"datetime": "2021-10-04 11:41:40", "elapsed": 246.107902, "delta": 1.364522}}
{"target": -51.15456622168486, "params": {"C": 79164.63235016662, "gamma": 0.29334398088681013}, "datetime": {"datetime": "2021-10-04 11:41:41", "elapsed": 247.43339, "delta": 1.325488}}
{"target": -50.90204514243356, "params": {"C": 11526.861050552545, "gamma": 0.12991893742935323}, "datetime": {"datetime": "2021-10-04 11:41:42", "elapsed": 249.086663, "delta": 1.653273}}
{"target": -51.23905866327778, "params": {"C": 151853.58082297252, "gamma": 0.27259513968766924}, "datetime": {"datetime": "2021-10-04 11:41:44", "elapsed": 250.434798, "delta": 1.348135}}
{"target": -51.93317766065576, "params": {"C": 275349.55200294027, "gamma": 0.2767175019276122}, "datetime": {"datetime": "2021-10-04 11:41:45", "elapsed": 251.699853, "delta": 1.265055}}
{"target": -50.89684702203778, "params": {"C": 196846.14653203744, "gamma": 0.19201777583639357}, "datetime": {"datetime": "2021-10-04 11:41:46", "elapsed": 253.075195, "delta": 1.375342}}
{"target": -50.22272934197485, "params": {"C": 475508.09128458856, "gamma": 0.05269419467488243}, "datetime": {"datetime": "2021-10-04 11:41:48", "elapsed": 254.618385, "delta": 1.54319}}
{"target": -50.98896512240308, "params": {"C": 255888.9809928695, "gamma": 0.13574642134901416}, "datetime": {"datetime": "2021-10-04 11:41:50", "elapsed": 256.571367, "delta": 1.952982}}
{"target": -48.49293358180916, "params": {"C": 171965.40010920237, "gamma": 0.03123827203512861}, "datetime": {"datetime": "2021-10-04 11:41:52", "elapsed": 258.149557, "delta": 1.57819}}
{"target": -51.24653882671164, "params": {"C": 232497.21947242654, "gamma": 0.21442166522231834}, "datetime": {"datetime": "2021-10-04 11:41:53", "elapsed": 259.842872, "delta": 1.693315}}
{"target": -48.07690371178113, "params": {"C": 152069.46084401433, "gamma": 0.020438987377509408}, "datetime": {"datetime": "2021-10-04 11:41:55", "elapsed": 261.347289, "delta": 1.504417}}
{"target": -52.019966011100266, "params": {"C": 333427.9657377557, "gamma": 0.2582288613989354}, "datetime": {"datetime": "2021-10-04 11:41:56", "elapsed": 262.839536, "delta": 1.492247}}
{"target": -51.380344913352346, "params": {"C": 248964.12757286397, "gamma": 0.21986440688617642}, "datetime": {"datetime": "2021-10-04 11:41:58", "elapsed": 264.475138, "delta": 1.635602}}
{"target": -54.28986716203151, "params": {"C": 10766.735946371566, "gamma": 0.2404564317626989}, "datetime": {"datetime": "2021-10-04 11:41:59", "elapsed": 265.959102, "delta": 1.483964}}
{"target": -51.540276623179174, "params": {"C": 224507.73623350708, "gamma": 0.25998727438259533}, "datetime": {"datetime": "2021-10-04 11:42:01", "elapsed": 267.387153, "delta": 1.428051}}
{"target": -49.97295979859234, "params": {"C": 111546.6915396619, "gamma": 0.1964442242558656}, "datetime": {"datetime": "2021-10-04 11:42:02", "elapsed": 268.693727, "delta": 1.306574}}
{"target": -52.320717665672284, "params": {"C": 405510.4743737394, "gamma": 0.19802429450912626}, "datetime": {"datetime": "2021-10-04 11:42:04", "elapsed": 270.106254, "delta": 1.412527}}
{"target": -49.044085347932224, "params": {"C": 306115.7722678074, "gamma": 0.009036467008259233}, "datetime": {"datetime": "2021-10-04 11:42:05", "elapsed": 271.943454, "delta": 1.8372}}
{"target": -49.01131309529988, "params": {"C": 254613.7063192232, "gamma": 0.06264087303925749}, "datetime": {"datetime": "2021-10-04 11:42:07", "elapsed": 273.888004, "delta": 1.94455}}
{"target": -49.17868486400532, "params": {"C": 338765.0971758373, "gamma": 0.02472903077770685}, "datetime": {"datetime": "2021-10-04 11:42:09", "elapsed": 275.525784, "delta": 1.63778}}
{"target": -50.19878619274894, "params": {"C": 495852.2554793827, "gamma": 0.005683559874067141}, "datetime": {"datetime": "2021-10-04 11:42:11", "elapsed": 277.559954, "delta": 2.03417}}
{"target": -48.28430704924876, "params": {"C": 214340.78230426126, "gamma": 0.021637702353920527}, "datetime": {"datetime": "2021-10-04 11:42:13", "elapsed": 0.0, "delta": 0.0}}
{"target": -54.549896488346334, "params": {"C": 10056.043660498994, "gamma": 0.009139743921692008}, "datetime": {"datetime": "2021-10-04 11:42:13", "elapsed": 0.169304, "delta": 0.169304}}
{"target": -54.61014203798206, "params": {"C": 81910.38650038539, "gamma": 0.002860923983587054}, "datetime": {"datetime": "2021-10-04 11:42:13", "elapsed": 0.369264, "delta": 0.19996}}
{"target": -49.80472407967745, "params": {"C": 101267.50357505874, "gamma": 0.010432265738587127}, "datetime": {"datetime": "2021-10-04 11:42:13", "elapsed": 0.592741, "delta": 0.223477}}
{"target": -48.167425275983575, "params": {"C": 204416.06237302828, "gamma": 0.016210620346700372}, "datetime": {"datetime": "2021-10-04 11:42:14", "elapsed": 0.755741, "delta": 0.163}}
{"target": -50.24297642328885, "params": {"C": 63300.394233752, "gamma": 0.011129487182205708}, "datetime": {"datetime": "2021-10-04 11:42:14", "elapsed": 0.969803, "delta": 0.214062}}
{"target": -48.13608089632813, "params": {"C": 189615.45432849508, "gamma": 0.01716580890323526}, "datetime": {"datetime": "2021-10-04 11:42:14", "elapsed": 1.201608, "delta": 0.231805}}
{"target": -48.919525465175504, "params": {"C": 169660.32937604396, "gamma": 0.011296950731285005}, "datetime": {"datetime": "2021-10-04 11:42:14", "elapsed": 1.463206, "delta": 0.261598}}
{"target": -49.67434404457088, "params": {"C": 214333.14844456426, "gamma": 0.008297239937405254}, "datetime": {"datetime": "2021-10-04 11:42:15", "elapsed": 1.671107, "delta": 0.207901}}
{"target": -48.447221226179636, "params": {"C": 214330.6730716814, "gamma": 0.025073534552953795}, "datetime": {"datetime": "2021-10-04 11:42:15", "elapsed": 1.918356, "delta": 0.247249}}
{"target": -51.40604676119637, "params": {"C": 189597.397619952, "gamma": 0.005359956304925547}, "datetime": {"datetime": "2021-10-04 11:42:15", "elapsed": 2.15018, "delta": 0.231824}}
{"target": -48.193541739053295, "params": {"C": 189625.74257081517, "gamma": 0.01613679540485795}, "datetime": {"datetime": "2021-10-04 11:42:15", "elapsed": 2.372907, "delta": 0.222727}}
{"target": -53.601490732862075, "params": {"C": 189609.12451658683, "gamma": 0.002939941455776051}, "datetime": {"datetime": "2021-10-04 11:42:15", "elapsed": 2.621096, "delta": 0.248189}}
{"target": -48.306936068716524, "params": {"C": 169650.38054509994, "gamma": 0.02756750272957381}, "datetime": {"datetime": "2021-10-04 11:42:16", "elapsed": 2.851934, "delta": 0.230838}}
{"target": -48.17467493539371, "params": {"C": 204406.30035655832, "gamma": 0.01900900684619203}, "datetime": {"datetime": "2021-10-04 11:42:16", "elapsed": 3.090288, "delta": 0.238354}}
{"target": -53.376395184338456, "params": {"C": 189628.59304802347, "gamma": 0.0031391104795548018}, "datetime": {"datetime": "2021-10-04 11:42:16", "elapsed": 3.353365, "delta": 0.263077}}
{"target": -48.311007199575755, "params": {"C": 189620.07456274502, "gamma": 0.025160509850288056}, "datetime": {"datetime": "2021-10-04 11:42:17", "elapsed": 3.646669, "delta": 0.293304}}
{"target": -48.18598232045507, "params": {"C": 103561.92259563644, "gamma": 0.020236378851779695}, "datetime": {"datetime": "2021-10-04 11:42:17", "elapsed": 3.940539, "delta": 0.29387}}
{"target": -48.53548550318985, "params": {"C": 455788.58312411286, "gamma": 0.012540421799162713}, "datetime": {"datetime": "2021-10-04 11:42:17", "elapsed": 4.25784, "delta": 0.317301}}
{"target": -48.21823605969521, "params": {"C": 92357.44578352469, "gamma": 0.02055471741612617}, "datetime": {"datetime": "2021-10-04 11:42:17", "elapsed": 4.558901, "delta": 0.301061}}
{"target": -48.551399366230335, "params": {"C": 204416.22968466146, "gamma": 0.027780129969495884}, "datetime": {"datetime": "2021-10-04 11:42:18", "elapsed": 4.811657, "delta": 0.252756}}
{"target": -53.81916832554405, "params": {"C": 103564.74518843244, "gamma": 0.003348096618548126}, "datetime": {"datetime": "2021-10-04 11:42:18", "elapsed": 5.123921, "delta": 0.312264}}
{"target": -49.885655075505255, "params": {"C": 455785.49420283973, "gamma": 0.029282978756599458}, "datetime": {"datetime": "2021-10-04 11:42:18", "elapsed": 5.374349, "delta": 0.250428}}
{"target": -48.492939483404406, "params": {"C": 214335.97709388827, "gamma": 0.02585078365547795}, "datetime": {"datetime": "2021-10-04 11:42:19", "elapsed": 5.685549, "delta": 0.3112}}
{"target": -53.78940788118254, "params": {"C": 103560.4634315517, "gamma": 0.0033772476303755897}, "datetime": {"datetime": "2021-10-04 11:42:19", "elapsed": 5.958686, "delta": 0.273137}}
{"target": -49.80461807311209, "params": {"C": 455789.6167666471, "gamma": 0.027230053550600982}, "datetime": {"datetime": "2021-10-04 11:42:19", "elapsed": 6.243685, "delta": 0.284999}}
{"target": -49.50360189554816, "params": {"C": 169648.67240258775, "gamma": 0.009415920406451938}, "datetime": {"datetime": "2021-10-04 11:42:19", "elapsed": 6.571683, "delta": 0.327998}}
{"target": -48.41208949698244, "params": {"C": 214339.17147049188, "gamma": 0.024515426658085794}, "datetime": {"datetime": "2021-10-04 11:42:20", "elapsed": 6.872685, "delta": 0.301002}}
{"target": -55.42891522099328, "params": {"C": 169652.6946902732, "gamma": 0.0015396922829598498}, "datetime": {"datetime": "2021-10-04 11:42:20", "elapsed": 7.157682, "delta": 0.284997}}
{"target": -48.83592547000344, "params": {"C": 214328.85585561712, "gamma": 0.010764332554365931}, "datetime": {"datetime": "2021-10-04 11:42:20", "elapsed": 7.438324, "delta": 0.280642}}
{"target": -48.00163391827323, "params": {"C": 101269.29569238776, "gamma": 0.02568959785872168}, "datetime": {"datetime": "2021-10-04 11:42:21", "elapsed": 7.729016, "delta": 0.290692}}
{"target": -52.91189840280998, "params": {"C": 92352.01878254792, "gamma": 0.00453073053562065}, "datetime": {"datetime": "2021-10-04 11:42:21", "elapsed": 8.037535, "delta": 0.308519}}
{"target": -48.176667565778196, "params": {"C": 204405.37040085805, "gamma": 0.019088629824120164}, "datetime": {"datetime": "2021-10-04 11:42:21", "elapsed": 8.357193, "delta": 0.319658}}
{"target": -48.251769374865475, "params": {"C": 204414.04302663478, "gamma": 0.022082910948445052}, "datetime": {"datetime": "2021-10-04 11:42:22", "elapsed": 8.64887, "delta": 0.291677}}
{"target": -49.05712789559049, "params": {"C": 101280.99917720981, "gamma": 0.013015244742216292}, "datetime": {"datetime": "2021-10-04 11:42:22", "elapsed": 8.988158, "delta": 0.339288}}
{"target": -48.98625381396392, "params": {"C": 214312.28218575823, "gamma": 0.010258028328348552}, "datetime": {"datetime": "2021-10-04 11:42:22", "elapsed": 9.428049, "delta": 0.439891}}
{"target": -48.305642322800765, "params": {"C": 204403.7772561908, "gamma": 0.01412898152830296}, "datetime": {"datetime": "2021-10-04 11:42:23", "elapsed": 9.827883, "delta": 0.399834}}
{"target": -49.703591145626085, "params": {"C": 101291.67590809833, "gamma": 0.01074344753954901}, "datetime": {"datetime": "2021-10-04 11:42:23", "elapsed": 10.153883, "delta": 0.326}}
{"target": -48.46121771469179, "params": {"C": 214342.68588891308, "gamma": 0.012789081254393335}, "datetime": {"datetime": "2021-10-04 11:42:23", "elapsed": 10.518885, "delta": 0.365002}}
{"target": -49.3526854073241, "params": {"C": 92355.13546150646, "gamma": 0.012339565486014288}, "datetime": {"datetime": "2021-10-04 11:42:24", "elapsed": 10.883683, "delta": 0.364798}}
{"target": -48.75297122058556, "params": {"C": 214314.49179820245, "gamma": 0.011069917090362796}, "datetime": {"datetime": "2021-10-04 11:42:24", "elapsed": 11.166963, "delta": 0.28328}}
{"target": -55.5598214411872, "params": {"C": 214344.07388708348, "gamma": 0.0013078476726722588}, "datetime": {"datetime": "2021-10-04 11:42:24", "elapsed": 11.500545, "delta": 0.333582}}
{"target": -48.00873808484112, "params": {"C": 92363.20985530443, "gamma": 0.02486785550798925}, "datetime": {"datetime": "2021-10-04 11:42:25", "elapsed": 11.806762, "delta": 0.306217}}
{"target": -47.9969432486196, "params": {"C": 101270.1341638826, "gamma": 0.026389364644066864}, "datetime": {"datetime": "2021-10-04 11:42:25", "elapsed": 12.157842, "delta": 0.35108}}
{"target": -56.05823220982452, "params": {"C": 101285.48579282562, "gamma": 0.0012444071391411351}, "datetime": {"datetime": "2021-10-04 11:42:25", "elapsed": 12.481843, "delta": 0.324001}}
{"target": -48.56416872209876, "params": {"C": 214322.03316755235, "gamma": 0.026952018569644333}, "datetime": {"datetime": "2021-10-04 11:42:26", "elapsed": 12.863545, "delta": 0.381702}}
{"target": -49.568624450897275, "params": {"C": 366336.6236957636, "gamma": 0.007319905865239344}, "datetime": {"datetime": "2021-10-04 11:42:26", "elapsed": 13.297303, "delta": 0.433758}}
{"target": -53.75484656765981, "params": {"C": 189617.356620676, "gamma": 0.002808443637321585}, "datetime": {"datetime": "2021-10-04 11:42:27", "elapsed": 13.688428, "delta": 0.391125}}
{"target": -48.45753845662843, "params": {"C": 204410.46732930062, "gamma": 0.02623623296032649}, "datetime": {"datetime": "2021-10-04 11:42:27", "elapsed": 14.104125, "delta": 0.415697}}
{"target": -50.39359683349511, "params": {"C": 101278.77375641462, "gamma": 0.008769916540069594}, "datetime": {"datetime": "2021-10-04 11:42:27", "elapsed": 14.6042, "delta": 0.500075}}
{"target": -48.258398455597174, "params": {"C": 214318.62386760418, "gamma": 0.02095294826622581}, "datetime": {"datetime": "2021-10-04 11:42:28", "elapsed": 14.946423, "delta": 0.342223}}
{"target": -49.57806295578476, "params": {"C": 214302.8166948875, "gamma": 0.00852918193103653}, "datetime": {"datetime": "2021-10-04 11:42:28", "elapsed": 15.262006, "delta": 0.315583}}
{"target": -48.16407261629306, "params": {"C": 169664.79931985587, "gamma": 0.017262332174686677}, "datetime": {"datetime": "2021-10-04 11:42:28", "elapsed": 15.598009, "delta": 0.336003}}
{"target": -48.608773994108766, "params": {"C": 214317.8409554132, "gamma": 0.02765952866170509}, "datetime": {"datetime": "2021-10-04 11:42:29", "elapsed": 16.001421, "delta": 0.403412}}
{"target": -51.72319717653928, "params": {"C": 189613.9355102985, "gamma": 0.004929199904959734}, "datetime": {"datetime": "2021-10-04 11:42:29", "elapsed": 16.386425, "delta": 0.385004}}
{"target": -48.641488840471006, "params": {"C": 214306.83659857852, "gamma": 0.028221475823180506}, "datetime": {"datetime": "2021-10-04 11:42:30", "elapsed": 16.830424, "delta": 0.443999}}
{"target": -55.5082671748092, "params": {"C": 169663.9446205703, "gamma": 0.0014756487653934825}, "datetime": {"datetime": "2021-10-04 11:42:30", "elapsed": 17.237431, "delta": 0.407007}}
{"target": -48.434007272015684, "params": {"C": 214304.21245836338, "gamma": 0.012972431662164807}, "datetime": {"datetime": "2021-10-04 11:42:31", "elapsed": 17.687143, "delta": 0.449712}}
