{"target": -36.721603833591956, "params": {"C": 954.6370114047897, "gamma": 0.05005826946313247}, "datetime": {"datetime": "2021-09-28 13:25:32", "elapsed": 102.722333, "delta": 1.269997}}
{"target": -36.60979858310524, "params": {"C": 767.1894115020384, "gamma": 0.014983747920478425}, "datetime": {"datetime": "2021-09-28 13:25:33", "elapsed": 103.715374, "delta": 0.993041}}
{"target": -36.74140873072362, "params": {"C": 892.4377508548755, "gamma": 0.04657368015159857}, "datetime": {"datetime": "2021-09-28 13:25:34", "elapsed": 104.844369, "delta": 1.128995}}
{"target": -37.58486627835538, "params": {"C": 954.6874165623474, "gamma": 0.003967037572544328}, "datetime": {"datetime": "2021-09-28 13:25:35", "elapsed": 105.777304, "delta": 0.932935}}
{"target": -36.66398182189285, "params": {"C": 953.1115870591786, "gamma": 0.04738764626974333}, "datetime": {"datetime": "2021-09-28 13:25:37", "elapsed": 108.057252, "delta": 2.279948}}
{"target": -36.41848882214575, "params": {"C": 927.0522085104722, "gamma": 0.03206341431401091}, "datetime": {"datetime": "2021-09-28 13:25:38", "elapsed": 108.785253, "delta": 0.728001}}
{"target": -36.360985178471935, "params": {"C": 953.266354090683, "gamma": 0.030481069739399715}, "datetime": {"datetime": "2021-09-28 13:25:39", "elapsed": 109.732466, "delta": 0.947213}}
{"target": -37.98532099381325, "params": {"C": 953.254739277971, "gamma": 0.003}, "datetime": {"datetime": "2021-09-28 13:25:40", "elapsed": 110.77923, "delta": 1.046764}}
{"target": -37.665236204145614, "params": {"C": 902.8925802157933, "gamma": 0.003978829732928419}, "datetime": {"datetime": "2021-09-28 13:25:41", "elapsed": 111.88096, "delta": 1.10173}}
{"target": -36.30752715452135, "params": {"C": 953.0802129677595, "gamma": 0.024888509211070747}, "datetime": {"datetime": "2021-09-28 13:25:42", "elapsed": 112.797958, "delta": 0.916998}}
{"target": -37.42303879655329, "params": {"C": 942.4369004893707, "gamma": 0.07874573282748806}, "datetime": {"datetime": "2021-09-28 13:25:43", "elapsed": 113.674066, "delta": 0.876108}}
{"target": -38.18012298957828, "params": {"C": 798.2903345832544, "gamma": 0.0032557649803797166}, "datetime": {"datetime": "2021-09-28 13:25:44", "elapsed": 114.957069, "delta": 1.283003}}
{"target": -36.291470218602015, "params": {"C": 954.6213834977414, "gamma": 0.017480505460552513}, "datetime": {"datetime": "2021-09-28 13:25:45", "elapsed": 116.129386, "delta": 1.172317}}
{"target": -36.766595710513656, "params": {"C": 954.6383685088633, "gamma": 0.0520735892380443}, "datetime": {"datetime": "2021-09-28 13:25:46", "elapsed": 117.075844, "delta": 0.946458}}
{"target": -37.17861528884582, "params": {"C": 953.25410582062, "gamma": 0.0699420420755666}, "datetime": {"datetime": "2021-09-28 13:25:47", "elapsed": 118.603121, "delta": 1.527277}}
{"target": -36.58951389101865, "params": {"C": 798.3564952627718, "gamma": 0.02918396426579768}, "datetime": {"datetime": "2021-09-28 13:25:49", "elapsed": 119.631806, "delta": 1.028685}}
{"target": -36.90615103855511, "params": {"C": 902.8825606388092, "gamma": 0.05464455471133055}, "datetime": {"datetime": "2021-09-28 13:25:49", "elapsed": 120.591036, "delta": 0.95923}}
{"target": -36.37934188594467, "params": {"C": 927.0258732776379, "gamma": 0.028726423754385173}, "datetime": {"datetime": "2021-09-28 13:25:51", "elapsed": 121.984194, "delta": 1.393158}}
{"target": -36.44943592735562, "params": {"C": 953.3085020536639, "gamma": 0.03675252694302963}, "datetime": {"datetime": "2021-09-28 13:25:53", "elapsed": 124.248361, "delta": 2.264167}}
{"target": -37.007572255173926, "params": {"C": 927.0160301683161, "gamma": 0.06108687738127857}, "datetime": {"datetime": "2021-09-28 13:25:54", "elapsed": 125.481356, "delta": 1.232995}}
{"target": -36.720097442399954, "params": {"C": 953.0506715535673, "gamma": 0.04988202883534673}, "datetime": {"datetime": "2021-09-28 13:25:56", "elapsed": 126.647002, "delta": 1.165646}}
{"target": -36.61582569589321, "params": {"C": 953.3793844949175, "gamma": 0.009297659804711887}, "datetime": {"datetime": "2021-09-28 13:25:57", "elapsed": 127.840002, "delta": 1.193}}
{"target": -36.998028341052866, "params": {"C": 953.2912779903587, "gamma": 0.06243682819393234}, "datetime": {"datetime": "2021-09-28 13:25:58", "elapsed": 129.355001, "delta": 1.514999}}
{"target": -36.36332574562885, "params": {"C": 953.3359771802066, "gamma": 0.013026416755712707}, "datetime": {"datetime": "2021-09-28 13:26:00", "elapsed": 130.898816, "delta": 1.543815}}
{"target": -37.23143374115165, "params": {"C": 798.2302245875139, "gamma": 0.06115862259313202}, "datetime": {"datetime": "2021-09-28 13:26:01", "elapsed": 132.356097, "delta": 1.457281}}
{"target": -37.17081423167558, "params": {"C": 799.3851992484895, "gamma": 0.05847192312134164}, "datetime": {"datetime": "2021-09-28 13:26:03", "elapsed": 133.915933, "delta": 1.559836}}
{"target": -36.99928790352453, "params": {"C": 953.0616098587402, "gamma": 0.006425418279668223}, "datetime": {"datetime": "2021-09-28 13:26:04", "elapsed": 135.248938, "delta": 1.333005}}
{"target": -36.56391447580879, "params": {"C": 953.3564657375848, "gamma": 0.04289974171781592}, "datetime": {"datetime": "2021-09-28 13:26:06", "elapsed": 136.923716, "delta": 1.674778}}
{"target": -37.075927623748036, "params": {"C": 966.121634770386, "gamma": 0.005902105045321902}, "datetime": {"datetime": "2021-09-28 13:26:07", "elapsed": 138.034121, "delta": 1.110405}}
{"target": -36.87295934521721, "params": {"C": 926.9978577043169, "gamma": 0.007490243757572776}, "datetime": {"datetime": "2021-09-28 13:26:08", "elapsed": 139.36812, "delta": 1.333999}}
{"target": -37.58264007240764, "params": {"C": 927.0466919105017, "gamma": 0.004109316641150468}, "datetime": {"datetime": "2021-09-28 13:26:11", "elapsed": 141.836607, "delta": 2.468487}}
{"target": -36.88917581727507, "params": {"C": 927.0782146812514, "gamma": 0.055648909330839956}, "datetime": {"datetime": "2021-09-28 13:26:12", "elapsed": 142.861604, "delta": 1.024997}}
{"target": -37.22665907505564, "params": {"C": 729.2639202574696, "gamma": 0.054768410048187485}, "datetime": {"datetime": "2021-09-28 13:26:13", "elapsed": 144.564634, "delta": 1.70303}}
{"target": -36.57580374117855, "params": {"C": 953.4373220377868, "gamma": 0.043495502787225714}, "datetime": {"datetime": "2021-09-28 13:26:15", "elapsed": 145.69277, "delta": 1.128136}}
{"target": -37.195374198482824, "params": {"C": 767.1973968277083, "gamma": 0.05684195878034003}, "datetime": {"datetime": "2021-09-28 13:26:16", "elapsed": 146.741749, "delta": 1.048979}}
{"target": -37.20659082485945, "params": {"C": 810.5959907423123, "gamma": 0.061059949148746524}, "datetime": {"datetime": "2021-09-28 13:26:17", "elapsed": 147.646962, "delta": 0.905213}}
{"target": -36.92545723770196, "params": {"C": 954.5925685248374, "gamma": 0.006853695472676947}, "datetime": {"datetime": "2021-09-28 13:26:18", "elapsed": 148.825968, "delta": 1.179006}}
{"target": -37.15214576974468, "params": {"C": 953.1858618949856, "gamma": 0.00562363738960361}, "datetime": {"datetime": "2021-09-28 13:26:19", "elapsed": 149.968834, "delta": 1.142866}}
{"target": -36.85168312719806, "params": {"C": 953.143597832842, "gamma": 0.007354383424798138}, "datetime": {"datetime": "2021-09-28 13:26:20", "elapsed": 151.120511, "delta": 1.151677}}
{"target": -36.63422264183008, "params": {"C": 954.7317373892843, "gamma": 0.04617573728382072}, "datetime": {"datetime": "2021-09-28 13:26:21", "elapsed": 152.395157, "delta": 1.274646}}
{"target": -36.910948942368464, "params": {"C": 689.2895567648725, "gamma": 0.03562941402398906}, "datetime": {"datetime": "2021-09-28 13:26:22", "elapsed": 153.290154, "delta": 0.894997}}
{"target": -36.91401206970854, "params": {"C": 799.4347595731788, "gamma": 0.04709328693539546}, "datetime": {"datetime": "2021-09-28 13:26:24", "elapsed": 154.773305, "delta": 1.483151}}
{"target": -36.546586687155596, "params": {"C": 958.7501474591712, "gamma": 0.04243610130642191}, "datetime": {"datetime": "2021-09-28 13:26:25", "elapsed": 155.660834, "delta": 0.887529}}
{"target": -36.29347730650615, "params": {"C": 979.9967075874031, "gamma": 0.027632909136939793}, "datetime": {"datetime": "2021-09-28 13:26:27", "elapsed": 157.918978, "delta": 2.258144}}
{"target": -36.353658604669306, "params": {"C": 979.9714276671554, "gamma": 0.012552614177592451}, "datetime": {"datetime": "2021-09-28 13:26:28", "elapsed": 159.170977, "delta": 1.251999}}
{"target": -37.098334826376146, "params": {"C": 953.4832055133293, "gamma": 0.005887063536154034}, "datetime": {"datetime": "2021-09-28 13:26:29", "elapsed": 160.253833, "delta": 1.082856}}
{"target": -36.386584282062614, "params": {"C": 930.9278107141113, "gamma": 0.029896547605146942}, "datetime": {"datetime": "2021-09-28 13:26:30", "elapsed": 161.178465, "delta": 0.924632}}
{"target": -36.31820277337855, "params": {"C": 930.897581892983, "gamma": 0.019796772098492572}, "datetime": {"datetime": "2021-09-28 13:26:32", "elapsed": 162.681808, "delta": 1.503343}}
{"target": -36.87889403733858, "params": {"C": 980.0236662922914, "gamma": 0.058973020997398505}, "datetime": {"datetime": "2021-09-28 13:26:33", "elapsed": 164.215068, "delta": 1.53326}}
{"target": -36.60169992501123, "params": {"C": 759.8918418958341, "gamma": 0.02336888112829874}, "datetime": {"datetime": "2021-09-28 13:26:34", "elapsed": 165.213693, "delta": 0.998625}}
{"target": -36.65179403568032, "params": {"C": 902.8447139614541, "gamma": 0.04319864263381386}, "datetime": {"datetime": "2021-09-28 13:26:35", "elapsed": 166.330264, "delta": 1.116571}}
{"target": -37.17794646822448, "params": {"C": 798.9339051640168, "gamma": 0.05875917708593344}, "datetime": {"datetime": "2021-09-28 13:26:36", "elapsed": 167.17526, "delta": 0.844996}}
{"target": -36.67455350461101, "params": {"C": 930.9440259028407, "gamma": 0.00906269770084035}, "datetime": {"datetime": "2021-09-28 13:26:37", "elapsed": 168.29551, "delta": 1.12025}}
{"target": -37.785819111477764, "params": {"C": 866.0636043548693, "gamma": 0.08706860134299299}, "datetime": {"datetime": "2021-09-28 13:26:39", "elapsed": 169.84633, "delta": 1.55082}}
{"target": -36.38747228272579, "params": {"C": 986.0924391281172, "gamma": 0.03605348144735526}, "datetime": {"datetime": "2021-09-28 13:26:40", "elapsed": 171.581183, "delta": 1.734853}}
{"target": -36.9589099414229, "params": {"C": 799.4343857589286, "gamma": 0.04905089634102726}, "datetime": {"datetime": "2021-09-28 13:26:41", "elapsed": 172.383575, "delta": 0.802392}}
{"target": -37.23458383235885, "params": {"C": 744.138090725181, "gamma": 0.05647902399572332}, "datetime": {"datetime": "2021-09-28 13:26:42", "elapsed": 173.269572, "delta": 0.885997}}
{"target": -36.37715487443355, "params": {"C": 980.0126191424833, "gamma": 0.012071304449974729}, "datetime": {"datetime": "2021-09-28 13:26:43", "elapsed": 174.493415, "delta": 1.223843}}
{"target": -36.49897326667825, "params": {"C": 892.3624379134662, "gamma": 0.011952638659924651}, "datetime": {"datetime": "2021-09-28 13:26:45", "elapsed": 175.803548, "delta": 1.310133}}
{"target": -36.965807845193595, "params": {"C": 841.676515760405, "gamma": 0.052679373542989086}, "datetime": {"datetime": "2021-09-28 13:26:46", "elapsed": 176.938548, "delta": 1.135}}
{"target": -36.686527728085714, "params": {"C": 718.2086674730758, "gamma": 0.024355255466475136}, "datetime": {"datetime": "2021-09-28 13:26:47", "elapsed": 177.949548, "delta": 1.011}}
{"target": -36.46045409972201, "params": {"C": 979.9408895346901, "gamma": 0.03958504660056022}, "datetime": {"datetime": "2021-09-28 13:26:49", "elapsed": 180.109938, "delta": 2.16039}}
{"target": -37.41669853711263, "params": {"C": 668.8664855106334, "gamma": 0.05666776783336421}, "datetime": {"datetime": "2021-09-28 13:26:51", "elapsed": 181.644846, "delta": 1.534908}}
{"target": -36.82194023682619, "params": {"C": 979.9713503791311, "gamma": 0.056344254117428445}, "datetime": {"datetime": "2021-09-28 13:26:52", "elapsed": 182.745176, "delta": 1.10033}}
{"target": -36.560271283237356, "params": {"C": 979.8939847604688, "gamma": 0.04456152117832553}, "datetime": {"datetime": "2021-09-28 13:26:53", "elapsed": 183.917753, "delta": 1.172577}}
{"target": -37.67549350658125, "params": {"C": 942.4482781430489, "gamma": 0.08839411419682247}, "datetime": {"datetime": "2021-09-28 13:26:54", "elapsed": 184.998449, "delta": 1.080696}}
{"target": -36.28100126646201, "params": {"C": 979.900923014269, "gamma": 0.014934313486439713}, "datetime": {"datetime": "2021-09-28 13:26:55", "elapsed": 186.60157, "delta": 1.603121}}
{"target": -37.51381586286591, "params": {"C": 958.7296595447649, "gamma": 0.0832564978410823}, "datetime": {"datetime": "2021-09-28 13:26:57", "elapsed": 187.77557, "delta": 1.174}}
{"target": -36.36810378838857, "params": {"C": 930.8616849791911, "gamma": 0.028187711038109707}, "datetime": {"datetime": "2021-09-28 13:26:58", "elapsed": 189.10063, "delta": 1.32506}}
{"target": -36.483623645966325, "params": {"C": 958.764140858627, "gamma": 0.010770556351163866}, "datetime": {"datetime": "2021-09-28 13:26:59", "elapsed": 190.552412, "delta": 1.451782}}
{"target": -36.89509561605415, "params": {"C": 930.8601728977294, "gamma": 0.05619252995834276}, "datetime": {"datetime": "2021-09-28 13:27:02", "elapsed": 193.129955, "delta": 2.577543}}
{"target": -36.40350405131596, "params": {"C": 899.9190809468494, "gamma": 0.02715663934833658}, "datetime": {"datetime": "2021-09-28 13:27:03", "elapsed": 194.122662, "delta": 0.992707}}
{"target": -36.6681555963149, "params": {"C": 958.8092231645328, "gamma": 0.04795991282392777}, "datetime": {"datetime": "2021-09-28 13:27:04", "elapsed": 195.269324, "delta": 1.146662}}
{"target": -36.319722944754396, "params": {"C": 986.1165788129763, "gamma": 0.03090208499030222}, "datetime": {"datetime": "2021-09-28 13:27:05", "elapsed": 196.289462, "delta": 1.020138}}
{"target": -36.50108512410232, "params": {"C": 899.8790423763724, "gamma": 0.03490979675418091}, "datetime": {"datetime": "2021-09-28 13:27:07", "elapsed": 197.981911, "delta": 1.692449}}
{"target": -36.734455352832015, "params": {"C": 930.9437245194459, "gamma": 0.008523109445080881}, "datetime": {"datetime": "2021-09-28 13:27:08", "elapsed": 199.12491, "delta": 1.142999}}
{"target": -36.31821912971685, "params": {"C": 930.9938472307101, "gamma": 0.019383783374713335}, "datetime": {"datetime": "2021-09-28 13:27:10", "elapsed": 200.868407, "delta": 1.743497}}
{"target": -36.550504932267344, "params": {"C": 930.9758568636698, "gamma": 0.04032059543664898}, "datetime": {"datetime": "2021-09-28 13:27:12", "elapsed": 202.831627, "delta": 1.96322}}
{"target": -36.938625050367975, "params": {"C": 899.8971304036672, "gamma": 0.05588937956505106}, "datetime": {"datetime": "2021-09-28 13:27:14", "elapsed": 205.512224, "delta": 2.680597}}
{"target": -36.374277881853004, "params": {"C": 930.9492443592371, "gamma": 0.028788489498479546}, "datetime": {"datetime": "2021-09-28 13:27:16", "elapsed": 206.642663, "delta": 1.130439}}
{"target": -37.76647825905642, "params": {"C": 971.1757261478782, "gamma": 0.0939622607371426}, "datetime": {"datetime": "2021-09-28 13:27:17", "elapsed": 207.77466, "delta": 1.131997}}
{"target": -36.62399696588641, "params": {"C": 958.7750811962883, "gamma": 0.045994141384478285}, "datetime": {"datetime": "2021-09-28 13:27:18", "elapsed": 209.583318, "delta": 1.808658}}
{"target": -36.379475416602624, "params": {"C": 902.955820378971, "gamma": 0.015448200249983297}, "datetime": {"datetime": "2021-09-28 13:27:20", "elapsed": 211.278365, "delta": 1.695047}}
{"target": -36.2844238183598, "params": {"C": 979.8719395406281, "gamma": 0.014686411711703037}, "datetime": {"datetime": "2021-09-28 13:27:22", "elapsed": 212.813508, "delta": 1.535143}}
{"target": -36.50363323096738, "params": {"C": 902.9879005562952, "gamma": 0.03533559478598537}, "datetime": {"datetime": "2021-09-28 13:27:23", "elapsed": 214.152719, "delta": 1.339211}}
{"target": -36.550929647732, "params": {"C": 931.0273432392097, "gamma": 0.04034744460594752}, "datetime": {"datetime": "2021-09-28 13:27:24", "elapsed": 215.375356, "delta": 1.222637}}
{"target": -37.28264756594407, "params": {"C": 899.9056670345569, "gamma": 0.005415189391494413}, "datetime": {"datetime": "2021-09-28 13:27:26", "elapsed": 217.055334, "delta": 1.679978}}
{"target": -36.984319054116554, "params": {"C": 818.4030547115335, "gamma": 0.05167364539251295}, "datetime": {"datetime": "2021-09-28 13:27:27", "elapsed": 217.968335, "delta": 0.913001}}
{"target": -36.453643841163746, "params": {"C": 979.8493082835059, "gamma": 0.039207904908775515}, "datetime": {"datetime": "2021-09-28 13:27:28", "elapsed": 219.18407, "delta": 1.215735}}
{"target": -36.7389300292591, "params": {"C": 930.896375382535, "gamma": 0.04918544123161976}, "datetime": {"datetime": "2021-09-28 13:27:30", "elapsed": 221.290881, "delta": 2.106811}}
{"target": -36.350690240247296, "params": {"C": 979.8091987871818, "gamma": 0.03273224302311616}, "datetime": {"datetime": "2021-09-28 13:27:32", "elapsed": 222.797212, "delta": 1.506331}}
{"target": -36.483112953658065, "params": {"C": 899.9597499897199, "gamma": 0.03384082943330122}, "datetime": {"datetime": "2021-09-28 13:27:34", "elapsed": 224.982976, "delta": 2.185764}}
{"target": -36.41893897655206, "params": {"C": 905.4419463247468, "gamma": 0.02941057538918343}, "datetime": {"datetime": "2021-09-28 13:27:36", "elapsed": 227.45121, "delta": 2.468234}}
{"target": -37.167779346526444, "params": {"C": 979.7760696760113, "gamma": 0.07120146313003853}, "datetime": {"datetime": "2021-09-28 13:27:39", "elapsed": 230.376262, "delta": 2.925052}}
{"target": -36.96276694006183, "params": {"C": 899.9362579839534, "gamma": 0.05698822106577337}, "datetime": {"datetime": "2021-09-28 13:27:41", "elapsed": 232.032261, "delta": 1.655999}}
{"target": -37.175416427865514, "params": {"C": 729.6112647335171, "gamma": 0.05266964346477281}, "datetime": {"datetime": "2021-09-28 13:27:42", "elapsed": 233.142472, "delta": 1.110211}}
{"target": -36.368014756292126, "params": {"C": 930.9740531679506, "gamma": 0.01358125471558137}, "datetime": {"datetime": "2021-09-28 13:27:44", "elapsed": 234.842383, "delta": 1.699911}}
{"target": -36.997273107781176, "params": {"C": 905.3974309178913, "gamma": 0.05897885608785015}, "datetime": {"datetime": "2021-09-28 13:27:45", "elapsed": 236.543973, "delta": 1.70159}}
{"target": -36.26412630581524, "params": {"C": 979.773411859537, "gamma": 0.016582566201371947}, "datetime": {"datetime": "2021-09-28 13:27:48", "elapsed": 238.694472, "delta": 2.150499}}
{"target": -37.19744779343593, "params": {"C": 930.8306428308408, "gamma": 0.005576002563791229}, "datetime": {"datetime": "2021-09-28 13:27:49", "elapsed": 240.54889, "delta": 1.854418}}
{"target": -36.601370794681316, "params": {"C": 905.4121542700154, "gamma": 0.010242902899970326}, "datetime": {"datetime": "2021-09-28 13:27:51", "elapsed": 242.600324, "delta": 2.051434}}
{"target": -36.24537282884523, "params": {"C": 986.052126389357, "gamma": 0.018750170673563337}, "datetime": {"datetime": "2021-09-28 13:27:53", "elapsed": 244.558464, "delta": 1.95814}}
{"target": -36.999461591387906, "params": {"C": 899.8505474454871, "gamma": 0.058658984347416}, "datetime": {"datetime": "2021-09-28 13:27:55", "elapsed": 246.164567, "delta": 1.606103}}
{"target": -37.283772022563646, "params": {"C": 958.8039957174484, "gamma": 0.0049999213359539305}, "datetime": {"datetime": "2021-09-28 13:27:57", "elapsed": 248.162401, "delta": 1.997834}}
{"target": -36.280856116884166, "params": {"C": 958.714596107541, "gamma": 0.018987989456061043}, "datetime": {"datetime": "2021-09-28 13:27:59", "elapsed": 249.942223, "delta": 1.779822}}
{"target": -36.38123002645237, "params": {"C": 958.7336536760802, "gamma": 0.012494322358816614}, "datetime": {"datetime": "2021-09-28 13:28:01", "elapsed": 251.719221, "delta": 1.776998}}
{"target": -36.266511475864256, "params": {"C": 986.0042968279577, "gamma": 0.02541250634772719}, "datetime": {"datetime": "2021-09-28 13:28:04", "elapsed": 254.892611, "delta": 3.17339}}
{"target": -37.144780655573726, "params": {"C": 903.0074988267195, "gamma": 0.006065128999729946}, "datetime": {"datetime": "2021-09-28 13:28:07", "elapsed": 257.920522, "delta": 3.027911}}
{"target": -36.31928237428809, "params": {"C": 979.7951623866493, "gamma": 0.013327027438151475}, "datetime": {"datetime": "2021-09-28 13:28:09", "elapsed": 259.978087, "delta": 2.057565}}
{"target": -38.085842178127145, "params": {"C": 654.4321606095757, "gamma": 0.08046006709706081}, "datetime": {"datetime": "2021-09-28 13:28:10", "elapsed": 261.257982, "delta": 1.279895}}
{"target": -36.4175572833022, "params": {"C": 953.096166652783, "gamma": 0.011920049331165354}, "datetime": {"datetime": "2021-09-28 13:28:12", "elapsed": 263.260681, "delta": 2.002699}}
{"target": -36.281462301675134, "params": {"C": 958.6716061160191, "gamma": 0.021055734693402918}, "datetime": {"datetime": "2021-09-28 13:28:14", "elapsed": 265.172214, "delta": 1.911533}}
{"target": -36.52055157736023, "params": {"C": 986.0256230733767, "gamma": 0.04318834491193392}, "datetime": {"datetime": "2021-09-28 13:28:17", "elapsed": 268.50201, "delta": 3.329796}}
{"target": -36.60461714734221, "params": {"C": 985.9706809638893, "gamma": 0.046941402794262004}, "datetime": {"datetime": "2021-09-28 13:28:19", "elapsed": 270.42665, "delta": 1.92464}}
{"target": -36.690196809570864, "params": {"C": 798.2715976930286, "gamma": 0.0355692925433298}, "datetime": {"datetime": "2021-09-28 13:28:22", "elapsed": 272.648547, "delta": 2.221897}}
{"target": -37.74226904384947, "params": {"C": 931.0293537773334, "gamma": 0.0036341657086250766}, "datetime": {"datetime": "2021-09-28 13:28:24", "elapsed": 275.228311, "delta": 2.579764}}
