{"target": -19.551120471349666, "params": {"max_depth": 13.093638136374645, "n_estimators": 72.31212485077366}, "datetime": {"datetime": "2021-09-27 19:19:55", "elapsed": 0.0, "delta": 0.0}}
{"target": -40.05573507610173, "params": {"max_depth": 1.0033168697030017, "n_estimators": 30.930924690552136}, "datetime": {"datetime": "2021-09-27 19:19:55", "elapsed": 0.111996, "delta": 0.111996}}
{"target": -21.954040478735372, "params": {"max_depth": 5.255920833696278, "n_estimators": 10.141520882110981}, "datetime": {"datetime": "2021-09-27 19:19:55", "elapsed": 0.236001, "delta": 0.124005}}
{"target": -20.853654484295774, "params": {"max_depth": 6.4015461299524565, "n_estimators": 35.210511977261724}, "datetime": {"datetime": "2021-09-27 19:19:56", "elapsed": 0.509998, "delta": 0.273997}}
{"target": -19.517692419863923, "params": {"max_depth": 12.506256752689428, "n_estimators": 54.34285666633234}, "datetime": {"datetime": "2021-09-27 19:19:56", "elapsed": 1.316666, "delta": 0.806668}}
{"target": -19.517692419863923, "params": {"max_depth": 12.277328678147006, "n_estimators": 54.26078429382841}, "datetime": {"datetime": "2021-09-27 19:19:57", "elapsed": 1.747457, "delta": 0.430791}}
{"target": -19.51030100925022, "params": {"max_depth": 10.783515229405435, "n_estimators": 40.113427697404006}, "datetime": {"datetime": "2021-09-27 19:19:58", "elapsed": 2.821451, "delta": 1.073994}}
{"target": -19.381210838247533, "params": {"max_depth": 11.571907751312617, "n_estimators": 63.48832195006104}, "datetime": {"datetime": "2021-09-27 19:19:59", "elapsed": 3.645357, "delta": 0.823906}}
{"target": -19.38108432559416, "params": {"max_depth": 19.505536426691823, "n_estimators": 66.18838901732386}, "datetime": {"datetime": "2021-09-27 19:20:00", "elapsed": 4.592358, "delta": 0.947001}}
{"target": -19.78650937509422, "params": {"max_depth": 14.895760794111638, "n_estimators": 33.14497655158525}, "datetime": {"datetime": "2021-09-27 19:20:00", "elapsed": 5.111052, "delta": 0.518694}}
{"target": -19.664217600812503, "params": {"max_depth": 22.03614515005673, "n_estimators": 75.08501142934797}, "datetime": {"datetime": "2021-09-27 19:20:01", "elapsed": 6.379001, "delta": 1.267949}}
{"target": -19.47169266872004, "params": {"max_depth": 28.786677609890145, "n_estimators": 68.56008581783483}, "datetime": {"datetime": "2021-09-27 19:20:02", "elapsed": 7.306999, "delta": 0.927998}}
{"target": -19.56295449676215, "params": {"max_depth": 25.561506306943695, "n_estimators": 59.14940980660471}, "datetime": {"datetime": "2021-09-27 19:20:03", "elapsed": 8.099325, "delta": 0.792326}}
{"target": -24.146758406109097, "params": {"max_depth": 3.8366267660294695, "n_estimators": 68.9324358032645}, "datetime": {"datetime": "2021-09-27 19:20:04", "elapsed": 8.861324, "delta": 0.761999}}
{"target": -19.109716092064318, "params": {"max_depth": 18.232651341088367, "n_estimators": 46.882421035359705}, "datetime": {"datetime": "2021-09-27 19:20:05", "elapsed": 9.586837, "delta": 0.725513}}
{"target": -19.58446730345854, "params": {"max_depth": 25.82127632904435, "n_estimators": 50.10233413264861}, "datetime": {"datetime": "2021-09-27 19:20:05", "elapsed": 10.304838, "delta": 0.718001}}
{"target": -19.794966357061693, "params": {"max_depth": 22.873424288635096, "n_estimators": 39.91737134574303}, "datetime": {"datetime": "2021-09-27 19:20:06", "elapsed": 10.891837, "delta": 0.586999}}
{"target": -19.625049082254023, "params": {"max_depth": 15.091896619945095, "n_estimators": 81.5278506417404}, "datetime": {"datetime": "2021-09-27 19:20:07", "elapsed": 11.871614, "delta": 0.979777}}
{"target": -19.80417315928385, "params": {"max_depth": 24.01237797259018, "n_estimators": 84.7996756190554}, "datetime": {"datetime": "2021-09-27 19:20:08", "elapsed": 12.814617, "delta": 0.943003}}
{"target": -19.703738969245528, "params": {"max_depth": 30.0, "n_estimators": 77.82308668247059}, "datetime": {"datetime": "2021-09-27 19:20:09", "elapsed": 13.861741, "delta": 1.047124}}
{"target": -20.09064890052293, "params": {"max_depth": 16.23047596128352, "n_estimators": 91.04650136974114}, "datetime": {"datetime": "2021-09-27 19:20:10", "elapsed": 15.010744, "delta": 1.149003}}
{"target": -22.710875472228544, "params": {"max_depth": 4.941127385322317, "n_estimators": 46.94977301384673}, "datetime": {"datetime": "2021-09-27 19:20:11", "elapsed": 15.598685, "delta": 0.587941}}
{"target": -20.177661223580927, "params": {"max_depth": 7.392588150886557, "n_estimators": 86.57413679055725}, "datetime": {"datetime": "2021-09-27 19:20:11", "elapsed": 16.302688, "delta": 0.704003}}
{"target": -19.334794192492005, "params": {"max_depth": 24.29267912357318, "n_estimators": 30.40107276229358}, "datetime": {"datetime": "2021-09-27 19:20:12", "elapsed": 16.711685, "delta": 0.408997}}
{"target": -19.31222039235377, "params": {"max_depth": 19.691304146269, "n_estimators": 23.734960890824592}, "datetime": {"datetime": "2021-09-27 19:20:12", "elapsed": 17.353688, "delta": 0.642003}}
{"target": -19.206219539647556, "params": {"max_depth": 27.848529065754498, "n_estimators": 22.827273706790013}, "datetime": {"datetime": "2021-09-27 19:20:13", "elapsed": 17.923866, "delta": 0.570178}}
{"target": -19.346045485187133, "params": {"max_depth": 23.293290086800386, "n_estimators": 15.961233970101283}, "datetime": {"datetime": "2021-09-27 19:20:13", "elapsed": 18.364867, "delta": 0.441001}}
{"target": -20.673208447242583, "params": {"max_depth": 30.0, "n_estimators": 11.851019736342755}, "datetime": {"datetime": "2021-09-27 19:20:14", "elapsed": 18.712041, "delta": 0.347174}}
{"target": -19.904281714573994, "params": {"max_depth": 15.393354775390856, "n_estimators": 16.66244082320539}, "datetime": {"datetime": "2021-09-27 19:20:14", "elapsed": 19.19504, "delta": 0.482999}}
{"target": -19.685626297657215, "params": {"max_depth": 29.971092509495445, "n_estimators": 35.77928900858554}, "datetime": {"datetime": "2021-09-27 19:20:15", "elapsed": 19.640217, "delta": 0.445177}}
{"target": -21.502983873482513, "params": {"max_depth": 19.63192136344124, "n_estimators": 7.768938011732916}, "datetime": {"datetime": "2021-09-27 19:20:15", "elapsed": 20.038221, "delta": 0.398004}}
{"target": -19.814192458297963, "params": {"max_depth": 26.58545291616914, "n_estimators": 94.3048137447939}, "datetime": {"datetime": "2021-09-27 19:20:16", "elapsed": 21.095221, "delta": 1.057}}
{"target": -19.651034323774567, "params": {"max_depth": 19.832792464593368, "n_estimators": 99.81218907065453}, "datetime": {"datetime": "2021-09-27 19:20:17", "elapsed": 22.065451, "delta": 0.97023}}
{"target": -19.488633447257865, "params": {"max_depth": 10.56115892384508, "n_estimators": 99.82055078052682}, "datetime": {"datetime": "2021-09-27 19:20:18", "elapsed": 22.986449, "delta": 0.920998}}
{"target": -28.00980701673929, "params": {"max_depth": 2.6127006690850862, "n_estimators": 96.52147789041074}, "datetime": {"datetime": "2021-09-27 19:20:19", "elapsed": 23.723402, "delta": 0.736953}}
{"target": -19.246639041837174, "params": {"max_depth": 18.0646391923478, "n_estimators": 59.48970011232336}, "datetime": {"datetime": "2021-09-27 19:20:19", "elapsed": 24.299401, "delta": 0.575999}}
{"target": -19.75620247705835, "params": {"max_depth": 30.0, "n_estimators": 43.87894171635146}, "datetime": {"datetime": "2021-09-27 19:20:20", "elapsed": 25.016399, "delta": 0.716998}}
{"target": -31.993381049307718, "params": {"max_depth": 30.0, "n_estimators": 1.0}, "datetime": {"datetime": "2021-09-27 19:20:20", "elapsed": 25.376403, "delta": 0.360004}}
{"target": -44.63308095435758, "params": {"max_depth": 1.8098640205746137, "n_estimators": 1.0770292517480335}, "datetime": {"datetime": "2021-09-27 19:20:21", "elapsed": 25.705592, "delta": 0.329189}}
{"target": -40.30053967803441, "params": {"max_depth": 1.0, "n_estimators": 57.409561755530625}, "datetime": {"datetime": "2021-09-27 19:20:21", "elapsed": 26.265592, "delta": 0.56}}
{"target": -39.983892494003015, "params": {"max_depth": 1.109561829993634, "n_estimators": 79.06144851805794}, "datetime": {"datetime": "2021-09-27 19:20:22", "elapsed": 26.857589, "delta": 0.591997}}
{"target": -19.636503683794093, "params": {"max_depth": 29.967292889548204, "n_estimators": 99.7295902375045}, "datetime": {"datetime": "2021-09-27 19:20:23", "elapsed": 27.865786, "delta": 1.008197}}
{"target": -21.08196440333647, "params": {"max_depth": 6.747195102752286, "n_estimators": 17.24859420842096}, "datetime": {"datetime": "2021-09-27 19:20:23", "elapsed": 28.247786, "delta": 0.382}}
{"target": -19.873097441442535, "params": {"max_depth": 29.993600363745752, "n_estimators": 86.98381757425045}, "datetime": {"datetime": "2021-09-27 19:20:24", "elapsed": 29.319457, "delta": 1.071671}}
{"target": -19.382915631949917, "params": {"max_depth": 29.93379553009238, "n_estimators": 55.04323768915888}, "datetime": {"datetime": "2021-09-27 19:20:25", "elapsed": 30.104138, "delta": 0.784681}}
{"target": -21.474344314022993, "params": {"max_depth": 12.09101644462121, "n_estimators": 10.660052904540743}, "datetime": {"datetime": "2021-09-27 19:20:26", "elapsed": 30.546139, "delta": 0.442001}}
{"target": -19.308974989029362, "params": {"max_depth": 30.0, "n_estimators": 28.64263350307719}, "datetime": {"datetime": "2021-09-27 19:20:26", "elapsed": 31.109139, "delta": 0.563}}
{"target": -19.620810449625438, "params": {"max_depth": 10.285772897687767, "n_estimators": 92.02625352518844}, "datetime": {"datetime": "2021-09-27 19:20:27", "elapsed": 32.170135, "delta": 1.060996}}
{"target": -19.2639653854033, "params": {"max_depth": 12.840544774619666, "n_estimators": 25.475107435775854}, "datetime": {"datetime": "2021-09-27 19:20:28", "elapsed": 32.842139, "delta": 0.672004}}
{"target": -19.46670608167544, "params": {"max_depth": 12.096716828738892, "n_estimators": 48.11700589578492}, "datetime": {"datetime": "2021-09-27 19:20:29", "elapsed": 33.621144, "delta": 0.779005}}
{"target": -19.48241664882881, "params": {"max_depth": 30.0, "n_estimators": 62.47018614453322}, "datetime": {"datetime": "2021-09-27 19:20:29", "elapsed": 34.427138, "delta": 0.805994}}
{"target": -19.188054169228703, "params": {"max_depth": 29.815614197882482, "n_estimators": 17.37471079330503}, "datetime": {"datetime": "2021-09-27 19:20:30", "elapsed": 34.86914, "delta": 0.442002}}
{"target": -20.064186468900385, "params": {"max_depth": 12.373532350443234, "n_estimators": 86.53707346388451}, "datetime": {"datetime": "2021-09-27 19:20:31", "elapsed": 35.737302, "delta": 0.868162}}
{"target": -19.444749787741095, "params": {"max_depth": 20.334427820245285, "n_estimators": 52.82401416094257}, "datetime": {"datetime": "2021-09-27 19:20:32", "elapsed": 36.655302, "delta": 0.918}}
{"target": -42.799282081471105, "params": {"max_depth": 1.0, "n_estimators": 14.647537380207455}, "datetime": {"datetime": "2021-09-27 19:20:32", "elapsed": 37.079158, "delta": 0.423856}}
{"target": -19.574026632515736, "params": {"max_depth": 11.110326332626949, "n_estimators": 19.892030190750187}, "datetime": {"datetime": "2021-09-27 19:20:33", "elapsed": 37.516164, "delta": 0.437006}}
{"target": -36.23577373586373, "params": {"max_depth": 17.773830218315055, "n_estimators": 1.0925562837377258}, "datetime": {"datetime": "2021-09-27 19:20:33", "elapsed": 37.869753, "delta": 0.353589}}
{"target": -19.360951810276177, "params": {"max_depth": 14.9749098047474, "n_estimators": 97.0453132378819}, "datetime": {"datetime": "2021-09-27 19:20:34", "elapsed": 39.035751, "delta": 1.165998}}
{"target": -22.824981728371625, "params": {"max_depth": 4.122859443117258, "n_estimators": 40.749888014590475}, "datetime": {"datetime": "2021-09-27 19:20:35", "elapsed": 39.641748, "delta": 0.605997}}
{"target": -21.054390596682232, "params": {"max_depth": 9.488756466640448, "n_estimators": 14.287603399504796}, "datetime": {"datetime": "2021-09-27 19:20:35", "elapsed": 40.227121, "delta": 0.585373}}
{"target": -19.627636907182097, "params": {"max_depth": 17.02818427319976, "n_estimators": 40.58139893394492}, "datetime": {"datetime": "2021-09-27 19:20:36", "elapsed": 41.060121, "delta": 0.833}}
{"target": -19.702358379052544, "params": {"max_depth": 20.51713799777319, "n_estimators": 80.31712100133848}, "datetime": {"datetime": "2021-09-27 19:20:37", "elapsed": 41.932831, "delta": 0.87271}}
{"target": -19.22309123580656, "params": {"max_depth": 14.133554659251724, "n_estimators": 67.30777390334092}, "datetime": {"datetime": "2021-09-27 19:20:38", "elapsed": 42.914832, "delta": 0.982001}}
{"target": -21.037969198964177, "params": {"max_depth": 19.55321365011452, "n_estimators": 12.509091002930914}, "datetime": {"datetime": "2021-09-27 19:20:38", "elapsed": 43.464566, "delta": 0.549734}}
{"target": -19.636495371028982, "params": {"max_depth": 25.10848904289929, "n_estimators": 100.0}, "datetime": {"datetime": "2021-09-27 19:20:40", "elapsed": 44.648582, "delta": 1.184016}}
{"target": -19.784661858961435, "params": {"max_depth": 22.3345808654828, "n_estimators": 90.34053847416018}, "datetime": {"datetime": "2021-09-27 19:20:41", "elapsed": 45.735194, "delta": 1.086612}}
{"target": -19.96738080055794, "params": {"max_depth": 16.85166672336757, "n_estimators": 75.60576095966242}, "datetime": {"datetime": "2021-09-27 19:20:42", "elapsed": 46.696195, "delta": 0.961001}}
{"target": -19.393609886175057, "params": {"max_depth": 24.793357026491336, "n_estimators": 65.16470208963484}, "datetime": {"datetime": "2021-09-27 19:20:43", "elapsed": 47.688192, "delta": 0.991997}}
{"target": -19.517372926912692, "params": {"max_depth": 10.452557785159245, "n_estimators": 31.99366418557925}, "datetime": {"datetime": "2021-09-27 19:20:44", "elapsed": 48.527071, "delta": 0.838879}}
{"target": -19.59372563052463, "params": {"max_depth": 23.546809058526804, "n_estimators": 45.353032163087356}, "datetime": {"datetime": "2021-09-27 19:20:44", "elapsed": 49.453076, "delta": 0.926005}}
{"target": -19.02468079712546, "params": {"max_depth": 18.313846303492646, "n_estimators": 28.679604515979467}, "datetime": {"datetime": "2021-09-27 19:20:45", "elapsed": 50.145336, "delta": 0.69226}}
{"target": -19.61693146927604, "params": {"max_depth": 30.0, "n_estimators": 49.32108995279469}, "datetime": {"datetime": "2021-09-27 19:20:46", "elapsed": 51.007343, "delta": 0.862007}}
{"target": -19.59139024258275, "params": {"max_depth": 21.069511443028368, "n_estimators": 34.5408571427897}, "datetime": {"datetime": "2021-09-27 19:20:47", "elapsed": 51.648337, "delta": 0.640994}}
{"target": -19.608288931330424, "params": {"max_depth": 27.28965177476272, "n_estimators": 73.58195610335801}, "datetime": {"datetime": "2021-09-27 19:20:48", "elapsed": 52.941543, "delta": 1.293206}}
{"target": -20.883531687181854, "params": {"max_depth": 24.790366526830226, "n_estimators": 10.459977152278281}, "datetime": {"datetime": "2021-09-27 19:20:49", "elapsed": 53.52937, "delta": 0.587827}}
{"target": -19.891818778925032, "params": {"max_depth": 9.42982130693603, "n_estimators": 68.38291841721222}, "datetime": {"datetime": "2021-09-27 19:20:50", "elapsed": 54.514538, "delta": 0.985168}}
{"target": -19.730968030533653, "params": {"max_depth": 26.274033845954243, "n_estimators": 80.16966214375398}, "datetime": {"datetime": "2021-09-27 19:20:50", "elapsed": 55.444538, "delta": 0.93}}
{"target": -19.817151122791486, "params": {"max_depth": 29.943317776654254, "n_estimators": 92.04362689557252}, "datetime": {"datetime": "2021-09-27 19:20:52", "elapsed": 56.975596, "delta": 1.531058}}
{"target": -19.537618402303515, "params": {"max_depth": 22.456616813269257, "n_estimators": 70.23734966338404}, "datetime": {"datetime": "2021-09-27 19:20:53", "elapsed": 58.078381, "delta": 1.102785}}
{"target": -19.720441239733105, "params": {"max_depth": 10.496955560783428, "n_estimators": 36.065186695403696}, "datetime": {"datetime": "2021-09-27 19:20:54", "elapsed": 58.823995, "delta": 0.745614}}
{"target": -18.70214940677426, "params": {"max_depth": 23.14730906485353, "n_estimators": 20.62346518939418}, "datetime": {"datetime": "2021-09-27 19:20:54", "elapsed": 59.444992, "delta": 0.620997}}
{"target": -19.575068794251262, "params": {"max_depth": 18.663086296519598, "n_estimators": 85.868282412547}, "datetime": {"datetime": "2021-09-27 19:20:56", "elapsed": 60.611993, "delta": 1.167001}}
{"target": -19.748086167524878, "params": {"max_depth": 20.751862355010537, "n_estimators": 95.3807469535261}, "datetime": {"datetime": "2021-09-27 19:20:57", "elapsed": 61.615995, "delta": 1.004002}}
{"target": -18.41615856621743, "params": {"max_depth": 18.932432901118002, "n_estimators": 19.430048809080446}, "datetime": {"datetime": "2021-09-27 19:20:57", "elapsed": 62.315611, "delta": 0.699616}}
{"target": -19.268924821593387, "params": {"max_depth": 14.935308655944636, "n_estimators": 99.9585739613147}, "datetime": {"datetime": "2021-09-27 19:20:59", "elapsed": 63.703788, "delta": 1.388177}}
{"target": -19.242598552210662, "params": {"max_depth": 15.482986447825809, "n_estimators": 62.92624428879588}, "datetime": {"datetime": "2021-09-27 19:21:00", "elapsed": 64.996497, "delta": 1.292709}}
{"target": -19.06267620560115, "params": {"max_depth": 15.42734687404685, "n_estimators": 21.935978825631572}, "datetime": {"datetime": "2021-09-27 19:21:01", "elapsed": 65.753497, "delta": 0.757}}
{"target": -19.685626297657215, "params": {"max_depth": 25.875044540572805, "n_estimators": 35.08416460474319}, "datetime": {"datetime": "2021-09-27 19:21:02", "elapsed": 66.565318, "delta": 0.811821}}
{"target": -19.493065490437967, "params": {"max_depth": 14.148520872186014, "n_estimators": 44.00234141893337}, "datetime": {"datetime": "2021-09-27 19:21:02", "elapsed": 67.361319, "delta": 0.796001}}
{"target": -18.888338755908972, "params": {"max_depth": 24.746669891912234, "n_estimators": 26.178320576980443}, "datetime": {"datetime": "2021-09-27 19:21:03", "elapsed": 68.075655, "delta": 0.714336}}
{"target": -19.1649639394482, "params": {"max_depth": 15.60282353432467, "n_estimators": 50.818793959539185}, "datetime": {"datetime": "2021-09-27 19:21:04", "elapsed": 69.125287, "delta": 1.049632}}
{"target": -19.76057233067496, "params": {"max_depth": 29.977815768577504, "n_estimators": 82.81017399683004}, "datetime": {"datetime": "2021-09-27 19:21:05", "elapsed": 70.346686, "delta": 1.221399}}
{"target": -19.447209450915697, "params": {"max_depth": 17.386616263376276, "n_estimators": 70.52269029471032}, "datetime": {"datetime": "2021-09-27 19:21:06", "elapsed": 71.462688, "delta": 1.116002}}
{"target": -19.339381742065793, "params": {"max_depth": 24.837270523005877, "n_estimators": 54.79467228439685}, "datetime": {"datetime": "2021-09-27 19:21:08", "elapsed": 72.577473, "delta": 1.114785}}
{"target": -19.436972132631528, "params": {"max_depth": 21.505864632077333, "n_estimators": 61.63885207866511}, "datetime": {"datetime": "2021-09-27 19:21:09", "elapsed": 73.853081, "delta": 1.275608}}
{"target": -19.608079361781513, "params": {"max_depth": 14.228877030219245, "n_estimators": 28.989267946369413}, "datetime": {"datetime": "2021-09-27 19:21:10", "elapsed": 74.999296, "delta": 1.146215}}
{"target": -20.12034904754874, "params": {"max_depth": 8.93196715883336, "n_estimators": 44.13186165235888}, "datetime": {"datetime": "2021-09-27 19:21:11", "elapsed": 75.753295, "delta": 0.753999}}
{"target": -19.795317515252968, "params": {"max_depth": 27.66686550499944, "n_estimators": 39.8019419748581}, "datetime": {"datetime": "2021-09-27 19:21:12", "elapsed": 76.540742, "delta": 0.787447}}
{"target": -19.188054169228703, "params": {"max_depth": 26.63557237010316, "n_estimators": 17.842911574390254}, "datetime": {"datetime": "2021-09-27 19:21:12", "elapsed": 77.432738, "delta": 0.891996}}
{"target": -19.763607668495297, "params": {"max_depth": 12.876959222228987, "n_estimators": 59.22717660690461}, "datetime": {"datetime": "2021-09-27 19:21:13", "elapsed": 78.463924, "delta": 1.031186}}
{"target": -23.274970798202947, "params": {"max_depth": 8.300632867972862, "n_estimators": 9.206023068589316}, "datetime": {"datetime": "2021-09-27 19:21:14", "elapsed": 79.181924, "delta": 0.718}}
{"target": -19.590469009722995, "params": {"max_depth": 11.791180390852809, "n_estimators": 78.24863899707495}, "datetime": {"datetime": "2021-09-27 19:21:15", "elapsed": 80.279645, "delta": 1.097721}}
{"target": -19.756547297231496, "params": {"max_depth": 29.90969483329154, "n_estimators": 96.31309743738389}, "datetime": {"datetime": "2021-09-27 19:21:17", "elapsed": 82.129964, "delta": 1.850319}}
{"target": -19.155197258684627, "params": {"max_depth": 29.988642309591416, "n_estimators": 24.594223055154888}, "datetime": {"datetime": "2021-09-27 19:21:18", "elapsed": 83.049962, "delta": 0.919998}}
{"target": -19.579437322066223, "params": {"max_depth": 29.84820458124, "n_estimators": 72.70511538996358}, "datetime": {"datetime": "2021-09-27 19:21:19", "elapsed": 84.146406, "delta": 1.096444}}
{"target": -19.607338251992388, "params": {"max_depth": 10.629422201792822, "n_estimators": 82.67790405592721}, "datetime": {"datetime": "2021-09-27 19:21:20", "elapsed": 85.469404, "delta": 1.322998}}
{"target": -19.482992486813018, "params": {"max_depth": 21.28032151873706, "n_estimators": 57.28639921927056}, "datetime": {"datetime": "2021-09-27 19:21:22", "elapsed": 86.48659, "delta": 1.017186}}
{"target": -20.165744495538306, "params": {"max_depth": 8.98463950157579, "n_estimators": 23.09781627247848}, "datetime": {"datetime": "2021-09-27 19:21:22", "elapsed": 87.31959, "delta": 0.833}}
{"target": -19.731234501789288, "params": {"max_depth": 11.668430975311164, "n_estimators": 96.38574444748396}, "datetime": {"datetime": "2021-09-27 19:21:24", "elapsed": 88.697312, "delta": 1.377722}}
{"target": -19.598599207331315, "params": {"max_depth": 30.0, "n_estimators": 58.70048895897528}, "datetime": {"datetime": "2021-09-27 19:21:25", "elapsed": 89.775312, "delta": 1.078}}
