{"target": -17.478283813789595, "params": {"max_depth": 15.598631990695155, "n_estimators": 46.14396524589239}, "datetime": {"datetime": "2021-09-27 19:28:37", "elapsed": 528.084091, "delta": 3.015432}}
{"target": -17.744320319292193, "params": {"max_depth": 13.317701442803953, "n_estimators": 87.18120302995162}, "datetime": {"datetime": "2021-09-27 19:28:40", "elapsed": 530.834195, "delta": 2.750104}}
{"target": -17.375808386073224, "params": {"max_depth": 15.387680691857474, "n_estimators": 66.37470466003475}, "datetime": {"datetime": "2021-09-27 19:28:43", "elapsed": 533.717798, "delta": 2.883603}}
{"target": -17.375808386073224, "params": {"max_depth": 15.747552356534278, "n_estimators": 66.23513831959498}, "datetime": {"datetime": "2021-09-27 19:28:45", "elapsed": 535.970719, "delta": 2.252921}}
{"target": -17.70820483224651, "params": {"max_depth": 11.455129868465768, "n_estimators": 93.66607095780194}, "datetime": {"datetime": "2021-09-27 19:28:49", "elapsed": 539.704372, "delta": 3.733653}}
{"target": -17.390884711113898, "params": {"max_depth": 16.731334205446025, "n_estimators": 66.2485004232868}, "datetime": {"datetime": "2021-09-27 19:28:51", "elapsed": 542.031578, "delta": 2.327206}}
{"target": -17.375808386073224, "params": {"max_depth": 15.5445826300348, "n_estimators": 66.0202780796999}, "datetime": {"datetime": "2021-09-27 19:28:53", "elapsed": 544.21416, "delta": 2.182582}}
{"target": -17.375808386073224, "params": {"max_depth": 15.504133401400821, "n_estimators": 66.19799854899208}, "datetime": {"datetime": "2021-09-27 19:28:55", "elapsed": 546.650557, "delta": 2.436397}}
{"target": -17.375808386073224, "params": {"max_depth": 15.530368662703427, "n_estimators": 66.24877080439649}, "datetime": {"datetime": "2021-09-27 19:28:58", "elapsed": 548.888656, "delta": 2.238099}}
{"target": -17.375808386073224, "params": {"max_depth": 15.864202584383673, "n_estimators": 66.31334644641794}, "datetime": {"datetime": "2021-09-27 19:29:01", "elapsed": 552.642649, "delta": 3.753993}}
{"target": -17.375808386073224, "params": {"max_depth": 15.907168279634814, "n_estimators": 66.15743456089734}, "datetime": {"datetime": "2021-09-27 19:29:07", "elapsed": 557.792527, "delta": 5.149878}}
{"target": -17.831124539232622, "params": {"max_depth": 15.659641374878454, "n_estimators": 81.13966864475664}, "datetime": {"datetime": "2021-09-27 19:29:09", "elapsed": 560.358765, "delta": 2.566238}}
{"target": -17.375808386073224, "params": {"max_depth": 15.476702630344167, "n_estimators": 66.16139365181088}, "datetime": {"datetime": "2021-09-27 19:29:12", "elapsed": 562.883779, "delta": 2.525014}}
{"target": -17.375808386073224, "params": {"max_depth": 15.56385186803918, "n_estimators": 66.32754641836304}, "datetime": {"datetime": "2021-09-27 19:29:14", "elapsed": 565.413058, "delta": 2.529279}}
{"target": -17.375808386073224, "params": {"max_depth": 15.288921863942582, "n_estimators": 66.32385345373015}, "datetime": {"datetime": "2021-09-27 19:29:17", "elapsed": 568.173372, "delta": 2.760314}}
{"target": -17.686846162042645, "params": {"max_depth": 26.533766087295216, "n_estimators": 96.62736760187629}, "datetime": {"datetime": "2021-09-27 19:29:20", "elapsed": 571.433185, "delta": 3.259813}}
{"target": -17.386944308811213, "params": {"max_depth": 15.236215159270317, "n_estimators": 65.52958837625367}, "datetime": {"datetime": "2021-09-27 19:29:24", "elapsed": 575.369323, "delta": 3.936138}}
{"target": -17.375808386073224, "params": {"max_depth": 15.916818206367765, "n_estimators": 66.09410101571888}, "datetime": {"datetime": "2021-09-27 19:29:26", "elapsed": 577.571769, "delta": 2.202446}}
{"target": -17.375808386073224, "params": {"max_depth": 15.538667499725038, "n_estimators": 66.2123618751461}, "datetime": {"datetime": "2021-09-27 19:29:29", "elapsed": 580.626194, "delta": 3.054425}}
{"target": -17.375808386073224, "params": {"max_depth": 15.881317742439327, "n_estimators": 66.07911487692549}, "datetime": {"datetime": "2021-09-27 19:29:33", "elapsed": 584.427247, "delta": 3.801053}}
{"target": -17.375808386073224, "params": {"max_depth": 15.685806724579804, "n_estimators": 66.19041112606523}, "datetime": {"datetime": "2021-09-27 19:29:37", "elapsed": 588.46794, "delta": 4.040693}}
{"target": -17.375808386073224, "params": {"max_depth": 15.374519523150484, "n_estimators": 66.20007911590953}, "datetime": {"datetime": "2021-09-27 19:29:40", "elapsed": 591.150267, "delta": 2.682327}}
{"target": -17.375808386073224, "params": {"max_depth": 15.39141871940526, "n_estimators": 66.00305705444781}, "datetime": {"datetime": "2021-09-27 19:29:43", "elapsed": 594.376085, "delta": 3.225818}}
{"target": -17.375808386073224, "params": {"max_depth": 15.238715645911718, "n_estimators": 66.23973086392083}, "datetime": {"datetime": "2021-09-27 19:29:45", "elapsed": 596.471282, "delta": 2.095197}}
{"target": -17.390884711113898, "params": {"max_depth": 16.292817936701155, "n_estimators": 66.00151302035006}, "datetime": {"datetime": "2021-09-27 19:29:48", "elapsed": 599.589766, "delta": 3.118484}}
{"target": -17.375808386073224, "params": {"max_depth": 15.749971046661969, "n_estimators": 66.46000029951568}, "datetime": {"datetime": "2021-09-27 19:29:52", "elapsed": 602.871538, "delta": 3.281772}}
{"target": -17.375808386073224, "params": {"max_depth": 15.571537874792766, "n_estimators": 66.08534025162234}, "datetime": {"datetime": "2021-09-27 19:29:56", "elapsed": 607.202149, "delta": 4.330611}}
{"target": -17.849757423299987, "params": {"max_depth": 30.0, "n_estimators": 71.69927419627211}, "datetime": {"datetime": "2021-09-27 19:29:59", "elapsed": 609.964909, "delta": 2.76276}}
{"target": -17.375808386073224, "params": {"max_depth": 15.723334431779552, "n_estimators": 66.1422224856501}, "datetime": {"datetime": "2021-09-27 19:30:02", "elapsed": 613.309089, "delta": 3.34418}}
{"target": -17.375808386073224, "params": {"max_depth": 15.26875980432656, "n_estimators": 66.48784972250003}, "datetime": {"datetime": "2021-09-27 19:30:05", "elapsed": 616.465658, "delta": 3.156569}}
{"target": -17.75998514595985, "params": {"max_depth": 22.052974723363636, "n_estimators": 90.30653912924751}, "datetime": {"datetime": "2021-09-27 19:30:09", "elapsed": 620.662251, "delta": 4.196593}}
{"target": -17.375808386073224, "params": {"max_depth": 15.214876354620937, "n_estimators": 66.22566896503392}, "datetime": {"datetime": "2021-09-27 19:30:13", "elapsed": 623.825626, "delta": 3.163375}}
{"target": -17.375808386073224, "params": {"max_depth": 15.283392810453519, "n_estimators": 66.44983487215596}, "datetime": {"datetime": "2021-09-27 19:30:16", "elapsed": 626.776997, "delta": 2.951371}}
{"target": -17.375808386073224, "params": {"max_depth": 15.526000843366269, "n_estimators": 66.37871506148534}, "datetime": {"datetime": "2021-09-27 19:30:19", "elapsed": 629.995683, "delta": 3.218686}}
{"target": -17.375808386073224, "params": {"max_depth": 15.692195238957053, "n_estimators": 66.11462961671769}, "datetime": {"datetime": "2021-09-27 19:30:22", "elapsed": 633.164435, "delta": 3.168752}}
{"target": -18.019713500595426, "params": {"max_depth": 30.0, "n_estimators": 31.391200569036126}, "datetime": {"datetime": "2021-09-27 19:30:24", "elapsed": 635.677694, "delta": 2.513259}}
{"target": -17.375808386073224, "params": {"max_depth": 15.2520867491985, "n_estimators": 66.21298840177113}, "datetime": {"datetime": "2021-09-27 19:30:27", "elapsed": 638.05693, "delta": 2.379236}}
{"target": -17.82343425044177, "params": {"max_depth": 22.001164731166835, "n_estimators": 60.31183020189906}, "datetime": {"datetime": "2021-09-27 19:30:30", "elapsed": 641.468569, "delta": 3.411639}}
{"target": -17.375808386073224, "params": {"max_depth": 15.247119673934527, "n_estimators": 66.18741246683801}, "datetime": {"datetime": "2021-09-27 19:30:34", "elapsed": 645.152122, "delta": 3.683553}}
{"target": -17.375808386073224, "params": {"max_depth": 15.491795958142738, "n_estimators": 66.27415514989553}, "datetime": {"datetime": "2021-09-27 19:30:39", "elapsed": 650.005775, "delta": 4.853653}}
{"target": -17.375808386073224, "params": {"max_depth": 15.723741195692938, "n_estimators": 66.33353841463041}, "datetime": {"datetime": "2021-09-27 19:30:43", "elapsed": 654.125103, "delta": 4.119328}}
{"target": -17.375808386073224, "params": {"max_depth": 15.233667558304116, "n_estimators": 66.25735366531897}, "datetime": {"datetime": "2021-09-27 19:30:47", "elapsed": 657.989274, "delta": 3.864171}}
{"target": -17.375808386073224, "params": {"max_depth": 15.762091733757181, "n_estimators": 66.22052953656993}, "datetime": {"datetime": "2021-09-27 19:30:51", "elapsed": 662.076307, "delta": 4.087033}}
{"target": -17.375808386073224, "params": {"max_depth": 15.827520370568822, "n_estimators": 66.30555658510102}, "datetime": {"datetime": "2021-09-27 19:30:56", "elapsed": 667.334655, "delta": 5.258348}}
{"target": -17.375808386073224, "params": {"max_depth": 15.883663502268, "n_estimators": 66.20525218373594}, "datetime": {"datetime": "2021-09-27 19:31:00", "elapsed": 671.250702, "delta": 3.916047}}
{"target": -17.386944308811213, "params": {"max_depth": 15.189151308476264, "n_estimators": 65.92810533488513}, "datetime": {"datetime": "2021-09-27 19:31:04", "elapsed": 675.551182, "delta": 4.30048}}
{"target": -17.375808386073224, "params": {"max_depth": 15.078482183939983, "n_estimators": 66.29726938183641}, "datetime": {"datetime": "2021-09-27 19:31:08", "elapsed": 678.690268, "delta": 3.139086}}
{"target": -17.375808386073224, "params": {"max_depth": 15.429274618579429, "n_estimators": 66.00206645792103}, "datetime": {"datetime": "2021-09-27 19:31:12", "elapsed": 683.646744, "delta": 4.956476}}
{"target": -17.375808386073224, "params": {"max_depth": 15.38963150999518, "n_estimators": 66.28743832597496}, "datetime": {"datetime": "2021-09-27 19:31:16", "elapsed": 687.550485, "delta": 3.903741}}
{"target": -17.375808386073224, "params": {"max_depth": 15.275219588525083, "n_estimators": 66.37431740376576}, "datetime": {"datetime": "2021-09-27 19:31:19", "elapsed": 689.853456, "delta": 2.302971}}
{"target": -17.375808386073224, "params": {"max_depth": 15.255283882678873, "n_estimators": 66.3124984814688}, "datetime": {"datetime": "2021-09-27 19:31:24", "elapsed": 695.194011, "delta": 5.340555}}
{"target": -17.375808386073224, "params": {"max_depth": 15.801923321161377, "n_estimators": 66.10829037517652}, "datetime": {"datetime": "2021-09-27 19:31:29", "elapsed": 699.764051, "delta": 4.57004}}
{"target": -17.375808386073224, "params": {"max_depth": 15.308253575380252, "n_estimators": 66.28766602613479}, "datetime": {"datetime": "2021-09-27 19:31:32", "elapsed": 703.202876, "delta": 3.438825}}
{"target": -17.375808386073224, "params": {"max_depth": 15.96520395289815, "n_estimators": 66.14754286038045}, "datetime": {"datetime": "2021-09-27 19:31:34", "elapsed": 705.520914, "delta": 2.318038}}
{"target": -17.375808386073224, "params": {"max_depth": 15.393362251344788, "n_estimators": 66.48267206436678}, "datetime": {"datetime": "2021-09-27 19:31:38", "elapsed": 708.753253, "delta": 3.232339}}
{"target": -17.375808386073224, "params": {"max_depth": 15.215579160254055, "n_estimators": 66.36867082834495}, "datetime": {"datetime": "2021-09-27 19:31:43", "elapsed": 713.832233, "delta": 5.07898}}
{"target": -18.008214193757006, "params": {"max_depth": 9.773974991034422, "n_estimators": 90.25649927177747}, "datetime": {"datetime": "2021-09-27 19:31:46", "elapsed": 717.366654, "delta": 3.534421}}
{"target": -17.375808386073224, "params": {"max_depth": 15.38228067007903, "n_estimators": 66.42992388045671}, "datetime": {"datetime": "2021-09-27 19:31:50", "elapsed": 721.671676, "delta": 4.305022}}
{"target": -17.64350809256489, "params": {"max_depth": 15.058403239130769, "n_estimators": 90.9449324835982}, "datetime": {"datetime": "2021-09-27 19:31:55", "elapsed": 726.526216, "delta": 4.85454}}
{"target": -17.375808386073224, "params": {"max_depth": 15.812242387455713, "n_estimators": 66.4389718224549}, "datetime": {"datetime": "2021-09-27 19:31:59", "elapsed": 730.100362, "delta": 3.574146}}
{"target": -17.375808386073224, "params": {"max_depth": 15.374682266762106, "n_estimators": 66.23374748590123}, "datetime": {"datetime": "2021-09-27 19:32:03", "elapsed": 734.54255, "delta": 4.442188}}
{"target": -17.375808386073224, "params": {"max_depth": 15.562330608258073, "n_estimators": 66.1184239471424}, "datetime": {"datetime": "2021-09-27 19:32:07", "elapsed": 737.78822, "delta": 3.24567}}
{"target": -17.375808386073224, "params": {"max_depth": 15.283123848038263, "n_estimators": 66.3073140984673}, "datetime": {"datetime": "2021-09-27 19:32:12", "elapsed": 742.848629, "delta": 5.060409}}
{"target": -17.375808386073224, "params": {"max_depth": 15.743383762606394, "n_estimators": 66.25421145457061}, "datetime": {"datetime": "2021-09-27 19:32:16", "elapsed": 746.863769, "delta": 4.01514}}
{"target": -17.375808386073224, "params": {"max_depth": 15.29650593702511, "n_estimators": 66.27798941158915}, "datetime": {"datetime": "2021-09-27 19:32:22", "elapsed": 753.387827, "delta": 6.524058}}
{"target": -17.375808386073224, "params": {"max_depth": 15.341004787948872, "n_estimators": 66.24933632855009}, "datetime": {"datetime": "2021-09-27 19:32:26", "elapsed": 757.185665, "delta": 3.797838}}
{"target": -17.375808386073224, "params": {"max_depth": 15.436825626852475, "n_estimators": 66.04712113144559}, "datetime": {"datetime": "2021-09-27 19:32:33", "elapsed": 763.932243, "delta": 6.746578}}
{"target": -17.454718090107384, "params": {"max_depth": 20.235197289059172, "n_estimators": 65.58582987190043}, "datetime": {"datetime": "2021-09-27 19:32:38", "elapsed": 768.880237, "delta": 4.947994}}
{"target": -17.375808386073224, "params": {"max_depth": 15.819455570424076, "n_estimators": 66.28794019252759}, "datetime": {"datetime": "2021-09-27 19:32:41", "elapsed": 772.636655, "delta": 3.756418}}
{"target": -17.375808386073224, "params": {"max_depth": 15.468209719591618, "n_estimators": 66.28734235467083}, "datetime": {"datetime": "2021-09-27 19:32:48", "elapsed": 778.854834, "delta": 6.218179}}
{"target": -17.386944308811213, "params": {"max_depth": 15.893701205283808, "n_estimators": 65.88422507709646}, "datetime": {"datetime": "2021-09-27 19:32:53", "elapsed": 784.157122, "delta": 5.302288}}
{"target": -17.375808386073224, "params": {"max_depth": 15.412706069205317, "n_estimators": 66.31132510689993}, "datetime": {"datetime": "2021-09-27 19:32:59", "elapsed": 789.952985, "delta": 5.795863}}
{"target": -17.386944308811213, "params": {"max_depth": 15.459545891359472, "n_estimators": 65.92024625530745}, "datetime": {"datetime": "2021-09-27 19:33:05", "elapsed": 795.757311, "delta": 5.804326}}
{"target": -17.375808386073224, "params": {"max_depth": 15.268442701804062, "n_estimators": 66.25626809081257}, "datetime": {"datetime": "2021-09-27 19:33:09", "elapsed": 800.159674, "delta": 4.402363}}
{"target": -17.375808386073224, "params": {"max_depth": 15.399293982744297, "n_estimators": 66.24240622039812}, "datetime": {"datetime": "2021-09-27 19:33:14", "elapsed": 805.214051, "delta": 5.054377}}
{"target": -17.375808386073224, "params": {"max_depth": 15.09578302926026, "n_estimators": 66.42421796774069}, "datetime": {"datetime": "2021-09-27 19:33:19", "elapsed": 810.581654, "delta": 5.367603}}
{"target": -17.375808386073224, "params": {"max_depth": 15.321202076586552, "n_estimators": 66.40140796677849}, "datetime": {"datetime": "2021-09-27 19:33:25", "elapsed": 815.818806, "delta": 5.237152}}
{"target": -17.375808386073224, "params": {"max_depth": 15.703906859948045, "n_estimators": 66.2755910723229}, "datetime": {"datetime": "2021-09-27 19:33:30", "elapsed": 821.248921, "delta": 5.430115}}
{"target": -17.375808386073224, "params": {"max_depth": 15.239173259641134, "n_estimators": 66.31705992523827}, "datetime": {"datetime": "2021-09-27 19:33:34", "elapsed": 825.649941, "delta": 4.40102}}
{"target": -17.375808386073224, "params": {"max_depth": 15.978301169705256, "n_estimators": 66.21101161948626}, "datetime": {"datetime": "2021-09-27 19:33:41", "elapsed": 832.266044, "delta": 6.616103}}
{"target": -17.375808386073224, "params": {"max_depth": 15.4416593847263, "n_estimators": 66.40946479957383}, "datetime": {"datetime": "2021-09-27 19:33:45", "elapsed": 836.451783, "delta": 4.185739}}
{"target": -17.375808386073224, "params": {"max_depth": 15.607448434141995, "n_estimators": 66.41540339682541}, "datetime": {"datetime": "2021-09-27 19:33:49", "elapsed": 839.926073, "delta": 3.47429}}
{"target": -17.65598919164465, "params": {"max_depth": 27.254194796887532, "n_estimators": 98.83823673540293}, "datetime": {"datetime": "2021-09-27 19:33:54", "elapsed": 845.060059, "delta": 5.133986}}
{"target": -17.375808386073224, "params": {"max_depth": 15.760017781872843, "n_estimators": 66.32061962814277}, "datetime": {"datetime": "2021-09-27 19:33:59", "elapsed": 849.877128, "delta": 4.817069}}
{"target": -17.7476436349827, "params": {"max_depth": 13.255630550485968, "n_estimators": 48.149359567110395}, "datetime": {"datetime": "2021-09-27 19:34:04", "elapsed": 855.410936, "delta": 5.533808}}
{"target": -17.375808386073224, "params": {"max_depth": 15.271815411519833, "n_estimators": 66.40837379767494}, "datetime": {"datetime": "2021-09-27 19:34:09", "elapsed": 859.867433, "delta": 4.456497}}
{"target": -17.390884711113898, "params": {"max_depth": 16.051905871704548, "n_estimators": 66.23016724698866}, "datetime": {"datetime": "2021-09-27 19:34:13", "elapsed": 864.126331, "delta": 4.258898}}
{"target": -17.375808386073224, "params": {"max_depth": 15.347095044636278, "n_estimators": 66.4031896466548}, "datetime": {"datetime": "2021-09-27 19:34:18", "elapsed": 869.033837, "delta": 4.907506}}
{"target": -17.375808386073224, "params": {"max_depth": 15.162643625869123, "n_estimators": 66.3080613423422}, "datetime": {"datetime": "2021-09-27 19:34:22", "elapsed": 873.593469, "delta": 4.559632}}
{"target": -17.375808386073224, "params": {"max_depth": 15.63010559562621, "n_estimators": 66.52941532285115}, "datetime": {"datetime": "2021-09-27 19:34:28", "elapsed": 878.73963, "delta": 5.146161}}
{"target": -17.375808386073224, "params": {"max_depth": 15.689056381801842, "n_estimators": 66.24776128538942}, "datetime": {"datetime": "2021-09-27 19:34:33", "elapsed": 884.480196, "delta": 5.740566}}
{"target": -17.375808386073224, "params": {"max_depth": 15.113644444138952, "n_estimators": 66.28311048865716}, "datetime": {"datetime": "2021-09-27 19:34:38", "elapsed": 889.639803, "delta": 5.159607}}
{"target": -17.375808386073224, "params": {"max_depth": 15.665296207521175, "n_estimators": 66.20404907498524}, "datetime": {"datetime": "2021-09-27 19:34:44", "elapsed": 894.94816, "delta": 5.308357}}
{"target": -17.52228417910811, "params": {"max_depth": 17.01628782794632, "n_estimators": 67.0754310428301}, "datetime": {"datetime": "2021-09-27 19:34:48", "elapsed": 899.188765, "delta": 4.240605}}
{"target": -17.803317556801463, "params": {"max_depth": 25.77954310594854, "n_estimators": 30.561680778076806}, "datetime": {"datetime": "2021-09-27 19:34:53", "elapsed": 904.291828, "delta": 5.103063}}
{"target": -17.517089712912767, "params": {"max_depth": 18.947864760396556, "n_estimators": 66.254096437902}, "datetime": {"datetime": "2021-09-27 19:34:58", "elapsed": 909.390646, "delta": 5.098818}}
{"target": -17.761842763977832, "params": {"max_depth": 15.673697254122025, "n_estimators": 73.7459830842384}, "datetime": {"datetime": "2021-09-27 19:35:05", "elapsed": 915.788075, "delta": 6.397429}}
{"target": -18.043036420160632, "params": {"max_depth": 9.354149578415763, "n_estimators": 87.3516546711058}, "datetime": {"datetime": "2021-09-27 19:35:10", "elapsed": 921.495424, "delta": 5.707349}}
{"target": -17.793035845538938, "params": {"max_depth": 23.81113321080659, "n_estimators": 87.07060754028122}, "datetime": {"datetime": "2021-09-27 19:35:17", "elapsed": 928.132455, "delta": 6.637031}}
{"target": -18.472271659205152, "params": {"max_depth": 7.264175355272002, "n_estimators": 76.38618176843686}, "datetime": {"datetime": "2021-09-27 19:35:22", "elapsed": 933.664528, "delta": 5.532073}}
{"target": -17.965399434685438, "params": {"max_depth": 29.98915199821464, "n_estimators": 81.55163612073653}, "datetime": {"datetime": "2021-09-27 19:35:27", "elapsed": 938.350207, "delta": 4.685679}}
{"target": -17.84668412861815, "params": {"max_depth": 16.01169472359294, "n_estimators": 13.282363826525536}, "datetime": {"datetime": "2021-09-27 19:35:34", "elapsed": 944.835613, "delta": 6.485406}}
{"target": -18.56349040691828, "params": {"max_depth": 9.54150827117554, "n_estimators": 42.2552579151805}, "datetime": {"datetime": "2021-09-27 19:35:38", "elapsed": 949.01876, "delta": 4.183147}}
{"target": -18.566147442504406, "params": {"max_depth": 18.43871384626788, "n_estimators": 11.518335329616313}, "datetime": {"datetime": "2021-09-27 19:35:41", "elapsed": 952.610639, "delta": 3.591879}}
{"target": -17.968881265425406, "params": {"max_depth": 10.44811571359446, "n_estimators": 48.37825226631291}, "datetime": {"datetime": "2021-09-27 19:35:47", "elapsed": 957.760465, "delta": 5.149826}}
{"target": -18.372661418057216, "params": {"max_depth": 9.58396680552725, "n_estimators": 51.91023583612047}, "datetime": {"datetime": "2021-09-27 19:35:54", "elapsed": 965.619677, "delta": 7.859212}}
{"target": -17.86582541674835, "params": {"max_depth": 24.811813498689812, "n_estimators": 51.263363987039405}, "datetime": {"datetime": "2021-09-27 19:36:00", "elapsed": 971.069768, "delta": 5.450091}}
{"target": -17.898586561767473, "params": {"max_depth": 13.419529406092952, "n_estimators": 78.57903661192651}, "datetime": {"datetime": "2021-09-27 19:36:05", "elapsed": 975.851214, "delta": 4.781446}}
