{"target": -19.283486856825455, "params": {"max_depth": 36.97583444433852, "n_estimators": 18.620801658748686}, "datetime": {"datetime": "2021-09-27 19:43:17", "elapsed": 122.244481, "delta": 0.910677}}
{"target": -18.888338755908972, "params": {"max_depth": 32.28241731256051, "n_estimators": 26.4867747116388}, "datetime": {"datetime": "2021-09-27 19:43:19", "elapsed": 123.606161, "delta": 1.36168}}
{"target": -18.783297095040886, "params": {"max_depth": 24.868398665925078, "n_estimators": 21.48029268272417}, "datetime": {"datetime": "2021-09-27 19:43:20", "elapsed": 124.792456, "delta": 1.186295}}
{"target": -19.283486856825455, "params": {"max_depth": 25.675312289277567, "n_estimators": 18.29921541738398}, "datetime": {"datetime": "2021-09-27 19:43:20", "elapsed": 125.589458, "delta": 0.797002}}
{"target": -19.188054169228703, "params": {"max_depth": 38.74473953417681, "n_estimators": 17.0}, "datetime": {"datetime": "2021-09-27 19:43:22", "elapsed": 126.796172, "delta": 1.206714}}
{"target": -18.888338755908972, "params": {"max_depth": 36.456281808629164, "n_estimators": 26.969730295677444}, "datetime": {"datetime": "2021-09-27 19:43:23", "elapsed": 127.761172, "delta": 0.965}}
{"target": -19.206219539647556, "params": {"max_depth": 28.213832934674464, "n_estimators": 22.14202545008722}, "datetime": {"datetime": "2021-09-27 19:43:24", "elapsed": 128.909382, "delta": 1.14821}}
{"target": -18.74712997716991, "params": {"max_depth": 19.00574206195197, "n_estimators": 20.14249516676381}, "datetime": {"datetime": "2021-09-27 19:43:25", "elapsed": 130.082384, "delta": 1.173002}}
{"target": -19.247334073252254, "params": {"max_depth": 19.19371307984842, "n_estimators": 22.05774305788953}, "datetime": {"datetime": "2021-09-27 19:43:26", "elapsed": 131.343155, "delta": 1.260771}}
{"target": -18.458552036136656, "params": {"max_depth": 18.03496094819391, "n_estimators": 21.41672183184592}, "datetime": {"datetime": "2021-09-27 19:43:28", "elapsed": 132.784777, "delta": 1.441622}}
{"target": -20.186174582541618, "params": {"max_depth": 11.062091465726866, "n_estimators": 17.89564035100212}, "datetime": {"datetime": "2021-09-27 19:43:29", "elapsed": 134.035627, "delta": 1.25085}}
{"target": -19.276502890362547, "params": {"max_depth": 22.972584254109712, "n_estimators": 23.472961060207002}, "datetime": {"datetime": "2021-09-27 19:43:30", "elapsed": 134.922828, "delta": 0.887201}}
{"target": -19.206219539647556, "params": {"max_depth": 35.441166948794084, "n_estimators": 22.561503462478203}, "datetime": {"datetime": "2021-09-27 19:43:31", "elapsed": 135.961827, "delta": 1.038999}}
{"target": -19.414706661874334, "params": {"max_depth": 15.510725720045974, "n_estimators": 24.508354766703395}, "datetime": {"datetime": "2021-09-27 19:43:32", "elapsed": 137.149901, "delta": 1.188074}}
{"target": -19.155197258684627, "params": {"max_depth": 33.20740865106112, "n_estimators": 24.621154504097774}, "datetime": {"datetime": "2021-09-27 19:43:34", "elapsed": 138.676352, "delta": 1.526451}}
{"target": -19.395950679297766, "params": {"max_depth": 14.337443538625958, "n_estimators": 18.871504889115677}, "datetime": {"datetime": "2021-09-27 19:43:35", "elapsed": 139.635349, "delta": 0.958997}}
{"target": -19.276502890362547, "params": {"max_depth": 38.50631444008044, "n_estimators": 23.44750819898356}, "datetime": {"datetime": "2021-09-27 19:43:36", "elapsed": 140.912592, "delta": 1.277243}}
{"target": -19.188054169228703, "params": {"max_depth": 28.09659390091611, "n_estimators": 17.003744301630743}, "datetime": {"datetime": "2021-09-27 19:43:37", "elapsed": 142.012593, "delta": 1.100001}}
{"target": -19.155197258684627, "params": {"max_depth": 24.081902426693826, "n_estimators": 24.4945600974004}, "datetime": {"datetime": "2021-09-27 19:43:38", "elapsed": 143.218419, "delta": 1.205826}}
{"target": -19.191039823423488, "params": {"max_depth": 19.016417892898044, "n_estimators": 24.49445149824514}, "datetime": {"datetime": "2021-09-27 19:43:40", "elapsed": 144.76997, "delta": 1.551551}}
{"target": -19.120264867450658, "params": {"max_depth": 12.160925981987381, "n_estimators": 20.92666531831243}, "datetime": {"datetime": "2021-09-27 19:43:41", "elapsed": 145.995972, "delta": 1.226002}}
{"target": -19.206219539647556, "params": {"max_depth": 31.26838139389134, "n_estimators": 22.149020296123133}, "datetime": {"datetime": "2021-09-27 19:43:42", "elapsed": 147.139317, "delta": 1.143345}}
{"target": -18.888338755908972, "params": {"max_depth": 34.838912497716905, "n_estimators": 26.725292691232486}, "datetime": {"datetime": "2021-09-27 19:43:44", "elapsed": 148.866798, "delta": 1.727481}}
{"target": -19.01399519090919, "params": {"max_depth": 34.93378837642667, "n_estimators": 25.36729580019142}, "datetime": {"datetime": "2021-09-27 19:43:45", "elapsed": 149.877794, "delta": 1.010996}}
{"target": -19.155197258684627, "params": {"max_depth": 39.958943861572166, "n_estimators": 24.85803363524224}, "datetime": {"datetime": "2021-09-27 19:43:46", "elapsed": 151.341795, "delta": 1.464001}}
{"target": -18.70214940677426, "params": {"max_depth": 31.543301682937074, "n_estimators": 20.13918977679747}, "datetime": {"datetime": "2021-09-27 19:43:47", "elapsed": 152.549026, "delta": 1.207231}}
{"target": -18.37769605103362, "params": {"max_depth": 18.260042887299623, "n_estimators": 20.961574564055052}, "datetime": {"datetime": "2021-09-27 19:43:48", "elapsed": 153.56461, "delta": 1.015584}}
{"target": -19.381580554844692, "params": {"max_depth": 12.669499895119893, "n_estimators": 24.522492833709947}, "datetime": {"datetime": "2021-09-27 19:43:50", "elapsed": 154.887432, "delta": 1.322822}}
{"target": -19.01399519090919, "params": {"max_depth": 21.679851013325965, "n_estimators": 25.825676904493672}, "datetime": {"datetime": "2021-09-27 19:43:51", "elapsed": 156.068435, "delta": 1.181003}}
{"target": -19.206219539647556, "params": {"max_depth": 25.798570421122193, "n_estimators": 22.432111374377108}, "datetime": {"datetime": "2021-09-27 19:43:52", "elapsed": 157.207434, "delta": 1.138999}}
{"target": -19.14110522707371, "params": {"max_depth": 13.09761455081298, "n_estimators": 20.153943209753066}, "datetime": {"datetime": "2021-09-27 19:43:53", "elapsed": 158.535228, "delta": 1.327794}}
{"target": -18.458552036136656, "params": {"max_depth": 18.530441650865193, "n_estimators": 21.36783140743105}, "datetime": {"datetime": "2021-09-27 19:43:54", "elapsed": 159.596123, "delta": 1.060895}}
{"target": -18.70214940677426, "params": {"max_depth": 35.636638405340534, "n_estimators": 20.894286733720072}, "datetime": {"datetime": "2021-09-27 19:43:56", "elapsed": 160.895462, "delta": 1.299339}}
{"target": -18.718259007892616, "params": {"max_depth": 20.345757504587105, "n_estimators": 21.330387811441824}, "datetime": {"datetime": "2021-09-27 19:43:57", "elapsed": 161.931459, "delta": 1.035997}}
{"target": -19.283486856825455, "params": {"max_depth": 29.03875537789004, "n_estimators": 18.238949946862558}, "datetime": {"datetime": "2021-09-27 19:43:58", "elapsed": 163.044431, "delta": 1.112972}}
{"target": -19.206219539647556, "params": {"max_depth": 40.0, "n_estimators": 22.24985693095237}, "datetime": {"datetime": "2021-09-27 19:43:59", "elapsed": 164.226185, "delta": 1.181754}}
{"target": -18.783297095040886, "params": {"max_depth": 27.307548442568656, "n_estimators": 21.175691178197077}, "datetime": {"datetime": "2021-09-27 19:44:01", "elapsed": 165.712248, "delta": 1.486063}}
{"target": -19.195144046898925, "params": {"max_depth": 38.767782731817334, "n_estimators": 27.988765653186437}, "datetime": {"datetime": "2021-09-27 19:44:02", "elapsed": 167.202457, "delta": 1.490209}}
{"target": -18.762590460948815, "params": {"max_depth": 34.038143489059415, "n_estimators": 19.939946771503383}, "datetime": {"datetime": "2021-09-27 19:44:03", "elapsed": 168.398505, "delta": 1.196048}}
{"target": -18.762590460948815, "params": {"max_depth": 25.116070098834225, "n_estimators": 19.5252205218428}, "datetime": {"datetime": "2021-09-27 19:44:05", "elapsed": 169.600986, "delta": 1.202481}}
{"target": -19.01399519090919, "params": {"max_depth": 39.081251322731006, "n_estimators": 25.970887341094965}, "datetime": {"datetime": "2021-09-27 19:44:06", "elapsed": 170.753434, "delta": 1.152448}}
{"target": -19.188054169228703, "params": {"max_depth": 34.028570048153085, "n_estimators": 17.006950964326986}, "datetime": {"datetime": "2021-09-27 19:44:07", "elapsed": 171.806435, "delta": 1.053001}}
{"target": -18.70214940677426, "params": {"max_depth": 25.96837657414198, "n_estimators": 20.280735148159927}, "datetime": {"datetime": "2021-09-27 19:44:08", "elapsed": 172.641906, "delta": 0.835471}}
{"target": -19.247545568565233, "params": {"max_depth": 7.961933049291353, "n_estimators": 25.21838779417026}, "datetime": {"datetime": "2021-09-27 19:44:09", "elapsed": 174.23561, "delta": 1.593704}}
{"target": -19.224659537174542, "params": {"max_depth": 12.498417225296324, "n_estimators": 26.865600413253738}, "datetime": {"datetime": "2021-09-27 19:44:10", "elapsed": 175.478914, "delta": 1.243304}}
{"target": -19.226114581974947, "params": {"max_depth": 19.00855988624298, "n_estimators": 27.542954262166823}, "datetime": {"datetime": "2021-09-27 19:44:12", "elapsed": 176.757285, "delta": 1.278371}}
{"target": -18.60285388679395, "params": {"max_depth": 18.486554383959373, "n_estimators": 26.395533992098855}, "datetime": {"datetime": "2021-09-27 19:44:13", "elapsed": 177.978283, "delta": 1.220998}}
{"target": -19.43635090538906, "params": {"max_depth": 17.33491940633788, "n_estimators": 27.94149932008947}, "datetime": {"datetime": "2021-09-27 19:44:14", "elapsed": 179.267233, "delta": 1.28895}}
{"target": -19.01399519090919, "params": {"max_depth": 29.026264929484995, "n_estimators": 25.69718530770283}, "datetime": {"datetime": "2021-09-27 19:44:16", "elapsed": 180.709229, "delta": 1.441996}}
{"target": -18.70214940677426, "params": {"max_depth": 23.129172921010607, "n_estimators": 20.008403418969397}, "datetime": {"datetime": "2021-09-27 19:44:17", "elapsed": 181.727233, "delta": 1.018004}}
{"target": -19.139998292220273, "params": {"max_depth": 20.826963113616873, "n_estimators": 27.019204568439775}, "datetime": {"datetime": "2021-09-27 19:44:18", "elapsed": 182.661233, "delta": 0.934}}
{"target": -18.70214940677426, "params": {"max_depth": 37.21186620878258, "n_estimators": 20.69718934610247}, "datetime": {"datetime": "2021-09-27 19:44:19", "elapsed": 184.225574, "delta": 1.564341}}
{"target": -19.01399519090919, "params": {"max_depth": 25.33101014900161, "n_estimators": 25.93055155178929}, "datetime": {"datetime": "2021-09-27 19:44:20", "elapsed": 185.56321, "delta": 1.337636}}
{"target": -19.163227746065818, "params": {"max_depth": 14.58905781114394, "n_estimators": 26.97843846225029}, "datetime": {"datetime": "2021-09-27 19:44:22", "elapsed": 186.64562, "delta": 1.08241}}
{"target": -19.5271975260312, "params": {"max_depth": 17.54529705379883, "n_estimators": 17.0}, "datetime": {"datetime": "2021-09-27 19:44:23", "elapsed": 187.629619, "delta": 0.983999}}
{"target": -18.70214940677426, "params": {"max_depth": 32.50860910658231, "n_estimators": 20.684924151675027}, "datetime": {"datetime": "2021-09-27 19:44:24", "elapsed": 188.879139, "delta": 1.24952}}
{"target": -18.762590460948815, "params": {"max_depth": 29.058889174561685, "n_estimators": 19.954900629906806}, "datetime": {"datetime": "2021-09-27 19:44:25", "elapsed": 189.966142, "delta": 1.087003}}
{"target": -19.09044776179938, "params": {"max_depth": 17.951092488361517, "n_estimators": 20.99363523789382}, "datetime": {"datetime": "2021-09-27 19:44:26", "elapsed": 191.091319, "delta": 1.125177}}
{"target": -19.105012542991144, "params": {"max_depth": 16.068294145677275, "n_estimators": 20.212345049789022}, "datetime": {"datetime": "2021-09-27 19:44:27", "elapsed": 192.357319, "delta": 1.266}}
{"target": -19.482035092979068, "params": {"max_depth": 17.956074898036412, "n_estimators": 22.255693782558122}, "datetime": {"datetime": "2021-09-27 19:44:28", "elapsed": 193.388319, "delta": 1.031}}
{"target": -22.919450181342988, "params": {"max_depth": 4.947028688363908, "n_estimators": 17.0}, "datetime": {"datetime": "2021-09-27 19:44:29", "elapsed": 194.499644, "delta": 1.111325}}
{"target": -20.51499462996651, "params": {"max_depth": 6.818374531761181, "n_estimators": 20.161534490277443}, "datetime": {"datetime": "2021-09-27 19:44:30", "elapsed": 195.567805, "delta": 1.068161}}
{"target": -19.142282796960394, "params": {"max_depth": 20.549270914059683, "n_estimators": 22.58228117643667}, "datetime": {"datetime": "2021-09-27 19:44:32", "elapsed": 196.648101, "delta": 1.080296}}
{"target": -20.053391491877935, "params": {"max_depth": 9.511509060037023, "n_estimators": 25.225746327500183}, "datetime": {"datetime": "2021-09-27 19:44:33", "elapsed": 197.906098, "delta": 1.257997}}
{"target": -19.248295452119415, "params": {"max_depth": 14.517974186513372, "n_estimators": 22.35296213470687}, "datetime": {"datetime": "2021-09-27 19:44:34", "elapsed": 198.868864, "delta": 0.962766}}
{"target": -19.276502890362547, "params": {"max_depth": 25.82908416823524, "n_estimators": 23.911064994473108}, "datetime": {"datetime": "2021-09-27 19:44:35", "elapsed": 200.258861, "delta": 1.389997}}
{"target": -19.613765228551756, "params": {"max_depth": 13.191536607379936, "n_estimators": 22.513712939380888}, "datetime": {"datetime": "2021-09-27 19:44:36", "elapsed": 201.288197, "delta": 1.029336}}
{"target": -19.066238965576883, "params": {"max_depth": 17.10610210187608, "n_estimators": 19.600332799974748}, "datetime": {"datetime": "2021-09-27 19:44:37", "elapsed": 202.579199, "delta": 1.291002}}
{"target": -19.276502890362547, "params": {"max_depth": 29.553618392699132, "n_estimators": 23.786481717167106}, "datetime": {"datetime": "2021-09-27 19:44:39", "elapsed": 203.829966, "delta": 1.250767}}
{"target": -19.188054169228703, "params": {"max_depth": 36.24491831280381, "n_estimators": 17.01350084316673}, "datetime": {"datetime": "2021-09-27 19:44:40", "elapsed": 204.96237, "delta": 1.132404}}
{"target": -19.195144046898925, "params": {"max_depth": 36.10138575898967, "n_estimators": 27.99230259459192}, "datetime": {"datetime": "2021-09-27 19:44:41", "elapsed": 206.12437, "delta": 1.162}}
{"target": -19.283486856825455, "params": {"max_depth": 32.25435615262204, "n_estimators": 18.058519166632422}, "datetime": {"datetime": "2021-09-27 19:44:42", "elapsed": 207.382696, "delta": 1.258326}}
{"target": -19.155197258684627, "params": {"max_depth": 35.846061019785274, "n_estimators": 24.769138096826875}, "datetime": {"datetime": "2021-09-27 19:44:44", "elapsed": 208.789239, "delta": 1.406543}}
{"target": -18.762590460948815, "params": {"max_depth": 27.22446520190893, "n_estimators": 19.332996112359503}, "datetime": {"datetime": "2021-09-27 19:44:45", "elapsed": 210.155245, "delta": 1.366006}}
{"target": -19.308974989029362, "params": {"max_depth": 27.618270408639432, "n_estimators": 28.0}, "datetime": {"datetime": "2021-09-27 19:44:46", "elapsed": 211.447802, "delta": 1.292557}}
{"target": -18.888338755908972, "params": {"max_depth": 26.780914535759994, "n_estimators": 26.010111342956584}, "datetime": {"datetime": "2021-09-27 19:44:48", "elapsed": 212.614797, "delta": 1.166995}}
{"target": -18.783297095040886, "params": {"max_depth": 30.14144417000244, "n_estimators": 21.121005428733966}, "datetime": {"datetime": "2021-09-27 19:44:49", "elapsed": 214.242855, "delta": 1.628058}}
{"target": -19.155197258684627, "params": {"max_depth": 37.4328106135186, "n_estimators": 24.296704100200056}, "datetime": {"datetime": "2021-09-27 19:44:51", "elapsed": 215.889852, "delta": 1.646997}}
{"target": -18.888338755908972, "params": {"max_depth": 40.0, "n_estimators": 26.97707557891463}, "datetime": {"datetime": "2021-09-27 19:44:52", "elapsed": 217.079056, "delta": 1.189204}}
{"target": -18.783297095040886, "params": {"max_depth": 22.693050918085415, "n_estimators": 21.375250238117417}, "datetime": {"datetime": "2021-09-27 19:44:53", "elapsed": 218.432051, "delta": 1.352995}}
{"target": -19.01399519090919, "params": {"max_depth": 30.730678966478667, "n_estimators": 25.47124978273861}, "datetime": {"datetime": "2021-09-27 19:44:55", "elapsed": 219.927355, "delta": 1.495304}}
{"target": -19.098021906653724, "params": {"max_depth": 20.197030329409166, "n_estimators": 24.565302853361676}, "datetime": {"datetime": "2021-09-27 19:44:56", "elapsed": 221.438885, "delta": 1.51153}}
{"target": -19.01399519090919, "params": {"max_depth": 23.713584101981642, "n_estimators": 25.569221318727745}, "datetime": {"datetime": "2021-09-27 19:44:58", "elapsed": 222.781887, "delta": 1.343002}}
{"target": -19.603107252781847, "params": {"max_depth": 12.599078771839396, "n_estimators": 18.307541497414547}, "datetime": {"datetime": "2021-09-27 19:44:59", "elapsed": 223.960488, "delta": 1.178601}}
{"target": -18.37769605103362, "params": {"max_depth": 18.54996835376073, "n_estimators": 20.801419048500307}, "datetime": {"datetime": "2021-09-27 19:45:00", "elapsed": 225.060323, "delta": 1.099835}}
{"target": -19.32102303283674, "params": {"max_depth": 7.488535719243226, "n_estimators": 24.276952716380244}, "datetime": {"datetime": "2021-09-27 19:45:01", "elapsed": 226.307322, "delta": 1.246999}}
{"target": -19.2315229710499, "params": {"max_depth": 16.05637574324419, "n_estimators": 26.630505696317265}, "datetime": {"datetime": "2021-09-27 19:45:02", "elapsed": 227.517225, "delta": 1.209903}}
{"target": -19.276502890362547, "params": {"max_depth": 33.81413558496948, "n_estimators": 23.427489988864522}, "datetime": {"datetime": "2021-09-27 19:45:04", "elapsed": 228.871471, "delta": 1.354246}}
{"target": -18.70214940677426, "params": {"max_depth": 23.11325667202197, "n_estimators": 20.69733618063427}, "datetime": {"datetime": "2021-09-27 19:45:05", "elapsed": 229.849478, "delta": 0.978007}}
{"target": -18.783297095040886, "params": {"max_depth": 29.03955502140732, "n_estimators": 21.39919957302602}, "datetime": {"datetime": "2021-09-27 19:45:06", "elapsed": 231.314283, "delta": 1.464805}}
{"target": -19.195144046898925, "params": {"max_depth": 23.76569376482965, "n_estimators": 27.096792599992277}, "datetime": {"datetime": "2021-09-27 19:45:07", "elapsed": 232.534281, "delta": 1.219998}}
{"target": -19.066238965576883, "params": {"max_depth": 17.96971046245298, "n_estimators": 19.866344841935458}, "datetime": {"datetime": "2021-09-27 19:45:10", "elapsed": 234.627918, "delta": 2.093637}}
{"target": -19.54399678010646, "params": {"max_depth": 11.091875842183914, "n_estimators": 20.936941262205384}, "datetime": {"datetime": "2021-09-27 19:45:11", "elapsed": 235.824274, "delta": 1.196356}}
{"target": -19.435369602150416, "params": {"max_depth": 10.924296976406813, "n_estimators": 23.97390277775412}, "datetime": {"datetime": "2021-09-27 19:45:12", "elapsed": 237.074271, "delta": 1.249997}}
{"target": -19.188054169228703, "params": {"max_depth": 30.134485994771158, "n_estimators": 17.97712912598877}, "datetime": {"datetime": "2021-09-27 19:45:13", "elapsed": 238.322275, "delta": 1.248004}}
{"target": -18.9525980000977, "params": {"max_depth": 7.978212164233576, "n_estimators": 19.16828899911706}, "datetime": {"datetime": "2021-09-27 19:45:14", "elapsed": 239.516443, "delta": 1.194168}}
{"target": -20.083394664162395, "params": {"max_depth": 8.215965192607822, "n_estimators": 18.137594880553575}, "datetime": {"datetime": "2021-09-27 19:45:16", "elapsed": 240.698834, "delta": 1.182391}}
{"target": -19.276502890362547, "params": {"max_depth": 21.407889974579604, "n_estimators": 23.456661772303708}, "datetime": {"datetime": "2021-09-27 19:45:17", "elapsed": 242.204832, "delta": 1.505998}}
{"target": -19.195144046898925, "params": {"max_depth": 31.272051071014584, "n_estimators": 27.177262416723924}, "datetime": {"datetime": "2021-09-27 19:45:19", "elapsed": 243.885268, "delta": 1.680436}}
{"target": -19.188054169228703, "params": {"max_depth": 34.418184148021616, "n_estimators": 17.967752505308397}, "datetime": {"datetime": "2021-09-27 19:45:20", "elapsed": 245.297457, "delta": 1.412189}}
{"target": -19.188054169228703, "params": {"max_depth": 21.100227730223256, "n_estimators": 17.8619843863368}, "datetime": {"datetime": "2021-09-27 19:45:21", "elapsed": 246.367461, "delta": 1.070004}}
{"target": -19.206219539647556, "params": {"max_depth": 23.028250016703886, "n_estimators": 22.317836237401053}, "datetime": {"datetime": "2021-09-27 19:45:23", "elapsed": 247.961758, "delta": 1.594297}}
{"target": -19.60549661325657, "params": {"max_depth": 12.403605495679622, "n_estimators": 27.987178025101933}, "datetime": {"datetime": "2021-09-27 19:45:25", "elapsed": 249.785158, "delta": 1.8234}}
{"target": -19.195144046898925, "params": {"max_depth": 33.349206902379564, "n_estimators": 27.996435190270944}, "datetime": {"datetime": "2021-09-27 19:45:26", "elapsed": 251.315877, "delta": 1.530719}}
{"target": -18.70214940677426, "params": {"max_depth": 34.29956626082776, "n_estimators": 20.70885104755069}, "datetime": {"datetime": "2021-09-27 19:45:28", "elapsed": 253.071026, "delta": 1.755149}}
{"target": -18.762590460948815, "params": {"max_depth": 38.67381269381122, "n_estimators": 19.908099500852487}, "datetime": {"datetime": "2021-09-27 19:45:30", "elapsed": 254.823905, "delta": 1.752879}}
{"target": -19.155197258684627, "params": {"max_depth": 27.720883243469103, "n_estimators": 24.826164260582594}, "datetime": {"datetime": "2021-09-27 19:45:31", "elapsed": 256.110479, "delta": 1.286574}}
{"target": -19.01399519090919, "params": {"max_depth": 32.77333772124483, "n_estimators": 25.628256422234355}, "datetime": {"datetime": "2021-09-27 19:45:33", "elapsed": 257.761718, "delta": 1.651239}}
{"target": -18.762590460948815, "params": {"max_depth": 30.325285970826933, "n_estimators": 19.360474073925563}, "datetime": {"datetime": "2021-09-27 19:45:34", "elapsed": 259.511041, "delta": 1.749323}}
