{"target": -19.55154856429066, "params": {"max_depth": 21.4108462790672, "n_estimators": 49.014039091605284}, "datetime": {"datetime": "2021-09-27 19:21:26", "elapsed": 90.799797, "delta": 1.024485}}
{"target": -19.78775570215883, "params": {"max_depth": 19.985791589989507, "n_estimators": 43.24568098892774}, "datetime": {"datetime": "2021-09-27 19:21:27", "elapsed": 91.854793, "delta": 1.054996}}
{"target": -19.195144046898925, "params": {"max_depth": 21.610918688158293, "n_estimators": 27.9702094833433}, "datetime": {"datetime": "2021-09-27 19:21:28", "elapsed": 92.856795, "delta": 1.002002}}
{"target": -19.80755030300815, "params": {"max_depth": 26.47333299915214, "n_estimators": 89.0250054509005}, "datetime": {"datetime": "2021-09-27 19:21:29", "elapsed": 94.25698, "delta": 1.400185}}
{"target": -18.783297095040886, "params": {"max_depth": 29.969932963415385, "n_estimators": 21.065796816189334}, "datetime": {"datetime": "2021-09-27 19:21:30", "elapsed": 94.867982, "delta": 0.611002}}
{"target": -19.540864374298952, "params": {"max_depth": 28.682796527063964, "n_estimators": 31.864946561348894}, "datetime": {"datetime": "2021-09-27 19:21:31", "elapsed": 95.668978, "delta": 0.800996}}
{"target": -19.283486856825455, "params": {"max_depth": 21.201369829970396, "n_estimators": 18.430116124679547}, "datetime": {"datetime": "2021-09-27 19:21:31", "elapsed": 96.449975, "delta": 0.780997}}
{"target": -19.88383906953952, "params": {"max_depth": 26.999313224622245, "n_estimators": 14.454211407303244}, "datetime": {"datetime": "2021-09-27 19:21:32", "elapsed": 97.18198, "delta": 0.732005}}
{"target": -19.548451376223642, "params": {"max_depth": 19.58960077625735, "n_estimators": 31.554352363168814}, "datetime": {"datetime": "2021-09-27 19:21:33", "elapsed": 98.050446, "delta": 0.868466}}
{"target": -19.49722469017929, "params": {"max_depth": 27.26409712344231, "n_estimators": 46.16305152219912}, "datetime": {"datetime": "2021-09-27 19:21:34", "elapsed": 98.939566, "delta": 0.88912}}
{"target": -19.765490933171623, "params": {"max_depth": 17.96239387787132, "n_estimators": 36.526421985423134}, "datetime": {"datetime": "2021-09-27 19:21:35", "elapsed": 99.812566, "delta": 0.873}}
{"target": -19.276502890362547, "params": {"max_depth": 23.635629323924345, "n_estimators": 23.413995433527585}, "datetime": {"datetime": "2021-09-27 19:21:36", "elapsed": 100.689798, "delta": 0.877232}}
{"target": -19.195144046898925, "params": {"max_depth": 27.338797057627307, "n_estimators": 27.301807471682277}, "datetime": {"datetime": "2021-09-27 19:21:37", "elapsed": 101.558797, "delta": 0.868999}}
{"target": -20.072283194788703, "params": {"max_depth": 9.181981003017432, "n_estimators": 88.92179878029602}, "datetime": {"datetime": "2021-09-27 19:21:38", "elapsed": 103.072141, "delta": 1.513344}}
{"target": -19.315311024454857, "params": {"max_depth": 17.414207336184035, "n_estimators": 55.42527234074054}, "datetime": {"datetime": "2021-09-27 19:21:39", "elapsed": 104.198865, "delta": 1.126724}}
{"target": -20.302393788922476, "params": {"max_depth": 8.184058853637644, "n_estimators": 38.980556321729}, "datetime": {"datetime": "2021-09-27 19:21:40", "elapsed": 105.333867, "delta": 1.135002}}
{"target": -19.337399293566737, "params": {"max_depth": 16.468453327170987, "n_estimators": 25.71163805546457}, "datetime": {"datetime": "2021-09-27 19:21:41", "elapsed": 106.24387, "delta": 0.910003}}
{"target": -19.393609886175057, "params": {"max_depth": 29.86203318714638, "n_estimators": 65.65516231579477}, "datetime": {"datetime": "2021-09-27 19:21:43", "elapsed": 107.53487, "delta": 1.291}}
{"target": -19.139829088624065, "params": {"max_depth": 16.885448419033835, "n_estimators": 19.689182697410406}, "datetime": {"datetime": "2021-09-27 19:21:43", "elapsed": 108.341758, "delta": 0.806888}}
{"target": -18.637161974261836, "params": {"max_depth": 20.06311590056531, "n_estimators": 20.98953701223118}, "datetime": {"datetime": "2021-09-27 19:21:44", "elapsed": 109.373346, "delta": 1.031588}}
{"target": -19.24886046410636, "params": {"max_depth": 10.203000085911867, "n_estimators": 50.62246394298828}, "datetime": {"datetime": "2021-09-27 19:21:45", "elapsed": 110.389676, "delta": 1.01633}}
{"target": -19.51143527420963, "params": {"max_depth": 14.027166598779804, "n_estimators": 38.54728663206012}, "datetime": {"datetime": "2021-09-27 19:21:46", "elapsed": 111.447677, "delta": 1.058001}}
{"target": -19.5992019406704, "params": {"max_depth": 13.30455005033189, "n_estimators": 92.90672598361849}, "datetime": {"datetime": "2021-09-27 19:21:48", "elapsed": 113.411972, "delta": 1.964295}}
{"target": -19.5819371947657, "params": {"max_depth": 12.239609144317487, "n_estimators": 51.22228224936804}, "datetime": {"datetime": "2021-09-27 19:21:50", "elapsed": 114.499021, "delta": 1.087049}}
{"target": -19.442613185267664, "params": {"max_depth": 28.0714844855252, "n_estimators": 53.04308427736513}, "datetime": {"datetime": "2021-09-27 19:21:50", "elapsed": 115.481022, "delta": 0.982001}}
{"target": -20.003644018347114, "params": {"max_depth": 9.596956775381884, "n_estimators": 72.9078025128958}, "datetime": {"datetime": "2021-09-27 19:21:52", "elapsed": 116.761667, "delta": 1.280645}}
{"target": -19.48241664882881, "params": {"max_depth": 26.949935355517308, "n_estimators": 62.89305189278581}, "datetime": {"datetime": "2021-09-27 19:21:53", "elapsed": 117.976669, "delta": 1.215002}}
{"target": -19.219014112237737, "params": {"max_depth": 18.41968455410809, "n_estimators": 50.33482106719091}, "datetime": {"datetime": "2021-09-27 19:21:54", "elapsed": 119.019593, "delta": 1.042924}}
{"target": -19.703738969245528, "params": {"max_depth": 25.09515432687402, "n_estimators": 77.13484937545888}, "datetime": {"datetime": "2021-09-27 19:21:55", "elapsed": 120.426974, "delta": 1.407381}}
{"target": -19.736921683202524, "params": {"max_depth": 23.717193899673813, "n_estimators": 97.38059461862767}, "datetime": {"datetime": "2021-09-27 19:21:57", "elapsed": 122.186977, "delta": 1.760003}}
{"target": -18.70214940677426, "params": {"max_depth": 25.60293050419768, "n_estimators": 20.54423790004146}, "datetime": {"datetime": "2021-09-27 19:21:58", "elapsed": 122.901145, "delta": 0.714168}}
{"target": -19.52087257210569, "params": {"max_depth": 12.075756368642557, "n_estimators": 22.523708284574383}, "datetime": {"datetime": "2021-09-27 19:21:59", "elapsed": 123.775779, "delta": 0.874634}}
{"target": -19.57984359997465, "params": {"max_depth": 8.660881614732517, "n_estimators": 19.31216608335336}, "datetime": {"datetime": "2021-09-27 19:22:00", "elapsed": 124.593847, "delta": 0.818068}}
{"target": -19.412910240528497, "params": {"max_depth": 10.493681114152592, "n_estimators": 27.890562833101992}, "datetime": {"datetime": "2021-09-27 19:22:01", "elapsed": 125.655839, "delta": 1.061992}}
{"target": -19.119825493186028, "params": {"max_depth": 15.685026159636962, "n_estimators": 47.70892280912463}, "datetime": {"datetime": "2021-09-27 19:22:02", "elapsed": 126.754792, "delta": 1.098953}}
{"target": -19.47169266872004, "params": {"max_depth": 25.49238555578279, "n_estimators": 68.83740594145759}, "datetime": {"datetime": "2021-09-27 19:22:03", "elapsed": 128.270792, "delta": 1.516}}
{"target": -18.458552036136656, "params": {"max_depth": 18.277427684232947, "n_estimators": 21.157822297684174}, "datetime": {"datetime": "2021-09-27 19:22:04", "elapsed": 129.210793, "delta": 0.940001}}
{"target": -19.776782412335507, "params": {"max_depth": 12.896781769248514, "n_estimators": 75.40773147623156}, "datetime": {"datetime": "2021-09-27 19:22:05", "elapsed": 130.367243, "delta": 1.15645}}
{"target": -19.757592330601575, "params": {"max_depth": 25.91589977461698, "n_estimators": 42.58712696146238}, "datetime": {"datetime": "2021-09-27 19:22:07", "elapsed": 132.150242, "delta": 1.782999}}
{"target": -19.416056083618134, "params": {"max_depth": 27.50104003050892, "n_estimators": 56.37720776864568}, "datetime": {"datetime": "2021-09-27 19:22:08", "elapsed": 133.484029, "delta": 1.333787}}
{"target": -19.773759561735055, "params": {"max_depth": 20.572470497216717, "n_estimators": 83.41986448007971}, "datetime": {"datetime": "2021-09-27 19:22:10", "elapsed": 134.851002, "delta": 1.366973}}
{"target": -19.183137523218832, "params": {"max_depth": 18.573211119243656, "n_estimators": 63.01100833135132}, "datetime": {"datetime": "2021-09-27 19:22:11", "elapsed": 136.285322, "delta": 1.43432}}
{"target": -19.283486856825455, "params": {"max_depth": 23.99095710522114, "n_estimators": 18.920081501794076}, "datetime": {"datetime": "2021-09-27 19:22:12", "elapsed": 136.984322, "delta": 0.699}}
{"target": -18.762590460948815, "params": {"max_depth": 28.225205215587994, "n_estimators": 19.952585167576608}, "datetime": {"datetime": "2021-09-27 19:22:13", "elapsed": 138.015319, "delta": 1.030997}}
{"target": -19.744657197902374, "params": {"max_depth": 12.777477506388625, "n_estimators": 99.96910555865384}, "datetime": {"datetime": "2021-09-27 19:22:15", "elapsed": 139.778786, "delta": 1.763467}}
{"target": -19.55836400044629, "params": {"max_depth": 17.794726818670476, "n_estimators": 97.60051487057865}, "datetime": {"datetime": "2021-09-27 19:22:16", "elapsed": 141.275239, "delta": 1.496453}}
{"target": -19.554125659980848, "params": {"max_depth": 16.605802586459504, "n_estimators": 66.04775267350696}, "datetime": {"datetime": "2021-09-27 19:22:18", "elapsed": 142.769667, "delta": 1.494428}}
{"target": -19.63023072781372, "params": {"max_depth": 12.175465406104564, "n_estimators": 65.9095461335898}, "datetime": {"datetime": "2021-09-27 19:22:19", "elapsed": 144.253667, "delta": 1.484}}
{"target": -19.678329952129346, "params": {"max_depth": 12.120978814976857, "n_estimators": 69.69868363943756}, "datetime": {"datetime": "2021-09-27 19:22:21", "elapsed": 145.492925, "delta": 1.239258}}
{"target": -19.795317515252968, "params": {"max_depth": 30.0, "n_estimators": 39.854058383024075}, "datetime": {"datetime": "2021-09-27 19:22:22", "elapsed": 146.906226, "delta": 1.413301}}
{"target": -19.80417315928385, "params": {"max_depth": 27.410029965555932, "n_estimators": 84.62030387413284}, "datetime": {"datetime": "2021-09-27 19:22:23", "elapsed": 148.286225, "delta": 1.379999}}
{"target": -19.688828069480433, "params": {"max_depth": 27.380949797726156, "n_estimators": 98.30153937585575}, "datetime": {"datetime": "2021-09-27 19:22:25", "elapsed": 149.894826, "delta": 1.608601}}
{"target": -20.117767029121804, "params": {"max_depth": 9.08254228644431, "n_estimators": 47.856152940916424}, "datetime": {"datetime": "2021-09-27 19:22:26", "elapsed": 151.015051, "delta": 1.120225}}
{"target": -19.80377019126844, "params": {"max_depth": 21.2898027313208, "n_estimators": 87.47423929250382}, "datetime": {"datetime": "2021-09-27 19:22:28", "elapsed": 152.809446, "delta": 1.794395}}
{"target": -19.308974989029362, "params": {"max_depth": 24.941532058335078, "n_estimators": 28.017723124788063}, "datetime": {"datetime": "2021-09-27 19:22:29", "elapsed": 153.689303, "delta": 0.879857}}
{"target": -19.98822375179366, "params": {"max_depth": 7.69477441577076, "n_estimators": 99.9232736680051}, "datetime": {"datetime": "2021-09-27 19:22:30", "elapsed": 155.235356, "delta": 1.546053}}
{"target": -19.3173981732938, "params": {"max_depth": 22.364846005937775, "n_estimators": 66.66337327130637}, "datetime": {"datetime": "2021-09-27 19:22:32", "elapsed": 156.790356, "delta": 1.555}}
{"target": -18.37769605103362, "params": {"max_depth": 18.94819941221163, "n_estimators": 20.266171745537356}, "datetime": {"datetime": "2021-09-27 19:22:33", "elapsed": 157.584355, "delta": 0.793999}}
{"target": -19.53600816441991, "params": {"max_depth": 17.0686294174919, "n_estimators": 23.057806809363072}, "datetime": {"datetime": "2021-09-27 19:22:34", "elapsed": 158.86938, "delta": 1.285025}}
{"target": -21.319199555852197, "params": {"max_depth": 15.542816066525884, "n_estimators": 11.856342273530528}, "datetime": {"datetime": "2021-09-27 19:22:35", "elapsed": 160.076379, "delta": 1.206999}}
{"target": -18.804748488343513, "params": {"max_depth": 18.774508463229626, "n_estimators": 17.068383190137887}, "datetime": {"datetime": "2021-09-27 19:22:36", "elapsed": 161.348217, "delta": 1.271838}}
{"target": -19.624125282955866, "params": {"max_depth": 17.099213792964324, "n_estimators": 94.29109675124292}, "datetime": {"datetime": "2021-09-27 19:22:38", "elapsed": 162.92422, "delta": 1.576003}}
{"target": -19.32440557884115, "params": {"max_depth": 14.66591755075863, "n_estimators": 78.67410019838087}, "datetime": {"datetime": "2021-09-27 19:22:39", "elapsed": 164.298505, "delta": 1.374285}}
{"target": -18.762590460948815, "params": {"max_depth": 30.0, "n_estimators": 19.37367417002238}, "datetime": {"datetime": "2021-09-27 19:22:40", "elapsed": 165.160481, "delta": 0.861976}}
{"target": -19.330778976182263, "params": {"max_depth": 15.631894241027256, "n_estimators": 58.04345482161884}, "datetime": {"datetime": "2021-09-27 19:22:42", "elapsed": 166.632923, "delta": 1.472442}}
{"target": -19.889203542516032, "params": {"max_depth": 13.024940781567222, "n_estimators": 41.44595110829864}, "datetime": {"datetime": "2021-09-27 19:22:43", "elapsed": 167.841916, "delta": 1.208993}}
{"target": -19.98509791621615, "params": {"max_depth": 16.859184003841257, "n_estimators": 44.634696888278}, "datetime": {"datetime": "2021-09-27 19:22:44", "elapsed": 168.895481, "delta": 1.053565}}
{"target": -19.62927984029343, "params": {"max_depth": 17.49075797998895, "n_estimators": 79.18547318090961}, "datetime": {"datetime": "2021-09-27 19:22:46", "elapsed": 170.963246, "delta": 2.067765}}
{"target": -19.802619223831194, "params": {"max_depth": 19.891296418269878, "n_estimators": 39.00319310102414}, "datetime": {"datetime": "2021-09-27 19:22:47", "elapsed": 171.871248, "delta": 0.908002}}
{"target": -19.553277045711365, "params": {"max_depth": 23.316216027234436, "n_estimators": 32.888795764069435}, "datetime": {"datetime": "2021-09-27 19:22:48", "elapsed": 173.03365, "delta": 1.162402}}
{"target": -19.579437322066223, "params": {"max_depth": 24.394835822330645, "n_estimators": 72.83138740192364}, "datetime": {"datetime": "2021-09-27 19:22:49", "elapsed": 174.48565, "delta": 1.452}}
{"target": -20.090499552711613, "params": {"max_depth": 9.643466836699535, "n_estimators": 85.36007419972576}, "datetime": {"datetime": "2021-09-27 19:22:51", "elapsed": 176.064983, "delta": 1.579333}}
{"target": -19.910933485601685, "params": {"max_depth": 12.582333498415105, "n_estimators": 80.90169789246403}, "datetime": {"datetime": "2021-09-27 19:22:53", "elapsed": 177.528014, "delta": 1.463031}}
{"target": -19.677024095560697, "params": {"max_depth": 15.446983149201785, "n_estimators": 85.04928279245678}, "datetime": {"datetime": "2021-09-27 19:22:54", "elapsed": 178.868226, "delta": 1.340212}}
{"target": -19.87515923880615, "params": {"max_depth": 11.68999001599565, "n_estimators": 44.97541690709565}, "datetime": {"datetime": "2021-09-27 19:22:55", "elapsed": 180.318225, "delta": 1.449999}}
{"target": -19.229797186464058, "params": {"max_depth": 15.15031788920463, "n_estimators": 69.448116573881}, "datetime": {"datetime": "2021-09-27 19:22:57", "elapsed": 181.678338, "delta": 1.360113}}
{"target": -19.317943867696496, "params": {"max_depth": 27.359988503993808, "n_estimators": 66.02254915971025}, "datetime": {"datetime": "2021-09-27 19:22:58", "elapsed": 183.006891, "delta": 1.328553}}
{"target": -19.36442622028605, "params": {"max_depth": 21.362695489727567, "n_estimators": 64.28951894241519}, "datetime": {"datetime": "2021-09-27 19:23:00", "elapsed": 184.60015, "delta": 1.593259}}
{"target": -18.921329755128596, "params": {"max_depth": 19.532266759077395, "n_estimators": 26.68487021102648}, "datetime": {"datetime": "2021-09-27 19:23:01", "elapsed": 185.703416, "delta": 1.103266}}
{"target": -19.01399519090919, "params": {"max_depth": 26.245999056617496, "n_estimators": 25.16758493217818}, "datetime": {"datetime": "2021-09-27 19:23:02", "elapsed": 186.548121, "delta": 0.844705}}
{"target": -19.58099789290177, "params": {"max_depth": 13.494455264052839, "n_estimators": 62.11029455933573}, "datetime": {"datetime": "2021-09-27 19:23:04", "elapsed": 188.505951, "delta": 1.95783}}
{"target": -20.018062321161196, "params": {"max_depth": 8.847361980107898, "n_estimators": 64.87507452531625}, "datetime": {"datetime": "2021-09-27 19:23:05", "elapsed": 189.812304, "delta": 1.306353}}
{"target": -18.37769605103362, "params": {"max_depth": 18.672662001680305, "n_estimators": 20.24926392782528}, "datetime": {"datetime": "2021-09-27 19:23:06", "elapsed": 190.892095, "delta": 1.079791}}
{"target": -18.37769605103362, "params": {"max_depth": 18.966270219252003, "n_estimators": 20.891623142532037}, "datetime": {"datetime": "2021-09-27 19:23:07", "elapsed": 192.042093, "delta": 1.149998}}
{"target": -19.486502011239267, "params": {"max_depth": 23.56643023919053, "n_estimators": 52.21525283970005}, "datetime": {"datetime": "2021-09-27 19:23:09", "elapsed": 193.666292, "delta": 1.624199}}
{"target": -18.783297095040886, "params": {"max_depth": 24.433746273039613, "n_estimators": 21.42611322974109}, "datetime": {"datetime": "2021-09-27 19:23:10", "elapsed": 194.874993, "delta": 1.208701}}
{"target": -18.41615856621743, "params": {"max_depth": 18.740859928343895, "n_estimators": 19.958213571017858}, "datetime": {"datetime": "2021-09-27 19:23:11", "elapsed": 196.07699, "delta": 1.201997}}
{"target": -18.908292605089, "params": {"max_depth": 18.801674048926028, "n_estimators": 18.40798962021489}, "datetime": {"datetime": "2021-09-27 19:23:12", "elapsed": 197.11599, "delta": 1.039}}
{"target": -19.375400203789752, "params": {"max_depth": 19.96920703542254, "n_estimators": 15.628175903405218}, "datetime": {"datetime": "2021-09-27 19:23:14", "elapsed": 198.865796, "delta": 1.749806}}
{"target": -20.517679015174775, "params": {"max_depth": 6.03675952406762, "n_estimators": 90.1451232979401}, "datetime": {"datetime": "2021-09-27 19:23:16", "elapsed": 201.451725, "delta": 2.585929}}
{"target": -19.698702052522176, "params": {"max_depth": 17.851861112485423, "n_estimators": 15.65893138178144}, "datetime": {"datetime": "2021-09-27 19:23:18", "elapsed": 202.634724, "delta": 1.182999}}
{"target": -19.714969831376187, "params": {"max_depth": 23.637031756189632, "n_estimators": 93.36718359532732}, "datetime": {"datetime": "2021-09-27 19:23:19", "elapsed": 204.480702, "delta": 1.845978}}
{"target": -19.751687252800657, "params": {"max_depth": 19.90630386750408, "n_estimators": 72.70986219124748}, "datetime": {"datetime": "2021-09-27 19:23:21", "elapsed": 205.922346, "delta": 1.441644}}
{"target": -20.28356882156073, "params": {"max_depth": 8.74212795131552, "n_estimators": 95.35454432467763}, "datetime": {"datetime": "2021-09-27 19:23:23", "elapsed": 207.737701, "delta": 1.815355}}
{"target": -19.726757032343166, "params": {"max_depth": 23.546862184827376, "n_estimators": 80.93639844886161}, "datetime": {"datetime": "2021-09-27 19:23:24", "elapsed": 209.398767, "delta": 1.661066}}
{"target": -19.86944510236964, "params": {"max_depth": 19.868557584117767, "n_estimators": 91.74629509331784}, "datetime": {"datetime": "2021-09-27 19:23:26", "elapsed": 211.287761, "delta": 1.888994}}
{"target": -19.335773117942324, "params": {"max_depth": 17.039387950105972, "n_estimators": 52.79593382369514}, "datetime": {"datetime": "2021-09-27 19:23:28", "elapsed": 213.29576, "delta": 2.007999}}
{"target": -19.824219151795013, "params": {"max_depth": 23.435900612343573, "n_estimators": 36.68983314950721}, "datetime": {"datetime": "2021-09-27 19:23:30", "elapsed": 214.776995, "delta": 1.481235}}
{"target": -20.574816918206647, "params": {"max_depth": 23.54553116947489, "n_estimators": 13.40672906121552}, "datetime": {"datetime": "2021-09-27 19:23:31", "elapsed": 216.359389, "delta": 1.582394}}
{"target": -19.465662881489884, "params": {"max_depth": 17.051350999534037, "n_estimators": 99.92999297392228}, "datetime": {"datetime": "2021-09-27 19:23:33", "elapsed": 218.331951, "delta": 1.972562}}
{"target": -19.49722469017929, "params": {"max_depth": 30.0, "n_estimators": 46.691521061689166}, "datetime": {"datetime": "2021-09-27 19:23:35", "elapsed": 219.933465, "delta": 1.601514}}
{"target": -19.533057872246665, "params": {"max_depth": 19.89441885010035, "n_estimators": 68.91949012646901}, "datetime": {"datetime": "2021-09-27 19:23:37", "elapsed": 221.63671, "delta": 1.703245}}
{"target": -19.442423269775546, "params": {"max_depth": 20.490090023833588, "n_estimators": 46.32524865299196}, "datetime": {"datetime": "2021-09-27 19:23:38", "elapsed": 223.142714, "delta": 1.506004}}
{"target": -19.682129660750356, "params": {"max_depth": 17.719041566575484, "n_estimators": 83.04101502038283}, "datetime": {"datetime": "2021-09-27 19:23:40", "elapsed": 224.802054, "delta": 1.65934}}
{"target": -19.881962121268337, "params": {"max_depth": 16.33780634951229, "n_estimators": 60.921385714814456}, "datetime": {"datetime": "2021-09-27 19:23:42", "elapsed": 226.562941, "delta": 1.760887}}
{"target": -19.166123929504426, "params": {"max_depth": 13.898835363429807, "n_estimators": 19.93904431019204}, "datetime": {"datetime": "2021-09-27 19:23:43", "elapsed": 227.708116, "delta": 1.145175}}
{"target": -19.366759306224026, "params": {"max_depth": 10.863166507155457, "n_estimators": 56.904679741684525}, "datetime": {"datetime": "2021-09-27 19:23:44", "elapsed": 229.225986, "delta": 1.51787}}
{"target": -20.123297474295974, "params": {"max_depth": 9.865019385515621, "n_estimators": 60.418342214479594}, "datetime": {"datetime": "2021-09-27 19:23:46", "elapsed": 230.74099, "delta": 1.515004}}
{"target": -19.655992570145685, "params": {"max_depth": 29.98149346462623, "n_estimators": 75.64411274288338}, "datetime": {"datetime": "2021-09-27 19:23:47", "elapsed": 232.423886, "delta": 1.682896}}
