{"target": -17.5767869986493, "params": {"max_depth": 34.96524322461983, "n_estimators": 104.7525744607326}, "datetime": {"datetime": "2021-09-27 20:14:42", "elapsed": 1474.154137, "delta": 3.527558}}
{"target": -17.5152456919397, "params": {"max_depth": 15.147837809100123, "n_estimators": 116.4137615243836}, "datetime": {"datetime": "2021-09-27 20:14:46", "elapsed": 1478.398103, "delta": 4.243966}}
{"target": -17.61772615525487, "params": {"max_depth": 31.680082445014172, "n_estimators": 101.58416120444308}, "datetime": {"datetime": "2021-09-27 20:14:50", "elapsed": 1482.574614, "delta": 4.176511}}
{"target": -17.632407308033958, "params": {"max_depth": 28.079578429973495, "n_estimators": 132.11176836130755}, "datetime": {"datetime": "2021-09-27 20:14:54", "elapsed": 1486.859929, "delta": 4.285315}}
{"target": -17.816213951244904, "params": {"max_depth": 17.802635327513592, "n_estimators": 177.90528615446092}, "datetime": {"datetime": "2021-09-27 20:15:00", "elapsed": 1492.357673, "delta": 5.497744}}
{"target": -17.598658310643142, "params": {"max_depth": 33.734587611622466, "n_estimators": 106.46280633801821}, "datetime": {"datetime": "2021-09-27 20:15:04", "elapsed": 1496.691445, "delta": 4.333772}}
{"target": -17.622580864100666, "params": {"max_depth": 22.182359012679825, "n_estimators": 116.15613034643494}, "datetime": {"datetime": "2021-09-27 20:15:08", "elapsed": 1500.051151, "delta": 3.359706}}
{"target": -17.597131832245914, "params": {"max_depth": 29.137921710977352, "n_estimators": 112.91176024829298}, "datetime": {"datetime": "2021-09-27 20:15:13", "elapsed": 1505.416156, "delta": 5.365005}}
{"target": -17.485506016380146, "params": {"max_depth": 15.532256881360322, "n_estimators": 107.33505293050858}, "datetime": {"datetime": "2021-09-27 20:15:18", "elapsed": 1510.39849, "delta": 4.982334}}
{"target": -17.586151394246112, "params": {"max_depth": 20.854667352216353, "n_estimators": 113.89941991154778}, "datetime": {"datetime": "2021-09-27 20:15:22", "elapsed": 1514.685888, "delta": 4.287398}}
{"target": -17.788412240559936, "params": {"max_depth": 15.639292286598465, "n_estimators": 159.74529257754628}, "datetime": {"datetime": "2021-09-27 20:15:27", "elapsed": 1519.168298, "delta": 4.48241}}
{"target": -17.523648323736527, "params": {"max_depth": 15.447286656539399, "n_estimators": 128.7697923573305}, "datetime": {"datetime": "2021-09-27 20:15:30", "elapsed": 1522.792775, "delta": 3.624477}}
{"target": -17.739472428668755, "params": {"max_depth": 14.238346704791425, "n_estimators": 167.71379924757287}, "datetime": {"datetime": "2021-09-27 20:15:35", "elapsed": 1527.032945, "delta": 4.24017}}
{"target": -17.846361322575092, "params": {"max_depth": 24.34052993312484, "n_estimators": 198.17883092246507}, "datetime": {"datetime": "2021-09-27 20:15:39", "elapsed": 1531.534496, "delta": 4.501551}}
{"target": -17.64179093485986, "params": {"max_depth": 21.055642081526575, "n_estimators": 135.46325643343803}, "datetime": {"datetime": "2021-09-27 20:15:46", "elapsed": 1538.604488, "delta": 7.069992}}
{"target": -17.569314299743343, "params": {"max_depth": 23.753801101538304, "n_estimators": 109.61269999866322}, "datetime": {"datetime": "2021-09-27 20:15:53", "elapsed": 1545.370518, "delta": 6.76603}}
{"target": -17.466801335223277, "params": {"max_depth": 15.363581515506253, "n_estimators": 110.64859468156038}, "datetime": {"datetime": "2021-09-27 20:15:57", "elapsed": 1549.018611, "delta": 3.648093}}
{"target": -17.46695720517248, "params": {"max_depth": 15.42300320613078, "n_estimators": 111.8833881043161}, "datetime": {"datetime": "2021-09-27 20:16:00", "elapsed": 1552.8559, "delta": 3.837289}}
{"target": -17.46695720517248, "params": {"max_depth": 15.171009358856843, "n_estimators": 111.27764768673245}, "datetime": {"datetime": "2021-09-27 20:16:06", "elapsed": 1558.347221, "delta": 5.491321}}
{"target": -17.708287758931668, "params": {"max_depth": 11.0, "n_estimators": 137.6981839537191}, "datetime": {"datetime": "2021-09-27 20:16:11", "elapsed": 1563.923341, "delta": 5.57612}}
{"target": -17.48724480510057, "params": {"max_depth": 15.268618952656126, "n_estimators": 108.97576265315287}, "datetime": {"datetime": "2021-09-27 20:16:16", "elapsed": 1568.708752, "delta": 4.785411}}
{"target": -17.58678675649451, "params": {"max_depth": 19.717823038802386, "n_estimators": 107.04484399727627}, "datetime": {"datetime": "2021-09-27 20:16:21", "elapsed": 1573.279701, "delta": 4.570949}}
{"target": -17.556597742219914, "params": {"max_depth": 16.08757005100344, "n_estimators": 118.57084420052385}, "datetime": {"datetime": "2021-09-27 20:16:25", "elapsed": 1577.202649, "delta": 3.922948}}
{"target": -17.52763062854275, "params": {"max_depth": 15.191620597790585, "n_estimators": 117.23528744955806}, "datetime": {"datetime": "2021-09-27 20:16:31", "elapsed": 1583.608472, "delta": 6.405823}}
{"target": -17.46421459947802, "params": {"max_depth": 15.432986191403366, "n_estimators": 109.69080789748426}, "datetime": {"datetime": "2021-09-27 20:16:37", "elapsed": 1589.766592, "delta": 6.15812}}
{"target": -17.463952495977118, "params": {"max_depth": 15.794699962172908, "n_estimators": 133.29530500588174}, "datetime": {"datetime": "2021-09-27 20:16:42", "elapsed": 1594.17129, "delta": 4.404698}}
{"target": -17.4912241801533, "params": {"max_depth": 16.351011478343782, "n_estimators": 133.36072921057445}, "datetime": {"datetime": "2021-09-27 20:16:46", "elapsed": 1598.968692, "delta": 4.797402}}
{"target": -17.75444815505022, "params": {"max_depth": 14.259389522041548, "n_estimators": 191.23703412729736}, "datetime": {"datetime": "2021-09-27 20:16:51", "elapsed": 1603.345664, "delta": 4.376972}}
{"target": -17.586081780419192, "params": {"max_depth": 19.0643436593388, "n_estimators": 115.14530693430602}, "datetime": {"datetime": "2021-09-27 20:16:55", "elapsed": 1607.160699, "delta": 3.815035}}
{"target": -17.832902073138023, "params": {"max_depth": 35.0, "n_estimators": 187.88646769474022}, "datetime": {"datetime": "2021-09-27 20:16:59", "elapsed": 1611.928621, "delta": 4.767922}}
{"target": -17.816957749014627, "params": {"max_depth": 34.95710031866636, "n_estimators": 175.49203002360696}, "datetime": {"datetime": "2021-09-27 20:17:06", "elapsed": 1618.730923, "delta": 6.802302}}
{"target": -17.84349158548844, "params": {"max_depth": 11.068222713729115, "n_estimators": 150.30813531118162}, "datetime": {"datetime": "2021-09-27 20:17:12", "elapsed": 1624.750907, "delta": 6.019984}}
{"target": -17.628012455953844, "params": {"max_depth": 16.359145348545653, "n_estimators": 147.6133722998863}, "datetime": {"datetime": "2021-09-27 20:17:21", "elapsed": 1633.996603, "delta": 9.245696}}
