{"target": -19.188054169228703, "params": {"max_depth": 26.24934547557954, "n_estimators": 17.0}, "datetime": {"datetime": "2021-09-27 19:41:48", "elapsed": 33.251875, "delta": 0.519996}}
{"target": -18.70214940677426, "params": {"max_depth": 37.83642353934658, "n_estimators": 20.90729753099022}, "datetime": {"datetime": "2021-09-27 19:41:49", "elapsed": 33.932068, "delta": 0.680193}}
{"target": -18.70214940677426, "params": {"max_depth": 23.927142531376063, "n_estimators": 20.45453155867908}, "datetime": {"datetime": "2021-09-27 19:41:49", "elapsed": 34.487064, "delta": 0.554996}}
{"target": -19.645214539949855, "params": {"max_depth": 15.85465449098515, "n_estimators": 17.0}, "datetime": {"datetime": "2021-09-27 19:41:50", "elapsed": 34.988064, "delta": 0.501}}
{"target": -19.574026632515736, "params": {"max_depth": 11.430290392477996, "n_estimators": 19.65665622022026}, "datetime": {"datetime": "2021-09-27 19:41:51", "elapsed": 35.600061, "delta": 0.611997}}
{"target": -18.888338755908972, "params": {"max_depth": 37.89471358007214, "n_estimators": 26.602005028384568}, "datetime": {"datetime": "2021-09-27 19:41:51", "elapsed": 36.30923, "delta": 0.709169}}
{"target": -18.762590460948815, "params": {"max_depth": 32.51161060084769, "n_estimators": 19.992591028482675}, "datetime": {"datetime": "2021-09-27 19:41:52", "elapsed": 36.760227, "delta": 0.450997}}
{"target": -19.283486856825455, "params": {"max_depth": 38.636433091729415, "n_estimators": 18.8864191263706}, "datetime": {"datetime": "2021-09-27 19:41:52", "elapsed": 37.273224, "delta": 0.512997}}
{"target": -18.959003231260446, "params": {"max_depth": 20.249998099275874, "n_estimators": 25.59051747917266}, "datetime": {"datetime": "2021-09-27 19:41:53", "elapsed": 37.892224, "delta": 0.619}}
{"target": -19.195144046898925, "params": {"max_depth": 37.47101074403925, "n_estimators": 27.92171115496552}, "datetime": {"datetime": "2021-09-27 19:41:53", "elapsed": 38.585862, "delta": 0.693638}}
{"target": -19.133901405681865, "params": {"max_depth": 20.402533236972765, "n_estimators": 17.069801466382998}, "datetime": {"datetime": "2021-09-27 19:41:54", "elapsed": 39.066864, "delta": 0.481002}}
{"target": -19.01399519090919, "params": {"max_depth": 33.64502783079269, "n_estimators": 25.915929409497963}, "datetime": {"datetime": "2021-09-27 19:41:55", "elapsed": 39.802101, "delta": 0.735237}}
{"target": -20.165744495538306, "params": {"max_depth": 8.949845557445018, "n_estimators": 23.784130967000294}, "datetime": {"datetime": "2021-09-27 19:41:55", "elapsed": 40.369104, "delta": 0.567003}}
{"target": -19.206219539647556, "params": {"max_depth": 24.470353840491462, "n_estimators": 22.710402661516813}, "datetime": {"datetime": "2021-09-27 19:41:56", "elapsed": 41.06562, "delta": 0.696516}}
{"target": -19.308974989029362, "params": {"max_depth": 26.19481295328737, "n_estimators": 28.0}, "datetime": {"datetime": "2021-09-27 19:41:57", "elapsed": 41.741933, "delta": 0.676313}}
{"target": -19.283486856825455, "params": {"max_depth": 31.095871697155737, "n_estimators": 18.724778514946152}, "datetime": {"datetime": "2021-09-27 19:41:57", "elapsed": 42.334934, "delta": 0.593001}}
{"target": -19.206219539647556, "params": {"max_depth": 29.819629729091638, "n_estimators": 22.17892306398641}, "datetime": {"datetime": "2021-09-27 19:41:58", "elapsed": 42.867936, "delta": 0.533002}}
{"target": -18.783297095040886, "params": {"max_depth": 34.72532523162744, "n_estimators": 21.39120916900425}, "datetime": {"datetime": "2021-09-27 19:41:58", "elapsed": 43.389941, "delta": 0.522005}}
{"target": -18.762590460948815, "params": {"max_depth": 28.309274612765233, "n_estimators": 19.68698885148263}, "datetime": {"datetime": "2021-09-27 19:41:59", "elapsed": 44.015937, "delta": 0.625996}}
{"target": -19.389761307196135, "params": {"max_depth": 13.560357456372863, "n_estimators": 25.771206590229085}, "datetime": {"datetime": "2021-09-27 19:42:00", "elapsed": 44.64993, "delta": 0.633993}}
{"target": -19.01399519090919, "params": {"max_depth": 27.893194061163584, "n_estimators": 25.859593495908868}, "datetime": {"datetime": "2021-09-27 19:42:00", "elapsed": 45.200935, "delta": 0.551005}}
{"target": -19.283486856825455, "params": {"max_depth": 23.96308974539862, "n_estimators": 18.83318872877883}, "datetime": {"datetime": "2021-09-27 19:42:01", "elapsed": 45.868558, "delta": 0.667623}}
{"target": -18.41615856621743, "params": {"max_depth": 18.3129433085943, "n_estimators": 19.430469227359055}, "datetime": {"datetime": "2021-09-27 19:42:01", "elapsed": 46.547557, "delta": 0.678999}}
{"target": -18.74712997716991, "params": {"max_depth": 19.045297351120713, "n_estimators": 20.768744913475885}, "datetime": {"datetime": "2021-09-27 19:42:02", "elapsed": 47.163563, "delta": 0.616006}}
{"target": -18.783297095040886, "params": {"max_depth": 26.250060539070606, "n_estimators": 21.099471379895085}, "datetime": {"datetime": "2021-09-27 19:42:03", "elapsed": 47.751532, "delta": 0.587969}}
{"target": -18.783297095040886, "params": {"max_depth": 39.19738154562302, "n_estimators": 21.699006510904884}, "datetime": {"datetime": "2021-09-27 19:42:03", "elapsed": 48.331529, "delta": 0.579997}}
{"target": -18.908292605089, "params": {"max_depth": 18.743692668318197, "n_estimators": 18.424549685334267}, "datetime": {"datetime": "2021-09-27 19:42:04", "elapsed": 48.847338, "delta": 0.515809}}
{"target": -19.09044776179938, "params": {"max_depth": 17.4141060827161, "n_estimators": 20.31636023700906}, "datetime": {"datetime": "2021-09-27 19:42:05", "elapsed": 49.629333, "delta": 0.781995}}
{"target": -18.888338755908972, "params": {"max_depth": 21.830284105616137, "n_estimators": 26.75870194121184}, "datetime": {"datetime": "2021-09-27 19:42:05", "elapsed": 50.43416, "delta": 0.804827}}
{"target": -18.888338755908972, "params": {"max_depth": 35.93302791347877, "n_estimators": 26.16172149670103}, "datetime": {"datetime": "2021-09-27 19:42:06", "elapsed": 51.139162, "delta": 0.705002}}
{"target": -18.888338755908972, "params": {"max_depth": 40.0, "n_estimators": 26.05074350576077}, "datetime": {"datetime": "2021-09-27 19:42:07", "elapsed": 51.877133, "delta": 0.737971}}
{"target": -19.188054169228703, "params": {"max_depth": 35.18186615096107, "n_estimators": 17.036644035019233}, "datetime": {"datetime": "2021-09-27 19:42:07", "elapsed": 52.592134, "delta": 0.715001}}
{"target": -18.888338755908972, "params": {"max_depth": 30.988706496560738, "n_estimators": 26.44931530019478}, "datetime": {"datetime": "2021-09-27 19:42:08", "elapsed": 53.410189, "delta": 0.818055}}
{"target": -18.783297095040886, "params": {"max_depth": 32.110147989022, "n_estimators": 21.298724952412012}, "datetime": {"datetime": "2021-09-27 19:42:09", "elapsed": 54.019609, "delta": 0.60942}}
{"target": -18.888338755908972, "params": {"max_depth": 24.267739973876918, "n_estimators": 26.23759620092725}, "datetime": {"datetime": "2021-09-27 19:42:10", "elapsed": 54.757608, "delta": 0.737999}}
{"target": -18.783297095040886, "params": {"max_depth": 36.39810002246103, "n_estimators": 21.37034242131973}, "datetime": {"datetime": "2021-09-27 19:42:11", "elapsed": 55.762608, "delta": 1.005}}
{"target": -18.41615856621743, "params": {"max_depth": 18.95936654045829, "n_estimators": 19.752561896409233}, "datetime": {"datetime": "2021-09-27 19:42:12", "elapsed": 56.672069, "delta": 0.909461}}
{"target": -18.70214940677426, "params": {"max_depth": 25.100148287567336, "n_estimators": 20.53404704101186}, "datetime": {"datetime": "2021-09-27 19:42:12", "elapsed": 57.39307, "delta": 0.721001}}
{"target": -18.41615856621743, "params": {"max_depth": 18.552972503503675, "n_estimators": 19.802294903021263}, "datetime": {"datetime": "2021-09-27 19:42:13", "elapsed": 58.084348, "delta": 0.691278}}
{"target": -18.70214940677426, "params": {"max_depth": 28.193379689184297, "n_estimators": 20.932773773213064}, "datetime": {"datetime": "2021-09-27 19:42:14", "elapsed": 58.739086, "delta": 0.654738}}
{"target": -19.786583491565697, "params": {"max_depth": 9.126077543122351, "n_estimators": 19.347139648371513}, "datetime": {"datetime": "2021-09-27 19:42:14", "elapsed": 59.481086, "delta": 0.742}}
{"target": -18.70214940677426, "params": {"max_depth": 33.59895900158615, "n_estimators": 20.65283524071965}, "datetime": {"datetime": "2021-09-27 19:42:15", "elapsed": 60.058348, "delta": 0.577262}}
{"target": -18.783297095040886, "params": {"max_depth": 39.97423508066824, "n_estimators": 21.101298608724075}, "datetime": {"datetime": "2021-09-27 19:42:16", "elapsed": 60.700344, "delta": 0.641996}}
{"target": -19.155197258684627, "params": {"max_depth": 38.51911437515324, "n_estimators": 24.997929379657407}, "datetime": {"datetime": "2021-09-27 19:42:17", "elapsed": 61.667345, "delta": 0.967001}}
{"target": -18.637161974261836, "params": {"max_depth": 20.749648431963717, "n_estimators": 20.48297848634339}, "datetime": {"datetime": "2021-09-27 19:42:17", "elapsed": 62.283679, "delta": 0.616334}}
{"target": -18.70214940677426, "params": {"max_depth": 22.301025533945683, "n_estimators": 20.46957227015308}, "datetime": {"datetime": "2021-09-27 19:42:18", "elapsed": 62.782676, "delta": 0.498997}}
{"target": -19.01399519090919, "params": {"max_depth": 25.385976143873226, "n_estimators": 25.020551179769356}, "datetime": {"datetime": "2021-09-27 19:42:19", "elapsed": 63.667676, "delta": 0.885}}
{"target": -18.41615856621743, "params": {"max_depth": 18.603277636775378, "n_estimators": 19.430405647981534}, "datetime": {"datetime": "2021-09-27 19:42:19", "elapsed": 64.509002, "delta": 0.841326}}
{"target": -19.206219539647556, "params": {"max_depth": 37.62420138483823, "n_estimators": 22.024898603047838}, "datetime": {"datetime": "2021-09-27 19:42:20", "elapsed": 65.336007, "delta": 0.827005}}
{"target": -18.70214940677426, "params": {"max_depth": 39.15072229556151, "n_estimators": 20.548092675482835}, "datetime": {"datetime": "2021-09-27 19:42:21", "elapsed": 66.120904, "delta": 0.784897}}
{"target": -18.70214940677426, "params": {"max_depth": 36.520270590863824, "n_estimators": 20.27180303268686}, "datetime": {"datetime": "2021-09-27 19:42:22", "elapsed": 66.826907, "delta": 0.706003}}
{"target": -19.155197258684627, "params": {"max_depth": 34.694082518980096, "n_estimators": 24.19806342613824}, "datetime": {"datetime": "2021-09-27 19:42:22", "elapsed": 67.510904, "delta": 0.683997}}
{"target": -18.70214940677426, "params": {"max_depth": 27.1875900204752, "n_estimators": 20.22173160217652}, "datetime": {"datetime": "2021-09-27 19:42:23", "elapsed": 68.133819, "delta": 0.622915}}
{"target": -18.41615856621743, "params": {"max_depth": 18.64740612543037, "n_estimators": 19.679201279703467}, "datetime": {"datetime": "2021-09-27 19:42:24", "elapsed": 69.002636, "delta": 0.868817}}
{"target": -18.60285388679395, "params": {"max_depth": 18.698910760567827, "n_estimators": 26.921892359489803}, "datetime": {"datetime": "2021-09-27 19:42:25", "elapsed": 69.825633, "delta": 0.822997}}
{"target": -18.90586365160183, "params": {"max_depth": 18.379762048013074, "n_estimators": 27.9804985930307}, "datetime": {"datetime": "2021-09-27 19:42:26", "elapsed": 70.755111, "delta": 0.929478}}
{"target": -19.761287361591567, "params": {"max_depth": 11.322223382010407, "n_estimators": 25.538803870647328}, "datetime": {"datetime": "2021-09-27 19:42:27", "elapsed": 71.831108, "delta": 1.075997}}
{"target": -18.74712997716991, "params": {"max_depth": 19.55688751331715, "n_estimators": 20.08064981301936}, "datetime": {"datetime": "2021-09-27 19:42:27", "elapsed": 72.541703, "delta": 0.710595}}
{"target": -19.209930756447104, "params": {"max_depth": 13.669390156567193, "n_estimators": 21.152801371310996}, "datetime": {"datetime": "2021-09-27 19:42:28", "elapsed": 73.440694, "delta": 0.898991}}
{"target": -19.49371584194956, "params": {"max_depth": 14.08066361324639, "n_estimators": 23.660654024054487}, "datetime": {"datetime": "2021-09-27 19:42:29", "elapsed": 74.506296, "delta": 1.065602}}
{"target": -19.283486856825455, "params": {"max_depth": 27.623471899999323, "n_estimators": 18.094007058308737}, "datetime": {"datetime": "2021-09-27 19:42:30", "elapsed": 75.5193, "delta": 1.013004}}
{"target": -19.01399519090919, "params": {"max_depth": 31.795839840207673, "n_estimators": 25.247729680133848}, "datetime": {"datetime": "2021-09-27 19:42:31", "elapsed": 76.295563, "delta": 0.776263}}
{"target": -18.752255550333523, "params": {"max_depth": 18.855402162991886, "n_estimators": 25.663975322581543}, "datetime": {"datetime": "2021-09-27 19:42:32", "elapsed": 77.071558, "delta": 0.775995}}
{"target": -18.921329755128596, "params": {"max_depth": 19.58655802705559, "n_estimators": 26.627183171868097}, "datetime": {"datetime": "2021-09-27 19:42:33", "elapsed": 77.961039, "delta": 0.889481}}
{"target": -19.31222039235377, "params": {"max_depth": 19.71862377240135, "n_estimators": 23.573222522151774}, "datetime": {"datetime": "2021-09-27 19:42:34", "elapsed": 78.869514, "delta": 0.908475}}
{"target": -19.13164073403654, "params": {"max_depth": 17.688869488146743, "n_estimators": 26.776965053698248}, "datetime": {"datetime": "2021-09-27 19:42:35", "elapsed": 80.028824, "delta": 1.15931}}
{"target": -19.64275860887396, "params": {"max_depth": 13.766144343667852, "n_estimators": 27.995250369430607}, "datetime": {"datetime": "2021-09-27 19:42:36", "elapsed": 80.794823, "delta": 0.765999}}
{"target": -18.70214940677426, "params": {"max_depth": 29.40340678263535, "n_estimators": 20.528911004857594}, "datetime": {"datetime": "2021-09-27 19:42:37", "elapsed": 81.643822, "delta": 0.848999}}
{"target": -18.888338755908972, "params": {"max_depth": 29.49449671114595, "n_estimators": 26.611096925016767}, "datetime": {"datetime": "2021-09-27 19:42:38", "elapsed": 82.630644, "delta": 0.986822}}
{"target": -19.166123929504426, "params": {"max_depth": 13.289254238345757, "n_estimators": 19.14277207284356}, "datetime": {"datetime": "2021-09-27 19:42:38", "elapsed": 83.540643, "delta": 0.909999}}
{"target": -18.70214940677426, "params": {"max_depth": 35.095307629012176, "n_estimators": 20.397589970734117}, "datetime": {"datetime": "2021-09-27 19:42:39", "elapsed": 84.354095, "delta": 0.813452}}
{"target": -19.61527022706146, "params": {"max_depth": 17.630774577049007, "n_estimators": 18.59699160777632}, "datetime": {"datetime": "2021-09-27 19:42:40", "elapsed": 85.102093, "delta": 0.747998}}
{"target": -19.816012039037386, "params": {"max_depth": 9.939616551281135, "n_estimators": 21.409974306405744}, "datetime": {"datetime": "2021-09-27 19:42:41", "elapsed": 85.972095, "delta": 0.870002}}
{"target": -19.188054169228703, "params": {"max_depth": 24.7038328906821, "n_estimators": 17.0}, "datetime": {"datetime": "2021-09-27 19:42:42", "elapsed": 86.674748, "delta": 0.702653}}
{"target": -19.21375075974592, "params": {"max_depth": 19.25572804228631, "n_estimators": 17.0}, "datetime": {"datetime": "2021-09-27 19:42:43", "elapsed": 87.735749, "delta": 1.061001}}
{"target": -19.283486856825455, "params": {"max_depth": 33.43359586338433, "n_estimators": 18.87759841582757}, "datetime": {"datetime": "2021-09-27 19:42:44", "elapsed": 88.624699, "delta": 0.88895}}
{"target": -19.188054169228703, "params": {"max_depth": 31.108434991235256, "n_estimators": 17.073444476367264}, "datetime": {"datetime": "2021-09-27 19:42:45", "elapsed": 89.617701, "delta": 0.993002}}
{"target": -18.888338755908972, "params": {"max_depth": 39.13166660260278, "n_estimators": 26.929450312549427}, "datetime": {"datetime": "2021-09-27 19:42:45", "elapsed": 90.541341, "delta": 0.92364}}
{"target": -19.283486856825455, "params": {"max_depth": 39.990298823082064, "n_estimators": 18.8917691849107}, "datetime": {"datetime": "2021-09-27 19:42:46", "elapsed": 91.330346, "delta": 0.789005}}
{"target": -18.783297095040886, "params": {"max_depth": 23.52834235400027, "n_estimators": 21.43527659194098}, "datetime": {"datetime": "2021-09-27 19:42:47", "elapsed": 92.328255, "delta": 0.997909}}
{"target": -19.308974989029362, "params": {"max_depth": 30.445432760418054, "n_estimators": 28.0}, "datetime": {"datetime": "2021-09-27 19:42:48", "elapsed": 93.352386, "delta": 1.024131}}
{"target": -18.888338755908972, "params": {"max_depth": 22.962231554250263, "n_estimators": 26.539307592367596}, "datetime": {"datetime": "2021-09-27 19:42:49", "elapsed": 94.200547, "delta": 0.848161}}
{"target": -19.188054169228703, "params": {"max_depth": 21.62541503141035, "n_estimators": 17.010773892628574}, "datetime": {"datetime": "2021-09-27 19:42:50", "elapsed": 94.869549, "delta": 0.669002}}
{"target": -18.70214940677426, "params": {"max_depth": 21.42064267491638, "n_estimators": 20.918950642474584}, "datetime": {"datetime": "2021-09-27 19:42:51", "elapsed": 95.74555, "delta": 0.876001}}
{"target": -18.70214940677426, "params": {"max_depth": 31.09878679065168, "n_estimators": 20.87964727350914}, "datetime": {"datetime": "2021-09-27 19:42:51", "elapsed": 96.550234, "delta": 0.804684}}
{"target": -19.195144046898925, "params": {"max_depth": 27.578926589456966, "n_estimators": 27.106420992088964}, "datetime": {"datetime": "2021-09-27 19:42:53", "elapsed": 97.800237, "delta": 1.250003}}
{"target": -19.195144046898925, "params": {"max_depth": 33.662875122995686, "n_estimators": 27.301834872561994}, "datetime": {"datetime": "2021-09-27 19:42:54", "elapsed": 98.780097, "delta": 0.97986}}
{"target": -19.155197258684627, "params": {"max_depth": 21.443589814053077, "n_estimators": 24.653423040807812}, "datetime": {"datetime": "2021-09-27 19:42:55", "elapsed": 99.746101, "delta": 0.966004}}
{"target": -18.82693754912904, "params": {"max_depth": 14.787631779350718, "n_estimators": 20.245038547786226}, "datetime": {"datetime": "2021-09-27 19:42:56", "elapsed": 100.624658, "delta": 0.878557}}
{"target": -19.01399519090919, "params": {"max_depth": 36.853022963801735, "n_estimators": 25.391466788233483}, "datetime": {"datetime": "2021-09-27 19:42:56", "elapsed": 101.551661, "delta": 0.927003}}
{"target": -18.70214940677426, "params": {"max_depth": 21.466499792549776, "n_estimators": 20.059466131162385}, "datetime": {"datetime": "2021-09-27 19:42:57", "elapsed": 102.408311, "delta": 0.85665}}
{"target": -18.762590460948815, "params": {"max_depth": 29.430601265667228, "n_estimators": 19.245819948363746}, "datetime": {"datetime": "2021-09-27 19:42:58", "elapsed": 103.221841, "delta": 0.81353}}
{"target": -19.155197258684627, "params": {"max_depth": 28.49457852050057, "n_estimators": 24.091642215887603}, "datetime": {"datetime": "2021-09-27 19:43:00", "elapsed": 104.661591, "delta": 1.43975}}
{"target": -18.70214940677426, "params": {"max_depth": 37.771094675411234, "n_estimators": 20.064085260070847}, "datetime": {"datetime": "2021-09-27 19:43:00", "elapsed": 105.579592, "delta": 0.918001}}
{"target": -18.811114551032112, "params": {"max_depth": 19.12052237543968, "n_estimators": 19.34241422055604}, "datetime": {"datetime": "2021-09-27 19:43:01", "elapsed": 106.570271, "delta": 0.990679}}
{"target": -20.240727832801056, "params": {"max_depth": 8.676601318420808, "n_estimators": 27.98497740458307}, "datetime": {"datetime": "2021-09-27 19:43:03", "elapsed": 107.689274, "delta": 1.119003}}
{"target": -19.283486856825455, "params": {"max_depth": 22.166765716288335, "n_estimators": 18.74939492697147}, "datetime": {"datetime": "2021-09-27 19:43:04", "elapsed": 108.636757, "delta": 0.947483}}
{"target": -19.06267620560115, "params": {"max_depth": 15.268918881678188, "n_estimators": 21.319250442477}, "datetime": {"datetime": "2021-09-27 19:43:05", "elapsed": 109.60476, "delta": 0.968003}}
{"target": -19.31984938037279, "params": {"max_depth": 14.044655943460633, "n_estimators": 17.11585853394379}, "datetime": {"datetime": "2021-09-27 19:43:06", "elapsed": 110.701234, "delta": 1.096474}}
{"target": -19.256799664255382, "params": {"max_depth": 15.188857840514185, "n_estimators": 25.955113068081538}, "datetime": {"datetime": "2021-09-27 19:43:07", "elapsed": 111.655232, "delta": 0.953998}}
{"target": -40.48337806578356, "params": {"max_depth": 1.0, "n_estimators": 28.0}, "datetime": {"datetime": "2021-09-27 19:43:07", "elapsed": 112.575769, "delta": 0.920537}}
{"target": -20.474360229111486, "params": {"max_depth": 6.269105831034616, "n_estimators": 25.30655064432137}, "datetime": {"datetime": "2021-09-27 19:43:08", "elapsed": 113.541769, "delta": 0.966}}
{"target": -20.679236206666797, "params": {"max_depth": 6.74026960273609, "n_estimators": 27.50890261836887}, "datetime": {"datetime": "2021-09-27 19:43:09", "elapsed": 114.439217, "delta": 0.897448}}
{"target": -20.747376567496723, "params": {"max_depth": 6.838701658774403, "n_estimators": 22.739148703465194}, "datetime": {"datetime": "2021-09-27 19:43:10", "elapsed": 115.334217, "delta": 0.895}}
{"target": -19.308974989029362, "params": {"max_depth": 21.786957202921297, "n_estimators": 28.0}, "datetime": {"datetime": "2021-09-27 19:43:12", "elapsed": 116.72158, "delta": 1.387363}}
{"target": -19.195144046898925, "params": {"max_depth": 24.852815197771005, "n_estimators": 27.46325615429683}, "datetime": {"datetime": "2021-09-27 19:43:13", "elapsed": 117.947581, "delta": 1.226001}}
{"target": -19.01399519090919, "params": {"max_depth": 26.786660240055742, "n_estimators": 25.049688913550497}, "datetime": {"datetime": "2021-09-27 19:43:14", "elapsed": 119.040804, "delta": 1.093223}}
{"target": -19.206219539647556, "params": {"max_depth": 33.56316925883356, "n_estimators": 22.20373786114678}, "datetime": {"datetime": "2021-09-27 19:43:15", "elapsed": 120.326804, "delta": 1.286}}
{"target": -19.276502890362547, "params": {"max_depth": 30.79787631128083, "n_estimators": 23.692614768564397}, "datetime": {"datetime": "2021-09-27 19:43:16", "elapsed": 121.333804, "delta": 1.007}}
