{"target": -19.339381742065793, "params": {"max_depth": 27.077107160310145, "n_estimators": 54.53509891563489}, "datetime": {"datetime": "2021-09-27 19:32:15", "elapsed": 740.411325, "delta": 4.068131}}
{"target": -19.777941786406505, "params": {"max_depth": 11.54059713417878, "n_estimators": 88.55510202826744}, "datetime": {"datetime": "2021-09-27 19:32:20", "elapsed": 745.478182, "delta": 5.066857}}
{"target": -20.50874823787501, "params": {"max_depth": 6.766188298802883, "n_estimators": 64.16266251392327}, "datetime": {"datetime": "2021-09-27 19:32:25", "elapsed": 750.207228, "delta": 4.729046}}
{"target": -19.573594860064368, "params": {"max_depth": 15.923456970069603, "n_estimators": 98.61578138213363}, "datetime": {"datetime": "2021-09-27 19:32:31", "elapsed": 755.893865, "delta": 5.686637}}
{"target": -19.29250483448466, "params": {"max_depth": 11.62273488052748, "n_estimators": 67.83364997216987}, "datetime": {"datetime": "2021-09-27 19:32:36", "elapsed": 760.559939, "delta": 4.666074}}
{"target": -22.450803848653898, "params": {"max_depth": 16.37198890994138, "n_estimators": 6.286437161657594}, "datetime": {"datetime": "2021-09-27 19:32:39", "elapsed": 763.803572, "delta": 3.243633}}
{"target": -19.550376320236982, "params": {"max_depth": 10.013180565317683, "n_estimators": 77.5183812191713}, "datetime": {"datetime": "2021-09-27 19:32:44", "elapsed": 768.777802, "delta": 4.97423}}
{"target": -20.438274057854247, "params": {"max_depth": 6.656574032889805, "n_estimators": 97.3940649199274}, "datetime": {"datetime": "2021-09-27 19:32:49", "elapsed": 773.696537, "delta": 4.918735}}
{"target": -20.024298917828006, "params": {"max_depth": 16.301723880512895, "n_estimators": 77.66517293591893}, "datetime": {"datetime": "2021-09-27 19:32:54", "elapsed": 778.824677, "delta": 5.12814}}
{"target": -19.29315475195682, "params": {"max_depth": 18.950573770358467, "n_estimators": 44.97298491153591}, "datetime": {"datetime": "2021-09-27 19:32:57", "elapsed": 782.427872, "delta": 3.603195}}
{"target": -19.790738145763328, "params": {"max_depth": 25.803053283137583, "n_estimators": 33.2662173394041}, "datetime": {"datetime": "2021-09-27 19:33:01", "elapsed": 785.663182, "delta": 3.23531}}
{"target": -19.88383906953952, "params": {"max_depth": 21.652937302998204, "n_estimators": 14.295676968340812}, "datetime": {"datetime": "2021-09-27 19:33:06", "elapsed": 791.02055, "delta": 5.357368}}
{"target": -19.538348159101275, "params": {"max_depth": 13.339859500940024, "n_estimators": 95.71737556620035}, "datetime": {"datetime": "2021-09-27 19:33:10", "elapsed": 795.047958, "delta": 4.027408}}
{"target": -19.39935648525435, "params": {"max_depth": 26.440499813411176, "n_estimators": 67.34129125175438}, "datetime": {"datetime": "2021-09-27 19:33:14", "elapsed": 798.63761, "delta": 3.589652}}
{"target": -19.651214024424142, "params": {"max_depth": 21.64211839888119, "n_estimators": 44.665196531105614}, "datetime": {"datetime": "2021-09-27 19:33:19", "elapsed": 803.593735, "delta": 4.956125}}
{"target": -19.051346283246726, "params": {"max_depth": 15.19260137241201, "n_estimators": 20.444085093818103}, "datetime": {"datetime": "2021-09-27 19:33:24", "elapsed": 808.714371, "delta": 5.120636}}
{"target": -20.043750142400587, "params": {"max_depth": 16.42499621296966, "n_estimators": 96.15951036964296}, "datetime": {"datetime": "2021-09-27 19:33:32", "elapsed": 817.154811, "delta": 8.44044}}
{"target": -19.72601306145567, "params": {"max_depth": 28.360953914782733, "n_estimators": 74.84077779907847}, "datetime": {"datetime": "2021-09-27 19:33:37", "elapsed": 821.87529, "delta": 4.720479}}
{"target": -19.688828069480433, "params": {"max_depth": 29.324657251313972, "n_estimators": 98.17761953149008}, "datetime": {"datetime": "2021-09-27 19:33:42", "elapsed": 827.00935, "delta": 5.13406}}
{"target": -19.664217612954705, "params": {"max_depth": 23.347942834203575, "n_estimators": 34.633246301680536}, "datetime": {"datetime": "2021-09-27 19:33:50", "elapsed": 835.188633, "delta": 8.179283}}
{"target": -19.786783019304114, "params": {"max_depth": 25.80833623397886, "n_estimators": 85.98066138641437}, "datetime": {"datetime": "2021-09-27 19:33:54", "elapsed": 839.292617, "delta": 4.103984}}
{"target": -19.388942512779913, "params": {"max_depth": 11.898657777052327, "n_estimators": 61.376254280788686}, "datetime": {"datetime": "2021-09-27 19:34:03", "elapsed": 847.515065, "delta": 8.222448}}
{"target": -19.467100543775125, "params": {"max_depth": 26.021963442696844, "n_estimators": 61.11227071185568}, "datetime": {"datetime": "2021-09-27 19:34:06", "elapsed": 851.146494, "delta": 3.631429}}
{"target": -19.4391847767676, "params": {"max_depth": 20.168674811224346, "n_estimators": 62.90239530766354}, "datetime": {"datetime": "2021-09-27 19:34:10", "elapsed": 854.905391, "delta": 3.758897}}
{"target": -19.59896474609418, "params": {"max_depth": 11.192963326391936, "n_estimators": 49.38135542332221}, "datetime": {"datetime": "2021-09-27 19:34:14", "elapsed": 859.130576, "delta": 4.225185}}
{"target": -20.158896304399473, "params": {"max_depth": 9.754326665572412, "n_estimators": 46.17595295443265}, "datetime": {"datetime": "2021-09-27 19:34:18", "elapsed": 863.196399, "delta": 4.065823}}
{"target": -19.730968030533653, "params": {"max_depth": 30.0, "n_estimators": 80.03811324900263}, "datetime": {"datetime": "2021-09-27 19:34:22", "elapsed": 867.031028, "delta": 3.834629}}
{"target": -19.14785680720211, "params": {"max_depth": 18.679344181029027, "n_estimators": 52.37970481531737}, "datetime": {"datetime": "2021-09-27 19:34:26", "elapsed": 870.83719, "delta": 3.806162}}
{"target": -19.911198581019708, "params": {"max_depth": 11.349007582232053, "n_estimators": 24.073964766857653}, "datetime": {"datetime": "2021-09-27 19:34:29", "elapsed": 874.16236, "delta": 3.32517}}
{"target": -19.816012039037386, "params": {"max_depth": 9.055945241970269, "n_estimators": 21.028544384783828}, "datetime": {"datetime": "2021-09-27 19:34:33", "elapsed": 877.881754, "delta": 3.719394}}
{"target": -19.685970574280333, "params": {"max_depth": 23.282516297425985, "n_estimators": 76.41464376006948}, "datetime": {"datetime": "2021-09-27 19:34:37", "elapsed": 881.637814, "delta": 3.75606}}
{"target": -19.629339943752562, "params": {"max_depth": 15.305823739706533, "n_estimators": 83.30213440757828}, "datetime": {"datetime": "2021-09-27 19:34:41", "elapsed": 885.749574, "delta": 4.11176}}
{"target": -18.783297095040886, "params": {"max_depth": 28.656314139044103, "n_estimators": 21.321816247633535}, "datetime": {"datetime": "2021-09-27 19:34:45", "elapsed": 890.002028, "delta": 4.252454}}
{"target": -20.108261236277787, "params": {"max_depth": 16.72403058811871, "n_estimators": 81.00658670296339}, "datetime": {"datetime": "2021-09-27 19:34:49", "elapsed": 894.042305, "delta": 4.040277}}
{"target": -19.460120539290415, "params": {"max_depth": 13.490918778848986, "n_estimators": 68.64282611159568}, "datetime": {"datetime": "2021-09-27 19:34:53", "elapsed": 897.881387, "delta": 3.839082}}
{"target": -19.625877280576603, "params": {"max_depth": 17.702780669705902, "n_estimators": 91.92446918264567}, "datetime": {"datetime": "2021-09-27 19:34:58", "elapsed": 902.765898, "delta": 4.884511}}
{"target": -19.261136198055695, "params": {"max_depth": 10.299500987703722, "n_estimators": 66.41306578841956}, "datetime": {"datetime": "2021-09-27 19:35:04", "elapsed": 908.618839, "delta": 5.852941}}
{"target": -19.795727114408223, "params": {"max_depth": 19.563257809502872, "n_estimators": 78.90558522180521}, "datetime": {"datetime": "2021-09-27 19:35:09", "elapsed": 913.505362, "delta": 4.886523}}
{"target": -19.244864315068686, "params": {"max_depth": 10.883386836798593, "n_estimators": 52.43022144753628}, "datetime": {"datetime": "2021-09-27 19:35:14", "elapsed": 918.640014, "delta": 5.134652}}
{"target": -19.586664534743747, "params": {"max_depth": 28.761311003998994, "n_estimators": 71.67287196865794}, "datetime": {"datetime": "2021-09-27 19:35:18", "elapsed": 923.435539, "delta": 4.795525}}
{"target": -18.458552036136656, "params": {"max_depth": 18.769197359788574, "n_estimators": 21.58875145023424}, "datetime": {"datetime": "2021-09-27 19:35:23", "elapsed": 927.553086, "delta": 4.117547}}
{"target": -19.198304859606644, "params": {"max_depth": 15.951150983279955, "n_estimators": 67.84419306259576}, "datetime": {"datetime": "2021-09-27 19:35:27", "elapsed": 931.597766, "delta": 4.04468}}
{"target": -19.01399519090919, "params": {"max_depth": 23.786953784253402, "n_estimators": 25.15375788814362}, "datetime": {"datetime": "2021-09-27 19:35:31", "elapsed": 935.741615, "delta": 4.143849}}
{"target": -19.700004086489464, "params": {"max_depth": 28.044311770320515, "n_estimators": 78.77870873725648}, "datetime": {"datetime": "2021-09-27 19:35:36", "elapsed": 940.787464, "delta": 5.045849}}
{"target": -21.519484685374678, "params": {"max_depth": 22.18333405419848, "n_estimators": 7.215031761566172}, "datetime": {"datetime": "2021-09-27 19:35:40", "elapsed": 944.54863, "delta": 3.761166}}
{"target": -41.452910641681065, "params": {"max_depth": 1.0246443046332627, "n_estimators": 24.366912573696954}, "datetime": {"datetime": "2021-09-27 19:35:43", "elapsed": 948.307273, "delta": 3.758643}}
{"target": -20.747376567496723, "params": {"max_depth": 6.3630975846311015, "n_estimators": 22.65154152548747}, "datetime": {"datetime": "2021-09-27 19:35:47", "elapsed": 951.513024, "delta": 3.205751}}
{"target": -20.77165782502474, "params": {"max_depth": 6.408428054015653, "n_estimators": 28.863948289866396}, "datetime": {"datetime": "2021-09-27 19:35:51", "elapsed": 955.997147, "delta": 4.484123}}
{"target": -20.574816918206647, "params": {"max_depth": 28.590496650368788, "n_estimators": 13.308475166035901}, "datetime": {"datetime": "2021-09-27 19:35:55", "elapsed": 959.874232, "delta": 3.877085}}
{"target": -19.714488845434104, "params": {"max_depth": 29.99396287214481, "n_estimators": 41.92975558409228}, "datetime": {"datetime": "2021-09-27 19:35:59", "elapsed": 963.821327, "delta": 3.947095}}
{"target": -19.671097193505986, "params": {"max_depth": 17.306854835517093, "n_estimators": 85.054742788738}, "datetime": {"datetime": "2021-09-27 19:36:03", "elapsed": 968.443771, "delta": 4.622444}}
{"target": -19.195144046898925, "params": {"max_depth": 28.913849334192008, "n_estimators": 27.52540121005486}, "datetime": {"datetime": "2021-09-27 19:36:14", "elapsed": 978.674028, "delta": 10.230257}}
{"target": -19.50892324077461, "params": {"max_depth": 11.510491917257411, "n_estimators": 73.75190884840065}, "datetime": {"datetime": "2021-09-27 19:36:19", "elapsed": 983.677219, "delta": 5.003191}}
{"target": -19.379728068678904, "params": {"max_depth": 14.904605236858606, "n_estimators": 59.648002669958}, "datetime": {"datetime": "2021-09-27 19:36:23", "elapsed": 988.326143, "delta": 4.648924}}
{"target": -19.530263175941236, "params": {"max_depth": 28.807396122697323, "n_estimators": 47.63226730186793}, "datetime": {"datetime": "2021-09-27 19:36:27", "elapsed": 992.135201, "delta": 3.809058}}
{"target": -21.006330957212306, "params": {"max_depth": 25.893264936355955, "n_estimators": 12.488322162675225}, "datetime": {"datetime": "2021-09-27 19:36:31", "elapsed": 995.841706, "delta": 3.706505}}
{"target": -18.60285388679395, "params": {"max_depth": 18.092689501038997, "n_estimators": 26.60056900309133}, "datetime": {"datetime": "2021-09-27 19:36:37", "elapsed": 1001.710715, "delta": 5.869009}}
{"target": -19.694225630979908, "params": {"max_depth": 19.436293976705986, "n_estimators": 35.24408544406231}, "datetime": {"datetime": "2021-09-27 19:36:43", "elapsed": 1008.089614, "delta": 6.378899}}
{"target": -19.755716011729874, "params": {"max_depth": 19.417932887478973, "n_estimators": 97.69131026866187}, "datetime": {"datetime": "2021-09-27 19:36:48", "elapsed": 1013.3866, "delta": 5.296986}}
{"target": -19.155197258684627, "params": {"max_depth": 21.843857272501776, "n_estimators": 24.27377065332082}, "datetime": {"datetime": "2021-09-27 19:36:52", "elapsed": 1017.418613, "delta": 4.032013}}
{"target": -19.75340231499554, "params": {"max_depth": 24.934011413708337, "n_estimators": 79.16540594012602}, "datetime": {"datetime": "2021-09-27 19:36:59", "elapsed": 1024.378394, "delta": 6.959781}}
{"target": -19.391513422177514, "params": {"max_depth": 26.301482108284013, "n_estimators": 64.35085408273493}, "datetime": {"datetime": "2021-09-27 19:37:06", "elapsed": 1030.99597, "delta": 6.617576}}
{"target": -19.65711095041331, "params": {"max_depth": 21.901159121952308, "n_estimators": 38.50834535565946}, "datetime": {"datetime": "2021-09-27 19:37:13", "elapsed": 1037.885529, "delta": 6.889559}}
{"target": -19.15855312166275, "params": {"max_depth": 15.700196273210883, "n_estimators": 64.55616024293843}, "datetime": {"datetime": "2021-09-27 19:37:18", "elapsed": 1043.170784, "delta": 5.285255}}
{"target": -19.851940009432813, "params": {"max_depth": 9.142202116961313, "n_estimators": 100.0}, "datetime": {"datetime": "2021-09-27 19:37:25", "elapsed": 1050.20473, "delta": 7.033946}}
{"target": -19.591301374851117, "params": {"max_depth": 10.681876882911707, "n_estimators": 90.29167341973833}, "datetime": {"datetime": "2021-09-27 19:37:32", "elapsed": 1056.976263, "delta": 6.771533}}
{"target": -19.21375075974592, "params": {"max_depth": 19.89950830406685, "n_estimators": 17.480049827710747}, "datetime": {"datetime": "2021-09-27 19:37:37", "elapsed": 1062.144921, "delta": 5.168658}}
{"target": -19.188054169228703, "params": {"max_depth": 23.080089623632496, "n_estimators": 17.65304487993822}, "datetime": {"datetime": "2021-09-27 19:37:42", "elapsed": 1066.610794, "delta": 4.465873}}
{"target": -19.5271975260312, "params": {"max_depth": 17.316606739035688, "n_estimators": 17.535647683837944}, "datetime": {"datetime": "2021-09-27 19:37:48", "elapsed": 1072.905564, "delta": 6.29477}}
{"target": -19.393113757582896, "params": {"max_depth": 17.263858183400387, "n_estimators": 24.92356942786374}, "datetime": {"datetime": "2021-09-27 19:41:15", "elapsed": 0.0, "delta": 0.0}}
{"target": -41.97394081505101, "params": {"max_depth": 1.0044606178764506, "n_estimators": 20.325658298950238}, "datetime": {"datetime": "2021-09-27 19:41:15", "elapsed": 0.078001, "delta": 0.078001}}
{"target": -21.035612903942873, "params": {"max_depth": 6.723479741867409, "n_estimators": 18.015724542456777}, "datetime": {"datetime": "2021-09-27 19:41:15", "elapsed": 0.190998, "delta": 0.112997}}
{"target": -19.609549183766443, "params": {"max_depth": 8.264148243729165, "n_estimators": 20.801167997473524}, "datetime": {"datetime": "2021-09-27 19:41:15", "elapsed": 0.379995, "delta": 0.188997}}
{"target": -19.593347812849256, "params": {"max_depth": 16.47393149499613, "n_estimators": 22.926984074036927}, "datetime": {"datetime": "2021-09-27 19:41:15", "elapsed": 0.596999, "delta": 0.217004}}
{"target": -19.579956128260363, "params": {"max_depth": 12.71411999885468, "n_estimators": 17.0}, "datetime": {"datetime": "2021-09-27 19:41:16", "elapsed": 1.381, "delta": 0.784001}}
{"target": -19.276502890362547, "params": {"max_depth": 26.98979474919364, "n_estimators": 23.187423159864732}, "datetime": {"datetime": "2021-09-27 19:41:18", "elapsed": 2.618098, "delta": 1.237098}}
{"target": -19.195144046898925, "params": {"max_depth": 35.14244521717055, "n_estimators": 27.929538489461965}, "datetime": {"datetime": "2021-09-27 19:41:18", "elapsed": 3.238096, "delta": 0.619998}}
{"target": -19.283486856825455, "params": {"max_depth": 35.28734885043507, "n_estimators": 18.891893352060052}, "datetime": {"datetime": "2021-09-27 19:41:19", "elapsed": 3.663095, "delta": 0.424999}}
{"target": -19.188054169228703, "params": {"max_depth": 23.18207647066739, "n_estimators": 17.0}, "datetime": {"datetime": "2021-09-27 19:41:19", "elapsed": 4.033092, "delta": 0.369997}}
{"target": -19.276502890362547, "params": {"max_depth": 40.0, "n_estimators": 23.58171341780282}, "datetime": {"datetime": "2021-09-27 19:41:19", "elapsed": 4.553096, "delta": 0.520004}}
{"target": -20.10534553389383, "params": {"max_depth": 11.124736389733535, "n_estimators": 28.0}, "datetime": {"datetime": "2021-09-27 19:41:21", "elapsed": 5.841096, "delta": 1.288}}
{"target": -19.195144046898925, "params": {"max_depth": 23.25122376225858, "n_estimators": 27.971561677320476}, "datetime": {"datetime": "2021-09-27 19:41:22", "elapsed": 6.673095, "delta": 0.831999}}
{"target": -19.188054169228703, "params": {"max_depth": 29.300882042239238, "n_estimators": 17.033791977731333}, "datetime": {"datetime": "2021-09-27 19:41:22", "elapsed": 7.182094, "delta": 0.508999}}
{"target": -19.188054169228703, "params": {"max_depth": 40.0, "n_estimators": 17.0}, "datetime": {"datetime": "2021-09-27 19:41:23", "elapsed": 7.701148, "delta": 0.519054}}
{"target": -19.195144046898925, "params": {"max_depth": 28.98583801472687, "n_estimators": 27.961026457048092}, "datetime": {"datetime": "2021-09-27 19:41:23", "elapsed": 8.464681, "delta": 0.763533}}
{"target": -19.308974989029362, "params": {"max_depth": 40.0, "n_estimators": 28.0}, "datetime": {"datetime": "2021-09-27 19:41:24", "elapsed": 9.108683, "delta": 0.644002}}
{"target": -19.276502890362547, "params": {"max_depth": 32.49438842725924, "n_estimators": 23.27883867000794}, "datetime": {"datetime": "2021-09-27 19:41:25", "elapsed": 9.961247, "delta": 0.852564}}
{"target": -19.206219539647556, "params": {"max_depth": 21.691380350762714, "n_estimators": 22.10524385839922}, "datetime": {"datetime": "2021-09-27 19:41:26", "elapsed": 10.816246, "delta": 0.854999}}
{"target": -18.804748488343513, "params": {"max_depth": 18.44028443303033, "n_estimators": 17.040299011478346}, "datetime": {"datetime": "2021-09-27 19:41:27", "elapsed": 11.823646, "delta": 1.0074}}
{"target": -19.77184404734367, "params": {"max_depth": 11.860013392215171, "n_estimators": 22.815858808318925}, "datetime": {"datetime": "2021-09-27 19:41:28", "elapsed": 12.651644, "delta": 0.827998}}
{"target": -19.645340761493586, "params": {"max_depth": 15.992325490340432, "n_estimators": 28.0}, "datetime": {"datetime": "2021-09-27 19:41:28", "elapsed": 13.199641, "delta": 0.547997}}
{"target": -19.393113757582896, "params": {"max_depth": 17.348586061728497, "n_estimators": 24.537414504364357}, "datetime": {"datetime": "2021-09-27 19:41:37", "elapsed": 22.17149, "delta": 8.971849}}
{"target": -19.86432109284112, "params": {"max_depth": 8.973637739529181, "n_estimators": 26.6592918003004}, "datetime": {"datetime": "2021-09-27 19:41:37", "elapsed": 22.350488, "delta": 0.178998}}
{"target": -28.919851573332984, "params": {"max_depth": 2.06811613471912, "n_estimators": 24.375142611962424}, "datetime": {"datetime": "2021-09-27 19:41:37", "elapsed": 22.46549, "delta": 0.115002}}
{"target": -19.53600816441991, "params": {"max_depth": 17.274887292317953, "n_estimators": 23.14558811290327}, "datetime": {"datetime": "2021-09-27 19:41:38", "elapsed": 22.696491, "delta": 0.231001}}
{"target": -22.74911450428597, "params": {"max_depth": 4.755602808930022, "n_estimators": 28.0}, "datetime": {"datetime": "2021-09-27 19:41:38", "elapsed": 23.332557, "delta": 0.636066}}
{"target": -20.331510002853374, "params": {"max_depth": 9.207662346116058, "n_estimators": 17.021377625148375}, "datetime": {"datetime": "2021-09-27 19:41:39", "elapsed": 24.140516, "delta": 0.807959}}
{"target": -19.276502890362547, "params": {"max_depth": 36.42332126255707, "n_estimators": 23.75318238702126}, "datetime": {"datetime": "2021-09-27 19:41:40", "elapsed": 24.866471, "delta": 0.725955}}
{"target": -18.762590460948815, "params": {"max_depth": 26.142602356707016, "n_estimators": 19.50631993395403}, "datetime": {"datetime": "2021-09-27 19:41:40", "elapsed": 25.535469, "delta": 0.668998}}
{"target": -19.139998292220273, "params": {"max_depth": 20.05525278649333, "n_estimators": 27.96264198964823}, "datetime": {"datetime": "2021-09-27 19:41:41", "elapsed": 26.156388, "delta": 0.620919}}
{"target": -18.70214940677426, "params": {"max_depth": 40.0, "n_estimators": 20.130032639579827}, "datetime": {"datetime": "2021-09-27 19:41:42", "elapsed": 26.799388, "delta": 0.643}}
{"target": -18.70214940677426, "params": {"max_depth": 30.362428723486843, "n_estimators": 20.193041927903522}, "datetime": {"datetime": "2021-09-27 19:41:42", "elapsed": 27.234393, "delta": 0.435005}}
{"target": -19.188054169228703, "params": {"max_depth": 32.92673446154893, "n_estimators": 17.0}, "datetime": {"datetime": "2021-09-27 19:41:43", "elapsed": 27.995292, "delta": 0.760899}}
{"target": -19.675027953394462, "params": {"max_depth": 15.618518010770966, "n_estimators": 18.87343188510156}, "datetime": {"datetime": "2021-09-27 19:41:44", "elapsed": 28.664107, "delta": 0.668815}}
{"target": -19.308974989029362, "params": {"max_depth": 32.032142495093495, "n_estimators": 28.0}, "datetime": {"datetime": "2021-09-27 19:41:45", "elapsed": 29.602476, "delta": 0.938369}}
{"target": -19.01399519090919, "params": {"max_depth": 22.84094955019398, "n_estimators": 25.071606815109906}, "datetime": {"datetime": "2021-09-27 19:41:45", "elapsed": 30.213205, "delta": 0.610729}}
{"target": -19.188054169228703, "params": {"max_depth": 37.35278704769454, "n_estimators": 17.056676134323137}, "datetime": {"datetime": "2021-09-27 19:41:46", "elapsed": 30.995209, "delta": 0.782004}}
{"target": -19.206885909198835, "params": {"max_depth": 20.644228295348917, "n_estimators": 18.87846549898128}, "datetime": {"datetime": "2021-09-27 19:41:47", "elapsed": 31.639671, "delta": 0.644462}}
{"target": -19.01399519090919, "params": {"max_depth": 29.854837203357423, "n_estimators": 25.12208536224074}, "datetime": {"datetime": "2021-09-27 19:41:47", "elapsed": 32.236879, "delta": 0.597208}}
{"target": -18.888338755908972, "params": {"max_depth": 26.029550952331615, "n_estimators": 26.542887088615693}, "datetime": {"datetime": "2021-09-27 19:41:48", "elapsed": 32.731879, "delta": 0.495}}
