{"target": -18.110586226450383, "params": {"max_depth": 17.38566217174522, "n_estimators": 40.7706794121012}, "datetime": {"datetime": "2021-09-27 19:24:36", "elapsed": 286.910482, "delta": 1.929293}}
{"target": -17.748002961980163, "params": {"max_depth": 23.803445241600883, "n_estimators": 56.17576309421505}, "datetime": {"datetime": "2021-09-27 19:24:37", "elapsed": 288.481655, "delta": 1.571173}}
{"target": -17.855203408726318, "params": {"max_depth": 15.055251035453567, "n_estimators": 22.72927463497006}, "datetime": {"datetime": "2021-09-27 19:24:39", "elapsed": 289.706849, "delta": 1.225194}}
{"target": -18.355521159602798, "params": {"max_depth": 13.385351899947851, "n_estimators": 17.984863121011934}, "datetime": {"datetime": "2021-09-27 19:24:40", "elapsed": 291.068849, "delta": 1.362}}
{"target": -17.947569898035844, "params": {"max_depth": 21.166127779186645, "n_estimators": 76.63337137004888}, "datetime": {"datetime": "2021-09-27 19:24:42", "elapsed": 293.418481, "delta": 2.349632}}
{"target": -17.603643894217722, "params": {"max_depth": 28.665141361240984, "n_estimators": 99.80510556331022}, "datetime": {"datetime": "2021-09-27 19:24:44", "elapsed": 295.401656, "delta": 1.983175}}
{"target": -17.662247404516595, "params": {"max_depth": 17.692256623486486, "n_estimators": 69.57940445872403}, "datetime": {"datetime": "2021-09-27 19:24:46", "elapsed": 297.602665, "delta": 2.201009}}
{"target": -17.804414205863537, "params": {"max_depth": 14.367481002912575, "n_estimators": 53.9692850017585}, "datetime": {"datetime": "2021-09-27 19:24:48", "elapsed": 299.105289, "delta": 1.502624}}
{"target": -17.96453977241742, "params": {"max_depth": 18.138480439303297, "n_estimators": 52.74326569396074}, "datetime": {"datetime": "2021-09-27 19:24:50", "elapsed": 300.839305, "delta": 1.734016}}
{"target": -17.412082943457385, "params": {"max_depth": 16.793814050685917, "n_estimators": 65.57876310631588}, "datetime": {"datetime": "2021-09-27 19:24:52", "elapsed": 302.847014, "delta": 2.007709}}
{"target": -17.776403048669447, "params": {"max_depth": 28.037104419110676, "n_estimators": 46.40432011810174}, "datetime": {"datetime": "2021-09-27 19:24:53", "elapsed": 304.616485, "delta": 1.769471}}
{"target": -17.680623697785315, "params": {"max_depth": 18.846347291680583, "n_estimators": 62.92609040374033}, "datetime": {"datetime": "2021-09-27 19:24:56", "elapsed": 306.896013, "delta": 2.279528}}
{"target": -17.79187755075433, "params": {"max_depth": 20.575973819082385, "n_estimators": 86.07716994140883}, "datetime": {"datetime": "2021-09-27 19:24:58", "elapsed": 308.842008, "delta": 1.945995}}
{"target": -17.99752704433355, "params": {"max_depth": 17.37890189238475, "n_estimators": 23.043281530026242}, "datetime": {"datetime": "2021-09-27 19:25:00", "elapsed": 310.986525, "delta": 2.144517}}
{"target": -17.849757423299987, "params": {"max_depth": 28.546327862348576, "n_estimators": 71.74837428829446}, "datetime": {"datetime": "2021-09-27 19:25:02", "elapsed": 313.044753, "delta": 2.058228}}
{"target": -17.803317556801463, "params": {"max_depth": 28.39175982732314, "n_estimators": 30.768633804590554}, "datetime": {"datetime": "2021-09-27 19:25:03", "elapsed": 314.573159, "delta": 1.528406}}
{"target": -17.86582541674835, "params": {"max_depth": 22.257043345099635, "n_estimators": 51.725927571460396}, "datetime": {"datetime": "2021-09-27 19:25:05", "elapsed": 316.374177, "delta": 1.801018}}
{"target": -17.90756640569791, "params": {"max_depth": 26.3106127065914, "n_estimators": 79.78802561989461}, "datetime": {"datetime": "2021-09-27 19:25:07", "elapsed": 318.510577, "delta": 2.1364}}
{"target": -17.68801671343579, "params": {"max_depth": 28.706702577934067, "n_estimators": 62.86324251158993}, "datetime": {"datetime": "2021-09-27 19:25:09", "elapsed": 320.156576, "delta": 1.645999}}
{"target": -17.51301370796518, "params": {"max_depth": 15.99039744554044, "n_estimators": 26.32976747974733}, "datetime": {"datetime": "2021-09-27 19:25:11", "elapsed": 322.205257, "delta": 2.048681}}
{"target": -17.686257781631898, "params": {"max_depth": 24.46220078410351, "n_estimators": 93.56779996019695}, "datetime": {"datetime": "2021-09-27 19:25:14", "elapsed": 325.015553, "delta": 2.810296}}
{"target": -17.52228417910811, "params": {"max_depth": 17.97817742908377, "n_estimators": 67.04173420543559}, "datetime": {"datetime": "2021-09-27 19:25:16", "elapsed": 327.234123, "delta": 2.21857}}
{"target": -17.788616923074837, "params": {"max_depth": 19.517399704055585, "n_estimators": 56.82286635567003}, "datetime": {"datetime": "2021-09-27 19:25:18", "elapsed": 329.154307, "delta": 1.920184}}
{"target": -17.78009394123811, "params": {"max_depth": 15.163388497244425, "n_estimators": 83.35889698821362}, "datetime": {"datetime": "2021-09-27 19:25:20", "elapsed": 331.553339, "delta": 2.399032}}
{"target": -17.65800559363372, "params": {"max_depth": 22.865729603069173, "n_estimators": 64.08124359310548}, "datetime": {"datetime": "2021-09-27 19:25:22", "elapsed": 333.676774, "delta": 2.123435}}
{"target": -17.6405936304131, "params": {"max_depth": 16.661154105476555, "n_estimators": 55.895827534622654}, "datetime": {"datetime": "2021-09-27 19:25:24", "elapsed": 335.474931, "delta": 1.798157}}
{"target": -17.849757423299987, "params": {"max_depth": 22.345223172135253, "n_estimators": 71.79274598533607}, "datetime": {"datetime": "2021-09-27 19:25:27", "elapsed": 337.841175, "delta": 2.366244}}
{"target": -17.386944308811213, "params": {"max_depth": 15.006325442417953, "n_estimators": 65.31168110886324}, "datetime": {"datetime": "2021-09-27 19:25:29", "elapsed": 339.964593, "delta": 2.123418}}
{"target": -17.85347179846645, "params": {"max_depth": 28.560259350163655, "n_estimators": 49.34412988934658}, "datetime": {"datetime": "2021-09-27 19:25:31", "elapsed": 341.947119, "delta": 1.982526}}
{"target": -18.108088444211003, "params": {"max_depth": 26.27668417550789, "n_estimators": 40.04739120935017}, "datetime": {"datetime": "2021-09-27 19:25:32", "elapsed": 343.574121, "delta": 1.627002}}
{"target": -18.03956147734736, "params": {"max_depth": 19.458922582921215, "n_estimators": 31.700440700222458}, "datetime": {"datetime": "2021-09-27 19:25:35", "elapsed": 346.069589, "delta": 2.495468}}
{"target": -19.007490447899798, "params": {"max_depth": 8.93375260387728, "n_estimators": 29.46984361900453}, "datetime": {"datetime": "2021-09-27 19:25:36", "elapsed": 347.599589, "delta": 1.53}}
{"target": -17.796751904958654, "params": {"max_depth": 15.458798967744864, "n_estimators": 15.673437046822658}, "datetime": {"datetime": "2021-09-27 19:25:38", "elapsed": 349.065152, "delta": 1.465563}}
{"target": -17.47354834842805, "params": {"max_depth": 14.565588979175924, "n_estimators": 65.7049863594905}, "datetime": {"datetime": "2021-09-27 19:25:40", "elapsed": 351.155647, "delta": 2.090495}}
{"target": -17.68231523161038, "params": {"max_depth": 13.928902622525039, "n_estimators": 68.23698536353513}, "datetime": {"datetime": "2021-09-27 19:25:42", "elapsed": 353.200547, "delta": 2.0449}}
{"target": -17.70121463746179, "params": {"max_depth": 11.890517919426888, "n_estimators": 62.60946509974753}, "datetime": {"datetime": "2021-09-27 19:25:44", "elapsed": 355.616264, "delta": 2.415717}}
{"target": -17.696310820004634, "params": {"max_depth": 11.215920641819283, "n_estimators": 64.77288623248786}, "datetime": {"datetime": "2021-09-27 19:25:46", "elapsed": 357.422262, "delta": 1.805998}}
{"target": -17.507586577433276, "params": {"max_depth": 15.432919324965436, "n_estimators": 64.81432123369436}, "datetime": {"datetime": "2021-09-27 19:25:48", "elapsed": 359.33086, "delta": 1.908598}}
{"target": -17.93372092043421, "params": {"max_depth": 19.830238682128986, "n_estimators": 44.71415961449146}, "datetime": {"datetime": "2021-09-27 19:25:51", "elapsed": 361.951566, "delta": 2.620706}}
{"target": -17.825377396990383, "params": {"max_depth": 29.971358676683497, "n_estimators": 86.78189295148198}, "datetime": {"datetime": "2021-09-27 19:25:53", "elapsed": 364.557297, "delta": 2.605731}}
{"target": -17.83087200594106, "params": {"max_depth": 23.05680515820773, "n_estimators": 21.592671652227796}, "datetime": {"datetime": "2021-09-27 19:25:55", "elapsed": 366.55477, "delta": 1.997473}}
{"target": -17.71272626659222, "params": {"max_depth": 12.999821504980961, "n_estimators": 63.40011904972837}, "datetime": {"datetime": "2021-09-27 19:25:57", "elapsed": 368.623506, "delta": 2.068736}}
{"target": -17.58569527127999, "params": {"max_depth": 15.95312822824007, "n_estimators": 30.393129555420508}, "datetime": {"datetime": "2021-09-27 19:25:59", "elapsed": 370.064093, "delta": 1.440587}}
{"target": -17.799270442296365, "params": {"max_depth": 10.757626280314751, "n_estimators": 82.88030090949188}, "datetime": {"datetime": "2021-09-27 19:26:01", "elapsed": 372.632316, "delta": 2.568223}}
{"target": -17.8143254453939, "params": {"max_depth": 14.98402769599763, "n_estimators": 77.07125292294695}, "datetime": {"datetime": "2021-09-27 19:26:04", "elapsed": 375.195291, "delta": 2.562975}}
{"target": -17.60788587183104, "params": {"max_depth": 28.80875222199347, "n_estimators": 26.489059812000765}, "datetime": {"datetime": "2021-09-27 19:26:06", "elapsed": 377.676374, "delta": 2.481083}}
{"target": -17.587155142988042, "params": {"max_depth": 17.82707317572006, "n_estimators": 64.95509395480642}, "datetime": {"datetime": "2021-09-27 19:26:09", "elapsed": 379.699067, "delta": 2.022693}}
{"target": -17.73845508573059, "params": {"max_depth": 18.712350017964752, "n_estimators": 92.24363093884205}, "datetime": {"datetime": "2021-09-27 19:26:11", "elapsed": 382.377023, "delta": 2.677956}}
{"target": -17.80275333228479, "params": {"max_depth": 12.883378028899864, "n_estimators": 56.46219712872096}, "datetime": {"datetime": "2021-09-27 19:26:14", "elapsed": 385.269847, "delta": 2.892824}}
{"target": -17.754865691338313, "params": {"max_depth": 14.212343546638277, "n_estimators": 50.050494052086854}, "datetime": {"datetime": "2021-09-27 19:26:16", "elapsed": 387.244168, "delta": 1.974321}}
{"target": -17.63467352583862, "params": {"max_depth": 15.866339155818787, "n_estimators": 89.34660847613003}, "datetime": {"datetime": "2021-09-27 19:26:19", "elapsed": 389.76801, "delta": 2.523842}}
{"target": -17.531711025850306, "params": {"max_depth": 28.882422206536287, "n_estimators": 65.48826274492666}, "datetime": {"datetime": "2021-09-27 19:26:21", "elapsed": 392.310593, "delta": 2.542583}}
{"target": -17.732938365621294, "params": {"max_depth": 28.346004792344694, "n_estimators": 92.31123791893852}, "datetime": {"datetime": "2021-09-27 19:26:24", "elapsed": 394.892825, "delta": 2.582232}}
{"target": -17.694282759764317, "params": {"max_depth": 20.264206222666953, "n_estimators": 95.8749022948237}, "datetime": {"datetime": "2021-09-27 19:26:27", "elapsed": 397.731122, "delta": 2.838297}}
{"target": -17.8364211986452, "params": {"max_depth": 11.755371682194532, "n_estimators": 60.4326228377848}, "datetime": {"datetime": "2021-09-27 19:26:30", "elapsed": 401.151467, "delta": 3.420345}}
{"target": -17.65008681972763, "params": {"max_depth": 24.915335132420708, "n_estimators": 67.94212089324819}, "datetime": {"datetime": "2021-09-27 19:26:32", "elapsed": 403.682481, "delta": 2.531014}}
{"target": -17.61943213414953, "params": {"max_depth": 11.930944414904564, "n_estimators": 26.781265256996523}, "datetime": {"datetime": "2021-09-27 19:26:35", "elapsed": 405.944396, "delta": 2.261915}}
{"target": -17.60788587183104, "params": {"max_depth": 30.0, "n_estimators": 26.70541679385871}, "datetime": {"datetime": "2021-09-27 19:26:36", "elapsed": 407.601958, "delta": 1.657562}}
{"target": -18.054422425246674, "params": {"max_depth": 24.93671832291058, "n_estimators": 23.83857096887556}, "datetime": {"datetime": "2021-09-27 19:26:38", "elapsed": 409.383133, "delta": 1.781175}}
{"target": -17.89181560847391, "params": {"max_depth": 28.040210816664917, "n_estimators": 20.12304201044799}, "datetime": {"datetime": "2021-09-27 19:26:40", "elapsed": 410.958987, "delta": 1.575854}}
{"target": -17.85347179846645, "params": {"max_depth": 21.48107199687327, "n_estimators": 49.171924220483625}, "datetime": {"datetime": "2021-09-27 19:26:42", "elapsed": 412.90199, "delta": 1.943003}}
{"target": -17.559389021277056, "params": {"max_depth": 16.964293650628555, "n_estimators": 62.579975654502796}, "datetime": {"datetime": "2021-09-27 19:26:44", "elapsed": 414.952399, "delta": 2.050409}}
{"target": -17.753927766277528, "params": {"max_depth": 24.317116918994454, "n_estimators": 47.10447494191682}, "datetime": {"datetime": "2021-09-27 19:26:46", "elapsed": 417.491563, "delta": 2.539164}}
{"target": -17.531711025850306, "params": {"max_depth": 27.194434127995244, "n_estimators": 65.82533957269146}, "datetime": {"datetime": "2021-09-27 19:26:49", "elapsed": 420.097654, "delta": 2.606091}}
{"target": -17.697235185822606, "params": {"max_depth": 13.005861494993564, "n_estimators": 96.20084351417657}, "datetime": {"datetime": "2021-09-27 19:26:51", "elapsed": 422.565751, "delta": 2.468097}}
{"target": -17.626854563157142, "params": {"max_depth": 13.100099915533924, "n_estimators": 99.96719251484433}, "datetime": {"datetime": "2021-09-27 19:26:54", "elapsed": 424.913053, "delta": 2.347302}}
{"target": -17.682020352660714, "params": {"max_depth": 13.094863941872342, "n_estimators": 98.22778276665537}, "datetime": {"datetime": "2021-09-27 19:26:56", "elapsed": 427.45848, "delta": 2.545427}}
{"target": -17.947569898035844, "params": {"max_depth": 30.0, "n_estimators": 76.82764473864175}, "datetime": {"datetime": "2021-09-27 19:26:58", "elapsed": 429.524545, "delta": 2.066065}}
{"target": -17.77378972203283, "params": {"max_depth": 24.962197654133103, "n_estimators": 91.81025597944176}, "datetime": {"datetime": "2021-09-27 19:27:01", "elapsed": 431.787392, "delta": 2.262847}}
{"target": -17.760246996687837, "params": {"max_depth": 18.378652760579907, "n_estimators": 48.969274568225785}, "datetime": {"datetime": "2021-09-27 19:27:03", "elapsed": 433.956392, "delta": 2.169}}
{"target": -18.245886601595604, "params": {"max_depth": 12.329539827597687, "n_estimators": 34.9937276941378}, "datetime": {"datetime": "2021-09-27 19:27:05", "elapsed": 435.787152, "delta": 1.83076}}
{"target": -18.038555528860506, "params": {"max_depth": 16.675838870448832, "n_estimators": 36.4843316637384}, "datetime": {"datetime": "2021-09-27 19:27:06", "elapsed": 437.578906, "delta": 1.791754}}
{"target": -17.849008367294854, "params": {"max_depth": 10.64531339553176, "n_estimators": 71.24178285350347}, "datetime": {"datetime": "2021-09-27 19:27:09", "elapsed": 439.70128, "delta": 2.122374}}
{"target": -17.56531102777604, "params": {"max_depth": 21.070434405679958, "n_estimators": 66.46259981891295}, "datetime": {"datetime": "2021-09-27 19:27:10", "elapsed": 441.601115, "delta": 1.899835}}
{"target": -17.679285692065253, "params": {"max_depth": 13.028174167140131, "n_estimators": 26.595510888423153}, "datetime": {"datetime": "2021-09-27 19:27:12", "elapsed": 443.624378, "delta": 2.023263}}
{"target": -17.556088168422587, "params": {"max_depth": 20.77943336967788, "n_estimators": 25.76631483765333}, "datetime": {"datetime": "2021-09-27 19:27:14", "elapsed": 445.049192, "delta": 1.424814}}
{"target": -17.390884711113898, "params": {"max_depth": 16.297266105591973, "n_estimators": 66.29692805876444}, "datetime": {"datetime": "2021-09-27 19:27:16", "elapsed": 447.348385, "delta": 2.299193}}
{"target": -17.60788587183104, "params": {"max_depth": 26.50027515100829, "n_estimators": 26.226745956947465}, "datetime": {"datetime": "2021-09-27 19:27:18", "elapsed": 449.225706, "delta": 1.877321}}
{"target": -17.579831378373147, "params": {"max_depth": 20.509407839106213, "n_estimators": 64.21919696232888}, "datetime": {"datetime": "2021-09-27 19:27:20", "elapsed": 451.255112, "delta": 2.029406}}
{"target": -17.748002961980163, "params": {"max_depth": 28.692916653958644, "n_estimators": 56.51798115782613}, "datetime": {"datetime": "2021-09-27 19:27:22", "elapsed": 453.527953, "delta": 2.272841}}
{"target": -17.708065531302413, "params": {"max_depth": 15.915116408535647, "n_estimators": 85.19796499252398}, "datetime": {"datetime": "2021-09-27 19:27:25", "elapsed": 456.520946, "delta": 2.992993}}
{"target": -17.386944308811213, "params": {"max_depth": 15.177626728296188, "n_estimators": 65.65944769162391}, "datetime": {"datetime": "2021-09-27 19:27:28", "elapsed": 458.695624, "delta": 2.174678}}
{"target": -17.646133758566663, "params": {"max_depth": 20.423028997515214, "n_estimators": 98.85008747392759}, "datetime": {"datetime": "2021-09-27 19:27:30", "elapsed": 461.138341, "delta": 2.442717}}
{"target": -17.390884711113898, "params": {"max_depth": 16.747048271917357, "n_estimators": 66.75324304324062}, "datetime": {"datetime": "2021-09-27 19:27:32", "elapsed": 463.488539, "delta": 2.350198}}
{"target": -17.849757423299987, "params": {"max_depth": 26.2771556210788, "n_estimators": 71.20943374925388}, "datetime": {"datetime": "2021-09-27 19:27:34", "elapsed": 465.316871, "delta": 1.828332}}
{"target": -17.644630746270572, "params": {"max_depth": 15.906531154674475, "n_estimators": 92.8241832401726}, "datetime": {"datetime": "2021-09-27 19:27:36", "elapsed": 467.638877, "delta": 2.322006}}
{"target": -17.51301370796518, "params": {"max_depth": 15.239505807919436, "n_estimators": 26.774264572506492}, "datetime": {"datetime": "2021-09-27 19:27:38", "elapsed": 469.605598, "delta": 1.966721}}
{"target": -17.56531102777604, "params": {"max_depth": 29.955617694684804, "n_estimators": 66.06533398353774}, "datetime": {"datetime": "2021-09-27 19:27:40", "elapsed": 471.627034, "delta": 2.021436}}
{"target": -17.65598919164465, "params": {"max_depth": 29.739683304593598, "n_estimators": 98.83843922642303}, "datetime": {"datetime": "2021-09-27 19:27:43", "elapsed": 474.485652, "delta": 2.858618}}
{"target": -17.963738141784745, "params": {"max_depth": 10.735574642079536, "n_estimators": 26.016534654712586}, "datetime": {"datetime": "2021-09-27 19:27:45", "elapsed": 476.207327, "delta": 1.721675}}
{"target": -17.375808386073224, "params": {"max_depth": 15.523845394764805, "n_estimators": 66.40211040753137}, "datetime": {"datetime": "2021-09-27 19:27:48", "elapsed": 478.983239, "delta": 2.775912}}
{"target": -17.44885416405973, "params": {"max_depth": 14.984978139171684, "n_estimators": 66.93983892962264}, "datetime": {"datetime": "2021-09-27 19:27:51", "elapsed": 481.784197, "delta": 2.800958}}
{"target": -17.56531102777604, "params": {"max_depth": 24.50607993236575, "n_estimators": 66.07767652065522}, "datetime": {"datetime": "2021-09-27 19:27:53", "elapsed": 484.554149, "delta": 2.769952}}
{"target": -17.375808386073224, "params": {"max_depth": 15.72161548995371, "n_estimators": 66.30541203255751}, "datetime": {"datetime": "2021-09-27 19:27:56", "elapsed": 487.44093, "delta": 2.886781}}
{"target": -17.375808386073224, "params": {"max_depth": 15.303367497537868, "n_estimators": 66.13053181149769}, "datetime": {"datetime": "2021-09-27 19:27:58", "elapsed": 489.513155, "delta": 2.072225}}
{"target": -17.491586050184356, "params": {"max_depth": 20.529300856563626, "n_estimators": 26.95988924828978}, "datetime": {"datetime": "2021-09-27 19:28:01", "elapsed": 491.983646, "delta": 2.470491}}
{"target": -17.75879881618658, "params": {"max_depth": 19.915248891570254, "n_estimators": 88.49890315408865}, "datetime": {"datetime": "2021-09-27 19:28:04", "elapsed": 494.851619, "delta": 2.867973}}
{"target": -17.375808386073224, "params": {"max_depth": 15.628650015571916, "n_estimators": 66.39844837240041}, "datetime": {"datetime": "2021-09-27 19:28:06", "elapsed": 497.125405, "delta": 2.273786}}
{"target": -17.375808386073224, "params": {"max_depth": 15.633345470260402, "n_estimators": 66.32951251438857}, "datetime": {"datetime": "2021-09-27 19:28:09", "elapsed": 500.134381, "delta": 3.008976}}
{"target": -17.390884711113898, "params": {"max_depth": 16.128358471816384, "n_estimators": 66.59330998462018}, "datetime": {"datetime": "2021-09-27 19:28:11", "elapsed": 502.658378, "delta": 2.523997}}
{"target": -17.386944308811213, "params": {"max_depth": 15.439367437895587, "n_estimators": 65.9726559726443}, "datetime": {"datetime": "2021-09-27 19:28:14", "elapsed": 505.449115, "delta": 2.790737}}
{"target": -17.375808386073224, "params": {"max_depth": 15.429830775292194, "n_estimators": 66.27880358863364}, "datetime": {"datetime": "2021-09-27 19:28:18", "elapsed": 508.8753, "delta": 3.426185}}
{"target": -17.693637159445064, "params": {"max_depth": 15.1215013862233, "n_estimators": 71.73952753776707}, "datetime": {"datetime": "2021-09-27 19:28:21", "elapsed": 511.771417, "delta": 2.896117}}
{"target": -17.375808386073224, "params": {"max_depth": 15.323560465990633, "n_estimators": 66.2945083561365}, "datetime": {"datetime": "2021-09-27 19:28:23", "elapsed": 514.249599, "delta": 2.478182}}
{"target": -17.375808386073224, "params": {"max_depth": 15.33341865662927, "n_estimators": 66.2659996674103}, "datetime": {"datetime": "2021-09-27 19:28:26", "elapsed": 516.854611, "delta": 2.605012}}
{"target": -17.375808386073224, "params": {"max_depth": 15.373746563221133, "n_estimators": 66.33793680811833}, "datetime": {"datetime": "2021-09-27 19:28:28", "elapsed": 519.39047, "delta": 2.535859}}
{"target": -17.375808386073224, "params": {"max_depth": 15.721058088369482, "n_estimators": 66.28962399938156}, "datetime": {"datetime": "2021-09-27 19:28:31", "elapsed": 522.666523, "delta": 3.276053}}
{"target": -17.477395458724928, "params": {"max_depth": 15.952432287938803, "n_estimators": 45.11495277788467}, "datetime": {"datetime": "2021-09-27 19:28:34", "elapsed": 525.068659, "delta": 2.402136}}
