{"target": -17.82732155556919, "params": {"max_depth": 21.7712503417872, "n_estimators": 153.74988201843027}, "datetime": {"datetime": "2021-09-27 19:51:30", "elapsed": 82.370283, "delta": 2.029629}}
{"target": -17.61761005733162, "params": {"max_depth": 26.81484302343597, "n_estimators": 100.26562520767827}, "datetime": {"datetime": "2021-09-27 19:51:31", "elapsed": 83.774283, "delta": 1.404}}
{"target": -17.508070912802264, "params": {"max_depth": 15.925775112967148, "n_estimators": 134.81187673709258}, "datetime": {"datetime": "2021-09-27 19:51:33", "elapsed": 85.838045, "delta": 2.063762}}
{"target": -17.892294021891534, "params": {"max_depth": 11.0, "n_estimators": 201.52557597096796}, "datetime": {"datetime": "2021-09-27 19:51:36", "elapsed": 88.484099, "delta": 2.646054}}
{"target": -17.534482663412742, "params": {"max_depth": 15.18573336356864, "n_estimators": 136.19993901995994}, "datetime": {"datetime": "2021-09-27 19:51:38", "elapsed": 90.621107, "delta": 2.137008}}
{"target": -17.84821722670291, "params": {"max_depth": 34.98100233378969, "n_estimators": 206.22606414098996}, "datetime": {"datetime": "2021-09-27 19:51:41", "elapsed": 93.624718, "delta": 3.003611}}
{"target": -17.589483569535037, "params": {"max_depth": 34.93765455348333, "n_estimators": 103.39554724904191}, "datetime": {"datetime": "2021-09-27 19:51:43", "elapsed": 95.222328, "delta": 1.59761}}
{"target": -17.463952495977118, "params": {"max_depth": 15.105987852945313, "n_estimators": 133.5008958696218}, "datetime": {"datetime": "2021-09-27 19:51:45", "elapsed": 97.48082, "delta": 2.258492}}
{"target": -17.66307886910775, "params": {"max_depth": 13.360030977452759, "n_estimators": 131.17167571327096}, "datetime": {"datetime": "2021-09-27 19:51:47", "elapsed": 99.632907, "delta": 2.152087}}
{"target": -17.595798884074874, "params": {"max_depth": 25.312143817035643, "n_estimators": 118.34815937481778}, "datetime": {"datetime": "2021-09-27 19:51:49", "elapsed": 101.454221, "delta": 1.821314}}
{"target": -17.568069728452894, "params": {"max_depth": 17.454632078245112, "n_estimators": 120.92742407180074}, "datetime": {"datetime": "2021-09-27 19:51:51", "elapsed": 103.590315, "delta": 2.136094}}
{"target": -17.657590919177295, "params": {"max_depth": 30.1588876111532, "n_estimators": 136.47953952732686}, "datetime": {"datetime": "2021-09-27 19:51:53", "elapsed": 105.655246, "delta": 2.064931}}
{"target": -17.927913678487442, "params": {"max_depth": 35.0, "n_estimators": 235.67113558312673}, "datetime": {"datetime": "2021-09-27 19:51:57", "elapsed": 109.036381, "delta": 3.381135}}
{"target": -17.748828345203826, "params": {"max_depth": 11.009572952333226, "n_estimators": 120.24035240447674}, "datetime": {"datetime": "2021-09-27 19:51:59", "elapsed": 111.094783, "delta": 2.058402}}
{"target": -17.668607477742736, "params": {"max_depth": 11.04986128073646, "n_estimators": 106.46281805446702}, "datetime": {"datetime": "2021-09-27 19:52:01", "elapsed": 113.163553, "delta": 2.06877}}
{"target": -17.82522682575899, "params": {"max_depth": 23.0116632661871, "n_estimators": 167.9880371309738}, "datetime": {"datetime": "2021-09-27 19:52:03", "elapsed": 115.639673, "delta": 2.47612}}
{"target": -17.657291240903234, "params": {"max_depth": 21.55128357145512, "n_estimators": 120.84120641580051}, "datetime": {"datetime": "2021-09-27 19:52:05", "elapsed": 117.590324, "delta": 1.950651}}
{"target": -17.626787654771572, "params": {"max_depth": 29.45930196707284, "n_estimators": 114.66217907069435}, "datetime": {"datetime": "2021-09-27 19:52:07", "elapsed": 119.279324, "delta": 1.689}}
{"target": -17.513286037141178, "params": {"max_depth": 16.524029639599675, "n_estimators": 102.25518436586815}, "datetime": {"datetime": "2021-09-27 19:52:09", "elapsed": 121.334353, "delta": 2.055029}}
{"target": -18.023254511447163, "params": {"max_depth": 11.104750913488775, "n_estimators": 232.8377769449896}, "datetime": {"datetime": "2021-09-27 19:52:12", "elapsed": 124.499555, "delta": 3.165202}}
{"target": -17.91373891793587, "params": {"max_depth": 11.0, "n_estimators": 153.813327729827}, "datetime": {"datetime": "2021-09-27 19:52:14", "elapsed": 126.687787, "delta": 2.188232}}
{"target": -17.559618946257533, "params": {"max_depth": 16.332715859521667, "n_estimators": 100.08792224725366}, "datetime": {"datetime": "2021-09-27 19:52:16", "elapsed": 128.535787, "delta": 1.848}}
{"target": -17.56831890976242, "params": {"max_depth": 20.244324788180386, "n_estimators": 104.00820174340755}, "datetime": {"datetime": "2021-09-27 19:52:18", "elapsed": 130.355071, "delta": 1.819284}}
{"target": -17.843244175307483, "params": {"max_depth": 35.0, "n_estimators": 184.7479906147475}, "datetime": {"datetime": "2021-09-27 19:52:21", "elapsed": 133.474893, "delta": 3.119822}}
{"target": -17.88717176670871, "params": {"max_depth": 23.240068682782937, "n_estimators": 219.677054868806}, "datetime": {"datetime": "2021-09-27 19:52:24", "elapsed": 136.80356, "delta": 3.328667}}
{"target": -17.685276942371488, "params": {"max_depth": 28.574109921198474, "n_estimators": 146.21580698286695}, "datetime": {"datetime": "2021-09-27 19:52:27", "elapsed": 139.283006, "delta": 2.479446}}
{"target": -17.5767869986493, "params": {"max_depth": 31.038756943121072, "n_estimators": 104.4050862623022}, "datetime": {"datetime": "2021-09-27 19:52:29", "elapsed": 141.080862, "delta": 1.797856}}
{"target": -17.856048373758313, "params": {"max_depth": 11.157456131553872, "n_estimators": 175.20877539130447}, "datetime": {"datetime": "2021-09-27 19:52:31", "elapsed": 143.541314, "delta": 2.460452}}
{"target": -17.91337168505628, "params": {"max_depth": 23.911446274301742, "n_estimators": 250.0}, "datetime": {"datetime": "2021-09-27 19:52:34", "elapsed": 147.004349, "delta": 3.463035}}
{"target": -17.5152456919397, "params": {"max_depth": 15.973379695003072, "n_estimators": 116.36824948010809}, "datetime": {"datetime": "2021-09-27 19:52:36", "elapsed": 148.944623, "delta": 1.940274}}
{"target": -17.57916405876422, "params": {"max_depth": 16.935212088957478, "n_estimators": 113.05883625885626}, "datetime": {"datetime": "2021-09-27 19:52:38", "elapsed": 150.648184, "delta": 1.703561}}
{"target": -17.561158293406102, "params": {"max_depth": 14.640720291942717, "n_estimators": 103.77028547989767}, "datetime": {"datetime": "2021-09-27 19:52:40", "elapsed": 152.428338, "delta": 1.780154}}
{"target": -17.649371912592237, "params": {"max_depth": 34.923024226636464, "n_estimators": 134.8859289852921}, "datetime": {"datetime": "2021-09-27 19:52:42", "elapsed": 154.354574, "delta": 1.926236}}
{"target": -17.54798424517157, "params": {"max_depth": 14.397630658879956, "n_estimators": 133.94260782128796}, "datetime": {"datetime": "2021-09-27 19:52:44", "elapsed": 156.536987, "delta": 2.182413}}
{"target": -17.754948075812564, "params": {"max_depth": 11.740755654018994, "n_estimators": 140.0834656666232}, "datetime": {"datetime": "2021-09-27 19:52:46", "elapsed": 158.624801, "delta": 2.087814}}
{"target": -17.657590919177295, "params": {"max_depth": 24.42315939823812, "n_estimators": 136.8961871244946}, "datetime": {"datetime": "2021-09-27 19:52:48", "elapsed": 160.90573, "delta": 2.280929}}
{"target": -17.632074152627226, "params": {"max_depth": 29.665196362800057, "n_estimators": 131.24118250043827}, "datetime": {"datetime": "2021-09-27 19:52:51", "elapsed": 163.083428, "delta": 2.177698}}
{"target": -17.597131832245914, "params": {"max_depth": 21.73250148376471, "n_estimators": 112.1048455163756}, "datetime": {"datetime": "2021-09-27 19:52:52", "elapsed": 164.85263, "delta": 1.769202}}
{"target": -17.589483569535037, "params": {"max_depth": 24.244420306178284, "n_estimators": 103.82517073011469}, "datetime": {"datetime": "2021-09-27 19:52:54", "elapsed": 166.535161, "delta": 1.682531}}
{"target": -17.73545407535188, "params": {"max_depth": 34.85582946177543, "n_estimators": 150.19407198429712}, "datetime": {"datetime": "2021-09-27 19:52:56", "elapsed": 168.706474, "delta": 2.171313}}
{"target": -17.658678423815406, "params": {"max_depth": 20.482075907866133, "n_estimators": 146.27690224741707}, "datetime": {"datetime": "2021-09-27 19:52:58", "elapsed": 170.731099, "delta": 2.024625}}
{"target": -17.53469912051687, "params": {"max_depth": 17.271146961267995, "n_estimators": 117.98399853518735}, "datetime": {"datetime": "2021-09-27 19:53:00", "elapsed": 172.761254, "delta": 2.030155}}
{"target": -17.626787654771572, "params": {"max_depth": 25.029469913155133, "n_estimators": 114.66516248219813}, "datetime": {"datetime": "2021-09-27 19:53:02", "elapsed": 174.641956, "delta": 1.880702}}
{"target": -17.843853792864472, "params": {"max_depth": 26.742677823123234, "n_estimators": 190.8159289736685}, "datetime": {"datetime": "2021-09-27 19:53:05", "elapsed": 177.150041, "delta": 2.508085}}
{"target": -17.689973623680427, "params": {"max_depth": 26.759752339736, "n_estimators": 121.97073112560736}, "datetime": {"datetime": "2021-09-27 19:53:07", "elapsed": 179.076191, "delta": 1.92615}}
{"target": -17.6118708736146, "params": {"max_depth": 34.79130787887418, "n_estimators": 117.92154612034196}, "datetime": {"datetime": "2021-09-27 19:53:09", "elapsed": 181.133307, "delta": 2.057116}}
{"target": -17.587423153033797, "params": {"max_depth": 26.852072579347034, "n_estimators": 108.45053346531398}, "datetime": {"datetime": "2021-09-27 19:53:10", "elapsed": 183.008604, "delta": 1.875297}}
{"target": -17.819067833997988, "params": {"max_depth": 30.81993763615259, "n_estimators": 164.7814027197316}, "datetime": {"datetime": "2021-09-27 19:53:13", "elapsed": 185.482699, "delta": 2.474095}}
{"target": -17.543926779547792, "params": {"max_depth": 17.765929675209353, "n_estimators": 125.05210516550707}, "datetime": {"datetime": "2021-09-27 19:53:15", "elapsed": 187.532296, "delta": 2.049597}}
{"target": -17.662305435994035, "params": {"max_depth": 28.36183639165455, "n_estimators": 141.24112623119294}, "datetime": {"datetime": "2021-09-27 19:53:18", "elapsed": 190.054509, "delta": 2.522213}}
{"target": -17.480952804183506, "params": {"max_depth": 15.395980954521308, "n_estimators": 132.4060165866805}, "datetime": {"datetime": "2021-09-27 19:53:20", "elapsed": 192.460342, "delta": 2.405833}}
{"target": -17.773926643927265, "params": {"max_depth": 19.768174716029186, "n_estimators": 175.89146520598368}, "datetime": {"datetime": "2021-09-27 19:53:22", "elapsed": 194.91104, "delta": 2.450698}}
{"target": -17.61761005733162, "params": {"max_depth": 34.91020847184812, "n_estimators": 100.2098247229186}, "datetime": {"datetime": "2021-09-27 19:53:25", "elapsed": 197.093044, "delta": 2.182004}}
{"target": -17.591904410050205, "params": {"max_depth": 17.8423969524333, "n_estimators": 141.98040627744595}, "datetime": {"datetime": "2021-09-27 19:53:27", "elapsed": 199.28304, "delta": 2.189996}}
{"target": -17.939488076641492, "params": {"max_depth": 26.920499305518604, "n_estimators": 241.2342127812721}, "datetime": {"datetime": "2021-09-27 19:53:30", "elapsed": 202.695577, "delta": 3.412537}}
{"target": -17.662100343923175, "params": {"max_depth": 35.0, "n_estimators": 139.00431966990143}, "datetime": {"datetime": "2021-09-27 19:53:32", "elapsed": 205.003151, "delta": 2.307574}}
{"target": -17.642858244624904, "params": {"max_depth": 18.626853915392672, "n_estimators": 101.51237054109686}, "datetime": {"datetime": "2021-09-27 19:53:34", "elapsed": 206.684947, "delta": 1.681796}}
{"target": -17.553320636760652, "params": {"max_depth": 14.508329592840035, "n_estimators": 101.09826065181606}, "datetime": {"datetime": "2021-09-27 19:53:36", "elapsed": 208.239949, "delta": 1.555002}}
{"target": -17.787701596893296, "params": {"max_depth": 15.696195557151922, "n_estimators": 209.2484858569645}, "datetime": {"datetime": "2021-09-27 19:53:38", "elapsed": 210.869425, "delta": 2.629476}}
{"target": -17.5234757654721, "params": {"max_depth": 17.140573544870612, "n_estimators": 104.48118186419022}, "datetime": {"datetime": "2021-09-27 19:53:40", "elapsed": 212.537676, "delta": 1.668251}}
{"target": -17.836244076665224, "params": {"max_depth": 11.182316909165547, "n_estimators": 193.39377103366655}, "datetime": {"datetime": "2021-09-27 19:53:42", "elapsed": 214.837032, "delta": 2.299356}}
{"target": -17.463952495977118, "params": {"max_depth": 15.949775537530908, "n_estimators": 133.448078138376}, "datetime": {"datetime": "2021-09-27 19:53:44", "elapsed": 216.629545, "delta": 1.792513}}
{"target": -17.677756765847203, "params": {"max_depth": 18.32055061181, "n_estimators": 127.96518242882105}, "datetime": {"datetime": "2021-09-27 19:53:46", "elapsed": 218.399345, "delta": 1.7698}}
{"target": -17.833468897928164, "params": {"max_depth": 18.584284145414454, "n_estimators": 161.37182900749633}, "datetime": {"datetime": "2021-09-27 19:53:48", "elapsed": 220.831338, "delta": 2.431993}}
{"target": -17.878032292167575, "params": {"max_depth": 28.758902390109238, "n_estimators": 227.75316273510055}, "datetime": {"datetime": "2021-09-27 19:53:51", "elapsed": 223.932189, "delta": 3.100851}}
{"target": -17.903891430886453, "params": {"max_depth": 30.95385932487542, "n_estimators": 213.4475833841142}, "datetime": {"datetime": "2021-09-27 19:53:54", "elapsed": 226.953724, "delta": 3.021535}}
{"target": -17.506612887722163, "params": {"max_depth": 15.276251231869672, "n_estimators": 118.87506463285915}, "datetime": {"datetime": "2021-09-27 19:53:56", "elapsed": 228.512256, "delta": 1.558532}}
{"target": -17.611130524793637, "params": {"max_depth": 15.624826710592039, "n_estimators": 122.50435284137431}, "datetime": {"datetime": "2021-09-27 19:53:58", "elapsed": 230.371255, "delta": 1.858999}}
{"target": -17.65009498984075, "params": {"max_depth": 13.751097450901359, "n_estimators": 116.81436753594649}, "datetime": {"datetime": "2021-09-27 19:54:00", "elapsed": 232.022109, "delta": 1.650854}}
{"target": -17.85588495934399, "params": {"max_depth": 29.249948423608842, "n_estimators": 199.89958479852976}, "datetime": {"datetime": "2021-09-27 19:54:02", "elapsed": 234.594649, "delta": 2.57254}}
{"target": -17.786105694467057, "params": {"max_depth": 19.237987432669136, "n_estimators": 187.5895196732123}, "datetime": {"datetime": "2021-09-27 19:54:05", "elapsed": 237.568865, "delta": 2.974216}}
{"target": -17.566435573857085, "params": {"max_depth": 32.18295914069324, "n_estimators": 111.375177307804}, "datetime": {"datetime": "2021-09-27 19:54:07", "elapsed": 239.137007, "delta": 1.568142}}
{"target": -17.612021362871154, "params": {"max_depth": 14.163826947838366, "n_estimators": 109.53112002470341}, "datetime": {"datetime": "2021-09-27 19:54:09", "elapsed": 241.114573, "delta": 1.977566}}
{"target": -17.749793334830432, "params": {"max_depth": 28.40468694637038, "n_estimators": 151.762419314964}, "datetime": {"datetime": "2021-09-27 19:54:11", "elapsed": 243.033415, "delta": 1.918842}}
{"target": -17.837219754648974, "params": {"max_depth": 15.992142149475681, "n_estimators": 224.43130603879723}, "datetime": {"datetime": "2021-09-27 19:54:14", "elapsed": 246.043072, "delta": 3.009657}}
{"target": -17.921097956125426, "params": {"max_depth": 16.113659461530744, "n_estimators": 241.7974512372556}, "datetime": {"datetime": "2021-09-27 19:54:16", "elapsed": 248.979481, "delta": 2.936409}}
{"target": -17.815279892460534, "params": {"max_depth": 27.48653773229518, "n_estimators": 173.94674935459065}, "datetime": {"datetime": "2021-09-27 19:54:19", "elapsed": 251.217823, "delta": 2.238342}}
{"target": -17.63347260026399, "params": {"max_depth": 19.424458415325336, "n_estimators": 123.7921502056914}, "datetime": {"datetime": "2021-09-27 19:54:20", "elapsed": 252.961083, "delta": 1.74326}}
{"target": -17.653268619790765, "params": {"max_depth": 25.343205340381054, "n_estimators": 128.9079730165219}, "datetime": {"datetime": "2021-09-27 19:54:22", "elapsed": 254.701373, "delta": 1.74029}}
{"target": -17.569517482709728, "params": {"max_depth": 28.544610880593737, "n_estimators": 102.8623828790917}, "datetime": {"datetime": "2021-09-27 19:54:24", "elapsed": 256.352515, "delta": 1.651142}}
{"target": -17.463952495977118, "params": {"max_depth": 15.520417929882676, "n_estimators": 133.03870822635307}, "datetime": {"datetime": "2021-09-27 19:54:26", "elapsed": 258.330153, "delta": 1.977638}}
{"target": -17.689323238460908, "params": {"max_depth": 24.52094616123518, "n_estimators": 145.20724174394027}, "datetime": {"datetime": "2021-09-27 19:54:28", "elapsed": 260.368822, "delta": 2.038669}}
{"target": -17.542656999907365, "params": {"max_depth": 17.891106077587978, "n_estimators": 115.5059412212301}, "datetime": {"datetime": "2021-09-27 19:54:30", "elapsed": 262.159422, "delta": 1.7906}}
{"target": -17.626485269537394, "params": {"max_depth": 19.64330564912711, "n_estimators": 138.7879538105805}, "datetime": {"datetime": "2021-09-27 19:54:32", "elapsed": 264.661909, "delta": 2.502487}}
{"target": -17.632074152627226, "params": {"max_depth": 34.79050511633775, "n_estimators": 131.2774082631112}, "datetime": {"datetime": "2021-09-27 19:54:34", "elapsed": 266.630387, "delta": 1.968478}}
{"target": -17.56844769793707, "params": {"max_depth": 15.51170107739706, "n_estimators": 139.86405401049768}, "datetime": {"datetime": "2021-09-27 19:54:36", "elapsed": 268.801943, "delta": 2.171556}}
{"target": -17.859567606406177, "params": {"max_depth": 26.44805823760858, "n_estimators": 159.0063073076125}, "datetime": {"datetime": "2021-09-27 19:54:39", "elapsed": 271.192945, "delta": 2.391002}}
{"target": -17.561610417337945, "params": {"max_depth": 34.9426114642594, "n_estimators": 110.94978444731457}, "datetime": {"datetime": "2021-09-27 19:54:41", "elapsed": 273.412945, "delta": 2.22}}
{"target": -17.648633726323716, "params": {"max_depth": 16.832139627092683, "n_estimators": 149.11987666798132}, "datetime": {"datetime": "2021-09-27 19:54:43", "elapsed": 275.485071, "delta": 2.072126}}
{"target": -17.561278931849582, "params": {"max_depth": 21.932933389078197, "n_estimators": 105.91083578923129}, "datetime": {"datetime": "2021-09-27 19:54:45", "elapsed": 277.186699, "delta": 1.701628}}
{"target": -17.463952495977118, "params": {"max_depth": 15.636630402887658, "n_estimators": 133.6527366226404}, "datetime": {"datetime": "2021-09-27 19:54:47", "elapsed": 279.155725, "delta": 1.969026}}
{"target": -17.54659934826538, "params": {"max_depth": 17.601591701294538, "n_estimators": 134.06985527892525}, "datetime": {"datetime": "2021-09-27 19:54:49", "elapsed": 281.359144, "delta": 2.203419}}
{"target": -17.566435573857085, "params": {"max_depth": 29.1275408007349, "n_estimators": 111.64759775662398}, "datetime": {"datetime": "2021-09-27 19:54:51", "elapsed": 283.126447, "delta": 1.767303}}
{"target": -17.65495265789847, "params": {"max_depth": 31.084640432654734, "n_estimators": 127.76375207668694}, "datetime": {"datetime": "2021-09-27 19:54:53", "elapsed": 285.554449, "delta": 2.428002}}
{"target": -17.819675169130043, "params": {"max_depth": 17.364031873431028, "n_estimators": 181.26752868749153}, "datetime": {"datetime": "2021-09-27 19:54:55", "elapsed": 287.803606, "delta": 2.249157}}
{"target": -17.82776606396753, "params": {"max_depth": 16.739532527755088, "n_estimators": 169.9298277571924}, "datetime": {"datetime": "2021-09-27 19:54:58", "elapsed": 290.531609, "delta": 2.728003}}
{"target": -17.63328034496236, "params": {"max_depth": 27.181411549012946, "n_estimators": 133.88425839952095}, "datetime": {"datetime": "2021-09-27 19:55:00", "elapsed": 292.45856, "delta": 1.926951}}
{"target": -17.49647401055819, "params": {"max_depth": 15.2013142141915, "n_estimators": 106.83148380161556}, "datetime": {"datetime": "2021-09-27 19:55:02", "elapsed": 294.526146, "delta": 2.067586}}
{"target": -17.550700357697423, "params": {"max_depth": 16.10732002004533, "n_estimators": 105.93742255230542}, "datetime": {"datetime": "2021-09-27 19:55:04", "elapsed": 296.310976, "delta": 1.78483}}
{"target": -17.593683896114936, "params": {"max_depth": 14.042569720288029, "n_estimators": 106.28080661454037}, "datetime": {"datetime": "2021-09-27 19:55:06", "elapsed": 298.186203, "delta": 1.875227}}
{"target": -17.485506016380146, "params": {"max_depth": 15.617779524802007, "n_estimators": 107.99194922355565}, "datetime": {"datetime": "2021-09-27 19:55:07", "elapsed": 299.775437, "delta": 1.589234}}
{"target": -17.90888532164039, "params": {"max_depth": 20.155228481571527, "n_estimators": 213.28233228519622}, "datetime": {"datetime": "2021-09-27 19:55:10", "elapsed": 302.575029, "delta": 2.799592}}
{"target": -17.826808921534067, "params": {"max_depth": 34.93919035380501, "n_estimators": 178.5530889092626}, "datetime": {"datetime": "2021-09-27 19:55:13", "elapsed": 305.422554, "delta": 2.847525}}
{"target": -17.88309309940175, "params": {"max_depth": 18.80764344474939, "n_estimators": 202.89695920829473}, "datetime": {"datetime": "2021-09-27 19:55:15", "elapsed": 307.959774, "delta": 2.53722}}
{"target": -17.595798884074874, "params": {"max_depth": 29.256293484526513, "n_estimators": 118.45343065971703}, "datetime": {"datetime": "2021-09-27 19:55:17", "elapsed": 309.737928, "delta": 1.778154}}
{"target": -17.622580864100666, "params": {"max_depth": 32.19284684111853, "n_estimators": 116.56489817040325}, "datetime": {"datetime": "2021-09-27 19:55:19", "elapsed": 311.649497, "delta": 1.911569}}
{"target": -17.912054216377697, "params": {"max_depth": 11.100391016026624, "n_estimators": 208.59620036821423}, "datetime": {"datetime": "2021-09-27 19:55:22", "elapsed": 314.422708, "delta": 2.773211}}
{"target": -17.945700457979672, "params": {"max_depth": 34.90931043589693, "n_estimators": 243.17665745528817}, "datetime": {"datetime": "2021-09-27 19:55:25", "elapsed": 317.660513, "delta": 3.237805}}
{"target": -17.598658310643142, "params": {"max_depth": 30.25532654517483, "n_estimators": 106.83591367632366}, "datetime": {"datetime": "2021-09-27 19:55:27", "elapsed": 319.385667, "delta": 1.725154}}
