{"target": -17.680987340803345, "params": {"max_depth": 31.537701780217652, "n_estimators": 140.55785825553423}, "datetime": {"datetime": "2021-09-27 19:55:29", "elapsed": 321.716775, "delta": 2.331108}}
{"target": -17.62900188661159, "params": {"max_depth": 17.672475064200132, "n_estimators": 145.10559950093136}, "datetime": {"datetime": "2021-09-27 19:55:31", "elapsed": 323.961327, "delta": 2.244552}}
{"target": -17.879818452202468, "params": {"max_depth": 34.976829727453634, "n_estimators": 228.34534749549158}, "datetime": {"datetime": "2021-09-27 19:55:35", "elapsed": 327.144628, "delta": 3.183301}}
{"target": -17.689973623680427, "params": {"max_depth": 34.9948127143293, "n_estimators": 121.32902645446826}, "datetime": {"datetime": "2021-09-27 19:55:38", "elapsed": 330.078871, "delta": 2.934243}}
{"target": -17.598658310643142, "params": {"max_depth": 25.038739400430774, "n_estimators": 106.25731819857924}, "datetime": {"datetime": "2021-09-27 19:55:39", "elapsed": 331.764631, "delta": 1.68576}}
{"target": -17.56297164254611, "params": {"max_depth": 14.930901295818035, "n_estimators": 132.95867407664022}, "datetime": {"datetime": "2021-09-27 19:55:42", "elapsed": 334.196757, "delta": 2.432126}}
{"target": -17.524625588265888, "params": {"max_depth": 15.560515254927768, "n_estimators": 129.7512869116885}, "datetime": {"datetime": "2021-09-27 19:55:44", "elapsed": 336.327646, "delta": 2.130889}}
{"target": -17.602331875700557, "params": {"max_depth": 18.932141102466474, "n_estimators": 111.1884243089308}, "datetime": {"datetime": "2021-09-27 19:55:46", "elapsed": 338.333045, "delta": 2.005399}}
{"target": -17.561278931849582, "params": {"max_depth": 33.322271381644, "n_estimators": 105.24672824724664}, "datetime": {"datetime": "2021-09-27 19:55:48", "elapsed": 340.282419, "delta": 1.949374}}
{"target": -17.569517482709728, "params": {"max_depth": 32.668511820019035, "n_estimators": 102.72144421749067}, "datetime": {"datetime": "2021-09-27 19:55:50", "elapsed": 342.142266, "delta": 1.859847}}
{"target": -17.561610417337945, "params": {"max_depth": 23.890115408225324, "n_estimators": 110.85261225909323}, "datetime": {"datetime": "2021-09-27 19:55:52", "elapsed": 344.301424, "delta": 2.159158}}
{"target": -17.6118708736146, "params": {"max_depth": 22.64984512894763, "n_estimators": 117.5392261155582}, "datetime": {"datetime": "2021-09-27 19:55:54", "elapsed": 346.592203, "delta": 2.290779}}
{"target": -17.706217022231353, "params": {"max_depth": 11.059604466900918, "n_estimators": 128.5775660861412}, "datetime": {"datetime": "2021-09-27 19:55:56", "elapsed": 348.622946, "delta": 2.030743}}
{"target": -17.540700660693535, "params": {"max_depth": 16.454600245500686, "n_estimators": 109.86497590615114}, "datetime": {"datetime": "2021-09-27 19:55:59", "elapsed": 351.342358, "delta": 2.719412}}
{"target": -17.61772615525487, "params": {"max_depth": 24.28302579440833, "n_estimators": 101.27341327882381}, "datetime": {"datetime": "2021-09-27 19:56:01", "elapsed": 353.40542, "delta": 2.063062}}
{"target": -17.63328034496236, "params": {"max_depth": 31.995712797536385, "n_estimators": 133.37855239449678}, "datetime": {"datetime": "2021-09-27 19:56:03", "elapsed": 355.902787, "delta": 2.497367}}
{"target": -17.573963406374364, "params": {"max_depth": 19.66072859494345, "n_estimators": 118.46332140091862}, "datetime": {"datetime": "2021-09-27 19:56:06", "elapsed": 358.739794, "delta": 2.837007}}
{"target": -17.524503606011915, "params": {"max_depth": 15.516732210123045, "n_estimators": 127.03059891529054}, "datetime": {"datetime": "2021-09-27 19:56:08", "elapsed": 360.850407, "delta": 2.110613}}
{"target": -17.622580864100666, "params": {"max_depth": 27.0795374915789, "n_estimators": 116.59752089801948}, "datetime": {"datetime": "2021-09-27 19:56:10", "elapsed": 363.006536, "delta": 2.156129}}
{"target": -17.649371912592237, "params": {"max_depth": 22.13487996987646, "n_estimators": 134.16401817484262}, "datetime": {"datetime": "2021-09-27 19:56:13", "elapsed": 365.71585, "delta": 2.709314}}
{"target": -17.630032458512158, "params": {"max_depth": 14.09579320760061, "n_estimators": 128.4200532945487}, "datetime": {"datetime": "2021-09-27 19:56:16", "elapsed": 368.118913, "delta": 2.403063}}
{"target": -17.574541083582748, "params": {"max_depth": 16.093760152798122, "n_estimators": 124.82305924863994}, "datetime": {"datetime": "2021-09-27 19:56:18", "elapsed": 370.356724, "delta": 2.237811}}
{"target": -17.6415754001389, "params": {"max_depth": 11.161907378979228, "n_estimators": 103.08711873986785}, "datetime": {"datetime": "2021-09-27 19:56:20", "elapsed": 372.144868, "delta": 1.788144}}
{"target": -17.887227129522245, "params": {"max_depth": 22.137023510736, "n_estimators": 226.66888638305738}, "datetime": {"datetime": "2021-09-27 19:56:23", "elapsed": 375.017352, "delta": 2.872484}}
{"target": -17.569314299743343, "params": {"max_depth": 21.230802644002523, "n_estimators": 109.41386582435896}, "datetime": {"datetime": "2021-09-27 19:56:25", "elapsed": 377.373882, "delta": 2.35653}}
{"target": -17.652257401433978, "params": {"max_depth": 14.63794881009504, "n_estimators": 113.80350164940333}, "datetime": {"datetime": "2021-09-27 19:56:27", "elapsed": 379.525188, "delta": 2.151306}}
{"target": -17.56783593838637, "params": {"max_depth": 17.90160516972537, "n_estimators": 136.28390203585906}, "datetime": {"datetime": "2021-09-27 19:56:29", "elapsed": 381.639081, "delta": 2.113893}}
{"target": -17.77340778090321, "params": {"max_depth": 11.0, "n_estimators": 147.7342260649427}, "datetime": {"datetime": "2021-09-27 19:56:32", "elapsed": 384.246412, "delta": 2.607331}}
{"target": -17.589483569535037, "params": {"max_depth": 26.441216174557837, "n_estimators": 103.33518714567244}, "datetime": {"datetime": "2021-09-27 19:56:34", "elapsed": 386.019335, "delta": 1.772923}}
{"target": -17.907701441850634, "params": {"max_depth": 11.711598898243757, "n_estimators": 159.74601656242314}, "datetime": {"datetime": "2021-09-27 19:56:36", "elapsed": 388.487421, "delta": 2.468086}}
{"target": -17.485303552379193, "params": {"max_depth": 15.850340587788901, "n_estimators": 131.43761838204023}, "datetime": {"datetime": "2021-09-27 19:56:38", "elapsed": 390.607796, "delta": 2.120375}}
{"target": -17.82625489205934, "params": {"max_depth": 17.023420243978187, "n_estimators": 192.76608415475786}, "datetime": {"datetime": "2021-09-27 19:56:41", "elapsed": 393.289956, "delta": 2.68216}}
{"target": -17.93570795921646, "params": {"max_depth": 18.145802903163705, "n_estimators": 249.81524067497236}, "datetime": {"datetime": "2021-09-27 19:56:45", "elapsed": 397.548162, "delta": 4.258206}}
{"target": -17.928388568735873, "params": {"max_depth": 11.099217190608105, "n_estimators": 224.981680037982}, "datetime": {"datetime": "2021-09-27 19:56:48", "elapsed": 400.691803, "delta": 3.143641}}
{"target": -17.932795339045086, "params": {"max_depth": 28.59397619483129, "n_estimators": 234.37850574759597}, "datetime": {"datetime": "2021-09-27 19:56:51", "elapsed": 403.68673, "delta": 2.994927}}
{"target": -18.051278548976942, "params": {"max_depth": 11.0, "n_estimators": 240.08291162177375}, "datetime": {"datetime": "2021-09-27 19:56:54", "elapsed": 406.953268, "delta": 3.266538}}
{"target": -17.825199668847823, "params": {"max_depth": 32.69200947900532, "n_estimators": 189.89663272946635}, "datetime": {"datetime": "2021-09-27 19:56:57", "elapsed": 409.380517, "delta": 2.427249}}
{"target": -17.645702407743016, "params": {"max_depth": 30.653558708636503, "n_estimators": 124.38640568161493}, "datetime": {"datetime": "2021-09-27 19:56:59", "elapsed": 411.245806, "delta": 1.865289}}
{"target": -17.882836868714126, "params": {"max_depth": 35.0, "n_estimators": 200.3178576754369}, "datetime": {"datetime": "2021-09-27 19:57:01", "elapsed": 413.790075, "delta": 2.544269}}
{"target": -17.689783758648243, "params": {"max_depth": 24.10348676616012, "n_estimators": 148.92977676794482}, "datetime": {"datetime": "2021-09-27 19:57:04", "elapsed": 416.132644, "delta": 2.342569}}
{"target": -17.739718341819, "params": {"max_depth": 16.847671034767366, "n_estimators": 152.74726671972672}, "datetime": {"datetime": "2021-09-27 19:57:06", "elapsed": 418.086262, "delta": 1.953618}}
{"target": -17.606735532810013, "params": {"max_depth": 32.03371397222017, "n_estimators": 113.57529708207558}, "datetime": {"datetime": "2021-09-27 19:57:08", "elapsed": 420.286331, "delta": 2.200069}}
{"target": -17.682320505333387, "params": {"max_depth": 27.277313200500977, "n_estimators": 138.17190859803023}, "datetime": {"datetime": "2021-09-27 19:57:10", "elapsed": 422.208826, "delta": 1.922495}}
{"target": -17.645702407743016, "params": {"max_depth": 24.553252174386742, "n_estimators": 124.73878788128837}, "datetime": {"datetime": "2021-09-27 19:57:12", "elapsed": 424.280386, "delta": 2.07156}}
{"target": -17.685276942371488, "params": {"max_depth": 32.122777793627634, "n_estimators": 146.57901094297216}, "datetime": {"datetime": "2021-09-27 19:57:14", "elapsed": 426.174588, "delta": 1.894202}}
{"target": -17.899513371827027, "params": {"max_depth": 28.845953566329044, "n_estimators": 220.8408476228187}, "datetime": {"datetime": "2021-09-27 19:57:17", "elapsed": 429.85687, "delta": 3.682282}}
{"target": -17.569314299743343, "params": {"max_depth": 32.34982885706282, "n_estimators": 109.16673154786365}, "datetime": {"datetime": "2021-09-27 19:57:20", "elapsed": 432.019273, "delta": 2.162403}}
{"target": -17.82522682575899, "params": {"max_depth": 34.98013512029544, "n_estimators": 167.53660219086944}, "datetime": {"datetime": "2021-09-27 19:57:22", "elapsed": 434.695058, "delta": 2.675785}}
{"target": -17.569517482709728, "params": {"max_depth": 22.167426820860097, "n_estimators": 102.84770017277035}, "datetime": {"datetime": "2021-09-27 19:57:24", "elapsed": 436.418573, "delta": 1.723515}}
{"target": -17.909079812933097, "params": {"max_depth": 29.34585185691419, "n_estimators": 248.14605958941323}, "datetime": {"datetime": "2021-09-27 19:57:27", "elapsed": 439.562098, "delta": 3.143525}}
{"target": -17.692086401203955, "params": {"max_depth": 14.48931877675074, "n_estimators": 120.30868379416205}, "datetime": {"datetime": "2021-09-27 19:57:29", "elapsed": 441.602304, "delta": 2.040206}}
{"target": -17.67530889973426, "params": {"max_depth": 20.261128539681124, "n_estimators": 143.50940687934838}, "datetime": {"datetime": "2021-09-27 19:57:31", "elapsed": 443.985304, "delta": 2.383}}
{"target": -17.67448838189726, "params": {"max_depth": 21.846890444156045, "n_estimators": 129.9175942349211}, "datetime": {"datetime": "2021-09-27 19:57:34", "elapsed": 446.481469, "delta": 2.496165}}
{"target": -17.5811345695041, "params": {"max_depth": 19.420005547217656, "n_estimators": 113.87561104241597}, "datetime": {"datetime": "2021-09-27 19:57:36", "elapsed": 448.421941, "delta": 1.940472}}
{"target": -17.61761005733162, "params": {"max_depth": 29.362800342347583, "n_estimators": 100.46224994994614}, "datetime": {"datetime": "2021-09-27 19:57:39", "elapsed": 451.277945, "delta": 2.856004}}
{"target": -17.84821722670291, "params": {"max_depth": 29.44951783352371, "n_estimators": 206.5866186879741}, "datetime": {"datetime": "2021-09-27 19:57:42", "elapsed": 454.140518, "delta": 2.862573}}
{"target": -17.681156489702765, "params": {"max_depth": 20.12301274816885, "n_estimators": 149.44415575382845}, "datetime": {"datetime": "2021-09-27 19:57:44", "elapsed": 456.736665, "delta": 2.596147}}
{"target": -17.87686573717425, "params": {"max_depth": 16.964238009870023, "n_estimators": 218.80394206196786}, "datetime": {"datetime": "2021-09-27 19:57:47", "elapsed": 459.358181, "delta": 2.621516}}
{"target": -17.662305435994035, "params": {"max_depth": 25.413726398913678, "n_estimators": 141.55727715068036}, "datetime": {"datetime": "2021-09-27 19:57:49", "elapsed": 461.134098, "delta": 1.775917}}
{"target": -17.866592213279482, "params": {"max_depth": 29.366575514434324, "n_estimators": 185.2003270806976}, "datetime": {"datetime": "2021-09-27 19:57:51", "elapsed": 463.191093, "delta": 2.056995}}
{"target": -17.52763062854275, "params": {"max_depth": 15.920586164936676, "n_estimators": 117.73867700277836}, "datetime": {"datetime": "2021-09-27 19:57:53", "elapsed": 465.177312, "delta": 1.986219}}
{"target": -17.955962126101387, "params": {"max_depth": 21.523387312532773, "n_estimators": 243.50351482687725}, "datetime": {"datetime": "2021-09-27 19:57:55", "elapsed": 467.786189, "delta": 2.608877}}
{"target": -17.592543454377626, "params": {"max_depth": 17.544335518473613, "n_estimators": 139.93610876409565}, "datetime": {"datetime": "2021-09-27 19:57:57", "elapsed": 469.850314, "delta": 2.064125}}
{"target": -17.608348570833748, "params": {"max_depth": 16.557003507763234, "n_estimators": 119.55535867417476}, "datetime": {"datetime": "2021-09-27 19:57:59", "elapsed": 471.802604, "delta": 1.95229}}
{"target": -17.578540740518925, "params": {"max_depth": 17.470009603358765, "n_estimators": 123.27720494149942}, "datetime": {"datetime": "2021-09-27 19:58:01", "elapsed": 473.406605, "delta": 1.604001}}
{"target": -17.586513166116013, "params": {"max_depth": 15.857920271903975, "n_estimators": 142.08003702845875}, "datetime": {"datetime": "2021-09-27 19:58:03", "elapsed": 475.507845, "delta": 2.10124}}
{"target": -17.813426433023455, "params": {"max_depth": 34.98485773747289, "n_estimators": 161.9519858284996}, "datetime": {"datetime": "2021-09-27 19:58:05", "elapsed": 477.907625, "delta": 2.39978}}
{"target": -17.847520356264617, "params": {"max_depth": 11.292882250018671, "n_estimators": 180.17315215317126}, "datetime": {"datetime": "2021-09-27 19:58:07", "elapsed": 479.993913, "delta": 2.086288}}
{"target": -17.561278931849582, "params": {"max_depth": 34.92119062742688, "n_estimators": 105.91813335859695}, "datetime": {"datetime": "2021-09-27 19:58:09", "elapsed": 481.597505, "delta": 1.603592}}
{"target": -17.843384320224537, "params": {"max_depth": 28.318638484919425, "n_estimators": 169.11421196471736}, "datetime": {"datetime": "2021-09-27 19:58:11", "elapsed": 483.610425, "delta": 2.01292}}
{"target": -17.826808921534067, "params": {"max_depth": 29.685890383921524, "n_estimators": 178.57612208734167}, "datetime": {"datetime": "2021-09-27 19:58:13", "elapsed": 485.584823, "delta": 1.974398}}
{"target": -17.632074152627226, "params": {"max_depth": 26.961584102026293, "n_estimators": 131.08073531993458}, "datetime": {"datetime": "2021-09-27 19:58:15", "elapsed": 487.441874, "delta": 1.857051}}
{"target": -17.65680134273869, "params": {"max_depth": 32.43765156885952, "n_estimators": 130.31755713872107}, "datetime": {"datetime": "2021-09-27 19:58:17", "elapsed": 489.365746, "delta": 1.923872}}
{"target": -17.702909221041143, "params": {"max_depth": 30.590344584317062, "n_estimators": 143.67869967304267}, "datetime": {"datetime": "2021-09-27 19:58:19", "elapsed": 491.148075, "delta": 1.782329}}
{"target": -17.645518527450157, "params": {"max_depth": 21.683973024306216, "n_estimators": 137.19715586755837}, "datetime": {"datetime": "2021-09-27 19:58:20", "elapsed": 492.899483, "delta": 1.751408}}
{"target": -17.894322363721628, "params": {"max_depth": 11.006546274241195, "n_estimators": 170.13940872427884}, "datetime": {"datetime": "2021-09-27 19:58:22", "elapsed": 494.876037, "delta": 1.976554}}
{"target": -17.60736786861283, "params": {"max_depth": 18.90859813868509, "n_estimators": 105.35343344222319}, "datetime": {"datetime": "2021-09-27 19:58:24", "elapsed": 496.613019, "delta": 1.736982}}
{"target": -17.606735532810013, "params": {"max_depth": 27.36274624594737, "n_estimators": 113.31227443675454}, "datetime": {"datetime": "2021-09-27 19:58:26", "elapsed": 498.120464, "delta": 1.507445}}
{"target": -17.886203523029796, "params": {"max_depth": 17.00288242316358, "n_estimators": 230.19936422220425}, "datetime": {"datetime": "2021-09-27 19:58:29", "elapsed": 501.07474, "delta": 2.954276}}
{"target": -17.808590851554715, "params": {"max_depth": 26.645847224825182, "n_estimators": 195.74227935479564}, "datetime": {"datetime": "2021-09-27 19:58:31", "elapsed": 503.549135, "delta": 2.474395}}
{"target": -17.50125556927273, "params": {"max_depth": 16.149045938336375, "n_estimators": 132.45883205423843}, "datetime": {"datetime": "2021-09-27 19:58:33", "elapsed": 505.686088, "delta": 2.136953}}
{"target": -17.57426448670307, "params": {"max_depth": 19.555480890015755, "n_estimators": 132.4335848657592}, "datetime": {"datetime": "2021-09-27 19:58:35", "elapsed": 507.73351, "delta": 2.047422}}
{"target": -17.645518527450157, "params": {"max_depth": 32.90582387500293, "n_estimators": 137.02268240875907}, "datetime": {"datetime": "2021-09-27 19:58:37", "elapsed": 509.915372, "delta": 2.181862}}
{"target": -17.730263175689423, "params": {"max_depth": 15.280555080783905, "n_estimators": 197.86844041886195}, "datetime": {"datetime": "2021-09-27 19:58:41", "elapsed": 513.097326, "delta": 3.181954}}
{"target": -17.609550070325348, "params": {"max_depth": 14.065547027270929, "n_estimators": 137.93747224311628}, "datetime": {"datetime": "2021-09-27 19:58:43", "elapsed": 515.386178, "delta": 2.288852}}
{"target": -17.651932049942317, "params": {"max_depth": 11.179648062059726, "n_estimators": 109.59060706186801}, "datetime": {"datetime": "2021-09-27 19:58:45", "elapsed": 517.095671, "delta": 1.709493}}
{"target": -17.561610417337945, "params": {"max_depth": 27.870674649133285, "n_estimators": 110.20462721404448}, "datetime": {"datetime": "2021-09-27 19:58:46", "elapsed": 518.770061, "delta": 1.67439}}
{"target": -17.657291240903234, "params": {"max_depth": 29.641757872139216, "n_estimators": 120.87057521346857}, "datetime": {"datetime": "2021-09-27 19:58:48", "elapsed": 520.474871, "delta": 1.70481}}
{"target": -17.890523923004515, "params": {"max_depth": 35.0, "n_estimators": 215.5588198052563}, "datetime": {"datetime": "2021-09-27 19:58:51", "elapsed": 523.572984, "delta": 3.098113}}
{"target": -17.903891430886453, "params": {"max_depth": 25.59243888747652, "n_estimators": 213.54503934973184}, "datetime": {"datetime": "2021-09-27 19:58:54", "elapsed": 526.025867, "delta": 2.452883}}
{"target": -17.626787654771572, "params": {"max_depth": 22.423351160194883, "n_estimators": 114.44353558460479}, "datetime": {"datetime": "2021-09-27 19:58:55", "elapsed": 527.676825, "delta": 1.650958}}
{"target": -17.779553830550967, "params": {"max_depth": 23.754558781117424, "n_estimators": 163.3736908891599}, "datetime": {"datetime": "2021-09-27 19:58:58", "elapsed": 530.069946, "delta": 2.393121}}
{"target": -17.82732155556919, "params": {"max_depth": 32.11014727474704, "n_estimators": 153.39845746024827}, "datetime": {"datetime": "2021-09-27 19:59:00", "elapsed": 532.041807, "delta": 1.971861}}
{"target": -17.86937444656795, "params": {"max_depth": 24.09594515631889, "n_estimators": 201.64497024348668}, "datetime": {"datetime": "2021-09-27 19:59:02", "elapsed": 534.58801, "delta": 2.546203}}
{"target": -17.569517482709728, "params": {"max_depth": 30.631130807890596, "n_estimators": 102.33663160724078}, "datetime": {"datetime": "2021-09-27 19:59:04", "elapsed": 536.47669, "delta": 1.88868}}
{"target": -17.835696816895304, "params": {"max_depth": 23.51476177016935, "n_estimators": 186.7456227327687}, "datetime": {"datetime": "2021-09-27 19:59:06", "elapsed": 538.855883, "delta": 2.379193}}
{"target": -17.837133193082824, "params": {"max_depth": 22.729847969208986, "n_estimators": 172.95515263183617}, "datetime": {"datetime": "2021-09-27 19:59:08", "elapsed": 541.005876, "delta": 2.149993}}
{"target": -17.595798884074874, "params": {"max_depth": 31.929434186642172, "n_estimators": 118.86437531085167}, "datetime": {"datetime": "2021-09-27 19:59:10", "elapsed": 542.920205, "delta": 1.914329}}
{"target": -17.657291240903234, "params": {"max_depth": 24.25288784687619, "n_estimators": 120.21675441972737}, "datetime": {"datetime": "2021-09-27 19:59:12", "elapsed": 544.685445, "delta": 1.76524}}
{"target": -17.635850300159426, "params": {"max_depth": 19.180931112072415, "n_estimators": 120.76594150496847}, "datetime": {"datetime": "2021-09-27 19:59:15", "elapsed": 547.457519, "delta": 2.772074}}
{"target": -17.633858330641885, "params": {"max_depth": 18.937427998085074, "n_estimators": 116.99017921483508}, "datetime": {"datetime": "2021-09-27 19:59:17", "elapsed": 549.553031, "delta": 2.095512}}
{"target": -17.600948198035272, "params": {"max_depth": 16.1306766386186, "n_estimators": 114.91850685457732}, "datetime": {"datetime": "2021-09-27 19:59:19", "elapsed": 551.532888, "delta": 1.979857}}
{"target": -17.53483317940592, "params": {"max_depth": 16.783576295854868, "n_estimators": 126.5046883574452}, "datetime": {"datetime": "2021-09-27 19:59:21", "elapsed": 553.865895, "delta": 2.333007}}
{"target": -17.494202092454078, "params": {"max_depth": 15.969336086970461, "n_estimators": 103.51634870258762}, "datetime": {"datetime": "2021-09-27 19:59:23", "elapsed": 555.909215, "delta": 2.04332}}
{"target": -17.569314299743343, "params": {"max_depth": 25.17055917265433, "n_estimators": 109.50903110585293}, "datetime": {"datetime": "2021-09-27 19:59:25", "elapsed": 557.670666, "delta": 1.761451}}
{"target": -17.612202523969685, "params": {"max_depth": 35.0, "n_estimators": 115.83527062772748}, "datetime": {"datetime": "2021-09-27 19:59:27", "elapsed": 559.870381, "delta": 2.199715}}
{"target": -17.77307479261223, "params": {"max_depth": 17.60273856837482, "n_estimators": 156.97916922723215}, "datetime": {"datetime": "2021-09-27 19:59:30", "elapsed": 562.527688, "delta": 2.657307}}
{"target": -17.67448838189726, "params": {"max_depth": 28.172386332571293, "n_estimators": 129.00952644496402}, "datetime": {"datetime": "2021-09-27 19:59:32", "elapsed": 564.70589, "delta": 2.178202}}
