{"target": -18.37769605103362, "params": {"max_depth": 18.505884509239948, "n_estimators": 20.374394128390882}, "datetime": {"datetime": "2021-09-27 19:50:15", "elapsed": 540.496158, "delta": 4.093498}}
{"target": -18.70214940677426, "params": {"max_depth": 31.743588354477144, "n_estimators": 20.705694021561847}, "datetime": {"datetime": "2021-09-27 19:50:20", "elapsed": 544.903967, "delta": 4.407809}}
{"target": -18.637161974261836, "params": {"max_depth": 20.24913756957012, "n_estimators": 20.378937664037057}, "datetime": {"datetime": "2021-09-27 19:50:24", "elapsed": 549.067559, "delta": 4.163592}}
{"target": -19.496183077892322, "params": {"max_depth": 15.613679656835444, "n_estimators": 22.101949448451627}, "datetime": {"datetime": "2021-09-27 19:50:27", "elapsed": 551.975084, "delta": 2.907525}}
{"target": -19.188054169228703, "params": {"max_depth": 33.48163218410934, "n_estimators": 17.726580576486835}, "datetime": {"datetime": "2021-09-27 19:50:30", "elapsed": 554.625683, "delta": 2.650599}}
{"target": -18.783297095040886, "params": {"max_depth": 24.057549347322485, "n_estimators": 21.95436374416829}, "datetime": {"datetime": "2021-09-27 19:50:32", "elapsed": 557.436893, "delta": 2.81121}}
{"target": -18.783297095040886, "params": {"max_depth": 22.03607181645121, "n_estimators": 21.19983613578686}, "datetime": {"datetime": "2021-09-27 19:50:37", "elapsed": 561.956681, "delta": 4.519788}}
{"target": -18.762590460948815, "params": {"max_depth": 27.61154248882869, "n_estimators": 19.8249877899284}, "datetime": {"datetime": "2021-09-27 19:50:40", "elapsed": 564.76556, "delta": 2.808879}}
{"target": -18.70214940677426, "params": {"max_depth": 26.72516836908259, "n_estimators": 20.645200721399156}, "datetime": {"datetime": "2021-09-27 19:50:45", "elapsed": 569.856698, "delta": 5.091138}}
{"target": -18.70214940677426, "params": {"max_depth": 39.70465643857056, "n_estimators": 20.547199730656924}, "datetime": {"datetime": "2021-09-27 19:50:47", "elapsed": 572.541436, "delta": 2.684738}}
{"target": -18.959003231260446, "params": {"max_depth": 20.876404804448327, "n_estimators": 25.358136276952628}, "datetime": {"datetime": "2021-09-27 19:50:51", "elapsed": 576.403337, "delta": 3.861901}}
{"target": -18.70214940677426, "params": {"max_depth": 30.96804809468121, "n_estimators": 20.283758148453753}, "datetime": {"datetime": "2021-09-27 19:50:55", "elapsed": 580.340399, "delta": 3.937062}}
{"target": -18.762590460948815, "params": {"max_depth": 21.35959820498555, "n_estimators": 19.40209356157221}, "datetime": {"datetime": "2021-09-27 19:50:58", "elapsed": 582.624407, "delta": 2.284008}}
{"target": -18.783297095040886, "params": {"max_depth": 39.35873861691419, "n_estimators": 21.094511018313362}, "datetime": {"datetime": "2021-09-27 19:51:01", "elapsed": 585.636398, "delta": 3.011991}}
{"target": -19.155197258684627, "params": {"max_depth": 28.959295048468302, "n_estimators": 24.85011691398153}, "datetime": {"datetime": "2021-09-27 19:51:03", "elapsed": 588.475769, "delta": 2.839371}}
{"target": -19.0846791549429, "params": {"max_depth": 17.937934083882215, "n_estimators": 21.652550097678027}, "datetime": {"datetime": "2021-09-27 19:51:06", "elapsed": 590.713408, "delta": 2.237639}}
{"target": -18.97411038477057, "params": {"max_depth": 18.286847288074753, "n_estimators": 23.71045947696227}, "datetime": {"datetime": "2021-09-27 19:51:09", "elapsed": 594.466309, "delta": 3.752901}}
{"target": -19.06267620560115, "params": {"max_depth": 15.94571105392723, "n_estimators": 21.02167309383336}, "datetime": {"datetime": "2021-09-27 19:51:12", "elapsed": 596.927996, "delta": 2.461687}}
{"target": -18.97411038477057, "params": {"max_depth": 18.45348674901416, "n_estimators": 23.04395024045722}, "datetime": {"datetime": "2021-09-27 19:51:15", "elapsed": 599.694627, "delta": 2.766631}}
{"target": -18.458552036136656, "params": {"max_depth": 18.242322764199947, "n_estimators": 21.370869153415146}, "datetime": {"datetime": "2021-09-27 19:51:20", "elapsed": 604.745109, "delta": 5.050482}}
{"target": -20.80561541012421, "params": {"max_depth": 5.284261140728614, "n_estimators": 21.70369373595561}, "datetime": {"datetime": "2021-09-27 19:51:24", "elapsed": 608.982052, "delta": 4.236943}}
{"target": -21.175012667376446, "params": {"max_depth": 5.319922919943942, "n_estimators": 23.64988378635979}, "datetime": {"datetime": "2021-09-27 19:51:26", "elapsed": 611.283385, "delta": 2.301333}}
{"target": -18.884886166614674, "params": {"max_depth": 18.607396272961864, "n_estimators": 22.038982823917557}, "datetime": {"datetime": "2021-09-27 19:51:29", "elapsed": 613.937826, "delta": 2.654441}}
{"target": -19.14864603522048, "params": {"max_depth": 10.201232256253075, "n_estimators": 26.137765436746292}, "datetime": {"datetime": "2021-09-27 19:51:31", "elapsed": 616.436825, "delta": 2.498999}}
{"target": -19.276502890362547, "params": {"max_depth": 35.33161837687985, "n_estimators": 23.56837183434627}, "datetime": {"datetime": "2021-09-27 19:51:35", "elapsed": 619.792474, "delta": 3.355649}}
{"target": -19.308974989029362, "params": {"max_depth": 25.322218738636344, "n_estimators": 28.0}, "datetime": {"datetime": "2021-09-27 19:51:39", "elapsed": 623.753651, "delta": 3.961177}}
{"target": -19.13164073403654, "params": {"max_depth": 17.171480692241325, "n_estimators": 26.086218213628317}, "datetime": {"datetime": "2021-09-27 19:51:41", "elapsed": 626.28826, "delta": 2.534609}}
{"target": -18.888338755908972, "params": {"max_depth": 25.167216531215924, "n_estimators": 26.70480401398933}, "datetime": {"datetime": "2021-09-27 19:51:44", "elapsed": 629.501989, "delta": 3.213729}}
{"target": -18.762590460948815, "params": {"max_depth": 37.76444258175737, "n_estimators": 19.27631257758957}, "datetime": {"datetime": "2021-09-27 19:51:49", "elapsed": 634.289761, "delta": 4.787772}}
{"target": -19.276502890362547, "params": {"max_depth": 31.593325548121218, "n_estimators": 23.13304851825383}, "datetime": {"datetime": "2021-09-27 19:51:53", "elapsed": 637.75286, "delta": 3.463099}}
{"target": -18.888338755908972, "params": {"max_depth": 33.03673582664201, "n_estimators": 26.485100156972806}, "datetime": {"datetime": "2021-09-27 19:51:57", "elapsed": 641.65992, "delta": 3.90706}}
{"target": -29.067718092751793, "params": {"max_depth": 2.2443902050606566, "n_estimators": 17.0}, "datetime": {"datetime": "2021-09-27 19:51:59", "elapsed": 643.893318, "delta": 2.233398}}
{"target": -19.188054169228703, "params": {"max_depth": 24.853443499552334, "n_estimators": 17.928431665705524}, "datetime": {"datetime": "2021-09-27 19:52:02", "elapsed": 647.290164, "delta": 3.396846}}
{"target": -19.276502890362547, "params": {"max_depth": 23.83655856050489, "n_estimators": 23.43563304665785}, "datetime": {"datetime": "2021-09-27 19:52:06", "elapsed": 650.827862, "delta": 3.537698}}
{"target": -19.31984938037279, "params": {"max_depth": 14.893182582376102, "n_estimators": 17.0}, "datetime": {"datetime": "2021-09-27 19:52:09", "elapsed": 654.300103, "delta": 3.472241}}
{"target": -18.783297095040886, "params": {"max_depth": 37.06018670062186, "n_estimators": 21.313584920691127}, "datetime": {"datetime": "2021-09-27 19:52:12", "elapsed": 657.092097, "delta": 2.791994}}
{"target": -19.283486856825455, "params": {"max_depth": 29.884660223646335, "n_estimators": 18.762013631813247}, "datetime": {"datetime": "2021-09-27 19:52:15", "elapsed": 660.270327, "delta": 3.17823}}
{"target": -19.911198581019708, "params": {"max_depth": 11.894634961018467, "n_estimators": 24.11674318423219}, "datetime": {"datetime": "2021-09-27 19:52:18", "elapsed": 662.753615, "delta": 2.483288}}
{"target": -18.888338755908972, "params": {"max_depth": 38.45712311330141, "n_estimators": 26.287070101802556}, "datetime": {"datetime": "2021-09-27 19:52:20", "elapsed": 665.560431, "delta": 2.806816}}
{"target": -18.964715996244895, "params": {"max_depth": 10.05312989619749, "n_estimators": 20.09115964689929}, "datetime": {"datetime": "2021-09-27 19:52:23", "elapsed": 667.969328, "delta": 2.408897}}
{"target": -19.790198401297932, "params": {"max_depth": 9.182970953267372, "n_estimators": 20.636813091635382}, "datetime": {"datetime": "2021-09-27 19:52:26", "elapsed": 670.861549, "delta": 2.892221}}
{"target": -18.97814068121609, "params": {"max_depth": 10.281516619816221, "n_estimators": 19.072614073238327}, "datetime": {"datetime": "2021-09-27 19:52:30", "elapsed": 675.588851, "delta": 4.727302}}
{"target": -20.378921368056858, "params": {"max_depth": 9.790037702930588, "n_estimators": 18.245356886108286}, "datetime": {"datetime": "2021-09-27 19:52:33", "elapsed": 678.265618, "delta": 2.676767}}
{"target": -19.29053373817006, "params": {"max_depth": 7.623501119103039, "n_estimators": 17.0}, "datetime": {"datetime": "2021-09-27 19:52:36", "elapsed": 681.348161, "delta": 3.082543}}
{"target": -19.20193925799286, "params": {"max_depth": 12.548067934282157, "n_estimators": 21.5801598736026}, "datetime": {"datetime": "2021-09-27 19:52:40", "elapsed": 685.039875, "delta": 3.691714}}
{"target": -18.97814068121609, "params": {"max_depth": 10.404566840568611, "n_estimators": 19.670452147318755}, "datetime": {"datetime": "2021-09-27 19:52:43", "elapsed": 687.886633, "delta": 2.846758}}
{"target": -18.783297095040886, "params": {"max_depth": 30.634140162347236, "n_estimators": 21.512989811454688}, "datetime": {"datetime": "2021-09-27 19:52:46", "elapsed": 691.241341, "delta": 3.354708}}
{"target": -19.188054169228703, "params": {"max_depth": 39.991168423244744, "n_estimators": 17.985093342244014}, "datetime": {"datetime": "2021-09-27 19:52:50", "elapsed": 695.453964, "delta": 4.212623}}
{"target": -19.155197258684627, "params": {"max_depth": 23.20576868892733, "n_estimators": 24.319969777861264}, "datetime": {"datetime": "2021-09-27 19:52:54", "elapsed": 699.5857, "delta": 4.131736}}
{"target": -18.762590460948815, "params": {"max_depth": 34.32863336138133, "n_estimators": 19.112025594267976}, "datetime": {"datetime": "2021-09-27 19:52:59", "elapsed": 703.951641, "delta": 4.365941}}
{"target": -19.551992462289988, "params": {"max_depth": 15.365332971058656, "n_estimators": 27.075374907847916}, "datetime": {"datetime": "2021-09-27 19:53:03", "elapsed": 707.822499, "delta": 3.870858}}
{"target": -18.9525980000977, "params": {"max_depth": 7.411623674472824, "n_estimators": 19.10069119702141}, "datetime": {"datetime": "2021-09-27 19:53:06", "elapsed": 711.408728, "delta": 3.586229}}
{"target": -18.888338755908972, "params": {"max_depth": 35.159013984469944, "n_estimators": 26.16031410926837}, "datetime": {"datetime": "2021-09-27 19:53:09", "elapsed": 714.066847, "delta": 2.658119}}
{"target": -18.70214940677426, "params": {"max_depth": 25.649258015567558, "n_estimators": 20.82380318133408}, "datetime": {"datetime": "2021-09-27 19:53:12", "elapsed": 717.41724, "delta": 3.350393}}
{"target": -18.718259007892616, "params": {"max_depth": 20.733988088249152, "n_estimators": 21.0139069726606}, "datetime": {"datetime": "2021-09-27 19:53:16", "elapsed": 721.521618, "delta": 4.104378}}
{"target": -19.490457204966, "params": {"max_depth": 16.337827367498512, "n_estimators": 24.007858088583696}, "datetime": {"datetime": "2021-09-27 19:53:21", "elapsed": 725.740883, "delta": 4.219265}}
{"target": -18.762590460948815, "params": {"max_depth": 23.54886461455993, "n_estimators": 19.684065408555004}, "datetime": {"datetime": "2021-09-27 19:53:25", "elapsed": 729.852581, "delta": 4.111698}}
{"target": -18.70214940677426, "params": {"max_depth": 36.30474647267394, "n_estimators": 20.802207424202454}, "datetime": {"datetime": "2021-09-27 19:53:29", "elapsed": 734.046217, "delta": 4.193636}}
{"target": -18.70214940677426, "params": {"max_depth": 33.05221065890095, "n_estimators": 20.687118721249515}, "datetime": {"datetime": "2021-09-27 19:53:32", "elapsed": 737.382693, "delta": 3.336476}}
