{"target": -19.757592330601575, "params": {"max_depth": 28.60336203752945, "n_estimators": 42.255338529012434}, "datetime": {"datetime": "2021-09-27 19:27:25", "elapsed": 449.598507, "delta": 1.840998}}
{"target": -21.519484685374678, "params": {"max_depth": 25.938874563672552, "n_estimators": 7.996228499559345}, "datetime": {"datetime": "2021-09-27 19:27:26", "elapsed": 451.130053, "delta": 1.531546}}
{"target": -19.636495371028982, "params": {"max_depth": 27.76020499412157, "n_estimators": 100.0}, "datetime": {"datetime": "2021-09-27 19:27:29", "elapsed": 454.241893, "delta": 3.11184}}
{"target": -19.20820424250176, "params": {"max_depth": 14.64019179985459, "n_estimators": 53.00142314079385}, "datetime": {"datetime": "2021-09-27 19:27:33", "elapsed": 457.511096, "delta": 3.269203}}
{"target": -23.12856739888596, "params": {"max_depth": 6.999280958622444, "n_estimators": 12.63114514074216}, "datetime": {"datetime": "2021-09-27 19:27:34", "elapsed": 459.461429, "delta": 1.950333}}
{"target": -19.69638602346952, "params": {"max_depth": 15.914405169977071, "n_estimators": 35.318830863182896}, "datetime": {"datetime": "2021-09-27 19:27:37", "elapsed": 461.624429, "delta": 2.163}}
{"target": -19.36387044132762, "params": {"max_depth": 19.73896722099492, "n_estimators": 54.89137554628943}, "datetime": {"datetime": "2021-09-27 19:27:39", "elapsed": 464.040885, "delta": 2.416456}}
{"target": -19.261678355115368, "params": {"max_depth": 21.976935370233914, "n_estimators": 30.63904141071766}, "datetime": {"datetime": "2021-09-27 19:27:41", "elapsed": 465.914595, "delta": 1.87371}}
{"target": -19.533137065913245, "params": {"max_depth": 10.698923750358114, "n_estimators": 42.42260717189295}, "datetime": {"datetime": "2021-09-27 19:27:43", "elapsed": 467.932206, "delta": 2.017611}}
{"target": -20.51499462996651, "params": {"max_depth": 6.4850225997371505, "n_estimators": 20.51774715591911}, "datetime": {"datetime": "2021-09-27 19:27:46", "elapsed": 470.939475, "delta": 3.007269}}
{"target": -19.40414355147542, "params": {"max_depth": 27.61411594597394, "n_estimators": 29.582045239388755}, "datetime": {"datetime": "2021-09-27 19:27:49", "elapsed": 474.055558, "delta": 3.116083}}
{"target": -19.407161736932917, "params": {"max_depth": 17.687018241604175, "n_estimators": 68.26683270431668}, "datetime": {"datetime": "2021-09-27 19:27:52", "elapsed": 476.487754, "delta": 2.432196}}
{"target": -20.463373092358218, "params": {"max_depth": 8.074957510857319, "n_estimators": 36.6228891772421}, "datetime": {"datetime": "2021-09-27 19:27:54", "elapsed": 479.066509, "delta": 2.578755}}
{"target": -19.873097441442535, "params": {"max_depth": 27.599900394670534, "n_estimators": 86.96831005463069}, "datetime": {"datetime": "2021-09-27 19:27:57", "elapsed": 481.785494, "delta": 2.718985}}
{"target": -19.77494552773592, "params": {"max_depth": 11.358904223858872, "n_estimators": 94.17303670403268}, "datetime": {"datetime": "2021-09-27 19:27:59", "elapsed": 483.878527, "delta": 2.093033}}
{"target": -19.76801459143166, "params": {"max_depth": 20.708375393366104, "n_estimators": 36.88008919355239}, "datetime": {"datetime": "2021-09-27 19:28:01", "elapsed": 485.768201, "delta": 1.889674}}
{"target": -19.72601306145567, "params": {"max_depth": 25.01956010643886, "n_estimators": 74.9559688216058}, "datetime": {"datetime": "2021-09-27 19:28:03", "elapsed": 488.178417, "delta": 2.410216}}
{"target": -19.59183348687934, "params": {"max_depth": 10.134769820913672, "n_estimators": 79.69545369960147}, "datetime": {"datetime": "2021-09-27 19:28:05", "elapsed": 490.393026, "delta": 2.214609}}
{"target": -19.814192458297963, "params": {"max_depth": 29.86450050658841, "n_estimators": 94.28009188832213}, "datetime": {"datetime": "2021-09-27 19:28:08", "elapsed": 492.804301, "delta": 2.411275}}
{"target": -19.58446730345854, "params": {"max_depth": 28.265691546538882, "n_estimators": 50.95424155231321}, "datetime": {"datetime": "2021-09-27 19:28:11", "elapsed": 495.629939, "delta": 2.825638}}
{"target": -18.752255550333523, "params": {"max_depth": 18.575263564426937, "n_estimators": 25.12556371782955}, "datetime": {"datetime": "2021-09-27 19:28:14", "elapsed": 499.063674, "delta": 3.433735}}
{"target": -19.240899024362253, "params": {"max_depth": 15.728893490269877, "n_estimators": 42.174472490924096}, "datetime": {"datetime": "2021-09-27 19:28:17", "elapsed": 502.144862, "delta": 3.081188}}
{"target": -19.346045485187133, "params": {"max_depth": 25.371930138830447, "n_estimators": 15.99859126569955}, "datetime": {"datetime": "2021-09-27 19:28:19", "elapsed": 504.37679, "delta": 2.231928}}
{"target": -19.492995986642025, "params": {"max_depth": 25.97462899806337, "n_estimators": 52.65417129407576}, "datetime": {"datetime": "2021-09-27 19:28:22", "elapsed": 506.985158, "delta": 2.608368}}
{"target": -19.398403394064818, "params": {"max_depth": 14.278366432319979, "n_estimators": 88.09696555297442}, "datetime": {"datetime": "2021-09-27 19:28:25", "elapsed": 509.833167, "delta": 2.848009}}
{"target": -20.082543993143663, "params": {"max_depth": 9.450685718501132, "n_estimators": 62.533578805096255}, "datetime": {"datetime": "2021-09-27 19:28:27", "elapsed": 512.191296, "delta": 2.358129}}
{"target": -19.675027953394462, "params": {"max_depth": 15.366042145080922, "n_estimators": 18.687696759120218}, "datetime": {"datetime": "2021-09-27 19:28:30", "elapsed": 514.618789, "delta": 2.427493}}
{"target": -19.756547297231496, "params": {"max_depth": 25.73378541688804, "n_estimators": 96.35031597391604}, "datetime": {"datetime": "2021-09-27 19:28:33", "elapsed": 518.400545, "delta": 3.781756}}
{"target": -19.655973934937492, "params": {"max_depth": 20.605657425486548, "n_estimators": 41.12399521566771}, "datetime": {"datetime": "2021-09-27 19:28:36", "elapsed": 521.433648, "delta": 3.033103}}
{"target": -20.610102558265847, "params": {"max_depth": 6.912048118024347, "n_estimators": 48.1011682446428}, "datetime": {"datetime": "2021-09-27 19:28:38", "elapsed": 523.279125, "delta": 1.845477}}
{"target": -19.579087903508054, "params": {"max_depth": 22.0659346874725, "n_estimators": 72.5315143806007}, "datetime": {"datetime": "2021-09-27 19:28:41", "elapsed": 525.496401, "delta": 2.217276}}
{"target": -19.77812364060459, "params": {"max_depth": 24.395720374947906, "n_estimators": 90.06504464524109}, "datetime": {"datetime": "2021-09-27 19:28:43", "elapsed": 528.09335, "delta": 2.596949}}
{"target": -19.979188261095597, "params": {"max_depth": 9.345528992550195, "n_estimators": 55.4139795239172}, "datetime": {"datetime": "2021-09-27 19:28:45", "elapsed": 530.133279, "delta": 2.039929}}
{"target": -19.650410681823193, "params": {"max_depth": 13.118032468726716, "n_estimators": 57.04777046976596}, "datetime": {"datetime": "2021-09-27 19:28:47", "elapsed": 532.413931, "delta": 2.280652}}
{"target": -19.250189501803685, "params": {"max_depth": 28.13348516214385, "n_estimators": 16.190536780667493}, "datetime": {"datetime": "2021-09-27 19:28:49", "elapsed": 534.360928, "delta": 1.946997}}
{"target": -21.503345465744534, "params": {"max_depth": 13.569404728277807, "n_estimators": 4.493974331156533}, "datetime": {"datetime": "2021-09-27 19:28:51", "elapsed": 535.740136, "delta": 1.379208}}
{"target": -19.391513422177514, "params": {"max_depth": 28.663502322593818, "n_estimators": 64.08545638387878}, "datetime": {"datetime": "2021-09-27 19:28:53", "elapsed": 538.306724, "delta": 2.566588}}
{"target": -19.764464316359476, "params": {"max_depth": 21.668552437034148, "n_estimators": 85.32189815060755}, "datetime": {"datetime": "2021-09-27 19:28:56", "elapsed": 541.210222, "delta": 2.903498}}
{"target": -19.57768385444682, "params": {"max_depth": 23.100166011320777, "n_estimators": 50.26363914366392}, "datetime": {"datetime": "2021-09-27 19:28:58", "elapsed": 543.259438, "delta": 2.049216}}
{"target": -19.722667257129515, "params": {"max_depth": 25.659478317085483, "n_estimators": 44.93572530942266}, "datetime": {"datetime": "2021-09-27 19:29:01", "elapsed": 545.746213, "delta": 2.486775}}
{"target": -19.39935648525435, "params": {"max_depth": 24.1228419110481, "n_estimators": 67.35953903427384}, "datetime": {"datetime": "2021-09-27 19:29:03", "elapsed": 548.168565, "delta": 2.422352}}
{"target": -20.106714127004206, "params": {"max_depth": 7.909081134595403, "n_estimators": 90.4016978460102}, "datetime": {"datetime": "2021-09-27 19:29:05", "elapsed": 550.079458, "delta": 1.910893}}
{"target": -21.9248676346954, "params": {"max_depth": 29.996280395920653, "n_estimators": 9.084393003974705}, "datetime": {"datetime": "2021-09-27 19:29:07", "elapsed": 552.089084, "delta": 2.009626}}
{"target": -19.424435724499602, "params": {"max_depth": 14.94582593004989, "n_estimators": 74.24273547328102}, "datetime": {"datetime": "2021-09-27 19:29:09", "elapsed": 554.192329, "delta": 2.103245}}
{"target": -19.993632952171332, "params": {"max_depth": 9.678708909408103, "n_estimators": 70.52704596115989}, "datetime": {"datetime": "2021-09-27 19:29:12", "elapsed": 556.932344, "delta": 2.740015}}
{"target": -19.466637594908867, "params": {"max_depth": 13.15914162022223, "n_estimators": 98.05330260096682}, "datetime": {"datetime": "2021-09-27 19:29:14", "elapsed": 559.373636, "delta": 2.441292}}
{"target": -19.80417315928385, "params": {"max_depth": 29.99112277960132, "n_estimators": 84.74226161097441}, "datetime": {"datetime": "2021-09-27 19:29:17", "elapsed": 562.348934, "delta": 2.975298}}
{"target": -20.150298530920793, "params": {"max_depth": 9.147650144531719, "n_estimators": 58.44602188636908}, "datetime": {"datetime": "2021-09-27 19:29:20", "elapsed": 565.21078, "delta": 2.861846}}
{"target": -19.86432109284112, "params": {"max_depth": 8.810048858271642, "n_estimators": 26.26539644198516}, "datetime": {"datetime": "2021-09-27 19:29:22", "elapsed": 567.321873, "delta": 2.111093}}
{"target": -19.769587537789203, "params": {"max_depth": 23.062797421160372, "n_estimators": 95.4274894779091}, "datetime": {"datetime": "2021-09-27 19:29:24", "elapsed": 569.289876, "delta": 1.968003}}
{"target": -19.597854101739458, "params": {"max_depth": 17.581844423557897, "n_estimators": 73.06810373174775}, "datetime": {"datetime": "2021-09-27 19:29:27", "elapsed": 571.563287, "delta": 2.273411}}
{"target": -19.794787422703465, "params": {"max_depth": 21.542402033394517, "n_estimators": 92.90134589241411}, "datetime": {"datetime": "2021-09-27 19:29:29", "elapsed": 573.645716, "delta": 2.082429}}
{"target": -19.334794192492005, "params": {"max_depth": 29.987220584662396, "n_estimators": 30.693482438542986}, "datetime": {"datetime": "2021-09-27 19:29:31", "elapsed": 575.743211, "delta": 2.097495}}
{"target": -19.521654548194903, "params": {"max_depth": 10.095876706579036, "n_estimators": 29.811794040946857}, "datetime": {"datetime": "2021-09-27 19:29:33", "elapsed": 577.882812, "delta": 2.139601}}
{"target": -19.85770789386895, "params": {"max_depth": 29.894727822751648, "n_estimators": 37.834255597258995}, "datetime": {"datetime": "2021-09-27 19:29:35", "elapsed": 579.541221, "delta": 1.658409}}
{"target": -19.374013682924893, "params": {"max_depth": 14.538404619425776, "n_estimators": 76.66311684849191}, "datetime": {"datetime": "2021-09-27 19:29:38", "elapsed": 582.720495, "delta": 3.179274}}
{"target": -19.293964489448577, "params": {"max_depth": 18.063924551560532, "n_estimators": 42.31063846984968}, "datetime": {"datetime": "2021-09-27 19:29:39", "elapsed": 584.431822, "delta": 1.711327}}
{"target": -19.522087472508616, "params": {"max_depth": 19.38088285756109, "n_estimators": 48.38473738413725}, "datetime": {"datetime": "2021-09-27 19:29:41", "elapsed": 586.241956, "delta": 1.810134}}
{"target": -19.538007068300004, "params": {"max_depth": 24.71739067311768, "n_estimators": 70.65658968136478}, "datetime": {"datetime": "2021-09-27 19:29:43", "elapsed": 588.058653, "delta": 1.816697}}
{"target": -19.57767969429941, "params": {"max_depth": 18.55996220427592, "n_estimators": 81.13179977319949}, "datetime": {"datetime": "2021-09-27 19:29:46", "elapsed": 590.807879, "delta": 2.749226}}
{"target": -19.533475670153695, "params": {"max_depth": 20.82126635159674, "n_estimators": 50.80959162436487}, "datetime": {"datetime": "2021-09-27 19:29:48", "elapsed": 593.24032, "delta": 2.432441}}
{"target": -18.70214940677426, "params": {"max_depth": 21.57270070044905, "n_estimators": 20.6493898256288}, "datetime": {"datetime": "2021-09-27 19:29:50", "elapsed": 595.328094, "delta": 2.087774}}
{"target": -19.77290261963279, "params": {"max_depth": 28.060254762560362, "n_estimators": 95.88596080907442}, "datetime": {"datetime": "2021-09-27 19:29:53", "elapsed": 597.984277, "delta": 2.656183}}
{"target": -19.89538489970178, "params": {"max_depth": 7.612142685473179, "n_estimators": 72.26422508166937}, "datetime": {"datetime": "2021-09-27 19:29:56", "elapsed": 600.592711, "delta": 2.608434}}
{"target": -19.76812879811648, "params": {"max_depth": 22.74891890349183, "n_estimators": 82.90906294312929}, "datetime": {"datetime": "2021-09-27 19:29:58", "elapsed": 603.013989, "delta": 2.421278}}
{"target": -19.39935648525435, "params": {"max_depth": 29.973340194604564, "n_estimators": 67.43279511054865}, "datetime": {"datetime": "2021-09-27 19:30:01", "elapsed": 606.234647, "delta": 3.220658}}
{"target": -19.77812364060459, "params": {"max_depth": 28.226808218543162, "n_estimators": 90.24429416609726}, "datetime": {"datetime": "2021-09-27 19:30:05", "elapsed": 609.524254, "delta": 3.289607}}
{"target": -19.722667257129515, "params": {"max_depth": 27.901970229773692, "n_estimators": 44.55578325691121}, "datetime": {"datetime": "2021-09-27 19:30:07", "elapsed": 611.855243, "delta": 2.330989}}
{"target": -18.959003231260446, "params": {"max_depth": 20.555302536720543, "n_estimators": 25.238719405093896}, "datetime": {"datetime": "2021-09-27 19:30:09", "elapsed": 613.896815, "delta": 2.041572}}
{"target": -19.598599207331315, "params": {"max_depth": 28.053420601406486, "n_estimators": 58.212907609707614}, "datetime": {"datetime": "2021-09-27 19:30:11", "elapsed": 616.388973, "delta": 2.492158}}
{"target": -19.312665699120256, "params": {"max_depth": 17.463524373625425, "n_estimators": 64.30582058247506}, "datetime": {"datetime": "2021-09-27 19:30:14", "elapsed": 618.517778, "delta": 2.128805}}
{"target": -19.452694683041862, "params": {"max_depth": 23.241295332060844, "n_estimators": 63.751766871115976}, "datetime": {"datetime": "2021-09-27 19:30:16", "elapsed": 620.624589, "delta": 2.106811}}
{"target": -20.03661669550777, "params": {"max_depth": 8.290356189582017, "n_estimators": 51.00764310408542}, "datetime": {"datetime": "2021-09-27 19:30:18", "elapsed": 622.805789, "delta": 2.1812}}
{"target": -19.591451258088817, "params": {"max_depth": 18.771095763498327, "n_estimators": 95.72185248995162}, "datetime": {"datetime": "2021-09-27 19:30:20", "elapsed": 625.092244, "delta": 2.286455}}
{"target": -19.76057233067496, "params": {"max_depth": 27.98745323457933, "n_estimators": 82.41531316826874}, "datetime": {"datetime": "2021-09-27 19:30:23", "elapsed": 627.836166, "delta": 2.743922}}
{"target": -19.68817438686293, "params": {"max_depth": 24.93704919061892, "n_estimators": 40.784443723083264}, "datetime": {"datetime": "2021-09-27 19:30:26", "elapsed": 630.649256, "delta": 2.81309}}
{"target": -19.766991438493438, "params": {"max_depth": 14.272514308836678, "n_estimators": 31.164799531487393}, "datetime": {"datetime": "2021-09-27 19:30:27", "elapsed": 632.459491, "delta": 1.810235}}
{"target": -19.209930756447104, "params": {"max_depth": 13.613604204232038, "n_estimators": 21.621662837572156}, "datetime": {"datetime": "2021-09-27 19:30:31", "elapsed": 636.148063, "delta": 3.688572}}
{"target": -20.13750809258378, "params": {"max_depth": 8.934133754984988, "n_estimators": 41.30978198041759}, "datetime": {"datetime": "2021-09-27 19:30:33", "elapsed": 638.398366, "delta": 2.250303}}
{"target": -20.448179121820125, "params": {"max_depth": 15.719447073944107, "n_estimators": 14.390554987923437}, "datetime": {"datetime": "2021-09-27 19:30:36", "elapsed": 641.450572, "delta": 3.052206}}
{"target": -19.163227746065818, "params": {"max_depth": 14.459455301370724, "n_estimators": 26.573188363595353}, "datetime": {"datetime": "2021-09-27 19:30:40", "elapsed": 644.908297, "delta": 3.457725}}
{"target": -19.563388117433703, "params": {"max_depth": 29.972864234582158, "n_estimators": 60.49382294951411}, "datetime": {"datetime": "2021-09-27 19:30:42", "elapsed": 647.340247, "delta": 2.43195}}
{"target": -19.250189501803685, "params": {"max_depth": 21.46189573235087, "n_estimators": 16.824030677790354}, "datetime": {"datetime": "2021-09-27 19:30:44", "elapsed": 649.367383, "delta": 2.027136}}
{"target": -20.85376172794011, "params": {"max_depth": 6.12428122293209, "n_estimators": 39.197410656201924}, "datetime": {"datetime": "2021-09-27 19:30:49", "elapsed": 653.594131, "delta": 4.226748}}
{"target": -19.528982897706808, "params": {"max_depth": 22.572636417170727, "n_estimators": 47.1389602794193}, "datetime": {"datetime": "2021-09-27 19:30:52", "elapsed": 657.156859, "delta": 3.562728}}
{"target": -19.791969381596044, "params": {"max_depth": 19.087610623033356, "n_estimators": 93.69737209227799}, "datetime": {"datetime": "2021-09-27 19:30:57", "elapsed": 662.136386, "delta": 4.979527}}
{"target": -19.195144046898925, "params": {"max_depth": 23.2251501434645, "n_estimators": 27.85853937727284}, "datetime": {"datetime": "2021-09-27 19:31:00", "elapsed": 665.326302, "delta": 3.189916}}
{"target": -19.481423190947623, "params": {"max_depth": 18.451241143373498, "n_estimators": 77.53535247285954}, "datetime": {"datetime": "2021-09-27 19:31:03", "elapsed": 668.234088, "delta": 2.907786}}
{"target": -21.163827880624172, "params": {"max_depth": 5.4135659089641175, "n_estimators": 27.07232582495291}, "datetime": {"datetime": "2021-09-27 19:31:05", "elapsed": 670.230784, "delta": 1.996696}}
{"target": -19.416056083618134, "params": {"max_depth": 25.898187302836515, "n_estimators": 56.98664540315318}, "datetime": {"datetime": "2021-09-27 19:31:08", "elapsed": 673.01782, "delta": 2.787036}}
{"target": -20.278542097598443, "params": {"max_depth": 8.914648940938951, "n_estimators": 82.49784932476452}, "datetime": {"datetime": "2021-09-27 19:31:12", "elapsed": 676.917314, "delta": 3.899494}}
{"target": -19.446221610536288, "params": {"max_depth": 21.965065271634653, "n_estimators": 68.32038418619979}, "datetime": {"datetime": "2021-09-27 19:31:15", "elapsed": 679.570497, "delta": 2.653183}}
{"target": -19.48658072252684, "params": {"max_depth": 21.500397389984283, "n_estimators": 32.657707337263176}, "datetime": {"datetime": "2021-09-27 19:31:18", "elapsed": 682.569041, "delta": 2.998544}}
{"target": -19.344596620125014, "params": {"max_depth": 15.096977666957688, "n_estimators": 40.191671933341105}, "datetime": {"datetime": "2021-09-27 19:31:21", "elapsed": 686.384693, "delta": 3.815652}}
{"target": -19.416056083618134, "params": {"max_depth": 29.884594874929782, "n_estimators": 56.643187774425314}, "datetime": {"datetime": "2021-09-27 19:31:24", "elapsed": 689.221568, "delta": 2.836875}}
{"target": -19.18370650827772, "params": {"max_depth": 18.920557489484843, "n_estimators": 61.25014350253979}, "datetime": {"datetime": "2021-09-27 19:31:27", "elapsed": 691.92123, "delta": 2.699662}}
{"target": -19.240249232196987, "params": {"max_depth": 14.11188857971762, "n_estimators": 70.820460213781}, "datetime": {"datetime": "2021-09-27 19:31:30", "elapsed": 695.216211, "delta": 3.294981}}
{"target": -19.948938041689495, "params": {"max_depth": 16.94732311688871, "n_estimators": 32.98511334000324}, "datetime": {"datetime": "2021-09-27 19:31:33", "elapsed": 698.417315, "delta": 3.201104}}
{"target": -19.87154199614104, "params": {"max_depth": 16.920080828127997, "n_estimators": 57.05442195650463}, "datetime": {"datetime": "2021-09-27 19:31:36", "elapsed": 701.221949, "delta": 2.804634}}
{"target": -19.040284284457734, "params": {"max_depth": 15.587211215308951, "n_estimators": 54.189543489389344}, "datetime": {"datetime": "2021-09-27 19:31:39", "elapsed": 704.20146, "delta": 2.979511}}
{"target": -19.817151122791486, "params": {"max_depth": 28.116523541452615, "n_estimators": 92.79077195435482}, "datetime": {"datetime": "2021-09-27 19:31:44", "elapsed": 708.593056, "delta": 4.391596}}
{"target": -19.283486856825455, "params": {"max_depth": 28.247697793409156, "n_estimators": 18.31926451755284}, "datetime": {"datetime": "2021-09-27 19:31:47", "elapsed": 711.881876, "delta": 3.28882}}
{"target": -20.51057952358445, "params": {"max_depth": 11.31703615656118, "n_estimators": 15.821595269514999}, "datetime": {"datetime": "2021-09-27 19:31:52", "elapsed": 716.582719, "delta": 4.700843}}
{"target": -20.169014629444227, "params": {"max_depth": 8.599902375894763, "n_estimators": 16.82543911575133}, "datetime": {"datetime": "2021-09-27 19:31:56", "elapsed": 721.136777, "delta": 4.554058}}
{"target": -19.206219539647556, "params": {"max_depth": 29.932023855940287, "n_estimators": 22.63816372983231}, "datetime": {"datetime": "2021-09-27 19:31:59", "elapsed": 724.367914, "delta": 3.231137}}
{"target": -19.672577963785923, "params": {"max_depth": 15.471438686018816, "n_estimators": 92.85858197788373}, "datetime": {"datetime": "2021-09-27 19:32:03", "elapsed": 727.835915, "delta": 3.468001}}
{"target": -19.50025691825855, "params": {"max_depth": 20.027426164127608, "n_estimators": 70.8084688461548}, "datetime": {"datetime": "2021-09-27 19:32:08", "elapsed": 733.154985, "delta": 5.31907}}
{"target": -19.276502890362547, "params": {"max_depth": 25.31038511755001, "n_estimators": 23.810841207100374}, "datetime": {"datetime": "2021-09-27 19:32:11", "elapsed": 736.343194, "delta": 3.188209}}
