{"target": -17.606137888304303, "params": {"max_depth": 16.429253910421146, "n_estimators": 68.8013814595688}, "datetime": {"datetime": "2021-09-27 19:36:11", "elapsed": 981.978322, "delta": 6.127108}}
{"target": -17.91944805502451, "params": {"max_depth": 10.654744851701544, "n_estimators": 55.79348693966269}, "datetime": {"datetime": "2021-09-27 19:36:16", "elapsed": 987.108016, "delta": 5.129694}}
{"target": -17.947569898035844, "params": {"max_depth": 25.837454593746973, "n_estimators": 76.20677051036378}, "datetime": {"datetime": "2021-09-27 19:36:22", "elapsed": 993.159691, "delta": 6.051675}}
{"target": -17.833081481569153, "params": {"max_depth": 11.219985041292007, "n_estimators": 57.57245965156567}, "datetime": {"datetime": "2021-09-27 19:36:31", "elapsed": 1001.817145, "delta": 8.657454}}
{"target": -17.749188190773612, "params": {"max_depth": 11.09156137647209, "n_estimators": 95.70073925627985}, "datetime": {"datetime": "2021-09-27 19:36:37", "elapsed": 1007.982156, "delta": 6.165011}}
{"target": -17.65598919164465, "params": {"max_depth": 23.46485494080529, "n_estimators": 98.84795484772982}, "datetime": {"datetime": "2021-09-27 19:36:43", "elapsed": 1014.197055, "delta": 6.214899}}
{"target": -17.931799818541567, "params": {"max_depth": 9.698719582143601, "n_estimators": 93.04703552302378}, "datetime": {"datetime": "2021-09-27 19:36:50", "elapsed": 1020.933527, "delta": 6.736472}}
{"target": -18.007087367179224, "params": {"max_depth": 24.160769814304217, "n_estimators": 33.052485013040034}, "datetime": {"datetime": "2021-09-27 19:36:55", "elapsed": 1026.558242, "delta": 5.624715}}
{"target": -17.75794839999734, "params": {"max_depth": 28.44522322511025, "n_estimators": 89.49819045201893}, "datetime": {"datetime": "2021-09-27 19:37:01", "elapsed": 1031.985157, "delta": 5.426915}}
{"target": -17.733234295068776, "params": {"max_depth": 18.061665676766193, "n_estimators": 95.55495063737587}, "datetime": {"datetime": "2021-09-27 19:37:08", "elapsed": 1039.120365, "delta": 7.135208}}
{"target": -17.68801671343579, "params": {"max_depth": 24.952412883691117, "n_estimators": 62.78112814187841}, "datetime": {"datetime": "2021-09-27 19:37:14", "elapsed": 1045.291594, "delta": 6.171229}}
{"target": -17.58120953387852, "params": {"max_depth": 12.024367839814708, "n_estimators": 65.8802180525603}, "datetime": {"datetime": "2021-09-27 19:37:21", "elapsed": 1051.748118, "delta": 6.456524}}
{"target": -17.7029165988099, "params": {"max_depth": 20.912994217653722, "n_estimators": 92.5518073228531}, "datetime": {"datetime": "2021-09-27 19:37:28", "elapsed": 1058.706471, "delta": 6.958353}}
{"target": -17.903008859576747, "params": {"max_depth": 20.179711600985122, "n_estimators": 81.39535231448077}, "datetime": {"datetime": "2021-09-27 19:37:36", "elapsed": 1067.048588, "delta": 8.342117}}
{"target": -17.60838539433303, "params": {"max_depth": 20.07990970192642, "n_estimators": 100.0}, "datetime": {"datetime": "2021-09-27 19:37:43", "elapsed": 1073.950837, "delta": 6.902249}}
{"target": -17.63545709298936, "params": {"max_depth": 15.834344279541742, "n_estimators": 57.26988127716568}, "datetime": {"datetime": "2021-09-27 19:37:49", "elapsed": 1080.044645, "delta": 6.093808}}
{"target": -17.748002961980163, "params": {"max_depth": 21.936139745377385, "n_estimators": 56.430096295832506}, "datetime": {"datetime": "2021-09-27 19:37:56", "elapsed": 1087.080781, "delta": 7.036136}}
{"target": -17.683228461061166, "params": {"max_depth": 11.452350266399657, "n_estimators": 98.25121425027416}, "datetime": {"datetime": "2021-09-27 19:38:01", "elapsed": 1092.144602, "delta": 5.063821}}
{"target": -17.6354121078798, "params": {"max_depth": 11.821790817545503, "n_estimators": 99.92238071706082}, "datetime": {"datetime": "2021-09-27 19:38:09", "elapsed": 1099.969172, "delta": 7.82457}}
{"target": -17.714172072140933, "params": {"max_depth": 18.54119114530472, "n_estimators": 68.40626178769502}, "datetime": {"datetime": "2021-09-27 19:38:14", "elapsed": 1105.424577, "delta": 5.455405}}
{"target": -17.757162911420004, "params": {"max_depth": 17.630363296595498, "n_estimators": 59.64702178989209}, "datetime": {"datetime": "2021-09-27 19:38:22", "elapsed": 1113.09376, "delta": 7.669183}}
{"target": -17.853593022246912, "params": {"max_depth": 25.00397215290707, "n_estimators": 27.176299743865606}, "datetime": {"datetime": "2021-09-27 19:38:26", "elapsed": 1117.515276, "delta": 4.421516}}
{"target": -17.70527986168664, "params": {"max_depth": 26.081576861712268, "n_estimators": 94.74777507978642}, "datetime": {"datetime": "2021-09-27 19:38:33", "elapsed": 1124.073917, "delta": 6.558641}}
{"target": -17.938652632463477, "params": {"max_depth": 28.28000236395359, "n_estimators": 75.35994302131384}, "datetime": {"datetime": "2021-09-27 19:38:37", "elapsed": 1128.474875, "delta": 4.400958}}
{"target": -17.626963892535436, "params": {"max_depth": 10.702145067898165, "n_estimators": 66.59822915467194}, "datetime": {"datetime": "2021-09-27 19:38:43", "elapsed": 1134.564035, "delta": 6.08916}}
{"target": -17.375808386073224, "params": {"max_depth": 15.288045638934785, "n_estimators": 66.2841639733597}, "datetime": {"datetime": "2021-09-27 19:38:50", "elapsed": 1141.027864, "delta": 6.463829}}
{"target": -17.59715510794787, "params": {"max_depth": 15.19512569781171, "n_estimators": 96.2463458743634}, "datetime": {"datetime": "2021-09-27 19:39:02", "elapsed": 1153.120937, "delta": 12.093073}}
{"target": -17.644910208647087, "params": {"max_depth": 16.831806425016957, "n_estimators": 45.638861445211035}, "datetime": {"datetime": "2021-09-27 19:39:07", "elapsed": 1157.769197, "delta": 4.64826}}
{"target": -17.390884711113898, "params": {"max_depth": 16.5759464826103, "n_estimators": 66.65730875836088}, "datetime": {"datetime": "2021-09-27 19:39:17", "elapsed": 1167.983538, "delta": 10.214341}}
{"target": -17.375808386073224, "params": {"max_depth": 15.458391741213799, "n_estimators": 66.43912962429775}, "datetime": {"datetime": "2021-09-27 19:39:23", "elapsed": 1174.10474, "delta": 6.121202}}
{"target": -17.375808386073224, "params": {"max_depth": 15.383884126830663, "n_estimators": 66.27620012258956}, "datetime": {"datetime": "2021-09-27 19:39:31", "elapsed": 1181.883106, "delta": 7.778366}}
{"target": -17.375808386073224, "params": {"max_depth": 15.352727204674903, "n_estimators": 66.45287325418197}, "datetime": {"datetime": "2021-09-27 19:39:41", "elapsed": 1191.778834, "delta": 9.895728}}
{"target": -17.43607256249207, "params": {"max_depth": 17.331187206580168, "n_estimators": 66.0704412392948}, "datetime": {"datetime": "2021-09-27 19:39:45", "elapsed": 1196.476939, "delta": 4.698105}}
{"target": -17.375808386073224, "params": {"max_depth": 15.14143421752591, "n_estimators": 66.41033064268028}, "datetime": {"datetime": "2021-09-27 19:39:53", "elapsed": 1204.133664, "delta": 7.656725}}
{"target": -17.375808386073224, "params": {"max_depth": 15.446754005979724, "n_estimators": 66.39327081641545}, "datetime": {"datetime": "2021-09-27 19:40:02", "elapsed": 1213.331634, "delta": 9.19797}}
{"target": -17.375808386073224, "params": {"max_depth": 15.724456102120117, "n_estimators": 66.20333863065812}, "datetime": {"datetime": "2021-09-27 19:40:08", "elapsed": 1219.288027, "delta": 5.956393}}
{"target": -17.375808386073224, "params": {"max_depth": 15.140897990945536, "n_estimators": 66.4254667197804}, "datetime": {"datetime": "2021-09-27 19:40:15", "elapsed": 1226.574849, "delta": 7.286822}}
{"target": -17.375808386073224, "params": {"max_depth": 15.570981585372326, "n_estimators": 66.3363200671622}, "datetime": {"datetime": "2021-09-27 19:40:20", "elapsed": 1230.790957, "delta": 4.216108}}
{"target": -17.375808386073224, "params": {"max_depth": 15.745519260501569, "n_estimators": 66.24986639814841}, "datetime": {"datetime": "2021-09-27 19:40:28", "elapsed": 1238.899159, "delta": 8.108202}}
{"target": -17.375808386073224, "params": {"max_depth": 15.712984726078366, "n_estimators": 66.18041469071684}, "datetime": {"datetime": "2021-09-27 19:40:35", "elapsed": 1245.745267, "delta": 6.846108}}
{"target": -17.375808386073224, "params": {"max_depth": 15.192300208426836, "n_estimators": 66.32592566103972}, "datetime": {"datetime": "2021-09-27 19:40:43", "elapsed": 1254.04631, "delta": 8.301043}}
{"target": -17.375808386073224, "params": {"max_depth": 15.268456371102658, "n_estimators": 66.40771314979882}, "datetime": {"datetime": "2021-09-27 19:40:48", "elapsed": 1259.623997, "delta": 5.577687}}
{"target": -17.89181560847391, "params": {"max_depth": 21.48131073574277, "n_estimators": 20.746560240490364}, "datetime": {"datetime": "2021-09-27 19:40:54", "elapsed": 1265.387963, "delta": 5.763966}}
{"target": -17.85347179846645, "params": {"max_depth": 25.89298523866471, "n_estimators": 49.25601071509692}, "datetime": {"datetime": "2021-09-27 19:40:58", "elapsed": 1269.478257, "delta": 4.090294}}
{"target": -17.375808386073224, "params": {"max_depth": 15.802569128267152, "n_estimators": 66.13075668137651}, "datetime": {"datetime": "2021-09-27 19:41:05", "elapsed": 1276.386324, "delta": 6.908067}}
{"target": -17.375808386073224, "params": {"max_depth": 15.655880311340796, "n_estimators": 66.18486046096027}, "datetime": {"datetime": "2021-09-27 19:41:12", "elapsed": 1283.623166, "delta": 7.236842}}
{"target": -17.375808386073224, "params": {"max_depth": 15.68318788805865, "n_estimators": 66.53031111513441}, "datetime": {"datetime": "2021-09-27 19:41:19", "elapsed": 1290.170049, "delta": 6.546883}}
{"target": -17.375808386073224, "params": {"max_depth": 15.818676824283306, "n_estimators": 66.28473101521595}, "datetime": {"datetime": "2021-09-27 19:41:28", "elapsed": 1299.672028, "delta": 9.501979}}
{"target": -17.375808386073224, "params": {"max_depth": 15.28662189223065, "n_estimators": 66.14675048975322}, "datetime": {"datetime": "2021-09-27 19:41:34", "elapsed": 1305.479605, "delta": 5.807577}}
{"target": -17.375808386073224, "params": {"max_depth": 15.379653520873221, "n_estimators": 66.22109963411117}, "datetime": {"datetime": "2021-09-27 19:41:40", "elapsed": 1311.216427, "delta": 5.736822}}
{"target": -17.56531102777604, "params": {"max_depth": 27.061570732724377, "n_estimators": 66.98364246218365}, "datetime": {"datetime": "2021-09-27 19:41:45", "elapsed": 1316.643195, "delta": 5.426768}}
{"target": -17.375808386073224, "params": {"max_depth": 15.81031908610255, "n_estimators": 66.22052786514477}, "datetime": {"datetime": "2021-09-27 19:41:51", "elapsed": 1321.95018, "delta": 5.306985}}
{"target": -17.375808386073224, "params": {"max_depth": 15.237585431282252, "n_estimators": 66.46087707393448}, "datetime": {"datetime": "2021-09-27 19:41:59", "elapsed": 1329.775886, "delta": 7.825706}}
{"target": -17.375808386073224, "params": {"max_depth": 15.707361923246467, "n_estimators": 66.5245929128351}, "datetime": {"datetime": "2021-09-27 19:42:04", "elapsed": 1334.830288, "delta": 5.054402}}
{"target": -17.858247126046788, "params": {"max_depth": 18.56137967846342, "n_estimators": 83.88356539420599}, "datetime": {"datetime": "2021-09-27 19:42:09", "elapsed": 1340.261566, "delta": 5.431278}}
{"target": -17.375808386073224, "params": {"max_depth": 15.111428583563596, "n_estimators": 66.33998548858388}, "datetime": {"datetime": "2021-09-27 19:42:15", "elapsed": 1346.491301, "delta": 6.229735}}
{"target": -17.386944308811213, "params": {"max_depth": 15.922163330276623, "n_estimators": 65.99264085134317}, "datetime": {"datetime": "2021-09-27 19:42:23", "elapsed": 1353.806863, "delta": 7.315562}}
{"target": -17.375808386073224, "params": {"max_depth": 15.353395219204739, "n_estimators": 66.36447614359287}, "datetime": {"datetime": "2021-09-27 19:42:27", "elapsed": 1358.605648, "delta": 4.798785}}
{"target": -17.375808386073224, "params": {"max_depth": 15.395376210131353, "n_estimators": 66.50012616424245}, "datetime": {"datetime": "2021-09-27 19:42:32", "elapsed": 1363.495514, "delta": 4.889866}}
{"target": -17.375808386073224, "params": {"max_depth": 15.147059266120529, "n_estimators": 66.38364923693682}, "datetime": {"datetime": "2021-09-27 19:42:41", "elapsed": 1372.00705, "delta": 8.511536}}
{"target": -17.375808386073224, "params": {"max_depth": 15.673900547348914, "n_estimators": 66.58291927892041}, "datetime": {"datetime": "2021-09-27 19:42:50", "elapsed": 1381.185502, "delta": 9.178452}}
{"target": -17.375808386073224, "params": {"max_depth": 15.153157591484394, "n_estimators": 66.33294505143928}, "datetime": {"datetime": "2021-09-27 19:42:59", "elapsed": 1389.851546, "delta": 8.666044}}
{"target": -17.375808386073224, "params": {"max_depth": 15.648906625878443, "n_estimators": 66.42314028964051}, "datetime": {"datetime": "2021-09-27 19:43:07", "elapsed": 1398.633725, "delta": 8.782179}}
{"target": -17.375808386073224, "params": {"max_depth": 15.664166529505211, "n_estimators": 66.41653276149194}, "datetime": {"datetime": "2021-09-27 19:43:13", "elapsed": 1404.634761, "delta": 6.001036}}
{"target": -17.44885416405973, "params": {"max_depth": 14.967130180350877, "n_estimators": 66.34112704135588}, "datetime": {"datetime": "2021-09-27 19:43:21", "elapsed": 1411.747408, "delta": 7.112647}}
{"target": -23.703411265425984, "params": {"max_depth": 3.559866785573685, "n_estimators": 32.25735426305313}, "datetime": {"datetime": "2021-09-27 19:43:28", "elapsed": 1419.262729, "delta": 7.515321}}
{"target": -19.95149453082634, "params": {"max_depth": 25.356365668665365, "n_estimators": 9.274000747661953}, "datetime": {"datetime": "2021-09-27 19:43:31", "elapsed": 1422.30978, "delta": 3.047051}}
{"target": -18.086952192394634, "params": {"max_depth": 8.872871171979256, "n_estimators": 66.46246237796001}, "datetime": {"datetime": "2021-09-27 19:43:42", "elapsed": 1433.360272, "delta": 11.050492}}
{"target": -18.708032110615886, "params": {"max_depth": 6.346094360822622, "n_estimators": 69.99263360532439}, "datetime": {"datetime": "2021-09-27 19:43:46", "elapsed": 1437.522751, "delta": 4.162479}}
{"target": -22.295336061618798, "params": {"max_depth": 9.299600935221799, "n_estimators": 9.755119942235437}, "datetime": {"datetime": "2021-09-27 19:43:57", "elapsed": 1447.774414, "delta": 10.251663}}
{"target": -17.84591686499994, "params": {"max_depth": 24.171524094255794, "n_estimators": 207.27840495586292}, "datetime": {"datetime": "2021-09-27 19:50:07", "elapsed": 0.0, "delta": 0.0}}
{"target": -17.84413222798046, "params": {"max_depth": 25.466321025719452, "n_estimators": 181.73247744953454}, "datetime": {"datetime": "2021-09-27 19:50:10", "elapsed": 2.570118, "delta": 2.570118}}
{"target": -17.830268677520163, "params": {"max_depth": 21.167715184133712, "n_estimators": 196.88411695999844}, "datetime": {"datetime": "2021-09-27 19:50:12", "elapsed": 4.950065, "delta": 2.379947}}
{"target": -17.932807890173386, "params": {"max_depth": 21.50209307030462, "n_estimators": 233.76595011731197}, "datetime": {"datetime": "2021-09-27 19:50:16", "elapsed": 8.160612, "delta": 3.210547}}
{"target": -17.82852276181194, "params": {"max_depth": 34.1279062520247, "n_estimators": 157.51622782386664}, "datetime": {"datetime": "2021-09-27 19:50:18", "elapsed": 10.158031, "delta": 1.997419}}
{"target": -17.6133409697826, "params": {"max_depth": 35.0, "n_estimators": 125.22326380210593}, "datetime": {"datetime": "2021-09-27 19:50:19", "elapsed": 11.91843, "delta": 1.760399}}
{"target": -17.64200472367856, "params": {"max_depth": 34.854599414181706, "n_estimators": 126.0779500703885}, "datetime": {"datetime": "2021-09-27 19:50:21", "elapsed": 13.269716, "delta": 1.351286}}
{"target": -17.689973623680427, "params": {"max_depth": 32.54612893926755, "n_estimators": 121.56487863958434}, "datetime": {"datetime": "2021-09-27 19:50:23", "elapsed": 15.178463, "delta": 1.908747}}
{"target": -17.64200472367856, "params": {"max_depth": 27.673597074728917, "n_estimators": 126.4329087051015}, "datetime": {"datetime": "2021-09-27 19:50:24", "elapsed": 16.965243, "delta": 1.78678}}
{"target": -17.64200472367856, "params": {"max_depth": 22.092354829276527, "n_estimators": 126.2140574262552}, "datetime": {"datetime": "2021-09-27 19:50:26", "elapsed": 18.623246, "delta": 1.658003}}
{"target": -17.632407308033958, "params": {"max_depth": 24.16860090083368, "n_estimators": 132.03006996153303}, "datetime": {"datetime": "2021-09-27 19:50:28", "elapsed": 20.690447, "delta": 2.067201}}
{"target": -17.550759378688213, "params": {"max_depth": 17.040927487147957, "n_estimators": 132.173054609519}, "datetime": {"datetime": "2021-09-27 19:50:30", "elapsed": 22.555136, "delta": 1.864689}}
{"target": -17.54905949287408, "params": {"max_depth": 16.845781105865417, "n_estimators": 137.94503822164486}, "datetime": {"datetime": "2021-09-27 19:50:32", "elapsed": 24.656673, "delta": 2.101537}}
{"target": -17.688702645847574, "params": {"max_depth": 11.0, "n_estimators": 135.14764157306155}, "datetime": {"datetime": "2021-09-27 19:50:34", "elapsed": 26.36454, "delta": 1.707867}}
{"target": -17.662305435994035, "params": {"max_depth": 22.227846596322035, "n_estimators": 141.11453579594397}, "datetime": {"datetime": "2021-09-27 19:50:36", "elapsed": 28.466508, "delta": 2.101968}}
{"target": -17.71092815785897, "params": {"max_depth": 14.06557986177591, "n_estimators": 144.75866516874785}, "datetime": {"datetime": "2021-09-27 19:50:38", "elapsed": 30.721714, "delta": 2.255206}}
{"target": -17.676677348738796, "params": {"max_depth": 13.450357655511175, "n_estimators": 125.49262138089766}, "datetime": {"datetime": "2021-09-27 19:50:40", "elapsed": 32.440012, "delta": 1.718298}}
{"target": -17.584860198141918, "params": {"max_depth": 19.67952591675013, "n_estimators": 135.32299054077353}, "datetime": {"datetime": "2021-09-27 19:50:42", "elapsed": 34.402012, "delta": 1.962}}
{"target": -17.65601206791442, "params": {"max_depth": 11.0, "n_estimators": 100.0}, "datetime": {"datetime": "2021-09-27 19:50:43", "elapsed": 35.974121, "delta": 1.572109}}
{"target": -17.61761005733162, "params": {"max_depth": 21.636869720768278, "n_estimators": 100.0}, "datetime": {"datetime": "2021-09-27 19:50:45", "elapsed": 37.512159, "delta": 1.538038}}
{"target": -17.626034679051227, "params": {"max_depth": 18.465778067704065, "n_estimators": 107.83625376920426}, "datetime": {"datetime": "2021-09-27 19:50:47", "elapsed": 39.129896, "delta": 1.617737}}
{"target": -17.561278931849582, "params": {"max_depth": 27.582481820746377, "n_estimators": 105.4949041123569}, "datetime": {"datetime": "2021-09-27 19:50:48", "elapsed": 40.752499, "delta": 1.622603}}
{"target": -17.61761005733162, "params": {"max_depth": 31.731191426905642, "n_estimators": 100.15328730974346}, "datetime": {"datetime": "2021-09-27 19:50:50", "elapsed": 42.479626, "delta": 1.727127}}
{"target": -17.587423153033797, "params": {"max_depth": 34.079586840162115, "n_estimators": 108.19942816662174}, "datetime": {"datetime": "2021-09-27 19:50:52", "elapsed": 44.183797, "delta": 1.704171}}
{"target": -17.566435573857085, "params": {"max_depth": 26.164954097942818, "n_estimators": 111.48705809634743}, "datetime": {"datetime": "2021-09-27 19:50:53", "elapsed": 45.905155, "delta": 1.721358}}
{"target": -17.91337168505628, "params": {"max_depth": 35.0, "n_estimators": 250.0}, "datetime": {"datetime": "2021-09-27 19:50:57", "elapsed": 49.952868, "delta": 4.047713}}
{"target": -17.840091034883102, "params": {"max_depth": 11.0, "n_estimators": 165.5454390275523}, "datetime": {"datetime": "2021-09-27 19:51:00", "elapsed": 52.35327, "delta": 2.400402}}
{"target": -18.022711469371377, "params": {"max_depth": 11.443065487290191, "n_estimators": 249.92648426771393}, "datetime": {"datetime": "2021-09-27 19:51:03", "elapsed": 55.255227, "delta": 2.901957}}
{"target": -17.889816222794668, "params": {"max_depth": 34.941573772116826, "n_estimators": 221.15166587897292}, "datetime": {"datetime": "2021-09-27 19:51:06", "elapsed": 58.06587, "delta": 2.810643}}
{"target": -17.710192784925052, "params": {"max_depth": 11.0, "n_estimators": 113.49851380973791}, "datetime": {"datetime": "2021-09-27 19:51:07", "elapsed": 59.900674, "delta": 1.834804}}
{"target": -17.923203773335953, "params": {"max_depth": 11.0, "n_estimators": 216.8059722278049}, "datetime": {"datetime": "2021-09-27 19:51:10", "elapsed": 62.521772, "delta": 2.621098}}
{"target": -17.894581670599173, "params": {"max_depth": 11.0, "n_estimators": 185.4409500454465}, "datetime": {"datetime": "2021-09-27 19:51:13", "elapsed": 65.234788, "delta": 2.713016}}
{"target": -17.795343748555005, "params": {"max_depth": 35.0, "n_estimators": 194.81690394086533}, "datetime": {"datetime": "2021-09-27 19:51:16", "elapsed": 68.118396, "delta": 2.883608}}
{"target": -17.837133193082824, "params": {"max_depth": 35.0, "n_estimators": 172.4531617109381}, "datetime": {"datetime": "2021-09-27 19:51:18", "elapsed": 70.818458, "delta": 2.700062}}
{"target": -17.591873441845518, "params": {"max_depth": 20.537664698816684, "n_estimators": 115.8443670591845}, "datetime": {"datetime": "2021-09-27 19:51:20", "elapsed": 72.55257, "delta": 1.734112}}
{"target": -17.702909221041143, "params": {"max_depth": 34.99109563316965, "n_estimators": 143.67994250548054}, "datetime": {"datetime": "2021-09-27 19:51:22", "elapsed": 74.862334, "delta": 2.309764}}
{"target": -17.587423153033797, "params": {"max_depth": 23.40426098836048, "n_estimators": 108.27815215438129}, "datetime": {"datetime": "2021-09-27 19:51:24", "elapsed": 76.80951, "delta": 1.947176}}
{"target": -17.606735532810013, "params": {"max_depth": 34.875909282105, "n_estimators": 113.63835039681729}, "datetime": {"datetime": "2021-09-27 19:51:26", "elapsed": 78.561081, "delta": 1.751571}}
{"target": -17.569314299743343, "params": {"max_depth": 29.94105669978426, "n_estimators": 109.4785685361204}, "datetime": {"datetime": "2021-09-27 19:51:28", "elapsed": 80.340654, "delta": 1.779573}}
