{"target": -18.783297095040886, "params": {"max_depth": 38.54142165799489, "n_estimators": 21.094811398175054}, "datetime": {"datetime": "2021-09-27 19:45:36", "elapsed": 261.323505, "delta": 1.812464}}
{"target": -18.458552036136656, "params": {"max_depth": 18.377349852828186, "n_estimators": 21.100243530006832}, "datetime": {"datetime": "2021-09-27 19:45:38", "elapsed": 262.755502, "delta": 1.431997}}
{"target": -19.41041705343097, "params": {"max_depth": 10.35820897034111, "n_estimators": 22.877485916770688}, "datetime": {"datetime": "2021-09-27 19:45:39", "elapsed": 264.548845, "delta": 1.793343}}
{"target": -19.876994250323733, "params": {"max_depth": 8.579578219641991, "n_estimators": 22.143134074767527}, "datetime": {"datetime": "2021-09-27 19:45:41", "elapsed": 266.265501, "delta": 1.716656}}
{"target": -19.16909213156458, "params": {"max_depth": 7.620370727772462, "n_estimators": 26.28696774177618}, "datetime": {"datetime": "2021-09-27 19:45:43", "elapsed": 268.170309, "delta": 1.904808}}
{"target": -19.155197258684627, "params": {"max_depth": 31.865084283807075, "n_estimators": 24.204281176455467}, "datetime": {"datetime": "2021-09-27 19:45:45", "elapsed": 270.486325, "delta": 2.316016}}
{"target": -19.195144046898925, "params": {"max_depth": 28.672351634695254, "n_estimators": 27.086246990577006}, "datetime": {"datetime": "2021-09-27 19:45:47", "elapsed": 272.298596, "delta": 1.812271}}
{"target": -19.206219539647556, "params": {"max_depth": 26.87392715483552, "n_estimators": 22.08833293052855}, "datetime": {"datetime": "2021-09-27 19:45:49", "elapsed": 274.016597, "delta": 1.718001}}
{"target": -18.458552036136656, "params": {"max_depth": 18.23703928257384, "n_estimators": 21.645731764386195}, "datetime": {"datetime": "2021-09-27 19:45:51", "elapsed": 276.19934, "delta": 2.182743}}
{"target": -19.289791307621083, "params": {"max_depth": 13.462753400946417, "n_estimators": 26.87278060597419}, "datetime": {"datetime": "2021-09-27 19:45:53", "elapsed": 277.851653, "delta": 1.652313}}
{"target": -19.188054169228703, "params": {"max_depth": 35.929290536969326, "n_estimators": 17.922857649634594}, "datetime": {"datetime": "2021-09-27 19:45:54", "elapsed": 279.586714, "delta": 1.735061}}
{"target": -19.01399519090919, "params": {"max_depth": 37.71254078886186, "n_estimators": 25.708537907900666}, "datetime": {"datetime": "2021-09-27 19:45:56", "elapsed": 281.331713, "delta": 1.744999}}
{"target": -19.206219539647556, "params": {"max_depth": 36.57060795127151, "n_estimators": 22.540520350378987}, "datetime": {"datetime": "2021-09-27 19:45:58", "elapsed": 283.161861, "delta": 1.830148}}
{"target": -19.188054169228703, "params": {"max_depth": 39.396212710768765, "n_estimators": 17.728842405820117}, "datetime": {"datetime": "2021-09-27 19:46:00", "elapsed": 284.677455, "delta": 1.515594}}
{"target": -18.762590460948815, "params": {"max_depth": 36.17663092018375, "n_estimators": 19.52251065155926}, "datetime": {"datetime": "2021-09-27 19:46:01", "elapsed": 286.322817, "delta": 1.645362}}
{"target": -19.418609242928024, "params": {"max_depth": 14.28062663387658, "n_estimators": 24.883787008993753}, "datetime": {"datetime": "2021-09-27 19:46:03", "elapsed": 287.683151, "delta": 1.360334}}
{"target": -18.888338755908972, "params": {"max_depth": 37.002326300095525, "n_estimators": 26.362186005071475}, "datetime": {"datetime": "2021-09-27 19:46:05", "elapsed": 289.600962, "delta": 1.917811}}
{"target": -18.824317209250633, "params": {"max_depth": 19.64258040325569, "n_estimators": 21.22272790563084}, "datetime": {"datetime": "2021-09-27 19:46:06", "elapsed": 291.364867, "delta": 1.763905}}
{"target": -18.839078853591563, "params": {"max_depth": 14.090230640293536, "n_estimators": 19.933429713913807}, "datetime": {"datetime": "2021-09-27 19:46:09", "elapsed": 293.882617, "delta": 2.51775}}
{"target": -18.762590460948815, "params": {"max_depth": 24.187452730725962, "n_estimators": 19.726132766282838}, "datetime": {"datetime": "2021-09-27 19:46:10", "elapsed": 295.567861, "delta": 1.685244}}
{"target": -19.195144046898925, "params": {"max_depth": 30.162716151124943, "n_estimators": 27.062393514343142}, "datetime": {"datetime": "2021-09-27 19:46:12", "elapsed": 297.058859, "delta": 1.490998}}
{"target": -18.69213097670386, "params": {"max_depth": 20.467012786373115, "n_estimators": 19.784674465930355}, "datetime": {"datetime": "2021-09-27 19:46:14", "elapsed": 298.69692, "delta": 1.638061}}
{"target": -18.783297095040886, "params": {"max_depth": 33.06805101669336, "n_estimators": 21.411977036843282}, "datetime": {"datetime": "2021-09-27 19:46:16", "elapsed": 300.639269, "delta": 1.942349}}
{"target": -19.188054169228703, "params": {"max_depth": 27.166723491876958, "n_estimators": 17.00109137614791}, "datetime": {"datetime": "2021-09-27 19:46:17", "elapsed": 302.080412, "delta": 1.441143}}
{"target": -19.206219539647556, "params": {"max_depth": 38.94310915933496, "n_estimators": 22.518823875970895}, "datetime": {"datetime": "2021-09-27 19:46:19", "elapsed": 303.648206, "delta": 1.567794}}
{"target": -18.888338755908972, "params": {"max_depth": 29.96985681074908, "n_estimators": 26.004820191722406}, "datetime": {"datetime": "2021-09-27 19:46:21", "elapsed": 305.752411, "delta": 2.104205}}
{"target": -19.283486856825455, "params": {"max_depth": 26.659371035257802, "n_estimators": 18.536850389427844}, "datetime": {"datetime": "2021-09-27 19:46:23", "elapsed": 307.696777, "delta": 1.944366}}
{"target": -18.762590460948815, "params": {"max_depth": 37.10866255188696, "n_estimators": 19.662106128339282}, "datetime": {"datetime": "2021-09-27 19:46:24", "elapsed": 309.28034, "delta": 1.583563}}
{"target": -18.37769605103362, "params": {"max_depth": 18.357185293367582, "n_estimators": 20.589670994755863}, "datetime": {"datetime": "2021-09-27 19:46:26", "elapsed": 310.8531, "delta": 1.57276}}
{"target": -19.195144046898925, "params": {"max_depth": 35.60515233214838, "n_estimators": 27.05377854493976}, "datetime": {"datetime": "2021-09-27 19:46:28", "elapsed": 312.8561, "delta": 2.003}}
{"target": -19.195144046898925, "params": {"max_depth": 22.566384163812085, "n_estimators": 27.258634368141138}, "datetime": {"datetime": "2021-09-27 19:46:30", "elapsed": 314.646401, "delta": 1.790301}}
{"target": -19.195144046898925, "params": {"max_depth": 24.348192556664106, "n_estimators": 27.993459523607434}, "datetime": {"datetime": "2021-09-27 19:46:31", "elapsed": 316.401661, "delta": 1.75526}}
{"target": -20.186174582541618, "params": {"max_depth": 11.426059688032241, "n_estimators": 17.00469964657255}, "datetime": {"datetime": "2021-09-27 19:46:33", "elapsed": 317.955492, "delta": 1.553831}}
{"target": -19.337399293566737, "params": {"max_depth": 16.25257736582803, "n_estimators": 25.470393449612793}, "datetime": {"datetime": "2021-09-27 19:46:35", "elapsed": 319.70706, "delta": 1.751568}}
{"target": -18.82693754912904, "params": {"max_depth": 14.429053465699605, "n_estimators": 20.86527921304349}, "datetime": {"datetime": "2021-09-27 19:46:37", "elapsed": 322.045209, "delta": 2.338149}}
{"target": -19.047613095800003, "params": {"max_depth": 19.428944992790505, "n_estimators": 25.86566357236993}, "datetime": {"datetime": "2021-09-27 19:46:40", "elapsed": 324.755012, "delta": 2.709803}}
{"target": -18.752255550333523, "params": {"max_depth": 18.165060422055397, "n_estimators": 25.558011594994113}, "datetime": {"datetime": "2021-09-27 19:46:42", "elapsed": 327.165261, "delta": 2.410249}}
{"target": -19.188054169228703, "params": {"max_depth": 22.877469573666932, "n_estimators": 17.865449148282007}, "datetime": {"datetime": "2021-09-27 19:46:44", "elapsed": 329.019176, "delta": 1.853915}}
{"target": -18.762590460948815, "params": {"max_depth": 39.43554578394954, "n_estimators": 19.712230014860218}, "datetime": {"datetime": "2021-09-27 19:46:46", "elapsed": 331.0409, "delta": 2.021724}}
{"target": -19.188054169228703, "params": {"max_depth": 31.991597019654133, "n_estimators": 17.0}, "datetime": {"datetime": "2021-09-27 19:46:49", "elapsed": 334.237424, "delta": 3.196524}}
{"target": -19.2639653854033, "params": {"max_depth": 12.468418267245857, "n_estimators": 25.71059527017945}, "datetime": {"datetime": "2021-09-27 19:46:51", "elapsed": 336.084189, "delta": 1.846765}}
{"target": -18.762590460948815, "params": {"max_depth": 32.1389689983565, "n_estimators": 19.242345878624374}, "datetime": {"datetime": "2021-09-27 19:46:53", "elapsed": 338.576238, "delta": 2.492049}}
{"target": -18.783297095040886, "params": {"max_depth": 35.612745036687365, "n_estimators": 21.664103477059456}, "datetime": {"datetime": "2021-09-27 19:46:55", "elapsed": 340.421881, "delta": 1.845643}}
{"target": -19.57984359997465, "params": {"max_depth": 8.08774909154246, "n_estimators": 19.836173702615522}, "datetime": {"datetime": "2021-09-27 19:46:57", "elapsed": 342.320684, "delta": 1.898803}}
{"target": -18.70214940677426, "params": {"max_depth": 27.925014024116688, "n_estimators": 20.310057070081548}, "datetime": {"datetime": "2021-09-27 19:46:59", "elapsed": 344.490575, "delta": 2.169891}}
{"target": -18.908292605089, "params": {"max_depth": 18.264225038900626, "n_estimators": 18.942395813570577}, "datetime": {"datetime": "2021-09-27 19:47:01", "elapsed": 346.316336, "delta": 1.825761}}
{"target": -18.804748488343513, "params": {"max_depth": 18.592066647071572, "n_estimators": 17.672921880031794}, "datetime": {"datetime": "2021-09-27 19:47:03", "elapsed": 348.542466, "delta": 2.22613}}
{"target": -19.21375075974592, "params": {"max_depth": 19.727230127635057, "n_estimators": 17.89134004779789}, "datetime": {"datetime": "2021-09-27 19:47:06", "elapsed": 351.166106, "delta": 2.62364}}
{"target": -19.20614940655454, "params": {"max_depth": 16.447730841052632, "n_estimators": 21.67099456528026}, "datetime": {"datetime": "2021-09-27 19:47:09", "elapsed": 353.605646, "delta": 2.43954}}
{"target": -19.01399519090919, "params": {"max_depth": 22.501587491158848, "n_estimators": 25.937067514486944}, "datetime": {"datetime": "2021-09-27 19:47:11", "elapsed": 356.076751, "delta": 2.471105}}
{"target": -19.206219539647556, "params": {"max_depth": 32.437514122355296, "n_estimators": 22.158107553130726}, "datetime": {"datetime": "2021-09-27 19:47:13", "elapsed": 358.062911, "delta": 1.98616}}
{"target": -19.188054169228703, "params": {"max_depth": 38.07781096175131, "n_estimators": 17.790935543547057}, "datetime": {"datetime": "2021-09-27 19:47:15", "elapsed": 359.774995, "delta": 1.712084}}
{"target": -18.70214940677426, "params": {"max_depth": 35.74974760682448, "n_estimators": 20.042188125645534}, "datetime": {"datetime": "2021-09-27 19:47:17", "elapsed": 362.277739, "delta": 2.502744}}
{"target": -19.188054169228703, "params": {"max_depth": 23.978228781923498, "n_estimators": 17.570299283805753}, "datetime": {"datetime": "2021-09-27 19:47:20", "elapsed": 365.306906, "delta": 3.029167}}
{"target": -19.195144046898925, "params": {"max_depth": 34.17970787238689, "n_estimators": 27.990700226474353}, "datetime": {"datetime": "2021-09-27 19:47:22", "elapsed": 367.439055, "delta": 2.132149}}
{"target": -18.762590460948815, "params": {"max_depth": 22.380229744914335, "n_estimators": 19.69846698100982}, "datetime": {"datetime": "2021-09-27 19:47:25", "elapsed": 369.673812, "delta": 2.234757}}
{"target": -18.783297095040886, "params": {"max_depth": 25.57476780051448, "n_estimators": 21.43672005586243}, "datetime": {"datetime": "2021-09-27 19:47:27", "elapsed": 372.369932, "delta": 2.69612}}
{"target": -19.195144046898925, "params": {"max_depth": 26.621548284309977, "n_estimators": 27.097052196540886}, "datetime": {"datetime": "2021-09-27 19:47:30", "elapsed": 374.924368, "delta": 2.554436}}
{"target": -18.888338755908972, "params": {"max_depth": 31.651591620829404, "n_estimators": 26.095944557518123}, "datetime": {"datetime": "2021-09-27 19:47:32", "elapsed": 376.845994, "delta": 1.921626}}
{"target": -19.188054169228703, "params": {"max_depth": 30.23448337261281, "n_estimators": 17.020488377537152}, "datetime": {"datetime": "2021-09-27 19:47:35", "elapsed": 379.666139, "delta": 2.820145}}
{"target": -19.276502890362547, "params": {"max_depth": 28.47221621729298, "n_estimators": 23.161329770459787}, "datetime": {"datetime": "2021-09-27 19:47:38", "elapsed": 382.920309, "delta": 3.25417}}
{"target": -19.276502890362547, "params": {"max_depth": 24.790836094951544, "n_estimators": 23.791646111866978}, "datetime": {"datetime": "2021-09-27 19:47:40", "elapsed": 385.205804, "delta": 2.285495}}
{"target": -19.155197258684627, "params": {"max_depth": 39.16668647715882, "n_estimators": 24.206082701045194}, "datetime": {"datetime": "2021-09-27 19:47:42", "elapsed": 387.249262, "delta": 2.043458}}
{"target": -18.762590460948815, "params": {"max_depth": 29.7586426585057, "n_estimators": 19.893932082763676}, "datetime": {"datetime": "2021-09-27 19:47:46", "elapsed": 391.08736, "delta": 3.838098}}
{"target": -18.83445566758489, "params": {"max_depth": 20.86096692401447, "n_estimators": 26.18531599331238}, "datetime": {"datetime": "2021-09-27 19:47:50", "elapsed": 395.351345, "delta": 4.263985}}
{"target": -19.01399519090919, "params": {"max_depth": 26.14031665268414, "n_estimators": 25.543480384790037}, "datetime": {"datetime": "2021-09-27 19:47:53", "elapsed": 397.882436, "delta": 2.531091}}
{"target": -19.155197258684627, "params": {"max_depth": 22.312143687162468, "n_estimators": 24.310386814099303}, "datetime": {"datetime": "2021-09-27 19:47:56", "elapsed": 401.00955, "delta": 3.127114}}
{"target": -18.762590460948815, "params": {"max_depth": 31.12048985252049, "n_estimators": 19.609994873844435}, "datetime": {"datetime": "2021-09-27 19:47:58", "elapsed": 403.409178, "delta": 2.399628}}
{"target": -19.283486856825455, "params": {"max_depth": 28.10545167404703, "n_estimators": 18.963726452910034}, "datetime": {"datetime": "2021-09-27 19:48:01", "elapsed": 405.934461, "delta": 2.525283}}
{"target": -18.888338755908972, "params": {"max_depth": 34.52258287759098, "n_estimators": 26.10111616089782}, "datetime": {"datetime": "2021-09-27 19:48:04", "elapsed": 408.741703, "delta": 2.807242}}
{"target": -18.70214940677426, "params": {"max_depth": 28.743029069663105, "n_estimators": 20.565901426347022}, "datetime": {"datetime": "2021-09-27 19:48:08", "elapsed": 412.854485, "delta": 4.112782}}
{"target": -18.718259007892616, "params": {"max_depth": 20.97563423806348, "n_estimators": 21.529335344958334}, "datetime": {"datetime": "2021-09-27 19:48:11", "elapsed": 415.608735, "delta": 2.75425}}
{"target": -18.762590460948815, "params": {"max_depth": 26.664030896613507, "n_estimators": 19.834088437153433}, "datetime": {"datetime": "2021-09-27 19:48:13", "elapsed": 418.070251, "delta": 2.461516}}
{"target": -18.762590460948815, "params": {"max_depth": 33.26776385965321, "n_estimators": 19.935006463014066}, "datetime": {"datetime": "2021-09-27 19:48:16", "elapsed": 420.959167, "delta": 2.888916}}
{"target": -18.783297095040886, "params": {"max_depth": 24.302818508414596, "n_estimators": 21.046894681548633}, "datetime": {"datetime": "2021-09-27 19:48:19", "elapsed": 424.201509, "delta": 3.242342}}
{"target": -19.608079361781513, "params": {"max_depth": 14.920466304347071, "n_estimators": 28.0}, "datetime": {"datetime": "2021-09-27 19:48:22", "elapsed": 426.804512, "delta": 2.603003}}
{"target": -19.195144046898925, "params": {"max_depth": 37.226665283477345, "n_estimators": 27.168922156833574}, "datetime": {"datetime": "2021-09-27 19:48:25", "elapsed": 430.053847, "delta": 3.249335}}
{"target": -19.105012542991144, "params": {"max_depth": 16.745188399766107, "n_estimators": 20.30715306229668}, "datetime": {"datetime": "2021-09-27 19:48:28", "elapsed": 433.334636, "delta": 3.280789}}
{"target": -19.01399519090919, "params": {"max_depth": 34.15755161124212, "n_estimators": 25.033408387139033}, "datetime": {"datetime": "2021-09-27 19:48:32", "elapsed": 437.038317, "delta": 3.703681}}
{"target": -19.155197258684627, "params": {"max_depth": 27.20829916919908, "n_estimators": 24.058888376902495}, "datetime": {"datetime": "2021-09-27 19:48:34", "elapsed": 439.428369, "delta": 2.390052}}
{"target": -18.37769605103362, "params": {"max_depth": 18.420178173985597, "n_estimators": 20.73858630655478}, "datetime": {"datetime": "2021-09-27 19:48:37", "elapsed": 441.735561, "delta": 2.307192}}
{"target": -19.14864603522048, "params": {"max_depth": 10.711532605681395, "n_estimators": 26.728652733213742}, "datetime": {"datetime": "2021-09-27 19:48:41", "elapsed": 445.774714, "delta": 4.039153}}
{"target": -19.696967009555948, "params": {"max_depth": 11.564311750641377, "n_estimators": 26.937373304893363}, "datetime": {"datetime": "2021-09-27 19:48:44", "elapsed": 449.276729, "delta": 3.502015}}
{"target": -20.239115914845755, "params": {"max_depth": 9.889196907677105, "n_estimators": 27.495042018130764}, "datetime": {"datetime": "2021-09-27 19:48:47", "elapsed": 452.555309, "delta": 3.27858}}
{"target": -19.548545511584205, "params": {"max_depth": 15.29320071128758, "n_estimators": 23.200961110091537}, "datetime": {"datetime": "2021-09-27 19:48:51", "elapsed": 455.669968, "delta": 3.114659}}
{"target": -19.56035348830106, "params": {"max_depth": 13.587306501523724, "n_estimators": 17.98041338511468}, "datetime": {"datetime": "2021-09-27 19:48:54", "elapsed": 458.724569, "delta": 3.054601}}
{"target": -18.783297095040886, "params": {"max_depth": 33.899323806692664, "n_estimators": 21.307062254771875}, "datetime": {"datetime": "2021-09-27 19:48:57", "elapsed": 461.85705, "delta": 3.132481}}
{"target": -19.276502890362547, "params": {"max_depth": 37.47110274983713, "n_estimators": 23.278266357607492}, "datetime": {"datetime": "2021-09-27 19:48:59", "elapsed": 464.204217, "delta": 2.347167}}
{"target": -19.31984938037279, "params": {"max_depth": 14.877716612097709, "n_estimators": 17.59235193081983}, "datetime": {"datetime": "2021-09-27 19:49:02", "elapsed": 467.227039, "delta": 3.022822}}
{"target": -18.762590460948815, "params": {"max_depth": 23.15851454196687, "n_estimators": 19.142269113148696}, "datetime": {"datetime": "2021-09-27 19:49:04", "elapsed": 469.427031, "delta": 2.199992}}
{"target": -19.155197258684627, "params": {"max_depth": 30.793343906920988, "n_estimators": 24.57012583281209}, "datetime": {"datetime": "2021-09-27 19:49:07", "elapsed": 472.003771, "delta": 2.57674}}
{"target": -19.25515059699048, "params": {"max_depth": 20.861907911318077, "n_estimators": 28.0}, "datetime": {"datetime": "2021-09-27 19:49:10", "elapsed": 475.570906, "delta": 3.567135}}
{"target": -18.90586365160183, "params": {"max_depth": 18.28323551444196, "n_estimators": 27.29726076992059}, "datetime": {"datetime": "2021-09-27 19:49:14", "elapsed": 479.521753, "delta": 3.950847}}
{"target": -19.195144046898925, "params": {"max_depth": 38.362363707429616, "n_estimators": 27.26709084928043}, "datetime": {"datetime": "2021-09-27 19:49:18", "elapsed": 483.261643, "delta": 3.73989}}
{"target": -19.195144046898925, "params": {"max_depth": 32.56788483756878, "n_estimators": 27.29705293159124}, "datetime": {"datetime": "2021-09-27 19:49:23", "elapsed": 487.645045, "delta": 4.383402}}
{"target": -19.01399519090919, "params": {"max_depth": 24.498397178634367, "n_estimators": 25.284983095925163}, "datetime": {"datetime": "2021-09-27 19:49:26", "elapsed": 491.431228, "delta": 3.786183}}
{"target": -18.70214940677426, "params": {"max_depth": 24.638951568552752, "n_estimators": 20.165613440841774}, "datetime": {"datetime": "2021-09-27 19:49:30", "elapsed": 495.451795, "delta": 4.020567}}
{"target": -19.206219539647556, "params": {"max_depth": 34.58230771097132, "n_estimators": 22.433966259426914}, "datetime": {"datetime": "2021-09-27 19:49:34", "elapsed": 498.981933, "delta": 3.530138}}
{"target": -18.458552036136656, "params": {"max_depth": 18.996553024469254, "n_estimators": 21.37541128201796}, "datetime": {"datetime": "2021-09-27 19:49:38", "elapsed": 502.784405, "delta": 3.802472}}
{"target": -19.512344966564854, "params": {"max_depth": 11.33490053560178, "n_estimators": 21.913248968504146}, "datetime": {"datetime": "2021-09-27 19:49:45", "elapsed": 509.611257, "delta": 6.826852}}
{"target": -18.885129298840166, "params": {"max_depth": 18.360876716768583, "n_estimators": 24.895729502184608}, "datetime": {"datetime": "2021-09-27 19:49:49", "elapsed": 513.790457, "delta": 4.1792}}
{"target": -18.762590460948815, "params": {"max_depth": 34.89655671153505, "n_estimators": 19.8368097774382}, "datetime": {"datetime": "2021-09-27 19:49:53", "elapsed": 518.501481, "delta": 4.711024}}
{"target": -18.60285388679395, "params": {"max_depth": 18.97855469898342, "n_estimators": 26.534784509742067}, "datetime": {"datetime": "2021-09-27 19:49:56", "elapsed": 521.385369, "delta": 2.883888}}
{"target": -18.70214940677426, "params": {"max_depth": 38.28812568792592, "n_estimators": 20.430720668928146}, "datetime": {"datetime": "2021-09-27 19:49:58", "elapsed": 523.526635, "delta": 2.141266}}
{"target": -18.762590460948815, "params": {"max_depth": 25.403245959093418, "n_estimators": 19.965987572110667}, "datetime": {"datetime": "2021-09-27 19:50:01", "elapsed": 526.355832, "delta": 2.829197}}
{"target": -19.247545568565233, "params": {"max_depth": 7.2542726226268215, "n_estimators": 25.374330315607438}, "datetime": {"datetime": "2021-09-27 19:50:04", "elapsed": 529.16205, "delta": 2.806218}}
{"target": -19.21315198569524, "params": {"max_depth": 20.567806378860695, "n_estimators": 23.720678934417325}, "datetime": {"datetime": "2021-09-27 19:50:09", "elapsed": 534.082215, "delta": 4.920165}}
{"target": -19.122099388954478, "params": {"max_depth": 12.353570491973052, "n_estimators": 19.78165341741665}, "datetime": {"datetime": "2021-09-27 19:50:11", "elapsed": 536.40266, "delta": 2.320445}}
