{"target": -19.01399519090919, "params": {"max_depth": 22.22041145105252, "n_estimators": 25.92530116502305}, "datetime": {"datetime": "2021-09-27 19:23:49", "elapsed": 233.623334, "delta": 1.199448}}
{"target": -19.40219608309588, "params": {"max_depth": 10.253659833304766, "n_estimators": 17.320956961822862}, "datetime": {"datetime": "2021-09-27 19:23:50", "elapsed": 235.12914, "delta": 1.505806}}
{"target": -20.60613486150112, "params": {"max_depth": 9.010504538357296, "n_estimators": 34.09767533065512}, "datetime": {"datetime": "2021-09-27 19:23:52", "elapsed": 236.736139, "delta": 1.606999}}
{"target": -19.71442998488794, "params": {"max_depth": 12.151625413045291, "n_estimators": 30.408061376846014}, "datetime": {"datetime": "2021-09-27 19:23:53", "elapsed": 237.92874, "delta": 1.192601}}
{"target": -19.926486698756715, "params": {"max_depth": 13.147853102902927, "n_estimators": 35.51378924712931}, "datetime": {"datetime": "2021-09-27 19:23:55", "elapsed": 239.989156, "delta": 2.060416}}
{"target": -19.733692655430414, "params": {"max_depth": 16.85203609816589, "n_estimators": 30.734919650272168}, "datetime": {"datetime": "2021-09-27 19:23:56", "elapsed": 241.473158, "delta": 1.484002}}
{"target": -19.540864374298952, "params": {"max_depth": 26.21190022288379, "n_estimators": 31.510851281544273}, "datetime": {"datetime": "2021-09-27 19:23:58", "elapsed": 243.04168, "delta": 1.568522}}
{"target": -18.811114551032112, "params": {"max_depth": 19.565542031190564, "n_estimators": 19.63867070962675}, "datetime": {"datetime": "2021-09-27 19:24:00", "elapsed": 245.33591, "delta": 2.29423}}
{"target": -20.024888199190052, "params": {"max_depth": 9.07425402963213, "n_estimators": 53.21737245834302}, "datetime": {"datetime": "2021-09-27 19:24:02", "elapsed": 246.930906, "delta": 1.594996}}
{"target": -19.674282405332136, "params": {"max_depth": 20.715226174097815, "n_estimators": 77.46623784817236}, "datetime": {"datetime": "2021-09-27 19:24:04", "elapsed": 248.819989, "delta": 1.889083}}
{"target": -19.206219539647556, "params": {"max_depth": 21.768612315665226, "n_estimators": 22.29630082336462}, "datetime": {"datetime": "2021-09-27 19:24:05", "elapsed": 250.40935, "delta": 1.589361}}
{"target": -20.168853937724215, "params": {"max_depth": 16.700435939941336, "n_estimators": 87.84999435458474}, "datetime": {"datetime": "2021-09-27 19:24:07", "elapsed": 252.152984, "delta": 1.743634}}
{"target": -19.467100543775125, "params": {"max_depth": 24.239703411976503, "n_estimators": 61.95161136904637}, "datetime": {"datetime": "2021-09-27 19:24:08", "elapsed": 253.476016, "delta": 1.323032}}
{"target": -19.26105388848036, "params": {"max_depth": 10.417192010666858, "n_estimators": 25.409411671352597}, "datetime": {"datetime": "2021-09-27 19:24:10", "elapsed": 254.630017, "delta": 1.154001}}
{"target": -19.64241653359359, "params": {"max_depth": 22.471368258214138, "n_estimators": 100.0}, "datetime": {"datetime": "2021-09-27 19:24:12", "elapsed": 256.689427, "delta": 2.05941}}
{"target": -19.88383906953952, "params": {"max_depth": 29.982060177426206, "n_estimators": 14.820314032334943}, "datetime": {"datetime": "2021-09-27 19:24:14", "elapsed": 258.688573, "delta": 1.999146}}
{"target": -19.492995986642025, "params": {"max_depth": 29.966112368759266, "n_estimators": 52.591299776742645}, "datetime": {"datetime": "2021-09-27 19:24:15", "elapsed": 260.303541, "delta": 1.614968}}
{"target": -19.538007068300004, "params": {"max_depth": 27.160777174521176, "n_estimators": 70.89463620400016}, "datetime": {"datetime": "2021-09-27 19:24:17", "elapsed": 262.133056, "delta": 1.829515}}
{"target": -19.21696636712141, "params": {"max_depth": 18.80658586728197, "n_estimators": 57.53061365712226}, "datetime": {"datetime": "2021-09-27 19:24:19", "elapsed": 264.118728, "delta": 1.985672}}
{"target": -19.338389443177714, "params": {"max_depth": 22.21618493502194, "n_estimators": 54.7187060254429}, "datetime": {"datetime": "2021-09-27 19:24:21", "elapsed": 265.930878, "delta": 1.81215}}
{"target": -19.93249884703143, "params": {"max_depth": 12.765806498239607, "n_estimators": 90.08116700651776}, "datetime": {"datetime": "2021-09-27 19:24:23", "elapsed": 267.73653, "delta": 1.805652}}
{"target": -19.530263175941236, "params": {"max_depth": 24.460432205802828, "n_estimators": 47.81710626480896}, "datetime": {"datetime": "2021-09-27 19:24:24", "elapsed": 269.172531, "delta": 1.436001}}
{"target": -19.293246694539917, "params": {"max_depth": 14.0891458982333, "n_estimators": 64.61943130555163}, "datetime": {"datetime": "2021-09-27 19:24:26", "elapsed": 270.939685, "delta": 1.767154}}
{"target": -19.794210764941607, "params": {"max_depth": 26.384806845102666, "n_estimators": 91.63237035933476}, "datetime": {"datetime": "2021-09-27 19:24:28", "elapsed": 272.794861, "delta": 1.855176}}
{"target": -19.321290871393078, "params": {"max_depth": 17.233526873268115, "n_estimators": 48.65424084398663}, "datetime": {"datetime": "2021-09-27 19:24:29", "elapsed": 274.200301, "delta": 1.40544}}
{"target": -18.888338755908972, "params": {"max_depth": 29.949609588118374, "n_estimators": 26.4998259930637}, "datetime": {"datetime": "2021-09-27 19:24:31", "elapsed": 276.040532, "delta": 1.840231}}
{"target": -19.790738145763328, "params": {"max_depth": 30.0, "n_estimators": 33.16561268800134}, "datetime": {"datetime": "2021-09-27 19:24:33", "elapsed": 278.022043, "delta": 1.981511}}
{"target": -19.599518690581068, "params": {"max_depth": 16.69880196918982, "n_estimators": 27.698297967659226}, "datetime": {"datetime": "2021-09-27 19:24:34", "elapsed": 279.404043, "delta": 1.382}}
{"target": -19.563388117433703, "params": {"max_depth": 27.954445936658075, "n_estimators": 60.251669703555734}, "datetime": {"datetime": "2021-09-27 19:24:36", "elapsed": 281.103042, "delta": 1.698999}}
{"target": -19.33101882691386, "params": {"max_depth": 15.82196245311648, "n_estimators": 72.38070753472243}, "datetime": {"datetime": "2021-09-27 19:24:39", "elapsed": 283.499406, "delta": 2.396364}}
{"target": -19.538007068300004, "params": {"max_depth": 30.0, "n_estimators": 70.03373563335863}, "datetime": {"datetime": "2021-09-27 19:24:41", "elapsed": 285.781036, "delta": 2.28163}}
{"target": -19.266732498048004, "params": {"max_depth": 14.851652662584627, "n_estimators": 56.0807525142722}, "datetime": {"datetime": "2021-09-27 19:24:43", "elapsed": 287.780562, "delta": 1.999526}}
{"target": -19.703738969245528, "params": {"max_depth": 27.79349289012776, "n_estimators": 77.06016291790266}, "datetime": {"datetime": "2021-09-27 19:24:45", "elapsed": 290.055184, "delta": 2.274622}}
{"target": -19.64737898760314, "params": {"max_depth": 13.941529787639151, "n_estimators": 46.46383728229918}, "datetime": {"datetime": "2021-09-27 19:24:47", "elapsed": 291.825842, "delta": 1.770658}}
{"target": -18.783297095040886, "params": {"max_depth": 26.192238137952568, "n_estimators": 21.909836243450783}, "datetime": {"datetime": "2021-09-27 19:24:48", "elapsed": 292.993837, "delta": 1.167995}}
{"target": -19.85770789386895, "params": {"max_depth": 27.70282426196144, "n_estimators": 37.10337456911921}, "datetime": {"datetime": "2021-09-27 19:24:50", "elapsed": 294.837864, "delta": 1.844027}}
{"target": -19.579956128260363, "params": {"max_depth": 12.682834093334286, "n_estimators": 17.423230645828877}, "datetime": {"datetime": "2021-09-27 19:24:51", "elapsed": 296.424574, "delta": 1.58671}}
{"target": -19.80755030300815, "params": {"max_depth": 30.0, "n_estimators": 89.55726472619439}, "datetime": {"datetime": "2021-09-27 19:24:53", "elapsed": 298.161047, "delta": 1.736473}}
{"target": -19.958903635622224, "params": {"max_depth": 12.694079133299986, "n_estimators": 83.7914055209638}, "datetime": {"datetime": "2021-09-27 19:24:55", "elapsed": 300.455564, "delta": 2.294517}}
{"target": -20.104372356150588, "params": {"max_depth": 11.757050525756512, "n_estimators": 38.23101213449252}, "datetime": {"datetime": "2021-09-27 19:24:58", "elapsed": 302.672567, "delta": 2.217003}}
{"target": -19.675419068529028, "params": {"max_depth": 15.93876833455378, "n_estimators": 37.982613225232065}, "datetime": {"datetime": "2021-09-27 19:25:00", "elapsed": 304.722085, "delta": 2.049518}}
{"target": -19.411050952664876, "params": {"max_depth": 19.978099744947727, "n_estimators": 29.07642540701869}, "datetime": {"datetime": "2021-09-27 19:25:02", "elapsed": 306.496309, "delta": 1.774224}}
{"target": -19.368438424004953, "params": {"max_depth": 18.40017177216121, "n_estimators": 33.904239956349755}, "datetime": {"datetime": "2021-09-27 19:25:03", "elapsed": 308.091159, "delta": 1.59485}}
{"target": -19.321905348025453, "params": {"max_depth": 14.226898153944235, "n_estimators": 49.3010213004631}, "datetime": {"datetime": "2021-09-27 19:25:05", "elapsed": 310.475735, "delta": 2.384576}}
{"target": -19.60549661325657, "params": {"max_depth": 12.27555725573025, "n_estimators": 27.35488315041703}, "datetime": {"datetime": "2021-09-27 19:25:07", "elapsed": 312.223137, "delta": 1.747402}}
{"target": -19.409963950831326, "params": {"max_depth": 23.87420040363761, "n_estimators": 56.92102478167048}, "datetime": {"datetime": "2021-09-27 19:25:09", "elapsed": 314.116139, "delta": 1.893002}}
{"target": -19.418609242928024, "params": {"max_depth": 14.414736420312906, "n_estimators": 24.04764661021811}, "datetime": {"datetime": "2021-09-27 19:25:11", "elapsed": 315.72282, "delta": 1.606681}}
{"target": -19.519769150871888, "params": {"max_depth": 20.120406530248193, "n_estimators": 59.78317390083832}, "datetime": {"datetime": "2021-09-27 19:25:13", "elapsed": 317.698113, "delta": 1.975293}}
{"target": -19.756725884808002, "params": {"max_depth": 22.91424848944701, "n_estimators": 42.72422368684402}, "datetime": {"datetime": "2021-09-27 19:25:15", "elapsed": 319.948686, "delta": 2.250573}}
{"target": -18.70214940677426, "params": {"max_depth": 27.140344820691894, "n_estimators": 20.877593458274895}, "datetime": {"datetime": "2021-09-27 19:25:17", "elapsed": 321.619685, "delta": 1.670999}}
{"target": -19.01399519090919, "params": {"max_depth": 28.637863952061267, "n_estimators": 25.704104174995997}, "datetime": {"datetime": "2021-09-27 19:25:18", "elapsed": 323.409867, "delta": 1.790182}}
{"target": -19.49472237029923, "params": {"max_depth": 27.513318641708313, "n_estimators": 48.63361589477913}, "datetime": {"datetime": "2021-09-27 19:25:20", "elapsed": 325.355898, "delta": 1.946031}}
{"target": -18.37769605103362, "params": {"max_depth": 18.4740562167954, "n_estimators": 20.678327754972727}, "datetime": {"datetime": "2021-09-27 19:25:22", "elapsed": 326.934335, "delta": 1.578437}}
{"target": -19.730968030533653, "params": {"max_depth": 28.854176438587146, "n_estimators": 80.5059626168312}, "datetime": {"datetime": "2021-09-27 19:25:24", "elapsed": 329.257493, "delta": 2.323158}}
{"target": -18.74712997716991, "params": {"max_depth": 19.021685597977278, "n_estimators": 20.701386470592723}, "datetime": {"datetime": "2021-09-27 19:25:26", "elapsed": 331.040736, "delta": 1.783243}}
{"target": -40.02445346858938, "params": {"max_depth": 1.0700178664854412, "n_estimators": 88.4082611546972}, "datetime": {"datetime": "2021-09-27 19:25:28", "elapsed": 333.395898, "delta": 2.355162}}
{"target": -24.271854827021606, "params": {"max_depth": 3.89797869481494, "n_estimators": 22.70596208969076}, "datetime": {"datetime": "2021-09-27 19:25:30", "elapsed": 334.959141, "delta": 1.563243}}
{"target": -21.519484685374678, "params": {"max_depth": 28.826340287273034, "n_estimators": 7.64573750864477}, "datetime": {"datetime": "2021-09-27 19:25:31", "elapsed": 336.232679, "delta": 1.273538}}
{"target": -40.3635042636621, "params": {"max_depth": 1.086146052739264, "n_estimators": 46.072974925631414}, "datetime": {"datetime": "2021-09-27 19:25:33", "elapsed": 337.700677, "delta": 1.467998}}
{"target": -21.22697177356089, "params": {"max_depth": 10.602119546431728, "n_estimators": 3.796781687609944}, "datetime": {"datetime": "2021-09-27 19:25:35", "elapsed": 340.090151, "delta": 2.389474}}
{"target": -20.305068343451847, "params": {"max_depth": 8.351331963426931, "n_estimators": 76.89512087817737}, "datetime": {"datetime": "2021-09-27 19:25:37", "elapsed": 341.798057, "delta": 1.707906}}
{"target": -22.14281331547104, "params": {"max_depth": 24.14918616040944, "n_estimators": 6.045371755240381}, "datetime": {"datetime": "2021-09-27 19:25:38", "elapsed": 343.272708, "delta": 1.474651}}
{"target": -20.67861176337069, "params": {"max_depth": 6.351159447776695, "n_estimators": 50.58105973926542}, "datetime": {"datetime": "2021-09-27 19:25:40", "elapsed": 345.325204, "delta": 2.052496}}
{"target": -40.07001263109417, "params": {"max_depth": 1.1343818567116721, "n_estimators": 65.12023858238997}, "datetime": {"datetime": "2021-09-27 19:25:42", "elapsed": 347.427105, "delta": 2.101901}}
{"target": -21.120456455305696, "params": {"max_depth": 5.673657902707227, "n_estimators": 72.7199099760771}, "datetime": {"datetime": "2021-09-27 19:25:45", "elapsed": 349.85082, "delta": 2.423715}}
{"target": -21.04561554896713, "params": {"max_depth": 14.359927969893423, "n_estimators": 7.613180343049634}, "datetime": {"datetime": "2021-09-27 19:25:46", "elapsed": 351.30082, "delta": 1.45}}
{"target": -20.271282999252755, "params": {"max_depth": 8.204298092162052, "n_estimators": 80.53809161017055}, "datetime": {"datetime": "2021-09-27 19:25:49", "elapsed": 353.836182, "delta": 2.535362}}
{"target": -19.474665893344806, "params": {"max_depth": 7.669231137475199, "n_estimators": 27.507322710198476}, "datetime": {"datetime": "2021-09-27 19:25:51", "elapsed": 355.959547, "delta": 2.123365}}
{"target": -40.06776940299349, "params": {"max_depth": 1.1966116800371256, "n_estimators": 37.6847537937591}, "datetime": {"datetime": "2021-09-27 19:25:53", "elapsed": 357.733545, "delta": 1.773998}}
{"target": -20.844556823908206, "params": {"max_depth": 6.743980887947402, "n_estimators": 42.116963624276025}, "datetime": {"datetime": "2021-09-27 19:25:54", "elapsed": 359.371729, "delta": 1.638184}}
{"target": -20.157967222283503, "params": {"max_depth": 7.314992979286676, "n_estimators": 92.49493716741648}, "datetime": {"datetime": "2021-09-27 19:25:57", "elapsed": 361.646333, "delta": 2.274604}}
{"target": -20.358630621355037, "params": {"max_depth": 8.145533583916201, "n_estimators": 30.623235331638814}, "datetime": {"datetime": "2021-09-27 19:25:58", "elapsed": 363.116065, "delta": 1.469732}}
{"target": -31.242020918506825, "params": {"max_depth": 9.61946873701123, "n_estimators": 1.0862979337354524}, "datetime": {"datetime": "2021-09-27 19:26:00", "elapsed": 365.048343, "delta": 1.932278}}
{"target": -23.297739636586215, "params": {"max_depth": 11.283410041955896, "n_estimators": 6.404506702819173}, "datetime": {"datetime": "2021-09-27 19:26:02", "elapsed": 366.992874, "delta": 1.944531}}
{"target": -19.669623640012997, "params": {"max_depth": 7.876970236126456, "n_estimators": 56.93011862881108}, "datetime": {"datetime": "2021-09-27 19:26:04", "elapsed": 369.450853, "delta": 2.457979}}
{"target": -20.442307788679848, "params": {"max_depth": 12.826896203164878, "n_estimators": 14.146409257136513}, "datetime": {"datetime": "2021-09-27 19:26:06", "elapsed": 371.469935, "delta": 2.019082}}
{"target": -19.86792660661079, "params": {"max_depth": 7.0111223029286815, "n_estimators": 70.18840552521547}, "datetime": {"datetime": "2021-09-27 19:26:09", "elapsed": 374.185579, "delta": 2.715644}}
{"target": -39.55745298280436, "params": {"max_depth": 1.277687617892029, "n_estimators": 99.97513874920837}, "datetime": {"datetime": "2021-09-27 19:26:11", "elapsed": 376.112581, "delta": 1.927002}}
{"target": -40.08730260498755, "params": {"max_depth": 1.0013532407958743, "n_estimators": 72.18737348241153}, "datetime": {"datetime": "2021-09-27 19:26:14", "elapsed": 378.507405, "delta": 2.394824}}
{"target": -20.093830950684126, "params": {"max_depth": 7.369259078849974, "n_estimators": 83.42063159106665}, "datetime": {"datetime": "2021-09-27 19:26:15", "elapsed": 380.449719, "delta": 1.942314}}
{"target": -19.825151255056124, "params": {"max_depth": 24.402221828709063, "n_estimators": 87.39029470138493}, "datetime": {"datetime": "2021-09-27 19:26:18", "elapsed": 382.509948, "delta": 2.060229}}
{"target": -20.45037501968934, "params": {"max_depth": 6.658219618871852, "n_estimators": 67.44631200385669}, "datetime": {"datetime": "2021-09-27 19:26:20", "elapsed": 384.788511, "delta": 2.278563}}
{"target": -21.9248676346954, "params": {"max_depth": 21.88702080595677, "n_estimators": 9.75105795466438}, "datetime": {"datetime": "2021-09-27 19:26:21", "elapsed": 386.362154, "delta": 1.573643}}
{"target": -22.29329706687243, "params": {"max_depth": 17.049106394134093, "n_estimators": 9.158038344304927}, "datetime": {"datetime": "2021-09-27 19:26:23", "elapsed": 387.999157, "delta": 1.637003}}
{"target": -20.223643707023562, "params": {"max_depth": 8.874375175433359, "n_estimators": 97.92882759032793}, "datetime": {"datetime": "2021-09-27 19:26:26", "elapsed": 390.812683, "delta": 2.813526}}
{"target": -19.75830657493809, "params": {"max_depth": 7.274769516936082, "n_estimators": 61.65008334940259}, "datetime": {"datetime": "2021-09-27 19:26:28", "elapsed": 393.111434, "delta": 2.298751}}
{"target": -20.883531687181854, "params": {"max_depth": 27.546199771937733, "n_estimators": 10.607598501513792}, "datetime": {"datetime": "2021-09-27 19:26:31", "elapsed": 395.925026, "delta": 2.813592}}
{"target": -19.881775230904676, "params": {"max_depth": 19.1599375687628, "n_estimators": 89.15723109910208}, "datetime": {"datetime": "2021-09-27 19:26:33", "elapsed": 398.051038, "delta": 2.126012}}
{"target": -20.474360229111486, "params": {"max_depth": 6.882490881758168, "n_estimators": 25.09518955526394}, "datetime": {"datetime": "2021-09-27 19:26:36", "elapsed": 400.494515, "delta": 2.443477}}
{"target": -19.734104270002565, "params": {"max_depth": 25.47634985196874, "n_estimators": 38.68539677654167}, "datetime": {"datetime": "2021-09-27 19:26:37", "elapsed": 402.329693, "delta": 1.835178}}
{"target": -19.76057233067496, "params": {"max_depth": 25.895729913033026, "n_estimators": 82.61221590861008}, "datetime": {"datetime": "2021-09-27 19:26:40", "elapsed": 404.782546, "delta": 2.452853}}
{"target": -19.600439326590607, "params": {"max_depth": 10.360246325464677, "n_estimators": 75.52375415285718}, "datetime": {"datetime": "2021-09-27 19:26:42", "elapsed": 407.057547, "delta": 2.275001}}
{"target": -22.849567976489904, "params": {"max_depth": 5.292058724808827, "n_estimators": 7.1018530875331125}, "datetime": {"datetime": "2021-09-27 19:26:44", "elapsed": 408.646946, "delta": 1.589399}}
{"target": -19.247334073252254, "params": {"max_depth": 19.676334352367245, "n_estimators": 22.113792651284676}, "datetime": {"datetime": "2021-09-27 19:26:46", "elapsed": 410.976121, "delta": 2.329175}}
{"target": -31.993381049307718, "params": {"max_depth": 24.157765157838575, "n_estimators": 1.8892982626204615}, "datetime": {"datetime": "2021-09-27 19:26:48", "elapsed": 412.617544, "delta": 1.641423}}
{"target": -20.08353833921639, "params": {"max_depth": 7.621536744047548, "n_estimators": 74.37923579138811}, "datetime": {"datetime": "2021-09-27 19:26:49", "elapsed": 414.450213, "delta": 1.832669}}
{"target": -20.534009088317585, "params": {"max_depth": 6.192552776382859, "n_estimators": 53.87448254393548}, "datetime": {"datetime": "2021-09-27 19:26:52", "elapsed": 417.156314, "delta": 2.706101}}
{"target": -19.562454461133104, "params": {"max_depth": 22.905184195691685, "n_estimators": 59.568446900088375}, "datetime": {"datetime": "2021-09-27 19:26:54", "elapsed": 419.243612, "delta": 2.087298}}
{"target": -19.70765258301542, "params": {"max_depth": 22.92792041105378, "n_estimators": 78.40188571015992}, "datetime": {"datetime": "2021-09-27 19:26:57", "elapsed": 421.921037, "delta": 2.677425}}
{"target": -43.77722133336066, "params": {"max_depth": 1.0, "n_estimators": 8.014735954302862}, "datetime": {"datetime": "2021-09-27 19:26:58", "elapsed": 423.345103, "delta": 1.424066}}
{"target": -21.089949458448213, "params": {"max_depth": 7.852217198731727, "n_estimators": 5.433530533351021}, "datetime": {"datetime": "2021-09-27 19:27:01", "elapsed": 425.511947, "delta": 2.166844}}
{"target": -19.77838248288056, "params": {"max_depth": 7.0459998617049635, "n_estimators": 45.62919464715566}, "datetime": {"datetime": "2021-09-27 19:27:03", "elapsed": 428.278953, "delta": 2.767006}}
{"target": -19.719844594837642, "params": {"max_depth": 21.128540754596436, "n_estimators": 97.65997589673648}, "datetime": {"datetime": "2021-09-27 19:27:06", "elapsed": 431.164467, "delta": 2.885514}}
{"target": -19.81815481541659, "params": {"max_depth": 7.440797755214963, "n_estimators": 59.31197668063758}, "datetime": {"datetime": "2021-09-27 19:27:08", "elapsed": 433.389625, "delta": 2.225158}}
{"target": -20.065979485340517, "params": {"max_depth": 12.37532472747714, "n_estimators": 33.13342071324045}, "datetime": {"datetime": "2021-09-27 19:27:10", "elapsed": 435.458676, "delta": 2.069051}}
{"target": -19.827666133454613, "params": {"max_depth": 19.02344962348104, "n_estimators": 75.1621503751212}, "datetime": {"datetime": "2021-09-27 19:27:13", "elapsed": 437.868934, "delta": 2.410258}}
{"target": -19.41803476513946, "params": {"max_depth": 14.536133574652403, "n_estimators": 94.69415303645266}, "datetime": {"datetime": "2021-09-27 19:27:16", "elapsed": 440.850946, "delta": 2.982012}}
{"target": -21.1680506459879, "params": {"max_depth": 5.6307473324520005, "n_estimators": 94.60920869527425}, "datetime": {"datetime": "2021-09-27 19:27:19", "elapsed": 444.215908, "delta": 3.364962}}
{"target": -19.674036972591324, "params": {"max_depth": 28.03300887002286, "n_estimators": 34.210684383233996}, "datetime": {"datetime": "2021-09-27 19:27:23", "elapsed": 447.757509, "delta": 3.541601}}
