{"target": -17.939831841465473, "params": {"max_depth": 11.14691071341277, "n_estimators": 220.9230456294646}, "datetime": {"datetime": "2021-09-27 20:06:12", "elapsed": 964.939132, "delta": 5.347445}}
{"target": -17.831678412712776, "params": {"max_depth": 25.275831252732424, "n_estimators": 177.1081650346162}, "datetime": {"datetime": "2021-09-27 20:06:18", "elapsed": 970.295046, "delta": 5.355914}}
{"target": -17.917989716206037, "params": {"max_depth": 11.01108355741645, "n_estimators": 212.65364180639222}, "datetime": {"datetime": "2021-09-27 20:06:23", "elapsed": 975.938549, "delta": 5.643503}}
{"target": -17.85498402207193, "params": {"max_depth": 21.359969622225467, "n_estimators": 183.61849305302255}, "datetime": {"datetime": "2021-09-27 20:06:28", "elapsed": 980.849476, "delta": 4.910927}}
{"target": -17.64179093485986, "params": {"max_depth": 27.579292017633385, "n_estimators": 135.85793758768423}, "datetime": {"datetime": "2021-09-27 20:06:32", "elapsed": 984.974945, "delta": 4.125469}}
{"target": -17.569314299743343, "params": {"max_depth": 35.0, "n_estimators": 109.2605507129959}, "datetime": {"datetime": "2021-09-27 20:06:37", "elapsed": 989.640748, "delta": 4.665803}}
{"target": -17.554812072443667, "params": {"max_depth": 20.72548166627368, "n_estimators": 110.80548841435886}, "datetime": {"datetime": "2021-09-27 20:06:41", "elapsed": 993.545948, "delta": 3.9052}}
{"target": -17.569392703960247, "params": {"max_depth": 19.743824634954347, "n_estimators": 109.61577967013031}, "datetime": {"datetime": "2021-09-27 20:06:45", "elapsed": 997.180745, "delta": 3.634797}}
{"target": -17.837452108427993, "params": {"max_depth": 17.97968868919469, "n_estimators": 198.60515329781407}, "datetime": {"datetime": "2021-09-27 20:06:49", "elapsed": 1001.814492, "delta": 4.633747}}
{"target": -17.851732664359314, "params": {"max_depth": 32.042570887296364, "n_estimators": 182.00997955909813}, "datetime": {"datetime": "2021-09-27 20:06:54", "elapsed": 1006.551372, "delta": 4.73688}}
{"target": -17.5767869986493, "params": {"max_depth": 26.208609486473073, "n_estimators": 104.95917246624813}, "datetime": {"datetime": "2021-09-27 20:06:58", "elapsed": 1010.550533, "delta": 3.999161}}
{"target": -17.62953534037857, "params": {"max_depth": 19.472852587937606, "n_estimators": 100.03160965015353}, "datetime": {"datetime": "2021-09-27 20:07:02", "elapsed": 1014.605909, "delta": 4.055376}}
{"target": -17.561610417337945, "params": {"max_depth": 31.205295382949483, "n_estimators": 110.45543192806694}, "datetime": {"datetime": "2021-09-27 20:07:06", "elapsed": 1018.451663, "delta": 3.845754}}
{"target": -17.624753182747806, "params": {"max_depth": 18.235755703831188, "n_estimators": 132.63390864594035}, "datetime": {"datetime": "2021-09-27 20:07:12", "elapsed": 1024.887533, "delta": 6.43587}}
{"target": -17.702909221041143, "params": {"max_depth": 22.740846726598736, "n_estimators": 143.46097352358325}, "datetime": {"datetime": "2021-09-27 20:07:16", "elapsed": 1028.719364, "delta": 3.831831}}
{"target": -17.59724032253029, "params": {"max_depth": 19.551374939457546, "n_estimators": 130.71399219662382}, "datetime": {"datetime": "2021-09-27 20:07:20", "elapsed": 1032.821894, "delta": 4.10253}}
{"target": -17.607924255933032, "params": {"max_depth": 18.27227570425174, "n_estimators": 135.0327474517812}, "datetime": {"datetime": "2021-09-27 20:07:24", "elapsed": 1036.357913, "delta": 3.536019}}
{"target": -17.626787654771572, "params": {"max_depth": 33.36881460118331, "n_estimators": 114.91409035188967}, "datetime": {"datetime": "2021-09-27 20:07:28", "elapsed": 1040.149738, "delta": 3.791825}}
{"target": -17.61772615525487, "params": {"max_depth": 27.575835806852787, "n_estimators": 101.71969952070613}, "datetime": {"datetime": "2021-09-27 20:07:32", "elapsed": 1044.611717, "delta": 4.461979}}
{"target": -17.654664729548983, "params": {"max_depth": 34.29764750080473, "n_estimators": 123.36220555819534}, "datetime": {"datetime": "2021-09-27 20:07:35", "elapsed": 1047.965715, "delta": 3.353998}}
{"target": -17.64200472367856, "params": {"max_depth": 29.57403129485734, "n_estimators": 126.01072567543596}, "datetime": {"datetime": "2021-09-27 20:07:39", "elapsed": 1051.629525, "delta": 3.66381}}
{"target": -17.63328034496236, "params": {"max_depth": 34.28407291320765, "n_estimators": 133.03888828600026}, "datetime": {"datetime": "2021-09-27 20:07:45", "elapsed": 1057.104092, "delta": 5.474567}}
{"target": -17.544772535210896, "params": {"max_depth": 16.69220693695466, "n_estimators": 103.31890580288963}, "datetime": {"datetime": "2021-09-27 20:07:49", "elapsed": 1061.3125, "delta": 4.208408}}
{"target": -17.470264486542536, "params": {"max_depth": 15.455960597099265, "n_estimators": 104.74870647042854}, "datetime": {"datetime": "2021-09-27 20:07:52", "elapsed": 1064.168659, "delta": 2.856159}}
{"target": -17.560781875899472, "params": {"max_depth": 14.996614820501929, "n_estimators": 105.52105350903642}, "datetime": {"datetime": "2021-09-27 20:07:55", "elapsed": 1067.738575, "delta": 3.569916}}
{"target": -17.53593731766899, "params": {"max_depth": 16.059042163319774, "n_estimators": 104.5817204225782}, "datetime": {"datetime": "2021-09-27 20:07:59", "elapsed": 1071.95282, "delta": 4.214245}}
{"target": -17.81632425335588, "params": {"max_depth": 14.520852641743812, "n_estimators": 155.83592726851379}, "datetime": {"datetime": "2021-09-27 20:08:03", "elapsed": 1075.503241, "delta": 3.550421}}
{"target": -17.880922597527213, "params": {"max_depth": 31.439681771024848, "n_estimators": 202.94040765104558}, "datetime": {"datetime": "2021-09-27 20:08:09", "elapsed": 1081.991746, "delta": 6.488505}}
{"target": -17.599408673185767, "params": {"max_depth": 18.577186190019162, "n_estimators": 104.1237341568696}, "datetime": {"datetime": "2021-09-27 20:08:13", "elapsed": 1085.58626, "delta": 3.594514}}
{"target": -17.88291993717051, "params": {"max_depth": 28.475114789568593, "n_estimators": 216.96276978019245}, "datetime": {"datetime": "2021-09-27 20:08:18", "elapsed": 1090.519631, "delta": 4.933371}}
{"target": -17.470264486542536, "params": {"max_depth": 15.383625230249356, "n_estimators": 104.21134816539114}, "datetime": {"datetime": "2021-09-27 20:08:22", "elapsed": 1094.947387, "delta": 4.427756}}
{"target": -17.64179093485986, "params": {"max_depth": 32.61176126854518, "n_estimators": 135.19814958855943}, "datetime": {"datetime": "2021-09-27 20:08:26", "elapsed": 1098.789779, "delta": 3.842392}}
{"target": -17.865179472816585, "params": {"max_depth": 27.70316030889435, "n_estimators": 210.02478479476525}, "datetime": {"datetime": "2021-09-27 20:08:33", "elapsed": 1105.331581, "delta": 6.541802}}
{"target": -17.815556154530622, "params": {"max_depth": 29.70944024617069, "n_estimators": 156.18831432408018}, "datetime": {"datetime": "2021-09-27 20:08:37", "elapsed": 1109.472625, "delta": 4.141044}}
{"target": -17.61761005733162, "params": {"max_depth": 24.150412676586743, "n_estimators": 100.01275324523341}, "datetime": {"datetime": "2021-09-27 20:08:40", "elapsed": 1112.848737, "delta": 3.376112}}
{"target": -17.566435573857085, "params": {"max_depth": 27.693698505604964, "n_estimators": 111.76316749224323}, "datetime": {"datetime": "2021-09-27 20:08:44", "elapsed": 1116.620027, "delta": 3.77129}}
{"target": -17.589483569535037, "params": {"max_depth": 33.70569130768844, "n_estimators": 103.84104910365645}, "datetime": {"datetime": "2021-09-27 20:08:48", "elapsed": 1120.592222, "delta": 3.972195}}
{"target": -17.630940636321395, "params": {"max_depth": 33.64523550318562, "n_estimators": 119.18769190296312}, "datetime": {"datetime": "2021-09-27 20:08:54", "elapsed": 1126.343138, "delta": 5.750916}}
{"target": -17.485506016380146, "params": {"max_depth": 15.881100350841255, "n_estimators": 107.10730839796331}, "datetime": {"datetime": "2021-09-27 20:08:59", "elapsed": 1131.838673, "delta": 5.495535}}
{"target": -17.81914780041958, "params": {"max_depth": 34.945798391782304, "n_estimators": 154.05267793961514}, "datetime": {"datetime": "2021-09-27 20:09:05", "elapsed": 1137.6743, "delta": 5.835627}}
{"target": -17.92986092817264, "params": {"max_depth": 25.94144116260849, "n_estimators": 245.55955059200636}, "datetime": {"datetime": "2021-09-27 20:09:10", "elapsed": 1142.095141, "delta": 4.420841}}
{"target": -17.76046432041732, "params": {"max_depth": 14.270507366284894, "n_estimators": 162.82641669707397}, "datetime": {"datetime": "2021-09-27 20:09:14", "elapsed": 1146.51791, "delta": 4.422769}}
{"target": -17.88157938740629, "params": {"max_depth": 31.83802541403831, "n_estimators": 170.38195578846103}, "datetime": {"datetime": "2021-09-27 20:09:19", "elapsed": 1151.470988, "delta": 4.953078}}
{"target": -17.598658310643142, "params": {"max_depth": 22.8716326675541, "n_estimators": 106.81208644232949}, "datetime": {"datetime": "2021-09-27 20:09:23", "elapsed": 1155.136641, "delta": 3.665653}}
{"target": -17.65495265789847, "params": {"max_depth": 33.01873162223575, "n_estimators": 127.16899391568974}, "datetime": {"datetime": "2021-09-27 20:09:26", "elapsed": 1158.954142, "delta": 3.817501}}
{"target": -17.598658310643142, "params": {"max_depth": 26.777159112709562, "n_estimators": 106.90923459534325}, "datetime": {"datetime": "2021-09-27 20:09:31", "elapsed": 1163.712781, "delta": 4.758639}}
{"target": -17.749793334830432, "params": {"max_depth": 25.201947373321367, "n_estimators": 151.22930186906177}, "datetime": {"datetime": "2021-09-27 20:09:37", "elapsed": 1169.177732, "delta": 5.464951}}
{"target": -17.61772615525487, "params": {"max_depth": 22.425086759224122, "n_estimators": 101.30211418184277}, "datetime": {"datetime": "2021-09-27 20:09:42", "elapsed": 1174.025181, "delta": 4.847449}}
{"target": -17.553333955930178, "params": {"max_depth": 20.384374553994558, "n_estimators": 105.87857398120822}, "datetime": {"datetime": "2021-09-27 20:09:46", "elapsed": 1178.638811, "delta": 4.61363}}
{"target": -17.821791882820666, "params": {"max_depth": 13.136955803678621, "n_estimators": 228.4979829836177}, "datetime": {"datetime": "2021-09-27 20:09:52", "elapsed": 1184.406358, "delta": 5.767547}}
{"target": -17.645395845166114, "params": {"max_depth": 18.375935921605404, "n_estimators": 119.11498681726151}, "datetime": {"datetime": "2021-09-27 20:09:55", "elapsed": 1187.945708, "delta": 3.53935}}
{"target": -17.587423153033797, "params": {"max_depth": 30.858063772208123, "n_estimators": 108.35168005850501}, "datetime": {"datetime": "2021-09-27 20:09:59", "elapsed": 1191.279437, "delta": 3.333729}}
{"target": -17.576973814437753, "params": {"max_depth": 20.80185297376564, "n_estimators": 117.38858134132656}, "datetime": {"datetime": "2021-09-27 20:10:03", "elapsed": 1195.500826, "delta": 4.221389}}
{"target": -17.5767869986493, "params": {"max_depth": 27.524742570444857, "n_estimators": 104.20001454812234}, "datetime": {"datetime": "2021-09-27 20:10:06", "elapsed": 1198.884041, "delta": 3.383215}}
{"target": -17.576255069990342, "params": {"max_depth": 20.081434319399794, "n_estimators": 112.41876320810567}, "datetime": {"datetime": "2021-09-27 20:10:11", "elapsed": 1203.59509, "delta": 4.711049}}
{"target": -17.602386997988553, "params": {"max_depth": 17.194833435737227, "n_estimators": 122.01735904479017}, "datetime": {"datetime": "2021-09-27 20:10:16", "elapsed": 1208.103583, "delta": 4.508493}}
{"target": -17.662100343923175, "params": {"max_depth": 21.690734315378812, "n_estimators": 139.26988602893215}, "datetime": {"datetime": "2021-09-27 20:10:19", "elapsed": 1211.788931, "delta": 3.685348}}
{"target": -17.58596343227489, "params": {"max_depth": 34.935631720144094, "n_estimators": 107.24548724891908}, "datetime": {"datetime": "2021-09-27 20:10:23", "elapsed": 1215.88453, "delta": 4.095599}}
{"target": -17.657590919177295, "params": {"max_depth": 34.99759743281128, "n_estimators": 136.93745499385955}, "datetime": {"datetime": "2021-09-27 20:10:28", "elapsed": 1220.843755, "delta": 4.959225}}
{"target": -17.52159741884364, "params": {"max_depth": 16.234142838911797, "n_estimators": 130.5310861346416}, "datetime": {"datetime": "2021-09-27 20:10:33", "elapsed": 1225.703911, "delta": 4.860156}}
{"target": -17.561610417337945, "params": {"max_depth": 26.471458244488247, "n_estimators": 110.28196890726477}, "datetime": {"datetime": "2021-09-27 20:10:38", "elapsed": 1230.374522, "delta": 4.670611}}
{"target": -17.83712296238321, "params": {"max_depth": 34.99272276813855, "n_estimators": 191.36196953043887}, "datetime": {"datetime": "2021-09-27 20:10:43", "elapsed": 1235.651527, "delta": 5.277005}}
{"target": -17.623068752644883, "params": {"max_depth": 20.78270207645323, "n_estimators": 127.79371933346658}, "datetime": {"datetime": "2021-09-27 20:10:47", "elapsed": 1239.996296, "delta": 4.344769}}
{"target": -17.46421459947802, "params": {"max_depth": 15.669739012584134, "n_estimators": 109.79719647452323}, "datetime": {"datetime": "2021-09-27 20:10:51", "elapsed": 1243.964475, "delta": 3.968179}}
{"target": -17.51036354438083, "params": {"max_depth": 15.497944153595803, "n_estimators": 126.16071430919759}, "datetime": {"datetime": "2021-09-27 20:10:55", "elapsed": 1247.998338, "delta": 4.033863}}
{"target": -17.470264486542536, "params": {"max_depth": 15.144429295322016, "n_estimators": 104.53493847937514}, "datetime": {"datetime": "2021-09-27 20:11:00", "elapsed": 1252.808495, "delta": 4.810157}}
{"target": -17.463952495977118, "params": {"max_depth": 15.79783025912162, "n_estimators": 133.1276130565877}, "datetime": {"datetime": "2021-09-27 20:11:05", "elapsed": 1257.207607, "delta": 4.399112}}
{"target": -17.90784236168384, "params": {"max_depth": 16.687449204139988, "n_estimators": 245.9447392514258}, "datetime": {"datetime": "2021-09-27 20:11:11", "elapsed": 1263.246044, "delta": 6.038437}}
{"target": -17.51708147782211, "params": {"max_depth": 15.72829271009719, "n_estimators": 135.5238769960083}, "datetime": {"datetime": "2021-09-27 20:11:18", "elapsed": 1270.195043, "delta": 6.948999}}
{"target": -17.750961902209493, "params": {"max_depth": 14.810128912845123, "n_estimators": 195.0126437124324}, "datetime": {"datetime": "2021-09-27 20:11:22", "elapsed": 1274.616555, "delta": 4.421512}}
{"target": -17.84150237859643, "params": {"max_depth": 32.24925147069928, "n_estimators": 197.45340999533633}, "datetime": {"datetime": "2021-09-27 20:11:26", "elapsed": 1278.728586, "delta": 4.112031}}
{"target": -17.685276942371488, "params": {"max_depth": 26.212111903203454, "n_estimators": 146.6030460292921}, "datetime": {"datetime": "2021-09-27 20:11:32", "elapsed": 1284.94012, "delta": 6.211534}}
{"target": -17.479303698804188, "params": {"max_depth": 15.103912085999372, "n_estimators": 112.137323833207}, "datetime": {"datetime": "2021-09-27 20:11:38", "elapsed": 1290.382923, "delta": 5.442803}}
{"target": -17.55645489380129, "params": {"max_depth": 17.99165332321108, "n_estimators": 114.2651770846397}, "datetime": {"datetime": "2021-09-27 20:11:42", "elapsed": 1294.608391, "delta": 4.225468}}
{"target": -17.618431609391813, "params": {"max_depth": 16.263650802917837, "n_estimators": 140.7983430563421}, "datetime": {"datetime": "2021-09-27 20:11:47", "elapsed": 1299.37561, "delta": 4.767219}}
{"target": -17.578917658780544, "params": {"max_depth": 17.462381082690637, "n_estimators": 100.03740003424467}, "datetime": {"datetime": "2021-09-27 20:11:52", "elapsed": 1304.34259, "delta": 4.96698}}
{"target": -17.723038185248242, "params": {"max_depth": 14.186762528854004, "n_estimators": 173.027911394208}, "datetime": {"datetime": "2021-09-27 20:11:57", "elapsed": 1309.514397, "delta": 5.171807}}
{"target": -17.679234241960042, "params": {"max_depth": 24.491039405946182, "n_estimators": 122.55009550336584}, "datetime": {"datetime": "2021-09-27 20:12:02", "elapsed": 1314.506831, "delta": 4.992434}}
{"target": -17.480952804183506, "params": {"max_depth": 15.659337736904542, "n_estimators": 132.05336814279718}, "datetime": {"datetime": "2021-09-27 20:12:07", "elapsed": 1319.570748, "delta": 5.063917}}
{"target": -17.520927696310697, "params": {"max_depth": 14.774628191786272, "n_estimators": 102.30018689469905}, "datetime": {"datetime": "2021-09-27 20:12:12", "elapsed": 1324.277298, "delta": 4.70655}}
{"target": -17.477220483134705, "params": {"max_depth": 15.686154080483718, "n_estimators": 102.45480250591467}, "datetime": {"datetime": "2021-09-27 20:12:16", "elapsed": 1328.84474, "delta": 4.567442}}
{"target": -17.650711768710032, "params": {"max_depth": 11.709028008919802, "n_estimators": 101.62691831900881}, "datetime": {"datetime": "2021-09-27 20:12:21", "elapsed": 1333.978382, "delta": 5.133642}}
{"target": -17.728145653295112, "params": {"max_depth": 18.863758922411925, "n_estimators": 151.55460581579354}, "datetime": {"datetime": "2021-09-27 20:12:27", "elapsed": 1339.22814, "delta": 5.249758}}
{"target": -17.561278931849582, "params": {"max_depth": 32.048313053872455, "n_estimators": 105.55900790401412}, "datetime": {"datetime": "2021-09-27 20:12:32", "elapsed": 1344.947493, "delta": 5.719353}}
{"target": -17.480952804183506, "params": {"max_depth": 15.607050461056218, "n_estimators": 132.76225672168118}, "datetime": {"datetime": "2021-09-27 20:12:38", "elapsed": 1350.711782, "delta": 5.764289}}
{"target": -17.940278244244272, "params": {"max_depth": 30.58116889867854, "n_estimators": 244.18835345413316}, "datetime": {"datetime": "2021-09-27 20:12:44", "elapsed": 1356.82512, "delta": 6.113338}}
{"target": -17.838697924119487, "params": {"max_depth": 14.886864179481003, "n_estimators": 200.79689172755275}, "datetime": {"datetime": "2021-09-27 20:12:49", "elapsed": 1361.905705, "delta": 5.080585}}
{"target": -17.68444279181826, "params": {"max_depth": 32.86016604646697, "n_estimators": 142.94730481776637}, "datetime": {"datetime": "2021-09-27 20:12:55", "elapsed": 1367.586629, "delta": 5.680924}}
{"target": -17.689783758648243, "params": {"max_depth": 32.90721267072737, "n_estimators": 148.79802426153304}, "datetime": {"datetime": "2021-09-27 20:13:02", "elapsed": 1374.490506, "delta": 6.903877}}
{"target": -17.539062294003532, "params": {"max_depth": 16.453050901794068, "n_estimators": 129.31131758128552}, "datetime": {"datetime": "2021-09-27 20:13:08", "elapsed": 1380.277261, "delta": 5.786755}}
{"target": -17.6133409697826, "params": {"max_depth": 26.34752870554724, "n_estimators": 125.29560949057354}, "datetime": {"datetime": "2021-09-27 20:13:15", "elapsed": 1387.162058, "delta": 6.884797}}
{"target": -17.73545407535188, "params": {"max_depth": 22.253479395575766, "n_estimators": 150.4074357712484}, "datetime": {"datetime": "2021-09-27 20:13:21", "elapsed": 1393.588753, "delta": 6.426695}}
{"target": -17.880623017813164, "params": {"max_depth": 27.02277227911641, "n_estimators": 203.54582793331502}, "datetime": {"datetime": "2021-09-27 20:13:28", "elapsed": 1400.369658, "delta": 6.780905}}
{"target": -17.67996580549426, "params": {"max_depth": 14.182865854932448, "n_estimators": 123.49599462484596}, "datetime": {"datetime": "2021-09-27 20:13:33", "elapsed": 1405.677562, "delta": 5.307904}}
{"target": -17.835728146917575, "params": {"max_depth": 20.184923656452362, "n_estimators": 169.89919162400872}, "datetime": {"datetime": "2021-09-27 20:13:38", "elapsed": 1410.593052, "delta": 4.91549}}
{"target": -17.6577285807447, "params": {"max_depth": 12.437421143972472, "n_estimators": 104.81522345122256}, "datetime": {"datetime": "2021-09-27 20:13:43", "elapsed": 1415.456184, "delta": 4.863132}}
{"target": -17.587423153033797, "params": {"max_depth": 28.397971997965175, "n_estimators": 108.76691033930607}, "datetime": {"datetime": "2021-09-27 20:13:49", "elapsed": 1421.13178, "delta": 5.675596}}
{"target": -17.662100343923175, "params": {"max_depth": 33.14295987042483, "n_estimators": 139.1149018986197}, "datetime": {"datetime": "2021-09-27 20:13:54", "elapsed": 1426.593977, "delta": 5.462197}}
{"target": -17.540872146521906, "params": {"max_depth": 17.5231124430459, "n_estimators": 105.90370776616423}, "datetime": {"datetime": "2021-09-27 20:13:59", "elapsed": 1431.183604, "delta": 4.589627}}
{"target": -17.653268619790765, "params": {"max_depth": 23.142668813653138, "n_estimators": 128.34265517967503}, "datetime": {"datetime": "2021-09-27 20:14:03", "elapsed": 1435.868109, "delta": 4.684505}}
{"target": -17.887829894553985, "params": {"max_depth": 20.775408464188054, "n_estimators": 216.7828876868073}, "datetime": {"datetime": "2021-09-27 20:14:08", "elapsed": 1440.734566, "delta": 4.866457}}
{"target": -17.632407308033958, "params": {"max_depth": 25.990973583407865, "n_estimators": 132.56026692283373}, "datetime": {"datetime": "2021-09-27 20:14:13", "elapsed": 1445.983322, "delta": 5.248756}}
{"target": -17.58596343227489, "params": {"max_depth": 25.03838191432765, "n_estimators": 107.99353876855753}, "datetime": {"datetime": "2021-09-27 20:14:18", "elapsed": 1450.165554, "delta": 4.182232}}
{"target": -17.828888816535667, "params": {"max_depth": 29.53648417004675, "n_estimators": 188.87129198094578}, "datetime": {"datetime": "2021-09-27 20:14:22", "elapsed": 1454.302059, "delta": 4.136505}}
{"target": -17.6118708736146, "params": {"max_depth": 33.371271541983276, "n_estimators": 117.48991694632161}, "datetime": {"datetime": "2021-09-27 20:14:26", "elapsed": 1458.80407, "delta": 4.502011}}
{"target": -17.589483569535037, "params": {"max_depth": 29.881655951434446, "n_estimators": 103.34775637217294}, "datetime": {"datetime": "2021-09-27 20:14:31", "elapsed": 1463.299672, "delta": 4.495602}}
{"target": -17.589483569535037, "params": {"max_depth": 32.20788565354087, "n_estimators": 103.96020794850017}, "datetime": {"datetime": "2021-09-27 20:14:34", "elapsed": 1466.958819, "delta": 3.659147}}
{"target": -17.630940636321395, "params": {"max_depth": 30.439058572315822, "n_estimators": 119.18114911462604}, "datetime": {"datetime": "2021-09-27 20:14:38", "elapsed": 1470.626579, "delta": 3.66776}}
