{"target": -17.76193523112734, "params": {"max_depth": 20.649819879760546, "n_estimators": 28.894723584545623}, "datetime": {"datetime": "2021-09-27 19:21:44", "elapsed": 115.591793, "delta": 1.491484}}
{"target": -17.843329050949183, "params": {"max_depth": 20.96664479911773, "n_estimators": 79.18909825285722}, "datetime": {"datetime": "2021-09-27 19:21:46", "elapsed": 117.119118, "delta": 1.527325}}
{"target": -17.75998514595985, "params": {"max_depth": 26.86811258008379, "n_estimators": 90.22674927434026}, "datetime": {"datetime": "2021-09-27 19:21:48", "elapsed": 118.994414, "delta": 1.875296}}
{"target": -17.675191733812856, "params": {"max_depth": 16.213949436592465, "n_estimators": 54.01617988320838}, "datetime": {"datetime": "2021-09-27 19:21:49", "elapsed": 120.202888, "delta": 1.208474}}
{"target": -17.390884711113898, "params": {"max_depth": 16.94143575363431, "n_estimators": 66.35036019007843}, "datetime": {"datetime": "2021-09-27 19:21:50", "elapsed": 121.40446, "delta": 1.201572}}
{"target": -17.85347179846645, "params": {"max_depth": 23.698939072014042, "n_estimators": 49.246160019218586}, "datetime": {"datetime": "2021-09-27 19:21:52", "elapsed": 122.731113, "delta": 1.326653}}
{"target": -17.756065634668843, "params": {"max_depth": 30.0, "n_estimators": 48.25073275261871}, "datetime": {"datetime": "2021-09-27 19:21:53", "elapsed": 123.800111, "delta": 1.068998}}
{"target": -17.686846162042645, "params": {"max_depth": 24.973614729501865, "n_estimators": 96.0074401105802}, "datetime": {"datetime": "2021-09-27 19:21:55", "elapsed": 125.687037, "delta": 1.886926}}
{"target": -17.69288374636572, "params": {"max_depth": 14.839577679448997, "n_estimators": 48.41484457818652}, "datetime": {"datetime": "2021-09-27 19:21:56", "elapsed": 126.959416, "delta": 1.272379}}
{"target": -17.562060367266444, "params": {"max_depth": 19.221783564516198, "n_estimators": 65.16988921093954}, "datetime": {"datetime": "2021-09-27 19:21:57", "elapsed": 128.460587, "delta": 1.501171}}
{"target": -17.8165715667209, "params": {"max_depth": 17.274252197497677, "n_estimators": 82.39601410353822}, "datetime": {"datetime": "2021-09-27 19:21:59", "elapsed": 130.088222, "delta": 1.627635}}
{"target": -17.386944308811213, "params": {"max_depth": 15.669621781705802, "n_estimators": 65.87585313998407}, "datetime": {"datetime": "2021-09-27 19:22:00", "elapsed": 131.578281, "delta": 1.490059}}
{"target": -17.65800559363372, "params": {"max_depth": 24.812595916897727, "n_estimators": 64.40166823975679}, "datetime": {"datetime": "2021-09-27 19:22:02", "elapsed": 133.263235, "delta": 1.684954}}
{"target": -17.56531102777604, "params": {"max_depth": 28.51191783519481, "n_estimators": 66.88719739967443}, "datetime": {"datetime": "2021-09-27 19:22:04", "elapsed": 134.888232, "delta": 1.624997}}
{"target": -17.764394994074376, "params": {"max_depth": 27.284023780235906, "n_estimators": 68.7414219814512}, "datetime": {"datetime": "2021-09-27 19:22:05", "elapsed": 136.446683, "delta": 1.558451}}
{"target": -17.459962769018247, "params": {"max_depth": 15.734648619361897, "n_estimators": 67.243593266807}, "datetime": {"datetime": "2021-09-27 19:22:07", "elapsed": 138.411685, "delta": 1.965002}}
{"target": -17.96681652781155, "params": {"max_depth": 17.444673070896975, "n_estimators": 43.48972040005188}, "datetime": {"datetime": "2021-09-27 19:22:08", "elapsed": 139.659466, "delta": 1.247781}}
{"target": -18.084202561344316, "params": {"max_depth": 22.84070245049369, "n_estimators": 39.79614510895737}, "datetime": {"datetime": "2021-09-27 19:22:10", "elapsed": 140.707439, "delta": 1.047973}}
{"target": -17.747614239761944, "params": {"max_depth": 14.331241088812758, "n_estimators": 45.24596275341811}, "datetime": {"datetime": "2021-09-27 19:22:11", "elapsed": 141.984436, "delta": 1.276997}}
{"target": -17.85399394470962, "params": {"max_depth": 14.30943912607583, "n_estimators": 41.59203430938137}, "datetime": {"datetime": "2021-09-27 19:22:12", "elapsed": 143.109763, "delta": 1.125327}}
{"target": -17.684732085106628, "params": {"max_depth": 16.836625728218046, "n_estimators": 50.18331806949713}, "datetime": {"datetime": "2021-09-27 19:22:13", "elapsed": 144.441763, "delta": 1.332}}
{"target": -17.889817516034142, "params": {"max_depth": 13.548822573114597, "n_estimators": 72.985027306108}, "datetime": {"datetime": "2021-09-27 19:22:15", "elapsed": 146.019229, "delta": 1.577466}}
{"target": -17.796682585207492, "params": {"max_depth": 19.72427157023832, "n_estimators": 70.50906140637348}, "datetime": {"datetime": "2021-09-27 19:22:16", "elapsed": 147.499678, "delta": 1.480449}}
{"target": -17.61761005733162, "params": {"max_depth": 24.146770207698275, "n_estimators": 100.0}, "datetime": {"datetime": "2021-09-27 19:22:18", "elapsed": 149.597111, "delta": 2.097433}}
{"target": -17.80158421315804, "params": {"max_depth": 14.299474164174317, "n_estimators": 28.268078672448777}, "datetime": {"datetime": "2021-09-27 19:22:20", "elapsed": 150.703366, "delta": 1.106255}}
{"target": -40.07200905592952, "params": {"max_depth": 1.2960864342009373, "n_estimators": 81.55558986858259}, "datetime": {"datetime": "2021-09-27 19:22:21", "elapsed": 151.867366, "delta": 1.164}}
{"target": -40.37316600629451, "params": {"max_depth": 1.0360879137898436, "n_estimators": 41.71859679133917}, "datetime": {"datetime": "2021-09-27 19:22:22", "elapsed": 152.814665, "delta": 0.947299}}
{"target": -18.727324446066017, "params": {"max_depth": 7.683679021845442, "n_estimators": 34.10059219782407}, "datetime": {"datetime": "2021-09-27 19:22:23", "elapsed": 154.271671, "delta": 1.457006}}
{"target": -19.15143534488342, "params": {"max_depth": 8.891317497438203, "n_estimators": 37.76286546193606}, "datetime": {"datetime": "2021-09-27 19:22:24", "elapsed": 155.221268, "delta": 0.949597}}
{"target": -17.63472407365821, "params": {"max_depth": 14.602378947078911, "n_estimators": 97.5291553805973}, "datetime": {"datetime": "2021-09-27 19:22:26", "elapsed": 157.127487, "delta": 1.906219}}
{"target": -17.677385913927147, "params": {"max_depth": 13.388074317111746, "n_estimators": 93.83810600460765}, "datetime": {"datetime": "2021-09-27 19:22:28", "elapsed": 158.922887, "delta": 1.7954}}
{"target": -17.97275685140903, "params": {"max_depth": 14.273557580768523, "n_estimators": 35.93767991685945}, "datetime": {"datetime": "2021-09-27 19:22:29", "elapsed": 159.959741, "delta": 1.036854}}
{"target": -18.1757783329464, "params": {"max_depth": 30.0, "n_estimators": 16.17488773056885}, "datetime": {"datetime": "2021-09-27 19:22:30", "elapsed": 160.798799, "delta": 0.839058}}
{"target": -18.517500373516253, "params": {"max_depth": 13.753217656281516, "n_estimators": 14.208276854530462}, "datetime": {"datetime": "2021-09-27 19:22:31", "elapsed": 161.753801, "delta": 0.955002}}
{"target": -17.554515841819914, "params": {"max_depth": 14.745494907399976, "n_estimators": 100.0}, "datetime": {"datetime": "2021-09-27 19:22:32", "elapsed": 163.458799, "delta": 1.704998}}
{"target": -18.09945203683798, "params": {"max_depth": 9.759035788537453, "n_estimators": 69.2622401160711}, "datetime": {"datetime": "2021-09-27 19:22:34", "elapsed": 165.172821, "delta": 1.714022}}
{"target": -18.072847429456836, "params": {"max_depth": 22.03276388821485, "n_estimators": 32.09781910384387}, "datetime": {"datetime": "2021-09-27 19:22:35", "elapsed": 166.203824, "delta": 1.031003}}
{"target": -17.814754731329987, "params": {"max_depth": 11.321774996575957, "n_estimators": 87.55775579941566}, "datetime": {"datetime": "2021-09-27 19:22:37", "elapsed": 168.004667, "delta": 1.800843}}
{"target": -17.86582541674835, "params": {"max_depth": 27.02821835277816, "n_estimators": 51.04822730447118}, "datetime": {"datetime": "2021-09-27 19:22:39", "elapsed": 169.94095, "delta": 1.936283}}
{"target": -17.771979220778938, "params": {"max_depth": 13.595266229580174, "n_estimators": 58.91902246545173}, "datetime": {"datetime": "2021-09-27 19:22:40", "elapsed": 171.265921, "delta": 1.324971}}
{"target": -17.878955827338718, "params": {"max_depth": 27.696184369409846, "n_estimators": 77.6211847680263}, "datetime": {"datetime": "2021-09-27 19:22:42", "elapsed": 172.860361, "delta": 1.59444}}
{"target": -17.77465207014344, "params": {"max_depth": 15.893332812383823, "n_estimators": 78.8456443850451}, "datetime": {"datetime": "2021-09-27 19:22:43", "elapsed": 174.645032, "delta": 1.784671}}
{"target": -18.245476773632337, "params": {"max_depth": 26.73699039283357, "n_estimators": 36.52474735053457}, "datetime": {"datetime": "2021-09-27 19:22:45", "elapsed": 175.889922, "delta": 1.24489}}
{"target": -17.853593022246912, "params": {"max_depth": 27.126005902664307, "n_estimators": 27.909500061889407}, "datetime": {"datetime": "2021-09-27 19:22:46", "elapsed": 176.970682, "delta": 1.08076}}
{"target": -17.99416867784885, "params": {"max_depth": 12.613444163650334, "n_estimators": 53.93480413339747}, "datetime": {"datetime": "2021-09-27 19:22:47", "elapsed": 178.108692, "delta": 1.13801}}
{"target": -17.89839896500102, "params": {"max_depth": 11.96693395373952, "n_estimators": 84.44906474863313}, "datetime": {"datetime": "2021-09-27 19:22:49", "elapsed": 179.90609, "delta": 1.797398}}
{"target": -17.75974894958495, "params": {"max_depth": 29.56466934058961, "n_estimators": 54.965052689609145}, "datetime": {"datetime": "2021-09-27 19:22:50", "elapsed": 181.309425, "delta": 1.403335}}
{"target": -17.59547858245619, "params": {"max_depth": 16.40891362124237, "n_estimators": 98.86413234427671}, "datetime": {"datetime": "2021-09-27 19:22:52", "elapsed": 183.567456, "delta": 2.258031}}
{"target": -18.11386078808397, "params": {"max_depth": 19.740746669242043, "n_estimators": 38.46095694935692}, "datetime": {"datetime": "2021-09-27 19:22:54", "elapsed": 184.711591, "delta": 1.144135}}
{"target": -18.07646916297147, "params": {"max_depth": 23.56456266629133, "n_estimators": 15.568368579817816}, "datetime": {"datetime": "2021-09-27 19:22:55", "elapsed": 185.731663, "delta": 1.020072}}
{"target": -17.7917407337825, "params": {"max_depth": 17.836257429319424, "n_estimators": 85.61729336129743}, "datetime": {"datetime": "2021-09-27 19:22:56", "elapsed": 187.506774, "delta": 1.775111}}
{"target": -17.90135111155929, "params": {"max_depth": 23.755209713351302, "n_estimators": 84.72268348266489}, "datetime": {"datetime": "2021-09-27 19:22:58", "elapsed": 189.253331, "delta": 1.746557}}
{"target": -17.759965461868262, "params": {"max_depth": 16.3165920773841, "n_estimators": 75.26091422751445}, "datetime": {"datetime": "2021-09-27 19:23:00", "elapsed": 190.835856, "delta": 1.582525}}
{"target": -17.627450501724795, "params": {"max_depth": 15.135648328873003, "n_estimators": 94.5878025425351}, "datetime": {"datetime": "2021-09-27 19:23:01", "elapsed": 192.63456, "delta": 1.798704}}
{"target": -17.98885697161829, "params": {"max_depth": 29.958139521388517, "n_estimators": 41.65205872223472}, "datetime": {"datetime": "2021-09-27 19:23:03", "elapsed": 194.031748, "delta": 1.397188}}
{"target": -17.852799671508684, "params": {"max_depth": 19.539032536588604, "n_estimators": 60.54196712323831}, "datetime": {"datetime": "2021-09-27 19:23:04", "elapsed": 195.476746, "delta": 1.444998}}
{"target": -17.728229180266457, "params": {"max_depth": 20.168559178364337, "n_estimators": 90.67805689150033}, "datetime": {"datetime": "2021-09-27 19:23:06", "elapsed": 197.083537, "delta": 1.606791}}
{"target": -18.217899421865788, "params": {"max_depth": 10.751185786559503, "n_estimators": 33.11223811106599}, "datetime": {"datetime": "2021-09-27 19:23:07", "elapsed": 198.308535, "delta": 1.224998}}
{"target": -17.80227519681377, "params": {"max_depth": 24.385826417129003, "n_estimators": 58.47115562379196}, "datetime": {"datetime": "2021-09-27 19:23:09", "elapsed": 199.763731, "delta": 1.455196}}
{"target": -17.75974894958495, "params": {"max_depth": 21.71702447827782, "n_estimators": 54.759521072408994}, "datetime": {"datetime": "2021-09-27 19:23:10", "elapsed": 201.35143, "delta": 1.587699}}
{"target": -17.793035845538938, "params": {"max_depth": 28.574804988073435, "n_estimators": 87.22756438527898}, "datetime": {"datetime": "2021-09-27 19:23:12", "elapsed": 203.102436, "delta": 1.751006}}
{"target": -17.788850887409712, "params": {"max_depth": 25.71232374354514, "n_estimators": 45.30432278584353}, "datetime": {"datetime": "2021-09-27 19:23:13", "elapsed": 204.435434, "delta": 1.332998}}
{"target": -17.914879057439432, "params": {"max_depth": 12.828994193597959, "n_estimators": 24.88184614815395}, "datetime": {"datetime": "2021-09-27 19:23:14", "elapsed": 205.643236, "delta": 1.207802}}
{"target": -18.239188427573254, "params": {"max_depth": 8.772176863786415, "n_estimators": 79.20032703446437}, "datetime": {"datetime": "2021-09-27 19:23:16", "elapsed": 207.530164, "delta": 1.886928}}
{"target": -18.44620255740061, "params": {"max_depth": 7.7635586737429465, "n_estimators": 73.08186820458553}, "datetime": {"datetime": "2021-09-27 19:23:18", "elapsed": 209.046114, "delta": 1.51595}}
{"target": -18.25817747056356, "params": {"max_depth": 8.567227970642747, "n_estimators": 82.17037905589382}, "datetime": {"datetime": "2021-09-27 19:23:20", "elapsed": 210.814142, "delta": 1.768028}}
{"target": -17.696677063354898, "params": {"max_depth": 29.987541880500626, "n_estimators": 97.36348204453186}, "datetime": {"datetime": "2021-09-27 19:23:22", "elapsed": 212.688793, "delta": 1.874651}}
{"target": -18.245476773632337, "params": {"max_depth": 29.974772396843083, "n_estimators": 36.34687796092654}, "datetime": {"datetime": "2021-09-27 19:23:23", "elapsed": 214.057142, "delta": 1.368349}}
{"target": -17.801915935183676, "params": {"max_depth": 19.968121845723218, "n_estimators": 47.525818588137554}, "datetime": {"datetime": "2021-09-27 19:23:24", "elapsed": 215.440207, "delta": 1.383065}}
{"target": -17.965399434685438, "params": {"max_depth": 28.582427868089177, "n_estimators": 81.55602103195316}, "datetime": {"datetime": "2021-09-27 19:23:26", "elapsed": 217.264204, "delta": 1.823997}}
{"target": -18.1836931606249, "params": {"max_depth": 12.242500585899764, "n_estimators": 43.75358911645552}, "datetime": {"datetime": "2021-09-27 19:23:27", "elapsed": 218.565206, "delta": 1.301002}}
{"target": -17.95238325411625, "params": {"max_depth": 12.30895534377119, "n_estimators": 50.210714148861875}, "datetime": {"datetime": "2021-09-27 19:23:29", "elapsed": 220.122436, "delta": 1.55723}}
{"target": -18.570959280392334, "params": {"max_depth": 26.252349969963095, "n_estimators": 13.325087397649343}, "datetime": {"datetime": "2021-09-27 19:23:30", "elapsed": 221.529833, "delta": 1.407397}}
{"target": -17.78828095008735, "params": {"max_depth": 11.859675273675752, "n_estimators": 91.10233246123722}, "datetime": {"datetime": "2021-09-27 19:23:32", "elapsed": 223.33339, "delta": 1.803557}}
{"target": -17.643025323572562, "params": {"max_depth": 14.148141111027778, "n_estimators": 92.17006706318308}, "datetime": {"datetime": "2021-09-27 19:23:34", "elapsed": 224.943541, "delta": 1.610151}}
{"target": -17.669866356130164, "params": {"max_depth": 12.287376683531695, "n_estimators": 67.35392010139387}, "datetime": {"datetime": "2021-09-27 19:23:35", "elapsed": 226.633911, "delta": 1.69037}}
{"target": -18.008262040804553, "params": {"max_depth": 23.729112263041646, "n_estimators": 74.9321038741428}, "datetime": {"datetime": "2021-09-27 19:23:37", "elapsed": 228.448151, "delta": 1.81424}}
{"target": -17.85747271535543, "params": {"max_depth": 27.97605644438246, "n_estimators": 59.34926973891501}, "datetime": {"datetime": "2021-09-27 19:23:39", "elapsed": 229.78149, "delta": 1.333339}}
{"target": -18.102945532301227, "params": {"max_depth": 13.113870975736441, "n_estimators": 38.445395443321296}, "datetime": {"datetime": "2021-09-27 19:23:40", "elapsed": 231.555382, "delta": 1.773892}}
{"target": -17.671274079745608, "params": {"max_depth": 24.58073483131547, "n_estimators": 25.870170648429113}, "datetime": {"datetime": "2021-09-27 19:23:42", "elapsed": 232.962381, "delta": 1.406999}}
{"target": -17.764394994074376, "params": {"max_depth": 22.774735093709744, "n_estimators": 68.22376674245656}, "datetime": {"datetime": "2021-09-27 19:23:44", "elapsed": 234.865195, "delta": 1.902814}}
{"target": -17.75794839999734, "params": {"max_depth": 23.982369514869056, "n_estimators": 89.79598272002686}, "datetime": {"datetime": "2021-09-27 19:23:46", "elapsed": 236.916427, "delta": 2.051232}}
{"target": -17.965399434685438, "params": {"max_depth": 23.10249023664076, "n_estimators": 81.23196088761904}, "datetime": {"datetime": "2021-09-27 19:23:48", "elapsed": 238.735323, "delta": 1.818896}}
{"target": -17.94607077790314, "params": {"max_depth": 18.247567267612407, "n_estimators": 28.11264656743805}, "datetime": {"datetime": "2021-09-27 19:23:49", "elapsed": 240.153773, "delta": 1.41845}}
{"target": -17.60788587183104, "params": {"max_depth": 21.948387581850522, "n_estimators": 26.629995919787277}, "datetime": {"datetime": "2021-09-27 19:23:50", "elapsed": 241.549578, "delta": 1.395805}}
{"target": -17.732938365621294, "params": {"max_depth": 29.939576328120914, "n_estimators": 92.07473593101085}, "datetime": {"datetime": "2021-09-27 19:23:53", "elapsed": 243.698182, "delta": 2.148604}}
{"target": -18.00446601254782, "params": {"max_depth": 29.8893256332149, "n_estimators": 22.11255952396133}, "datetime": {"datetime": "2021-09-27 19:23:54", "elapsed": 245.006261, "delta": 1.308079}}
{"target": -17.936245837554043, "params": {"max_depth": 22.498716865722045, "n_estimators": 43.136497066008715}, "datetime": {"datetime": "2021-09-27 19:23:55", "elapsed": 246.284598, "delta": 1.278337}}
{"target": -17.864908811659067, "params": {"max_depth": 27.84341687326557, "n_estimators": 42.94790374042433}, "datetime": {"datetime": "2021-09-27 19:23:57", "elapsed": 247.811599, "delta": 1.527001}}
{"target": -17.704522584586467, "params": {"max_depth": 22.358325814168918, "n_estimators": 95.21490855879031}, "datetime": {"datetime": "2021-09-27 19:23:59", "elapsed": 250.0931, "delta": 2.281501}}
{"target": -17.65237768170104, "params": {"max_depth": 15.46306407556072, "n_estimators": 58.67696485514425}, "datetime": {"datetime": "2021-09-27 19:24:01", "elapsed": 252.162339, "delta": 2.069239}}
{"target": -17.65008681972763, "params": {"max_depth": 29.982017950742648, "n_estimators": 67.55167105330005}, "datetime": {"datetime": "2021-09-27 19:24:02", "elapsed": 253.595419, "delta": 1.43308}}
{"target": -17.710566231887633, "params": {"max_depth": 15.823261752833705, "n_estimators": 20.50797575790145}, "datetime": {"datetime": "2021-09-27 19:24:04", "elapsed": 254.70743, "delta": 1.112011}}
{"target": -17.90366860553016, "params": {"max_depth": 23.991063475731877, "n_estimators": 19.20445490029348}, "datetime": {"datetime": "2021-09-27 19:24:05", "elapsed": 256.063793, "delta": 1.356363}}
{"target": -17.645745836553107, "params": {"max_depth": 15.673770542857051, "n_estimators": 87.35128004295376}, "datetime": {"datetime": "2021-09-27 19:24:07", "elapsed": 257.996426, "delta": 1.932633}}
{"target": -17.65598919164465, "params": {"max_depth": 25.331083710499424, "n_estimators": 98.37943171505341}, "datetime": {"datetime": "2021-09-27 19:24:09", "elapsed": 259.93446, "delta": 1.938034}}
{"target": -17.88415457420521, "params": {"max_depth": 18.61147240344411, "n_estimators": 80.21108125947681}, "datetime": {"datetime": "2021-09-27 19:24:11", "elapsed": 262.188872, "delta": 2.254412}}
{"target": -17.735764507726685, "params": {"max_depth": 23.597157543104977, "n_estimators": 61.36454752263871}, "datetime": {"datetime": "2021-09-27 19:24:13", "elapsed": 264.159931, "delta": 1.971059}}
{"target": -18.17245039126108, "params": {"max_depth": 19.925833908358587, "n_estimators": 23.023431846155894}, "datetime": {"datetime": "2021-09-27 19:24:14", "elapsed": 265.336982, "delta": 1.177051}}
{"target": -17.872732575298695, "params": {"max_depth": 27.624271329560713, "n_estimators": 53.82898552489436}, "datetime": {"datetime": "2021-09-27 19:24:16", "elapsed": 266.846978, "delta": 1.509996}}
{"target": -17.90135111155929, "params": {"max_depth": 27.29853682787483, "n_estimators": 84.71810966150777}, "datetime": {"datetime": "2021-09-27 19:24:18", "elapsed": 268.997502, "delta": 2.150524}}
{"target": -17.544395970133817, "params": {"max_depth": 16.527875871604802, "n_estimators": 99.99900564671147}, "datetime": {"datetime": "2021-09-27 19:24:20", "elapsed": 271.272168, "delta": 2.274666}}
{"target": -17.626950955169136, "params": {"max_depth": 16.66253386417973, "n_estimators": 96.53489568618544}, "datetime": {"datetime": "2021-09-27 19:24:22", "elapsed": 273.59898, "delta": 2.326812}}
{"target": -17.646951239530644, "params": {"max_depth": 13.918159876546559, "n_estimators": 61.494548514246326}, "datetime": {"datetime": "2021-09-27 19:24:24", "elapsed": 275.491129, "delta": 1.892149}}
{"target": -17.891843117272927, "params": {"max_depth": 18.284773394753177, "n_estimators": 73.55197604018333}, "datetime": {"datetime": "2021-09-27 19:24:26", "elapsed": 277.334123, "delta": 1.842994}}
{"target": -17.62696745979055, "params": {"max_depth": 15.704725846600365, "n_estimators": 69.84897338943489}, "datetime": {"datetime": "2021-09-27 19:24:28", "elapsed": 279.249304, "delta": 1.915181}}
{"target": -17.531711025850306, "params": {"max_depth": 21.489123961080075, "n_estimators": 65.23885367558123}, "datetime": {"datetime": "2021-09-27 19:24:30", "elapsed": 281.165737, "delta": 1.916433}}
{"target": -17.81756500568567, "params": {"max_depth": 16.59285744428228, "n_estimators": 32.43116536923242}, "datetime": {"datetime": "2021-09-27 19:24:31", "elapsed": 282.619973, "delta": 1.454236}}
{"target": -17.70527986168664, "params": {"max_depth": 27.98723875267432, "n_estimators": 94.84907071602967}, "datetime": {"datetime": "2021-09-27 19:24:34", "elapsed": 284.981189, "delta": 2.361216}}
