{"target": -17.69638969112458, "params": {"max_depth": 16.915591613892417, "n_estimators": 71.80374727086952}, "datetime": {"datetime": "2021-09-27 19:19:49", "elapsed": 0.0, "delta": 0.0}}
{"target": -17.751859393353907, "params": {"max_depth": 18.480137906077672, "n_estimators": 54.94343511669279}, "datetime": {"datetime": "2021-09-27 19:19:49", "elapsed": 0.501036, "delta": 0.501036}}
{"target": -17.597180260965214, "params": {"max_depth": 13.285989180828237, "n_estimators": 64.94351719359895}, "datetime": {"datetime": "2021-09-27 19:19:50", "elapsed": 1.429002, "delta": 0.927966}}
{"target": -17.73228396430433, "params": {"max_depth": 13.690029126618082, "n_estimators": 89.2855270774259}, "datetime": {"datetime": "2021-09-27 19:19:51", "elapsed": 2.49415, "delta": 1.065148}}
{"target": -18.104324358927954, "params": {"max_depth": 28.94622005452985, "n_estimators": 38.96071036375199}, "datetime": {"datetime": "2021-09-27 19:19:52", "elapsed": 2.923152, "delta": 0.429002}}
{"target": -40.51977656922603, "params": {"max_depth": 1.0, "n_estimators": 60.47046472548171}, "datetime": {"datetime": "2021-09-27 19:19:52", "elapsed": 3.551152, "delta": 0.628}}
{"target": -17.44885416405973, "params": {"max_depth": 14.319919813495522, "n_estimators": 66.44969585622786}, "datetime": {"datetime": "2021-09-27 19:19:53", "elapsed": 4.399324, "delta": 0.848172}}
{"target": -17.65800559363372, "params": {"max_depth": 30.0, "n_estimators": 64.35011269681803}, "datetime": {"datetime": "2021-09-27 19:19:55", "elapsed": 5.717916, "delta": 1.318592}}
{"target": -17.90135111155929, "params": {"max_depth": 30.0, "n_estimators": 84.41150638518104}, "datetime": {"datetime": "2021-09-27 19:19:56", "elapsed": 7.336105, "delta": 1.618189}}
{"target": -17.61761005733162, "params": {"max_depth": 26.533616060189985, "n_estimators": 100.0}, "datetime": {"datetime": "2021-09-27 19:19:58", "elapsed": 8.812896, "delta": 1.476791}}
{"target": -17.90366860553016, "params": {"max_depth": 30.0, "n_estimators": 19.87629867393184}, "datetime": {"datetime": "2021-09-27 19:19:58", "elapsed": 9.224897, "delta": 0.412001}}
{"target": -17.52855657380078, "params": {"max_depth": 14.312504452234835, "n_estimators": 26.34034563754282}, "datetime": {"datetime": "2021-09-27 19:19:59", "elapsed": 9.803798, "delta": 0.578901}}
{"target": -19.915523879278634, "params": {"max_depth": 15.414408574115225, "n_estimators": 9.680940202611078}, "datetime": {"datetime": "2021-09-27 19:19:59", "elapsed": 10.186799, "delta": 0.383001}}
{"target": -39.5761151115212, "params": {"max_depth": 1.5773064380506825, "n_estimators": 100.0}, "datetime": {"datetime": "2021-09-27 19:20:00", "elapsed": 10.867797, "delta": 0.680998}}
{"target": -41.87986352039369, "params": {"max_depth": 1.0524843185680892, "n_estimators": 19.745756771368203}, "datetime": {"datetime": "2021-09-27 19:20:00", "elapsed": 11.158798, "delta": 0.291001}}
{"target": -27.46981671668397, "params": {"max_depth": 29.749051522707525, "n_estimators": 1.3885488664400687}, "datetime": {"datetime": "2021-09-27 19:20:00", "elapsed": 11.361486, "delta": 0.202688}}
{"target": -17.923936375307434, "params": {"max_depth": 16.36472194296472, "n_estimators": 38.47568645842739}, "datetime": {"datetime": "2021-09-27 19:20:01", "elapsed": 12.088668, "delta": 0.727182}}
{"target": -17.922823963094796, "params": {"max_depth": 23.87657580612494, "n_estimators": 28.825470323818788}, "datetime": {"datetime": "2021-09-27 19:20:02", "elapsed": 12.706442, "delta": 0.617774}}
{"target": -17.86582541674835, "params": {"max_depth": 30.0, "n_estimators": 51.60879923953024}, "datetime": {"datetime": "2021-09-27 19:20:02", "elapsed": 13.492442, "delta": 0.786}}
{"target": -17.853683337118515, "params": {"max_depth": 20.519364396417153, "n_estimators": 83.36540254416326}, "datetime": {"datetime": "2021-09-27 19:20:04", "elapsed": 14.739766, "delta": 1.247324}}
{"target": -18.35051980942267, "params": {"max_depth": 7.198936128656412, "n_estimators": 79.79087698146155}, "datetime": {"datetime": "2021-09-27 19:20:04", "elapsed": 15.653765, "delta": 0.913999}}
{"target": -26.3770114856437, "params": {"max_depth": 4.520190291534849, "n_estimators": 1.0190742616151889}, "datetime": {"datetime": "2021-09-27 19:20:05", "elapsed": 15.918278, "delta": 0.264513}}
{"target": -18.226150981098783, "params": {"max_depth": 21.01284239629507, "n_estimators": 18.395098191332472}, "datetime": {"datetime": "2021-09-27 19:20:05", "elapsed": 16.368275, "delta": 0.449997}}
{"target": -18.008262040804553, "params": {"max_depth": 30.0, "n_estimators": 74.37013757760812}, "datetime": {"datetime": "2021-09-27 19:20:06", "elapsed": 17.358276, "delta": 0.990001}}
{"target": -17.732938365621294, "params": {"max_depth": 22.758650983682063, "n_estimators": 92.41893120652865}, "datetime": {"datetime": "2021-09-27 19:20:07", "elapsed": 18.619058, "delta": 1.260782}}
{"target": -17.68801671343579, "params": {"max_depth": 21.641186650820355, "n_estimators": 62.618128001278464}, "datetime": {"datetime": "2021-09-27 19:20:08", "elapsed": 19.516585, "delta": 0.897527}}
{"target": -17.788850887409712, "params": {"max_depth": 22.52964129435702, "n_estimators": 45.77201278071579}, "datetime": {"datetime": "2021-09-27 19:20:09", "elapsed": 20.533186, "delta": 1.016601}}
{"target": -17.70527986168664, "params": {"max_depth": 30.0, "n_estimators": 94.22914550169048}, "datetime": {"datetime": "2021-09-27 19:20:11", "elapsed": 21.820131, "delta": 1.286945}}
{"target": -17.86909865231287, "params": {"max_depth": 13.521717701504691, "n_estimators": 80.85621150895224}, "datetime": {"datetime": "2021-09-27 19:20:12", "elapsed": 22.77713, "delta": 0.956999}}
{"target": -19.06630223030382, "params": {"max_depth": 6.705764147612742, "n_estimators": 38.56595618616541}, "datetime": {"datetime": "2021-09-27 19:20:12", "elapsed": 23.496129, "delta": 0.718999}}
{"target": -17.9530900730826, "params": {"max_depth": 12.434519075348085, "n_estimators": 46.59139346339311}, "datetime": {"datetime": "2021-09-27 19:20:13", "elapsed": 24.267306, "delta": 0.771177}}
{"target": -17.922823963094796, "params": {"max_depth": 30.0, "n_estimators": 28.958864613574974}, "datetime": {"datetime": "2021-09-27 19:20:14", "elapsed": 24.85948, "delta": 0.592174}}
{"target": -26.218215863628792, "params": {"max_depth": 17.392407702151576, "n_estimators": 1.017482282314624}, "datetime": {"datetime": "2021-09-27 19:20:14", "elapsed": 25.223483, "delta": 0.364003}}
{"target": -17.643353058623244, "params": {"max_depth": 18.415577621770932, "n_estimators": 100.0}, "datetime": {"datetime": "2021-09-27 19:20:15", "elapsed": 26.59966, "delta": 1.376177}}
{"target": -18.064151614265334, "params": {"max_depth": 13.566324882222986, "n_estimators": 32.38907666042546}, "datetime": {"datetime": "2021-09-27 19:20:16", "elapsed": 27.302659, "delta": 0.702999}}
{"target": -17.811693948901652, "params": {"max_depth": 24.17175784635709, "n_estimators": 70.6137949362786}, "datetime": {"datetime": "2021-09-27 19:20:17", "elapsed": 28.211891, "delta": 0.909232}}
{"target": -18.828923693957712, "params": {"max_depth": 29.88077149615395, "n_estimators": 12.577645748028912}, "datetime": {"datetime": "2021-09-27 19:20:17", "elapsed": 28.5929, "delta": 0.381009}}
{"target": -17.776852867112666, "params": {"max_depth": 29.993762152882372, "n_estimators": 57.816747260292274}, "datetime": {"datetime": "2021-09-27 19:20:18", "elapsed": 29.579894, "delta": 0.986994}}
{"target": -17.876562936663586, "params": {"max_depth": 10.256901143475881, "n_estimators": 73.30813192481908}, "datetime": {"datetime": "2021-09-27 19:20:19", "elapsed": 30.44684, "delta": 0.866946}}
{"target": -17.823594875780792, "params": {"max_depth": 18.910731573522455, "n_estimators": 25.550747005843398}, "datetime": {"datetime": "2021-09-27 19:20:20", "elapsed": 31.058842, "delta": 0.612002}}
{"target": -18.828923693957712, "params": {"max_depth": 22.32178767571425, "n_estimators": 12.243092772596853}, "datetime": {"datetime": "2021-09-27 19:20:20", "elapsed": 31.542843, "delta": 0.484001}}
{"target": -18.119284521358736, "params": {"max_depth": 22.991947505229586, "n_estimators": 35.75960009150184}, "datetime": {"datetime": "2021-09-27 19:20:21", "elapsed": 32.213034, "delta": 0.670191}}
{"target": -17.878955827338718, "params": {"max_depth": 24.360738529174764, "n_estimators": 77.89076841289403}, "datetime": {"datetime": "2021-09-27 19:20:22", "elapsed": 33.266035, "delta": 1.053001}}
{"target": -17.872732575298695, "params": {"max_depth": 24.64977353678544, "n_estimators": 53.71712678593034}, "datetime": {"datetime": "2021-09-27 19:20:23", "elapsed": 34.191223, "delta": 0.925188}}
{"target": -17.663334549154442, "params": {"max_depth": 17.524841604828854, "n_estimators": 94.13856110875263}, "datetime": {"datetime": "2021-09-27 19:20:24", "elapsed": 35.533897, "delta": 1.342674}}
{"target": -17.689179060473457, "params": {"max_depth": 16.35867342086035, "n_estimators": 60.95113525431064}, "datetime": {"datetime": "2021-09-27 19:20:25", "elapsed": 36.538577, "delta": 1.00468}}
{"target": -17.772868564058687, "params": {"max_depth": 17.14381555362662, "n_estimators": 47.14120864521302}, "datetime": {"datetime": "2021-09-27 19:20:26", "elapsed": 37.519577, "delta": 0.981}}
{"target": -17.88446030574233, "params": {"max_depth": 29.90910188722388, "n_estimators": 44.98328789115451}, "datetime": {"datetime": "2021-09-27 19:20:27", "elapsed": 38.455579, "delta": 0.936002}}
{"target": -17.96700341724446, "params": {"max_depth": 11.589971400162593, "n_estimators": 41.33007580004295}, "datetime": {"datetime": "2021-09-27 19:20:28", "elapsed": 39.43258, "delta": 0.977001}}
{"target": -17.696677063354898, "params": {"max_depth": 22.137757065592155, "n_estimators": 97.85814084376739}, "datetime": {"datetime": "2021-09-27 19:20:30", "elapsed": 40.69958, "delta": 1.267}}
{"target": -17.61761005733162, "params": {"max_depth": 30.0, "n_estimators": 100.0}, "datetime": {"datetime": "2021-09-27 19:20:31", "elapsed": 42.040738, "delta": 1.341158}}
{"target": -17.722099799839402, "params": {"max_depth": 17.91876337158343, "n_estimators": 88.31011403969788}, "datetime": {"datetime": "2021-09-27 19:20:32", "elapsed": 43.345605, "delta": 1.304867}}
{"target": -17.793035845538938, "params": {"max_depth": 25.881159526366066, "n_estimators": 87.28185716333522}, "datetime": {"datetime": "2021-09-27 19:20:33", "elapsed": 44.553193, "delta": 1.207588}}
{"target": -17.714842305953454, "params": {"max_depth": 17.98235916921914, "n_estimators": 30.63032913161036}, "datetime": {"datetime": "2021-09-27 19:20:34", "elapsed": 45.347189, "delta": 0.793996}}
{"target": -17.851205229791226, "params": {"max_depth": 15.997062805488245, "n_estimators": 17.759028772536595}, "datetime": {"datetime": "2021-09-27 19:20:35", "elapsed": 45.940563, "delta": 0.593374}}
{"target": -17.82383461470439, "params": {"max_depth": 18.297265181546056, "n_estimators": 77.15797326582725}, "datetime": {"datetime": "2021-09-27 19:20:36", "elapsed": 47.377561, "delta": 1.436998}}
{"target": -17.735764507726685, "params": {"max_depth": 26.120361950360955, "n_estimators": 61.240606088837936}, "datetime": {"datetime": "2021-09-27 19:20:37", "elapsed": 48.35227, "delta": 0.974709}}
{"target": -17.79128284061758, "params": {"max_depth": 29.892847500881018, "n_estimators": 69.35171742780173}, "datetime": {"datetime": "2021-09-27 19:20:38", "elapsed": 49.538272, "delta": 1.186002}}
{"target": -18.007087367179224, "params": {"max_depth": 29.818237522557283, "n_estimators": 33.40931505854678}, "datetime": {"datetime": "2021-09-27 19:20:39", "elapsed": 50.352024, "delta": 0.813752}}
{"target": -17.75794839999734, "params": {"max_depth": 30.0, "n_estimators": 89.45279619758641}, "datetime": {"datetime": "2021-09-27 19:20:41", "elapsed": 51.782028, "delta": 1.430004}}
{"target": -17.94683755930612, "params": {"max_depth": 12.927122579893009, "n_estimators": 75.99703406029633}, "datetime": {"datetime": "2021-09-27 19:20:42", "elapsed": 52.957636, "delta": 1.175608}}
{"target": -17.827953925912087, "params": {"max_depth": 10.047935155996202, "n_estimators": 84.75629021404377}, "datetime": {"datetime": "2021-09-27 19:20:43", "elapsed": 54.417847, "delta": 1.460211}}
{"target": -17.867601150070072, "params": {"max_depth": 20.055462731486653, "n_estimators": 41.90478262612406}, "datetime": {"datetime": "2021-09-27 19:20:44", "elapsed": 55.61651, "delta": 1.198663}}
{"target": -17.80227519681377, "params": {"max_depth": 21.56783276116205, "n_estimators": 58.1629140378839}, "datetime": {"datetime": "2021-09-27 19:20:46", "elapsed": 56.761783, "delta": 1.145273}}
{"target": -17.548198782889106, "params": {"max_depth": 16.18528135602446, "n_estimators": 22.300338159884557}, "datetime": {"datetime": "2021-09-27 19:20:46", "elapsed": 57.46778, "delta": 0.705997}}
{"target": -17.74141877273461, "params": {"max_depth": 14.22771586673566, "n_estimators": 85.45435519540747}, "datetime": {"datetime": "2021-09-27 19:20:48", "elapsed": 58.927985, "delta": 1.460205}}
{"target": -17.63477018712875, "params": {"max_depth": 19.752217763117322, "n_estimators": 67.2979650709024}, "datetime": {"datetime": "2021-09-27 19:20:49", "elapsed": 60.179979, "delta": 1.251994}}
{"target": -17.56531102777604, "params": {"max_depth": 25.72004491684442, "n_estimators": 66.72274588414972}, "datetime": {"datetime": "2021-09-27 19:20:50", "elapsed": 61.347974, "delta": 1.167995}}
{"target": -17.827956447728916, "params": {"max_depth": 27.11102970347426, "n_estimators": 24.361994219149}, "datetime": {"datetime": "2021-09-27 19:20:51", "elapsed": 62.046038, "delta": 0.698064}}
{"target": -17.665221113349197, "params": {"max_depth": 15.062650034975402, "n_estimators": 51.66981308236679}, "datetime": {"datetime": "2021-09-27 19:20:52", "elapsed": 63.367036, "delta": 1.320998}}
{"target": -17.753927766277528, "params": {"max_depth": 26.700758552135177, "n_estimators": 47.81618865247613}, "datetime": {"datetime": "2021-09-27 19:20:53", "elapsed": 64.48982, "delta": 1.122784}}
{"target": -18.226431776934877, "params": {"max_depth": 27.04315763829464, "n_estimators": 17.019648468325705}, "datetime": {"datetime": "2021-09-27 19:20:54", "elapsed": 65.021436, "delta": 0.531616}}
{"target": -17.864908811659067, "params": {"max_depth": 25.474442522625907, "n_estimators": 42.43189931778961}, "datetime": {"datetime": "2021-09-27 19:20:55", "elapsed": 66.064432, "delta": 1.042996}}
{"target": -17.61761005733162, "params": {"max_depth": 21.59171142341355, "n_estimators": 100.0}, "datetime": {"datetime": "2021-09-27 19:20:56", "elapsed": 67.608433, "delta": 1.544001}}
{"target": -17.90756640569791, "params": {"max_depth": 29.95661246413336, "n_estimators": 79.06759797603202}, "datetime": {"datetime": "2021-09-27 19:20:58", "elapsed": 69.079579, "delta": 1.471146}}
{"target": -17.845100449050527, "params": {"max_depth": 12.751478368195718, "n_estimators": 70.2059582852082}, "datetime": {"datetime": "2021-09-27 19:20:59", "elapsed": 70.257938, "delta": 1.178359}}
{"target": -17.85432163021965, "params": {"max_depth": 19.923095738102234, "n_estimators": 50.851720273534795}, "datetime": {"datetime": "2021-09-27 19:21:00", "elapsed": 71.601937, "delta": 1.343999}}
{"target": -17.533593985146958, "params": {"max_depth": 16.80449048581236, "n_estimators": 64.04069169033315}, "datetime": {"datetime": "2021-09-27 19:21:02", "elapsed": 72.836762, "delta": 1.234825}}
{"target": -18.41104746413593, "params": {"max_depth": 18.11248200578677, "n_estimators": 14.611012218715636}, "datetime": {"datetime": "2021-09-27 19:21:02", "elapsed": 73.527761, "delta": 0.690999}}
{"target": -17.931966314620283, "params": {"max_depth": 25.65511941301571, "n_estimators": 82.34180157943159}, "datetime": {"datetime": "2021-09-27 19:21:04", "elapsed": 75.233726, "delta": 1.705965}}
{"target": -17.686257781631898, "params": {"max_depth": 26.635557525977045, "n_estimators": 93.28760512172701}, "datetime": {"datetime": "2021-09-27 19:21:06", "elapsed": 76.944127, "delta": 1.710401}}
{"target": -17.631593895741997, "params": {"max_depth": 15.938914846977614, "n_estimators": 27.972770441503258}, "datetime": {"datetime": "2021-09-27 19:21:07", "elapsed": 77.843127, "delta": 0.899}}
{"target": -17.88014475626593, "params": {"max_depth": 20.80778737820853, "n_estimators": 73.63369973983156}, "datetime": {"datetime": "2021-09-27 19:21:08", "elapsed": 79.15491, "delta": 1.311783}}
{"target": -17.827956447728916, "params": {"max_depth": 29.917802916055223, "n_estimators": 24.735936891097726}, "datetime": {"datetime": "2021-09-27 19:21:09", "elapsed": 80.138735, "delta": 0.983825}}
{"target": -17.696677063354898, "params": {"max_depth": 28.27687881223301, "n_estimators": 97.37679998576249}, "datetime": {"datetime": "2021-09-27 19:21:11", "elapsed": 82.055737, "delta": 1.917002}}
{"target": -17.61860960295771, "params": {"max_depth": 15.056777828503009, "n_estimators": 43.413748245011924}, "datetime": {"datetime": "2021-09-27 19:21:12", "elapsed": 83.216176, "delta": 1.160439}}
{"target": -17.707985239120244, "params": {"max_depth": 19.01396350911441, "n_estimators": 97.323726915795}, "datetime": {"datetime": "2021-09-27 19:21:14", "elapsed": 84.922366, "delta": 1.70619}}
{"target": -17.831100536379054, "params": {"max_depth": 10.352340537003478, "n_estimators": 81.05445308511703}, "datetime": {"datetime": "2021-09-27 19:21:15", "elapsed": 86.364083, "delta": 1.441717}}
{"target": -18.11640810492998, "params": {"max_depth": 11.3443918074117, "n_estimators": 36.886203139732494}, "datetime": {"datetime": "2021-09-27 19:21:16", "elapsed": 87.617083, "delta": 1.253}}
{"target": -17.71041242431086, "params": {"max_depth": 17.030830113014506, "n_estimators": 91.10018617677882}, "datetime": {"datetime": "2021-09-27 19:21:18", "elapsed": 89.27641, "delta": 1.659327}}
{"target": -17.773685207734253, "params": {"max_depth": 22.01112602726417, "n_estimators": 88.02846099334256}, "datetime": {"datetime": "2021-09-27 19:21:20", "elapsed": 90.699845, "delta": 1.423435}}
{"target": -17.61083843669158, "params": {"max_depth": 15.145583479928698, "n_estimators": 56.108763773263554}, "datetime": {"datetime": "2021-09-27 19:21:21", "elapsed": 91.962846, "delta": 1.263001}}
{"target": -17.73288244207201, "params": {"max_depth": 15.725004994552883, "n_estimators": 24.80557507652675}, "datetime": {"datetime": "2021-09-27 19:21:22", "elapsed": 92.822036, "delta": 0.85919}}
{"target": -18.07957720600833, "params": {"max_depth": 18.069188267907883, "n_estimators": 20.397156003302673}, "datetime": {"datetime": "2021-09-27 19:21:22", "elapsed": 93.632033, "delta": 0.809997}}
{"target": -17.97032655976911, "params": {"max_depth": 13.831294776370191, "n_estimators": 21.418954720088593}, "datetime": {"datetime": "2021-09-27 19:21:23", "elapsed": 94.553714, "delta": 0.921681}}
{"target": -17.827956447728916, "params": {"max_depth": 22.86640476025362, "n_estimators": 24.06638404116961}, "datetime": {"datetime": "2021-09-27 19:21:24", "elapsed": 95.476755, "delta": 0.923041}}
{"target": -18.01835761055517, "params": {"max_depth": 12.343359293711025, "n_estimators": 28.762423609628932}, "datetime": {"datetime": "2021-09-27 19:21:25", "elapsed": 96.559239, "delta": 1.082484}}
{"target": -17.748002961980163, "params": {"max_depth": 26.70479281597021, "n_estimators": 56.70092013586719}, "datetime": {"datetime": "2021-09-27 19:21:27", "elapsed": 97.858238, "delta": 1.298999}}
{"target": -17.56531102777604, "params": {"max_depth": 22.985025542007797, "n_estimators": 66.01449802034863}, "datetime": {"datetime": "2021-09-27 19:21:28", "elapsed": 99.281233, "delta": 1.422995}}
{"target": -17.610616071302893, "params": {"max_depth": 14.720035436481973, "n_estimators": 63.71986826518931}, "datetime": {"datetime": "2021-09-27 19:21:29", "elapsed": 100.528423, "delta": 1.24719}}
{"target": -18.1168349340458, "params": {"max_depth": 18.742960762470386, "n_estimators": 34.57196176774072}, "datetime": {"datetime": "2021-09-27 19:21:30", "elapsed": 101.374421, "delta": 0.845998}}
{"target": -17.735764507726685, "params": {"max_depth": 29.977958289594334, "n_estimators": 61.117241061529015}, "datetime": {"datetime": "2021-09-27 19:21:32", "elapsed": 102.863417, "delta": 1.488996}}
{"target": -17.68274146697566, "params": {"max_depth": 17.26746283960693, "n_estimators": 57.67894003965127}, "datetime": {"datetime": "2021-09-27 19:21:33", "elapsed": 104.139417, "delta": 1.276}}
{"target": -17.95076704027989, "params": {"max_depth": 26.43384517984593, "n_estimators": 73.73935285252115}, "datetime": {"datetime": "2021-09-27 19:21:34", "elapsed": 105.440007, "delta": 1.30059}}
{"target": -18.072847429456836, "params": {"max_depth": 26.586872229502074, "n_estimators": 32.80577037681206}, "datetime": {"datetime": "2021-09-27 19:21:35", "elapsed": 106.676239, "delta": 1.236232}}
{"target": -17.476817714823714, "params": {"max_depth": 16.768218300521504, "n_estimators": 67.97770087363688}, "datetime": {"datetime": "2021-09-27 19:21:37", "elapsed": 108.190238, "delta": 1.513999}}
{"target": -18.25348875536075, "params": {"max_depth": 9.510127343764513, "n_estimators": 76.51342731652625}, "datetime": {"datetime": "2021-09-27 19:21:39", "elapsed": 109.80731, "delta": 1.617072}}
{"target": -17.65800559363372, "params": {"max_depth": 27.250478204029854, "n_estimators": 64.21268277578396}, "datetime": {"datetime": "2021-09-27 19:21:40", "elapsed": 111.326312, "delta": 1.519002}}
{"target": -17.686291440865986, "params": {"max_depth": 19.922681086213682, "n_estimators": 93.86672416304053}, "datetime": {"datetime": "2021-09-27 19:21:42", "elapsed": 113.100311, "delta": 1.773999}}
{"target": -17.89181560847391, "params": {"max_depth": 25.812524217465953, "n_estimators": 20.9899018261389}, "datetime": {"datetime": "2021-09-27 19:21:43", "elapsed": 114.100309, "delta": 0.999998}}
