{"target": -17.58596343227489, "params": {"max_depth": 32.438544606471766, "n_estimators": 107.10741209860356}, "datetime": {"datetime": "2021-09-27 19:59:35", "elapsed": 567.361932, "delta": 2.656042}}
{"target": -17.5562883948999, "params": {"max_depth": 17.823750090637695, "n_estimators": 103.22767254217159}, "datetime": {"datetime": "2021-09-27 19:59:37", "elapsed": 569.33339, "delta": 1.971458}}
{"target": -17.796547916684762, "params": {"max_depth": 16.5582029584297, "n_estimators": 165.27467630433162}, "datetime": {"datetime": "2021-09-27 19:59:40", "elapsed": 572.272799, "delta": 2.939409}}
{"target": -17.46695720517248, "params": {"max_depth": 15.550861583294218, "n_estimators": 111.65083291120197}, "datetime": {"datetime": "2021-09-27 19:59:42", "elapsed": 574.801825, "delta": 2.529026}}
{"target": -17.646622103267788, "params": {"max_depth": 13.655773162826872, "n_estimators": 111.77488394882587}, "datetime": {"datetime": "2021-09-27 19:59:45", "elapsed": 577.122306, "delta": 2.320481}}
{"target": -17.545067875992025, "params": {"max_depth": 16.480379056527575, "n_estimators": 111.00416693979433}, "datetime": {"datetime": "2021-09-27 19:59:46", "elapsed": 578.943144, "delta": 1.820838}}
{"target": -17.741377217007958, "params": {"max_depth": 14.832548868753877, "n_estimators": 188.4462155907874}, "datetime": {"datetime": "2021-09-27 19:59:49", "elapsed": 581.530974, "delta": 2.58783}}
{"target": -17.71935492606452, "params": {"max_depth": 15.780937998311803, "n_estimators": 175.6208805560862}, "datetime": {"datetime": "2021-09-27 19:59:52", "elapsed": 584.302342, "delta": 2.771368}}
{"target": -17.477220483134705, "params": {"max_depth": 15.3344883578357, "n_estimators": 102.20851377799868}, "datetime": {"datetime": "2021-09-27 19:59:54", "elapsed": 586.396505, "delta": 2.094163}}
{"target": -17.589860861085494, "params": {"max_depth": 14.99906819054054, "n_estimators": 130.81472677722894}, "datetime": {"datetime": "2021-09-27 19:59:56", "elapsed": 588.76778, "delta": 2.371275}}
{"target": -17.572188536046195, "params": {"max_depth": 17.269851440178233, "n_estimators": 130.47830370490556}, "datetime": {"datetime": "2021-09-27 19:59:58", "elapsed": 590.802123, "delta": 2.034343}}
{"target": -17.54754639484643, "params": {"max_depth": 16.14624512972722, "n_estimators": 128.09642218145004}, "datetime": {"datetime": "2021-09-27 20:00:01", "elapsed": 593.312336, "delta": 2.510213}}
{"target": -17.5767869986493, "params": {"max_depth": 29.022141610172696, "n_estimators": 104.70502051288464}, "datetime": {"datetime": "2021-09-27 20:00:03", "elapsed": 595.190166, "delta": 1.87783}}
{"target": -17.920430716773225, "params": {"max_depth": 16.88035652509171, "n_estimators": 236.44142244056243}, "datetime": {"datetime": "2021-09-27 20:00:06", "elapsed": 598.058399, "delta": 2.868233}}
{"target": -17.685276942371488, "params": {"max_depth": 34.92428768239531, "n_estimators": 146.9891192097222}, "datetime": {"datetime": "2021-09-27 20:00:09", "elapsed": 601.993772, "delta": 3.935373}}
{"target": -17.84871735928486, "params": {"max_depth": 21.909883513211163, "n_estimators": 191.96030460907676}, "datetime": {"datetime": "2021-09-27 20:00:14", "elapsed": 606.250948, "delta": 4.257176}}
{"target": -17.655484934110603, "params": {"max_depth": 11.024302034058202, "n_estimators": 131.35923833991302}, "datetime": {"datetime": "2021-09-27 20:00:17", "elapsed": 609.705453, "delta": 3.454505}}
{"target": -17.630940636321395, "params": {"max_depth": 27.25351157552665, "n_estimators": 119.25353707597125}, "datetime": {"datetime": "2021-09-27 20:00:21", "elapsed": 613.498014, "delta": 3.792561}}
{"target": -17.6133409697826, "params": {"max_depth": 32.87341088483798, "n_estimators": 125.06468221966398}, "datetime": {"datetime": "2021-09-27 20:00:25", "elapsed": 617.197246, "delta": 3.699232}}
{"target": -17.857133196025682, "params": {"max_depth": 21.73451959311771, "n_estimators": 179.22732770297836}, "datetime": {"datetime": "2021-09-27 20:00:29", "elapsed": 621.217534, "delta": 4.020288}}
{"target": -17.57865256146789, "params": {"max_depth": 20.99650506605871, "n_estimators": 107.46225043106477}, "datetime": {"datetime": "2021-09-27 20:00:32", "elapsed": 624.107243, "delta": 2.889709}}
{"target": -17.715359777988514, "params": {"max_depth": 14.319580161299557, "n_estimators": 149.7259036382085}, "datetime": {"datetime": "2021-09-27 20:00:35", "elapsed": 627.876491, "delta": 3.769248}}
{"target": -17.466801335223277, "params": {"max_depth": 15.136734039757133, "n_estimators": 110.78056099529292}, "datetime": {"datetime": "2021-09-27 20:00:38", "elapsed": 630.900078, "delta": 3.023587}}
{"target": -17.597131832245914, "params": {"max_depth": 24.383527401377165, "n_estimators": 112.72259788521664}, "datetime": {"datetime": "2021-09-27 20:00:41", "elapsed": 633.793462, "delta": 2.893384}}
{"target": -17.63328034496236, "params": {"max_depth": 29.561532221726303, "n_estimators": 133.77637705253872}, "datetime": {"datetime": "2021-09-27 20:00:45", "elapsed": 637.110349, "delta": 3.316887}}
{"target": -17.5577775991895, "params": {"max_depth": 16.52052269534867, "n_estimators": 107.8635912512904}, "datetime": {"datetime": "2021-09-27 20:00:48", "elapsed": 640.138169, "delta": 3.02782}}
{"target": -17.697223797508567, "params": {"max_depth": 30.36306497196277, "n_estimators": 149.05848059663282}, "datetime": {"datetime": "2021-09-27 20:00:51", "elapsed": 643.949546, "delta": 3.811377}}
{"target": -17.585175140136734, "params": {"max_depth": 14.654518085387302, "n_estimators": 107.77338971394917}, "datetime": {"datetime": "2021-09-27 20:00:54", "elapsed": 646.780649, "delta": 2.831103}}
{"target": -17.795343748555005, "params": {"max_depth": 30.69438915077371, "n_estimators": 194.21766217023116}, "datetime": {"datetime": "2021-09-27 20:00:58", "elapsed": 650.851243, "delta": 4.070594}}
{"target": -17.545064465984716, "params": {"max_depth": 17.0090417140035, "n_estimators": 116.66177186168561}, "datetime": {"datetime": "2021-09-27 20:01:02", "elapsed": 654.595636, "delta": 3.744393}}
{"target": -17.865179472816585, "params": {"max_depth": 34.971319012163384, "n_estimators": 210.62953136192803}, "datetime": {"datetime": "2021-09-27 20:01:07", "elapsed": 659.590435, "delta": 4.994799}}
{"target": -17.566435573857085, "params": {"max_depth": 33.87585157985395, "n_estimators": 111.8377717833731}, "datetime": {"datetime": "2021-09-27 20:01:10", "elapsed": 662.466127, "delta": 2.875692}}
{"target": -17.654664729548983, "params": {"max_depth": 22.52967251684932, "n_estimators": 123.70932131962839}, "datetime": {"datetime": "2021-09-27 20:01:13", "elapsed": 665.849508, "delta": 3.383381}}
{"target": -17.790277986834894, "params": {"max_depth": 11.062529379934215, "n_estimators": 143.89219483242326}, "datetime": {"datetime": "2021-09-27 20:01:17", "elapsed": 669.161106, "delta": 3.311598}}
{"target": -17.58596343227489, "params": {"max_depth": 28.551130897275705, "n_estimators": 107.36817491806781}, "datetime": {"datetime": "2021-09-27 20:01:20", "elapsed": 672.415325, "delta": 3.254219}}
{"target": -17.653268619790765, "params": {"max_depth": 34.878198082421946, "n_estimators": 128.81033177649866}, "datetime": {"datetime": "2021-09-27 20:01:23", "elapsed": 675.542023, "delta": 3.126698}}
{"target": -17.570753483251757, "params": {"max_depth": 15.828380478740325, "n_estimators": 146.75173129836026}, "datetime": {"datetime": "2021-09-27 20:01:26", "elapsed": 678.662538, "delta": 3.120515}}
{"target": -17.663074628444534, "params": {"max_depth": 18.36084964887022, "n_estimators": 147.40197549087705}, "datetime": {"datetime": "2021-09-27 20:01:30", "elapsed": 682.612727, "delta": 3.950189}}
{"target": -17.508070912802264, "params": {"max_depth": 15.141146197647249, "n_estimators": 134.28544884173}, "datetime": {"datetime": "2021-09-27 20:01:34", "elapsed": 686.317891, "delta": 3.705164}}
{"target": -17.553994432493987, "params": {"max_depth": 16.321168709333378, "n_estimators": 136.30418886704257}, "datetime": {"datetime": "2021-09-27 20:01:37", "elapsed": 689.596621, "delta": 3.27873}}
{"target": -17.80160523500796, "params": {"max_depth": 15.12810246973309, "n_estimators": 213.43390026835038}, "datetime": {"datetime": "2021-09-27 20:01:42", "elapsed": 694.363357, "delta": 4.766736}}
{"target": -17.46421459947802, "params": {"max_depth": 15.494432034676326, "n_estimators": 109.46734678726676}, "datetime": {"datetime": "2021-09-27 20:01:46", "elapsed": 698.580613, "delta": 4.217256}}
{"target": -17.758899241422675, "params": {"max_depth": 11.0, "n_estimators": 123.91429464408277}, "datetime": {"datetime": "2021-09-27 20:01:49", "elapsed": 701.499922, "delta": 2.919309}}
{"target": -17.689783758648243, "params": {"max_depth": 26.971623595993783, "n_estimators": 148.788700673371}, "datetime": {"datetime": "2021-09-27 20:01:53", "elapsed": 705.873625, "delta": 4.373703}}
{"target": -17.82999496298609, "params": {"max_depth": 19.714495008763667, "n_estimators": 208.32972602111437}, "datetime": {"datetime": "2021-09-27 20:01:57", "elapsed": 709.49493, "delta": 3.621305}}
{"target": -17.584543733362658, "params": {"max_depth": 13.483538232142731, "n_estimators": 102.19799155983019}, "datetime": {"datetime": "2021-09-27 20:02:00", "elapsed": 712.388563, "delta": 2.893633}}
{"target": -17.702909221041143, "params": {"max_depth": 26.99605438250085, "n_estimators": 143.80724145308704}, "datetime": {"datetime": "2021-09-27 20:02:03", "elapsed": 715.681915, "delta": 3.293352}}
{"target": -17.662100343923175, "params": {"max_depth": 24.214422079232975, "n_estimators": 139.18549212024573}, "datetime": {"datetime": "2021-09-27 20:02:06", "elapsed": 718.669847, "delta": 2.987932}}
{"target": -17.5767869986493, "params": {"max_depth": 21.928996944188512, "n_estimators": 104.28400208363043}, "datetime": {"datetime": "2021-09-27 20:02:09", "elapsed": 721.012951, "delta": 2.343104}}
{"target": -17.466801335223277, "params": {"max_depth": 15.59496330488803, "n_estimators": 110.39883691888456}, "datetime": {"datetime": "2021-09-27 20:02:12", "elapsed": 724.391156, "delta": 3.378205}}
{"target": -17.63320592242858, "params": {"max_depth": 14.409561034843344, "n_estimators": 118.57645883840402}, "datetime": {"datetime": "2021-09-27 20:02:15", "elapsed": 727.300451, "delta": 2.909295}}
{"target": -17.81914780041958, "params": {"max_depth": 25.868559922782786, "n_estimators": 154.48560678854162}, "datetime": {"datetime": "2021-09-27 20:02:17", "elapsed": 729.819519, "delta": 2.519068}}
{"target": -17.857055772815695, "params": {"max_depth": 16.11214670193947, "n_estimators": 185.04793991302148}, "datetime": {"datetime": "2021-09-27 20:02:20", "elapsed": 732.259993, "delta": 2.440474}}
{"target": -17.561610417337945, "params": {"max_depth": 33.828295437089956, "n_estimators": 110.07427972643379}, "datetime": {"datetime": "2021-09-27 20:02:22", "elapsed": 734.735276, "delta": 2.475283}}
{"target": -17.649371912592237, "params": {"max_depth": 25.140502482773698, "n_estimators": 134.24804913609168}, "datetime": {"datetime": "2021-09-27 20:02:25", "elapsed": 737.463196, "delta": 2.72792}}
{"target": -17.52121790962832, "params": {"max_depth": 15.830364699763166, "n_estimators": 101.55236048788639}, "datetime": {"datetime": "2021-09-27 20:02:27", "elapsed": 739.561402, "delta": 2.098206}}
{"target": -17.855319148583217, "params": {"max_depth": 11.018344651238927, "n_estimators": 197.14257522157192}, "datetime": {"datetime": "2021-09-27 20:02:30", "elapsed": 742.428373, "delta": 2.866971}}
{"target": -17.84409057088684, "params": {"max_depth": 14.65056914661193, "n_estimators": 204.78982278338273}, "datetime": {"datetime": "2021-09-27 20:02:33", "elapsed": 745.956839, "delta": 3.528466}}
{"target": -17.833561355859878, "params": {"max_depth": 21.851152401787644, "n_estimators": 158.5361304812806}, "datetime": {"datetime": "2021-09-27 20:02:36", "elapsed": 748.811075, "delta": 2.854236}}
{"target": -17.84836516706347, "params": {"max_depth": 11.0, "n_estimators": 189.64491361517307}, "datetime": {"datetime": "2021-09-27 20:02:39", "elapsed": 751.98856, "delta": 3.177485}}
{"target": -17.84691403742711, "params": {"max_depth": 30.722485036837295, "n_estimators": 160.62142842420317}, "datetime": {"datetime": "2021-09-27 20:02:42", "elapsed": 754.682309, "delta": 2.693749}}
{"target": -17.710493408793084, "params": {"max_depth": 11.0, "n_estimators": 116.48124776713651}, "datetime": {"datetime": "2021-09-27 20:02:45", "elapsed": 757.363337, "delta": 2.681028}}
{"target": -17.6118708736146, "params": {"max_depth": 29.851936011883872, "n_estimators": 117.00430212144533}, "datetime": {"datetime": "2021-09-27 20:02:47", "elapsed": 759.816132, "delta": 2.452795}}
{"target": -17.645702407743016, "params": {"max_depth": 28.035921466058255, "n_estimators": 124.2136957996398}, "datetime": {"datetime": "2021-09-27 20:02:50", "elapsed": 762.621485, "delta": 2.805353}}
{"target": -17.59252070708807, "params": {"max_depth": 19.52889360958526, "n_estimators": 125.84432731961039}, "datetime": {"datetime": "2021-09-27 20:02:54", "elapsed": 766.103218, "delta": 3.481733}}
{"target": -17.477220483134705, "params": {"max_depth": 15.5043745190856, "n_estimators": 102.77912157106672}, "datetime": {"datetime": "2021-09-27 20:02:56", "elapsed": 768.875561, "delta": 2.772343}}
{"target": -17.597131832245914, "params": {"max_depth": 30.749323581297684, "n_estimators": 112.13362899124084}, "datetime": {"datetime": "2021-09-27 20:03:00", "elapsed": 772.297082, "delta": 3.421521}}
{"target": -17.46695720517248, "params": {"max_depth": 15.468245759190479, "n_estimators": 111.15918497150777}, "datetime": {"datetime": "2021-09-27 20:03:03", "elapsed": 775.633908, "delta": 3.336826}}
{"target": -17.48724480510057, "params": {"max_depth": 15.705884386634658, "n_estimators": 108.72488193798388}, "datetime": {"datetime": "2021-09-27 20:03:06", "elapsed": 778.970119, "delta": 3.336211}}
{"target": -17.61772615525487, "params": {"max_depth": 33.71778303746433, "n_estimators": 101.47713844482054}, "datetime": {"datetime": "2021-09-27 20:03:09", "elapsed": 781.84311, "delta": 2.872991}}
{"target": -17.560660649321832, "params": {"max_depth": 20.844916687636506, "n_estimators": 102.05845361381364}, "datetime": {"datetime": "2021-09-27 20:03:13", "elapsed": 785.101353, "delta": 3.258243}}
{"target": -18.040563758570986, "params": {"max_depth": 11.212062264501917, "n_estimators": 244.9237976890922}, "datetime": {"datetime": "2021-09-27 20:03:18", "elapsed": 790.016666, "delta": 4.915313}}
{"target": -17.466801335223277, "params": {"max_depth": 15.300155328799232, "n_estimators": 110.16329155240496}, "datetime": {"datetime": "2021-09-27 20:03:21", "elapsed": 793.693939, "delta": 3.677273}}
{"target": -17.931526129574436, "params": {"max_depth": 22.71479718162861, "n_estimators": 238.29764089110472}, "datetime": {"datetime": "2021-09-27 20:03:27", "elapsed": 799.671405, "delta": 5.977466}}
{"target": -17.935744695590333, "params": {"max_depth": 31.32237264438449, "n_estimators": 239.18777948135164}, "datetime": {"datetime": "2021-09-27 20:03:32", "elapsed": 804.752282, "delta": 5.080877}}
{"target": -17.46695720517248, "params": {"max_depth": 15.143564396717679, "n_estimators": 111.52469844031387}, "datetime": {"datetime": "2021-09-27 20:03:36", "elapsed": 808.673512, "delta": 3.92123}}
{"target": -17.812059094689562, "params": {"max_depth": 31.491150318519963, "n_estimators": 174.4447851608601}, "datetime": {"datetime": "2021-09-27 20:03:41", "elapsed": 813.588786, "delta": 4.915274}}
{"target": -17.575887990756748, "params": {"max_depth": 15.537961922517754, "n_estimators": 138.1798772884782}, "datetime": {"datetime": "2021-09-27 20:03:45", "elapsed": 817.683168, "delta": 4.094382}}
{"target": -17.7359419170317, "params": {"max_depth": 13.259976395968753, "n_estimators": 136.42184991422926}, "datetime": {"datetime": "2021-09-27 20:03:49", "elapsed": 821.904912, "delta": 4.221744}}
{"target": -17.656923992150205, "params": {"max_depth": 14.163404939118678, "n_estimators": 140.98512935073882}, "datetime": {"datetime": "2021-09-27 20:03:53", "elapsed": 825.452757, "delta": 3.547845}}
{"target": -17.561610417337945, "params": {"max_depth": 22.468604734696466, "n_estimators": 110.13685573014706}, "datetime": {"datetime": "2021-09-27 20:03:57", "elapsed": 829.613471, "delta": 4.160714}}
{"target": -17.622580864100666, "params": {"max_depth": 24.43183722808973, "n_estimators": 116.59374429681293}, "datetime": {"datetime": "2021-09-27 20:04:01", "elapsed": 833.703288, "delta": 4.089817}}
{"target": -17.479303698804188, "params": {"max_depth": 15.5713478006288, "n_estimators": 112.30038988008421}, "datetime": {"datetime": "2021-09-27 20:04:05", "elapsed": 837.637948, "delta": 3.93466}}
{"target": -17.65036768376102, "params": {"max_depth": 16.566722106271495, "n_estimators": 143.6893884008887}, "datetime": {"datetime": "2021-09-27 20:04:10", "elapsed": 842.690706, "delta": 5.052758}}
{"target": -17.643686700214392, "params": {"max_depth": 13.469737866986474, "n_estimators": 100.01184345467222}, "datetime": {"datetime": "2021-09-27 20:04:14", "elapsed": 846.615094, "delta": 3.924388}}
{"target": -17.561278931849582, "params": {"max_depth": 23.392230500359712, "n_estimators": 105.46972933935236}, "datetime": {"datetime": "2021-09-27 20:04:18", "elapsed": 850.77812, "delta": 4.163026}}
{"target": -17.595798884074874, "params": {"max_depth": 21.084873137290113, "n_estimators": 118.89691633472937}, "datetime": {"datetime": "2021-09-27 20:04:22", "elapsed": 854.827293, "delta": 4.049173}}
{"target": -17.64200472367856, "params": {"max_depth": 24.467997372178807, "n_estimators": 126.90211258143748}, "datetime": {"datetime": "2021-09-27 20:04:27", "elapsed": 859.344368, "delta": 4.517075}}
{"target": -17.684133559044625, "params": {"max_depth": 14.275232672555878, "n_estimators": 147.19304158430077}, "datetime": {"datetime": "2021-09-27 20:04:31", "elapsed": 863.59312, "delta": 4.248752}}
{"target": -17.463952495977118, "params": {"max_depth": 15.287642754139057, "n_estimators": 133.6442937596581}, "datetime": {"datetime": "2021-09-27 20:04:35", "elapsed": 867.801325, "delta": 4.208205}}
{"target": -17.88830553196482, "params": {"max_depth": 25.196687069694217, "n_estimators": 230.6525950282912}, "datetime": {"datetime": "2021-09-27 20:04:43", "elapsed": 875.045329, "delta": 7.244004}}
{"target": -17.819067833997988, "params": {"max_depth": 26.904996989720974, "n_estimators": 164.63967825127293}, "datetime": {"datetime": "2021-09-27 20:04:49", "elapsed": 881.329732, "delta": 6.284403}}
{"target": -17.632407308033958, "params": {"max_depth": 21.509394671101, "n_estimators": 132.02100069424984}, "datetime": {"datetime": "2021-09-27 20:04:54", "elapsed": 886.260907, "delta": 4.931175}}
{"target": -17.682320505333387, "params": {"max_depth": 29.916575949988022, "n_estimators": 138.82685431268905}, "datetime": {"datetime": "2021-09-27 20:04:58", "elapsed": 890.471521, "delta": 4.210614}}
{"target": -17.873586438430408, "params": {"max_depth": 19.711577280145548, "n_estimators": 222.7182869942468}, "datetime": {"datetime": "2021-09-27 20:05:03", "elapsed": 895.354428, "delta": 4.882907}}
{"target": -17.80229708293462, "params": {"max_depth": 20.25198919731333, "n_estimators": 165.42451391833575}, "datetime": {"datetime": "2021-09-27 20:05:08", "elapsed": 900.444117, "delta": 5.089689}}
{"target": -17.8844342656227, "params": {"max_depth": 32.01911980850281, "n_estimators": 224.8285639538907}, "datetime": {"datetime": "2021-09-27 20:05:15", "elapsed": 907.089492, "delta": 6.645375}}
{"target": -17.662305435994035, "params": {"max_depth": 34.539429688001945, "n_estimators": 141.1885639653243}, "datetime": {"datetime": "2021-09-27 20:05:20", "elapsed": 912.75124, "delta": 5.661748}}
{"target": -17.612333547966898, "params": {"max_depth": 18.65200021698584, "n_estimators": 137.61152650048456}, "datetime": {"datetime": "2021-09-27 20:05:24", "elapsed": 916.839927, "delta": 4.088687}}
{"target": -17.607254875767985, "params": {"max_depth": 19.57883503718959, "n_estimators": 141.41943489461175}, "datetime": {"datetime": "2021-09-27 20:05:29", "elapsed": 921.523895, "delta": 4.683968}}
{"target": -17.79629447363121, "params": {"max_depth": 17.88790398372964, "n_estimators": 173.24624051432485}, "datetime": {"datetime": "2021-09-27 20:05:34", "elapsed": 926.166436, "delta": 4.642541}}
{"target": -17.742016295642422, "params": {"max_depth": 15.135471527463777, "n_estimators": 178.4317265952459}, "datetime": {"datetime": "2021-09-27 20:05:39", "elapsed": 931.093703, "delta": 4.927267}}
{"target": -17.676951601319683, "params": {"max_depth": 22.743569433709503, "n_estimators": 147.00854719201791}, "datetime": {"datetime": "2021-09-27 20:05:43", "elapsed": 935.281778, "delta": 4.188075}}
{"target": -17.575184927208856, "params": {"max_depth": 19.55934516184206, "n_estimators": 133.80390565490873}, "datetime": {"datetime": "2021-09-27 20:05:47", "elapsed": 939.261441, "delta": 3.979663}}
{"target": -17.463952495977118, "params": {"max_depth": 15.496913852237363, "n_estimators": 133.37396504512782}, "datetime": {"datetime": "2021-09-27 20:05:52", "elapsed": 944.239764, "delta": 4.978323}}
{"target": -17.521719271744054, "params": {"max_depth": 16.076165983794205, "n_estimators": 134.04538783524904}, "datetime": {"datetime": "2021-09-27 20:05:56", "elapsed": 948.957078, "delta": 4.717314}}
{"target": -17.8844342656227, "params": {"max_depth": 25.74299640070815, "n_estimators": 224.3034637954062}, "datetime": {"datetime": "2021-09-27 20:06:02", "elapsed": 954.164138, "delta": 5.20706}}
{"target": -17.92652716858109, "params": {"max_depth": 32.0899826784876, "n_estimators": 231.43531902978663}, "datetime": {"datetime": "2021-09-27 20:06:07", "elapsed": 959.591687, "delta": 5.427549}}
