{"target": -17.33943718276291, "params": {"eta": 0.43552382812338447, "max_depth": 33.270407095801616, "n_estimators": 11.965351733948763}, "datetime": {"datetime": "2021-09-28 08:22:31", "elapsed": 25.128219, "delta": 1.098638}}
{"target": -17.745272546842124, "params": {"eta": 0.37850501484092636, "max_depth": 26.288874255678227, "n_estimators": 19.165539045190865}, "datetime": {"datetime": "2021-09-28 08:22:31", "elapsed": 25.933215, "delta": 0.804996}}
{"target": -21.81942198978772, "params": {"eta": 0.6, "max_depth": 32.94202624942306, "n_estimators": 12.07143443975938}, "datetime": {"datetime": "2021-09-28 08:22:32", "elapsed": 26.803218, "delta": 0.870003}}
{"target": -52.32581810823095, "params": {"eta": 0.032984718342773, "max_depth": 31.576404295776072, "n_estimators": 19.911700446571594}, "datetime": {"datetime": "2021-09-28 08:22:32", "elapsed": 27.04241, "delta": 0.239192}}
{"target": -18.858151673135534, "params": {"eta": 0.3362941906200779, "max_depth": 32.72377528199206, "n_estimators": 18.217001385551445}, "datetime": {"datetime": "2021-09-28 08:22:33", "elapsed": 27.99841, "delta": 0.956}}
{"target": -27.288267254762356, "params": {"eta": 0.07231460780688392, "max_depth": 33.1541265301712, "n_estimators": 19.746295936787625}, "datetime": {"datetime": "2021-09-28 08:22:34", "elapsed": 28.281409, "delta": 0.282999}}
{"target": -19.267214584666906, "params": {"eta": 0.5240742250821576, "max_depth": 26.785951719529905, "n_estimators": 14.187862018952728}, "datetime": {"datetime": "2021-09-28 08:22:34", "elapsed": 28.634461, "delta": 0.353052}}
{"target": -43.80193697828542, "params": {"eta": 0.05057199546048363, "max_depth": 26.561072441181725, "n_estimators": 16.77482821898441}, "datetime": {"datetime": "2021-09-28 08:22:34", "elapsed": 28.896464, "delta": 0.262003}}
{"target": -17.786829580882475, "params": {"eta": 0.15810446305618883, "max_depth": 33.173010053788786, "n_estimators": 18.118949946411345}, "datetime": {"datetime": "2021-09-28 08:22:35", "elapsed": 29.959367, "delta": 1.062903}}
{"target": -21.845851297194898, "params": {"eta": 0.6, "max_depth": 33.07418598405411, "n_estimators": 17.981605448852985}, "datetime": {"datetime": "2021-09-28 08:22:36", "elapsed": 31.034369, "delta": 1.075002}}
{"target": -17.29741279951668, "params": {"eta": 0.47027262815254806, "max_depth": 32.93162847355603, "n_estimators": 18.693902447841772}, "datetime": {"datetime": "2021-09-28 08:22:37", "elapsed": 32.067371, "delta": 1.033002}}
{"target": -62.94076858866485, "params": {"eta": 0.024301651317070842, "max_depth": 33.018344978017986, "n_estimators": 18.597586036262605}, "datetime": {"datetime": "2021-09-28 08:22:38", "elapsed": 32.863393, "delta": 0.796022}}
{"target": -17.22061207074373, "params": {"eta": 0.1905169204582305, "max_depth": 33.36280268797655, "n_estimators": 17.737889988048508}, "datetime": {"datetime": "2021-09-28 08:22:39", "elapsed": 33.906809, "delta": 1.043416}}
{"target": -50.747431990410284, "params": {"eta": 0.05905889891233695, "max_depth": 30.472058839843918, "n_estimators": 11.450314998652471}, "datetime": {"datetime": "2021-09-28 08:22:40", "elapsed": 34.16344, "delta": 0.256631}}
{"target": -21.846656571721716, "params": {"eta": 0.6, "max_depth": 32.59505013085096, "n_estimators": 18.50251479129657}, "datetime": {"datetime": "2021-09-28 08:22:41", "elapsed": 35.457701, "delta": 1.294261}}
{"target": -19.529475719804772, "params": {"eta": 0.5472172231335046, "max_depth": 32.93576839050872, "n_estimators": 19.099025658547255}, "datetime": {"datetime": "2021-09-28 08:22:42", "elapsed": 36.5377, "delta": 1.079999}}
{"target": -18.03822647398393, "params": {"eta": 0.40744709200827045, "max_depth": 33.58197926805717, "n_estimators": 18.050194294782024}, "datetime": {"datetime": "2021-09-28 08:22:43", "elapsed": 37.768892, "delta": 1.231192}}
{"target": -21.846656571721716, "params": {"eta": 0.6, "max_depth": 33.32234541854703, "n_estimators": 18.442787052964693}, "datetime": {"datetime": "2021-09-28 08:22:44", "elapsed": 38.851421, "delta": 1.082529}}
{"target": -19.647760540120597, "params": {"eta": 0.495743802331065, "max_depth": 32.477336414206015, "n_estimators": 17.83851728316852}, "datetime": {"datetime": "2021-09-28 08:22:45", "elapsed": 39.581117, "delta": 0.729696}}
{"target": -64.05895194733816, "params": {"eta": 0.024692038931414813, "max_depth": 32.369586589226984, "n_estimators": 17.82315157052271}, "datetime": {"datetime": "2021-09-28 08:22:46", "elapsed": 40.250118, "delta": 0.669001}}
{"target": -21.845851297194898, "params": {"eta": 0.6, "max_depth": 32.82743176826371, "n_estimators": 17.501119149248538}, "datetime": {"datetime": "2021-09-28 08:22:46", "elapsed": 41.051507, "delta": 0.801389}}
{"target": -23.557159802779857, "params": {"eta": 0.5968900266895991, "max_depth": 33.4159039794294, "n_estimators": 17.5922009461693}, "datetime": {"datetime": "2021-09-28 08:22:47", "elapsed": 42.018505, "delta": 0.966998}}
{"target": -17.60302133209186, "params": {"eta": 0.279336006975125, "max_depth": 34.69281588308919, "n_estimators": 15.690440656495994}, "datetime": {"datetime": "2021-09-28 08:22:48", "elapsed": 42.447505, "delta": 0.429}}
{"target": -21.83005468234071, "params": {"eta": 0.6, "max_depth": 30.42100706181333, "n_estimators": 13.418976856600706}, "datetime": {"datetime": "2021-09-28 08:22:49", "elapsed": 43.486279, "delta": 1.038774}}
{"target": -40.53175165202836, "params": {"eta": 0.08760482825947183, "max_depth": 34.38637592569698, "n_estimators": 10.094712321935095}, "datetime": {"datetime": "2021-09-28 08:22:49", "elapsed": 43.779276, "delta": 0.292997}}
{"target": -22.727150738693137, "params": {"eta": 0.599661508737106, "max_depth": 26.541502290010346, "n_estimators": 19.39910754918828}, "datetime": {"datetime": "2021-09-28 08:22:50", "elapsed": 44.691137, "delta": 0.911861}}
{"target": -22.100884499643534, "params": {"eta": 0.11265006152630946, "max_depth": 27.092133662316176, "n_estimators": 15.306004277440792}, "datetime": {"datetime": "2021-09-28 08:22:51", "elapsed": 45.116278, "delta": 0.425141}}
{"target": -20.55564771615273, "params": {"eta": 0.49664447529881267, "max_depth": 26.198918859977628, "n_estimators": 15.583088563370627}, "datetime": {"datetime": "2021-09-28 08:22:51", "elapsed": 45.667282, "delta": 0.551004}}
{"target": -21.837776341753056, "params": {"eta": 0.6, "max_depth": 30.084244651715462, "n_estimators": 14.006666035692293}, "datetime": {"datetime": "2021-09-28 08:22:52", "elapsed": 46.83528, "delta": 1.167998}}
{"target": -19.757483078333777, "params": {"eta": 0.5089934534612778, "max_depth": 29.627974185341543, "n_estimators": 13.304778746935044}, "datetime": {"datetime": "2021-09-28 08:22:53", "elapsed": 47.83358, "delta": 0.9983}}
{"target": -24.813148619787007, "params": {"eta": 0.08807573284623613, "max_depth": 27.796141726667617, "n_estimators": 17.13866625200901}, "datetime": {"datetime": "2021-09-28 08:22:54", "elapsed": 48.966334, "delta": 1.132754}}
{"target": -19.621572769879606, "params": {"eta": 0.5000084787163922, "max_depth": 33.40330059339607, "n_estimators": 15.37488967560313}, "datetime": {"datetime": "2021-09-28 08:22:55", "elapsed": 49.388331, "delta": 0.421997}}
{"target": -85.06941116151052, "params": {"eta": 0.008, "max_depth": 33.706607717161816, "n_estimators": 17.971775055443516}, "datetime": {"datetime": "2021-09-28 08:22:56", "elapsed": 50.220337, "delta": 0.832006}}
{"target": -18.013630230735895, "params": {"eta": 0.47723225286001664, "max_depth": 26.40903127013131, "n_estimators": 17.922616007393906}, "datetime": {"datetime": "2021-09-28 08:22:56", "elapsed": 50.689335, "delta": 0.468998}}
{"target": -17.60748808064014, "params": {"eta": 0.20647986123512974, "max_depth": 33.1730491566259, "n_estimators": 17.320677575140053}, "datetime": {"datetime": "2021-09-28 08:22:57", "elapsed": 51.547765, "delta": 0.85843}}
{"target": -17.745577460758323, "params": {"eta": 0.23888635348265383, "max_depth": 25.352903324698087, "n_estimators": 11.548503263479548}, "datetime": {"datetime": "2021-09-28 08:22:57", "elapsed": 51.920763, "delta": 0.372998}}
{"target": -77.27655006232497, "params": {"eta": 0.02304813990789125, "max_depth": 25.3611306188229, "n_estimators": 10.298249318758083}, "datetime": {"datetime": "2021-09-28 08:22:58", "elapsed": 52.238764, "delta": 0.318001}}
{"target": -19.677812329038584, "params": {"eta": 0.49721452236691466, "max_depth": 25.789767720183832, "n_estimators": 11.430887370818809}, "datetime": {"datetime": "2021-09-28 08:22:59", "elapsed": 53.233693, "delta": 0.994929}}
{"target": -68.09734919397748, "params": {"eta": 0.03234756408048465, "max_depth": 25.790368952884158, "n_estimators": 11.42151749685185}, "datetime": {"datetime": "2021-09-28 08:23:00", "elapsed": 54.095316, "delta": 0.861623}}
{"target": -22.409162748774733, "params": {"eta": 0.5773096211902283, "max_depth": 25.25567001662825, "n_estimators": 11.341556958521998}, "datetime": {"datetime": "2021-09-28 08:23:01", "elapsed": 55.360567, "delta": 1.265251}}
{"target": -21.817474116550727, "params": {"eta": 0.5910408753422195, "max_depth": 25.443768700519133, "n_estimators": 11.771344772408254}, "datetime": {"datetime": "2021-09-28 08:23:02", "elapsed": 56.44157, "delta": 1.081003}}
{"target": -18.194381067147063, "params": {"eta": 0.23940366934296603, "max_depth": 25.005380864986428, "n_estimators": 11.65311335324356}, "datetime": {"datetime": "2021-09-28 08:23:03", "elapsed": 57.691836, "delta": 1.250266}}
{"target": -18.23795911137216, "params": {"eta": 0.1949482855579002, "max_depth": 25.234240912783058, "n_estimators": 12.014119379854614}, "datetime": {"datetime": "2021-09-28 08:23:05", "elapsed": 59.093276, "delta": 1.40144}}
{"target": -18.781396578401615, "params": {"eta": 0.2904726592476023, "max_depth": 25.841719735437614, "n_estimators": 17.427218396931323}, "datetime": {"datetime": "2021-09-28 08:23:05", "elapsed": 60.057891, "delta": 0.964615}}
{"target": -17.570147696325076, "params": {"eta": 0.3863501964986705, "max_depth": 25.99140038644942, "n_estimators": 11.434996532568402}, "datetime": {"datetime": "2021-09-28 08:23:06", "elapsed": 60.493894, "delta": 0.436003}}
{"target": -19.085462542688674, "params": {"eta": 0.26432521972814643, "max_depth": 25.376103519316594, "n_estimators": 17.362167464570845}, "datetime": {"datetime": "2021-09-28 08:23:07", "elapsed": 61.508447, "delta": 1.014553}}
{"target": -23.452640953967443, "params": {"eta": 0.5816405150336706, "max_depth": 25.63022841763967, "n_estimators": 17.117787697027754}, "datetime": {"datetime": "2021-09-28 08:23:08", "elapsed": 62.710444, "delta": 1.201997}}
{"target": -17.334781146901044, "params": {"eta": 0.43460344833861636, "max_depth": 25.896776277180766, "n_estimators": 17.880968398630586}, "datetime": {"datetime": "2021-09-28 08:23:09", "elapsed": 63.79611, "delta": 1.085666}}
{"target": -21.809051591470038, "params": {"eta": 0.6, "max_depth": 26.214503463965144, "n_estimators": 11.633862352318168}, "datetime": {"datetime": "2021-09-28 08:23:10", "elapsed": 64.828186, "delta": 1.032076}}
{"target": -49.594158258202, "params": {"eta": 0.039967250109049474, "max_depth": 26.150059834476913, "n_estimators": 17.779853394741174}, "datetime": {"datetime": "2021-09-28 08:23:11", "elapsed": 65.792328, "delta": 0.964142}}
{"target": -17.94903943152516, "params": {"eta": 0.43308648710378644, "max_depth": 25.579803266531993, "n_estimators": 17.786883257059582}, "datetime": {"datetime": "2021-09-28 08:23:12", "elapsed": 66.763862, "delta": 0.971534}}
{"target": -19.427703027662055, "params": {"eta": 0.18261234356704215, "max_depth": 25.08505666488043, "n_estimators": 11.557551443383057}, "datetime": {"datetime": "2021-09-28 08:23:13", "elapsed": 67.112019, "delta": 0.348157}}
{"target": -22.837883508689373, "params": {"eta": 0.5841475843218401, "max_depth": 26.238615636213513, "n_estimators": 18.358032373433986}, "datetime": {"datetime": "2021-09-28 08:23:14", "elapsed": 68.403547, "delta": 1.291528}}
{"target": -21.824060850076954, "params": {"eta": 0.5747942479818383, "max_depth": 25.63479377110108, "n_estimators": 18.290784987350353}, "datetime": {"datetime": "2021-09-28 08:23:15", "elapsed": 69.465448, "delta": 1.061901}}
{"target": -18.906143527164907, "params": {"eta": 0.3469352787691135, "max_depth": 29.164811331966575, "n_estimators": 13.438319239890905}, "datetime": {"datetime": "2021-09-28 08:23:16", "elapsed": 70.357448, "delta": 0.892}}
{"target": -18.536792430138274, "params": {"eta": 0.3272542338459943, "max_depth": 29.581177687636973, "n_estimators": 13.767262740241035}, "datetime": {"datetime": "2021-09-28 08:23:17", "elapsed": 71.207592, "delta": 0.850144}}
{"target": -44.87793081770987, "params": {"eta": 0.05984513642229242, "max_depth": 29.52270278889645, "n_estimators": 13.325576819596748}, "datetime": {"datetime": "2021-09-28 08:23:18", "elapsed": 72.414588, "delta": 1.206996}}
{"target": -22.771282926078104, "params": {"eta": 0.5767088725806693, "max_depth": 29.246468870840673, "n_estimators": 13.832678404930107}, "datetime": {"datetime": "2021-09-28 08:23:19", "elapsed": 73.482797, "delta": 1.068209}}
{"target": -21.83005468234071, "params": {"eta": 0.6, "max_depth": 28.829722154163317, "n_estimators": 13.294745152895018}, "datetime": {"datetime": "2021-09-28 08:23:20", "elapsed": 74.348423, "delta": 0.865626}}
{"target": -19.008837944746997, "params": {"eta": 0.3552200769439309, "max_depth": 34.24930615586118, "n_estimators": 15.581981247570962}, "datetime": {"datetime": "2021-09-28 08:23:21", "elapsed": 75.2642, "delta": 0.915777}}
{"target": -21.7824310972164, "params": {"eta": 0.5715707936310704, "max_depth": 34.612572126582506, "n_estimators": 15.352860760515318}, "datetime": {"datetime": "2021-09-28 08:23:22", "elapsed": 76.223201, "delta": 0.959001}}
{"target": -34.08636626567538, "params": {"eta": 0.07230957459895199, "max_depth": 34.63743737336482, "n_estimators": 15.29331412980157}, "datetime": {"datetime": "2021-09-28 08:23:22", "elapsed": 76.972202, "delta": 0.749001}}
{"target": -29.56443070318464, "params": {"eta": 0.11226995268657577, "max_depth": 26.956527129341595, "n_estimators": 11.383054057778635}, "datetime": {"datetime": "2021-09-28 08:23:23", "elapsed": 77.375324, "delta": 0.403122}}
{"target": -19.812614841081487, "params": {"eta": 0.5432888666320075, "max_depth": 25.53704793218011, "n_estimators": 11.338806396644344}, "datetime": {"datetime": "2021-09-28 08:23:23", "elapsed": 77.876321, "delta": 0.500997}}
{"target": -21.843501818682096, "params": {"eta": 0.6, "max_depth": 34.49422360062321, "n_estimators": 15.898810858269847}, "datetime": {"datetime": "2021-09-28 08:23:24", "elapsed": 78.98937, "delta": 1.113049}}
{"target": -25.340093044014367, "params": {"eta": 0.09800436145401543, "max_depth": 34.38669481984746, "n_estimators": 15.9902149069989}, "datetime": {"datetime": "2021-09-28 08:23:25", "elapsed": 80.080194, "delta": 1.090824}}
{"target": -21.843501818682096, "params": {"eta": 0.6, "max_depth": 33.82009195390116, "n_estimators": 15.637505913284794}, "datetime": {"datetime": "2021-09-28 08:23:27", "elapsed": 81.362269, "delta": 1.282075}}
{"target": -23.343119761354085, "params": {"eta": 0.5951075454268854, "max_depth": 26.07513274405452, "n_estimators": 17.528523390633563}, "datetime": {"datetime": "2021-09-28 08:23:28", "elapsed": 82.524896, "delta": 1.162627}}
{"target": -19.507300569622103, "params": {"eta": 0.34365237690997413, "max_depth": 28.007340441520853, "n_estimators": 14.418918433463967}, "datetime": {"datetime": "2021-09-28 08:23:28", "elapsed": 83.058906, "delta": 0.53401}}
{"target": -21.843501818682096, "params": {"eta": 0.6, "max_depth": 35.0, "n_estimators": 15.74633193424821}, "datetime": {"datetime": "2021-09-28 08:23:30", "elapsed": 84.39049, "delta": 1.331584}}
{"target": -28.93204116547963, "params": {"eta": 0.08069146029507183, "max_depth": 25.21142542147171, "n_estimators": 16.909417940710327}, "datetime": {"datetime": "2021-09-28 08:23:31", "elapsed": 85.151673, "delta": 0.761183}}
{"target": -19.590646650669534, "params": {"eta": 0.49817888004430194, "max_depth": 30.213031922639484, "n_estimators": 16.77377235041636}, "datetime": {"datetime": "2021-09-28 08:23:32", "elapsed": 86.200697, "delta": 1.049024}}
{"target": -17.844606499917354, "params": {"eta": 0.16905731793589635, "max_depth": 30.190997572495, "n_estimators": 16.410795871557426}, "datetime": {"datetime": "2021-09-28 08:23:33", "elapsed": 87.321639, "delta": 1.120942}}
{"target": -21.84550412268036, "params": {"eta": 0.6, "max_depth": 30.272772808664627, "n_estimators": 16.289941591954374}, "datetime": {"datetime": "2021-09-28 08:23:34", "elapsed": 88.317639, "delta": 0.996}}
{"target": -18.449502407896723, "params": {"eta": 0.30264616100186065, "max_depth": 29.73311019386753, "n_estimators": 16.626746789127765}, "datetime": {"datetime": "2021-09-28 08:23:35", "elapsed": 89.726929, "delta": 1.40929}}
{"target": -62.27598678892817, "params": {"eta": 0.0319621543769681, "max_depth": 30.327421084405508, "n_estimators": 14.390168934447834}, "datetime": {"datetime": "2021-09-28 08:23:36", "elapsed": 90.153933, "delta": 0.427004}}
{"target": -30.893032568689904, "params": {"eta": 0.07519837946301938, "max_depth": 30.389097638291993, "n_estimators": 16.786654650926142}, "datetime": {"datetime": "2021-09-28 08:23:37", "elapsed": 91.137896, "delta": 0.983963}}
{"target": -18.520912367757067, "params": {"eta": 0.2821781413117441, "max_depth": 29.7430350629742, "n_estimators": 16.180636339102726}, "datetime": {"datetime": "2021-09-28 08:23:38", "elapsed": 92.164628, "delta": 1.026732}}
{"target": -17.095159415690418, "params": {"eta": 0.46276943293631206, "max_depth": 29.271876895538718, "n_estimators": 16.350158111643918}, "datetime": {"datetime": "2021-09-28 08:23:39", "elapsed": 93.356016, "delta": 1.191388}}
{"target": -41.65661287317061, "params": {"eta": 0.053822725720064336, "max_depth": 29.327480213985666, "n_estimators": 16.412525930134123}, "datetime": {"datetime": "2021-09-28 08:23:40", "elapsed": 94.418666, "delta": 1.06265}}
{"target": -20.594483727531674, "params": {"eta": 0.5558766175409128, "max_depth": 29.6365001388374, "n_estimators": 17.01189021898801}, "datetime": {"datetime": "2021-09-28 08:23:41", "elapsed": 95.503636, "delta": 1.08497}}
{"target": -21.84550412268036, "params": {"eta": 0.6, "max_depth": 29.66103453635646, "n_estimators": 16.405620697624364}, "datetime": {"datetime": "2021-09-28 08:23:42", "elapsed": 96.412641, "delta": 0.909005}}
{"target": -17.755018226333334, "params": {"eta": 0.24884345215856984, "max_depth": 32.34081379273813, "n_estimators": 11.04463781969406}, "datetime": {"datetime": "2021-09-28 08:23:42", "elapsed": 96.854635, "delta": 0.441994}}
{"target": -21.843501818682096, "params": {"eta": 0.6, "max_depth": 29.366153512005432, "n_estimators": 15.933752540197805}, "datetime": {"datetime": "2021-09-28 08:23:43", "elapsed": 97.887534, "delta": 1.032899}}
{"target": -17.778665566880964, "params": {"eta": 0.2052174726220707, "max_depth": 30.512535059122172, "n_estimators": 15.994090697335093}, "datetime": {"datetime": "2021-09-28 08:23:44", "elapsed": 98.578877, "delta": 0.691343}}
{"target": -17.574427819333632, "params": {"eta": 0.25745707191203787, "max_depth": 30.11616073651252, "n_estimators": 15.928515539937678}, "datetime": {"datetime": "2021-09-28 08:23:45", "elapsed": 99.464413, "delta": 0.885536}}
{"target": -18.395903484407295, "params": {"eta": 0.2504192435039086, "max_depth": 33.47421617952696, "n_estimators": 15.343178841295778}, "datetime": {"datetime": "2021-09-28 08:23:45", "elapsed": 99.942412, "delta": 0.477999}}
{"target": -20.84575758152712, "params": {"eta": 0.4965066252280073, "max_depth": 30.875592830636457, "n_estimators": 16.190202235291462}, "datetime": {"datetime": "2021-09-28 08:23:46", "elapsed": 101.060417, "delta": 1.118005}}
{"target": -19.39757703198316, "params": {"eta": 0.3212315038878938, "max_depth": 26.414879133324014, "n_estimators": 19.29153504954045}, "datetime": {"datetime": "2021-09-28 08:23:47", "elapsed": 101.651598, "delta": 0.591181}}
{"target": -17.072084370009126, "params": {"eta": 0.4696743595520841, "max_depth": 33.90306364680899, "n_estimators": 15.17242640673343}, "datetime": {"datetime": "2021-09-28 08:23:48", "elapsed": 102.854601, "delta": 1.203003}}
{"target": -17.979618277929912, "params": {"eta": 0.4038019611623303, "max_depth": 33.53195583078561, "n_estimators": 14.872261482681923}, "datetime": {"datetime": "2021-09-28 08:23:49", "elapsed": 103.914093, "delta": 1.059492}}
{"target": -68.82085114331264, "params": {"eta": 0.023163965383930313, "max_depth": 33.80155881024608, "n_estimators": 15.013860446285106}, "datetime": {"datetime": "2021-09-28 08:23:51", "elapsed": 105.164709, "delta": 1.250616}}
{"target": -19.524132427657822, "params": {"eta": 0.45311271821269705, "max_depth": 33.13764245939034, "n_estimators": 14.943989945268985}, "datetime": {"datetime": "2021-09-28 08:23:52", "elapsed": 106.228878, "delta": 1.064169}}
{"target": -20.936266598966576, "params": {"eta": 0.5574391046376103, "max_depth": 28.815323259078845, "n_estimators": 16.53825672851029}, "datetime": {"datetime": "2021-09-28 08:23:52", "elapsed": 106.990868, "delta": 0.76199}}
{"target": -21.837776341753056, "params": {"eta": 0.6, "max_depth": 33.37192661207886, "n_estimators": 14.52805303576356}, "datetime": {"datetime": "2021-09-28 08:23:53", "elapsed": 107.93911, "delta": 0.948242}}
{"target": -17.970721790944424, "params": {"eta": 0.18535225119568383, "max_depth": 33.10198814603237, "n_estimators": 15.560815523921226}, "datetime": {"datetime": "2021-09-28 08:23:54", "elapsed": 108.89811, "delta": 0.959}}
{"target": -17.646183130071215, "params": {"eta": 0.16247009830614437, "max_depth": 33.55162033299841, "n_estimators": 15.867798968039608}, "datetime": {"datetime": "2021-09-28 08:23:55", "elapsed": 109.627929, "delta": 0.729819}}
