{"target": -17.89669918861614, "params": {"eta": 0.23256238632624932, "max_depth": 13.931505105494011, "n_estimators": 77.52598532943283}, "datetime": {"datetime": "2021-09-28 08:33:05", "elapsed": 468.809502, "delta": 2.986797}}
{"target": -16.292871872179095, "params": {"eta": 0.14311150609664436, "max_depth": 11.012650386987792, "n_estimators": 75.78167862237132}, "datetime": {"datetime": "2021-09-28 08:33:07", "elapsed": 471.060413, "delta": 2.250911}}
{"target": -16.749998701487694, "params": {"eta": 0.3105016716494764, "max_depth": 21.740491624800164, "n_estimators": 160.27633760716438}, "datetime": {"datetime": "2021-09-28 08:45:30", "elapsed": 0.0, "delta": 0.0}}
{"target": -17.22305064632746, "params": {"eta": 0.3088509368586967, "max_depth": 13.285989180828237, "n_estimators": 164.58941130666562}, "datetime": {"datetime": "2021-09-28 08:45:31", "elapsed": 0.457509, "delta": 0.457509}}
{"target": -16.95019575823374, "params": {"eta": 0.2637866287303309, "max_depth": 26.861417022680314, "n_estimators": 196.36627605010293}, "datetime": {"datetime": "2021-09-28 08:45:31", "elapsed": 1.066512, "delta": 0.609003}}
{"target": -17.34779207941318, "params": {"eta": 0.24104543790682664, "max_depth": 23.960026104397272, "n_estimators": 152.88949197529044}, "datetime": {"datetime": "2021-09-28 08:45:32", "elapsed": 1.779517, "delta": 0.713005}}
{"target": -17.623391627743672, "params": {"eta": 0.3610508841959761, "max_depth": 21.600354219455586, "n_estimators": 184.63797577103304}, "datetime": {"datetime": "2021-09-28 08:45:33", "elapsed": 2.358829, "delta": 0.579312}}
{"target": -16.04859572955453, "params": {"eta": 0.17672131660874796, "max_depth": 28.768005864334125, "n_estimators": 138.32488750495463}, "datetime": {"datetime": "2021-09-28 08:45:34", "elapsed": 3.140826, "delta": 0.781997}}
{"target": -17.426161632893987, "params": {"eta": 0.30726349142993437, "max_depth": 17.04009618828381, "n_estimators": 173.25645287478753}, "datetime": {"datetime": "2021-09-28 08:45:34", "elapsed": 3.719826, "delta": 0.579}}
{"target": -16.342117652378377, "params": {"eta": 0.16204210376010414, "max_depth": 8.986788525252559, "n_estimators": 108.63397761543801}, "datetime": {"datetime": "2021-09-28 08:45:35", "elapsed": 4.327442, "delta": 0.607616}}
{"target": -17.534187198539193, "params": {"eta": 0.23625975032308705, "max_depth": 4.348884410749229, "n_estimators": 185.71465914318082}, "datetime": {"datetime": "2021-09-28 08:45:35", "elapsed": 4.822452, "delta": 0.49501}}
{"target": -18.304236290849296, "params": {"eta": 0.46078578860704483, "max_depth": 21.520907335268163, "n_estimators": 123.92854976368062}, "datetime": {"datetime": "2021-09-28 08:45:36", "elapsed": 5.253445, "delta": 0.430993}}
{"target": -20.525350715727413, "params": {"eta": 0.49292146173803175, "max_depth": 19.660416050687427, "n_estimators": 186.4019009731232}, "datetime": {"datetime": "2021-09-28 08:45:36", "elapsed": 5.707445, "delta": 0.454}}
{"target": -17.34972023630635, "params": {"eta": 0.30931918629713945, "max_depth": 29.893032297803497, "n_estimators": 138.6850648888207}, "datetime": {"datetime": "2021-09-28 08:45:37", "elapsed": 6.303604, "delta": 0.596159}}
{"target": -15.81302758288696, "params": {"eta": 0.32923276450273475, "max_depth": 27.91668472005986, "n_estimators": 138.30153796695834}, "datetime": {"datetime": "2021-09-28 08:45:37", "elapsed": 6.877606, "delta": 0.574002}}
{"target": -17.066663818589237, "params": {"eta": 0.3130664833278119, "max_depth": 27.790367366492276, "n_estimators": 136.56715702872913}, "datetime": {"datetime": "2021-09-28 08:45:38", "elapsed": 7.536608, "delta": 0.659002}}
{"target": -17.069096235756696, "params": {"eta": 0.24239812780989217, "max_depth": 27.20176324514944, "n_estimators": 139.76660599420273}, "datetime": {"datetime": "2021-09-28 08:45:39", "elapsed": 8.394279, "delta": 0.857671}}
{"target": -17.170985886267438, "params": {"eta": 0.2861813801439831, "max_depth": 10.934374564955052, "n_estimators": 108.86417578204778}, "datetime": {"datetime": "2021-09-28 08:45:39", "elapsed": 9.06028, "delta": 0.666001}}
{"target": -15.697022401340302, "params": {"eta": 0.08, "max_depth": 7.056832362850208, "n_estimators": 108.45811639072082}, "datetime": {"datetime": "2021-09-28 08:45:40", "elapsed": 9.907283, "delta": 0.847003}}
{"target": -17.325363254623284, "params": {"eta": 0.18429038394496267, "max_depth": 7.140270518402724, "n_estimators": 106.72780644866616}, "datetime": {"datetime": "2021-09-28 08:45:41", "elapsed": 10.424013, "delta": 0.51673}}
{"target": -18.248039296712818, "params": {"eta": 0.2998295184583908, "max_depth": 6.736014193642021, "n_estimators": 109.9914562009935}, "datetime": {"datetime": "2021-09-28 08:45:41", "elapsed": 11.013011, "delta": 0.588998}}
{"target": -18.200696316109124, "params": {"eta": 0.41028953332088675, "max_depth": 7.690090707184671, "n_estimators": 108.36159847427442}, "datetime": {"datetime": "2021-09-28 08:45:42", "elapsed": 11.530154, "delta": 0.517143}}
{"target": -17.095344986119954, "params": {"eta": 0.29674704292935117, "max_depth": 27.323020711070477, "n_estimators": 142.02719093629847}, "datetime": {"datetime": "2021-09-28 08:45:43", "elapsed": 12.180368, "delta": 0.650214}}
{"target": -20.51478025631001, "params": {"eta": 0.487858226337984, "max_depth": 26.567714472461297, "n_estimators": 109.96872815312275}, "datetime": {"datetime": "2021-09-28 08:45:43", "elapsed": 12.746369, "delta": 0.566001}}
{"target": -17.59056260615103, "params": {"eta": 0.27396127991102803, "max_depth": 26.04532025057448, "n_estimators": 110.54066718479409}, "datetime": {"datetime": "2021-09-28 08:45:44", "elapsed": 13.584053, "delta": 0.837684}}
{"target": -16.133304909901664, "params": {"eta": 0.39689093205186093, "max_depth": 24.545419164160272, "n_estimators": 196.68931928748577}, "datetime": {"datetime": "2021-09-28 08:45:45", "elapsed": 14.142055, "delta": 0.558002}}
{"target": -18.861994066476818, "params": {"eta": 0.47329336065396893, "max_depth": 28.998837999257805, "n_estimators": 137.1876221627088}, "datetime": {"datetime": "2021-09-28 08:45:45", "elapsed": 14.663075, "delta": 0.52102}}
{"target": -16.997049717432972, "params": {"eta": 0.15912370034267798, "max_depth": 3.6381637249385492, "n_estimators": 133.77963583570943}, "datetime": {"datetime": "2021-09-28 08:45:45", "elapsed": 15.045073, "delta": 0.381998}}
{"target": -17.98460389429297, "params": {"eta": 0.2584718062719302, "max_depth": 29.31610400367229, "n_estimators": 160.50976028851667}, "datetime": {"datetime": "2021-09-28 08:45:46", "elapsed": 15.823073, "delta": 0.778}}
{"target": -17.16004534220652, "params": {"eta": 0.21696163830781484, "max_depth": 6.862522752478385, "n_estimators": 149.67640688317533}, "datetime": {"datetime": "2021-09-28 08:45:47", "elapsed": 16.553072, "delta": 0.729999}}
{"target": -21.97371667093278, "params": {"eta": 0.3178065181211935, "max_depth": 1.5426463434553077, "n_estimators": 169.1118881570864}, "datetime": {"datetime": "2021-09-28 08:45:47", "elapsed": 16.898075, "delta": 0.345003}}
{"target": -15.578163984685325, "params": {"eta": 0.20454001880523104, "max_depth": 29.849166662027073, "n_estimators": 149.52477648043964}, "datetime": {"datetime": "2021-09-28 08:45:48", "elapsed": 17.712074, "delta": 0.813999}}
{"target": -16.41213880221993, "params": {"eta": 0.08613601946058459, "max_depth": 10.011640365541405, "n_estimators": 120.05649542587847}, "datetime": {"datetime": "2021-09-28 08:45:49", "elapsed": 18.39126, "delta": 0.679186}}
{"target": -16.002011524013966, "params": {"eta": 0.32244947675800034, "max_depth": 27.90855487702798, "n_estimators": 116.96269672189823}, "datetime": {"datetime": "2021-09-28 08:45:49", "elapsed": 19.07026, "delta": 0.679}}
{"target": -22.594682063886324, "params": {"eta": 0.19958708727877505, "max_depth": 1.4854852031467525, "n_estimators": 192.31712445968404}, "datetime": {"datetime": "2021-09-28 08:45:50", "elapsed": 19.408257, "delta": 0.337997}}
{"target": -16.259387471076007, "params": {"eta": 0.2999026510938773, "max_depth": 26.959653902780268, "n_estimators": 171.6575632750562}, "datetime": {"datetime": "2021-09-28 08:45:51", "elapsed": 20.106257, "delta": 0.698}}
{"target": -16.749998701487694, "params": {"eta": 0.3105016716494764, "max_depth": 21.740491624800164, "n_estimators": 160.27633760716438}, "datetime": {"datetime": "2021-09-28 08:52:25", "elapsed": 0.0, "delta": 0.0}}
{"target": -17.22305064632746, "params": {"eta": 0.3088509368586967, "max_depth": 13.285989180828237, "n_estimators": 164.58941130666562}, "datetime": {"datetime": "2021-09-28 08:52:26", "elapsed": 0.578004, "delta": 0.578004}}
{"target": -16.95019575823374, "params": {"eta": 0.2637866287303309, "max_depth": 26.861417022680314, "n_estimators": 196.36627605010293}, "datetime": {"datetime": "2021-09-28 08:52:27", "elapsed": 1.409378, "delta": 0.831374}}
{"target": -17.34779207941318, "params": {"eta": 0.24104543790682664, "max_depth": 23.960026104397272, "n_estimators": 152.88949197529044}, "datetime": {"datetime": "2021-09-28 08:52:27", "elapsed": 2.009381, "delta": 0.600003}}
{"target": -17.623391627743672, "params": {"eta": 0.3610508841959761, "max_depth": 21.600354219455586, "n_estimators": 184.63797577103304}, "datetime": {"datetime": "2021-09-28 08:52:28", "elapsed": 2.550375, "delta": 0.540994}}
{"target": -16.04859572955453, "params": {"eta": 0.17672131660874796, "max_depth": 28.768005864334125, "n_estimators": 138.32488750495463}, "datetime": {"datetime": "2021-09-28 08:52:29", "elapsed": 3.364827, "delta": 0.814452}}
{"target": -17.426161632893987, "params": {"eta": 0.30726349142993437, "max_depth": 17.04009618828381, "n_estimators": 173.25645287478753}, "datetime": {"datetime": "2021-09-28 08:52:29", "elapsed": 3.940854, "delta": 0.576027}}
{"target": -16.342117652378377, "params": {"eta": 0.16204210376010414, "max_depth": 8.986788525252559, "n_estimators": 108.63397761543801}, "datetime": {"datetime": "2021-09-28 08:52:30", "elapsed": 4.778824, "delta": 0.83797}}
{"target": -17.534187198539193, "params": {"eta": 0.23625975032308705, "max_depth": 4.348884410749229, "n_estimators": 185.71465914318082}, "datetime": {"datetime": "2021-09-28 08:52:31", "elapsed": 5.273159, "delta": 0.494335}}
{"target": -18.304236290849296, "params": {"eta": 0.46078578860704483, "max_depth": 21.520907335268163, "n_estimators": 123.92854976368062}, "datetime": {"datetime": "2021-09-28 08:52:31", "elapsed": 5.703161, "delta": 0.430002}}
{"target": -20.525350715727413, "params": {"eta": 0.49292146173803175, "max_depth": 19.660416050687427, "n_estimators": 186.4019009731232}, "datetime": {"datetime": "2021-09-28 08:52:32", "elapsed": 6.180162, "delta": 0.477001}}
{"target": -17.34972023630635, "params": {"eta": 0.30931918629713945, "max_depth": 29.893032297803497, "n_estimators": 138.6850648888207}, "datetime": {"datetime": "2021-09-28 08:52:32", "elapsed": 6.90117, "delta": 0.721008}}
{"target": -15.81302758288696, "params": {"eta": 0.32923276450273475, "max_depth": 27.91668472005986, "n_estimators": 138.30153796695834}, "datetime": {"datetime": "2021-09-28 08:52:33", "elapsed": 7.536578, "delta": 0.635408}}
{"target": -17.066663818589237, "params": {"eta": 0.3130664833278119, "max_depth": 27.790367366492276, "n_estimators": 136.56715702872913}, "datetime": {"datetime": "2021-09-28 08:52:34", "elapsed": 8.443578, "delta": 0.907}}
{"target": -17.069096235756696, "params": {"eta": 0.24239812780989217, "max_depth": 27.20176324514944, "n_estimators": 139.76660599420273}, "datetime": {"datetime": "2021-09-28 08:52:35", "elapsed": 9.348342, "delta": 0.904764}}
{"target": -17.170985886267438, "params": {"eta": 0.2861813801439831, "max_depth": 10.934374564955052, "n_estimators": 108.86417578204778}, "datetime": {"datetime": "2021-09-28 08:52:36", "elapsed": 10.05234, "delta": 0.703998}}
{"target": -15.697022401340302, "params": {"eta": 0.08, "max_depth": 7.056832362850208, "n_estimators": 108.45811639072082}, "datetime": {"datetime": "2021-09-28 08:52:36", "elapsed": 10.818341, "delta": 0.766001}}
{"target": -17.325363254623284, "params": {"eta": 0.18429038394496267, "max_depth": 7.140270518402724, "n_estimators": 106.72780644866616}, "datetime": {"datetime": "2021-09-28 08:52:37", "elapsed": 11.355992, "delta": 0.537651}}
{"target": -18.248039296712818, "params": {"eta": 0.2998295184583908, "max_depth": 6.736014193642021, "n_estimators": 109.9914562009935}, "datetime": {"datetime": "2021-09-28 08:52:37", "elapsed": 11.988993, "delta": 0.633001}}
{"target": -18.200696316109124, "params": {"eta": 0.41028953332088675, "max_depth": 7.690090707184671, "n_estimators": 108.36159847427442}, "datetime": {"datetime": "2021-09-28 08:52:38", "elapsed": 12.508993, "delta": 0.52}}
{"target": -17.095344986119954, "params": {"eta": 0.29674704292935117, "max_depth": 27.323020711070477, "n_estimators": 142.02719093629847}, "datetime": {"datetime": "2021-09-28 08:52:39", "elapsed": 13.11399, "delta": 0.604997}}
{"target": -20.51478025631001, "params": {"eta": 0.487858226337984, "max_depth": 26.567714472461297, "n_estimators": 109.96872815312275}, "datetime": {"datetime": "2021-09-28 08:52:39", "elapsed": 13.570166, "delta": 0.456176}}
{"target": -17.59056260615103, "params": {"eta": 0.27396127991102803, "max_depth": 26.04532025057448, "n_estimators": 110.54066718479409}, "datetime": {"datetime": "2021-09-28 08:52:40", "elapsed": 14.173769, "delta": 0.603603}}
{"target": -16.133304909901664, "params": {"eta": 0.39689093205186093, "max_depth": 24.545419164160272, "n_estimators": 196.68931928748577}, "datetime": {"datetime": "2021-09-28 08:52:40", "elapsed": 14.721764, "delta": 0.547995}}
{"target": -18.861994066476818, "params": {"eta": 0.47329336065396893, "max_depth": 28.998837999257805, "n_estimators": 137.1876221627088}, "datetime": {"datetime": "2021-09-28 08:52:41", "elapsed": 15.197767, "delta": 0.476003}}
{"target": -16.997049717432972, "params": {"eta": 0.15912370034267798, "max_depth": 3.6381637249385492, "n_estimators": 133.77963583570943}, "datetime": {"datetime": "2021-09-28 08:52:41", "elapsed": 15.557442, "delta": 0.359675}}
{"target": -17.98460389429297, "params": {"eta": 0.2584718062719302, "max_depth": 29.31610400367229, "n_estimators": 160.50976028851667}, "datetime": {"datetime": "2021-09-28 08:52:42", "elapsed": 16.223447, "delta": 0.666005}}
{"target": -17.16004534220652, "params": {"eta": 0.21696163830781484, "max_depth": 6.862522752478385, "n_estimators": 149.67640688317533}, "datetime": {"datetime": "2021-09-28 08:52:42", "elapsed": 16.800448, "delta": 0.577001}}
{"target": -21.97371667093278, "params": {"eta": 0.3178065181211935, "max_depth": 1.5426463434553077, "n_estimators": 169.1118881570864}, "datetime": {"datetime": "2021-09-28 08:52:43", "elapsed": 17.112443, "delta": 0.311995}}
{"target": -15.578163984685325, "params": {"eta": 0.20454001880523104, "max_depth": 29.849166662027073, "n_estimators": 149.52477648043964}, "datetime": {"datetime": "2021-09-28 08:52:43", "elapsed": 17.851285, "delta": 0.738842}}
{"target": -16.41213880221993, "params": {"eta": 0.08613601946058459, "max_depth": 10.011640365541405, "n_estimators": 120.05649542587847}, "datetime": {"datetime": "2021-09-28 08:52:44", "elapsed": 18.552286, "delta": 0.701001}}
{"target": -16.002011524013966, "params": {"eta": 0.32244947675800034, "max_depth": 27.90855487702798, "n_estimators": 116.96269672189823}, "datetime": {"datetime": "2021-09-28 08:52:45", "elapsed": 19.158287, "delta": 0.606001}}
{"target": -22.594682063886324, "params": {"eta": 0.19958708727877505, "max_depth": 1.4854852031467525, "n_estimators": 192.31712445968404}, "datetime": {"datetime": "2021-09-28 08:52:45", "elapsed": 19.495286, "delta": 0.336999}}
{"target": -16.259387471076007, "params": {"eta": 0.2999026510938773, "max_depth": 26.959653902780268, "n_estimators": 171.6575632750562}, "datetime": {"datetime": "2021-09-28 08:52:46", "elapsed": 20.135285, "delta": 0.639999}}
{"target": -16.219087547624085, "params": {"eta": 0.103442243547929, "max_depth": 13.947687373010627, "n_estimators": 182.20317564522367}, "datetime": {"datetime": "2021-09-28 08:52:47", "elapsed": 21.306912, "delta": 1.171627}}
{"target": -17.88417999574494, "params": {"eta": 0.4074628839289077, "max_depth": 6.694888468912392, "n_estimators": 136.01305260749967}, "datetime": {"datetime": "2021-09-28 08:52:47", "elapsed": 21.863911, "delta": 0.556999}}
{"target": -16.69022778874535, "params": {"eta": 0.3959955407566149, "max_depth": 9.204131403385146, "n_estimators": 147.96717023842533}, "datetime": {"datetime": "2021-09-28 08:52:48", "elapsed": 22.385677, "delta": 0.521766}}
{"target": -20.28864143280847, "params": {"eta": 0.4815049761704793, "max_depth": 29.55901277989982, "n_estimators": 191.2427757687219}, "datetime": {"datetime": "2021-09-28 08:52:48", "elapsed": 22.951681, "delta": 0.566004}}
{"target": -16.40113821208152, "params": {"eta": 0.11037122124087015, "max_depth": 19.957397179914757, "n_estimators": 185.7497999321709}, "datetime": {"datetime": "2021-09-28 08:52:50", "elapsed": 24.108359, "delta": 1.156678}}
{"target": -16.10053864738406, "params": {"eta": 0.12305114672064742, "max_depth": 22.875823215436967, "n_estimators": 198.67835758484256}, "datetime": {"datetime": "2021-09-28 08:52:51", "elapsed": 25.225358, "delta": 1.116999}}
{"target": -16.884243170364876, "params": {"eta": 0.4313796848775316, "max_depth": 18.711313971824033, "n_estimators": 101.8856088075291}, "datetime": {"datetime": "2021-09-28 08:52:51", "elapsed": 25.741068, "delta": 0.51571}}
{"target": -18.29315672421749, "params": {"eta": 0.4169151862783175, "max_depth": 5.148411606403284, "n_estimators": 122.80129857301114}, "datetime": {"datetime": "2021-09-28 08:52:52", "elapsed": 26.262067, "delta": 0.520999}}
{"target": -16.38622208298824, "params": {"eta": 0.18490897032183767, "max_depth": 23.749805390590193, "n_estimators": 147.7755924588076}, "datetime": {"datetime": "2021-09-28 08:52:53", "elapsed": 27.091066, "delta": 0.828999}}
{"target": -16.03259693043687, "params": {"eta": 0.1279680552067148, "max_depth": 16.29410938905881, "n_estimators": 158.34747784254563}, "datetime": {"datetime": "2021-09-28 08:52:54", "elapsed": 28.194834, "delta": 1.103768}}
{"target": -18.43055221754053, "params": {"eta": 0.45922505894255466, "max_depth": 6.411577928260798, "n_estimators": 132.23308839679459}, "datetime": {"datetime": "2021-09-28 08:52:54", "elapsed": 28.707832, "delta": 0.512998}}
{"target": -16.36551083035561, "params": {"eta": 0.40426921375149516, "max_depth": 28.526570141251444, "n_estimators": 175.73511082204317}, "datetime": {"datetime": "2021-09-28 08:52:55", "elapsed": 29.311833, "delta": 0.604001}}
{"target": -20.44658436442148, "params": {"eta": 0.40137835913697806, "max_depth": 2.243458589945916, "n_estimators": 124.94268563572282}, "datetime": {"datetime": "2021-09-28 08:52:55", "elapsed": 29.716833, "delta": 0.405}}
{"target": -17.017256467618473, "params": {"eta": 0.37234308753784173, "max_depth": 27.26035847500687, "n_estimators": 112.37343008862943}, "datetime": {"datetime": "2021-09-28 08:52:56", "elapsed": 30.297833, "delta": 0.581}}
{"target": -15.976028655760205, "params": {"eta": 0.1944792423681469, "max_depth": 8.773295363323175, "n_estimators": 113.6389438312898}, "datetime": {"datetime": "2021-09-28 08:52:56", "elapsed": 30.91683, "delta": 0.618997}}
{"target": -16.615836043849253, "params": {"eta": 0.3695929002318471, "max_depth": 25.681041308941033, "n_estimators": 101.39494861339927}, "datetime": {"datetime": "2021-09-28 08:52:57", "elapsed": 31.509192, "delta": 0.592362}}
{"target": -18.708228006639203, "params": {"eta": 0.4492654645582502, "max_depth": 27.620603127043715, "n_estimators": 139.18430236045802}, "datetime": {"datetime": "2021-09-28 08:52:58", "elapsed": 32.091192, "delta": 0.582}}
{"target": -16.579948198206264, "params": {"eta": 0.37755976998585916, "max_depth": 13.669619799167792, "n_estimators": 164.9600320704904}, "datetime": {"datetime": "2021-09-28 08:52:58", "elapsed": 32.653195, "delta": 0.562003}}
{"target": -17.356911098614862, "params": {"eta": 0.1813620883130161, "max_depth": 27.47595186015729, "n_estimators": 135.13163169428145}, "datetime": {"datetime": "2021-09-28 08:52:59", "elapsed": 33.500892, "delta": 0.847697}}
{"target": -17.758979719075302, "params": {"eta": 0.16735982027952503, "max_depth": 3.9358133289237864, "n_estimators": 101.51732528853071}, "datetime": {"datetime": "2021-09-28 08:52:59", "elapsed": 33.868892, "delta": 0.368}}
{"target": -17.03292995916168, "params": {"eta": 0.43534873289978004, "max_depth": 27.891876131631843, "n_estimators": 138.47681426043422}, "datetime": {"datetime": "2021-09-28 08:53:00", "elapsed": 34.475893, "delta": 0.607001}}
{"target": -16.60769431489447, "params": {"eta": 0.3038593134210657, "max_depth": 27.278494328489245, "n_estimators": 141.98402042332768}, "datetime": {"datetime": "2021-09-28 08:53:01", "elapsed": 35.119893, "delta": 0.644}}
{"target": -20.1577017131651, "params": {"eta": 0.4988067360740809, "max_depth": 12.797478901361364, "n_estimators": 144.2144631112522}, "datetime": {"datetime": "2021-09-28 08:53:01", "elapsed": 35.644495, "delta": 0.524602}}
{"target": -17.98067514297946, "params": {"eta": 0.3705300053652222, "max_depth": 4.309815471282366, "n_estimators": 173.8587164475726}, "datetime": {"datetime": "2021-09-28 08:53:02", "elapsed": 36.218496, "delta": 0.574001}}
{"target": -17.56797374454276, "params": {"eta": 0.28236391180587606, "max_depth": 29.61723994772779, "n_estimators": 149.79587336812506}, "datetime": {"datetime": "2021-09-28 08:53:02", "elapsed": 36.9835, "delta": 0.765004}}
{"target": -15.84762600334427, "params": {"eta": 0.14398525591963351, "max_depth": 27.909602418116684, "n_estimators": 138.14461819888194}, "datetime": {"datetime": "2021-09-28 08:53:04", "elapsed": 38.069689, "delta": 1.086189}}
