{"target": -18.92882251933627, "params": {"eta": 0.21866037941430838, "max_depth": 14.32867000703846, "n_estimators": 255.8170236081576}, "datetime": {"datetime": "2021-09-28 07:50:24", "elapsed": 234.121834, "delta": 1.626094}}
{"target": -18.813578675453808, "params": {"eta": 0.21625637597633587, "max_depth": 7.742166035774428, "n_estimators": 213.09947043673367}, "datetime": {"datetime": "2021-09-28 07:50:25", "elapsed": 235.505391, "delta": 1.383557}}
{"target": -18.0954679563002, "params": {"eta": 0.35598932045785175, "max_depth": 16.436476669358107, "n_estimators": 279.51137626813977}, "datetime": {"datetime": "2021-09-28 07:50:27", "elapsed": 236.637231, "delta": 1.13184}}
{"target": -19.40569707435186, "params": {"eta": 0.20558219497083402, "max_depth": 8.89157359067698, "n_estimators": 248.49808922086464}, "datetime": {"datetime": "2021-09-28 07:50:28", "elapsed": 237.891028, "delta": 1.253797}}
{"target": -16.312469173016662, "params": {"eta": 0.4655264222365774, "max_depth": 7.589401023048054, "n_estimators": 228.83756258120377}, "datetime": {"datetime": "2021-09-28 07:50:29", "elapsed": 239.238929, "delta": 1.347901}}
{"target": -20.60519679357799, "params": {"eta": 0.555770439332998, "max_depth": 22.51269883724487, "n_estimators": 253.7153344031802}, "datetime": {"datetime": "2021-09-28 07:50:30", "elapsed": 240.593297, "delta": 1.354368}}
{"target": -18.34241654642564, "params": {"eta": 0.1305449815161654, "max_depth": 13.448053968540313, "n_estimators": 276.8520151870765}, "datetime": {"datetime": "2021-09-28 07:50:32", "elapsed": 242.312154, "delta": 1.718857}}
{"target": -17.781843167449164, "params": {"eta": 0.4029325499654739, "max_depth": 26.50462541875805, "n_estimators": 260.12183366842214}, "datetime": {"datetime": "2021-09-28 07:50:35", "elapsed": 244.799496, "delta": 2.487342}}
{"target": -23.0042974103391, "params": {"eta": 0.5729707482282593, "max_depth": 14.882751234836924, "n_estimators": 227.13289277126123}, "datetime": {"datetime": "2021-09-28 07:50:36", "elapsed": 246.293077, "delta": 1.493581}}
{"target": -16.929829744470858, "params": {"eta": 0.016219831087304515, "max_depth": 22.63277156262887, "n_estimators": 208.68614630584003}, "datetime": {"datetime": "2021-09-28 07:50:39", "elapsed": 249.029746, "delta": 2.736669}}
{"target": -20.798415981134287, "params": {"eta": 0.26265712573931965, "max_depth": 2.4929505579975753, "n_estimators": 257.05293831684753}, "datetime": {"datetime": "2021-09-28 07:50:40", "elapsed": 249.970524, "delta": 0.940778}}
{"target": -17.67253628991757, "params": {"eta": 0.1873789472400837, "max_depth": 23.39333183902874, "n_estimators": 267.9765466415423}, "datetime": {"datetime": "2021-09-28 07:50:42", "elapsed": 252.058736, "delta": 2.088212}}
{"target": -18.911599605894818, "params": {"eta": 0.20867426842959164, "max_depth": 10.156858109833763, "n_estimators": 236.31379966476956}, "datetime": {"datetime": "2021-09-28 07:50:44", "elapsed": 254.355026, "delta": 2.29629}}
{"target": -18.77189553148291, "params": {"eta": 0.037557661530602984, "max_depth": 3.664364594699431, "n_estimators": 224.56138071165884}, "datetime": {"datetime": "2021-09-28 07:50:46", "elapsed": 255.75163, "delta": 1.396604}}
{"target": -19.5992669221769, "params": {"eta": 0.5199561958768733, "max_depth": 20.503896043926577, "n_estimators": 257.96650986767054}, "datetime": {"datetime": "2021-09-28 07:50:47", "elapsed": 257.428527, "delta": 1.676897}}
{"target": -18.07162038357219, "params": {"eta": 0.03749456484844024, "max_depth": 5.4031311419666, "n_estimators": 242.09192336043986}, "datetime": {"datetime": "2021-09-28 07:50:49", "elapsed": 259.284671, "delta": 1.856144}}
{"target": -20.352971667736703, "params": {"eta": 0.31252477152956637, "max_depth": 2.9603719088263256, "n_estimators": 256.93943568629675}, "datetime": {"datetime": "2021-09-28 07:50:50", "elapsed": 260.35054, "delta": 1.065869}}
{"target": -18.982317101631782, "params": {"eta": 0.2023508347004845, "max_depth": 13.12349386376835, "n_estimators": 207.11429802107438}, "datetime": {"datetime": "2021-09-28 07:50:52", "elapsed": 262.029659, "delta": 1.679119}}
{"target": -21.32389586678792, "params": {"eta": 0.08388541068246466, "max_depth": 2.043590913602572, "n_estimators": 233.14433907238947}, "datetime": {"datetime": "2021-09-28 07:50:53", "elapsed": 262.980075, "delta": 0.950416}}
{"target": -24.633774195757596, "params": {"eta": 0.08846869364128332, "max_depth": 1.2514167814590778, "n_estimators": 218.2469894615022}, "datetime": {"datetime": "2021-09-28 07:50:54", "elapsed": 263.987187, "delta": 1.007112}}
{"target": -19.798986640462925, "params": {"eta": 0.53906022883825, "max_depth": 24.919062751208234, "n_estimators": 203.73727228547838}, "datetime": {"datetime": "2021-09-28 07:50:55", "elapsed": 265.229154, "delta": 1.241967}}
{"target": -17.128232367650984, "params": {"eta": 0.4155338014782139, "max_depth": 29.11604477837563, "n_estimators": 291.6197100260468}, "datetime": {"datetime": "2021-09-28 07:50:57", "elapsed": 266.835353, "delta": 1.606199}}
{"target": -22.525286742112357, "params": {"eta": 0.5800441657732158, "max_depth": 17.255851303516646, "n_estimators": 223.0446227811652}, "datetime": {"datetime": "2021-09-28 07:50:58", "elapsed": 268.301112, "delta": 1.465759}}
{"target": -19.92344872065774, "params": {"eta": 0.49871550146416554, "max_depth": 4.362108082536606, "n_estimators": 251.25431321171297}, "datetime": {"datetime": "2021-09-28 07:51:00", "elapsed": 270.151275, "delta": 1.850163}}
{"target": -17.00980916847587, "params": {"eta": 0.14670843763738997, "max_depth": 7.232069650426608, "n_estimators": 247.71494749821832}, "datetime": {"datetime": "2021-09-28 07:51:03", "elapsed": 272.696187, "delta": 2.544912}}
{"target": -20.222218160300947, "params": {"eta": 0.5494422969144269, "max_depth": 2.1587008633201386, "n_estimators": 247.04975560820975}, "datetime": {"datetime": "2021-09-28 07:51:04", "elapsed": 274.157804, "delta": 1.461617}}
{"target": -22.41786553616564, "params": {"eta": 0.5852762514736863, "max_depth": 14.680235405417765, "n_estimators": 269.91499421364153}, "datetime": {"datetime": "2021-09-28 07:51:06", "elapsed": 275.832655, "delta": 1.674851}}
{"target": -17.52005452571436, "params": {"eta": 0.467908271939746, "max_depth": 8.369467649377421, "n_estimators": 203.58874282538267}, "datetime": {"datetime": "2021-09-28 07:51:07", "elapsed": 277.311085, "delta": 1.47843}}
{"target": -18.348697580546, "params": {"eta": 0.12797257655203195, "max_depth": 15.555167444143665, "n_estimators": 262.9643043393897}, "datetime": {"datetime": "2021-09-28 07:51:10", "elapsed": 279.781833, "delta": 2.470748}}
{"target": -17.91205083412669, "params": {"eta": 0.1927970538063983, "max_depth": 24.297556051926616, "n_estimators": 215.21546278673907}, "datetime": {"datetime": "2021-09-28 07:51:12", "elapsed": 282.099956, "delta": 2.318123}}
{"target": -19.09774764003413, "params": {"eta": 0.4437210489280877, "max_depth": 29.34800165622974, "n_estimators": 203.36693646801896}, "datetime": {"datetime": "2021-09-28 07:51:14", "elapsed": 283.699549, "delta": 1.599593}}
{"target": -19.51804395180514, "params": {"eta": 0.28825587038814576, "max_depth": 20.261332884616888, "n_estimators": 235.21910196770915}, "datetime": {"datetime": "2021-09-28 07:51:15", "elapsed": 285.609839, "delta": 1.91029}}
{"target": -17.152799756525262, "params": {"eta": 0.06552849953553133, "max_depth": 4.275624860399136, "n_estimators": 264.45869369878756}, "datetime": {"datetime": "2021-09-28 07:51:17", "elapsed": 287.083247, "delta": 1.473408}}
{"target": -19.63439261336496, "params": {"eta": 0.5004101685432545, "max_depth": 16.080467166428427, "n_estimators": 284.8388621901977}, "datetime": {"datetime": "2021-09-28 07:51:19", "elapsed": 288.838029, "delta": 1.754782}}
{"target": -18.07371299957036, "params": {"eta": 0.051857788401277666, "max_depth": 21.892509894064137, "n_estimators": 285.72648446769466}, "datetime": {"datetime": "2021-09-28 07:51:22", "elapsed": 292.403303, "delta": 3.565274}}
{"target": -18.07735497292262, "params": {"eta": 0.10432889266634707, "max_depth": 3.8605007279761745, "n_estimators": 250.17591750045688}, "datetime": {"datetime": "2021-09-28 07:51:24", "elapsed": 293.781668, "delta": 1.378365}}
{"target": -17.769224038520605, "params": {"eta": 0.3786315613473043, "max_depth": 24.476813151871912, "n_estimators": 237.9004624593162}, "datetime": {"datetime": "2021-09-28 07:51:26", "elapsed": 296.425541, "delta": 2.643873}}
{"target": -25.441862167396224, "params": {"eta": 0.3597769335229422, "max_depth": 1.3963335604713234, "n_estimators": 260.44864938567855}, "datetime": {"datetime": "2021-09-28 07:51:28", "elapsed": 298.066682, "delta": 1.641141}}
{"target": -18.20994555722746, "params": {"eta": 0.15605466640293003, "max_depth": 7.798854040579425, "n_estimators": 281.53829630864766}, "datetime": {"datetime": "2021-09-28 07:51:30", "elapsed": 300.430558, "delta": 2.363876}}
{"target": -19.871103347030576, "params": {"eta": 0.5211793195672362, "max_depth": 11.016085025403155, "n_estimators": 201.3526483637244}, "datetime": {"datetime": "2021-09-28 07:51:32", "elapsed": 302.157442, "delta": 1.726884}}
{"target": -17.91539092192457, "params": {"eta": 0.11760893880001189, "max_depth": 13.469659729066056, "n_estimators": 295.9943392062261}, "datetime": {"datetime": "2021-09-28 07:51:34", "elapsed": 304.515592, "delta": 2.35815}}
{"target": -17.90402782581305, "params": {"eta": 0.07687521162891053, "max_depth": 20.107023172069436, "n_estimators": 254.142751315542}, "datetime": {"datetime": "2021-09-28 07:51:37", "elapsed": 307.519243, "delta": 3.003651}}
{"target": -18.640803187452327, "params": {"eta": 0.377950270863471, "max_depth": 4.729728144026032, "n_estimators": 266.9605856140601}, "datetime": {"datetime": "2021-09-28 07:51:39", "elapsed": 309.0376, "delta": 1.518357}}
{"target": -19.157201039862716, "params": {"eta": 0.1717863982430371, "max_depth": 11.741818616941256, "n_estimators": 206.4706216974604}, "datetime": {"datetime": "2021-09-28 07:51:41", "elapsed": 310.797891, "delta": 1.760291}}
{"target": -18.74369317533367, "params": {"eta": 0.28937898118028865, "max_depth": 14.501935044514239, "n_estimators": 256.0555909737364}, "datetime": {"datetime": "2021-09-28 07:51:42", "elapsed": 312.29165, "delta": 1.493759}}
{"target": -18.498116026083096, "params": {"eta": 0.320245529902736, "max_depth": 25.086113672356046, "n_estimators": 245.79246003792153}, "datetime": {"datetime": "2021-09-28 07:51:44", "elapsed": 314.310216, "delta": 2.018566}}
{"target": -21.600752996222653, "params": {"eta": 0.08327830187849466, "max_depth": 2.8854596524772345, "n_estimators": 243.73319210201345}, "datetime": {"datetime": "2021-09-28 07:51:46", "elapsed": 315.639161, "delta": 1.328945}}
{"target": -18.807636034120854, "params": {"eta": 0.3109868692245461, "max_depth": 12.675087815744865, "n_estimators": 218.07406726866316}, "datetime": {"datetime": "2021-09-28 07:51:47", "elapsed": 317.426135, "delta": 1.786974}}
{"target": -21.27754603439712, "params": {"eta": 0.0879150243291241, "max_depth": 2.631998105893765, "n_estimators": 290.29301852710154}, "datetime": {"datetime": "2021-09-28 07:51:49", "elapsed": 318.868312, "delta": 1.442177}}
{"target": -18.303087140598162, "params": {"eta": 0.04949587085144919, "max_depth": 29.270534282680746, "n_estimators": 240.45868750063553}, "datetime": {"datetime": "2021-09-28 07:51:52", "elapsed": 322.47122, "delta": 3.602908}}
{"target": -17.713776771116148, "params": {"eta": 0.16189796786299956, "max_depth": 7.2600980766307455, "n_estimators": 261.47673237153003}, "datetime": {"datetime": "2021-09-28 07:51:55", "elapsed": 325.264491, "delta": 2.793271}}
{"target": -19.222746043795375, "params": {"eta": 0.48558258126082937, "max_depth": 11.587829186899896, "n_estimators": 218.76626868477825}, "datetime": {"datetime": "2021-09-28 07:51:57", "elapsed": 327.588079, "delta": 2.323588}}
{"target": -17.225518956709678, "params": {"eta": 0.46181293195035, "max_depth": 22.920537275406883, "n_estimators": 223.74533660999873}, "datetime": {"datetime": "2021-09-28 07:52:00", "elapsed": 329.666962, "delta": 2.078883}}
{"target": -17.977972016391956, "params": {"eta": 0.038144158216289734, "max_depth": 9.75843789549457, "n_estimators": 210.0844994429107}, "datetime": {"datetime": "2021-09-28 07:52:02", "elapsed": 332.547573, "delta": 2.880611}}
{"target": -17.616503742174874, "params": {"eta": 0.38506975596481624, "max_depth": 10.7756353403245, "n_estimators": 224.31915393857471}, "datetime": {"datetime": "2021-09-28 07:52:04", "elapsed": 334.505864, "delta": 1.958291}}
{"target": -17.35703954189072, "params": {"eta": 0.03542767216922253, "max_depth": 4.5250922694031255, "n_estimators": 256.26918043178495}, "datetime": {"datetime": "2021-09-28 07:52:06", "elapsed": 336.081051, "delta": 1.575187}}
{"target": -17.665721832773922, "params": {"eta": 0.02101039236521112, "max_depth": 17.155171301129496, "n_estimators": 236.47635912191893}, "datetime": {"datetime": "2021-09-28 07:52:08", "elapsed": 338.400158, "delta": 2.319107}}
{"target": -18.729407999895624, "params": {"eta": 0.10249216651557902, "max_depth": 27.293798610294928, "n_estimators": 251.82114834721776}, "datetime": {"datetime": "2021-09-28 07:52:11", "elapsed": 341.180912, "delta": 2.780754}}
{"target": -19.72134085730539, "params": {"eta": 0.45233394445966224, "max_depth": 17.901717883589896, "n_estimators": 282.9833496457523}, "datetime": {"datetime": "2021-09-28 07:52:13", "elapsed": 342.755879, "delta": 1.574967}}
{"target": -18.69686812309297, "params": {"eta": 0.2586576280380092, "max_depth": 23.300075395869555, "n_estimators": 216.15671947779023}, "datetime": {"datetime": "2021-09-28 07:52:14", "elapsed": 344.209379, "delta": 1.4535}}
{"target": -20.24870821128348, "params": {"eta": 0.5276865750034586, "max_depth": 25.57786656615396, "n_estimators": 206.6145428653853}, "datetime": {"datetime": "2021-09-28 07:52:16", "elapsed": 346.315619, "delta": 2.10624}}
{"target": -21.158403590274474, "params": {"eta": 0.5244693763525453, "max_depth": 5.303278719705548, "n_estimators": 201.83504721901144}, "datetime": {"datetime": "2021-09-28 07:52:19", "elapsed": 348.76709, "delta": 2.451471}}
{"target": -19.634152858346653, "params": {"eta": 0.22431080019459584, "max_depth": 17.227341868310937, "n_estimators": 250.71345519672155}, "datetime": {"datetime": "2021-09-28 07:52:20", "elapsed": 350.444711, "delta": 1.677621}}
{"target": -19.046735508846364, "params": {"eta": 0.30053873677321746, "max_depth": 19.976529965646705, "n_estimators": 208.81630843895132}, "datetime": {"datetime": "2021-09-28 07:52:22", "elapsed": 352.540469, "delta": 2.095758}}
{"target": -25.366314973986203, "params": {"eta": 0.39887794162615176, "max_depth": 1.7644262326031812, "n_estimators": 249.7248246942317}, "datetime": {"datetime": "2021-09-28 07:52:24", "elapsed": 353.760608, "delta": 1.220139}}
{"target": -19.207030882392072, "params": {"eta": 0.12987982620153699, "max_depth": 19.04441204057846, "n_estimators": 280.3745580735866}, "datetime": {"datetime": "2021-09-28 07:52:26", "elapsed": 356.055373, "delta": 2.294765}}
{"target": -19.54311124057542, "params": {"eta": 0.31827500094166866, "max_depth": 5.690304875320413, "n_estimators": 213.95888477031875}, "datetime": {"datetime": "2021-09-28 07:52:28", "elapsed": 357.843628, "delta": 1.788255}}
{"target": -18.290614652252188, "params": {"eta": 0.14835290501112586, "max_depth": 26.92292243085382, "n_estimators": 219.80627499183333}, "datetime": {"datetime": "2021-09-28 07:52:30", "elapsed": 359.882983, "delta": 2.039355}}
{"target": -17.776122573827557, "params": {"eta": 0.024514074480995258, "max_depth": 7.482066837418583, "n_estimators": 281.35720234792694}, "datetime": {"datetime": "2021-09-28 07:52:32", "elapsed": 362.034722, "delta": 2.151739}}
{"target": -17.780641113852024, "params": {"eta": 0.10768116951051743, "max_depth": 11.820186961275814, "n_estimators": 245.7102588323008}, "datetime": {"datetime": "2021-09-28 07:52:34", "elapsed": 364.197054, "delta": 2.162332}}
{"target": -18.32405645645128, "params": {"eta": 0.09513508207814572, "max_depth": 3.7027754798854193, "n_estimators": 286.0191711547595}, "datetime": {"datetime": "2021-09-28 07:52:36", "elapsed": 366.336791, "delta": 2.139737}}
{"target": -18.285870151411196, "params": {"eta": 0.07730746046748044, "max_depth": 23.507081934349795, "n_estimators": 276.8141533668202}, "datetime": {"datetime": "2021-09-28 07:52:39", "elapsed": 369.482955, "delta": 3.146164}}
{"target": -18.44119208058771, "params": {"eta": 0.11962773569909685, "max_depth": 19.9666540571421, "n_estimators": 255.35067634412695}, "datetime": {"datetime": "2021-09-28 07:52:42", "elapsed": 372.354718, "delta": 2.871763}}
{"target": -19.88614359996744, "params": {"eta": 0.513530023012906, "max_depth": 18.710711850984353, "n_estimators": 222.0856493908481}, "datetime": {"datetime": "2021-09-28 07:52:44", "elapsed": 373.967642, "delta": 1.612924}}
{"target": -19.18377130751326, "params": {"eta": 0.20739026270439553, "max_depth": 10.541787640236457, "n_estimators": 254.62159034050956}, "datetime": {"datetime": "2021-09-28 07:52:46", "elapsed": 375.650859, "delta": 1.683217}}
{"target": -17.79163321470244, "params": {"eta": 0.14500743934583094, "max_depth": 10.197460701699411, "n_estimators": 268.47014366787624}, "datetime": {"datetime": "2021-09-28 07:52:48", "elapsed": 377.719051, "delta": 2.068192}}
{"target": -19.358927548237503, "params": {"eta": 0.33089158929835516, "max_depth": 14.32847510790345, "n_estimators": 292.6752829628756}, "datetime": {"datetime": "2021-09-28 07:52:49", "elapsed": 379.54982, "delta": 1.830769}}
{"target": -17.724338601374082, "params": {"eta": 0.11184321007250947, "max_depth": 6.031363042108471, "n_estimators": 216.87638156816726}, "datetime": {"datetime": "2021-09-28 07:52:51", "elapsed": 380.90811, "delta": 1.35829}}
{"target": -17.72197710619472, "params": {"eta": 0.3124328132199491, "max_depth": 21.044702951562364, "n_estimators": 232.79931129382513}, "datetime": {"datetime": "2021-09-28 07:52:53", "elapsed": 382.977352, "delta": 2.069242}}
{"target": -17.184003145105283, "params": {"eta": 0.42721941206308106, "max_depth": 20.854497438581205, "n_estimators": 210.33231099884858}, "datetime": {"datetime": "2021-09-28 07:52:54", "elapsed": 384.483905, "delta": 1.506553}}
{"target": -19.789493684865196, "params": {"eta": 0.5420002290710618, "max_depth": 16.705285473275296, "n_estimators": 230.16534172172015}, "datetime": {"datetime": "2021-09-28 07:52:56", "elapsed": 385.825648, "delta": 1.341743}}
{"target": -18.77224894676256, "params": {"eta": 0.08692555032253765, "max_depth": 24.56120606046014, "n_estimators": 280.42225952042327}, "datetime": {"datetime": "2021-09-28 07:52:58", "elapsed": 387.849689, "delta": 2.024041}}
{"target": -17.801250001370885, "params": {"eta": 0.04533466225467951, "max_depth": 26.69506800283953, "n_estimators": 217.369403197083}, "datetime": {"datetime": "2021-09-28 07:53:00", "elapsed": 390.0227, "delta": 2.173011}}
{"target": -17.891201961947242, "params": {"eta": 0.1287084446165855, "max_depth": 27.216067098414285, "n_estimators": 214.7362169244752}, "datetime": {"datetime": "2021-09-28 07:53:02", "elapsed": 391.655841, "delta": 1.633141}}
{"target": -19.78557298818264, "params": {"eta": 0.49049159229138073, "max_depth": 16.55498899170815, "n_estimators": 241.72743188134078}, "datetime": {"datetime": "2021-09-28 07:53:03", "elapsed": 392.768477, "delta": 1.112636}}
{"target": -17.542521744706445, "params": {"eta": 0.14853401824377888, "max_depth": 6.547637210194216, "n_estimators": 200.08397101985648}, "datetime": {"datetime": "2021-09-28 07:53:04", "elapsed": 394.236068, "delta": 1.467591}}
{"target": -20.84399734907349, "params": {"eta": 0.3306656790502275, "max_depth": 3.509129598216963, "n_estimators": 245.38859858406695}, "datetime": {"datetime": "2021-09-28 07:53:05", "elapsed": 395.489091, "delta": 1.253023}}
{"target": -23.363108135556633, "params": {"eta": 0.5884624568646613, "max_depth": 14.747340553491384, "n_estimators": 212.24338704829816}, "datetime": {"datetime": "2021-09-28 07:53:07", "elapsed": 396.891005, "delta": 1.401914}}
{"target": -18.019517003068213, "params": {"eta": 0.06180979036110694, "max_depth": 24.524210177698848, "n_estimators": 245.62323011829386}, "datetime": {"datetime": "2021-09-28 07:53:09", "elapsed": 399.370115, "delta": 2.47911}}
{"target": -22.181820440525886, "params": {"eta": 0.5863948972914201, "max_depth": 14.99594985350123, "n_estimators": 212.6290539962861}, "datetime": {"datetime": "2021-09-28 07:53:10", "elapsed": 400.591728, "delta": 1.221613}}
{"target": -17.842079353799654, "params": {"eta": 0.35713928516911064, "max_depth": 27.09160713095864, "n_estimators": 275.8497563003385}, "datetime": {"datetime": "2021-09-28 07:53:12", "elapsed": 402.27673, "delta": 1.685002}}
{"target": -20.2949967930635, "params": {"eta": 0.49959684698876944, "max_depth": 5.833948318461394, "n_estimators": 255.5014133919792}, "datetime": {"datetime": "2021-09-28 07:53:14", "elapsed": 403.640443, "delta": 1.363713}}
{"target": -17.90690904192273, "params": {"eta": 0.14570061041836707, "max_depth": 3.933089723236628, "n_estimators": 229.7015185006328}, "datetime": {"datetime": "2021-09-28 07:53:15", "elapsed": 405.089869, "delta": 1.449426}}
{"target": -19.97296484186266, "params": {"eta": 0.5447138729781943, "max_depth": 25.309855622437098, "n_estimators": 274.88020968155456}, "datetime": {"datetime": "2021-09-28 07:53:17", "elapsed": 406.744999, "delta": 1.65513}}
{"target": -16.721574657167483, "params": {"eta": 0.4558633283618531, "max_depth": 8.547143534789102, "n_estimators": 283.9525860334282}, "datetime": {"datetime": "2021-09-28 07:53:18", "elapsed": 408.014717, "delta": 1.269718}}
