{"target": -15.80897649361474, "params": {"eta": 0.19586843858179648, "max_depth": 13.629958844749261, "n_estimators": 193.41124618609243}, "datetime": {"datetime": "2021-09-28 08:56:50", "elapsed": 264.234079, "delta": 1.888053}}
{"target": -20.27906658093644, "params": {"eta": 0.4950211988681947, "max_depth": 27.59402824081395, "n_estimators": 196.81276732382852}, "datetime": {"datetime": "2021-09-28 08:56:51", "elapsed": 265.502345, "delta": 1.268266}}
{"target": -16.817039150502108, "params": {"eta": 0.1822959942560759, "max_depth": 11.604624885738167, "n_estimators": 193.68155363950672}, "datetime": {"datetime": "2021-09-28 08:56:53", "elapsed": 267.815155, "delta": 2.31281}}
{"target": -20.185334119566775, "params": {"eta": 0.49964050918077063, "max_depth": 6.965381683170519, "n_estimators": 110.85455241832452}, "datetime": {"datetime": "2021-09-28 08:56:55", "elapsed": 269.12305, "delta": 1.307895}}
{"target": -16.07575935931192, "params": {"eta": 0.39519763078709913, "max_depth": 28.952257934204955, "n_estimators": 128.5229359045768}, "datetime": {"datetime": "2021-09-28 08:56:56", "elapsed": 270.264731, "delta": 1.141681}}
{"target": -17.842441127415135, "params": {"eta": 0.25770176596646505, "max_depth": 4.670528889268312, "n_estimators": 199.79954522557819}, "datetime": {"datetime": "2021-09-28 08:56:58", "elapsed": 272.114626, "delta": 1.849895}}
{"target": -17.11913633140142, "params": {"eta": 0.34735806375102923, "max_depth": 7.372324072984027, "n_estimators": 174.01408351629448}, "datetime": {"datetime": "2021-09-28 08:56:59", "elapsed": 273.557873, "delta": 1.443247}}
{"target": -15.993194928835466, "params": {"eta": 0.15001871892421303, "max_depth": 13.445669274599659, "n_estimators": 193.33294914874097}, "datetime": {"datetime": "2021-09-28 08:57:01", "elapsed": 275.639012, "delta": 2.081139}}
{"target": -15.932928460137427, "params": {"eta": 0.14290917126580183, "max_depth": 29.6639184920254, "n_estimators": 117.04248847586616}, "datetime": {"datetime": "2021-09-28 08:57:03", "elapsed": 277.358223, "delta": 1.719211}}
{"target": -16.95863888906491, "params": {"eta": 0.3530127099348308, "max_depth": 15.501381659096884, "n_estimators": 136.02196669704438}, "datetime": {"datetime": "2021-09-28 08:57:05", "elapsed": 279.292969, "delta": 1.934746}}
{"target": -16.48692435577267, "params": {"eta": 0.08621615523309457, "max_depth": 7.4308261427165805, "n_estimators": 105.10585120153442}, "datetime": {"datetime": "2021-09-28 08:57:06", "elapsed": 280.409966, "delta": 1.116997}}
{"target": -16.30473888399394, "params": {"eta": 0.38767508720901056, "max_depth": 23.812769946408178, "n_estimators": 195.307835333063}, "datetime": {"datetime": "2021-09-28 08:57:07", "elapsed": 281.586454, "delta": 1.176488}}
{"target": -17.88928881168472, "params": {"eta": 0.24250386039876448, "max_depth": 6.403944274098065, "n_estimators": 105.36275643982107}, "datetime": {"datetime": "2021-09-28 08:57:08", "elapsed": 282.840097, "delta": 1.253643}}
{"target": -17.877455279516568, "params": {"eta": 0.45538153999052394, "max_depth": 17.495825430059032, "n_estimators": 181.90506123148424}, "datetime": {"datetime": "2021-09-28 08:57:09", "elapsed": 283.967127, "delta": 1.12703}}
{"target": -16.657653928269838, "params": {"eta": 0.18624893195140363, "max_depth": 15.592414188776857, "n_estimators": 135.80658063742766}, "datetime": {"datetime": "2021-09-28 08:57:12", "elapsed": 286.17086, "delta": 2.203733}}
{"target": -18.839888832326753, "params": {"eta": 0.4658319580207784, "max_depth": 13.84077817914352, "n_estimators": 193.42663926909427}, "datetime": {"datetime": "2021-09-28 08:57:14", "elapsed": 288.220106, "delta": 2.049246}}
{"target": -16.307748744478786, "params": {"eta": 0.11817109958039812, "max_depth": 23.181712795798198, "n_estimators": 160.72300516783696}, "datetime": {"datetime": "2021-09-28 08:57:16", "elapsed": 290.274777, "delta": 2.054671}}
{"target": -15.782058635775206, "params": {"eta": 0.33365292343442415, "max_depth": 26.89212908526948, "n_estimators": 152.68980411422356}, "datetime": {"datetime": "2021-09-28 08:57:17", "elapsed": 291.785756, "delta": 1.510979}}
{"target": -17.619792914115802, "params": {"eta": 0.4303448562472901, "max_depth": 15.234606894021255, "n_estimators": 135.85978264494412}, "datetime": {"datetime": "2021-09-28 08:57:19", "elapsed": 293.421821, "delta": 1.636065}}
{"target": -16.44273538978716, "params": {"eta": 0.3961287143261621, "max_depth": 27.00607348042343, "n_estimators": 152.860504909241}, "datetime": {"datetime": "2021-09-28 08:57:21", "elapsed": 295.35026, "delta": 1.928439}}
{"target": -19.626070258737045, "params": {"eta": 0.4833430178854451, "max_depth": 21.32390013097892, "n_estimators": 191.07141546991556}, "datetime": {"datetime": "2021-09-28 08:57:22", "elapsed": 296.67226, "delta": 1.322}}
{"target": -16.85063804100579, "params": {"eta": 0.40751531708204036, "max_depth": 13.140455367530164, "n_estimators": 183.1428907027419}, "datetime": {"datetime": "2021-09-28 08:57:24", "elapsed": 298.100555, "delta": 1.428295}}
{"target": -23.119913030344634, "params": {"eta": 0.1543942859033184, "max_depth": 1.1017315311011229, "n_estimators": 136.52086799167944}, "datetime": {"datetime": "2021-09-28 08:57:25", "elapsed": 299.149994, "delta": 1.049439}}
{"target": -16.343310396746066, "params": {"eta": 0.3020096920202908, "max_depth": 26.717006652181745, "n_estimators": 171.28115580163842}, "datetime": {"datetime": "2021-09-28 08:57:27", "elapsed": 301.120137, "delta": 1.970143}}
{"target": -15.791915116564113, "params": {"eta": 0.08024856341161117, "max_depth": 29.783661003248714, "n_estimators": 149.47210077845938}, "datetime": {"datetime": "2021-09-28 08:57:29", "elapsed": 303.54781, "delta": 2.427673}}
{"target": -18.90257230460122, "params": {"eta": 0.47852606918680596, "max_depth": 12.727239066196837, "n_estimators": 182.8907900841807}, "datetime": {"datetime": "2021-09-28 08:57:30", "elapsed": 304.756457, "delta": 1.208647}}
{"target": -15.816901737010431, "params": {"eta": 0.14935053657144176, "max_depth": 11.711759363794112, "n_estimators": 185.40810486048926}, "datetime": {"datetime": "2021-09-28 08:57:32", "elapsed": 306.424665, "delta": 1.668208}}
{"target": -16.278047674424812, "params": {"eta": 0.2912613526771036, "max_depth": 11.718993063828067, "n_estimators": 185.64799795809643}, "datetime": {"datetime": "2021-09-28 08:57:34", "elapsed": 308.313929, "delta": 1.889264}}
{"target": -18.063742227091232, "params": {"eta": 0.4694864561738378, "max_depth": 29.131470378801115, "n_estimators": 128.43358473359896}, "datetime": {"datetime": "2021-09-28 08:57:36", "elapsed": 310.258755, "delta": 1.944826}}
{"target": -19.408921218021288, "params": {"eta": 0.44601310672357775, "max_depth": 27.79758738835019, "n_estimators": 171.7916716773879}, "datetime": {"datetime": "2021-09-28 08:57:37", "elapsed": 311.512998, "delta": 1.254243}}
{"target": -17.07763349424977, "params": {"eta": 0.34814281753575727, "max_depth": 11.616367313650958, "n_estimators": 185.2697457292902}, "datetime": {"datetime": "2021-09-28 08:57:39", "elapsed": 313.451152, "delta": 1.938154}}
{"target": -20.36476887001294, "params": {"eta": 0.17428234709953394, "max_depth": 2.0209051369640676, "n_estimators": 185.07851055334538}, "datetime": {"datetime": "2021-09-28 08:57:40", "elapsed": 314.546922, "delta": 1.09577}}
{"target": -18.78095588622708, "params": {"eta": 0.47104523352214717, "max_depth": 28.07174932625219, "n_estimators": 131.57718800702153}, "datetime": {"datetime": "2021-09-28 08:57:41", "elapsed": 315.748152, "delta": 1.20123}}
{"target": -16.40577896423049, "params": {"eta": 0.40023784605095697, "max_depth": 27.060653761447607, "n_estimators": 152.58913419140276}, "datetime": {"datetime": "2021-09-28 08:57:44", "elapsed": 318.1563, "delta": 2.408148}}
{"target": -17.23586429629695, "params": {"eta": 0.21845961449676438, "max_depth": 4.122435675050272, "n_estimators": 168.88431716263045}, "datetime": {"datetime": "2021-09-28 08:57:45", "elapsed": 319.51963, "delta": 1.36333}}
{"target": -16.757867678330005, "params": {"eta": 0.1675749463192457, "max_depth": 27.868143384277307, "n_estimators": 173.38218625085568}, "datetime": {"datetime": "2021-09-28 08:57:47", "elapsed": 321.271928, "delta": 1.752298}}
{"target": -17.649168871722992, "params": {"eta": 0.23600865516720743, "max_depth": 16.420566667221877, "n_estimators": 111.31847079204634}, "datetime": {"datetime": "2021-09-28 08:57:48", "elapsed": 322.788928, "delta": 1.517}}
{"target": -16.03775358313403, "params": {"eta": 0.38748191584322916, "max_depth": 10.8528091399605, "n_estimators": 100.70246277988547}, "datetime": {"datetime": "2021-09-28 08:57:50", "elapsed": 324.033164, "delta": 1.244236}}
{"target": -18.576941452401826, "params": {"eta": 0.4658805945040029, "max_depth": 26.72694465238073, "n_estimators": 171.4838689893494}, "datetime": {"datetime": "2021-09-28 08:57:52", "elapsed": 326.161367, "delta": 2.128203}}
{"target": -18.111786210978064, "params": {"eta": 0.2802593875999916, "max_depth": 17.9054878052866, "n_estimators": 119.2695144021103}, "datetime": {"datetime": "2021-09-28 08:57:53", "elapsed": 327.519538, "delta": 1.358171}}
{"target": -19.11291674702587, "params": {"eta": 0.47124056776238243, "max_depth": 12.796052529897093, "n_estimators": 184.66486221959806}, "datetime": {"datetime": "2021-09-28 08:57:54", "elapsed": 328.869488, "delta": 1.34995}}
{"target": -16.855783475864726, "params": {"eta": 0.37149829224095926, "max_depth": 27.51055406386734, "n_estimators": 187.05852428342249}, "datetime": {"datetime": "2021-09-28 08:57:56", "elapsed": 330.370694, "delta": 1.501206}}
{"target": -15.849841292848414, "params": {"eta": 0.21108328922723318, "max_depth": 26.870396251117324, "n_estimators": 171.54858367157107}, "datetime": {"datetime": "2021-09-28 08:57:58", "elapsed": 332.923568, "delta": 2.552874}}
{"target": -17.03114367614739, "params": {"eta": 0.24809395812582458, "max_depth": 18.320386125438528, "n_estimators": 143.7978365635106}, "datetime": {"datetime": "2021-09-28 08:58:00", "elapsed": 334.552294, "delta": 1.628726}}
{"target": -16.727680206897563, "params": {"eta": 0.3936943545009566, "max_depth": 23.60240896290961, "n_estimators": 129.13984361389268}, "datetime": {"datetime": "2021-09-28 08:58:01", "elapsed": 335.813272, "delta": 1.260978}}
{"target": -17.333727618814734, "params": {"eta": 0.1877572919435307, "max_depth": 28.922400281614742, "n_estimators": 128.47967696069398}, "datetime": {"datetime": "2021-09-28 08:58:03", "elapsed": 337.849988, "delta": 2.036716}}
{"target": -17.274618395842307, "params": {"eta": 0.3160138948886599, "max_depth": 28.787649488705057, "n_estimators": 121.13341432589462}, "datetime": {"datetime": "2021-09-28 08:58:05", "elapsed": 339.162026, "delta": 1.312038}}
{"target": -19.234631491358154, "params": {"eta": 0.4513530182522177, "max_depth": 21.614077965226183, "n_estimators": 109.6191033013075}, "datetime": {"datetime": "2021-09-28 08:58:06", "elapsed": 340.671026, "delta": 1.509}}
{"target": -16.77132629416722, "params": {"eta": 0.46668752735111413, "max_depth": 5.672078692997202, "n_estimators": 162.2506533646308}, "datetime": {"datetime": "2021-09-28 08:58:08", "elapsed": 342.048026, "delta": 1.377}}
{"target": -17.022057894697873, "params": {"eta": 0.09317238906893856, "max_depth": 15.344545705459016, "n_estimators": 135.9122714804535}, "datetime": {"datetime": "2021-09-28 08:58:10", "elapsed": 344.936443, "delta": 2.888417}}
{"target": -15.642052907628312, "params": {"eta": 0.13031793146821619, "max_depth": 12.323668365770134, "n_estimators": 153.0287981450552}, "datetime": {"datetime": "2021-09-28 08:58:13", "elapsed": 347.019613, "delta": 2.08317}}
{"target": -16.293209088887977, "params": {"eta": 0.3971957924728544, "max_depth": 15.181565664194318, "n_estimators": 125.8016402111378}, "datetime": {"datetime": "2021-09-28 08:58:14", "elapsed": 348.431868, "delta": 1.412255}}
{"target": -21.33249943713812, "params": {"eta": 0.46746531551524073, "max_depth": 2.371739830693117, "n_estimators": 181.72635822669523}, "datetime": {"datetime": "2021-09-28 08:58:15", "elapsed": 349.873239, "delta": 1.441371}}
{"target": -19.30427058218889, "params": {"eta": 0.4730517995876179, "max_depth": 26.72323927600242, "n_estimators": 119.77989751854739}, "datetime": {"datetime": "2021-09-28 08:58:17", "elapsed": 351.395428, "delta": 1.522189}}
{"target": -16.71437293109445, "params": {"eta": 0.3489041994788718, "max_depth": 26.757538353720037, "n_estimators": 152.84879152220262}, "datetime": {"datetime": "2021-09-28 08:58:20", "elapsed": 354.060473, "delta": 2.665045}}
{"target": -16.87011880147291, "params": {"eta": 0.13792797807252058, "max_depth": 11.952896213740086, "n_estimators": 185.4102726758292}, "datetime": {"datetime": "2021-09-28 08:58:23", "elapsed": 357.012542, "delta": 2.952069}}
{"target": -16.9652952397442, "params": {"eta": 0.12845989442319095, "max_depth": 3.8774678692534343, "n_estimators": 175.44721390222196}, "datetime": {"datetime": "2021-09-28 08:58:24", "elapsed": 358.851351, "delta": 1.838809}}
{"target": -18.2828295501205, "params": {"eta": 0.2597917397016394, "max_depth": 12.096150855955104, "n_estimators": 153.0453116383675}, "datetime": {"datetime": "2021-09-28 08:58:27", "elapsed": 361.618576, "delta": 2.767225}}
{"target": -18.562875405811504, "params": {"eta": 0.46002468149094006, "max_depth": 28.817032259205973, "n_estimators": 128.6719760293997}, "datetime": {"datetime": "2021-09-28 08:58:30", "elapsed": 364.089375, "delta": 2.470799}}
{"target": -17.119490599712478, "params": {"eta": 0.3649973319193344, "max_depth": 10.160198757838852, "n_estimators": 147.2978794888259}, "datetime": {"datetime": "2021-09-28 08:58:31", "elapsed": 365.869449, "delta": 1.780074}}
{"target": -16.895547726689763, "params": {"eta": 0.37277388559788194, "max_depth": 4.075104113390541, "n_estimators": 187.9029322851173}, "datetime": {"datetime": "2021-09-28 08:58:33", "elapsed": 367.595289, "delta": 1.72584}}
{"target": -16.43591497793829, "params": {"eta": 0.10515051084073454, "max_depth": 20.48368994618624, "n_estimators": 168.43115044395472}, "datetime": {"datetime": "2021-09-28 08:58:35", "elapsed": 369.916503, "delta": 2.321214}}
{"target": -15.640702590649013, "params": {"eta": 0.08, "max_depth": 21.994576620133067, "n_estimators": 166.23615179328752}, "datetime": {"datetime": "2021-09-28 08:58:39", "elapsed": 373.320537, "delta": 3.404034}}
{"target": -19.94876821677029, "params": {"eta": 0.2124119257277009, "max_depth": 2.602421292745774, "n_estimators": 197.9551101542241}, "datetime": {"datetime": "2021-09-28 08:58:40", "elapsed": 374.682245, "delta": 1.361708}}
{"target": -17.11380976839776, "params": {"eta": 0.38212420625870597, "max_depth": 13.469263514829079, "n_estimators": 193.3865399979348}, "datetime": {"datetime": "2021-09-28 08:58:42", "elapsed": 376.790356, "delta": 2.108111}}
{"target": -17.499692190119344, "params": {"eta": 0.2562131641472232, "max_depth": 16.319942534444397, "n_estimators": 164.8254669417717}, "datetime": {"datetime": "2021-09-28 08:58:44", "elapsed": 378.529137, "delta": 1.738781}}
{"target": -17.240955489865605, "params": {"eta": 0.3153344843449233, "max_depth": 29.601719462009928, "n_estimators": 116.83233999428951}, "datetime": {"datetime": "2021-09-28 08:58:46", "elapsed": 380.899682, "delta": 2.370545}}
{"target": -15.640702590649013, "params": {"eta": 0.08, "max_depth": 21.848279603806635, "n_estimators": 166.117497995497}, "datetime": {"datetime": "2021-09-28 08:58:50", "elapsed": 384.676754, "delta": 3.777072}}
{"target": -17.80008804062393, "params": {"eta": 0.4562832216047974, "max_depth": 27.649384322395257, "n_estimators": 179.25840842903088}, "datetime": {"datetime": "2021-09-28 08:58:52", "elapsed": 386.215753, "delta": 1.538999}}
{"target": -17.23451444805203, "params": {"eta": 0.17773242498548042, "max_depth": 11.520831495183028, "n_estimators": 185.42874708424418}, "datetime": {"datetime": "2021-09-28 08:58:55", "elapsed": 389.127439, "delta": 2.911686}}
{"target": -17.37956581292311, "params": {"eta": 0.25278812659751254, "max_depth": 26.90656762767076, "n_estimators": 171.36934701804483}, "datetime": {"datetime": "2021-09-28 08:58:58", "elapsed": 392.13158, "delta": 3.004141}}
{"target": -17.53661992821534, "params": {"eta": 0.2848071154654384, "max_depth": 27.794913827539954, "n_estimators": 117.27733883499369}, "datetime": {"datetime": "2021-09-28 08:59:00", "elapsed": 394.668177, "delta": 2.536597}}
{"target": -17.10537340920881, "params": {"eta": 0.10108458034997213, "max_depth": 26.875761842358504, "n_estimators": 152.54903823005478}, "datetime": {"datetime": "2021-09-28 08:59:04", "elapsed": 398.464264, "delta": 3.796087}}
{"target": -16.29036568788895, "params": {"eta": 0.0876032917526524, "max_depth": 21.858742582950157, "n_estimators": 166.38638198578974}, "datetime": {"datetime": "2021-09-28 08:59:08", "elapsed": 402.476495, "delta": 4.012231}}
{"target": -16.248398487400596, "params": {"eta": 0.10345443178729039, "max_depth": 11.814150920069055, "n_estimators": 185.64068835373308}, "datetime": {"datetime": "2021-09-28 08:59:11", "elapsed": 405.939031, "delta": 3.462536}}
{"target": -16.430108104850767, "params": {"eta": 0.13025301994092942, "max_depth": 29.677902685540342, "n_estimators": 117.27458147926991}, "datetime": {"datetime": "2021-09-28 08:59:15", "elapsed": 409.377076, "delta": 3.438045}}
{"target": -16.488743728348, "params": {"eta": 0.31771461288229247, "max_depth": 27.69437548108909, "n_estimators": 170.51636798270488}, "datetime": {"datetime": "2021-09-28 08:59:17", "elapsed": 411.301803, "delta": 1.924727}}
{"target": -18.07640918242384, "params": {"eta": 0.2785957473425535, "max_depth": 23.071019449696436, "n_estimators": 132.5264714672178}, "datetime": {"datetime": "2021-09-28 08:59:19", "elapsed": 413.013652, "delta": 1.711849}}
{"target": -16.354215664526002, "params": {"eta": 0.10026369085962944, "max_depth": 25.5773501177615, "n_estimators": 168.83981358282028}, "datetime": {"datetime": "2021-09-28 08:59:21", "elapsed": 415.313644, "delta": 2.299992}}
{"target": -18.73108539555836, "params": {"eta": 0.4598171981809602, "max_depth": 19.163436673705874, "n_estimators": 151.7867110779433}, "datetime": {"datetime": "2021-09-28 08:59:23", "elapsed": 417.22638, "delta": 1.912736}}
{"target": -16.20879508617829, "params": {"eta": 0.16962223890080907, "max_depth": 7.265327957880028, "n_estimators": 108.53789754768786}, "datetime": {"datetime": "2021-09-28 08:59:25", "elapsed": 419.962784, "delta": 2.736404}}
{"target": -15.949985220933502, "params": {"eta": 0.3272766552022702, "max_depth": 15.323677122473285, "n_estimators": 119.1808597108934}, "datetime": {"datetime": "2021-09-28 08:59:27", "elapsed": 421.634256, "delta": 1.671472}}
{"target": -16.62532216949987, "params": {"eta": 0.32109643727340265, "max_depth": 15.583407934802063, "n_estimators": 119.12749088986529}, "datetime": {"datetime": "2021-09-28 08:59:30", "elapsed": 424.539101, "delta": 2.904845}}
{"target": -15.977997343942926, "params": {"eta": 0.2043182701189893, "max_depth": 15.192219132773346, "n_estimators": 110.12803429048184}, "datetime": {"datetime": "2021-09-28 08:59:32", "elapsed": 426.252594, "delta": 1.713493}}
{"target": -17.432448098108853, "params": {"eta": 0.2773408306233753, "max_depth": 26.424784319328943, "n_estimators": 199.42697517055478}, "datetime": {"datetime": "2021-09-28 08:59:34", "elapsed": 428.291794, "delta": 2.0392}}
{"target": -16.704221297895817, "params": {"eta": 0.323958157999054, "max_depth": 7.545071923019221, "n_estimators": 165.23668124366117}, "datetime": {"datetime": "2021-09-28 08:59:35", "elapsed": 429.696162, "delta": 1.404368}}
{"target": -16.36974734245161, "params": {"eta": 0.08807070431027192, "max_depth": 10.905636162214767, "n_estimators": 100.71475907307078}, "datetime": {"datetime": "2021-09-28 08:59:38", "elapsed": 432.834213, "delta": 3.138051}}
{"target": -16.81195563518811, "params": {"eta": 0.28988116382424695, "max_depth": 29.801963034378964, "n_estimators": 117.10420491701197}, "datetime": {"datetime": "2021-09-28 08:59:41", "elapsed": 435.80963, "delta": 2.975417}}
{"target": -22.71352397283283, "params": {"eta": 0.2134642137277003, "max_depth": 1.3723497260696456, "n_estimators": 135.1765422868892}, "datetime": {"datetime": "2021-09-28 08:59:43", "elapsed": 437.212625, "delta": 1.402995}}
{"target": -15.683924157540623, "params": {"eta": 0.08, "max_depth": 27.832472311708102, "n_estimators": 138.31239919316724}, "datetime": {"datetime": "2021-09-28 08:59:47", "elapsed": 441.296538, "delta": 4.083913}}
{"target": -20.41264014736877, "params": {"eta": 0.4931212309017005, "max_depth": 19.0299257638193, "n_estimators": 137.39856428748837}, "datetime": {"datetime": "2021-09-28 08:59:48", "elapsed": 442.862447, "delta": 1.565909}}
{"target": -16.429846171059957, "params": {"eta": 0.23873295043991172, "max_depth": 12.527269757849034, "n_estimators": 153.14991906510465}, "datetime": {"datetime": "2021-09-28 08:59:51", "elapsed": 445.29868, "delta": 2.436233}}
{"target": -16.34354830355965, "params": {"eta": 0.36978900502751416, "max_depth": 13.930918022520625, "n_estimators": 103.48506735241564}, "datetime": {"datetime": "2021-09-28 08:59:52", "elapsed": 446.955024, "delta": 1.656344}}
{"target": -17.749977800556117, "params": {"eta": 0.13367488937990588, "max_depth": 3.5260294307845843, "n_estimators": 148.5660786346963}, "datetime": {"datetime": "2021-09-28 08:59:54", "elapsed": 448.432555, "delta": 1.477531}}
{"target": -16.709215855584635, "params": {"eta": 0.20070292456652727, "max_depth": 17.20446635960169, "n_estimators": 107.27909721027929}, "datetime": {"datetime": "2021-09-28 08:59:56", "elapsed": 450.219221, "delta": 1.786666}}
