{"target": -16.032521774711693, "params": {"eta": 0.10147226106364036, "max_depth": 9.068176381092641, "n_estimators": 68.17306477862691}, "datetime": {"datetime": "2021-09-27 21:39:25", "elapsed": 75.543594, "delta": 1.180622}}
{"target": -16.216653719290562, "params": {"eta": 0.08647836398398463, "max_depth": 14.915573381860574, "n_estimators": 99.96677974297121}, "datetime": {"datetime": "2021-09-27 21:39:26", "elapsed": 77.470799, "delta": 1.927205}}
{"target": -17.248042902313827, "params": {"eta": 0.33498442886590696, "max_depth": 29.70679109456026, "n_estimators": 77.45082951509913}, "datetime": {"datetime": "2021-09-27 21:39:28", "elapsed": 78.958701, "delta": 1.487902}}
{"target": -25.278033217536322, "params": {"eta": 0.03, "max_depth": 1.0, "n_estimators": 85.42059519284794}, "datetime": {"datetime": "2021-09-27 21:39:29", "elapsed": 79.66346, "delta": 0.704759}}
{"target": -15.368612068735777, "params": {"eta": 0.07849776288020455, "max_depth": 22.267871510219486, "n_estimators": 45.198315079845685}, "datetime": {"datetime": "2021-09-27 21:39:30", "elapsed": 80.833573, "delta": 1.170113}}
{"target": -16.97077200004438, "params": {"eta": 0.23202902934116423, "max_depth": 21.326881262669314, "n_estimators": 49.33156428747859}, "datetime": {"datetime": "2021-09-27 21:39:31", "elapsed": 81.93315, "delta": 1.099577}}
{"target": -16.426423764148968, "params": {"eta": 0.4, "max_depth": 17.60712200476306, "n_estimators": 44.04624072391997}, "datetime": {"datetime": "2021-09-27 21:39:32", "elapsed": 83.075148, "delta": 1.141998}}
{"target": -15.170789601451121, "params": {"eta": 0.08056245707251504, "max_depth": 13.512333264158713, "n_estimators": 40.85977935943348}, "datetime": {"datetime": "2021-09-27 21:39:33", "elapsed": 84.010306, "delta": 0.935158}}
{"target": -16.597309004538026, "params": {"eta": 0.4, "max_depth": 11.13257005036879, "n_estimators": 44.60774151308542}, "datetime": {"datetime": "2021-09-27 21:39:34", "elapsed": 85.248942, "delta": 1.238636}}
{"target": -16.383362175773417, "params": {"eta": 0.4, "max_depth": 9.334940690520911, "n_estimators": 39.70835773247}, "datetime": {"datetime": "2021-09-27 21:39:35", "elapsed": 86.262061, "delta": 1.013119}}
{"target": -15.178760731107507, "params": {"eta": 0.1307503606601893, "max_depth": 12.635727036021501, "n_estimators": 35.94288059151307}, "datetime": {"datetime": "2021-09-27 21:39:36", "elapsed": 87.23906, "delta": 0.976999}}
{"target": -16.01338169350051, "params": {"eta": 0.4, "max_depth": 8.72997119346933, "n_estimators": 33.6706050819017}, "datetime": {"datetime": "2021-09-27 21:39:37", "elapsed": 88.168377, "delta": 0.929317}}
{"target": -16.497470601324125, "params": {"eta": 0.4, "max_depth": 12.918811256039175, "n_estimators": 31.07738105692586}, "datetime": {"datetime": "2021-09-27 21:39:39", "elapsed": 89.950051, "delta": 1.781674}}
{"target": -42.94914791354126, "params": {"eta": 0.03, "max_depth": 8.838526215193829, "n_estimators": 28.503008022189796}, "datetime": {"datetime": "2021-09-27 21:39:40", "elapsed": 90.688059, "delta": 0.738008}}
{"target": -16.44410775036115, "params": {"eta": 0.4, "max_depth": 16.44015201307605, "n_estimators": 33.278386373519396}, "datetime": {"datetime": "2021-09-27 21:39:41", "elapsed": 91.662057, "delta": 0.973998}}
{"target": -16.417623224902307, "params": {"eta": 0.4, "max_depth": 17.43882434995693, "n_estimators": 28.408701696776706}, "datetime": {"datetime": "2021-09-27 21:39:42", "elapsed": 92.772244, "delta": 1.110187}}
{"target": -16.429987473630206, "params": {"eta": 0.4, "max_depth": 19.063039924899467, "n_estimators": 23.42276084716181}, "datetime": {"datetime": "2021-09-27 21:39:43", "elapsed": 93.837604, "delta": 1.06536}}
{"target": -45.3275791667481, "params": {"eta": 0.03, "max_depth": 22.444081853244104, "n_estimators": 26.880260933402194}, "datetime": {"datetime": "2021-09-27 21:39:44", "elapsed": 94.74729, "delta": 0.909686}}
{"target": -17.13952620822067, "params": {"eta": 0.22468008652017754, "max_depth": 15.987258840847735, "n_estimators": 20.62089904748795}, "datetime": {"datetime": "2021-09-27 21:39:45", "elapsed": 95.848124, "delta": 1.100834}}
{"target": -15.469016623410983, "params": {"eta": 0.14244646100708352, "max_depth": 15.536744431285689, "n_estimators": 24.65968295013853}, "datetime": {"datetime": "2021-09-27 21:39:46", "elapsed": 96.671123, "delta": 0.822999}}
{"target": -16.491470888317732, "params": {"eta": 0.34779034315425006, "max_depth": 18.278429290937414, "n_estimators": 15.504826208248247}, "datetime": {"datetime": "2021-09-27 21:39:47", "elapsed": 97.835126, "delta": 1.164003}}
{"target": -16.513275451498664, "params": {"eta": 0.4, "max_depth": 13.072333531142313, "n_estimators": 15.484766767059076}, "datetime": {"datetime": "2021-09-27 21:39:48", "elapsed": 98.55013, "delta": 0.715004}}
{"target": -16.106505513879053, "params": {"eta": 0.4, "max_depth": 10.448288311070371, "n_estimators": 11.006738701502806}, "datetime": {"datetime": "2021-09-27 21:39:48", "elapsed": 99.288127, "delta": 0.737997}}
{"target": -16.931655245373747, "params": {"eta": 0.34127507085635955, "max_depth": 12.684657326193165, "n_estimators": 6.287201541032748}, "datetime": {"datetime": "2021-09-27 21:39:49", "elapsed": 99.964035, "delta": 0.675908}}
{"target": -93.88781736846961, "params": {"eta": 0.03683653318848294, "max_depth": 15.197484161973465, "n_estimators": 1.3480209146956619}, "datetime": {"datetime": "2021-09-27 21:39:50", "elapsed": 100.67403, "delta": 0.709995}}
{"target": -17.303299539526222, "params": {"eta": 0.17732626404004898, "max_depth": 7.366510756201722, "n_estimators": 51.27010091681114}, "datetime": {"datetime": "2021-09-27 21:39:51", "elapsed": 101.697029, "delta": 1.022999}}
{"target": -17.590099385013716, "params": {"eta": 0.4, "max_depth": 6.305719114646587, "n_estimators": 45.66567526031723}, "datetime": {"datetime": "2021-09-27 21:39:52", "elapsed": 102.795939, "delta": 1.09891}}
{"target": -16.14175740616684, "params": {"eta": 0.19848744805399615, "max_depth": 4.072190217905042, "n_estimators": 68.78577848180508}, "datetime": {"datetime": "2021-09-27 21:39:53", "elapsed": 103.818998, "delta": 1.023059}}
{"target": -23.024685481067888, "params": {"eta": 0.3666277248365707, "max_depth": 1.061755881591048, "n_estimators": 95.75688596717212}, "datetime": {"datetime": "2021-09-27 21:39:54", "elapsed": 104.79954, "delta": 0.980542}}
{"target": -17.02164245163899, "params": {"eta": 0.2949579047838, "max_depth": 5.32305982238822, "n_estimators": 11.984843172506178}, "datetime": {"datetime": "2021-09-27 21:39:55", "elapsed": 105.801541, "delta": 1.002001}}
{"target": -74.57777027605125, "params": {"eta": 0.0378282050495898, "max_depth": 8.594210343522722, "n_estimators": 7.11504462662251}, "datetime": {"datetime": "2021-09-27 21:39:56", "elapsed": 106.696049, "delta": 0.894508}}
{"target": -65.29451693062347, "params": {"eta": 0.03618001958977378, "max_depth": 13.827825691134684, "n_estimators": 11.561833229230825}, "datetime": {"datetime": "2021-09-27 21:39:57", "elapsed": 107.589044, "delta": 0.892995}}
{"target": -16.17415497989302, "params": {"eta": 0.14104565385829515, "max_depth": 12.256609180779032, "n_estimators": 38.54160572581003}, "datetime": {"datetime": "2021-09-27 21:39:58", "elapsed": 109.22001, "delta": 1.630966}}
{"target": -16.382446746712954, "params": {"eta": 0.4, "max_depth": 9.74968074641257, "n_estimators": 36.52257907234758}, "datetime": {"datetime": "2021-09-27 21:39:59", "elapsed": 110.287644, "delta": 1.067634}}
{"target": -23.725340683819375, "params": {"eta": 0.11693436946730217, "max_depth": 8.762773550236457, "n_estimators": 13.36388284669129}, "datetime": {"datetime": "2021-09-27 21:40:00", "elapsed": 111.254644, "delta": 0.967}}
{"target": -16.064903936343192, "params": {"eta": 0.37643276170055395, "max_depth": 25.317559396783153, "n_estimators": 45.074545777263616}, "datetime": {"datetime": "2021-09-27 21:40:02", "elapsed": 112.571409, "delta": 1.316765}}
{"target": -17.18224231121792, "params": {"eta": 0.2955554161817536, "max_depth": 10.495026817565055, "n_estimators": 84.88424468083255}, "datetime": {"datetime": "2021-09-27 21:40:03", "elapsed": 114.210418, "delta": 1.639009}}
{"target": -16.955550039788108, "params": {"eta": 0.03, "max_depth": 11.4315024620169, "n_estimators": 79.72234160795595}, "datetime": {"datetime": "2021-09-27 21:40:05", "elapsed": 115.701054, "delta": 1.490636}}
{"target": -52.312930168637074, "params": {"eta": 0.03477235394664783, "max_depth": 12.631631739845087, "n_estimators": 18.49597988697352}, "datetime": {"datetime": "2021-09-27 21:40:06", "elapsed": 116.682515, "delta": 0.981461}}
{"target": -17.062799633881223, "params": {"eta": 0.16957923586718923, "max_depth": 26.287106517079025, "n_estimators": 93.67864783490265}, "datetime": {"datetime": "2021-09-27 21:40:08", "elapsed": 118.673119, "delta": 1.990604}}
{"target": -16.90289052125511, "params": {"eta": 0.1332949744571212, "max_depth": 6.775914897650294, "n_estimators": 70.4597090885541}, "datetime": {"datetime": "2021-09-27 21:40:09", "elapsed": 119.883794, "delta": 1.210675}}
{"target": -17.185719557984108, "params": {"eta": 0.1868347701219488, "max_depth": 14.541071167691426, "n_estimators": 43.8060547573765}, "datetime": {"datetime": "2021-09-27 21:40:10", "elapsed": 121.008998, "delta": 1.125204}}
{"target": -15.32347228667822, "params": {"eta": 0.3294656804318685, "max_depth": 19.696705990615097, "n_estimators": 12.354577315557448}, "datetime": {"datetime": "2021-09-27 21:40:11", "elapsed": 121.963692, "delta": 0.954694}}
{"target": -16.37602631554165, "params": {"eta": 0.4, "max_depth": 19.158952146803387, "n_estimators": 19.797410282175818}, "datetime": {"datetime": "2021-09-27 21:40:12", "elapsed": 123.235783, "delta": 1.272091}}
{"target": -17.816731487119547, "params": {"eta": 0.3068448138746259, "max_depth": 14.423325616532662, "n_estimators": 82.9295002135418}, "datetime": {"datetime": "2021-09-27 21:40:14", "elapsed": 125.17588, "delta": 1.940097}}
{"target": -15.781174545890009, "params": {"eta": 0.1171426948409491, "max_depth": 15.667922116129471, "n_estimators": 37.74551788070422}, "datetime": {"datetime": "2021-09-27 21:40:15", "elapsed": 126.426108, "delta": 1.250228}}
{"target": -16.10733962126209, "params": {"eta": 0.0886702632878022, "max_depth": 17.344851369759997, "n_estimators": 40.6637307241794}, "datetime": {"datetime": "2021-09-27 21:40:17", "elapsed": 127.793104, "delta": 1.366996}}
{"target": -17.303771938011945, "params": {"eta": 0.03, "max_depth": 5.976797433586876, "n_estimators": 78.34753573503603}, "datetime": {"datetime": "2021-09-27 21:40:18", "elapsed": 129.040118, "delta": 1.247014}}
{"target": -15.810297088295993, "params": {"eta": 0.04595198958642585, "max_depth": 12.682320747207669, "n_estimators": 69.21563961746084}, "datetime": {"datetime": "2021-09-27 21:40:19", "elapsed": 130.498226, "delta": 1.458108}}
{"target": -15.443199554683495, "params": {"eta": 0.059309409955476435, "max_depth": 15.833382928029463, "n_estimators": 67.43369000553696}, "datetime": {"datetime": "2021-09-27 21:40:21", "elapsed": 131.892224, "delta": 1.393998}}
{"target": -17.778471856057855, "params": {"eta": 0.18388121944716507, "max_depth": 18.98750201680059, "n_estimators": 99.93579164742737}, "datetime": {"datetime": "2021-09-27 21:40:23", "elapsed": 133.956662, "delta": 2.064438}}
{"target": -16.332870863088626, "params": {"eta": 0.11194665287935887, "max_depth": 6.3640014124855915, "n_estimators": 65.72659363780195}, "datetime": {"datetime": "2021-09-27 21:40:24", "elapsed": 134.931349, "delta": 0.974687}}
{"target": -16.84342253318609, "params": {"eta": 0.2654889000039785, "max_depth": 21.39249958721709, "n_estimators": 56.65632134636404}, "datetime": {"datetime": "2021-09-27 21:40:26", "elapsed": 136.541344, "delta": 1.609995}}
{"target": -16.66187656646557, "params": {"eta": 0.4, "max_depth": 13.485827341899885, "n_estimators": 90.79690667784196}, "datetime": {"datetime": "2021-09-27 21:40:27", "elapsed": 137.782348, "delta": 1.241004}}
{"target": -16.348559340823304, "params": {"eta": 0.07560330014471736, "max_depth": 15.38007982221944, "n_estimators": 94.69156065657648}, "datetime": {"datetime": "2021-09-27 21:40:28", "elapsed": 139.494699, "delta": 1.712351}}
{"target": -16.706743397077332, "params": {"eta": 0.22228109355831283, "max_depth": 22.36529212228937, "n_estimators": 71.51304372141927}, "datetime": {"datetime": "2021-09-27 21:40:30", "elapsed": 140.962964, "delta": 1.468265}}
{"target": -16.77407871411071, "params": {"eta": 0.17746590014408878, "max_depth": 26.276197567681752, "n_estimators": 72.89866385132963}, "datetime": {"datetime": "2021-09-27 21:40:32", "elapsed": 143.07902, "delta": 2.116056}}
{"target": -16.411110062918166, "params": {"eta": 0.033883185334278434, "max_depth": 29.97183431830999, "n_estimators": 83.12543390831205}, "datetime": {"datetime": "2021-09-27 21:40:33", "elapsed": 144.317218, "delta": 1.238198}}
{"target": -17.12544580022231, "params": {"eta": 0.11256116740125878, "max_depth": 5.583721629848905, "n_estimators": 61.33271864678119}, "datetime": {"datetime": "2021-09-27 21:40:35", "elapsed": 145.722905, "delta": 1.405687}}
{"target": -16.656562834826026, "params": {"eta": 0.1115610776713285, "max_depth": 8.260143162817267, "n_estimators": 58.106218832721844}, "datetime": {"datetime": "2021-09-27 21:40:36", "elapsed": 147.147483, "delta": 1.424578}}
{"target": -16.481250836964463, "params": {"eta": 0.4, "max_depth": 21.181392274412644, "n_estimators": 41.852891433200256}, "datetime": {"datetime": "2021-09-27 21:40:37", "elapsed": 148.237664, "delta": 1.090181}}
{"target": -24.232259379343997, "params": {"eta": 0.4, "max_depth": 1.233595479398873, "n_estimators": 12.141978716983047}, "datetime": {"datetime": "2021-09-27 21:40:38", "elapsed": 149.14267, "delta": 0.905006}}
{"target": -16.093999382491685, "params": {"eta": 0.33153300368221084, "max_depth": 19.683483889176514, "n_estimators": 53.10737588034837}, "datetime": {"datetime": "2021-09-27 21:40:40", "elapsed": 150.680658, "delta": 1.537988}}
{"target": -16.719004182806614, "params": {"eta": 0.15547467060740872, "max_depth": 9.521222626422867, "n_estimators": 48.05553694689523}, "datetime": {"datetime": "2021-09-27 21:40:41", "elapsed": 152.048654, "delta": 1.367996}}
{"target": -28.26782761080623, "params": {"eta": 0.03, "max_depth": 1.0, "n_estimators": 57.846800288561155}, "datetime": {"datetime": "2021-09-27 21:40:42", "elapsed": 153.032804, "delta": 0.98415}}
{"target": -46.42831025615529, "params": {"eta": 0.04397006169849861, "max_depth": 22.07342918345251, "n_estimators": 17.071861922670163}, "datetime": {"datetime": "2021-09-27 21:40:43", "elapsed": 154.34777, "delta": 1.314966}}
{"target": -16.922778637859576, "params": {"eta": 0.3546863821380115, "max_depth": 14.582826893411008, "n_estimators": 75.537072503551}, "datetime": {"datetime": "2021-09-27 21:40:45", "elapsed": 155.886476, "delta": 1.538706}}
{"target": -16.02897442504875, "params": {"eta": 0.4, "max_depth": 30.0, "n_estimators": 9.561648683163208}, "datetime": {"datetime": "2021-09-27 21:40:46", "elapsed": 157.008895, "delta": 1.122419}}
{"target": -36.61010562307682, "params": {"eta": 0.03, "max_depth": 30.0, "n_estimators": 34.38757601026905}, "datetime": {"datetime": "2021-09-27 21:40:47", "elapsed": 157.963896, "delta": 0.955001}}
{"target": -15.82519440491481, "params": {"eta": 0.06172340490297051, "max_depth": 8.520351723255747, "n_estimators": 54.583506521967216}, "datetime": {"datetime": "2021-09-27 21:40:48", "elapsed": 159.184885, "delta": 1.220989}}
{"target": -17.619499090902522, "params": {"eta": 0.1361822807214874, "max_depth": 5.41827505729942, "n_estimators": 35.354540570041486}, "datetime": {"datetime": "2021-09-27 21:40:49", "elapsed": 160.331332, "delta": 1.146447}}
{"target": -17.52064545377407, "params": {"eta": 0.03529495260368387, "max_depth": 21.545120573032346, "n_estimators": 64.33501819131934}, "datetime": {"datetime": "2021-09-27 21:40:51", "elapsed": 161.588331, "delta": 1.256999}}
{"target": -17.57300584668153, "params": {"eta": 0.18165510177613314, "max_depth": 18.035796989179325, "n_estimators": 47.55213601611926}, "datetime": {"datetime": "2021-09-27 21:40:52", "elapsed": 162.819981, "delta": 1.23165}}
{"target": -22.160498207082725, "params": {"eta": 0.4, "max_depth": 1.0, "n_estimators": 79.5464562588521}, "datetime": {"datetime": "2021-09-27 21:40:53", "elapsed": 164.324758, "delta": 1.504777}}
{"target": -16.46705904048803, "params": {"eta": 0.4, "max_depth": 30.0, "n_estimators": 25.92110994874781}, "datetime": {"datetime": "2021-09-27 21:40:54", "elapsed": 165.470764, "delta": 1.146006}}
{"target": -15.682653671525177, "params": {"eta": 0.03, "max_depth": 12.432241088515724, "n_estimators": 97.8037880853813}, "datetime": {"datetime": "2021-09-27 21:40:56", "elapsed": 167.198973, "delta": 1.728209}}
{"target": -17.234924534278512, "params": {"eta": 0.3913011498589901, "max_depth": 6.417919220869831, "n_estimators": 41.98054165587178}, "datetime": {"datetime": "2021-09-27 21:40:57", "elapsed": 168.441217, "delta": 1.242244}}
{"target": -17.721489233688686, "params": {"eta": 0.27518403576295025, "max_depth": 3.8565114564771794, "n_estimators": 53.057310645454145}, "datetime": {"datetime": "2021-09-27 21:40:58", "elapsed": 169.296224, "delta": 0.855007}}
{"target": -16.626959340814054, "params": {"eta": 0.24381860503685868, "max_depth": 29.95824265540296, "n_estimators": 97.04244449372541}, "datetime": {"datetime": "2021-09-27 21:41:00", "elapsed": 170.884641, "delta": 1.588417}}
{"target": -16.485968897105355, "params": {"eta": 0.4, "max_depth": 27.224422215706017, "n_estimators": 53.78215968523132}, "datetime": {"datetime": "2021-09-27 21:41:01", "elapsed": 171.999639, "delta": 1.114998}}
{"target": -23.0122137410851, "params": {"eta": 0.36056534554274855, "max_depth": 1.0483419316578635, "n_estimators": 69.87218956081266}, "datetime": {"datetime": "2021-09-27 21:41:02", "elapsed": 173.248893, "delta": 1.249254}}
{"target": -17.343993624450267, "params": {"eta": 0.2875286447141754, "max_depth": 18.805112696070147, "n_estimators": 71.56970023900797}, "datetime": {"datetime": "2021-09-27 21:41:04", "elapsed": 174.642668, "delta": 1.393775}}
{"target": -21.30109564199205, "params": {"eta": 0.3517964048439671, "max_depth": 2.037221958508894, "n_estimators": 44.9480299919594}, "datetime": {"datetime": "2021-09-27 21:41:05", "elapsed": 175.815666, "delta": 1.172998}}
{"target": -16.92854878900097, "params": {"eta": 0.23788189752037062, "max_depth": 20.50088771021092, "n_estimators": 87.10262322864095}, "datetime": {"datetime": "2021-09-27 21:41:06", "elapsed": 177.46897, "delta": 1.653304}}
{"target": -16.320496389988186, "params": {"eta": 0.08812196055541402, "max_depth": 23.861913817608908, "n_estimators": 78.84778483096333}, "datetime": {"datetime": "2021-09-27 21:41:08", "elapsed": 178.989101, "delta": 1.520131}}
{"target": -16.444181328776143, "params": {"eta": 0.4, "max_depth": 14.403039760346463, "n_estimators": 27.93567982817537}, "datetime": {"datetime": "2021-09-27 21:41:09", "elapsed": 180.178223, "delta": 1.189122}}
{"target": -20.114943831429922, "params": {"eta": 0.2835091264487437, "max_depth": 29.92073370085072, "n_estimators": 6.658117291586203}, "datetime": {"datetime": "2021-09-27 21:41:10", "elapsed": 181.178163, "delta": 0.99994}}
{"target": -30.74831298526897, "params": {"eta": 0.03, "max_depth": 24.516968891517664, "n_estimators": 41.64371240990977}, "datetime": {"datetime": "2021-09-27 21:41:11", "elapsed": 182.22135, "delta": 1.043187}}
{"target": -18.019187435715033, "params": {"eta": 0.2809609552124934, "max_depth": 29.978830515362965, "n_estimators": 44.06181286686532}, "datetime": {"datetime": "2021-09-27 21:41:12", "elapsed": 183.406792, "delta": 1.185442}}
{"target": -16.460111946055967, "params": {"eta": 0.14157687387817305, "max_depth": 10.958341962086694, "n_estimators": 51.967117470628345}, "datetime": {"datetime": "2021-09-27 21:41:13", "elapsed": 184.494162, "delta": 1.08737}}
{"target": -16.020012620490455, "params": {"eta": 0.10637064274149605, "max_depth": 14.899144928602317, "n_estimators": 55.22317146467984}, "datetime": {"datetime": "2021-09-27 21:41:15", "elapsed": 185.837162, "delta": 1.343}}
{"target": -16.98209449713486, "params": {"eta": 0.2925338162069443, "max_depth": 18.827059725305105, "n_estimators": 36.69573259868261}, "datetime": {"datetime": "2021-09-27 21:41:16", "elapsed": 187.058881, "delta": 1.221719}}
{"target": -24.639914825923352, "params": {"eta": 0.03258665152524445, "max_depth": 13.45954354877925, "n_estimators": 47.393614775252324}, "datetime": {"datetime": "2021-09-27 21:41:18", "elapsed": 189.08788, "delta": 2.028999}}
{"target": -16.478692115792477, "params": {"eta": 0.4, "max_depth": 30.0, "n_estimators": 29.165392401517607}, "datetime": {"datetime": "2021-09-27 21:41:19", "elapsed": 190.287033, "delta": 1.199153}}
{"target": -18.413075540969572, "params": {"eta": 0.34810010294028604, "max_depth": 9.894443562966543, "n_estimators": 64.85003980362147}, "datetime": {"datetime": "2021-09-27 21:41:21", "elapsed": 191.54403, "delta": 1.256997}}
{"target": -15.758659813492883, "params": {"eta": 0.19791437425026837, "max_depth": 16.65898424517733, "n_estimators": 87.38704412965265}, "datetime": {"datetime": "2021-09-27 21:41:22", "elapsed": 193.022296, "delta": 1.478266}}
{"target": -16.365309719162525, "params": {"eta": 0.15508881455284382, "max_depth": 19.815591394587308, "n_estimators": 32.221773685863795}, "datetime": {"datetime": "2021-09-27 21:41:23", "elapsed": 194.081296, "delta": 1.059}}
{"target": -16.552452904781397, "params": {"eta": 0.1902296849759718, "max_depth": 26.877706587525367, "n_estimators": 76.81570789924197}, "datetime": {"datetime": "2021-09-27 21:41:25", "elapsed": 195.732244, "delta": 1.650948}}
