{"target": -17.499761539370073, "params": {"eta": 0.1464709657448479, "max_depth": 33.15738301502043, "n_estimators": 16.130355460211582}, "datetime": {"datetime": "2021-09-28 08:23:56", "elapsed": 110.657308, "delta": 1.029379}}
{"target": -19.712007812946602, "params": {"eta": 0.5639950604545785, "max_depth": 26.765509775483313, "n_estimators": 12.37363534613366}, "datetime": {"datetime": "2021-09-28 08:23:57", "elapsed": 111.227307, "delta": 0.569999}}
{"target": -17.41696860754443, "params": {"eta": 0.2793337324704064, "max_depth": 33.210330987143294, "n_estimators": 12.987163660337817}, "datetime": {"datetime": "2021-09-28 08:23:57", "elapsed": 111.738426, "delta": 0.511119}}
{"target": -19.512703607674233, "params": {"eta": 0.5232938405095111, "max_depth": 33.24245078935004, "n_estimators": 15.905374658767345}, "datetime": {"datetime": "2021-09-28 08:23:58", "elapsed": 112.797425, "delta": 1.058999}}
{"target": -18.571436749159002, "params": {"eta": 0.3300637125523545, "max_depth": 33.62611587476145, "n_estimators": 16.286822352391347}, "datetime": {"datetime": "2021-09-28 08:23:59", "elapsed": 113.799707, "delta": 1.002282}}
{"target": -17.671272623734605, "params": {"eta": 0.4133243222867422, "max_depth": 33.24091416234696, "n_estimators": 16.605508872525714}, "datetime": {"datetime": "2021-09-28 08:24:01", "elapsed": 115.133172, "delta": 1.333465}}
{"target": -85.74551967568385, "params": {"eta": 0.008, "max_depth": 33.39791340286006, "n_estimators": 16.559711252922202}, "datetime": {"datetime": "2021-09-28 08:24:01", "elapsed": 116.04448, "delta": 0.911308}}
{"target": -21.87254157096304, "params": {"eta": 0.559371130987364, "max_depth": 33.23330500443407, "n_estimators": 16.335076995766435}, "datetime": {"datetime": "2021-09-28 08:24:02", "elapsed": 116.996485, "delta": 0.952005}}
{"target": -20.47453450387807, "params": {"eta": 0.527991707914024, "max_depth": 33.03201301824348, "n_estimators": 16.891550240796697}, "datetime": {"datetime": "2021-09-28 08:24:03", "elapsed": 117.875658, "delta": 0.879173}}
{"target": -22.72979278905497, "params": {"eta": 0.576857061429843, "max_depth": 33.91473281725505, "n_estimators": 16.160474249757982}, "datetime": {"datetime": "2021-09-28 08:24:04", "elapsed": 118.949566, "delta": 1.073908}}
{"target": -17.42408296244162, "params": {"eta": 0.23033128664514643, "max_depth": 32.77591224417562, "n_estimators": 15.991068014985677}, "datetime": {"datetime": "2021-09-28 08:24:05", "elapsed": 119.951735, "delta": 1.002169}}
{"target": -20.56264929129172, "params": {"eta": 0.4966114099054528, "max_depth": 32.75221268766998, "n_estimators": 16.39831296435148}, "datetime": {"datetime": "2021-09-28 08:24:07", "elapsed": 121.116736, "delta": 1.165001}}
{"target": -21.385205968296976, "params": {"eta": 0.5573009817827671, "max_depth": 32.82576885512752, "n_estimators": 15.514476974755315}, "datetime": {"datetime": "2021-09-28 08:24:08", "elapsed": 122.156891, "delta": 1.040155}}
{"target": -22.567734565731286, "params": {"eta": 0.5792073885781287, "max_depth": 30.444136102667805, "n_estimators": 15.722609826234642}, "datetime": {"datetime": "2021-09-28 08:24:09", "elapsed": 123.324365, "delta": 1.167474}}
{"target": -17.114563687067395, "params": {"eta": 0.42167644163717366, "max_depth": 28.06986501141106, "n_estimators": 11.306876763024755}, "datetime": {"datetime": "2021-09-28 08:24:09", "elapsed": 123.936366, "delta": 0.612001}}
{"target": -18.117889498776673, "params": {"eta": 0.30352185493743733, "max_depth": 27.177534195988983, "n_estimators": 12.536380464862853}, "datetime": {"datetime": "2021-09-28 08:24:10", "elapsed": 124.582528, "delta": 0.646162}}
{"target": -20.172434278015245, "params": {"eta": 0.5344439212763243, "max_depth": 27.169356246995847, "n_estimators": 12.085407828086874}, "datetime": {"datetime": "2021-09-28 08:24:11", "elapsed": 125.847401, "delta": 1.264873}}
{"target": -17.177273584234104, "params": {"eta": 0.15992788607230693, "max_depth": 31.91938606576008, "n_estimators": 17.355671237689737}, "datetime": {"datetime": "2021-09-28 08:24:12", "elapsed": 126.460399, "delta": 0.612998}}
{"target": -19.663069739436732, "params": {"eta": 0.39410135665425605, "max_depth": 31.62052567941287, "n_estimators": 17.103392934541716}, "datetime": {"datetime": "2021-09-28 08:24:13", "elapsed": 127.470584, "delta": 1.010185}}
{"target": -20.65286916955272, "params": {"eta": 0.11382067733755258, "max_depth": 31.91485065495644, "n_estimators": 16.910595608106565}, "datetime": {"datetime": "2021-09-28 08:24:14", "elapsed": 128.603456, "delta": 1.132872}}
{"target": -18.58368267628447, "params": {"eta": 0.35887397623201284, "max_depth": 33.2691629697276, "n_estimators": 13.333492804579093}, "datetime": {"datetime": "2021-09-28 08:24:15", "elapsed": 129.226132, "delta": 0.622676}}
{"target": -19.520065815799025, "params": {"eta": 0.5232886060087716, "max_depth": 32.050543458803695, "n_estimators": 17.170217113001357}, "datetime": {"datetime": "2021-09-28 08:24:16", "elapsed": 130.377226, "delta": 1.151094}}
{"target": -19.979225248061418, "params": {"eta": 0.5551635929289308, "max_depth": 33.56134631724536, "n_estimators": 13.012341236739095}, "datetime": {"datetime": "2021-09-28 08:24:17", "elapsed": 131.707193, "delta": 1.329967}}
{"target": -19.482804675711886, "params": {"eta": 0.4863158004986761, "max_depth": 27.79220084426263, "n_estimators": 11.66232179527108}, "datetime": {"datetime": "2021-09-28 08:24:18", "elapsed": 132.954062, "delta": 1.246869}}
{"target": -18.567889699687388, "params": {"eta": 0.29612884374798554, "max_depth": 33.33446777914998, "n_estimators": 19.77699727274853}, "datetime": {"datetime": "2021-09-28 08:24:19", "elapsed": 133.555177, "delta": 0.601115}}
{"target": -19.17665773700028, "params": {"eta": 0.5103367597343936, "max_depth": 26.476327429169128, "n_estimators": 14.750865924725518}, "datetime": {"datetime": "2021-09-28 08:24:20", "elapsed": 134.27384, "delta": 0.718663}}
{"target": -65.7998730353623, "params": {"eta": 0.03548362197528983, "max_depth": 28.075671489116147, "n_estimators": 11.567738428827447}, "datetime": {"datetime": "2021-09-28 08:24:21", "elapsed": 135.597077, "delta": 1.323237}}
{"target": -21.809051591470038, "params": {"eta": 0.6, "max_depth": 27.757337299292782, "n_estimators": 11.202525515711189}, "datetime": {"datetime": "2021-09-28 08:24:22", "elapsed": 137.010072, "delta": 1.412995}}
{"target": -19.508105745438, "params": {"eta": 0.5178795502419675, "max_depth": 28.277926227266875, "n_estimators": 10.985184052802882}, "datetime": {"datetime": "2021-09-28 08:24:24", "elapsed": 138.267521, "delta": 1.257449}}
{"target": -24.559385260603577, "params": {"eta": 0.12450357153383076, "max_depth": 26.892264889298357, "n_estimators": 12.258198222780573}, "datetime": {"datetime": "2021-09-28 08:24:25", "elapsed": 139.534398, "delta": 1.266877}}
{"target": -19.84237030741799, "params": {"eta": 0.14275125696298027, "max_depth": 33.58526489461347, "n_estimators": 13.129021707167993}, "datetime": {"datetime": "2021-09-28 08:24:26", "elapsed": 140.774396, "delta": 1.239998}}
{"target": -19.001717944913995, "params": {"eta": 0.36867817380959517, "max_depth": 26.934834591100795, "n_estimators": 14.648290679407504}, "datetime": {"datetime": "2021-09-28 08:24:27", "elapsed": 141.988163, "delta": 1.213767}}
{"target": -19.94117574771452, "params": {"eta": 0.498573554223901, "max_depth": 26.608331386171837, "n_estimators": 15.246224272803797}, "datetime": {"datetime": "2021-09-28 08:24:29", "elapsed": 143.147153, "delta": 1.15899}}
{"target": -31.389225470640124, "params": {"eta": 0.0843509083593421, "max_depth": 26.635463640823726, "n_estimators": 14.934130390195937}, "datetime": {"datetime": "2021-09-28 08:24:30", "elapsed": 144.387533, "delta": 1.24038}}
{"target": -19.705885211057193, "params": {"eta": 0.5465375042676197, "max_depth": 31.781022131970964, "n_estimators": 17.51600415224213}, "datetime": {"datetime": "2021-09-28 08:24:31", "elapsed": 145.440022, "delta": 1.052489}}
{"target": -17.890187198538694, "params": {"eta": 0.37875224370600596, "max_depth": 27.334174655612426, "n_estimators": 14.261449413793706}, "datetime": {"datetime": "2021-09-28 08:24:32", "elapsed": 146.563147, "delta": 1.123125}}
{"target": -82.82110860286555, "params": {"eta": 0.016219831087304515, "max_depth": 32.459576400906506, "n_estimators": 10.868614630584002}, "datetime": {"datetime": "2021-09-28 08:24:33", "elapsed": 147.305142, "delta": 0.741995}}
{"target": -17.046605497819943, "params": {"eta": 0.4375134567441231, "max_depth": 32.762398285082654, "n_estimators": 10.694606019127992}, "datetime": {"datetime": "2021-09-28 08:24:34", "elapsed": 149.04885, "delta": 1.743708}}
{"target": -60.84981403733234, "params": {"eta": 0.03135673529255523, "max_depth": 33.17512666866804, "n_estimators": 15.820683621629101}, "datetime": {"datetime": "2021-09-28 08:24:35", "elapsed": 149.946643, "delta": 0.897793}}
{"target": -17.901941873807896, "params": {"eta": 0.20867426842959164, "max_depth": 28.15753727925302, "n_estimators": 13.631379966476956}, "datetime": {"datetime": "2021-09-28 08:24:36", "elapsed": 150.538642, "delta": 0.591999}}
{"target": -18.10000828339842, "params": {"eta": 0.20900488772038595, "max_depth": 33.044526361106946, "n_estimators": 15.267877668022745}, "datetime": {"datetime": "2021-09-28 08:24:37", "elapsed": 151.910997, "delta": 1.372355}}
{"target": -17.26508596367846, "params": {"eta": 0.3597289996480662, "max_depth": 32.98343553879408, "n_estimators": 16.18828197839132}, "datetime": {"datetime": "2021-09-28 08:24:39", "elapsed": 153.115002, "delta": 1.204005}}
{"target": -18.486516092178356, "params": {"eta": 0.39195991780722483, "max_depth": 33.1361180137163, "n_estimators": 17.745221125743313}, "datetime": {"datetime": "2021-09-28 08:24:40", "elapsed": 154.664412, "delta": 1.54941}}
{"target": -19.593982864294052, "params": {"eta": 0.4518970068284351, "max_depth": 33.619942899063936, "n_estimators": 15.954796448336552}, "datetime": {"datetime": "2021-09-28 08:24:41", "elapsed": 155.877077, "delta": 1.212665}}
{"target": -19.34866081185281, "params": {"eta": 0.2023508347004845, "max_depth": 29.18051512543736, "n_estimators": 10.711429802107439}, "datetime": {"datetime": "2021-09-28 08:24:42", "elapsed": 156.538077, "delta": 0.661}}
{"target": -33.78551396616342, "params": {"eta": 0.08388541068246466, "max_depth": 25.359858935725025, "n_estimators": 13.314433907238946}, "datetime": {"datetime": "2021-09-28 08:24:43", "elapsed": 157.162073, "delta": 0.623996}}
{"target": -18.186556609907033, "params": {"eta": 0.1796844067759408, "max_depth": 33.86064550005323, "n_estimators": 15.9975381428294}, "datetime": {"datetime": "2021-09-28 08:24:44", "elapsed": 158.194333, "delta": 1.03226}}
{"target": -21.83005468234071, "params": {"eta": 0.6, "max_depth": 29.77715785795652, "n_estimators": 13.659236263206195}, "datetime": {"datetime": "2021-09-28 08:24:45", "elapsed": 159.651868, "delta": 1.457535}}
{"target": -25.607559096110542, "params": {"eta": 0.09169450362433476, "max_depth": 30.587555927590238, "n_estimators": 16.319205031878845}, "datetime": {"datetime": "2021-09-28 08:24:46", "elapsed": 161.035863, "delta": 1.383995}}
{"target": -22.481161182361618, "params": {"eta": 0.5800441657732158, "max_depth": 30.605465966729877, "n_estimators": 12.304462278116521}, "datetime": {"datetime": "2021-09-28 08:24:47", "elapsed": 161.727693, "delta": 0.69183}}
{"target": -85.06941116151052, "params": {"eta": 0.008, "max_depth": 33.119043198899384, "n_estimators": 17.609864151051692}, "datetime": {"datetime": "2021-09-28 08:24:48", "elapsed": 162.778691, "delta": 1.050998}}
{"target": -18.59036565389819, "params": {"eta": 0.289699534668184, "max_depth": 32.912425546786665, "n_estimators": 17.988344300070754}, "datetime": {"datetime": "2021-09-28 08:24:50", "elapsed": 164.148495, "delta": 1.369804}}
{"target": -19.16037386871007, "params": {"eta": 0.4435385685453057, "max_depth": 32.76399643886191, "n_estimators": 17.7672690416386}, "datetime": {"datetime": "2021-09-28 08:24:51", "elapsed": 165.693738, "delta": 1.545243}}
{"target": -17.126676083622485, "params": {"eta": 0.42273240806505685, "max_depth": 33.291733417457074, "n_estimators": 18.069491104583037}, "datetime": {"datetime": "2021-09-28 08:24:53", "elapsed": 167.153742, "delta": 1.460004}}
{"target": -19.613480142631147, "params": {"eta": 0.5211721335073154, "max_depth": 33.209699819752174, "n_estimators": 17.227631569222027}, "datetime": {"datetime": "2021-09-28 08:24:54", "elapsed": 168.470492, "delta": 1.31675}}
{"target": -17.904029609825812, "params": {"eta": 0.4035605108373562, "max_depth": 30.035236031228237, "n_estimators": 16.50550953517877}, "datetime": {"datetime": "2021-09-28 08:24:56", "elapsed": 170.28391, "delta": 1.813418}}
{"target": -18.54886331009903, "params": {"eta": 0.1927970538063983, "max_depth": 33.03364001790573, "n_estimators": 11.521546278673906}, "datetime": {"datetime": "2021-09-28 08:24:56", "elapsed": 171.061915, "delta": 0.778005}}
{"target": -19.407502107280834, "params": {"eta": 0.5472081028220261, "max_depth": 33.116262233051636, "n_estimators": 11.671652121988059}, "datetime": {"datetime": "2021-09-28 08:24:58", "elapsed": 172.551574, "delta": 1.489659}}
{"target": -22.17326257963927, "params": {"eta": 0.14933534327562797, "max_depth": 33.24597878609481, "n_estimators": 11.792858601930085}, "datetime": {"datetime": "2021-09-28 08:24:59", "elapsed": 173.850931, "delta": 1.299357}}
{"target": -17.437881216464522, "params": {"eta": 0.4802259658553483, "max_depth": 33.13832515763157, "n_estimators": 15.470374969636715}, "datetime": {"datetime": "2021-09-28 08:25:01", "elapsed": 175.227559, "delta": 1.376628}}
{"target": -16.91916475746053, "params": {"eta": 0.1950573851169604, "max_depth": 33.8018539078338, "n_estimators": 15.609512618944727}, "datetime": {"datetime": "2021-09-28 08:25:02", "elapsed": 176.415186, "delta": 1.187627}}
{"target": -20.6877143379609, "params": {"eta": 0.5686978828431944, "max_depth": 29.299127995695542, "n_estimators": 16.66284543906616}, "datetime": {"datetime": "2021-09-28 08:25:03", "elapsed": 177.643723, "delta": 1.228537}}
{"target": -19.160481609663655, "params": {"eta": 0.30096520850694963, "max_depth": 33.431906914944605, "n_estimators": 17.386577577172417}, "datetime": {"datetime": "2021-09-28 08:25:04", "elapsed": 179.015725, "delta": 1.372002}}
{"target": -17.71953089010107, "params": {"eta": 0.38403904480449835, "max_depth": 33.417932234580626, "n_estimators": 17.820273078647276}, "datetime": {"datetime": "2021-09-28 08:25:06", "elapsed": 180.222868, "delta": 1.207143}}
{"target": -20.675873187878054, "params": {"eta": 0.5705434121568017, "max_depth": 33.59645916766391, "n_estimators": 15.097036063477622}, "datetime": {"datetime": "2021-09-28 08:25:07", "elapsed": 181.841218, "delta": 1.61835}}
{"target": -16.909215641249016, "params": {"eta": 0.15605466640293003, "max_depth": 27.34443242778601, "n_estimators": 18.153829630864767}, "datetime": {"datetime": "2021-09-28 08:25:08", "elapsed": 182.578222, "delta": 0.737004}}
{"target": -18.15544820394518, "params": {"eta": 0.3618679136330155, "max_depth": 27.084259757043032, "n_estimators": 18.220820421880646}, "datetime": {"datetime": "2021-09-28 08:25:10", "elapsed": 184.249071, "delta": 1.670849}}
{"target": -17.452605199297846, "params": {"eta": 0.3735681670638455, "max_depth": 27.429263087574007, "n_estimators": 18.31067693363076}, "datetime": {"datetime": "2021-09-28 08:25:11", "elapsed": 185.822218, "delta": 1.573147}}
{"target": -17.641726267517516, "params": {"eta": 0.17343486513723744, "max_depth": 27.252426549284113, "n_estimators": 18.449898911722194}, "datetime": {"datetime": "2021-09-28 08:25:13", "elapsed": 187.269212, "delta": 1.446994}}
{"target": -17.45508991499055, "params": {"eta": 0.1844667396851041, "max_depth": 33.86921827938674, "n_estimators": 16.01736770611744}, "datetime": {"datetime": "2021-09-28 08:25:13", "elapsed": 188.070573, "delta": 0.801361}}
{"target": -21.93821052625608, "params": {"eta": 0.1069369227566844, "max_depth": 29.995169059316325, "n_estimators": 16.14386351931862}, "datetime": {"datetime": "2021-09-28 08:25:15", "elapsed": 189.484571, "delta": 1.413998}}
{"target": -21.837776341753056, "params": {"eta": 0.6, "max_depth": 27.090423473095875, "n_estimators": 14.402233977298643}, "datetime": {"datetime": "2021-09-28 08:25:17", "elapsed": 191.338076, "delta": 1.853505}}
{"target": -20.790237045133946, "params": {"eta": 0.5694415241253636, "max_depth": 32.8197541605517, "n_estimators": 15.951052167128786}, "datetime": {"datetime": "2021-09-28 08:25:19", "elapsed": 193.865746, "delta": 2.52767}}
{"target": -18.24853212344394, "params": {"eta": 0.13975830754140103, "max_depth": 32.76982061144198, "n_estimators": 16.316849579719467}, "datetime": {"datetime": "2021-09-28 08:25:21", "elapsed": 195.968903, "delta": 2.103157}}
{"target": -35.14041310786237, "params": {"eta": 0.05863576850942495, "max_depth": 26.947796574083206, "n_estimators": 18.20435180348371}, "datetime": {"datetime": "2021-09-28 08:25:23", "elapsed": 198.019515, "delta": 2.050612}}
{"target": -22.457160703080074, "params": {"eta": 0.0879150243291241, "max_depth": 25.562757967549572, "n_estimators": 19.02930185271015}, "datetime": {"datetime": "2021-09-28 08:25:24", "elapsed": 199.036521, "delta": 1.017006}}
{"target": -48.799321503138934, "params": {"eta": 0.04949587085144919, "max_depth": 34.74846009747612, "n_estimators": 14.045868750063553}, "datetime": {"datetime": "2021-09-28 08:25:25", "elapsed": 199.960841, "delta": 0.92432}}
{"target": -17.85648985650262, "params": {"eta": 0.16189796786299956, "max_depth": 27.158654509183016, "n_estimators": 16.147673237153008}, "datetime": {"datetime": "2021-09-28 08:25:26", "elapsed": 200.930841, "delta": 0.97}}
{"target": -21.497854961053463, "params": {"eta": 0.5927156286139993, "max_depth": 27.221226297276235, "n_estimators": 18.467186859111763}, "datetime": {"datetime": "2021-09-28 08:25:28", "elapsed": 202.765979, "delta": 1.835138}}
{"target": -18.071920335113262, "params": {"eta": 0.25937711629501764, "max_depth": 26.958006546256033, "n_estimators": 14.32786952862179}, "datetime": {"datetime": "2021-09-28 08:25:30", "elapsed": 204.651176, "delta": 1.885197}}
{"target": -63.929922751555566, "params": {"eta": 0.038144158216289734, "max_depth": 28.020150998446404, "n_estimators": 11.00844994429107}, "datetime": {"datetime": "2021-09-28 08:25:31", "elapsed": 205.605176, "delta": 0.954}}
{"target": -19.591968918862037, "params": {"eta": 0.5029226536256806, "max_depth": 29.871329377079157, "n_estimators": 15.921062208906049}, "datetime": {"datetime": "2021-09-28 08:25:33", "elapsed": 207.55029, "delta": 1.945114}}
{"target": -20.28429132839908, "params": {"eta": 0.553419648657577, "max_depth": 32.54482678094273, "n_estimators": 11.090854690293286}, "datetime": {"datetime": "2021-09-28 08:25:35", "elapsed": 210.024988, "delta": 2.474698}}
{"target": -21.809051591470038, "params": {"eta": 0.6, "max_depth": 26.043557983322305, "n_estimators": 11.264436767422756}, "datetime": {"datetime": "2021-09-28 08:25:37", "elapsed": 211.833548, "delta": 1.80856}}
{"target": -21.63677387735257, "params": {"eta": 0.5915916642468512, "max_depth": 28.384477874158755, "n_estimators": 11.374581310543114}, "datetime": {"datetime": "2021-09-28 08:25:39", "elapsed": 213.658549, "delta": 1.825001}}
{"target": -19.88930341538575, "params": {"eta": 0.5379107239308547, "max_depth": 27.26837734927438, "n_estimators": 18.01915664337946}, "datetime": {"datetime": "2021-09-28 08:25:41", "elapsed": 215.640185, "delta": 1.981636}}
{"target": -17.349103873831993, "params": {"eta": 0.19388782212184044, "max_depth": 31.576573732271072, "n_estimators": 17.438001409301233}, "datetime": {"datetime": "2021-09-28 08:25:43", "elapsed": 217.848186, "delta": 2.208001}}
{"target": -18.691776617530913, "params": {"eta": 0.24149164853960628, "max_depth": 27.304849791921878, "n_estimators": 14.594846572694651}, "datetime": {"datetime": "2021-09-28 08:25:45", "elapsed": 219.617297, "delta": 1.769111}}
{"target": -18.519418710396682, "params": {"eta": 0.17688638191861406, "max_depth": 27.639102730920463, "n_estimators": 14.373077994703735}, "datetime": {"datetime": "2021-09-28 08:25:47", "elapsed": 221.450727, "delta": 1.83343}}
{"target": -21.417565475541142, "params": {"eta": 0.5581049726302182, "max_depth": 27.592123893922512, "n_estimators": 14.521150857131023}, "datetime": {"datetime": "2021-09-28 08:25:49", "elapsed": 223.134965, "delta": 1.684238}}
{"target": -18.363681228765135, "params": {"eta": 0.28857922667106795, "max_depth": 32.91871327637757, "n_estimators": 17.148308807373493}, "datetime": {"datetime": "2021-09-28 08:25:51", "elapsed": 225.928889, "delta": 2.793924}}
{"target": -18.070316967419423, "params": {"eta": 0.3190843002319298, "max_depth": 32.46496301229664, "n_estimators": 16.136739768114534}, "datetime": {"datetime": "2021-09-28 08:25:53", "elapsed": 227.453889, "delta": 1.525}}
{"target": -18.307025341028655, "params": {"eta": 0.12987982620153699, "max_depth": 31.22221104847533, "n_estimators": 18.03745580735866}, "datetime": {"datetime": "2021-09-28 08:25:54", "elapsed": 228.497428, "delta": 1.043539}}
{"target": -17.752973020591593, "params": {"eta": 0.20969871275500118, "max_depth": 27.90891034265186, "n_estimators": 13.981983843347946}, "datetime": {"datetime": "2021-09-28 08:25:56", "elapsed": 230.71266, "delta": 2.215232}}
{"target": -19.753297184408837, "params": {"eta": 0.497804885240208, "max_depth": 28.11755675796216, "n_estimators": 13.897780919962916}, "datetime": {"datetime": "2021-09-28 08:25:58", "elapsed": 232.576796, "delta": 1.864136}}
{"target": -18.60849100433858, "params": {"eta": 0.3247950981149362, "max_depth": 31.4633912249273, "n_estimators": 17.784626898605055}, "datetime": {"datetime": "2021-09-28 08:26:00", "elapsed": 234.250703, "delta": 1.673907}}
