{"target": -24.444288480908742, "params": {"eta": 0.3659312091032624, "max_depth": 1.0142482103005608, "n_estimators": 33.99633777005463}, "datetime": {"datetime": "2021-09-27 21:41:26", "elapsed": 196.781854, "delta": 1.04961}}
{"target": -16.6598490838764, "params": {"eta": 0.1726597127913122, "max_depth": 17.56852483968406, "n_estimators": 80.97050903005517}, "datetime": {"datetime": "2021-09-27 21:41:28", "elapsed": 198.565814, "delta": 1.78396}}
{"target": -17.75225907347742, "params": {"eta": 0.29628568042202497, "max_depth": 4.396489784982128, "n_estimators": 15.422447138315748}, "datetime": {"datetime": "2021-09-27 21:41:29", "elapsed": 200.074806, "delta": 1.508992}}
{"target": -15.60716517635638, "params": {"eta": 0.20405451787936457, "max_depth": 23.99718127855668, "n_estimators": 66.97279183562537}, "datetime": {"datetime": "2021-09-27 21:41:32", "elapsed": 202.99445, "delta": 2.919644}}
{"target": -18.729623165308787, "params": {"eta": 0.4, "max_depth": 4.912511486897536, "n_estimators": 48.85681896712625}, "datetime": {"datetime": "2021-09-27 21:41:33", "elapsed": 203.86445, "delta": 0.87}}
{"target": -16.748047564304187, "params": {"eta": 0.3662439200396834, "max_depth": 6.463756449847122, "n_estimators": 99.97429654201993}, "datetime": {"datetime": "2021-09-27 21:41:34", "elapsed": 205.016647, "delta": 1.152197}}
{"target": -31.63354910566912, "params": {"eta": 0.1400821690724499, "max_depth": 18.750637226430992, "n_estimators": 8.22540684182774}, "datetime": {"datetime": "2021-09-27 21:41:35", "elapsed": 205.960644, "delta": 0.943997}}
{"target": -16.363376286907506, "params": {"eta": 0.1388533364162044, "max_depth": 25.60256906180634, "n_estimators": 84.36433462778831}, "datetime": {"datetime": "2021-09-27 21:41:36", "elapsed": 207.453351, "delta": 1.492707}}
{"target": -16.927553179956956, "params": {"eta": 0.3248811493569044, "max_depth": 19.758234510952665, "n_estimators": 93.54120829499698}, "datetime": {"datetime": "2021-09-27 21:41:38", "elapsed": 208.878975, "delta": 1.425624}}
{"target": -16.267521067876967, "params": {"eta": 0.3634114549644972, "max_depth": 18.1380326082824, "n_estimators": 55.413058590843654}, "datetime": {"datetime": "2021-09-27 21:41:39", "elapsed": 210.425309, "delta": 1.546334}}
{"target": -15.966125560954266, "params": {"eta": 0.09269347200199254, "max_depth": 18.775352833844302, "n_estimators": 59.778076649304076}, "datetime": {"datetime": "2021-09-27 21:41:41", "elapsed": 211.784308, "delta": 1.358999}}
{"target": -15.449408963179048, "params": {"eta": 0.1001950881329543, "max_depth": 6.630784503008329, "n_estimators": 38.424533362511575}, "datetime": {"datetime": "2021-09-27 21:41:42", "elapsed": 212.805083, "delta": 1.020775}}
{"target": -16.582500544661606, "params": {"eta": 0.14752577203316575, "max_depth": 27.136022807404093, "n_estimators": 66.7334047211402}, "datetime": {"datetime": "2021-09-27 21:41:43", "elapsed": 214.287619, "delta": 1.482536}}
{"target": -16.455853216487967, "params": {"eta": 0.4, "max_depth": 27.675327535801124, "n_estimators": 23.17812452113502}, "datetime": {"datetime": "2021-09-27 21:41:44", "elapsed": 215.484147, "delta": 1.196528}}
{"target": -16.426972683867366, "params": {"eta": 0.17068399929478978, "max_depth": 26.326741022508756, "n_estimators": 51.07928385658619}, "datetime": {"datetime": "2021-09-27 21:41:46", "elapsed": 217.304747, "delta": 1.8206}}
{"target": -16.98758818900195, "params": {"eta": 0.3743027153144918, "max_depth": 9.997012042868189, "n_estimators": 71.08500001992154}, "datetime": {"datetime": "2021-09-27 21:41:48", "elapsed": 218.906244, "delta": 1.601497}}
{"target": -40.695924874000525, "params": {"eta": 0.03, "max_depth": 15.847127285236837, "n_estimators": 30.59643660080222}, "datetime": {"datetime": "2021-09-27 21:41:49", "elapsed": 220.174894, "delta": 1.26865}}
{"target": -18.296691797891274, "params": {"eta": 0.2575693708114056, "max_depth": 11.50240879756605, "n_estimators": 33.28509536626971}, "datetime": {"datetime": "2021-09-27 21:41:50", "elapsed": 221.350638, "delta": 1.175744}}
{"target": -17.11571692051811, "params": {"eta": 0.2873690821626276, "max_depth": 9.057929329154094, "n_estimators": 96.87786333983959}, "datetime": {"datetime": "2021-09-27 21:41:52", "elapsed": 222.836976, "delta": 1.486338}}
{"target": -16.8131241949487, "params": {"eta": 0.03, "max_depth": 30.0, "n_estimators": 80.30687733229092}, "datetime": {"datetime": "2021-09-27 21:41:53", "elapsed": 224.363971, "delta": 1.526995}}
{"target": -16.83733504566398, "params": {"eta": 0.15642972004303282, "max_depth": 28.16791123974969, "n_estimators": 59.60801000242036}, "datetime": {"datetime": "2021-09-27 21:41:55", "elapsed": 226.194306, "delta": 1.830335}}
{"target": -16.097016762131595, "params": {"eta": 0.12853938499915857, "max_depth": 21.70765066534076, "n_estimators": 91.11247153266925}, "datetime": {"datetime": "2021-09-27 21:41:57", "elapsed": 228.313091, "delta": 2.118785}}
{"target": -16.352942380625652, "params": {"eta": 0.03, "max_depth": 30.0, "n_estimators": 86.19935016148297}, "datetime": {"datetime": "2021-09-27 21:41:59", "elapsed": 229.867217, "delta": 1.554126}}
{"target": -15.782360300425434, "params": {"eta": 0.0961267964058731, "max_depth": 9.40240568249689, "n_estimators": 42.62943289575302}, "datetime": {"datetime": "2021-09-27 21:42:00", "elapsed": 231.265643, "delta": 1.398426}}
{"target": -16.4924654810753, "params": {"eta": 0.4, "max_depth": 12.56193109732209, "n_estimators": 25.010376175547226}, "datetime": {"datetime": "2021-09-27 21:42:02", "elapsed": 232.651788, "delta": 1.386145}}
{"target": -16.32954580246493, "params": {"eta": 0.4, "max_depth": 15.328717826642135, "n_estimators": 35.25731153626241}, "datetime": {"datetime": "2021-09-27 21:42:03", "elapsed": 234.03932, "delta": 1.387532}}
{"target": -59.429587133009896, "params": {"eta": 0.4, "max_depth": 22.614004889369035, "n_estimators": 1.0}, "datetime": {"datetime": "2021-09-27 21:42:04", "elapsed": 235.289581, "delta": 1.250261}}
{"target": -16.402842809826225, "params": {"eta": 0.4, "max_depth": 18.208857071534045, "n_estimators": 65.64168889096815}, "datetime": {"datetime": "2021-09-27 21:42:06", "elapsed": 236.663582, "delta": 1.374001}}
{"target": -17.716266120927475, "params": {"eta": 0.3917417125188092, "max_depth": 6.26135410795801, "n_estimators": 83.83357391157578}, "datetime": {"datetime": "2021-09-27 21:42:07", "elapsed": 238.165584, "delta": 1.502002}}
{"target": -44.13912250971897, "params": {"eta": 0.03, "max_depth": 27.46875742427706, "n_estimators": 27.55672688865631}, "datetime": {"datetime": "2021-09-27 21:42:08", "elapsed": 239.220861, "delta": 1.055277}}
{"target": -19.09143318842111, "params": {"eta": 0.09007262665663454, "max_depth": 29.73363029961885, "n_estimators": 22.86414359330153}, "datetime": {"datetime": "2021-09-27 21:42:09", "elapsed": 240.338517, "delta": 1.117656}}
{"target": -24.258988033555767, "params": {"eta": 0.07667616455544389, "max_depth": 1.026421828784815, "n_estimators": 90.40878026538708}, "datetime": {"datetime": "2021-09-27 21:42:11", "elapsed": 241.53933, "delta": 1.200813}}
{"target": -16.132332488482607, "params": {"eta": 0.05162576372784152, "max_depth": 6.68147208486871, "n_estimators": 89.29433273506137}, "datetime": {"datetime": "2021-09-27 21:42:12", "elapsed": 243.0621, "delta": 1.52277}}
{"target": -24.684156488774278, "params": {"eta": 0.057850135874182695, "max_depth": 17.675028707650288, "n_estimators": 26.015807725353124}, "datetime": {"datetime": "2021-09-27 21:42:13", "elapsed": 244.477945, "delta": 1.415845}}
{"target": -15.614210331654565, "params": {"eta": 0.046495184415631934, "max_depth": 29.65564260635103, "n_estimators": 69.37107356850585}, "datetime": {"datetime": "2021-09-27 21:42:15", "elapsed": 246.127321, "delta": 1.649376}}
{"target": -15.796355165598467, "params": {"eta": 0.0712048642398621, "max_depth": 15.862986492909881, "n_estimators": 97.30193681615391}, "datetime": {"datetime": "2021-09-27 21:42:17", "elapsed": 248.400477, "delta": 2.273156}}
{"target": -17.03120438850573, "params": {"eta": 0.35839105270619676, "max_depth": 15.365347478494009, "n_estimators": 6.94254546003401}, "datetime": {"datetime": "2021-09-27 21:42:19", "elapsed": 249.629753, "delta": 1.229276}}
{"target": -17.986465190841912, "params": {"eta": 0.36949756758212404, "max_depth": 7.4199496954165625, "n_estimators": 22.21046563832641}, "datetime": {"datetime": "2021-09-27 21:42:20", "elapsed": 251.094834, "delta": 1.465081}}
{"target": -30.069409642817718, "params": {"eta": 0.06852926871744727, "max_depth": 6.773465387750649, "n_estimators": 18.440179942501853}, "datetime": {"datetime": "2021-09-27 21:42:21", "elapsed": 252.165832, "delta": 1.070998}}
{"target": -16.242659994860194, "params": {"eta": 0.19441342800360636, "max_depth": 21.081245818661525, "n_estimators": 76.97188948966696}, "datetime": {"datetime": "2021-09-27 21:42:23", "elapsed": 254.145214, "delta": 1.979382}}
{"target": -20.390832387311523, "params": {"eta": 0.03, "max_depth": 3.3869064931526047, "n_estimators": 65.90800562738588}, "datetime": {"datetime": "2021-09-27 21:42:24", "elapsed": 255.499453, "delta": 1.354239}}
{"target": -16.426482536289594, "params": {"eta": 0.4, "max_depth": 17.7182068966994, "n_estimators": 78.07311483752076}, "datetime": {"datetime": "2021-09-27 21:42:26", "elapsed": 257.415197, "delta": 1.915744}}
{"target": -17.209181177981094, "params": {"eta": 0.24564514430287215, "max_depth": 4.912707177434377, "n_estimators": 31.64498705389634}, "datetime": {"datetime": "2021-09-27 21:42:28", "elapsed": 258.841337, "delta": 1.42614}}
{"target": -19.725515567383223, "params": {"eta": 0.4, "max_depth": 3.6481510004644395, "n_estimators": 26.44705839811931}, "datetime": {"datetime": "2021-09-27 21:42:29", "elapsed": 260.095955, "delta": 1.254618}}
{"target": -16.04845704350268, "params": {"eta": 0.12552974560970498, "max_depth": 24.973376239095728, "n_estimators": 55.96966835893492}, "datetime": {"datetime": "2021-09-27 21:42:31", "elapsed": 261.832218, "delta": 1.736263}}
{"target": -24.16577269907742, "params": {"eta": 0.13370551544044412, "max_depth": 1.015248114540559, "n_estimators": 53.533470251707115}, "datetime": {"datetime": "2021-09-27 21:42:32", "elapsed": 263.088201, "delta": 1.255983}}
{"target": -16.038466869066482, "params": {"eta": 0.20091607458777738, "max_depth": 16.81003867632441, "n_estimators": 17.28911255388316}, "datetime": {"datetime": "2021-09-27 21:42:34", "elapsed": 264.616065, "delta": 1.527864}}
{"target": -16.043092676521976, "params": {"eta": 0.03, "max_depth": 6.038300409010117, "n_estimators": 92.87026234389967}, "datetime": {"datetime": "2021-09-27 21:42:35", "elapsed": 266.161067, "delta": 1.545002}}
{"target": -16.597300203052665, "params": {"eta": 0.34805569578506346, "max_depth": 18.409663108859828, "n_estimators": 34.23749855972779}, "datetime": {"datetime": "2021-09-27 21:42:37", "elapsed": 268.154465, "delta": 1.993398}}
{"target": -17.84899561178354, "params": {"eta": 0.31455175952662795, "max_depth": 19.98709149785415, "n_estimators": 45.29726804687071}, "datetime": {"datetime": "2021-09-27 21:42:39", "elapsed": 270.365195, "delta": 2.21073}}
{"target": -16.855112989628818, "params": {"eta": 0.39350647870190036, "max_depth": 23.613345201897868, "n_estimators": 47.63450401148829}, "datetime": {"datetime": "2021-09-27 21:42:41", "elapsed": 272.259867, "delta": 1.894672}}
{"target": -17.01680807018323, "params": {"eta": 0.28532514959695265, "max_depth": 17.711508562940303, "n_estimators": 21.896089620243096}, "datetime": {"datetime": "2021-09-27 21:42:43", "elapsed": 273.898703, "delta": 1.638836}}
{"target": -30.74831298526897, "params": {"eta": 0.03, "max_depth": 30.0, "n_estimators": 41.14867259635676}, "datetime": {"datetime": "2021-09-27 21:42:45", "elapsed": 275.900864, "delta": 2.002161}}
{"target": -16.695245429148805, "params": {"eta": 0.39082727802920514, "max_depth": 27.93092008473871, "n_estimators": 45.3228520016355}, "datetime": {"datetime": "2021-09-27 21:42:47", "elapsed": 278.038072, "delta": 2.137208}}
{"target": -16.330405888652983, "params": {"eta": 0.3881502497204703, "max_depth": 22.689766112983065, "n_estimators": 21.91665889530756}, "datetime": {"datetime": "2021-09-27 21:42:49", "elapsed": 279.605828, "delta": 1.567756}}
{"target": -16.79679299481773, "params": {"eta": 0.031669510610318925, "max_depth": 12.391173313609029, "n_estimators": 76.9899761641615}, "datetime": {"datetime": "2021-09-27 21:42:50", "elapsed": 281.386064, "delta": 1.780236}}
{"target": -16.436992373650387, "params": {"eta": 0.4, "max_depth": 25.66440647525655, "n_estimators": 21.236215868250465}, "datetime": {"datetime": "2021-09-27 21:42:52", "elapsed": 283.075537, "delta": 1.689473}}
{"target": -24.824425422505787, "params": {"eta": 0.03, "max_depth": 1.0, "n_estimators": 100.0}, "datetime": {"datetime": "2021-09-27 21:42:54", "elapsed": 284.751214, "delta": 1.675677}}
{"target": -15.721347735728319, "params": {"eta": 0.03, "max_depth": 24.0168344687612, "n_estimators": 96.35138563352795}, "datetime": {"datetime": "2021-09-27 21:42:56", "elapsed": 286.733377, "delta": 1.982163}}
{"target": -16.11991057976416, "params": {"eta": 0.14678244777608856, "max_depth": 14.541014952603646, "n_estimators": 62.56957982369068}, "datetime": {"datetime": "2021-09-27 21:42:58", "elapsed": 288.752947, "delta": 2.01957}}
{"target": -17.823408098636662, "params": {"eta": 0.133847574852624, "max_depth": 3.6543750454188366, "n_estimators": 72.12496052970694}, "datetime": {"datetime": "2021-09-27 21:42:59", "elapsed": 290.434984, "delta": 1.682037}}
{"target": -16.34860855411088, "params": {"eta": 0.07490232969090886, "max_depth": 28.917465667644997, "n_estimators": 63.9703000521916}, "datetime": {"datetime": "2021-09-27 21:43:01", "elapsed": 292.06938, "delta": 1.634396}}
{"target": -25.38960880638837, "params": {"eta": 0.4, "max_depth": 1.0, "n_estimators": 8.302836025394067}, "datetime": {"datetime": "2021-09-27 21:43:03", "elapsed": 293.540616, "delta": 1.471236}}
{"target": -15.789420080761571, "params": {"eta": 0.3945780438125981, "max_depth": 20.867863178672494, "n_estimators": 73.86390645942978}, "datetime": {"datetime": "2021-09-27 21:43:04", "elapsed": 295.324842, "delta": 1.784226}}
{"target": -16.398017837567235, "params": {"eta": 0.3627852833553574, "max_depth": 24.103351347928633, "n_estimators": 86.49285298741786}, "datetime": {"datetime": "2021-09-27 21:43:06", "elapsed": 297.492493, "delta": 2.167651}}
{"target": -16.381191283279847, "params": {"eta": 0.39722012326781264, "max_depth": 18.34891936230937, "n_estimators": 50.74720753532018}, "datetime": {"datetime": "2021-09-27 21:43:08", "elapsed": 299.202233, "delta": 1.70974}}
{"target": -16.703149373120375, "params": {"eta": 0.12423578296791546, "max_depth": 4.138104075905197, "n_estimators": 87.29100955642598}, "datetime": {"datetime": "2021-09-27 21:43:10", "elapsed": 300.851831, "delta": 1.649598}}
{"target": -16.463687587952865, "params": {"eta": 0.4, "max_depth": 19.802418338016558, "n_estimators": 39.469810610937}, "datetime": {"datetime": "2021-09-27 21:43:12", "elapsed": 302.539793, "delta": 1.687962}}
{"target": -15.950848799865755, "params": {"eta": 0.08302221384002295, "max_depth": 29.33534254154041, "n_estimators": 74.82386478167986}, "datetime": {"datetime": "2021-09-27 21:43:14", "elapsed": 304.628636, "delta": 2.088843}}
{"target": -18.0264364094339, "params": {"eta": 0.30636535747431937, "max_depth": 24.598185611275547, "n_estimators": 61.22341901360777}, "datetime": {"datetime": "2021-09-27 21:43:16", "elapsed": 307.408606, "delta": 2.77997}}
{"target": -15.687301514660975, "params": {"eta": 0.07006523644721643, "max_depth": 21.127897195204564, "n_estimators": 96.52740141790477}, "datetime": {"datetime": "2021-09-27 21:43:19", "elapsed": 309.570607, "delta": 2.162001}}
{"target": -17.133960657403, "params": {"eta": 0.18211377722644986, "max_depth": 29.930012556665964, "n_estimators": 54.47820672650463}, "datetime": {"datetime": "2021-09-27 21:43:21", "elapsed": 311.630424, "delta": 2.059817}}
{"target": -17.32511087373903, "params": {"eta": 0.2799603241680142, "max_depth": 4.01805690386964, "n_estimators": 76.07417575000835}, "datetime": {"datetime": "2021-09-27 21:43:22", "elapsed": 313.113406, "delta": 1.482982}}
{"target": -16.42648291591384, "params": {"eta": 0.4, "max_depth": 17.495791679800504, "n_estimators": 69.18122347126322}, "datetime": {"datetime": "2021-09-27 21:43:24", "elapsed": 314.746537, "delta": 1.633131}}
{"target": -16.496408367474558, "params": {"eta": 0.4, "max_depth": 12.24944026844161, "n_estimators": 54.160986688664096}, "datetime": {"datetime": "2021-09-27 21:43:26", "elapsed": 316.814849, "delta": 2.068312}}
{"target": -16.44822644109671, "params": {"eta": 0.09260170174544438, "max_depth": 22.913635545149482, "n_estimators": 81.33462149633998}, "datetime": {"datetime": "2021-09-27 21:43:28", "elapsed": 319.040294, "delta": 2.225445}}
{"target": -16.046292691682485, "params": {"eta": 0.4, "max_depth": 19.54270790145596, "n_estimators": 10.632545644137462}, "datetime": {"datetime": "2021-09-27 21:43:30", "elapsed": 320.744425, "delta": 1.704131}}
{"target": -16.967022131032795, "params": {"eta": 0.058316369203108245, "max_depth": 12.345084360665311, "n_estimators": 99.97872104938628}, "datetime": {"datetime": "2021-09-27 21:43:32", "elapsed": 322.747654, "delta": 2.003229}}
{"target": -16.9205673754083, "params": {"eta": 0.3920733609215151, "max_depth": 24.44488896605295, "n_estimators": 91.36474529604203}, "datetime": {"datetime": "2021-09-27 21:43:34", "elapsed": 324.678309, "delta": 1.930655}}
{"target": -17.253646434218343, "params": {"eta": 0.38455057732521936, "max_depth": 6.11103968672397, "n_estimators": 53.954892786153465}, "datetime": {"datetime": "2021-09-27 21:43:35", "elapsed": 326.342471, "delta": 1.664162}}
{"target": -15.605168006335715, "params": {"eta": 0.06028821225548328, "max_depth": 8.551310826073365, "n_estimators": 94.1395807069815}, "datetime": {"datetime": "2021-09-27 21:43:38", "elapsed": 328.902651, "delta": 2.56018}}
{"target": -15.678823684735422, "params": {"eta": 0.03583815077418836, "max_depth": 15.542256460991437, "n_estimators": 92.02096395243687}, "datetime": {"datetime": "2021-09-27 21:43:40", "elapsed": 331.127646, "delta": 2.224995}}
{"target": -15.823123753462557, "params": {"eta": 0.06954539284167913, "max_depth": 8.712437718439775, "n_estimators": 45.037716732872106}, "datetime": {"datetime": "2021-09-27 21:43:42", "elapsed": 332.512756, "delta": 1.38511}}
{"target": -16.96273361284744, "params": {"eta": 0.03, "max_depth": 8.196309844864187, "n_estimators": 79.74824209022498}, "datetime": {"datetime": "2021-09-27 21:43:44", "elapsed": 334.895931, "delta": 2.383175}}
{"target": -16.25712208688602, "params": {"eta": 0.4, "max_depth": 10.777362878799345, "n_estimators": 59.423386549017444}, "datetime": {"datetime": "2021-09-27 21:43:45", "elapsed": 336.419642, "delta": 1.523711}}
{"target": -16.395940096117002, "params": {"eta": 0.3824115991340882, "max_depth": 28.321266239502453, "n_estimators": 49.447002369177866}, "datetime": {"datetime": "2021-09-27 21:43:47", "elapsed": 338.418646, "delta": 1.999004}}
{"target": -17.951625400983815, "params": {"eta": 0.4, "max_depth": 5.9238509214032815, "n_estimators": 24.35329921608623}, "datetime": {"datetime": "2021-09-27 21:43:49", "elapsed": 340.38758, "delta": 1.968934}}
{"target": -17.093576974774358, "params": {"eta": 0.19938644093373348, "max_depth": 13.655031210797645, "n_estimators": 57.716229994266506}, "datetime": {"datetime": "2021-09-27 21:43:51", "elapsed": 342.328049, "delta": 1.940469}}
{"target": -37.38485587761297, "params": {"eta": 0.06807101714029763, "max_depth": 1.1672076065027368, "n_estimators": 15.43860085416924}, "datetime": {"datetime": "2021-09-27 21:43:53", "elapsed": 343.735731, "delta": 1.407682}}
{"target": -16.596682136779673, "params": {"eta": 0.4, "max_depth": 11.947245233143732, "n_estimators": 62.43700009645448}, "datetime": {"datetime": "2021-09-27 21:43:54", "elapsed": 345.482756, "delta": 1.747025}}
{"target": -16.384712599177952, "params": {"eta": 0.09485920325956, "max_depth": 20.272883512583338, "n_estimators": 82.62498740411542}, "datetime": {"datetime": "2021-09-27 21:43:58", "elapsed": 348.571136, "delta": 3.08838}}
{"target": -17.90454953362275, "params": {"eta": 0.14344548694325074, "max_depth": 3.993255556666265, "n_estimators": 97.46171164163222}, "datetime": {"datetime": "2021-09-27 21:43:59", "elapsed": 350.169607, "delta": 1.598471}}
{"target": -15.996747468777267, "params": {"eta": 0.08277383025674916, "max_depth": 15.269917102098798, "n_estimators": 89.15414795630988}, "datetime": {"datetime": "2021-09-27 21:44:02", "elapsed": 352.748959, "delta": 2.579352}}
{"target": -16.18054550856482, "params": {"eta": 0.15214261331892204, "max_depth": 23.204712061332113, "n_estimators": 50.893653641575945}, "datetime": {"datetime": "2021-09-27 21:44:04", "elapsed": 354.859622, "delta": 2.110663}}
{"target": -16.596681188680705, "params": {"eta": 0.4, "max_depth": 11.72720035369743, "n_estimators": 82.43572688758974}, "datetime": {"datetime": "2021-09-27 21:44:06", "elapsed": 356.766258, "delta": 1.906636}}
{"target": -18.29907668830683, "params": {"eta": 0.3701715919307196, "max_depth": 6.962271190331099, "n_estimators": 63.2952348237322}, "datetime": {"datetime": "2021-09-27 21:44:08", "elapsed": 358.565826, "delta": 1.799568}}
{"target": -17.438302133532243, "params": {"eta": 0.2724243134907288, "max_depth": 8.423259395740152, "n_estimators": 74.31678485305012}, "datetime": {"datetime": "2021-09-27 21:44:09", "elapsed": 360.372227, "delta": 1.806401}}
{"target": -16.44668872433497, "params": {"eta": 0.4, "max_depth": 16.013109235458955, "n_estimators": 60.41082014177171}, "datetime": {"datetime": "2021-09-27 21:44:12", "elapsed": 362.669693, "delta": 2.297466}}
