{"target": -16.81598326690042, "params": {"eta": 0.3379998683704655, "max_depth": 24.656707869903645, "n_estimators": 196.58211569235775}, "datetime": {"datetime": "2021-09-28 08:54:35", "elapsed": 129.140839, "delta": 1.170326}}
{"target": -16.041929407609366, "params": {"eta": 0.3034975529941467, "max_depth": 9.085209210987067, "n_estimators": 108.51202518870792}, "datetime": {"datetime": "2021-09-28 08:54:36", "elapsed": 130.243985, "delta": 1.103146}}
{"target": -16.511738116536335, "params": {"eta": 0.21369310570302258, "max_depth": 18.288076266978848, "n_estimators": 105.86012808686532}, "datetime": {"datetime": "2021-09-28 08:54:37", "elapsed": 131.203984, "delta": 0.959999}}
{"target": -16.054073066769394, "params": {"eta": 0.2030484972944403, "max_depth": 9.134149241303062, "n_estimators": 108.61619845531925}, "datetime": {"datetime": "2021-09-28 08:54:38", "elapsed": 132.288953, "delta": 1.084969}}
{"target": -16.608556585145855, "params": {"eta": 0.17456393135512893, "max_depth": 29.705945196440744, "n_estimators": 149.63331798226903}, "datetime": {"datetime": "2021-09-28 08:54:39", "elapsed": 133.763954, "delta": 1.475001}}
{"target": -16.85282857790202, "params": {"eta": 0.12235287505997045, "max_depth": 29.698796334948774, "n_estimators": 149.31132650647245}, "datetime": {"datetime": "2021-09-28 08:54:41", "elapsed": 135.354225, "delta": 1.590271}}
{"target": -16.86445931145203, "params": {"eta": 0.26251101873575294, "max_depth": 11.113177215856506, "n_estimators": 101.90554773320312}, "datetime": {"datetime": "2021-09-28 08:54:42", "elapsed": 136.361714, "delta": 1.007489}}
{"target": -17.244106366381384, "params": {"eta": 0.25489597587525703, "max_depth": 16.505833321995762, "n_estimators": 158.493888559114}, "datetime": {"datetime": "2021-09-28 08:54:43", "elapsed": 137.633554, "delta": 1.27184}}
{"target": -19.498675233934613, "params": {"eta": 0.48667874525543425, "max_depth": 11.688920046124071, "n_estimators": 197.42584430864983}, "datetime": {"datetime": "2021-09-28 08:54:44", "elapsed": 138.450749, "delta": 0.817195}}
{"target": -16.297706033996086, "params": {"eta": 0.3511316897284818, "max_depth": 10.193504106703726, "n_estimators": 172.05005218939198}, "datetime": {"datetime": "2021-09-28 08:54:45", "elapsed": 139.283517, "delta": 0.832768}}
{"target": -20.29923157996285, "params": {"eta": 0.48931193843356624, "max_depth": 6.7628249226796395, "n_estimators": 145.71795879609175}, "datetime": {"datetime": "2021-09-28 08:54:46", "elapsed": 140.172005, "delta": 0.888488}}
{"target": -16.655688401925616, "params": {"eta": 0.11156677904051276, "max_depth": 6.963880524753629, "n_estimators": 108.32916799539635}, "datetime": {"datetime": "2021-09-28 08:54:47", "elapsed": 141.188005, "delta": 1.016}}
{"target": -16.290894331436746, "params": {"eta": 0.1434566047426956, "max_depth": 4.415385916807017, "n_estimators": 199.88074434680777}, "datetime": {"datetime": "2021-09-28 08:54:48", "elapsed": 142.037548, "delta": 0.849543}}
{"target": -17.544276069871465, "params": {"eta": 0.29922371303883893, "max_depth": 24.05633403127144, "n_estimators": 151.03813252533038}, "datetime": {"datetime": "2021-09-28 08:54:49", "elapsed": 143.060548, "delta": 1.023}}
{"target": -15.598508956281876, "params": {"eta": 0.08, "max_depth": 22.090202966582112, "n_estimators": 166.03992655663416}, "datetime": {"datetime": "2021-09-28 08:54:50", "elapsed": 144.996633, "delta": 1.936085}}
{"target": -21.844176422262397, "params": {"eta": 0.3290898920507288, "max_depth": 1.5308277607891758, "n_estimators": 195.9196075315882}, "datetime": {"datetime": "2021-09-28 08:54:51", "elapsed": 145.714724, "delta": 0.718091}}
{"target": -16.43242645074575, "params": {"eta": 0.22118900891188964, "max_depth": 18.27025184257035, "n_estimators": 111.74033297155867}, "datetime": {"datetime": "2021-09-28 08:54:52", "elapsed": 146.734274, "delta": 1.01955}}
{"target": -20.311922454750437, "params": {"eta": 0.48214793334808376, "max_depth": 18.71492978745771, "n_estimators": 187.69360206452347}, "datetime": {"datetime": "2021-09-28 08:54:53", "elapsed": 147.637273, "delta": 0.902999}}
{"target": -15.947561281771359, "params": {"eta": 0.43933870408680886, "max_depth": 27.849170628863067, "n_estimators": 117.10697508158523}, "datetime": {"datetime": "2021-09-28 08:54:54", "elapsed": 148.635679, "delta": 0.998406}}
{"target": -16.38057556837759, "params": {"eta": 0.08439871500482662, "max_depth": 25.452844313339583, "n_estimators": 107.0621193084043}, "datetime": {"datetime": "2021-09-28 08:54:56", "elapsed": 150.111635, "delta": 1.475956}}
{"target": -16.60750240078607, "params": {"eta": 0.3223234033670069, "max_depth": 29.846819913059928, "n_estimators": 179.59783442621648}, "datetime": {"datetime": "2021-09-28 08:54:57", "elapsed": 151.095633, "delta": 0.983998}}
{"target": -17.075987416434234, "params": {"eta": 0.4375408116559218, "max_depth": 18.943416002132373, "n_estimators": 160.06058012782015}, "datetime": {"datetime": "2021-09-28 08:54:57", "elapsed": 151.936754, "delta": 0.841121}}
{"target": -16.254894774824407, "params": {"eta": 0.14860724384749796, "max_depth": 22.064413007421127, "n_estimators": 165.554538135342}, "datetime": {"datetime": "2021-09-28 08:54:59", "elapsed": 153.554755, "delta": 1.618001}}
{"target": -17.756515230349233, "params": {"eta": 0.19097353751795448, "max_depth": 3.1068964127325707, "n_estimators": 131.97894636680073}, "datetime": {"datetime": "2021-09-28 08:55:00", "elapsed": 154.348963, "delta": 0.794208}}
{"target": -16.314018409918933, "params": {"eta": 0.1036747611291937, "max_depth": 25.66289116623167, "n_estimators": 106.75094500557674}, "datetime": {"datetime": "2021-09-28 08:55:01", "elapsed": 155.814964, "delta": 1.466001}}
{"target": -17.31102371971339, "params": {"eta": 0.18917919013804563, "max_depth": 14.37253042765347, "n_estimators": 113.52356195632619}, "datetime": {"datetime": "2021-09-28 08:55:02", "elapsed": 156.955602, "delta": 1.140638}}
{"target": -20.73132784094252, "params": {"eta": 0.4822727663714387, "max_depth": 5.562796022904101, "n_estimators": 152.9264579187175}, "datetime": {"datetime": "2021-09-28 08:55:03", "elapsed": 157.818602, "delta": 0.863}}
{"target": -16.852939284001526, "params": {"eta": 0.34651516772815244, "max_depth": 24.167032543342632, "n_estimators": 100.1588857716748}, "datetime": {"datetime": "2021-09-28 08:55:04", "elapsed": 158.756501, "delta": 0.937899}}
{"target": -18.153696297578854, "params": {"eta": 0.22807107065933818, "max_depth": 22.61054496487056, "n_estimators": 198.60332001965088}, "datetime": {"datetime": "2021-09-28 08:55:05", "elapsed": 159.997476, "delta": 1.240975}}
{"target": -16.075922687512453, "params": {"eta": 0.10491138628704788, "max_depth": 8.72453453440569, "n_estimators": 113.45585854512244}, "datetime": {"datetime": "2021-09-28 08:55:07", "elapsed": 161.191476, "delta": 1.194}}
{"target": -17.06761250068788, "params": {"eta": 0.18198479501221737, "max_depth": 19.822269287500365, "n_estimators": 147.3710603271102}, "datetime": {"datetime": "2021-09-28 08:55:08", "elapsed": 162.368879, "delta": 1.177403}}
{"target": -15.820209447875083, "params": {"eta": 0.1077181613873314, "max_depth": 25.829357395070193, "n_estimators": 106.87775173206498}, "datetime": {"datetime": "2021-09-28 08:55:10", "elapsed": 164.079321, "delta": 1.710442}}
{"target": -19.26425031624201, "params": {"eta": 0.44857238493707796, "max_depth": 19.88001497377487, "n_estimators": 148.0525567759621}, "datetime": {"datetime": "2021-09-28 08:55:10", "elapsed": 164.987715, "delta": 0.908394}}
{"target": -16.401167577376906, "params": {"eta": 0.09464390912816403, "max_depth": 13.51379500822068, "n_estimators": 181.88748638008713}, "datetime": {"datetime": "2021-09-28 08:55:13", "elapsed": 167.069173, "delta": 2.081458}}
{"target": -16.298298911130832, "params": {"eta": 0.10884024483207294, "max_depth": 28.641439818549916, "n_estimators": 138.49165232139234}, "datetime": {"datetime": "2021-09-28 08:55:14", "elapsed": 168.735818, "delta": 1.666645}}
{"target": -17.143014752105813, "params": {"eta": 0.38936614899396277, "max_depth": 5.1517220558123835, "n_estimators": 178.76110276996897}, "datetime": {"datetime": "2021-09-28 08:55:15", "elapsed": 169.749523, "delta": 1.013705}}
{"target": -16.536635479647156, "params": {"eta": 0.11909256801701418, "max_depth": 9.07354341114107, "n_estimators": 108.46294551911926}, "datetime": {"datetime": "2021-09-28 08:55:17", "elapsed": 171.016199, "delta": 1.266676}}
{"target": -16.898113559915362, "params": {"eta": 0.17835547015500683, "max_depth": 25.91608163752212, "n_estimators": 106.6330790886597}, "datetime": {"datetime": "2021-09-28 08:55:18", "elapsed": 172.477391, "delta": 1.461192}}
{"target": -17.773177929022804, "params": {"eta": 0.25835970055552215, "max_depth": 4.669408410217265, "n_estimators": 154.63528705077823}, "datetime": {"datetime": "2021-09-28 08:55:19", "elapsed": 173.647249, "delta": 1.169858}}
{"target": -16.070210243008894, "params": {"eta": 0.08792289554856994, "max_depth": 13.787656665354294, "n_estimators": 182.4157822161666}, "datetime": {"datetime": "2021-09-28 08:55:21", "elapsed": 175.548425, "delta": 1.901176}}
{"target": -17.840414365904742, "params": {"eta": 0.3471595391708606, "max_depth": 4.319284043452807, "n_estimators": 199.9014534030929}, "datetime": {"datetime": "2021-09-28 08:55:22", "elapsed": 176.85458, "delta": 1.306155}}
{"target": -17.299768915010603, "params": {"eta": 0.16784261617020607, "max_depth": 13.755343003822663, "n_estimators": 154.66760066981777}, "datetime": {"datetime": "2021-09-28 08:55:24", "elapsed": 178.040873, "delta": 1.186293}}
{"target": -17.289380759390294, "params": {"eta": 0.29585872187645107, "max_depth": 18.54741854811336, "n_estimators": 111.01628549108922}, "datetime": {"datetime": "2021-09-28 08:55:25", "elapsed": 179.278768, "delta": 1.237895}}
{"target": -17.861384087953645, "params": {"eta": 0.24178157218238366, "max_depth": 25.948527125188527, "n_estimators": 123.91238891357415}, "datetime": {"datetime": "2021-09-28 08:55:26", "elapsed": 180.468069, "delta": 1.189301}}
{"target": -18.03531509639009, "params": {"eta": 0.229878118003344, "max_depth": 7.506469456136123, "n_estimators": 114.02869539554803}, "datetime": {"datetime": "2021-09-28 08:55:27", "elapsed": 181.57411, "delta": 1.106041}}
{"target": -18.17988937329018, "params": {"eta": 0.4230621523701049, "max_depth": 26.084824487804056, "n_estimators": 167.85518171521176}, "datetime": {"datetime": "2021-09-28 08:55:28", "elapsed": 182.704019, "delta": 1.129909}}
{"target": -17.143440315478504, "params": {"eta": 0.18007289947474914, "max_depth": 29.069921078976876, "n_estimators": 144.0254943354818}, "datetime": {"datetime": "2021-09-28 08:55:29", "elapsed": 183.97407, "delta": 1.270051}}
{"target": -16.297768272552084, "params": {"eta": 0.10642725136618325, "max_depth": 4.471916721399047, "n_estimators": 199.65599570409898}, "datetime": {"datetime": "2021-09-28 08:55:31", "elapsed": 185.291596, "delta": 1.317526}}
{"target": -18.327509472246685, "params": {"eta": 0.2646883559136168, "max_depth": 14.572944418969215, "n_estimators": 121.54205711348068}, "datetime": {"datetime": "2021-09-28 08:55:32", "elapsed": 186.717177, "delta": 1.425581}}
{"target": -17.95113829934958, "params": {"eta": 0.3860049382523097, "max_depth": 8.927963467574312, "n_estimators": 108.57045825773761}, "datetime": {"datetime": "2021-09-28 08:55:33", "elapsed": 187.953288, "delta": 1.236111}}
{"target": -15.60556552405503, "params": {"eta": 0.08013210202216418, "max_depth": 15.364259511119911, "n_estimators": 135.60497098427928}, "datetime": {"datetime": "2021-09-28 08:55:35", "elapsed": 189.535292, "delta": 1.582004}}
{"target": -16.218364457905025, "params": {"eta": 0.30102202689875324, "max_depth": 19.952650481798578, "n_estimators": 119.87620561502442}, "datetime": {"datetime": "2021-09-28 08:55:36", "elapsed": 190.656672, "delta": 1.12138}}
{"target": -16.539144333177752, "params": {"eta": 0.3778496117237283, "max_depth": 14.373110673594109, "n_estimators": 143.8185221842345}, "datetime": {"datetime": "2021-09-28 08:55:37", "elapsed": 191.601672, "delta": 0.945}}
{"target": -18.875603219791078, "params": {"eta": 0.4464192083216189, "max_depth": 8.080653299113116, "n_estimators": 164.0843766074813}, "datetime": {"datetime": "2021-09-28 08:55:38", "elapsed": 192.592908, "delta": 0.991236}}
{"target": -16.333000989705912, "params": {"eta": 0.0942898222129568, "max_depth": 15.257169377939768, "n_estimators": 135.53338827759882}, "datetime": {"datetime": "2021-09-28 08:55:40", "elapsed": 194.684925, "delta": 2.092017}}
{"target": -22.860107218381405, "params": {"eta": 0.16566990345666632, "max_depth": 1.1403069401878825, "n_estimators": 176.26123123957302}, "datetime": {"datetime": "2021-09-28 08:55:41", "elapsed": 195.579924, "delta": 0.894999}}
{"target": -16.65735393578146, "params": {"eta": 0.31000263604248846, "max_depth": 27.559012174785938, "n_estimators": 187.894906329285}, "datetime": {"datetime": "2021-09-28 08:55:43", "elapsed": 197.495105, "delta": 1.915181}}
{"target": -15.76806714047912, "params": {"eta": 0.1214890890422495, "max_depth": 13.595087610362873, "n_estimators": 193.68934069365017}, "datetime": {"datetime": "2021-09-28 08:55:45", "elapsed": 199.066521, "delta": 1.571416}}
{"target": -17.00745151109443, "params": {"eta": 0.10142033109988198, "max_depth": 15.653102282087456, "n_estimators": 135.60215988291117}, "datetime": {"datetime": "2021-09-28 08:55:47", "elapsed": 201.308392, "delta": 2.241871}}
{"target": -17.79434808405506, "params": {"eta": 0.42449640701968794, "max_depth": 22.008764706153887, "n_estimators": 128.78920734702183}, "datetime": {"datetime": "2021-09-28 08:55:48", "elapsed": 202.41257, "delta": 1.104178}}
{"target": -16.455303813764296, "params": {"eta": 0.19401044550993435, "max_depth": 13.406988051837807, "n_estimators": 193.58374802094568}, "datetime": {"datetime": "2021-09-28 08:55:50", "elapsed": 204.333395, "delta": 1.920825}}
{"target": -16.60808744096442, "params": {"eta": 0.1613830146011791, "max_depth": 26.097727123875288, "n_estimators": 106.96067803233603}, "datetime": {"datetime": "2021-09-28 08:55:52", "elapsed": 206.464577, "delta": 2.131182}}
{"target": -15.707895095708746, "params": {"eta": 0.08, "max_depth": 24.61985667755522, "n_estimators": 196.51155919520605}, "datetime": {"datetime": "2021-09-28 08:55:54", "elapsed": 208.963152, "delta": 2.498575}}
{"target": -16.78886877982798, "params": {"eta": 0.0951930225653247, "max_depth": 13.457134767944511, "n_estimators": 193.83616855431544}, "datetime": {"datetime": "2021-09-28 08:55:57", "elapsed": 211.355537, "delta": 2.392385}}
{"target": -15.581725731769316, "params": {"eta": 0.32933802459093203, "max_depth": 11.752397508509173, "n_estimators": 193.76917340105248}, "datetime": {"datetime": "2021-09-28 08:55:58", "elapsed": 212.558491, "delta": 1.202954}}
{"target": -16.75974823707612, "params": {"eta": 0.29193149644067, "max_depth": 11.919893070823003, "n_estimators": 193.92975818593635}, "datetime": {"datetime": "2021-09-28 08:56:00", "elapsed": 214.438628, "delta": 1.880137}}
{"target": -17.783851871317815, "params": {"eta": 0.30560461889948765, "max_depth": 14.166419640378713, "n_estimators": 156.77554996098885}, "datetime": {"datetime": "2021-09-28 08:56:01", "elapsed": 215.574634, "delta": 1.136006}}
{"target": -16.164700181352522, "params": {"eta": 0.4020901422810308, "max_depth": 26.875980150755638, "n_estimators": 171.48277743135145}, "datetime": {"datetime": "2021-09-28 08:56:03", "elapsed": 217.242431, "delta": 1.667797}}
{"target": -16.365090805030942, "params": {"eta": 0.3878469426981062, "max_depth": 24.244928870701766, "n_estimators": 190.64105429162072}, "datetime": {"datetime": "2021-09-28 08:56:04", "elapsed": 218.639956, "delta": 1.397525}}
{"target": -16.837453792054582, "params": {"eta": 0.3832307009508586, "max_depth": 11.531861503125278, "n_estimators": 124.71462938552554}, "datetime": {"datetime": "2021-09-28 08:56:05", "elapsed": 219.908594, "delta": 1.268638}}
{"target": -17.373065962406802, "params": {"eta": 0.12498554261747899, "max_depth": 14.012012241378802, "n_estimators": 182.45062951295694}, "datetime": {"datetime": "2021-09-28 08:56:07", "elapsed": 221.850283, "delta": 1.941689}}
{"target": -17.252997934101284, "params": {"eta": 0.4130022262658761, "max_depth": 21.99839443286636, "n_estimators": 180.80588078849115}, "datetime": {"datetime": "2021-09-28 08:56:09", "elapsed": 223.14247, "delta": 1.292187}}
{"target": -17.29295765012674, "params": {"eta": 0.1409932729582158, "max_depth": 23.926703266903175, "n_estimators": 135.07730452657324}, "datetime": {"datetime": "2021-09-28 08:56:10", "elapsed": 224.78632, "delta": 1.64385}}
{"target": -16.623199549167385, "params": {"eta": 0.21978137798609299, "max_depth": 28.528126373807925, "n_estimators": 138.32291072073292}, "datetime": {"datetime": "2021-09-28 08:56:13", "elapsed": 227.188022, "delta": 2.401702}}
{"target": -15.827967813501678, "params": {"eta": 0.08, "max_depth": 13.495992602737875, "n_estimators": 182.13087559460106}, "datetime": {"datetime": "2021-09-28 08:56:16", "elapsed": 230.627111, "delta": 3.439089}}
{"target": -17.18882845372952, "params": {"eta": 0.25261460195506713, "max_depth": 10.843201973172048, "n_estimators": 199.18924659529242}, "datetime": {"datetime": "2021-09-28 08:56:17", "elapsed": 231.900653, "delta": 1.273542}}
{"target": -17.044614888587986, "params": {"eta": 0.2372003020343607, "max_depth": 11.889680860047344, "n_estimators": 193.7152986479163}, "datetime": {"datetime": "2021-09-28 08:56:19", "elapsed": 233.673606, "delta": 1.772953}}
{"target": -16.010560710699348, "params": {"eta": 0.33048457295290457, "max_depth": 13.68211529513057, "n_estimators": 193.5062623634235}, "datetime": {"datetime": "2021-09-28 08:56:21", "elapsed": 235.247846, "delta": 1.57424}}
{"target": -16.17252888096569, "params": {"eta": 0.33117531028748326, "max_depth": 13.052249070717114, "n_estimators": 159.14959026726197}, "datetime": {"datetime": "2021-09-28 08:56:22", "elapsed": 236.594265, "delta": 1.346419}}
{"target": -17.499892560573883, "params": {"eta": 0.32357575466750854, "max_depth": 13.623113853603222, "n_estimators": 193.7215382945599}, "datetime": {"datetime": "2021-09-28 08:56:24", "elapsed": 238.246265, "delta": 1.652}}
{"target": -17.758287635887747, "params": {"eta": 0.27275015895759647, "max_depth": 15.422592080810771, "n_estimators": 135.51772760698498}, "datetime": {"datetime": "2021-09-28 08:56:26", "elapsed": 240.085631, "delta": 1.839366}}
{"target": -15.97677593229799, "params": {"eta": 0.1210726550473581, "max_depth": 15.266753621433624, "n_estimators": 135.7695584005302}, "datetime": {"datetime": "2021-09-28 08:56:28", "elapsed": 242.11966, "delta": 2.034029}}
{"target": -17.50002198052907, "params": {"eta": 0.41130081229172166, "max_depth": 12.509706612307648, "n_estimators": 179.2796700567952}, "datetime": {"datetime": "2021-09-28 08:56:29", "elapsed": 243.256804, "delta": 1.137144}}
{"target": -16.450844685306055, "params": {"eta": 0.10069021616108624, "max_depth": 13.841822561578635, "n_estimators": 193.50722433894066}, "datetime": {"datetime": "2021-09-28 08:56:31", "elapsed": 245.536972, "delta": 2.280168}}
{"target": -16.216838140426812, "params": {"eta": 0.1986957548241347, "max_depth": 11.594889336851221, "n_estimators": 193.99719060952623}, "datetime": {"datetime": "2021-09-28 08:56:33", "elapsed": 247.368225, "delta": 1.831253}}
{"target": -18.494145440334524, "params": {"eta": 0.4587585064185401, "max_depth": 4.326425631239003, "n_estimators": 131.41072747119625}, "datetime": {"datetime": "2021-09-28 08:56:34", "elapsed": 248.357224, "delta": 0.988999}}
{"target": -19.295645153940928, "params": {"eta": 0.47263559400980504, "max_depth": 11.641012894213304, "n_estimators": 193.8089976791178}, "datetime": {"datetime": "2021-09-28 08:56:35", "elapsed": 249.991405, "delta": 1.634181}}
{"target": -17.398633688286928, "params": {"eta": 0.4166046943081789, "max_depth": 9.321737583764314, "n_estimators": 108.41840704527662}, "datetime": {"datetime": "2021-09-28 08:56:37", "elapsed": 251.374266, "delta": 1.382861}}
{"target": -18.36862835704782, "params": {"eta": 0.4674138653972376, "max_depth": 23.047310820807922, "n_estimators": 131.12439490338446}, "datetime": {"datetime": "2021-09-28 08:56:38", "elapsed": 252.534266, "delta": 1.16}}
{"target": -16.990785060352646, "params": {"eta": 0.441913574435946, "max_depth": 7.594612663386998, "n_estimators": 192.0147975858089}, "datetime": {"datetime": "2021-09-28 08:56:39", "elapsed": 253.69561, "delta": 1.161344}}
{"target": -19.499485663879675, "params": {"eta": 0.4451714444719571, "max_depth": 25.64213448452762, "n_estimators": 146.54469263546468}, "datetime": {"datetime": "2021-09-28 08:56:41", "elapsed": 255.242115, "delta": 1.546505}}
{"target": -15.302641281940065, "params": {"eta": 0.21153733309299272, "max_depth": 15.413073581142134, "n_estimators": 135.87817942696847}, "datetime": {"datetime": "2021-09-28 08:56:43", "elapsed": 257.166275, "delta": 1.92416}}
{"target": -19.612152389705038, "params": {"eta": 0.4832652060124503, "max_depth": 27.065267439552876, "n_estimators": 171.49546226449166}, "datetime": {"datetime": "2021-09-28 08:56:44", "elapsed": 258.802465, "delta": 1.63619}}
{"target": -16.703736473635573, "params": {"eta": 0.10988569799724024, "max_depth": 13.321882434608437, "n_estimators": 182.1565706508676}, "datetime": {"datetime": "2021-09-28 08:56:47", "elapsed": 261.181556, "delta": 2.379091}}
{"target": -19.897305987577838, "params": {"eta": 0.48606571551112693, "max_depth": 19.193290766683596, "n_estimators": 151.67156593780655}, "datetime": {"datetime": "2021-09-28 08:56:48", "elapsed": 262.346026, "delta": 1.16447}}
