{"target": -16.78899089364057, "params": {"eta": 0.34326129087866053, "max_depth": 10.012884307645727, "n_estimators": 89.06968022277755}, "datetime": {"datetime": "2021-09-27 22:27:08", "elapsed": 503.299147, "delta": 2.721324}}
{"target": -21.240965206144484, "params": {"eta": 0.6, "max_depth": 16.540687203689306, "n_estimators": 81.9232440204287}, "datetime": {"datetime": "2021-09-27 22:27:10", "elapsed": 505.289507, "delta": 1.99036}}
{"target": -20.255461246069263, "params": {"eta": 0.5540214462942671, "max_depth": 7.884646938267725, "n_estimators": 70.44991241837313}, "datetime": {"datetime": "2021-09-27 22:27:13", "elapsed": 507.885912, "delta": 2.596405}}
{"target": -21.009718599762362, "params": {"eta": 0.6, "max_depth": 26.793589644605277, "n_estimators": 79.22248771942962}, "datetime": {"datetime": "2021-09-27 22:27:16", "elapsed": 511.095872, "delta": 3.20996}}
{"target": -15.886304203443617, "params": {"eta": 0.4030576525546564, "max_depth": 15.730172592481525, "n_estimators": 47.91346789463384}, "datetime": {"datetime": "2021-09-27 22:27:18", "elapsed": 513.01387, "delta": 1.917998}}
{"target": -21.009718599762362, "params": {"eta": 0.6, "max_depth": 27.605525015662817, "n_estimators": 91.01491988448264}, "datetime": {"datetime": "2021-09-27 22:27:20", "elapsed": 515.36526, "delta": 2.35139}}
{"target": -21.009718599762362, "params": {"eta": 0.6, "max_depth": 28.78136487789032, "n_estimators": 84.47076438193213}, "datetime": {"datetime": "2021-09-27 22:27:22", "elapsed": 517.538689, "delta": 2.173429}}
{"target": -15.68993858584177, "params": {"eta": 0.056271524419078026, "max_depth": 27.495710335137158, "n_estimators": 57.75685363598669}, "datetime": {"datetime": "2021-09-27 22:27:25", "elapsed": 520.374981, "delta": 2.836292}}
{"target": -15.816026132099928, "params": {"eta": 0.09845257750313716, "max_depth": 23.614539753858047, "n_estimators": 62.32238212913659}, "datetime": {"datetime": "2021-09-27 22:27:28", "elapsed": 522.909447, "delta": 2.534466}}
{"target": -19.629237998165806, "params": {"eta": 0.039204030195925416, "max_depth": 27.646322436841828, "n_estimators": 49.70420871631663}, "datetime": {"datetime": "2021-09-27 22:27:31", "elapsed": 525.952533, "delta": 3.043086}}
{"target": -15.715479135162024, "params": {"eta": 0.03, "max_depth": 14.528129116796986, "n_estimators": 97.74018254872956}, "datetime": {"datetime": "2021-09-27 22:27:33", "elapsed": 528.835473, "delta": 2.88294}}
{"target": -16.328325092365688, "params": {"eta": 0.07249526178105777, "max_depth": 14.728655164174915, "n_estimators": 91.9281730537191}, "datetime": {"datetime": "2021-09-27 22:27:36", "elapsed": 531.657558, "delta": 2.822085}}
{"target": -16.535750049957173, "params": {"eta": 0.06183586084014419, "max_depth": 8.0335284895031, "n_estimators": 78.60328921238566}, "datetime": {"datetime": "2021-09-27 22:27:39", "elapsed": 534.623921, "delta": 2.966363}}
{"target": -17.475070920792636, "params": {"eta": 0.3130767103720271, "max_depth": 7.753936576322049, "n_estimators": 81.73633053433224}, "datetime": {"datetime": "2021-09-27 22:27:41", "elapsed": 536.816352, "delta": 2.192431}}
{"target": -83.84240226114622, "params": {"eta": 0.03, "max_depth": 9.126990049367008, "n_estimators": 5.165557617553318}, "datetime": {"datetime": "2021-09-27 22:27:43", "elapsed": 538.569692, "delta": 1.75334}}
{"target": -54.85735478975617, "params": {"eta": 0.06309448690395086, "max_depth": 9.159461938379877, "n_estimators": 9.046197172501932}, "datetime": {"datetime": "2021-09-27 22:27:46", "elapsed": 541.393238, "delta": 2.823546}}
{"target": -16.75636587541539, "params": {"eta": 0.4024917119332744, "max_depth": 8.549309668276745, "n_estimators": 12.09283617258395}, "datetime": {"datetime": "2021-09-27 22:27:48", "elapsed": 543.659373, "delta": 2.266135}}
{"target": -17.200973526703336, "params": {"eta": 0.3264548923369852, "max_depth": 8.981495104144294, "n_estimators": 98.36495341309315}, "datetime": {"datetime": "2021-09-27 22:27:50", "elapsed": 545.680056, "delta": 2.020683}}
{"target": -16.722256558691146, "params": {"eta": 0.2925624557193728, "max_depth": 18.953610335120423, "n_estimators": 75.24106301981296}, "datetime": {"datetime": "2021-09-27 22:27:54", "elapsed": 549.017483, "delta": 3.337427}}
{"target": -15.471340296245609, "params": {"eta": 0.036031330562065006, "max_depth": 23.242496949434397, "n_estimators": 98.00421085013441}, "datetime": {"datetime": "2021-09-27 22:27:56", "elapsed": 551.309453, "delta": 2.29197}}
{"target": -17.436507689228247, "params": {"eta": 0.434007253823972, "max_depth": 21.864464397640713, "n_estimators": 83.23089943315152}, "datetime": {"datetime": "2021-09-27 22:27:59", "elapsed": 553.945335, "delta": 2.635882}}
{"target": -21.43605942771384, "params": {"eta": 0.5950483288323549, "max_depth": 29.021688607766503, "n_estimators": 95.88312108809134}, "datetime": {"datetime": "2021-09-27 22:28:01", "elapsed": 556.318645, "delta": 2.37331}}
{"target": -21.240965206144484, "params": {"eta": 0.6, "max_depth": 16.748731958831222, "n_estimators": 78.74072654812603}, "datetime": {"datetime": "2021-09-27 22:28:03", "elapsed": 558.612274, "delta": 2.293629}}
{"target": -20.927115960624015, "params": {"eta": 0.5917940608328731, "max_depth": 14.000488827148507, "n_estimators": 64.85248122637995}, "datetime": {"datetime": "2021-09-27 22:28:06", "elapsed": 561.1567, "delta": 2.544426}}
{"target": -17.422795141446294, "params": {"eta": 0.23201279686220724, "max_depth": 29.897989097501743, "n_estimators": 63.04418222094082}, "datetime": {"datetime": "2021-09-27 22:28:08", "elapsed": 563.84457, "delta": 2.68787}}
{"target": -16.17740273065434, "params": {"eta": 0.03, "max_depth": 6.0, "n_estimators": 89.5665435818235}, "datetime": {"datetime": "2021-09-27 22:28:12", "elapsed": 566.983241, "delta": 3.138671}}
{"target": -29.35066173689844, "params": {"eta": 0.03, "max_depth": 18.462251323694492, "n_estimators": 43.873675178787835}, "datetime": {"datetime": "2021-09-27 22:28:14", "elapsed": 569.091471, "delta": 2.10823}}
{"target": -19.99134298891834, "params": {"eta": 0.6, "max_depth": 13.668477153568197, "n_estimators": 4.742697820456118}, "datetime": {"datetime": "2021-09-27 22:28:16", "elapsed": 571.461144, "delta": 2.369673}}
{"target": -20.981562196192225, "params": {"eta": 0.5436315312042006, "max_depth": 15.680615417786061, "n_estimators": 62.69183043624624}, "datetime": {"datetime": "2021-09-27 22:28:19", "elapsed": 574.032405, "delta": 2.571261}}
{"target": -21.71277256032587, "params": {"eta": 0.5828159279508983, "max_depth": 25.81754416772157, "n_estimators": 70.01111133815948}, "datetime": {"datetime": "2021-09-27 22:28:21", "elapsed": 576.594002, "delta": 2.561597}}
{"target": -20.718377513080213, "params": {"eta": 0.5894121399386326, "max_depth": 24.541151722584782, "n_estimators": 89.6315364530705}, "datetime": {"datetime": "2021-09-27 22:28:24", "elapsed": 579.083197, "delta": 2.489195}}
{"target": -17.3504560696387, "params": {"eta": 0.26223230285591514, "max_depth": 28.706889426741032, "n_estimators": 66.63374608079602}, "datetime": {"datetime": "2021-09-27 22:28:26", "elapsed": 581.486821, "delta": 2.403624}}
{"target": -15.592120487553668, "params": {"eta": 0.03, "max_depth": 17.159053341024094, "n_estimators": 100.0}, "datetime": {"datetime": "2021-09-27 22:28:29", "elapsed": 584.62466, "delta": 3.137839}}
{"target": -19.473836915270116, "params": {"eta": 0.6, "max_depth": 6.865224454276594, "n_estimators": 13.567404472822242}, "datetime": {"datetime": "2021-09-27 22:28:32", "elapsed": 586.920104, "delta": 2.295444}}
{"target": -19.64587954477097, "params": {"eta": 0.5288273771138623, "max_depth": 16.5244096662808, "n_estimators": 98.43405074980126}, "datetime": {"datetime": "2021-09-27 22:28:34", "elapsed": 589.523037, "delta": 2.602933}}
{"target": -18.671271181054898, "params": {"eta": 0.45764459275200475, "max_depth": 19.10274527381619, "n_estimators": 61.55333495812251}, "datetime": {"datetime": "2021-09-27 22:28:37", "elapsed": 591.94189, "delta": 2.418853}}
{"target": -15.5037758314233, "params": {"eta": 0.20447948689970913, "max_depth": 28.53920298079477, "n_estimators": 70.03607857950207}, "datetime": {"datetime": "2021-09-27 22:28:40", "elapsed": 594.967151, "delta": 3.025261}}
{"target": -20.916917409182687, "params": {"eta": 0.6, "max_depth": 11.277075503086921, "n_estimators": 75.2909002992706}, "datetime": {"datetime": "2021-09-27 22:28:43", "elapsed": 597.888725, "delta": 2.921574}}
{"target": -30.74831298526897, "params": {"eta": 0.03, "max_depth": 15.948354337751686, "n_estimators": 41.94579300529625}, "datetime": {"datetime": "2021-09-27 22:28:45", "elapsed": 600.599363, "delta": 2.710638}}
{"target": -20.434823788253425, "params": {"eta": 0.539328401314216, "max_depth": 7.244980645906438, "n_estimators": 10.908244922708155}, "datetime": {"datetime": "2021-09-27 22:28:48", "elapsed": 603.120528, "delta": 2.521165}}
{"target": -18.10175792011846, "params": {"eta": 0.46601531191392986, "max_depth": 9.761251863747685, "n_estimators": 78.28788035355367}, "datetime": {"datetime": "2021-09-27 22:28:50", "elapsed": 605.340432, "delta": 2.219904}}
{"target": -16.363057018344286, "params": {"eta": 0.03, "max_depth": 8.011536188422678, "n_estimators": 87.60705664277481}, "datetime": {"datetime": "2021-09-27 22:28:53", "elapsed": 608.105946, "delta": 2.765514}}
{"target": -21.64782844844025, "params": {"eta": 0.5797387877794695, "max_depth": 24.69062547079445, "n_estimators": 42.958692196828004}, "datetime": {"datetime": "2021-09-27 22:28:56", "elapsed": 611.134118, "delta": 3.028172}}
{"target": -15.548932653966297, "params": {"eta": 0.2056974189936728, "max_depth": 11.689376232192473, "n_estimators": 70.14085791929251}, "datetime": {"datetime": "2021-09-27 22:28:58", "elapsed": 613.622593, "delta": 2.488475}}
{"target": -19.912991804202772, "params": {"eta": 0.48550437246129297, "max_depth": 12.527953958289881, "n_estimators": 68.04927894901427}, "datetime": {"datetime": "2021-09-27 22:29:01", "elapsed": 616.045727, "delta": 2.423134}}
{"target": -21.605587438894926, "params": {"eta": 0.6, "max_depth": 13.390118662307847, "n_estimators": 80.557446524747}, "datetime": {"datetime": "2021-09-27 22:29:04", "elapsed": 619.434812, "delta": 3.389085}}
{"target": -16.391745821116217, "params": {"eta": 0.10124020233866722, "max_depth": 7.913081849727037, "n_estimators": 44.978284900524756}, "datetime": {"datetime": "2021-09-27 22:29:07", "elapsed": 621.911073, "delta": 2.476261}}
{"target": -41.80723302434281, "params": {"eta": 0.03, "max_depth": 14.643638749552482, "n_estimators": 29.336128105099938}, "datetime": {"datetime": "2021-09-27 22:29:09", "elapsed": 624.304627, "delta": 2.393554}}
{"target": -21.003592633566175, "params": {"eta": 0.6, "max_depth": 22.19254687861266, "n_estimators": 52.5038830764693}, "datetime": {"datetime": "2021-09-27 22:29:11", "elapsed": 626.61202, "delta": 2.307393}}
{"target": -20.11097495387617, "params": {"eta": 0.6, "max_depth": 28.52290728802721, "n_estimators": 5.690530271447406}, "datetime": {"datetime": "2021-09-27 22:29:15", "elapsed": 630.002097, "delta": 3.390077}}
{"target": -19.687533107976897, "params": {"eta": 0.5272196495491064, "max_depth": 28.04303072183155, "n_estimators": 43.35799097946347}, "datetime": {"datetime": "2021-09-27 22:29:17", "elapsed": 632.429103, "delta": 2.427006}}
{"target": -29.250153394299332, "params": {"eta": 0.04443929109803267, "max_depth": 23.871358668168607, "n_estimators": 29.20968987140758}, "datetime": {"datetime": "2021-09-27 22:29:20", "elapsed": 635.312104, "delta": 2.883001}}
{"target": -16.671123910773275, "params": {"eta": 0.14664509805322068, "max_depth": 6.039397885350198, "n_estimators": 23.962287112571214}, "datetime": {"datetime": "2021-09-27 22:29:24", "elapsed": 639.041023, "delta": 3.728919}}
{"target": -21.01851528561907, "params": {"eta": 0.6, "max_depth": 17.847379761891702, "n_estimators": 51.34591339759948}, "datetime": {"datetime": "2021-09-27 22:29:26", "elapsed": 641.434575, "delta": 2.393552}}
{"target": -20.18721811015385, "params": {"eta": 0.03, "max_depth": 7.499988610691093, "n_estimators": 62.29992795858326}, "datetime": {"datetime": "2021-09-27 22:29:29", "elapsed": 644.080617, "delta": 2.646042}}
{"target": -21.2171157367586, "params": {"eta": 0.5996419478979079, "max_depth": 17.862956977699696, "n_estimators": 32.605613014209816}, "datetime": {"datetime": "2021-09-27 22:29:31", "elapsed": 646.280841, "delta": 2.200224}}
{"target": -17.965057931801073, "params": {"eta": 0.4705335533202212, "max_depth": 6.012392118866152, "n_estimators": 85.19327378606935}, "datetime": {"datetime": "2021-09-27 22:29:36", "elapsed": 650.891279, "delta": 4.610438}}
{"target": -18.979789968163548, "params": {"eta": 0.47859033069940216, "max_depth": 12.282818824012697, "n_estimators": 25.802489441674457}, "datetime": {"datetime": "2021-09-27 22:29:39", "elapsed": 654.473571, "delta": 3.582292}}
{"target": -16.96653684060384, "params": {"eta": 0.35852243261481054, "max_depth": 20.12702284949509, "n_estimators": 47.96284879894744}, "datetime": {"datetime": "2021-09-27 22:29:43", "elapsed": 658.169354, "delta": 3.695783}}
{"target": -20.011427524278446, "params": {"eta": 0.5151011766685466, "max_depth": 7.404831241916147, "n_estimators": 83.68812978585389}, "datetime": {"datetime": "2021-09-27 22:29:47", "elapsed": 662.415779, "delta": 4.246425}}
{"target": -20.968940939359463, "params": {"eta": 0.6, "max_depth": 22.33495519645784, "n_estimators": 13.71832497456685}, "datetime": {"datetime": "2021-09-27 22:29:50", "elapsed": 665.176886, "delta": 2.761107}}
{"target": -21.708620340299454, "params": {"eta": 0.5815161788430206, "max_depth": 21.400359406775497, "n_estimators": 77.42967237081459}, "datetime": {"datetime": "2021-09-27 22:29:52", "elapsed": 667.442882, "delta": 2.265996}}
{"target": -19.256663273949, "params": {"eta": 0.6, "max_depth": 8.326542162652954, "n_estimators": 51.498651269207684}, "datetime": {"datetime": "2021-09-27 22:29:55", "elapsed": 669.911606, "delta": 2.468724}}
{"target": -15.732994220444493, "params": {"eta": 0.03, "max_depth": 12.05994787137765, "n_estimators": 96.24221216935474}, "datetime": {"datetime": "2021-09-27 22:29:58", "elapsed": 673.044564, "delta": 3.132958}}
{"target": -19.73559593234825, "params": {"eta": 0.6, "max_depth": 6.0, "n_estimators": 47.64421701599826}, "datetime": {"datetime": "2021-09-27 22:30:01", "elapsed": 676.121113, "delta": 3.076549}}
{"target": -16.120425725644143, "params": {"eta": 0.15535927560956078, "max_depth": 8.201790953722373, "n_estimators": 68.30038312630317}, "datetime": {"datetime": "2021-09-27 22:30:05", "elapsed": 680.06215, "delta": 3.941037}}
{"target": -25.69705891657394, "params": {"eta": 0.03, "max_depth": 14.242206678718144, "n_estimators": 49.41234415956041}, "datetime": {"datetime": "2021-09-27 22:30:09", "elapsed": 684.026451, "delta": 3.964301}}
{"target": -16.88963900536992, "params": {"eta": 0.3746974820112089, "max_depth": 11.298140013393862, "n_estimators": 45.45381149608262}, "datetime": {"datetime": "2021-09-27 22:30:11", "elapsed": 686.766449, "delta": 2.739998}}
{"target": -29.258116392682016, "params": {"eta": 0.03, "max_depth": 6.0, "n_estimators": 43.29727357755049}, "datetime": {"datetime": "2021-09-27 22:30:14", "elapsed": 689.748452, "delta": 2.982003}}
{"target": -16.632623083832936, "params": {"eta": 0.21978311524517197, "max_depth": 18.071694390168965, "n_estimators": 53.79762473264728}, "datetime": {"datetime": "2021-09-27 22:30:17", "elapsed": 692.835643, "delta": 3.087191}}
{"target": -17.47899477909762, "params": {"eta": 0.03, "max_depth": 28.343263371071167, "n_estimators": 75.97174271373862}, "datetime": {"datetime": "2021-09-27 22:30:21", "elapsed": 696.065576, "delta": 3.229933}}
{"target": -19.253243024822144, "params": {"eta": 0.6, "max_depth": 8.586835869109064, "n_estimators": 25.336280207671045}, "datetime": {"datetime": "2021-09-27 22:30:23", "elapsed": 698.8512, "delta": 2.785624}}
{"target": -19.889135582803476, "params": {"eta": 0.48346771087371754, "max_depth": 29.965930274961917, "n_estimators": 92.7676999595363}, "datetime": {"datetime": "2021-09-27 22:30:26", "elapsed": 701.669201, "delta": 2.818001}}
{"target": -23.220287156520598, "params": {"eta": 0.03, "max_depth": 26.016584965640106, "n_estimators": 54.863277790890095}, "datetime": {"datetime": "2021-09-27 22:30:29", "elapsed": 703.992011, "delta": 2.32281}}
{"target": -15.47319322514398, "params": {"eta": 0.20691827909686686, "max_depth": 24.060306498143877, "n_estimators": 57.33173725788439}, "datetime": {"datetime": "2021-09-27 22:30:31", "elapsed": 706.70582, "delta": 2.713809}}
{"target": -16.692017271010233, "params": {"eta": 0.03, "max_depth": 10.242933290573031, "n_estimators": 82.12777394656811}, "datetime": {"datetime": "2021-09-27 22:30:35", "elapsed": 710.090039, "delta": 3.384219}}
{"target": -16.230421441343715, "params": {"eta": 0.346054994385513, "max_depth": 7.5901088990306125, "n_estimators": 95.4184250670602}, "datetime": {"datetime": "2021-09-27 22:30:38", "elapsed": 713.251363, "delta": 3.161324}}
{"target": -72.10250943288248, "params": {"eta": 0.03, "max_depth": 20.08497613534047, "n_estimators": 10.981040369955378}, "datetime": {"datetime": "2021-09-27 22:30:40", "elapsed": 715.400911, "delta": 2.149548}}
{"target": -18.291866577086736, "params": {"eta": 0.47683600539648197, "max_depth": 17.305737901876952, "n_estimators": 10.437047907012083}, "datetime": {"datetime": "2021-09-27 22:30:42", "elapsed": 717.634063, "delta": 2.233152}}
{"target": -20.524524585406635, "params": {"eta": 0.5260542397146236, "max_depth": 6.739832260438856, "n_estimators": 72.96359556260478}, "datetime": {"datetime": "2021-09-27 22:30:46", "elapsed": 720.970072, "delta": 3.336009}}
{"target": -20.407120912513705, "params": {"eta": 0.4983754151891885, "max_depth": 26.766151260369245, "n_estimators": 94.44151375369967}, "datetime": {"datetime": "2021-09-27 22:30:48", "elapsed": 723.513686, "delta": 2.543614}}
{"target": -17.373230086340154, "params": {"eta": 0.27499118971069925, "max_depth": 18.398710549570257, "n_estimators": 84.3575129050326}, "datetime": {"datetime": "2021-09-27 22:30:52", "elapsed": 727.10878, "delta": 3.595094}}
{"target": -17.7383405504459, "params": {"eta": 0.2636723375336456, "max_depth": 12.866792042396067, "n_estimators": 97.73612169266119}, "datetime": {"datetime": "2021-09-27 22:30:55", "elapsed": 730.346493, "delta": 3.237713}}
{"target": -17.357557084105746, "params": {"eta": 0.03934416116032616, "max_depth": 7.53411603984227, "n_estimators": 57.330803020373416}, "datetime": {"datetime": "2021-09-27 22:30:58", "elapsed": 732.862749, "delta": 2.516256}}
{"target": -15.929704951079703, "params": {"eta": 0.04867743435513598, "max_depth": 7.697797728472928, "n_estimators": 59.904750847516645}, "datetime": {"datetime": "2021-09-27 22:31:00", "elapsed": 735.8254, "delta": 2.962651}}
{"target": -20.956490550418277, "params": {"eta": 0.500023032037759, "max_depth": 13.500211036182858, "n_estimators": 90.65928282672272}, "datetime": {"datetime": "2021-09-27 22:31:04", "elapsed": 739.037345, "delta": 3.211945}}
{"target": -21.648257851982468, "params": {"eta": 0.5716102299114271, "max_depth": 11.505041903533312, "n_estimators": 87.92584310330817}, "datetime": {"datetime": "2021-09-27 22:31:08", "elapsed": 743.179242, "delta": 4.141897}}
{"target": -16.740074953417334, "params": {"eta": 0.23437062075306708, "max_depth": 17.621278397972244, "n_estimators": 96.06771243150291}, "datetime": {"datetime": "2021-09-27 22:31:11", "elapsed": 746.413034, "delta": 3.233792}}
{"target": -19.971890321515026, "params": {"eta": 0.03, "max_depth": 10.814538650166936, "n_estimators": 63.69917497835936}, "datetime": {"datetime": "2021-09-27 22:31:14", "elapsed": 749.487928, "delta": 3.074894}}
{"target": -24.191372056537265, "params": {"eta": 0.03, "max_depth": 28.171176236444037, "n_estimators": 52.42977101501096}, "datetime": {"datetime": "2021-09-27 22:31:17", "elapsed": 752.421411, "delta": 2.933483}}
{"target": -21.171380851073966, "params": {"eta": 0.5430261351912592, "max_depth": 9.593453750381649, "n_estimators": 72.68010326828458}, "datetime": {"datetime": "2021-09-27 22:31:20", "elapsed": 755.029583, "delta": 2.608172}}
{"target": -15.494150055348207, "params": {"eta": 0.05633996666438397, "max_depth": 16.752480668772137, "n_estimators": 92.36697761103346}, "datetime": {"datetime": "2021-09-27 22:31:23", "elapsed": 758.771134, "delta": 3.741551}}
{"target": -21.392834043462013, "params": {"eta": 0.5776003448381182, "max_depth": 11.49337272378708, "n_estimators": 35.57371643680504}, "datetime": {"datetime": "2021-09-27 22:31:26", "elapsed": 761.680992, "delta": 2.909858}}
{"target": -16.635100985661655, "params": {"eta": 0.1330291957526583, "max_depth": 24.278788760120708, "n_estimators": 83.81969908891205}, "datetime": {"datetime": "2021-09-27 22:31:30", "elapsed": 765.278234, "delta": 3.597242}}
{"target": -19.256663273949, "params": {"eta": 0.6, "max_depth": 8.000983300005391, "n_estimators": 64.29985346493048}, "datetime": {"datetime": "2021-09-27 22:31:33", "elapsed": 768.165821, "delta": 2.887587}}
{"target": -20.116516627223604, "params": {"eta": 0.5388779243050059, "max_depth": 27.85302733196244, "n_estimators": 47.82611850339768}, "datetime": {"datetime": "2021-09-27 22:31:36", "elapsed": 771.176361, "delta": 3.01054}}
{"target": -19.4790924442426, "params": {"eta": 0.03, "max_depth": 22.5288376874871, "n_estimators": 65.74909412712555}, "datetime": {"datetime": "2021-09-27 22:31:39", "elapsed": 774.569975, "delta": 3.393614}}
{"target": -21.003897483413418, "params": {"eta": 0.6, "max_depth": 18.0677035157564, "n_estimators": 63.905740512656365}, "datetime": {"datetime": "2021-09-27 22:31:42", "elapsed": 777.507148, "delta": 2.937173}}
