{"target": -18.225904801481914, "params": {"eta": 0.2601790679588903, "max_depth": 15.848724127297622, "n_estimators": 208.83467247479467}, "datetime": {"datetime": "2021-09-28 07:46:25", "elapsed": 133.651493, "delta": 1.214713}}
{"target": -15.875095729986718, "params": {"eta": 0.06636109994842382, "max_depth": 9.866223663449528, "n_estimators": 230.9375732820046}, "datetime": {"datetime": "2021-09-28 07:46:26", "elapsed": 134.852698, "delta": 1.201205}}
{"target": -15.3539583671435, "params": {"eta": 0.20514271937864662, "max_depth": 23.363197367779982, "n_estimators": 233.0376859884202}, "datetime": {"datetime": "2021-09-28 07:46:28", "elapsed": 135.939284, "delta": 1.086586}}
{"target": -16.0382471274112, "params": {"eta": 0.3195022836670294, "max_depth": 15.579240099151344, "n_estimators": 238.61159396864315}, "datetime": {"datetime": "2021-09-28 07:46:28", "elapsed": 136.843383, "delta": 0.904099}}
{"target": -16.908727946170938, "params": {"eta": 0.11271669316633742, "max_depth": 23.79488163543452, "n_estimators": 213.15369890611214}, "datetime": {"datetime": "2021-09-28 07:46:30", "elapsed": 138.839893, "delta": 1.99651}}
{"target": -16.032486131405125, "params": {"eta": 0.20791325747329234, "max_depth": 24.47045725973764, "n_estimators": 242.7092219736933}, "datetime": {"datetime": "2021-09-28 07:46:32", "elapsed": 140.716788, "delta": 1.876895}}
{"target": -18.20708465123304, "params": {"eta": 0.4740132810233738, "max_depth": 23.33293551591222, "n_estimators": 233.27095036033214}, "datetime": {"datetime": "2021-09-28 07:46:35", "elapsed": 142.97404, "delta": 2.257252}}
{"target": -16.26463662004307, "params": {"eta": 0.15221628234605686, "max_depth": 29.78500683707358, "n_estimators": 228.75466098259233}, "datetime": {"datetime": "2021-09-28 07:46:37", "elapsed": 145.102633, "delta": 2.128593}}
{"target": -16.545242558356822, "params": {"eta": 0.3670223114951364, "max_depth": 18.66671176815212, "n_estimators": 241.5352560816221}, "datetime": {"datetime": "2021-09-28 07:46:38", "elapsed": 146.456138, "delta": 1.353505}}
{"target": -15.779877507807027, "params": {"eta": 0.046112529595802046, "max_depth": 23.46949620478205, "n_estimators": 232.9606506397543}, "datetime": {"datetime": "2021-09-28 07:46:42", "elapsed": 150.50924, "delta": 4.053102}}
{"target": -16.496568498984992, "params": {"eta": 0.14339942371287454, "max_depth": 23.155208599714182, "n_estimators": 232.9862770756145}, "datetime": {"datetime": "2021-09-28 07:46:44", "elapsed": 152.362319, "delta": 1.853079}}
{"target": -18.028764913729844, "params": {"eta": 0.2733818577263085, "max_depth": 11.760926641025687, "n_estimators": 211.35512497049427}, "datetime": {"datetime": "2021-09-28 07:46:45", "elapsed": 153.646289, "delta": 1.28397}}
{"target": -17.266439172720187, "params": {"eta": 0.4317943079698354, "max_depth": 29.749575965075866, "n_estimators": 229.43600959238478}, "datetime": {"datetime": "2021-09-28 07:46:46", "elapsed": 154.902422, "delta": 1.256133}}
{"target": -16.720667682610504, "params": {"eta": 0.053327107825612216, "max_depth": 14.858463741635095, "n_estimators": 240.72686962224873}, "datetime": {"datetime": "2021-09-28 07:46:50", "elapsed": 158.621071, "delta": 3.718649}}
{"target": -16.44311775252873, "params": {"eta": 0.13921165818601167, "max_depth": 9.959761565636617, "n_estimators": 231.21522527439282}, "datetime": {"datetime": "2021-09-28 07:46:53", "elapsed": 161.231776, "delta": 2.610705}}
{"target": -16.350833107236596, "params": {"eta": 0.17421306175154752, "max_depth": 23.691448025537508, "n_estimators": 232.93235701803135}, "datetime": {"datetime": "2021-09-28 07:46:55", "elapsed": 163.483899, "delta": 2.252123}}
{"target": -16.591955972903477, "params": {"eta": 0.07137986290192183, "max_depth": 29.92423212028685, "n_estimators": 228.32329300999282}, "datetime": {"datetime": "2021-09-28 07:46:59", "elapsed": 167.720213, "delta": 4.236314}}
{"target": -20.38717288836004, "params": {"eta": 0.49813184879292627, "max_depth": 7.918180766759227, "n_estimators": 226.86963169981928}, "datetime": {"datetime": "2021-09-28 07:47:01", "elapsed": 169.074832, "delta": 1.354619}}
{"target": -16.257801245480017, "params": {"eta": 0.06122236271589778, "max_depth": 14.493747799423062, "n_estimators": 240.79783415620938}, "datetime": {"datetime": "2021-09-28 07:47:04", "elapsed": 172.128313, "delta": 3.053481}}
{"target": -17.582660455379532, "params": {"eta": 0.4080677171075152, "max_depth": 15.101923494848283, "n_estimators": 238.64780197666533}, "datetime": {"datetime": "2021-09-28 07:47:05", "elapsed": 173.81922, "delta": 1.690907}}
{"target": -16.861292342703077, "params": {"eta": 0.2145753087044457, "max_depth": 11.40199856573534, "n_estimators": 205.75863164311593}, "datetime": {"datetime": "2021-09-28 07:47:07", "elapsed": 175.486429, "delta": 1.667209}}
{"target": -17.960978209389037, "params": {"eta": 0.47555444622956256, "max_depth": 23.038350615161676, "n_estimators": 249.22712508222344}, "datetime": {"datetime": "2021-09-28 07:47:10", "elapsed": 178.048214, "delta": 2.561785}}
{"target": -16.71326013141829, "params": {"eta": 0.07559264007180017, "max_depth": 11.093591197244647, "n_estimators": 234.95248869106265}, "datetime": {"datetime": "2021-09-28 07:47:13", "elapsed": 181.717772, "delta": 3.669558}}
{"target": -17.22871567813015, "params": {"eta": 0.4097839794224791, "max_depth": 13.959948615107646, "n_estimators": 246.49284300601005}, "datetime": {"datetime": "2021-09-28 07:47:14", "elapsed": 182.884895, "delta": 1.167123}}
{"target": -17.590652742269963, "params": {"eta": 0.4142020092376818, "max_depth": 9.197060103742514, "n_estimators": 243.47480898984858}, "datetime": {"datetime": "2021-09-28 07:47:16", "elapsed": 184.610057, "delta": 1.725162}}
{"target": -17.228194602239814, "params": {"eta": 0.07570348290447194, "max_depth": 17.137767502237264, "n_estimators": 228.13306550020945}, "datetime": {"datetime": "2021-09-28 07:47:19", "elapsed": 187.218516, "delta": 2.608459}}
{"target": -17.142637139811846, "params": {"eta": 0.3602094984242715, "max_depth": 23.42079196230148, "n_estimators": 232.75735726005456}, "datetime": {"datetime": "2021-09-28 07:47:20", "elapsed": 188.833665, "delta": 1.615149}}
{"target": -17.238613168768353, "params": {"eta": 0.3560175152717705, "max_depth": 9.70297317732076, "n_estimators": 230.9260505672821}, "datetime": {"datetime": "2021-09-28 07:47:22", "elapsed": 190.363015, "delta": 1.52935}}
{"target": -16.437154281903155, "params": {"eta": 0.1567763548637551, "max_depth": 14.856829057618047, "n_estimators": 241.07356253408219}, "datetime": {"datetime": "2021-09-28 07:47:24", "elapsed": 192.874563, "delta": 2.511548}}
{"target": -17.149785457671175, "params": {"eta": 0.41687771181285815, "max_depth": 23.266614253690562, "n_estimators": 244.73481108200448}, "datetime": {"datetime": "2021-09-28 07:47:26", "elapsed": 194.441946, "delta": 1.567383}}
{"target": -16.35038577885676, "params": {"eta": 0.035, "max_depth": 10.18278425123159, "n_estimators": 230.86133894192182}, "datetime": {"datetime": "2021-09-28 07:47:29", "elapsed": 196.98652, "delta": 2.544574}}
{"target": -17.49013546877667, "params": {"eta": 0.29643181236854943, "max_depth": 10.80085589272679, "n_estimators": 234.63297883537518}, "datetime": {"datetime": "2021-09-28 07:47:30", "elapsed": 198.349182, "delta": 1.362662}}
{"target": -16.829257146816847, "params": {"eta": 0.10255731179808095, "max_depth": 23.48126412477923, "n_estimators": 233.26841690863753}, "datetime": {"datetime": "2021-09-28 07:47:32", "elapsed": 200.378227, "delta": 2.029045}}
{"target": -16.150095380591885, "params": {"eta": 0.08278055118543827, "max_depth": 29.95140007687174, "n_estimators": 229.0340589950283}, "datetime": {"datetime": "2021-09-28 07:47:35", "elapsed": 203.092526, "delta": 2.714299}}
{"target": -17.523573558692185, "params": {"eta": 0.27290461260731425, "max_depth": 11.445384005174297, "n_estimators": 234.5781734909835}, "datetime": {"datetime": "2021-09-28 07:47:36", "elapsed": 204.88381, "delta": 1.791284}}
{"target": -16.161534205694963, "params": {"eta": 0.19642480963368117, "max_depth": 9.852164962616135, "n_estimators": 243.47362398928087}, "datetime": {"datetime": "2021-09-28 07:47:38", "elapsed": 205.974843, "delta": 1.091033}}
{"target": -15.788730833168833, "params": {"eta": 0.21120228468658425, "max_depth": 14.441555563395239, "n_estimators": 207.598602790108}, "datetime": {"datetime": "2021-09-28 07:47:40", "elapsed": 208.256169, "delta": 2.281326}}
{"target": -16.69682257501158, "params": {"eta": 0.07265411156764887, "max_depth": 14.183514078824501, "n_estimators": 207.4182693242669}, "datetime": {"datetime": "2021-09-28 07:47:42", "elapsed": 210.816333, "delta": 2.560164}}
{"target": -16.372322551488427, "params": {"eta": 0.1303131146192965, "max_depth": 22.405646440604382, "n_estimators": 224.94116488029636}, "datetime": {"datetime": "2021-09-28 07:47:45", "elapsed": 213.181003, "delta": 2.36467}}
{"target": -16.067252377669455, "params": {"eta": 0.31916488009417965, "max_depth": 15.616013260638518, "n_estimators": 239.02495109684827}, "datetime": {"datetime": "2021-09-28 07:47:46", "elapsed": 214.420621, "delta": 1.239618}}
{"target": -16.380372827944434, "params": {"eta": 0.37707417065300775, "max_depth": 14.302427351628335, "n_estimators": 207.96072873314208}, "datetime": {"datetime": "2021-09-28 07:47:49", "elapsed": 216.930884, "delta": 2.510263}}
{"target": -16.36829268437124, "params": {"eta": 0.39155335187874685, "max_depth": 14.854337344935363, "n_estimators": 207.40858619690965}, "datetime": {"datetime": "2021-09-28 07:47:50", "elapsed": 218.179064, "delta": 1.24818}}
{"target": -16.3299298590681, "params": {"eta": 0.035, "max_depth": 22.628731285954164, "n_estimators": 225.35339706990723}, "datetime": {"datetime": "2021-09-28 07:47:53", "elapsed": 221.09791, "delta": 2.918846}}
{"target": -16.031370849228374, "params": {"eta": 0.035, "max_depth": 9.809356066558138, "n_estimators": 243.87943173885003}, "datetime": {"datetime": "2021-09-28 07:47:55", "elapsed": 223.79944, "delta": 2.70153}}
{"target": -18.577097218369225, "params": {"eta": 0.46091413659873826, "max_depth": 11.903083449283589, "n_estimators": 249.01122290337486}, "datetime": {"datetime": "2021-09-28 07:47:56", "elapsed": 224.917226, "delta": 1.117786}}
{"target": -15.615653892118337, "params": {"eta": 0.09626182870606925, "max_depth": 15.06990625595149, "n_estimators": 242.65618972188452}, "datetime": {"datetime": "2021-09-28 07:47:59", "elapsed": 227.449612, "delta": 2.532386}}
{"target": -17.2433936201867, "params": {"eta": 0.324297222313753, "max_depth": 15.306663452888166, "n_estimators": 242.46840047178716}, "datetime": {"datetime": "2021-09-28 07:48:01", "elapsed": 229.419713, "delta": 1.970101}}
{"target": -15.525267969001582, "params": {"eta": 0.08039871757906851, "max_depth": 24.392065075499843, "n_estimators": 221.56549905046944}, "datetime": {"datetime": "2021-09-28 07:48:04", "elapsed": 232.092047, "delta": 2.672334}}
{"target": -15.824442653678378, "params": {"eta": 0.33369863200799854, "max_depth": 24.605511044939963, "n_estimators": 221.53434755615967}, "datetime": {"datetime": "2021-09-28 07:48:05", "elapsed": 233.858469, "delta": 1.766422}}
{"target": -16.32024119051545, "params": {"eta": 0.09422322146686936, "max_depth": 22.719579775356806, "n_estimators": 202.77936382120788}, "datetime": {"datetime": "2021-09-28 07:48:08", "elapsed": 236.456262, "delta": 2.597793}}
{"target": -17.493431444608134, "params": {"eta": 0.444114986272652, "max_depth": 23.85528040772775, "n_estimators": 221.46596464459978}, "datetime": {"datetime": "2021-09-28 07:48:09", "elapsed": 237.616082, "delta": 1.15982}}
{"target": -16.412936950126408, "params": {"eta": 0.1458640986640456, "max_depth": 24.583908204402427, "n_estimators": 221.92418209647212}, "datetime": {"datetime": "2021-09-28 07:48:12", "elapsed": 240.259137, "delta": 2.643055}}
{"target": -17.706690268159957, "params": {"eta": 0.2830195474889301, "max_depth": 14.7244760946969, "n_estimators": 242.86018413349979}, "datetime": {"datetime": "2021-09-28 07:48:13", "elapsed": 241.742625, "delta": 1.483488}}
{"target": -16.68336001447902, "params": {"eta": 0.13707730602202928, "max_depth": 24.50234729243508, "n_estimators": 221.10219095228166}, "datetime": {"datetime": "2021-09-28 07:48:16", "elapsed": 244.518812, "delta": 2.776187}}
{"target": -17.52387418851209, "params": {"eta": 0.4289822913834176, "max_depth": 22.640307548861227, "n_estimators": 225.31021197727108}, "datetime": {"datetime": "2021-09-28 07:48:18", "elapsed": 246.308414, "delta": 1.789602}}
{"target": -16.99826824417104, "params": {"eta": 0.3642856629817287, "max_depth": 9.982146225271887, "n_estimators": 243.84860594458615}, "datetime": {"datetime": "2021-09-28 07:48:20", "elapsed": 248.341478, "delta": 2.033064}}
{"target": -17.401665528979265, "params": {"eta": 0.18301736702834645, "max_depth": 20.307373462327323, "n_estimators": 202.93006404343265}, "datetime": {"datetime": "2021-09-28 07:48:22", "elapsed": 250.040561, "delta": 1.699083}}
{"target": -15.872824441040919, "params": {"eta": 0.05391364871079747, "max_depth": 15.504742187950162, "n_estimators": 242.95843972613972}, "datetime": {"datetime": "2021-09-28 07:48:26", "elapsed": 253.963587, "delta": 3.923026}}
{"target": -16.57685796157877, "params": {"eta": 0.32101406651419806, "max_depth": 24.277644190155343, "n_estimators": 221.77956273458196}, "datetime": {"datetime": "2021-09-28 07:48:28", "elapsed": 256.155318, "delta": 2.191731}}
{"target": -19.217722203645334, "params": {"eta": 0.4541636830788499, "max_depth": 15.585223652574626, "n_estimators": 243.24403148380418}, "datetime": {"datetime": "2021-09-28 07:48:29", "elapsed": 257.801443, "delta": 1.646125}}
{"target": -17.336515104428692, "params": {"eta": 0.23706577074315507, "max_depth": 14.369525971743315, "n_estimators": 200.95277386660158}, "datetime": {"datetime": "2021-09-28 07:48:31", "elapsed": 259.174363, "delta": 1.37292}}
{"target": -17.406145843641784, "params": {"eta": 0.25508184480080937, "max_depth": 24.046352708251224, "n_estimators": 242.72242302831555}, "datetime": {"datetime": "2021-09-28 07:48:32", "elapsed": 260.863108, "delta": 1.688745}}
{"target": -18.040705920547204, "params": {"eta": 0.46999557497616307, "max_depth": 14.24784663245059, "n_estimators": 207.5281349913406}, "datetime": {"datetime": "2021-09-28 07:48:34", "elapsed": 262.11201, "delta": 1.248902}}
{"target": -16.933658632532676, "params": {"eta": 0.335181513627962, "max_depth": 13.608417191754807, "n_estimators": 236.025026094696}, "datetime": {"datetime": "2021-09-28 07:48:35", "elapsed": 263.507082, "delta": 1.395072}}
{"target": -20.459447367568266, "params": {"eta": 0.48816678898001975, "max_depth": 10.769234418769358, "n_estimators": 222.85897939804588}, "datetime": {"datetime": "2021-09-28 07:48:36", "elapsed": 264.448445, "delta": 0.941363}}
{"target": -16.441951959861157, "params": {"eta": 0.035, "max_depth": 11.058523036923853, "n_estimators": 234.13982462124818}, "datetime": {"datetime": "2021-09-28 07:48:39", "elapsed": 267.038294, "delta": 2.589849}}
{"target": -16.01875524834021, "params": {"eta": 0.08919913240305563, "max_depth": 24.95468161429307, "n_estimators": 221.7005279047224}, "datetime": {"datetime": "2021-09-28 07:48:42", "elapsed": 270.346179, "delta": 3.307885}}
{"target": -17.409414063958852, "params": {"eta": 0.2777119680072859, "max_depth": 25.081104025879814, "n_estimators": 225.5190662626652}, "datetime": {"datetime": "2021-09-28 07:48:43", "elapsed": 271.851781, "delta": 1.505602}}
{"target": -16.298473468935892, "params": {"eta": 0.3404787622056743, "max_depth": 24.977551956562106, "n_estimators": 221.36435133023974}, "datetime": {"datetime": "2021-09-28 07:48:45", "elapsed": 273.882464, "delta": 2.030683}}
{"target": -16.10052570102368, "params": {"eta": 0.19350681087706337, "max_depth": 26.94610439451135, "n_estimators": 224.793013450997}, "datetime": {"datetime": "2021-09-28 07:48:47", "elapsed": 275.874421, "delta": 1.991957}}
{"target": -16.100329773764997, "params": {"eta": 0.15387460542565753, "max_depth": 24.518358582408403, "n_estimators": 221.46651957783064}, "datetime": {"datetime": "2021-09-28 07:48:50", "elapsed": 277.937685, "delta": 2.063264}}
{"target": -16.989445515164928, "params": {"eta": 0.12204090268142606, "max_depth": 16.19341711071312, "n_estimators": 242.61887051242354}, "datetime": {"datetime": "2021-09-28 07:48:51", "elapsed": 279.894806, "delta": 1.957121}}
{"target": -16.823090510407486, "params": {"eta": 0.0859621767174623, "max_depth": 15.325415140368362, "n_estimators": 242.6998465834336}, "datetime": {"datetime": "2021-09-28 07:48:54", "elapsed": 282.832592, "delta": 2.937786}}
{"target": -16.202240484810755, "params": {"eta": 0.2130847834310192, "max_depth": 26.91681714259358, "n_estimators": 224.592589311824}, "datetime": {"datetime": "2021-09-28 07:48:57", "elapsed": 285.091577, "delta": 2.258985}}
{"target": -15.762355871386571, "params": {"eta": 0.09916508905893442, "max_depth": 9.970292704936373, "n_estimators": 231.1560283217527}, "datetime": {"datetime": "2021-09-28 07:48:59", "elapsed": 287.635949, "delta": 2.544372}}
{"target": -16.741489120362797, "params": {"eta": 0.4308487557619134, "max_depth": 20.84972358797162, "n_estimators": 230.0302900639101}, "datetime": {"datetime": "2021-09-28 07:49:00", "elapsed": 288.818096, "delta": 1.182147}}
{"target": -16.235390249990317, "params": {"eta": 0.13746008981707158, "max_depth": 9.66531853723638, "n_estimators": 243.2813866988201}, "datetime": {"datetime": "2021-09-28 07:49:03", "elapsed": 290.970602, "delta": 2.152506}}
{"target": -16.989381767269172, "params": {"eta": 0.15786355939487817, "max_depth": 7.7436384105373, "n_estimators": 215.98947318340035}, "datetime": {"datetime": "2021-09-28 07:49:04", "elapsed": 292.603782, "delta": 1.63318}}
{"target": -15.69932184703528, "params": {"eta": 0.3949140015926178, "max_depth": 26.905805856141114, "n_estimators": 224.7481960294718}, "datetime": {"datetime": "2021-09-28 07:49:06", "elapsed": 294.280016, "delta": 1.676234}}
{"target": -16.078168079556434, "params": {"eta": 0.1558769605099791, "max_depth": 17.06692173323046, "n_estimators": 206.7617809781631}, "datetime": {"datetime": "2021-09-28 07:49:08", "elapsed": 296.27595, "delta": 1.995934}}
{"target": -18.27738548882391, "params": {"eta": 0.4803734199112357, "max_depth": 9.776107053437876, "n_estimators": 226.46322895935876}, "datetime": {"datetime": "2021-09-28 07:49:10", "elapsed": 298.081423, "delta": 1.805473}}
{"target": -16.31505796146526, "params": {"eta": 0.09823623101789355, "max_depth": 24.636830669482976, "n_estimators": 221.65457600388672}, "datetime": {"datetime": "2021-09-28 07:49:13", "elapsed": 301.324707, "delta": 3.243284}}
{"target": -17.245744403496662, "params": {"eta": 0.2737381101131112, "max_depth": 10.044808666166976, "n_estimators": 230.93413849209907}, "datetime": {"datetime": "2021-09-28 07:49:14", "elapsed": 302.545399, "delta": 1.220692}}
{"target": -16.76094655371475, "params": {"eta": 0.3036804146881027, "max_depth": 24.81419203922775, "n_estimators": 221.78374063822622}, "datetime": {"datetime": "2021-09-28 07:49:15", "elapsed": 303.917363, "delta": 1.371964}}
{"target": -16.959348331916928, "params": {"eta": 0.14791173733495494, "max_depth": 21.577050444827886, "n_estimators": 223.6855301635551}, "datetime": {"datetime": "2021-09-28 07:49:17", "elapsed": 305.660529, "delta": 1.743166}}
{"target": -16.908776388881048, "params": {"eta": 0.05153579477158324, "max_depth": 15.016713296480592, "n_estimators": 242.42279612408674}, "datetime": {"datetime": "2021-09-28 07:49:20", "elapsed": 308.490044, "delta": 2.829515}}
{"target": -17.458859904955304, "params": {"eta": 0.24983525379580973, "max_depth": 26.7592915825323, "n_estimators": 224.72421873428976}, "datetime": {"datetime": "2021-09-28 07:49:22", "elapsed": 310.242417, "delta": 1.752373}}
{"target": -16.265737498066414, "params": {"eta": 0.19283282569387022, "max_depth": 9.743565487688192, "n_estimators": 243.69478788439525}, "datetime": {"datetime": "2021-09-28 07:49:24", "elapsed": 312.030609, "delta": 1.788192}}
{"target": -17.45784971107309, "params": {"eta": 0.23674279287224845, "max_depth": 27.111891605549197, "n_estimators": 224.60695113732532}, "datetime": {"datetime": "2021-09-28 07:49:25", "elapsed": 313.791283, "delta": 1.760674}}
{"target": -15.627753814831896, "params": {"eta": 0.32869581319028596, "max_depth": 24.470709552260026, "n_estimators": 221.61337015836497}, "datetime": {"datetime": "2021-09-28 07:49:27", "elapsed": 315.254616, "delta": 1.463333}}
{"target": -16.219775581361866, "params": {"eta": 0.12039846096136776, "max_depth": 14.412010517117508, "n_estimators": 207.79246875022412}, "datetime": {"datetime": "2021-09-28 07:49:29", "elapsed": 317.16871, "delta": 1.914094}}
{"target": -16.356675061376407, "params": {"eta": 0.233299915278843, "max_depth": 14.671838161000093, "n_estimators": 207.73535292327728}, "datetime": {"datetime": "2021-09-28 07:49:31", "elapsed": 319.10044, "delta": 1.93173}}
{"target": -16.404429606644868, "params": {"eta": 0.12587587086131946, "max_depth": 24.159633964258223, "n_estimators": 221.63678756360102}, "datetime": {"datetime": "2021-09-28 07:49:33", "elapsed": 320.973571, "delta": 1.873131}}
{"target": -16.774488139682305, "params": {"eta": 0.26561772557477964, "max_depth": 24.318412502279514, "n_estimators": 221.47092256212608}, "datetime": {"datetime": "2021-09-28 07:49:34", "elapsed": 322.861386, "delta": 1.887815}}
{"target": -15.81786267106708, "params": {"eta": 0.1505039829947321, "max_depth": 29.60413634532151, "n_estimators": 228.49395105312328}, "datetime": {"datetime": "2021-09-28 07:49:36", "elapsed": 324.926372, "delta": 2.064986}}
