{"target": -17.60049776853105, "params": {"eta": 0.4256894041816654, "max_depth": 29.78481188564516, "n_estimators": 160.4959128991089}, "datetime": {"datetime": "2021-09-27 21:05:05", "elapsed": 80.619201, "delta": 1.035}}
{"target": -26.94921223048434, "params": {"eta": 1.0, "max_depth": 24.966761702118752, "n_estimators": 160.17228758920012}, "datetime": {"datetime": "2021-09-27 21:05:06", "elapsed": 81.716201, "delta": 1.097}}
{"target": -18.402648607228826, "params": {"eta": 0.38163298475328883, "max_depth": 29.83773832439919, "n_estimators": 155.64850746195302}, "datetime": {"datetime": "2021-09-27 21:05:07", "elapsed": 82.871199, "delta": 1.154998}}
{"target": -18.024469923118662, "params": {"eta": 0.05316539803954946, "max_depth": 29.966093315330077, "n_estimators": 149.99828534177666}, "datetime": {"datetime": "2021-09-27 21:05:09", "elapsed": 84.813949, "delta": 1.94275}}
{"target": -26.985663355313662, "params": {"eta": 1.0, "max_depth": 30.0, "n_estimators": 31.656181169276238}, "datetime": {"datetime": "2021-09-27 21:05:10", "elapsed": 85.540949, "delta": 0.727}}
{"target": -18.624220213078235, "params": {"eta": 0.29542859679827016, "max_depth": 23.63364518271706, "n_estimators": 32.16040568280981}, "datetime": {"datetime": "2021-09-27 21:05:10", "elapsed": 86.315953, "delta": 0.775004}}
{"target": -27.002092913696107, "params": {"eta": 1.0, "max_depth": 26.083709033479646, "n_estimators": 36.50302173068922}, "datetime": {"datetime": "2021-09-27 21:05:11", "elapsed": 87.232044, "delta": 0.916091}}
{"target": -17.24951130545908, "params": {"eta": 0.07988485675814415, "max_depth": 19.625732971175232, "n_estimators": 35.516630038418256}, "datetime": {"datetime": "2021-09-27 21:05:12", "elapsed": 87.964042, "delta": 0.731998}}
{"target": -20.168848739211256, "params": {"eta": 0.5059167434777124, "max_depth": 15.3923132008992, "n_estimators": 39.00928009717275}, "datetime": {"datetime": "2021-09-27 21:05:13", "elapsed": 88.760182, "delta": 0.79614}}
{"target": -18.333589990043603, "params": {"eta": 0.23023934846495533, "max_depth": 20.092964835560544, "n_estimators": 40.19154906694576}, "datetime": {"datetime": "2021-09-27 21:05:14", "elapsed": 89.721865, "delta": 0.961683}}
{"target": -27.002092913696107, "params": {"eta": 1.0, "max_depth": 26.284462807593307, "n_estimators": 27.11071190314778}, "datetime": {"datetime": "2021-09-27 21:05:15", "elapsed": 90.664866, "delta": 0.943001}}
{"target": -24.166241718405985, "params": {"eta": 0.3977760679232234, "max_depth": 1.0071804667026107, "n_estimators": 40.08623455099637}, "datetime": {"datetime": "2021-09-27 21:05:15", "elapsed": 91.205077, "delta": 0.540211}}
{"target": -17.589442192976545, "params": {"eta": 0.42850378130957145, "max_depth": 7.460126993953823, "n_estimators": 39.214089414790884}, "datetime": {"datetime": "2021-09-27 21:05:16", "elapsed": 91.923075, "delta": 0.717998}}
{"target": -25.661328404299223, "params": {"eta": 1.0, "max_depth": 3.768951754690339, "n_estimators": 35.55553947848883}, "datetime": {"datetime": "2021-09-27 21:05:17", "elapsed": 92.599078, "delta": 0.676003}}
{"target": -25.592793533604148, "params": {"eta": 0.7582181287949497, "max_depth": 4.905433862451694, "n_estimators": 44.22646127083144}, "datetime": {"datetime": "2021-09-27 21:05:18", "elapsed": 93.389758, "delta": 0.79068}}
{"target": -27.293029412735812, "params": {"eta": 1.0, "max_depth": 9.792487629146931, "n_estimators": 1.0}, "datetime": {"datetime": "2021-09-27 21:05:18", "elapsed": 93.851762, "delta": 0.462004}}
{"target": -29.750378855731004, "params": {"eta": 0.977287504461189, "max_depth": 19.279208713678106, "n_estimators": 30.180077600748373}, "datetime": {"datetime": "2021-09-27 21:05:19", "elapsed": 94.463342, "delta": 0.61158}}
{"target": -27.857863750162277, "params": {"eta": 1.0, "max_depth": 11.191710323387912, "n_estimators": 41.83893622378203}, "datetime": {"datetime": "2021-09-27 21:05:19", "elapsed": 95.290667, "delta": 0.827325}}
{"target": -23.94656153876019, "params": {"eta": 0.42834202779657216, "max_depth": 1.1783612605577956, "n_estimators": 49.14242686053549}, "datetime": {"datetime": "2021-09-27 21:05:20", "elapsed": 95.903669, "delta": 0.613002}}
{"target": -18.402274340409686, "params": {"eta": 0.28021965295751133, "max_depth": 29.926747696237328, "n_estimators": 20.132913800309506}, "datetime": {"datetime": "2021-09-27 21:05:21", "elapsed": 96.580666, "delta": 0.676997}}
{"target": -28.853353292527284, "params": {"eta": 0.9212222079407807, "max_depth": 11.51026437434984, "n_estimators": 36.03449510597808}, "datetime": {"datetime": "2021-09-27 21:05:21", "elapsed": 97.233948, "delta": 0.653282}}
{"target": -24.79791850733762, "params": {"eta": 0.2701547351279109, "max_depth": 1.1523840320823773, "n_estimators": 199.95616029148994}, "datetime": {"datetime": "2021-09-27 21:05:22", "elapsed": 98.053945, "delta": 0.819997}}
{"target": -24.641309489366, "params": {"eta": 0.951915783460682, "max_depth": 3.236985912968863, "n_estimators": 125.30029527879952}, "datetime": {"datetime": "2021-09-27 21:05:23", "elapsed": 98.776947, "delta": 0.723002}}
{"target": -19.41599069459309, "params": {"eta": 0.5015661189120914, "max_depth": 29.887141200767996, "n_estimators": 24.293908841332293}, "datetime": {"datetime": "2021-09-27 21:05:24", "elapsed": 99.784595, "delta": 1.007648}}
{"target": -52.22643290191853, "params": {"eta": 0.4776163818551038, "max_depth": 29.932154644050918, "n_estimators": 1.3797109944860908}, "datetime": {"datetime": "2021-09-27 21:05:24", "elapsed": 100.330596, "delta": 0.546001}}
{"target": -26.886588201195842, "params": {"eta": 1.0, "max_depth": 1.0, "n_estimators": 193.53261134028676}, "datetime": {"datetime": "2021-09-27 21:05:25", "elapsed": 101.104376, "delta": 0.77378}}
{"target": -27.727956727560787, "params": {"eta": 0.9938002909568614, "max_depth": 29.98296210313322, "n_estimators": 169.50962047673025}, "datetime": {"datetime": "2021-09-27 21:05:26", "elapsed": 102.010374, "delta": 0.905998}}
{"target": -91.81158707196832, "params": {"eta": 0.05759465148042553, "max_depth": 3.6495645988404037, "n_estimators": 1.0988601789634482}, "datetime": {"datetime": "2021-09-27 21:05:27", "elapsed": 102.680377, "delta": 0.670003}}
{"target": -27.125029227183656, "params": {"eta": 1.0, "max_depth": 14.252660079556838, "n_estimators": 3.319711352245009}, "datetime": {"datetime": "2021-09-27 21:05:27", "elapsed": 103.234881, "delta": 0.554504}}
{"target": -26.985663355313662, "params": {"eta": 1.0, "max_depth": 30.0, "n_estimators": 183.4579492514904}, "datetime": {"datetime": "2021-09-27 21:05:28", "elapsed": 104.11688, "delta": 0.881999}}
{"target": -17.800938747784485, "params": {"eta": 0.0538935607258932, "max_depth": 8.869187772932536, "n_estimators": 162.9875947465205}, "datetime": {"datetime": "2021-09-27 21:05:30", "elapsed": 105.415033, "delta": 1.298153}}
{"target": -19.220534565720907, "params": {"eta": 0.3031120092090418, "max_depth": 13.651472105756243, "n_estimators": 161.34302779390677}, "datetime": {"datetime": "2021-09-27 21:05:31", "elapsed": 106.688038, "delta": 1.273005}}
{"target": -27.744819438452534, "params": {"eta": 1.0, "max_depth": 4.657285612243784, "n_estimators": 106.1377331817495}, "datetime": {"datetime": "2021-09-27 21:05:32", "elapsed": 107.578706, "delta": 0.890668}}
{"target": -88.1593975817273, "params": {"eta": 0.001, "max_depth": 1.0, "n_estimators": 96.25914991194563}, "datetime": {"datetime": "2021-09-27 21:05:32", "elapsed": 108.310704, "delta": 0.731998}}
{"target": -35.63734626568319, "params": {"eta": 0.12549439206568933, "max_depth": 18.154689969990873, "n_estimators": 8.581331695181227}, "datetime": {"datetime": "2021-09-27 21:05:33", "elapsed": 108.930926, "delta": 0.620222}}
{"target": -28.212238383561573, "params": {"eta": 1.0, "max_depth": 13.391404393496313, "n_estimators": 181.67185746096587}, "datetime": {"datetime": "2021-09-27 21:05:34", "elapsed": 109.770673, "delta": 0.839747}}
{"target": -25.8259095037278, "params": {"eta": 1.0, "max_depth": 1.0, "n_estimators": 135.22347823174033}, "datetime": {"datetime": "2021-09-27 21:05:35", "elapsed": 110.452671, "delta": 0.681998}}
{"target": -23.96794371097279, "params": {"eta": 0.2913520367748344, "max_depth": 1.0033874308393407, "n_estimators": 25.569502655775782}, "datetime": {"datetime": "2021-09-27 21:05:35", "elapsed": 111.059856, "delta": 0.607185}}
{"target": -17.43881020802124, "params": {"eta": 0.42058701816317773, "max_depth": 29.985053754576676, "n_estimators": 86.59507621952879}, "datetime": {"datetime": "2021-09-27 21:05:36", "elapsed": 111.987857, "delta": 0.928001}}
{"target": -94.34708908516734, "params": {"eta": 0.001, "max_depth": 1.0, "n_estimators": 31.072961925900348}, "datetime": {"datetime": "2021-09-27 21:05:37", "elapsed": 112.780862, "delta": 0.793005}}
{"target": -25.56365017078565, "params": {"eta": 0.1708641797384574, "max_depth": 1.4257546864051263, "n_estimators": 20.83372036689667}, "datetime": {"datetime": "2021-09-27 21:05:38", "elapsed": 113.371112, "delta": 0.59025}}
{"target": -28.23932718353996, "params": {"eta": 0.8985215357827512, "max_depth": 25.351371505003602, "n_estimators": 108.33527454006455}, "datetime": {"datetime": "2021-09-27 21:05:38", "elapsed": 114.212112, "delta": 0.841}}
{"target": -91.64408228029363, "params": {"eta": 0.001, "max_depth": 20.530090996101766, "n_estimators": 62.05836995375602}, "datetime": {"datetime": "2021-09-27 21:05:39", "elapsed": 114.974116, "delta": 0.762004}}
{"target": -18.242999344042286, "params": {"eta": 0.3694136643377886, "max_depth": 20.253879465336386, "n_estimators": 86.83693937349891}, "datetime": {"datetime": "2021-09-27 21:05:40", "elapsed": 115.922116, "delta": 0.948}}
{"target": -17.944238241459015, "params": {"eta": 0.0943071281659936, "max_depth": 20.23737564705819, "n_estimators": 55.33242098866771}, "datetime": {"datetime": "2021-09-27 21:05:41", "elapsed": 116.860117, "delta": 0.938001}}
{"target": -19.827421096241604, "params": {"eta": 0.6697098957273274, "max_depth": 16.897101042221507, "n_estimators": 135.84830081755788}, "datetime": {"datetime": "2021-09-27 21:05:42", "elapsed": 117.736375, "delta": 0.876258}}
{"target": -27.887454054760276, "params": {"eta": 0.872631988504218, "max_depth": 16.712746683144132, "n_estimators": 90.3236563591027}, "datetime": {"datetime": "2021-09-27 21:05:43", "elapsed": 118.60039, "delta": 0.864015}}
{"target": -26.962493734768717, "params": {"eta": 1.0, "max_depth": 25.925318539965744, "n_estimators": 67.76840812268885}, "datetime": {"datetime": "2021-09-27 21:05:44", "elapsed": 119.546183, "delta": 0.945793}}
{"target": -87.97791623591304, "params": {"eta": 0.001, "max_depth": 27.207084776711934, "n_estimators": 103.19744162500508}, "datetime": {"datetime": "2021-09-27 21:05:45", "elapsed": 120.585185, "delta": 1.039002}}
{"target": -18.44498607310978, "params": {"eta": 0.1279368522794311, "max_depth": 28.720748359294895, "n_estimators": 96.11258024401019}, "datetime": {"datetime": "2021-09-27 21:05:46", "elapsed": 121.760809, "delta": 1.175624}}
{"target": -26.052553374570493, "params": {"eta": 0.8203421691444078, "max_depth": 18.434971988553094, "n_estimators": 106.50635327245718}, "datetime": {"datetime": "2021-09-27 21:05:47", "elapsed": 122.71681, "delta": 0.956001}}
{"target": -18.103327849629398, "params": {"eta": 0.07193782241822717, "max_depth": 28.892225010335046, "n_estimators": 110.72819561664015}, "datetime": {"datetime": "2021-09-27 21:05:49", "elapsed": 124.813038, "delta": 2.096228}}
{"target": -29.48548303321775, "params": {"eta": 0.9775269530412168, "max_depth": 14.159252555083365, "n_estimators": 67.09075788522593}, "datetime": {"datetime": "2021-09-27 21:05:50", "elapsed": 125.719039, "delta": 0.906001}}
{"target": -19.19533735008508, "params": {"eta": 0.23672227081132277, "max_depth": 9.061922612036135, "n_estimators": 135.8799564223834}, "datetime": {"datetime": "2021-09-27 21:05:51", "elapsed": 126.793042, "delta": 1.074003}}
{"target": -26.85529617271817, "params": {"eta": 1.0, "max_depth": 19.497390189509225, "n_estimators": 142.2735140333595}, "datetime": {"datetime": "2021-09-27 21:05:52", "elapsed": 127.63233, "delta": 0.839288}}
{"target": -24.22058267269655, "params": {"eta": 0.7360490258691688, "max_depth": 12.75526217121595, "n_estimators": 164.78548527587895}, "datetime": {"datetime": "2021-09-27 21:05:53", "elapsed": 128.887328, "delta": 1.254998}}
{"target": -19.341400708565175, "params": {"eta": 0.16741269818796323, "max_depth": 29.431949512373887, "n_estimators": 164.45886683348147}, "datetime": {"datetime": "2021-09-27 21:05:54", "elapsed": 130.341941, "delta": 1.454613}}
{"target": -26.412980361451332, "params": {"eta": 1.0, "max_depth": 18.168683327837915, "n_estimators": 159.79462960589913}, "datetime": {"datetime": "2021-09-27 21:05:55", "elapsed": 131.365212, "delta": 1.023271}}
{"target": -26.799932931439923, "params": {"eta": 1.0, "max_depth": 21.008477975293523, "n_estimators": 113.36390694434864}, "datetime": {"datetime": "2021-09-27 21:05:57", "elapsed": 132.404213, "delta": 1.039001}}
{"target": -95.91587096719016, "params": {"eta": 0.001, "max_depth": 28.209758571226327, "n_estimators": 16.10939507679357}, "datetime": {"datetime": "2021-09-27 21:05:57", "elapsed": 133.220689, "delta": 0.816476}}
{"target": -18.062597028180107, "params": {"eta": 0.223251162302282, "max_depth": 23.897703028513025, "n_estimators": 94.19996568475123}, "datetime": {"datetime": "2021-09-27 21:05:59", "elapsed": 134.776513, "delta": 1.555824}}
{"target": -22.75438385049448, "params": {"eta": 0.6552041968137106, "max_depth": 5.784390115752572, "n_estimators": 132.02441865750012}, "datetime": {"datetime": "2021-09-27 21:06:00", "elapsed": 135.66223, "delta": 0.885717}}
{"target": -28.818175139998807, "params": {"eta": 0.988179659219871, "max_depth": 25.844261362742536, "n_estimators": 199.9523902881208}, "datetime": {"datetime": "2021-09-27 21:06:01", "elapsed": 136.846718, "delta": 1.184488}}
{"target": -91.27949144929012, "params": {"eta": 0.001, "max_depth": 7.839201628089688, "n_estimators": 66.30630056673583}, "datetime": {"datetime": "2021-09-27 21:06:02", "elapsed": 137.639904, "delta": 0.793186}}
{"target": -17.0702900936922, "params": {"eta": 0.07563026385503106, "max_depth": 9.689595085510824, "n_estimators": 60.08977781073899}, "datetime": {"datetime": "2021-09-27 21:06:03", "elapsed": 138.789903, "delta": 1.149999}}
{"target": -22.872401704387222, "params": {"eta": 0.6197364040049466, "max_depth": 5.7649182833334764, "n_estimators": 58.220260545433476}, "datetime": {"datetime": "2021-09-27 21:06:04", "elapsed": 139.852474, "delta": 1.062571}}
{"target": -28.212238383561573, "params": {"eta": 1.0, "max_depth": 13.609294557934914, "n_estimators": 62.32630472793795}, "datetime": {"datetime": "2021-09-27 21:06:05", "elapsed": 140.892473, "delta": 1.039999}}
{"target": -27.12755733333292, "params": {"eta": 1.0, "max_depth": 16.92891136148296, "n_estimators": 43.13956172738513}, "datetime": {"datetime": "2021-09-27 21:06:06", "elapsed": 141.708471, "delta": 0.815998}}
{"target": -84.79535573355352, "params": {"eta": 0.001, "max_depth": 24.00772410108237, "n_estimators": 140.98719859374222}, "datetime": {"datetime": "2021-09-27 21:06:07", "elapsed": 142.752472, "delta": 1.044001}}
{"target": -19.660526586407475, "params": {"eta": 0.5659543352923809, "max_depth": 27.03360733498886, "n_estimators": 147.14015213928113}, "datetime": {"datetime": "2021-09-27 21:06:08", "elapsed": 144.016056, "delta": 1.263584}}
{"target": -27.119892161732047, "params": {"eta": 1.0, "max_depth": 22.293601159575612, "n_estimators": 37.32097431792914}, "datetime": {"datetime": "2021-09-27 21:06:09", "elapsed": 145.115731, "delta": 1.099675}}
{"target": -25.939657454419674, "params": {"eta": 0.801621934080514, "max_depth": 5.211164596672152, "n_estimators": 162.3579423002429}, "datetime": {"datetime": "2021-09-27 21:06:10", "elapsed": 146.124732, "delta": 1.009001}}
{"target": -19.484838766649386, "params": {"eta": 0.17647671346686758, "max_depth": 16.032446535499652, "n_estimators": 169.33953248726613}, "datetime": {"datetime": "2021-09-27 21:06:12", "elapsed": 147.549879, "delta": 1.425147}}
{"target": -18.020445229158653, "params": {"eta": 0.14930034126439765, "max_depth": 13.250620288359023, "n_estimators": 133.11830202419125}, "datetime": {"datetime": "2021-09-27 21:06:13", "elapsed": 148.97888, "delta": 1.429001}}
{"target": -17.910750089001514, "params": {"eta": 0.4605552678320166, "max_depth": 16.299582578796112, "n_estimators": 34.69170891575275}, "datetime": {"datetime": "2021-09-27 21:06:14", "elapsed": 150.242404, "delta": 1.263524}}
{"target": -26.02141136044675, "params": {"eta": 1.0, "max_depth": 1.0, "n_estimators": 44.733590840603746}, "datetime": {"datetime": "2021-09-27 21:06:15", "elapsed": 151.117408, "delta": 0.875004}}
{"target": -28.907164634881898, "params": {"eta": 0.9676044735290112, "max_depth": 29.881459128891667, "n_estimators": 146.1924297208972}, "datetime": {"datetime": "2021-09-27 21:06:16", "elapsed": 152.356408, "delta": 1.239}}
{"target": -18.28207526298643, "params": {"eta": 0.12037838049354868, "max_depth": 17.238686479739176, "n_estimators": 70.1098851933147}, "datetime": {"datetime": "2021-09-27 21:06:18", "elapsed": 153.880436, "delta": 1.524028}}
{"target": -25.347893227943512, "params": {"eta": 0.9597118958506715, "max_depth": 27.210842879059253, "n_estimators": 152.88271521250346}, "datetime": {"datetime": "2021-09-27 21:06:19", "elapsed": 155.202473, "delta": 1.322037}}
{"target": -26.985663355313662, "params": {"eta": 1.0, "max_depth": 30.0, "n_estimators": 39.80136316451159}, "datetime": {"datetime": "2021-09-27 21:06:20", "elapsed": 156.248476, "delta": 1.046003}}
{"target": -88.15305289411423, "params": {"eta": 0.001, "max_depth": 19.072434557115386, "n_estimators": 101.39398414506265}, "datetime": {"datetime": "2021-09-27 21:06:22", "elapsed": 157.404704, "delta": 1.156228}}
{"target": -18.537418742082522, "params": {"eta": 0.22513797940040428, "max_depth": 20.160013252115352, "n_estimators": 95.01532877968398}, "datetime": {"datetime": "2021-09-27 21:06:24", "elapsed": 159.535295, "delta": 2.130591}}
{"target": -87.10725415977682, "params": {"eta": 0.001, "max_depth": 7.9291272218615205, "n_estimators": 113.63433922000517}, "datetime": {"datetime": "2021-09-27 21:06:25", "elapsed": 160.802754, "delta": 1.267459}}
{"target": -19.875594191074594, "params": {"eta": 0.668834729721491, "max_depth": 14.86893466469807, "n_estimators": 114.4181712041556}, "datetime": {"datetime": "2021-09-27 21:06:26", "elapsed": 162.0799, "delta": 1.277146}}
{"target": -24.94951989242281, "params": {"eta": 0.5940217868795488, "max_depth": 1.117225437362074, "n_estimators": 112.73200895692305}, "datetime": {"datetime": "2021-09-27 21:06:27", "elapsed": 162.916903, "delta": 0.837003}}
{"target": -18.36781300883627, "params": {"eta": 0.12199400696242407, "max_depth": 13.217807867110226, "n_estimators": 82.8315341571358}, "datetime": {"datetime": "2021-09-27 21:06:29", "elapsed": 164.610356, "delta": 1.693453}}
{"target": -36.90301234918628, "params": {"eta": 0.007326386818589069, "max_depth": 5.2919574854325, "n_estimators": 140.06024167175818}, "datetime": {"datetime": "2021-09-27 21:06:30", "elapsed": 165.862496, "delta": 1.25214}}
{"target": -26.47562381853485, "params": {"eta": 1.0, "max_depth": 9.808423167185543, "n_estimators": 12.702893074588655}, "datetime": {"datetime": "2021-09-27 21:06:31", "elapsed": 166.877497, "delta": 1.015001}}
{"target": -89.30144634999864, "params": {"eta": 0.001, "max_depth": 24.16383648324004, "n_estimators": 88.67767663958645}, "datetime": {"datetime": "2021-09-27 21:06:32", "elapsed": 167.966776, "delta": 1.089279}}
{"target": -19.290127389701638, "params": {"eta": 0.48387368934973607, "max_depth": 8.444714953391506, "n_estimators": 19.71351484511609}, "datetime": {"datetime": "2021-09-27 21:06:33", "elapsed": 168.782777, "delta": 0.816001}}
{"target": -27.684756869981275, "params": {"eta": 0.8983159028738542, "max_depth": 18.220028441473406, "n_estimators": 37.85526908943899}, "datetime": {"datetime": "2021-09-27 21:06:34", "elapsed": 170.096136, "delta": 1.313359}}
{"target": -26.93798641592847, "params": {"eta": 1.0, "max_depth": 17.31960305431415, "n_estimators": 56.19427890657415}, "datetime": {"datetime": "2021-09-27 21:06:35", "elapsed": 171.079138, "delta": 0.983002}}
{"target": -25.64849534000627, "params": {"eta": 0.8572628764182979, "max_depth": 4.492556630455029, "n_estimators": 39.61126526054335}, "datetime": {"datetime": "2021-09-27 21:06:36", "elapsed": 172.192138, "delta": 1.113}}
{"target": -26.34302175338777, "params": {"eta": 0.8462496595726324, "max_depth": 27.52136223384837, "n_estimators": 22.214513559504073}, "datetime": {"datetime": "2021-09-27 21:06:38", "elapsed": 173.45109, "delta": 1.258952}}
{"target": -26.569932452483613, "params": {"eta": 0.8318646816896904, "max_depth": 29.73329886637613, "n_estimators": 82.99648582240201}, "datetime": {"datetime": "2021-09-27 21:06:39", "elapsed": 174.686803, "delta": 1.235713}}
{"target": -27.953888115362158, "params": {"eta": 1.0, "max_depth": 7.5593567664520025, "n_estimators": 146.2538066089412}, "datetime": {"datetime": "2021-09-27 21:06:40", "elapsed": 175.690046, "delta": 1.003243}}
{"target": -26.083240468762632, "params": {"eta": 0.8716011245171854, "max_depth": 10.462323106001445, "n_estimators": 160.23942102278096}, "datetime": {"datetime": "2021-09-27 21:06:41", "elapsed": 176.994048, "delta": 1.304002}}
{"target": -91.78056768659543, "params": {"eta": 0.001, "max_depth": 2.672210214785119, "n_estimators": 60.99249438322365}, "datetime": {"datetime": "2021-09-27 21:06:42", "elapsed": 177.903559, "delta": 0.909511}}
