{"target": -27.496214003114634, "params": {"eta": 0.8720566164957898, "max_depth": 27.80205281783756, "n_estimators": 109.32448486708002}, "datetime": {"datetime": "2021-09-27 21:14:37", "elapsed": 652.841538, "delta": 3.537713}}
{"target": -18.47937002743677, "params": {"eta": 0.07929490924474811, "max_depth": 15.247295285495005, "n_estimators": 172.45827695535777}, "datetime": {"datetime": "2021-09-27 21:14:41", "elapsed": 657.249496, "delta": 4.407958}}
{"target": -20.077558266787, "params": {"eta": 0.02514342212678385, "max_depth": 17.911931384380352, "n_estimators": 80.48838173705421}, "datetime": {"datetime": "2021-09-27 21:14:45", "elapsed": 660.448719, "delta": 3.199223}}
{"target": -19.49463422246923, "params": {"eta": 0.29376920417375096, "max_depth": 3.857956295074917, "n_estimators": 199.2851034649191}, "datetime": {"datetime": "2021-09-27 21:14:48", "elapsed": 663.367446, "delta": 2.918727}}
{"target": -24.717000219424385, "params": {"eta": 0.7967841250477546, "max_depth": 15.963520592228111, "n_estimators": 110.82699251923387}, "datetime": {"datetime": "2021-09-27 21:14:50", "elapsed": 666.031801, "delta": 2.664355}}
{"target": -86.93449502198347, "params": {"eta": 0.001, "max_depth": 12.996502451951947, "n_estimators": 115.76669032695536}, "datetime": {"datetime": "2021-09-27 21:14:53", "elapsed": 668.968928, "delta": 2.937127}}
{"target": -17.966539687288947, "params": {"eta": 0.052989694880054436, "max_depth": 10.83638344456598, "n_estimators": 136.6754788251195}, "datetime": {"datetime": "2021-09-27 21:14:57", "elapsed": 673.339104, "delta": 4.370176}}
{"target": -26.763965550011974, "params": {"eta": 1.0, "max_depth": 5.975876273948362, "n_estimators": 46.75494198864501}, "datetime": {"datetime": "2021-09-27 21:15:00", "elapsed": 676.220694, "delta": 2.88159}}
{"target": -26.46642688333674, "params": {"eta": 1.0, "max_depth": 14.351831714743621, "n_estimators": 187.15216909004948}, "datetime": {"datetime": "2021-09-27 21:15:03", "elapsed": 679.22936, "delta": 3.008666}}
{"target": -18.980126467364197, "params": {"eta": 0.2823413967386599, "max_depth": 16.666828574440945, "n_estimators": 141.952038601091}, "datetime": {"datetime": "2021-09-27 21:15:07", "elapsed": 682.710474, "delta": 3.481114}}
{"target": -26.985663355313662, "params": {"eta": 1.0, "max_depth": 30.0, "n_estimators": 94.92079431633972}, "datetime": {"datetime": "2021-09-27 21:15:10", "elapsed": 685.824449, "delta": 3.113975}}
{"target": -22.441467800556033, "params": {"eta": 0.6858506369891835, "max_depth": 18.404833631516933, "n_estimators": 140.2966088766218}, "datetime": {"datetime": "2021-09-27 21:15:13", "elapsed": 689.293047, "delta": 3.468598}}
{"target": -27.119892161732047, "params": {"eta": 1.0, "max_depth": 22.66808802260588, "n_estimators": 123.74578653760868}, "datetime": {"datetime": "2021-09-27 21:15:17", "elapsed": 692.804373, "delta": 3.511326}}
{"target": -18.98483203205106, "params": {"eta": 0.23888736523624934, "max_depth": 28.034398552134608, "n_estimators": 25.374112833583084}, "datetime": {"datetime": "2021-09-27 21:15:20", "elapsed": 696.304284, "delta": 3.499911}}
{"target": -17.9108282065867, "params": {"eta": 0.2200498909853849, "max_depth": 4.474489760800235, "n_estimators": 165.04737455210295}, "datetime": {"datetime": "2021-09-27 21:15:24", "elapsed": 699.491168, "delta": 3.186884}}
{"target": -27.65535272901057, "params": {"eta": 0.9445728849942888, "max_depth": 22.51049765534597, "n_estimators": 180.95028028853523}, "datetime": {"datetime": "2021-09-27 21:15:27", "elapsed": 702.417918, "delta": 2.92675}}
{"target": -20.32823932952305, "params": {"eta": 0.7030996908351393, "max_depth": 3.991870334655584, "n_estimators": 118.1716850885609}, "datetime": {"datetime": "2021-09-27 21:15:30", "elapsed": 706.174843, "delta": 3.756925}}
{"target": -22.32952453729762, "params": {"eta": 0.6548673308256994, "max_depth": 8.563054164495838, "n_estimators": 158.51054894652788}, "datetime": {"datetime": "2021-09-27 21:15:34", "elapsed": 709.543336, "delta": 3.368493}}
{"target": -88.68103402248566, "params": {"eta": 0.001, "max_depth": 15.335919395047087, "n_estimators": 95.93582893829358}, "datetime": {"datetime": "2021-09-27 21:15:37", "elapsed": 712.999636, "delta": 3.4563}}
{"target": -29.59630627156316, "params": {"eta": 0.9459089021723684, "max_depth": 13.930157680157121, "n_estimators": 19.312436015480483}, "datetime": {"datetime": "2021-09-27 21:15:41", "elapsed": 716.78453, "delta": 3.784894}}
{"target": -81.56748832092258, "params": {"eta": 0.001, "max_depth": 25.374339725347212, "n_estimators": 179.63459869102965}, "datetime": {"datetime": "2021-09-27 21:15:45", "elapsed": 720.700031, "delta": 3.915501}}
{"target": -28.4390453496473, "params": {"eta": 0.8919750659622395, "max_depth": 23.43481706180533, "n_estimators": 183.40290246177452}, "datetime": {"datetime": "2021-09-27 21:15:48", "elapsed": 724.212756, "delta": 3.512725}}
{"target": -18.37042269382387, "params": {"eta": 0.4743761147151662, "max_depth": 29.39943074190577, "n_estimators": 180.0116663347763}, "datetime": {"datetime": "2021-09-27 21:15:52", "elapsed": 728.365286, "delta": 4.15253}}
{"target": -19.77322200793306, "params": {"eta": 0.012452016186624396, "max_depth": 13.545134449471036, "n_estimators": 167.27310011814956}, "datetime": {"datetime": "2021-09-27 21:15:56", "elapsed": 731.618744, "delta": 3.253458}}
{"target": -18.281084133599997, "params": {"eta": 0.20381003910008885, "max_depth": 11.200970476058888, "n_estimators": 128.7116392791029}, "datetime": {"datetime": "2021-09-27 21:16:00", "elapsed": 735.926098, "delta": 4.307354}}
{"target": -19.212612765900666, "params": {"eta": 0.48542539623562053, "max_depth": 26.73085629651293, "n_estimators": 182.61187659447324}, "datetime": {"datetime": "2021-09-27 21:16:04", "elapsed": 739.40484, "delta": 3.478742}}
{"target": -17.33342438299374, "params": {"eta": 0.03530709189433782, "max_depth": 11.180114989247558, "n_estimators": 82.2670263212793}, "datetime": {"datetime": "2021-09-27 21:16:08", "elapsed": 743.644746, "delta": 4.239906}}
{"target": -29.0138804968382, "params": {"eta": 0.9238858010110633, "max_depth": 11.812849294912045, "n_estimators": 126.71686783891445}, "datetime": {"datetime": "2021-09-27 21:16:11", "elapsed": 746.748194, "delta": 3.103448}}
{"target": -21.546748197339042, "params": {"eta": 0.01275848800622991, "max_depth": 6.910456347031294, "n_estimators": 143.57176928105775}, "datetime": {"datetime": "2021-09-27 21:16:14", "elapsed": 750.187936, "delta": 3.439742}}
{"target": -26.488029086657765, "params": {"eta": 1.0, "max_depth": 9.025299126167933, "n_estimators": 35.27856049852849}, "datetime": {"datetime": "2021-09-27 21:16:19", "elapsed": 754.568172, "delta": 4.380236}}
{"target": -18.31271963387331, "params": {"eta": 0.1339981281525187, "max_depth": 27.06135810342507, "n_estimators": 172.28473148151207}, "datetime": {"datetime": "2021-09-27 21:16:23", "elapsed": 758.650903, "delta": 4.082731}}
{"target": -89.38976864979587, "params": {"eta": 0.001, "max_depth": 15.305282624089154, "n_estimators": 87.89960267848811}, "datetime": {"datetime": "2021-09-27 21:16:26", "elapsed": 762.136861, "delta": 3.485958}}
{"target": -17.84069037549349, "params": {"eta": 0.3623640433641128, "max_depth": 19.667017939325433, "n_estimators": 89.20667444951117}, "datetime": {"datetime": "2021-09-27 21:16:31", "elapsed": 766.914863, "delta": 4.778002}}
{"target": -17.563230437372972, "params": {"eta": 0.43741810919030677, "max_depth": 14.980043497790325, "n_estimators": 84.14862057672927}, "datetime": {"datetime": "2021-09-27 21:16:34", "elapsed": 770.075507, "delta": 3.160644}}
{"target": -18.411418917418757, "params": {"eta": 0.305526464922428, "max_depth": 10.966359851304876, "n_estimators": 58.472404275093}, "datetime": {"datetime": "2021-09-27 21:16:39", "elapsed": 774.407932, "delta": 4.332425}}
{"target": -19.909312202848938, "params": {"eta": 0.515133782638677, "max_depth": 29.92992389997135, "n_estimators": 166.93913833750844}, "datetime": {"datetime": "2021-09-27 21:16:43", "elapsed": 778.545319, "delta": 4.137387}}
{"target": -24.618032623731594, "params": {"eta": 0.012141013785819714, "max_depth": 12.648555440926623, "n_estimators": 131.25681464760336}, "datetime": {"datetime": "2021-09-27 21:16:49", "elapsed": 785.173941, "delta": 6.628622}}
{"target": -89.56788918205764, "params": {"eta": 0.001, "max_depth": 28.267116630679094, "n_estimators": 85.1862471189284}, "datetime": {"datetime": "2021-09-27 21:16:55", "elapsed": 790.461271, "delta": 5.28733}}
{"target": -21.859297598769274, "params": {"eta": 0.7081028421226424, "max_depth": 22.257197235682735, "n_estimators": 83.77330716522326}, "datetime": {"datetime": "2021-09-27 21:17:00", "elapsed": 795.70028, "delta": 5.239009}}
{"target": -82.75757324579673, "params": {"eta": 0.001, "max_depth": 2.720333752182363, "n_estimators": 163.81139305438663}, "datetime": {"datetime": "2021-09-27 21:17:04", "elapsed": 799.70215, "delta": 4.00187}}
{"target": -18.280100982470877, "params": {"eta": 0.1628173253234388, "max_depth": 5.934497104596375, "n_estimators": 165.96944739952244}, "datetime": {"datetime": "2021-09-27 21:17:08", "elapsed": 804.194002, "delta": 4.491852}}
{"target": -28.32773029460729, "params": {"eta": 0.9726402520783658, "max_depth": 25.21964886906951, "n_estimators": 172.36766148826226}, "datetime": {"datetime": "2021-09-27 21:17:12", "elapsed": 807.741948, "delta": 3.547946}}
{"target": -18.256308954127597, "params": {"eta": 0.1626114062354252, "max_depth": 17.89223038072932, "n_estimators": 35.66296124391811}, "datetime": {"datetime": "2021-09-27 21:17:16", "elapsed": 811.857192, "delta": 4.115244}}
{"target": -28.92672444093573, "params": {"eta": 0.9092127499319806, "max_depth": 27.63715379546523, "n_estimators": 169.86600711836294}, "datetime": {"datetime": "2021-09-27 21:17:20", "elapsed": 815.884103, "delta": 4.026911}}
{"target": -24.62933196633855, "params": {"eta": 0.7533436839121385, "max_depth": 1.709590279215511, "n_estimators": 46.99795137789101}, "datetime": {"datetime": "2021-09-27 21:17:24", "elapsed": 819.95859, "delta": 4.074487}}
{"target": -27.80055240720909, "params": {"eta": 0.8993672131433185, "max_depth": 23.40216606210715, "n_estimators": 43.46298836110821}, "datetime": {"datetime": "2021-09-27 21:17:28", "elapsed": 823.828924, "delta": 3.870334}}
{"target": -18.951203398532282, "params": {"eta": 0.2405248531861356, "max_depth": 11.882317631070682, "n_estimators": 60.38786128538181}, "datetime": {"datetime": "2021-09-27 21:17:32", "elapsed": 827.838297, "delta": 4.009373}}
{"target": -27.857863750162277, "params": {"eta": 1.0, "max_depth": 11.469454132176581, "n_estimators": 84.12664509064028}, "datetime": {"datetime": "2021-09-27 21:17:35", "elapsed": 830.974627, "delta": 3.13633}}
{"target": -25.00647846187097, "params": {"eta": 0.9423415635360204, "max_depth": 3.795063676454931, "n_estimators": 101.23334469110651}, "datetime": {"datetime": "2021-09-27 21:17:38", "elapsed": 834.314864, "delta": 3.340237}}
{"target": -28.236565271637353, "params": {"eta": 0.9981812197145158, "max_depth": 13.619015702231799, "n_estimators": 172.99801021300613}, "datetime": {"datetime": "2021-09-27 21:17:42", "elapsed": 837.605078, "delta": 3.290214}}
{"target": -16.38173173331582, "params": {"eta": 0.10311462770559299, "max_depth": 16.261450008119, "n_estimators": 29.022296228733254}, "datetime": {"datetime": "2021-09-27 21:17:46", "elapsed": 842.020563, "delta": 4.415485}}
{"target": -18.024052750804103, "params": {"eta": 0.2812189013654474, "max_depth": 5.265663074874862, "n_estimators": 126.18206509067352}, "datetime": {"datetime": "2021-09-27 21:17:50", "elapsed": 845.902828, "delta": 3.882265}}
{"target": -27.81205039342086, "params": {"eta": 0.9283644002682856, "max_depth": 15.746512186013216, "n_estimators": 27.04221905315493}, "datetime": {"datetime": "2021-09-27 21:17:53", "elapsed": 849.294254, "delta": 3.391426}}
{"target": -18.550953089842512, "params": {"eta": 0.0522717237028994, "max_depth": 5.6142741629901325, "n_estimators": 197.46140979836576}, "datetime": {"datetime": "2021-09-27 21:17:57", "elapsed": 853.307916, "delta": 4.013662}}
{"target": -26.009645352100137, "params": {"eta": 0.7627334147951632, "max_depth": 20.442613649643466, "n_estimators": 145.1521950259864}, "datetime": {"datetime": "2021-09-27 21:18:02", "elapsed": 857.940197, "delta": 4.632281}}
{"target": -17.959573547244286, "params": {"eta": 0.09140204166889657, "max_depth": 21.656811409921453, "n_estimators": 53.37323396864734}, "datetime": {"datetime": "2021-09-27 21:18:07", "elapsed": 862.649235, "delta": 4.709038}}
{"target": -27.423124369452545, "params": {"eta": 0.8978828929738052, "max_depth": 11.481089696396106, "n_estimators": 157.90315243969684}, "datetime": {"datetime": "2021-09-27 21:18:12", "elapsed": 868.117878, "delta": 5.468643}}
{"target": -79.89091252418925, "params": {"eta": 0.001, "max_depth": 10.406865102222296, "n_estimators": 200.0}, "datetime": {"datetime": "2021-09-27 21:18:17", "elapsed": 872.469669, "delta": 4.351791}}
{"target": -20.54097321212624, "params": {"eta": 0.6811734589080021, "max_depth": 13.693270318891969, "n_estimators": 197.44059978492453}, "datetime": {"datetime": "2021-09-27 21:18:22", "elapsed": 878.163639, "delta": 5.69397}}
{"target": -27.553998728629423, "params": {"eta": 0.9657751215286576, "max_depth": 15.995756513458659, "n_estimators": 92.50295879074736}, "datetime": {"datetime": "2021-09-27 21:18:26", "elapsed": 881.754444, "delta": 3.590805}}
{"target": -26.97967158066464, "params": {"eta": 0.9989509089596444, "max_depth": 15.468181943504995, "n_estimators": 14.972523477114143}, "datetime": {"datetime": "2021-09-27 21:18:31", "elapsed": 886.781908, "delta": 5.027464}}
{"target": -22.249095712547582, "params": {"eta": 0.6341153446925519, "max_depth": 2.7335701400028625, "n_estimators": 42.45703375647872}, "datetime": {"datetime": "2021-09-27 21:18:34", "elapsed": 890.274443, "delta": 3.492535}}
{"target": -21.540988683351888, "params": {"eta": 0.5925452741863177, "max_depth": 20.01565569355001, "n_estimators": 120.98730058084709}, "datetime": {"datetime": "2021-09-27 21:18:40", "elapsed": 895.565767, "delta": 5.291324}}
{"target": -22.000181057846092, "params": {"eta": 0.5999033755107577, "max_depth": 17.704358514418708, "n_estimators": 118.67818776138962}, "datetime": {"datetime": "2021-09-27 21:18:45", "elapsed": 900.496218, "delta": 4.930451}}
{"target": -26.46642688333674, "params": {"eta": 1.0, "max_depth": 14.845640402921067, "n_estimators": 132.21343464178693}, "datetime": {"datetime": "2021-09-27 21:18:49", "elapsed": 905.217846, "delta": 4.721628}}
{"target": -17.605729169855834, "params": {"eta": 0.11742553675232292, "max_depth": 4.249652249294498, "n_estimators": 194.30692548385198}, "datetime": {"datetime": "2021-09-27 21:18:54", "elapsed": 909.96051, "delta": 4.742664}}
{"target": -22.26749588230741, "params": {"eta": 0.6381887987394961, "max_depth": 6.112220377480216, "n_estimators": 195.51162010735587}, "datetime": {"datetime": "2021-09-27 21:18:59", "elapsed": 914.489011, "delta": 4.528501}}
{"target": -26.035845260783187, "params": {"eta": 0.8063430237854874, "max_depth": 1.5113542635253077, "n_estimators": 168.66093588208798}, "datetime": {"datetime": "2021-09-27 21:19:02", "elapsed": 918.198333, "delta": 3.709322}}
{"target": -21.580346037464786, "params": {"eta": 0.5943556889258959, "max_depth": 10.851267856577957, "n_estimators": 187.94564806027392}, "datetime": {"datetime": "2021-09-27 21:19:07", "elapsed": 923.054939, "delta": 4.856606}}
{"target": -27.411892890108152, "params": {"eta": 0.9273676052490019, "max_depth": 6.67824586265486, "n_estimators": 118.84524222343701}, "datetime": {"datetime": "2021-09-27 21:19:11", "elapsed": 927.069162, "delta": 4.014223}}
{"target": -17.034801064698527, "params": {"eta": 0.4598859030132913, "max_depth": 17.88562564823424, "n_estimators": 48.041446744118936}, "datetime": {"datetime": "2021-09-27 21:19:16", "elapsed": 931.694406, "delta": 4.625244}}
{"target": -18.003278833299053, "params": {"eta": 0.18483131300920522, "max_depth": 16.435816332879526, "n_estimators": 45.6720323507894}, "datetime": {"datetime": "2021-09-27 21:19:22", "elapsed": 938.239039, "delta": 6.544633}}
{"target": -27.204614300535468, "params": {"eta": 1.0, "max_depth": 15.751765424185704, "n_estimators": 47.71331246528952}, "datetime": {"datetime": "2021-09-27 21:19:28", "elapsed": 943.744144, "delta": 5.505105}}
{"target": -26.137128248979586, "params": {"eta": 0.82256153513442, "max_depth": 19.894850674677844, "n_estimators": 49.0695911001629}, "datetime": {"datetime": "2021-09-27 21:19:33", "elapsed": 948.790651, "delta": 5.046507}}
{"target": -21.562277265364767, "params": {"eta": 0.6779885668348488, "max_depth": 3.1190097257138025, "n_estimators": 110.03511949292687}, "datetime": {"datetime": "2021-09-27 21:19:38", "elapsed": 953.459904, "delta": 4.669253}}
{"target": -96.5828537866518, "params": {"eta": 0.001, "max_depth": 27.950172644126685, "n_estimators": 9.48171683981308}, "datetime": {"datetime": "2021-09-27 21:19:42", "elapsed": 957.405271, "delta": 3.945367}}
{"target": -81.97256315792607, "params": {"eta": 0.001, "max_depth": 17.18236836188483, "n_estimators": 174.15745588860398}, "datetime": {"datetime": "2021-09-27 21:19:48", "elapsed": 963.879151, "delta": 6.47388}}
{"target": -18.562970422179085, "params": {"eta": 0.2527414516994465, "max_depth": 23.426681820471064, "n_estimators": 54.39520026378357}, "datetime": {"datetime": "2021-09-27 21:19:53", "elapsed": 968.822009, "delta": 4.942858}}
{"target": -87.02032526254749, "params": {"eta": 0.001, "max_depth": 23.56229963327362, "n_estimators": 114.5476013576726}, "datetime": {"datetime": "2021-09-27 21:19:58", "elapsed": 973.477055, "delta": 4.655046}}
{"target": -35.83812478480725, "params": {"eta": 0.18991776372967514, "max_depth": 29.65126378719811, "n_estimators": 5.526925293483148}, "datetime": {"datetime": "2021-09-27 21:20:03", "elapsed": 978.529831, "delta": 5.052776}}
{"target": -18.547814660584415, "params": {"eta": 0.12022798468434402, "max_depth": 28.95066534888545, "n_estimators": 148.26155920215675}, "datetime": {"datetime": "2021-09-27 21:20:09", "elapsed": 984.631331, "delta": 6.1015}}
{"target": -25.360619663114438, "params": {"eta": 0.8297714520936399, "max_depth": 7.643946503253219, "n_estimators": 37.38410922065539}, "datetime": {"datetime": "2021-09-27 21:20:13", "elapsed": 988.614111, "delta": 3.98278}}
{"target": -18.308139870056653, "params": {"eta": 0.13095316327006806, "max_depth": 25.85706601255052, "n_estimators": 111.22932500080748}, "datetime": {"datetime": "2021-09-27 21:20:19", "elapsed": 994.449858, "delta": 5.835747}}
{"target": -26.28176265892485, "params": {"eta": 0.8323455479318497, "max_depth": 17.943349476824434, "n_estimators": 184.85861865106}, "datetime": {"datetime": "2021-09-27 21:20:23", "elapsed": 998.868531, "delta": 4.418673}}
{"target": -18.191323967158056, "params": {"eta": 0.2182791586131476, "max_depth": 15.09009526415855, "n_estimators": 108.1773184345511}, "datetime": {"datetime": "2021-09-27 21:20:28", "elapsed": 1003.753783, "delta": 4.885252}}
{"target": -27.7209557511845, "params": {"eta": 0.9417847904089645, "max_depth": 14.779505297809669, "n_estimators": 164.612674022741}, "datetime": {"datetime": "2021-09-27 21:20:34", "elapsed": 1010.019243, "delta": 6.26546}}
{"target": -18.019546345672445, "params": {"eta": 0.19186940508971417, "max_depth": 11.308023273092319, "n_estimators": 107.64282284335815}, "datetime": {"datetime": "2021-09-27 21:20:40", "elapsed": 1015.366648, "delta": 5.347405}}
{"target": -20.039848662612687, "params": {"eta": 0.28702617462401364, "max_depth": 9.252438445457539, "n_estimators": 106.36554558061783}, "datetime": {"datetime": "2021-09-27 21:20:44", "elapsed": 1019.920389, "delta": 4.553741}}
{"target": -27.335814117726624, "params": {"eta": 0.944266667534518, "max_depth": 11.181395468472497, "n_estimators": 105.705246311735}, "datetime": {"datetime": "2021-09-27 21:20:53", "elapsed": 1028.400541, "delta": 8.480152}}
{"target": -25.009466553322756, "params": {"eta": 0.9936286305048129, "max_depth": 6.573528272625645, "n_estimators": 103.98268043545693}, "datetime": {"datetime": "2021-09-27 21:20:59", "elapsed": 1034.918455, "delta": 6.517914}}
{"target": -87.36691236406232, "params": {"eta": 0.001, "max_depth": 11.150933346688394, "n_estimators": 110.06146164656478}, "datetime": {"datetime": "2021-09-27 21:21:04", "elapsed": 1039.39126, "delta": 4.472805}}
{"target": -25.403352078059015, "params": {"eta": 0.7731988680888464, "max_depth": 6.2576214881943395, "n_estimators": 107.93705270645101}, "datetime": {"datetime": "2021-09-27 21:21:10", "elapsed": 1045.797515, "delta": 6.406255}}
{"target": -24.88997087505491, "params": {"eta": 0.9856111994623403, "max_depth": 9.11130206515623, "n_estimators": 21.63600649774831}, "datetime": {"datetime": "2021-09-27 21:21:15", "elapsed": 1050.824134, "delta": 5.026619}}
{"target": -19.876391132934238, "params": {"eta": 0.563347680934977, "max_depth": 16.64797168601301, "n_estimators": 68.06926026699071}, "datetime": {"datetime": "2021-09-27 21:21:22", "elapsed": 1057.95907, "delta": 7.134936}}
{"target": -27.24820424079683, "params": {"eta": 0.9837925926496692, "max_depth": 11.72670745632778, "n_estimators": 33.4484566665754}, "datetime": {"datetime": "2021-09-27 21:21:28", "elapsed": 1063.768576, "delta": 5.809506}}
{"target": -22.87204786018027, "params": {"eta": 0.1269115299085452, "max_depth": 2.36118640977263, "n_estimators": 37.71298323276161}, "datetime": {"datetime": "2021-09-27 21:21:33", "elapsed": 1069.019139, "delta": 5.250563}}
{"target": -18.64197825368265, "params": {"eta": 0.030353087352458598, "max_depth": 14.707648589316726, "n_estimators": 73.65033576711373}, "datetime": {"datetime": "2021-09-27 21:21:38", "elapsed": 1073.96726, "delta": 4.948121}}
