{"target": -20.916917302070278, "params": {"eta": 0.6, "max_depth": 11.25967200816993, "n_estimators": 58.222911747271695}, "datetime": {"datetime": "2021-09-27 22:21:08", "elapsed": 143.003513, "delta": 1.290007}}
{"target": -17.91487151664398, "params": {"eta": 0.2584956004206506, "max_depth": 25.92959387963044, "n_estimators": 90.19270439882885}, "datetime": {"datetime": "2021-09-27 22:21:09", "elapsed": 144.475091, "delta": 1.471578}}
{"target": -16.078009847140894, "params": {"eta": 0.08845324423716322, "max_depth": 23.302604086402095, "n_estimators": 88.47608661613208}, "datetime": {"datetime": "2021-09-27 22:21:11", "elapsed": 146.55538, "delta": 2.080289}}
{"target": -19.307185746411733, "params": {"eta": 0.4730679143993841, "max_depth": 21.216396732747725, "n_estimators": 90.2225545491182}, "datetime": {"datetime": "2021-09-27 22:21:12", "elapsed": 147.561373, "delta": 1.005993}}
{"target": -15.94452753240171, "params": {"eta": 0.04260185008363171, "max_depth": 20.417355058220668, "n_estimators": 93.73868331006223}, "datetime": {"datetime": "2021-09-27 22:21:14", "elapsed": 149.298197, "delta": 1.736824}}
{"target": -16.642103148602807, "params": {"eta": 0.08779066193661719, "max_depth": 12.886223379932229, "n_estimators": 92.0890069821671}, "datetime": {"datetime": "2021-09-27 22:21:15", "elapsed": 150.748201, "delta": 1.450004}}
{"target": -15.820282736195876, "params": {"eta": 0.07825417197682895, "max_depth": 17.78188610376215, "n_estimators": 71.37404917987297}, "datetime": {"datetime": "2021-09-27 22:21:17", "elapsed": 152.513385, "delta": 1.765184}}
{"target": -16.689186428646902, "params": {"eta": 0.23057590396457878, "max_depth": 16.829963561340072, "n_estimators": 83.62340046613488}, "datetime": {"datetime": "2021-09-27 22:21:19", "elapsed": 153.897256, "delta": 1.383871}}
{"target": -16.73381645173353, "params": {"eta": 0.36599538347993377, "max_depth": 20.869241877377934, "n_estimators": 71.09434046019778}, "datetime": {"datetime": "2021-09-27 22:21:20", "elapsed": 155.242542, "delta": 1.345286}}
{"target": -19.256663273949, "params": {"eta": 0.6, "max_depth": 8.846048314752876, "n_estimators": 53.778173309300826}, "datetime": {"datetime": "2021-09-27 22:21:21", "elapsed": 156.554554, "delta": 1.312012}}
{"target": -17.124436505321842, "params": {"eta": 0.37185736305830974, "max_depth": 13.788361160510847, "n_estimators": 63.05163534667392}, "datetime": {"datetime": "2021-09-27 22:21:23", "elapsed": 158.003855, "delta": 1.449301}}
{"target": -20.9910033512397, "params": {"eta": 0.6, "max_depth": 20.306987642963595, "n_estimators": 84.7596780043063}, "datetime": {"datetime": "2021-09-27 22:21:24", "elapsed": 159.212037, "delta": 1.208182}}
{"target": -28.000114026669042, "params": {"eta": 0.03, "max_depth": 26.75567953991926, "n_estimators": 45.412476482127246}, "datetime": {"datetime": "2021-09-27 22:21:25", "elapsed": 160.170037, "delta": 0.958}}
{"target": -17.099531628685902, "params": {"eta": 0.344833961083036, "max_depth": 23.35014534025852, "n_estimators": 64.2403075588121}, "datetime": {"datetime": "2021-09-27 22:21:26", "elapsed": 161.506069, "delta": 1.336032}}
{"target": -16.155535015137126, "params": {"eta": 0.03, "max_depth": 12.926487536289837, "n_estimators": 88.0715688098702}, "datetime": {"datetime": "2021-09-27 22:21:27", "elapsed": 162.574065, "delta": 1.067996}}
{"target": -16.991863511027343, "params": {"eta": 0.436510403410339, "max_depth": 12.570343895699814, "n_estimators": 83.68522837012046}, "datetime": {"datetime": "2021-09-27 22:21:29", "elapsed": 163.959161, "delta": 1.385096}}
{"target": -21.009718599762362, "params": {"eta": 0.6, "max_depth": 27.03313385635235, "n_estimators": 40.47712244646538}, "datetime": {"datetime": "2021-09-27 22:21:30", "elapsed": 165.272604, "delta": 1.313443}}
{"target": -17.308990723279667, "params": {"eta": 0.21961305870422143, "max_depth": 11.00965725060567, "n_estimators": 77.10813582742274}, "datetime": {"datetime": "2021-09-27 22:21:32", "elapsed": 166.868608, "delta": 1.596004}}
{"target": -16.135664718678722, "params": {"eta": 0.06524668895437061, "max_depth": 16.711787069340506, "n_estimators": 43.60305004052696}, "datetime": {"datetime": "2021-09-27 22:21:33", "elapsed": 168.149095, "delta": 1.280487}}
{"target": -21.46233522057224, "params": {"eta": 0.20203704095249408, "max_depth": 6.039831645779519, "n_estimators": 8.85150893307745}, "datetime": {"datetime": "2021-09-27 22:21:34", "elapsed": 168.973704, "delta": 0.824609}}
{"target": -15.673411359167485, "params": {"eta": 0.03, "max_depth": 21.697719657102027, "n_estimators": 97.34679695432878}, "datetime": {"datetime": "2021-09-27 22:21:35", "elapsed": 170.511588, "delta": 1.537884}}
{"target": -20.39709818622557, "params": {"eta": 0.497688061984482, "max_depth": 27.849782922569826, "n_estimators": 54.34168255980997}, "datetime": {"datetime": "2021-09-27 22:21:36", "elapsed": 171.651826, "delta": 1.140238}}
{"target": -21.253983713340492, "params": {"eta": 0.5111541248766134, "max_depth": 6.043823293570101, "n_estimators": 80.56756901743391}, "datetime": {"datetime": "2021-09-27 22:21:38", "elapsed": 173.004831, "delta": 1.353005}}
{"target": -16.374351070384634, "params": {"eta": 0.12026208029060562, "max_depth": 6.125388750842505, "n_estimators": 74.27452896526482}, "datetime": {"datetime": "2021-09-27 22:21:39", "elapsed": 174.154653, "delta": 1.149822}}
{"target": -16.81340419127928, "params": {"eta": 0.03, "max_depth": 17.2958596015579, "n_estimators": 80.47947069643153}, "datetime": {"datetime": "2021-09-27 22:21:40", "elapsed": 175.168012, "delta": 1.013359}}
{"target": -28.66910705912895, "params": {"eta": 0.03, "max_depth": 14.31225803972141, "n_estimators": 44.7211281515378}, "datetime": {"datetime": "2021-09-27 22:21:41", "elapsed": 176.829009, "delta": 1.660997}}
{"target": -21.000027134574808, "params": {"eta": 0.6, "max_depth": 19.036436221966955, "n_estimators": 46.16504904529147}, "datetime": {"datetime": "2021-09-27 22:21:43", "elapsed": 177.964151, "delta": 1.135142}}
{"target": -21.605587438894926, "params": {"eta": 0.6, "max_depth": 13.80050194592253, "n_estimators": 54.4123796133052}, "datetime": {"datetime": "2021-09-27 22:21:44", "elapsed": 179.405021, "delta": 1.44087}}
{"target": -21.01851528561907, "params": {"eta": 0.6, "max_depth": 17.842870323867857, "n_estimators": 41.17757537645866}, "datetime": {"datetime": "2021-09-27 22:21:45", "elapsed": 180.464024, "delta": 1.059003}}
{"target": -19.206714769342724, "params": {"eta": 0.03, "max_depth": 14.136595167806677, "n_estimators": 66.8481856134863}, "datetime": {"datetime": "2021-09-27 22:21:46", "elapsed": 181.674501, "delta": 1.210477}}
{"target": -21.669119666480885, "params": {"eta": 0.5833706556461626, "max_depth": 29.33606936355885, "n_estimators": 74.06967195926421}, "datetime": {"datetime": "2021-09-27 22:21:48", "elapsed": 182.941498, "delta": 1.266997}}
{"target": -16.330438840565705, "params": {"eta": 0.0955586775422151, "max_depth": 8.893076119635385, "n_estimators": 83.1445393127097}, "datetime": {"datetime": "2021-09-27 22:21:49", "elapsed": 184.24918, "delta": 1.307682}}
{"target": -17.13522462955866, "params": {"eta": 0.41692148953365926, "max_depth": 24.563208329133403, "n_estimators": 96.74039319238112}, "datetime": {"datetime": "2021-09-27 22:21:50", "elapsed": 185.712179, "delta": 1.462999}}
{"target": -16.805506532124657, "params": {"eta": 0.2367539095861106, "max_depth": 23.585488456342304, "n_estimators": 17.434515073196525}, "datetime": {"datetime": "2021-09-27 22:21:51", "elapsed": 186.74418, "delta": 1.032001}}
{"target": -16.635978674992764, "params": {"eta": 0.3002088060506116, "max_depth": 26.784608394408508, "n_estimators": 99.90229924255841}, "datetime": {"datetime": "2021-09-27 22:21:53", "elapsed": 188.160182, "delta": 1.416002}}
{"target": -16.460671541035268, "params": {"eta": 0.17812582607959396, "max_depth": 17.070845659084497, "n_estimators": 23.988306151863824}, "datetime": {"datetime": "2021-09-27 22:21:54", "elapsed": 189.261753, "delta": 1.101571}}
{"target": -16.56961301441848, "params": {"eta": 0.34633368385381036, "max_depth": 18.531202678337138, "n_estimators": 10.255636958141892}, "datetime": {"datetime": "2021-09-27 22:21:55", "elapsed": 190.826753, "delta": 1.565}}
{"target": -17.505924511395374, "params": {"eta": 0.08246189688417903, "max_depth": 18.687006844716137, "n_estimators": 27.215283651365638}, "datetime": {"datetime": "2021-09-27 22:21:56", "elapsed": 191.818902, "delta": 0.992149}}
{"target": -56.97927589931218, "params": {"eta": 0.03, "max_depth": 20.1243794998134, "n_estimators": 18.203587823757463}, "datetime": {"datetime": "2021-09-27 22:21:57", "elapsed": 192.704916, "delta": 0.886014}}
{"target": -20.50513329541311, "params": {"eta": 0.5534671357616588, "max_depth": 20.200932520802326, "n_estimators": 12.690323523698988}, "datetime": {"datetime": "2021-09-27 22:21:58", "elapsed": 193.81009, "delta": 1.105174}}
{"target": -21.00914449452535, "params": {"eta": 0.6, "max_depth": 25.057597819825755, "n_estimators": 20.235087702009167}, "datetime": {"datetime": "2021-09-27 22:22:00", "elapsed": 194.88229, "delta": 1.0722}}
{"target": -17.489882808973977, "params": {"eta": 0.241116749444901, "max_depth": 17.4097418114578, "n_estimators": 62.37269458802897}, "datetime": {"datetime": "2021-09-27 22:22:01", "elapsed": 196.630359, "delta": 1.748069}}
{"target": -15.507735244066362, "params": {"eta": 0.2057162244131839, "max_depth": 28.270648507746607, "n_estimators": 79.92929331718426}, "datetime": {"datetime": "2021-09-27 22:22:03", "elapsed": 198.490781, "delta": 1.860422}}
{"target": -20.44819634388206, "params": {"eta": 0.6, "max_depth": 10.659753560801569, "n_estimators": 67.25943537507462}, "datetime": {"datetime": "2021-09-27 22:22:05", "elapsed": 200.077407, "delta": 1.586626}}
{"target": -33.07514613183067, "params": {"eta": 0.03, "max_depth": 20.96512690691603, "n_estimators": 38.31676326263895}, "datetime": {"datetime": "2021-09-27 22:22:06", "elapsed": 201.192415, "delta": 1.115008}}
{"target": -19.049247020140122, "params": {"eta": 0.4723828860448773, "max_depth": 29.876459475985143, "n_estimators": 68.54368004188916}, "datetime": {"datetime": "2021-09-27 22:22:08", "elapsed": 203.435267, "delta": 2.242852}}
{"target": -58.659876440021606, "params": {"eta": 0.03, "max_depth": 12.861184237771434, "n_estimators": 17.53322783159473}, "datetime": {"datetime": "2021-09-27 22:22:09", "elapsed": 204.552854, "delta": 1.117587}}
{"target": -16.019312493206737, "params": {"eta": 0.13292841137462086, "max_depth": 8.296263971228084, "n_estimators": 72.24670213812406}, "datetime": {"datetime": "2021-09-27 22:22:11", "elapsed": 205.96838, "delta": 1.415526}}
{"target": -17.443502703760874, "params": {"eta": 0.3818751992817524, "max_depth": 11.264769053404203, "n_estimators": 72.2210371496205}, "datetime": {"datetime": "2021-09-27 22:22:13", "elapsed": 208.078708, "delta": 2.110328}}
{"target": -15.764278180688027, "params": {"eta": 0.07896334401554464, "max_depth": 12.84484135260773, "n_estimators": 79.27678349000794}, "datetime": {"datetime": "2021-09-27 22:22:15", "elapsed": 210.28736, "delta": 2.208652}}
{"target": -21.704487570739, "params": {"eta": 0.03, "max_depth": 6.034671046089254, "n_estimators": 58.56954699499144}, "datetime": {"datetime": "2021-09-27 22:22:16", "elapsed": 211.775956, "delta": 1.488596}}
{"target": -19.71115488765851, "params": {"eta": 0.517837125547611, "max_depth": 21.722629899566993, "n_estimators": 73.66668841132628}, "datetime": {"datetime": "2021-09-27 22:22:18", "elapsed": 213.233476, "delta": 1.45752}}
{"target": -35.6903286748429, "params": {"eta": 0.03, "max_depth": 15.649256373686342, "n_estimators": 35.87354861172078}, "datetime": {"datetime": "2021-09-27 22:22:19", "elapsed": 214.206634, "delta": 0.973158}}
{"target": -21.16351621361236, "params": {"eta": 0.6, "max_depth": 16.03880782977575, "n_estimators": 10.599553832199668}, "datetime": {"datetime": "2021-09-27 22:22:20", "elapsed": 215.443164, "delta": 1.23653}}
{"target": -17.16154676575725, "params": {"eta": 0.386065929985028, "max_depth": 25.42673282137855, "n_estimators": 16.028820201464576}, "datetime": {"datetime": "2021-09-27 22:22:22", "elapsed": 217.010161, "delta": 1.566997}}
{"target": -19.84764640011849, "params": {"eta": 0.03, "max_depth": 6.0, "n_estimators": 64.05434008447064}, "datetime": {"datetime": "2021-09-27 22:22:23", "elapsed": 218.357697, "delta": 1.347536}}
{"target": -42.94914791354126, "params": {"eta": 0.03, "max_depth": 28.1672471013455, "n_estimators": 28.933181308463965}, "datetime": {"datetime": "2021-09-27 22:22:24", "elapsed": 219.689866, "delta": 1.332169}}
{"target": -15.721347735728319, "params": {"eta": 0.03, "max_depth": 30.0, "n_estimators": 96.9443877249877}, "datetime": {"datetime": "2021-09-27 22:22:26", "elapsed": 221.550195, "delta": 1.860329}}
{"target": -20.354598001451542, "params": {"eta": 0.5459457613759009, "max_depth": 20.827148226064914, "n_estimators": 66.45294578938324}, "datetime": {"datetime": "2021-09-27 22:22:28", "elapsed": 223.252193, "delta": 1.701998}}
{"target": -18.18168022888681, "params": {"eta": 0.03, "max_depth": 27.190349264279686, "n_estimators": 71.64272830124976}, "datetime": {"datetime": "2021-09-27 22:22:30", "elapsed": 224.902364, "delta": 1.650171}}
{"target": -15.94515498895229, "params": {"eta": 0.03, "max_depth": 8.611406641165706, "n_estimators": 96.68548199749902}, "datetime": {"datetime": "2021-09-27 22:22:31", "elapsed": 226.743431, "delta": 1.841067}}
{"target": -15.55686842491798, "params": {"eta": 0.20551288056777509, "max_depth": 10.205499868101974, "n_estimators": 36.64509075288721}, "datetime": {"datetime": "2021-09-27 22:22:33", "elapsed": 228.231834, "delta": 1.488403}}
{"target": -20.081313963697475, "params": {"eta": 0.5380236448262531, "max_depth": 7.8287249939449115, "n_estimators": 35.44426628210137}, "datetime": {"datetime": "2021-09-27 22:22:34", "elapsed": 229.596345, "delta": 1.364511}}
{"target": -19.742001698484557, "params": {"eta": 0.6, "max_depth": 6.0, "n_estimators": 68.68921336760584}, "datetime": {"datetime": "2021-09-27 22:22:36", "elapsed": 230.936344, "delta": 1.339999}}
{"target": -21.018513543867236, "params": {"eta": 0.6, "max_depth": 17.247648864402187, "n_estimators": 29.80520910951516}, "datetime": {"datetime": "2021-09-27 22:22:38", "elapsed": 233.181453, "delta": 2.245109}}
{"target": -49.32339692749457, "params": {"eta": 0.03, "max_depth": 26.9221584303443, "n_estimators": 23.288306835777988}, "datetime": {"datetime": "2021-09-27 22:22:39", "elapsed": 234.699381, "delta": 1.517928}}
{"target": -15.833473148640865, "params": {"eta": 0.07392822300556845, "max_depth": 16.25204125727801, "n_estimators": 87.95889678548603}, "datetime": {"datetime": "2021-09-27 22:22:42", "elapsed": 236.900297, "delta": 2.200916}}
{"target": -15.681026451863122, "params": {"eta": 0.328697937254387, "max_depth": 13.696525072556927, "n_estimators": 96.2269567940299}, "datetime": {"datetime": "2021-09-27 22:22:44", "elapsed": 239.488152, "delta": 2.587855}}
{"target": -21.240965206144484, "params": {"eta": 0.6, "max_depth": 16.508762470164672, "n_estimators": 68.41251962952805}, "datetime": {"datetime": "2021-09-27 22:22:46", "elapsed": 240.986158, "delta": 1.498006}}
{"target": -21.01851528561907, "params": {"eta": 0.6, "max_depth": 17.078809227766417, "n_estimators": 90.43562190440869}, "datetime": {"datetime": "2021-09-27 22:22:48", "elapsed": 243.376634, "delta": 2.390476}}
{"target": -16.800881204393157, "params": {"eta": 0.44458271801452387, "max_depth": 8.731184768512785, "n_estimators": 10.775256354584206}, "datetime": {"datetime": "2021-09-27 22:22:49", "elapsed": 244.833629, "delta": 1.456995}}
{"target": -19.55149652269279, "params": {"eta": 0.5022205073347401, "max_depth": 9.243308836411764, "n_estimators": 7.50855496064617}, "datetime": {"datetime": "2021-09-27 22:22:51", "elapsed": 246.177771, "delta": 1.344142}}
{"target": -19.76295734643102, "params": {"eta": 0.6, "max_depth": 7.704051991976188, "n_estimators": 42.80947998107805}, "datetime": {"datetime": "2021-09-27 22:22:52", "elapsed": 247.586219, "delta": 1.408448}}
{"target": -19.836009276550044, "params": {"eta": 0.6, "max_depth": 11.688254555079748, "n_estimators": 4.671929972669161}, "datetime": {"datetime": "2021-09-27 22:22:53", "elapsed": 248.787219, "delta": 1.201}}
{"target": -41.89296999083773, "params": {"eta": 0.6, "max_depth": 12.58000640481455, "n_estimators": 1.0}, "datetime": {"datetime": "2021-09-27 22:22:55", "elapsed": 250.349125, "delta": 1.561906}}
{"target": -17.55747272483689, "params": {"eta": 0.16878736659159443, "max_depth": 26.491153344697086, "n_estimators": 51.38539624014244}, "datetime": {"datetime": "2021-09-27 22:22:57", "elapsed": 252.725304, "delta": 2.376179}}
{"target": -19.951722558325084, "params": {"eta": 0.5210856915114972, "max_depth": 23.57323349060413, "n_estimators": 50.90097847175662}, "datetime": {"datetime": "2021-09-27 22:22:59", "elapsed": 254.304736, "delta": 1.579432}}
{"target": -21.697044575852974, "params": {"eta": 0.5877821799332823, "max_depth": 19.532458272965854, "n_estimators": 57.39517099040445}, "datetime": {"datetime": "2021-09-27 22:23:00", "elapsed": 255.660463, "delta": 1.355727}}
{"target": -16.502821360970017, "params": {"eta": 0.19485950663329896, "max_depth": 7.820093786669667, "n_estimators": 89.50091959964293}, "datetime": {"datetime": "2021-09-27 22:23:03", "elapsed": 257.97322, "delta": 2.312757}}
{"target": -18.01364154581943, "params": {"eta": 0.04188563970424184, "max_depth": 16.452898930095344, "n_estimators": 52.75032258489776}, "datetime": {"datetime": "2021-09-27 22:23:04", "elapsed": 259.348847, "delta": 1.375627}}
{"target": -20.991003789275826, "params": {"eta": 0.6, "max_depth": 20.19625666614024, "n_estimators": 53.91139510731897}, "datetime": {"datetime": "2021-09-27 22:23:06", "elapsed": 261.114325, "delta": 1.765478}}
{"target": -17.306652665245874, "params": {"eta": 0.03, "max_depth": 8.394569820679594, "n_estimators": 76.78205955013016}, "datetime": {"datetime": "2021-09-27 22:23:08", "elapsed": 262.976083, "delta": 1.861758}}
{"target": -15.86494912725269, "params": {"eta": 0.08550831630490516, "max_depth": 17.32509713961362, "n_estimators": 74.96095888854157}, "datetime": {"datetime": "2021-09-27 22:23:09", "elapsed": 264.683917, "delta": 1.707834}}
{"target": -16.278419207698562, "params": {"eta": 0.40464063809282613, "max_depth": 15.539788384446528, "n_estimators": 21.68764202095793}, "datetime": {"datetime": "2021-09-27 22:23:11", "elapsed": 266.144214, "delta": 1.460297}}
{"target": -17.32028849826574, "params": {"eta": 0.16422853875047727, "max_depth": 11.407518721524657, "n_estimators": 52.95144394657522}, "datetime": {"datetime": "2021-09-27 22:23:13", "elapsed": 268.077674, "delta": 1.93346}}
{"target": -20.52553869819766, "params": {"eta": 0.5220206638185325, "max_depth": 12.208583034535364, "n_estimators": 27.78158466152572}, "datetime": {"datetime": "2021-09-27 22:23:14", "elapsed": 269.581862, "delta": 1.504188}}
{"target": -17.169240250961316, "params": {"eta": 0.08676822511511782, "max_depth": 7.577233544466932, "n_estimators": 85.35493626095702}, "datetime": {"datetime": "2021-09-27 22:23:16", "elapsed": 271.145007, "delta": 1.563145}}
{"target": -21.10770499258667, "params": {"eta": 0.6, "max_depth": 12.347066169339787, "n_estimators": 50.0301309922258}, "datetime": {"datetime": "2021-09-27 22:23:17", "elapsed": 272.686226, "delta": 1.541219}}
{"target": -17.35703216886934, "params": {"eta": 0.2619647412903783, "max_depth": 27.535222120453398, "n_estimators": 85.81310029650956}, "datetime": {"datetime": "2021-09-27 22:23:19", "elapsed": 274.55833, "delta": 1.872104}}
{"target": -16.541668442363857, "params": {"eta": 0.1139319611327568, "max_depth": 29.309816904133328, "n_estimators": 48.90115135151798}, "datetime": {"datetime": "2021-09-27 22:23:22", "elapsed": 276.864612, "delta": 2.306282}}
{"target": -19.246473275829953, "params": {"eta": 0.6, "max_depth": 8.194372586031617, "n_estimators": 23.327857209200708}, "datetime": {"datetime": "2021-09-27 22:23:23", "elapsed": 278.46578, "delta": 1.601168}}
{"target": -16.678164038449445, "params": {"eta": 0.33635249322725236, "max_depth": 25.288234985835796, "n_estimators": 94.54129199584177}, "datetime": {"datetime": "2021-09-27 22:23:25", "elapsed": 280.154412, "delta": 1.688632}}
{"target": -19.70534190685959, "params": {"eta": 0.5659710101065029, "max_depth": 15.154299929323365, "n_estimators": 39.416766139063995}, "datetime": {"datetime": "2021-09-27 22:23:26", "elapsed": 281.742021, "delta": 1.587609}}
{"target": -15.950253281788292, "params": {"eta": 0.09815464010088738, "max_depth": 27.042629834135806, "n_estimators": 65.59942044501821}, "datetime": {"datetime": "2021-09-27 22:23:29", "elapsed": 284.357217, "delta": 2.615196}}
{"target": -17.172476087954337, "params": {"eta": 0.03, "max_depth": 27.68210329433458, "n_estimators": 77.77909945643563}, "datetime": {"datetime": "2021-09-27 22:23:31", "elapsed": 286.50368, "delta": 2.146463}}
{"target": -41.89296999083773, "params": {"eta": 0.6, "max_depth": 23.759966773118865, "n_estimators": 1.0}, "datetime": {"datetime": "2021-09-27 22:23:32", "elapsed": 287.609675, "delta": 1.105995}}
{"target": -39.600968496516145, "params": {"eta": 0.03, "max_depth": 8.38625812297819, "n_estimators": 31.708031556714737}, "datetime": {"datetime": "2021-09-27 22:23:34", "elapsed": 289.273699, "delta": 1.664024}}
{"target": -20.354445619021572, "params": {"eta": 0.03933842057855316, "max_depth": 22.546257965687577, "n_estimators": 47.371137842951185}, "datetime": {"datetime": "2021-09-27 22:23:36", "elapsed": 290.959774, "delta": 1.686075}}
