{"target": -17.328219020039555, "params": {"eta": 0.3556943840795478, "max_depth": 27.12963189821536, "n_estimators": 141.50468214883014}, "datetime": {"datetime": "2021-09-28 08:53:04", "elapsed": 38.747688, "delta": 0.677999}}
{"target": -18.618856701481747, "params": {"eta": 0.4529172866526335, "max_depth": 6.967531093491, "n_estimators": 108.49890682325153}, "datetime": {"datetime": "2021-09-28 08:53:05", "elapsed": 39.624633, "delta": 0.876945}}
{"target": -18.37279294367212, "params": {"eta": 0.3291826994792302, "max_depth": 6.8465573603703636, "n_estimators": 149.67760566259295}, "datetime": {"datetime": "2021-09-28 08:53:06", "elapsed": 40.265636, "delta": 0.641003}}
{"target": -16.31373412016267, "params": {"eta": 0.3885622529279149, "max_depth": 15.998913656041923, "n_estimators": 150.65474213713952}, "datetime": {"datetime": "2021-09-28 08:53:06", "elapsed": 40.887633, "delta": 0.621997}}
{"target": -17.112551699469307, "params": {"eta": 0.19973887689073713, "max_depth": 14.947392942450625, "n_estimators": 103.19326467433841}, "datetime": {"datetime": "2021-09-28 08:53:07", "elapsed": 41.627817, "delta": 0.740184}}
{"target": -16.355849094124256, "params": {"eta": 0.1267062105823436, "max_depth": 28.2096580730965, "n_estimators": 138.16117942633286}, "datetime": {"datetime": "2021-09-28 08:53:08", "elapsed": 42.829813, "delta": 1.201996}}
{"target": -16.864624542718502, "params": {"eta": 0.2939257049117503, "max_depth": 29.89885904141623, "n_estimators": 149.16301599844644}, "datetime": {"datetime": "2021-09-28 08:53:09", "elapsed": 43.623953, "delta": 0.79414}}
{"target": -15.998700696140345, "params": {"eta": 0.3224524207737437, "max_depth": 24.27372813200525, "n_estimators": 119.8427442132804}, "datetime": {"datetime": "2021-09-28 08:53:10", "elapsed": 44.269683, "delta": 0.64573}}
{"target": -18.850434104069784, "params": {"eta": 0.4593676825499139, "max_depth": 24.095171462137973, "n_estimators": 120.03803928378397}, "datetime": {"datetime": "2021-09-28 08:53:10", "elapsed": 44.86768, "delta": 0.597997}}
{"target": -16.77643389314138, "params": {"eta": 0.38735041572083356, "max_depth": 26.54184551910983, "n_estimators": 139.7289809261187}, "datetime": {"datetime": "2021-09-28 08:53:11", "elapsed": 45.490699, "delta": 0.623019}}
{"target": -16.733735482638394, "params": {"eta": 0.3022228080747979, "max_depth": 29.730445842123338, "n_estimators": 149.40406637881946}, "datetime": {"datetime": "2021-09-28 08:53:12", "elapsed": 46.274697, "delta": 0.783998}}
{"target": -20.25979080840594, "params": {"eta": 0.14997971441863267, "max_depth": 2.868569969496989, "n_estimators": 186.6904984021121}, "datetime": {"datetime": "2021-09-28 08:53:12", "elapsed": 46.812704, "delta": 0.538007}}
{"target": -17.436698804510094, "params": {"eta": 0.2516025654338168, "max_depth": 28.832177898280577, "n_estimators": 138.34679120591642}, "datetime": {"datetime": "2021-09-28 08:53:13", "elapsed": 47.593855, "delta": 0.781151}}
{"target": -17.98232273203129, "params": {"eta": 0.27177363914980157, "max_depth": 27.761193439976058, "n_estimators": 138.15140705383877}, "datetime": {"datetime": "2021-09-28 08:53:14", "elapsed": 48.351855, "delta": 0.758}}
{"target": -17.847212420098675, "params": {"eta": 0.2979358402101397, "max_depth": 6.063811381009318, "n_estimators": 185.77757011535653}, "datetime": {"datetime": "2021-09-28 08:53:15", "elapsed": 49.114443, "delta": 0.762588}}
{"target": -17.05733661965388, "params": {"eta": 0.12331324101374766, "max_depth": 20.5453095025357, "n_estimators": 164.57126135790548}, "datetime": {"datetime": "2021-09-28 08:53:16", "elapsed": 50.294764, "delta": 1.180321}}
{"target": -18.08795487414271, "params": {"eta": 0.4693637804552522, "max_depth": 27.990272086007735, "n_estimators": 116.86512501360403}, "datetime": {"datetime": "2021-09-28 08:53:16", "elapsed": 50.957758, "delta": 0.662994}}
{"target": -17.421298053558314, "params": {"eta": 0.25105426470602615, "max_depth": 27.79388650524458, "n_estimators": 116.92103584601762}, "datetime": {"datetime": "2021-09-28 08:53:17", "elapsed": 51.804999, "delta": 0.847241}}
{"target": -16.3278804169105, "params": {"eta": 0.1112660845615562, "max_depth": 28.727834020065075, "n_estimators": 138.230343270958}, "datetime": {"datetime": "2021-09-28 08:53:19", "elapsed": 53.048003, "delta": 1.243004}}
{"target": -17.50171553104865, "params": {"eta": 0.3644450095448146, "max_depth": 8.70283147985894, "n_estimators": 113.53872422066544}, "datetime": {"datetime": "2021-09-28 08:53:19", "elapsed": 53.775308, "delta": 0.727305}}
{"target": -17.02009983708527, "params": {"eta": 0.2918850077911261, "max_depth": 15.066142765435632, "n_estimators": 194.5769221769478}, "datetime": {"datetime": "2021-09-28 08:53:20", "elapsed": 54.485872, "delta": 0.710564}}
{"target": -17.00748929481648, "params": {"eta": 0.2898127292681756, "max_depth": 28.067786818762485, "n_estimators": 138.272725563444}, "datetime": {"datetime": "2021-09-28 08:53:21", "elapsed": 55.252871, "delta": 0.766999}}
{"target": -17.13693956058232, "params": {"eta": 0.22561108816058978, "max_depth": 22.96237109562032, "n_estimators": 198.58712073697072}, "datetime": {"datetime": "2021-09-28 08:53:22", "elapsed": 56.155459, "delta": 0.902588}}
{"target": -16.378114576369853, "params": {"eta": 0.19409162217735854, "max_depth": 27.96064566094799, "n_estimators": 117.0330094622502}, "datetime": {"datetime": "2021-09-28 08:53:23", "elapsed": 57.149457, "delta": 0.993998}}
{"target": -16.54437238305333, "params": {"eta": 0.22966404400225876, "max_depth": 29.905226645043815, "n_estimators": 149.64979130399013}, "datetime": {"datetime": "2021-09-28 08:53:24", "elapsed": 58.027263, "delta": 0.877806}}
{"target": -22.24627607804381, "params": {"eta": 0.41901461928218287, "max_depth": 1.5594499204978396, "n_estimators": 128.9213797651537}, "datetime": {"datetime": "2021-09-28 08:53:24", "elapsed": 58.433263, "delta": 0.406}}
{"target": -16.47219022918161, "params": {"eta": 0.3212040541566331, "max_depth": 29.1728878049081, "n_estimators": 193.73364343683903}, "datetime": {"datetime": "2021-09-28 08:53:25", "elapsed": 59.141918, "delta": 0.708655}}
{"target": -16.480315627540104, "params": {"eta": 0.10076612533420516, "max_depth": 16.39493703002813, "n_estimators": 158.20651242618771}, "datetime": {"datetime": "2021-09-28 08:53:26", "elapsed": 60.560117, "delta": 1.418199}}
{"target": -16.537477980315252, "params": {"eta": 0.22428322469321632, "max_depth": 22.915930261607844, "n_estimators": 198.88127851596823}, "datetime": {"datetime": "2021-09-28 08:53:27", "elapsed": 61.520903, "delta": 0.960786}}
{"target": -16.413386242046194, "params": {"eta": 0.15653140575043537, "max_depth": 24.3417607352537, "n_estimators": 119.600305520724}, "datetime": {"datetime": "2021-09-28 08:53:28", "elapsed": 62.465901, "delta": 0.944998}}
{"target": -16.04228464575732, "params": {"eta": 0.11669637343245498, "max_depth": 29.9131547903206, "n_estimators": 149.36857108055045}, "datetime": {"datetime": "2021-09-28 08:53:29", "elapsed": 63.660042, "delta": 1.194141}}
{"target": -20.268606999753537, "params": {"eta": 0.49518570438287024, "max_depth": 24.28372301266322, "n_estimators": 196.74871857385008}, "datetime": {"datetime": "2021-09-28 08:53:30", "elapsed": 64.368643, "delta": 0.708601}}
{"target": -16.99464996864012, "params": {"eta": 0.23968742547788274, "max_depth": 24.27961095289609, "n_estimators": 119.856564006845}, "datetime": {"datetime": "2021-09-28 08:53:31", "elapsed": 65.147641, "delta": 0.778998}}
{"target": -15.39145291825686, "params": {"eta": 0.2095572828038223, "max_depth": 24.681223253037878, "n_estimators": 196.53653678956113}, "datetime": {"datetime": "2021-09-28 08:53:32", "elapsed": 66.113864, "delta": 0.966223}}
{"target": -16.472719652943493, "params": {"eta": 0.23356058761028636, "max_depth": 28.00883048611508, "n_estimators": 137.921784438999}, "datetime": {"datetime": "2021-09-28 08:53:32", "elapsed": 66.955865, "delta": 0.842001}}
{"target": -17.57661226912655, "params": {"eta": 0.2619369775897302, "max_depth": 15.071746947047457, "n_estimators": 194.54139728852107}, "datetime": {"datetime": "2021-09-28 08:53:33", "elapsed": 67.713055, "delta": 0.75719}}
{"target": -16.550001428659545, "params": {"eta": 0.19903041744304228, "max_depth": 27.041345662008993, "n_estimators": 141.89876588337705}, "datetime": {"datetime": "2021-09-28 08:53:34", "elapsed": 68.664056, "delta": 0.951001}}
{"target": -17.507770754039658, "params": {"eta": 0.38414421110657876, "max_depth": 8.221139752752935, "n_estimators": 191.510382362681}, "datetime": {"datetime": "2021-09-28 08:53:35", "elapsed": 69.36574, "delta": 0.701684}}
{"target": -16.574550713216205, "params": {"eta": 0.37077299531020136, "max_depth": 5.192543686699902, "n_estimators": 165.3472913567001}, "datetime": {"datetime": "2021-09-28 08:53:36", "elapsed": 70.04491, "delta": 0.67917}}
{"target": -17.71368546648756, "params": {"eta": 0.42025856872858725, "max_depth": 12.68310723951567, "n_estimators": 121.00264121061255}, "datetime": {"datetime": "2021-09-28 08:53:36", "elapsed": 70.666914, "delta": 0.622004}}
{"target": -15.238500980542765, "params": {"eta": 0.20349190022476754, "max_depth": 14.59017754231978, "n_estimators": 183.3126545301927}, "datetime": {"datetime": "2021-09-28 08:53:37", "elapsed": 71.525352, "delta": 0.858438}}
{"target": -20.456621919239293, "params": {"eta": 0.22903490120870612, "max_depth": 2.8733123059804733, "n_estimators": 173.72471044795853}, "datetime": {"datetime": "2021-09-28 08:53:38", "elapsed": 72.039351, "delta": 0.513999}}
{"target": -16.385051757972924, "params": {"eta": 0.30267767454905103, "max_depth": 14.585948576784654, "n_estimators": 183.36662535102914}, "datetime": {"datetime": "2021-09-28 08:53:38", "elapsed": 72.801355, "delta": 0.762004}}
{"target": -17.671178317506296, "params": {"eta": 0.10832615479212473, "max_depth": 5.671686926668179, "n_estimators": 161.87514656400919}, "datetime": {"datetime": "2021-09-28 08:53:39", "elapsed": 73.478879, "delta": 0.677524}}
{"target": -16.216406508788022, "params": {"eta": 0.23367729492264855, "max_depth": 21.980530152734147, "n_estimators": 166.07537197684044}, "datetime": {"datetime": "2021-09-28 08:53:40", "elapsed": 74.32862, "delta": 0.849741}}
{"target": -16.955592608941313, "params": {"eta": 0.33696980460247816, "max_depth": 12.574915119807873, "n_estimators": 177.22318793728633}, "datetime": {"datetime": "2021-09-28 08:53:41", "elapsed": 75.056619, "delta": 0.727999}}
{"target": -16.89669680247412, "params": {"eta": 0.14794438959796902, "max_depth": 14.662847631797183, "n_estimators": 183.19984959221543}, "datetime": {"datetime": "2021-09-28 08:53:42", "elapsed": 76.153812, "delta": 1.097193}}
{"target": -17.869416176160545, "params": {"eta": 0.23617971642748986, "max_depth": 23.318469188849647, "n_estimators": 185.4184439473866}, "datetime": {"datetime": "2021-09-28 08:53:43", "elapsed": 77.133807, "delta": 0.979995}}
{"target": -17.388991462547537, "params": {"eta": 0.4141430482568463, "max_depth": 24.35253723583064, "n_estimators": 119.74972242097861}, "datetime": {"datetime": "2021-09-28 08:53:43", "elapsed": 77.916023, "delta": 0.782216}}
{"target": -16.80569572839764, "params": {"eta": 0.376334501063097, "max_depth": 24.81570401532717, "n_estimators": 196.46568291404745}, "datetime": {"datetime": "2021-09-28 08:53:44", "elapsed": 78.76002, "delta": 0.843997}}
{"target": -17.009820350985542, "params": {"eta": 0.37989112006012327, "max_depth": 16.305610053183813, "n_estimators": 183.0705121632442}, "datetime": {"datetime": "2021-09-28 08:53:45", "elapsed": 79.465129, "delta": 0.705109}}
{"target": -15.945027882613905, "params": {"eta": 0.13959602643809732, "max_depth": 14.565161237696064, "n_estimators": 183.41573545288355}, "datetime": {"datetime": "2021-09-28 08:53:46", "elapsed": 80.79745, "delta": 1.332321}}
{"target": -15.555888868831763, "params": {"eta": 0.15183873669619308, "max_depth": 22.170805214986704, "n_estimators": 165.9298793373581}, "datetime": {"datetime": "2021-09-28 08:53:47", "elapsed": 81.990581, "delta": 1.193131}}
{"target": -17.11977917491756, "params": {"eta": 0.2953126456882787, "max_depth": 7.961119691239372, "n_estimators": 122.71024994098856}, "datetime": {"datetime": "2021-09-28 08:53:48", "elapsed": 82.745586, "delta": 0.755005}}
{"target": -17.615449490694896, "params": {"eta": 0.286480718846913, "max_depth": 14.475398587422442, "n_estimators": 183.18848900495843}, "datetime": {"datetime": "2021-09-28 08:53:49", "elapsed": 83.574387, "delta": 0.828801}}
{"target": -16.308504672031905, "params": {"eta": 0.12127427883118347, "max_depth": 27.975834321190415, "n_estimators": 138.4298669224739}, "datetime": {"datetime": "2021-09-28 08:53:51", "elapsed": 85.043985, "delta": 1.469598}}
{"target": -16.569656246609313, "params": {"eta": 0.10082829416422577, "max_depth": 24.529120964924935, "n_estimators": 196.82105695186968}, "datetime": {"datetime": "2021-09-28 08:53:52", "elapsed": 86.674587, "delta": 1.630602}}
{"target": -17.463665647321463, "params": {"eta": 0.26780774149058284, "max_depth": 9.676241249539581, "n_estimators": 188.38926142174873}, "datetime": {"datetime": "2021-09-28 08:53:53", "elapsed": 87.52459, "delta": 0.850003}}
{"target": -15.910003203711145, "params": {"eta": 0.10474618538440643, "max_depth": 13.712146964040642, "n_estimators": 182.09763495749309}, "datetime": {"datetime": "2021-09-28 08:53:54", "elapsed": 88.92837, "delta": 1.40378}}
{"target": -19.84691941519535, "params": {"eta": 0.4983126376194173, "max_depth": 3.317801759834066, "n_estimators": 153.73926339963856}, "datetime": {"datetime": "2021-09-28 08:53:55", "elapsed": 89.560024, "delta": 0.631654}}
{"target": -17.174982776134904, "params": {"eta": 0.232146980331274, "max_depth": 24.749420075312624, "n_estimators": 196.664304389231}, "datetime": {"datetime": "2021-09-28 08:53:56", "elapsed": 90.548176, "delta": 0.988152}}
{"target": -16.991976642230473, "params": {"eta": 0.2532456265763753, "max_depth": 15.306262337195516, "n_estimators": 191.11831796042978}, "datetime": {"datetime": "2021-09-28 08:53:57", "elapsed": 91.429174, "delta": 0.880998}}
{"target": -16.756802439650578, "params": {"eta": 0.2421970530233703, "max_depth": 7.527414933596869, "n_estimators": 111.51726328623187}, "datetime": {"datetime": "2021-09-28 08:53:58", "elapsed": 92.154606, "delta": 0.725432}}
{"target": -18.36124811208917, "params": {"eta": 0.47792014498154045, "max_depth": 21.588006993320356, "n_estimators": 198.4542501644469}, "datetime": {"datetime": "2021-09-28 08:53:58", "elapsed": 92.866603, "delta": 0.711997}}
{"target": -15.39815951505196, "params": {"eta": 0.20337521342423304, "max_depth": 22.118436808676112, "n_estimators": 165.6948422615}, "datetime": {"datetime": "2021-09-28 08:53:59", "elapsed": 93.905293, "delta": 1.03869}}
{"target": -17.06728092387303, "params": {"eta": 0.41851456205901344, "max_depth": 10.618271243255071, "n_estimators": 192.98568601202007}, "datetime": {"datetime": "2021-09-28 08:54:00", "elapsed": 94.614442, "delta": 0.709149}}
{"target": -15.910559105360692, "params": {"eta": 0.1736936793325463, "max_depth": 24.739990955027867, "n_estimators": 196.3478083999114}, "datetime": {"datetime": "2021-09-28 08:54:01", "elapsed": 95.707232, "delta": 1.09279}}
{"target": -16.304986563904922, "params": {"eta": 0.11676443617178112, "max_depth": 14.458135731870026, "n_estimators": 156.26613100041888}, "datetime": {"datetime": "2021-09-28 08:54:02", "elapsed": 96.943233, "delta": 1.236001}}
{"target": -16.78778352623692, "params": {"eta": 0.3737376114799872, "max_depth": 22.050123621114288, "n_estimators": 165.51471452010912}, "datetime": {"datetime": "2021-09-28 08:54:03", "elapsed": 97.878376, "delta": 0.935143}}
{"target": -23.1482532863948, "params": {"eta": 0.10764237388827533, "max_depth": 1.3551643259047852, "n_estimators": 188.6387770746958}, "datetime": {"datetime": "2021-09-28 08:54:04", "elapsed": 98.470226, "delta": 0.59185}}
{"target": -16.8474256036934, "params": {"eta": 0.3455587235081307, "max_depth": 21.997193108005924, "n_estimators": 165.82328891569526}, "datetime": {"datetime": "2021-09-28 08:54:05", "elapsed": 99.455008, "delta": 0.984782}}
{"target": -17.88620486115219, "params": {"eta": 0.4249218042180654, "max_depth": 21.86382555654276, "n_estimators": 189.46962216400897}, "datetime": {"datetime": "2021-09-28 08:54:06", "elapsed": 100.246303, "delta": 0.791295}}
{"target": -17.279902502283264, "params": {"eta": 0.26721090937066105, "max_depth": 22.2474046485853, "n_estimators": 166.12555096374388}, "datetime": {"datetime": "2021-09-28 08:54:07", "elapsed": 101.2583, "delta": 1.011997}}
{"target": -16.704232097065212, "params": {"eta": 0.3412323153804489, "max_depth": 8.619633004700578, "n_estimators": 127.66295164419046}, "datetime": {"datetime": "2021-09-28 08:54:07", "elapsed": 101.98599, "delta": 0.72769}}
{"target": -16.37524712566907, "params": {"eta": 0.15688419180884447, "max_depth": 24.398859729125906, "n_estimators": 149.76837457793604}, "datetime": {"datetime": "2021-09-28 08:54:09", "elapsed": 103.074993, "delta": 1.089003}}
{"target": -16.01521346132436, "params": {"eta": 0.09356777580938455, "max_depth": 13.63919645146191, "n_estimators": 182.33828886867917}, "datetime": {"datetime": "2021-09-28 08:54:10", "elapsed": 104.806885, "delta": 1.731892}}
{"target": -17.673714895120224, "params": {"eta": 0.2745644657349002, "max_depth": 13.623180762987497, "n_estimators": 182.30955337519583}, "datetime": {"datetime": "2021-09-28 08:54:11", "elapsed": 105.805887, "delta": 0.999002}}
{"target": -16.808339372285726, "params": {"eta": 0.3716976529756218, "max_depth": 28.749810982711846, "n_estimators": 183.1034474980695}, "datetime": {"datetime": "2021-09-28 08:54:12", "elapsed": 106.750889, "delta": 0.945002}}
{"target": -16.515434732571794, "params": {"eta": 0.17121820671509225, "max_depth": 9.032599676366164, "n_estimators": 113.57312186430418}, "datetime": {"datetime": "2021-09-28 08:54:13", "elapsed": 107.972131, "delta": 1.221242}}
{"target": -16.150318069314125, "params": {"eta": 0.09490671502413482, "max_depth": 28.026393213246497, "n_estimators": 138.08169297873965}, "datetime": {"datetime": "2021-09-28 08:54:15", "elapsed": 109.490187, "delta": 1.518056}}
{"target": -16.61955255437991, "params": {"eta": 0.13647944612414542, "max_depth": 22.123166788279715, "n_estimators": 165.77099380136974}, "datetime": {"datetime": "2021-09-28 08:54:17", "elapsed": 111.073291, "delta": 1.583104}}
{"target": -17.23978615473457, "params": {"eta": 0.3376355329625595, "max_depth": 22.278197091101383, "n_estimators": 165.63533561635535}, "datetime": {"datetime": "2021-09-28 08:54:18", "elapsed": 112.049757, "delta": 0.976466}}
{"target": -18.38996868530789, "params": {"eta": 0.26068032019422027, "max_depth": 29.984151493348357, "n_estimators": 149.4573695110276}, "datetime": {"datetime": "2021-09-28 08:54:19", "elapsed": 113.228755, "delta": 1.178998}}
{"target": -17.82974914514743, "params": {"eta": 0.22507034053946484, "max_depth": 14.686869761474503, "n_estimators": 183.38782022584948}, "datetime": {"datetime": "2021-09-28 08:54:20", "elapsed": 114.337682, "delta": 1.108927}}
{"target": -15.853248218523625, "params": {"eta": 0.14298805947116766, "max_depth": 25.63190687101892, "n_estimators": 106.97917715521127}, "datetime": {"datetime": "2021-09-28 08:54:21", "elapsed": 115.596685, "delta": 1.259003}}
{"target": -17.3308647639606, "params": {"eta": 0.2741106691994926, "max_depth": 25.71460574274877, "n_estimators": 107.06969788825144}, "datetime": {"datetime": "2021-09-28 08:54:22", "elapsed": 116.725448, "delta": 1.128763}}
{"target": -18.844123603519396, "params": {"eta": 0.46469663950853785, "max_depth": 8.13289250121767, "n_estimators": 198.02244580674972}, "datetime": {"datetime": "2021-09-28 08:54:23", "elapsed": 117.524446, "delta": 0.798998}}
{"target": -17.131425172989115, "params": {"eta": 0.30791652217071835, "max_depth": 8.888371907883585, "n_estimators": 113.71042273982854}, "datetime": {"datetime": "2021-09-28 08:54:24", "elapsed": 118.391169, "delta": 0.866723}}
{"target": -16.887328843966625, "params": {"eta": 0.20011712377416152, "max_depth": 24.49899321527905, "n_estimators": 196.34647135719143}, "datetime": {"datetime": "2021-09-28 08:54:25", "elapsed": 119.549882, "delta": 1.158713}}
{"target": -16.65491699437418, "params": {"eta": 0.12100529329722318, "max_depth": 23.22374529956231, "n_estimators": 143.13099810093888}, "datetime": {"datetime": "2021-09-28 08:54:26", "elapsed": 120.81676, "delta": 1.266878}}
{"target": -16.968505440562545, "params": {"eta": 0.31364217727431876, "max_depth": 24.1475796512976, "n_estimators": 119.71218265553667}, "datetime": {"datetime": "2021-09-28 08:54:27", "elapsed": 121.877278, "delta": 1.060518}}
{"target": -16.418022356222448, "params": {"eta": 0.13349194197007555, "max_depth": 21.202825561889476, "n_estimators": 105.55872764241576}, "datetime": {"datetime": "2021-09-28 08:54:29", "elapsed": 123.115277, "delta": 1.237999}}
{"target": -18.903879987301124, "params": {"eta": 0.4495232134075567, "max_depth": 22.575130492671033, "n_estimators": 142.9319292891996}, "datetime": {"datetime": "2021-09-28 08:54:29", "elapsed": 123.907288, "delta": 0.792011}}
{"target": -16.692545569525755, "params": {"eta": 0.22348056176344333, "max_depth": 19.802821840864617, "n_estimators": 117.53012904990675}, "datetime": {"datetime": "2021-09-28 08:54:30", "elapsed": 124.829285, "delta": 0.921997}}
{"target": -17.268946304696843, "params": {"eta": 0.24159703498632795, "max_depth": 13.914347169421912, "n_estimators": 182.1084610822703}, "datetime": {"datetime": "2021-09-28 08:54:32", "elapsed": 126.248767, "delta": 1.419482}}
{"target": -15.51173881114853, "params": {"eta": 0.08025548698442762, "max_depth": 16.450044911523854, "n_estimators": 158.41687235459486}, "datetime": {"datetime": "2021-09-28 08:54:33", "elapsed": 127.970513, "delta": 1.721746}}
