{"target": -16.61843941856391, "params": {"eta": 0.16479047559159948, "max_depth": 21.04708966128326, "n_estimators": 88.57926483895744}, "datetime": {"datetime": "2021-09-27 22:31:45", "elapsed": 780.432032, "delta": 2.924884}}
{"target": -16.66455896533775, "params": {"eta": 0.10472248589524742, "max_depth": 25.69960412821606, "n_estimators": 85.52388476313024}, "datetime": {"datetime": "2021-09-27 22:31:49", "elapsed": 784.065994, "delta": 3.633962}}
{"target": -15.50520280908119, "params": {"eta": 0.036268005711011374, "max_depth": 19.02680836773534, "n_estimators": 89.4565637309444}, "datetime": {"datetime": "2021-09-27 22:31:53", "elapsed": 788.021556, "delta": 3.955562}}
{"target": -20.256386690309682, "params": {"eta": 0.48769846840548925, "max_depth": 28.152422267332643, "n_estimators": 56.18144926903172}, "datetime": {"datetime": "2021-09-27 22:31:56", "elapsed": 791.111842, "delta": 3.090286}}
{"target": -23.3328013061536, "params": {"eta": 0.06314679098609985, "max_depth": 16.28575379317911, "n_estimators": 25.0637842871211}, "datetime": {"datetime": "2021-09-27 22:31:58", "elapsed": 793.817376, "delta": 2.705534}}
{"target": -86.43171688717169, "params": {"eta": 0.03, "max_depth": 26.452703545142253, "n_estimators": 4.240879259998362}, "datetime": {"datetime": "2021-09-27 22:32:01", "elapsed": 796.344743, "delta": 2.527367}}
{"target": -17.31903598841398, "params": {"eta": 0.39266462141428715, "max_depth": 23.7698223010917, "n_estimators": 35.84084962197171}, "datetime": {"datetime": "2021-09-27 22:32:04", "elapsed": 799.628692, "delta": 3.283949}}
{"target": -17.570849638465553, "params": {"eta": 0.4448110586602684, "max_depth": 19.179859101867404, "n_estimators": 35.43589157963185}, "datetime": {"datetime": "2021-09-27 22:32:08", "elapsed": 802.926286, "delta": 3.297594}}
{"target": -20.99999931476616, "params": {"eta": 0.6, "max_depth": 23.90781300964381, "n_estimators": 45.732582654888475}, "datetime": {"datetime": "2021-09-27 22:32:11", "elapsed": 806.08826, "delta": 3.161974}}
{"target": -19.307199815720303, "params": {"eta": 0.03, "max_depth": 6.0, "n_estimators": 66.66526886212003}, "datetime": {"datetime": "2021-09-27 22:32:14", "elapsed": 809.695946, "delta": 3.607686}}
{"target": -16.673294268016136, "params": {"eta": 0.11231879027389409, "max_depth": 23.348438813249764, "n_estimators": 22.11833476009528}, "datetime": {"datetime": "2021-09-27 22:32:19", "elapsed": 814.128958, "delta": 4.433012}}
{"target": -40.695924874000525, "params": {"eta": 0.03, "max_depth": 19.05240558963867, "n_estimators": 30.354742830304072}, "datetime": {"datetime": "2021-09-27 22:32:22", "elapsed": 817.681849, "delta": 3.552891}}
{"target": -21.010495695476685, "params": {"eta": 0.6, "max_depth": 25.177875686383977, "n_estimators": 100.0}, "datetime": {"datetime": "2021-09-27 22:32:26", "elapsed": 820.911487, "delta": 3.229638}}
{"target": -20.754864363919665, "params": {"eta": 0.6, "max_depth": 27.068857444083804, "n_estimators": 8.554078203555319}, "datetime": {"datetime": "2021-09-27 22:32:30", "elapsed": 825.612208, "delta": 4.700721}}
{"target": -16.301792547229436, "params": {"eta": 0.12528151224628312, "max_depth": 16.320444194782986, "n_estimators": 66.64663440668166}, "datetime": {"datetime": "2021-09-27 22:32:34", "elapsed": 829.225407, "delta": 3.613199}}
{"target": -20.63745416191919, "params": {"eta": 0.5984133385852233, "max_depth": 15.03774503342013, "n_estimators": 52.05570988403969}, "datetime": {"datetime": "2021-09-27 22:32:38", "elapsed": 832.940441, "delta": 3.715034}}
{"target": -19.256663273949, "params": {"eta": 0.6, "max_depth": 8.57300548562577, "n_estimators": 40.58673518552135}, "datetime": {"datetime": "2021-09-27 22:32:43", "elapsed": 838.04097, "delta": 5.100529}}
{"target": -16.41398483467643, "params": {"eta": 0.11291501180488768, "max_depth": 17.54570449343636, "n_estimators": 60.711366741017116}, "datetime": {"datetime": "2021-09-27 22:32:47", "elapsed": 842.316603, "delta": 4.275633}}
{"target": -17.08629124997153, "params": {"eta": 0.03, "max_depth": 11.355557303052878, "n_estimators": 78.9630376507974}, "datetime": {"datetime": "2021-09-27 22:32:50", "elapsed": 844.982269, "delta": 2.665666}}
{"target": -20.227985429507225, "params": {"eta": 0.552201739561378, "max_depth": 21.340074442165243, "n_estimators": 35.60036111418608}, "datetime": {"datetime": "2021-09-27 22:32:53", "elapsed": 848.273818, "delta": 3.291549}}
{"target": -20.994963322504066, "params": {"eta": 0.6, "max_depth": 21.902489464183272, "n_estimators": 98.73784052405931}, "datetime": {"datetime": "2021-09-27 22:32:56", "elapsed": 850.960256, "delta": 2.686438}}
{"target": -19.81908713415756, "params": {"eta": 0.5186409126357716, "max_depth": 22.15316461045162, "n_estimators": 49.34277480617267}, "datetime": {"datetime": "2021-09-27 22:33:00", "elapsed": 855.685894, "delta": 4.725638}}
{"target": -16.84259377682824, "params": {"eta": 0.17972560479740216, "max_depth": 29.976247779119053, "n_estimators": 24.892229113780818}, "datetime": {"datetime": "2021-09-27 22:33:04", "elapsed": 859.225617, "delta": 3.539723}}
{"target": -19.88571109850087, "params": {"eta": 0.49021081173123626, "max_depth": 23.168190925319003, "n_estimators": 39.872148329750146}, "datetime": {"datetime": "2021-09-27 22:33:07", "elapsed": 862.062817, "delta": 2.8372}}
{"target": -16.737873173931792, "params": {"eta": 0.12250618482860184, "max_depth": 13.91649926903849, "n_estimators": 21.404286354564533}, "datetime": {"datetime": "2021-09-27 22:33:10", "elapsed": 865.454079, "delta": 3.391262}}
{"target": -16.817038228075205, "params": {"eta": 0.12026227886759092, "max_depth": 22.996181778276622, "n_estimators": 96.51621755144505}, "datetime": {"datetime": "2021-09-27 22:33:14", "elapsed": 869.082378, "delta": 3.628299}}
{"target": -16.258119026132455, "params": {"eta": 0.19272287020919532, "max_depth": 10.193305406730776, "n_estimators": 56.88589103453639}, "datetime": {"datetime": "2021-09-27 22:33:17", "elapsed": 871.894554, "delta": 2.812176}}
{"target": -16.537538448326465, "params": {"eta": 0.1246270747790029, "max_depth": 15.729606208562611, "n_estimators": 22.98207168433564}, "datetime": {"datetime": "2021-09-27 22:33:20", "elapsed": 875.594804, "delta": 3.70025}}
{"target": -15.940197265994307, "params": {"eta": 0.08624959990727124, "max_depth": 22.266406030623017, "n_estimators": 71.9038730767956}, "datetime": {"datetime": "2021-09-27 22:33:23", "elapsed": 878.253884, "delta": 2.65908}}
{"target": -20.96359135433594, "params": {"eta": 0.6, "max_depth": 20.052710149724923, "n_estimators": 13.866104553924153}, "datetime": {"datetime": "2021-09-27 22:33:27", "elapsed": 882.16231, "delta": 3.908426}}
{"target": -21.10770499258667, "params": {"eta": 0.6, "max_depth": 12.616644566506901, "n_estimators": 56.40276048513194}, "datetime": {"datetime": "2021-09-27 22:33:29", "elapsed": 884.566916, "delta": 2.404606}}
{"target": -15.673411359167485, "params": {"eta": 0.03, "max_depth": 26.09444602841708, "n_estimators": 97.01239501609818}, "datetime": {"datetime": "2021-09-27 22:33:32", "elapsed": 887.254134, "delta": 2.687218}}
{"target": -18.01800109540414, "params": {"eta": 0.03, "max_depth": 20.344704188902547, "n_estimators": 72.4315806532017}, "datetime": {"datetime": "2021-09-27 22:33:35", "elapsed": 890.273308, "delta": 3.019174}}
{"target": -19.256663273949, "params": {"eta": 0.6, "max_depth": 8.897446852311447, "n_estimators": 100.0}, "datetime": {"datetime": "2021-09-27 22:33:38", "elapsed": 892.910399, "delta": 2.637091}}
{"target": -21.76886917242098, "params": {"eta": 0.5856515888141732, "max_depth": 24.66087058541497, "n_estimators": 16.77200630578732}, "datetime": {"datetime": "2021-09-27 22:33:41", "elapsed": 896.230865, "delta": 3.320466}}
{"target": -20.190507599078437, "params": {"eta": 0.5891004758832654, "max_depth": 26.73987707882584, "n_estimators": 17.031077400608467}, "datetime": {"datetime": "2021-09-27 22:33:44", "elapsed": 898.89787, "delta": 2.667005}}
{"target": -17.056945845896635, "params": {"eta": 0.22476103038640047, "max_depth": 23.654096141985544, "n_estimators": 19.190954192382392}, "datetime": {"datetime": "2021-09-27 22:33:46", "elapsed": 901.442651, "delta": 2.544781}}
{"target": -15.765794108177106, "params": {"eta": 0.11863328149793265, "max_depth": 16.97714795037079, "n_estimators": 76.62653132881299}, "datetime": {"datetime": "2021-09-27 22:33:51", "elapsed": 906.817957, "delta": 5.375306}}
{"target": -16.53939965644311, "params": {"eta": 0.11291007231988556, "max_depth": 24.875474669355146, "n_estimators": 67.99339849200548}, "datetime": {"datetime": "2021-09-27 22:33:55", "elapsed": 910.317714, "delta": 3.499757}}
{"target": -26.813067678629583, "params": {"eta": 0.03, "max_depth": 30.0, "n_estimators": 47.68443831372911}, "datetime": {"datetime": "2021-09-27 22:33:58", "elapsed": 913.098194, "delta": 2.78048}}
{"target": -21.24096582918387, "params": {"eta": 0.6, "max_depth": 16.495858377390856, "n_estimators": 44.95065509670718}, "datetime": {"datetime": "2021-09-27 22:34:00", "elapsed": 915.676216, "delta": 2.578022}}
{"target": -21.009718599762362, "params": {"eta": 0.6, "max_depth": 26.303870127911857, "n_estimators": 58.21752463207212}, "datetime": {"datetime": "2021-09-27 22:34:05", "elapsed": 920.40183, "delta": 4.725614}}
{"target": -16.03762930261278, "params": {"eta": 0.09717139463297522, "max_depth": 23.290944607719567, "n_estimators": 74.3436276817553}, "datetime": {"datetime": "2021-09-27 22:34:09", "elapsed": 924.063915, "delta": 3.662085}}
{"target": -21.240965206144484, "params": {"eta": 0.6, "max_depth": 16.08178174222214, "n_estimators": 54.313593058267784}, "datetime": {"datetime": "2021-09-27 22:34:12", "elapsed": 927.294619, "delta": 3.230704}}
{"target": -15.417968133122853, "params": {"eta": 0.15132053798151385, "max_depth": 23.370591300847273, "n_estimators": 59.02438301689233}, "datetime": {"datetime": "2021-09-27 22:34:15", "elapsed": 930.136274, "delta": 2.841655}}
{"target": -20.44819634388206, "params": {"eta": 0.6, "max_depth": 10.326022568102314, "n_estimators": 49.32269358336826}, "datetime": {"datetime": "2021-09-27 22:34:18", "elapsed": 933.470487, "delta": 3.334213}}
{"target": -19.506164640923846, "params": {"eta": 0.5628228736135312, "max_depth": 21.31394779770334, "n_estimators": 46.16773097008663}, "datetime": {"datetime": "2021-09-27 22:34:21", "elapsed": 936.228351, "delta": 2.757864}}
{"target": -21.009718599762362, "params": {"eta": 0.6, "max_depth": 27.11744585124231, "n_estimators": 64.08200327510602}, "datetime": {"datetime": "2021-09-27 22:34:24", "elapsed": 939.695016, "delta": 3.466665}}
{"target": -20.992906230655215, "params": {"eta": 0.6, "max_depth": 28.439959974528445, "n_estimators": 14.194166892111149}, "datetime": {"datetime": "2021-09-27 22:34:27", "elapsed": 942.337454, "delta": 2.642438}}
{"target": -15.389037025386243, "params": {"eta": 0.13532720227194023, "max_depth": 19.002110429841807, "n_estimators": 55.250615824603855}, "datetime": {"datetime": "2021-09-27 22:34:30", "elapsed": 945.779773, "delta": 3.442319}}
{"target": -21.01343623449621, "params": {"eta": 0.6, "max_depth": 24.595932548966697, "n_estimators": 78.82515578030956}, "datetime": {"datetime": "2021-09-27 22:34:33", "elapsed": 948.413082, "delta": 2.633309}}
{"target": -22.76736801544546, "params": {"eta": 0.03, "max_depth": 20.78444724566507, "n_estimators": 55.56834391578383}, "datetime": {"datetime": "2021-09-27 22:34:36", "elapsed": 950.929281, "delta": 2.516199}}
{"target": -21.605587438894926, "params": {"eta": 0.6, "max_depth": 13.077275355950304, "n_estimators": 59.35025230796941}, "datetime": {"datetime": "2021-09-27 22:34:38", "elapsed": 953.800796, "delta": 2.871515}}
{"target": -20.564121143687057, "params": {"eta": 0.5966841368672808, "max_depth": 24.883798407373163, "n_estimators": 32.395289803143974}, "datetime": {"datetime": "2021-09-27 22:34:41", "elapsed": 956.428269, "delta": 2.627473}}
{"target": -15.745725225514098, "params": {"eta": 0.09918491617935477, "max_depth": 24.938000041917636, "n_estimators": 51.79265740236062}, "datetime": {"datetime": "2021-09-27 22:34:45", "elapsed": 960.725797, "delta": 4.297528}}
{"target": -16.82368172527999, "params": {"eta": 0.290198279326206, "max_depth": 23.164544792938067, "n_estimators": 60.67357423109274}, "datetime": {"datetime": "2021-09-28 07:43:38", "elapsed": 0.0, "delta": 0.0}}
{"target": -17.52958869695245, "params": {"eta": 0.28837068009355704, "max_depth": 16.167715184133712, "n_estimators": 64.94351719359895}, "datetime": {"datetime": "2021-09-28 07:43:38", "elapsed": 0.255695, "delta": 0.255695}}
{"target": -16.76625912326631, "params": {"eta": 0.23847805323715202, "max_depth": 27.402552018769914, "n_estimators": 96.4026132896019}, "datetime": {"datetime": "2021-09-28 07:43:39", "elapsed": 0.557084, "delta": 0.301389}}
{"target": -16.276243189707227, "params": {"eta": 0.21330030625398663, "max_depth": 25.00140091398395, "n_estimators": 53.360597055537546}, "datetime": {"datetime": "2021-09-28 07:43:39", "elapsed": 0.813511, "delta": 0.256427}}
{"target": -20.87288831365886, "params": {"eta": 0.5, "max_depth": 30.0, "n_estimators": 52.42533628908281}, "datetime": {"datetime": "2021-09-28 07:43:39", "elapsed": 1.32226, "delta": 0.508749}}
{"target": -16.466507266118676, "params": {"eta": 0.1420843148168281, "max_depth": 28.98041864634548, "n_estimators": 38.94163862990509}, "datetime": {"datetime": "2021-09-28 07:43:40", "elapsed": 1.557697, "delta": 0.235437}}
{"target": -17.61295701750719, "params": {"eta": 0.28661315122599873, "max_depth": 19.274562362717635, "n_estimators": 73.52388834603966}, "datetime": {"datetime": "2021-09-28 07:43:40", "elapsed": 1.875876, "delta": 0.318179}}
{"target": -31.60993775981146, "params": {"eta": 0.12583232916297243, "max_depth": 12.609756020898669, "n_estimators": 9.547637839283635}, "datetime": {"datetime": "2021-09-28 07:43:40", "elapsed": 1.972887, "delta": 0.097011}}
{"target": -23.42432894269153, "params": {"eta": 0.035, "max_depth": 13.45189012923836, "n_estimators": 46.37435478149031}, "datetime": {"datetime": "2021-09-28 07:43:40", "elapsed": 2.229097, "delta": 0.25621}}
{"target": -17.31834888479056, "params": {"eta": 0.2696659822059522, "max_depth": 19.190327848977617, "n_estimators": 73.51830948604669}, "datetime": {"datetime": "2021-09-28 07:43:41", "elapsed": 2.614893, "delta": 0.385796}}
{"target": -16.24982398472692, "params": {"eta": 0.07138106980623951, "max_depth": 16.6346933293083, "n_estimators": 73.15344175529135}, "datetime": {"datetime": "2021-09-28 07:43:41", "elapsed": 3.123205, "delta": 0.508312}}
{"target": -16.24737161474003, "params": {"eta": 0.035, "max_depth": 17.235927491468086, "n_estimators": 76.200496821546}, "datetime": {"datetime": "2021-09-28 07:43:42", "elapsed": 3.548369, "delta": 0.425164}}
{"target": -16.61722389722645, "params": {"eta": 0.1762237197171828, "max_depth": 23.04550833481233, "n_estimators": 56.50955871540871}, "datetime": {"datetime": "2021-09-28 07:43:42", "elapsed": 4.0513, "delta": 0.502931}}
{"target": -20.878728032395895, "params": {"eta": 0.5, "max_depth": 21.27388386806511, "n_estimators": 52.684612218134355}, "datetime": {"datetime": "2021-09-28 07:43:43", "elapsed": 4.565333, "delta": 0.514033}}
{"target": -19.10386604629416, "params": {"eta": 0.035, "max_depth": 26.363579757154426, "n_estimators": 57.29758220603674}, "datetime": {"datetime": "2021-09-28 07:43:43", "elapsed": 4.940689, "delta": 0.375356}}
{"target": -18.583698975530037, "params": {"eta": 0.035, "max_depth": 19.91962548828337, "n_estimators": 59.07463356403867}, "datetime": {"datetime": "2021-09-28 07:43:43", "elapsed": 5.303589, "delta": 0.3629}}
{"target": -16.86120273278759, "params": {"eta": 0.035, "max_depth": 17.75895434573011, "n_estimators": 69.86093197185198}, "datetime": {"datetime": "2021-09-28 07:43:44", "elapsed": 5.906651, "delta": 0.603062}}
{"target": -16.666222032337803, "params": {"eta": 0.3100933609521266, "max_depth": 28.792869588455236, "n_estimators": 35.38541419985652}, "datetime": {"datetime": "2021-09-28 07:43:44", "elapsed": 6.421479, "delta": 0.514828}}
{"target": -19.706013535198544, "params": {"eta": 0.4838729599484858, "max_depth": 25.643320755679948, "n_estimators": 37.499782958389304}, "datetime": {"datetime": "2021-09-28 07:43:45", "elapsed": 6.828303, "delta": 0.406824}}
{"target": -16.596517434574228, "params": {"eta": 0.31837028280199425, "max_depth": 21.118345810527444, "n_estimators": 64.3254577519339}, "datetime": {"datetime": "2021-09-28 07:43:45", "elapsed": 7.241314, "delta": 0.413011}}
{"target": -16.781959095558598, "params": {"eta": 0.03894128472404521, "max_depth": 24.56332827361035, "n_estimators": 64.21648291988947}, "datetime": {"datetime": "2021-09-28 07:43:46", "elapsed": 7.589589, "delta": 0.348275}}
{"target": -15.680739487665567, "params": {"eta": 0.1958618217420797, "max_depth": 22.509849867512944, "n_estimators": 67.55268494828398}, "datetime": {"datetime": "2021-09-28 07:43:46", "elapsed": 8.131534, "delta": 0.541945}}
{"target": -20.873461661700436, "params": {"eta": 0.5, "max_depth": 25.786042384961124, "n_estimators": 68.10890934442672}, "datetime": {"datetime": "2021-09-28 07:43:47", "elapsed": 8.676006, "delta": 0.544472}}
{"target": -17.11391545909744, "params": {"eta": 0.33510440603916036, "max_depth": 19.811471587921872, "n_estimators": 67.09464043666522}, "datetime": {"datetime": "2021-09-28 07:43:47", "elapsed": 9.372801, "delta": 0.696795}}
{"target": -17.079417877254965, "params": {"eta": 0.4161970332556967, "max_depth": 29.390673202761768, "n_estimators": 42.50770237366698}, "datetime": {"datetime": "2021-09-28 07:43:48", "elapsed": 10.215278, "delta": 0.842477}}
{"target": -17.708175059341485, "params": {"eta": 0.2529868140183644, "max_depth": 13.725856470809791, "n_estimators": 77.35033915228036}, "datetime": {"datetime": "2021-09-28 07:43:49", "elapsed": 11.205658, "delta": 0.99038}}
{"target": -34.55357696084693, "params": {"eta": 0.035, "max_depth": 30.0, "n_estimators": 31.913906672328114}, "datetime": {"datetime": "2021-09-28 07:43:50", "elapsed": 11.957749, "delta": 0.752091}}
{"target": -16.43952453190917, "params": {"eta": 0.3468399200427642, "max_depth": 26.67204839715492, "n_estimators": 92.55939031942344}, "datetime": {"datetime": "2021-09-28 07:43:51", "elapsed": 12.894334, "delta": 0.936585}}
{"target": -18.468032488229273, "params": {"eta": 0.26017955880034227, "max_depth": 23.743863939328456, "n_estimators": 94.88672226763076}, "datetime": {"datetime": "2021-09-28 07:43:52", "elapsed": 13.864007, "delta": 0.969673}}
{"target": -15.500454903647668, "params": {"eta": 0.035, "max_depth": 30.0, "n_estimators": 93.65070092875784}, "datetime": {"datetime": "2021-09-28 07:43:53", "elapsed": 14.766709, "delta": 0.902702}}
{"target": -15.725036247543095, "params": {"eta": 0.15119172544788173, "max_depth": 29.893307857925908, "n_estimators": 90.33645230557389}, "datetime": {"datetime": "2021-09-28 07:43:54", "elapsed": 15.974535, "delta": 1.207826}}
{"target": -15.65762801244939, "params": {"eta": 0.035, "max_depth": 26.765557339975267, "n_estimators": 88.27475248035007}, "datetime": {"datetime": "2021-09-28 07:43:55", "elapsed": 16.841259, "delta": 0.866724}}
{"target": -15.726205557277614, "params": {"eta": 0.035, "max_depth": 29.870509322979093, "n_estimators": 86.33546533926568}, "datetime": {"datetime": "2021-09-28 07:43:56", "elapsed": 17.657282, "delta": 0.816023}}
{"target": -20.872774411429813, "params": {"eta": 0.5, "max_depth": 26.5898131919677, "n_estimators": 84.41329624067467}, "datetime": {"datetime": "2021-09-28 07:43:57", "elapsed": 18.522534, "delta": 0.865252}}
{"target": -15.623443714706065, "params": {"eta": 0.035, "max_depth": 23.396429265953593, "n_estimators": 89.70795527750872}, "datetime": {"datetime": "2021-09-28 07:43:57", "elapsed": 19.241564, "delta": 0.71903}}
{"target": -15.65762801244939, "params": {"eta": 0.035, "max_depth": 19.74569718971604, "n_estimators": 88.89742149984455}, "datetime": {"datetime": "2021-09-28 07:43:58", "elapsed": 20.032993, "delta": 0.791429}}
{"target": -15.928488894295029, "params": {"eta": 0.159653076060002, "max_depth": 19.627581023295868, "n_estimators": 92.31046806765687}, "datetime": {"datetime": "2021-09-28 07:43:59", "elapsed": 21.216203, "delta": 1.18321}}
{"target": -20.78556723630553, "params": {"eta": 0.5, "max_depth": 16.246827375273625, "n_estimators": 90.4076703419037}, "datetime": {"datetime": "2021-09-28 07:44:00", "elapsed": 22.194268, "delta": 0.978065}}
{"target": -15.726205557277614, "params": {"eta": 0.035, "max_depth": 21.752379199495962, "n_estimators": 86.50099749145943}, "datetime": {"datetime": "2021-09-28 07:44:01", "elapsed": 22.961159, "delta": 0.766891}}
{"target": -16.823800724271926, "params": {"eta": 0.290198279326206, "max_depth": 23.164544792938067, "n_estimators": 230.1381688035822}, "datetime": {"datetime": "2021-09-28 07:44:12", "elapsed": 0.0, "delta": 0.0}}
{"target": -17.529588008235493, "params": {"eta": 0.28837068009355704, "max_depth": 16.167715184133712, "n_estimators": 232.2947056533328}, "datetime": {"datetime": "2021-09-28 07:44:12", "elapsed": 0.588308, "delta": 0.588308}}
{"target": -16.76625551799257, "params": {"eta": 0.23847805323715202, "max_depth": 27.402552018769914, "n_estimators": 248.18313802505145}, "datetime": {"datetime": "2021-09-28 07:44:13", "elapsed": 1.534943, "delta": 0.946635}}
{"target": -16.282436994342753, "params": {"eta": 0.21330030625398663, "max_depth": 25.00140091398395, "n_estimators": 226.44474598764523}, "datetime": {"datetime": "2021-09-28 07:44:14", "elapsed": 2.487089, "delta": 0.952146}}
{"target": -16.672831253421492, "params": {"eta": 0.19100526275056515, "max_depth": 26.949845325557934, "n_estimators": 224.81861655522547}, "datetime": {"datetime": "2021-09-28 07:44:15", "elapsed": 3.804121, "delta": 1.317032}}
