{"target": -21.847309361031243, "params": {"eta": 0.6, "max_depth": 23.270666544538898, "n_estimators": 38.914875663357115}, "datetime": {"datetime": "2021-09-27 21:43:52", "elapsed": 519.35779, "delta": 2.297744}}
{"target": -18.14110294096679, "params": {"eta": 0.3158950038737524, "max_depth": 20.092184836574255, "n_estimators": 183.60185389546072}, "datetime": {"datetime": "2021-09-27 21:43:56", "elapsed": 522.652225, "delta": 3.294435}}
{"target": -20.23263312642528, "params": {"eta": 0.5038288470264156, "max_depth": 9.143245238406337, "n_estimators": 113.72868914775988}, "datetime": {"datetime": "2021-09-27 21:43:59", "elapsed": 525.82908, "delta": 3.176855}}
{"target": -20.19275562555547, "params": {"eta": 0.5906258948403948, "max_depth": 8.218657318340277, "n_estimators": 30.609133077933993}, "datetime": {"datetime": "2021-09-27 21:44:02", "elapsed": 529.068427, "delta": 3.239347}}
{"target": -17.61752814702942, "params": {"eta": 0.43458436571285686, "max_depth": 29.984654569172335, "n_estimators": 139.95124545423013}, "datetime": {"datetime": "2021-09-27 21:44:05", "elapsed": 531.83673, "delta": 2.768303}}
{"target": -17.657609901290797, "params": {"eta": 0.01844597012077033, "max_depth": 26.793821294650723, "n_estimators": 142.36976625667438}, "datetime": {"datetime": "2021-09-27 21:44:08", "elapsed": 535.211451, "delta": 3.374721}}
{"target": -18.42847572246487, "params": {"eta": 0.27904115218952186, "max_depth": 18.498222072575846, "n_estimators": 166.71995605313316}, "datetime": {"datetime": "2021-09-27 21:44:11", "elapsed": 537.853171, "delta": 2.64172}}
{"target": -17.189217165160738, "params": {"eta": 0.45735673602314914, "max_depth": 18.911002647073182, "n_estimators": 70.7357452058368}, "datetime": {"datetime": "2021-09-27 21:44:15", "elapsed": 542.235656, "delta": 4.382485}}
{"target": -26.695710689516005, "params": {"eta": 0.01, "max_depth": 4.79824575133458, "n_estimators": 142.79021855101314}, "datetime": {"datetime": "2021-09-27 21:44:18", "elapsed": 544.781469, "delta": 2.545813}}
{"target": -26.398732840405636, "params": {"eta": 0.01, "max_depth": 10.915091224301129, "n_estimators": 148.20334658749312}, "datetime": {"datetime": "2021-09-27 21:44:21", "elapsed": 547.774526, "delta": 2.993057}}
{"target": -21.84767816074422, "params": {"eta": 0.6, "max_depth": 21.083745298853284, "n_estimators": 97.56798010961528}, "datetime": {"datetime": "2021-09-27 21:44:24", "elapsed": 550.65747, "delta": 2.882944}}
{"target": -23.69164129709286, "params": {"eta": 0.01, "max_depth": 24.034006919488363, "n_estimators": 166.44360393907252}, "datetime": {"datetime": "2021-09-27 21:44:27", "elapsed": 554.419602, "delta": 3.762132}}
{"target": -31.48457861560206, "params": {"eta": 0.01, "max_depth": 25.78421032359814, "n_estimators": 123.16386387275207}, "datetime": {"datetime": "2021-09-27 21:44:30", "elapsed": 557.502781, "delta": 3.083179}}
{"target": -17.313047909408372, "params": {"eta": 0.03343878366769712, "max_depth": 23.555380140695455, "n_estimators": 118.96802455297153}, "datetime": {"datetime": "2021-09-27 21:44:33", "elapsed": 560.285115, "delta": 2.782334}}
{"target": -21.06084274932181, "params": {"eta": 0.5122318337164933, "max_depth": 4.780805922155016, "n_estimators": 178.03371344154291}, "datetime": {"datetime": "2021-09-27 21:44:36", "elapsed": 563.210494, "delta": 2.925379}}
{"target": -18.995690815153115, "params": {"eta": 0.4757125329882822, "max_depth": 15.790561141246172, "n_estimators": 153.58616576677548}, "datetime": {"datetime": "2021-09-27 21:44:39", "elapsed": 566.40763, "delta": 3.197136}}
{"target": -21.470404737297585, "params": {"eta": 0.6, "max_depth": 11.805168054918143, "n_estimators": 134.86299239008042}, "datetime": {"datetime": "2021-09-27 21:44:42", "elapsed": 569.457621, "delta": 3.049991}}
{"target": -18.055857600854665, "params": {"eta": 0.07523584608678269, "max_depth": 26.5969788785722, "n_estimators": 177.34754645694935}, "datetime": {"datetime": "2021-09-27 21:44:47", "elapsed": 574.513548, "delta": 5.055927}}
{"target": -16.909631442837078, "params": {"eta": 0.02089834216405159, "max_depth": 15.216957374936458, "n_estimators": 182.03533603945604}, "datetime": {"datetime": "2021-09-27 21:44:51", "elapsed": 578.603678, "delta": 4.09013}}
{"target": -21.585777203482685, "params": {"eta": 0.01, "max_depth": 12.97946027943585, "n_estimators": 185.4155673244549}, "datetime": {"datetime": "2021-09-27 21:44:54", "elapsed": 581.5642, "delta": 2.960522}}
{"target": -18.772118829761006, "params": {"eta": 0.2726642359759875, "max_depth": 20.704646789099904, "n_estimators": 155.05906595842214}, "datetime": {"datetime": "2021-09-27 21:44:57", "elapsed": 584.073385, "delta": 2.509185}}
{"target": -18.885602112928588, "params": {"eta": 0.13140551916618035, "max_depth": 26.781608554451985, "n_estimators": 52.660790054764455}, "datetime": {"datetime": "2021-09-27 21:45:00", "elapsed": 587.440655, "delta": 3.36727}}
{"target": -21.32502604662872, "params": {"eta": 0.033065316187463646, "max_depth": 3.1564291576849794, "n_estimators": 57.16183772367006}, "datetime": {"datetime": "2021-09-27 21:45:03", "elapsed": 590.086578, "delta": 2.645923}}
{"target": -17.99937404924169, "params": {"eta": 0.07536930795900725, "max_depth": 22.982546590963153, "n_estimators": 141.27219125930054}, "datetime": {"datetime": "2021-09-27 21:45:07", "elapsed": 593.78737, "delta": 3.700792}}
{"target": -21.791493894961945, "params": {"eta": 0.6, "max_depth": 19.412117491977554, "n_estimators": 64.27723484304515}, "datetime": {"datetime": "2021-09-27 21:45:10", "elapsed": 597.610838, "delta": 3.823468}}
{"target": -22.73715733522811, "params": {"eta": 0.5768776847830692, "max_depth": 23.667099731083788, "n_estimators": 63.52166751155559}, "datetime": {"datetime": "2021-09-27 21:45:12", "elapsed": 599.630049, "delta": 2.019211}}
{"target": -18.83178157709203, "params": {"eta": 0.18510559736829232, "max_depth": 23.935941100894667, "n_estimators": 68.77584510252052}, "datetime": {"datetime": "2021-09-27 21:45:17", "elapsed": 604.502622, "delta": 4.872573}}
{"target": -21.847308159224134, "params": {"eta": 0.6, "max_depth": 23.184746346339278, "n_estimators": 59.09491830315119}, "datetime": {"datetime": "2021-09-27 21:45:21", "elapsed": 608.145085, "delta": 3.642463}}
{"target": -18.123305069175114, "params": {"eta": 0.4329168197760647, "max_depth": 11.399720877628518, "n_estimators": 45.09616985657958}, "datetime": {"datetime": "2021-09-27 21:45:24", "elapsed": 611.065567, "delta": 2.920482}}
{"target": -17.91164262896085, "params": {"eta": 0.14965982116722443, "max_depth": 19.246724539748303, "n_estimators": 199.73979703126474}, "datetime": {"datetime": "2021-09-27 21:45:28", "elapsed": 614.916476, "delta": 3.850909}}
{"target": -22.604735274857664, "params": {"eta": 0.589562995369632, "max_depth": 11.132316894562871, "n_estimators": 85.60845538013197}, "datetime": {"datetime": "2021-09-27 21:45:31", "elapsed": 618.550486, "delta": 3.63401}}
{"target": -18.285877826679585, "params": {"eta": 0.06553617454729765, "max_depth": 21.83600713829239, "n_estimators": 196.9417229040462}, "datetime": {"datetime": "2021-09-27 21:45:37", "elapsed": 624.561726, "delta": 6.01124}}
{"target": -17.807007335883256, "params": {"eta": 0.050215879042789444, "max_depth": 13.4857992271814, "n_estimators": 123.24269173647505}, "datetime": {"datetime": "2021-09-27 21:45:41", "elapsed": 628.40631, "delta": 3.844584}}
{"target": -16.929607636701608, "params": {"eta": 0.04608954020702311, "max_depth": 15.111307506389576, "n_estimators": 83.79287144949622}, "datetime": {"datetime": "2021-09-27 21:45:45", "elapsed": 631.715238, "delta": 3.308928}}
{"target": -18.73479620294075, "params": {"eta": 0.23800057391502544, "max_depth": 6.723944711614436, "n_estimators": 197.10880087252485}, "datetime": {"datetime": "2021-09-27 21:45:48", "elapsed": 634.890412, "delta": 3.175174}}
{"target": -19.631577697806343, "params": {"eta": 0.510350173910342, "max_depth": 14.667854946452909, "n_estimators": 109.71807870552679}, "datetime": {"datetime": "2021-09-27 21:45:51", "elapsed": 638.069619, "delta": 3.179207}}
{"target": -39.5839789618378, "params": {"eta": 0.03452839445312493, "max_depth": 23.17249884745138, "n_estimators": 27.799525461540764}, "datetime": {"datetime": "2021-09-27 21:45:53", "elapsed": 640.039363, "delta": 1.969744}}
{"target": -17.57264543589513, "params": {"eta": 0.42037216365427255, "max_depth": 16.68667173616884, "n_estimators": 32.18598827924026}, "datetime": {"datetime": "2021-09-27 21:45:56", "elapsed": 643.043584, "delta": 3.004221}}
{"target": -18.58271392235771, "params": {"eta": 0.07243825490456125, "max_depth": 3.3306384128077786, "n_estimators": 122.2676805723953}, "datetime": {"datetime": "2021-09-27 21:45:59", "elapsed": 646.08536, "delta": 3.041776}}
{"target": -20.149550668649837, "params": {"eta": 0.5370582392814895, "max_depth": 24.06495047088755, "n_estimators": 173.24754018223234}, "datetime": {"datetime": "2021-09-27 21:46:02", "elapsed": 649.057864, "delta": 2.972504}}
{"target": -17.201022280284395, "params": {"eta": 0.036164081433235955, "max_depth": 7.975161756710766, "n_estimators": 98.60833411324151}, "datetime": {"datetime": "2021-09-27 21:46:06", "elapsed": 652.974191, "delta": 3.916327}}
{"target": -24.59213031835094, "params": {"eta": 0.052975723710384906, "max_depth": 16.40387548373883, "n_estimators": 29.14653806362552}, "datetime": {"datetime": "2021-09-27 21:46:09", "elapsed": 656.353363, "delta": 3.379172}}
{"target": -22.36445104358069, "params": {"eta": 0.5911319998044741, "max_depth": 11.871355207859654, "n_estimators": 25.994875257647696}, "datetime": {"datetime": "2021-09-27 21:46:12", "elapsed": 658.91483, "delta": 2.561467}}
{"target": -22.77527446568697, "params": {"eta": 0.4600818201339534, "max_depth": 2.7036275723712073, "n_estimators": 135.22309812859746}, "datetime": {"datetime": "2021-09-27 21:46:14", "elapsed": 661.482762, "delta": 2.567932}}
{"target": -17.696446740225227, "params": {"eta": 0.1079277171252192, "max_depth": 4.394597500868126, "n_estimators": 159.73298182166704}, "datetime": {"datetime": "2021-09-27 21:46:19", "elapsed": 665.812581, "delta": 4.329819}}
{"target": -21.153979801700164, "params": {"eta": 0.01, "max_depth": 13.660139201825974, "n_estimators": 190.01917057892976}, "datetime": {"datetime": "2021-09-27 21:46:22", "elapsed": 669.513435, "delta": 3.700854}}
{"target": -26.57448102276334, "params": {"eta": 0.01, "max_depth": 30.0, "n_estimators": 147.25306865402183}, "datetime": {"datetime": "2021-09-27 21:46:26", "elapsed": 672.741134, "delta": 3.227699}}
{"target": -55.14446392399389, "params": {"eta": 0.01, "max_depth": 26.987963269685856, "n_estimators": 58.54917587769923}, "datetime": {"datetime": "2021-09-27 21:46:28", "elapsed": 675.509574, "delta": 2.76844}}
{"target": -19.202991637832703, "params": {"eta": 0.2904076269816788, "max_depth": 29.773600462324264, "n_estimators": 54.96109720615773}, "datetime": {"datetime": "2021-09-27 21:46:32", "elapsed": 679.058681, "delta": 3.549107}}
{"target": -17.599021219970325, "params": {"eta": 0.4237567357396802, "max_depth": 24.588219215602685, "n_estimators": 54.27506527784344}, "datetime": {"datetime": "2021-09-27 21:46:35", "elapsed": 682.155833, "delta": 3.097152}}
{"target": -86.21323168441351, "params": {"eta": 0.01741900031852671, "max_depth": 15.787572390149021, "n_estimators": 7.329875556130858}, "datetime": {"datetime": "2021-09-27 21:46:38", "elapsed": 685.155975, "delta": 3.000142}}
{"target": -18.134573004865178, "params": {"eta": 0.08051234082496751, "max_depth": 17.822871656961944, "n_estimators": 126.42114522375923}, "datetime": {"datetime": "2021-09-27 21:46:41", "elapsed": 688.369315, "delta": 3.21334}}
{"target": -17.46295476688674, "params": {"eta": 0.4765288979581841, "max_depth": 27.297939232237127, "n_estimators": 63.10836365241221}, "datetime": {"datetime": "2021-09-27 21:46:44", "elapsed": 690.932733, "delta": 2.563418}}
{"target": -22.620780273392512, "params": {"eta": 0.025798463204377106, "max_depth": 2.8250314434352615, "n_estimators": 170.70032126989346}, "datetime": {"datetime": "2021-09-27 21:46:48", "elapsed": 694.826379, "delta": 3.893646}}
{"target": -19.633289706857852, "params": {"eta": 0.5304603906533284, "max_depth": 16.365187430402916, "n_estimators": 21.002302329694434}, "datetime": {"datetime": "2021-09-27 21:46:52", "elapsed": 699.547066, "delta": 4.720687}}
{"target": -17.257818414796024, "params": {"eta": 0.08856879659627563, "max_depth": 4.487485036899411, "n_estimators": 112.7381144261007}, "datetime": {"datetime": "2021-09-27 21:46:57", "elapsed": 704.076788, "delta": 4.529722}}
{"target": -32.6447601129008, "params": {"eta": 0.01, "max_depth": 3.1466364342049964, "n_estimators": 116.16827626674099}, "datetime": {"datetime": "2021-09-27 21:47:01", "elapsed": 707.697451, "delta": 3.620663}}
{"target": -41.26855409606415, "params": {"eta": 0.01, "max_depth": 12.554693264201125, "n_estimators": 90.61925712463542}, "datetime": {"datetime": "2021-09-27 21:47:04", "elapsed": 710.777546, "delta": 3.080095}}
{"target": -17.436844610196673, "params": {"eta": 0.050619320732011815, "max_depth": 8.079661377094755, "n_estimators": 127.20111782598387}, "datetime": {"datetime": "2021-09-27 21:47:09", "elapsed": 716.599518, "delta": 5.821972}}
{"target": -16.608735631010376, "params": {"eta": 0.45792315523927657, "max_depth": 24.065125949295968, "n_estimators": 148.44827498024492}, "datetime": {"datetime": "2021-09-27 21:47:14", "elapsed": 721.636595, "delta": 5.037077}}
{"target": -24.667421137057097, "params": {"eta": 0.3467726899857923, "max_depth": 1.1368595356333067, "n_estimators": 123.30481739869667}, "datetime": {"datetime": "2021-09-27 21:47:19", "elapsed": 726.105272, "delta": 4.468677}}
{"target": -23.352975492154247, "params": {"eta": 0.5953792650395899, "max_depth": 27.936228941081797, "n_estimators": 86.59470544345658}, "datetime": {"datetime": "2021-09-27 21:47:23", "elapsed": 729.962094, "delta": 3.856822}}
{"target": -18.10577027530278, "params": {"eta": 0.08638267128561603, "max_depth": 23.224153954532408, "n_estimators": 152.80459950046566}, "datetime": {"datetime": "2021-09-27 21:47:28", "elapsed": 735.30507, "delta": 5.342976}}
{"target": -24.615551697328574, "params": {"eta": 0.6, "max_depth": 1.0, "n_estimators": 13.866855781028354}, "datetime": {"datetime": "2021-09-27 21:47:33", "elapsed": 740.340384, "delta": 5.035314}}
{"target": -24.747601014653664, "params": {"eta": 0.6, "max_depth": 1.0, "n_estimators": 28.38494004847459}, "datetime": {"datetime": "2021-09-27 21:47:37", "elapsed": 744.268835, "delta": 3.928451}}
{"target": -25.945369990258303, "params": {"eta": 0.04509530665231806, "max_depth": 4.541257253236919, "n_estimators": 32.30446444202769}, "datetime": {"datetime": "2021-09-27 21:47:41", "elapsed": 748.577442, "delta": 4.308607}}
{"target": -17.2621822046959, "params": {"eta": 0.018325651607922766, "max_depth": 13.902008428818391, "n_estimators": 157.222245860191}, "datetime": {"datetime": "2021-09-27 21:47:47", "elapsed": 753.873593, "delta": 5.296151}}
{"target": -21.283120320194126, "params": {"eta": 0.05318938963682775, "max_depth": 17.756059393437724, "n_estimators": 34.7578857253797}, "datetime": {"datetime": "2021-09-27 21:47:51", "elapsed": 757.762622, "delta": 3.889029}}
{"target": -20.36539325136822, "params": {"eta": 0.23575385862919523, "max_depth": 2.584269343625512, "n_estimators": 163.2860015708281}, "datetime": {"datetime": "2021-09-27 21:47:55", "elapsed": 762.066103, "delta": 4.303481}}
{"target": -17.19399978010376, "params": {"eta": 0.4706295294071797, "max_depth": 19.365589930825678, "n_estimators": 141.51958043807787}, "datetime": {"datetime": "2021-09-27 21:47:59", "elapsed": 765.930991, "delta": 3.864888}}
{"target": -17.60001840116205, "params": {"eta": 0.14675993476606103, "max_depth": 8.010868996620207, "n_estimators": 94.7899842882627}, "datetime": {"datetime": "2021-09-27 21:48:03", "elapsed": 770.095894, "delta": 4.164903}}
{"target": -24.74388864065794, "params": {"eta": 0.6, "max_depth": 1.0, "n_estimators": 109.05417687760968}, "datetime": {"datetime": "2021-09-27 21:48:07", "elapsed": 774.461537, "delta": 4.365643}}
{"target": -18.095675903988887, "params": {"eta": 0.24299936857074422, "max_depth": 8.323770195300174, "n_estimators": 20.66042751916823}, "datetime": {"datetime": "2021-09-27 21:48:10", "elapsed": 777.199579, "delta": 2.738042}}
{"target": -17.40081826580891, "params": {"eta": 0.21690761305996267, "max_depth": 27.964938436342603, "n_estimators": 19.772536152814443}, "datetime": {"datetime": "2021-09-27 21:48:15", "elapsed": 781.847831, "delta": 4.648252}}
{"target": -48.65515338484218, "params": {"eta": 0.03196626205097421, "max_depth": 27.275588383081985, "n_estimators": 22.368420751662043}, "datetime": {"datetime": "2021-09-27 21:48:18", "elapsed": 784.861007, "delta": 3.013176}}
{"target": -19.803229882288573, "params": {"eta": 0.5179335221635405, "max_depth": 26.851846647210202, "n_estimators": 18.12607874736134}, "datetime": {"datetime": "2021-09-27 21:48:20", "elapsed": 787.561325, "delta": 2.700318}}
{"target": -24.979634561393464, "params": {"eta": 0.18224696418120565, "max_depth": 1.0982063729311995, "n_estimators": 98.02475617250433}, "datetime": {"datetime": "2021-09-27 21:48:23", "elapsed": 790.505536, "delta": 2.944211}}
{"target": -17.237427980097223, "params": {"eta": 0.4604039221057931, "max_depth": 17.913083218120384, "n_estimators": 109.42160381571783}, "datetime": {"datetime": "2021-09-27 21:48:28", "elapsed": 795.152763, "delta": 4.647227}}
{"target": -21.85230623593156, "params": {"eta": 0.01, "max_depth": 8.495583438854236, "n_estimators": 182.96778565730207}, "datetime": {"datetime": "2021-09-27 21:48:33", "elapsed": 800.444782, "delta": 5.292019}}
{"target": -21.461811981431858, "params": {"eta": 0.6, "max_depth": 8.960063629633439, "n_estimators": 107.61578373971967}, "datetime": {"datetime": "2021-09-27 21:48:37", "elapsed": 804.591517, "delta": 4.146735}}
{"target": -21.847346190272134, "params": {"eta": 0.6, "max_depth": 30.0, "n_estimators": 19.78208069759956}, "datetime": {"datetime": "2021-09-27 21:48:41", "elapsed": 807.810587, "delta": 3.21907}}
{"target": -60.67888427985264, "params": {"eta": 0.01, "max_depth": 20.390138114710965, "n_estimators": 48.44699179521688}, "datetime": {"datetime": "2021-09-27 21:48:45", "elapsed": 812.518121, "delta": 4.707534}}
{"target": -20.34689927742075, "params": {"eta": 0.5679994814154123, "max_depth": 24.629181169741926, "n_estimators": 49.33027541445607}, "datetime": {"datetime": "2021-09-27 21:48:49", "elapsed": 816.626298, "delta": 4.108177}}
{"target": -17.310886081224893, "params": {"eta": 0.05133104574672681, "max_depth": 19.660397357427716, "n_estimators": 52.68569790119912}, "datetime": {"datetime": "2021-09-27 21:48:53", "elapsed": 820.072272, "delta": 3.445974}}
{"target": -21.383896821839496, "params": {"eta": 0.5934361865080392, "max_depth": 9.689931395248058, "n_estimators": 179.250322592306}, "datetime": {"datetime": "2021-09-27 21:48:57", "elapsed": 823.885177, "delta": 3.812905}}
{"target": -17.989083363253965, "params": {"eta": 0.07269706404931892, "max_depth": 12.344719623561884, "n_estimators": 160.96697559258772}, "datetime": {"datetime": "2021-09-27 21:49:01", "elapsed": 828.270812, "delta": 4.385635}}
{"target": -75.60084399810958, "params": {"eta": 0.010116373601071243, "max_depth": 4.62705526357763, "n_estimators": 25.42548892337007}, "datetime": {"datetime": "2021-09-27 21:49:04", "elapsed": 831.642876, "delta": 3.372064}}
{"target": -17.68471572443522, "params": {"eta": 0.04223287469647966, "max_depth": 13.248861598703224, "n_estimators": 129.37187666686154}, "datetime": {"datetime": "2021-09-27 21:49:09", "elapsed": 835.741621, "delta": 4.098745}}
{"target": -17.88231169084912, "params": {"eta": 0.07002907494849805, "max_depth": 18.810528750250654, "n_estimators": 124.03789597167004}, "datetime": {"datetime": "2021-09-27 21:49:14", "elapsed": 840.818701, "delta": 5.07708}}
{"target": -19.784054763116192, "params": {"eta": 0.5293870710238447, "max_depth": 20.092398062670043, "n_estimators": 81.62807747253888}, "datetime": {"datetime": "2021-09-27 21:49:18", "elapsed": 845.581741, "delta": 4.76304}}
{"target": -18.153752248569106, "params": {"eta": 0.07189392484913767, "max_depth": 12.544204612862496, "n_estimators": 119.20419148705133}, "datetime": {"datetime": "2021-09-27 21:49:22", "elapsed": 849.009565, "delta": 3.427824}}
{"target": -17.820729803950524, "params": {"eta": 0.41215076219257507, "max_depth": 16.90115408104417, "n_estimators": 193.30816031209363}, "datetime": {"datetime": "2021-09-27 21:49:26", "elapsed": 853.166253, "delta": 4.156688}}
{"target": -17.225752364614795, "params": {"eta": 0.4568250145472506, "max_depth": 8.677905024787703, "n_estimators": 163.69708605721635}, "datetime": {"datetime": "2021-09-27 21:49:30", "elapsed": 857.11151, "delta": 3.945257}}
{"target": -18.032723389626828, "params": {"eta": 0.15019301870708213, "max_depth": 24.162640564353183, "n_estimators": 72.43467556171032}, "datetime": {"datetime": "2021-09-27 21:49:34", "elapsed": 861.202842, "delta": 4.091332}}
{"target": -17.9291581736178, "params": {"eta": 0.03142747785178899, "max_depth": 7.803527179356557, "n_estimators": 193.3712256588683}, "datetime": {"datetime": "2021-09-27 21:49:37", "elapsed": 864.619188, "delta": 3.416346}}
{"target": -18.34938605635858, "params": {"eta": 0.219297659466293, "max_depth": 24.52303262189406, "n_estimators": 198.11532231740983}, "datetime": {"datetime": "2021-09-27 21:49:41", "elapsed": 868.320851, "delta": 3.701663}}
{"target": -17.953399370491315, "params": {"eta": 0.08016164726234705, "max_depth": 23.969700246769694, "n_estimators": 159.3764613483928}, "datetime": {"datetime": "2021-09-27 21:49:46", "elapsed": 872.859776, "delta": 4.538925}}
