{"target": -57.6040263443916, "params": {"eta": 0.41760498269787144, "max_depth": 21.889410309822583, "n_estimators": 1.0227605886516324}, "datetime": {"datetime": "2021-09-27 21:03:44", "elapsed": 0.0, "delta": 0.0}}
{"target": -18.867179763716674, "params": {"eta": 0.3030302400592079, "max_depth": 5.255920833696278, "n_estimators": 19.37538035899076}, "datetime": {"datetime": "2021-09-27 21:03:44", "elapsed": 0.07, "delta": 0.07}}
{"target": -18.665773662660552, "params": {"eta": 0.18707395116629325, "max_depth": 11.021261084248385, "n_estimators": 79.95672737190331}, "datetime": {"datetime": "2021-09-27 21:03:45", "elapsed": 0.557273, "delta": 0.487273}}
{"target": -19.989571561106985, "params": {"eta": 0.5392779172693536, "max_depth": 13.15664091769555, "n_estimators": 137.35868057895513}, "datetime": {"datetime": "2021-09-27 21:03:45", "elapsed": 0.917269, "delta": 0.359996}}
{"target": -28.536403396509886, "params": {"eta": 0.20524779748178593, "max_depth": 26.465405655337417, "n_estimators": 6.450131046387306}, "datetime": {"datetime": "2021-09-27 21:03:45", "elapsed": 0.954271, "delta": 0.037002}}
{"target": -18.39187923002538, "params": {"eta": 0.29344447142316493, "max_depth": 5.418565462201842, "n_estimators": 18.965506348107706}, "datetime": {"datetime": "2021-09-27 21:03:45", "elapsed": 1.10427, "delta": 0.149999}}
{"target": -96.34840010361813, "params": {"eta": 0.001, "max_depth": 1.0, "n_estimators": 11.200637602173225}, "datetime": {"datetime": "2021-09-27 21:03:46", "elapsed": 1.513279, "delta": 0.409009}}
{"target": -18.5881304838667, "params": {"eta": 0.24017612331291005, "max_depth": 11.596865266136996, "n_estimators": 19.955792449961933}, "datetime": {"datetime": "2021-09-27 21:03:46", "elapsed": 1.969271, "delta": 0.455992}}
{"target": -18.155334625867965, "params": {"eta": 0.2612996407543957, "max_depth": 16.195571150612732, "n_estimators": 85.72977895530555}, "datetime": {"datetime": "2021-09-27 21:03:47", "elapsed": 2.848664, "delta": 0.879393}}
{"target": -17.85722122181798, "params": {"eta": 0.3128784914259903, "max_depth": 19.12778611419976, "n_estimators": 78.06794185139636}, "datetime": {"datetime": "2021-09-27 21:03:48", "elapsed": 3.780723, "delta": 0.932059}}
{"target": -29.63827960366143, "params": {"eta": 0.979844858455289, "max_depth": 25.27250929801586, "n_estimators": 84.53583686747058}, "datetime": {"datetime": "2021-09-27 21:03:49", "elapsed": 4.410945, "delta": 0.630222}}
{"target": -28.212238383561573, "params": {"eta": 1.0, "max_depth": 13.641709322922317, "n_estimators": 71.39665351813824}, "datetime": {"datetime": "2021-09-27 21:03:49", "elapsed": 5.129946, "delta": 0.719001}}
{"target": -89.30144634999864, "params": {"eta": 0.001, "max_depth": 7.922192076466056, "n_estimators": 88.19086567596992}, "datetime": {"datetime": "2021-09-27 21:03:50", "elapsed": 5.697948, "delta": 0.568002}}
{"target": -94.9761686970622, "params": {"eta": 0.001, "max_depth": 9.908873730987505, "n_estimators": 26.967434843539248}, "datetime": {"datetime": "2021-09-27 21:03:50", "elapsed": 6.126953, "delta": 0.429005}}
{"target": -21.770568965109273, "params": {"eta": 0.6193784688662507, "max_depth": 15.319864112904332, "n_estimators": 79.88096830407525}, "datetime": {"datetime": "2021-09-27 21:03:51", "elapsed": 7.036616, "delta": 0.909663}}
{"target": -22.33538728978231, "params": {"eta": 0.646502313827757, "max_depth": 13.387205425104236, "n_estimators": 14.896688104231727}, "datetime": {"datetime": "2021-09-27 21:03:52", "elapsed": 7.951614, "delta": 0.914998}}
{"target": -90.55489476291663, "params": {"eta": 0.001, "max_depth": 6.413600812829114, "n_estimators": 74.69830498624533}, "datetime": {"datetime": "2021-09-27 21:03:53", "elapsed": 8.602516, "delta": 0.650902}}
{"target": -19.64420254566355, "params": {"eta": 0.49999590126985083, "max_depth": 19.876693375001175, "n_estimators": 83.20158892549632}, "datetime": {"datetime": "2021-09-27 21:03:54", "elapsed": 9.500771, "delta": 0.898255}}
{"target": -26.799932931439923, "params": {"eta": 1.0, "max_depth": 21.008739744192706, "n_estimators": 71.56749823492213}, "datetime": {"datetime": "2021-09-27 21:03:54", "elapsed": 10.257765, "delta": 0.756994}}
{"target": -21.737016605208982, "params": {"eta": 0.7125692890314596, "max_depth": 20.842146649871367, "n_estimators": 91.03632923843169}, "datetime": {"datetime": "2021-09-27 21:03:55", "elapsed": 11.101092, "delta": 0.843327}}
{"target": -24.243011672066377, "params": {"eta": 0.6083863408037035, "max_depth": 16.861620435421557, "n_estimators": 131.54302144855035}, "datetime": {"datetime": "2021-09-27 21:03:56", "elapsed": 11.844093, "delta": 0.743001}}
{"target": -19.405531441107655, "params": {"eta": 0.5119899578212681, "max_depth": 20.006014500154016, "n_estimators": 138.69445385122825}, "datetime": {"datetime": "2021-09-27 21:03:57", "elapsed": 12.657746, "delta": 0.813653}}
{"target": -27.204614300535468, "params": {"eta": 1.0, "max_depth": 15.561287618232564, "n_estimators": 144.372971870893}, "datetime": {"datetime": "2021-09-27 21:03:58", "elapsed": 13.583747, "delta": 0.926001}}
{"target": -85.38765226911454, "params": {"eta": 0.001, "max_depth": 25.099829959689753, "n_estimators": 133.23701889273067}, "datetime": {"datetime": "2021-09-27 21:03:58", "elapsed": 14.351808, "delta": 0.768061}}
{"target": -26.488029086657765, "params": {"eta": 1.0, "max_depth": 9.918444673941112, "n_estimators": 130.9469085308553}, "datetime": {"datetime": "2021-09-27 21:03:59", "elapsed": 14.995585, "delta": 0.643777}}
{"target": -95.72713096403793, "params": {"eta": 0.001, "max_depth": 19.045148305459886, "n_estimators": 18.521591405473753}, "datetime": {"datetime": "2021-09-27 21:04:00", "elapsed": 15.648579, "delta": 0.652994}}
{"target": -90.28413963412541, "params": {"eta": 0.001, "max_depth": 25.394188541691065, "n_estimators": 77.07241496032445}, "datetime": {"datetime": "2021-09-27 21:04:00", "elapsed": 16.257633, "delta": 0.609054}}
{"target": -17.680234485729848, "params": {"eta": 0.15644707002025154, "max_depth": 9.696236219811194, "n_estimators": 16.48355501989429}, "datetime": {"datetime": "2021-09-27 21:04:01", "elapsed": 17.058321, "delta": 0.800688}}
{"target": -19.422490324818714, "params": {"eta": 0.5110879902519704, "max_depth": 22.47707312883139, "n_estimators": 144.32794967011947}, "datetime": {"datetime": "2021-09-27 21:04:02", "elapsed": 17.884324, "delta": 0.826003}}
{"target": -26.93798641592847, "params": {"eta": 1.0, "max_depth": 17.849093462922543, "n_estimators": 65.85571956462827}, "datetime": {"datetime": "2021-09-27 21:04:03", "elapsed": 18.576983, "delta": 0.692659}}
{"target": -26.982682496982953, "params": {"eta": 1.0, "max_depth": 27.376905019039885, "n_estimators": 91.4619669109255}, "datetime": {"datetime": "2021-09-27 21:04:04", "elapsed": 19.383772, "delta": 0.806789}}
{"target": -83.9540731709482, "params": {"eta": 0.001, "max_depth": 20.69338184523971, "n_estimators": 150.45412379388878}, "datetime": {"datetime": "2021-09-27 21:04:04", "elapsed": 20.232769, "delta": 0.848997}}
{"target": -26.969950782939712, "params": {"eta": 0.9223199476300373, "max_depth": 8.941938216175025, "n_estimators": 141.6545769614977}, "datetime": {"datetime": "2021-09-27 21:04:05", "elapsed": 21.264524, "delta": 1.031755}}
{"target": -21.605238851142733, "params": {"eta": 0.5503664407552866, "max_depth": 4.9277423972179495, "n_estimators": 136.08525353822634}, "datetime": {"datetime": "2021-09-27 21:04:07", "elapsed": 22.485409, "delta": 1.220885}}
{"target": -24.71787876536859, "params": {"eta": 0.23392452376075742, "max_depth": 1.8680147297449021, "n_estimators": 130.13875059227294}, "datetime": {"datetime": "2021-09-27 21:04:07", "elapsed": 23.246411, "delta": 0.761002}}
{"target": -26.033812866860153, "params": {"eta": 1.0, "max_depth": 1.0, "n_estimators": 141.13008149577536}, "datetime": {"datetime": "2021-09-27 21:04:08", "elapsed": 24.010414, "delta": 0.764003}}
{"target": -18.867612015681377, "params": {"eta": 0.3768490175320145, "max_depth": 23.426000964309885, "n_estimators": 97.4356042632899}, "datetime": {"datetime": "2021-09-27 21:04:09", "elapsed": 25.041656, "delta": 1.031242}}
{"target": -26.93798641592847, "params": {"eta": 1.0, "max_depth": 17.645620035474703, "n_estimators": 97.38862967879938}, "datetime": {"datetime": "2021-09-27 21:04:10", "elapsed": 26.10025, "delta": 1.058594}}
{"target": -27.119892161732047, "params": {"eta": 1.0, "max_depth": 22.254076284125922, "n_estimators": 103.53721870972826}, "datetime": {"datetime": "2021-09-27 21:04:11", "elapsed": 26.921571, "delta": 0.821321}}
{"target": -22.638984857929557, "params": {"eta": 0.7219515818099278, "max_depth": 29.224608150108427, "n_estimators": 99.53815483777227}, "datetime": {"datetime": "2021-09-27 21:04:12", "elapsed": 27.700568, "delta": 0.778997}}
{"target": -20.592723443784262, "params": {"eta": 0.5264331244995771, "max_depth": 29.128835636956442, "n_estimators": 107.38662293374374}, "datetime": {"datetime": "2021-09-27 21:04:13", "elapsed": 28.579834, "delta": 0.879266}}
{"target": -19.18712285761689, "params": {"eta": 0.21116941428178906, "max_depth": 24.58470390925707, "n_estimators": 112.39449780842597}, "datetime": {"datetime": "2021-09-27 21:04:14", "elapsed": 29.849835, "delta": 1.270001}}
{"target": -26.985663355313662, "params": {"eta": 1.0, "max_depth": 30.0, "n_estimators": 114.1948916439178}, "datetime": {"datetime": "2021-09-27 21:04:15", "elapsed": 30.91704, "delta": 1.067205}}
{"target": -18.718499821679174, "params": {"eta": 0.3665418852916741, "max_depth": 17.785450302494954, "n_estimators": 111.88142128905417}, "datetime": {"datetime": "2021-09-27 21:04:16", "elapsed": 32.023039, "delta": 1.105999}}
{"target": -26.961648131854503, "params": {"eta": 1.0, "max_depth": 20.40166338333342, "n_estimators": 117.57055589076214}, "datetime": {"datetime": "2021-09-27 21:04:17", "elapsed": 32.909992, "delta": 0.886953}}
{"target": -25.311001658096206, "params": {"eta": 0.7366641462347367, "max_depth": 14.236320033404542, "n_estimators": 106.15347102148735}, "datetime": {"datetime": "2021-09-27 21:04:18", "elapsed": 33.627061, "delta": 0.717069}}
{"target": -19.122531111747133, "params": {"eta": 0.18103585432507824, "max_depth": 11.516328412593737, "n_estimators": 114.12579471165749}, "datetime": {"datetime": "2021-09-27 21:04:19", "elapsed": 34.821546, "delta": 1.194485}}
{"target": -86.50333753203353, "params": {"eta": 0.001, "max_depth": 12.483948724083334, "n_estimators": 120.9290847872289}, "datetime": {"datetime": "2021-09-27 21:04:20", "elapsed": 35.83555, "delta": 1.014004}}
{"target": -25.786204742598624, "params": {"eta": 0.8359871241576952, "max_depth": 8.51858688936484, "n_estimators": 109.32607703665414}, "datetime": {"datetime": "2021-09-27 21:04:21", "elapsed": 36.541544, "delta": 0.705994}}
{"target": -28.173345393045924, "params": {"eta": 0.9250799410805176, "max_depth": 28.100386383568747, "n_estimators": 143.20004635987365}, "datetime": {"datetime": "2021-09-27 21:04:21", "elapsed": 37.245544, "delta": 0.704}}
{"target": -17.903994929021966, "params": {"eta": 0.08105398655343664, "max_depth": 3.9127970324539203, "n_estimators": 148.6294320935419}, "datetime": {"datetime": "2021-09-27 21:04:22", "elapsed": 37.982543, "delta": 0.736999}}
{"target": -26.39972692584454, "params": {"eta": 1.0, "max_depth": 1.0, "n_estimators": 153.8179956110317}, "datetime": {"datetime": "2021-09-27 21:04:23", "elapsed": 38.685117, "delta": 0.702574}}
{"target": -83.70318093127274, "params": {"eta": 0.001, "max_depth": 7.843398430703847, "n_estimators": 153.00585711349692}, "datetime": {"datetime": "2021-09-27 21:04:24", "elapsed": 39.498111, "delta": 0.812994}}
{"target": -26.077182953927185, "params": {"eta": 1.0, "max_depth": 1.0, "n_estimators": 146.50641166013042}, "datetime": {"datetime": "2021-09-27 21:04:24", "elapsed": 40.083115, "delta": 0.585004}}
{"target": -86.58871607214856, "params": {"eta": 0.001, "max_depth": 26.448698802235207, "n_estimators": 119.42091940395616}, "datetime": {"datetime": "2021-09-27 21:04:25", "elapsed": 40.669225, "delta": 0.58611}}
{"target": -18.97263896358361, "params": {"eta": 0.3724413358270235, "max_depth": 21.330820381745454, "n_estimators": 109.28654647745589}, "datetime": {"datetime": "2021-09-27 21:04:26", "elapsed": 41.535228, "delta": 0.866003}}
{"target": -24.8891358605504, "params": {"eta": 0.8623492901492709, "max_depth": 4.0030695962338125, "n_estimators": 113.82634335481713}, "datetime": {"datetime": "2021-09-27 21:04:26", "elapsed": 42.263226, "delta": 0.727998}}
{"target": -24.538931774390925, "params": {"eta": 0.3059910327089478, "max_depth": 1.0206232948118767, "n_estimators": 107.96936525156993}, "datetime": {"datetime": "2021-09-27 21:04:27", "elapsed": 42.963375, "delta": 0.700149}}
{"target": -17.83262172598254, "params": {"eta": 0.06977982520646753, "max_depth": 5.005526104609601, "n_estimators": 102.55618794985953}, "datetime": {"datetime": "2021-09-27 21:04:28", "elapsed": 43.736373, "delta": 0.772998}}
{"target": -88.24016674944974, "params": {"eta": 0.001, "max_depth": 10.333517449154938, "n_estimators": 100.83719437101219}, "datetime": {"datetime": "2021-09-27 21:04:29", "elapsed": 44.614142, "delta": 0.877769}}
{"target": -26.232505985091453, "params": {"eta": 1.0, "max_depth": 1.0, "n_estimators": 102.07535565408486}, "datetime": {"datetime": "2021-09-27 21:04:29", "elapsed": 45.213144, "delta": 0.599002}}
{"target": -24.964966314122094, "params": {"eta": 0.8478577135818469, "max_depth": 13.674860561677711, "n_estimators": 110.2922875583347}, "datetime": {"datetime": "2021-09-27 21:04:30", "elapsed": 46.289144, "delta": 1.076}}
{"target": -18.779549072648066, "params": {"eta": 0.0854370270366859, "max_depth": 16.6617918187904, "n_estimators": 74.95409446319961}, "datetime": {"datetime": "2021-09-27 21:04:31", "elapsed": 47.201343, "delta": 0.912199}}
{"target": -26.94921223048434, "params": {"eta": 1.0, "max_depth": 24.69358898084589, "n_estimators": 63.5604753964987}, "datetime": {"datetime": "2021-09-27 21:04:32", "elapsed": 47.80734, "delta": 0.605997}}
{"target": -18.690232578591303, "params": {"eta": 0.20633617296354437, "max_depth": 19.62551680972508, "n_estimators": 57.996230300308554}, "datetime": {"datetime": "2021-09-27 21:04:33", "elapsed": 48.961184, "delta": 1.153844}}
{"target": -26.94921223048434, "params": {"eta": 1.0, "max_depth": 24.99129269989801, "n_estimators": 56.09079403476668}, "datetime": {"datetime": "2021-09-27 21:04:34", "elapsed": 49.847855, "delta": 0.886671}}
{"target": -26.412980361451332, "params": {"eta": 1.0, "max_depth": 18.456998863400088, "n_estimators": 52.33136191957029}, "datetime": {"datetime": "2021-09-27 21:04:35", "elapsed": 50.589984, "delta": 0.742129}}
{"target": -28.212238383561573, "params": {"eta": 1.0, "max_depth": 13.794717287394544, "n_estimators": 58.362339028901395}, "datetime": {"datetime": "2021-09-27 21:04:35", "elapsed": 51.352987, "delta": 0.763003}}
{"target": -92.93038815893753, "params": {"eta": 0.001, "max_depth": 24.85050551660717, "n_estimators": 48.28016657805297}, "datetime": {"datetime": "2021-09-27 21:04:36", "elapsed": 52.225986, "delta": 0.872999}}
{"target": -92.6545652577137, "params": {"eta": 0.001, "max_depth": 11.687302013230305, "n_estimators": 51.19075436219566}, "datetime": {"datetime": "2021-09-27 21:04:37", "elapsed": 53.029988, "delta": 0.804002}}
{"target": -91.8269532177972, "params": {"eta": 0.001, "max_depth": 30.0, "n_estimators": 60.18746256679329}, "datetime": {"datetime": "2021-09-27 21:04:38", "elapsed": 53.643989, "delta": 0.614001}}
{"target": -26.446558176021927, "params": {"eta": 0.857450024158447, "max_depth": 12.158529431949718, "n_estimators": 8.894084898135286}, "datetime": {"datetime": "2021-09-27 21:04:38", "elapsed": 54.332001, "delta": 0.688012}}
{"target": -17.944671187477176, "params": {"eta": 0.4096611299944158, "max_depth": 11.588391623340017, "n_estimators": 64.32826755281673}, "datetime": {"datetime": "2021-09-27 21:04:39", "elapsed": 55.192117, "delta": 0.860116}}
{"target": -24.960591974029946, "params": {"eta": 0.9937182327667662, "max_depth": 6.650444248781759, "n_estimators": 62.08159459860502}, "datetime": {"datetime": "2021-09-27 21:04:40", "elapsed": 56.076088, "delta": 0.883971}}
{"target": -25.78505702771491, "params": {"eta": 0.8353868765435675, "max_depth": 1.0837725447445907, "n_estimators": 119.97454695913969}, "datetime": {"datetime": "2021-09-27 21:04:41", "elapsed": 56.641327, "delta": 0.565239}}
{"target": -26.984804065428165, "params": {"eta": 1.0, "max_depth": 30.0, "n_estimators": 11.707107259774453}, "datetime": {"datetime": "2021-09-27 21:04:41", "elapsed": 57.318326, "delta": 0.676999}}
{"target": -25.56718257805482, "params": {"eta": 0.9069729476922986, "max_depth": 1.1186737735346803, "n_estimators": 57.50694643545904}, "datetime": {"datetime": "2021-09-27 21:04:42", "elapsed": 57.963325, "delta": 0.644999}}
{"target": -26.384475314301447, "params": {"eta": 0.989740183200454, "max_depth": 1.082584528139332, "n_estimators": 64.75101840347321}, "datetime": {"datetime": "2021-09-27 21:04:43", "elapsed": 58.687523, "delta": 0.724198}}
{"target": -18.48010386691226, "params": {"eta": 0.15295383881339505, "max_depth": 29.200089637808784, "n_estimators": 199.8038732070409}, "datetime": {"datetime": "2021-09-27 21:04:44", "elapsed": 60.270249, "delta": 1.582726}}
{"target": -26.985663355313662, "params": {"eta": 1.0, "max_depth": 30.0, "n_estimators": 194.4908351925857}, "datetime": {"datetime": "2021-09-27 21:04:45", "elapsed": 61.100478, "delta": 0.830229}}
{"target": -17.979042296142698, "params": {"eta": 0.03266080134779894, "max_depth": 24.03218808769182, "n_estimators": 198.04219852090577}, "datetime": {"datetime": "2021-09-27 21:04:47", "elapsed": 63.271481, "delta": 2.171003}}
{"target": -80.52455617807219, "params": {"eta": 0.001, "max_depth": 23.132317089179978, "n_estimators": 192.42926489291906}, "datetime": {"datetime": "2021-09-27 21:04:49", "elapsed": 64.616157, "delta": 1.344676}}
{"target": -23.83587289593735, "params": {"eta": 0.5963986470307634, "max_depth": 19.288213541374336, "n_estimators": 199.77056380625385}, "datetime": {"datetime": "2021-09-27 21:04:50", "elapsed": 65.729278, "delta": 1.113121}}
{"target": -19.124579340312945, "params": {"eta": 0.32507801799101865, "max_depth": 12.650846110400305, "n_estimators": 199.2328711496165}, "datetime": {"datetime": "2021-09-27 21:04:51", "elapsed": 66.688031, "delta": 0.958753}}
{"target": -27.953888115362158, "params": {"eta": 1.0, "max_depth": 7.2313873499678145, "n_estimators": 200.0}, "datetime": {"datetime": "2021-09-27 21:04:52", "elapsed": 67.583036, "delta": 0.895005}}
{"target": -80.36564161210364, "params": {"eta": 0.001, "max_depth": 10.361132391676149, "n_estimators": 194.1842172115481}, "datetime": {"datetime": "2021-09-27 21:04:53", "elapsed": 68.667797, "delta": 1.084761}}
{"target": -18.04769850014231, "params": {"eta": 0.06627115741888348, "max_depth": 16.489195189858762, "n_estimators": 139.73534719490752}, "datetime": {"datetime": "2021-09-27 21:04:54", "elapsed": 70.148832, "delta": 1.481035}}
{"target": -26.72861797687339, "params": {"eta": 1.0, "max_depth": 1.0, "n_estimators": 172.7775344037859}, "datetime": {"datetime": "2021-09-27 21:04:55", "elapsed": 70.85646, "delta": 0.707628}}
{"target": -27.953888115362158, "params": {"eta": 1.0, "max_depth": 7.707498883904578, "n_estimators": 173.52864581204003}, "datetime": {"datetime": "2021-09-27 21:04:56", "elapsed": 71.633456, "delta": 0.776996}}
{"target": -81.4592112416052, "params": {"eta": 0.001, "max_depth": 3.3083433935421596, "n_estimators": 178.94746783036805}, "datetime": {"datetime": "2021-09-27 21:04:57", "elapsed": 72.407462, "delta": 0.774006}}
{"target": -27.744546283650696, "params": {"eta": 1.0, "max_depth": 4.491767905212563, "n_estimators": 167.95237309101813}, "datetime": {"datetime": "2021-09-27 21:04:57", "elapsed": 73.228228, "delta": 0.820766}}
{"target": -27.857863750162277, "params": {"eta": 1.0, "max_depth": 11.755238401378728, "n_estimators": 168.76019671456513}, "datetime": {"datetime": "2021-09-27 21:04:58", "elapsed": 74.063278, "delta": 0.83505}}
{"target": -26.46642688333674, "params": {"eta": 1.0, "max_depth": 14.914848400900267, "n_estimators": 174.63231515954132}, "datetime": {"datetime": "2021-09-27 21:04:59", "elapsed": 74.911257, "delta": 0.847979}}
{"target": -21.77333569419706, "params": {"eta": 0.6795145979846198, "max_depth": 19.833198454737524, "n_estimators": 170.14408643424716}, "datetime": {"datetime": "2021-09-27 21:05:00", "elapsed": 75.764261, "delta": 0.853004}}
{"target": -81.89201952292836, "params": {"eta": 0.001, "max_depth": 21.69027030262367, "n_estimators": 175.53301483128243}, "datetime": {"datetime": "2021-09-27 21:05:01", "elapsed": 76.616261, "delta": 0.852}}
{"target": -28.41518474272483, "params": {"eta": 0.8925115305497261, "max_depth": 19.026138812001435, "n_estimators": 165.49853356404847}, "datetime": {"datetime": "2021-09-27 21:05:01", "elapsed": 77.354262, "delta": 0.738001}}
{"target": -18.53277522303271, "params": {"eta": 0.271276737018521, "max_depth": 4.977374439621179, "n_estimators": 144.1091257919152}, "datetime": {"datetime": "2021-09-27 21:05:02", "elapsed": 78.180258, "delta": 0.825996}}
{"target": -28.96059614030866, "params": {"eta": 0.966988234795498, "max_depth": 25.36677573481566, "n_estimators": 166.24049867745347}, "datetime": {"datetime": "2021-09-27 21:05:03", "elapsed": 78.956086, "delta": 0.775828}}
{"target": -26.164756757815738, "params": {"eta": 0.799276508596298, "max_depth": 1.0062010052194987, "n_estimators": 162.1723682836507}, "datetime": {"datetime": "2021-09-27 21:05:04", "elapsed": 79.584201, "delta": 0.628115}}
