{"target": -16.187472023501286, "params": {"eta": 0.3972190988014137, "max_depth": 24.063628992656817, "n_estimators": 30.4143395867009}, "datetime": {"datetime": "2021-09-27 21:53:57", "elapsed": 947.775266, "delta": 3.754644}}
{"target": -30.24499744588558, "params": {"eta": 0.10935713066425451, "max_depth": 21.421967347538516, "n_estimators": 11.204852051980984}, "datetime": {"datetime": "2021-09-27 21:54:00", "elapsed": 950.761141, "delta": 2.985875}}
{"target": -16.923263399741096, "params": {"eta": 0.22788503225041626, "max_depth": 19.991415233811775, "n_estimators": 14.119942249385392}, "datetime": {"datetime": "2021-09-27 21:54:03", "elapsed": 954.322113, "delta": 3.560972}}
{"target": -15.69006286914364, "params": {"eta": 0.07856281710829377, "max_depth": 15.65668908487211, "n_estimators": 81.15165000438671}, "datetime": {"datetime": "2021-09-27 21:54:08", "elapsed": 959.122858, "delta": 4.800745}}
{"target": -15.78211595100449, "params": {"eta": 0.07498473720553445, "max_depth": 25.27261741435604, "n_estimators": 65.78777511189733}, "datetime": {"datetime": "2021-09-27 21:54:12", "elapsed": 963.29599, "delta": 4.173132}}
{"target": -16.111214517699977, "params": {"eta": 0.33152380259292114, "max_depth": 16.904566855102352, "n_estimators": 95.47134568119225}, "datetime": {"datetime": "2021-09-27 21:54:17", "elapsed": 968.098213, "delta": 4.802223}}
{"target": -16.643273748398887, "params": {"eta": 0.38576664677985817, "max_depth": 11.212985787578816, "n_estimators": 14.608801025705452}, "datetime": {"datetime": "2021-09-27 21:54:21", "elapsed": 971.697165, "delta": 3.598952}}
{"target": -17.819523489597678, "params": {"eta": 0.03, "max_depth": 18.958766639822866, "n_estimators": 73.47821399777672}, "datetime": {"datetime": "2021-09-27 21:54:24", "elapsed": 975.353486, "delta": 3.656321}}
{"target": -17.54824891789928, "params": {"eta": 0.2992101217438349, "max_depth": 23.218803638244715, "n_estimators": 56.21094045283313}, "datetime": {"datetime": "2021-09-27 21:54:28", "elapsed": 979.353785, "delta": 4.000299}}
{"target": -16.326499284762434, "params": {"eta": 0.19488288566934753, "max_depth": 25.641439202471776, "n_estimators": 52.77242405438436}, "datetime": {"datetime": "2021-09-27 21:54:33", "elapsed": 983.82499, "delta": 4.471205}}
{"target": -16.685801735527875, "params": {"eta": 0.36863431289245185, "max_depth": 19.24260391637032, "n_estimators": 48.9676306399679}, "datetime": {"datetime": "2021-09-27 21:54:37", "elapsed": 987.809125, "delta": 3.984135}}
{"target": -17.566592732123055, "params": {"eta": 0.22089161180638672, "max_depth": 22.16778400971525, "n_estimators": 75.14285436134877}, "datetime": {"datetime": "2021-09-27 21:54:41", "elapsed": 992.331448, "delta": 4.522323}}
{"target": -16.693434660830604, "params": {"eta": 0.1402109475694876, "max_depth": 14.053759603486272, "n_estimators": 53.43968615364524}, "datetime": {"datetime": "2021-09-27 21:54:45", "elapsed": 995.941634, "delta": 3.610186}}
{"target": -16.274894501922766, "params": {"eta": 0.20921120339057472, "max_depth": 20.70718466592087, "n_estimators": 37.56450213935725}, "datetime": {"datetime": "2021-09-27 21:54:50", "elapsed": 1000.643008, "delta": 4.701374}}
{"target": -16.723395437186053, "params": {"eta": 0.3593638109894709, "max_depth": 21.904873125429592, "n_estimators": 39.334041708127195}, "datetime": {"datetime": "2021-09-27 21:54:54", "elapsed": 1004.75888, "delta": 4.115872}}
{"target": -20.325617816558406, "params": {"eta": 0.4, "max_depth": 2.0849929694671565, "n_estimators": 88.03757030482988}, "datetime": {"datetime": "2021-09-27 21:54:58", "elapsed": 1009.282602, "delta": 4.523722}}
{"target": -16.34665287997752, "params": {"eta": 0.39564088591668745, "max_depth": 10.004457434260384, "n_estimators": 78.51587126186493}, "datetime": {"datetime": "2021-09-27 21:55:03", "elapsed": 1013.654333, "delta": 4.371731}}
{"target": -17.02291904061627, "params": {"eta": 0.3406038899248336, "max_depth": 12.03971921608272, "n_estimators": 70.774943908221}, "datetime": {"datetime": "2021-09-27 21:55:07", "elapsed": 1017.776347, "delta": 4.122014}}
{"target": -52.95275534509318, "params": {"eta": 0.03810415859234819, "max_depth": 25.822364981246896, "n_estimators": 16.198991062323763}, "datetime": {"datetime": "2021-09-27 21:55:13", "elapsed": 1023.94352, "delta": 6.167173}}
{"target": -16.653008786747108, "params": {"eta": 0.3599879299565125, "max_depth": 24.557281404646613, "n_estimators": 13.000651430011494}, "datetime": {"datetime": "2021-09-27 21:55:17", "elapsed": 1028.393745, "delta": 4.450225}}
{"target": -18.34368444288313, "params": {"eta": 0.20171379929810598, "max_depth": 3.9792639025692917, "n_estimators": 74.13417939375542}, "datetime": {"datetime": "2021-09-27 21:55:21", "elapsed": 1032.181529, "delta": 3.787784}}
{"target": -17.51778292336049, "params": {"eta": 0.36135061691772885, "max_depth": 28.186968953512242, "n_estimators": 73.00144233193494}, "datetime": {"datetime": "2021-09-27 21:55:26", "elapsed": 1037.276006, "delta": 5.094477}}
{"target": -16.57398923161945, "params": {"eta": 0.05684390179733451, "max_depth": 13.044832713688338, "n_estimators": 43.13849161919208}, "datetime": {"datetime": "2021-09-27 21:55:29", "elapsed": 1040.358803, "delta": 3.082797}}
{"target": -72.10485627819997, "params": {"eta": 0.03, "max_depth": 5.855012192474816, "n_estimators": 10.208451255259913}, "datetime": {"datetime": "2021-09-27 21:55:33", "elapsed": 1043.723241, "delta": 3.364438}}
{"target": -65.76642309055667, "params": {"eta": 0.12345611209297704, "max_depth": 26.125100578847842, "n_estimators": 3.894569792699132}, "datetime": {"datetime": "2021-09-27 21:55:37", "elapsed": 1047.96525, "delta": 4.242009}}
{"target": -18.013020904175512, "params": {"eta": 0.35726265446558514, "max_depth": 8.307457022837049, "n_estimators": 69.65196127403416}, "datetime": {"datetime": "2021-09-27 21:55:42", "elapsed": 1052.831223, "delta": 4.865973}}
{"target": -19.47340537080091, "params": {"eta": 0.052205737736439536, "max_depth": 29.982055853262334, "n_estimators": 37.556077903357895}, "datetime": {"datetime": "2021-09-27 21:55:45", "elapsed": 1056.296406, "delta": 3.465183}}
{"target": -16.027317864030188, "params": {"eta": 0.08410540127077268, "max_depth": 17.052082774963992, "n_estimators": 70.98554180907759}, "datetime": {"datetime": "2021-09-27 21:55:50", "elapsed": 1061.364693, "delta": 5.068287}}
{"target": -16.078688906060904, "params": {"eta": 0.4, "max_depth": 27.036012943008853, "n_estimators": 7.296863003957541}, "datetime": {"datetime": "2021-09-27 21:55:54", "elapsed": 1064.881215, "delta": 3.516522}}
{"target": -83.84240226114622, "params": {"eta": 0.03, "max_depth": 16.531977385571633, "n_estimators": 5.377786473529412}, "datetime": {"datetime": "2021-09-27 21:55:58", "elapsed": 1069.505076, "delta": 4.623861}}
{"target": -55.43179731132888, "params": {"eta": 0.07880369082318636, "max_depth": 13.964965929512942, "n_estimators": 7.599570060314155}, "datetime": {"datetime": "2021-09-27 21:56:02", "elapsed": 1072.857632, "delta": 3.352556}}
{"target": -80.76757424843055, "params": {"eta": 0.046277993391358414, "max_depth": 11.881539879672756, "n_estimators": 4.747890325853621}, "datetime": {"datetime": "2021-09-27 21:56:05", "elapsed": 1076.277057, "delta": 3.419425}}
{"target": -17.149987313557634, "params": {"eta": 0.33414701410669345, "max_depth": 27.95793295880008, "n_estimators": 90.09457503592719}, "datetime": {"datetime": "2021-09-27 21:56:08", "elapsed": 1079.492622, "delta": 3.215565}}
{"target": -17.02240399708431, "params": {"eta": 0.23881280313174855, "max_depth": 25.71485682974764, "n_estimators": 67.86621394143177}, "datetime": {"datetime": "2021-09-27 21:56:13", "elapsed": 1084.190619, "delta": 4.697997}}
{"target": -16.253120615662457, "params": {"eta": 0.06498523942785192, "max_depth": 17.416921861867795, "n_estimators": 42.423081426097426}, "datetime": {"datetime": "2021-09-27 21:56:16", "elapsed": 1087.437284, "delta": 3.246665}}
{"target": -16.661878014284433, "params": {"eta": 0.4, "max_depth": 13.202071342077637, "n_estimators": 55.75149758712506}, "datetime": {"datetime": "2021-09-27 21:56:20", "elapsed": 1090.708074, "delta": 3.27079}}
{"target": -19.017660406947854, "params": {"eta": 0.03403883931777427, "max_depth": 14.762973137705458, "n_estimators": 59.195663427364195}, "datetime": {"datetime": "2021-09-27 21:56:22", "elapsed": 1093.395732, "delta": 2.687658}}
{"target": -16.89873325506122, "params": {"eta": 0.37040218229181443, "max_depth": 14.1547043509218, "n_estimators": 77.31477955657718}, "datetime": {"datetime": "2021-09-27 21:56:26", "elapsed": 1096.512298, "delta": 3.116566}}
{"target": -16.31045816745994, "params": {"eta": 0.09432788860553563, "max_depth": 10.031209405208777, "n_estimators": 80.97193039047058}, "datetime": {"datetime": "2021-09-27 21:56:29", "elapsed": 1100.041692, "delta": 3.529394}}
{"target": -16.352942380625652, "params": {"eta": 0.03, "max_depth": 18.03983358701555, "n_estimators": 86.26684091377598}, "datetime": {"datetime": "2021-09-27 21:56:32", "elapsed": 1103.229905, "delta": 3.188213}}
{"target": -16.426483253359596, "params": {"eta": 0.4, "max_depth": 17.938350138329692, "n_estimators": 61.23734465926328}, "datetime": {"datetime": "2021-09-27 21:56:38", "elapsed": 1109.259317, "delta": 6.029412}}
{"target": -16.560203580856705, "params": {"eta": 0.3428236972385751, "max_depth": 23.164544792938067, "n_estimators": 60.67357423109274}, "datetime": {"datetime": "2021-09-27 22:18:45", "elapsed": 0.0, "delta": 0.0}}
{"target": -17.180020293523558, "params": {"eta": 0.34058341430823114, "max_depth": 16.167715184133712, "n_estimators": 64.94351719359895}, "datetime": {"datetime": "2021-09-27 22:18:45", "elapsed": 0.420514, "delta": 0.420514}}
{"target": -17.277900896061183, "params": {"eta": 0.2794247104197347, "max_depth": 27.402552018769914, "n_estimators": 96.4026132896019}, "datetime": {"datetime": "2021-09-27 22:18:46", "elapsed": 1.18751, "delta": 0.766996}}
{"target": -17.172109665175014, "params": {"eta": 0.24856166573069327, "max_depth": 25.00140091398395, "n_estimators": 53.360597055537546}, "datetime": {"datetime": "2021-09-27 22:18:46", "elapsed": 1.687512, "delta": 0.500002}}
{"target": -16.141081647664436, "params": {"eta": 0.3537853998235414, "max_depth": 28.214319319023865, "n_estimators": 8.032569761590807}, "datetime": {"datetime": "2021-09-27 22:18:46", "elapsed": 1.758514, "delta": 0.071002}}
{"target": -17.290079521784385, "params": {"eta": 0.4114261999802532, "max_depth": 23.04856900920462, "n_estimators": 84.79159601332269}, "datetime": {"datetime": "2021-09-27 22:18:47", "elapsed": 2.257137, "delta": 0.498623}}
{"target": -16.75044881743837, "params": {"eta": 0.16126464396901505, "max_depth": 28.98041864634548, "n_estimators": 38.94163862990509}, "datetime": {"datetime": "2021-09-27 22:18:48", "elapsed": 2.996134, "delta": 0.738997}}
{"target": -16.93660404748568, "params": {"eta": 0.3384290240834823, "max_depth": 19.274562362717635, "n_estimators": 73.52388834603966}, "datetime": {"datetime": "2021-09-27 22:18:48", "elapsed": 3.704222, "delta": 0.708088}}
{"target": -27.888136983812462, "params": {"eta": 0.1413428551029985, "max_depth": 12.609756020898669, "n_estimators": 9.547637839283635}, "datetime": {"datetime": "2021-09-27 22:18:49", "elapsed": 3.85781, "delta": 0.153588}}
{"target": -15.84201814352407, "params": {"eta": 0.03, "max_depth": 6.0, "n_estimators": 100.0}, "datetime": {"datetime": "2021-09-27 22:18:49", "elapsed": 4.516577, "delta": 0.658767}}
{"target": -16.608633804092158, "params": {"eta": 0.23499816397818254, "max_depth": 7.6228074697292, "n_estimators": 99.42601896764927}, "datetime": {"datetime": "2021-09-27 22:18:50", "elapsed": 5.379579, "delta": 0.863002}}
{"target": -19.735427489870126, "params": {"eta": 0.6, "max_depth": 6.0, "n_estimators": 45.36016674604453}, "datetime": {"datetime": "2021-09-27 22:18:50", "elapsed": 5.789575, "delta": 0.409996}}
{"target": -21.009202528266805, "params": {"eta": 0.6, "max_depth": 30.0, "n_estimators": 22.70679892112895}, "datetime": {"datetime": "2021-09-27 22:18:51", "elapsed": 6.337272, "delta": 0.547697}}
{"target": -16.584426798350975, "params": {"eta": 0.03, "max_depth": 6.0, "n_estimators": 83.23297062213678}, "datetime": {"datetime": "2021-09-27 22:18:52", "elapsed": 6.969267, "delta": 0.631995}}
{"target": -94.55057633710753, "params": {"eta": 0.03, "max_depth": 30.0, "n_estimators": 1.0}, "datetime": {"datetime": "2021-09-27 22:18:52", "elapsed": 7.321269, "delta": 0.352002}}
{"target": -16.64993780762719, "params": {"eta": 0.3642153115784762, "max_depth": 27.48691927483145, "n_estimators": 13.424935865205907}, "datetime": {"datetime": "2021-09-27 22:18:53", "elapsed": 8.255043, "delta": 0.933774}}
{"target": -15.665373532156249, "params": {"eta": 0.06947539815133988, "max_depth": 23.0712359387556, "n_estimators": 67.50078555641812}, "datetime": {"datetime": "2021-09-27 22:18:54", "elapsed": 9.201733, "delta": 0.94669}}
{"target": -17.903820941700864, "params": {"eta": 0.306209245402679, "max_depth": 14.587658912138656, "n_estimators": 81.62612673637838}, "datetime": {"datetime": "2021-09-27 22:18:55", "elapsed": 10.174853, "delta": 0.97312}}
{"target": -17.87860550387568, "params": {"eta": 0.47334484645597175, "max_depth": 6.0559114821918545, "n_estimators": 91.5740180282787}, "datetime": {"datetime": "2021-09-27 22:18:56", "elapsed": 11.080854, "delta": 0.906001}}
{"target": -15.994004179116663, "params": {"eta": 0.059206170685481035, "max_depth": 26.735212162860446, "n_estimators": 75.34744020019033}, "datetime": {"datetime": "2021-09-27 22:18:57", "elapsed": 12.257974, "delta": 1.17712}}
{"target": -20.521742406074598, "params": {"eta": 0.5750873185468759, "max_depth": 29.969741150972812, "n_estimators": 65.00506771700469}, "datetime": {"datetime": "2021-09-27 22:18:58", "elapsed": 13.012971, "delta": 0.754997}}
{"target": -22.35388998829013, "params": {"eta": 0.03, "max_depth": 16.845009886344666, "n_estimators": 56.01442420281317}, "datetime": {"datetime": "2021-09-27 22:18:59", "elapsed": 13.991114, "delta": 0.978143}}
{"target": -16.573858174763405, "params": {"eta": 0.10040014034085994, "max_depth": 14.817944488743327, "n_estimators": 89.88938437620229}, "datetime": {"datetime": "2021-09-27 22:19:00", "elapsed": 15.070116, "delta": 1.079002}}
{"target": -15.707859652843775, "params": {"eta": 0.04051289870442089, "max_depth": 19.50535940051923, "n_estimators": 95.9271846989216}, "datetime": {"datetime": "2021-09-27 22:19:01", "elapsed": 16.340244, "delta": 1.270128}}
{"target": -17.487441916168645, "params": {"eta": 0.29280306177230764, "max_depth": 9.709659914510961, "n_estimators": 74.49205768720459}, "datetime": {"datetime": "2021-09-27 22:19:02", "elapsed": 17.239245, "delta": 0.899001}}
{"target": -17.232792653874736, "params": {"eta": 0.32531710954549453, "max_depth": 29.260416570594746, "n_estimators": 46.56983859768113}, "datetime": {"datetime": "2021-09-27 22:19:03", "elapsed": 18.336407, "delta": 1.097162}}
{"target": -29.35066173689844, "params": {"eta": 0.03, "max_depth": 21.729457086080284, "n_estimators": 43.322009915307746}, "datetime": {"datetime": "2021-09-27 22:19:04", "elapsed": 18.911626, "delta": 0.575219}}
{"target": -20.939486986318723, "params": {"eta": 0.5957147915090394, "max_depth": 29.862090522988986, "n_estimators": 82.63338679201154}, "datetime": {"datetime": "2021-09-27 22:19:04", "elapsed": 19.641624, "delta": 0.729998}}
{"target": -20.416021692678804, "params": {"eta": 0.5679901603957798, "max_depth": 22.05732861577995, "n_estimators": 10.233310958543182}, "datetime": {"datetime": "2021-09-27 22:19:05", "elapsed": 20.442615, "delta": 0.800991}}
{"target": -19.76420452664684, "params": {"eta": 0.6, "max_depth": 7.560232845722153, "n_estimators": 66.27818578822358}, "datetime": {"datetime": "2021-09-27 22:19:06", "elapsed": 21.239616, "delta": 0.797001}}
{"target": -16.035627297246233, "params": {"eta": 0.03, "max_depth": 23.295974880720696, "n_estimators": 91.07213467065847}, "datetime": {"datetime": "2021-09-27 22:19:07", "elapsed": 22.155613, "delta": 0.915997}}
{"target": -19.725285761475064, "params": {"eta": 0.6, "max_depth": 6.0, "n_estimators": 33.11857107690901}, "datetime": {"datetime": "2021-09-27 22:19:08", "elapsed": 22.919615, "delta": 0.764002}}
{"target": -20.39317530469396, "params": {"eta": 0.5510073120578597, "max_depth": 29.94960538761117, "n_estimators": 31.47167999197181}, "datetime": {"datetime": "2021-09-27 22:19:08", "elapsed": 23.734615, "delta": 0.815}}
{"target": -21.079098199066497, "params": {"eta": 0.6, "max_depth": 15.329409026298038, "n_estimators": 26.882202601876504}, "datetime": {"datetime": "2021-09-27 22:19:09", "elapsed": 24.620986, "delta": 0.886371}}
{"target": -19.741786743469692, "params": {"eta": 0.6, "max_depth": 6.0, "n_estimators": 55.87909359175452}, "datetime": {"datetime": "2021-09-27 22:19:10", "elapsed": 25.388984, "delta": 0.767998}}
{"target": -21.964081841568326, "params": {"eta": 0.03, "max_depth": 30.0, "n_estimators": 57.00071908120155}, "datetime": {"datetime": "2021-09-27 22:19:11", "elapsed": 25.968985, "delta": 0.580001}}
{"target": -17.97116175942076, "params": {"eta": 0.4152836717903523, "max_depth": 6.212566865297948, "n_estimators": 22.07607450508658}, "datetime": {"datetime": "2021-09-27 22:19:11", "elapsed": 26.558984, "delta": 0.589999}}
{"target": -21.99609562453052, "params": {"eta": 0.5706181649166964, "max_depth": 14.816291494055797, "n_estimators": 99.86686514864738}, "datetime": {"datetime": "2021-09-27 22:19:12", "elapsed": 27.289983, "delta": 0.730999}}
{"target": -21.009718599762362, "params": {"eta": 0.6, "max_depth": 30.0, "n_estimators": 90.32982323288448}, "datetime": {"datetime": "2021-09-27 22:19:13", "elapsed": 27.975983, "delta": 0.686}}
{"target": -74.19573275278415, "params": {"eta": 0.24195572087714706, "max_depth": 6.2872468193313695, "n_estimators": 1.2305385026487765}, "datetime": {"datetime": "2021-09-27 22:19:13", "elapsed": 28.539322, "delta": 0.563339}}
{"target": -18.90695775501651, "params": {"eta": 0.11022858588197548, "max_depth": 15.545271217353879, "n_estimators": 18.144941917303022}, "datetime": {"datetime": "2021-09-27 22:19:14", "elapsed": 29.108975, "delta": 0.569653}}
{"target": -16.981908993960378, "params": {"eta": 0.41603483112127937, "max_depth": 12.999014465148232, "n_estimators": 37.14883230092552}, "datetime": {"datetime": "2021-09-27 22:19:15", "elapsed": 29.882973, "delta": 0.773998}}
{"target": -38.55771993465327, "params": {"eta": 0.03, "max_depth": 21.576731445818204, "n_estimators": 32.706010533029115}, "datetime": {"datetime": "2021-09-27 22:19:15", "elapsed": 30.366974, "delta": 0.484001}}
{"target": -21.605587438894926, "params": {"eta": 0.6, "max_depth": 13.038234058892185, "n_estimators": 47.448117811516475}, "datetime": {"datetime": "2021-09-27 22:19:16", "elapsed": 31.076977, "delta": 0.710003}}
{"target": -17.048415576886153, "params": {"eta": 0.15587834600103972, "max_depth": 6.311016577875069, "n_estimators": 15.096343940938635}, "datetime": {"datetime": "2021-09-27 22:19:16", "elapsed": 31.598973, "delta": 0.521996}}
{"target": -20.99999906206773, "params": {"eta": 0.6, "max_depth": 23.258180579946632, "n_estimators": 100.0}, "datetime": {"datetime": "2021-09-27 22:19:17", "elapsed": 32.254974, "delta": 0.656001}}
{"target": -32.214195154866964, "params": {"eta": 0.03, "max_depth": 6.0, "n_estimators": 39.2407787414849}, "datetime": {"datetime": "2021-09-27 22:19:17", "elapsed": 32.738877, "delta": 0.483903}}
{"target": -21.369432176861558, "params": {"eta": 0.6, "max_depth": 9.246230353117431, "n_estimators": 28.20135406940167}, "datetime": {"datetime": "2021-09-27 22:19:18", "elapsed": 33.440407, "delta": 0.70153}}
{"target": -20.081966884116433, "params": {"eta": 0.5560491609483552, "max_depth": 22.223570226614445, "n_estimators": 20.5669833661092}, "datetime": {"datetime": "2021-09-27 22:19:19", "elapsed": 34.035467, "delta": 0.59506}}
{"target": -18.18168022888681, "params": {"eta": 0.03, "max_depth": 30.0, "n_estimators": 71.42626102642949}, "datetime": {"datetime": "2021-09-27 22:19:20", "elapsed": 34.890129, "delta": 0.854662}}
{"target": -16.65615043815225, "params": {"eta": 0.0322570128607087, "max_depth": 21.316690447154343, "n_estimators": 79.15840366048985}, "datetime": {"datetime": "2021-09-27 22:19:20", "elapsed": 35.679123, "delta": 0.788994}}
{"target": -19.741203784981227, "params": {"eta": 0.6, "max_depth": 6.0, "n_estimators": 77.41110384360138}, "datetime": {"datetime": "2021-09-27 22:19:21", "elapsed": 36.702519, "delta": 1.023396}}
{"target": -21.605587438894926, "params": {"eta": 0.6, "max_depth": 13.811299929371225, "n_estimators": 70.17340958992766}, "datetime": {"datetime": "2021-09-27 22:19:22", "elapsed": 37.486515, "delta": 0.783996}}
{"target": -20.044792488574934, "params": {"eta": 0.48095678054307134, "max_depth": 29.892285066059245, "n_estimators": 99.82206326802543}, "datetime": {"datetime": "2021-09-27 22:19:23", "elapsed": 38.169514, "delta": 0.682999}}
{"target": -15.736804156374173, "params": {"eta": 0.06007933416605093, "max_depth": 10.866634617492775, "n_estimators": 60.77394820640089}, "datetime": {"datetime": "2021-09-27 22:19:23", "elapsed": 38.753738, "delta": 0.584224}}
{"target": -21.889374823369145, "params": {"eta": 0.5967419175176913, "max_depth": 9.954552149509151, "n_estimators": 86.66522501265045}, "datetime": {"datetime": "2021-09-27 22:19:24", "elapsed": 39.628886, "delta": 0.875148}}
{"target": -17.208837051926356, "params": {"eta": 0.1980475101879493, "max_depth": 29.92148813301114, "n_estimators": 11.523426740478104}, "datetime": {"datetime": "2021-09-27 22:19:25", "elapsed": 40.24688, "delta": 0.617994}}
