{"target": -24.42885552365129, "params": {"eta": 1.0, "max_depth": 2.167644840420462, "n_estimators": 53.94359736864672}, "datetime": {"datetime": "2021-09-27 21:06:43", "elapsed": 178.899564, "delta": 0.996005}}
{"target": -27.953483994298995, "params": {"eta": 0.9371463449760862, "max_depth": 13.439732494206746, "n_estimators": 76.56740850913422}, "datetime": {"datetime": "2021-09-27 21:06:44", "elapsed": 180.245357, "delta": 1.345793}}
{"target": -27.96259081193993, "params": {"eta": 0.893317691279611, "max_depth": 26.11103822350849, "n_estimators": 96.66017228028996}, "datetime": {"datetime": "2021-09-27 21:06:45", "elapsed": 181.292492, "delta": 1.047135}}
{"target": -28.557067742533782, "params": {"eta": 0.9209795818763469, "max_depth": 27.167685353710414, "n_estimators": 157.35234023895825}, "datetime": {"datetime": "2021-09-27 21:06:46", "elapsed": 182.32649, "delta": 1.033998}}
{"target": -27.12755733333292, "params": {"eta": 1.0, "max_depth": 16.764746010384947, "n_estimators": 82.80378565729728}, "datetime": {"datetime": "2021-09-27 21:06:48", "elapsed": 183.798323, "delta": 1.471833}}
{"target": -27.47751676600326, "params": {"eta": 0.9668623513359372, "max_depth": 15.783547617498195, "n_estimators": 199.60092055426867}, "datetime": {"datetime": "2021-09-27 21:06:49", "elapsed": 184.9421, "delta": 1.143777}}
{"target": -28.212238383561573, "params": {"eta": 1.0, "max_depth": 13.043825947844892, "n_estimators": 141.1077025561426}, "datetime": {"datetime": "2021-09-27 21:06:50", "elapsed": 186.099224, "delta": 1.157124}}
{"target": -27.016118864130355, "params": {"eta": 0.9583988914503325, "max_depth": 8.804226333081797, "n_estimators": 166.12698121897853}, "datetime": {"datetime": "2021-09-27 21:06:51", "elapsed": 187.30548, "delta": 1.206256}}
{"target": -19.134200960890116, "params": {"eta": 0.21135222507827897, "max_depth": 29.922177623493603, "n_estimators": 93.00790295467223}, "datetime": {"datetime": "2021-09-27 21:06:53", "elapsed": 189.096004, "delta": 1.790524}}
{"target": -25.28560641527778, "params": {"eta": 0.6848166079439444, "max_depth": 1.608986468700361, "n_estimators": 116.2259541949516}, "datetime": {"datetime": "2021-09-27 21:06:54", "elapsed": 190.103953, "delta": 1.007949}}
{"target": -18.92096853578269, "params": {"eta": 0.36789868937356696, "max_depth": 6.28597536935469, "n_estimators": 128.06990604991176}, "datetime": {"datetime": "2021-09-27 21:06:55", "elapsed": 191.23173, "delta": 1.127777}}
{"target": -18.996881752555012, "params": {"eta": 0.16783959490816205, "max_depth": 16.918534646989563, "n_estimators": 94.05642022880433}, "datetime": {"datetime": "2021-09-27 21:06:57", "elapsed": 192.782733, "delta": 1.551003}}
{"target": -17.70741120975343, "params": {"eta": 0.11495359684382894, "max_depth": 7.238845939587067, "n_estimators": 35.73277726242346}, "datetime": {"datetime": "2021-09-27 21:06:59", "elapsed": 194.374172, "delta": 1.591439}}
{"target": -26.779967270468553, "params": {"eta": 1.0, "max_depth": 8.714721035382436, "n_estimators": 57.094698943748305}, "datetime": {"datetime": "2021-09-27 21:07:00", "elapsed": 195.708178, "delta": 1.334006}}
{"target": -25.646633455298907, "params": {"eta": 0.9520817555805451, "max_depth": 11.427587400955039, "n_estimators": 177.32066903417376}, "datetime": {"datetime": "2021-09-27 21:07:01", "elapsed": 197.182866, "delta": 1.474688}}
{"target": -26.314163539780672, "params": {"eta": 0.6740879226495345, "max_depth": 1.0409529761120722, "n_estimators": 189.05430993885435}, "datetime": {"datetime": "2021-09-27 21:07:03", "elapsed": 198.670573, "delta": 1.487707}}
{"target": -82.65432317048355, "params": {"eta": 0.001, "max_depth": 1.0, "n_estimators": 158.04710213201548}, "datetime": {"datetime": "2021-09-27 21:07:04", "elapsed": 199.95146, "delta": 1.280887}}
{"target": -83.34424166804746, "params": {"eta": 0.001, "max_depth": 1.0, "n_estimators": 150.39125006795612}, "datetime": {"datetime": "2021-09-27 21:07:05", "elapsed": 201.046458, "delta": 1.094998}}
{"target": -26.446610955397265, "params": {"eta": 1.0, "max_depth": 1.0, "n_estimators": 165.80440053805893}, "datetime": {"datetime": "2021-09-27 21:07:06", "elapsed": 202.165108, "delta": 1.11865}}
{"target": -18.51851305179703, "params": {"eta": 0.09871008212477883, "max_depth": 3.5855901880307544, "n_estimators": 146.04014441898934}, "datetime": {"datetime": "2021-09-27 21:07:07", "elapsed": 203.33545, "delta": 1.170342}}
{"target": -28.445574878037494, "params": {"eta": 0.9257348747340314, "max_depth": 13.74372316170112, "n_estimators": 129.13015486255293}, "datetime": {"datetime": "2021-09-27 21:07:09", "elapsed": 204.377064, "delta": 1.041614}}
{"target": -26.46642688333674, "params": {"eta": 1.0, "max_depth": 14.552396218839963, "n_estimators": 157.69156061754296}, "datetime": {"datetime": "2021-09-27 21:07:10", "elapsed": 205.476463, "delta": 1.099399}}
{"target": -18.48041027216324, "params": {"eta": 0.3369246374193698, "max_depth": 27.004075759465028, "n_estimators": 162.78279107680072}, "datetime": {"datetime": "2021-09-27 21:07:11", "elapsed": 207.349824, "delta": 1.873361}}
{"target": -19.553799737626886, "params": {"eta": 0.5426463949248027, "max_depth": 26.655097727981843, "n_estimators": 31.731807421135088}, "datetime": {"datetime": "2021-09-27 21:07:13", "elapsed": 208.764815, "delta": 1.414991}}
{"target": -17.937310953057626, "params": {"eta": 0.38275117367012634, "max_depth": 29.904175761447018, "n_estimators": 35.491124064487245}, "datetime": {"datetime": "2021-09-27 21:07:14", "elapsed": 210.156067, "delta": 1.391252}}
{"target": -18.64348643413815, "params": {"eta": 0.21341351465878383, "max_depth": 11.925482132631338, "n_estimators": 173.2778011460655}, "datetime": {"datetime": "2021-09-27 21:07:16", "elapsed": 211.74096, "delta": 1.584893}}
{"target": -26.6235276371999, "params": {"eta": 1.0, "max_depth": 1.0, "n_estimators": 68.46147443589138}, "datetime": {"datetime": "2021-09-27 21:07:17", "elapsed": 212.972962, "delta": 1.232002}}
{"target": -94.78942394403298, "params": {"eta": 0.001, "max_depth": 22.9394078586232, "n_estimators": 28.589263538037155}, "datetime": {"datetime": "2021-09-27 21:07:19", "elapsed": 214.368012, "delta": 1.39505}}
{"target": -51.47271755352436, "params": {"eta": 0.019126204289689263, "max_depth": 22.232707759237506, "n_estimators": 34.24901846435638}, "datetime": {"datetime": "2021-09-27 21:07:20", "elapsed": 215.380474, "delta": 1.012462}}
{"target": -25.1420020765853, "params": {"eta": 0.8033699325460697, "max_depth": 29.644338876343866, "n_estimators": 27.614242001636622}, "datetime": {"datetime": "2021-09-27 21:07:21", "elapsed": 216.499477, "delta": 1.119003}}
{"target": -18.035293051840213, "params": {"eta": 0.20133482622699087, "max_depth": 15.988602579552966, "n_estimators": 31.61844545235495}, "datetime": {"datetime": "2021-09-27 21:07:23", "elapsed": 218.710935, "delta": 2.211458}}
{"target": -18.517233419989182, "params": {"eta": 0.3069626821841888, "max_depth": 23.74531660283989, "n_estimators": 41.217606261592174}, "datetime": {"datetime": "2021-09-27 21:07:25", "elapsed": 221.128766, "delta": 2.417831}}
{"target": -20.34963150405863, "params": {"eta": 0.5530295193364869, "max_depth": 19.79989688585398, "n_estimators": 74.70533704369495}, "datetime": {"datetime": "2021-09-27 21:07:27", "elapsed": 222.729972, "delta": 1.601206}}
{"target": -17.50126237973102, "params": {"eta": 0.02815266091387014, "max_depth": 16.86054042808434, "n_estimators": 109.35277567552171}, "datetime": {"datetime": "2021-09-27 21:07:29", "elapsed": 225.295173, "delta": 2.565201}}
{"target": -26.985663355313662, "params": {"eta": 1.0, "max_depth": 30.0, "n_estimators": 89.65141648475912}, "datetime": {"datetime": "2021-09-27 21:07:31", "elapsed": 226.720174, "delta": 1.425001}}
{"target": -19.39623227815977, "params": {"eta": 0.17965156229524895, "max_depth": 16.008193535076042, "n_estimators": 163.24055444872164}, "datetime": {"datetime": "2021-09-27 21:07:33", "elapsed": 229.222324, "delta": 2.50215}}
{"target": -19.32130606838303, "params": {"eta": 0.17190284274467696, "max_depth": 27.02785335562872, "n_estimators": 197.06801208929323}, "datetime": {"datetime": "2021-09-27 21:07:36", "elapsed": 231.714137, "delta": 2.491813}}
{"target": -25.341733742823575, "params": {"eta": 1.0, "max_depth": 6.713365977806392, "n_estimators": 15.469298452179261}, "datetime": {"datetime": "2021-09-27 21:07:38", "elapsed": 233.643209, "delta": 1.929072}}
{"target": -20.50757156581511, "params": {"eta": 0.5349125265761902, "max_depth": 21.089345312515626, "n_estimators": 42.92426314062025}, "datetime": {"datetime": "2021-09-27 21:07:40", "elapsed": 235.664906, "delta": 2.021697}}
{"target": -26.549474966617982, "params": {"eta": 1.0, "max_depth": 10.312187714136908, "n_estimators": 5.254520256461671}, "datetime": {"datetime": "2021-09-27 21:07:41", "elapsed": 236.879906, "delta": 1.215}}
{"target": -82.95621190125146, "params": {"eta": 0.001, "max_depth": 22.125808717351003, "n_estimators": 162.74576375344708}, "datetime": {"datetime": "2021-09-27 21:07:43", "elapsed": 238.798983, "delta": 1.919077}}
{"target": -23.32871099342276, "params": {"eta": 0.7068657633067192, "max_depth": 15.728643323194275, "n_estimators": 166.56492649227772}, "datetime": {"datetime": "2021-09-27 21:07:45", "elapsed": 240.820826, "delta": 2.021843}}
{"target": -24.919739151420885, "params": {"eta": 1.0, "max_depth": 3.890626113744027, "n_estimators": 23.42488818292558}, "datetime": {"datetime": "2021-09-27 21:07:47", "elapsed": 242.370386, "delta": 1.54956}}
{"target": -22.04118438652227, "params": {"eta": 0.6409214444456918, "max_depth": 29.945129049233703, "n_estimators": 7.796579408822473}, "datetime": {"datetime": "2021-09-27 21:07:48", "elapsed": 243.766441, "delta": 1.396055}}
{"target": -22.15249492609202, "params": {"eta": 0.6335911247620614, "max_depth": 4.798911245482646, "n_estimators": 48.47778065077492}, "datetime": {"datetime": "2021-09-27 21:07:50", "elapsed": 245.854641, "delta": 2.0882}}
{"target": -26.412980361451332, "params": {"eta": 1.0, "max_depth": 18.291171529012246, "n_estimators": 33.13909485294376}, "datetime": {"datetime": "2021-09-27 21:07:51", "elapsed": 247.265645, "delta": 1.411004}}
{"target": -19.733877578354708, "params": {"eta": 0.4973658688149408, "max_depth": 29.987620748384632, "n_estimators": 177.90668049532297}, "datetime": {"datetime": "2021-09-27 21:07:54", "elapsed": 249.954163, "delta": 2.688518}}
{"target": -27.093268244194324, "params": {"eta": 0.9654765342510762, "max_depth": 29.267665481965956, "n_estimators": 174.1462170614461}, "datetime": {"datetime": "2021-09-27 21:07:56", "elapsed": 252.284006, "delta": 2.329843}}
{"target": -22.09591418421199, "params": {"eta": 0.6318133996948573, "max_depth": 27.68701188768948, "n_estimators": 180.38204649288514}, "datetime": {"datetime": "2021-09-27 21:07:58", "elapsed": 254.182309, "delta": 1.898303}}
{"target": -20.961690161861863, "params": {"eta": 0.6524832771488476, "max_depth": 25.249807257754888, "n_estimators": 184.27719922509556}, "datetime": {"datetime": "2021-09-27 21:08:00", "elapsed": 256.20173, "delta": 2.019421}}
{"target": -25.424121859703764, "params": {"eta": 0.7936218081504844, "max_depth": 21.29647960254021, "n_estimators": 183.49357318849806}, "datetime": {"datetime": "2021-09-27 21:08:02", "elapsed": 258.076451, "delta": 1.874721}}
{"target": -17.839583823744224, "params": {"eta": 0.3113023506146828, "max_depth": 16.034300659286284, "n_estimators": 186.12980625054686}, "datetime": {"datetime": "2021-09-27 21:08:04", "elapsed": 259.928816, "delta": 1.852365}}
{"target": -19.36774377230068, "params": {"eta": 0.2713897991958586, "max_depth": 12.639290469732467, "n_estimators": 186.3045961751775}, "datetime": {"datetime": "2021-09-27 21:08:06", "elapsed": 261.921379, "delta": 1.992563}}
{"target": -19.20354035171124, "params": {"eta": 0.18288176120650387, "max_depth": 17.391627096837922, "n_estimators": 183.0770884242689}, "datetime": {"datetime": "2021-09-27 21:08:09", "elapsed": 264.6884, "delta": 2.767021}}
{"target": -27.637193166498065, "params": {"eta": 0.7656148222738614, "max_depth": 8.681944857170667, "n_estimators": 185.50426408779768}, "datetime": {"datetime": "2021-09-27 21:08:11", "elapsed": 266.407469, "delta": 1.719069}}
{"target": -26.85529617271817, "params": {"eta": 1.0, "max_depth": 19.218582328673026, "n_estimators": 186.58186314141733}, "datetime": {"datetime": "2021-09-27 21:08:12", "elapsed": 268.013468, "delta": 1.605999}}
{"target": -28.578571705671298, "params": {"eta": 0.9445020065796522, "max_depth": 15.419147524788759, "n_estimators": 189.60749454529926}, "datetime": {"datetime": "2021-09-27 21:08:14", "elapsed": 269.908685, "delta": 1.895217}}
{"target": -26.763276158132044, "params": {"eta": 0.8844796111288039, "max_depth": 29.9558151801106, "n_estimators": 188.59536458335768}, "datetime": {"datetime": "2021-09-27 21:08:16", "elapsed": 271.937521, "delta": 2.028836}}
{"target": -19.350160094972292, "params": {"eta": 0.6460837568812269, "max_depth": 3.640993300001656, "n_estimators": 196.93896878751497}, "datetime": {"datetime": "2021-09-27 21:08:18", "elapsed": 273.523521, "delta": 1.586}}
{"target": -91.00765614850451, "params": {"eta": 0.001, "max_depth": 30.0, "n_estimators": 69.53922253806242}, "datetime": {"datetime": "2021-09-27 21:08:20", "elapsed": 275.411896, "delta": 1.888375}}
{"target": -20.188753154880267, "params": {"eta": 0.6727927577710731, "max_depth": 19.036196000913126, "n_estimators": 126.56354537096188}, "datetime": {"datetime": "2021-09-27 21:08:22", "elapsed": 277.579361, "delta": 2.167465}}
{"target": -19.126915049926012, "params": {"eta": 0.3048329083077673, "max_depth": 20.372538231842476, "n_estimators": 123.400419450505}, "datetime": {"datetime": "2021-09-27 21:08:24", "elapsed": 279.431514, "delta": 1.852153}}
{"target": -20.064028466251987, "params": {"eta": 0.66872068428301, "max_depth": 22.40321730052226, "n_estimators": 126.17152686288588}, "datetime": {"datetime": "2021-09-27 21:08:25", "elapsed": 281.303145, "delta": 1.871631}}
{"target": -91.0977704661813, "params": {"eta": 0.001, "max_depth": 22.119820019550758, "n_estimators": 68.03363838622207}, "datetime": {"datetime": "2021-09-27 21:08:27", "elapsed": 282.736813, "delta": 1.433668}}
{"target": -26.14851271560071, "params": {"eta": 0.8297177816255403, "max_depth": 17.696859737827165, "n_estimators": 72.17550006505176}, "datetime": {"datetime": "2021-09-27 21:08:28", "elapsed": 284.353812, "delta": 1.616999}}
{"target": -22.92376227037227, "params": {"eta": 0.5494484262005729, "max_depth": 5.327364191814887, "n_estimators": 54.62845802741284}, "datetime": {"datetime": "2021-09-27 21:08:30", "elapsed": 285.908814, "delta": 1.555002}}
{"target": -80.84468222364727, "params": {"eta": 0.001, "max_depth": 5.059689807606583, "n_estimators": 188.28038591100346}, "datetime": {"datetime": "2021-09-27 21:08:32", "elapsed": 287.687982, "delta": 1.779168}}
{"target": -29.094277000048486, "params": {"eta": 0.8982302881072043, "max_depth": 7.12810238822881, "n_estimators": 124.6158045145434}, "datetime": {"datetime": "2021-09-27 21:08:34", "elapsed": 289.673851, "delta": 1.985869}}
{"target": -26.07023869333403, "params": {"eta": 0.8512778413346989, "max_depth": 13.120838321262863, "n_estimators": 94.25083137474536}, "datetime": {"datetime": "2021-09-27 21:08:36", "elapsed": 291.748191, "delta": 2.07434}}
{"target": -25.964353767054487, "params": {"eta": 1.0, "max_depth": 1.0, "n_estimators": 82.2969237579186}, "datetime": {"datetime": "2021-09-27 21:08:38", "elapsed": 293.773737, "delta": 2.025546}}
{"target": -18.817032021718273, "params": {"eta": 0.31255583299599476, "max_depth": 4.793244279777434, "n_estimators": 120.59226243227167}, "datetime": {"datetime": "2021-09-27 21:08:39", "elapsed": 295.284351, "delta": 1.510614}}
{"target": -81.32547026999075, "params": {"eta": 0.001, "max_depth": 9.774367449390553, "n_estimators": 182.08968920946026}, "datetime": {"datetime": "2021-09-27 21:08:42", "elapsed": 297.442605, "delta": 2.158254}}
{"target": -19.595408352590482, "params": {"eta": 0.48814099586015297, "max_depth": 16.043051579844395, "n_estimators": 178.99557362845948}, "datetime": {"datetime": "2021-09-27 21:08:44", "elapsed": 299.93696, "delta": 2.494355}}
{"target": -26.985663355313662, "params": {"eta": 1.0, "max_depth": 30.0, "n_estimators": 152.74542927442084}, "datetime": {"datetime": "2021-09-27 21:08:46", "elapsed": 302.067485, "delta": 2.130525}}
{"target": -26.215489260236076, "params": {"eta": 0.9176156630125955, "max_depth": 11.123052312533924, "n_estimators": 134.6043088117314}, "datetime": {"datetime": "2021-09-27 21:08:48", "elapsed": 303.860013, "delta": 1.792528}}
{"target": -27.180313155237556, "params": {"eta": 0.9028496413258985, "max_depth": 8.96202493378356, "n_estimators": 82.20893520253638}, "datetime": {"datetime": "2021-09-27 21:08:50", "elapsed": 305.791435, "delta": 1.931422}}
{"target": -17.122462878838476, "params": {"eta": 0.119464140145299, "max_depth": 13.056835944248954, "n_estimators": 32.80131235142485}, "datetime": {"datetime": "2021-09-27 21:08:51", "elapsed": 307.355434, "delta": 1.563999}}
{"target": -17.953434807614737, "params": {"eta": 0.38852140237505806, "max_depth": 14.48159852175615, "n_estimators": 11.825612073990754}, "datetime": {"datetime": "2021-09-27 21:08:54", "elapsed": 309.381317, "delta": 2.025883}}
{"target": -84.37377642905719, "params": {"eta": 0.001, "max_depth": 11.81220119629205, "n_estimators": 145.6433531212225}, "datetime": {"datetime": "2021-09-27 21:08:56", "elapsed": 311.785308, "delta": 2.403991}}
{"target": -18.306860816424983, "params": {"eta": 0.09358170587085442, "max_depth": 10.415477500877525, "n_estimators": 138.54975989498195}, "datetime": {"datetime": "2021-09-27 21:08:58", "elapsed": 314.313455, "delta": 2.528147}}
{"target": -89.07968813711081, "params": {"eta": 0.001, "max_depth": 1.0, "n_estimators": 86.33532085612495}, "datetime": {"datetime": "2021-09-27 21:09:00", "elapsed": 316.228858, "delta": 1.915403}}
{"target": -24.723551655819087, "params": {"eta": 0.6054761754416955, "max_depth": 1.492771481852612, "n_estimators": 78.99697974874341}, "datetime": {"datetime": "2021-09-27 21:09:02", "elapsed": 318.235073, "delta": 2.006215}}
{"target": -18.786729740962986, "params": {"eta": 0.013193944134031837, "max_depth": 25.994440692554292, "n_estimators": 169.97240293792805}, "datetime": {"datetime": "2021-09-27 21:09:05", "elapsed": 320.563409, "delta": 2.328336}}
{"target": -93.48467224139316, "params": {"eta": 0.001, "max_depth": 7.86392296052063, "n_estimators": 42.59551784822051}, "datetime": {"datetime": "2021-09-27 21:09:06", "elapsed": 322.136566, "delta": 1.573157}}
{"target": -93.5773958521652, "params": {"eta": 0.001, "max_depth": 13.981405961552264, "n_estimators": 41.65910362454231}, "datetime": {"datetime": "2021-09-27 21:09:08", "elapsed": 323.682566, "delta": 1.546}}
{"target": -25.46816508412541, "params": {"eta": 0.8258649004549256, "max_depth": 14.566914400405082, "n_estimators": 36.80821994384378}, "datetime": {"datetime": "2021-09-27 21:09:10", "elapsed": 325.569113, "delta": 1.886547}}
{"target": -25.279639016513496, "params": {"eta": 0.8068692539259112, "max_depth": 9.60191884606114, "n_estimators": 38.28510166033052}, "datetime": {"datetime": "2021-09-27 21:09:12", "elapsed": 327.425386, "delta": 1.856273}}
{"target": -20.948238499479658, "params": {"eta": 0.6570045231529247, "max_depth": 17.9889692389584, "n_estimators": 87.41940747503278}, "datetime": {"datetime": "2021-09-27 21:09:13", "elapsed": 329.184856, "delta": 1.75947}}
{"target": -17.835736317617826, "params": {"eta": 0.1173983467127296, "max_depth": 22.91748070720498, "n_estimators": 168.94558111589302}, "datetime": {"datetime": "2021-09-27 21:09:17", "elapsed": 332.465412, "delta": 3.280556}}
{"target": -17.006118226674243, "params": {"eta": 0.10519678941583906, "max_depth": 6.105151458960108, "n_estimators": 37.53216686770638}, "datetime": {"datetime": "2021-09-27 21:09:19", "elapsed": 334.412641, "delta": 1.947229}}
{"target": -39.66612654403183, "params": {"eta": 0.02344656647311926, "max_depth": 26.74335867668441, "n_estimators": 40.2988784330579}, "datetime": {"datetime": "2021-09-27 21:09:20", "elapsed": 336.284334, "delta": 1.871693}}
{"target": -27.531580322126747, "params": {"eta": 0.9739525131424018, "max_depth": 27.09649991560227, "n_estimators": 149.8162646102853}, "datetime": {"datetime": "2021-09-27 21:09:23", "elapsed": 338.586334, "delta": 2.302}}
{"target": -19.510989334883906, "params": {"eta": 0.5070316010146507, "max_depth": 18.756206314504443, "n_estimators": 45.533887600737046}, "datetime": {"datetime": "2021-09-27 21:09:25", "elapsed": 340.494248, "delta": 1.907914}}
{"target": -26.961648131854503, "params": {"eta": 1.0, "max_depth": 20.275284454860504, "n_estimators": 129.3881981396197}, "datetime": {"datetime": "2021-09-27 21:09:27", "elapsed": 342.909428, "delta": 2.41518}}
{"target": -81.00460652048979, "params": {"eta": 0.001, "max_depth": 27.4942296459811, "n_estimators": 186.29883931387016}, "datetime": {"datetime": "2021-09-27 21:09:29", "elapsed": 345.268111, "delta": 2.358683}}
{"target": -17.69795245915947, "params": {"eta": 0.03174983932757549, "max_depth": 24.738570871860308, "n_estimators": 181.9419496849862}, "datetime": {"datetime": "2021-09-27 21:09:33", "elapsed": 348.490408, "delta": 3.222297}}
{"target": -19.584320969171692, "params": {"eta": 0.28702968597644946, "max_depth": 13.825397765442224, "n_estimators": 171.26822277533873}, "datetime": {"datetime": "2021-09-27 21:09:35", "elapsed": 350.841296, "delta": 2.350888}}
{"target": -18.626579521774676, "params": {"eta": 0.13002501665168828, "max_depth": 17.707354160974468, "n_estimators": 115.75592445423204}, "datetime": {"datetime": "2021-09-27 21:09:38", "elapsed": 354.270451, "delta": 3.429155}}
