{"target": -18.922488329985057, "params": {"eta": 0.3107416977767929, "max_depth": 21.611935244767825, "n_estimators": 293.30380931949185}, "datetime": {"datetime": "2021-09-28 07:48:11", "elapsed": 101.449446, "delta": 1.660389}}
{"target": -17.491920064895044, "params": {"eta": 0.36067978321255073, "max_depth": 28.562017492484586, "n_estimators": 259.41117288783846}, "datetime": {"datetime": "2021-09-28 07:48:12", "elapsed": 102.419757, "delta": 0.970311}}
{"target": -19.658872671857324, "params": {"eta": 0.5000084787163922, "max_depth": 25.369571720848608, "n_estimators": 253.74889675603131}, "datetime": {"datetime": "2021-09-28 07:48:13", "elapsed": 103.522241, "delta": 1.102484}}
{"target": -17.56072930926979, "params": {"eta": 0.02586912485719895, "max_depth": 8.04202844724504, "n_estimators": 211.21913010997605}, "datetime": {"datetime": "2021-09-28 07:48:15", "elapsed": 104.815241, "delta": 1.293}}
{"target": -19.545943998967356, "params": {"eta": 0.47723225286001664, "max_depth": 5.0861906833808055, "n_estimators": 279.22616007393907}, "datetime": {"datetime": "2021-09-28 07:48:16", "elapsed": 106.080427, "delta": 1.265186}}
{"target": -18.33834317595845, "params": {"eta": 0.4072113597654937, "max_depth": 22.407803048588757, "n_estimators": 239.8153659466974}, "datetime": {"datetime": "2021-09-28 07:48:17", "elapsed": 107.081701, "delta": 1.001274}}
{"target": -20.143538408868817, "params": {"eta": 0.23888635348265383, "max_depth": 2.023419641624453, "n_estimators": 215.4850326347955}, "datetime": {"datetime": "2021-09-28 07:48:18", "elapsed": 107.878785, "delta": 0.797084}}
{"target": -22.380556551769526, "params": {"eta": 0.02304813990789125, "max_depth": 2.0472787945864104, "n_estimators": 202.98249318758081}, "datetime": {"datetime": "2021-09-28 07:48:19", "elapsed": 108.841531, "delta": 0.962746}}
{"target": -18.87047421686519, "params": {"eta": 0.23935201555006347, "max_depth": 6.356945098567948, "n_estimators": 208.36555473840323}, "datetime": {"datetime": "2021-09-28 07:48:20", "elapsed": 110.148019, "delta": 1.306488}}
{"target": -19.953771028535392, "params": {"eta": 0.29074961633745483, "max_depth": 7.1171315182801695, "n_estimators": 281.5585213981217}, "datetime": {"datetime": "2021-09-28 07:48:21", "elapsed": 111.4062, "delta": 1.258181}}
{"target": -18.62243317085926, "params": {"eta": 0.47526329975155757, "max_depth": 21.76865977055037, "n_estimators": 288.52411483401715}, "datetime": {"datetime": "2021-09-28 07:48:22", "elapsed": 112.341325, "delta": 0.935125}}
{"target": -18.493484444802935, "params": {"eta": 0.09780788702363988, "max_depth": 28.374941862145366, "n_estimators": 253.42567217871954}, "datetime": {"datetime": "2021-09-28 07:48:25", "elapsed": 115.116099, "delta": 2.774774}}
{"target": -18.820107238985287, "params": {"eta": 0.29459201945674357, "max_depth": 13.048353226751988, "n_estimators": 278.07806307484833}, "datetime": {"datetime": "2021-09-28 07:48:26", "elapsed": 116.33943, "delta": 1.223331}}
{"target": -19.997468364163122, "params": {"eta": 0.535547153189924, "max_depth": 24.763572915002616, "n_estimators": 236.77027459772398}, "datetime": {"datetime": "2021-09-28 07:48:27", "elapsed": 117.264537, "delta": 0.925107}}
{"target": -19.18106663369155, "params": {"eta": 0.1727793023740414, "max_depth": 23.65403994863234, "n_estimators": 250.8535439103022}, "datetime": {"datetime": "2021-09-28 07:48:29", "elapsed": 119.233595, "delta": 1.969058}}
{"target": -20.36997851390467, "params": {"eta": 0.3863501964986705, "max_depth": 3.8750611207033154, "n_estimators": 214.34996532568402}, "datetime": {"datetime": "2021-09-28 07:48:30", "elapsed": 120.00444, "delta": 0.770845}}
{"target": -18.253567269219488, "params": {"eta": 0.39998078378285973, "max_depth": 26.001754153754494, "n_estimators": 254.50872796711263}, "datetime": {"datetime": "2021-09-28 07:48:31", "elapsed": 121.034497, "delta": 1.030057}}
{"target": -20.376860421661295, "params": {"eta": 0.4908525794805647, "max_depth": 13.448545499639929, "n_estimators": 287.8469219484036}, "datetime": {"datetime": "2021-09-28 07:48:32", "elapsed": 121.892693, "delta": 0.858196}}
{"target": -18.394921704667354, "params": {"eta": 0.2439539110544066, "max_depth": 20.023696053636098, "n_estimators": 228.41841070944702}, "datetime": {"datetime": "2021-09-28 07:48:33", "elapsed": 122.963813, "delta": 1.07112}}
{"target": -17.995126459118573, "params": {"eta": 0.0451536383028116, "max_depth": 26.16087433253096, "n_estimators": 231.9624929734294}, "datetime": {"datetime": "2021-09-28 07:48:35", "elapsed": 125.520867, "delta": 2.557054}}
{"target": -19.20914550792048, "params": {"eta": 0.24851230367778074, "max_depth": 16.178641796956676, "n_estimators": 295.1639239711651}, "datetime": {"datetime": "2021-09-28 07:48:37", "elapsed": 126.864777, "delta": 1.34391}}
{"target": -19.384602490148442, "params": {"eta": 0.5039247614542359, "max_depth": 10.393720706660819, "n_estimators": 261.1243015461622}, "datetime": {"datetime": "2021-09-28 07:48:38", "elapsed": 128.042372, "delta": 1.177595}}
{"target": -24.909877666206846, "params": {"eta": 0.18261234356704215, "max_depth": 1.246664328153249, "n_estimators": 215.57551443383056}, "datetime": {"datetime": "2021-09-28 07:48:38", "elapsed": 128.61887, "delta": 0.576498}}
{"target": -19.987323168186855, "params": {"eta": 0.5409836274826495, "max_depth": 24.632075193592264, "n_estimators": 266.91064581434466}, "datetime": {"datetime": "2021-09-28 07:48:39", "elapsed": 129.403758, "delta": 0.784888}}
{"target": -17.965006283532933, "params": {"eta": 0.04132822395120199, "max_depth": 20.52704950474572, "n_estimators": 286.7903601915452}, "datetime": {"datetime": "2021-09-28 07:48:44", "elapsed": 133.680847, "delta": 4.277089}}
{"target": -18.5053707876623, "params": {"eta": 0.053755483134500716, "max_depth": 25.468809263197766, "n_estimators": 288.1745852534324}, "datetime": {"datetime": "2021-09-28 07:48:48", "elapsed": 138.153266, "delta": 4.472419}}
{"target": -20.114048144937517, "params": {"eta": 0.49255511385135237, "max_depth": 26.144781055312748, "n_estimators": 295.11436458554726}, "datetime": {"datetime": "2021-09-28 07:48:49", "elapsed": 139.395671, "delta": 1.242405}}
{"target": -16.92240050407542, "params": {"eta": 0.41557415364221323, "max_depth": 17.85184050312168, "n_estimators": 240.67135713049106}, "datetime": {"datetime": "2021-09-28 07:48:50", "elapsed": 140.319773, "delta": 0.924102}}
{"target": -22.00130706338591, "params": {"eta": 0.5723669903348279, "max_depth": 10.838774711120049, "n_estimators": 221.58549209514103}, "datetime": {"datetime": "2021-09-28 07:48:51", "elapsed": 141.317096, "delta": 0.997323}}
{"target": -18.82136944459712, "params": {"eta": 0.2382381476229423, "max_depth": 14.875398412544534, "n_estimators": 215.96980268604048}, "datetime": {"datetime": "2021-09-28 07:48:52", "elapsed": 142.350817, "delta": 1.033721}}
{"target": -17.09699073006263, "params": {"eta": 0.4690604190685393, "max_depth": 28.408062947800776, "n_estimators": 266.9201896381617}, "datetime": {"datetime": "2021-09-28 07:48:53", "elapsed": 143.529387, "delta": 1.17857}}
{"target": -18.459535181960035, "params": {"eta": 0.39003938852449255, "max_depth": 6.932802508404033, "n_estimators": 265.85273647711523}, "datetime": {"datetime": "2021-09-28 07:48:54", "elapsed": 144.48655, "delta": 0.957163}}
{"target": -25.587809147292624, "params": {"eta": 0.5549873245983103, "max_depth": 1.6373572350378147, "n_estimators": 214.56648286768828}, "datetime": {"datetime": "2021-09-28 07:48:55", "elapsed": 145.265154, "delta": 0.778604}}
{"target": -18.289039154639028, "params": {"eta": 0.11226995268657577, "max_depth": 6.67392867509063, "n_estimators": 213.83054057778634}, "datetime": {"datetime": "2021-09-28 07:48:56", "elapsed": 146.271909, "delta": 1.006755}}
{"target": -21.129609886153627, "params": {"eta": 0.5432888666320075, "max_depth": 2.55743900332231, "n_estimators": 213.38806396644344}, "datetime": {"datetime": "2021-09-28 07:48:57", "elapsed": 147.036188, "delta": 0.764279}}
{"target": -17.270037519313092, "params": {"eta": 0.4321952030039513, "max_depth": 17.388452952333857, "n_estimators": 286.70140841507776}, "datetime": {"datetime": "2021-09-28 07:48:58", "elapsed": 148.381785, "delta": 1.345597}}
{"target": -19.77333320372496, "params": {"eta": 0.5660545346192799, "max_depth": 16.183013282102053, "n_estimators": 268.12249416281406}, "datetime": {"datetime": "2021-09-28 07:48:59", "elapsed": 149.300035, "delta": 0.91825}}
{"target": -18.410803181794638, "params": {"eta": 0.40584240474867367, "max_depth": 6.861640062827252, "n_estimators": 274.89133909181817}, "datetime": {"datetime": "2021-09-28 07:49:00", "elapsed": 150.253547, "delta": 0.953512}}
{"target": -21.636773080528712, "params": {"eta": 0.5950334581506085, "max_depth": 12.632765277175071, "n_estimators": 261.89023784963166}, "datetime": {"datetime": "2021-09-28 07:49:01", "elapsed": 151.093332, "delta": 0.839785}}
{"target": -18.945607662415355, "params": {"eta": 0.34365237690997413, "max_depth": 9.72128728041047, "n_estimators": 244.18918433463966}, "datetime": {"datetime": "2021-09-28 07:49:02", "elapsed": 152.346697, "delta": 1.253365}}
{"target": -17.705003482998034, "params": {"eta": 0.1967312055268623, "max_depth": 24.185830055904947, "n_estimators": 268.72973222553065}, "datetime": {"datetime": "2021-09-28 07:49:03", "elapsed": 153.458864, "delta": 1.112167}}
{"target": -18.187117187483253, "params": {"eta": 0.1516314856047575, "max_depth": 26.695379977638204, "n_estimators": 232.86533394538932}, "datetime": {"datetime": "2021-09-28 07:49:05", "elapsed": 155.085546, "delta": 1.626682}}
{"target": -19.384802392838658, "params": {"eta": 0.4278419009417155, "max_depth": 5.65545256360589, "n_estimators": 292.6896478887419}, "datetime": {"datetime": "2021-09-28 07:49:06", "elapsed": 156.364665, "delta": 1.279119}}
{"target": -20.916893175951724, "params": {"eta": 0.48956716536208356, "max_depth": 3.589234529081427, "n_estimators": 220.51530635597385}, "datetime": {"datetime": "2021-09-28 07:49:08", "elapsed": 157.742819, "delta": 1.378154}}
{"target": -18.752799336099237, "params": {"eta": 0.30362360054540316, "max_depth": 5.657822939365041, "n_estimators": 213.67604444559151}, "datetime": {"datetime": "2021-09-28 07:49:10", "elapsed": 159.830364, "delta": 2.087545}}
{"target": -24.05146252292978, "params": {"eta": 0.5873452896437236, "max_depth": 18.89284970337628, "n_estimators": 209.04591269134534}, "datetime": {"datetime": "2021-09-28 07:49:11", "elapsed": 160.748065, "delta": 0.917701}}
{"target": -17.957300960103588, "params": {"eta": 0.0319621543769681, "max_depth": 16.449521144775968, "n_estimators": 243.90168934447834}, "datetime": {"datetime": "2021-09-28 07:49:13", "elapsed": 163.496417, "delta": 2.748352}}
{"target": -18.851111647644068, "params": {"eta": 0.29058634402909655, "max_depth": 29.29992926743026, "n_estimators": 290.95113191813135}, "datetime": {"datetime": "2021-09-28 07:49:15", "elapsed": 164.705821, "delta": 1.209404}}
{"target": -18.0407496588192, "params": {"eta": 0.13688428413402856, "max_depth": 26.284278890632795, "n_estimators": 221.73201206152564}, "datetime": {"datetime": "2021-09-28 07:49:16", "elapsed": 166.293932, "delta": 1.588111}}
{"target": -17.11609403350344, "params": {"eta": 0.4690418232492169, "max_depth": 17.080435110663387, "n_estimators": 284.82117010632106}, "datetime": {"datetime": "2021-09-28 07:49:17", "elapsed": 167.383085, "delta": 1.089153}}
{"target": -18.787506129416496, "params": {"eta": 0.07889147890020654, "max_depth": 25.93546397240258, "n_estimators": 220.46055827513678}, "datetime": {"datetime": "2021-09-28 07:49:20", "elapsed": 169.923899, "delta": 2.540814}}
{"target": -18.33329199229137, "params": {"eta": 0.12630101313440842, "max_depth": 9.700896997153558, "n_estimators": 273.99219955662767}, "datetime": {"datetime": "2021-09-28 07:49:21", "elapsed": 171.422851, "delta": 1.498952}}
{"target": -17.89143764773757, "params": {"eta": 0.02028433634023958, "max_depth": 16.947590476063326, "n_estimators": 284.6825696362544}, "datetime": {"datetime": "2021-09-28 07:49:24", "elapsed": 174.0101, "delta": 2.587249}}
{"target": -18.716808960963203, "params": {"eta": 0.24884345215856984, "max_depth": 22.28835999894057, "n_estimators": 210.4463781969406}, "datetime": {"datetime": "2021-09-28 07:49:25", "elapsed": 175.348854, "delta": 1.338754}}
{"target": -24.73945044223754, "params": {"eta": 0.15004930589366333, "max_depth": 1.52083953054813, "n_estimators": 220.11874716732856}, "datetime": {"datetime": "2021-09-28 07:49:26", "elapsed": 176.07927, "delta": 0.730416}}
{"target": -19.292231684535675, "params": {"eta": 0.16443135635152975, "max_depth": 15.299386042005327, "n_estimators": 260.90040775252453}, "datetime": {"datetime": "2021-09-28 07:49:27", "elapsed": 177.500238, "delta": 1.420968}}
{"target": -17.845905962315488, "params": {"eta": 0.4045314479104393, "max_depth": 20.42795914931499, "n_estimators": 248.90105658219107}, "datetime": {"datetime": "2021-09-28 07:49:29", "elapsed": 178.802315, "delta": 1.302077}}
{"target": -19.395690910563115, "params": {"eta": 0.2504192435039086, "max_depth": 25.575226920628186, "n_estimators": 253.4317884129578}, "datetime": {"datetime": "2021-09-28 07:49:30", "elapsed": 179.785477, "delta": 0.983162}}
{"target": -18.25360670373028, "params": {"eta": 0.057614837790578126, "max_depth": 27.62733000810474, "n_estimators": 207.0780594753418}, "datetime": {"datetime": "2021-09-28 07:49:32", "elapsed": 182.237457, "delta": 2.45198}}
{"target": -18.143212883145114, "params": {"eta": 0.3212315038878938, "max_depth": 5.103149486639641, "n_estimators": 292.9153504954045}, "datetime": {"datetime": "2021-09-28 07:49:33", "elapsed": 183.290885, "delta": 1.053428}}
{"target": -17.640605218686318, "params": {"eta": 0.47862295335463617, "max_depth": 16.20049531505348, "n_estimators": 261.7597126852972}, "datetime": {"datetime": "2021-09-28 07:49:34", "elapsed": 184.416833, "delta": 1.125948}}
{"target": -18.68588229362817, "params": {"eta": 0.3534914108284513, "max_depth": 16.60563576844982, "n_estimators": 221.08366105926973}, "datetime": {"datetime": "2021-09-28 07:49:35", "elapsed": 185.331221, "delta": 0.914388}}
{"target": -18.032997989895687, "params": {"eta": 0.41047246352878713, "max_depth": 13.90083027644249, "n_estimators": 233.15409763657956}, "datetime": {"datetime": "2021-09-28 07:49:36", "elapsed": 186.555843, "delta": 1.224622}}
{"target": -17.596338214320628, "params": {"eta": 0.026066266051782437, "max_depth": 22.90971622736645, "n_estimators": 208.18929583485968}, "datetime": {"datetime": "2021-09-28 07:49:39", "elapsed": 188.76456, "delta": 2.208717}}
{"target": -23.698120774096466, "params": {"eta": 0.5979582905783851, "max_depth": 28.708702832479716, "n_estimators": 233.18961295588892}, "datetime": {"datetime": "2021-09-28 07:49:39", "elapsed": 189.561793, "delta": 0.797233}}
{"target": -17.830731131219782, "params": {"eta": 0.039050013466258957, "max_depth": 23.844013282193885, "n_estimators": 233.82488804475076}, "datetime": {"datetime": "2021-09-28 07:49:42", "elapsed": 192.119819, "delta": 2.558026}}
{"target": -17.79887717112323, "params": {"eta": 0.13454102837081977, "max_depth": 5.209403191749516, "n_estimators": 243.12348105756962}, "datetime": {"datetime": "2021-09-28 07:49:44", "elapsed": 193.738759, "delta": 1.61894}}
{"target": -19.32193005120642, "params": {"eta": 0.3489306404367192, "max_depth": 25.12585008402265, "n_estimators": 284.91719179366936}, "datetime": {"datetime": "2021-09-28 07:49:45", "elapsed": 194.738145, "delta": 0.999386}}
{"target": -19.300131301719198, "params": {"eta": 0.16192862021664714, "max_depth": 26.372101410251002, "n_estimators": 296.4215498741192}, "datetime": {"datetime": "2021-09-28 07:49:46", "elapsed": 196.252474, "delta": 1.514329}}
{"target": -19.59989997213231, "params": {"eta": 0.5639950604545785, "max_depth": 6.119978348901607, "n_estimators": 223.73635346133662}, "datetime": {"datetime": "2021-09-28 07:49:47", "elapsed": 197.235674, "delta": 0.9832}}
{"target": -18.124172991662874, "params": {"eta": 0.2793337324704064, "max_depth": 24.809959862715555, "n_estimators": 229.87163660337816}, "datetime": {"datetime": "2021-09-28 07:49:49", "elapsed": 198.798289, "delta": 1.562615}}
{"target": -17.874300720615793, "params": {"eta": 0.2618109624719853, "max_depth": 22.514553948660502, "n_estimators": 289.2480478058384}, "datetime": {"datetime": "2021-09-28 07:49:50", "elapsed": 199.890882, "delta": 1.092593}}
{"target": -19.71772317925661, "params": {"eta": 0.5114798812825547, "max_depth": 26.269384765932436, "n_estimators": 275.61520889754775}, "datetime": {"datetime": "2021-09-28 07:49:51", "elapsed": 201.099558, "delta": 1.208676}}
{"target": -24.906357780676675, "params": {"eta": 0.3178654379016644, "max_depth": 1.3889616155858575, "n_estimators": 212.16669175268657}, "datetime": {"datetime": "2021-09-28 07:49:52", "elapsed": 201.963385, "delta": 0.863827}}
{"target": -18.759971827290943, "params": {"eta": 0.32363116696565997, "max_depth": 18.96706030958001, "n_estimators": 263.2927080539853}, "datetime": {"datetime": "2021-09-28 07:49:53", "elapsed": 203.307113, "delta": 1.343728}}
{"target": -18.843074664628716, "params": {"eta": 0.11217970800024721, "max_depth": 18.529080079171376, "n_estimators": 253.22217981903088}, "datetime": {"datetime": "2021-09-28 07:49:55", "elapsed": 205.265872, "delta": 1.958759}}
{"target": -22.868887247976442, "params": {"eta": 0.5867951946725657, "max_depth": 7.961391998297487, "n_estimators": 266.62732993833}, "datetime": {"datetime": "2021-09-28 07:49:56", "elapsed": 206.219471, "delta": 0.953599}}
{"target": -22.414618434249935, "params": {"eta": 0.5959125907944286, "max_depth": 8.117942000301454, "n_estimators": 244.32755041262337}, "datetime": {"datetime": "2021-09-28 07:49:57", "elapsed": 207.473493, "delta": 1.254022}}
{"target": -18.95396468154433, "params": {"eta": 0.00841522588278132, "max_depth": 4.535927106989648, "n_estimators": 249.08838516070995}, "datetime": {"datetime": "2021-09-28 07:49:58", "elapsed": 208.570149, "delta": 1.096656}}
{"target": -19.114259708694327, "params": {"eta": 0.08800316749910742, "max_depth": 9.873144755900775, "n_estimators": 292.5191146714932}, "datetime": {"datetime": "2021-09-28 07:50:00", "elapsed": 210.472332, "delta": 1.902183}}
{"target": -17.76034502742493, "params": {"eta": 0.43195053953466234, "max_depth": 12.620329091118617, "n_estimators": 230.0941627108353}, "datetime": {"datetime": "2021-09-28 07:50:02", "elapsed": 212.106758, "delta": 1.634426}}
{"target": -21.003347867878926, "params": {"eta": 0.29766883730953525, "max_depth": 2.222617077029312, "n_estimators": 259.54427682841964}, "datetime": {"datetime": "2021-09-28 07:50:03", "elapsed": 212.915136, "delta": 0.808378}}
{"target": -16.488539914095078, "params": {"eta": 0.42167644163717366, "max_depth": 9.902608533092073, "n_estimators": 213.06876763024755}, "datetime": {"datetime": "2021-09-28 07:50:04", "elapsed": 214.130304, "delta": 1.215168}}
{"target": -18.433724010701464, "params": {"eta": 0.30352185493743733, "max_depth": 7.31484916836805, "n_estimators": 225.36380464862853}, "datetime": {"datetime": "2021-09-28 07:50:05", "elapsed": 215.197124, "delta": 1.06682}}
{"target": -19.164785268970057, "params": {"eta": 0.24851834240905224, "max_depth": 18.888562369023497, "n_estimators": 227.98676419462743}, "datetime": {"datetime": "2021-09-28 07:50:07", "elapsed": 216.691834, "delta": 1.49471}}
{"target": -18.3968802382722, "params": {"eta": 0.15992788607230693, "max_depth": 21.066219590704225, "n_estimators": 273.5567123768974}, "datetime": {"datetime": "2021-09-28 07:50:08", "elapsed": 218.267353, "delta": 1.575519}}
{"target": -17.004447346083314, "params": {"eta": 0.14671178798090292, "max_depth": 7.795655226005451, "n_estimators": 264.3234662078866}, "datetime": {"datetime": "2021-09-28 07:50:10", "elapsed": 219.873602, "delta": 1.606249}}
{"target": -21.869269321276704, "params": {"eta": 0.5954916157677882, "max_depth": 6.583006340894969, "n_estimators": 252.73308057386822}, "datetime": {"datetime": "2021-09-28 07:50:11", "elapsed": 221.569772, "delta": 1.69617}}
{"target": -18.8782926438513, "params": {"eta": 0.35887397623201284, "max_depth": 24.98057261221004, "n_estimators": 233.33492804579092}, "datetime": {"datetime": "2021-09-28 07:50:12", "elapsed": 222.512529, "delta": 0.942757}}
{"target": -18.457412521410372, "params": {"eta": 0.37146934460287534, "max_depth": 7.7698515358853575, "n_estimators": 213.66174213458345}, "datetime": {"datetime": "2021-09-28 07:50:14", "elapsed": 223.736454, "delta": 1.223925}}
{"target": -18.56546697162539, "params": {"eta": 0.2357018283463558, "max_depth": 9.960741217764072, "n_estimators": 225.5351508533181}, "datetime": {"datetime": "2021-09-28 07:50:15", "elapsed": 224.887993, "delta": 1.151539}}
{"target": -19.200534568593266, "params": {"eta": 0.2587697591280635, "max_depth": 5.194754627254825, "n_estimators": 283.7990528994519}, "datetime": {"datetime": "2021-09-28 07:50:16", "elapsed": 226.095265, "delta": 1.207272}}
{"target": -18.759247578482103, "params": {"eta": 0.29612884374798554, "max_depth": 25.16995655953495, "n_estimators": 297.7699727274853}, "datetime": {"datetime": "2021-09-28 07:50:18", "elapsed": 227.755073, "delta": 1.659808}}
{"target": -20.935736229393346, "params": {"eta": 0.5103367597343936, "max_depth": 5.281349544590476, "n_estimators": 247.5086592472552}, "datetime": {"datetime": "2021-09-28 07:50:19", "elapsed": 229.003285, "delta": 1.248212}}
{"target": -18.066419858717406, "params": {"eta": 0.03719238414760337, "max_depth": 17.19608184207773, "n_estimators": 259.0748323502251}, "datetime": {"datetime": "2021-09-28 07:50:22", "elapsed": 232.49574, "delta": 3.492455}}
