{"target": -48.987602855031696, "params": {"eta": 0.20819816051452872, "max_depth": 5.155494941281079, "n_estimators": 3.1864880094881984}, "datetime": {"datetime": "2021-09-27 21:17:11", "elapsed": 589.921472, "delta": 1.851283}}
{"target": -20.1932469783594, "params": {"eta": 0.5240963964486073, "max_depth": 10.214629577578021, "n_estimators": 24.34675173084728}, "datetime": {"datetime": "2021-09-27 21:17:13", "elapsed": 591.917222, "delta": 1.99575}}
{"target": -16.15237711744366, "params": {"eta": 0.15272699708648033, "max_depth": 13.49885402800347, "n_estimators": 55.56356483000027}, "datetime": {"datetime": "2021-09-27 21:17:17", "elapsed": 595.64921, "delta": 3.731988}}
{"target": -18.98630154300831, "params": {"eta": 0.4498349611422818, "max_depth": 22.55097191944198, "n_estimators": 88.47115566144417}, "datetime": {"datetime": "2021-09-27 21:17:19", "elapsed": 597.868628, "delta": 2.219418}}
{"target": -27.712236457968675, "params": {"eta": 0.9479974856770309, "max_depth": 25.003723930232344, "n_estimators": 52.875888858818435}, "datetime": {"datetime": "2021-09-27 21:17:22", "elapsed": 601.035136, "delta": 3.166508}}
{"target": -23.089298886765206, "params": {"eta": 0.042677109596087844, "max_depth": 27.901734527714492, "n_estimators": 38.7144517907125}, "datetime": {"datetime": "2021-09-27 21:17:25", "elapsed": 604.304644, "delta": 3.269508}}
{"target": -20.07836138620645, "params": {"eta": 0.48776051747262555, "max_depth": 24.813544844957036, "n_estimators": 44.38476508933041}, "datetime": {"datetime": "2021-09-27 21:17:30", "elapsed": 608.428517, "delta": 4.123873}}
{"target": -27.28903546045474, "params": {"eta": 0.9933696638606346, "max_depth": 20.503304188322748, "n_estimators": 20.21133523799116}, "datetime": {"datetime": "2021-09-27 21:17:32", "elapsed": 610.651822, "delta": 2.223305}}
{"target": -24.22896732012144, "params": {"eta": 0.8755519680725622, "max_depth": 25.384058990232944, "n_estimators": 44.31908939348253}, "datetime": {"datetime": "2021-09-27 21:17:36", "elapsed": 615.239153, "delta": 4.587331}}
{"target": -22.674131283049412, "params": {"eta": 0.7862378031078598, "max_depth": 6.3909798167740925, "n_estimators": 6.025660367376197}, "datetime": {"datetime": "2021-09-27 21:17:39", "elapsed": 617.659747, "delta": 2.420594}}
{"target": -16.53762306528516, "params": {"eta": 0.08743973292855196, "max_depth": 27.70904663789776, "n_estimators": 95.3092822229925}, "datetime": {"datetime": "2021-09-27 21:17:43", "elapsed": 621.841436, "delta": 4.181689}}
{"target": -19.56098129718447, "params": {"eta": 0.5473824256878875, "max_depth": 26.611341473429093, "n_estimators": 43.904614890046375}, "datetime": {"datetime": "2021-09-27 21:17:48", "elapsed": 626.619573, "delta": 4.778137}}
{"target": -22.967310804420816, "params": {"eta": 0.7438447403651447, "max_depth": 23.594430370594978, "n_estimators": 42.56123469224794}, "datetime": {"datetime": "2021-09-27 21:17:52", "elapsed": 630.564393, "delta": 3.94482}}
{"target": -25.954037279516946, "params": {"eta": 0.8549865332632156, "max_depth": 14.769942501376566, "n_estimators": 54.315002808259216}, "datetime": {"datetime": "2021-09-27 21:17:55", "elapsed": 633.465698, "delta": 2.901305}}
{"target": -54.94942264028629, "params": {"eta": 0.03993455771356748, "max_depth": 1.8136485261883006, "n_estimators": 14.895417232247171}, "datetime": {"datetime": "2021-09-27 21:17:57", "elapsed": 635.354438, "delta": 1.88874}}
{"target": -21.909610805956053, "params": {"eta": 0.6382796721257992, "max_depth": 23.131091194150628, "n_estimators": 52.71750636288768}, "datetime": {"datetime": "2021-09-27 21:18:00", "elapsed": 639.014721, "delta": 3.660283}}
{"target": -83.11522663940154, "params": {"eta": 0.0038257039945235696, "max_depth": 24.050742763209858, "n_estimators": 42.44102857118887}, "datetime": {"datetime": "2021-09-27 21:18:04", "elapsed": 642.729034, "delta": 3.714313}}
{"target": -21.00221056203189, "params": {"eta": 0.15171912334456206, "max_depth": 24.007248810030305, "n_estimators": 11.92860125087056}, "datetime": {"datetime": "2021-09-27 21:18:06", "elapsed": 644.729759, "delta": 2.000725}}
{"target": -21.77736625907793, "params": {"eta": 0.639613916763985, "max_depth": 24.402251964931214, "n_estimators": 43.389073749194374}, "datetime": {"datetime": "2021-09-27 21:18:10", "elapsed": 648.428174, "delta": 3.698415}}
{"target": -17.987599950283187, "params": {"eta": 0.4941283824886149, "max_depth": 3.402367122032871, "n_estimators": 84.09947793686855}, "datetime": {"datetime": "2021-09-27 21:18:14", "elapsed": 652.345963, "delta": 3.917789}}
{"target": -15.80059187829087, "params": {"eta": 0.05372325021670902, "max_depth": 6.789857385196784, "n_estimators": 61.176328579623906}, "datetime": {"datetime": "2021-09-27 21:18:16", "elapsed": 654.777195, "delta": 2.431232}}
{"target": -17.54853825985839, "params": {"eta": 0.18937224390585822, "max_depth": 24.91335423653625, "n_estimators": 43.15729338207765}, "datetime": {"datetime": "2021-09-27 21:18:21", "elapsed": 659.451362, "delta": 4.674167}}
{"target": -21.115097127987152, "params": {"eta": 0.14832752705181035, "max_depth": 2.797236063031802, "n_estimators": 84.94300707579865}, "datetime": {"datetime": "2021-09-27 21:18:24", "elapsed": 662.835658, "delta": 3.384296}}
{"target": -16.83362098448812, "params": {"eta": 0.08969865643908725, "max_depth": 5.494269059074189, "n_estimators": 85.85071160044552}, "datetime": {"datetime": "2021-09-27 21:18:28", "elapsed": 667.243234, "delta": 4.407576}}
{"target": -92.93677398510441, "params": {"eta": 0.001, "max_depth": 25.404526339245262, "n_estimators": 48.12678384248135}, "datetime": {"datetime": "2021-09-27 21:18:34", "elapsed": 672.793973, "delta": 5.550739}}
{"target": -24.83070622325106, "params": {"eta": 0.9123264918264757, "max_depth": 25.16908882116595, "n_estimators": 48.73106012031872}, "datetime": {"datetime": "2021-09-27 21:18:37", "elapsed": 675.73412, "delta": 2.940147}}
{"target": -15.568812933233167, "params": {"eta": 0.1432215991766952, "max_depth": 25.42919861983796, "n_estimators": 49.1757974492436}, "datetime": {"datetime": "2021-09-27 21:18:40", "elapsed": 679.276288, "delta": 3.542168}}
{"target": -27.513582226453103, "params": {"eta": 0.9146816205648103, "max_depth": 10.752982852547674, "n_estimators": 17.016778739374836}, "datetime": {"datetime": "2021-09-27 21:18:43", "elapsed": 681.77314, "delta": 2.496852}}
{"target": -17.017078073923138, "params": {"eta": 0.5836651301259866, "max_depth": 3.673897278008127, "n_estimators": 29.79222389833857}, "datetime": {"datetime": "2021-09-27 21:18:45", "elapsed": 684.207601, "delta": 2.434461}}
{"target": -16.23152979962869, "params": {"eta": 0.19051730293139382, "max_depth": 24.528745208096534, "n_estimators": 47.37724295192858}, "datetime": {"datetime": "2021-09-27 21:18:51", "elapsed": 689.788375, "delta": 5.580774}}
{"target": -88.351069457281, "params": {"eta": 0.002305460923287283, "max_depth": 23.520588501173705, "n_estimators": 43.29380954026532}, "datetime": {"datetime": "2021-09-27 21:18:56", "elapsed": 694.618234, "delta": 4.829859}}
{"target": -21.94405802956739, "params": {"eta": 0.621297626549282, "max_depth": 23.16829605212283, "n_estimators": 43.78087820471894}, "datetime": {"datetime": "2021-09-27 21:18:59", "elapsed": 697.654531, "delta": 3.036297}}
{"target": -18.2724581942508, "params": {"eta": 0.30485762921258897, "max_depth": 13.703750637954217, "n_estimators": 54.64174599889751}, "datetime": {"datetime": "2021-09-27 21:19:02", "elapsed": 701.198864, "delta": 3.544333}}
{"target": -18.560572977959282, "params": {"eta": 0.4639091961003074, "max_depth": 24.110082099642643, "n_estimators": 43.63975026036928}, "datetime": {"datetime": "2021-09-27 21:19:06", "elapsed": 704.764463, "delta": 3.565599}}
{"target": -19.670881577716298, "params": {"eta": 0.5545609926975583, "max_depth": 25.569100323014638, "n_estimators": 48.97988655330911}, "datetime": {"datetime": "2021-09-27 21:19:09", "elapsed": 708.018373, "delta": 3.25391}}
{"target": -19.505413130289735, "params": {"eta": 0.50806662619323, "max_depth": 24.745833245116852, "n_estimators": 47.86065245237314}, "datetime": {"datetime": "2021-09-27 21:19:13", "elapsed": 712.067296, "delta": 4.048923}}
{"target": -87.58379696093093, "params": {"eta": 0.0022027302344395927, "max_depth": 21.429751014576745, "n_estimators": 49.36249132274199}, "datetime": {"datetime": "2021-09-27 21:19:17", "elapsed": 716.256152, "delta": 4.188856}}
{"target": -18.146759651814815, "params": {"eta": 0.20451558213663804, "max_depth": 3.8894354495997985, "n_estimators": 83.44097416332531}, "datetime": {"datetime": "2021-09-27 21:19:21", "elapsed": 719.809949, "delta": 3.553797}}
{"target": -17.3224958884263, "params": {"eta": 0.371776243627179, "max_depth": 22.212964219409663, "n_estimators": 49.21824269861043}, "datetime": {"datetime": "2021-09-27 21:19:25", "elapsed": 723.332198, "delta": 3.522249}}
{"target": -16.640411824235247, "params": {"eta": 0.16609519299582748, "max_depth": 27.053831423516666, "n_estimators": 95.11784310937888}, "datetime": {"datetime": "2021-09-27 21:19:29", "elapsed": 727.996664, "delta": 4.664466}}
{"target": -16.284762351428103, "params": {"eta": 0.04678211476656754, "max_depth": 15.653967054587069, "n_estimators": 56.97078590186505}, "datetime": {"datetime": "2021-09-27 21:19:34", "elapsed": 732.755219, "delta": 4.758555}}
{"target": -16.97179912017173, "params": {"eta": 0.1694164303887825, "max_depth": 24.425376171917414, "n_estimators": 43.4835797416375}, "datetime": {"datetime": "2021-09-27 21:19:37", "elapsed": 736.016363, "delta": 3.261144}}
{"target": -18.489896994607708, "params": {"eta": 0.03901760995778726, "max_depth": 13.114344513859729, "n_estimators": 53.66268564871595}, "datetime": {"datetime": "2021-09-27 21:19:42", "elapsed": 740.533796, "delta": 4.517433}}
{"target": -18.741685143835795, "params": {"eta": 0.723182606935184, "max_depth": 3.9771777820620144, "n_estimators": 84.04244597715984}, "datetime": {"datetime": "2021-09-27 21:19:45", "elapsed": 744.180336, "delta": 3.64654}}
{"target": -54.071247987189416, "params": {"eta": 0.00666763548556188, "max_depth": 17.23103310046592, "n_estimators": 90.86903104975275}, "datetime": {"datetime": "2021-09-27 21:19:48", "elapsed": 746.951677, "delta": 2.771341}}
{"target": -17.64205802984794, "params": {"eta": 0.255873394468505, "max_depth": 5.9956405575834815, "n_estimators": 48.87915277714232}, "datetime": {"datetime": "2021-09-27 21:19:51", "elapsed": 749.616597, "delta": 2.66492}}
{"target": -23.802180435266262, "params": {"eta": 0.802360708633703, "max_depth": 21.800316111180035, "n_estimators": 49.44008244683984}, "datetime": {"datetime": "2021-09-27 21:19:54", "elapsed": 753.165958, "delta": 3.549361}}
{"target": -17.136509675373695, "params": {"eta": 0.28061682013458883, "max_depth": 4.8350736818621005, "n_estimators": 83.32394220775797}, "datetime": {"datetime": "2021-09-27 21:19:59", "elapsed": 758.02406, "delta": 4.858102}}
{"target": -16.973443504070097, "params": {"eta": 0.3583967904559582, "max_depth": 14.242518541971297, "n_estimators": 54.257688298628935}, "datetime": {"datetime": "2021-09-27 21:20:04", "elapsed": 762.539341, "delta": 4.515281}}
{"target": -20.88887753331936, "params": {"eta": 0.5138742811644392, "max_depth": 4.288320709158784, "n_estimators": 87.46029171083349}, "datetime": {"datetime": "2021-09-27 21:20:07", "elapsed": 765.504913, "delta": 2.965572}}
{"target": -15.99985084476527, "params": {"eta": 0.0831826179570086, "max_depth": 17.589419274958093, "n_estimators": 99.87260313146335}, "datetime": {"datetime": "2021-09-27 21:20:11", "elapsed": 769.410853, "delta": 3.90594}}
{"target": -16.88785158108249, "params": {"eta": 0.23910278344813968, "max_depth": 13.748294308031271, "n_estimators": 53.91364226320555}, "datetime": {"datetime": "2021-09-27 21:20:15", "elapsed": 774.200686, "delta": 4.789833}}
{"target": -27.037945350317262, "params": {"eta": 0.02981336909071823, "max_depth": 24.596197877895506, "n_estimators": 47.87844255580559}, "datetime": {"datetime": "2021-09-27 21:20:21", "elapsed": 779.396816, "delta": 5.19613}}
{"target": -16.833070414886993, "params": {"eta": 0.5800603563829209, "max_depth": 3.124746716490603, "n_estimators": 86.20622382908185}, "datetime": {"datetime": "2021-09-27 21:20:26", "elapsed": 784.563427, "delta": 5.166611}}
{"target": -17.558296401924324, "params": {"eta": 0.29880697011363827, "max_depth": 21.159855183084968, "n_estimators": 48.662517518709585}, "datetime": {"datetime": "2021-09-27 21:20:33", "elapsed": 791.329766, "delta": 6.766339}}
{"target": -15.607316382199562, "params": {"eta": 0.08639592620085851, "max_depth": 22.2030806585779, "n_estimators": 48.77792617645719}, "datetime": {"datetime": "2021-09-27 21:20:37", "elapsed": 795.925318, "delta": 4.595552}}
{"target": -24.02182957041844, "params": {"eta": 0.10154417073471768, "max_depth": 5.907496015551017, "n_estimators": 15.442017060705645}, "datetime": {"datetime": "2021-09-27 21:20:39", "elapsed": 798.282173, "delta": 2.356855}}
{"target": -92.0338542417998, "params": {"eta": 0.002064355307779396, "max_depth": 10.094877045128174, "n_estimators": 28.105451961108685}, "datetime": {"datetime": "2021-09-27 21:20:42", "elapsed": 800.963, "delta": 2.680827}}
{"target": -18.415839494861235, "params": {"eta": 0.48023803795243697, "max_depth": 25.0059979499373, "n_estimators": 47.2605615604901}, "datetime": {"datetime": "2021-09-27 21:20:45", "elapsed": 804.000918, "delta": 3.037918}}
{"target": -16.791977129878976, "params": {"eta": 0.21953753208306856, "max_depth": 12.872698668988034, "n_estimators": 54.658116324643096}, "datetime": {"datetime": "2021-09-27 21:20:50", "elapsed": 809.024976, "delta": 5.024058}}
{"target": -22.37571171455321, "params": {"eta": 0.845235210407263, "max_depth": 3.6169834254261737, "n_estimators": 22.14189081858269}, "datetime": {"datetime": "2021-09-27 21:20:53", "elapsed": 811.579067, "delta": 2.554091}}
{"target": -16.919848440512688, "params": {"eta": 0.3589176481568535, "max_depth": 20.478670771216965, "n_estimators": 49.25152615246974}, "datetime": {"datetime": "2021-09-27 21:20:57", "elapsed": 816.217418, "delta": 4.638351}}
{"target": -22.3355560563517, "params": {"eta": 0.4572412742785177, "max_depth": 1.6651429459343596, "n_estimators": 89.29816582059598}, "datetime": {"datetime": "2021-09-27 21:21:00", "elapsed": 819.206172, "delta": 2.988754}}
{"target": -15.597844989394929, "params": {"eta": 0.20720697428567958, "max_depth": 17.393182727380168, "n_estimators": 65.49898377869553}, "datetime": {"datetime": "2021-09-27 21:21:04", "elapsed": 822.340777, "delta": 3.134605}}
{"target": -17.346604752920854, "params": {"eta": 0.18377406822578937, "max_depth": 16.767978858873636, "n_estimators": 40.520597326451785}, "datetime": {"datetime": "2021-09-27 21:21:07", "elapsed": 825.680708, "delta": 3.339931}}
{"target": -16.99546781770757, "params": {"eta": 0.34353654001843115, "max_depth": 24.7357666403254, "n_estimators": 16.874378823970652}, "datetime": {"datetime": "2021-09-27 21:21:10", "elapsed": 828.629039, "delta": 2.948331}}
{"target": -17.885833872967087, "params": {"eta": 0.2603803351563723, "max_depth": 4.159047973959836, "n_estimators": 82.42424803743319}, "datetime": {"datetime": "2021-09-27 21:21:14", "elapsed": 832.473382, "delta": 3.844343}}
{"target": -17.185427251547463, "params": {"eta": 0.1892610766701122, "max_depth": 27.916147958282657, "n_estimators": 94.87863061853434}, "datetime": {"datetime": "2021-09-27 21:21:19", "elapsed": 838.291552, "delta": 5.81817}}
{"target": -16.33491246060199, "params": {"eta": 0.18489707925966672, "max_depth": 23.662569137352875, "n_estimators": 44.050196515847354}, "datetime": {"datetime": "2021-09-27 21:21:24", "elapsed": 842.38926, "delta": 4.097708}}
{"target": -16.74513965837237, "params": {"eta": 0.0959089747647267, "max_depth": 5.89199367139834, "n_estimators": 85.2929119109459}, "datetime": {"datetime": "2021-09-27 21:21:27", "elapsed": 846.090098, "delta": 3.700838}}
{"target": -20.853869921119983, "params": {"eta": 0.5952724435005011, "max_depth": 20.8456769248149, "n_estimators": 24.552541197604715}, "datetime": {"datetime": "2021-09-27 21:21:31", "elapsed": 850.248513, "delta": 4.158415}}
{"target": -18.739103598954802, "params": {"eta": 0.4569652750427458, "max_depth": 23.838922834717867, "n_estimators": 42.94979946800242}, "datetime": {"datetime": "2021-09-27 21:21:35", "elapsed": 854.19263, "delta": 3.944117}}
{"target": -17.625369678422796, "params": {"eta": 0.27158180316604147, "max_depth": 16.078246534052738, "n_estimators": 56.3685953006549}, "datetime": {"datetime": "2021-09-27 21:21:42", "elapsed": 860.426417, "delta": 6.233787}}
{"target": -68.97463968885236, "params": {"eta": 0.15937335657468787, "max_depth": 24.274888300080487, "n_estimators": 2.522152081039974}, "datetime": {"datetime": "2021-09-27 21:21:44", "elapsed": 863.099505, "delta": 2.673088}}
{"target": -15.787212515446683, "params": {"eta": 0.08015891296741341, "max_depth": 11.99332684892364, "n_estimators": 93.94251569973137}, "datetime": {"datetime": "2021-09-27 21:21:48", "elapsed": 866.770907, "delta": 3.671402}}
{"target": -17.253543184389248, "params": {"eta": 0.31714679642527716, "max_depth": 4.979969947266535, "n_estimators": 81.7270673721641}, "datetime": {"datetime": "2021-09-27 21:21:54", "elapsed": 872.637345, "delta": 5.866438}}
{"target": -16.92919537268316, "params": {"eta": 0.3692237290072494, "max_depth": 20.454179661521028, "n_estimators": 29.297381527668495}, "datetime": {"datetime": "2021-09-27 21:21:57", "elapsed": 875.894735, "delta": 3.25739}}
{"target": -16.483369255256054, "params": {"eta": 0.3740527513535176, "max_depth": 28.884356846315107, "n_estimators": 19.959850391891006}, "datetime": {"datetime": "2021-09-27 21:22:00", "elapsed": 878.918203, "delta": 3.023468}}
{"target": -17.005753256470392, "params": {"eta": 0.13063033725267956, "max_depth": 6.611184069816897, "n_estimators": 80.6925077279779}, "datetime": {"datetime": "2021-09-27 21:22:06", "elapsed": 884.629672, "delta": 5.711469}}
{"target": -18.08783934759329, "params": {"eta": 0.026059207849443114, "max_depth": 4.052614173804224, "n_estimators": 86.3664456441426}, "datetime": {"datetime": "2021-09-27 21:22:10", "elapsed": 888.60792, "delta": 3.978248}}
{"target": -17.267673650949984, "params": {"eta": 0.42947760909977245, "max_depth": 4.965061490863619, "n_estimators": 85.48664726290484}, "datetime": {"datetime": "2021-09-27 21:22:14", "elapsed": 892.945601, "delta": 4.337681}}
{"target": -16.748518182931416, "params": {"eta": 0.12349509024497145, "max_depth": 23.210205288825893, "n_estimators": 44.16304578411293}, "datetime": {"datetime": "2021-09-27 21:22:19", "elapsed": 898.189521, "delta": 5.24392}}
{"target": -19.581542990159413, "params": {"eta": 0.5335607383073674, "max_depth": 5.351900855208431, "n_estimators": 84.89717063730565}, "datetime": {"datetime": "2021-09-27 21:22:24", "elapsed": 902.397432, "delta": 4.207911}}
{"target": -20.042496054695885, "params": {"eta": 0.5061256040656923, "max_depth": 8.866789685153686, "n_estimators": 80.57340732236462}, "datetime": {"datetime": "2021-09-27 21:22:27", "elapsed": 905.406784, "delta": 3.009352}}
{"target": -18.041434673709833, "params": {"eta": 0.47381785339223403, "max_depth": 20.599700521131926, "n_estimators": 49.85788392038873}, "datetime": {"datetime": "2021-09-27 21:22:32", "elapsed": 910.661806, "delta": 5.255022}}
{"target": -16.166185273394348, "params": {"eta": 0.08945597495555992, "max_depth": 13.114389140082862, "n_estimators": 69.98575895197355}, "datetime": {"datetime": "2021-09-27 21:22:35", "elapsed": 914.218945, "delta": 3.557139}}
{"target": -20.613466051003268, "params": {"eta": 0.5970000944203472, "max_depth": 29.639506632833275, "n_estimators": 45.61411596122881}, "datetime": {"datetime": "2021-09-27 21:22:43", "elapsed": 921.376833, "delta": 7.157888}}
{"target": -21.600351205051386, "params": {"eta": 0.57914537098162, "max_depth": 19.67352865472398, "n_estimators": 24.996824926547163}, "datetime": {"datetime": "2021-09-27 21:22:48", "elapsed": 926.564748, "delta": 5.187915}}
{"target": -16.072354404236926, "params": {"eta": 0.15622644609878658, "max_depth": 7.5873713080535525, "n_estimators": 80.02805986354518}, "datetime": {"datetime": "2021-09-27 21:22:56", "elapsed": 934.84539, "delta": 8.280642}}
{"target": -18.735307808488912, "params": {"eta": 0.061520934868458596, "max_depth": 3.510091083076193, "n_estimators": 87.22746281886985}, "datetime": {"datetime": "2021-09-27 21:23:02", "elapsed": 941.191396, "delta": 6.346006}}
{"target": -16.281314511220167, "params": {"eta": 0.3195015790553114, "max_depth": 11.079182456014088, "n_estimators": 27.849709096931193}, "datetime": {"datetime": "2021-09-27 21:23:05", "elapsed": 944.266662, "delta": 3.075266}}
{"target": -22.695907306753856, "params": {"eta": 0.6807198413863585, "max_depth": 26.79266456427148, "n_estimators": 36.410069331001544}, "datetime": {"datetime": "2021-09-27 21:23:09", "elapsed": 947.765145, "delta": 3.498483}}
{"target": -17.813650326147112, "params": {"eta": 0.2463120839270268, "max_depth": 3.0224670060922447, "n_estimators": 86.7354420142687}, "datetime": {"datetime": "2021-09-27 21:23:14", "elapsed": 953.248321, "delta": 5.483176}}
{"target": -25.890842212511394, "params": {"eta": 0.9595648726617125, "max_depth": 29.70128148122499, "n_estimators": 44.511161032798256}, "datetime": {"datetime": "2021-09-27 21:23:18", "elapsed": 956.523164, "delta": 3.274843}}
{"target": -32.312389582060405, "params": {"eta": 0.02502017706524774, "max_depth": 25.058385537389764, "n_estimators": 47.38075457613823}, "datetime": {"datetime": "2021-09-27 21:23:23", "elapsed": 961.893957, "delta": 5.370793}}
