{"target": -34.07699152566409, "params": {"eta": 0.05739843795931893, "max_depth": 29.444985179149995, "n_estimators": 19.4956692667398}, "datetime": {"datetime": "2021-09-28 08:33:23", "elapsed": 677.723725, "delta": 2.429693}}
{"target": -83.7185936894237, "params": {"eta": 0.008, "max_depth": 28.910497433257795, "n_estimators": 19.377798291677745}, "datetime": {"datetime": "2021-09-28 08:33:25", "elapsed": 679.516317, "delta": 1.792592}}
{"target": -17.713699408280874, "params": {"eta": 0.3617400412776507, "max_depth": 26.55598389353026, "n_estimators": 12.875558978046136}, "datetime": {"datetime": "2021-09-28 08:33:26", "elapsed": 681.06663, "delta": 1.550313}}
{"target": -19.924021357805263, "params": {"eta": 0.5630862880357645, "max_depth": 29.00777967298623, "n_estimators": 19.344984840012106}, "datetime": {"datetime": "2021-09-28 08:33:29", "elapsed": 683.832757, "delta": 2.766127}}
{"target": -17.770194911190707, "params": {"eta": 0.3977166560992308, "max_depth": 28.803201949189397, "n_estimators": 19.035212550724744}, "datetime": {"datetime": "2021-09-28 08:33:32", "elapsed": 686.333335, "delta": 2.500578}}
{"target": -20.06259336665746, "params": {"eta": 0.49263203800024125, "max_depth": 26.206410460172304, "n_estimators": 15.57390205221984}, "datetime": {"datetime": "2021-09-28 08:33:34", "elapsed": 688.160447, "delta": 1.827112}}
{"target": -54.264311077489936, "params": {"eta": 0.03269879997131381, "max_depth": 29.370543532549274, "n_estimators": 18.94758777494615}, "datetime": {"datetime": "2021-09-28 08:33:36", "elapsed": 690.88234, "delta": 2.721893}}
{"target": -23.936174993564805, "params": {"eta": 0.5946463833855246, "max_depth": 26.282859353405804, "n_estimators": 15.170037567689949}, "datetime": {"datetime": "2021-09-28 08:33:40", "elapsed": 694.203158, "delta": 3.320818}}
{"target": -18.913831963864492, "params": {"eta": 0.2964575364807761, "max_depth": 29.001300679122195, "n_estimators": 19.980214858773316}, "datetime": {"datetime": "2021-09-28 08:33:42", "elapsed": 696.772581, "delta": 2.569423}}
{"target": -17.80516961550717, "params": {"eta": 0.3069208946248782, "max_depth": 32.79380258867624, "n_estimators": 12.151878182096095}, "datetime": {"datetime": "2021-09-28 08:33:44", "elapsed": 698.558777, "delta": 1.786196}}
{"target": -18.242225362931038, "params": {"eta": 0.33463438418672753, "max_depth": 33.082602533787124, "n_estimators": 12.179324446812405}, "datetime": {"datetime": "2021-09-28 08:33:47", "elapsed": 701.651832, "delta": 3.093055}}
{"target": -19.798363453101377, "params": {"eta": 0.5489060727914481, "max_depth": 32.75575580604273, "n_estimators": 12.317645146337421}, "datetime": {"datetime": "2021-09-28 08:33:50", "elapsed": 704.143836, "delta": 2.492004}}
{"target": -19.075191527238648, "params": {"eta": 0.30296956051160906, "max_depth": 32.75698707532813, "n_estimators": 18.054801171212386}, "datetime": {"datetime": "2021-09-28 08:33:51", "elapsed": 705.864444, "delta": 1.720608}}
{"target": -17.679146299373592, "params": {"eta": 0.38396787513863373, "max_depth": 26.49757567956134, "n_estimators": 12.542816640511841}, "datetime": {"datetime": "2021-09-28 08:33:54", "elapsed": 708.324536, "delta": 2.460092}}
{"target": -18.321283403651385, "params": {"eta": 0.28140305557131184, "max_depth": 30.77835567548216, "n_estimators": 15.828347110763943}, "datetime": {"datetime": "2021-09-28 08:33:56", "elapsed": 710.870859, "delta": 2.546323}}
{"target": -67.98899053206586, "params": {"eta": 0.020026434879725705, "max_depth": 28.852915948885734, "n_estimators": 18.81296941520381}, "datetime": {"datetime": "2021-09-28 08:33:59", "elapsed": 713.476421, "delta": 2.605562}}
{"target": -17.638523847444823, "params": {"eta": 0.16543235511507565, "max_depth": 31.029457516988092, "n_estimators": 16.90446496458137}, "datetime": {"datetime": "2021-09-28 08:34:01", "elapsed": 715.112108, "delta": 1.635687}}
{"target": -18.03611197950508, "params": {"eta": 0.2365507009105152, "max_depth": 28.36699778351901, "n_estimators": 19.14648840731465}, "datetime": {"datetime": "2021-09-28 08:34:03", "elapsed": 717.461421, "delta": 2.349313}}
{"target": -16.757615405693276, "params": {"eta": 0.19560817294913102, "max_depth": 31.183786688482265, "n_estimators": 17.307865772229253}, "datetime": {"datetime": "2021-09-28 08:34:05", "elapsed": 719.676573, "delta": 2.215152}}
{"target": -17.256790377824927, "params": {"eta": 0.429681096349368, "max_depth": 29.21441462338218, "n_estimators": 16.501341376774423}, "datetime": {"datetime": "2021-09-28 08:34:07", "elapsed": 721.374838, "delta": 1.698265}}
{"target": -17.122995953353172, "params": {"eta": 0.4270643170673992, "max_depth": 31.188989100575625, "n_estimators": 16.9058092523319}, "datetime": {"datetime": "2021-09-28 08:34:10", "elapsed": 724.331259, "delta": 2.956421}}
{"target": -18.30424156545234, "params": {"eta": 0.3768446048793915, "max_depth": 30.919825687375933, "n_estimators": 16.612673860649075}, "datetime": {"datetime": "2021-09-28 08:34:13", "elapsed": 727.738258, "delta": 3.406999}}
{"target": -17.306068800347052, "params": {"eta": 0.15559112819737778, "max_depth": 31.190396131769123, "n_estimators": 16.673224467248566}, "datetime": {"datetime": "2021-09-28 08:34:16", "elapsed": 730.645243, "delta": 2.906985}}
{"target": -17.758788065900692, "params": {"eta": 0.4292669156159424, "max_depth": 34.373309511124965, "n_estimators": 12.002639272162847}, "datetime": {"datetime": "2021-09-28 08:34:18", "elapsed": 732.478203, "delta": 1.83296}}
{"target": -16.98597006822313, "params": {"eta": 0.4683500182812397, "max_depth": 30.8482867259662, "n_estimators": 16.91643095205512}, "datetime": {"datetime": "2021-09-28 08:34:21", "elapsed": 735.80323, "delta": 3.325027}}
{"target": -17.378231610173163, "params": {"eta": 0.31221355813271506, "max_depth": 31.47515881654138, "n_estimators": 16.73444813987592}, "datetime": {"datetime": "2021-09-28 08:34:25", "elapsed": 739.276513, "delta": 3.473283}}
{"target": -24.10725953488961, "params": {"eta": 0.5959776567552715, "max_depth": 29.011298359835962, "n_estimators": 18.799345259324078}, "datetime": {"datetime": "2021-09-28 08:34:27", "elapsed": 741.803417, "delta": 2.526904}}
{"target": -19.91125185039971, "params": {"eta": 0.5196990399331752, "max_depth": 31.159756328555442, "n_estimators": 16.86967373683796}, "datetime": {"datetime": "2021-09-28 08:34:29", "elapsed": 743.733663, "delta": 1.930246}}
{"target": -17.866659049679086, "params": {"eta": 0.2584159170994888, "max_depth": 28.423144674322444, "n_estimators": 13.586437424893248}, "datetime": {"datetime": "2021-09-28 08:34:31", "elapsed": 745.51864, "delta": 1.784977}}
{"target": -22.799013037164038, "params": {"eta": 0.5843440902611344, "max_depth": 30.57708957780854, "n_estimators": 16.71851553562498}, "datetime": {"datetime": "2021-09-28 08:34:34", "elapsed": 748.475414, "delta": 2.956774}}
{"target": -19.246817084685034, "params": {"eta": 0.48562720471458104, "max_depth": 28.615676561475183, "n_estimators": 19.31638798633675}, "datetime": {"datetime": "2021-09-28 08:34:37", "elapsed": 751.678747, "delta": 3.203333}}
{"target": -27.662485273648308, "params": {"eta": 0.11040235258917969, "max_depth": 26.647475487165458, "n_estimators": 12.6580880597299}, "datetime": {"datetime": "2021-09-28 08:34:39", "elapsed": 753.767649, "delta": 2.088902}}
{"target": -17.912061505524303, "params": {"eta": 0.16634230053806282, "max_depth": 27.779107778902738, "n_estimators": 15.786220294671972}, "datetime": {"datetime": "2021-09-28 08:34:41", "elapsed": 755.419119, "delta": 1.65147}}
{"target": -23.73934586990053, "params": {"eta": 0.12011615548853719, "max_depth": 28.3864994525764, "n_estimators": 13.948867713307427}, "datetime": {"datetime": "2021-09-28 08:34:43", "elapsed": 757.111392, "delta": 1.692273}}
{"target": -19.25772645593402, "params": {"eta": 0.4848415056908411, "max_depth": 28.34158500601504, "n_estimators": 18.961598622319595}, "datetime": {"datetime": "2021-09-28 08:34:45", "elapsed": 759.459436, "delta": 2.348044}}
{"target": -17.826494340569123, "params": {"eta": 0.163547805470887, "max_depth": 27.461329841862568, "n_estimators": 15.955938805988472}, "datetime": {"datetime": "2021-09-28 08:34:49", "elapsed": 763.389644, "delta": 3.930208}}
{"target": -26.374650077960077, "params": {"eta": 0.0880844634775014, "max_depth": 28.877271491031756, "n_estimators": 16.74086929291898}, "datetime": {"datetime": "2021-09-28 08:34:50", "elapsed": 765.030979, "delta": 1.641335}}
{"target": -18.138044083187175, "params": {"eta": 0.3694286893517266, "max_depth": 27.390620400981703, "n_estimators": 11.955401874462957}, "datetime": {"datetime": "2021-09-28 08:34:52", "elapsed": 766.827867, "delta": 1.796888}}
{"target": -20.281393727110636, "params": {"eta": 0.5543819180100195, "max_depth": 30.16037871706219, "n_estimators": 15.818716449094406}, "datetime": {"datetime": "2021-09-28 08:34:55", "elapsed": 769.481689, "delta": 2.653822}}
{"target": -17.621887640637947, "params": {"eta": 0.2232722908813502, "max_depth": 27.478745133381835, "n_estimators": 16.271822019529516}, "datetime": {"datetime": "2021-09-28 08:34:57", "elapsed": 771.93758, "delta": 2.455891}}
{"target": -68.06816842935085, "params": {"eta": 0.032426801742034966, "max_depth": 32.94066396053701, "n_estimators": 11.545794306889139}, "datetime": {"datetime": "2021-09-28 08:34:59", "elapsed": 773.778795, "delta": 1.841215}}
{"target": -19.657025322646877, "params": {"eta": 0.4957483727102151, "max_depth": 32.67148675008466, "n_estimators": 18.751740541677528}, "datetime": {"datetime": "2021-09-28 08:35:01", "elapsed": 775.633728, "delta": 1.854933}}
{"target": -17.974831887109968, "params": {"eta": 0.3296906518048021, "max_depth": 33.08867605334322, "n_estimators": 11.504245018955844}, "datetime": {"datetime": "2021-09-28 08:35:04", "elapsed": 778.84327, "delta": 3.209542}}
{"target": -20.43690919133507, "params": {"eta": 0.49144754379865807, "max_depth": 27.331956369533387, "n_estimators": 16.08653672212157}, "datetime": {"datetime": "2021-09-28 08:35:08", "elapsed": 782.107734, "delta": 3.264464}}
{"target": -16.985455276952933, "params": {"eta": 0.42749341311448535, "max_depth": 27.666603821980566, "n_estimators": 16.027085107278708}, "datetime": {"datetime": "2021-09-28 08:35:10", "elapsed": 784.764669, "delta": 2.656935}}
{"target": -18.264204361624724, "params": {"eta": 0.4067431396564816, "max_depth": 27.54478101945531, "n_estimators": 15.727349854013342}, "datetime": {"datetime": "2021-09-28 08:35:13", "elapsed": 787.670669, "delta": 2.906}}
{"target": -16.87997510508997, "params": {"eta": 0.18780177459642086, "max_depth": 27.790139523815558, "n_estimators": 16.176292127423533}, "datetime": {"datetime": "2021-09-28 08:35:16", "elapsed": 790.531392, "delta": 2.860723}}
{"target": -16.960166468596423, "params": {"eta": 0.42402985892882666, "max_depth": 27.965224534016002, "n_estimators": 15.996101540237584}, "datetime": {"datetime": "2021-09-28 08:35:19", "elapsed": 793.169629, "delta": 2.638237}}
{"target": -19.769237175395833, "params": {"eta": 0.45294412299893444, "max_depth": 27.786975750392987, "n_estimators": 16.375487978457038}, "datetime": {"datetime": "2021-09-28 08:35:22", "elapsed": 796.204148, "delta": 3.034519}}
{"target": -17.93051317573966, "params": {"eta": 0.2791482188355419, "max_depth": 31.66718964834469, "n_estimators": 15.190336351225744}, "datetime": {"datetime": "2021-09-28 08:35:24", "elapsed": 798.250608, "delta": 2.04646}}
{"target": -17.575012834280827, "params": {"eta": 0.2750764418226147, "max_depth": 28.105777799253932, "n_estimators": 16.272191000336512}, "datetime": {"datetime": "2021-09-28 08:35:26", "elapsed": 800.997847, "delta": 2.747239}}
{"target": -23.12280869096959, "params": {"eta": 0.10707060664044174, "max_depth": 28.986126191408836, "n_estimators": 15.376684251140091}, "datetime": {"datetime": "2021-09-28 08:35:28", "elapsed": 802.737561, "delta": 1.739714}}
{"target": -44.1373609088395, "params": {"eta": 0.05311316030762207, "max_depth": 28.061896632972505, "n_estimators": 15.979917403347171}, "datetime": {"datetime": "2021-09-28 08:35:31", "elapsed": 805.658358, "delta": 2.920797}}
{"target": -17.98556389258804, "params": {"eta": 0.18531571762517876, "max_depth": 27.96655738509111, "n_estimators": 16.554911922091033}, "datetime": {"datetime": "2021-09-28 08:35:34", "elapsed": 808.552023, "delta": 2.893665}}
{"target": -19.712791584368425, "params": {"eta": 0.4910182044201418, "max_depth": 28.078879671583636, "n_estimators": 16.52224787558054}, "datetime": {"datetime": "2021-09-28 08:35:37", "elapsed": 811.546262, "delta": 2.994239}}
{"target": -23.85791100855851, "params": {"eta": 0.11135087494324389, "max_depth": 29.496365759176456, "n_estimators": 14.658386018081641}, "datetime": {"datetime": "2021-09-28 08:35:39", "elapsed": 813.26317, "delta": 1.716908}}
{"target": -17.804129274872775, "params": {"eta": 0.21855493084141656, "max_depth": 28.30609223167588, "n_estimators": 16.548245686639774}, "datetime": {"datetime": "2021-09-28 08:35:42", "elapsed": 816.121751, "delta": 2.858581}}
{"target": -19.656711179391085, "params": {"eta": 0.5191371668622924, "max_depth": 27.8373955309953, "n_estimators": 15.638700706907596}, "datetime": {"datetime": "2021-09-28 08:35:45", "elapsed": 819.468679, "delta": 3.346928}}
{"target": -61.00434265362754, "params": {"eta": 0.02601890382942593, "max_depth": 28.33949326795505, "n_estimators": 18.92651414657195}, "datetime": {"datetime": "2021-09-28 08:35:48", "elapsed": 822.462333, "delta": 2.993654}}
{"target": -23.70552591320994, "params": {"eta": 0.5982057209669671, "max_depth": 28.19534872558179, "n_estimators": 16.192927068571485}, "datetime": {"datetime": "2021-09-28 08:35:53", "elapsed": 827.162213, "delta": 4.69988}}
{"target": -20.180203931406044, "params": {"eta": 0.5358023164130032, "max_depth": 30.346973741333535, "n_estimators": 14.31000710233112}, "datetime": {"datetime": "2021-09-28 08:35:55", "elapsed": 829.132348, "delta": 1.970135}}
{"target": -23.72030751266821, "params": {"eta": 0.5937296692731779, "max_depth": 26.604937819603467, "n_estimators": 12.689373401500648}, "datetime": {"datetime": "2021-09-28 08:35:59", "elapsed": 833.3218, "delta": 4.189452}}
{"target": -17.580082698371864, "params": {"eta": 0.419384472292451, "max_depth": 28.27528034643371, "n_estimators": 19.296293348456192}, "datetime": {"datetime": "2021-09-28 08:36:01", "elapsed": 835.993817, "delta": 2.672017}}
{"target": -18.334411501883025, "params": {"eta": 0.3780957696900232, "max_depth": 27.42103839348648, "n_estimators": 18.305949182916336}, "datetime": {"datetime": "2021-09-28 08:36:04", "elapsed": 838.12235, "delta": 2.128533}}
{"target": -19.498818362086197, "params": {"eta": 0.5232554029384252, "max_depth": 27.72817541154889, "n_estimators": 18.441154963200333}, "datetime": {"datetime": "2021-09-28 08:36:07", "elapsed": 841.67242, "delta": 3.55007}}
{"target": -19.04759057040401, "params": {"eta": 0.2645311187660444, "max_depth": 27.60393303009176, "n_estimators": 18.547189134723567}, "datetime": {"datetime": "2021-09-28 08:36:11", "elapsed": 845.867057, "delta": 4.194637}}
{"target": -21.886094512877197, "params": {"eta": 0.5738447141960146, "max_depth": 26.729158495910834, "n_estimators": 14.508646849869496}, "datetime": {"datetime": "2021-09-28 08:36:14", "elapsed": 848.732576, "delta": 2.865519}}
{"target": -18.5198029203454, "params": {"eta": 0.2131748263136664, "max_depth": 21.889410309822583, "n_estimators": 100.01143748173449}, "datetime": {"datetime": "2021-09-28 08:45:02", "elapsed": 0.0, "delta": 0.0}}
{"target": -17.255682174382642, "params": {"eta": 0.15674762573486517, "max_depth": 5.255920833696278, "n_estimators": 109.23385947687979}, "datetime": {"datetime": "2021-09-28 08:45:02", "elapsed": 0.293, "delta": 0.293}}
{"target": -18.55019037909599, "params": {"eta": 0.09964002399781408, "max_depth": 11.021261084248385, "n_estimators": 139.67674742306698}, "datetime": {"datetime": "2021-09-28 08:45:03", "elapsed": 1.095151, "delta": 0.802151}}
{"target": -18.936631579005965, "params": {"eta": 0.27309783312965163, "max_depth": 13.15664091769555, "n_estimators": 168.52195003967594}, "datetime": {"datetime": "2021-09-28 08:45:04", "elapsed": 1.570149, "delta": 0.474998}}
{"target": -17.996683271328752, "params": {"eta": 0.10859050686790658, "max_depth": 26.465405655337417, "n_estimators": 102.73875931979262}, "datetime": {"datetime": "2021-09-28 08:45:04", "elapsed": 2.272151, "delta": 0.702002}}
{"target": -18.046797729359696, "params": {"eta": 0.152026706646844, "max_depth": 5.418565462201842, "n_estimators": 109.02789263724006}, "datetime": {"datetime": "2021-09-28 08:45:05", "elapsed": 2.639074, "delta": 0.366923}}
{"target": -19.113518105184735, "params": {"eta": 0.34157197389449145, "max_depth": 5.093777612479358, "n_estimators": 108.8117955180597}, "datetime": {"datetime": "2021-09-28 08:45:05", "elapsed": 3.017075, "delta": 0.378001}}
{"target": -17.2155121203606, "params": {"eta": 0.36618821475083796, "max_depth": 5.686248388880543, "n_estimators": 109.21558515436517}, "datetime": {"datetime": "2021-09-28 08:45:05", "elapsed": 3.486078, "delta": 0.469003}}
{"target": -17.64623176449066, "params": {"eta": 0.11993731505829738, "max_depth": 5.512109924258306, "n_estimators": 194.73034510771674}, "datetime": {"datetime": "2021-09-28 08:45:06", "elapsed": 4.049076, "delta": 0.562998}}
{"target": -18.883893506990095, "params": {"eta": 0.36531797752556033, "max_depth": 22.129748401670067, "n_estimators": 119.46880315822753}, "datetime": {"datetime": "2021-09-28 08:45:07", "elapsed": 4.646908, "delta": 0.597832}}
{"target": -17.650431648307833, "params": {"eta": 0.19062536071519778, "max_depth": 5.068711391317367, "n_estimators": 109.29063944252773}, "datetime": {"datetime": "2021-09-28 08:45:07", "elapsed": 5.05991, "delta": 0.413002}}
{"target": -17.586171120975546, "params": {"eta": 0.4780792231662681, "max_depth": 20.258071059419382, "n_estimators": 147.07206399291823}, "datetime": {"datetime": "2021-09-28 08:45:07", "elapsed": 5.50291, "delta": 0.443}}
{"target": -19.196587078202292, "params": {"eta": 0.24845649965442781, "max_depth": 25.394181538235944, "n_estimators": 197.9068438364577}, "datetime": {"datetime": "2021-09-28 08:45:08", "elapsed": 6.313908, "delta": 0.810998}}
{"target": -18.14978053251395, "params": {"eta": 0.151061726955258, "max_depth": 5.80298188729029, "n_estimators": 109.32558930208933}, "datetime": {"datetime": "2021-09-28 08:45:09", "elapsed": 6.747636, "delta": 0.433728}}
{"target": -17.29179039696541, "params": {"eta": 0.17215083616569454, "max_depth": 5.533587057960857, "n_estimators": 109.29723256174132}, "datetime": {"datetime": "2021-09-28 08:45:09", "elapsed": 7.145637, "delta": 0.398001}}
{"target": -18.713539578112673, "params": {"eta": 0.341138870923688, "max_depth": 16.889420238408437, "n_estimators": 138.32091671387047}, "datetime": {"datetime": "2021-09-28 08:45:10", "elapsed": 7.780386, "delta": 0.634749}}
{"target": -17.956774246350978, "params": {"eta": 0.07725200169351798, "max_depth": 5.042007150050051, "n_estimators": 131.68323118512143}, "datetime": {"datetime": "2021-09-28 08:45:10", "elapsed": 8.26439, "delta": 0.484004}}
{"target": -17.838451085314716, "params": {"eta": 0.14280823010059585, "max_depth": 23.166103710945425, "n_estimators": 106.6870545660315}, "datetime": {"datetime": "2021-09-28 08:45:11", "elapsed": 9.104545, "delta": 0.840155}}
{"target": -19.36932036113562, "params": {"eta": 0.39628912057680593, "max_depth": 20.241127029712175, "n_estimators": 147.4233515415243}, "datetime": {"datetime": "2021-09-28 08:45:12", "elapsed": 9.767545, "delta": 0.663}}
