{"target": -18.30402667328292, "params": {"eta": 0.40949580049791856, "max_depth": 16.889420238408437, "n_estimators": 238.32091671387047}, "datetime": {"datetime": "2021-09-27 22:14:09", "elapsed": 14.159177, "delta": 0.689591}}
{"target": -17.22688509044025, "params": {"eta": 0.09304609959182034, "max_depth": 5.042007150050051, "n_estimators": 231.68323118512143}, "datetime": {"datetime": "2021-09-27 22:14:10", "elapsed": 14.836344, "delta": 0.677167}}
{"target": -19.35529301069045, "params": {"eta": 0.17166027593364136, "max_depth": 23.166103710945425, "n_estimators": 206.6870545660315}, "datetime": {"datetime": "2021-09-27 22:14:11", "elapsed": 15.978339, "delta": 1.141995}}
{"target": -19.830186131031226, "params": {"eta": 0.5642044400215868, "max_depth": 28.54852260005694, "n_estimators": 227.91314237408062}, "datetime": {"datetime": "2021-09-27 22:14:12", "elapsed": 16.59834, "delta": 0.620001}}
{"target": -19.291236267785177, "params": {"eta": 0.3629391908529073, "max_depth": 4.268359661975513, "n_estimators": 211.67775096844278}, "datetime": {"datetime": "2021-09-27 22:14:12", "elapsed": 17.121348, "delta": 0.523008}}
{"target": -18.87492409679202, "params": {"eta": 0.3720385498235513, "max_depth": 17.164364973593628, "n_estimators": 265.360692030178}, "datetime": {"datetime": "2021-09-27 22:14:13", "elapsed": 17.758348, "delta": 0.637}}
{"target": -17.90341332663064, "params": {"eta": 0.019919472367264802, "max_depth": 8.492348272932864, "n_estimators": 280.0584705694262}, "datetime": {"datetime": "2021-09-27 22:14:14", "elapsed": 18.923183, "delta": 1.164835}}
{"target": -18.349332731435204, "params": {"eta": 0.19427236255527078, "max_depth": 16.84149246122903, "n_estimators": 282.6758262967855}, "datetime": {"datetime": "2021-09-27 22:14:15", "elapsed": 20.011181, "delta": 1.087998}}
{"target": -19.733713741699376, "params": {"eta": 0.28373736119334364, "max_depth": 4.939600920725036, "n_estimators": 256.7333305026938}, "datetime": {"datetime": "2021-09-27 22:14:16", "elapsed": 20.916744, "delta": 0.905563}}
{"target": -19.59193938334932, "params": {"eta": 0.5477268543123464, "max_depth": 19.05756219811114, "n_estimators": 296.9281761631047}, "datetime": {"datetime": "2021-09-27 22:14:16", "elapsed": 21.496742, "delta": 0.579998}}
{"target": -19.338320972614614, "params": {"eta": 0.4843870247089855, "max_depth": 10.220825435668912, "n_estimators": 260.6529419087983}, "datetime": {"datetime": "2021-09-27 22:14:17", "elapsed": 22.094746, "delta": 0.598004}}
{"target": -21.412162203882325, "params": {"eta": 0.14572469062278798, "max_depth": 2.8788177084869515, "n_estimators": 270.38456474178884}, "datetime": {"datetime": "2021-09-27 22:14:18", "elapsed": 22.727745, "delta": 0.632999}}
{"target": -18.8275111426679, "params": {"eta": 0.38572492124069885, "max_depth": 5.039670501015658, "n_estimators": 231.7316152208085}, "datetime": {"datetime": "2021-09-27 22:14:19", "elapsed": 23.567381, "delta": 0.839636}}
{"target": -18.66469616171479, "params": {"eta": 0.3054272239332584, "max_depth": 8.3531715994406, "n_estimators": 279.8284109704742}, "datetime": {"datetime": "2021-09-27 22:14:19", "elapsed": 24.195379, "delta": 0.627998}}
{"target": -19.77245592215642, "params": {"eta": 0.505130346154345, "max_depth": 13.136803882450529, "n_estimators": 229.6089417373981}, "datetime": {"datetime": "2021-09-27 22:14:20", "elapsed": 24.827022, "delta": 0.631643}}
{"target": -18.2436313935263, "params": {"eta": 0.01, "max_depth": 5.051243306954522, "n_estimators": 231.49173024200363}, "datetime": {"datetime": "2021-09-27 22:14:21", "elapsed": 25.623018, "delta": 0.795996}}
{"target": -19.729823629257247, "params": {"eta": 0.499966869676738, "max_depth": 11.035347819971564, "n_estimators": 239.6512329519127}, "datetime": {"datetime": "2021-09-27 22:14:21", "elapsed": 26.24002, "delta": 0.617002}}
{"target": -18.03044799608151, "params": {"eta": 0.035365278398346196, "max_depth": 13.031025698108454, "n_estimators": 200.52915730110675}, "datetime": {"datetime": "2021-09-27 22:14:23", "elapsed": 27.598618, "delta": 1.358598}}
{"target": -17.881498450798432, "params": {"eta": 0.19216949481991144, "max_depth": 8.974700231001085, "n_estimators": 236.07795449503297}, "datetime": {"datetime": "2021-09-27 22:14:23", "elapsed": 28.519625, "delta": 0.921007}}
{"target": -18.416105893014244, "params": {"eta": 0.075161379674888, "max_depth": 11.131448223218646, "n_estimators": 239.71751946106136}, "datetime": {"datetime": "2021-09-27 22:14:25", "elapsed": 30.13837, "delta": 1.618745}}
{"target": -18.622740635584123, "params": {"eta": 0.15888295147287404, "max_depth": 4.865641517802297, "n_estimators": 231.9874329934064}, "datetime": {"datetime": "2021-09-27 22:14:26", "elapsed": 30.885556, "delta": 0.747186}}
{"target": -21.703038933164034, "params": {"eta": 0.07088874812639262, "max_depth": 2.657317169248685, "n_estimators": 236.9646078211032}, "datetime": {"datetime": "2021-09-27 22:14:26", "elapsed": 31.342551, "delta": 0.456995}}
{"target": -17.677456407019918, "params": {"eta": 0.10795970039074516, "max_depth": 5.165147418107005, "n_estimators": 231.76380909817425}, "datetime": {"datetime": "2021-09-27 22:14:27", "elapsed": 32.015548, "delta": 0.672997}}
{"target": -16.935010334917678, "params": {"eta": 0.03488144851694281, "max_depth": 4.388308000431904, "n_estimators": 250.1763935337608}, "datetime": {"datetime": "2021-09-27 22:14:28", "elapsed": 32.62255, "delta": 0.607002}}
{"target": -19.374074979639065, "params": {"eta": 0.23428566570632442, "max_depth": 4.1487536784621595, "n_estimators": 249.98185322191907}, "datetime": {"datetime": "2021-09-27 22:14:28", "elapsed": 33.410225, "delta": 0.787675}}
{"target": -19.13800742912705, "params": {"eta": 0.3230843528841378, "max_depth": 9.109290595040806, "n_estimators": 235.752916433093}, "datetime": {"datetime": "2021-09-27 22:14:29", "elapsed": 34.134233, "delta": 0.724008}}
{"target": -19.342140232303027, "params": {"eta": 0.28533220518189795, "max_depth": 13.147164681958612, "n_estimators": 268.3874272704903}, "datetime": {"datetime": "2021-09-27 22:14:30", "elapsed": 34.977238, "delta": 0.843005}}
{"target": -17.16963779248313, "params": {"eta": 0.10871536933581263, "max_depth": 4.74357592493312, "n_estimators": 250.3899376880807}, "datetime": {"datetime": "2021-09-27 22:14:31", "elapsed": 35.615239, "delta": 0.638001}}
{"target": -17.491493067546404, "params": {"eta": 0.16667333172102886, "max_depth": 4.485639883587292, "n_estimators": 250.6722743343139}, "datetime": {"datetime": "2021-09-27 22:14:31", "elapsed": 36.34124, "delta": 0.726001}}
{"target": -19.10642343872646, "params": {"eta": 0.1602889363100016, "max_depth": 25.51921300643291, "n_estimators": 213.0656811889874}, "datetime": {"datetime": "2021-09-27 22:14:32", "elapsed": 37.425604, "delta": 1.084364}}
{"target": -16.82952545927527, "params": {"eta": 0.4552746739890337, "max_depth": 7.854919347855461, "n_estimators": 287.5190505780999}, "datetime": {"datetime": "2021-09-27 22:14:33", "elapsed": 38.032599, "delta": 0.606995}}
{"target": -17.355679158731814, "params": {"eta": 0.09409640227173387, "max_depth": 4.5421218026147985, "n_estimators": 250.12591393316953}, "datetime": {"datetime": "2021-09-27 22:14:34", "elapsed": 38.783974, "delta": 0.751375}}
{"target": -19.540432429750254, "params": {"eta": 0.48841313505353545, "max_depth": 22.67013591072954, "n_estimators": 288.9528997346308}, "datetime": {"datetime": "2021-09-27 22:14:34", "elapsed": 39.470972, "delta": 0.686998}}
{"target": -17.95422452750597, "params": {"eta": 0.36187535563917367, "max_depth": 14.510814004808882, "n_estimators": 298.8669574077634}, "datetime": {"datetime": "2021-09-27 22:14:35", "elapsed": 40.243971, "delta": 0.772999}}
{"target": -19.485114542272772, "params": {"eta": 0.5205002451835797, "max_depth": 7.964929152033374, "n_estimators": 287.21298655031154}, "datetime": {"datetime": "2021-09-27 22:14:36", "elapsed": 40.94078, "delta": 0.696809}}
{"target": -17.866380818460296, "params": {"eta": 0.05927293223738658, "max_depth": 6.865791577901645, "n_estimators": 229.78227883921156}, "datetime": {"datetime": "2021-09-27 22:14:37", "elapsed": 41.692779, "delta": 0.751999}}
{"target": -18.101074739490087, "params": {"eta": 0.04929031675575776, "max_depth": 15.749883198747863, "n_estimators": 210.82188621176317}, "datetime": {"datetime": "2021-09-27 22:14:38", "elapsed": 43.129901, "delta": 1.437122}}
{"target": -18.964003970499892, "params": {"eta": 0.221729342316771, "max_depth": 4.8357712030416575, "n_estimators": 244.40322569968518}, "datetime": {"datetime": "2021-09-27 22:14:39", "elapsed": 43.808084, "delta": 0.678183}}
{"target": -18.469424966488276, "params": {"eta": 0.39663355774780434, "max_depth": 8.229811807112478, "n_estimators": 264.2850488483595}, "datetime": {"datetime": "2021-09-27 22:14:39", "elapsed": 44.403087, "delta": 0.595003}}
{"target": -23.345118082282998, "params": {"eta": 0.5952585344437444, "max_depth": 25.87586089051915, "n_estimators": 290.4682136791482}, "datetime": {"datetime": "2021-09-27 22:14:40", "elapsed": 45.058592, "delta": 0.655505}}
{"target": -19.80729151908209, "params": {"eta": 0.25120956174308695, "max_depth": 8.179353018503434, "n_estimators": 287.74827249369395}, "datetime": {"datetime": "2021-09-27 22:14:41", "elapsed": 45.953592, "delta": 0.895}}
{"target": -18.440351572772343, "params": {"eta": 0.034900310510533904, "max_depth": 20.071572457750612, "n_estimators": 299.1170044657159}, "datetime": {"datetime": "2021-09-27 22:14:43", "elapsed": 48.209593, "delta": 2.256001}}
{"target": -17.87161739124975, "params": {"eta": 0.10835766417406185, "max_depth": 5.045111203238429, "n_estimators": 250.47073093438757}, "datetime": {"datetime": "2021-09-27 22:14:44", "elapsed": 49.244223, "delta": 1.03463}}
{"target": -17.851338534437485, "params": {"eta": 0.07409732872645526, "max_depth": 24.646966937496487, "n_estimators": 297.46295936787624}, "datetime": {"datetime": "2021-09-27 22:14:46", "elapsed": 51.107481, "delta": 1.863258}}
{"target": -19.654262544401146, "params": {"eta": 0.5243307310785017, "max_depth": 6.179259986636726, "n_estimators": 241.87862018952728}, "datetime": {"datetime": "2021-09-27 22:14:47", "elapsed": 51.68248, "delta": 0.574999}}
{"target": -18.17964228630333, "params": {"eta": 0.05242817115149551, "max_depth": 5.527110079427004, "n_estimators": 267.7482821898441}, "datetime": {"datetime": "2021-09-27 22:14:48", "elapsed": 52.628481, "delta": 0.946001}}
{"target": -17.868174529089398, "params": {"eta": 0.1483410040855288, "max_depth": 4.521353609409538, "n_estimators": 250.46963544177524}, "datetime": {"datetime": "2021-09-27 22:14:48", "elapsed": 53.269478, "delta": 0.640997}}
{"target": -18.885716282011288, "params": {"eta": 0.34485577478239227, "max_depth": 8.984435851669486, "n_estimators": 251.24411200117368}, "datetime": {"datetime": "2021-09-27 22:14:49", "elapsed": 53.95211, "delta": 0.682632}}
{"target": -17.43266640884827, "params": {"eta": 0.15913150308320353, "max_depth": 4.886912915621466, "n_estimators": 250.3617371663061}, "datetime": {"datetime": "2021-09-27 22:14:50", "elapsed": 54.651109, "delta": 0.698999}}
{"target": -18.921606230493914, "params": {"eta": 0.3808273648094212, "max_depth": 7.351462922631082, "n_estimators": 287.391302821323}, "datetime": {"datetime": "2021-09-27 22:14:50", "elapsed": 55.367293, "delta": 0.716184}}
{"target": -17.33602215302483, "params": {"eta": 0.02003622222501561, "max_depth": 9.506346846534928, "n_estimators": 231.15997451350012}, "datetime": {"datetime": "2021-09-27 22:14:52", "elapsed": 56.607297, "delta": 1.240004}}
{"target": -18.388957526138814, "params": {"eta": 0.0608864026322277, "max_depth": 16.86897063554736, "n_estimators": 214.50314998652473}, "datetime": {"datetime": "2021-09-27 22:14:53", "elapsed": 58.261935, "delta": 1.654638}}
{"target": -17.506083766103927, "params": {"eta": 0.16447034881168496, "max_depth": 5.382014801217517, "n_estimators": 209.0299297102231}, "datetime": {"datetime": "2021-09-27 22:14:54", "elapsed": 59.054934, "delta": 0.792999}}
{"target": -18.511920675809996, "params": {"eta": 0.2131800264394777, "max_depth": 8.716440227321744, "n_estimators": 235.8065931497087}, "datetime": {"datetime": "2021-09-27 22:14:55", "elapsed": 59.936934, "delta": 0.882}}
{"target": -18.69643101147924, "params": {"eta": 0.30957956593748437, "max_depth": 5.267321420947107, "n_estimators": 208.73963466626975}, "datetime": {"datetime": "2021-09-27 22:14:56", "elapsed": 60.682934, "delta": 0.746}}
{"target": -17.331039212418798, "params": {"eta": 0.09798639843979089, "max_depth": 4.6417419089789975, "n_estimators": 250.27483945413684}, "datetime": {"datetime": "2021-09-27 22:14:57", "elapsed": 61.666145, "delta": 0.983211}}
{"target": -17.51559289569658, "params": {"eta": 0.010485139711953105, "max_depth": 4.2503896992853685, "n_estimators": 250.65621199537895}, "datetime": {"datetime": "2021-09-27 22:14:58", "elapsed": 62.724306, "delta": 1.058161}}
{"target": -18.629484781941812, "params": {"eta": 0.1549005014861785, "max_depth": 4.123792891481264, "n_estimators": 250.73382300108798}, "datetime": {"datetime": "2021-09-27 22:14:59", "elapsed": 63.60501, "delta": 0.880704}}
{"target": -18.44010448643254, "params": {"eta": 0.30837625414079334, "max_depth": 29.708515315286142, "n_estimators": 240.24479573901442}, "datetime": {"datetime": "2021-09-27 22:14:59", "elapsed": 64.418007, "delta": 0.812997}}
{"target": -16.954325467983566, "params": {"eta": 0.06987531211737019, "max_depth": 4.52988079141204, "n_estimators": 250.80683429122146}, "datetime": {"datetime": "2021-09-27 22:15:00", "elapsed": 65.412238, "delta": 0.994231}}
{"target": -18.30744134886449, "params": {"eta": 0.2804193312758847, "max_depth": 29.109166060958653, "n_estimators": 256.9044065649599}, "datetime": {"datetime": "2021-09-27 22:15:01", "elapsed": 66.290236, "delta": 0.877998}}
{"target": -17.72498566320984, "params": {"eta": 0.09202213483459563, "max_depth": 9.692165135208661, "n_estimators": 231.24215699474902}, "datetime": {"datetime": "2021-09-27 22:15:02", "elapsed": 67.500391, "delta": 1.210155}}
{"target": -18.2914529494715, "params": {"eta": 0.08933589302886549, "max_depth": 28.220490184521257, "n_estimators": 200.94712321935094}, "datetime": {"datetime": "2021-09-27 22:15:04", "elapsed": 69.472975, "delta": 1.972584}}
{"target": -18.047945186298485, "params": {"eta": 0.14369707432892845, "max_depth": 4.380070761069178, "n_estimators": 250.8176585839538}, "datetime": {"datetime": "2021-09-27 22:15:05", "elapsed": 70.358973, "delta": 0.885998}}
{"target": -18.066809004366096, "params": {"eta": 0.11429651402115303, "max_depth": 7.0671876207169095, "n_estimators": 253.06004277440792}, "datetime": {"datetime": "2021-09-27 22:15:07", "elapsed": 71.638289, "delta": 1.279316}}
{"target": -20.569962846728448, "params": {"eta": 0.4969936493687491, "max_depth": 4.476864693935121, "n_estimators": 255.83088563370626}, "datetime": {"datetime": "2021-09-27 22:15:07", "elapsed": 72.400286, "delta": 0.761997}}
{"target": -18.075609972274563, "params": {"eta": 0.4290036543767485, "max_depth": 14.232683669648114, "n_estimators": 291.57170672785594}, "datetime": {"datetime": "2021-09-27 22:15:08", "elapsed": 73.087292, "delta": 0.687006}}
{"target": -19.162087999113048, "params": {"eta": 0.5252201214926163, "max_depth": 7.7516264271005175, "n_estimators": 287.6345131049968}, "datetime": {"datetime": "2021-09-27 22:15:09", "elapsed": 73.973866, "delta": 0.886574}}
{"target": -18.07468241735934, "params": {"eta": 0.3614882974584543, "max_depth": 28.562017492484586, "n_estimators": 259.41117288783846}, "datetime": {"datetime": "2021-09-27 22:15:10", "elapsed": 74.744864, "delta": 0.770998}}
{"target": -19.597798023739145, "params": {"eta": 0.500346287909918, "max_depth": 25.369571720848608, "n_estimators": 253.74889675603131}, "datetime": {"datetime": "2021-09-27 22:15:11", "elapsed": 75.750433, "delta": 1.005569}}
{"target": -17.468321442992497, "params": {"eta": 0.18389962301211107, "max_depth": 4.71200936288578, "n_estimators": 250.63051503691975}, "datetime": {"datetime": "2021-09-27 22:15:12", "elapsed": 76.677432, "delta": 0.926999}}
{"target": -20.09158610110389, "params": {"eta": 0.4776470087625166, "max_depth": 5.0861906833808055, "n_estimators": 279.22616007393907}, "datetime": {"datetime": "2021-09-27 22:15:12", "elapsed": 77.351938, "delta": 0.674506}}
{"target": -18.464053808422236, "params": {"eta": 0.3483613260629947, "max_depth": 4.5962931848408495, "n_estimators": 250.43419190101983}, "datetime": {"datetime": "2021-09-27 22:15:13", "elapsed": 78.134459, "delta": 0.782521}}
{"target": -20.401552762848002, "params": {"eta": 0.2401063320181854, "max_depth": 2.023419641624453, "n_estimators": 215.4850326347955}, "datetime": {"datetime": "2021-09-27 22:15:14", "elapsed": 78.706041, "delta": 0.571582}}
{"target": -22.620920394468662, "params": {"eta": 0.024997301597391622, "max_depth": 2.0472787945864104, "n_estimators": 202.98249318758081}, "datetime": {"datetime": "2021-09-27 22:15:14", "elapsed": 79.219044, "delta": 0.513003}}
{"target": -17.883605886937442, "params": {"eta": 0.13875217411555393, "max_depth": 4.829100085012028, "n_estimators": 231.62077087170297}, "datetime": {"datetime": "2021-09-27 22:15:15", "elapsed": 79.927045, "delta": 0.708001}}
{"target": -16.899874086471947, "params": {"eta": 0.04032381394520627, "max_depth": 4.24041162324446, "n_estimators": 250.3213580309624}, "datetime": {"datetime": "2021-09-27 22:15:16", "elapsed": 80.707041, "delta": 0.779996}}
{"target": -18.161400088268405, "params": {"eta": 0.01, "max_depth": 10.833835469994304, "n_estimators": 239.48131484121112}, "datetime": {"datetime": "2021-09-27 22:15:17", "elapsed": 82.054192, "delta": 1.347151}}
{"target": -17.826789698144292, "params": {"eta": 0.08035029875155371, "max_depth": 9.44406720390862, "n_estimators": 230.83472511825235}, "datetime": {"datetime": "2021-09-27 22:15:18", "elapsed": 83.355933, "delta": 1.301741}}
{"target": -20.40120169309153, "params": {"eta": 0.482131116459627, "max_depth": 9.354485420178248, "n_estimators": 230.94040497919318}, "datetime": {"datetime": "2021-09-27 22:15:19", "elapsed": 84.086693, "delta": 0.73076}}
{"target": -18.72424253985449, "params": {"eta": 0.3383838837008609, "max_depth": 4.261040662966215, "n_estimators": 250.36037482142038}, "datetime": {"datetime": "2021-09-27 22:15:20", "elapsed": 85.01569, "delta": 0.928997}}
{"target": -18.500906881694824, "params": {"eta": 0.01, "max_depth": 9.67080338249814, "n_estimators": 230.98356883068897}, "datetime": {"datetime": "2021-09-27 22:15:21", "elapsed": 86.27269, "delta": 1.257}}
{"target": -20.340528914972612, "params": {"eta": 0.38707198637536416, "max_depth": 3.8750611207033154, "n_estimators": 214.34996532568402}, "datetime": {"datetime": "2021-09-27 22:15:22", "elapsed": 86.958301, "delta": 0.685611}}
{"target": -17.2432636354794, "params": {"eta": 0.14078454833660234, "max_depth": 4.498599891347896, "n_estimators": 251.11765242603312}, "datetime": {"datetime": "2021-09-27 22:15:23", "elapsed": 87.964303, "delta": 1.006002}}
{"target": -18.379625271560386, "params": {"eta": 0.22020933669022044, "max_depth": 4.988022307965599, "n_estimators": 250.8849956763799}, "datetime": {"datetime": "2021-09-27 22:15:24", "elapsed": 88.95823, "delta": 0.993927}}
{"target": -17.896978055144373, "params": {"eta": 0.16489704421746487, "max_depth": 5.238214787220107, "n_estimators": 209.083805469393}, "datetime": {"datetime": "2021-09-27 22:15:25", "elapsed": 89.88323, "delta": 0.925}}
{"target": -18.93813804016144, "params": {"eta": 0.2587130680379933, "max_depth": 4.563837944880479, "n_estimators": 251.4188772916748}, "datetime": {"datetime": "2021-09-27 22:15:26", "elapsed": 90.792229, "delta": 0.908999}}
{"target": -18.432625780647953, "params": {"eta": 0.06675440429724613, "max_depth": 9.37119860215568, "n_estimators": 231.31777243992684}, "datetime": {"datetime": "2021-09-27 22:15:27", "elapsed": 92.54616, "delta": 1.753931}}
{"target": -19.38445473060623, "params": {"eta": 0.2724263120135777, "max_depth": 4.588101064724926, "n_estimators": 250.05505385437579}, "datetime": {"datetime": "2021-09-27 22:15:28", "elapsed": 93.531646, "delta": 0.985486}}
{"target": -24.857420669450576, "params": {"eta": 0.1840224370009373, "max_depth": 1.246664328153249, "n_estimators": 215.57551443383056}, "datetime": {"datetime": "2021-09-27 22:15:29", "elapsed": 94.111645, "delta": 0.579999}}
{"target": -17.684022772314158, "params": {"eta": 0.01, "max_depth": 4.407279029140068, "n_estimators": 250.3607636352062}, "datetime": {"datetime": "2021-09-27 22:15:30", "elapsed": 94.953733, "delta": 0.842088}}
{"target": -17.83062087753027, "params": {"eta": 0.0432156286000155, "max_depth": 20.52704950474572, "n_estimators": 286.7903601915452}, "datetime": {"datetime": "2021-09-27 22:15:32", "elapsed": 97.430015, "delta": 2.476282}}
{"target": -20.707684578028882, "params": {"eta": 0.5522274186039938, "max_depth": 4.733165403565485, "n_estimators": 250.88478489449085}, "datetime": {"datetime": "2021-09-27 22:15:33", "elapsed": 98.288544, "delta": 0.858529}}
{"target": -17.207069353114576, "params": {"eta": 0.014523793643641616, "max_depth": 8.49761459365658, "n_estimators": 280.3498399837105}, "datetime": {"datetime": "2021-09-27 22:15:35", "elapsed": 99.676573, "delta": 1.388029}}
{"target": -18.45481878530675, "params": {"eta": 0.3013809925280221, "max_depth": 7.0133086810081, "n_estimators": 229.59667672339472}, "datetime": {"datetime": "2021-09-27 22:15:36", "elapsed": 100.714576, "delta": 1.038003}}
{"target": -18.797361600212696, "params": {"eta": 0.23257391962690865, "max_depth": 24.722242742204166, "n_estimators": 297.1850730405461}, "datetime": {"datetime": "2021-09-27 22:15:37", "elapsed": 101.905051, "delta": 1.190475}}
