{"target": -18.99793273979549, "params": {"eta": 0.20019494926019368, "max_depth": 28.024586774445186, "n_estimators": 10.16834450983411}, "datetime": {"datetime": "2021-09-28 08:29:13", "elapsed": 427.156414, "delta": 1.882289}}
{"target": -19.406659006495165, "params": {"eta": 0.4481438605214811, "max_depth": 31.472613009217895, "n_estimators": 15.70284241623518}, "datetime": {"datetime": "2021-09-28 08:29:14", "elapsed": 428.631919, "delta": 1.475505}}
{"target": -22.084798959804726, "params": {"eta": 0.5606307463191407, "max_depth": 31.86630279321858, "n_estimators": 15.781021567478064}, "datetime": {"datetime": "2021-09-28 08:29:16", "elapsed": 430.903226, "delta": 2.271307}}
{"target": -19.76116376016729, "params": {"eta": 0.5467262838475223, "max_depth": 31.658687750305138, "n_estimators": 17.822256849169026}, "datetime": {"datetime": "2021-09-28 08:29:18", "elapsed": 432.567218, "delta": 1.663992}}
{"target": -41.79927037839872, "params": {"eta": 0.06099565354452941, "max_depth": 27.324307728751815, "n_estimators": 14.89114344147393}, "datetime": {"datetime": "2021-09-28 08:29:20", "elapsed": 434.108567, "delta": 1.541349}}
{"target": -21.84550412268036, "params": {"eta": 0.6, "max_depth": 33.39647553363171, "n_estimators": 16.809529190934345}, "datetime": {"datetime": "2021-09-28 08:29:22", "elapsed": 436.549778, "delta": 2.441211}}
{"target": -23.32933471858885, "params": {"eta": 0.09998368196448551, "max_depth": 29.535321291147014, "n_estimators": 16.650130182404368}, "datetime": {"datetime": "2021-09-28 08:29:24", "elapsed": 438.251972, "delta": 1.702194}}
{"target": -21.4991583096735, "params": {"eta": 0.5928429874561038, "max_depth": 33.81128077426388, "n_estimators": 14.2796977713157}, "datetime": {"datetime": "2021-09-28 08:29:25", "elapsed": 439.907139, "delta": 1.655167}}
{"target": -18.543363443133064, "params": {"eta": 0.29392098481341355, "max_depth": 32.87040065977142, "n_estimators": 19.375251447716202}, "datetime": {"datetime": "2021-09-28 08:29:28", "elapsed": 442.24234, "delta": 2.335201}}
{"target": -18.104549549481224, "params": {"eta": 0.32812994157472947, "max_depth": 31.442148609996835, "n_estimators": 16.082762866121396}, "datetime": {"datetime": "2021-09-28 08:29:31", "elapsed": 445.796185, "delta": 3.553845}}
{"target": -19.937729574836336, "params": {"eta": 0.5061224818859802, "max_depth": 31.4431669250111, "n_estimators": 16.4717857145856}, "datetime": {"datetime": "2021-09-28 08:29:34", "elapsed": 449.079461, "delta": 3.283276}}
{"target": -70.47032715496039, "params": {"eta": 0.020249222848480707, "max_depth": 31.704061222605304, "n_estimators": 16.10462148833996}, "datetime": {"datetime": "2021-09-28 08:29:38", "elapsed": 452.228895, "delta": 3.149434}}
{"target": -18.4675659672102, "params": {"eta": 0.40966540582604344, "max_depth": 30.096055518052555, "n_estimators": 18.07333785609265}, "datetime": {"datetime": "2021-09-28 08:29:39", "elapsed": 453.794668, "delta": 1.565773}}
{"target": -19.80409926216346, "params": {"eta": 0.5189289536576264, "max_depth": 30.85179874997029, "n_estimators": 12.104311246778826}, "datetime": {"datetime": "2021-09-28 08:29:41", "elapsed": 455.284916, "delta": 1.490248}}
{"target": -23.91578705407636, "params": {"eta": 0.5959692784828657, "max_depth": 31.451193134992195, "n_estimators": 16.14793401224357}, "datetime": {"datetime": "2021-09-28 08:29:43", "elapsed": 457.92608, "delta": 2.641164}}
{"target": -18.491750654624926, "params": {"eta": 0.37724573853524485, "max_depth": 33.72134099728631, "n_estimators": 17.522735259246627}, "datetime": {"datetime": "2021-09-28 08:29:46", "elapsed": 460.57151, "delta": 2.64543}}
{"target": -20.323474455619518, "params": {"eta": 0.5258660329433719, "max_depth": 31.31739697049062, "n_estimators": 14.416077444853219}, "datetime": {"datetime": "2021-09-28 08:29:48", "elapsed": 462.217506, "delta": 1.645996}}
{"target": -17.795279160539078, "params": {"eta": 0.15769393364756545, "max_depth": 32.48915000332653, "n_estimators": 19.247384118371922}, "datetime": {"datetime": "2021-09-28 08:29:51", "elapsed": 465.196828, "delta": 2.979322}}
{"target": -56.14191053350912, "params": {"eta": 0.054628668212903596, "max_depth": 28.839044525215122, "n_estimators": 10.788609202603807}, "datetime": {"datetime": "2021-09-28 08:29:52", "elapsed": 466.629829, "delta": 1.433001}}
{"target": -83.7185936894237, "params": {"eta": 0.008, "max_depth": 26.310784466992978, "n_estimators": 19.23799899632249}, "datetime": {"datetime": "2021-09-28 08:29:54", "elapsed": 469.010363, "delta": 2.380534}}
{"target": -21.88127398944492, "params": {"eta": 0.5906324405935973, "max_depth": 26.323163290457796, "n_estimators": 18.947418222592884}, "datetime": {"datetime": "2021-09-28 08:29:57", "elapsed": 471.125063, "delta": 2.1147}}
{"target": -21.84550412268036, "params": {"eta": 0.6, "max_depth": 29.026884561380996, "n_estimators": 16.20420250751529}, "datetime": {"datetime": "2021-09-28 08:29:59", "elapsed": 473.924808, "delta": 2.799745}}
{"target": -20.226372300764538, "params": {"eta": 0.4989422197546267, "max_depth": 29.863299770386003, "n_estimators": 15.929090681296689}, "datetime": {"datetime": "2021-09-28 08:30:01", "elapsed": 475.562683, "delta": 1.637875}}
{"target": -17.401909365792655, "params": {"eta": 0.43790684771103844, "max_depth": 30.055434420266224, "n_estimators": 15.534924602955202}, "datetime": {"datetime": "2021-09-28 08:30:04", "elapsed": 478.101374, "delta": 2.538691}}
{"target": -18.0245702568343, "params": {"eta": 0.22684335181000329, "max_depth": 29.84376659731529, "n_estimators": 15.673580271947355}, "datetime": {"datetime": "2021-09-28 08:30:06", "elapsed": 480.57652, "delta": 2.475146}}
{"target": -18.423819526079487, "params": {"eta": 0.3821379821771273, "max_depth": 31.14792378127315, "n_estimators": 15.937446748536631}, "datetime": {"datetime": "2021-09-28 08:30:09", "elapsed": 483.498156, "delta": 2.921636}}
{"target": -22.87113843422157, "params": {"eta": 0.5839952158402811, "max_depth": 32.92706994183265, "n_estimators": 18.381414148253377}, "datetime": {"datetime": "2021-09-28 08:30:12", "elapsed": 486.13013, "delta": 2.631974}}
{"target": -18.18995864666212, "params": {"eta": 0.331630814995018, "max_depth": 28.35314207888626, "n_estimators": 10.04638873740429}, "datetime": {"datetime": "2021-09-28 08:30:13", "elapsed": 487.749414, "delta": 1.619284}}
{"target": -19.88434910286962, "params": {"eta": 0.5408936658056389, "max_depth": 29.77078603537972, "n_estimators": 15.638489182628216}, "datetime": {"datetime": "2021-09-28 08:30:17", "elapsed": 491.113142, "delta": 3.363728}}
{"target": -68.93318148179551, "params": {"eta": 0.026549555287606143, "max_depth": 27.877056866722405, "n_estimators": 13.650538694023194}, "datetime": {"datetime": "2021-09-28 08:30:19", "elapsed": 493.627655, "delta": 2.514513}}
{"target": -21.310356714567604, "params": {"eta": 0.5588513836505832, "max_depth": 34.29160125472835, "n_estimators": 18.903522880790877}, "datetime": {"datetime": "2021-09-28 08:30:21", "elapsed": 495.276425, "delta": 1.64877}}
{"target": -18.31203523249821, "params": {"eta": 0.250003965304621, "max_depth": 28.442276907682807, "n_estimators": 13.432774364007106}, "datetime": {"datetime": "2021-09-28 08:30:23", "elapsed": 497.89948, "delta": 2.623055}}
{"target": -18.345683332358302, "params": {"eta": 0.4708706223490071, "max_depth": 28.496020285682743, "n_estimators": 13.6511477692544}, "datetime": {"datetime": "2021-09-28 08:30:26", "elapsed": 500.527373, "delta": 2.627893}}
{"target": -17.624835401098913, "params": {"eta": 0.258071434629212, "max_depth": 28.832543149021546, "n_estimators": 13.613194899946155}, "datetime": {"datetime": "2021-09-28 08:30:29", "elapsed": 503.515496, "delta": 2.988123}}
{"target": -17.84485540839576, "params": {"eta": 0.39005952681155737, "max_depth": 33.958651625332024, "n_estimators": 12.468135771587676}, "datetime": {"datetime": "2021-09-28 08:30:31", "elapsed": 505.097124, "delta": 1.581628}}
{"target": -18.77134832047561, "params": {"eta": 0.18567133808691216, "max_depth": 33.76342931780229, "n_estimators": 12.733667598955183}, "datetime": {"datetime": "2021-09-28 08:30:34", "elapsed": 508.329311, "delta": 3.232187}}
{"target": -18.2363586391528, "params": {"eta": 0.2313009002796387, "max_depth": 28.30596338069498, "n_estimators": 18.332169386611753}, "datetime": {"datetime": "2021-09-28 08:30:35", "elapsed": 509.859594, "delta": 1.530283}}
{"target": -18.059979553544007, "params": {"eta": 0.40648182064009897, "max_depth": 34.08129232765983, "n_estimators": 12.798486193608396}, "datetime": {"datetime": "2021-09-28 08:30:38", "elapsed": 512.722977, "delta": 2.863383}}
{"target": -72.40514472571132, "params": {"eta": 0.02463274740142513, "max_depth": 33.37929555980518, "n_estimators": 12.773472352938757}, "datetime": {"datetime": "2021-09-28 08:30:41", "elapsed": 515.285991, "delta": 2.563014}}
{"target": -17.844843869381332, "params": {"eta": 0.4120169978925493, "max_depth": 33.8956746770806, "n_estimators": 13.069906531395798}, "datetime": {"datetime": "2021-09-28 08:30:44", "elapsed": 518.124127, "delta": 2.838136}}
{"target": -18.856458072868246, "params": {"eta": 0.4418445437969426, "max_depth": 33.749827562300084, "n_estimators": 12.744863872170331}, "datetime": {"datetime": "2021-09-28 08:30:47", "elapsed": 521.480825, "delta": 3.356698}}
{"target": -23.260593760714805, "params": {"eta": 0.1049278997607011, "max_depth": 26.01731919748951, "n_estimators": 15.98564041216795}, "datetime": {"datetime": "2021-09-28 08:30:48", "elapsed": 523.049824, "delta": 1.568999}}
{"target": -23.944716646100844, "params": {"eta": 0.1269483634698667, "max_depth": 34.09435549998181, "n_estimators": 12.528945035482465}, "datetime": {"datetime": "2021-09-28 08:30:52", "elapsed": 526.646524, "delta": 3.5967}}
{"target": -21.81942198978772, "params": {"eta": 0.6, "max_depth": 34.24710672759167, "n_estimators": 12.548170864615468}, "datetime": {"datetime": "2021-09-28 08:30:56", "elapsed": 530.317805, "delta": 3.671281}}
{"target": -18.738623348742767, "params": {"eta": 0.2705617142891136, "max_depth": 33.723233799208536, "n_estimators": 13.399622811712327}, "datetime": {"datetime": "2021-09-28 08:30:58", "elapsed": 532.992333, "delta": 2.674528}}
{"target": -18.550848983844308, "params": {"eta": 0.18019218444459592, "max_depth": 28.81154251528781, "n_estimators": 13.303248538658181}, "datetime": {"datetime": "2021-09-28 08:31:01", "elapsed": 535.850452, "delta": 2.858119}}
{"target": -37.215370104797906, "params": {"eta": 0.07525868325459109, "max_depth": 33.889854980488316, "n_estimators": 13.168955353339742}, "datetime": {"datetime": "2021-09-28 08:31:05", "elapsed": 539.675453, "delta": 3.825001}}
{"target": -21.83005468234071, "params": {"eta": 0.6, "max_depth": 27.663739682400692, "n_estimators": 13.709754495481322}, "datetime": {"datetime": "2021-09-28 08:31:08", "elapsed": 542.446149, "delta": 2.770696}}
{"target": -20.88017378598096, "params": {"eta": 0.569880527875743, "max_depth": 33.74081389674609, "n_estimators": 13.337052956559553}, "datetime": {"datetime": "2021-09-28 08:31:12", "elapsed": 546.484895, "delta": 4.038746}}
{"target": -30.917032316169834, "params": {"eta": 0.09138989235385865, "max_depth": 33.43263410313514, "n_estimators": 13.458737734632134}, "datetime": {"datetime": "2021-09-28 08:31:15", "elapsed": 549.655317, "delta": 3.170422}}
{"target": -21.094451203819823, "params": {"eta": 0.5710193696396353, "max_depth": 26.13152848423229, "n_estimators": 19.335914758462827}, "datetime": {"datetime": "2021-09-28 08:31:18", "elapsed": 552.315497, "delta": 2.66018}}
{"target": -17.70056729361829, "params": {"eta": 0.16696092626722675, "max_depth": 30.560632526183607, "n_estimators": 18.155273900423985}, "datetime": {"datetime": "2021-09-28 08:31:20", "elapsed": 554.140758, "delta": 1.825261}}
{"target": -17.180181766023296, "params": {"eta": 0.4618028067948112, "max_depth": 30.458004405313673, "n_estimators": 18.073365276521272}, "datetime": {"datetime": "2021-09-28 08:31:23", "elapsed": 557.780551, "delta": 3.639793}}
{"target": -24.923720302802796, "params": {"eta": 0.11427614878790548, "max_depth": 33.34155608252892, "n_estimators": 13.905473234626093}, "datetime": {"datetime": "2021-09-28 08:31:25", "elapsed": 559.640525, "delta": 1.859974}}
{"target": -18.464815657640795, "params": {"eta": 0.37957039203353493, "max_depth": 30.356592071789663, "n_estimators": 18.371722918711306}, "datetime": {"datetime": "2021-09-28 08:31:28", "elapsed": 562.344252, "delta": 2.703727}}
{"target": -18.688543999301746, "params": {"eta": 0.2846533711763516, "max_depth": 30.72404574554141, "n_estimators": 18.42124056520293}, "datetime": {"datetime": "2021-09-28 08:31:32", "elapsed": 566.30318, "delta": 3.958928}}
{"target": -22.568540840747982, "params": {"eta": 0.580012338316476, "max_depth": 30.62174373441677, "n_estimators": 18.36033690795863}, "datetime": {"datetime": "2021-09-28 08:31:34", "elapsed": 569.054133, "delta": 2.750953}}
{"target": -17.85496900458298, "params": {"eta": 0.12951677424507307, "max_depth": 30.22029278943244, "n_estimators": 18.22863497887429}, "datetime": {"datetime": "2021-09-28 08:31:38", "elapsed": 572.310349, "delta": 3.256216}}
{"target": -20.93923879295768, "params": {"eta": 0.570937963459375, "max_depth": 34.300351534051025, "n_estimators": 13.103720377839295}, "datetime": {"datetime": "2021-09-28 08:31:41", "elapsed": 575.226703, "delta": 2.916354}}
{"target": -73.52752596846042, "params": {"eta": 0.018751269707980116, "max_depth": 29.403467528512294, "n_estimators": 15.820026652578505}, "datetime": {"datetime": "2021-09-28 08:31:42", "elapsed": 576.789531, "delta": 1.562828}}
{"target": -25.75746430305676, "params": {"eta": 0.1287688009712417, "max_depth": 29.975593172302915, "n_estimators": 11.266884062587655}, "datetime": {"datetime": "2021-09-28 08:31:44", "elapsed": 578.433273, "delta": 1.643742}}
{"target": -61.65740012671029, "params": {"eta": 0.02552060892215952, "max_depth": 30.403308632302156, "n_estimators": 18.45340137594745}, "datetime": {"datetime": "2021-09-28 08:31:46", "elapsed": 581.007966, "delta": 2.574693}}
{"target": -17.700954920249252, "params": {"eta": 0.19493971011221142, "max_depth": 30.29015925825675, "n_estimators": 17.96781995697086}, "datetime": {"datetime": "2021-09-28 08:31:49", "elapsed": 583.941408, "delta": 2.933442}}
{"target": -19.814164250685003, "params": {"eta": 0.5293806537745225, "max_depth": 31.034237027278174, "n_estimators": 18.410752742011816}, "datetime": {"datetime": "2021-09-28 08:31:52", "elapsed": 586.726572, "delta": 2.785164}}
{"target": -23.071207343374496, "params": {"eta": 0.09028518606016515, "max_depth": 29.969048938935313, "n_estimators": 18.065847033817946}, "datetime": {"datetime": "2021-09-28 08:31:55", "elapsed": 589.109771, "delta": 2.383199}}
{"target": -18.330028793646587, "params": {"eta": 0.3294517202561108, "max_depth": 31.187020660646585, "n_estimators": 16.25239085758023}, "datetime": {"datetime": "2021-09-28 08:31:57", "elapsed": 591.926576, "delta": 2.816805}}
{"target": -21.846656571721716, "params": {"eta": 0.6, "max_depth": 30.128223660226944, "n_estimators": 18.355827720327746}, "datetime": {"datetime": "2021-09-28 08:32:00", "elapsed": 594.881292, "delta": 2.954716}}
{"target": -18.592726221189256, "params": {"eta": 0.2976203938926221, "max_depth": 32.94490641835976, "n_estimators": 13.191595830338791}, "datetime": {"datetime": "2021-09-28 08:32:04", "elapsed": 598.1376, "delta": 3.256308}}
{"target": -17.490932500902698, "params": {"eta": 0.43400385967832333, "max_depth": 32.662549626050776, "n_estimators": 11.421917947562244}, "datetime": {"datetime": "2021-09-28 08:32:05", "elapsed": 599.8256, "delta": 1.688}}
{"target": -17.846364791040283, "params": {"eta": 0.19771378757539324, "max_depth": 32.378146041498454, "n_estimators": 11.331844473547918}, "datetime": {"datetime": "2021-09-28 08:32:09", "elapsed": 603.171743, "delta": 3.346143}}
{"target": -82.07136573872968, "params": {"eta": 0.012252796635210079, "max_depth": 27.98485267728103, "n_estimators": 14.300869543752842}, "datetime": {"datetime": "2021-09-28 08:32:12", "elapsed": 606.215922, "delta": 3.044179}}
{"target": -17.460883764133044, "params": {"eta": 0.1341647724867848, "max_depth": 28.671670822454864, "n_estimators": 18.63981552862349}, "datetime": {"datetime": "2021-09-28 08:32:13", "elapsed": 607.837172, "delta": 1.62125}}
{"target": -20.370079609364755, "params": {"eta": 0.5537007470787414, "max_depth": 28.192986980734513, "n_estimators": 14.487366621465188}, "datetime": {"datetime": "2021-09-28 08:32:16", "elapsed": 611.089266, "delta": 3.252094}}
{"target": -18.421482325763623, "params": {"eta": 0.40909582861027466, "max_depth": 28.5691941320228, "n_estimators": 18.475699446877478}, "datetime": {"datetime": "2021-09-28 08:32:20", "elapsed": 614.196904, "delta": 3.107638}}
{"target": -43.640381813576944, "params": {"eta": 0.04310539226981952, "max_depth": 34.53448330630801, "n_estimators": 19.608017518732478}, "datetime": {"datetime": "2021-09-28 08:32:21", "elapsed": 615.998717, "delta": 1.801813}}
{"target": -22.84921927367951, "params": {"eta": 0.5836665937564578, "max_depth": 27.892679130391407, "n_estimators": 14.387413381593035}, "datetime": {"datetime": "2021-09-28 08:32:25", "elapsed": 619.549116, "delta": 3.550399}}
{"target": -18.35873597820206, "params": {"eta": 0.22259078070602872, "max_depth": 28.34837798291192, "n_estimators": 18.68047210830376}, "datetime": {"datetime": "2021-09-28 08:32:28", "elapsed": 622.916976, "delta": 3.36786}}
{"target": -17.744924113717968, "params": {"eta": 0.24859484335064144, "max_depth": 32.96127431204701, "n_estimators": 10.550973899721622}, "datetime": {"datetime": "2021-09-28 08:32:32", "elapsed": 626.371807, "delta": 3.454831}}
{"target": -17.331542481649436, "params": {"eta": 0.1269648460689029, "max_depth": 29.228471240243195, "n_estimators": 19.302115001397723}, "datetime": {"datetime": "2021-09-28 08:32:33", "elapsed": 628.054321, "delta": 1.682514}}
{"target": -26.36759021361405, "params": {"eta": 0.08342147968890778, "max_depth": 32.52873734806056, "n_estimators": 17.107729855162695}, "datetime": {"datetime": "2021-09-28 08:32:37", "elapsed": 631.236614, "delta": 3.182293}}
{"target": -31.101675564981356, "params": {"eta": 0.10616120901849485, "max_depth": 33.525802669751634, "n_estimators": 11.362574960190344}, "datetime": {"datetime": "2021-09-28 08:32:38", "elapsed": 632.853328, "delta": 1.616714}}
{"target": -28.012780322571125, "params": {"eta": 0.07409037392696, "max_depth": 28.562013923828832, "n_estimators": 18.289873081263778}, "datetime": {"datetime": "2021-09-28 08:32:41", "elapsed": 635.181473, "delta": 2.328145}}
{"target": -20.93986765281108, "params": {"eta": 0.5574452657323882, "max_depth": 28.2889046996648, "n_estimators": 18.48216828212242}, "datetime": {"datetime": "2021-09-28 08:32:43", "elapsed": 637.738074, "delta": 2.556601}}
{"target": -19.180409055416522, "params": {"eta": 0.4406059845364374, "max_depth": 28.629602394037466, "n_estimators": 18.795393690202253}, "datetime": {"datetime": "2021-09-28 08:32:47", "elapsed": 641.40572, "delta": 3.667646}}
{"target": -22.843843697176442, "params": {"eta": 0.5771410158281153, "max_depth": 32.859777590517766, "n_estimators": 10.408396925916236}, "datetime": {"datetime": "2021-09-28 08:32:51", "elapsed": 645.167211, "delta": 3.761491}}
{"target": -17.29727933531332, "params": {"eta": 0.13598120421785015, "max_depth": 28.61337111454389, "n_estimators": 18.965913335094733}, "datetime": {"datetime": "2021-09-28 08:32:54", "elapsed": 648.457059, "delta": 3.289848}}
{"target": -18.18510309991661, "params": {"eta": 0.12129732475453303, "max_depth": 28.970041402218442, "n_estimators": 19.04112796883164}, "datetime": {"datetime": "2021-09-28 08:32:57", "elapsed": 651.151684, "delta": 2.694625}}
{"target": -18.265483652647593, "params": {"eta": 0.3394176369867573, "max_depth": 28.92434346320265, "n_estimators": 19.364159544698765}, "datetime": {"datetime": "2021-09-28 08:32:59", "elapsed": 653.486893, "delta": 2.335209}}
{"target": -19.25777430283126, "params": {"eta": 0.32449858367782636, "max_depth": 29.005417706726693, "n_estimators": 18.721187814240565}, "datetime": {"datetime": "2021-09-28 08:33:02", "elapsed": 657.049782, "delta": 3.562889}}
{"target": -18.60084988415093, "params": {"eta": 0.4095633746047456, "max_depth": 29.156053738355865, "n_estimators": 19.103861665604608}, "datetime": {"datetime": "2021-09-28 08:33:06", "elapsed": 660.893212, "delta": 3.84343}}
{"target": -21.649502829092118, "params": {"eta": 0.5618508178082984, "max_depth": 31.85461889884676, "n_estimators": 15.790420441691083}, "datetime": {"datetime": "2021-09-28 08:33:08", "elapsed": 662.723495, "delta": 1.830283}}
{"target": -16.3370176489998, "params": {"eta": 0.4245351895281221, "max_depth": 29.26742153216542, "n_estimators": 19.532286344339134}, "datetime": {"datetime": "2021-09-28 08:33:11", "elapsed": 665.207386, "delta": 2.483891}}
{"target": -17.20585506657877, "params": {"eta": 0.22832952523621466, "max_depth": 29.10753744629826, "n_estimators": 19.632965248264036}, "datetime": {"datetime": "2021-09-28 08:33:13", "elapsed": 667.765716, "delta": 2.55833}}
{"target": -19.582164810276627, "params": {"eta": 0.5426344989074144, "max_depth": 28.976073987297266, "n_estimators": 19.702072347286972}, "datetime": {"datetime": "2021-09-28 08:33:17", "elapsed": 671.155362, "delta": 3.389646}}
{"target": -33.31352732726805, "params": {"eta": 0.06580364728263978, "max_depth": 33.67525931222988, "n_estimators": 17.21754854002688}, "datetime": {"datetime": "2021-09-28 08:33:18", "elapsed": 672.820058, "delta": 1.664696}}
{"target": -19.170722300671983, "params": {"eta": 0.29658046286613976, "max_depth": 29.344350175301702, "n_estimators": 19.834019924626084}, "datetime": {"datetime": "2021-09-28 08:33:21", "elapsed": 675.294032, "delta": 2.473974}}
