{"target": -16.52035813141585, "params": {"eta": 0.13225432504558532, "max_depth": 16.556145934198067, "n_estimators": 227.3338003349089}, "datetime": {"datetime": "2021-09-28 07:49:39", "elapsed": 327.000812, "delta": 2.07444}}
{"target": -15.6610266355055, "params": {"eta": 0.07345942992955154, "max_depth": 17.102038934792866, "n_estimators": 206.98195487620254}, "datetime": {"datetime": "2021-09-28 07:49:41", "elapsed": 329.88213, "delta": 2.881318}}
{"target": -16.07748907970143, "params": {"eta": 0.09167249772587152, "max_depth": 17.382388975905762, "n_estimators": 207.0928744309963}, "datetime": {"datetime": "2021-09-28 07:49:44", "elapsed": 332.309777, "delta": 2.427647}}
{"target": -16.433794702442604, "params": {"eta": 0.20093648778941656, "max_depth": 11.384664377491964, "n_estimators": 207.014347697774}, "datetime": {"datetime": "2021-09-28 07:49:45", "elapsed": 333.879342, "delta": 1.569565}}
{"target": -16.97918354092093, "params": {"eta": 0.41481881155261613, "max_depth": 26.759854748527495, "n_estimators": 233.92759085760588}, "datetime": {"datetime": "2021-09-28 07:49:47", "elapsed": 335.07196, "delta": 1.192618}}
{"target": -16.577386189688575, "params": {"eta": 0.04169881871973443, "max_depth": 15.578915484387462, "n_estimators": 207.63493724252683}, "datetime": {"datetime": "2021-09-28 07:49:49", "elapsed": 337.489102, "delta": 2.417142}}
{"target": -17.675782882197684, "params": {"eta": 0.23271272928481945, "max_depth": 9.888854728266054, "n_estimators": 243.45348097361227}, "datetime": {"datetime": "2021-09-28 07:49:51", "elapsed": 339.373114, "delta": 1.884012}}
{"target": -16.160640421200576, "params": {"eta": 0.0997373335567078, "max_depth": 17.114327903087887, "n_estimators": 207.02203416658165}, "datetime": {"datetime": "2021-09-28 07:49:53", "elapsed": 341.683969, "delta": 2.310855}}
{"target": -16.052422652615807, "params": {"eta": 0.10409346322280594, "max_depth": 15.51243958912022, "n_estimators": 242.92888780468303}, "datetime": {"datetime": "2021-09-28 07:49:56", "elapsed": 344.116613, "delta": 2.432644}}
{"target": -16.259024340134758, "params": {"eta": 0.03514625581025321, "max_depth": 17.887663043685443, "n_estimators": 217.80248549213965}, "datetime": {"datetime": "2021-09-28 07:49:58", "elapsed": 346.662351, "delta": 2.545738}}
{"target": -17.29555014705099, "params": {"eta": 0.22796479701933278, "max_depth": 9.477199072244883, "n_estimators": 243.24360759031737}, "datetime": {"datetime": "2021-09-28 07:50:00", "elapsed": 348.64832, "delta": 1.985969}}
{"target": -16.883100291221993, "params": {"eta": 0.3647620701226991, "max_depth": 17.06740193676754, "n_estimators": 221.90926109211725}, "datetime": {"datetime": "2021-09-28 07:50:02", "elapsed": 350.507583, "delta": 1.859263}}
{"target": -16.865641841958766, "params": {"eta": 0.1373455433445432, "max_depth": 17.193052454294527, "n_estimators": 207.24600487687488}, "datetime": {"datetime": "2021-09-28 07:50:05", "elapsed": 352.949904, "delta": 2.442321}}
{"target": -16.680113282644434, "params": {"eta": 0.0723300173572084, "max_depth": 15.519192195361484, "n_estimators": 242.8694781827041}, "datetime": {"datetime": "2021-09-28 07:50:08", "elapsed": 356.103901, "delta": 3.153997}}
{"target": -16.575624256163813, "params": {"eta": 0.1298488216841663, "max_depth": 6.116116088431351, "n_estimators": 238.1306156197865}, "datetime": {"datetime": "2021-09-28 07:50:09", "elapsed": 357.67886, "delta": 1.574959}}
{"target": -17.06282174681501, "params": {"eta": 0.17908980948529238, "max_depth": 14.44693169916804, "n_estimators": 207.65938072715036}, "datetime": {"datetime": "2021-09-28 07:50:11", "elapsed": 359.899964, "delta": 2.221104}}
{"target": -15.577491244153835, "params": {"eta": 0.12892619793278387, "max_depth": 23.517321076502068, "n_estimators": 232.9383602894958}, "datetime": {"datetime": "2021-09-28 07:50:14", "elapsed": 362.146183, "delta": 2.246219}}
{"target": -16.322583395357967, "params": {"eta": 0.3304300059889578, "max_depth": 11.50564499866478, "n_estimators": 224.64446057709793}, "datetime": {"datetime": "2021-09-28 07:50:15", "elapsed": 363.505426, "delta": 1.359243}}
{"target": -16.2214532836265, "params": {"eta": 0.3404029849886776, "max_depth": 24.58911711147628, "n_estimators": 221.60565459918686}, "datetime": {"datetime": "2021-09-28 07:50:17", "elapsed": 365.036285, "delta": 1.530859}}
{"target": -16.939000046116046, "params": {"eta": 0.16245097395282304, "max_depth": 9.755342713154784, "n_estimators": 243.30547815891862}, "datetime": {"datetime": "2021-09-28 07:50:19", "elapsed": 367.177701, "delta": 2.141416}}
{"target": -16.723085678429616, "params": {"eta": 0.10911163734765966, "max_depth": 9.452936629704318, "n_estimators": 243.58834961327582}, "datetime": {"datetime": "2021-09-28 07:50:22", "elapsed": 370.209936, "delta": 3.032235}}
{"target": -16.759126520230318, "params": {"eta": 0.1564135858530776, "max_depth": 24.107754889022715, "n_estimators": 217.53624540591994}, "datetime": {"datetime": "2021-09-28 07:50:23", "elapsed": 371.773894, "delta": 1.563958}}
{"target": -15.869349670979277, "params": {"eta": 0.0739147042133513, "max_depth": 10.18545231519349, "n_estimators": 204.7114401555035}, "datetime": {"datetime": "2021-09-28 07:50:25", "elapsed": 373.812658, "delta": 2.038764}}
{"target": -16.756462173359218, "params": {"eta": 0.31105281293996045, "max_depth": 14.89853586911104, "n_estimators": 246.88458670052626}, "datetime": {"datetime": "2021-09-28 07:50:27", "elapsed": 375.342284, "delta": 1.529626}}
{"target": -20.484947901950992, "params": {"eta": 0.4931838067270886, "max_depth": 26.899528512373923, "n_estimators": 224.7685174146611}, "datetime": {"datetime": "2021-09-28 07:50:29", "elapsed": 376.938476, "delta": 1.596192}}
{"target": -16.82302425674396, "params": {"eta": 0.05858821233210142, "max_depth": 15.438854125265703, "n_estimators": 242.98208169809217}, "datetime": {"datetime": "2021-09-28 07:50:32", "elapsed": 380.076333, "delta": 3.137857}}
{"target": -16.0938540676156, "params": {"eta": 0.03686333103040753, "max_depth": 9.884153792540125, "n_estimators": 230.9147983857972}, "datetime": {"datetime": "2021-09-28 07:50:35", "elapsed": 383.807314, "delta": 3.730981}}
{"target": -16.43802046382989, "params": {"eta": 0.1733780420988805, "max_depth": 9.413761532361054, "n_estimators": 243.61136612977444}, "datetime": {"datetime": "2021-09-28 07:50:39", "elapsed": 387.035152, "delta": 3.227838}}
{"target": -15.98819013644862, "params": {"eta": 0.19340280846707378, "max_depth": 14.780941508153827, "n_estimators": 242.22551074293503}, "datetime": {"datetime": "2021-09-28 07:50:41", "elapsed": 389.620244, "delta": 2.585092}}
{"target": -16.321721020399846, "params": {"eta": 0.048163277234490764, "max_depth": 10.150761918285065, "n_estimators": 204.6365851749091}, "datetime": {"datetime": "2021-09-28 07:50:45", "elapsed": 392.940134, "delta": 3.31989}}
{"target": -17.552420299199806, "params": {"eta": 0.26356173311869757, "max_depth": 29.655212033645896, "n_estimators": 228.4673097455133}, "datetime": {"datetime": "2021-09-28 07:50:47", "elapsed": 394.953853, "delta": 2.013719}}
{"target": -16.036292377910765, "params": {"eta": 0.09191704682010875, "max_depth": 15.573942892743704, "n_estimators": 242.9900976796749}, "datetime": {"datetime": "2021-09-28 07:50:50", "elapsed": 397.976373, "delta": 3.02252}}
{"target": -16.154680293485278, "params": {"eta": 0.05478182418506659, "max_depth": 9.767300050898154, "n_estimators": 230.94965310930112}, "datetime": {"datetime": "2021-09-28 07:50:52", "elapsed": 400.693398, "delta": 2.717025}}
{"target": -16.802464145367168, "params": {"eta": 0.38376159981117497, "max_depth": 20.62607712076476, "n_estimators": 205.6838866257474}, "datetime": {"datetime": "2021-09-28 07:50:54", "elapsed": 402.060021, "delta": 1.366623}}
{"target": -16.825293293030985, "params": {"eta": 0.15631581749556592, "max_depth": 26.86850593930431, "n_estimators": 224.78393416335942}, "datetime": {"datetime": "2021-09-28 07:50:57", "elapsed": 404.932183, "delta": 2.872162}}
{"target": -16.259664948201696, "params": {"eta": 0.1255047713178426, "max_depth": 24.963568134044056, "n_estimators": 221.62769988623535}, "datetime": {"datetime": "2021-09-28 07:51:00", "elapsed": 408.479607, "delta": 3.547424}}
{"target": -15.83927918735889, "params": {"eta": 0.3336170159170988, "max_depth": 24.588642256043862, "n_estimators": 221.44085578904048}, "datetime": {"datetime": "2021-09-28 07:51:02", "elapsed": 410.815587, "delta": 2.33598}}
{"target": -17.77457039747543, "params": {"eta": 0.3130869506754279, "max_depth": 15.974275093007266, "n_estimators": 229.574795133631}, "datetime": {"datetime": "2021-09-28 07:51:04", "elapsed": 412.397959, "delta": 1.582372}}
{"target": -17.231593107608827, "params": {"eta": 0.275755077204229, "max_depth": 24.367330848843995, "n_estimators": 221.56560615849793}, "datetime": {"datetime": "2021-09-28 07:51:06", "elapsed": 414.829083, "delta": 2.431124}}
{"target": -16.597473438339225, "params": {"eta": 0.08742806643666019, "max_depth": 24.39433855472465, "n_estimators": 221.61552544778004}, "datetime": {"datetime": "2021-09-28 07:51:09", "elapsed": 417.85219, "delta": 3.023107}}
{"target": -18.011468582422644, "params": {"eta": 0.22629082107934442, "max_depth": 14.440963171823242, "n_estimators": 207.5280971656579}, "datetime": {"datetime": "2021-09-28 07:51:12", "elapsed": 420.490093, "delta": 2.637903}}
{"target": -16.059350860790524, "params": {"eta": 0.40179732789440614, "max_depth": 15.525274437771845, "n_estimators": 239.6398350283976}, "datetime": {"datetime": "2021-09-28 07:51:13", "elapsed": 421.874455, "delta": 1.384362}}
{"target": -17.063824231258053, "params": {"eta": 0.2145675197226901, "max_depth": 9.353686138016451, "n_estimators": 243.24162915987228}, "datetime": {"datetime": "2021-09-28 07:51:16", "elapsed": 424.239633, "delta": 2.365178}}
{"target": -15.210215368238433, "params": {"eta": 0.07361468972017439, "max_depth": 23.43779029252402, "n_estimators": 233.0189910428287}, "datetime": {"datetime": "2021-09-28 07:51:20", "elapsed": 428.232397, "delta": 3.992764}}
{"target": -16.96254377727121, "params": {"eta": 0.18262434406579728, "max_depth": 24.481126616059633, "n_estimators": 221.39699884226516}, "datetime": {"datetime": "2021-09-28 07:51:22", "elapsed": 430.812394, "delta": 2.579997}}
{"target": -16.932001782464265, "params": {"eta": 0.38545773090165014, "max_depth": 26.931769992677893, "n_estimators": 224.66411147331888}, "datetime": {"datetime": "2021-09-28 07:51:26", "elapsed": 434.082667, "delta": 3.270273}}
{"target": -16.871225140190692, "params": {"eta": 0.09153974101664245, "max_depth": 15.12908524224241, "n_estimators": 242.66592288327394}, "datetime": {"datetime": "2021-09-28 07:51:30", "elapsed": 438.549891, "delta": 4.467224}}
{"target": -16.738879508037197, "params": {"eta": 0.04256697417827105, "max_depth": 23.51728440544463, "n_estimators": 232.86844088466967}, "datetime": {"datetime": "2021-09-28 07:51:34", "elapsed": 442.622575, "delta": 4.072684}}
{"target": -16.32882197644521, "params": {"eta": 0.1469072438886309, "max_depth": 17.058655042240282, "n_estimators": 206.90492550430608}, "datetime": {"datetime": "2021-09-28 07:51:37", "elapsed": 445.900105, "delta": 3.27753}}
{"target": -17.049458172830036, "params": {"eta": 0.2923460729802779, "max_depth": 23.306199668564048, "n_estimators": 233.02831591027694}, "datetime": {"datetime": "2021-09-28 07:51:39", "elapsed": 447.792525, "delta": 1.89242}}
{"target": -17.066333240830836, "params": {"eta": 0.23938715378253342, "max_depth": 10.378537220783901, "n_estimators": 231.02200552913916}, "datetime": {"datetime": "2021-09-28 07:51:41", "elapsed": 449.620314, "delta": 1.827789}}
{"target": -15.920366976584974, "params": {"eta": 0.11526189682232801, "max_depth": 21.546857424500047, "n_estimators": 227.31418346557902}, "datetime": {"datetime": "2021-09-28 07:51:44", "elapsed": 452.686027, "delta": 3.065713}}
{"target": -16.975810181134804, "params": {"eta": 0.24320870196551425, "max_depth": 14.763307738783158, "n_estimators": 242.30234024860732}, "datetime": {"datetime": "2021-09-28 07:51:46", "elapsed": 454.686704, "delta": 2.000677}}
{"target": -16.684633445108883, "params": {"eta": 0.146954908377831, "max_depth": 23.50846758632035, "n_estimators": 233.01544526861883}, "datetime": {"datetime": "2021-09-28 07:51:49", "elapsed": 457.740389, "delta": 3.053685}}
{"target": -17.41779113326301, "params": {"eta": 0.2516106396540162, "max_depth": 24.09026905093608, "n_estimators": 249.03944773897663}, "datetime": {"datetime": "2021-09-28 07:51:52", "elapsed": 460.348177, "delta": 2.607788}}
{"target": -20.028292291332566, "params": {"eta": 0.4944877558897869, "max_depth": 28.008850957914994, "n_estimators": 248.40638366191428}, "datetime": {"datetime": "2021-09-28 07:51:54", "elapsed": 461.971942, "delta": 1.623765}}
{"target": -16.391701885759684, "params": {"eta": 0.05235071926225757, "max_depth": 24.49164177166455, "n_estimators": 221.58427906575156}, "datetime": {"datetime": "2021-09-28 07:51:58", "elapsed": 466.859516, "delta": 4.887574}}
{"target": -16.765468247724804, "params": {"eta": 0.1409457359191018, "max_depth": 24.499171497798955, "n_estimators": 242.72044775175314}, "datetime": {"datetime": "2021-09-28 07:52:02", "elapsed": 470.506448, "delta": 3.646932}}
{"target": -16.753062356707414, "params": {"eta": 0.38396880551428825, "max_depth": 29.13290311796272, "n_estimators": 214.2614679522884}, "datetime": {"datetime": "2021-09-28 07:52:04", "elapsed": 472.539978, "delta": 2.03353}}
{"target": -16.630559482979184, "params": {"eta": 0.08136111163961664, "max_depth": 23.545904869725593, "n_estimators": 232.9524520512242}, "datetime": {"datetime": "2021-09-28 07:52:07", "elapsed": 475.794925, "delta": 3.254947}}
{"target": -16.848450160788918, "params": {"eta": 0.08158749044132232, "max_depth": 22.86383033592919, "n_estimators": 225.0605073520881}, "datetime": {"datetime": "2021-09-28 07:52:11", "elapsed": 479.279508, "delta": 3.484583}}
{"target": -15.782467202935695, "params": {"eta": 0.11513493907424692, "max_depth": 23.464923510134692, "n_estimators": 232.8888360856437}, "datetime": {"datetime": "2021-09-28 07:52:13", "elapsed": 481.876316, "delta": 2.596808}}
{"target": -16.394456330136627, "params": {"eta": 0.10464943961570919, "max_depth": 29.721863579607227, "n_estimators": 208.52124423793308}, "datetime": {"datetime": "2021-09-28 07:52:17", "elapsed": 485.006161, "delta": 3.129845}}
{"target": -16.58606804046531, "params": {"eta": 0.08768056818667129, "max_depth": 15.075390885125412, "n_estimators": 242.58514014671385}, "datetime": {"datetime": "2021-09-28 07:52:20", "elapsed": 488.70042, "delta": 3.694259}}
{"target": -16.526845055869426, "params": {"eta": 0.07667763098132974, "max_depth": 11.935294099551859, "n_estimators": 233.14586354555465}, "datetime": {"datetime": "2021-09-28 07:52:24", "elapsed": 492.183454, "delta": 3.483034}}
{"target": -16.60053624873955, "params": {"eta": 0.3756402751242617, "max_depth": 24.879533748751594, "n_estimators": 247.6539176665315}, "datetime": {"datetime": "2021-09-28 07:52:26", "elapsed": 494.022201, "delta": 1.838747}}
{"target": -15.423008199553154, "params": {"eta": 0.21491498829863212, "max_depth": 10.472229744081158, "n_estimators": 202.68137821991053}, "datetime": {"datetime": "2021-09-28 07:52:27", "elapsed": 495.48266, "delta": 1.460459}}
{"target": -16.252711026227527, "params": {"eta": 0.09780408012489131, "max_depth": 9.992981963810246, "n_estimators": 231.07207809028296}, "datetime": {"datetime": "2021-09-28 07:52:30", "elapsed": 498.764204, "delta": 3.281544}}
{"target": -16.130614655803477, "params": {"eta": 0.04925293283259145, "max_depth": 9.742105001494348, "n_estimators": 230.86285742305262}, "datetime": {"datetime": "2021-09-28 07:52:33", "elapsed": 501.328835, "delta": 2.564631}}
{"target": -16.225509741829867, "params": {"eta": 0.059591483904835534, "max_depth": 29.545063451031808, "n_estimators": 228.45119273511236}, "datetime": {"datetime": "2021-09-28 07:52:37", "elapsed": 505.765524, "delta": 4.436689}}
{"target": -16.889388122682554, "params": {"eta": 0.1525575811517097, "max_depth": 17.03879368999349, "n_estimators": 206.99634796137119}, "datetime": {"datetime": "2021-09-28 07:52:40", "elapsed": 508.61288, "delta": 2.847356}}
{"target": -16.67353259988984, "params": {"eta": 0.21356136310956406, "max_depth": 10.494348243500808, "n_estimators": 202.76117051472215}, "datetime": {"datetime": "2021-09-28 07:52:43", "elapsed": 511.352011, "delta": 2.739131}}
{"target": -16.75401079937456, "params": {"eta": 0.3207902662412827, "max_depth": 8.217302943655621, "n_estimators": 232.259060403633}, "datetime": {"datetime": "2021-09-28 07:52:44", "elapsed": 512.920066, "delta": 1.568055}}
{"target": -15.952362601501427, "params": {"eta": 0.15078268492961433, "max_depth": 29.913036940306032, "n_estimators": 228.62160642860516}, "datetime": {"datetime": "2021-09-28 07:52:47", "elapsed": 515.825476, "delta": 2.90541}}
{"target": -20.340840357849462, "params": {"eta": 0.48155834123031416, "max_depth": 22.819779418741177, "n_estimators": 245.53570773495778}, "datetime": {"datetime": "2021-09-28 07:52:49", "elapsed": 517.666965, "delta": 1.841489}}
{"target": -17.302489330240487, "params": {"eta": 0.27705700045416115, "max_depth": 24.570053176124922, "n_estimators": 221.37987810275038}, "datetime": {"datetime": "2021-09-28 07:52:52", "elapsed": 520.545393, "delta": 2.878428}}
{"target": -16.635406515978545, "params": {"eta": 0.3105016716494764, "max_depth": 13.575946831862097, "n_estimators": 72.19343632501507}, "datetime": {"datetime": "2021-09-28 08:25:16", "elapsed": 0.0, "delta": 0.0}}
{"target": -17.002814303953986, "params": {"eta": 0.3088509368586967, "max_depth": 12.118273996694523, "n_estimators": 75.21258791466593}, "datetime": {"datetime": "2021-09-28 08:25:16", "elapsed": 0.370992, "delta": 0.370992}}
{"target": -16.958109940718664, "params": {"eta": 0.2637866287303309, "max_depth": 14.458865003910399, "n_estimators": 97.45639323507206}, "datetime": {"datetime": "2021-09-28 08:25:17", "elapsed": 1.214308, "delta": 0.843316}}
{"target": -17.711513964178376, "params": {"eta": 0.24104543790682664, "max_depth": 13.958625190413322, "n_estimators": 67.0226443827033}, "datetime": {"datetime": "2021-09-28 08:25:18", "elapsed": 1.959308, "delta": 0.745}}
{"target": -16.968874586630005, "params": {"eta": 0.238975124960205, "max_depth": 14.368065037468032, "n_estimators": 73.37875093915244}, "datetime": {"datetime": "2021-09-28 08:25:19", "elapsed": 2.956875, "delta": 0.997567}}
{"target": -20.423342923360366, "params": {"eta": 0.4958654512171992, "max_depth": 12.076238393270483, "n_estimators": 72.02101901848148}, "datetime": {"datetime": "2021-09-28 08:25:20", "elapsed": 3.477662, "delta": 0.520787}}
{"target": -17.15083842743782, "params": {"eta": 0.30726349142993437, "max_depth": 12.765533825566173, "n_estimators": 81.27951701235128}, "datetime": {"datetime": "2021-09-28 08:25:20", "elapsed": 3.942658, "delta": 0.464996}}
{"target": -16.146981323746754, "params": {"eta": 0.16204210376010414, "max_depth": 11.37703250435389, "n_estimators": 36.04378433080661}, "datetime": {"datetime": "2021-09-28 08:25:20", "elapsed": 4.258661, "delta": 0.316003}}
{"target": -16.65115578697042, "params": {"eta": 0.23625975032308705, "max_depth": 10.57739386392228, "n_estimators": 90.00026140022656}, "datetime": {"datetime": "2021-09-28 08:25:21", "elapsed": 4.805657, "delta": 0.546996}}
{"target": -16.778962659511926, "params": {"eta": 0.29195637102473104, "max_depth": 12.747984968537004, "n_estimators": 81.27557236387139}, "datetime": {"datetime": "2021-09-28 08:25:21", "elapsed": 5.330815, "delta": 0.525158}}
{"target": -15.437975044026109, "params": {"eta": 0.09907391923896053, "max_depth": 11.30536047937247, "n_estimators": 36.14625723682823}, "datetime": {"datetime": "2021-09-28 08:25:22", "elapsed": 5.646813, "delta": 0.315998}}
{"target": -17.306843083392344, "params": {"eta": 0.1665369379713962, "max_depth": 10.905314240364289, "n_estimators": 30.02611679036412}, "datetime": {"datetime": "2021-09-28 08:25:22", "elapsed": 5.915814, "delta": 0.269001}}
{"target": -16.73396340579511, "params": {"eta": 0.42526138087209125, "max_depth": 10.603674268043028, "n_estimators": 58.01654869789055}, "datetime": {"datetime": "2021-09-28 08:25:22", "elapsed": 6.331815, "delta": 0.416001}}
{"target": -16.626934449719, "params": {"eta": 0.2284619111203779, "max_depth": 11.393839438054721, "n_estimators": 36.13480925553469}, "datetime": {"datetime": "2021-09-28 08:25:23", "elapsed": 6.665813, "delta": 0.333998}}
{"target": -15.434075812782014, "params": {"eta": 0.20374155118472753, "max_depth": 10.852058391148157, "n_estimators": 67.08597361746587}, "datetime": {"datetime": "2021-09-28 08:25:23", "elapsed": 7.129433, "delta": 0.46362}}
{"target": -17.614436500394007, "params": {"eta": 0.299731179546571, "max_depth": 12.905702193281197, "n_estimators": 39.54231586561145}, "datetime": {"datetime": "2021-09-28 08:25:24", "elapsed": 7.594436, "delta": 0.465003}}
{"target": -16.656797850985917, "params": {"eta": 0.3104391657705221, "max_depth": 10.844568953743774, "n_estimators": 67.16958757532001}, "datetime": {"datetime": "2021-09-28 08:25:24", "elapsed": 8.079442, "delta": 0.485006}}
{"target": -16.901819935944342, "params": {"eta": 0.15849534071900095, "max_depth": 10.948195790280733, "n_estimators": 67.07461881178908}, "datetime": {"datetime": "2021-09-28 08:25:25", "elapsed": 8.638584, "delta": 0.559142}}
{"target": -15.77425030236709, "params": {"eta": 0.14969031229023522, "max_depth": 11.876302299404983, "n_estimators": 90.32308528763167}, "datetime": {"datetime": "2021-09-28 08:25:25", "elapsed": 9.250754, "delta": 0.61217}}
