{"target": -20.442513930931412, "params": {"eta": 0.6, "max_depth": 10.1975781728613, "n_estimators": 18.447262095306556}, "datetime": {"datetime": "2021-09-27 22:19:25", "elapsed": 40.787543, "delta": 0.540663}}
{"target": -25.101460906928885, "params": {"eta": 0.03, "max_depth": 6.0, "n_estimators": 50.37415137593358}, "datetime": {"datetime": "2021-09-27 22:19:26", "elapsed": 41.270543, "delta": 0.483}}
{"target": -19.741974386592084, "params": {"eta": 0.6, "max_depth": 6.0, "n_estimators": 61.265063365588546}, "datetime": {"datetime": "2021-09-27 22:19:27", "elapsed": 42.096542, "delta": 0.825999}}
{"target": -16.4925659428367, "params": {"eta": 0.13664046038959243, "max_depth": 11.602783904172735, "n_estimators": 94.44962430794627}, "datetime": {"datetime": "2021-09-27 22:19:28", "elapsed": 43.165811, "delta": 1.069269}}
{"target": -21.00134176990417, "params": {"eta": 0.5920619427246949, "max_depth": 18.869652045077345, "n_estimators": 87.68777749095598}, "datetime": {"datetime": "2021-09-27 22:19:29", "elapsed": 43.927469, "delta": 0.761658}}
{"target": -20.26064913142029, "params": {"eta": 0.5673598319832762, "max_depth": 15.150306127111943, "n_estimators": 76.94961320599432}, "datetime": {"datetime": "2021-09-27 22:19:30", "elapsed": 44.969467, "delta": 1.041998}}
{"target": -21.137459574824664, "params": {"eta": 0.5993651362818728, "max_depth": 29.744505905146607, "n_estimators": 51.18291013563772}, "datetime": {"datetime": "2021-09-27 22:19:30", "elapsed": 45.647469, "delta": 0.678002}}
{"target": -21.01343623449621, "params": {"eta": 0.6, "max_depth": 24.19882371274972, "n_estimators": 71.90647947916828}, "datetime": {"datetime": "2021-09-27 22:19:31", "elapsed": 46.363468, "delta": 0.715999}}
{"target": -20.679616666633223, "params": {"eta": 0.5754852483837807, "max_depth": 29.906275707663717, "n_estimators": 77.14050192356534}, "datetime": {"datetime": "2021-09-27 22:19:32", "elapsed": 47.114754, "delta": 0.751286}}
{"target": -18.1627167112048, "params": {"eta": 0.03, "max_depth": 6.0, "n_estimators": 71.45070752216802}, "datetime": {"datetime": "2021-09-27 22:19:33", "elapsed": 47.920753, "delta": 0.805999}}
{"target": -20.874008370386008, "params": {"eta": 0.6, "max_depth": 26.353718248371646, "n_estimators": 10.095743933513587}, "datetime": {"datetime": "2021-09-27 22:19:33", "elapsed": 48.597407, "delta": 0.676654}}
{"target": -58.659876440021606, "params": {"eta": 0.03, "max_depth": 30.0, "n_estimators": 17.36477539113812}, "datetime": {"datetime": "2021-09-27 22:19:34", "elapsed": 49.048102, "delta": 0.450695}}
{"target": -21.009688023208476, "params": {"eta": 0.6, "max_depth": 26.750287280493612, "n_estimators": 26.14206828020904}, "datetime": {"datetime": "2021-09-27 22:19:34", "elapsed": 49.720106, "delta": 0.672004}}
{"target": -19.785557849232013, "params": {"eta": 0.5584015297941768, "max_depth": 20.744691885346242, "n_estimators": 15.089177367074184}, "datetime": {"datetime": "2021-09-27 22:19:35", "elapsed": 50.646054, "delta": 0.925948}}
{"target": -25.186303513548346, "params": {"eta": 0.03, "max_depth": 20.19325122799325, "n_estimators": 50.51603248779076}, "datetime": {"datetime": "2021-09-27 22:19:36", "elapsed": 51.369055, "delta": 0.723001}}
{"target": -17.382712820529523, "params": {"eta": 0.39320441294931074, "max_depth": 11.125561675250665, "n_estimators": 55.369542524763375}, "datetime": {"datetime": "2021-09-27 22:19:37", "elapsed": 52.11706, "delta": 0.748005}}
{"target": -20.655332388297225, "params": {"eta": 0.5434983573267363, "max_depth": 20.462709719326057, "n_estimators": 63.59316730124757}, "datetime": {"datetime": "2021-09-27 22:19:38", "elapsed": 53.041265, "delta": 0.924205}}
{"target": -38.55771993465327, "params": {"eta": 0.03, "max_depth": 12.427303236777986, "n_estimators": 32.5774238946453}, "datetime": {"datetime": "2021-09-27 22:19:38", "elapsed": 53.67327, "delta": 0.632005}}
{"target": -21.605587438894926, "params": {"eta": 0.6, "max_depth": 13.881237703367736, "n_estimators": 41.50349433127194}, "datetime": {"datetime": "2021-09-27 22:19:39", "elapsed": 54.661497, "delta": 0.988227}}
{"target": -30.41766802755553, "params": {"eta": 0.053461666152986365, "max_depth": 11.822693353830111, "n_estimators": 23.116784278126538}, "datetime": {"datetime": "2021-09-27 22:19:40", "elapsed": 55.151495, "delta": 0.489998}}
{"target": -20.44819634388206, "params": {"eta": 0.6, "max_depth": 10.033520631013335, "n_estimators": 80.29887029337976}, "datetime": {"datetime": "2021-09-27 22:19:41", "elapsed": 55.932495, "delta": 0.781}}
{"target": -19.902031641056436, "params": {"eta": 0.5198290433049726, "max_depth": 15.888818215984909, "n_estimators": 94.15956502702859}, "datetime": {"datetime": "2021-09-27 22:19:41", "elapsed": 56.834665, "delta": 0.90217}}
{"target": -16.8131241949487, "params": {"eta": 0.03, "max_depth": 25.516076868418725, "n_estimators": 80.16618382817339}, "datetime": {"datetime": "2021-09-27 22:19:43", "elapsed": 57.909669, "delta": 1.075004}}
{"target": -89.03967213038761, "params": {"eta": 0.03, "max_depth": 18.410122835108403, "n_estimators": 3.666307136495424}, "datetime": {"datetime": "2021-09-27 22:19:43", "elapsed": 58.363666, "delta": 0.453997}}
{"target": -44.113096351929066, "params": {"eta": 0.03, "max_depth": 6.0, "n_estimators": 27.33370227011293}, "datetime": {"datetime": "2021-09-27 22:19:44", "elapsed": 59.109491, "delta": 0.745825}}
{"target": -19.741168845224376, "params": {"eta": 0.6, "max_depth": 6.0, "n_estimators": 95.85261174230416}, "datetime": {"datetime": "2021-09-27 22:19:45", "elapsed": 59.91949, "delta": 0.809999}}
{"target": -16.683445003981408, "params": {"eta": 0.40648437275818006, "max_depth": 19.651477059361667, "n_estimators": 24.206642621654314}, "datetime": {"datetime": "2021-09-27 22:19:46", "elapsed": 60.955697, "delta": 1.036207}}
{"target": -22.658585261563342, "params": {"eta": 0.11298724872946425, "max_depth": 12.628148846912314, "n_estimators": 14.034899230306413}, "datetime": {"datetime": "2021-09-27 22:19:46", "elapsed": 61.622698, "delta": 0.667001}}
{"target": -17.62739390983185, "params": {"eta": 0.4338814162521567, "max_depth": 29.927355328364996, "n_estimators": 42.80453724345458}, "datetime": {"datetime": "2021-09-27 22:19:47", "elapsed": 62.373695, "delta": 0.750997}}
{"target": -18.787633103498795, "params": {"eta": 0.030007066032251915, "max_depth": 19.057386698461993, "n_estimators": 68.66961873017324}, "datetime": {"datetime": "2021-09-27 22:19:48", "elapsed": 63.185856, "delta": 0.812161}}
{"target": -16.848469012508964, "params": {"eta": 0.10201550341933198, "max_depth": 25.724006329616998, "n_estimators": 63.75860215610295}, "datetime": {"datetime": "2021-09-27 22:19:49", "elapsed": 64.367036, "delta": 1.18118}}
{"target": -20.26375957384513, "params": {"eta": 0.488513112686385, "max_depth": 15.32047476145506, "n_estimators": 60.392913684072155}, "datetime": {"datetime": "2021-09-27 22:19:50", "elapsed": 65.159072, "delta": 0.792036}}
{"target": -56.97927589931218, "params": {"eta": 0.03, "max_depth": 6.0, "n_estimators": 18.691504373624387}, "datetime": {"datetime": "2021-09-27 22:19:51", "elapsed": 65.85807, "delta": 0.698998}}
{"target": -18.627849999983788, "params": {"eta": 0.4774959262795516, "max_depth": 22.817646761137603, "n_estimators": 94.46054811208408}, "datetime": {"datetime": "2021-09-27 22:19:52", "elapsed": 67.094203, "delta": 1.236133}}
{"target": -16.761711289745694, "params": {"eta": 0.36667924807714203, "max_depth": 6.104530752135867, "n_estimators": 12.081678571663081}, "datetime": {"datetime": "2021-09-27 22:19:52", "elapsed": 67.7372, "delta": 0.642997}}
{"target": -17.079311733750988, "params": {"eta": 0.17816421571676647, "max_depth": 11.997887460271464, "n_estimators": 64.83587671015727}, "datetime": {"datetime": "2021-09-27 22:19:54", "elapsed": 69.048425, "delta": 1.311225}}
{"target": -16.63439125697233, "params": {"eta": 0.03, "max_depth": 18.986560385081827, "n_estimators": 82.60975317305504}, "datetime": {"datetime": "2021-09-27 22:19:55", "elapsed": 69.981433, "delta": 0.933008}}
{"target": -17.275233972707483, "params": {"eta": 0.2318735220418948, "max_depth": 26.195060738006248, "n_estimators": 87.71808994968278}, "datetime": {"datetime": "2021-09-27 22:19:56", "elapsed": 71.193823, "delta": 1.21239}}
{"target": -21.00359238165923, "params": {"eta": 0.6, "max_depth": 22.333758677070765, "n_estimators": 56.59809128770243}, "datetime": {"datetime": "2021-09-27 22:19:57", "elapsed": 72.331826, "delta": 1.138003}}
{"target": -20.3149173198661, "params": {"eta": 0.49562585575976903, "max_depth": 26.85010038385832, "n_estimators": 68.17242941695882}, "datetime": {"datetime": "2021-09-27 22:19:58", "elapsed": 73.503821, "delta": 1.171995}}
{"target": -18.29459181421357, "params": {"eta": 0.45691344710251103, "max_depth": 10.159853154511788, "n_estimators": 91.07301836563036}, "datetime": {"datetime": "2021-09-27 22:19:59", "elapsed": 74.330539, "delta": 0.826718}}
{"target": -21.010495695476685, "params": {"eta": 0.6, "max_depth": 25.43081864696066, "n_estimators": 48.69902352621116}, "datetime": {"datetime": "2021-09-27 22:20:00", "elapsed": 75.23949, "delta": 0.908951}}
{"target": -16.580202127046675, "params": {"eta": 0.2950847960803773, "max_depth": 26.98886638011095, "n_estimators": 59.91716337312099}, "datetime": {"datetime": "2021-09-27 22:20:01", "elapsed": 76.400483, "delta": 1.160993}}
{"target": -16.89954517778245, "params": {"eta": 0.14211150300289882, "max_depth": 15.00326493267101, "n_estimators": 85.62875337444659}, "datetime": {"datetime": "2021-09-27 22:20:03", "elapsed": 78.124827, "delta": 1.724344}}
{"target": -17.50589132492126, "params": {"eta": 0.40910524141926197, "max_depth": 23.1559542573859, "n_estimators": 76.06872002679471}, "datetime": {"datetime": "2021-09-27 22:20:04", "elapsed": 79.003753, "delta": 0.878926}}
{"target": -19.741169364051007, "params": {"eta": 0.6, "max_depth": 6.0, "n_estimators": 87.37380310436654}, "datetime": {"datetime": "2021-09-27 22:20:05", "elapsed": 79.88175, "delta": 0.877997}}
{"target": -19.297054272932183, "params": {"eta": 0.5073011230189627, "max_depth": 17.262714051663167, "n_estimators": 38.092921889239385}, "datetime": {"datetime": "2021-09-27 22:20:06", "elapsed": 81.151966, "delta": 1.270216}}
{"target": -16.074335997758688, "params": {"eta": 0.05587952731836138, "max_depth": 13.573438154435685, "n_estimators": 51.81849324911403}, "datetime": {"datetime": "2021-09-27 22:20:07", "elapsed": 81.861963, "delta": 0.709997}}
{"target": -19.7955731555611, "params": {"eta": 0.5895544553025382, "max_depth": 8.839423212455134, "n_estimators": 13.768451018914428}, "datetime": {"datetime": "2021-09-27 22:20:07", "elapsed": 82.579961, "delta": 0.717998}}
{"target": -16.17825921962099, "params": {"eta": 0.3016071433052344, "max_depth": 29.918257285603474, "n_estimators": 35.672131861793865}, "datetime": {"datetime": "2021-09-27 22:20:08", "elapsed": 83.434101, "delta": 0.85414}}
{"target": -15.57621252722977, "params": {"eta": 0.03, "max_depth": 19.078722941084994, "n_estimators": 100.0}, "datetime": {"datetime": "2021-09-27 22:20:10", "elapsed": 84.89872, "delta": 1.464619}}
{"target": -15.932454946865873, "params": {"eta": 0.042290329885800795, "max_depth": 26.622338042435214, "n_estimators": 92.73064082589762}, "datetime": {"datetime": "2021-09-27 22:20:11", "elapsed": 85.935715, "delta": 1.036995}}
{"target": -20.500708874779907, "params": {"eta": 0.5451529153844373, "max_depth": 24.85481693070033, "n_estimators": 38.229573018437}, "datetime": {"datetime": "2021-09-27 22:20:12", "elapsed": 87.066234, "delta": 1.130519}}
{"target": -20.269857298502114, "params": {"eta": 0.5662549645593091, "max_depth": 17.7819147417421, "n_estimators": 20.94272873485187}, "datetime": {"datetime": "2021-09-27 22:20:13", "elapsed": 88.049235, "delta": 0.983001}}
{"target": -18.507839805018037, "params": {"eta": 0.03, "max_depth": 9.661901878985939, "n_estimators": 69.98443680724833}, "datetime": {"datetime": "2021-09-27 22:20:13", "elapsed": 88.832997, "delta": 0.783762}}
{"target": -16.4485541648523, "params": {"eta": 0.1923655718136515, "max_depth": 29.994289406521755, "n_estimators": 94.36241909697189}, "datetime": {"datetime": "2021-09-27 22:20:15", "elapsed": 90.360998, "delta": 1.528001}}
{"target": -18.34989032164138, "params": {"eta": 0.473611794914338, "max_depth": 24.06558799950745, "n_estimators": 13.868331713039542}, "datetime": {"datetime": "2021-09-27 22:20:16", "elapsed": 91.158671, "delta": 0.797673}}
{"target": -18.00765914994796, "params": {"eta": 0.2674448392520836, "max_depth": 29.84711648576463, "n_estimators": 26.372413601892806}, "datetime": {"datetime": "2021-09-27 22:20:17", "elapsed": 92.217674, "delta": 1.059003}}
{"target": -17.249006899169174, "params": {"eta": 0.18329964648145422, "max_depth": 10.166469190768662, "n_estimators": 51.08346291212885}, "datetime": {"datetime": "2021-09-27 22:20:18", "elapsed": 93.177224, "delta": 0.95955}}
{"target": -16.757070953845385, "params": {"eta": 0.2394426468040484, "max_depth": 17.28666492452354, "n_estimators": 12.826534862107728}, "datetime": {"datetime": "2021-09-27 22:20:18", "elapsed": 93.836224, "delta": 0.659}}
{"target": -17.08282643783695, "params": {"eta": 0.08450053439056276, "max_depth": 18.99473624484393, "n_estimators": 91.84882538728262}, "datetime": {"datetime": "2021-09-27 22:20:20", "elapsed": 95.337224, "delta": 1.501}}
{"target": -16.85847175248987, "params": {"eta": 0.061842222879804155, "max_depth": 26.520797074296553, "n_estimators": 42.70889071137994}, "datetime": {"datetime": "2021-09-27 22:20:21", "elapsed": 96.071221, "delta": 0.733997}}
{"target": -17.048868424347287, "params": {"eta": 0.2410230437783373, "max_depth": 9.758057982607287, "n_estimators": 44.189850102266625}, "datetime": {"datetime": "2021-09-27 22:20:22", "elapsed": 97.387484, "delta": 1.316263}}
{"target": -31.75311192129574, "params": {"eta": 0.04748965411961783, "max_depth": 22.754980989350006, "n_estimators": 25.778217052615567}, "datetime": {"datetime": "2021-09-27 22:20:23", "elapsed": 98.15648, "delta": 0.768996}}
{"target": -21.003897483413418, "params": {"eta": 0.6, "max_depth": 18.62814639816965, "n_estimators": 77.55074656700705}, "datetime": {"datetime": "2021-09-27 22:20:24", "elapsed": 98.956717, "delta": 0.800237}}
{"target": -16.135515783651552, "params": {"eta": 0.31750216575956214, "max_depth": 8.834435001677374, "n_estimators": 58.322677743391104}, "datetime": {"datetime": "2021-09-27 22:20:25", "elapsed": 100.403716, "delta": 1.446999}}
{"target": -16.655062081605106, "params": {"eta": 0.38280699958507813, "max_depth": 25.856260026600975, "n_estimators": 56.59722888694872}, "datetime": {"datetime": "2021-09-27 22:20:26", "elapsed": 101.466197, "delta": 1.062481}}
{"target": -17.89473600617249, "params": {"eta": 0.27783444155124504, "max_depth": 26.17820762285945, "n_estimators": 83.83170449433834}, "datetime": {"datetime": "2021-09-27 22:20:27", "elapsed": 102.565202, "delta": 1.099005}}
{"target": -20.44819634388206, "params": {"eta": 0.6, "max_depth": 10.647853272115151, "n_estimators": 39.62168163100868}, "datetime": {"datetime": "2021-09-27 22:20:28", "elapsed": 103.837093, "delta": 1.271891}}
{"target": -20.916917409182687, "params": {"eta": 0.6, "max_depth": 11.067167238761629, "n_estimators": 97.92561571296564}, "datetime": {"datetime": "2021-09-27 22:20:29", "elapsed": 104.79409, "delta": 0.956997}}
{"target": -16.010061308145275, "params": {"eta": 0.051720653385040755, "max_depth": 29.846098742509962, "n_estimators": 61.27358949405851}, "datetime": {"datetime": "2021-09-27 22:20:30", "elapsed": 105.703089, "delta": 0.908999}}
{"target": -26.841881582364802, "params": {"eta": 0.03, "max_depth": 9.146167071754201, "n_estimators": 47.41424331695818}, "datetime": {"datetime": "2021-09-27 22:20:31", "elapsed": 106.530083, "delta": 0.826994}}
{"target": -16.123336833114706, "params": {"eta": 0.064839871304136, "max_depth": 29.645709412829305, "n_estimators": 86.25958031122866}, "datetime": {"datetime": "2021-09-27 22:20:33", "elapsed": 108.137829, "delta": 1.607746}}
{"target": -15.692407677076053, "params": {"eta": 0.043726909458736626, "max_depth": 15.503063247116579, "n_estimators": 73.34500219567205}, "datetime": {"datetime": "2021-09-27 22:20:34", "elapsed": 109.356836, "delta": 1.219007}}
{"target": -36.61010562307682, "params": {"eta": 0.03, "max_depth": 26.984998043401202, "n_estimators": 34.54697438179211}, "datetime": {"datetime": "2021-09-27 22:20:35", "elapsed": 110.140828, "delta": 0.783992}}
{"target": -15.594718797265717, "params": {"eta": 0.0835584971944103, "max_depth": 16.709147355920283, "n_estimators": 46.40234635099785}, "datetime": {"datetime": "2021-09-27 22:20:36", "elapsed": 111.230604, "delta": 1.089776}}
{"target": -19.496748656330706, "params": {"eta": 0.5551444411653591, "max_depth": 15.993833768672562, "n_estimators": 49.91780332658537}, "datetime": {"datetime": "2021-09-27 22:20:37", "elapsed": 112.247606, "delta": 1.017002}}
{"target": -15.899202350760962, "params": {"eta": 0.33264154159316295, "max_depth": 22.679706991638373, "n_estimators": 81.73734610822964}, "datetime": {"datetime": "2021-09-27 22:20:38", "elapsed": 113.276509, "delta": 1.028903}}
{"target": -16.028718897888556, "params": {"eta": 0.04647550050523659, "max_depth": 19.29253349038059, "n_estimators": 59.99973116889408}, "datetime": {"datetime": "2021-09-27 22:20:39", "elapsed": 114.258643, "delta": 0.982134}}
{"target": -16.089740386594936, "params": {"eta": 0.19134721070223795, "max_depth": 9.091674925149768, "n_estimators": 62.96652846302806}, "datetime": {"datetime": "2021-09-27 22:20:40", "elapsed": 115.230639, "delta": 0.971996}}
{"target": -17.253861058984008, "params": {"eta": 0.031222283712011786, "max_depth": 12.758477412089015, "n_estimators": 74.43724501586809}, "datetime": {"datetime": "2021-09-27 22:20:41", "elapsed": 116.699643, "delta": 1.469004}}
{"target": -16.00134023606243, "params": {"eta": 0.03, "max_depth": 8.672021686932986, "n_estimators": 94.13509680257845}, "datetime": {"datetime": "2021-09-27 22:20:43", "elapsed": 117.864341, "delta": 1.164698}}
{"target": -21.010161679772967, "params": {"eta": 0.6, "max_depth": 17.176633757451096, "n_estimators": 15.675204261244096}, "datetime": {"datetime": "2021-09-27 22:20:43", "elapsed": 118.775339, "delta": 0.910998}}
{"target": -76.5665344989642, "params": {"eta": 0.03, "max_depth": 30.0, "n_estimators": 8.92620863972063}, "datetime": {"datetime": "2021-09-27 22:20:44", "elapsed": 119.434565, "delta": 0.659226}}
{"target": -15.383374324906438, "params": {"eta": 0.1632108867566257, "max_depth": 23.28895702584679, "n_estimators": 67.29473440088749}, "datetime": {"datetime": "2021-09-27 22:20:46", "elapsed": 120.86056, "delta": 1.425995}}
{"target": -16.34210134702059, "params": {"eta": 0.3489178200593981, "max_depth": 10.416297867011618, "n_estimators": 62.18365704091469}, "datetime": {"datetime": "2021-09-27 22:20:47", "elapsed": 122.507915, "delta": 1.647355}}
{"target": -19.381961268034278, "params": {"eta": 0.5149410388062007, "max_depth": 27.022699984258864, "n_estimators": 7.114152174736123}, "datetime": {"datetime": "2021-09-27 22:20:48", "elapsed": 123.629503, "delta": 1.121588}}
{"target": -16.955743262518823, "params": {"eta": 0.38674797229261204, "max_depth": 9.157437544984953, "n_estimators": 60.82407600261942}, "datetime": {"datetime": "2021-09-27 22:20:50", "elapsed": 125.225713, "delta": 1.59621}}
{"target": -16.246582209745565, "params": {"eta": 0.37480093787379, "max_depth": 23.40597521652692, "n_estimators": 79.85493879257164}, "datetime": {"datetime": "2021-09-27 22:20:51", "elapsed": 126.762711, "delta": 1.536998}}
{"target": -20.17832355666079, "params": {"eta": 0.5890783774647473, "max_depth": 24.55626390755178, "n_estimators": 81.83259338862189}, "datetime": {"datetime": "2021-09-27 22:20:53", "elapsed": 128.146845, "delta": 1.384134}}
{"target": -15.738882935798323, "params": {"eta": 0.21254502681696646, "max_depth": 28.13033588110449, "n_estimators": 94.02270444496655}, "datetime": {"datetime": "2021-09-27 22:20:54", "elapsed": 129.836752, "delta": 1.689907}}
{"target": -17.215644505463413, "params": {"eta": 0.3414376213647988, "max_depth": 20.719713137026417, "n_estimators": 81.36471425946753}, "datetime": {"datetime": "2021-09-27 22:20:56", "elapsed": 131.690006, "delta": 1.853254}}
{"target": -17.25212974124239, "params": {"eta": 0.24125816004619108, "max_depth": 27.496011768276674, "n_estimators": 62.069166774330824}, "datetime": {"datetime": "2021-09-27 22:20:59", "elapsed": 133.913959, "delta": 2.223953}}
{"target": -17.089866748757448, "params": {"eta": 0.3413358009171479, "max_depth": 25.22657482445434, "n_estimators": 61.598283421435156}, "datetime": {"datetime": "2021-09-27 22:21:00", "elapsed": 135.837267, "delta": 1.923308}}
{"target": -16.383729505743304, "params": {"eta": 0.40464368249490423, "max_depth": 25.64499014278444, "n_estimators": 77.65855207614621}, "datetime": {"datetime": "2021-09-27 22:21:03", "elapsed": 138.00961, "delta": 2.172343}}
{"target": -21.003897483413418, "params": {"eta": 0.6, "max_depth": 18.476037414392316, "n_estimators": 97.89092635100506}, "datetime": {"datetime": "2021-09-27 22:21:04", "elapsed": 139.098327, "delta": 1.088717}}
{"target": -17.89781352204041, "params": {"eta": 0.4233585076589207, "max_depth": 24.949336838682044, "n_estimators": 58.94755470979318}, "datetime": {"datetime": "2021-09-27 22:21:05", "elapsed": 140.67833, "delta": 1.580003}}
{"target": -20.66486927522974, "params": {"eta": 0.49108086976144316, "max_depth": 29.726373802195383, "n_estimators": 13.179563076045902}, "datetime": {"datetime": "2021-09-27 22:21:06", "elapsed": 141.713506, "delta": 1.035176}}
