{"target": -16.4859684005477, "params": {"eta": 0.4, "max_depth": 27.973162833390784, "n_estimators": 68.53202593028116}, "datetime": {"datetime": "2021-09-27 21:48:25", "elapsed": 615.768533, "delta": 3.142465}}
{"target": -16.59014969814074, "params": {"eta": 0.4, "max_depth": 11.375935380535939, "n_estimators": 22.920358338253436}, "datetime": {"datetime": "2021-09-27 21:48:29", "elapsed": 619.901068, "delta": 4.132535}}
{"target": -17.369103178369517, "params": {"eta": 0.38055273990649807, "max_depth": 10.381836700472759, "n_estimators": 34.94999615104041}, "datetime": {"datetime": "2021-09-27 21:48:32", "elapsed": 623.01931, "delta": 3.118242}}
{"target": -15.961442621988201, "params": {"eta": 0.3275153893759669, "max_depth": 25.22815022713055, "n_estimators": 98.09122488708702}, "datetime": {"datetime": "2021-09-27 21:48:36", "elapsed": 626.51788, "delta": 3.49857}}
{"target": -17.159172273557598, "params": {"eta": 0.3863524440680426, "max_depth": 27.10509728034743, "n_estimators": 74.51141129311364}, "datetime": {"datetime": "2021-09-27 21:48:39", "elapsed": 630.350532, "delta": 3.832652}}
{"target": -25.69705891657394, "params": {"eta": 0.03, "max_depth": 24.591123054604036, "n_estimators": 49.67261934643898}, "datetime": {"datetime": "2021-09-27 21:48:45", "elapsed": 636.095655, "delta": 5.745123}}
{"target": -15.51976420459919, "params": {"eta": 0.04560760856616553, "max_depth": 28.405014781049154, "n_estimators": 88.64210935652602}, "datetime": {"datetime": "2021-09-27 21:48:48", "elapsed": 638.738908, "delta": 2.643253}}
{"target": -16.54081834831064, "params": {"eta": 0.10635716895805361, "max_depth": 8.445756218432395, "n_estimators": 84.43977709866226}, "datetime": {"datetime": "2021-09-27 21:48:51", "elapsed": 641.902991, "delta": 3.164083}}
{"target": -19.711149803228476, "params": {"eta": 0.4, "max_depth": 3.4523838993409037, "n_estimators": 55.189596828218576}, "datetime": {"datetime": "2021-09-27 21:48:53", "elapsed": 644.492634, "delta": 2.589643}}
{"target": -26.813067678629583, "params": {"eta": 0.03, "max_depth": 27.582438041211564, "n_estimators": 47.26841273504032}, "datetime": {"datetime": "2021-09-27 21:48:56", "elapsed": 646.991707, "delta": 2.499073}}
{"target": -16.686824085539655, "params": {"eta": 0.1329254729980754, "max_depth": 17.19271459116512, "n_estimators": 82.93007068799068}, "datetime": {"datetime": "2021-09-27 21:48:59", "elapsed": 650.497909, "delta": 3.506202}}
{"target": -16.42537445657961, "params": {"eta": 0.1451872937223503, "max_depth": 13.951317934009742, "n_estimators": 67.13325711452856}, "datetime": {"datetime": "2021-09-27 21:49:03", "elapsed": 653.90634, "delta": 3.408431}}
{"target": -17.298260078014753, "params": {"eta": 0.37081538308132966, "max_depth": 27.55299726718012, "n_estimators": 37.02587778639977}, "datetime": {"datetime": "2021-09-27 21:49:06", "elapsed": 657.146956, "delta": 3.240616}}
{"target": -15.861521929167655, "params": {"eta": 0.086600613656579, "max_depth": 24.81567871434123, "n_estimators": 71.00159618678722}, "datetime": {"datetime": "2021-09-27 21:49:10", "elapsed": 661.109345, "delta": 3.962389}}
{"target": -16.6618769497085, "params": {"eta": 0.4, "max_depth": 13.47233328962404, "n_estimators": 80.75395291433243}, "datetime": {"datetime": "2021-09-27 21:49:13", "elapsed": 664.04959, "delta": 2.940245}}
{"target": -16.349765408817575, "params": {"eta": 0.179523390077913, "max_depth": 28.004119498726006, "n_estimators": 21.017423177126613}, "datetime": {"datetime": "2021-09-27 21:49:16", "elapsed": 666.826961, "delta": 2.777371}}
{"target": -17.06812085859343, "params": {"eta": 0.35564112992564256, "max_depth": 20.288241508642123, "n_estimators": 98.41169332104931}, "datetime": {"datetime": "2021-09-27 21:49:19", "elapsed": 669.940895, "delta": 3.113934}}
{"target": -17.15256724171665, "params": {"eta": 0.38402426272234713, "max_depth": 10.419216052963131, "n_estimators": 54.68662927866154}, "datetime": {"datetime": "2021-09-27 21:49:22", "elapsed": 673.489781, "delta": 3.548886}}
{"target": -18.282723954294035, "params": {"eta": 0.04124147172305858, "max_depth": 27.873021562074218, "n_estimators": 51.952321134318986}, "datetime": {"datetime": "2021-09-27 21:49:26", "elapsed": 676.595785, "delta": 3.106004}}
{"target": -16.64160336505724, "params": {"eta": 0.3698401072964398, "max_depth": 20.651193647845666, "n_estimators": 70.0911764169901}, "datetime": {"datetime": "2021-09-27 21:49:28", "elapsed": 679.382442, "delta": 2.786657}}
{"target": -20.652762589897396, "params": {"eta": 0.3250996018030078, "max_depth": 3.8443678435929165, "n_estimators": 12.847571282110387}, "datetime": {"datetime": "2021-09-27 21:49:31", "elapsed": 681.638209, "delta": 2.255767}}
{"target": -15.998369123959005, "params": {"eta": 0.4, "max_depth": 8.551752127872058, "n_estimators": 11.282932260050925}, "datetime": {"datetime": "2021-09-27 21:49:33", "elapsed": 684.054326, "delta": 2.416117}}
{"target": -15.734786951539945, "params": {"eta": 0.09359002522193814, "max_depth": 20.78011021060828, "n_estimators": 58.75507528330285}, "datetime": {"datetime": "2021-09-27 21:49:36", "elapsed": 686.862374, "delta": 2.808048}}
{"target": -17.368453731031057, "params": {"eta": 0.38065917086506673, "max_depth": 18.361924674909048, "n_estimators": 88.13549361619421}, "datetime": {"datetime": "2021-09-27 21:49:39", "elapsed": 690.267252, "delta": 3.404878}}
{"target": -16.481472581552385, "params": {"eta": 0.4, "max_depth": 28.297165219816108, "n_estimators": 31.344738250062793}, "datetime": {"datetime": "2021-09-27 21:49:43", "elapsed": 694.104567, "delta": 3.837315}}
{"target": -15.003956384149165, "params": {"eta": 0.20494115027907372, "max_depth": 12.782751178845974, "n_estimators": 84.44425805350431}, "datetime": {"datetime": "2021-09-27 21:49:47", "elapsed": 697.552305, "delta": 3.447738}}
{"target": -16.232492101680748, "params": {"eta": 0.1042402333852105, "max_depth": 27.086415409002342, "n_estimators": 43.97487653456969}, "datetime": {"datetime": "2021-09-27 21:49:49", "elapsed": 700.484908, "delta": 2.932603}}
{"target": -16.795110020704545, "params": {"eta": 0.382237732437278, "max_depth": 24.500626078646068, "n_estimators": 82.10293067431738}, "datetime": {"datetime": "2021-09-27 21:49:53", "elapsed": 703.806683, "delta": 3.321775}}
{"target": -15.630639830024501, "params": {"eta": 0.11530423732089866, "max_depth": 29.967661715987177, "n_estimators": 30.67693693489109}, "datetime": {"datetime": "2021-09-27 21:49:55", "elapsed": 706.354786, "delta": 2.548103}}
{"target": -17.1383912187595, "params": {"eta": 0.24194739656050168, "max_depth": 8.269255536991533, "n_estimators": 66.22078288881337}, "datetime": {"datetime": "2021-09-27 21:49:58", "elapsed": 709.211528, "delta": 2.856742}}
{"target": -15.237377477060289, "params": {"eta": 0.09087704471445317, "max_depth": 17.09887876223071, "n_estimators": 36.03468262772776}, "datetime": {"datetime": "2021-09-27 21:50:01", "elapsed": 712.109833, "delta": 2.898305}}
{"target": -29.395924785519746, "params": {"eta": 0.03, "max_depth": 7.061273307160725, "n_estimators": 43.747762167204094}, "datetime": {"datetime": "2021-09-27 21:50:04", "elapsed": 715.402423, "delta": 3.29259}}
{"target": -17.866743236720385, "params": {"eta": 0.3854742144689455, "max_depth": 8.084317687374735, "n_estimators": 46.66292051994739}, "datetime": {"datetime": "2021-09-27 21:50:07", "elapsed": 718.18942, "delta": 2.786997}}
{"target": -23.870597451051655, "params": {"eta": 0.20877442175475708, "max_depth": 1.01543115994573, "n_estimators": 42.83097185952092}, "datetime": {"datetime": "2021-09-27 21:50:10", "elapsed": 721.158589, "delta": 2.969169}}
{"target": -16.912570275646814, "params": {"eta": 0.295219457302641, "max_depth": 8.302474277985976, "n_estimators": 87.6753819995241}, "datetime": {"datetime": "2021-09-27 21:50:13", "elapsed": 724.235155, "delta": 3.076566}}
{"target": -16.473116546651553, "params": {"eta": 0.03, "max_depth": 28.503052741450507, "n_estimators": 84.88559194760404}, "datetime": {"datetime": "2021-09-27 21:50:17", "elapsed": 727.731299, "delta": 3.496144}}
{"target": -17.037450087495763, "params": {"eta": 0.03, "max_depth": 25.72152218379358, "n_estimators": 78.62400822317512}, "datetime": {"datetime": "2021-09-27 21:50:20", "elapsed": 730.636879, "delta": 2.90558}}
{"target": -17.899815638111335, "params": {"eta": 0.03, "max_depth": 7.9959248619737595, "n_estimators": 72.21444053760459}, "datetime": {"datetime": "2021-09-27 21:50:23", "elapsed": 734.351683, "delta": 3.714804}}
{"target": -17.613423009535715, "params": {"eta": 0.31982657340040455, "max_depth": 4.788254733347488, "n_estimators": 70.64860267245213}, "datetime": {"datetime": "2021-09-27 21:50:26", "elapsed": 737.162235, "delta": 2.810552}}
{"target": -15.866429319701911, "params": {"eta": 0.09152970615957487, "max_depth": 10.182854916376298, "n_estimators": 45.97860861909307}, "datetime": {"datetime": "2021-09-27 21:50:29", "elapsed": 740.175477, "delta": 3.013242}}
{"target": -18.054501785122024, "params": {"eta": 0.265183615513471, "max_depth": 11.661268608599274, "n_estimators": 49.85338161349342}, "datetime": {"datetime": "2021-09-27 21:50:33", "elapsed": 743.667179, "delta": 3.491702}}
{"target": -17.66753480625797, "params": {"eta": 0.27215635353660167, "max_depth": 14.023456809928165, "n_estimators": 98.17734240119222}, "datetime": {"datetime": "2021-09-27 21:50:35", "elapsed": 746.490433, "delta": 2.823254}}
{"target": -15.92861811476405, "params": {"eta": 0.11852269229666322, "max_depth": 22.875756055954877, "n_estimators": 62.6099003911608}, "datetime": {"datetime": "2021-09-27 21:50:39", "elapsed": 749.666237, "delta": 3.175804}}
{"target": -16.25712241220933, "params": {"eta": 0.4, "max_depth": 10.6681105521106, "n_estimators": 98.26348031337763}, "datetime": {"datetime": "2021-09-27 21:50:41", "elapsed": 752.498268, "delta": 2.832031}}
{"target": -16.06219441590177, "params": {"eta": 0.14868223969985572, "max_depth": 10.780463756542556, "n_estimators": 69.12135630602934}, "datetime": {"datetime": "2021-09-27 21:50:45", "elapsed": 755.724927, "delta": 3.226659}}
{"target": -16.386203009385213, "params": {"eta": 0.0573394730422834, "max_depth": 24.166280753917125, "n_estimators": 46.12345776295806}, "datetime": {"datetime": "2021-09-27 21:50:48", "elapsed": 758.604459, "delta": 2.879532}}
{"target": -15.76703300341713, "params": {"eta": 0.06420750419448985, "max_depth": 19.9206246679454, "n_estimators": 54.90123435398176}, "datetime": {"datetime": "2021-09-27 21:50:51", "elapsed": 761.915143, "delta": 3.310684}}
{"target": -15.915621899654726, "params": {"eta": 0.0651510316180951, "max_depth": 21.308250383373707, "n_estimators": 43.45562468499263}, "datetime": {"datetime": "2021-09-27 21:50:54", "elapsed": 764.930251, "delta": 3.015108}}
{"target": -27.513695688186797, "params": {"eta": 0.03, "max_depth": 1.0, "n_estimators": 61.11903685459349}, "datetime": {"datetime": "2021-09-27 21:50:56", "elapsed": 767.389404, "delta": 2.459153}}
{"target": -16.863727180248837, "params": {"eta": 0.30295078996583724, "max_depth": 3.5157800890340623, "n_estimators": 58.72878917266212}, "datetime": {"datetime": "2021-09-27 21:50:59", "elapsed": 770.019781, "delta": 2.630377}}
{"target": -16.83913182981181, "params": {"eta": 0.10274378588497513, "max_depth": 28.442684721835025, "n_estimators": 81.26430245943332}, "datetime": {"datetime": "2021-09-27 21:51:02", "elapsed": 773.31109, "delta": 3.291309}}
{"target": -16.02700571072141, "params": {"eta": 0.0910145993398011, "max_depth": 21.894292935522724, "n_estimators": 78.65280050743588}, "datetime": {"datetime": "2021-09-27 21:51:06", "elapsed": 776.968293, "delta": 3.657203}}
{"target": -16.446687876988715, "params": {"eta": 0.4, "max_depth": 16.655800982496594, "n_estimators": 49.054891377975515}, "datetime": {"datetime": "2021-09-27 21:51:09", "elapsed": 779.992903, "delta": 3.02461}}
{"target": -16.936880982913667, "params": {"eta": 0.2285535513527864, "max_depth": 11.329337016519425, "n_estimators": 86.6274526430382}, "datetime": {"datetime": "2021-09-27 21:51:13", "elapsed": 784.337649, "delta": 4.344746}}
{"target": -17.019849266113905, "params": {"eta": 0.38423389187129964, "max_depth": 10.848037447299577, "n_estimators": 76.01898172090509}, "datetime": {"datetime": "2021-09-27 21:51:17", "elapsed": 787.781999, "delta": 3.44435}}
{"target": -17.40438792965602, "params": {"eta": 0.2981107798704654, "max_depth": 13.291197441528537, "n_estimators": 39.274346935494464}, "datetime": {"datetime": "2021-09-27 21:51:20", "elapsed": 790.749473, "delta": 2.967474}}
{"target": -17.39835415153338, "params": {"eta": 0.03, "max_depth": 4.992048168058778, "n_estimators": 85.62082057894288}, "datetime": {"datetime": "2021-09-27 21:51:23", "elapsed": 793.86026, "delta": 3.110787}}
{"target": -15.562685093233789, "params": {"eta": 0.10761195288039303, "max_depth": 21.42794716032489, "n_estimators": 30.98292898422841}, "datetime": {"datetime": "2021-09-27 21:51:26", "elapsed": 797.448827, "delta": 3.588567}}
{"target": -18.99062448009333, "params": {"eta": 0.03, "max_depth": 18.099706774130084, "n_estimators": 67.46679608365191}, "datetime": {"datetime": "2021-09-27 21:51:30", "elapsed": 800.70823, "delta": 3.259403}}
{"target": -24.551083954546055, "params": {"eta": 0.06310129890887903, "max_depth": 1.0629716641989408, "n_estimators": 77.1941746479271}, "datetime": {"datetime": "2021-09-27 21:51:33", "elapsed": 803.532473, "delta": 2.824243}}
{"target": -17.288061064231094, "params": {"eta": 0.2512568294961294, "max_depth": 13.889263440550467, "n_estimators": 73.73825844494465}, "datetime": {"datetime": "2021-09-27 21:51:36", "elapsed": 807.077747, "delta": 3.545274}}
{"target": -15.82933911280914, "params": {"eta": 0.06475950273849435, "max_depth": 9.61554410760115, "n_estimators": 56.933230813094326}, "datetime": {"datetime": "2021-09-27 21:51:41", "elapsed": 811.632432, "delta": 4.554685}}
{"target": -24.13683692413914, "params": {"eta": 0.09493675393616567, "max_depth": 1.0521097586653254, "n_estimators": 92.99423561675572}, "datetime": {"datetime": "2021-09-27 21:51:44", "elapsed": 815.354604, "delta": 3.722172}}
{"target": -17.17261640990034, "params": {"eta": 0.34357592894071354, "max_depth": 22.18325829268539, "n_estimators": 66.51937336010946}, "datetime": {"datetime": "2021-09-27 21:51:49", "elapsed": 819.631302, "delta": 4.276698}}
{"target": -17.632878544389825, "params": {"eta": 0.36839393411378774, "max_depth": 6.468323484207299, "n_estimators": 91.08791922879918}, "datetime": {"datetime": "2021-09-27 21:51:52", "elapsed": 823.005085, "delta": 3.373783}}
{"target": -16.71422930949105, "params": {"eta": 0.3860074366677859, "max_depth": 9.521488405870665, "n_estimators": 92.88609831896191}, "datetime": {"datetime": "2021-09-27 21:51:56", "elapsed": 826.729157, "delta": 3.724072}}
{"target": -15.326531383667174, "params": {"eta": 0.0469704293637553, "max_depth": 19.503996333960202, "n_estimators": 78.34754385664772}, "datetime": {"datetime": "2021-09-27 21:51:59", "elapsed": 829.834649, "delta": 3.105492}}
{"target": -31.312376916716524, "params": {"eta": 0.03, "max_depth": 1.0, "n_estimators": 46.98561534908728}, "datetime": {"datetime": "2021-09-27 21:52:03", "elapsed": 833.612362, "delta": 3.777713}}
{"target": -17.145920100152743, "params": {"eta": 0.3904783279179924, "max_depth": 5.594862901660159, "n_estimators": 33.32082716824609}, "datetime": {"datetime": "2021-09-27 21:52:06", "elapsed": 836.560487, "delta": 2.948125}}
{"target": -16.48133139733502, "params": {"eta": 0.4, "max_depth": 21.36075833839123, "n_estimators": 94.83291413990295}, "datetime": {"datetime": "2021-09-27 21:52:09", "elapsed": 839.757376, "delta": 3.196889}}
{"target": -17.057568822524335, "params": {"eta": 0.3860713025495571, "max_depth": 5.685485111453832, "n_estimators": 87.68985920963688}, "datetime": {"datetime": "2021-09-27 21:52:13", "elapsed": 843.909088, "delta": 4.151712}}
{"target": -21.58694637431488, "params": {"eta": 0.03709624778812995, "max_depth": 5.797964948862993, "n_estimators": 47.2763514978714}, "datetime": {"datetime": "2021-09-27 21:52:16", "elapsed": 847.076948, "delta": 3.16786}}
{"target": -16.230544572253468, "params": {"eta": 0.37612515550514425, "max_depth": 26.644045226618964, "n_estimators": 34.07233407137825}, "datetime": {"datetime": "2021-09-27 21:52:21", "elapsed": 852.100489, "delta": 5.023541}}
{"target": -16.253286938990804, "params": {"eta": 0.03, "max_depth": 8.980891589006374, "n_estimators": 89.74226750567055}, "datetime": {"datetime": "2021-09-27 21:52:24", "elapsed": 855.418911, "delta": 3.318422}}
{"target": -15.762646360760806, "params": {"eta": 0.03, "max_depth": 30.0, "n_estimators": 95.16606079760237}, "datetime": {"datetime": "2021-09-27 21:52:28", "elapsed": 858.734511, "delta": 3.3156}}
{"target": -15.762288232415733, "params": {"eta": 0.12946226163664265, "max_depth": 10.934872039627912, "n_estimators": 96.26315718000299}, "datetime": {"datetime": "2021-09-27 21:52:32", "elapsed": 862.537518, "delta": 3.803007}}
{"target": -16.50712349701753, "params": {"eta": 0.38840097064548085, "max_depth": 24.917113454840962, "n_estimators": 95.01425404784916}, "datetime": {"datetime": "2021-09-27 21:52:35", "elapsed": 866.253847, "delta": 3.716329}}
{"target": -15.976697397976203, "params": {"eta": 0.05520424925831331, "max_depth": 22.51847958194116, "n_estimators": 86.65772974026933}, "datetime": {"datetime": "2021-09-27 21:52:40", "elapsed": 871.158995, "delta": 4.905148}}
{"target": -35.84203595382709, "params": {"eta": 0.04717490072547795, "max_depth": 9.31669249734468, "n_estimators": 22.053438474698858}, "datetime": {"datetime": "2021-09-27 21:52:43", "elapsed": 874.411734, "delta": 3.252739}}
{"target": -16.247657721984858, "params": {"eta": 0.3668342200122806, "max_depth": 10.35881172635256, "n_estimators": 25.05027568959234}, "datetime": {"datetime": "2021-09-27 21:52:47", "elapsed": 878.236669, "delta": 3.824935}}
{"target": -16.80342374289248, "params": {"eta": 0.17213152854067626, "max_depth": 7.805450963344063, "n_estimators": 24.35047526081026}, "datetime": {"datetime": "2021-09-27 21:52:51", "elapsed": 881.928933, "delta": 3.692264}}
{"target": -17.92700836950426, "params": {"eta": 0.4, "max_depth": 5.687975405745413, "n_estimators": 21.929521781873124}, "datetime": {"datetime": "2021-09-27 21:52:54", "elapsed": 885.135864, "delta": 3.206931}}
{"target": -16.954714726702143, "params": {"eta": 0.208608053848495, "max_depth": 5.02729301247602, "n_estimators": 98.98800312860503}, "datetime": {"datetime": "2021-09-27 21:52:59", "elapsed": 890.002959, "delta": 4.867095}}
{"target": -16.819271406902548, "params": {"eta": 0.36876370611844045, "max_depth": 21.397153478085052, "n_estimators": 89.19827572232346}, "datetime": {"datetime": "2021-09-27 21:53:03", "elapsed": 893.877389, "delta": 3.87443}}
{"target": -17.707316550523732, "params": {"eta": 0.3892649473459434, "max_depth": 19.472404978674945, "n_estimators": 5.0920789881248165}, "datetime": {"datetime": "2021-09-27 21:53:06", "elapsed": 896.895762, "delta": 3.018373}}
{"target": -16.035627297246233, "params": {"eta": 0.03, "max_depth": 19.899587846782754, "n_estimators": 91.55110054926959}, "datetime": {"datetime": "2021-09-27 21:53:09", "elapsed": 900.078901, "delta": 3.183139}}
{"target": -16.209674073438407, "params": {"eta": 0.03939434444985522, "max_depth": 27.979726240917174, "n_estimators": 92.44019543101595}, "datetime": {"datetime": "2021-09-27 21:53:15", "elapsed": 906.090036, "delta": 6.011135}}
{"target": -16.485968532962435, "params": {"eta": 0.4, "max_depth": 30.0, "n_estimators": 64.72997227964244}, "datetime": {"datetime": "2021-09-27 21:53:19", "elapsed": 909.727127, "delta": 3.637091}}
{"target": -48.630880399554435, "params": {"eta": 0.08530904799427295, "max_depth": 29.1047950567179, "n_estimators": 8.40536964849866}, "datetime": {"datetime": "2021-09-27 21:53:22", "elapsed": 912.580547, "delta": 2.85342}}
{"target": -17.014818773062334, "params": {"eta": 0.4, "max_depth": 27.4918292985442, "n_estimators": 5.980485399554841}, "datetime": {"datetime": "2021-09-27 21:53:25", "elapsed": 915.899324, "delta": 3.318777}}
{"target": -51.2715029783044, "params": {"eta": 0.06367855767509972, "max_depth": 29.86004538453446, "n_estimators": 10.89709197831909}, "datetime": {"datetime": "2021-09-27 21:53:28", "elapsed": 918.88028, "delta": 2.980956}}
{"target": -16.13748098626873, "params": {"eta": 0.4, "max_depth": 27.226517452035967, "n_estimators": 12.132256790362044}, "datetime": {"datetime": "2021-09-27 21:53:31", "elapsed": 922.107471, "delta": 3.227191}}
{"target": -16.58455528641264, "params": {"eta": 0.35992893878082133, "max_depth": 22.24604889387801, "n_estimators": 13.20842947611176}, "datetime": {"datetime": "2021-09-27 21:53:34", "elapsed": 925.479452, "delta": 3.371981}}
{"target": -16.965411050606694, "params": {"eta": 0.37203977663936927, "max_depth": 25.171117324248137, "n_estimators": 14.267940613579484}, "datetime": {"datetime": "2021-09-27 21:53:38", "elapsed": 928.879307, "delta": 3.399855}}
{"target": -19.30132451931038, "params": {"eta": 0.4, "max_depth": 30.0, "n_estimators": 4.962809769074878}, "datetime": {"datetime": "2021-09-27 21:53:42", "elapsed": 932.53175, "delta": 3.652443}}
{"target": -16.443087553504448, "params": {"eta": 0.38432180172438823, "max_depth": 26.281550683344328, "n_estimators": 18.879385136823412}, "datetime": {"datetime": "2021-09-27 21:53:46", "elapsed": 936.94156, "delta": 4.40981}}
{"target": -15.225963611074334, "params": {"eta": 0.3949119945469506, "max_depth": 27.477983347012763, "n_estimators": 10.730737480155803}, "datetime": {"datetime": "2021-09-27 21:53:49", "elapsed": 940.295355, "delta": 3.353795}}
{"target": -20.27856700633737, "params": {"eta": 0.4, "max_depth": 3.585664784817969, "n_estimators": 6.301327735642798}, "datetime": {"datetime": "2021-09-27 21:53:53", "elapsed": 944.020622, "delta": 3.725267}}
