{"target": -15.47236749216301, "params": {"eta": 0.05268290453768386, "max_depth": 24.371947676074342, "n_estimators": 69.2233170157778}, "datetime": {"datetime": "2021-09-27 22:23:37", "elapsed": 292.692064, "delta": 1.73229}}
{"target": -21.009718599762362, "params": {"eta": 0.6, "max_depth": 30.0, "n_estimators": 37.56012119721604}, "datetime": {"datetime": "2021-09-27 22:23:39", "elapsed": 294.737428, "delta": 2.045364}}
{"target": -18.486788732988384, "params": {"eta": 0.2282923642496845, "max_depth": 24.35927011043437, "n_estimators": 86.45647788429322}, "datetime": {"datetime": "2021-09-27 22:23:41", "elapsed": 296.672669, "delta": 1.935241}}
{"target": -21.009718599762362, "params": {"eta": 0.6, "max_depth": 28.542785894596705, "n_estimators": 88.21763388865884}, "datetime": {"datetime": "2021-09-27 22:23:43", "elapsed": 298.434136, "delta": 1.761467}}
{"target": -31.47288903222602, "params": {"eta": 0.03, "max_depth": 30.0, "n_estimators": 40.641318665250296}, "datetime": {"datetime": "2021-09-27 22:23:45", "elapsed": 299.987862, "delta": 1.553726}}
{"target": -17.33013744377466, "params": {"eta": 0.03, "max_depth": 20.677961714400638, "n_estimators": 76.12828441520823}, "datetime": {"datetime": "2021-09-27 22:23:46", "elapsed": 301.692865, "delta": 1.705003}}
{"target": -16.33489031409091, "params": {"eta": 0.059732084894300916, "max_depth": 16.05412921581993, "n_estimators": 96.50086804173802}, "datetime": {"datetime": "2021-09-27 22:23:49", "elapsed": 304.316726, "delta": 2.623861}}
{"target": -16.725769710774095, "params": {"eta": 0.09337572434105026, "max_depth": 8.76448986104385, "n_estimators": 55.97950882887162}, "datetime": {"datetime": "2021-09-27 22:23:50", "elapsed": 305.680724, "delta": 1.363998}}
{"target": -15.699406326401647, "params": {"eta": 0.06049701266302235, "max_depth": 20.960102684279327, "n_estimators": 99.99889122860132}, "datetime": {"datetime": "2021-09-27 22:23:53", "elapsed": 308.32312, "delta": 2.642396}}
{"target": -17.624205570978514, "params": {"eta": 0.285072094492117, "max_depth": 29.962186340667532, "n_estimators": 44.47501079921506}, "datetime": {"datetime": "2021-09-27 22:23:55", "elapsed": 310.332637, "delta": 2.009517}}
{"target": -33.894726944763434, "params": {"eta": 0.03, "max_depth": 27.439735853318346, "n_estimators": 37.878354627012826}, "datetime": {"datetime": "2021-09-27 22:23:56", "elapsed": 311.800635, "delta": 1.467998}}
{"target": -17.701707253194478, "params": {"eta": 0.2806317678538043, "max_depth": 24.340973996212963, "n_estimators": 41.14820796074258}, "datetime": {"datetime": "2021-09-27 22:23:58", "elapsed": 313.510318, "delta": 1.709683}}
{"target": -16.758300468684208, "params": {"eta": 0.03, "max_depth": 11.970612276760438, "n_estimators": 81.6032743363877}, "datetime": {"datetime": "2021-09-27 22:24:00", "elapsed": 315.070993, "delta": 1.560675}}
{"target": -21.009718599762362, "params": {"eta": 0.6, "max_depth": 30.0, "n_estimators": 33.67405144416585}, "datetime": {"datetime": "2021-09-27 22:24:01", "elapsed": 316.589616, "delta": 1.518623}}
{"target": -16.203317079554854, "params": {"eta": 0.11904225271856504, "max_depth": 10.281795968092828, "n_estimators": 99.9709067251459}, "datetime": {"datetime": "2021-09-27 22:24:03", "elapsed": 318.791384, "delta": 2.201768}}
{"target": -21.21210188693605, "params": {"eta": 0.03, "max_depth": 21.46077569261299, "n_estimators": 59.32348344515931}, "datetime": {"datetime": "2021-09-27 22:24:05", "elapsed": 320.453382, "delta": 1.661998}}
{"target": -21.12553444069451, "params": {"eta": 0.5925808615244033, "max_depth": 18.440467822181716, "n_estimators": 94.06196198206614}, "datetime": {"datetime": "2021-09-27 22:24:06", "elapsed": 321.839384, "delta": 1.386002}}
{"target": -65.95657790423088, "params": {"eta": 0.03, "max_depth": 15.02383306373699, "n_estimators": 13.145989607267056}, "datetime": {"datetime": "2021-09-27 22:24:09", "elapsed": 323.889075, "delta": 2.049691}}
{"target": -24.25614310733787, "params": {"eta": 0.12426705686925196, "max_depth": 10.836263937467088, "n_estimators": 12.79203326286264}, "datetime": {"datetime": "2021-09-27 22:24:10", "elapsed": 325.582077, "delta": 1.693002}}
{"target": -28.02111189956891, "params": {"eta": 0.03222963166931758, "max_depth": 10.905158213302215, "n_estimators": 42.314817128112985}, "datetime": {"datetime": "2021-09-27 22:24:12", "elapsed": 327.310324, "delta": 1.728247}}
{"target": -17.268369225701374, "params": {"eta": 0.17971610934120608, "max_depth": 18.59509399972815, "n_estimators": 13.979019738985635}, "datetime": {"datetime": "2021-09-27 22:24:13", "elapsed": 328.502103, "delta": 1.191779}}
{"target": -16.649213427829878, "params": {"eta": 0.35405238051044174, "max_depth": 12.26563676518768, "n_estimators": 89.80814600954477}, "datetime": {"datetime": "2021-09-27 22:24:16", "elapsed": 330.867104, "delta": 2.365001}}
{"target": -67.97254665997495, "params": {"eta": 0.05070886875699393, "max_depth": 23.253483994769105, "n_estimators": 7.486611662605384}, "datetime": {"datetime": "2021-09-27 22:24:17", "elapsed": 332.146433, "delta": 1.279329}}
{"target": -21.371768056463893, "params": {"eta": 0.570272319922412, "max_depth": 29.284966445740828, "n_estimators": 59.29149873188017}, "datetime": {"datetime": "2021-09-27 22:24:19", "elapsed": 334.239248, "delta": 2.092815}}
{"target": -21.964081841568326, "params": {"eta": 0.03, "max_depth": 14.167783805051847, "n_estimators": 57.736586329204364}, "datetime": {"datetime": "2021-09-27 22:24:20", "elapsed": 335.756253, "delta": 1.517005}}
{"target": -16.10268431202658, "params": {"eta": 0.06659667646110232, "max_depth": 22.786554357304407, "n_estimators": 54.14723258594845}, "datetime": {"datetime": "2021-09-27 22:24:22", "elapsed": 337.418398, "delta": 1.662145}}
{"target": -20.909861907311665, "params": {"eta": 0.6, "max_depth": 28.0432637203704, "n_estimators": 11.749929483803948}, "datetime": {"datetime": "2021-09-27 22:24:24", "elapsed": 339.529986, "delta": 2.111588}}
{"target": -20.645237157038185, "params": {"eta": 0.5959090958799594, "max_depth": 22.184695608170145, "n_estimators": 69.4596179150246}, "datetime": {"datetime": "2021-09-27 22:24:26", "elapsed": 341.701533, "delta": 2.171547}}
{"target": -19.4790924442426, "params": {"eta": 0.03, "max_depth": 18.323053309013325, "n_estimators": 65.63569906324419}, "datetime": {"datetime": "2021-09-27 22:24:28", "elapsed": 343.693207, "delta": 1.991674}}
{"target": -15.897700518970852, "params": {"eta": 0.12915662001658257, "max_depth": 24.803851137754545, "n_estimators": 74.32164747564693}, "datetime": {"datetime": "2021-09-27 22:24:31", "elapsed": 345.916944, "delta": 2.223737}}
{"target": -21.010495695476685, "params": {"eta": 0.6, "max_depth": 25.14399709017068, "n_estimators": 65.9575474308076}, "datetime": {"datetime": "2021-09-27 22:24:32", "elapsed": 347.602125, "delta": 1.685181}}
{"target": -18.884885102691342, "params": {"eta": 0.5395703046746552, "max_depth": 13.080616330597048, "n_estimators": 6.748391675388439}, "datetime": {"datetime": "2021-09-27 22:24:34", "elapsed": 349.179694, "delta": 1.577569}}
{"target": -23.69061009063272, "params": {"eta": 0.03, "max_depth": 6.0, "n_estimators": 53.37290830713259}, "datetime": {"datetime": "2021-09-27 22:24:36", "elapsed": 351.381487, "delta": 2.201793}}
{"target": -15.518302962784258, "params": {"eta": 0.04766265480937176, "max_depth": 15.18518199953689, "n_estimators": 79.30024858595216}, "datetime": {"datetime": "2021-09-27 22:24:38", "elapsed": 353.577059, "delta": 2.195572}}
{"target": -20.103390281544613, "params": {"eta": 0.5495345563934035, "max_depth": 6.054538299749289, "n_estimators": 98.20176612700939}, "datetime": {"datetime": "2021-09-27 22:24:40", "elapsed": 355.584868, "delta": 2.007809}}
{"target": -19.76709290796258, "params": {"eta": 0.5332933263947501, "max_depth": 17.406545735164755, "n_estimators": 59.0222768061835}, "datetime": {"datetime": "2021-09-27 22:24:42", "elapsed": 357.472051, "delta": 1.887183}}
{"target": -16.479329037288455, "params": {"eta": 0.1953142570638294, "max_depth": 17.263591403244053, "n_estimators": 85.78517700021959}, "datetime": {"datetime": "2021-09-27 22:24:44", "elapsed": 359.784169, "delta": 2.312118}}
{"target": -21.009718599762362, "params": {"eta": 0.6, "max_depth": 30.0, "n_estimators": 79.76524699979669}, "datetime": {"datetime": "2021-09-27 22:24:46", "elapsed": 361.848337, "delta": 2.064168}}
{"target": -17.282650233136415, "params": {"eta": 0.16238070021561354, "max_depth": 27.37713799182052, "n_estimators": 81.9108699868941}, "datetime": {"datetime": "2021-09-27 22:24:49", "elapsed": 363.921615, "delta": 2.073278}}
{"target": -16.251245456243083, "params": {"eta": 0.3148182129784365, "max_depth": 16.518720003896, "n_estimators": 8.55896960310114}, "datetime": {"datetime": "2021-09-27 22:24:50", "elapsed": 365.740615, "delta": 1.819}}
{"target": -16.2767313091779, "params": {"eta": 0.03, "max_depth": 21.60499211992463, "n_estimators": 87.05611205967953}, "datetime": {"datetime": "2021-09-27 22:24:52", "elapsed": 367.732465, "delta": 1.99185}}
{"target": -16.389504716714427, "params": {"eta": 0.1933101220463459, "max_depth": 8.190412960872141, "n_estimators": 91.99070264848085}, "datetime": {"datetime": "2021-09-27 22:24:55", "elapsed": 369.973139, "delta": 2.240674}}
{"target": -16.55859286371337, "params": {"eta": 0.3903781451595052, "max_depth": 17.907887739761648, "n_estimators": 48.3664212738283}, "datetime": {"datetime": "2021-09-27 22:24:56", "elapsed": 371.757134, "delta": 1.783995}}
{"target": -21.01343623449621, "params": {"eta": 0.6, "max_depth": 24.597316034407633, "n_estimators": 92.44085191377233}, "datetime": {"datetime": "2021-09-27 22:24:58", "elapsed": 373.725147, "delta": 1.968013}}
{"target": -21.365123980223522, "params": {"eta": 0.6, "max_depth": 9.399491791030064, "n_estimators": 20.85519569849365}, "datetime": {"datetime": "2021-09-27 22:25:00", "elapsed": 375.752534, "delta": 2.027387}}
{"target": -32.06931158107731, "params": {"eta": 0.10314056635404852, "max_depth": 23.513887848378786, "n_estimators": 11.915725113770433}, "datetime": {"datetime": "2021-09-27 22:25:02", "elapsed": 377.583668, "delta": 1.831134}}
{"target": -20.944908531429174, "params": {"eta": 0.6, "max_depth": 18.270944520937896, "n_estimators": 11.966823891350492}, "datetime": {"datetime": "2021-09-27 22:25:04", "elapsed": 379.181832, "delta": 1.598164}}
{"target": -20.188377721278, "params": {"eta": 0.5522791249393513, "max_depth": 23.214919745225373, "n_estimators": 15.289059631393306}, "datetime": {"datetime": "2021-09-27 22:25:06", "elapsed": 380.964011, "delta": 1.782179}}
{"target": -15.669172380101568, "params": {"eta": 0.1628440530268471, "max_depth": 28.806310348550554, "n_estimators": 92.20437435330999}, "datetime": {"datetime": "2021-09-27 22:25:09", "elapsed": 384.134327, "delta": 3.170316}}
{"target": -17.51107307040508, "params": {"eta": 0.4571588878068139, "max_depth": 9.766732500961309, "n_estimators": 64.95200312091623}, "datetime": {"datetime": "2021-09-27 22:25:11", "elapsed": 386.415502, "delta": 2.281175}}
{"target": -15.85307263737327, "params": {"eta": 0.09589502116669604, "max_depth": 12.901933234944362, "n_estimators": 60.86782652393339}, "datetime": {"datetime": "2021-09-27 22:25:13", "elapsed": 388.242815, "delta": 1.827313}}
{"target": -20.994601714964052, "params": {"eta": 0.6, "max_depth": 21.349743347399333, "n_estimators": 22.663941533036503}, "datetime": {"datetime": "2021-09-27 22:25:15", "elapsed": 390.284327, "delta": 2.041512}}
{"target": -16.081079154408766, "params": {"eta": 0.09678115363363551, "max_depth": 6.55778634753463, "n_estimators": 93.7711752328}, "datetime": {"datetime": "2021-09-27 22:25:17", "elapsed": 392.683826, "delta": 2.399499}}
{"target": -21.605587438894926, "params": {"eta": 0.6, "max_depth": 13.620268437498796, "n_estimators": 94.11232298030252}, "datetime": {"datetime": "2021-09-27 22:25:20", "elapsed": 395.0224, "delta": 2.338574}}
{"target": -20.991001992767405, "params": {"eta": 0.6, "max_depth": 20.485773896262714, "n_estimators": 28.845194508220153}, "datetime": {"datetime": "2021-09-27 22:25:21", "elapsed": 396.854556, "delta": 1.832156}}
{"target": -19.26685032809478, "params": {"eta": 0.5602642957058261, "max_depth": 12.746707826344172, "n_estimators": 85.89562884838465}, "datetime": {"datetime": "2021-09-27 22:25:24", "elapsed": 398.943823, "delta": 2.089267}}
{"target": -16.17592866078843, "params": {"eta": 0.10603616257346389, "max_depth": 10.232838329403261, "n_estimators": 25.93406263320749}, "datetime": {"datetime": "2021-09-27 22:25:26", "elapsed": 401.597276, "delta": 2.653453}}
{"target": -20.398822695193473, "params": {"eta": 0.4985028160960504, "max_depth": 28.201304841245413, "n_estimators": 98.46840511730505}, "datetime": {"datetime": "2021-09-27 22:25:28", "elapsed": 403.634443, "delta": 2.037167}}
{"target": -20.594284971183736, "params": {"eta": 0.03, "max_depth": 21.277227809322397, "n_estimators": 61.67763738995898}, "datetime": {"datetime": "2021-09-27 22:25:30", "elapsed": 405.357373, "delta": 1.72293}}
{"target": -16.117613326280804, "params": {"eta": 0.07215789514567858, "max_depth": 12.791759222849988, "n_estimators": 39.21902210344316}, "datetime": {"datetime": "2021-09-27 22:25:32", "elapsed": 407.463693, "delta": 2.10632}}
{"target": -19.64166805351627, "params": {"eta": 0.5300552744599069, "max_depth": 14.81461270550871, "n_estimators": 24.38763637061362}, "datetime": {"datetime": "2021-09-27 22:25:34", "elapsed": 409.561651, "delta": 2.097958}}
{"target": -20.44819634388206, "params": {"eta": 0.6, "max_depth": 10.546717653882794, "n_estimators": 84.0005575279132}, "datetime": {"datetime": "2021-09-27 22:25:36", "elapsed": 411.369878, "delta": 1.808227}}
{"target": -21.237718077304084, "params": {"eta": 0.6, "max_depth": 16.07870516284985, "n_estimators": 19.75351525805551}, "datetime": {"datetime": "2021-09-27 22:25:38", "elapsed": 413.69022, "delta": 2.320342}}
{"target": -15.859373825479201, "params": {"eta": 0.14418885289923666, "max_depth": 24.320686881060258, "n_estimators": 55.454975594916675}, "datetime": {"datetime": "2021-09-27 22:25:41", "elapsed": 416.084725, "delta": 2.394505}}
{"target": -20.4147566297541, "params": {"eta": 0.0996634996496498, "max_depth": 25.36250066167584, "n_estimators": 18.266977293244345}, "datetime": {"datetime": "2021-09-27 22:25:42", "elapsed": 417.825903, "delta": 1.741178}}
{"target": -17.172476087954337, "params": {"eta": 0.03, "max_depth": 23.279245290114556, "n_estimators": 77.97233861285778}, "datetime": {"datetime": "2021-09-27 22:25:45", "elapsed": 420.784556, "delta": 2.958653}}
{"target": -20.890084311444575, "params": {"eta": 0.6, "max_depth": 14.591666544469472, "n_estimators": 87.75884132652158}, "datetime": {"datetime": "2021-09-27 22:25:47", "elapsed": 422.760552, "delta": 1.975996}}
{"target": -21.981200042128116, "params": {"eta": 0.5821971211041812, "max_depth": 17.401735478944893, "n_estimators": 72.93436870616668}, "datetime": {"datetime": "2021-09-27 22:25:50", "elapsed": 425.28241, "delta": 2.521858}}
{"target": -15.800094767520278, "params": {"eta": 0.4050584681094399, "max_depth": 13.532780585748776, "n_estimators": 72.33347304865092}, "datetime": {"datetime": "2021-09-27 22:25:52", "elapsed": 427.301651, "delta": 2.019241}}
{"target": -21.275909406648505, "params": {"eta": 0.5929975133328568, "max_depth": 9.33215382068103, "n_estimators": 16.106269673722085}, "datetime": {"datetime": "2021-09-27 22:25:54", "elapsed": 429.173116, "delta": 1.871465}}
{"target": -19.517438806250215, "params": {"eta": 0.6, "max_depth": 6.0, "n_estimators": 6.273216366574714}, "datetime": {"datetime": "2021-09-27 22:25:56", "elapsed": 431.34556, "delta": 2.172444}}
{"target": -15.988962296876782, "params": {"eta": 0.10074781346206536, "max_depth": 6.0641742205825935, "n_estimators": 35.6611672860936}, "datetime": {"datetime": "2021-09-27 22:25:59", "elapsed": 434.48124, "delta": 3.13568}}
{"target": -21.537442258072055, "params": {"eta": 0.5897645280628618, "max_depth": 7.77353179221928, "n_estimators": 74.98298698440188}, "datetime": {"datetime": "2021-09-27 22:26:03", "elapsed": 437.89319, "delta": 3.41195}}
{"target": -20.441588356320004, "params": {"eta": 0.5211492647737199, "max_depth": 12.22242019328868, "n_estimators": 99.94218454546105}, "datetime": {"datetime": "2021-09-27 22:26:05", "elapsed": 440.342423, "delta": 2.449233}}
{"target": -20.439534639914324, "params": {"eta": 0.553572441731768, "max_depth": 11.573777294373713, "n_estimators": 37.54680041003562}, "datetime": {"datetime": "2021-09-27 22:26:08", "elapsed": 443.779217, "delta": 3.436794}}
{"target": -17.862314586482807, "params": {"eta": 0.05756609157822934, "max_depth": 8.73659834657145, "n_estimators": 37.73383993069785}, "datetime": {"datetime": "2021-09-27 22:26:11", "elapsed": 445.98842, "delta": 2.209203}}
{"target": -16.031213719915627, "params": {"eta": 0.043798087568473296, "max_depth": 28.39002509406413, "n_estimators": 63.76219408517804}, "datetime": {"datetime": "2021-09-27 22:26:13", "elapsed": 448.486422, "delta": 2.498002}}
{"target": -16.845999806706093, "params": {"eta": 0.24259785573945833, "max_depth": 29.9834105041936, "n_estimators": 54.16790151969451}, "datetime": {"datetime": "2021-09-27 22:26:16", "elapsed": 451.033158, "delta": 2.546736}}
{"target": -15.684732653936665, "params": {"eta": 0.03969464459026652, "max_depth": 25.57194708457561, "n_estimators": 98.5007582017962}, "datetime": {"datetime": "2021-09-27 22:26:18", "elapsed": 453.698276, "delta": 2.665118}}
{"target": -64.02737795748344, "params": {"eta": 0.03, "max_depth": 25.854965094618837, "n_estimators": 14.106322869388535}, "datetime": {"datetime": "2021-09-27 22:26:21", "elapsed": 456.279445, "delta": 2.581169}}
{"target": -16.40971180778289, "params": {"eta": 0.4002904958436494, "max_depth": 21.76058573499928, "n_estimators": 92.38262340035205}, "datetime": {"datetime": "2021-09-27 22:26:23", "elapsed": 458.0144, "delta": 1.734955}}
{"target": -18.1776412258117, "params": {"eta": 0.03, "max_depth": 15.75388914152603, "n_estimators": 71.17740703623764}, "datetime": {"datetime": "2021-09-27 22:26:25", "elapsed": 460.166323, "delta": 2.151923}}
{"target": -20.978750509245256, "params": {"eta": 0.5429971789797802, "max_depth": 12.945797207830402, "n_estimators": 77.33598266272045}, "datetime": {"datetime": "2021-09-27 22:26:27", "elapsed": 462.184592, "delta": 2.018269}}
{"target": -20.44819634388206, "params": {"eta": 0.6, "max_depth": 10.375030965853092, "n_estimators": 93.09523039900677}, "datetime": {"datetime": "2021-09-27 22:26:29", "elapsed": 464.392109, "delta": 2.207517}}
{"target": -21.908282045147512, "params": {"eta": 0.5713702805098528, "max_depth": 21.118158063712333, "n_estimators": 95.72375894255367}, "datetime": {"datetime": "2021-09-27 22:26:32", "elapsed": 466.884385, "delta": 2.492276}}
{"target": -20.12696929436089, "params": {"eta": 0.5174599087761546, "max_depth": 10.002920112115536, "n_estimators": 95.5273064367666}, "datetime": {"datetime": "2021-09-27 22:26:34", "elapsed": 469.729791, "delta": 2.845406}}
{"target": -20.590251701707746, "params": {"eta": 0.5969147703122227, "max_depth": 17.94770861270974, "n_estimators": 25.734581721218987}, "datetime": {"datetime": "2021-09-27 22:26:36", "elapsed": 471.448294, "delta": 1.718503}}
{"target": -50.73660221333852, "params": {"eta": 0.03, "max_depth": 18.60589173051045, "n_estimators": 22.724554760416744}, "datetime": {"datetime": "2021-09-27 22:26:38", "elapsed": 473.378661, "delta": 1.930367}}
{"target": -20.758781743320725, "params": {"eta": 0.49988232984513603, "max_depth": 26.55725381978295, "n_estimators": 73.42915798903908}, "datetime": {"datetime": "2021-09-27 22:26:41", "elapsed": 476.102939, "delta": 2.724278}}
{"target": -16.67969856290822, "params": {"eta": 0.36438094381260155, "max_depth": 14.858195285985488, "n_estimators": 83.5926984759134}, "datetime": {"datetime": "2021-09-27 22:26:43", "elapsed": 478.216388, "delta": 2.113449}}
{"target": -76.5665344989642, "params": {"eta": 0.03, "max_depth": 18.57022115824379, "n_estimators": 8.39535021663253}, "datetime": {"datetime": "2021-09-27 22:26:46", "elapsed": 480.858106, "delta": 2.641718}}
{"target": -21.811489934072302, "params": {"eta": 0.19650176352809748, "max_depth": 15.030309290021211, "n_estimators": 8.086845349815745}, "datetime": {"datetime": "2021-09-27 22:26:47", "elapsed": 482.608104, "delta": 1.749998}}
{"target": -18.238946186929592, "params": {"eta": 0.4776966459220757, "max_depth": 24.99408962581856, "n_estimators": 76.00294201296262}, "datetime": {"datetime": "2021-09-27 22:26:50", "elapsed": 484.976968, "delta": 2.368864}}
{"target": -15.894647617780876, "params": {"eta": 0.04902420800411228, "max_depth": 12.214375193841862, "n_estimators": 62.450213648803356}, "datetime": {"datetime": "2021-09-27 22:26:52", "elapsed": 487.018914, "delta": 2.041946}}
{"target": -16.799916131614147, "params": {"eta": 0.11391215402200582, "max_depth": 20.34925314272151, "n_estimators": 98.62016522516186}, "datetime": {"datetime": "2021-09-27 22:26:55", "elapsed": 490.405924, "delta": 3.38701}}
{"target": -20.990895641287526, "params": {"eta": 0.6, "max_depth": 20.04252379577768, "n_estimators": 25.712548585545857}, "datetime": {"datetime": "2021-09-27 22:26:57", "elapsed": 492.336096, "delta": 1.930172}}
{"target": -18.59828068826257, "params": {"eta": 0.4646238090057436, "max_depth": 19.28582993329795, "n_estimators": 80.32991040303956}, "datetime": {"datetime": "2021-09-27 22:27:02", "elapsed": 497.293996, "delta": 1.86995}}
{"target": -18.770338558489406, "params": {"eta": 0.5248288719492266, "max_depth": 19.086489678664893, "n_estimators": 70.61721001889903}, "datetime": {"datetime": "2021-09-27 22:27:05", "elapsed": 500.577823, "delta": 3.283827}}
