{"target": -26.44934667179733, "params": {"eta": 0.9124792381798638, "max_depth": 5.936839900829298, "n_estimators": 86.60432577630459}, "datetime": {"datetime": "2021-09-27 21:08:31", "elapsed": 69.901339, "delta": 0.666002}}
{"target": -22.612941618077226, "params": {"eta": 0.9490113079130854, "max_depth": 2.8258837531510057, "n_estimators": 83.69150086039498}, "datetime": {"datetime": "2021-09-27 21:08:32", "elapsed": 70.479337, "delta": 0.577998}}
{"target": -16.49884035894925, "params": {"eta": 0.2387472288148188, "max_depth": 4.585373384101844, "n_estimators": 82.74084861125309}, "datetime": {"datetime": "2021-09-27 21:08:32", "elapsed": 71.266508, "delta": 0.787171}}
{"target": -15.867215177891314, "params": {"eta": 0.06701810713540964, "max_depth": 21.187233296030954, "n_estimators": 48.90734142824803}, "datetime": {"datetime": "2021-09-27 21:08:33", "elapsed": 71.963506, "delta": 0.696998}}
{"target": -18.251787816623775, "params": {"eta": 0.17637544532861327, "max_depth": 3.342623560164836, "n_estimators": 82.25920692414118}, "datetime": {"datetime": "2021-09-27 21:08:34", "elapsed": 72.563376, "delta": 0.59987}}
{"target": -22.173164741379182, "params": {"eta": 1.0, "max_depth": 3.983389250452073, "n_estimators": 82.43037810914814}, "datetime": {"datetime": "2021-09-27 21:08:34", "elapsed": 73.291374, "delta": 0.727998}}
{"target": -17.00141201104117, "params": {"eta": 0.10551638151717561, "max_depth": 4.410163876209618, "n_estimators": 81.79798011444093}, "datetime": {"datetime": "2021-09-27 21:08:35", "elapsed": 74.026371, "delta": 0.734997}}
{"target": -16.942513204938958, "params": {"eta": 0.3709267508645931, "max_depth": 5.477462288184283, "n_estimators": 82.00071971721349}, "datetime": {"datetime": "2021-09-27 21:08:36", "elapsed": 74.851714, "delta": 0.825343}}
{"target": -24.942413530124877, "params": {"eta": 1.0, "max_depth": 4.9053390906313075, "n_estimators": 81.3089477423566}, "datetime": {"datetime": "2021-09-27 21:08:37", "elapsed": 75.732713, "delta": 0.880999}}
{"target": -20.709048520452562, "params": {"eta": 0.5810813345918913, "max_depth": 5.894004477359416, "n_estimators": 82.92228506968497}, "datetime": {"datetime": "2021-09-27 21:08:38", "elapsed": 76.388712, "delta": 0.655999}}
{"target": -21.976971287434157, "params": {"eta": 0.04713061003686606, "max_depth": 2.6799684733126763, "n_estimators": 83.01586124674952}, "datetime": {"datetime": "2021-09-27 21:08:38", "elapsed": 77.071269, "delta": 0.682557}}
{"target": -20.777555354139533, "params": {"eta": 0.5071952987384898, "max_depth": 2.22956365638144, "n_estimators": 86.54340806717975}, "datetime": {"datetime": "2021-09-27 21:08:39", "elapsed": 77.742875, "delta": 0.671606}}
{"target": -18.182816524149544, "params": {"eta": 0.2292872337527641, "max_depth": 3.598094527227367, "n_estimators": 81.01487656010059}, "datetime": {"datetime": "2021-09-27 21:08:40", "elapsed": 78.660134, "delta": 0.917259}}
{"target": -23.85512297491798, "params": {"eta": 0.1325255496173848, "max_depth": 1.9987008933329526, "n_estimators": 85.06802917734161}, "datetime": {"datetime": "2021-09-27 21:08:41", "elapsed": 79.312133, "delta": 0.651999}}
{"target": -16.879565431314205, "params": {"eta": 0.13819237766896486, "max_depth": 6.583931864301791, "n_estimators": 81.88210535096361}, "datetime": {"datetime": "2021-09-27 21:08:41", "elapsed": 80.188137, "delta": 0.876004}}
{"target": -18.49686176449576, "params": {"eta": 0.47610546536755516, "max_depth": 7.224680901830419, "n_estimators": 82.79239523754835}, "datetime": {"datetime": "2021-09-27 21:08:42", "elapsed": 81.138567, "delta": 0.95043}}
{"target": -24.90876425761133, "params": {"eta": 0.9336511785618599, "max_depth": 7.2141310201562865, "n_estimators": 81.79741592724274}, "datetime": {"datetime": "2021-09-27 21:08:43", "elapsed": 81.798568, "delta": 0.660001}}
{"target": -17.184651865587384, "params": {"eta": 0.06331149255866825, "max_depth": 5.995100752874331, "n_estimators": 80.86169578448536}, "datetime": {"datetime": "2021-09-27 21:08:44", "elapsed": 82.646489, "delta": 0.847921}}
{"target": -22.23750713216186, "params": {"eta": 0.9067088311371597, "max_depth": 2.670361287476256, "n_estimators": 81.36056607286845}, "datetime": {"datetime": "2021-09-27 21:08:44", "elapsed": 83.304486, "delta": 0.657997}}
{"target": -16.507957394528212, "params": {"eta": 0.12672514380370908, "max_depth": 4.7980865788310725, "n_estimators": 87.42095278466903}, "datetime": {"datetime": "2021-09-27 21:08:45", "elapsed": 84.101486, "delta": 0.797}}
{"target": -17.31869237577522, "params": {"eta": 0.6208433329684127, "max_depth": 3.808309658383944, "n_estimators": 87.76726623403957}, "datetime": {"datetime": "2021-09-27 21:08:46", "elapsed": 84.91901, "delta": 0.817524}}
{"target": -20.362714168481535, "params": {"eta": 0.6129494128434667, "max_depth": 4.6788692665272436, "n_estimators": 88.29454880078673}, "datetime": {"datetime": "2021-09-27 21:08:47", "elapsed": 85.608005, "delta": 0.688995}}
{"target": -89.9788142138017, "params": {"eta": 0.001, "max_depth": 4.80200274617166, "n_estimators": 80.58398868085388}, "datetime": {"datetime": "2021-09-27 21:08:48", "elapsed": 86.365011, "delta": 0.757006}}
{"target": -20.798559340352867, "params": {"eta": 0.9959864880518997, "max_depth": 3.317801759834066, "n_estimators": 54.20187076564216}, "datetime": {"datetime": "2021-09-27 21:08:48", "elapsed": 86.979538, "delta": 0.614527}}
{"target": -16.374694227586538, "params": {"eta": 0.10337859466604066, "max_depth": 7.023132850253756, "n_estimators": 80.28409251154105}, "datetime": {"datetime": "2021-09-27 21:08:49", "elapsed": 87.937703, "delta": 0.958165}}
{"target": -23.003574291888516, "params": {"eta": 0.8734843661224123, "max_depth": 6.5254500866479965, "n_estimators": 80.09409161595394}, "datetime": {"datetime": "2021-09-27 21:08:50", "elapsed": 88.835957, "delta": 0.898254}}
{"target": -17.454556757885875, "params": {"eta": 0.4004488699205504, "max_depth": 6.702436036740765, "n_estimators": 81.08896173467437}, "datetime": {"datetime": "2021-09-27 21:08:51", "elapsed": 89.884957, "delta": 1.049}}
{"target": -27.551088385469807, "params": {"eta": 0.9474814877060926, "max_depth": 21.588006993320356, "n_estimators": 98.46970766280243}, "datetime": {"datetime": "2021-09-27 21:08:52", "elapsed": 90.618959, "delta": 0.734002}}
{"target": -22.511313619823046, "params": {"eta": 0.6450197397359212, "max_depth": 2.65136320138271, "n_estimators": 87.8434154699951}, "datetime": {"datetime": "2021-09-27 21:08:52", "elapsed": 91.291842, "delta": 0.672883}}
{"target": -24.043164688288325, "params": {"eta": 0.8061810654689391, "max_depth": 10.618271243255071, "n_estimators": 93.05582915189987}, "datetime": {"datetime": "2021-09-27 21:08:53", "elapsed": 91.925846, "delta": 0.634004}}
{"target": -89.23025736148995, "params": {"eta": 0.001, "max_depth": 3.6735022835279074, "n_estimators": 88.62897549703766}, "datetime": {"datetime": "2021-09-27 21:08:54", "elapsed": 92.619842, "delta": 0.693996}}
{"target": -15.80688241773144, "params": {"eta": 0.08844683746573649, "max_depth": 14.458135731870026, "n_estimators": 56.70346969041469}, "datetime": {"datetime": "2021-09-27 21:08:55", "elapsed": 93.419036, "delta": 0.799194}}
{"target": -24.927512842667866, "params": {"eta": 0.8346942076880043, "max_depth": 4.424678360280316, "n_estimators": 86.9539785563256}, "datetime": {"datetime": "2021-09-27 21:08:56", "elapsed": 94.342838, "delta": 0.923802}}
{"target": -18.177847993721077, "params": {"eta": 0.4621574494111979, "max_depth": 5.764281756291411, "n_estimators": 87.73269331493151}, "datetime": {"datetime": "2021-09-27 21:08:57", "elapsed": 95.311833, "delta": 0.968995}}
{"target": -21.513426137669892, "params": {"eta": 0.6510765712732691, "max_depth": 13.595454811203577, "n_estimators": 56.555924173054166}, "datetime": {"datetime": "2021-09-27 21:08:58", "elapsed": 96.315834, "delta": 1.004001}}
{"target": -24.74405546782858, "params": {"eta": 0.8214211486043985, "max_depth": 21.86382555654276, "n_estimators": 89.57492594236888}, "datetime": {"datetime": "2021-09-27 21:08:58", "elapsed": 97.136981, "delta": 0.821147}}
{"target": -22.165895672708047, "params": {"eta": 0.7064698434602797, "max_depth": 14.598799722314455, "n_estimators": 57.45052972009741}, "datetime": {"datetime": "2021-09-27 21:08:59", "elapsed": 97.964094, "delta": 0.827113}}
{"target": -22.48230490664711, "params": {"eta": 0.6190129013814469, "max_depth": 2.687805715612921, "n_estimators": 87.76052451382074}, "datetime": {"datetime": "2021-09-27 21:09:00", "elapsed": 98.629094, "delta": 0.665}}
{"target": -23.85245695091694, "params": {"eta": 0.864366868146039, "max_depth": 21.490164879067855, "n_estimators": 24.721997745161286}, "datetime": {"datetime": "2021-09-27 21:09:01", "elapsed": 99.510383, "delta": 0.881289}}
{"target": -21.34813662010439, "params": {"eta": 0.5733489643517359, "max_depth": 14.666048225062031, "n_estimators": 55.61118385866156}, "datetime": {"datetime": "2021-09-27 21:09:02", "elapsed": 100.441378, "delta": 0.930995}}
{"target": -16.53577372065215, "params": {"eta": 0.22985705356446415, "max_depth": 15.497818724357039, "n_estimators": 56.54832806793078}, "datetime": {"datetime": "2021-09-27 21:09:03", "elapsed": 101.816598, "delta": 1.37522}}
{"target": -82.17080882896074, "params": {"eta": 0.0021240414577337733, "max_depth": 2.56047487482792, "n_estimators": 80.6953709727109}, "datetime": {"datetime": "2021-09-27 21:09:04", "elapsed": 102.992938, "delta": 1.17634}}
{"target": -20.075927229550647, "params": {"eta": 0.48874327359905506, "max_depth": 16.284702071799646, "n_estimators": 57.30223021222427}, "datetime": {"datetime": "2021-09-27 21:09:05", "elapsed": 104.149936, "delta": 1.156998}}
{"target": -16.479866363660776, "params": {"eta": 0.10381656800718804, "max_depth": 21.033402436694935, "n_estimators": 25.60326455720866}, "datetime": {"datetime": "2021-09-27 21:09:06", "elapsed": 105.057101, "delta": 0.907165}}
{"target": -26.484492794119348, "params": {"eta": 0.9165050077948845, "max_depth": 20.40026463965434, "n_estimators": 25.661378048163904}, "datetime": {"datetime": "2021-09-27 21:09:07", "elapsed": 105.891089, "delta": 0.833988}}
{"target": -16.987988173030583, "params": {"eta": 0.09995408549449912, "max_depth": 20.743487093806955, "n_estimators": 24.447844956538383}, "datetime": {"datetime": "2021-09-27 21:09:08", "elapsed": 106.78397, "delta": 0.892881}}
{"target": -15.533247313721994, "params": {"eta": 0.11894623996083518, "max_depth": 21.946422898099662, "n_estimators": 25.5941403744526}, "datetime": {"datetime": "2021-09-27 21:09:09", "elapsed": 107.580639, "delta": 0.796669}}
{"target": -18.7753951209095, "params": {"eta": 0.4712667294959894, "max_depth": 21.62635925364806, "n_estimators": 26.5007766619671}, "datetime": {"datetime": "2021-09-27 21:09:10", "elapsed": 109.142916, "delta": 1.562277}}
{"target": -22.4483713558112, "params": {"eta": 0.9787133903451687, "max_depth": 3.714914560079008, "n_estimators": 81.29027798430093}, "datetime": {"datetime": "2021-09-27 21:09:11", "elapsed": 109.967915, "delta": 0.824999}}
{"target": -20.207742432536623, "params": {"eta": 0.4826115967957097, "max_depth": 16.414332287677087, "n_estimators": 55.96178123630656}, "datetime": {"datetime": "2021-09-27 21:09:12", "elapsed": 110.963383, "delta": 0.995468}}
{"target": -24.595481690130462, "params": {"eta": 0.9103276967599789, "max_depth": 22.530336967531333, "n_estimators": 26.11423259683436}, "datetime": {"datetime": "2021-09-27 21:09:13", "elapsed": 111.66138, "delta": 0.697997}}
{"target": -22.427798335047015, "params": {"eta": 0.02961779050265353, "max_depth": 15.386375902933603, "n_estimators": 57.75630680842172}, "datetime": {"datetime": "2021-09-27 21:09:14", "elapsed": 112.47438, "delta": 0.813}}
{"target": -28.57380700316731, "params": {"eta": 1.0, "max_depth": 5.680046818107652, "n_estimators": 88.69883797582936}, "datetime": {"datetime": "2021-09-27 21:09:15", "elapsed": 113.734522, "delta": 1.260142}}
{"target": -15.539648711447526, "params": {"eta": 0.09853401905696654, "max_depth": 23.22374529956231, "n_estimators": 43.6996881199295}, "datetime": {"datetime": "2021-09-27 21:09:16", "elapsed": 114.68052, "delta": 0.945998}}
{"target": -17.37755298267684, "params": {"eta": 0.2411504360222667, "max_depth": 23.092434117767763, "n_estimators": 42.69493998743452}, "datetime": {"datetime": "2021-09-27 21:09:17", "elapsed": 115.790937, "delta": 1.110417}}
{"target": -44.03743282341445, "params": {"eta": 0.12823440482882256, "max_depth": 21.202825561889476, "n_estimators": 6.503140365991604}, "datetime": {"datetime": "2021-09-27 21:09:18", "elapsed": 116.324934, "delta": 0.533997}}
{"target": -16.88389653591684, "params": {"eta": 0.12428626443799136, "max_depth": 22.30806253502455, "n_estimators": 43.345154049159646}, "datetime": {"datetime": "2021-09-27 21:09:18", "elapsed": 117.106166, "delta": 0.781232}}
{"target": -27.499023424067005, "params": {"eta": 0.912665299243786, "max_depth": 22.622542512481928, "n_estimators": 43.27041820542648}, "datetime": {"datetime": "2021-09-27 21:09:19", "elapsed": 118.21517, "delta": 1.109004}}
{"target": -16.098619105321397, "params": {"eta": 0.11307558793014119, "max_depth": 24.51151439632324, "n_estimators": 42.98002325404958}, "datetime": {"datetime": "2021-09-27 21:09:21", "elapsed": 119.645836, "delta": 1.430666}}
{"target": -23.79204796710957, "params": {"eta": 0.7886073651499172, "max_depth": 24.22783544098999, "n_estimators": 41.99569033903696}, "datetime": {"datetime": "2021-09-27 21:09:22", "elapsed": 120.785838, "delta": 1.140002}}
{"target": -37.741377870599365, "params": {"eta": 0.04087860214199834, "max_depth": 21.590631190902922, "n_estimators": 24.614985489210557}, "datetime": {"datetime": "2021-09-27 21:09:23", "elapsed": 122.06784, "delta": 1.282002}}
{"target": -20.1205141764792, "params": {"eta": 0.5664512045047783, "max_depth": 19.94408560340137, "n_estimators": 23.91654431451176}, "datetime": {"datetime": "2021-09-27 21:09:24", "elapsed": 122.968769, "delta": 0.900929}}
{"target": -17.820155569539693, "params": {"eta": 0.31899860142218944, "max_depth": 18.288076266978848, "n_estimators": 6.80152680599666}, "datetime": {"datetime": "2021-09-27 21:09:25", "elapsed": 123.653765, "delta": 0.684996}}
{"target": -16.63589354116981, "params": {"eta": 0.10274231540847989, "max_depth": 19.98776726752774, "n_estimators": 24.882091478328746}, "datetime": {"datetime": "2021-09-27 21:09:26", "elapsed": 124.78277, "delta": 1.129005}}
{"target": -27.218609973850572, "params": {"eta": 0.9883714751828455, "max_depth": 23.7581159821144, "n_estimators": 43.502163388625135}, "datetime": {"datetime": "2021-09-27 21:09:27", "elapsed": 125.836955, "delta": 1.054185}}
{"target": -18.778911399483952, "params": {"eta": 0.4669652556219502, "max_depth": 8.070663697285134, "n_estimators": 80.23537809766526}, "datetime": {"datetime": "2021-09-27 21:09:28", "elapsed": 126.903946, "delta": 1.066991}}
{"target": -33.72084862741506, "params": {"eta": 0.4351154945643267, "max_depth": 11.113177215856506, "n_estimators": 2.8864922558710964}, "datetime": {"datetime": "2021-09-27 21:09:29", "elapsed": 127.550638, "delta": 0.646692}}
{"target": -22.896420934736835, "params": {"eta": 0.9539389179744043, "max_depth": 4.791587762588369, "n_estimators": 83.60331125935755}, "datetime": {"datetime": "2021-09-27 21:09:30", "elapsed": 128.731638, "delta": 1.181}}
{"target": -89.95129605919644, "params": {"eta": 0.001, "max_depth": 7.722975130648614, "n_estimators": 81.1496997233862}, "datetime": {"datetime": "2021-09-27 21:09:31", "elapsed": 129.884644, "delta": 1.153006}}
{"target": -20.77469338606623, "params": {"eta": 0.6459060905684603, "max_depth": 10.193504106703726, "n_estimators": 72.32955166749807}, "datetime": {"datetime": "2021-09-27 21:09:32", "elapsed": 130.902933, "delta": 1.018289}}
{"target": -26.134714715342906, "params": {"eta": 0.9745776821312683, "max_depth": 6.7628249226796395, "n_estimators": 46.260779208130835}, "datetime": {"datetime": "2021-09-27 21:09:33", "elapsed": 131.830934, "delta": 0.928001}}
{"target": -23.097112574368907, "params": {"eta": 0.7371113687134296, "max_depth": 8.500206842757152, "n_estimators": 79.44822677766639}, "datetime": {"datetime": "2021-09-27 21:09:34", "elapsed": 132.70353, "delta": 0.872596}}
{"target": -18.96413238933276, "params": {"eta": 0.4788121467221307, "max_depth": 7.440356781018499, "n_estimators": 79.42871625308238}, "datetime": {"datetime": "2021-09-27 21:09:35", "elapsed": 134.271793, "delta": 1.568263}}
{"target": -29.396564829347664, "params": {"eta": 0.9964659249538439, "max_depth": 15.352478213979326, "n_estimators": 56.28788551181125}, "datetime": {"datetime": "2021-09-27 21:09:37", "elapsed": 135.914917, "delta": 1.643124}}
{"target": -23.704668058214448, "params": {"eta": 0.875632154250652, "max_depth": 6.411193614589335, "n_estimators": 82.19432769685623}, "datetime": {"datetime": "2021-09-27 21:09:39", "elapsed": 137.814546, "delta": 1.899629}}
{"target": -22.549253138281816, "params": {"eta": 0.5934781003778049, "max_depth": 1.5308277607891758, "n_estimators": 95.96041145627234}, "datetime": {"datetime": "2021-09-27 21:09:40", "elapsed": 138.841542, "delta": 1.026996}}
{"target": -20.827142408205642, "params": {"eta": 0.9927514936327986, "max_depth": 2.6677952926725457, "n_estimators": 82.48956015886873}, "datetime": {"datetime": "2021-09-27 21:09:41", "elapsed": 140.297626, "delta": 1.456084}}
{"target": -28.018855034564755, "params": {"eta": 0.9495023810681171, "max_depth": 28.118464014935793, "n_estimators": 37.02774676739229}, "datetime": {"datetime": "2021-09-27 21:09:43", "elapsed": 141.519496, "delta": 1.22187}}
{"target": -22.159457190973175, "params": {"eta": 0.032010543576165826, "max_depth": 23.030062593277844, "n_estimators": 53.14113396842268}, "datetime": {"datetime": "2021-09-27 21:09:44", "elapsed": 142.94228, "delta": 1.422784}}
{"target": -26.167417831150917, "params": {"eta": 0.9174713414918695, "max_depth": 24.93253425413363, "n_estimators": 43.09836410842902}, "datetime": {"datetime": "2021-09-27 21:09:46", "elapsed": 144.312284, "delta": 1.370004}}
{"target": -16.93977709323445, "params": {"eta": 0.2163429669182156, "max_depth": 26.86780097966193, "n_estimators": 42.602501211906684}, "datetime": {"datetime": "2021-09-27 21:09:47", "elapsed": 145.689312, "delta": 1.377028}}
{"target": -25.66154736470724, "params": {"eta": 0.8514363591530139, "max_depth": 18.943416002132373, "n_estimators": 60.459974326541946}, "datetime": {"datetime": "2021-09-27 21:09:48", "elapsed": 146.620314, "delta": 0.931002}}
{"target": -27.633197275420958, "params": {"eta": 0.9399089272446419, "max_depth": 21.655901865672732, "n_estimators": 25.69464685777077}, "datetime": {"datetime": "2021-09-27 21:09:49", "elapsed": 147.888486, "delta": 1.268172}}
{"target": -26.220244674805375, "params": {"eta": 0.999792932091099, "max_depth": 6.0239845037729225, "n_estimators": 81.32338900474186}, "datetime": {"datetime": "2021-09-27 21:09:51", "elapsed": 149.627823, "delta": 1.739337}}
{"target": -91.4778434362978, "params": {"eta": 0.001, "max_depth": 19.692336225423126, "n_estimators": 64.34011436336793}, "datetime": {"datetime": "2021-09-27 21:09:52", "elapsed": 150.934818, "delta": 1.306995}}
{"target": -17.199597587585146, "params": {"eta": 0.2606905022569228, "max_depth": 14.37253042765347, "n_estimators": 14.38832633676293}, "datetime": {"datetime": "2021-09-27 21:09:53", "elapsed": 151.889244, "delta": 0.954426}}
{"target": -93.49112223236708, "params": {"eta": 0.001, "max_depth": 22.11924442393755, "n_estimators": 42.32250401686371}, "datetime": {"datetime": "2021-09-27 21:09:55", "elapsed": 153.427433, "delta": 1.538189}}
{"target": -93.3059478122914, "params": {"eta": 0.001, "max_depth": 22.24842596529531, "n_estimators": 44.11349583173592}, "datetime": {"datetime": "2021-09-27 21:09:56", "elapsed": 154.673561, "delta": 1.246128}}
{"target": -23.615385089263828, "params": {"eta": 0.9668889554041001, "max_depth": 3.1579372703000117, "n_estimators": 84.56195265982221}, "datetime": {"datetime": "2021-09-27 21:09:57", "elapsed": 155.982159, "delta": 1.308598}}
{"target": -15.900088694415329, "params": {"eta": 0.4389501061044399, "max_depth": 26.064771880335382, "n_estimators": 44.21709629086078}, "datetime": {"datetime": "2021-09-27 21:09:59", "elapsed": 157.329606, "delta": 1.347447}}
{"target": -16.82213207883914, "params": {"eta": 0.24357811956477418, "max_depth": 19.822269287500365, "n_estimators": 47.8973497238391}, "datetime": {"datetime": "2021-09-27 21:10:00", "elapsed": 158.477606, "delta": 1.148}}
{"target": -23.58167756621219, "params": {"eta": 0.7786244950261649, "max_depth": 20.30053668682682, "n_estimators": 24.611663468683087}, "datetime": {"datetime": "2021-09-27 21:10:01", "elapsed": 159.599888, "delta": 1.122282}}
{"target": -20.324982388549266, "params": {"eta": 0.4924905605840339, "max_depth": 27.367269412178146, "n_estimators": 42.65646279718935}, "datetime": {"datetime": "2021-09-27 21:10:02", "elapsed": 160.797885, "delta": 1.197997}}
{"target": -91.38770297593032, "params": {"eta": 0.001, "max_depth": 20.940530305661387, "n_estimators": 65.6157575576956}, "datetime": {"datetime": "2021-09-27 21:10:03", "elapsed": 162.276126, "delta": 1.478241}}
{"target": -27.478966196539396, "params": {"eta": 0.9463062402258436, "max_depth": 27.414471520473093, "n_estimators": 38.77988307891688}, "datetime": {"datetime": "2021-09-27 21:10:05", "elapsed": 163.505396, "delta": 1.22927}}
{"target": -27.488020874347164, "params": {"eta": 0.9348064742519923, "max_depth": 28.238357090033322, "n_estimators": 95.16229971029469}, "datetime": {"datetime": "2021-09-27 21:10:06", "elapsed": 164.375388, "delta": 0.869992}}
