{"target": -20.74342799050745, "params": {"eta": 0.5492646904233974, "max_depth": 21.740491624800164, "n_estimators": 60.67357423109274}, "datetime": {"datetime": "2021-09-27 21:07:21", "elapsed": 0.0, "delta": 0.0}}
{"target": -20.52418421980836, "params": {"eta": 0.5453382998138999, "max_depth": 13.285989180828237, "n_estimators": 64.94351719359895}, "datetime": {"datetime": "2021-09-27 21:07:22", "elapsed": 0.330394, "delta": 0.330394}}
{"target": -16.221724495467033, "params": {"eta": 0.4381496240514298, "max_depth": 26.861417022680314, "n_estimators": 96.4026132896019}, "datetime": {"datetime": "2021-09-27 21:07:22", "elapsed": 0.937952, "delta": 0.607558}}
{"target": -16.816136829860977, "params": {"eta": 0.3840580773069519, "max_depth": 23.960026104397272, "n_estimators": 53.360597055537546}, "datetime": {"datetime": "2021-09-27 21:07:23", "elapsed": 1.507929, "delta": 0.569977}}
{"target": -20.06514965503311, "params": {"eta": 0.5684765165328384, "max_depth": 27.84230251048717, "n_estimators": 8.032569761590807}, "datetime": {"datetime": "2021-09-27 21:07:23", "elapsed": 1.634462, "delta": 0.126533}}
{"target": -21.627972989943814, "params": {"eta": 0.669499603123286, "max_depth": 21.600354219455586, "n_estimators": 84.79159601332269}, "datetime": {"datetime": "2021-09-27 21:07:23", "elapsed": 2.060454, "delta": 0.425992}}
{"target": -16.76533460806945, "params": {"eta": 0.23105856021937904, "max_depth": 28.768005864334125, "n_estimators": 38.94163862990509}, "datetime": {"datetime": "2021-09-27 21:07:24", "elapsed": 2.499292, "delta": 0.438838}}
{"target": -20.702199301935114, "params": {"eta": 0.5415624474726296, "max_depth": 17.04009618828381, "n_estimators": 73.52388834603966}, "datetime": {"datetime": "2021-09-27 21:07:24", "elapsed": 2.921293, "delta": 0.422001}}
{"target": -19.752862277034446, "params": {"eta": 0.1961430039436763, "max_depth": 8.986788525252559, "n_estimators": 9.547637839283635}, "datetime": {"datetime": "2021-09-27 21:07:24", "elapsed": 3.108292, "delta": 0.186999}}
{"target": -16.836735094518538, "params": {"eta": 0.3726749775541999, "max_depth": 4.348884410749229, "n_estimators": 85.857512551749}, "datetime": {"datetime": "2021-09-27 21:07:25", "elapsed": 3.751288, "delta": 0.642996}}
{"target": -25.49915798980244, "params": {"eta": 0.9067261971867566, "max_depth": 21.520907335268163, "n_estimators": 24.68926426604381}, "datetime": {"datetime": "2021-09-27 21:07:25", "elapsed": 4.04929, "delta": 0.298002}}
{"target": -27.37735402879827, "params": {"eta": 0.9831631911340326, "max_depth": 19.660416050687427, "n_estimators": 86.53788196339197}, "datetime": {"datetime": "2021-09-27 21:07:26", "elapsed": 4.578501, "delta": 0.529211}}
{"target": -15.967442524054128, "params": {"eta": 0.08352163368977474, "max_depth": 28.355180071998664, "n_estimators": 95.19436602582986}, "datetime": {"datetime": "2021-09-27 21:07:27", "elapsed": 5.960501, "delta": 1.382}}
{"target": -16.49470004318589, "params": {"eta": 0.09169885063535957, "max_depth": 29.566108035547803, "n_estimators": 97.93331765446754}, "datetime": {"datetime": "2021-09-27 21:07:29", "elapsed": 8.140616, "delta": 2.180115}}
{"target": -16.99156306142654, "params": {"eta": 0.24228451995136924, "max_depth": 26.91558890851187, "n_estimators": 42.61309185273199}, "datetime": {"datetime": "2021-09-27 21:07:30", "elapsed": 9.1217, "delta": 0.981084}}
{"target": -15.687877551874655, "params": {"eta": 0.32680078001099744, "max_depth": 25.418732391402564, "n_estimators": 48.62710107311037}, "datetime": {"datetime": "2021-09-27 21:07:32", "elapsed": 10.531327, "delta": 1.409627}}
{"target": -16.081897896093277, "params": {"eta": 0.32887489309183876, "max_depth": 20.883955975342715, "n_estimators": 47.75995162603982}, "datetime": {"datetime": "2021-09-27 21:07:33", "elapsed": 11.368325, "delta": 0.836998}}
{"target": -28.168351530083513, "params": {"eta": 1.0, "max_depth": 30.0, "n_estimators": 51.310619364790924}, "datetime": {"datetime": "2021-09-27 21:07:34", "elapsed": 12.410499, "delta": 1.042174}}
{"target": -93.21350763503898, "params": {"eta": 0.001, "max_depth": 23.67525862188383, "n_estimators": 45.45032476303812}, "datetime": {"datetime": "2021-09-27 21:07:34", "elapsed": 13.062497, "delta": 0.651998}}
{"target": -88.62907321768233, "params": {"eta": 0.001, "max_depth": 28.375350968001023, "n_estimators": 96.80558984578172}, "datetime": {"datetime": "2021-09-27 21:07:35", "elapsed": 13.921495, "delta": 0.858998}}
{"target": -23.236746267046474, "params": {"eta": 0.8743319855793228, "max_depth": 6.266405402788935, "n_estimators": 5.27588935933777}, "datetime": {"datetime": "2021-09-27 21:07:35", "elapsed": 14.1035, "delta": 0.182005}}
{"target": -19.808948791737365, "params": {"eta": 0.5165483235390995, "max_depth": 27.323020711070477, "n_estimators": 42.60691902693548}, "datetime": {"datetime": "2021-09-27 21:07:36", "elapsed": 14.532658, "delta": 0.429158}}
{"target": -23.16016189011588, "params": {"eta": 0.730430555985377, "max_depth": 26.06731894939604, "n_estimators": 96.46296169261403}, "datetime": {"datetime": "2021-09-27 21:07:36", "elapsed": 15.066661, "delta": 0.534003}}
{"target": -17.818221311502786, "params": {"eta": 0.45793569280219104, "max_depth": 4.420019254408136, "n_estimators": 85.99494037215588}, "datetime": {"datetime": "2021-09-27 21:07:37", "elapsed": 15.434658, "delta": 0.367997}}
{"target": -19.27663502285493, "params": {"eta": 0.5070729317877878, "max_depth": 27.337819911883567, "n_estimators": 94.68666939507288}, "datetime": {"datetime": "2021-09-27 21:07:37", "elapsed": 16.048658, "delta": 0.614}}
{"target": -24.750104095149176, "params": {"eta": 0.9098603382810694, "max_depth": 28.98144846821877, "n_estimators": 94.45794178619455}, "datetime": {"datetime": "2021-09-27 21:07:38", "elapsed": 16.729723, "delta": 0.681065}}
{"target": -24.08704997673273, "params": {"eta": 0.7897705112767766, "max_depth": 29.704244008284544, "n_estimators": 98.87226096098786}, "datetime": {"datetime": "2021-09-27 21:07:39", "elapsed": 17.774431, "delta": 1.044708}}
{"target": -21.164119527522875, "params": {"eta": 0.6662078844840724, "max_depth": 25.45858942398793, "n_estimators": 49.7029528778184}, "datetime": {"datetime": "2021-09-27 21:07:39", "elapsed": 18.223434, "delta": 0.449003}}
{"target": -92.93677398510441, "params": {"eta": 0.001, "max_depth": 26.56745063390961, "n_estimators": 48.78696564303811}, "datetime": {"datetime": "2021-09-27 21:07:40", "elapsed": 18.908433, "delta": 0.684999}}
{"target": -24.186323210307933, "params": {"eta": 0.7486568784470053, "max_depth": 24.562406454075944, "n_estimators": 48.58768361312944}, "datetime": {"datetime": "2021-09-27 21:07:41", "elapsed": 19.447433, "delta": 0.539}}
{"target": -16.97175978864763, "params": {"eta": 0.31942286503762285, "max_depth": 20.593105288510934, "n_estimators": 48.742169691678484}, "datetime": {"datetime": "2021-09-27 21:07:42", "elapsed": 20.760433, "delta": 1.313}}
{"target": -26.8818481158722, "params": {"eta": 0.8540433715215792, "max_depth": 19.99764945411373, "n_estimators": 47.99867821701532}, "datetime": {"datetime": "2021-09-27 21:07:42", "elapsed": 21.285431, "delta": 0.524998}}
{"target": -17.164157073084723, "params": {"eta": 0.35536174513864327, "max_depth": 21.675903592655065, "n_estimators": 48.335364317483815}, "datetime": {"datetime": "2021-09-27 21:07:43", "elapsed": 22.207509, "delta": 0.922078}}
{"target": -22.81293435016754, "params": {"eta": 0.28544642902737205, "max_depth": 1.4854852031467525, "n_estimators": 92.3939532150872}, "datetime": {"datetime": "2021-09-27 21:07:44", "elapsed": 22.479351, "delta": 0.271842}}
{"target": -19.984918803387618, "params": {"eta": 0.5240541629590083, "max_depth": 26.959653902780268, "n_estimators": 71.94098764230564}, "datetime": {"datetime": "2021-09-27 21:07:44", "elapsed": 22.939355, "delta": 0.460004}}
{"target": -23.135132607964447, "params": {"eta": 0.734077166804056, "max_depth": 29.76847011834066, "n_estimators": 98.87866508712513}, "datetime": {"datetime": "2021-09-27 21:07:45", "elapsed": 23.675354, "delta": 0.735999}}
{"target": -57.08062906286675, "params": {"eta": 0.005846217247999893, "max_depth": 28.20411972778137, "n_estimators": 93.87900510784596}, "datetime": {"datetime": "2021-09-27 21:07:46", "elapsed": 24.689903, "delta": 1.014549}}
{"target": -16.944355211308174, "params": {"eta": 0.37246627313656394, "max_depth": 26.252672373417457, "n_estimators": 95.26756205160392}, "datetime": {"datetime": "2021-09-27 21:07:47", "elapsed": 25.466908, "delta": 0.777005}}
{"target": -18.574248476143847, "params": {"eta": 0.46383953358316654, "max_depth": 21.506219271686465, "n_estimators": 49.47319277059965}, "datetime": {"datetime": "2021-09-27 21:07:48", "elapsed": 26.515901, "delta": 1.048993}}
{"target": -21.965825398053468, "params": {"eta": 0.7132168128715571, "max_depth": 26.981527801991717, "n_estimators": 95.541480783665}, "datetime": {"datetime": "2021-09-27 21:07:49", "elapsed": 27.717614, "delta": 1.201713}}
{"target": -17.35582280922756, "params": {"eta": 0.028501236782843366, "max_depth": 5.3149255563855915, "n_estimators": 85.25940316984772}, "datetime": {"datetime": "2021-09-27 21:07:50", "elapsed": 28.541167, "delta": 0.823553}}
{"target": -17.575385699260693, "params": {"eta": 0.2540103723892392, "max_depth": 27.550211037697007, "n_estimators": 39.183135288459496}, "datetime": {"datetime": "2021-09-27 21:07:51", "elapsed": 29.384168, "delta": 0.843001}}
{"target": -19.239514352116924, "params": {"eta": 0.5809528536382802, "max_depth": 4.106058978633766, "n_estimators": 84.5943541032139}, "datetime": {"datetime": "2021-09-27 21:07:51", "elapsed": 29.964167, "delta": 0.579999}}
{"target": -25.483333848703403, "params": {"eta": 0.8435571208702961, "max_depth": 28.118666757139497, "n_estimators": 39.992810189771454}, "datetime": {"datetime": "2021-09-27 21:07:52", "elapsed": 30.571767, "delta": 0.6076}}
{"target": -17.39143685278001, "params": {"eta": 0.38023130625292356, "max_depth": 27.574413305331213, "n_estimators": 38.11211497888145}, "datetime": {"datetime": "2021-09-27 21:07:53", "elapsed": 31.97477, "delta": 1.403003}}
{"target": -19.608940640712323, "params": {"eta": 0.560843214066335, "max_depth": 28.846816195988737, "n_estimators": 37.47047009674933}, "datetime": {"datetime": "2021-09-27 21:07:54", "elapsed": 32.647701, "delta": 0.672931}}
{"target": -19.52910632178057, "params": {"eta": 0.40435946109707593, "max_depth": 3.0724245615046124, "n_estimators": 85.55967222722278}, "datetime": {"datetime": "2021-09-27 21:07:54", "elapsed": 33.299603, "delta": 0.651902}}
{"target": -93.86264930345429, "params": {"eta": 0.001, "max_depth": 29.858156339163056, "n_estimators": 38.30082362201823}, "datetime": {"datetime": "2021-09-27 21:07:55", "elapsed": 33.917607, "delta": 0.618004}}
{"target": -27.489510273845834, "params": {"eta": 0.9445310897170737, "max_depth": 28.343915537667115, "n_estimators": 38.22316310678337}, "datetime": {"datetime": "2021-09-27 21:07:56", "elapsed": 34.883528, "delta": 0.965921}}
{"target": -17.900108617537967, "params": {"eta": 0.2879242908097035, "max_depth": 27.925587001385292, "n_estimators": 36.87854986892905}, "datetime": {"datetime": "2021-09-27 21:07:57", "elapsed": 35.950528, "delta": 1.067}}
{"target": -21.602957825700642, "params": {"eta": 0.6674990051338497, "max_depth": 28.774286727914067, "n_estimators": 36.19430739450701}, "datetime": {"datetime": "2021-09-27 21:07:58", "elapsed": 36.537834, "delta": 0.587306}}
{"target": -93.95577708109147, "params": {"eta": 0.001, "max_depth": 26.6858831038736, "n_estimators": 37.35176733933201}, "datetime": {"datetime": "2021-09-27 21:07:58", "elapsed": 37.033832, "delta": 0.495998}}
{"target": -25.38458612982428, "params": {"eta": 0.9068342454898412, "max_depth": 23.010775368577352, "n_estimators": 53.729415824963425}, "datetime": {"datetime": "2021-09-27 21:07:59", "elapsed": 37.723731, "delta": 0.689899}}
{"target": -23.211544909322917, "params": {"eta": 0.9571099429988571, "max_depth": 4.685057099283378, "n_estimators": 85.21102566821521}, "datetime": {"datetime": "2021-09-27 21:08:00", "elapsed": 38.509258, "delta": 0.785527}}
{"target": -24.989002235102358, "params": {"eta": 0.8272048453404188, "max_depth": 26.15057546110787, "n_estimators": 94.12500321159996}, "datetime": {"datetime": "2021-09-27 21:08:00", "elapsed": 39.088253, "delta": 0.578995}}
{"target": -21.431565067202175, "params": {"eta": 0.0212920437985122, "max_depth": 5.087766414847266, "n_estimators": 83.9682132436993}, "datetime": {"datetime": "2021-09-27 21:08:01", "elapsed": 39.841256, "delta": 0.753003}}
{"target": -16.62948062772672, "params": {"eta": 0.1798455686004025, "max_depth": 23.464620325167484, "n_estimators": 52.326617004270105}, "datetime": {"datetime": "2021-09-27 21:08:02", "elapsed": 40.937966, "delta": 1.09671}}
{"target": -21.788075786584827, "params": {"eta": 0.6445374163453286, "max_depth": 24.40044399550201, "n_estimators": 52.41840825132171}, "datetime": {"datetime": "2021-09-27 21:08:03", "elapsed": 41.648964, "delta": 0.710998}}
{"target": -27.42044904027054, "params": {"eta": 0.9890187963837381, "max_depth": 22.727300455333573, "n_estimators": 52.13970236817137}, "datetime": {"datetime": "2021-09-27 21:08:03", "elapsed": 42.112968, "delta": 0.464004}}
{"target": -93.58385654597444, "params": {"eta": 0.001, "max_depth": 26.955005830542227, "n_estimators": 41.49347823025779}, "datetime": {"datetime": "2021-09-27 21:08:04", "elapsed": 42.745343, "delta": 0.632375}}
{"target": -16.165875210722046, "params": {"eta": 0.1391960835728047, "max_depth": 26.732713594720916, "n_estimators": 43.45433975069812}, "datetime": {"datetime": "2021-09-27 21:08:05", "elapsed": 43.571345, "delta": 0.826002}}
{"target": -28.31955362895002, "params": {"eta": 0.9965962703860263, "max_depth": 26.952878707785516, "n_estimators": 43.45340349846961}, "datetime": {"datetime": "2021-09-27 21:08:06", "elapsed": 44.353343, "delta": 0.781998}}
{"target": -88.39661634987894, "params": {"eta": 0.0022933346310390302, "max_depth": 27.884567416971898, "n_estimators": 43.727084030720135}, "datetime": {"datetime": "2021-09-27 21:08:06", "elapsed": 45.027902, "delta": 0.674559}}
{"target": -24.21901968959658, "params": {"eta": 0.859512627110229, "max_depth": 23.063488869223725, "n_estimators": 53.69216611117}, "datetime": {"datetime": "2021-09-27 21:08:07", "elapsed": 45.464902, "delta": 0.437}}
{"target": -17.868046323378035, "params": {"eta": 0.2782505612739257, "max_depth": 25.672144658297817, "n_estimators": 43.376568480766295}, "datetime": {"datetime": "2021-09-27 21:08:07", "elapsed": 46.120901, "delta": 0.655999}}
{"target": -15.318262626882667, "params": {"eta": 0.07401443671290724, "max_depth": 20.237984097442, "n_estimators": 49.798518225651165}, "datetime": {"datetime": "2021-09-27 21:08:08", "elapsed": 46.775194, "delta": 0.654293}}
{"target": -83.85728626384291, "params": {"eta": 0.0030368262188926833, "max_depth": 20.9363608015284, "n_estimators": 50.884602566220316}, "datetime": {"datetime": "2021-09-27 21:08:09", "elapsed": 47.355924, "delta": 0.58073}}
{"target": -92.84472487994864, "params": {"eta": 0.001, "max_depth": 19.485570672306, "n_estimators": 49.20193344081504}, "datetime": {"datetime": "2021-09-27 21:08:09", "elapsed": 48.083924, "delta": 0.728}}
{"target": -21.19320228298803, "params": {"eta": 0.5776904008404046, "max_depth": 24.27372813200525, "n_estimators": 20.64431677114759}, "datetime": {"datetime": "2021-09-27 21:08:10", "elapsed": 48.527991, "delta": 0.444067}}
{"target": -25.005190329938188, "params": {"eta": 0.8901975920174264, "max_depth": 20.811541697333762, "n_estimators": 49.31508857550196}, "datetime": {"datetime": "2021-09-27 21:08:11", "elapsed": 49.373998, "delta": 0.846007}}
{"target": -22.866234158191023, "params": {"eta": 0.7320549173931256, "max_depth": 26.54184551910983, "n_estimators": 40.33169111685752}, "datetime": {"datetime": "2021-09-27 21:08:11", "elapsed": 49.86399, "delta": 0.489992}}
{"target": -27.335733772718402, "params": {"eta": 0.92163445831175, "max_depth": 28.188508888846304, "n_estimators": 95.08556010881598}, "datetime": {"datetime": "2021-09-27 21:08:12", "elapsed": 50.41599, "delta": 0.552}}
{"target": -20.254721704788402, "params": {"eta": 0.4819675491478735, "max_depth": 26.14104123049369, "n_estimators": 42.701968210205976}, "datetime": {"datetime": "2021-09-27 21:08:13", "elapsed": 51.406992, "delta": 0.991002}}
{"target": -28.269318337128297, "params": {"eta": 0.035954759368985935, "max_depth": 28.210034047408623, "n_estimators": 37.87375594553886}, "datetime": {"datetime": "2021-09-27 21:08:13", "elapsed": 51.890993, "delta": 0.484001}}
{"target": -15.58666964362025, "params": {"eta": 0.0846896239654983, "max_depth": 24.9761836693959, "n_estimators": 47.765187511851806}, "datetime": {"datetime": "2021-09-27 21:08:14", "elapsed": 52.968208, "delta": 1.077215}}
{"target": -26.24330169718024, "params": {"eta": 0.9674444590169807, "max_depth": 21.04229161262028, "n_estimators": 48.16010978314975}, "datetime": {"datetime": "2021-09-27 21:08:15", "elapsed": 53.64221, "delta": 0.674002}}
{"target": -16.27971446440197, "params": {"eta": 0.10402363755412836, "max_depth": 20.5453095025357, "n_estimators": 64.92554874432642}, "datetime": {"datetime": "2021-09-27 21:08:16", "elapsed": 54.913048, "delta": 1.270838}}
{"target": -21.488355248888986, "params": {"eta": 0.6910448587220871, "max_depth": 22.45993262643517, "n_estimators": 48.89734472957345}, "datetime": {"datetime": "2021-09-27 21:08:17", "elapsed": 55.405045, "delta": 0.491997}}
{"target": -17.962067379146916, "params": {"eta": 0.3025348447568854, "max_depth": 3.5946086847981205, "n_estimators": 86.59448548605319}, "datetime": {"datetime": "2021-09-27 21:08:17", "elapsed": 55.939044, "delta": 0.533999}}
{"target": -21.714965731440806, "params": {"eta": 0.5723259298246516, "max_depth": 21.38908093031655, "n_estimators": 64.87488870060011}, "datetime": {"datetime": "2021-09-27 21:08:18", "elapsed": 56.892758, "delta": 0.953714}}
{"target": -93.02892091756057, "params": {"eta": 0.001, "max_depth": 21.734307570685203, "n_estimators": 47.33059612031345}, "datetime": {"datetime": "2021-09-27 21:08:19", "elapsed": 57.661423, "delta": 0.768665}}
{"target": -20.66794940194181, "params": {"eta": 0.504983625674607, "max_depth": 15.066142765435632, "n_estimators": 94.63115295517831}, "datetime": {"datetime": "2021-09-27 21:08:20", "elapsed": 58.389424, "delta": 0.728001}}
{"target": -34.92000499836848, "params": {"eta": 0.022184404729369316, "max_depth": 24.660154013413557, "n_estimators": 49.06812240024412}, "datetime": {"datetime": "2021-09-27 21:08:20", "elapsed": 58.937615, "delta": 0.548191}}
{"target": -24.095049025247146, "params": {"eta": 0.7525321661520824, "max_depth": 26.58082731125827, "n_estimators": 40.249869041528015}, "datetime": {"datetime": "2021-09-27 21:08:21", "elapsed": 59.439611, "delta": 0.501996}}
{"target": -25.66754680709983, "params": {"eta": 0.8560296346803321, "max_depth": 25.490321035153606, "n_estimators": 47.41590294522487}, "datetime": {"datetime": "2021-09-27 21:08:22", "elapsed": 60.315622, "delta": 0.876011}}
{"target": -22.115522205550185, "params": {"eta": 0.927798133535396, "max_depth": 3.8575657122702687, "n_estimators": 85.49311316044056}, "datetime": {"datetime": "2021-09-27 21:08:22", "elapsed": 61.090884, "delta": 0.775262}}
{"target": -23.885030084092403, "params": {"eta": 0.8073704872926207, "max_depth": 1.5594499204978396, "n_estimators": 29.63216596750216}, "datetime": {"datetime": "2021-09-27 21:08:23", "elapsed": 61.417884, "delta": 0.327}}
{"target": -20.506688338599265, "params": {"eta": 0.5747210716725631, "max_depth": 29.1728878049081, "n_estimators": 93.79630700247066}, "datetime": {"datetime": "2021-09-27 21:08:23", "elapsed": 62.031435, "delta": 0.613551}}
{"target": -17.176794031899625, "params": {"eta": 0.30861546936726564, "max_depth": 21.735225602376765, "n_estimators": 48.357047738918894}, "datetime": {"datetime": "2021-09-27 21:08:24", "elapsed": 62.846671, "delta": 0.815236}}
{"target": -21.636833503632946, "params": {"eta": 0.5877123639535878, "max_depth": 20.682273388778302, "n_estimators": 64.03636286662265}, "datetime": {"datetime": "2021-09-27 21:08:25", "elapsed": 63.57667, "delta": 0.729999}}
{"target": -28.114693576663814, "params": {"eta": 1.0, "max_depth": 20.263168855364288, "n_estimators": 65.09209465054839}, "datetime": {"datetime": "2021-09-27 21:08:26", "elapsed": 64.359671, "delta": 0.783001}}
{"target": -16.7668367446462, "params": {"eta": 0.11300992590146641, "max_depth": 5.4432973983139235, "n_estimators": 86.28387387272208}, "datetime": {"datetime": "2021-09-27 21:08:26", "elapsed": 65.022337, "delta": 0.662666}}
{"target": -16.72822676189937, "params": {"eta": 0.19009488087205711, "max_depth": 6.214260255477457, "n_estimators": 85.74324692614}, "datetime": {"datetime": "2021-09-27 21:08:27", "elapsed": 66.194339, "delta": 1.172002}}
{"target": -16.546126553444264, "params": {"eta": 0.16905325776899036, "max_depth": 28.63247811617638, "n_estimators": 38.998991615317365}, "datetime": {"datetime": "2021-09-27 21:08:28", "elapsed": 66.851335, "delta": 0.656996}}
{"target": -22.29293718665961, "params": {"eta": 0.6937443776642279, "max_depth": 6.039775080505291, "n_estimators": 84.77763945052767}, "datetime": {"datetime": "2021-09-27 21:08:29", "elapsed": 67.814338, "delta": 0.963003}}
{"target": -18.547550868963953, "params": {"eta": 0.037342061363722735, "max_depth": 3.1230765236928084, "n_estimators": 84.33001598510171}, "datetime": {"datetime": "2021-09-27 21:08:30", "elapsed": 68.50234, "delta": 0.688002}}
{"target": -17.93766377180871, "params": {"eta": 0.6900868516109281, "max_depth": 3.7995097929730037, "n_estimators": 83.56186594354516}, "datetime": {"datetime": "2021-09-27 21:08:30", "elapsed": 69.235337, "delta": 0.732997}}
