{"target": -31.959811553152704, "params": {"eta": 0.7323676998271094, "max_depth": 10.8528091399605, "n_estimators": 1.6954381520866053}, "datetime": {"datetime": "2021-09-27 21:12:53", "elapsed": 331.694063, "delta": 1.182999}}
{"target": -17.040114121566717, "params": {"eta": 0.36799054859225744, "max_depth": 15.308703787507234, "n_estimators": 57.126017063329925}, "datetime": {"datetime": "2021-09-27 21:12:55", "elapsed": 334.067739, "delta": 2.373676}}
{"target": -18.508988866919445, "params": {"eta": 0.47733125764855144, "max_depth": 17.9054878052866, "n_estimators": 20.07681925808921}, "datetime": {"datetime": "2021-09-27 21:12:57", "elapsed": 335.538737, "delta": 1.470998}}
{"target": -20.760223721804806, "params": {"eta": 0.8197542794194563, "max_depth": 2.4082622910602147, "n_estimators": 85.70144828184405}, "datetime": {"datetime": "2021-09-27 21:12:58", "elapsed": 337.256948, "delta": 1.718211}}
{"target": -16.61844002038089, "params": {"eta": 0.11758196968763941, "max_depth": 12.261973963100662, "n_estimators": 55.73413116038382}, "datetime": {"datetime": "2021-09-27 21:13:00", "elapsed": 339.201295, "delta": 1.944347}}
{"target": -24.75062441826518, "params": {"eta": 0.8929199644614906, "max_depth": 6.175642757969533, "n_estimators": 87.93814946031958}, "datetime": {"datetime": "2021-09-27 21:13:04", "elapsed": 343.035818, "delta": 3.834523}}
{"target": -15.343622031930995, "params": {"eta": 0.03796116296482612, "max_depth": 8.031172958063188, "n_estimators": 79.61312953081618}, "datetime": {"datetime": "2021-09-27 21:13:07", "elapsed": 345.623233, "delta": 2.587415}}
{"target": -23.613726899962074, "params": {"eta": 0.7471444289201324, "max_depth": 23.60240896290961, "n_estimators": 29.848445177753753}, "datetime": {"datetime": "2021-09-27 21:13:09", "elapsed": 347.530093, "delta": 1.90686}}
{"target": -15.248782100102343, "params": {"eta": 0.07345072798253081, "max_depth": 24.91383281143736, "n_estimators": 43.656562053822014}, "datetime": {"datetime": "2021-09-27 21:13:11", "elapsed": 349.441119, "delta": 1.911026}}
{"target": -24.019250897884806, "params": {"eta": 0.863468981878323, "max_depth": 23.673628677494765, "n_estimators": 53.47034878535852}, "datetime": {"datetime": "2021-09-27 21:13:13", "elapsed": 352.208264, "delta": 2.767145}}
{"target": -25.02497267946458, "params": {"eta": 0.8842896791284892, "max_depth": 21.614077965226183, "n_estimators": 10.522912268294434}, "datetime": {"datetime": "2021-09-27 21:13:15", "elapsed": 353.985583, "delta": 1.777319}}
{"target": -27.428631885923643, "params": {"eta": 0.9478910134921582, "max_depth": 21.386519998329653, "n_estimators": 63.73541071604674}, "datetime": {"datetime": "2021-09-27 21:13:18", "elapsed": 357.160793, "delta": 3.17521}}
{"target": -15.894785243492862, "params": {"eta": 0.10524916413753865, "max_depth": 12.707752452418415, "n_estimators": 53.881215765266916}, "datetime": {"datetime": "2021-09-27 21:13:21", "elapsed": 360.062276, "delta": 2.901483}}
{"target": -21.275015732193022, "params": {"eta": 0.9970255818927026, "max_depth": 3.3384372867070486, "n_estimators": 54.23258260456421}, "datetime": {"datetime": "2021-09-27 21:13:23", "elapsed": 361.540273, "delta": 1.477997}}
{"target": -24.260199100586615, "params": {"eta": 0.7554728492390037, "max_depth": 15.181565664194318, "n_estimators": 26.54362380902642}, "datetime": {"datetime": "2021-09-27 21:13:24", "elapsed": 363.042875, "delta": 1.502602}}
{"target": -22.429203971892207, "params": {"eta": 0.9226139290469655, "max_depth": 2.371739830693117, "n_estimators": 81.90909464442828}, "datetime": {"datetime": "2021-09-27 21:13:26", "elapsed": 364.451081, "delta": 1.408206}}
{"target": -27.461757202956306, "params": {"eta": 0.9359017804476911, "max_depth": 26.72323927600242, "n_estimators": 20.582098543361912}, "datetime": {"datetime": "2021-09-27 21:13:27", "elapsed": 365.883084, "delta": 1.432003}}
{"target": -19.963290377018662, "params": {"eta": 0.546168289625005, "max_depth": 6.082146843018946, "n_estimators": 7.000915023723436}, "datetime": {"datetime": "2021-09-27 21:13:30", "elapsed": 368.961662, "delta": 3.078578}}
{"target": -92.20348829611277, "params": {"eta": 0.001, "max_depth": 13.738250124071454, "n_estimators": 56.74844986420388}, "datetime": {"datetime": "2021-09-27 21:13:33", "elapsed": 372.065115, "delta": 3.103453}}
{"target": -17.94764043605105, "params": {"eta": 0.11626532030658986, "max_depth": 3.8774678692534343, "n_estimators": 75.69274176319976}, "datetime": {"datetime": "2021-09-27 21:13:35", "elapsed": 373.760747, "delta": 1.695632}}
{"target": -20.534112721506396, "params": {"eta": 0.5051985339368268, "max_depth": 14.09785844526626, "n_estimators": 55.537049198723885}, "datetime": {"datetime": "2021-09-27 21:13:38", "elapsed": 376.581147, "delta": 2.8204}}
{"target": -35.333111075207704, "params": {"eta": 0.018780547333284804, "max_depth": 14.853640984862537, "n_estimators": 57.4372576635306}, "datetime": {"datetime": "2021-09-27 21:13:41", "elapsed": 379.698027, "delta": 3.11688}}
{"target": -23.745720468991298, "params": {"eta": 0.7772797794801192, "max_depth": 14.354355883362198, "n_estimators": 56.61006170401742}, "datetime": {"datetime": "2021-09-27 21:13:44", "elapsed": 382.719588, "delta": 3.021561}}
{"target": -20.774660891466713, "params": {"eta": 0.697383599314962, "max_depth": 4.075104113390541, "n_estimators": 88.0239029622661}, "datetime": {"datetime": "2021-09-27 21:13:46", "elapsed": 384.529202, "delta": 1.809614}}
{"target": -20.325826428874652, "params": {"eta": 0.5024884811235003, "max_depth": 23.29507207406544, "n_estimators": 43.22691918057459}, "datetime": {"datetime": "2021-09-27 21:13:50", "elapsed": 388.923015, "delta": 4.393813}}
{"target": -22.376386255493813, "params": {"eta": 0.631545247664505, "max_depth": 13.973822797013877, "n_estimators": 57.77391653940186}, "datetime": {"datetime": "2021-09-27 21:13:52", "elapsed": 391.256778, "delta": 2.333763}}
{"target": -21.654821112825676, "params": {"eta": 0.31595122333803144, "max_depth": 2.602421292745774, "n_estimators": 97.97555905268185}, "datetime": {"datetime": "2021-09-27 21:13:56", "elapsed": 394.826969, "delta": 3.570191}}
{"target": -55.98917245495031, "params": {"eta": 0.0106183050416725, "max_depth": 12.007604401246574, "n_estimators": 53.82238333474342}, "datetime": {"datetime": "2021-09-27 21:13:59", "elapsed": 397.973421, "delta": 3.146452}}
{"target": -27.92016488503588, "params": {"eta": 1.0, "max_depth": 13.064429285317502, "n_estimators": 56.350901829298955}, "datetime": {"datetime": "2021-09-27 21:14:02", "elapsed": 401.161521, "delta": 3.1881}}
{"target": -43.29686710961545, "params": {"eta": 0.01528407307039981, "max_depth": 12.219699423954715, "n_estimators": 55.07553468912201}, "datetime": {"datetime": "2021-09-27 21:14:05", "elapsed": 404.19569, "delta": 3.034169}}
{"target": -15.396039765417036, "params": {"eta": 0.10718996570655019, "max_depth": 25.3280214463824, "n_estimators": 42.785616569859364}, "datetime": {"datetime": "2021-09-27 21:14:09", "elapsed": 407.747922, "delta": 3.552232}}
{"target": -24.72448839941477, "params": {"eta": 0.8960165199599823, "max_depth": 27.649384322395257, "n_estimators": 79.46582434474057}, "datetime": {"datetime": "2021-09-27 21:14:11", "elapsed": 409.900174, "delta": 2.152252}}
{"target": -22.428974933646238, "params": {"eta": 0.8440761029319653, "max_depth": 3.3199011050481038, "n_estimators": 83.05414356241661}, "datetime": {"datetime": "2021-09-27 21:14:15", "elapsed": 413.684054, "delta": 3.78388}}
{"target": -17.069978309777483, "params": {"eta": 0.09933212399813089, "max_depth": 4.172561810275356, "n_estimators": 86.8357980062489}, "datetime": {"datetime": "2021-09-27 21:14:17", "elapsed": 416.004384, "delta": 2.32033}}
{"target": -54.05649983479912, "params": {"eta": 0.013908218269986259, "max_depth": 26.321205471311565, "n_estimators": 43.15956376437663}, "datetime": {"datetime": "2021-09-27 21:14:20", "elapsed": 419.027496, "delta": 3.023112}}
{"target": -21.300201829838787, "params": {"eta": 0.6643782354074761, "max_depth": 4.260588875803974, "n_estimators": 83.1153589054369}, "datetime": {"datetime": "2021-09-27 21:14:23", "elapsed": 421.736497, "delta": 2.709001}}
{"target": -18.430640081156792, "params": {"eta": 0.21079775652399999, "max_depth": 3.6871542076815933, "n_estimators": 85.97767322826729}, "datetime": {"datetime": "2021-09-27 21:14:26", "elapsed": 425.142581, "delta": 3.406084}}
{"target": -15.730682341394472, "params": {"eta": 0.06506022153510649, "max_depth": 21.942384563026984, "n_estimators": 49.13246290858785}, "datetime": {"datetime": "2021-09-27 21:14:29", "elapsed": 427.892571, "delta": 2.74999}}
{"target": -16.975123226174617, "params": {"eta": 0.30829707769628234, "max_depth": 13.255637090177744, "n_estimators": 55.161503923079465}, "datetime": {"datetime": "2021-09-27 21:14:34", "elapsed": 432.717746, "delta": 4.825175}}
{"target": -23.23963759749275, "params": {"eta": 0.7258829335037991, "max_depth": 15.712603200742468, "n_estimators": 56.950936839284026}, "datetime": {"datetime": "2021-09-27 21:14:37", "elapsed": 435.454066, "delta": 2.73632}}
{"target": -16.692405783291658, "params": {"eta": 0.34194951858778794, "max_depth": 13.377640577037628, "n_estimators": 53.54590744564098}, "datetime": {"datetime": "2021-09-27 21:14:40", "elapsed": 438.705027, "delta": 3.250961}}
{"target": -24.569919851484514, "params": {"eta": 0.7537312481255982, "max_depth": 12.920059599331337, "n_estimators": 53.753201942821356}, "datetime": {"datetime": "2021-09-27 21:14:43", "elapsed": 441.310224, "delta": 2.605197}}
{"target": -23.17681094775957, "params": {"eta": 0.9044223356732838, "max_depth": 19.163436673705874, "n_estimators": 52.26884396716386}, "datetime": {"datetime": "2021-09-27 21:14:44", "elapsed": 443.15225, "delta": 1.842026}}
{"target": -21.966156435728287, "params": {"eta": 0.0367736100847158, "max_depth": 19.25459056419183, "n_estimators": 47.90546123709243}, "datetime": {"datetime": "2021-09-27 21:14:47", "elapsed": 445.572974, "delta": 2.420724}}
{"target": -20.37875100013098, "params": {"eta": 0.5891651870168283, "max_depth": 15.323677122473285, "n_estimators": 19.98905111378447}, "datetime": {"datetime": "2021-09-27 21:14:48", "elapsed": 447.267337, "delta": 1.694363}}
{"target": -21.474902642604484, "params": {"eta": 0.9994665715256255, "max_depth": 3.2881212010769474, "n_estimators": 82.00533114613951}, "datetime": {"datetime": "2021-09-27 21:14:51", "elapsed": 449.71433, "delta": 2.446993}}
{"target": -24.955386673291823, "params": {"eta": 0.8231085181429054, "max_depth": 25.22248964440876, "n_estimators": 48.14866298624096}, "datetime": {"datetime": "2021-09-27 21:14:54", "elapsed": 452.473455, "delta": 2.759125}}
{"target": -17.931227544863475, "params": {"eta": 0.47038926141131415, "max_depth": 26.424784319328943, "n_estimators": 99.43270541884924}, "datetime": {"datetime": "2021-09-27 21:14:56", "elapsed": 454.517486, "delta": 2.044031}}
{"target": -21.341699233865363, "params": {"eta": 0.5812719043834641, "max_depth": 7.545071923019221, "n_estimators": 65.58431443122456}, "datetime": {"datetime": "2021-09-27 21:14:58", "elapsed": 456.482634, "delta": 1.965148}}
{"target": -19.937045761382294, "params": {"eta": 0.4807149772340643, "max_depth": 21.684775465222085, "n_estimators": 48.88985867689895}, "datetime": {"datetime": "2021-09-27 21:15:00", "elapsed": 459.13922, "delta": 2.656586}}
{"target": -17.49420884104648, "params": {"eta": 0.029795586177933066, "max_depth": 4.7549516444066935, "n_estimators": 82.25684441101426}, "datetime": {"datetime": "2021-09-27 21:15:02", "elapsed": 461.055881, "delta": 1.916661}}
{"target": -23.723799691730456, "params": {"eta": 0.8036266663944718, "max_depth": 29.050285301848394, "n_estimators": 45.040006639417136}, "datetime": {"datetime": "2021-09-27 21:15:05", "elapsed": 463.906552, "delta": 2.850671}}
{"target": -15.758757479711441, "params": {"eta": 0.055106508936681564, "max_depth": 13.965565335697734, "n_estimators": 54.33950232133591}, "datetime": {"datetime": "2021-09-27 21:15:08", "elapsed": 466.963001, "delta": 3.056449}}
{"target": -27.5050998350099, "params": {"eta": 0.9836383563590448, "max_depth": 19.0299257638193, "n_estimators": 38.02457864461349}, "datetime": {"datetime": "2021-09-27 21:15:10", "elapsed": 468.626735, "delta": 1.663734}}
{"target": -96.88116770132969, "params": {"eta": 0.001, "max_depth": 5.858851841022128, "n_estimators": 6.499365274698509}, "datetime": {"datetime": "2021-09-27 21:15:13", "elapsed": 471.573573, "delta": 2.946838}}
{"target": -20.472121445834667, "params": {"eta": 0.6902838476725873, "max_depth": 13.930918022520625, "n_estimators": 4.450216678891482}, "datetime": {"datetime": "2021-09-27 21:15:14", "elapsed": 473.092735, "delta": 1.519162}}
{"target": -16.091895759874063, "params": {"eta": 0.1117753974660316, "max_depth": 25.852270263442378, "n_estimators": 94.62289699971292}, "datetime": {"datetime": "2021-09-27 21:15:18", "elapsed": 476.832971, "delta": 3.740236}}
{"target": -16.9640590653473, "params": {"eta": 0.28810052771895417, "max_depth": 17.20446635960169, "n_estimators": 8.206306238176492}, "datetime": {"datetime": "2021-09-27 21:15:20", "elapsed": 478.444624, "delta": 1.611653}}
{"target": -39.29804364396072, "params": {"eta": 0.3809687881210948, "max_depth": 8.04509105437929, "n_estimators": 2.9871494799087506}, "datetime": {"datetime": "2021-09-27 21:15:21", "elapsed": 480.017809, "delta": 1.573185}}
{"target": -30.710563594083755, "params": {"eta": 0.9945279944541411, "max_depth": 6.714036784864124, "n_estimators": 6.632622025080026}, "datetime": {"datetime": "2021-09-27 21:15:24", "elapsed": 482.412692, "delta": 2.394883}}
{"target": -36.36956745625043, "params": {"eta": 0.013141483008467264, "max_depth": 8.682043798730678, "n_estimators": 79.84998702631256}, "datetime": {"datetime": "2021-09-27 21:15:27", "elapsed": 485.739441, "delta": 3.326749}}
{"target": -95.16995215798015, "params": {"eta": 0.001, "max_depth": 20.129230914598846, "n_estimators": 24.252929017156934}, "datetime": {"datetime": "2021-09-27 21:15:29", "elapsed": 488.272851, "delta": 2.53341}}
{"target": -18.714771838253455, "params": {"eta": 0.53726886127794, "max_depth": 3.847276924583898, "n_estimators": 87.15182262436281}, "datetime": {"datetime": "2021-09-27 21:15:33", "elapsed": 491.76111, "delta": 3.488259}}
{"target": -22.707179090534936, "params": {"eta": 0.6596665071648997, "max_depth": 20.90977915026294, "n_estimators": 25.188929272424026}, "datetime": {"datetime": "2021-09-27 21:15:36", "elapsed": 494.664397, "delta": 2.903287}}
{"target": -16.865166968461136, "params": {"eta": 0.17915266513728575, "max_depth": 19.96207156622829, "n_estimators": 25.24159201884047}, "datetime": {"datetime": "2021-09-27 21:15:39", "elapsed": 497.404502, "delta": 2.740105}}
{"target": -19.86487760207171, "params": {"eta": 0.5209633205683021, "max_depth": 25.22085100442774, "n_estimators": 43.58740887705757}, "datetime": {"datetime": "2021-09-27 21:15:42", "elapsed": 500.364058, "delta": 2.959556}}
{"target": -16.764615360315616, "params": {"eta": 0.3192841711500004, "max_depth": 24.835003130184116, "n_estimators": 42.35292693480954}, "datetime": {"datetime": "2021-09-27 21:15:45", "elapsed": 503.837552, "delta": 3.473494}}
{"target": -18.10066562284466, "params": {"eta": 0.4248988673024069, "max_depth": 4.483371338722561, "n_estimators": 84.03228433231969}, "datetime": {"datetime": "2021-09-27 21:15:48", "elapsed": 507.044281, "delta": 3.206729}}
{"target": -27.572767004416427, "params": {"eta": 0.9482665398851995, "max_depth": 27.05013623244918, "n_estimators": 11.687019616248675}, "datetime": {"datetime": "2021-09-27 21:15:50", "elapsed": 508.709476, "delta": 1.665195}}
{"target": -22.27535426506034, "params": {"eta": 0.6620349128862243, "max_depth": 27.884911205714907, "n_estimators": 93.27102295745793}, "datetime": {"datetime": "2021-09-27 21:15:52", "elapsed": 510.816131, "delta": 2.106655}}
{"target": -25.92269670721051, "params": {"eta": 0.9702982759742462, "max_depth": 19.8053102717068, "n_estimators": 23.69260202317889}, "datetime": {"datetime": "2021-09-27 21:15:55", "elapsed": 513.738267, "delta": 2.922136}}
{"target": -22.700804440810984, "params": {"eta": 0.6959341537059877, "max_depth": 5.21079393847535, "n_estimators": 86.15512961879874}, "datetime": {"datetime": "2021-09-27 21:15:58", "elapsed": 516.770502, "delta": 3.032235}}
{"target": -18.12066381826932, "params": {"eta": 0.2264836517262564, "max_depth": 23.487285399043593, "n_estimators": 51.80002760040897}, "datetime": {"datetime": "2021-09-27 21:16:01", "elapsed": 519.976269, "delta": 3.205767}}
{"target": -20.95498657322574, "params": {"eta": 0.6028411250704572, "max_depth": 25.413354464976763, "n_estimators": 42.479887337881635}, "datetime": {"datetime": "2021-09-27 21:16:04", "elapsed": 523.009986, "delta": 3.033717}}
{"target": -20.59395172491955, "params": {"eta": 0.16902061105965543, "max_depth": 2.729571249791391, "n_estimators": 86.21629046748652}, "datetime": {"datetime": "2021-09-27 21:16:06", "elapsed": 525.28127, "delta": 2.271284}}
{"target": -17.41796993562389, "params": {"eta": 0.3022610930954791, "max_depth": 7.955852601309736, "n_estimators": 79.0363119278338}, "datetime": {"datetime": "2021-09-27 21:16:10", "elapsed": 529.105719, "delta": 3.824449}}
{"target": -17.000839515276414, "params": {"eta": 0.1798696165281872, "max_depth": 24.35704938841101, "n_estimators": 44.044411095077784}, "datetime": {"datetime": "2021-09-27 21:16:14", "elapsed": 533.16047, "delta": 4.054751}}
{"target": -23.4307288767678, "params": {"eta": 0.6643811357714688, "max_depth": 18.26472416956624, "n_estimators": 84.27854648401934}, "datetime": {"datetime": "2021-09-27 21:16:17", "elapsed": 535.521412, "delta": 2.360942}}
{"target": -20.94303908718799, "params": {"eta": 0.5630041186688561, "max_depth": 4.126490683433707, "n_estimators": 81.99318027929664}, "datetime": {"datetime": "2021-09-27 21:16:20", "elapsed": 538.334694, "delta": 2.813282}}
{"target": -23.081037263922596, "params": {"eta": 0.6956525659577654, "max_depth": 12.495895728660864, "n_estimators": 55.754628108725846}, "datetime": {"datetime": "2021-09-27 21:16:23", "elapsed": 541.327428, "delta": 2.992734}}
{"target": -17.719786071491313, "params": {"eta": 0.6237549899439228, "max_depth": 3.1283069979646223, "n_estimators": 49.240103905375804}, "datetime": {"datetime": "2021-09-27 21:16:25", "elapsed": 543.705387, "delta": 2.377959}}
{"target": -23.83257306086642, "params": {"eta": 0.8727686342861708, "max_depth": 11.71686035363425, "n_estimators": 54.507833523183}, "datetime": {"datetime": "2021-09-27 21:16:28", "elapsed": 546.756679, "delta": 3.051292}}
{"target": -22.098807819952583, "params": {"eta": 0.6893420111725027, "max_depth": 19.195315524131512, "n_estimators": 14.259229145489542}, "datetime": {"datetime": "2021-09-27 21:16:30", "elapsed": 548.907227, "delta": 2.150548}}
{"target": -21.088862524741817, "params": {"eta": 0.5674525034510588, "max_depth": 4.232194599973843, "n_estimators": 53.32481343074714}, "datetime": {"datetime": "2021-09-27 21:16:32", "elapsed": 550.841387, "delta": 1.93416}}
{"target": -34.03925962453903, "params": {"eta": 0.012870619284140277, "max_depth": 22.943395418627937, "n_estimators": 87.43118180337581}, "datetime": {"datetime": "2021-09-27 21:16:34", "elapsed": 552.837031, "delta": 1.995644}}
{"target": -16.242084771846052, "params": {"eta": 0.11089602124649442, "max_depth": 19.827609184190553, "n_estimators": 57.06496556750659}, "datetime": {"datetime": "2021-09-27 21:16:36", "elapsed": 554.931035, "delta": 2.094004}}
{"target": -21.859540107757777, "params": {"eta": 0.5870143394529209, "max_depth": 26.45773129025782, "n_estimators": 46.36385248534461}, "datetime": {"datetime": "2021-09-27 21:16:39", "elapsed": 557.359457, "delta": 2.428422}}
{"target": -28.4696026180523, "params": {"eta": 0.9975404720674887, "max_depth": 17.197796826616727, "n_estimators": 28.095488885891378}, "datetime": {"datetime": "2021-09-27 21:16:40", "elapsed": 559.219964, "delta": 1.860507}}
{"target": -16.974373389076632, "params": {"eta": 0.1999027969782193, "max_depth": 14.173224797430588, "n_estimators": 53.68634730080581}, "datetime": {"datetime": "2021-09-27 21:16:45", "elapsed": 563.890742, "delta": 4.670778}}
{"target": -20.815703787847095, "params": {"eta": 0.6459945066091107, "max_depth": 7.9695307274606115, "n_estimators": 79.70105125890854}, "datetime": {"datetime": "2021-09-27 21:16:48", "elapsed": 566.874251, "delta": 2.983509}}
{"target": -93.3059478122914, "params": {"eta": 0.001, "max_depth": 25.86768488712804, "n_estimators": 44.64420064243606}, "datetime": {"datetime": "2021-09-27 21:16:53", "elapsed": 571.378691, "delta": 4.50444}}
{"target": -27.76399170758646, "params": {"eta": 0.9801679181396133, "max_depth": 26.95995144103275, "n_estimators": 96.14042470834944}, "datetime": {"datetime": "2021-09-27 21:16:56", "elapsed": 574.960796, "delta": 3.582105}}
{"target": -17.930983018757995, "params": {"eta": 0.3529444390690486, "max_depth": 4.364474024855363, "n_estimators": 33.934202883216855}, "datetime": {"datetime": "2021-09-27 21:16:59", "elapsed": 577.325643, "delta": 2.364847}}
{"target": -17.189090735233044, "params": {"eta": 0.2520392579283497, "max_depth": 24.97155979812842, "n_estimators": 53.013913586030014}, "datetime": {"datetime": "2021-09-27 21:17:02", "elapsed": 580.48733, "delta": 3.161687}}
{"target": -16.471267773342117, "params": {"eta": 0.15885892958185954, "max_depth": 14.793378854649653, "n_estimators": 54.08457837837856}, "datetime": {"datetime": "2021-09-27 21:17:06", "elapsed": 584.596947, "delta": 4.109617}}
{"target": -23.448281230439335, "params": {"eta": 0.8834968766758754, "max_depth": 3.7989609099682307, "n_estimators": 86.37253277030798}, "datetime": {"datetime": "2021-09-27 21:17:09", "elapsed": 588.070189, "delta": 3.473242}}
