{"target": -17.848719306264584, "params": {"eta": 0.10375936788365657, "max_depth": 8.046386811774473, "n_estimators": 280.371212002775}, "datetime": {"datetime": "2021-09-27 22:15:39", "elapsed": 103.784907, "delta": 1.879856}}
{"target": -19.451398871058263, "params": {"eta": 0.5122659190751503, "max_depth": 7.822484889012969, "n_estimators": 287.5382628241852}, "datetime": {"datetime": "2021-09-27 22:15:39", "elapsed": 104.542908, "delta": 0.758001}}
{"target": -18.314653257457707, "params": {"eta": 0.3907487149146125, "max_depth": 6.932802508404033, "n_estimators": 265.85273647711523}, "datetime": {"datetime": "2021-09-27 22:15:40", "elapsed": 105.418444, "delta": 0.875536}}
{"target": -25.58840925945875, "params": {"eta": 0.5551393944476404, "max_depth": 1.6373572350378147, "n_estimators": 214.56648286768828}, "datetime": {"datetime": "2021-09-27 22:15:41", "elapsed": 105.998441, "delta": 0.579997}}
{"target": -18.19066973954858, "params": {"eta": 0.11391768933290491, "max_depth": 6.67392867509063, "n_estimators": 213.83054057778634}, "datetime": {"datetime": "2021-09-27 22:15:42", "elapsed": 107.238724, "delta": 1.240283}}
{"target": -20.69808620948439, "params": {"eta": 0.5434804582987913, "max_depth": 2.55743900332231, "n_estimators": 213.38806396644344}, "datetime": {"datetime": "2021-09-27 22:15:43", "elapsed": 107.90277, "delta": 0.664046}}
{"target": -18.676160671246794, "params": {"eta": 0.2624296911594219, "max_depth": 4.666351313080231, "n_estimators": 250.90544831130256}, "datetime": {"datetime": "2021-09-27 22:15:44", "elapsed": 108.968661, "delta": 1.065891}}
{"target": -18.730439749427397, "params": {"eta": 0.2181469549462635, "max_depth": 7.807560616276209, "n_estimators": 287.48921954453584}, "datetime": {"datetime": "2021-09-27 22:15:45", "elapsed": 110.537661, "delta": 1.569}}
{"target": -17.145277883333687, "params": {"eta": 0.010566659334787181, "max_depth": 24.452760566308385, "n_estimators": 297.34919328292733}, "datetime": {"datetime": "2021-09-27 22:15:47", "elapsed": 112.206258, "delta": 1.668597}}
{"target": -18.99660968141751, "params": {"eta": 0.34526173579674563, "max_depth": 8.080734358228408, "n_estimators": 287.53552809835224}, "datetime": {"datetime": "2021-09-27 22:15:49", "elapsed": 113.642789, "delta": 1.436531}}
{"target": -19.131922954294563, "params": {"eta": 0.34451841617717016, "max_depth": 9.72128728041047, "n_estimators": 244.18918433463966}, "datetime": {"datetime": "2021-09-27 22:15:50", "elapsed": 114.625784, "delta": 0.982995}}
{"target": -17.916550519300777, "params": {"eta": 0.09806138638368625, "max_depth": 8.395753219452995, "n_estimators": 280.51738853041877}, "datetime": {"datetime": "2021-09-27 22:15:52", "elapsed": 116.791895, "delta": 2.166111}}
{"target": -17.75470859548484, "params": {"eta": 0.020173883891257016, "max_depth": 4.440709889793613, "n_estimators": 250.20456783098496}, "datetime": {"datetime": "2021-09-27 22:15:53", "elapsed": 117.612543, "delta": 0.820648}}
{"target": -17.059481923794067, "params": {"eta": 0.037664773740005916, "max_depth": 4.990796391731746, "n_estimators": 231.85916013488105}, "datetime": {"datetime": "2021-09-27 22:15:53", "elapsed": 118.54012, "delta": 0.927577}}
{"target": -18.27950514313781, "params": {"eta": 0.2462212477691539, "max_depth": 5.00826146728331, "n_estimators": 250.589191459514}, "datetime": {"datetime": "2021-09-27 22:15:55", "elapsed": 119.844377, "delta": 1.304257}}
{"target": -18.984761601287417, "params": {"eta": 0.32216669046391616, "max_depth": 9.845269364783436, "n_estimators": 231.2135583834102}, "datetime": {"datetime": "2021-09-27 22:15:56", "elapsed": 120.909372, "delta": 1.064995}}
{"target": -19.137462975127416, "params": {"eta": 0.1714572380162698, "max_depth": 24.41308189513514, "n_estimators": 297.47482385387957}, "datetime": {"datetime": "2021-09-27 22:15:57", "elapsed": 122.273375, "delta": 1.364003}}
{"target": -18.36499379118184, "params": {"eta": 0.033881201152721585, "max_depth": 16.449521144775968, "n_estimators": 243.90168934447834}, "datetime": {"datetime": "2021-09-27 22:15:59", "elapsed": 124.04993, "delta": 1.776555}}
{"target": -18.93647928025197, "params": {"eta": 0.29163166043440364, "max_depth": 29.29992926743026, "n_estimators": 290.95113191813135}, "datetime": {"datetime": "2021-09-27 22:16:00", "elapsed": 125.293139, "delta": 1.243209}}
{"target": -18.20448835287984, "params": {"eta": 0.02457269129018467, "max_depth": 24.6580769138236, "n_estimators": 297.49003488157734}, "datetime": {"datetime": "2021-09-27 22:16:03", "elapsed": 127.606504, "delta": 2.313365}}
{"target": -17.250668750182562, "params": {"eta": 0.4694842495220236, "max_depth": 17.080435110663387, "n_estimators": 284.82117010632106}, "datetime": {"datetime": "2021-09-27 22:16:03", "elapsed": 128.488508, "delta": 0.882004}}
{"target": -17.83618978326639, "params": {"eta": 0.16449978775631452, "max_depth": 6.663197003254291, "n_estimators": 213.80768004617389}, "datetime": {"datetime": "2021-09-27 22:16:04", "elapsed": 129.436383, "delta": 0.947875}}
{"target": -18.140193908461843, "params": {"eta": 0.36282566135854305, "max_depth": 17.074406793247135, "n_estimators": 284.61029051702036}, "datetime": {"datetime": "2021-09-27 22:16:05", "elapsed": 130.507384, "delta": 1.071001}}
{"target": -19.04603386210053, "params": {"eta": 0.30772433881331224, "max_depth": 17.098233968347344, "n_estimators": 284.86404628238853}, "datetime": {"datetime": "2021-09-27 22:16:07", "elapsed": 131.826081, "delta": 1.318697}}
{"target": -19.166546612858976, "params": {"eta": 0.2500297918472233, "max_depth": 22.28835999894057, "n_estimators": 210.4463781969406}, "datetime": {"datetime": "2021-09-27 22:16:08", "elapsed": 132.864081, "delta": 1.038}}
{"target": -18.398135674865166, "params": {"eta": 0.3727388554729219, "max_depth": 7.869166583312624, "n_estimators": 287.41459295217294}, "datetime": {"datetime": "2021-09-27 22:16:09", "elapsed": 134.118131, "delta": 1.25405}}
{"target": -18.322418488518718, "params": {"eta": 0.27447229409689283, "max_depth": 6.5127621939919695, "n_estimators": 213.772045332694}, "datetime": {"datetime": "2021-09-27 22:16:10", "elapsed": 135.268524, "delta": 1.150393}}
{"target": -17.68771886026463, "params": {"eta": 0.01704266030762676, "max_depth": 4.635620287598877, "n_estimators": 250.72854041321315}, "datetime": {"datetime": "2021-09-27 22:16:12", "elapsed": 136.621525, "delta": 1.353001}}
{"target": -18.825038332905294, "params": {"eta": 0.25160025957315213, "max_depth": 25.575226920628186, "n_estimators": 253.4317884129578}, "datetime": {"datetime": "2021-09-27 22:16:13", "elapsed": 137.743149, "delta": 1.121624}}
{"target": -19.777297448788442, "params": {"eta": 0.5657982504092324, "max_depth": 16.834011669312535, "n_estimators": 284.8310655521307}, "datetime": {"datetime": "2021-09-27 22:16:14", "elapsed": 138.669283, "delta": 0.926134}}
{"target": -18.18477564657885, "params": {"eta": 0.322173289347732, "max_depth": 5.103149486639641, "n_estimators": 292.9153504954045}, "datetime": {"datetime": "2021-09-27 22:16:15", "elapsed": 139.635538, "delta": 0.966255}}
{"target": -19.013165852100926, "params": {"eta": 0.2006613064421793, "max_depth": 4.864396202388324, "n_estimators": 250.50018602356164}, "datetime": {"datetime": "2021-09-27 22:16:16", "elapsed": 140.858542, "delta": 1.223004}}
{"target": -18.3104017022664, "params": {"eta": 0.35432421011619303, "max_depth": 16.60563576844982, "n_estimators": 221.08366105926973}, "datetime": {"datetime": "2021-09-27 22:16:17", "elapsed": 141.843725, "delta": 0.985183}}
{"target": -18.02839977384833, "params": {"eta": 0.052798383914353576, "max_depth": 24.270655315209083, "n_estimators": 297.2112268108674}, "datetime": {"datetime": "2021-09-27 22:16:20", "elapsed": 145.05283, "delta": 3.209105}}
{"target": -16.85453135721763, "params": {"eta": 0.08344147750129724, "max_depth": 4.719716042935878, "n_estimators": 231.81528487411103}, "datetime": {"datetime": "2021-09-27 22:16:21", "elapsed": 146.210064, "delta": 1.157234}}
{"target": -17.36294416836367, "params": {"eta": 0.032750579414219515, "max_depth": 4.456462600358403, "n_estimators": 251.19665103741738}, "datetime": {"datetime": "2021-09-27 22:16:23", "elapsed": 147.61706, "delta": 1.406996}}
{"target": -18.22384544469301, "params": {"eta": 0.21656904140705455, "max_depth": 5.1163336758860485, "n_estimators": 250.30414920351257}, "datetime": {"datetime": "2021-09-27 22:16:24", "elapsed": 149.109162, "delta": 1.492102}}
{"target": -17.26593377380642, "params": {"eta": 0.03585957183382002, "max_depth": 4.494028767118212, "n_estimators": 250.61529245499725}, "datetime": {"datetime": "2021-09-27 22:16:26", "elapsed": 150.592929, "delta": 1.483767}}
{"target": -17.249439145794568, "params": {"eta": 0.34977884773254103, "max_depth": 25.12585008402265, "n_estimators": 284.91719179366936}, "datetime": {"datetime": "2021-09-27 22:16:27", "elapsed": 151.613038, "delta": 1.020109}}
{"target": -17.545679167152205, "params": {"eta": 0.14961115170153796, "max_depth": 8.421131454078203, "n_estimators": 280.2704872021124}, "datetime": {"datetime": "2021-09-27 22:16:28", "elapsed": 153.289547, "delta": 1.676509}}
{"target": -19.997311370277476, "params": {"eta": 0.5641166987638536, "max_depth": 6.119978348901607, "n_estimators": 223.73635346133662}, "datetime": {"datetime": "2021-09-27 22:16:29", "elapsed": 154.242698, "delta": 0.953151}}
{"target": -18.290407431835774, "params": {"eta": 0.2804170644553036, "max_depth": 24.809959862715555, "n_estimators": 229.87163660337816}, "datetime": {"datetime": "2021-09-27 22:16:30", "elapsed": 155.312308, "delta": 1.06961}}
{"target": -19.581210527308894, "params": {"eta": 0.2629534930041746, "max_depth": 22.514553948660502, "n_estimators": 289.2480478058384}, "datetime": {"datetime": "2021-09-27 22:16:31", "elapsed": 156.557308, "delta": 1.245}}
{"target": -17.407038331317697, "params": {"eta": 0.01, "max_depth": 24.566795118554996, "n_estimators": 297.2594206504559}, "datetime": {"datetime": "2021-09-27 22:16:33", "elapsed": 158.538564, "delta": 1.981256}}
{"target": -19.726183530426272, "params": {"eta": 0.20545901713443795, "max_depth": 24.391948351028134, "n_estimators": 297.072646146773}, "datetime": {"datetime": "2021-09-27 22:16:35", "elapsed": 160.228844, "delta": 1.69028}}
{"target": -17.11621982636558, "params": {"eta": 0.08473710858715311, "max_depth": 4.753851941092892, "n_estimators": 251.14430832203828}, "datetime": {"datetime": "2021-09-27 22:16:36", "elapsed": 161.462036, "delta": 1.233192}}
{"target": -17.400202068346385, "params": {"eta": 0.042652157516704675, "max_depth": 4.505100871075449, "n_estimators": 250.97448866016802}, "datetime": {"datetime": "2021-09-27 22:16:38", "elapsed": 162.715035, "delta": 1.252999}}
{"target": -18.507087524111913, "params": {"eta": 0.2037752470290654, "max_depth": 5.167105562306104, "n_estimators": 231.97592243369624}, "datetime": {"datetime": "2021-09-27 22:16:39", "elapsed": 164.178468, "delta": 1.463433}}
{"target": -17.737905504184475, "params": {"eta": 0.020629109534911472, "max_depth": 4.721926415637095, "n_estimators": 250.24775793820453}, "datetime": {"datetime": "2021-09-27 22:16:40", "elapsed": 165.510466, "delta": 1.331998}}
{"target": -17.860705685587813, "params": {"eta": 0.08874912626432098, "max_depth": 4.932459754125742, "n_estimators": 251.08012472330023}, "datetime": {"datetime": "2021-09-27 22:16:42", "elapsed": 166.877469, "delta": 1.367003}}
{"target": -18.953299467233485, "params": {"eta": 0.17113408813992245, "max_depth": 9.551537886952953, "n_estimators": 231.21371565175764}, "datetime": {"datetime": "2021-09-27 22:16:43", "elapsed": 168.135227, "delta": 1.257758}}
{"target": -18.59553551880707, "params": {"eta": 0.21134782081212816, "max_depth": 5.009532403944648, "n_estimators": 250.54856130661}, "datetime": {"datetime": "2021-09-27 22:16:44", "elapsed": 169.446065, "delta": 1.310838}}
{"target": -19.792781334898773, "params": {"eta": 0.5048341322387807, "max_depth": 17.275366398545838, "n_estimators": 284.7449470533863}, "datetime": {"datetime": "2021-09-27 22:16:46", "elapsed": 170.848065, "delta": 1.402}}
{"target": -16.768233853744288, "params": {"eta": 0.42227888609110215, "max_depth": 9.902608533092073, "n_estimators": 213.06876763024755}, "datetime": {"datetime": "2021-09-27 22:16:47", "elapsed": 171.861681, "delta": 1.013616}}
{"target": -18.226707361530234, "params": {"eta": 0.3045234702923784, "max_depth": 7.31484916836805, "n_estimators": 225.36380464862853}, "datetime": {"datetime": "2021-09-27 22:16:48", "elapsed": 172.987679, "delta": 1.125998}}
{"target": -17.824696166065777, "params": {"eta": 0.46310179515530175, "max_depth": 10.144752751334764, "n_estimators": 213.1956214002643}, "datetime": {"datetime": "2021-09-27 22:16:49", "elapsed": 174.256597, "delta": 1.268918}}
{"target": -19.317964211137628, "params": {"eta": 0.1614146161869275, "max_depth": 21.066219590704225, "n_estimators": 273.5567123768974}, "datetime": {"datetime": "2021-09-27 22:16:51", "elapsed": 176.101401, "delta": 1.844804}}
{"target": -17.68074723279503, "params": {"eta": 0.14824316707556204, "max_depth": 7.795655226005451, "n_estimators": 264.3234662078866}, "datetime": {"datetime": "2021-09-27 22:16:53", "elapsed": 177.681704, "delta": 1.580303}}
{"target": -17.51403482443074, "params": {"eta": 0.11977809155249422, "max_depth": 4.525935859969378, "n_estimators": 251.24816104428322}, "datetime": {"datetime": "2021-09-27 22:16:54", "elapsed": 179.114835, "delta": 1.433131}}
{"target": -17.236589176342562, "params": {"eta": 0.35968859117717494, "max_depth": 24.98057261221004, "n_estimators": 233.33492804579092}, "datetime": {"datetime": "2021-09-27 22:16:55", "elapsed": 180.273241, "delta": 1.158406}}
{"target": -17.340914664902733, "params": {"eta": 0.034657284303720774, "max_depth": 4.691007903964053, "n_estimators": 231.69950656783715}, "datetime": {"datetime": "2021-09-27 22:16:57", "elapsed": 181.68594, "delta": 1.412699}}
{"target": -19.23812331205437, "params": {"eta": 0.44755919671941935, "max_depth": 25.11191375481422, "n_estimators": 233.44619229327446}, "datetime": {"datetime": "2021-09-27 22:16:58", "elapsed": 183.10494, "delta": 1.419}}
{"target": -17.361573080965027, "params": {"eta": 0.030367555316763037, "max_depth": 4.464207887267974, "n_estimators": 250.23814788928274}, "datetime": {"datetime": "2021-09-27 22:16:59", "elapsed": 184.264864, "delta": 1.159924}}
{"target": -19.564633642702823, "params": {"eta": 0.2971554354920802, "max_depth": 25.16995655953495, "n_estimators": 297.7699727274853}, "datetime": {"datetime": "2021-09-27 22:17:01", "elapsed": 185.66615, "delta": 1.401286}}
{"target": -20.917588664472202, "params": {"eta": 0.5106396760866423, "max_depth": 5.281349544590476, "n_estimators": 247.5086592472552}, "datetime": {"datetime": "2021-09-27 22:17:02", "elapsed": 186.942145, "delta": 1.275995}}
{"target": -17.302374191886962, "params": {"eta": 0.012605162317196038, "max_depth": 4.554983979772712, "n_estimators": 250.40935242033527}, "datetime": {"datetime": "2021-09-27 22:17:03", "elapsed": 188.389328, "delta": 1.447183}}
{"target": -17.762825991704414, "params": {"eta": 0.1503866690845964, "max_depth": 4.848996201375169, "n_estimators": 251.29576167682606}, "datetime": {"datetime": "2021-09-27 22:17:05", "elapsed": 189.815207, "delta": 1.425879}}
{"target": -18.845334499293482, "params": {"eta": 0.3969576377821272, "max_depth": 4.568871646424137, "n_estimators": 250.4000958873598}, "datetime": {"datetime": "2021-09-27 22:17:06", "elapsed": 191.050209, "delta": 1.235002}}
{"target": -18.722472807138928, "params": {"eta": 0.39145191250537265, "max_depth": 9.65657380620973, "n_estimators": 212.90451572624616}, "datetime": {"datetime": "2021-09-27 22:17:07", "elapsed": 192.280445, "delta": 1.230236}}
{"target": -17.016297315112226, "params": {"eta": 0.09235456721911287, "max_depth": 4.478113561621772, "n_estimators": 231.68645047928476}, "datetime": {"datetime": "2021-09-27 22:17:08", "elapsed": 193.555358, "delta": 1.274913}}
{"target": -17.05272476954027, "params": {"eta": 0.036196942658590255, "max_depth": 4.610260371751017, "n_estimators": 251.02652062510595}, "datetime": {"datetime": "2021-09-27 22:17:10", "elapsed": 194.949356, "delta": 1.393998}}
{"target": -17.968140608518944, "params": {"eta": 0.191978011082992, "max_depth": 4.95681115052714, "n_estimators": 231.81266682142612}, "datetime": {"datetime": "2021-09-27 22:17:11", "elapsed": 196.116565, "delta": 1.167209}}
{"target": -20.075618292352278, "params": {"eta": 0.5357620197994817, "max_depth": 9.793329274360728, "n_estimators": 213.0088526287345}, "datetime": {"datetime": "2021-09-27 22:17:12", "elapsed": 197.435276, "delta": 1.318711}}
{"target": -17.955963608014205, "params": {"eta": 0.3839994118576296, "max_depth": 25.338353966722636, "n_estimators": 284.8998289058674}, "datetime": {"datetime": "2021-09-27 22:17:14", "elapsed": 199.023911, "delta": 1.588635}}
{"target": -17.603457817661084, "params": {"eta": 0.15100236589079932, "max_depth": 4.273295227061588, "n_estimators": 250.55478769387415}, "datetime": {"datetime": "2021-09-27 22:17:16", "elapsed": 200.584223, "delta": 1.560312}}
{"target": -16.816180056738293, "params": {"eta": 0.01819206138768524, "max_depth": 22.63277156262887, "n_estimators": 208.68614630584003}, "datetime": {"datetime": "2021-09-27 22:17:17", "elapsed": 202.353375, "delta": 1.769152}}
{"target": -20.03732748746301, "params": {"eta": 0.49279980857456757, "max_depth": 24.959685422116745, "n_estimators": 233.25596511135416}, "datetime": {"datetime": "2021-09-27 22:17:19", "elapsed": 203.868292, "delta": 1.514917}}
{"target": -19.554230570815378, "params": {"eta": 0.20596556335011973, "max_depth": 25.21594985807944, "n_estimators": 284.98866652823244}, "datetime": {"datetime": "2021-09-27 22:17:21", "elapsed": 205.643526, "delta": 1.775234}}
{"target": -19.66584359336528, "params": {"eta": 0.2099963148200322, "max_depth": 10.156858109833763, "n_estimators": 236.31379966476956}, "datetime": {"datetime": "2021-09-27 22:17:22", "elapsed": 207.070525, "delta": 1.426999}}
{"target": -17.67819934035395, "params": {"eta": 0.14731237371446587, "max_depth": 4.610137991673732, "n_estimators": 231.63655038545554}, "datetime": {"datetime": "2021-09-27 22:17:24", "elapsed": 208.633921, "delta": 1.563396}}
{"target": -17.118617933132622, "params": {"eta": 0.08399812434672055, "max_depth": 4.212535634146856, "n_estimators": 250.14581276122632}, "datetime": {"datetime": "2021-09-27 22:17:25", "elapsed": 210.098743, "delta": 1.464822}}
{"target": -18.943807819179284, "params": {"eta": 0.33724770454964803, "max_depth": 7.792952126334706, "n_estimators": 287.6216360038418}, "datetime": {"datetime": "2021-09-27 22:17:27", "elapsed": 211.593878, "delta": 1.495135}}
{"target": -17.630748474411565, "params": {"eta": 0.17310788203829994, "max_depth": 4.649147606599196, "n_estimators": 250.6194639331318}, "datetime": {"datetime": "2021-09-27 22:17:28", "elapsed": 212.694878, "delta": 1.101}}
{"target": -18.144565305695952, "params": {"eta": 0.2036942440427126, "max_depth": 13.12349386376835, "n_estimators": 207.11429802107438}, "datetime": {"datetime": "2021-09-27 22:17:29", "elapsed": 213.839227, "delta": 1.144349}}
{"target": -21.23852506131621, "params": {"eta": 0.08562904105178064, "max_depth": 2.043590913602572, "n_estimators": 233.14433907238947}, "datetime": {"datetime": "2021-09-27 22:17:30", "elapsed": 214.817518, "delta": 0.978291}}
{"target": -19.410910878749167, "params": {"eta": 0.48532185473961226, "max_depth": 25.137857124279407, "n_estimators": 284.84967921212404}, "datetime": {"datetime": "2021-09-27 22:17:31", "elapsed": 216.537354, "delta": 1.719836}}
{"target": -17.907439877134586, "params": {"eta": 0.21847497778037445, "max_depth": 4.47960581577075, "n_estimators": 250.24066188371668}, "datetime": {"datetime": "2021-09-27 22:17:33", "elapsed": 218.119014, "delta": 1.58166}}
{"target": -19.242989457069644, "params": {"eta": 0.28497797053871776, "max_depth": 10.038786264163557, "n_estimators": 213.35326689407628}, "datetime": {"datetime": "2021-09-27 22:17:34", "elapsed": 219.421334, "delta": 1.30232}}
{"target": -22.24489338065859, "params": {"eta": 0.5801115841320901, "max_depth": 17.255851303516646, "n_estimators": 223.0446227811652}, "datetime": {"datetime": "2021-09-27 22:17:36", "elapsed": 220.645848, "delta": 1.224514}}
{"target": -17.684022772314158, "params": {"eta": 0.01, "max_depth": 4.762102659621551, "n_estimators": 250.9777834585805}, "datetime": {"datetime": "2021-09-27 22:17:37", "elapsed": 222.323068, "delta": 1.67722}}
{"target": -18.006601306725038, "params": {"eta": 0.3492089562072438, "max_depth": 9.89089063025895, "n_estimators": 212.9488469909382}, "datetime": {"datetime": "2021-09-27 22:17:39", "elapsed": 223.968678, "delta": 1.64561}}
{"target": -17.55350988917981, "params": {"eta": 0.16076749306345017, "max_depth": 4.27594534120904, "n_estimators": 250.193723083449}, "datetime": {"datetime": "2021-09-27 22:17:40", "elapsed": 225.246677, "delta": 1.277999}}
{"target": -22.46767407739534, "params": {"eta": 0.5853259938673563, "max_depth": 14.680235405417765, "n_estimators": 269.91499421364153}, "datetime": {"datetime": "2021-09-27 22:17:41", "elapsed": 226.182391, "delta": 0.935714}}
{"target": -18.463773110454735, "params": {"eta": 0.23552038922889296, "max_depth": 22.84231653299369, "n_estimators": 208.85823089250422}, "datetime": {"datetime": "2021-09-27 22:17:43", "elapsed": 227.923094, "delta": 1.740703}}
{"target": -19.06060922882872, "params": {"eta": 0.309493632562645, "max_depth": 24.902498080700394, "n_estimators": 233.45390138661256}, "datetime": {"datetime": "2021-09-27 22:17:44", "elapsed": 229.348538, "delta": 1.425444}}
