{"target": -18.580175437919184, "params": {"eta": 0.19417273943543073, "max_depth": 24.297556051926616, "n_estimators": 215.21546278673907}, "datetime": {"datetime": "2021-09-27 22:17:46", "elapsed": 230.622326, "delta": 1.273788}}
{"target": -18.375924708041367, "params": {"eta": 0.30648035610713603, "max_depth": 22.70417571836783, "n_estimators": 208.62652833898147}, "datetime": {"datetime": "2021-09-27 22:17:47", "elapsed": 232.059851, "delta": 1.437525}}
{"target": -19.150488550468665, "params": {"eta": 0.28930906001521284, "max_depth": 20.261332884616888, "n_estimators": 235.21910196770915}, "datetime": {"datetime": "2021-09-27 22:17:48", "elapsed": 233.18185, "delta": 1.121999}}
{"target": -17.144018311212104, "params": {"eta": 0.1334592958704452, "max_depth": 4.238963629354998, "n_estimators": 251.23733949607978}, "datetime": {"datetime": "2021-09-27 22:17:50", "elapsed": 234.940803, "delta": 1.758953}}
{"target": -19.661620282189467, "params": {"eta": 0.5007466206765544, "max_depth": 16.080467166428427, "n_estimators": 284.8388621901977}, "datetime": {"datetime": "2021-09-27 22:17:51", "elapsed": 236.02693, "delta": 1.086127}}
{"target": -17.41697122320355, "params": {"eta": 0.12437387476818133, "max_depth": 4.338859029840089, "n_estimators": 231.836663106659}, "datetime": {"datetime": "2021-09-27 22:17:53", "elapsed": 237.726808, "delta": 1.699878}}
{"target": -17.684022772314158, "params": {"eta": 0.01, "max_depth": 4.1675385534194636, "n_estimators": 250.46641716050163}, "datetime": {"datetime": "2021-09-27 22:17:54", "elapsed": 239.450537, "delta": 1.723729}}
{"target": -18.644351384151975, "params": {"eta": 0.18651298964264873, "max_depth": 4.3493805392956455, "n_estimators": 251.23005558749168}, "datetime": {"datetime": "2021-09-27 22:17:56", "elapsed": 241.31435, "delta": 1.863813}}
{"target": -25.39593852095544, "params": {"eta": 0.36058849793671605, "max_depth": 1.3963335604713234, "n_estimators": 260.44864938567855}, "datetime": {"datetime": "2021-09-27 22:17:57", "elapsed": 242.370266, "delta": 1.055916}}
{"target": -18.12341655925098, "params": {"eta": 0.15755448171913636, "max_depth": 7.798854040579425, "n_estimators": 281.53829630864766}, "datetime": {"datetime": "2021-09-27 22:17:59", "elapsed": 243.708652, "delta": 1.338386}}
{"target": -17.363139934528764, "params": {"eta": 0.19790416756298448, "max_depth": 4.31750349676509, "n_estimators": 250.21491527235108}, "datetime": {"datetime": "2021-09-27 22:18:00", "elapsed": 245.084654, "delta": 1.376002}}
{"target": -17.644176506595358, "params": {"eta": 0.09994375864763373, "max_depth": 4.599443797388907, "n_estimators": 250.13850414297428}, "datetime": {"datetime": "2021-09-27 22:18:01", "elapsed": 246.303968, "delta": 1.219314}}
{"target": -18.28768538093162, "params": {"eta": 0.07864252510313717, "max_depth": 20.107023172069436, "n_estimators": 254.142751315542}, "datetime": {"datetime": "2021-09-27 22:18:04", "elapsed": 248.808217, "delta": 2.504249}}
{"target": -18.642346348271552, "params": {"eta": 0.3787004388673106, "max_depth": 4.729728144026032, "n_estimators": 266.9605856140601}, "datetime": {"datetime": "2021-09-27 22:18:05", "elapsed": 250.063174, "delta": 1.254957}}
{"target": -18.898153570136238, "params": {"eta": 0.2756100712699948, "max_depth": 5.2282907639214065, "n_estimators": 250.70212053524642}, "datetime": {"datetime": "2021-09-27 22:18:07", "elapsed": 252.101175, "delta": 2.038001}}
{"target": -18.480889882508038, "params": {"eta": 0.09968381880639329, "max_depth": 22.359514932084874, "n_estimators": 208.76396988889152}, "datetime": {"datetime": "2021-09-27 22:18:09", "elapsed": 254.321831, "delta": 2.220656}}
{"target": -18.878589131100853, "params": {"eta": 0.24330494471784475, "max_depth": 6.751005580720655, "n_estimators": 213.65524829117172}, "datetime": {"datetime": "2021-09-27 22:18:11", "elapsed": 256.346954, "delta": 2.025123}}
{"target": -21.09557236855621, "params": {"eta": 0.0850239832910673, "max_depth": 2.8854596524772345, "n_estimators": 243.73319210201345}, "datetime": {"datetime": "2021-09-27 22:18:12", "elapsed": 257.424955, "delta": 1.078001}}
{"target": -18.37911826756217, "params": {"eta": 0.20191831404766195, "max_depth": 8.541750721958621, "n_estimators": 280.45881784062334}, "datetime": {"datetime": "2021-09-27 22:18:14", "elapsed": 259.523426, "delta": 2.098471}}
{"target": -21.490269007789344, "params": {"eta": 0.089645041138823, "max_depth": 2.631998105893765, "n_estimators": 290.29301852710154}, "datetime": {"datetime": "2021-09-27 22:18:16", "elapsed": 260.706576, "delta": 1.18315}}
{"target": -17.900123667225643, "params": {"eta": 0.05135568209857268, "max_depth": 29.270534282680746, "n_estimators": 240.45868750063553}, "datetime": {"datetime": "2021-09-27 22:18:19", "elapsed": 263.641349, "delta": 2.934773}}
{"target": -18.14311134142099, "params": {"eta": 0.16337804229589484, "max_depth": 7.2600980766307455, "n_estimators": 261.47673237153003}, "datetime": {"datetime": "2021-09-27 22:18:20", "elapsed": 265.403699, "delta": 1.76235}}
{"target": -18.912643291471166, "params": {"eta": 0.36362497400212906, "max_depth": 7.970413357451162, "n_estimators": 264.34836288048405}, "datetime": {"datetime": "2021-09-27 22:18:22", "elapsed": 267.268933, "delta": 1.865234}}
{"target": -17.67896576013738, "params": {"eta": 0.02171053369726962, "max_depth": 4.600319666741163, "n_estimators": 231.8171303421569}, "datetime": {"datetime": "2021-09-27 22:18:24", "elapsed": 268.913403, "delta": 1.64447}}
{"target": -18.20417550484492, "params": {"eta": 0.0400423198439374, "max_depth": 9.75843789549457, "n_estimators": 210.0844994429107}, "datetime": {"datetime": "2021-09-27 22:18:26", "elapsed": 270.635646, "delta": 1.722243}}
{"target": -17.646532839219358, "params": {"eta": 0.3857958716541243, "max_depth": 10.7756353403245, "n_estimators": 224.31915393857471}, "datetime": {"datetime": "2021-09-27 22:18:27", "elapsed": 271.764199, "delta": 1.128553}}
{"target": -17.912057442499425, "params": {"eta": 0.05066449443793513, "max_depth": 22.701260073798668, "n_estimators": 208.8966254321947}, "datetime": {"datetime": "2021-09-27 22:18:29", "elapsed": 274.42073, "delta": 2.656531}}
{"target": -17.74126594897355, "params": {"eta": 0.022966438336950272, "max_depth": 17.155171301129496, "n_estimators": 236.47635912191893}, "datetime": {"datetime": "2021-09-27 22:18:32", "elapsed": 276.892401, "delta": 2.471671}}
{"target": -19.140542799688934, "params": {"eta": 0.010190834726837376, "max_depth": 5.32489931170724, "n_estimators": 208.98276470177026}, "datetime": {"datetime": "2021-09-27 22:18:34", "elapsed": 279.203167, "delta": 2.310766}}
{"target": -18.284934730020616, "params": {"eta": 0.03731253146890992, "max_depth": 22.836016777910444, "n_estimators": 208.65179454187782}, "datetime": {"datetime": "2021-09-27 22:18:37", "elapsed": 281.752837, "delta": 2.54967}}
{"target": -19.648841029464055, "params": {"eta": 0.25981081172706993, "max_depth": 23.300075395869555, "n_estimators": 216.15671947779023}, "datetime": {"datetime": "2021-09-27 22:18:38", "elapsed": 283.090935, "delta": 1.338098}}
{"target": -18.157072565861245, "params": {"eta": 0.16865112272482832, "max_depth": 4.08747060093506, "n_estimators": 250.34612341444836}, "datetime": {"datetime": "2021-09-27 22:18:40", "elapsed": 284.810219, "delta": 1.719284}}
{"target": -17.695068961999247, "params": {"eta": 0.08887717141590243, "max_depth": 4.216672168081393, "n_estimators": 251.10659797856704}, "datetime": {"datetime": "2021-09-27 22:18:42", "elapsed": 286.670507, "delta": 1.860288}}
{"target": -17.274027135522076, "params": {"eta": 0.01, "max_depth": 8.310013527551426, "n_estimators": 280.32006022035847}, "datetime": {"datetime": "2021-09-27 22:18:44", "elapsed": 289.148881, "delta": 2.478374}}
{"target": -19.016003980927678, "params": {"eta": 0.3015504302300647, "max_depth": 19.976529965646705, "n_estimators": 208.81630843895132}, "datetime": {"datetime": "2021-09-27 22:18:46", "elapsed": 291.094395, "delta": 1.945514}}
{"target": -19.81280316731334, "params": {"eta": 0.56331711030228, "max_depth": 10.162778279222909, "n_estimators": 212.9697348958792}, "datetime": {"datetime": "2021-09-27 22:18:48", "elapsed": 293.084115, "delta": 1.98972}}
{"target": -18.71605494770391, "params": {"eta": 0.1314680700319372, "max_depth": 19.04441204057846, "n_estimators": 280.3745580735866}, "datetime": {"datetime": "2021-09-27 22:18:50", "elapsed": 295.548461, "delta": 2.464346}}
{"target": -18.12925498914371, "params": {"eta": 0.096389945506502, "max_depth": 22.62867078921935, "n_estimators": 208.5308669379077}, "datetime": {"datetime": "2021-09-27 22:18:54", "elapsed": 298.771618, "delta": 3.223157}}
{"target": -16.856513477201162, "params": {"eta": 0.05549144250058598, "max_depth": 4.423772492122692, "n_estimators": 250.3826192173549}, "datetime": {"datetime": "2021-09-27 22:18:55", "elapsed": 300.225738, "delta": 1.45412}}
{"target": -17.928980112501634, "params": {"eta": 0.1270985447220366, "max_depth": 4.255747394443343, "n_estimators": 231.8492054693964}, "datetime": {"datetime": "2021-09-27 22:18:57", "elapsed": 301.894332, "delta": 1.668594}}
{"target": -18.192037328954143, "params": {"eta": 0.10934440880271162, "max_depth": 11.820186961275814, "n_estimators": 245.7102588323008}, "datetime": {"datetime": "2021-09-27 22:18:59", "elapsed": 303.912999, "delta": 2.018667}}
{"target": -18.387089355071776, "params": {"eta": 0.17798789823832378, "max_depth": 7.775632874009005, "n_estimators": 264.34368760682474}, "datetime": {"datetime": "2021-09-27 22:19:01", "elapsed": 305.698001, "delta": 1.785002}}
{"target": -18.271901680440667, "params": {"eta": 0.07907331364157677, "max_depth": 23.507081934349795, "n_estimators": 276.8141533668202}, "datetime": {"datetime": "2021-09-27 22:19:04", "elapsed": 308.568508, "delta": 2.870507}}
{"target": -18.16499274941815, "params": {"eta": 0.16437874453604556, "max_depth": 4.253108978501007, "n_estimators": 231.61987048897126}, "datetime": {"datetime": "2021-09-27 22:19:06", "elapsed": 310.6035, "delta": 2.034992}}
{"target": -17.170665184857885, "params": {"eta": 0.044191332538337735, "max_depth": 4.345223120992715, "n_estimators": 250.53515874875387}, "datetime": {"datetime": "2021-09-27 22:19:08", "elapsed": 312.716499, "delta": 2.112999}}
{"target": -17.263674024436916, "params": {"eta": 0.056793783178460844, "max_depth": 4.36490455416341, "n_estimators": 249.95237200998673}, "datetime": {"datetime": "2021-09-27 22:19:10", "elapsed": 314.836865, "delta": 2.120366}}
{"target": -17.86887363975245, "params": {"eta": 0.146544576375068, "max_depth": 10.197460701699411, "n_estimators": 268.47014366787624}, "datetime": {"datetime": "2021-09-27 22:19:12", "elapsed": 316.763871, "delta": 1.927006}}
{"target": -18.05326885414241, "params": {"eta": 0.15602806849795067, "max_depth": 25.12268828563081, "n_estimators": 233.281329864273}, "datetime": {"datetime": "2021-09-27 22:19:14", "elapsed": 319.35486, "delta": 2.590989}}
{"target": -17.784074067698896, "params": {"eta": 0.15708956228821633, "max_depth": 25.157000599417344, "n_estimators": 233.25363282843514}, "datetime": {"datetime": "2021-09-27 22:19:16", "elapsed": 321.485858, "delta": 2.130998}}
{"target": -17.30715543134297, "params": {"eta": 0.033009140163946876, "max_depth": 4.359740485733232, "n_estimators": 249.94436705344899}, "datetime": {"datetime": "2021-09-27 22:19:18", "elapsed": 323.024288, "delta": 1.53843}}
{"target": -17.820854876362443, "params": {"eta": 0.3785505949751874, "max_depth": 14.512719043162019, "n_estimators": 298.8515058483273}, "datetime": {"datetime": "2021-09-27 22:19:20", "elapsed": 324.790009, "delta": 1.765721}}
{"target": -17.476676768054297, "params": {"eta": 0.08874467780045048, "max_depth": 8.052943664369959, "n_estimators": 264.3084189541213}, "datetime": {"datetime": "2021-09-27 22:19:22", "elapsed": 327.441399, "delta": 2.65139}}
{"target": -18.290190645359537, "params": {"eta": 0.08865890994982636, "max_depth": 24.56120606046014, "n_estimators": 280.42225952042327}, "datetime": {"datetime": "2021-09-27 22:19:25", "elapsed": 330.260424, "delta": 2.819025}}
{"target": -18.149350076448524, "params": {"eta": 0.04720853163895424, "max_depth": 26.69506800283953, "n_estimators": 217.369403197083}, "datetime": {"datetime": "2021-09-27 22:19:28", "elapsed": 333.140696, "delta": 2.880272}}
{"target": -18.840102830652448, "params": {"eta": 0.13030064581720516, "max_depth": 27.216067098414285, "n_estimators": 214.7362169244752}, "datetime": {"datetime": "2021-09-27 22:19:30", "elapsed": 335.294359, "delta": 2.153663}}
{"target": -18.880203795904194, "params": {"eta": 0.272192602436131, "max_depth": 4.315904178285213, "n_estimators": 231.73312383814664}, "datetime": {"datetime": "2021-09-27 22:19:33", "elapsed": 338.130161, "delta": 2.835802}}
{"target": -18.006954242969773, "params": {"eta": 0.10393314341702013, "max_depth": 8.213081667658834, "n_estimators": 280.20796171782047}, "datetime": {"datetime": "2021-09-27 22:19:36", "elapsed": 341.077953, "delta": 2.947792}}
{"target": -21.305969566423812, "params": {"eta": 0.33157559229667943, "max_depth": 3.509129598216963, "n_estimators": 245.38859858406695}, "datetime": {"datetime": "2021-09-27 22:19:37", "elapsed": 342.417151, "delta": 1.339198}}
{"target": -23.36175535902043, "params": {"eta": 0.5885014350509293, "max_depth": 14.747340553491384, "n_estimators": 212.24338704829816}, "datetime": {"datetime": "2021-09-27 22:19:39", "elapsed": 343.868835, "delta": 1.451684}}
{"target": -18.160224768527023, "params": {"eta": 0.022562263841962325, "max_depth": 7.849696577101267, "n_estimators": 264.300995725457}, "datetime": {"datetime": "2021-09-27 22:19:41", "elapsed": 346.452552, "delta": 2.583717}}
{"target": -19.126381347567904, "params": {"eta": 0.2815508636291145, "max_depth": 9.932355480901823, "n_estimators": 213.11250054649253}, "datetime": {"datetime": "2021-09-27 22:19:44", "elapsed": 348.892381, "delta": 2.439829}}
{"target": -17.888196071532803, "params": {"eta": 0.21756697571582298, "max_depth": 4.028020551287459, "n_estimators": 251.4372574439396}, "datetime": {"datetime": "2021-09-27 22:19:46", "elapsed": 351.114578, "delta": 2.222197}}
{"target": -17.684022772314158, "params": {"eta": 0.01, "max_depth": 4.948292452504479, "n_estimators": 250.3104485317836}, "datetime": {"datetime": "2021-09-27 22:19:49", "elapsed": 353.766924, "delta": 2.652346}}
{"target": -19.55895939101803, "params": {"eta": 0.25118460680791227, "max_depth": 4.0922726251397, "n_estimators": 251.28796360394176}, "datetime": {"datetime": "2021-09-27 22:19:51", "elapsed": 356.345093, "delta": 2.578169}}
{"target": -19.131262953048715, "params": {"eta": 0.5171846094992733, "max_depth": 10.950531272520921, "n_estimators": 224.3147287397784}, "datetime": {"datetime": "2021-09-27 22:19:53", "elapsed": 358.299084, "delta": 1.953991}}
{"target": -16.72936108561708, "params": {"eta": 0.45635027657684685, "max_depth": 8.547143534789102, "n_estimators": 283.9525860334282}, "datetime": {"datetime": "2021-09-27 22:19:55", "elapsed": 359.904312, "delta": 1.605228}}
{"target": -18.920873312391322, "params": {"eta": 0.2273559547138828, "max_depth": 4.4793941099457255, "n_estimators": 231.9359204623612}, "datetime": {"datetime": "2021-09-27 22:19:57", "elapsed": 362.530707, "delta": 2.626395}}
{"target": -17.58761266915327, "params": {"eta": 0.10121616151866764, "max_depth": 4.415328802103127, "n_estimators": 231.561924893302}, "datetime": {"datetime": "2021-09-27 22:20:00", "elapsed": 365.303365, "delta": 2.772658}}
{"target": -18.33548677576912, "params": {"eta": 0.30300777292790093, "max_depth": 8.22770118528007, "n_estimators": 280.4048236696668}, "datetime": {"datetime": "2021-09-27 22:20:03", "elapsed": 367.926715, "delta": 2.62335}}
{"target": -16.96914342315317, "params": {"eta": 0.41764146623690657, "max_depth": 14.38542426442927, "n_estimators": 298.5776580741394}, "datetime": {"datetime": "2021-09-27 22:20:06", "elapsed": 370.674845, "delta": 2.74813}}
{"target": -23.733508708238986, "params": {"eta": 0.5937336201919745, "max_depth": 28.08929497264006, "n_estimators": 205.5212282559872}, "datetime": {"datetime": "2021-09-27 22:20:07", "elapsed": 372.128847, "delta": 1.454002}}
{"target": -19.32444856457194, "params": {"eta": 0.3551901665888384, "max_depth": 8.510471051869061, "n_estimators": 283.9720181493957}, "datetime": {"datetime": "2021-09-27 22:20:10", "elapsed": 374.604603, "delta": 2.475756}}
{"target": -18.942564010993166, "params": {"eta": 0.21511861366894702, "max_depth": 24.979455040596736, "n_estimators": 284.80838673834285}, "datetime": {"datetime": "2021-09-27 22:20:13", "elapsed": 377.918114, "delta": 3.313511}}
{"target": -19.067522640097682, "params": {"eta": 0.24551198342358646, "max_depth": 6.279633441059112, "n_estimators": 203.17706344420628}, "datetime": {"datetime": "2021-09-27 22:20:15", "elapsed": 379.892879, "delta": 1.974765}}
{"target": -21.00814060719883, "params": {"eta": 0.5423408270614388, "max_depth": 8.572793393001929, "n_estimators": 283.9437844697929}, "datetime": {"datetime": "2021-09-27 22:20:17", "elapsed": 382.282554, "delta": 2.389675}}
{"target": -18.087155925604996, "params": {"eta": 0.15266290863579052, "max_depth": 4.459324189967964, "n_estimators": 249.8592201158533}, "datetime": {"datetime": "2021-09-27 22:20:20", "elapsed": 385.052113, "delta": 2.769559}}
{"target": -17.839532898273227, "params": {"eta": 0.3745235946942201, "max_depth": 14.327266400971396, "n_estimators": 298.4096683946332}, "datetime": {"datetime": "2021-09-27 22:20:23", "elapsed": 387.593364, "delta": 2.541251}}
{"target": -18.41651439309823, "params": {"eta": 0.08198551688095065, "max_depth": 17.1061573374268, "n_estimators": 236.2900888183703}, "datetime": {"datetime": "2021-09-27 22:20:26", "elapsed": 390.789084, "delta": 3.19572}}
{"target": -18.769518589146628, "params": {"eta": 0.30655807801995794, "max_depth": 7.890553638039553, "n_estimators": 280.4069657589737}, "datetime": {"datetime": "2021-09-27 22:20:29", "elapsed": 394.050971, "delta": 3.261887}}
{"target": -18.86013409704786, "params": {"eta": 0.25380657636632065, "max_depth": 10.17027880607835, "n_estimators": 214.96357699986322}, "datetime": {"datetime": "2021-09-27 22:20:31", "elapsed": 395.848972, "delta": 1.798001}}
{"target": -18.774714695377323, "params": {"eta": 0.17298818063747465, "max_depth": 17.254665599205328, "n_estimators": 236.54583072110123}, "datetime": {"datetime": "2021-09-27 22:20:33", "elapsed": 398.553553, "delta": 2.704581}}
{"target": -17.02033675859808, "params": {"eta": 0.4672359792819006, "max_depth": 28.118520539010877, "n_estimators": 270.40962202982126}, "datetime": {"datetime": "2021-09-27 22:20:35", "elapsed": 400.330714, "delta": 1.777161}}
{"target": -18.205650726105223, "params": {"eta": 0.38341193817166674, "max_depth": 25.229846529041872, "n_estimators": 228.78533964822026}, "datetime": {"datetime": "2021-09-27 22:20:37", "elapsed": 401.949489, "delta": 1.618775}}
{"target": -19.552750263711967, "params": {"eta": 0.34586956658511697, "max_depth": 14.26061773205414, "n_estimators": 271.8061197660157}, "datetime": {"datetime": "2021-09-27 22:20:39", "elapsed": 403.896523, "delta": 1.947034}}
{"target": -18.374222989787057, "params": {"eta": 0.05995478198636126, "max_depth": 29.422949426534863, "n_estimators": 240.6070551307277}, "datetime": {"datetime": "2021-09-27 22:20:43", "elapsed": 407.987226, "delta": 4.090703}}
{"target": -18.450439145723493, "params": {"eta": 0.1271114630940884, "max_depth": 19.866164895113826, "n_estimators": 277.61394617510626}, "datetime": {"datetime": "2021-09-27 22:20:45", "elapsed": 410.37944, "delta": 2.392214}}
{"target": -17.68815327553254, "params": {"eta": 0.41971308513700556, "max_depth": 28.11881307864834, "n_estimators": 270.53005631263034}, "datetime": {"datetime": "2021-09-27 22:20:48", "elapsed": 412.702332, "delta": 2.322892}}
{"target": -21.84280871719192, "params": {"eta": 0.5855559714760655, "max_depth": 9.058609368116215, "n_estimators": 209.49600009278748}, "datetime": {"datetime": "2021-09-27 22:20:49", "elapsed": 414.214989, "delta": 1.512657}}
{"target": -18.442009854549216, "params": {"eta": 0.323803400827334, "max_depth": 10.726036195962893, "n_estimators": 200.48843373998318}, "datetime": {"datetime": "2021-09-27 22:20:51", "elapsed": 415.766596, "delta": 1.551607}}
{"target": -17.73604723726467, "params": {"eta": 0.23603234036498938, "max_depth": 22.63420598740815, "n_estimators": 270.4455169054306}, "datetime": {"datetime": "2021-09-27 22:20:53", "elapsed": 417.702727, "delta": 1.936131}}
{"target": -17.664412556739286, "params": {"eta": 0.17343008297691614, "max_depth": 4.494172138191803, "n_estimators": 250.91206742043434}, "datetime": {"datetime": "2021-09-27 22:20:56", "elapsed": 420.850888, "delta": 3.148161}}
{"target": -16.544684452807328, "params": {"eta": 0.41581754021850864, "max_depth": 14.276796525721082, "n_estimators": 298.5610039203012}, "datetime": {"datetime": "2021-09-27 22:20:59", "elapsed": 424.138845, "delta": 3.287957}}
{"target": -18.462685169824557, "params": {"eta": 0.01, "max_depth": 9.581454285846652, "n_estimators": 231.30938190811347}, "datetime": {"datetime": "2021-09-27 22:21:03", "elapsed": 427.731496, "delta": 3.592651}}
{"target": -19.97170625789433, "params": {"eta": 0.2687175462696599, "max_depth": 24.994975190480545, "n_estimators": 233.25357239853065}, "datetime": {"datetime": "2021-09-27 22:21:06", "elapsed": 430.630214, "delta": 2.898718}}
{"target": -17.661369916640233, "params": {"eta": 0.018595670396895105, "max_depth": 8.39792933236857, "n_estimators": 280.19239718435716}, "datetime": {"datetime": "2021-09-27 22:21:09", "elapsed": 433.65498, "delta": 3.024766}}
