{"target": -16.816155645485917, "params": {"eta": 0.38686761612324505, "max_depth": 11.816387371212809, "n_estimators": 67.09931201602868}, "datetime": {"datetime": "2021-09-27 21:44:14", "elapsed": 364.841226, "delta": 2.171533}}
{"target": -16.550804784119638, "params": {"eta": 0.14615015702140954, "max_depth": 26.314979945716345, "n_estimators": 88.70210928014811}, "datetime": {"datetime": "2021-09-27 21:44:16", "elapsed": 367.446999, "delta": 2.605773}}
{"target": -16.51353927618621, "params": {"eta": 0.07285531991391078, "max_depth": 10.981229447154957, "n_estimators": 91.26659935601513}, "datetime": {"datetime": "2021-09-27 21:44:19", "elapsed": 369.617499, "delta": 2.1705}}
{"target": -15.816421981977916, "params": {"eta": 0.12737986843157256, "max_depth": 9.470015942917012, "n_estimators": 23.766612102739344}, "datetime": {"datetime": "2021-09-27 21:44:20", "elapsed": 371.483059, "delta": 1.86556}}
{"target": -16.167773376005048, "params": {"eta": 0.4, "max_depth": 15.82713594503964, "n_estimators": 15.375384683606741}, "datetime": {"datetime": "2021-09-27 21:44:22", "elapsed": 372.860059, "delta": 1.377}}
{"target": -19.840569232190134, "params": {"eta": 0.4, "max_depth": 3.5660348981404186, "n_estimators": 93.97025609406148}, "datetime": {"datetime": "2021-09-27 21:44:24", "elapsed": 375.279997, "delta": 2.419938}}
{"target": -15.506556328498167, "params": {"eta": 0.11919296870321684, "max_depth": 19.124043227710423, "n_estimators": 42.24601165038112}, "datetime": {"datetime": "2021-09-27 21:44:26", "elapsed": 376.995395, "delta": 1.715398}}
{"target": -15.944647272235688, "params": {"eta": 0.04471826882938703, "max_depth": 12.999936622970177, "n_estimators": 72.22244370866787}, "datetime": {"datetime": "2021-09-27 21:44:28", "elapsed": 378.746129, "delta": 1.750734}}
{"target": -17.22060669138862, "params": {"eta": 0.3441710969631585, "max_depth": 19.81535843941793, "n_estimators": 62.66185525738149}, "datetime": {"datetime": "2021-09-27 21:44:30", "elapsed": 380.672307, "delta": 1.926178}}
{"target": -52.21200944926194, "params": {"eta": 0.03, "max_depth": 20.40382126593316, "n_estimators": 21.816800906685128}, "datetime": {"datetime": "2021-09-27 21:44:32", "elapsed": 382.752505, "delta": 2.080198}}
{"target": -16.03344190762969, "params": {"eta": 0.301624379267314, "max_depth": 24.30189063211361, "n_estimators": 23.140333836459074}, "datetime": {"datetime": "2021-09-27 21:44:33", "elapsed": 384.444645, "delta": 1.69214}}
{"target": -16.40298373531896, "params": {"eta": 0.397011774250576, "max_depth": 18.201195367536478, "n_estimators": 18.845007851427482}, "datetime": {"datetime": "2021-09-27 21:44:35", "elapsed": 386.385023, "delta": 1.940378}}
{"target": -16.59768198387721, "params": {"eta": 0.4, "max_depth": 11.630489500852235, "n_estimators": 41.90382291964507}, "datetime": {"datetime": "2021-09-27 21:44:38", "elapsed": 388.854803, "delta": 2.46978}}
{"target": -16.47992769040429, "params": {"eta": 0.4, "max_depth": 22.765963238889633, "n_estimators": 32.184210708202755}, "datetime": {"datetime": "2021-09-27 21:44:40", "elapsed": 391.053157, "delta": 2.198354}}
{"target": -17.1769640878028, "params": {"eta": 0.3752885693701583, "max_depth": 14.453068271477926, "n_estimators": 22.93770340970706}, "datetime": {"datetime": "2021-09-27 21:44:42", "elapsed": 392.708153, "delta": 1.654996}}
{"target": -15.906433200378354, "params": {"eta": 0.04156222017508847, "max_depth": 6.525869186348231, "n_estimators": 68.04076432789354}, "datetime": {"datetime": "2021-09-27 21:44:43", "elapsed": 394.467688, "delta": 1.759535}}
{"target": -16.463512371911644, "params": {"eta": 0.4, "max_depth": 23.148113024281688, "n_estimators": 58.36489880489952}, "datetime": {"datetime": "2021-09-27 21:44:46", "elapsed": 396.588824, "delta": 2.121136}}
{"target": -17.41297566514013, "params": {"eta": 0.21543331413319738, "max_depth": 3.003761209103191, "n_estimators": 60.878928451162324}, "datetime": {"datetime": "2021-09-27 21:44:48", "elapsed": 398.549081, "delta": 1.960257}}
{"target": -17.287643191281038, "params": {"eta": 0.3354188458933228, "max_depth": 5.908426329972371, "n_estimators": 58.993654341934466}, "datetime": {"datetime": "2021-09-27 21:44:50", "elapsed": 400.521208, "delta": 1.972127}}
{"target": -16.353566064964383, "params": {"eta": 0.3781017698639778, "max_depth": 27.620341509360784, "n_estimators": 83.2289967729263}, "datetime": {"datetime": "2021-09-27 21:44:52", "elapsed": 402.84521, "delta": 2.324002}}
{"target": -23.97472873948325, "params": {"eta": 0.4, "max_depth": 1.0, "n_estimators": 26.38143637185507}, "datetime": {"datetime": "2021-09-27 21:44:53", "elapsed": 404.351082, "delta": 1.505872}}
{"target": -35.7065694667892, "params": {"eta": 0.03, "max_depth": 7.597424988003652, "n_estimators": 35.9531428295792}, "datetime": {"datetime": "2021-09-27 21:44:55", "elapsed": 406.239732, "delta": 1.88865}}
{"target": -17.681213596598496, "params": {"eta": 0.35722953002795454, "max_depth": 4.950749120611624, "n_estimators": 39.96431699174407}, "datetime": {"datetime": "2021-09-27 21:44:57", "elapsed": 407.90891, "delta": 1.669178}}
{"target": -20.098075221455332, "params": {"eta": 0.4, "max_depth": 3.8796883053428806, "n_estimators": 33.89478259712576}, "datetime": {"datetime": "2021-09-27 21:44:59", "elapsed": 409.552185, "delta": 1.643275}}
{"target": -18.21456154302782, "params": {"eta": 0.30417749784493253, "max_depth": 4.0151261337992565, "n_estimators": 37.2224805482833}, "datetime": {"datetime": "2021-09-27 21:45:01", "elapsed": 411.906187, "delta": 2.354002}}
{"target": -16.370663259254723, "params": {"eta": 0.11366276699826636, "max_depth": 17.00184287697344, "n_estimators": 53.227045419216196}, "datetime": {"datetime": "2021-09-27 21:45:03", "elapsed": 414.319106, "delta": 2.412919}}
{"target": -16.48596803640959, "params": {"eta": 0.4, "max_depth": 27.60058304945313, "n_estimators": 79.20894772718192}, "datetime": {"datetime": "2021-09-27 21:45:06", "elapsed": 416.531354, "delta": 2.212248}}
{"target": -16.33096694367577, "params": {"eta": 0.4, "max_depth": 15.986347176129502, "n_estimators": 84.93729636477896}, "datetime": {"datetime": "2021-09-27 21:45:08", "elapsed": 418.583902, "delta": 2.052548}}
{"target": -16.02092008923782, "params": {"eta": 0.04633929678020354, "max_depth": 29.98671115143414, "n_estimators": 58.84302970894084}, "datetime": {"datetime": "2021-09-27 21:45:09", "elapsed": 420.306371, "delta": 1.722469}}
{"target": -16.57171776004419, "params": {"eta": 0.3106365098036087, "max_depth": 15.993992402554305, "n_estimators": 64.9263986953865}, "datetime": {"datetime": "2021-09-27 21:45:11", "elapsed": 422.460573, "delta": 2.154202}}
{"target": -16.26307052725629, "params": {"eta": 0.1064176569947922, "max_depth": 22.853077824652694, "n_estimators": 69.196606969984}, "datetime": {"datetime": "2021-09-27 21:45:15", "elapsed": 425.524728, "delta": 3.064155}}
{"target": -60.27789175479399, "params": {"eta": 0.3907585355689859, "max_depth": 8.386197817225103, "n_estimators": 1.0086757173368777}, "datetime": {"datetime": "2021-09-27 21:45:16", "elapsed": 427.496983, "delta": 1.972255}}
{"target": -16.780066435633636, "params": {"eta": 0.05158376954252468, "max_depth": 7.1985501462847505, "n_estimators": 48.56944545855058}, "datetime": {"datetime": "2021-09-27 21:45:19", "elapsed": 429.532404, "delta": 2.035421}}
{"target": -17.521558154640026, "params": {"eta": 0.3075064394810001, "max_depth": 3.63231522296877, "n_estimators": 84.14235447060251}, "datetime": {"datetime": "2021-09-27 21:45:21", "elapsed": 431.65962, "delta": 2.127216}}
{"target": -16.032025045377424, "params": {"eta": 0.3513454438449911, "max_depth": 16.868132371012628, "n_estimators": 23.372451072032725}, "datetime": {"datetime": "2021-09-27 21:45:22", "elapsed": 433.464611, "delta": 1.804991}}
{"target": -17.707983015549857, "params": {"eta": 0.3057193670520624, "max_depth": 28.21280124751286, "n_estimators": 98.66836184898997}, "datetime": {"datetime": "2021-09-27 21:45:25", "elapsed": 435.755324, "delta": 2.290713}}
{"target": -15.80392041996517, "params": {"eta": 0.06510693681352658, "max_depth": 27.671808592678232, "n_estimators": 70.65299188127753}, "datetime": {"datetime": "2021-09-27 21:45:28", "elapsed": 438.652003, "delta": 2.896679}}
{"target": -17.27442352470863, "params": {"eta": 0.3549122210203044, "max_depth": 17.924336935028844, "n_estimators": 12.882928450452425}, "datetime": {"datetime": "2021-09-27 21:45:30", "elapsed": 440.786821, "delta": 2.134818}}
{"target": -16.663460501166423, "params": {"eta": 0.3567198468216034, "max_depth": 23.95521648699962, "n_estimators": 21.344102040557846}, "datetime": {"datetime": "2021-09-27 21:45:32", "elapsed": 442.771021, "delta": 1.9842}}
{"target": -17.932777841518195, "params": {"eta": 0.039900162310843396, "max_depth": 21.789664827294732, "n_estimators": 54.249152147712806}, "datetime": {"datetime": "2021-09-27 21:45:34", "elapsed": 445.036554, "delta": 2.265533}}
{"target": -16.456154125761945, "params": {"eta": 0.4, "max_depth": 19.73546789283719, "n_estimators": 29.76105240695243}, "datetime": {"datetime": "2021-09-27 21:45:37", "elapsed": 447.813253, "delta": 2.776699}}
{"target": -17.688256646071125, "params": {"eta": 0.2934422755092051, "max_depth": 6.971583312680152, "n_estimators": 32.34546814163532}, "datetime": {"datetime": "2021-09-27 21:45:39", "elapsed": 449.687061, "delta": 1.873808}}
{"target": -15.815881626184403, "params": {"eta": 0.06648567791723475, "max_depth": 17.496531062983838, "n_estimators": 93.52512832435494}, "datetime": {"datetime": "2021-09-27 21:45:42", "elapsed": 452.607837, "delta": 2.920776}}
{"target": -16.62792689848559, "params": {"eta": 0.32461804363240065, "max_depth": 15.02631898277288, "n_estimators": 69.50791511246778}, "datetime": {"datetime": "2021-09-27 21:45:44", "elapsed": 455.005771, "delta": 2.397934}}
{"target": -16.80761880798087, "params": {"eta": 0.3589849899169769, "max_depth": 28.4687538581907, "n_estimators": 94.65131346394173}, "datetime": {"datetime": "2021-09-27 21:45:47", "elapsed": 457.707772, "delta": 2.702001}}
{"target": -16.779263461343508, "params": {"eta": 0.3942135118065404, "max_depth": 29.325455697421933, "n_estimators": 91.15580219193272}, "datetime": {"datetime": "2021-09-27 21:45:49", "elapsed": 460.211651, "delta": 2.503879}}
{"target": -16.48244421394264, "params": {"eta": 0.4, "max_depth": 25.727260406068122, "n_estimators": 32.412487996670386}, "datetime": {"datetime": "2021-09-27 21:45:51", "elapsed": 462.400151, "delta": 2.1885}}
{"target": -23.39759412354428, "params": {"eta": 0.1361983037589775, "max_depth": 1.0109064451822651, "n_estimators": 82.2490508639312}, "datetime": {"datetime": "2021-09-27 21:45:54", "elapsed": 464.809949, "delta": 2.409798}}
{"target": -16.330886332032275, "params": {"eta": 0.4, "max_depth": 15.574614727089186, "n_estimators": 41.847492521632454}, "datetime": {"datetime": "2021-09-27 21:45:56", "elapsed": 467.275113, "delta": 2.465164}}
{"target": -18.74032219947447, "params": {"eta": 0.4, "max_depth": 4.141098929248344, "n_estimators": 63.293252627648315}, "datetime": {"datetime": "2021-09-27 21:45:59", "elapsed": 469.752566, "delta": 2.477453}}
{"target": -16.44668793932652, "params": {"eta": 0.4, "max_depth": 16.805314594543766, "n_estimators": 73.87696460644754}, "datetime": {"datetime": "2021-09-27 21:46:01", "elapsed": 472.411392, "delta": 2.658826}}
{"target": -16.068267630224675, "params": {"eta": 0.07485282640383781, "max_depth": 27.270553695374815, "n_estimators": 61.979130971506066}, "datetime": {"datetime": "2021-09-27 21:46:04", "elapsed": 475.093873, "delta": 2.682481}}
{"target": -41.44218572234981, "params": {"eta": 0.03, "max_depth": 4.057711485409612, "n_estimators": 29.125753410399614}, "datetime": {"datetime": "2021-09-27 21:46:06", "elapsed": 476.715723, "delta": 1.62185}}
{"target": -16.9982001552766, "params": {"eta": 0.11290374394242111, "max_depth": 4.012938465042416, "n_estimators": 43.19789167106253}, "datetime": {"datetime": "2021-09-27 21:46:08", "elapsed": 478.929192, "delta": 2.213469}}
{"target": -19.05359932303696, "params": {"eta": 0.38088476475463073, "max_depth": 3.431427027210317, "n_estimators": 78.4918723084212}, "datetime": {"datetime": "2021-09-27 21:46:10", "elapsed": 480.784893, "delta": 1.855701}}
{"target": -15.536765461422897, "params": {"eta": 0.10806530058365273, "max_depth": 19.172223172433597, "n_estimators": 57.70716370036958}, "datetime": {"datetime": "2021-09-27 21:46:13", "elapsed": 483.947672, "delta": 3.162779}}
{"target": -16.667041479781155, "params": {"eta": 0.33866819590552744, "max_depth": 23.69803379122031, "n_estimators": 99.93578263171607}, "datetime": {"datetime": "2021-09-27 21:46:16", "elapsed": 486.660382, "delta": 2.71271}}
{"target": -16.13980924433125, "params": {"eta": 0.06610982965028442, "max_depth": 6.89109722393549, "n_estimators": 76.15332445655335}, "datetime": {"datetime": "2021-09-27 21:46:18", "elapsed": 489.174455, "delta": 2.514073}}
{"target": -22.354723051443308, "params": {"eta": 0.11410119923615195, "max_depth": 5.898752295316082, "n_estimators": 14.06921842005123}, "datetime": {"datetime": "2021-09-27 21:46:21", "elapsed": 492.309969, "delta": 3.135514}}
{"target": -15.955416154552124, "params": {"eta": 0.03209471164966725, "max_depth": 12.30358640539565, "n_estimators": 88.56975886221504}, "datetime": {"datetime": "2021-09-27 21:46:24", "elapsed": 494.840187, "delta": 2.530218}}
{"target": -19.143954271158574, "params": {"eta": 0.30645536569721765, "max_depth": 3.5400266792435686, "n_estimators": 10.21313464406361}, "datetime": {"datetime": "2021-09-27 21:46:26", "elapsed": 497.441667, "delta": 2.60148}}
{"target": -17.45670411050907, "params": {"eta": 0.2872300394303261, "max_depth": 23.987135081333495, "n_estimators": 73.19972483315298}, "datetime": {"datetime": "2021-09-27 21:46:30", "elapsed": 500.906626, "delta": 3.464959}}
{"target": -16.379183814124303, "params": {"eta": 0.4, "max_depth": 9.506011935524578, "n_estimators": 50.28227915996153}, "datetime": {"datetime": "2021-09-27 21:46:33", "elapsed": 503.997952, "delta": 3.091326}}
{"target": -15.56133081478671, "params": {"eta": 0.07872416163043164, "max_depth": 19.829302388135158, "n_estimators": 89.28445322425301}, "datetime": {"datetime": "2021-09-27 21:46:36", "elapsed": 506.863356, "delta": 2.865404}}
{"target": -16.23995839025392, "params": {"eta": 0.3828757183449806, "max_depth": 12.364326420004536, "n_estimators": 28.422060893669794}, "datetime": {"datetime": "2021-09-27 21:46:38", "elapsed": 508.859289, "delta": 1.995933}}
{"target": -16.66187656646557, "params": {"eta": 0.4, "max_depth": 13.643224563605632, "n_estimators": 96.0902915810452}, "datetime": {"datetime": "2021-09-27 21:46:40", "elapsed": 511.145067, "delta": 2.285778}}
{"target": -16.780555398714093, "params": {"eta": 0.32042351314397977, "max_depth": 26.951999640526104, "n_estimators": 56.61932314858391}, "datetime": {"datetime": "2021-09-27 21:46:42", "elapsed": 513.468842, "delta": 2.323775}}
{"target": -16.91346460084861, "params": {"eta": 0.36263890162569723, "max_depth": 16.80856267097009, "n_estimators": 99.50571162189998}, "datetime": {"datetime": "2021-09-27 21:46:47", "elapsed": 517.518265, "delta": 4.049423}}
{"target": -24.663509097508783, "params": {"eta": 0.03, "max_depth": 20.92090001911182, "n_estimators": 51.47548104308216}, "datetime": {"datetime": "2021-09-27 21:46:50", "elapsed": 520.839545, "delta": 3.32128}}
{"target": -17.228201047558116, "params": {"eta": 0.22186881243150805, "max_depth": 20.83621949853103, "n_estimators": 47.32117578913319}, "datetime": {"datetime": "2021-09-27 21:46:53", "elapsed": 524.33892, "delta": 3.499375}}
{"target": -22.625344109854115, "params": {"eta": 0.4, "max_depth": 1.0, "n_estimators": 66.99497156456377}, "datetime": {"datetime": "2021-09-27 21:46:56", "elapsed": 527.22732, "delta": 2.8884}}
{"target": -16.442889491802116, "params": {"eta": 0.4, "max_depth": 14.074431191254241, "n_estimators": 26.166825020894823}, "datetime": {"datetime": "2021-09-27 21:46:59", "elapsed": 529.730204, "delta": 2.502884}}
{"target": -16.95829171390794, "params": {"eta": 0.38478940930457994, "max_depth": 7.051899922409475, "n_estimators": 56.207864598760054}, "datetime": {"datetime": "2021-09-27 21:47:02", "elapsed": 532.771809, "delta": 3.041605}}
{"target": -16.42580778719662, "params": {"eta": 0.4, "max_depth": 17.62851389550796, "n_estimators": 38.48893417959647}, "datetime": {"datetime": "2021-09-27 21:47:06", "elapsed": 536.526315, "delta": 3.754506}}
{"target": -15.291133037240225, "params": {"eta": 0.04891726863950603, "max_depth": 21.580295790140443, "n_estimators": 99.96299447548826}, "datetime": {"datetime": "2021-09-27 21:47:09", "elapsed": 540.36804, "delta": 3.841725}}
{"target": -18.020958100391443, "params": {"eta": 0.2842742959710547, "max_depth": 13.239316304034036, "n_estimators": 93.12422192673473}, "datetime": {"datetime": "2021-09-27 21:47:13", "elapsed": 543.654263, "delta": 3.286223}}
{"target": -17.57525929940318, "params": {"eta": 0.38110271809186513, "max_depth": 7.270909003757933, "n_estimators": 40.023039201555534}, "datetime": {"datetime": "2021-09-27 21:47:15", "elapsed": 546.11033, "delta": 2.456067}}
{"target": -16.453960386178437, "params": {"eta": 0.4, "max_depth": 14.970081271399934, "n_estimators": 39.5463773061581}, "datetime": {"datetime": "2021-09-27 21:47:17", "elapsed": 548.47416, "delta": 2.36383}}
{"target": -26.672425789574834, "params": {"eta": 0.05739672275234004, "max_depth": 3.718787226970069, "n_estimators": 24.212023996920742}, "datetime": {"datetime": "2021-09-27 21:47:20", "elapsed": 551.167543, "delta": 2.693383}}
{"target": -15.858312531512519, "params": {"eta": 0.03, "max_depth": 6.826032816424042, "n_estimators": 98.022613873793}, "datetime": {"datetime": "2021-09-27 21:47:23", "elapsed": 554.081681, "delta": 2.914138}}
{"target": -17.411346583453934, "params": {"eta": 0.35306933677292884, "max_depth": 6.494014614043978, "n_estimators": 81.48457751311436}, "datetime": {"datetime": "2021-09-27 21:47:27", "elapsed": 557.990296, "delta": 3.908615}}
{"target": -24.373133003373283, "params": {"eta": 0.03, "max_depth": 4.744027270410546, "n_estimators": 51.128047603971694}, "datetime": {"datetime": "2021-09-27 21:47:29", "elapsed": 560.388697, "delta": 2.398401}}
{"target": -17.83102121616878, "params": {"eta": 0.2534467638613802, "max_depth": 3.886337930774053, "n_estimators": 46.665644574628075}, "datetime": {"datetime": "2021-09-27 21:47:33", "elapsed": 564.092924, "delta": 3.704227}}
{"target": -15.939491429872252, "params": {"eta": 0.10869708617223535, "max_depth": 9.037121583298083, "n_estimators": 52.548082370318085}, "datetime": {"datetime": "2021-09-27 21:47:36", "elapsed": 567.496363, "delta": 3.403439}}
{"target": -16.238208306863523, "params": {"eta": 0.37626596478287966, "max_depth": 21.108462589930753, "n_estimators": 34.06760361651212}, "datetime": {"datetime": "2021-09-27 21:47:41", "elapsed": 571.573593, "delta": 4.07723}}
{"target": -15.83464843346082, "params": {"eta": 0.3949778068520339, "max_depth": 23.544076461790283, "n_estimators": 64.66853988490087}, "datetime": {"datetime": "2021-09-27 21:47:44", "elapsed": 574.527935, "delta": 2.954342}}
{"target": -17.098842278201044, "params": {"eta": 0.3417211649763793, "max_depth": 16.20040279922239, "n_estimators": 46.134960537694226}, "datetime": {"datetime": "2021-09-27 21:47:49", "elapsed": 579.634203, "delta": 5.106268}}
{"target": -17.362270025453117, "params": {"eta": 0.29319359517290366, "max_depth": 9.925934633780448, "n_estimators": 31.793583217427035}, "datetime": {"datetime": "2021-09-27 21:47:51", "elapsed": 582.350152, "delta": 2.715949}}
{"target": -15.642949058518543, "params": {"eta": 0.08895199833077938, "max_depth": 29.96131580643159, "n_estimators": 49.19767922808063}, "datetime": {"datetime": "2021-09-27 21:47:55", "elapsed": 585.674633, "delta": 3.324481}}
{"target": -17.095607591459785, "params": {"eta": 0.38336832835932766, "max_depth": 7.9445258513905115, "n_estimators": 60.264284123058225}, "datetime": {"datetime": "2021-09-27 21:47:58", "elapsed": 588.922932, "delta": 3.248299}}
{"target": -33.894726944763434, "params": {"eta": 0.03, "max_depth": 11.076699839311672, "n_estimators": 37.1529855873212}, "datetime": {"datetime": "2021-09-27 21:48:01", "elapsed": 591.971173, "delta": 3.048241}}
{"target": -16.888521066757637, "params": {"eta": 0.35626692022171935, "max_depth": 14.003825813954775, "n_estimators": 37.27240354739565}, "datetime": {"datetime": "2021-09-27 21:48:05", "elapsed": 595.987417, "delta": 4.016244}}
{"target": -16.58005643203543, "params": {"eta": 0.15528987656120308, "max_depth": 13.614944187260495, "n_estimators": 34.44097737205287}, "datetime": {"datetime": "2021-09-27 21:48:08", "elapsed": 599.30133, "delta": 3.313913}}
{"target": -18.762408212899587, "params": {"eta": 0.17407444014810788, "max_depth": 28.700679318784616, "n_estimators": 11.457088544487046}, "datetime": {"datetime": "2021-09-27 21:48:12", "elapsed": 602.87143, "delta": 3.5701}}
{"target": -15.582335928979843, "params": {"eta": 0.04872992808569045, "max_depth": 16.025405537409075, "n_estimators": 76.84558386709183}, "datetime": {"datetime": "2021-09-27 21:48:16", "elapsed": 606.729851, "delta": 3.858421}}
{"target": -16.536605684701698, "params": {"eta": 0.30345839714379963, "max_depth": 11.679196999751156, "n_estimators": 40.11308875654119}, "datetime": {"datetime": "2021-09-27 21:48:19", "elapsed": 609.753306, "delta": 3.023455}}
{"target": -16.4142469848025, "params": {"eta": 0.03, "max_depth": 21.109622525591, "n_estimators": 85.0172424926773}, "datetime": {"datetime": "2021-09-27 21:48:22", "elapsed": 612.626068, "delta": 2.872762}}
