{"target": -16.40709919973617, "params": {"eta": 0.2142694728561455, "max_depth": 12.396841570595166, "n_estimators": 58.51588310854082}, "datetime": {"datetime": "2021-09-28 08:26:23", "elapsed": 67.225974, "delta": 0.928991}}
{"target": -16.858451288675106, "params": {"eta": 0.34468781887754435, "max_depth": 13.410975561651172, "n_estimators": 52.28060899578661}, "datetime": {"datetime": "2021-09-28 08:26:24", "elapsed": 67.939394, "delta": 0.71342}}
{"target": -17.397732764679226, "params": {"eta": 0.26780774149058284, "max_depth": 11.49590366371372, "n_estimators": 91.87248299522412}, "datetime": {"datetime": "2021-09-28 08:26:25", "elapsed": 68.812394, "delta": 0.873}}
{"target": -15.817524960118067, "params": {"eta": 0.43888543408391034, "max_depth": 11.31531806012827, "n_estimators": 74.33298688868126}, "datetime": {"datetime": "2021-09-28 08:26:26", "elapsed": 69.577134, "delta": 0.76474}}
{"target": -20.088800166161487, "params": {"eta": 0.4983126376194173, "max_depth": 10.399620993074839, "n_estimators": 67.61748437974698}, "datetime": {"datetime": "2021-09-28 08:26:26", "elapsed": 70.251135, "delta": 0.674001}}
{"target": -17.218201369271398, "params": {"eta": 0.2542629139154578, "max_depth": 14.941659279615525, "n_estimators": 75.54039112623485}, "datetime": {"datetime": "2021-09-28 08:26:27", "elapsed": 71.065132, "delta": 0.813997}}
{"target": -17.38051807691311, "params": {"eta": 0.2532456265763753, "max_depth": 12.466596954688882, "n_estimators": 93.78282257230084}, "datetime": {"datetime": "2021-09-28 08:26:28", "elapsed": 71.946697, "delta": 0.881565}}
{"target": -16.916665747982666, "params": {"eta": 0.2421970530233703, "max_depth": 11.12541636786153, "n_estimators": 38.0620843003623}, "datetime": {"datetime": "2021-09-28 08:26:29", "elapsed": 72.5367, "delta": 0.590003}}
{"target": -18.00447215876088, "params": {"eta": 0.47792014498154045, "max_depth": 13.549656378158682, "n_estimators": 98.91797511511284}, "datetime": {"datetime": "2021-09-28 08:26:29", "elapsed": 73.317865, "delta": 0.781165}}
{"target": -16.95869694476206, "params": {"eta": 0.370717974543212, "max_depth": 12.154985238027612, "n_estimators": 83.70620817550505}, "datetime": {"datetime": "2021-09-28 08:26:30", "elapsed": 74.022523, "delta": 0.704658}}
{"target": -17.247648756138062, "params": {"eta": 0.41851456205901344, "max_depth": 11.658322628147426, "n_estimators": 95.08998020841405}, "datetime": {"datetime": "2021-09-28 08:26:31", "elapsed": 74.804522, "delta": 0.781999}}
{"target": -17.883991874132, "params": {"eta": 0.30694415936702574, "max_depth": 12.16969198714325, "n_estimators": 45.57974903897171}, "datetime": {"datetime": "2021-09-28 08:26:32", "elapsed": 75.501528, "delta": 0.697006}}
{"target": -16.286339145294352, "params": {"eta": 0.11676443617178112, "max_depth": 12.320368229632763, "n_estimators": 69.38629170029321}, "datetime": {"datetime": "2021-09-28 08:26:33", "elapsed": 76.459522, "delta": 0.957994}}
{"target": -17.22687138590014, "params": {"eta": 0.16764619929968527, "max_depth": 12.52832482425235, "n_estimators": 86.5697411800591}, "datetime": {"datetime": "2021-09-28 08:26:34", "elapsed": 77.560305, "delta": 1.100783}}
{"target": -16.200297483597755, "params": {"eta": 0.10764237388827533, "max_depth": 10.061235228604273, "n_estimators": 92.04714395228706}, "datetime": {"datetime": "2021-09-28 08:26:35", "elapsed": 78.53393, "delta": 0.973625}}
{"target": -19.89963474022662, "params": {"eta": 0.4836621009644653, "max_depth": 10.558859194534396, "n_estimators": 35.81969470655377}, "datetime": {"datetime": "2021-09-28 08:26:35", "elapsed": 79.279932, "delta": 0.746002}}
{"target": -17.956972715663944, "params": {"eta": 0.4249218042180654, "max_depth": 13.5972113028522, "n_estimators": 92.62873551480627}, "datetime": {"datetime": "2021-09-28 08:26:36", "elapsed": 80.081128, "delta": 0.801196}}
{"target": -17.06873421314979, "params": {"eta": 0.25202491406932587, "max_depth": 14.352273080096857, "n_estimators": 55.705361930427344}, "datetime": {"datetime": "2021-09-28 08:26:37", "elapsed": 81.137128, "delta": 1.056}}
{"target": -16.41931377715987, "params": {"eta": 0.10204816543010906, "max_depth": 11.079605517061536, "n_estimators": 36.111599176762745}, "datetime": {"datetime": "2021-09-28 08:26:38", "elapsed": 81.900197, "delta": 0.763069}}
{"target": -16.63740342445222, "params": {"eta": 0.15688419180884447, "max_depth": 14.034286160194121, "n_estimators": 64.83786220455522}, "datetime": {"datetime": "2021-09-28 08:26:39", "elapsed": 83.0152, "delta": 1.115003}}
{"target": -17.441587847382646, "params": {"eta": 0.380962408218895, "max_depth": 12.021740592472245, "n_estimators": 45.602159439612755}, "datetime": {"datetime": "2021-09-28 08:26:40", "elapsed": 83.742026, "delta": 0.726826}}
{"target": -16.7216374003479, "params": {"eta": 0.2942980534083955, "max_depth": 10.02291243632332, "n_estimators": 75.89450454439071}, "datetime": {"datetime": "2021-09-28 08:26:41", "elapsed": 84.573023, "delta": 0.830997}}
{"target": -16.004054690514504, "params": {"eta": 0.10595439712458996, "max_depth": 11.223119679238549, "n_estimators": 36.28387340246331}, "datetime": {"datetime": "2021-09-28 08:26:41", "elapsed": 85.264027, "delta": 0.691004}}
{"target": -17.74719632403097, "params": {"eta": 0.4283075759821294, "max_depth": 12.606681662789763, "n_estimators": 78.11183929974078}, "datetime": {"datetime": "2021-09-28 08:26:42", "elapsed": 86.091602, "delta": 0.827575}}
{"target": -16.97185494168341, "params": {"eta": 0.16659846860534025, "max_depth": 10.799309239734228, "n_estimators": 67.01830318126457}, "datetime": {"datetime": "2021-09-28 08:26:43", "elapsed": 86.890606, "delta": 0.799004}}
{"target": -17.39897457977056, "params": {"eta": 0.21910806487963047, "max_depth": 10.743149055680576, "n_estimators": 80.44978627432788}, "datetime": {"datetime": "2021-09-28 08:26:44", "elapsed": 87.830263, "delta": 0.939657}}
{"target": -16.013580254112057, "params": {"eta": 0.4021283633220599, "max_depth": 11.524647289092245, "n_estimators": 74.41977163222253}, "datetime": {"datetime": "2021-09-28 08:26:45", "elapsed": 88.572973, "delta": 0.74271}}
{"target": -17.258868744672057, "params": {"eta": 0.2266858237494715, "max_depth": 10.792452805858062, "n_estimators": 67.05380797271005}, "datetime": {"datetime": "2021-09-28 08:26:46", "elapsed": 89.525288, "delta": 0.952315}}
{"target": -16.80389712630872, "params": {"eta": 0.1577293005089904, "max_depth": 10.93293908360185, "n_estimators": 68.05469788395288}, "datetime": {"datetime": "2021-09-28 08:26:46", "elapsed": 90.385289, "delta": 0.860001}}
{"target": -15.232036743697758, "params": {"eta": 0.14298805947116766, "max_depth": 14.246880495003262, "n_estimators": 34.88542400864789}, "datetime": {"datetime": "2021-09-28 08:26:47", "elapsed": 91.139288, "delta": 0.753999}}
{"target": -16.54933388413165, "params": {"eta": 0.1516169482984449, "max_depth": 10.771271218300644, "n_estimators": 93.68337639172913}, "datetime": {"datetime": "2021-09-28 08:26:48", "elapsed": 92.121868, "delta": 0.98258}}
{"target": -18.59469098793384, "params": {"eta": 0.46469663950853785, "max_depth": 11.229809051934081, "n_estimators": 98.6157120647248}, "datetime": {"datetime": "2021-09-28 08:26:49", "elapsed": 92.85287, "delta": 0.731002}}
{"target": -16.50672707816022, "params": {"eta": 0.1375539194793491, "max_depth": 12.029172649706293, "n_estimators": 48.715589095450156}, "datetime": {"datetime": "2021-09-28 08:26:50", "elapsed": 93.57586, "delta": 0.72299}}
{"target": -16.569230179765682, "params": {"eta": 0.1772471497462899, "max_depth": 11.375601972574284, "n_estimators": 42.859580737823535}, "datetime": {"datetime": "2021-09-28 08:26:50", "elapsed": 94.400854, "delta": 0.824994}}
{"target": -16.381062551421056, "params": {"eta": 0.12100529329722318, "max_depth": 13.831680224062467, "n_estimators": 60.19169867065722}, "datetime": {"datetime": "2021-09-28 08:26:51", "elapsed": 95.21886, "delta": 0.818006}}
{"target": -15.872885521030828, "params": {"eta": 0.3949297608958941, "max_depth": 14.018120087885004, "n_estimators": 43.497176160394076}, "datetime": {"datetime": "2021-09-28 08:26:52", "elapsed": 96.108024, "delta": 0.889164}}
{"target": -15.64756509437185, "params": {"eta": 0.13349194197007555, "max_depth": 13.483245786532668, "n_estimators": 33.891109349691035}, "datetime": {"datetime": "2021-09-28 08:26:53", "elapsed": 96.788026, "delta": 0.680002}}
{"target": -18.70498459291833, "params": {"eta": 0.4495232134075567, "max_depth": 13.719850084943282, "n_estimators": 60.05235050243971}, "datetime": {"datetime": "2021-09-28 08:26:54", "elapsed": 97.585086, "delta": 0.79706}}
{"target": -16.46233640212723, "params": {"eta": 0.22348056176344333, "max_depth": 13.241865834631831, "n_estimators": 42.27109033493472}, "datetime": {"datetime": "2021-09-28 08:26:55", "elapsed": 98.527235, "delta": 0.942149}}
{"target": -16.514963197939196, "params": {"eta": 0.3040016995386896, "max_depth": 13.783756380292685, "n_estimators": 36.506824225524056}, "datetime": {"datetime": "2021-09-28 08:26:55", "elapsed": 99.337238, "delta": 0.810003}}
{"target": -15.995397377536397, "params": {"eta": 0.10489552967850867, "max_depth": 12.628365348315159, "n_estimators": 70.7952497645031}, "datetime": {"datetime": "2021-09-28 08:26:56", "elapsed": 100.325802, "delta": 0.988564}}
{"target": -16.667734241476175, "params": {"eta": 0.18604648170201088, "max_depth": 13.401077376266628, "n_estimators": 72.8429581839151}, "datetime": {"datetime": "2021-09-28 08:26:57", "elapsed": 101.416799, "delta": 1.090997}}
{"target": -16.587155858269405, "params": {"eta": 0.1521485598336474, "max_depth": 12.165804535946616, "n_estimators": 90.06897802250319}, "datetime": {"datetime": "2021-09-28 08:26:59", "elapsed": 102.543728, "delta": 1.126929}}
{"target": -16.703054278928054, "params": {"eta": 0.21369310570302258, "max_depth": 12.980702804651525, "n_estimators": 34.10208966080572}, "datetime": {"datetime": "2021-09-28 08:26:59", "elapsed": 103.229912, "delta": 0.686184}}
{"target": -18.046339023186377, "params": {"eta": 0.166430306899697, "max_depth": 14.700917936070873, "n_estimators": 76.78467430695974}, "datetime": {"datetime": "2021-09-28 08:27:00", "elapsed": 104.346548, "delta": 1.116636}}
{"target": -18.09767647917165, "params": {"eta": 0.3059734572608306, "max_depth": 12.483525285583863, "n_estimators": 60.414557486900705}, "datetime": {"datetime": "2021-09-28 08:27:01", "elapsed": 105.38855, "delta": 1.042002}}
{"target": -15.346549993699366, "params": {"eta": 0.20441630638164926, "max_depth": 12.202989419380515, "n_estimators": 81.54465228330083}, "datetime": {"datetime": "2021-09-28 08:27:02", "elapsed": 106.408809, "delta": 1.020259}}
{"target": -16.895625540307275, "params": {"eta": 0.26251101873575294, "max_depth": 11.743651244113192, "n_estimators": 31.33388341324219}, "datetime": {"datetime": "2021-09-28 08:27:03", "elapsed": 107.215812, "delta": 0.807003}}
{"target": -15.969476874908406, "params": {"eta": 0.1439363447069711, "max_depth": 14.99773612457021, "n_estimators": 87.61720738250915}, "datetime": {"datetime": "2021-09-28 08:27:04", "elapsed": 108.374235, "delta": 1.158423}}
{"target": -19.498675233934613, "params": {"eta": 0.48667874525543425, "max_depth": 11.842917249331737, "n_estimators": 98.19809101605487}, "datetime": {"datetime": "2021-09-28 08:27:05", "elapsed": 109.238935, "delta": 0.8647}}
{"target": -16.411682681911184, "params": {"eta": 0.3511316897284818, "max_depth": 11.585086914948919, "n_estimators": 80.4350365325744}, "datetime": {"datetime": "2021-09-28 08:27:06", "elapsed": 110.118091, "delta": 0.879156}}
{"target": -20.136261111488917, "params": {"eta": 0.48931193843356624, "max_depth": 10.993590503910283, "n_estimators": 62.00257115726423}, "datetime": {"datetime": "2021-09-28 08:27:07", "elapsed": 110.905092, "delta": 0.787001}}
{"target": -16.62810887154594, "params": {"eta": 0.113315662541119, "max_depth": 12.674196785685016, "n_estimators": 70.83076617489536}, "datetime": {"datetime": "2021-09-28 08:27:08", "elapsed": 112.065622, "delta": 1.16053}}
{"target": -16.210976405847752, "params": {"eta": 0.11136917474772574, "max_depth": 11.205108900171275, "n_estimators": 35.952013030145984}, "datetime": {"datetime": "2021-09-28 08:27:09", "elapsed": 112.865621, "delta": 0.799999}}
{"target": -17.95914669105653, "params": {"eta": 0.29922371303883893, "max_depth": 13.975230005391628, "n_estimators": 65.72669276773127}, "datetime": {"datetime": "2021-09-28 08:27:10", "elapsed": 113.768432, "delta": 0.902811}}
{"target": -17.56491160693515, "params": {"eta": 0.21968052742448574, "max_depth": 14.962514608938623, "n_estimators": 92.9077218052177}, "datetime": {"datetime": "2021-09-28 08:27:11", "elapsed": 114.992421, "delta": 1.223989}}
{"target": -15.857340520466822, "params": {"eta": 0.3290898920507288, "max_depth": 10.091522027722272, "n_estimators": 97.14372527211175}, "datetime": {"datetime": "2021-09-28 08:27:12", "elapsed": 115.914563, "delta": 0.922142}}
{"target": -16.164326625137566, "params": {"eta": 0.22118900891188964, "max_depth": 12.977629628029371, "n_estimators": 38.218233080091075}, "datetime": {"datetime": "2021-09-28 08:27:13", "elapsed": 116.814936, "delta": 0.900373}}
{"target": -20.54213076695855, "params": {"eta": 0.48214793334808376, "max_depth": 13.054298239216847, "n_estimators": 91.38552144516642}, "datetime": {"datetime": "2021-09-28 08:27:14", "elapsed": 117.750338, "delta": 0.935402}}
{"target": -17.251897454041487, "params": {"eta": 0.3128999320988189, "max_depth": 13.291847833060286, "n_estimators": 95.38861978545602}, "datetime": {"datetime": "2021-09-28 08:27:15", "elapsed": 118.746336, "delta": 0.995998}}
{"target": -15.986586045057678, "params": {"eta": 0.20945973787769628, "max_depth": 10.821120568345368, "n_estimators": 36.208860345629134}, "datetime": {"datetime": "2021-09-28 08:27:16", "elapsed": 119.654815, "delta": 0.908479}}
{"target": -16.77585691732509, "params": {"eta": 0.3223234033670069, "max_depth": 14.973589640182746, "n_estimators": 85.71848409835154}, "datetime": {"datetime": "2021-09-28 08:27:17", "elapsed": 120.686813, "delta": 1.031998}}
{"target": -17.48172853865188, "params": {"eta": 0.4375408116559218, "max_depth": 13.093692414160754, "n_estimators": 72.0424060894741}, "datetime": {"datetime": "2021-09-28 08:27:18", "elapsed": 121.51096, "delta": 0.824147}}
{"target": -15.868979294718672, "params": {"eta": 0.1506373931023945, "max_depth": 10.74538781142879, "n_estimators": 36.15267673532372}, "datetime": {"datetime": "2021-09-28 08:27:19", "elapsed": 122.575958, "delta": 1.064998}}
{"target": -16.661335516504284, "params": {"eta": 0.19097353751795448, "max_depth": 10.363258002195272, "n_estimators": 52.3852624567605}, "datetime": {"datetime": "2021-09-28 08:27:20", "elapsed": 123.533092, "delta": 0.957134}}
{"target": -17.252554332265127, "params": {"eta": 0.41113032081737133, "max_depth": 14.01825464542223, "n_estimators": 55.44388632334095}, "datetime": {"datetime": "2021-09-28 08:27:21", "elapsed": 124.524092, "delta": 0.991}}
{"target": -16.740025368309205, "params": {"eta": 0.18917919013804563, "max_depth": 12.305608694423011, "n_estimators": 39.466493369428335}, "datetime": {"datetime": "2021-09-28 08:27:22", "elapsed": 125.463094, "delta": 0.939002}}
{"target": -20.052547559804886, "params": {"eta": 0.4822727663714387, "max_depth": 10.786688969466224, "n_estimators": 67.04852054310226}, "datetime": {"datetime": "2021-09-28 08:27:22", "elapsed": 126.230633, "delta": 0.767539}}
{"target": -15.728590243901444, "params": {"eta": 0.09556061579992974, "max_depth": 13.482597978757878, "n_estimators": 33.92605011076068}, "datetime": {"datetime": "2021-09-28 08:27:23", "elapsed": 127.16963, "delta": 0.938997}}
{"target": -17.426108056712273, "params": {"eta": 0.42974493616166404, "max_depth": 11.765642526519423, "n_estimators": 71.92188941665259}, "datetime": {"datetime": "2021-09-28 08:27:24", "elapsed": 127.968324, "delta": 0.798694}}
{"target": -17.320148205504893, "params": {"eta": 0.43339830792518547, "max_depth": 13.679335675118029, "n_estimators": 85.84309862753443}, "datetime": {"datetime": "2021-09-28 08:27:25", "elapsed": 128.960327, "delta": 0.992003}}
{"target": -17.188646606324706, "params": {"eta": 0.18198479501221737, "max_depth": 13.245218842672477, "n_estimators": 63.159742228977144}, "datetime": {"datetime": "2021-09-28 08:27:26", "elapsed": 129.920232, "delta": 0.959905}}
{"target": -16.76669989630598, "params": {"eta": 0.15895460397315106, "max_depth": 14.203899833905899, "n_estimators": 84.79738678101455}, "datetime": {"datetime": "2021-09-28 08:27:27", "elapsed": 131.165232, "delta": 1.245}}
{"target": -18.713787862358704, "params": {"eta": 0.44857238493707796, "max_depth": 13.255174995478427, "n_estimators": 63.636789743173466}, "datetime": {"datetime": "2021-09-28 08:27:28", "elapsed": 132.323459, "delta": 1.158227}}
{"target": -16.168503622856065, "params": {"eta": 0.3394624094178103, "max_depth": 12.554575629722425, "n_estimators": 45.45034588065298}, "datetime": {"datetime": "2021-09-28 08:27:30", "elapsed": 133.454595, "delta": 1.131136}}
{"target": -15.702995155041693, "params": {"eta": 0.10267101173735761, "max_depth": 10.30728577687515, "n_estimators": 34.01389002821146}, "datetime": {"datetime": "2021-09-28 08:27:30", "elapsed": 134.21591, "delta": 0.761315}}
{"target": -17.126022391276766, "params": {"eta": 0.3356712537003336, "max_depth": 12.572858859364146, "n_estimators": 45.54117153562966}, "datetime": {"datetime": "2021-09-28 08:27:31", "elapsed": 135.226908, "delta": 1.010998}}
{"target": -16.070576667173402, "params": {"eta": 0.10894030133999706, "max_depth": 11.11793722886056, "n_estimators": 35.99549656922576}, "datetime": {"datetime": "2021-09-28 08:27:32", "elapsed": 136.238066, "delta": 1.011158}}
{"target": -16.294497575532294, "params": {"eta": 0.37943501983500244, "max_depth": 11.4908353202795, "n_estimators": 46.03979423065421}, "datetime": {"datetime": "2021-09-28 08:27:33", "elapsed": 137.274072, "delta": 1.036006}}
{"target": -17.546215279043157, "params": {"eta": 0.299691933211822, "max_depth": 12.58106024291569, "n_estimators": 45.47106547079701}, "datetime": {"datetime": "2021-09-28 08:27:34", "elapsed": 138.425265, "delta": 1.151193}}
{"target": -16.72195173202059, "params": {"eta": 0.13326716191330407, "max_depth": 12.287922209753427, "n_estimators": 69.36291024046619}, "datetime": {"datetime": "2021-09-28 08:27:36", "elapsed": 139.67415, "delta": 1.248885}}
{"target": -17.54607333755864, "params": {"eta": 0.4102016012902036, "max_depth": 14.088012375996385, "n_estimators": 40.36817037515955}, "datetime": {"datetime": "2021-09-28 08:27:37", "elapsed": 140.710148, "delta": 1.035998}}
{"target": -17.16246573187901, "params": {"eta": 0.16784261617020607, "max_depth": 12.199197069624597, "n_estimators": 68.26732046887244}, "datetime": {"datetime": "2021-09-28 08:27:38", "elapsed": 141.723349, "delta": 1.013201}}
{"target": -16.56999593907933, "params": {"eta": 0.1081253824167901, "max_depth": 10.918443138567419, "n_estimators": 36.056380604940976}, "datetime": {"datetime": "2021-09-28 08:27:39", "elapsed": 143.074349, "delta": 1.351}}
{"target": -16.736385429311078, "params": {"eta": 0.24178157218238366, "max_depth": 14.301470193998021, "n_estimators": 46.73867223950191}, "datetime": {"datetime": "2021-09-28 08:27:40", "elapsed": 144.259495, "delta": 1.185146}}
{"target": -17.076176367858576, "params": {"eta": 0.229878118003344, "max_depth": 11.12180507864416, "n_estimators": 39.82008677688362}, "datetime": {"datetime": "2021-09-28 08:27:41", "elapsed": 145.092494, "delta": 0.832999}}
{"target": -17.963810004864715, "params": {"eta": 0.4230621523701049, "max_depth": 14.324969739276561, "n_estimators": 77.49862720064824}, "datetime": {"datetime": "2021-09-28 08:27:42", "elapsed": 146.142609, "delta": 1.050115}}
{"target": -17.0948520562114, "params": {"eta": 0.18007289947474914, "max_depth": 14.839641565340841, "n_estimators": 60.817846034837245}, "datetime": {"datetime": "2021-09-28 08:27:43", "elapsed": 147.204608, "delta": 1.061999}}
{"target": -17.379858236982773, "params": {"eta": 0.3931389911772776, "max_depth": 11.51313073475109, "n_estimators": 92.90580875604411}, "datetime": {"datetime": "2021-09-28 08:27:44", "elapsed": 148.190905, "delta": 0.986297}}
{"target": -17.782518252761864, "params": {"eta": 0.2646883559136168, "max_depth": 12.340162830856762, "n_estimators": 45.07943997943648}, "datetime": {"datetime": "2021-09-28 08:27:45", "elapsed": 149.101642, "delta": 0.910737}}
{"target": -16.802284083324444, "params": {"eta": 0.3844471292291759, "max_depth": 13.003386439835456, "n_estimators": 42.19951566500022}, "datetime": {"datetime": "2021-09-28 08:27:46", "elapsed": 150.060241, "delta": 0.958599}}
{"target": -15.29409231848712, "params": {"eta": 0.08013210202216418, "max_depth": 12.476596467434469, "n_estimators": 54.9234796889955}, "datetime": {"datetime": "2021-09-28 08:27:47", "elapsed": 150.919896, "delta": 0.859655}}
{"target": -16.280448706549887, "params": {"eta": 0.2123248156615566, "max_depth": 10.823314748348395, "n_estimators": 66.9526090218761}, "datetime": {"datetime": "2021-09-28 08:27:48", "elapsed": 152.120128, "delta": 1.200232}}
{"target": -16.3028144137865, "params": {"eta": 0.3778496117237283, "max_depth": 12.30570873682657, "n_estimators": 60.67296552896414}, "datetime": {"datetime": "2021-09-28 08:27:49", "elapsed": 153.034128, "delta": 0.914}}
{"target": -19.334975499983816, "params": {"eta": 0.4464192083216189, "max_depth": 11.220802292950538, "n_estimators": 74.8590636252369}, "datetime": {"datetime": "2021-09-28 08:27:50", "elapsed": 154.098997, "delta": 1.064869}}
{"target": -15.937982204182118, "params": {"eta": 0.0942898222129568, "max_depth": 12.458132651368926, "n_estimators": 54.87337179431917}, "datetime": {"datetime": "2021-09-28 08:27:51", "elapsed": 155.130001, "delta": 1.031004}}
