{"target": -92.61576024475232, "params": {"eta": 0.001, "max_depth": 4.04025007485253, "n_estimators": 51.41895117073731}, "datetime": {"datetime": "2021-09-27 21:09:41", "elapsed": 356.990094, "delta": 2.719643}}
{"target": -17.915402823328115, "params": {"eta": 0.4218691320204453, "max_depth": 3.867358642169026, "n_estimators": 46.222334444088155}, "datetime": {"datetime": "2021-09-27 21:09:44", "elapsed": 359.432674, "delta": 2.44258}}
{"target": -27.090673028838157, "params": {"eta": 0.9634151632425667, "max_depth": 16.737819537593396, "n_estimators": 77.72339176278277}, "datetime": {"datetime": "2021-09-27 21:09:46", "elapsed": 361.649754, "delta": 2.21708}}
{"target": -27.046205760915726, "params": {"eta": 1.0, "max_depth": 10.33831666277007, "n_estimators": 62.17035768985295}, "datetime": {"datetime": "2021-09-27 21:09:48", "elapsed": 363.822789, "delta": 2.173035}}
{"target": -26.94921223048434, "params": {"eta": 1.0, "max_depth": 24.28266372249497, "n_estimators": 146.28376070009742}, "datetime": {"datetime": "2021-09-27 21:09:51", "elapsed": 366.439294, "delta": 2.616505}}
{"target": -26.85529617271817, "params": {"eta": 1.0, "max_depth": 19.018880726038883, "n_estimators": 92.75475646695567}, "datetime": {"datetime": "2021-09-27 21:09:53", "elapsed": 368.742722, "delta": 2.303428}}
{"target": -26.05748791429891, "params": {"eta": 0.8581370174117372, "max_depth": 27.083392944658844, "n_estimators": 112.6282503122918}, "datetime": {"datetime": "2021-09-27 21:09:55", "elapsed": 371.260907, "delta": 2.518185}}
{"target": -27.408073060307814, "params": {"eta": 0.9204866126927032, "max_depth": 12.401971172483151, "n_estimators": 17.502131160893423}, "datetime": {"datetime": "2021-09-27 21:09:58", "elapsed": 373.605164, "delta": 2.344257}}
{"target": -22.147641230422508, "params": {"eta": 0.032139244995718616, "max_depth": 2.129469000312187, "n_estimators": 104.62316471331498}, "datetime": {"datetime": "2021-09-27 21:10:00", "elapsed": 375.626079, "delta": 2.020915}}
{"target": -85.24384551990154, "params": {"eta": 0.001, "max_depth": 3.165296821777439, "n_estimators": 133.29727474636573}, "datetime": {"datetime": "2021-09-27 21:10:02", "elapsed": 377.441359, "delta": 1.81528}}
{"target": -29.10431178790583, "params": {"eta": 0.895129572448722, "max_depth": 7.928271974751736, "n_estimators": 133.49202664094074}, "datetime": {"datetime": "2021-09-27 21:10:04", "elapsed": 379.577599, "delta": 2.13624}}
{"target": -24.60306736666251, "params": {"eta": 0.12437542966213658, "max_depth": 1.161422982545026, "n_estimators": 138.0465513494956}, "datetime": {"datetime": "2021-09-27 21:10:06", "elapsed": 381.963756, "delta": 2.386157}}
{"target": -76.15701905103822, "params": {"eta": 0.007277394748609884, "max_depth": 27.779980153374996, "n_estimators": 34.02776305442304}, "datetime": {"datetime": "2021-09-27 21:10:08", "elapsed": 384.172004, "delta": 2.208248}}
{"target": -20.789446760315897, "params": {"eta": 0.5638399504373084, "max_depth": 3.451600151195316, "n_estimators": 128.24228165620144}, "datetime": {"datetime": "2021-09-27 21:10:10", "elapsed": 386.24042, "delta": 2.068416}}
{"target": -25.43925490949752, "params": {"eta": 0.8214137408828021, "max_depth": 14.603689065795269, "n_estimators": 134.7927189422863}, "datetime": {"datetime": "2021-09-27 21:10:13", "elapsed": 388.415079, "delta": 2.174659}}
{"target": -29.23168143316554, "params": {"eta": 0.9552927945267451, "max_depth": 7.0974638292797465, "n_estimators": 137.25279888679344}, "datetime": {"datetime": "2021-09-27 21:10:15", "elapsed": 390.658148, "delta": 2.243069}}
{"target": -19.79727767551269, "params": {"eta": 0.24128985719907456, "max_depth": 14.866417306737969, "n_estimators": 183.92232412763494}, "datetime": {"datetime": "2021-09-27 21:10:18", "elapsed": 393.548769, "delta": 2.890621}}
{"target": -26.436437942465112, "params": {"eta": 0.9548250602158863, "max_depth": 17.670183556960417, "n_estimators": 138.0174302325454}, "datetime": {"datetime": "2021-09-27 21:10:21", "elapsed": 396.997806, "delta": 3.449037}}
{"target": -26.799932931439923, "params": {"eta": 1.0, "max_depth": 21.9837165327006, "n_estimators": 56.936225650387996}, "datetime": {"datetime": "2021-09-27 21:10:24", "elapsed": 399.786089, "delta": 2.788283}}
{"target": -27.138502055882118, "params": {"eta": 0.9652027952812283, "max_depth": 27.806631910200938, "n_estimators": 29.872676557348086}, "datetime": {"datetime": "2021-09-27 21:10:26", "elapsed": 402.311008, "delta": 2.524919}}
{"target": -26.985663355313662, "params": {"eta": 1.0, "max_depth": 30.0, "n_estimators": 197.55311055559778}, "datetime": {"datetime": "2021-09-27 21:10:29", "elapsed": 404.644676, "delta": 2.333668}}
{"target": -27.894367250975556, "params": {"eta": 0.9418780169896726, "max_depth": 19.216290421908646, "n_estimators": 109.78360700578109}, "datetime": {"datetime": "2021-09-27 21:10:31", "elapsed": 407.143001, "delta": 2.498325}}
{"target": -24.52130034814079, "params": {"eta": 0.0938698567819952, "max_depth": 1.1362515816599918, "n_estimators": 196.7263343085313}, "datetime": {"datetime": "2021-09-27 21:10:34", "elapsed": 409.885378, "delta": 2.742377}}
{"target": -28.725603924128475, "params": {"eta": 0.98827171131063, "max_depth": 20.47583272737498, "n_estimators": 80.44727249669108}, "datetime": {"datetime": "2021-09-27 21:10:36", "elapsed": 412.158007, "delta": 2.272629}}
{"target": -28.212238383561573, "params": {"eta": 1.0, "max_depth": 13.443141269066851, "n_estimators": 85.73961007982174}, "datetime": {"datetime": "2021-09-27 21:10:38", "elapsed": 413.991193, "delta": 1.833186}}
{"target": -21.815535983666027, "params": {"eta": 0.6337426481994322, "max_depth": 21.79400296292494, "n_estimators": 106.55957687804481}, "datetime": {"datetime": "2021-09-27 21:10:40", "elapsed": 415.88249, "delta": 1.891297}}
{"target": -22.90567794388076, "params": {"eta": 0.7519051908228487, "max_depth": 3.664445489434784, "n_estimators": 56.388859423907576}, "datetime": {"datetime": "2021-09-27 21:10:42", "elapsed": 417.902745, "delta": 2.020255}}
{"target": -18.71648967889166, "params": {"eta": 0.20022213981562906, "max_depth": 22.204889308216984, "n_estimators": 199.82341360352524}, "datetime": {"datetime": "2021-09-27 21:10:45", "elapsed": 420.382007, "delta": 2.479262}}
{"target": -26.985663355313662, "params": {"eta": 1.0, "max_depth": 30.0, "n_estimators": 37.32670018073612}, "datetime": {"datetime": "2021-09-27 21:10:47", "elapsed": 422.662771, "delta": 2.280764}}
{"target": -17.2748280206553, "params": {"eta": 0.4159233600880266, "max_depth": 9.814798290632805, "n_estimators": 33.24337920619011}, "datetime": {"datetime": "2021-09-27 21:10:49", "elapsed": 425.017984, "delta": 2.355213}}
{"target": -85.30352744611002, "params": {"eta": 0.001, "max_depth": 19.313912839535696, "n_estimators": 134.54260785505892}, "datetime": {"datetime": "2021-09-27 21:10:52", "elapsed": 428.033624, "delta": 3.01564}}
{"target": -25.286746628632944, "params": {"eta": 1.0, "max_depth": 6.994928414783801, "n_estimators": 32.9772592715296}, "datetime": {"datetime": "2021-09-27 21:10:55", "elapsed": 430.506405, "delta": 2.472781}}
{"target": -20.76212213149475, "params": {"eta": 0.5562903377257705, "max_depth": 19.069116661371762, "n_estimators": 180.5951549892992}, "datetime": {"datetime": "2021-09-27 21:10:58", "elapsed": 433.424755, "delta": 2.91835}}
{"target": -18.3589566027346, "params": {"eta": 0.14972268954933685, "max_depth": 17.214745717191416, "n_estimators": 171.9334901510224}, "datetime": {"datetime": "2021-09-27 21:11:01", "elapsed": 437.006002, "delta": 3.581247}}
{"target": -18.359005228369597, "params": {"eta": 0.08760494992689308, "max_depth": 27.883584177482923, "n_estimators": 167.40411868568557}, "datetime": {"datetime": "2021-09-27 21:11:05", "elapsed": 441.207361, "delta": 4.201359}}
{"target": -83.9499611540303, "params": {"eta": 0.001, "max_depth": 1.938666476204078, "n_estimators": 143.76637678652548}, "datetime": {"datetime": "2021-09-27 21:11:08", "elapsed": 444.078055, "delta": 2.870694}}
{"target": -26.76661106064792, "params": {"eta": 1.0, "max_depth": 5.1380426216323904, "n_estimators": 147.0128997518096}, "datetime": {"datetime": "2021-09-27 21:11:11", "elapsed": 446.807055, "delta": 2.729}}
{"target": -18.566598845796626, "params": {"eta": 0.10127406044411767, "max_depth": 3.0824400104001155, "n_estimators": 122.4562271618558}, "datetime": {"datetime": "2021-09-27 21:11:13", "elapsed": 449.047679, "delta": 2.240624}}
{"target": -28.130478449071994, "params": {"eta": 0.9023758924388569, "max_depth": 21.418461626380257, "n_estimators": 197.3058185739657}, "datetime": {"datetime": "2021-09-27 21:11:16", "elapsed": 452.162736, "delta": 3.115057}}
{"target": -85.81491367430534, "params": {"eta": 0.001, "max_depth": 16.940945461698128, "n_estimators": 128.50894704735202}, "datetime": {"datetime": "2021-09-27 21:11:19", "elapsed": 455.108405, "delta": 2.945669}}
{"target": -25.762077687132773, "params": {"eta": 0.7941304959873855, "max_depth": 18.59791631682467, "n_estimators": 85.22122688254349}, "datetime": {"datetime": "2021-09-27 21:11:22", "elapsed": 457.479014, "delta": 2.370609}}
{"target": -27.119892161732047, "params": {"eta": 1.0, "max_depth": 22.232896526893988, "n_estimators": 95.53455984591317}, "datetime": {"datetime": "2021-09-27 21:11:24", "elapsed": 459.829631, "delta": 2.350617}}
{"target": -19.576379422999075, "params": {"eta": 0.4952038448479784, "max_depth": 27.170817896064452, "n_estimators": 94.16661137343732}, "datetime": {"datetime": "2021-09-27 21:11:28", "elapsed": 463.821355, "delta": 3.991724}}
{"target": -17.0201099073674, "params": {"eta": 0.038916932575951496, "max_depth": 14.867360865210221, "n_estimators": 112.07632628796131}, "datetime": {"datetime": "2021-09-27 21:11:32", "elapsed": 467.605223, "delta": 3.783868}}
{"target": -17.21269749625475, "params": {"eta": 0.0314005361682824, "max_depth": 7.076843613340094, "n_estimators": 130.49144506818746}, "datetime": {"datetime": "2021-09-27 21:11:34", "elapsed": 470.073188, "delta": 2.467965}}
{"target": -18.21583453386807, "params": {"eta": 0.18037055475296115, "max_depth": 9.559040742755455, "n_estimators": 127.29045122136867}, "datetime": {"datetime": "2021-09-27 21:11:37", "elapsed": 473.057973, "delta": 2.984785}}
{"target": -85.35597178362616, "params": {"eta": 0.001, "max_depth": 1.0, "n_estimators": 127.30470727310961}, "datetime": {"datetime": "2021-09-27 21:11:40", "elapsed": 475.767048, "delta": 2.709075}}
{"target": -25.084659668302884, "params": {"eta": 0.7496675079331901, "max_depth": 29.98486501070328, "n_estimators": 158.13335056577938}, "datetime": {"datetime": "2021-09-27 21:11:43", "elapsed": 478.77562, "delta": 3.008572}}
{"target": -26.238864009948415, "params": {"eta": 0.8283395730319594, "max_depth": 27.28564609998234, "n_estimators": 177.19316170979113}, "datetime": {"datetime": "2021-09-27 21:11:47", "elapsed": 482.669728, "delta": 3.894108}}
{"target": -20.48785034336964, "params": {"eta": 0.502463414270478, "max_depth": 3.114501395746048, "n_estimators": 17.455769649661356}, "datetime": {"datetime": "2021-09-27 21:11:49", "elapsed": 484.929968, "delta": 2.26024}}
{"target": -25.42241404180592, "params": {"eta": 0.7591433294764944, "max_depth": 4.768801391974749, "n_estimators": 130.06522116656137}, "datetime": {"datetime": "2021-09-27 21:11:52", "elapsed": 488.090458, "delta": 3.16049}}
{"target": -29.277722992032114, "params": {"eta": 0.9764446707674003, "max_depth": 27.71520617791202, "n_estimators": 160.36550328219545}, "datetime": {"datetime": "2021-09-27 21:11:55", "elapsed": 490.763292, "delta": 2.672834}}
{"target": -18.047577685045436, "params": {"eta": 0.1558021472145683, "max_depth": 9.518314771832038, "n_estimators": 171.01875029778026}, "datetime": {"datetime": "2021-09-27 21:11:59", "elapsed": 494.665423, "delta": 3.902131}}
{"target": -23.133378482470228, "params": {"eta": 0.5759431629299994, "max_depth": 16.23582543370706, "n_estimators": 181.17746477072194}, "datetime": {"datetime": "2021-09-27 21:12:02", "elapsed": 498.212525, "delta": 3.547102}}
{"target": -26.412980361451332, "params": {"eta": 1.0, "max_depth": 18.050120242496856, "n_estimators": 123.94999492335853}, "datetime": {"datetime": "2021-09-27 21:12:05", "elapsed": 500.838747, "delta": 2.626222}}
{"target": -82.95621190125146, "params": {"eta": 0.001, "max_depth": 11.330815323051317, "n_estimators": 162.721705876515}, "datetime": {"datetime": "2021-09-27 21:12:09", "elapsed": 504.506531, "delta": 3.667784}}
{"target": -17.26767253916899, "params": {"eta": 0.02533056020711008, "max_depth": 7.172116940535366, "n_estimators": 164.16101311719606}, "datetime": {"datetime": "2021-09-27 21:12:11", "elapsed": 507.100139, "delta": 2.593608}}
{"target": -19.28783802880582, "params": {"eta": 0.3014858853759639, "max_depth": 7.387977618618901, "n_estimators": 160.85939408832263}, "datetime": {"datetime": "2021-09-27 21:12:15", "elapsed": 511.063267, "delta": 3.963128}}
{"target": -27.486033215208867, "params": {"eta": 0.9954542024752586, "max_depth": 15.321922591827859, "n_estimators": 160.1399520084413}, "datetime": {"datetime": "2021-09-27 21:12:19", "elapsed": 515.003627, "delta": 3.94036}}
{"target": -21.725156716765316, "params": {"eta": 0.01463276993006343, "max_depth": 20.55374439026337, "n_estimators": 125.49808937120386}, "datetime": {"datetime": "2021-09-27 21:12:23", "elapsed": 518.367575, "delta": 3.363948}}
{"target": -82.38011809952405, "params": {"eta": 0.001, "max_depth": 7.141805231793331, "n_estimators": 169.76539134423373}, "datetime": {"datetime": "2021-09-27 21:12:26", "elapsed": 521.461876, "delta": 3.094301}}
{"target": -27.237817527177867, "params": {"eta": 1.0, "max_depth": 12.998747142963941, "n_estimators": 80.64806261054368}, "datetime": {"datetime": "2021-09-27 21:12:28", "elapsed": 524.168405, "delta": 2.706529}}
{"target": -28.646330893270527, "params": {"eta": 0.9156495650066271, "max_depth": 11.023854062490594, "n_estimators": 171.27163182922925}, "datetime": {"datetime": "2021-09-27 21:12:32", "elapsed": 527.624962, "delta": 3.456557}}
{"target": -23.21286337915169, "params": {"eta": 0.5845269213512855, "max_depth": 15.235748725048078, "n_estimators": 137.83824379390217}, "datetime": {"datetime": "2021-09-27 21:12:35", "elapsed": 531.336221, "delta": 3.711259}}
{"target": -26.985663355313662, "params": {"eta": 1.0, "max_depth": 30.0, "n_estimators": 162.53475796650514}, "datetime": {"datetime": "2021-09-27 21:12:38", "elapsed": 534.167554, "delta": 2.831333}}
{"target": -81.97256315792607, "params": {"eta": 0.001, "max_depth": 9.980623307701096, "n_estimators": 174.80765723299342}, "datetime": {"datetime": "2021-09-27 21:12:41", "elapsed": 537.000225, "delta": 2.832671}}
{"target": -27.11537407763754, "params": {"eta": 1.0, "max_depth": 23.224644785581212, "n_estimators": 110.61096050994624}, "datetime": {"datetime": "2021-09-27 21:12:44", "elapsed": 539.830627, "delta": 2.830402}}
{"target": -27.9974457323261, "params": {"eta": 0.8842581295782986, "max_depth": 21.914982102757442, "n_estimators": 39.90545618164759}, "datetime": {"datetime": "2021-09-27 21:12:46", "elapsed": 542.287783, "delta": 2.457156}}
{"target": -27.237817527177867, "params": {"eta": 1.0, "max_depth": 12.965371550944505, "n_estimators": 112.8506762539465}, "datetime": {"datetime": "2021-09-27 21:12:50", "elapsed": 546.156318, "delta": 3.868535}}
{"target": -81.72926814480138, "params": {"eta": 0.001, "max_depth": 13.83453066291616, "n_estimators": 177.8938287742717}, "datetime": {"datetime": "2021-09-27 21:12:54", "elapsed": 549.39447, "delta": 3.238152}}
{"target": -26.93798641592847, "params": {"eta": 1.0, "max_depth": 17.011114860991754, "n_estimators": 113.78794377666316}, "datetime": {"datetime": "2021-09-27 21:12:56", "elapsed": 552.122215, "delta": 2.727745}}
{"target": -22.38239781393683, "params": {"eta": 0.7178993186271637, "max_depth": 18.128935198420564, "n_estimators": 178.37687030271755}, "datetime": {"datetime": "2021-09-27 21:12:59", "elapsed": 554.88577, "delta": 2.763555}}
{"target": -57.049557199365495, "params": {"eta": 0.044448332321897537, "max_depth": 12.55706487091932, "n_estimators": 12.257077840566707}, "datetime": {"datetime": "2021-09-27 21:13:03", "elapsed": 558.394964, "delta": 3.509194}}
{"target": -18.501160709454705, "params": {"eta": 0.3660468579826733, "max_depth": 16.516282335884096, "n_estimators": 12.907690038391017}, "datetime": {"datetime": "2021-09-27 21:13:05", "elapsed": 560.569277, "delta": 2.174313}}
{"target": -23.52396652555015, "params": {"eta": 0.7176503250607178, "max_depth": 16.271712135048872, "n_estimators": 10.910364907650235}, "datetime": {"datetime": "2021-09-27 21:13:08", "elapsed": 563.467818, "delta": 2.898541}}
{"target": -26.240932180214564, "params": {"eta": 0.9565817549949267, "max_depth": 14.686110114713086, "n_estimators": 33.309315115881844}, "datetime": {"datetime": "2021-09-27 21:13:11", "elapsed": 566.897593, "delta": 3.429775}}
{"target": -25.218811888582138, "params": {"eta": 0.738363709619532, "max_depth": 7.762660256660442, "n_estimators": 17.83701501802059}, "datetime": {"datetime": "2021-09-27 21:13:14", "elapsed": 570.093397, "delta": 3.195804}}
{"target": -26.12249338132498, "params": {"eta": 0.9075735149226108, "max_depth": 7.790870728971852, "n_estimators": 59.8530256036612}, "datetime": {"datetime": "2021-09-27 21:13:18", "elapsed": 573.510272, "delta": 3.416875}}
{"target": -18.782265086289225, "params": {"eta": 0.26263045926908707, "max_depth": 18.026892531385453, "n_estimators": 168.26362080531106}, "datetime": {"datetime": "2021-09-27 21:13:22", "elapsed": 577.522763, "delta": 4.012491}}
{"target": -23.184239008730934, "params": {"eta": 0.7022383707997839, "max_depth": 13.81936765346462, "n_estimators": 30.303704514674894}, "datetime": {"datetime": "2021-09-27 21:13:25", "elapsed": 580.729352, "delta": 3.206589}}
{"target": -26.985663355313662, "params": {"eta": 1.0, "max_depth": 30.0, "n_estimators": 22.101397702194983}, "datetime": {"datetime": "2021-09-27 21:13:28", "elapsed": 584.222558, "delta": 3.493206}}
{"target": -77.21666504442129, "params": {"eta": 0.0014036810981319352, "max_depth": 20.89406404765089, "n_estimators": 167.97562971934872}, "datetime": {"datetime": "2021-09-27 21:13:32", "elapsed": 588.339026, "delta": 4.116468}}
{"target": -19.067226377579143, "params": {"eta": 0.4458990469920043, "max_depth": 23.459246321064875, "n_estimators": 170.71582292079688}, "datetime": {"datetime": "2021-09-27 21:13:36", "elapsed": 592.084226, "delta": 3.7452}}
{"target": -25.60502211410338, "params": {"eta": 0.7896362580804501, "max_depth": 24.35219387306861, "n_estimators": 168.74741056102567}, "datetime": {"datetime": "2021-09-27 21:13:40", "elapsed": 596.159497, "delta": 4.075271}}
{"target": -27.884698064140327, "params": {"eta": 0.8481743172203561, "max_depth": 17.57355930937118, "n_estimators": 170.1961794493905}, "datetime": {"datetime": "2021-09-27 21:13:43", "elapsed": 598.860768, "delta": 2.701271}}
{"target": -26.85529617271817, "params": {"eta": 1.0, "max_depth": 19.03962796964907, "n_estimators": 42.027926242697184}, "datetime": {"datetime": "2021-09-27 21:13:46", "elapsed": 602.070673, "delta": 3.209905}}
{"target": -80.60513174689366, "params": {"eta": 0.010548397296034934, "max_depth": 10.128798055943944, "n_estimators": 18.688961279375068}, "datetime": {"datetime": "2021-09-27 21:13:50", "elapsed": 605.527519, "delta": 3.456846}}
{"target": -18.120364020229392, "params": {"eta": 0.16114146640870636, "max_depth": 13.441339041538377, "n_estimators": 21.034190827981078}, "datetime": {"datetime": "2021-09-27 21:13:54", "elapsed": 609.39996, "delta": 3.872441}}
{"target": -27.953888115362158, "params": {"eta": 1.0, "max_depth": 7.51680897649354, "n_estimators": 162.6605438699615}, "datetime": {"datetime": "2021-09-27 21:13:58", "elapsed": 614.341342, "delta": 4.941382}}
{"target": -21.24539550879637, "params": {"eta": 0.6197167139694536, "max_depth": 7.085617764741846, "n_estimators": 20.824997404649803}, "datetime": {"datetime": "2021-09-27 21:14:03", "elapsed": 618.783993, "delta": 4.442651}}
{"target": -26.180452917653763, "params": {"eta": 0.8455135452652214, "max_depth": 9.279494304374408, "n_estimators": 15.020631944743421}, "datetime": {"datetime": "2021-09-27 21:14:07", "elapsed": 622.817044, "delta": 4.033051}}
{"target": -19.03877334123406, "params": {"eta": 0.29099605444363774, "max_depth": 10.987175661981805, "n_estimators": 21.78271263365037}, "datetime": {"datetime": "2021-09-27 21:14:11", "elapsed": 627.185645, "delta": 4.368601}}
{"target": -21.81344941880067, "params": {"eta": 0.6653548386597079, "max_depth": 8.233273505927311, "n_estimators": 128.64464438309034}, "datetime": {"datetime": "2021-09-27 21:14:15", "elapsed": 630.485529, "delta": 3.299884}}
{"target": -26.982682496982953, "params": {"eta": 1.0, "max_depth": 27.618525677832793, "n_estimators": 165.0301913127499}, "datetime": {"datetime": "2021-09-27 21:14:18", "elapsed": 633.783278, "delta": 3.297749}}
{"target": -22.394802074843135, "params": {"eta": 0.7008262253412895, "max_depth": 5.148100322671227, "n_estimators": 122.85847015757142}, "datetime": {"datetime": "2021-09-27 21:14:22", "elapsed": 637.377973, "delta": 3.594695}}
{"target": -18.32142609043137, "params": {"eta": 0.1408447339441307, "max_depth": 21.453033129183932, "n_estimators": 93.44380814200932}, "datetime": {"datetime": "2021-09-27 21:14:26", "elapsed": 641.618053, "delta": 4.24008}}
{"target": -18.790985581630338, "params": {"eta": 0.33732700449703534, "max_depth": 11.239190218771672, "n_estimators": 31.671733504181898}, "datetime": {"datetime": "2021-09-27 21:14:29", "elapsed": 644.734049, "delta": 3.115996}}
{"target": -19.294336545789946, "params": {"eta": 0.3021997106879178, "max_depth": 18.3483517374584, "n_estimators": 75.93987968688396}, "datetime": {"datetime": "2021-09-27 21:14:33", "elapsed": 649.303825, "delta": 4.569776}}
