{"target": -16.661372324746843, "params": {"eta": 0.37895198479567627, "max_depth": 16.63701547356231, "n_estimators": 56.60741843724485}, "datetime": {"datetime": "2021-09-27 21:23:29", "elapsed": 968.043308, "delta": 6.149351}}
{"target": -44.07922357949619, "params": {"eta": 0.056884014990553254, "max_depth": 17.799983424456155, "n_estimators": 14.711202164592333}, "datetime": {"datetime": "2021-09-27 21:23:32", "elapsed": 970.801572, "delta": 2.758264}}
{"target": -25.825469868012213, "params": {"eta": 0.8346785340825529, "max_depth": 24.52609593639278, "n_estimators": 47.14908736121805}, "datetime": {"datetime": "2021-09-27 21:23:35", "elapsed": 974.134537, "delta": 3.332965}}
{"target": -24.389835458017686, "params": {"eta": 0.8672855053251546, "max_depth": 7.4817524974633, "n_estimators": 94.80585254926521}, "datetime": {"datetime": "2021-09-27 21:23:38", "elapsed": 977.241735, "delta": 3.107198}}
{"target": -17.23971173073898, "params": {"eta": 0.28474939953071843, "max_depth": 12.152117957021575, "n_estimators": 93.4906610322012}, "datetime": {"datetime": "2021-09-27 21:23:44", "elapsed": 982.811497, "delta": 5.569762}}
{"target": -16.859890965276936, "params": {"eta": 0.04814858469925365, "max_depth": 22.531962543115593, "n_estimators": 51.84170244331131}, "datetime": {"datetime": "2021-09-27 21:23:50", "elapsed": 988.545377, "delta": 5.73388}}
{"target": -27.3891993469617, "params": {"eta": 0.5189503850970301, "max_depth": 3.3396181331664136, "n_estimators": 2.1796345511001998}, "datetime": {"datetime": "2021-09-27 21:23:53", "elapsed": 991.452537, "delta": 2.90716}}
{"target": -18.544764805869654, "params": {"eta": 0.44772557822256676, "max_depth": 12.411512341657629, "n_estimators": 93.99737630312399}, "datetime": {"datetime": "2021-09-27 21:23:59", "elapsed": 997.428523, "delta": 5.975986}}
{"target": -16.939596248725927, "params": {"eta": 0.23243683914581023, "max_depth": 18.596641954306882, "n_estimators": 13.510379344341619}, "datetime": {"datetime": "2021-09-27 21:24:01", "elapsed": 1000.170565, "delta": 2.742042}}
{"target": -22.44543793974819, "params": {"eta": 0.03791980981712812, "max_depth": 19.32049104399463, "n_estimators": 44.27359465041773}, "datetime": {"datetime": "2021-09-27 21:24:05", "elapsed": 1003.408404, "delta": 3.237839}}
{"target": -21.807619284128766, "params": {"eta": 0.5851620163591722, "max_depth": 2.025241990462952, "n_estimators": 19.660486849998254}, "datetime": {"datetime": "2021-09-27 21:24:08", "elapsed": 1006.541881, "delta": 3.133477}}
{"target": -40.07339106112126, "params": {"eta": 0.021047644092210997, "max_depth": 29.31456962360712, "n_estimators": 44.91992593411074}, "datetime": {"datetime": "2021-09-27 21:24:13", "elapsed": 1011.910723, "delta": 5.368842}}
{"target": -92.84472487994864, "params": {"eta": 0.001, "max_depth": 22.547835093699906, "n_estimators": 49.19442269730721}, "datetime": {"datetime": "2021-09-27 21:24:21", "elapsed": 1019.662407, "delta": 7.751684}}
{"target": -20.13620880851666, "params": {"eta": 0.5076787470379245, "max_depth": 6.984690837425548, "n_estimators": 80.61489222251404}, "datetime": {"datetime": "2021-09-27 21:24:27", "elapsed": 1025.945957, "delta": 6.28355}}
{"target": -24.777356078303427, "params": {"eta": 0.8197060275956126, "max_depth": 22.926493897451945, "n_estimators": 43.45000998092684}, "datetime": {"datetime": "2021-09-27 21:24:31", "elapsed": 1029.566493, "delta": 3.620536}}
{"target": -17.360230185880337, "params": {"eta": 0.12655803589405798, "max_depth": 5.375328077894447, "n_estimators": 82.47234418384215}, "datetime": {"datetime": "2021-09-27 21:24:36", "elapsed": 1035.219257, "delta": 5.652764}}
{"target": -16.236064873096495, "params": {"eta": 0.4407499487391848, "max_depth": 23.09226365578908, "n_estimators": 52.02098938147776}, "datetime": {"datetime": "2021-09-27 21:24:42", "elapsed": 1040.476278, "delta": 5.257021}}
{"target": -88.89183711170038, "params": {"eta": 0.001, "max_depth": 11.63192701804536, "n_estimators": 93.5154698960103}, "datetime": {"datetime": "2021-09-27 21:24:46", "elapsed": 1044.528399, "delta": 4.052121}}
{"target": -17.29122011035951, "params": {"eta": 0.44290210929085805, "max_depth": 22.14359339594305, "n_estimators": 48.67085675946192}, "datetime": {"datetime": "2021-09-27 21:24:53", "elapsed": 1051.321338, "delta": 6.792939}}
{"target": -18.21877037845781, "params": {"eta": 0.4505420485782633, "max_depth": 4.6297766345542275, "n_estimators": 82.08081398098228}, "datetime": {"datetime": "2021-09-27 21:24:59", "elapsed": 1058.050744, "delta": 6.729406}}
{"target": -17.07466879633243, "params": {"eta": 0.1208171466406478, "max_depth": 11.651802435594696, "n_estimators": 48.379988105208376}, "datetime": {"datetime": "2021-09-27 21:25:03", "elapsed": 1061.579518, "delta": 3.528774}}
{"target": -19.90566855089045, "params": {"eta": 0.518149920815612, "max_depth": 10.740245432506969, "n_estimators": 84.18255464142986}, "datetime": {"datetime": "2021-09-27 21:25:06", "elapsed": 1065.02823, "delta": 3.448712}}
{"target": -19.354864829615636, "params": {"eta": 0.5553864331710568, "max_depth": 14.443143928255358, "n_estimators": 33.58916172914907}, "datetime": {"datetime": "2021-09-27 21:25:10", "elapsed": 1069.29669, "delta": 4.26846}}
{"target": -15.61602591910545, "params": {"eta": 0.20755396498203557, "max_depth": 24.180747623628175, "n_estimators": 53.83404944859588}, "datetime": {"datetime": "2021-09-27 21:25:17", "elapsed": 1076.273584, "delta": 6.976894}}
{"target": -17.8028116886298, "params": {"eta": 0.24670240519980086, "max_depth": 12.678510803362261, "n_estimators": 93.46447118883555}, "datetime": {"datetime": "2021-09-27 21:25:26", "elapsed": 1084.946021, "delta": 8.672437}}
{"target": -17.226083319757805, "params": {"eta": 0.23306099645311015, "max_depth": 21.740491624800164, "n_estimators": 60.67357423109274}, "datetime": {"datetime": "2021-09-27 21:38:09", "elapsed": 0.0, "delta": 0.0}}
{"target": -16.73213557704368, "params": {"eta": 0.23160677770885182, "max_depth": 13.285989180828237, "n_estimators": 64.94351719359895}, "datetime": {"datetime": "2021-09-27 21:38:10", "elapsed": 0.510002, "delta": 0.510002}}
{"target": -16.429853667314255, "params": {"eta": 0.19190726816719622, "max_depth": 26.861417022680314, "n_estimators": 96.4026132896019}, "datetime": {"datetime": "2021-09-27 21:38:11", "elapsed": 1.739597, "delta": 1.229595}}
{"target": -16.973909746446747, "params": {"eta": 0.17187336196553774, "max_depth": 23.960026104397272, "n_estimators": 53.360597055537546}, "datetime": {"datetime": "2021-09-27 21:38:11", "elapsed": 2.255741, "delta": 0.516144}}
{"target": -18.36734061038729, "params": {"eta": 0.24017648760475496, "max_depth": 27.84230251048717, "n_estimators": 8.032569761590807}, "datetime": {"datetime": "2021-09-27 21:38:12", "elapsed": 2.690743, "delta": 0.435002}}
{"target": -16.964359882725162, "params": {"eta": 0.19058531404189316, "max_depth": 13.689266314846815, "n_estimators": 86.62131089857593}, "datetime": {"datetime": "2021-09-27 21:38:13", "elapsed": 4.286743, "delta": 1.596}}
{"target": -15.836970469002265, "params": {"eta": 0.11520687415532557, "max_depth": 28.768005864334125, "n_estimators": 38.94163862990509}, "datetime": {"datetime": "2021-09-27 21:38:14", "elapsed": 4.671738, "delta": 0.384995}}
{"target": -15.570814079168027, "params": {"eta": 0.08190432938390857, "max_depth": 27.719085752373672, "n_estimators": 38.975319486733405}, "datetime": {"datetime": "2021-09-27 21:38:14", "elapsed": 4.978742, "delta": 0.307004}}
{"target": -34.78445733034357, "params": {"eta": 0.03, "max_depth": 23.780946161877264, "n_estimators": 36.44747659652252}, "datetime": {"datetime": "2021-09-27 21:38:15", "elapsed": 5.670962, "delta": 0.69222}}
{"target": -16.669372108640577, "params": {"eta": 0.3421303880204297, "max_depth": 27.790430959733882, "n_estimators": 42.29356175065114}, "datetime": {"datetime": "2021-09-27 21:38:16", "elapsed": 6.686965, "delta": 1.016003}}
{"target": -16.74445481332387, "params": {"eta": 0.23095230299805697, "max_depth": 17.247112157064723, "n_estimators": 62.84092427447407}, "datetime": {"datetime": "2021-09-27 21:38:17", "elapsed": 7.974089, "delta": 1.287124}}
{"target": -15.347647205869636, "params": {"eta": 0.16280709065210172, "max_depth": 13.231789935000219, "n_estimators": 60.16106944943146}, "datetime": {"datetime": "2021-09-27 21:38:18", "elapsed": 8.984218, "delta": 1.010129}}
{"target": -16.757439309816416, "params": {"eta": 0.1461902528468058, "max_depth": 16.539354184529092, "n_estimators": 57.910498599990405}, "datetime": {"datetime": "2021-09-27 21:38:19", "elapsed": 10.182497, "delta": 1.198279}}
{"target": -16.87591920887698, "params": {"eta": 0.1415093447171754, "max_depth": 9.488392727479326, "n_estimators": 61.73443048458585}, "datetime": {"datetime": "2021-09-27 21:38:20", "elapsed": 11.209496, "delta": 1.026999}}
{"target": -16.596682421211618, "params": {"eta": 0.4, "max_depth": 11.410805095673535, "n_estimators": 56.649993255269045}, "datetime": {"datetime": "2021-09-27 21:38:22", "elapsed": 12.733682, "delta": 1.524186}}
{"target": -16.32261020767842, "params": {"eta": 0.3775241873786035, "max_depth": 22.891196290371767, "n_estimators": 93.79117487660251}, "datetime": {"datetime": "2021-09-27 21:38:23", "elapsed": 13.799346, "delta": 1.065664}}
{"target": -16.258252026198345, "params": {"eta": 0.10500696706995728, "max_depth": 22.605811378159856, "n_estimators": 98.55600930754972}, "datetime": {"datetime": "2021-09-27 21:38:25", "elapsed": 15.94785, "delta": 2.148504}}
{"target": -16.81472451154294, "params": {"eta": 0.34830529832203405, "max_depth": 18.53433257877612, "n_estimators": 96.42179669742359}, "datetime": {"datetime": "2021-09-27 21:38:26", "elapsed": 17.136846, "delta": 1.188996}}
{"target": -15.742210662269116, "params": {"eta": 0.32306268859348763, "max_depth": 26.792623468912062, "n_estimators": 90.93130920351436}, "datetime": {"datetime": "2021-09-27 21:38:27", "elapsed": 18.327846, "delta": 1.191}}
{"target": -16.21523431884084, "params": {"eta": 0.03, "max_depth": 23.109398214166713, "n_estimators": 88.81804596709965}, "datetime": {"datetime": "2021-09-27 21:38:29", "elapsed": 20.36969, "delta": 2.041844}}
{"target": -16.485967804687178, "params": {"eta": 0.4, "max_depth": 27.367785665983572, "n_estimators": 86.61952810612885}, "datetime": {"datetime": "2021-09-27 21:38:30", "elapsed": 21.356685, "delta": 0.986995}}
{"target": -15.893742578428485, "params": {"eta": 0.03, "max_depth": 30.0, "n_estimators": 93.19896884221961}, "datetime": {"datetime": "2021-09-27 21:38:32", "elapsed": 22.756362, "delta": 1.399677}}
{"target": -17.617194025606466, "params": {"eta": 0.2797223940093319, "max_depth": 18.149555283842425, "n_estimators": 90.6862077086678}, "datetime": {"datetime": "2021-09-27 21:38:33", "elapsed": 23.911609, "delta": 1.155247}}
{"target": -15.817287792039455, "params": {"eta": 0.05131605276865381, "max_depth": 22.6991968870436, "n_estimators": 83.74606222136727}, "datetime": {"datetime": "2021-09-27 21:38:34", "elapsed": 25.077667, "delta": 1.166058}}
{"target": -16.72033482145662, "params": {"eta": 0.03, "max_depth": 26.265472712054205, "n_estimators": 81.15349253093079}, "datetime": {"datetime": "2021-09-27 21:38:36", "elapsed": 26.872338, "delta": 1.794671}}
{"target": -16.49970160294363, "params": {"eta": 0.4, "max_depth": 20.49867732602965, "n_estimators": 79.92370554136966}, "datetime": {"datetime": "2021-09-27 21:38:38", "elapsed": 28.646674, "delta": 1.774336}}
{"target": -16.88850975219593, "params": {"eta": 0.18718430933181657, "max_depth": 18.56627372647071, "n_estimators": 84.60395310557345}, "datetime": {"datetime": "2021-09-27 21:38:39", "elapsed": 30.088571, "delta": 1.441897}}
{"target": -15.57621252722977, "params": {"eta": 0.03, "max_depth": 30.0, "n_estimators": 100.0}, "datetime": {"datetime": "2021-09-27 21:38:41", "elapsed": 31.676829, "delta": 1.588258}}
{"target": -17.47899477909762, "params": {"eta": 0.03, "max_depth": 23.85472491653369, "n_estimators": 75.57332258385229}, "datetime": {"datetime": "2021-09-27 21:38:42", "elapsed": 32.794832, "delta": 1.118003}}
{"target": -17.396443516689235, "params": {"eta": 0.2545954902941994, "max_depth": 26.23452442771425, "n_estimators": 99.98386415562734}, "datetime": {"datetime": "2021-09-27 21:38:43", "elapsed": 34.332141, "delta": 1.537309}}
{"target": -16.903865975892572, "params": {"eta": 0.03, "max_depth": 14.901179118337133, "n_estimators": 79.1303293359523}, "datetime": {"datetime": "2021-09-27 21:38:44", "elapsed": 35.331813, "delta": 0.999672}}
{"target": -15.839242867803636, "params": {"eta": 0.08903150684178791, "max_depth": 29.97172727814319, "n_estimators": 89.33136923356786}, "datetime": {"datetime": "2021-09-27 21:38:46", "elapsed": 37.137207, "delta": 1.805394}}
{"target": -24.663509097508783, "params": {"eta": 0.03, "max_depth": 14.835026748658159, "n_estimators": 51.08139209610098}, "datetime": {"datetime": "2021-09-27 21:38:47", "elapsed": 38.04622, "delta": 0.909013}}
{"target": -17.19565430592614, "params": {"eta": 0.3930086312582973, "max_depth": 15.37376236973781, "n_estimators": 71.84674151016175}, "datetime": {"datetime": "2021-09-27 21:38:48", "elapsed": 39.039207, "delta": 0.992987}}
{"target": -17.142109381136176, "params": {"eta": 0.08782865123452271, "max_depth": 5.054601437262549, "n_estimators": 56.71896257350056}, "datetime": {"datetime": "2021-09-27 21:38:49", "elapsed": 39.956136, "delta": 0.916929}}
{"target": -16.00557266671019, "params": {"eta": 0.4, "max_depth": 8.903494119540722, "n_estimators": 81.99107202423238}, "datetime": {"datetime": "2021-09-27 21:38:50", "elapsed": 40.925131, "delta": 0.968995}}
{"target": -16.3615318530385, "params": {"eta": 0.03, "max_depth": 6.966154321802512, "n_estimators": 86.29515287244108}, "datetime": {"datetime": "2021-09-27 21:38:51", "elapsed": 41.717512, "delta": 0.792381}}
{"target": -17.131408005623232, "params": {"eta": 0.06903221579481664, "max_depth": 4.36205088498016, "n_estimators": 81.53582060872516}, "datetime": {"datetime": "2021-09-27 21:38:51", "elapsed": 42.380507, "delta": 0.662995}}
{"target": -15.76763306078918, "params": {"eta": 0.3031786848869015, "max_depth": 9.125648940912999, "n_estimators": 77.21741138830151}, "datetime": {"datetime": "2021-09-27 21:38:52", "elapsed": 43.280509, "delta": 0.900002}}
{"target": -17.147799320290837, "params": {"eta": 0.1869099149099813, "max_depth": 6.054459038069293, "n_estimators": 74.00620096780088}, "datetime": {"datetime": "2021-09-27 21:38:53", "elapsed": 43.916055, "delta": 0.635546}}
{"target": -16.005572036799336, "params": {"eta": 0.4, "max_depth": 8.493282647901973, "n_estimators": 91.3866569197497}, "datetime": {"datetime": "2021-09-27 21:38:54", "elapsed": 44.821858, "delta": 0.905803}}
{"target": -19.834649771554343, "params": {"eta": 0.4, "max_depth": 3.9037210777379356, "n_estimators": 90.71438016768761}, "datetime": {"datetime": "2021-09-27 21:38:54", "elapsed": 45.496858, "delta": 0.675}}
{"target": -17.87000357055164, "params": {"eta": 0.2612936721332185, "max_depth": 11.437370529569165, "n_estimators": 94.45265189321691}, "datetime": {"datetime": "2021-09-27 21:38:56", "elapsed": 46.573416, "delta": 1.076558}}
{"target": -17.861172333205193, "params": {"eta": 0.25800790858980893, "max_depth": 11.08134217416205, "n_estimators": 73.95179506302652}, "datetime": {"datetime": "2021-09-27 21:38:57", "elapsed": 47.510417, "delta": 0.937001}}
{"target": -18.99062448009333, "params": {"eta": 0.03, "max_depth": 20.596399134999118, "n_estimators": 67.84494476740079}, "datetime": {"datetime": "2021-09-27 21:38:58", "elapsed": 48.534628, "delta": 1.024211}}
{"target": -16.54007275027414, "params": {"eta": 0.3532901098529438, "max_depth": 29.16803828912407, "n_estimators": 56.57345401489559}, "datetime": {"datetime": "2021-09-27 21:38:58", "elapsed": 49.472607, "delta": 0.937979}}
{"target": -16.500781635910652, "params": {"eta": 0.053935624410533935, "max_depth": 29.81051868014668, "n_estimators": 51.58451974669914}, "datetime": {"datetime": "2021-09-27 21:38:59", "elapsed": 50.304522, "delta": 0.831915}}
{"target": -16.222518326609922, "params": {"eta": 0.05552871639187451, "max_depth": 26.027026079286046, "n_estimators": 48.15114227499595}, "datetime": {"datetime": "2021-09-27 21:39:00", "elapsed": 51.126515, "delta": 0.821993}}
{"target": -16.60308457425056, "params": {"eta": 0.2198239709036824, "max_depth": 29.808918874631598, "n_estimators": 46.96670372745254}, "datetime": {"datetime": "2021-09-27 21:39:01", "elapsed": 52.383731, "delta": 1.257216}}
{"target": -16.48596863227379, "params": {"eta": 0.4, "max_depth": 30.0, "n_estimators": 61.69168669085478}, "datetime": {"datetime": "2021-09-27 21:39:02", "elapsed": 53.406729, "delta": 1.022998}}
{"target": -16.48596846675501, "params": {"eta": 0.4, "max_depth": 30.0, "n_estimators": 66.70415342513195}, "datetime": {"datetime": "2021-09-27 21:39:03", "elapsed": 54.386021, "delta": 0.979292}}
{"target": -16.723652974688395, "params": {"eta": 0.22424754494226717, "max_depth": 10.151538816864818, "n_estimators": 88.27882074365696}, "datetime": {"datetime": "2021-09-27 21:39:05", "elapsed": 55.751278, "delta": 1.365257}}
{"target": -17.57107962986644, "params": {"eta": 0.2855026890974286, "max_depth": 29.746503478585808, "n_estimators": 72.10059433264384}, "datetime": {"datetime": "2021-09-27 21:39:06", "elapsed": 56.910279, "delta": 1.159001}}
{"target": -22.64770457423638, "params": {"eta": 0.4, "max_depth": 1.0, "n_estimators": 63.72036759460924}, "datetime": {"datetime": "2021-09-27 21:39:06", "elapsed": 57.471281, "delta": 0.561002}}
{"target": -23.27890093214397, "params": {"eta": 0.3765798553890811, "max_depth": 1.0238080379162744, "n_estimators": 49.455467886675336}, "datetime": {"datetime": "2021-09-27 21:39:07", "elapsed": 57.976007, "delta": 0.504726}}
{"target": -84.89877806866518, "params": {"eta": 0.12797143859276122, "max_depth": 1.403407769136134, "n_estimators": 1.2115559627628325}, "datetime": {"datetime": "2021-09-27 21:39:07", "elapsed": 58.438008, "delta": 0.462001}}
{"target": -62.64798673130048, "params": {"eta": 0.36506584132746434, "max_depth": 29.767840763057375, "n_estimators": 1.016391174738522}, "datetime": {"datetime": "2021-09-27 21:39:08", "elapsed": 59.071009, "delta": 0.633001}}
{"target": -60.376525624205115, "params": {"eta": 0.03, "max_depth": 30.0, "n_estimators": 16.681438054088737}, "datetime": {"datetime": "2021-09-27 21:39:09", "elapsed": 59.714704, "delta": 0.643695}}
{"target": -23.710988417910468, "params": {"eta": 0.4, "max_depth": 1.0, "n_estimators": 29.949583188214508}, "datetime": {"datetime": "2021-09-27 21:39:09", "elapsed": 60.348706, "delta": 0.634002}}
{"target": -16.02897442504875, "params": {"eta": 0.4, "max_depth": 20.55679979850165, "n_estimators": 9.171253829359877}, "datetime": {"datetime": "2021-09-27 21:39:10", "elapsed": 61.052319, "delta": 0.703613}}
{"target": -17.63514202273662, "params": {"eta": 0.15182742297765683, "max_depth": 3.3833821924683454, "n_estimators": 99.94943598157981}, "datetime": {"datetime": "2021-09-27 21:39:11", "elapsed": 62.016103, "delta": 0.963784}}
{"target": -34.513993458547226, "params": {"eta": 0.03, "max_depth": 1.0, "n_estimators": 39.17628408628862}, "datetime": {"datetime": "2021-09-27 21:39:12", "elapsed": 62.543101, "delta": 0.526998}}
{"target": -52.568110150327584, "params": {"eta": 0.030464234371049632, "max_depth": 1.0165555335017769, "n_estimators": 20.92706441598882}, "datetime": {"datetime": "2021-09-27 21:39:12", "elapsed": 63.136103, "delta": 0.593002}}
{"target": -17.651060135129118, "params": {"eta": 0.24914940253419943, "max_depth": 9.330627761042397, "n_estimators": 99.91277668054329}, "datetime": {"datetime": "2021-09-27 21:39:14", "elapsed": 64.603648, "delta": 1.467545}}
{"target": -23.732127329183157, "params": {"eta": 0.140384533424555, "max_depth": 1.0540693226792746, "n_estimators": 74.6094915364344}, "datetime": {"datetime": "2021-09-27 21:39:14", "elapsed": 65.37465, "delta": 0.771002}}
{"target": -76.5665344989642, "params": {"eta": 0.03, "max_depth": 24.092647454136937, "n_estimators": 8.557112566934183}, "datetime": {"datetime": "2021-09-27 21:39:15", "elapsed": 66.228988, "delta": 0.854338}}
{"target": -16.09153503213368, "params": {"eta": 0.31008533615023504, "max_depth": 17.62529194211558, "n_estimators": 9.96812620485263}, "datetime": {"datetime": "2021-09-27 21:39:16", "elapsed": 66.811985, "delta": 0.582997}}
{"target": -16.226265027894, "params": {"eta": 0.4, "max_depth": 17.9240798491943, "n_estimators": 6.197618263135639}, "datetime": {"datetime": "2021-09-27 21:39:16", "elapsed": 67.492989, "delta": 0.681004}}
{"target": -17.65784003776318, "params": {"eta": 0.3170059941277471, "max_depth": 25.84315890806526, "n_estimators": 63.86434302800109}, "datetime": {"datetime": "2021-09-27 21:39:18", "elapsed": 68.704256, "delta": 1.211267}}
{"target": -17.47899477909762, "params": {"eta": 0.03, "max_depth": 18.588078285393024, "n_estimators": 75.45836309888712}, "datetime": {"datetime": "2021-09-27 21:39:19", "elapsed": 70.196469, "delta": 1.492213}}
{"target": -16.48646032970058, "params": {"eta": 0.22136751976142105, "max_depth": 25.596531430772842, "n_estimators": 58.614482403248374}, "datetime": {"datetime": "2021-09-27 21:39:21", "elapsed": 71.664468, "delta": 1.467999}}
{"target": -17.744053614175588, "params": {"eta": 0.18891857284153768, "max_depth": 6.264889073352976, "n_estimators": 95.77185554543347}, "datetime": {"datetime": "2021-09-27 21:39:22", "elapsed": 73.062663, "delta": 1.398195}}
{"target": -16.12230689676099, "params": {"eta": 0.3982086168554878, "max_depth": 25.728523163646468, "n_estimators": 69.42384165991845}, "datetime": {"datetime": "2021-09-27 21:39:23", "elapsed": 74.362972, "delta": 1.300309}}
