{"target": -17.727350762902436, "params": {"eta": 0.47685624661152987, "max_depth": 14.171047873696338, "n_estimators": 298.5740108505847}, "datetime": {"datetime": "2021-09-27 22:21:11", "elapsed": 436.385259, "delta": 2.730279}}
{"target": -18.20739393732603, "params": {"eta": 0.02081069869706324, "max_depth": 21.943881549449934, "n_estimators": 286.8830302177875}, "datetime": {"datetime": "2021-09-27 22:21:15", "elapsed": 439.725085, "delta": 3.339826}}
{"target": -18.860050616470335, "params": {"eta": 0.18871743488985454, "max_depth": 3.9371471211151174, "n_estimators": 251.56358114958937}, "datetime": {"datetime": "2021-09-27 22:21:17", "elapsed": 442.182264, "delta": 2.457179}}
{"target": -18.307472033266297, "params": {"eta": 0.4069698255061362, "max_depth": 8.30129025510411, "n_estimators": 225.21506658801744}, "datetime": {"datetime": "2021-09-27 22:21:19", "elapsed": 443.919139, "delta": 1.736875}}
{"target": -19.332267801701438, "params": {"eta": 0.44656938259169654, "max_depth": 14.500612104494627, "n_estimators": 298.4662181003921}, "datetime": {"datetime": "2021-09-27 22:21:22", "elapsed": 446.742429, "delta": 2.82329}}
{"target": -18.031879208590688, "params": {"eta": 0.12207274367815335, "max_depth": 12.054541308469686, "n_estimators": 244.55880086332593}, "datetime": {"datetime": "2021-09-27 22:21:24", "elapsed": 449.059918, "delta": 2.317489}}
{"target": -18.58665593361417, "params": {"eta": 0.22125444140889478, "max_depth": 24.888889180906762, "n_estimators": 280.411421967005}, "datetime": {"datetime": "2021-09-27 22:21:26", "elapsed": 451.196947, "delta": 2.137029}}
{"target": -21.047675384505315, "params": {"eta": 0.4304165537547495, "max_depth": 4.730887230200631, "n_estimators": 220.2961011887753}, "datetime": {"datetime": "2021-09-27 22:21:28", "elapsed": 452.789244, "delta": 1.592297}}
{"target": -18.187476499066907, "params": {"eta": 0.3197097760153389, "max_depth": 24.626206910738105, "n_estimators": 208.70482840187637}, "datetime": {"datetime": "2021-09-27 22:21:30", "elapsed": 454.678058, "delta": 1.888814}}
{"target": -17.674655756664027, "params": {"eta": 0.10164107056029445, "max_depth": 4.264547088447003, "n_estimators": 250.31099989002698}, "datetime": {"datetime": "2021-09-27 22:21:32", "elapsed": 457.472977, "delta": 2.794919}}
{"target": -16.843161044151696, "params": {"eta": 0.42890705372092686, "max_depth": 9.90244604144846, "n_estimators": 213.0551060323268}, "datetime": {"datetime": "2021-09-27 22:21:34", "elapsed": 459.18847, "delta": 1.715493}}
{"target": -18.630690696003484, "params": {"eta": 0.2783223355257594, "max_depth": 14.477735222006478, "n_estimators": 298.74238774112706}, "datetime": {"datetime": "2021-09-27 22:21:38", "elapsed": 463.227902, "delta": 4.039432}}
{"target": -17.5634900776042, "params": {"eta": 0.14208011058321612, "max_depth": 4.549083628784796, "n_estimators": 231.78469486044713}, "datetime": {"datetime": "2021-09-27 22:21:41", "elapsed": 466.008896, "delta": 2.780994}}
{"target": -17.30987660140824, "params": {"eta": 0.4683965886648338, "max_depth": 9.962496632344681, "n_estimators": 213.12737155861268}, "datetime": {"datetime": "2021-09-27 22:21:44", "elapsed": 469.379905, "delta": 3.371009}}
{"target": -19.343713379680555, "params": {"eta": 0.4473828495540344, "max_depth": 27.365757388830243, "n_estimators": 299.34598898464264}, "datetime": {"datetime": "2021-09-27 22:21:46", "elapsed": 471.085384, "delta": 1.705479}}
{"target": -20.601756645372433, "params": {"eta": 0.555902312958028, "max_depth": 23.534053313283007, "n_estimators": 260.4847923951517}, "datetime": {"datetime": "2021-09-27 22:21:48", "elapsed": 472.963377, "delta": 1.877993}}
{"target": -17.95163595646449, "params": {"eta": 0.12816983222820819, "max_depth": 21.85559166430798, "n_estimators": 228.84005056660362}, "datetime": {"datetime": "2021-09-27 22:21:50", "elapsed": 475.463064, "delta": 2.499687}}
{"target": -19.01698010875568, "params": {"eta": 0.26333965848325197, "max_depth": 23.61802026289897, "n_estimators": 290.427205298908}, "datetime": {"datetime": "2021-09-27 22:21:52", "elapsed": 477.544063, "delta": 2.080999}}
{"target": -17.335340749905797, "params": {"eta": 0.08682150343352464, "max_depth": 7.904862123516624, "n_estimators": 264.08577911153753}, "datetime": {"datetime": "2021-09-27 22:21:57", "elapsed": 481.732788, "delta": 4.188725}}
{"target": -17.97718500656539, "params": {"eta": 0.12772144577118763, "max_depth": 22.472761640708686, "n_estimators": 270.4642332726429}, "datetime": {"datetime": "2021-09-27 22:22:01", "elapsed": 485.829243, "delta": 4.096455}}
{"target": -17.17150604509956, "params": {"eta": 0.18064822953277235, "max_depth": 4.418438769553092, "n_estimators": 250.4527746077497}, "datetime": {"datetime": "2021-09-27 22:22:04", "elapsed": 489.385291, "delta": 3.556048}}
{"target": -18.182611032977032, "params": {"eta": 0.04439958718690462, "max_depth": 14.357284629261468, "n_estimators": 242.42047493848347}, "datetime": {"datetime": "2021-09-27 22:22:09", "elapsed": 493.940736, "delta": 4.555445}}
{"target": -17.74230482303714, "params": {"eta": 0.06836507790655988, "max_depth": 22.57542638013247, "n_estimators": 270.60773131742025}, "datetime": {"datetime": "2021-09-27 22:22:14", "elapsed": 498.611245, "delta": 4.670509}}
{"target": -17.813672315091196, "params": {"eta": 0.05521842412728584, "max_depth": 9.41319647006812, "n_estimators": 231.06377886143483}, "datetime": {"datetime": "2021-09-27 22:22:17", "elapsed": 502.518839, "delta": 3.907594}}
{"target": -22.84165173490738, "params": {"eta": 0.5827045951515378, "max_depth": 25.382689294963978, "n_estimators": 230.35314975403114}, "datetime": {"datetime": "2021-09-27 22:22:19", "elapsed": 504.431516, "delta": 1.912677}}
{"target": -19.849447443673835, "params": {"eta": 0.01, "max_depth": 22.559845090977095, "n_estimators": 208.7850375978668}, "datetime": {"datetime": "2021-09-27 22:22:23", "elapsed": 507.707576, "delta": 3.27606}}
{"target": -18.612466185860864, "params": {"eta": 0.22495049665273337, "max_depth": 8.082703307041943, "n_estimators": 264.1080352845972}, "datetime": {"datetime": "2021-09-27 22:22:26", "elapsed": 511.109078, "delta": 3.401502}}
{"target": -19.0805926398807, "params": {"eta": 0.2471887554589692, "max_depth": 8.782353526076099, "n_estimators": 235.97216179540936}, "datetime": {"datetime": "2021-09-27 22:22:29", "elapsed": 514.531243, "delta": 3.422165}}
{"target": -17.438243763055443, "params": {"eta": 0.1333968478153228, "max_depth": 22.754613470328824, "n_estimators": 270.6629322913164}, "datetime": {"datetime": "2021-09-27 22:22:33", "elapsed": 518.186768, "delta": 3.655525}}
{"target": -19.88156801791416, "params": {"eta": 0.5231367761709286, "max_depth": 21.733059363237317, "n_estimators": 273.1801810885587}, "datetime": {"datetime": "2021-09-27 22:22:35", "elapsed": 520.151228, "delta": 1.96446}}
{"target": -17.87863410130478, "params": {"eta": 0.1673993768927432, "max_depth": 4.416798610664127, "n_estimators": 250.57241434493}, "datetime": {"datetime": "2021-09-27 22:22:38", "elapsed": 523.329612, "delta": 3.178384}}
{"target": -19.127037712887134, "params": {"eta": 0.2987099541796493, "max_depth": 26.170707899872387, "n_estimators": 278.3239737370532}, "datetime": {"datetime": "2021-09-27 22:22:40", "elapsed": 525.458185, "delta": 2.128573}}
{"target": -18.179998724506298, "params": {"eta": 0.18243790590153633, "max_depth": 22.650341797903575, "n_estimators": 270.64921713845547}, "datetime": {"datetime": "2021-09-27 22:22:44", "elapsed": 529.41104, "delta": 3.952855}}
{"target": -18.259327761776333, "params": {"eta": 0.47373101719286154, "max_depth": 28.434033291522624, "n_estimators": 228.09291303347175}, "datetime": {"datetime": "2021-09-27 22:22:46", "elapsed": 531.368455, "delta": 1.957415}}
{"target": -17.33171037958069, "params": {"eta": 0.026234709893491984, "max_depth": 4.94505906093851, "n_estimators": 231.68207804765242}, "datetime": {"datetime": "2021-09-27 22:22:50", "elapsed": 534.897512, "delta": 3.529057}}
{"target": -18.712186459280744, "params": {"eta": 0.5278846523445585, "max_depth": 7.766947488437562, "n_estimators": 261.341772969569}, "datetime": {"datetime": "2021-09-27 22:22:52", "elapsed": 536.829654, "delta": 1.932142}}
{"target": -17.622204489608606, "params": {"eta": 0.24141095574657848, "max_depth": 4.837690627529564, "n_estimators": 251.09977471186147}, "datetime": {"datetime": "2021-09-27 22:22:55", "elapsed": 539.836011, "delta": 3.006357}}
{"target": -17.545253844155447, "params": {"eta": 0.1463881705589975, "max_depth": 14.305389272690382, "n_estimators": 298.58888754473685}, "datetime": {"datetime": "2021-09-27 22:22:58", "elapsed": 543.179187, "delta": 3.343176}}
{"target": -17.393287486950218, "params": {"eta": 0.4629147790895886, "max_depth": 9.25776849928258, "n_estimators": 203.1108548852026}, "datetime": {"datetime": "2021-09-27 22:23:00", "elapsed": 544.966615, "delta": 1.787428}}
{"target": -17.836261301983146, "params": {"eta": 0.31734314967118155, "max_depth": 28.237888512411633, "n_estimators": 270.3505617456127}, "datetime": {"datetime": "2021-09-27 22:23:03", "elapsed": 548.481098, "delta": 3.514483}}
{"target": -19.028342561926785, "params": {"eta": 0.23574658032373064, "max_depth": 3.249698028746933, "n_estimators": 298.93419429935466}, "datetime": {"datetime": "2021-09-27 22:23:05", "elapsed": 550.38421, "delta": 1.903112}}
{"target": -22.412669580040994, "params": {"eta": 0.5794023469925969, "max_depth": 14.277785172149898, "n_estimators": 298.49419976727967}, "datetime": {"datetime": "2021-09-27 22:23:08", "elapsed": 553.372144, "delta": 2.987934}}
{"target": -19.63192911868148, "params": {"eta": 0.44865688801971937, "max_depth": 19.770577726731897, "n_estimators": 257.0284241623518}, "datetime": {"datetime": "2021-09-27 22:23:10", "elapsed": 555.248799, "delta": 1.876655}}
{"target": -16.9251801997305, "params": {"eta": 0.09194436821181698, "max_depth": 4.590345213656418, "n_estimators": 251.15658180159164}, "datetime": {"datetime": "2021-09-27 22:23:13", "elapsed": 558.205076, "delta": 2.956277}}
{"target": -18.477112729847935, "params": {"eta": 0.3079631503137443, "max_depth": 19.666061367146366, "n_estimators": 255.6668190071448}, "datetime": {"datetime": "2021-09-27 22:23:15", "elapsed": 560.240891, "delta": 2.035815}}
{"target": -17.811459371715593, "params": {"eta": 0.06281661417444653, "max_depth": 7.740492413380268, "n_estimators": 248.9114344147393}, "datetime": {"datetime": "2021-09-27 22:23:18", "elapsed": 562.626113, "delta": 2.385222}}
{"target": -19.849447443673835, "params": {"eta": 0.01, "max_depth": 22.694066147418187, "n_estimators": 208.61808822962095}, "datetime": {"datetime": "2021-09-27 22:23:21", "elapsed": 566.161496, "delta": 3.535383}}
{"target": -18.11753189262391, "params": {"eta": 0.10167292628217306, "max_depth": 14.152431744326341, "n_estimators": 266.5013018240437}, "datetime": {"datetime": "2021-09-27 22:23:24", "elapsed": 568.702298, "delta": 2.540802}}
{"target": -21.507027038667033, "params": {"eta": 0.5928671665525358, "max_depth": 26.55271424536524, "n_estimators": 242.796977713157}, "datetime": {"datetime": "2021-09-27 22:23:26", "elapsed": 570.749319, "delta": 2.047021}}
{"target": -17.215778213224077, "params": {"eta": 0.1241508384711824, "max_depth": 4.733466552451132, "n_estimators": 251.22101123921917}, "datetime": {"datetime": "2021-09-27 22:23:28", "elapsed": 573.484422, "delta": 2.735103}}
{"target": -21.22029712437493, "params": {"eta": 0.29438199016784355, "max_depth": 2.054284072288815, "n_estimators": 223.34928333932325}, "datetime": {"datetime": "2021-09-27 22:23:30", "elapsed": 575.287101, "delta": 1.802679}}
{"target": -18.53493662792308, "params": {"eta": 0.21676732547092606, "max_depth": 8.354480709847538, "n_estimators": 280.41509827828054}, "datetime": {"datetime": "2021-09-27 22:23:34", "elapsed": 578.673587, "delta": 3.386486}}
{"target": -21.37137138386843, "params": {"eta": 0.558016027306417, "max_depth": 17.112347381554184, "n_estimators": 284.9705393007725}, "datetime": {"datetime": "2021-09-27 22:23:37", "elapsed": 581.96095, "delta": 3.287363}}
{"target": -17.853299290367598, "params": {"eta": 0.41030842810365814, "max_depth": 15.778561002352411, "n_estimators": 280.7333785609265}, "datetime": {"datetime": "2021-09-27 22:23:39", "elapsed": 583.959314, "delta": 1.998364}}
{"target": -19.689650101652035, "params": {"eta": 0.5192028423277019, "max_depth": 17.970216374913836, "n_estimators": 221.04311246778826}, "datetime": {"datetime": "2021-09-27 22:23:41", "elapsed": 585.818553, "delta": 1.859239}}
{"target": -17.118372425475947, "params": {"eta": 0.11330832684026468, "max_depth": 4.388856777718852, "n_estimators": 250.0527934818975}, "datetime": {"datetime": "2021-09-27 22:23:44", "elapsed": 588.697598, "delta": 2.879045}}
{"target": -16.903307953451645, "params": {"eta": 0.1379913009098185, "max_depth": 4.803614435208557, "n_estimators": 250.7476740561521}, "datetime": {"datetime": "2021-09-27 22:23:47", "elapsed": 591.79275, "delta": 3.095152}}
{"target": -20.3737538953587, "params": {"eta": 0.5261164855347794, "max_depth": 19.320451214422803, "n_estimators": 244.16077444853218}, "datetime": {"datetime": "2021-09-27 22:23:49", "elapsed": 593.885611, "delta": 2.092861}}
{"target": -20.28856296002291, "params": {"eta": 0.2670374331185842, "max_depth": 14.109504321691839, "n_estimators": 298.7132969680488}, "datetime": {"datetime": "2021-09-27 22:23:52", "elapsed": 597.198963, "delta": 3.313352}}
{"target": -17.91811371522377, "params": {"eta": 0.05647113892840055, "max_depth": 12.133229123123856, "n_estimators": 207.88609202603806}, "datetime": {"datetime": "2021-09-27 22:23:55", "elapsed": 600.304518, "delta": 3.105555}}
{"target": -17.217424104483435, "params": {"eta": 0.02959333271792243, "max_depth": 4.278842942145656, "n_estimators": 249.80473418355524}, "datetime": {"datetime": "2021-09-27 22:23:58", "elapsed": 603.486202, "delta": 3.181684}}
{"target": -21.959035651622607, "params": {"eta": 0.5865897427184188, "max_depth": 11.814239704058565, "n_estimators": 294.2530225528124}, "datetime": {"datetime": "2021-09-27 22:24:00", "elapsed": 605.481876, "delta": 1.995674}}
{"target": -18.99716947662637, "params": {"eta": 0.2096303527962295, "max_depth": 23.183263208102126, "n_estimators": 264.65727379083324}, "datetime": {"datetime": "2021-09-27 22:24:03", "elapsed": 607.677752, "delta": 2.195876}}
{"target": -17.684962440680618, "params": {"eta": 0.12373855637206346, "max_depth": 21.762429266145478, "n_estimators": 266.7718609035899}, "datetime": {"datetime": "2021-09-27 22:24:05", "elapsed": 610.370269, "delta": 2.692517}}
{"target": -17.60210754726579, "params": {"eta": 0.09464273670078324, "max_depth": 4.614599842194904, "n_estimators": 250.85683670690722}, "datetime": {"datetime": "2021-09-27 22:24:08", "elapsed": 613.378327, "delta": 3.008058}}
{"target": -17.227175753589325, "params": {"eta": 0.40856740983347156, "max_depth": 27.907113073691725, "n_estimators": 270.5122290921146}, "datetime": {"datetime": "2021-09-27 22:24:11", "elapsed": 616.463201, "delta": 3.084874}}
{"target": -20.25451782335482, "params": {"eta": 0.5276241799614259, "max_depth": 28.236362297940648, "n_estimators": 270.37120741463013}, "datetime": {"datetime": "2021-09-27 22:24:15", "elapsed": 620.074988, "delta": 3.611787}}
{"target": -19.262089826732364, "params": {"eta": 0.4433660841842053, "max_depth": 7.994813097338058, "n_estimators": 287.46614290810544}, "datetime": {"datetime": "2021-09-27 22:24:18", "elapsed": 623.077314, "delta": 3.002326}}
{"target": -18.36335875932152, "params": {"eta": 0.39798504416596586, "max_depth": 12.406786019347877, "n_estimators": 246.74377017595484}, "datetime": {"datetime": "2021-09-27 22:24:20", "elapsed": 624.933136, "delta": 1.855822}}
{"target": -17.019863467423722, "params": {"eta": 0.013970714942672088, "max_depth": 22.773895907837893, "n_estimators": 270.5058799615226}, "datetime": {"datetime": "2021-09-27 22:24:25", "elapsed": 630.117424, "delta": 5.184288}}
{"target": -18.435465794290064, "params": {"eta": 0.3765982578392619, "max_depth": 27.97323330718409, "n_estimators": 270.3368930214973}, "datetime": {"datetime": "2021-09-27 22:24:28", "elapsed": 633.059093, "delta": 2.941669}}
{"target": -21.85710431863803, "params": {"eta": 0.5589903992463583, "max_depth": 27.94564363871222, "n_estimators": 289.03522880790877}, "datetime": {"datetime": "2021-09-27 22:24:30", "elapsed": 634.922832, "delta": 1.863739}}
{"target": -19.837469510831102, "params": {"eta": 0.27021371951652323, "max_depth": 24.90291670992362, "n_estimators": 239.00887149649282}, "datetime": {"datetime": "2021-09-27 22:24:32", "elapsed": 637.16601, "delta": 2.243178}}
{"target": -18.942952858327544, "params": {"eta": 0.23850081705904486, "max_depth": 27.920023917953646, "n_estimators": 270.476228757546}, "datetime": {"datetime": "2021-09-27 22:24:35", "elapsed": 640.24137, "delta": 3.07536}}
{"target": -18.596571001569615, "params": {"eta": 0.35922560696051964, "max_depth": 9.30309730101888, "n_estimators": 203.19110169533724}, "datetime": {"datetime": "2021-09-27 22:24:39", "elapsed": 643.7011, "delta": 3.45973}}
{"target": -17.79819689670952, "params": {"eta": 0.3907687851669237, "max_depth": 26.98008971346288, "n_estimators": 224.68135771587677}, "datetime": {"datetime": "2021-09-27 22:24:41", "elapsed": 645.72975, "delta": 2.02865}}
{"target": -19.78252555395614, "params": {"eta": 0.511751793192092, "max_depth": 14.401190772871729, "n_estimators": 298.7846893173182}, "datetime": {"datetime": "2021-09-27 22:24:44", "elapsed": 649.385056, "delta": 3.655306}}
{"target": -18.828345424913817, "params": {"eta": 0.23254650534626153, "max_depth": 10.587293804015438, "n_estimators": 283.3216938661175}, "datetime": {"datetime": "2021-09-27 22:24:46", "elapsed": 651.529222, "delta": 2.144166}}
{"target": -17.753880369519482, "params": {"eta": 0.04519607372381812, "max_depth": 8.18255989172081, "n_estimators": 280.45982738608257}, "datetime": {"datetime": "2021-09-27 22:24:51", "elapsed": 655.806349, "delta": 4.277127}}
{"target": -17.357141383330642, "params": {"eta": 0.11511952185072577, "max_depth": 4.9728893213277034, "n_estimators": 231.5414031876522}, "datetime": {"datetime": "2021-09-27 22:24:54", "elapsed": 658.90402, "delta": 3.097671}}
{"target": -17.61605807891847, "params": {"eta": 0.08295461294065345, "max_depth": 4.576270752169723, "n_estimators": 250.32615759188286}, "datetime": {"datetime": "2021-09-27 22:24:58", "elapsed": 662.65003, "delta": 3.74601}}
{"target": -17.69426052083873, "params": {"eta": 0.021499229892189473, "max_depth": 4.708371550052155, "n_estimators": 250.40728672410486}, "datetime": {"datetime": "2021-09-27 22:25:02", "elapsed": 666.718554, "delta": 4.068524}}
{"target": -18.62749885702454, "params": {"eta": 0.10660044063988791, "max_depth": 3.950225672719576, "n_estimators": 259.8564041216795}, "datetime": {"datetime": "2021-09-27 22:25:04", "elapsed": 668.67372, "delta": 1.955166}}
{"target": -19.09581773053049, "params": {"eta": 0.2047283633003627, "max_depth": 28.288213088875917, "n_estimators": 270.5156105431694}, "datetime": {"datetime": "2021-09-27 22:25:08", "elapsed": 672.684559, "delta": 4.010839}}
{"target": -17.030298830203243, "params": {"eta": 0.06296567541508609, "max_depth": 4.843555069100251, "n_estimators": 250.77311611739523}, "datetime": {"datetime": "2021-09-27 22:25:12", "elapsed": 676.604383, "delta": 3.919824}}
{"target": -18.140181304993217, "params": {"eta": 0.14396717863953745, "max_depth": 4.565578863192094, "n_estimators": 250.7109687281401}, "datetime": {"datetime": "2021-09-27 22:25:15", "elapsed": 679.641859, "delta": 3.037476}}
{"target": -19.32731919773921, "params": {"eta": 0.16817348327077142, "max_depth": 20.595340774440412, "n_estimators": 286.644186058895}, "datetime": {"datetime": "2021-09-27 22:25:18", "elapsed": 683.308713, "delta": 3.666854}}
{"target": -17.576850309027922, "params": {"eta": 0.37262839840061535, "max_depth": 14.117041564096086, "n_estimators": 298.4779377369043}, "datetime": {"datetime": "2021-09-27 22:25:23", "elapsed": 688.110067, "delta": 4.801354}}
{"target": -18.975352603822078, "params": {"eta": 0.33246447230740656, "max_depth": 27.763777549245937, "n_estimators": 270.58253357236623}, "datetime": {"datetime": "2021-09-27 22:25:27", "elapsed": 691.95516, "delta": 3.845093}}
{"target": -17.667967882547725, "params": {"eta": 0.09909584407334407, "max_depth": 4.4552806485704535, "n_estimators": 250.1897953130343}, "datetime": {"datetime": "2021-09-27 22:25:31", "elapsed": 696.384576, "delta": 4.429416}}
{"target": -19.259584277527203, "params": {"eta": 0.4426521627279911, "max_depth": 25.07906857992173, "n_estimators": 285.1089184790976}, "datetime": {"datetime": "2021-09-27 22:25:35", "elapsed": 699.711532, "delta": 3.326956}}
{"target": -17.438188452796584, "params": {"eta": 0.0535953780898584, "max_depth": 4.137988232861667, "n_estimators": 251.43244848318562}, "datetime": {"datetime": "2021-09-27 22:25:38", "elapsed": 703.065099, "delta": 3.353567}}
{"target": -19.49089740949985, "params": {"eta": 0.16842389611091857, "max_depth": 17.125834325932463, "n_estimators": 281.55273900423987}, "datetime": {"datetime": "2021-09-27 22:25:41", "elapsed": 705.661608, "delta": 2.596509}}
{"target": -17.787892670096692, "params": {"eta": 0.2176958512301127, "max_depth": 4.7010920808551715, "n_estimators": 251.13689729434697}, "datetime": {"datetime": "2021-09-27 22:25:44", "elapsed": 709.103567, "delta": 3.441959}}
{"target": -17.81046128276797, "params": {"eta": 0.1159171077447031, "max_depth": 25.190512639333864, "n_estimators": 239.05473234626095}, "datetime": {"datetime": "2021-09-27 22:25:47", "elapsed": 711.95644, "delta": 2.852873}}
