{"target": -16.309907491426515, "params": {"eta": 0.16566990345666632, "max_depth": 10.024190851756531, "n_estimators": 83.38286186770111}, "datetime": {"datetime": "2021-09-28 08:27:52", "elapsed": 156.243581, "delta": 1.11358}}
{"target": -15.879881052585596, "params": {"eta": 0.0897166728387694, "max_depth": 11.363032199655374, "n_estimators": 36.12840027571568}, "datetime": {"datetime": "2021-09-28 08:27:53", "elapsed": 157.261582, "delta": 1.018001}}
{"target": -16.035246939316263, "params": {"eta": 0.1214890890422495, "max_depth": 12.171566829372908, "n_estimators": 95.58253848555512}, "datetime": {"datetime": "2021-09-28 08:27:55", "elapsed": 158.535556, "delta": 1.273974}}
{"target": -16.51933390105197, "params": {"eta": 0.3468400054093812, "max_depth": 11.14700937472183, "n_estimators": 64.50224480793712}, "datetime": {"datetime": "2021-09-28 08:27:56", "elapsed": 159.71235, "delta": 1.176794}}
{"target": -17.875251698387967, "params": {"eta": 0.42449640701968794, "max_depth": 13.622200811405843, "n_estimators": 50.15244514291528}, "datetime": {"datetime": "2021-09-28 08:27:57", "elapsed": 160.790353, "delta": 1.078003}}
{"target": -15.808837731212138, "params": {"eta": 0.10954746317597967, "max_depth": 11.381791379459875, "n_estimators": 36.016681131951046}, "datetime": {"datetime": "2021-09-28 08:27:58", "elapsed": 161.891552, "delta": 1.101199}}
{"target": -15.724301515612627, "params": {"eta": 0.12775435598773593, "max_depth": 11.188444894926228, "n_estimators": 36.18655450385845}, "datetime": {"datetime": "2021-09-28 08:27:59", "elapsed": 163.096074, "delta": 1.204522}}
{"target": -17.252033639718903, "params": {"eta": 0.18966388399632816, "max_depth": 13.772448935213065, "n_estimators": 54.5507435682879}, "datetime": {"datetime": "2021-09-28 08:28:00", "elapsed": 164.231599, "delta": 1.135525}}
{"target": -15.677464060739844, "params": {"eta": 0.1151487650959302, "max_depth": 10.871969232331978, "n_estimators": 36.5960162177049}, "datetime": {"datetime": "2021-09-28 08:28:01", "elapsed": 165.102597, "delta": 0.870998}}
{"target": -15.581726937330837, "params": {"eta": 0.32933802459093203, "max_depth": 11.853861639398133, "n_estimators": 95.63842138073674}, "datetime": {"datetime": "2021-09-28 08:28:02", "elapsed": 166.201387, "delta": 1.09879}}
{"target": -15.926329504591576, "params": {"eta": 0.1164961317219903, "max_depth": 14.963114083854242, "n_estimators": 87.56445841023807}, "datetime": {"datetime": "2021-09-28 08:28:04", "elapsed": 167.787066, "delta": 1.585679}}
{"target": -15.715659945077038, "params": {"eta": 0.13886315204083455, "max_depth": 11.066068606926072, "n_estimators": 35.9667340998153}, "datetime": {"datetime": "2021-09-28 08:28:05", "elapsed": 168.990749, "delta": 1.203683}}
{"target": -17.663958374553264, "params": {"eta": 0.43011246840680345, "max_depth": 10.780333459906542, "n_estimators": 98.56510888856923}, "datetime": {"datetime": "2021-09-28 08:28:06", "elapsed": 170.187087, "delta": 1.196338}}
{"target": -16.29550182402178, "params": {"eta": 0.3878469426981062, "max_depth": 14.007746357017545, "n_estimators": 93.44873800413453}, "datetime": {"datetime": "2021-09-28 08:28:07", "elapsed": 171.367085, "delta": 1.179998}}
{"target": -16.41066671269863, "params": {"eta": 0.14173565994481327, "max_depth": 11.11744754747443, "n_estimators": 35.95000118355514}, "datetime": {"datetime": "2021-09-28 08:28:09", "elapsed": 172.47536, "delta": 1.108275}}
{"target": -17.21191997508216, "params": {"eta": 0.2318959859904427, "max_depth": 14.993295194916195, "n_estimators": 64.69740226563425}, "datetime": {"datetime": "2021-09-28 08:28:10", "elapsed": 174.034152, "delta": 1.558792}}
{"target": -16.8189167445481, "params": {"eta": 0.1405045356042096, "max_depth": 11.020501220266269, "n_estimators": 35.95108042687849}, "datetime": {"datetime": "2021-09-28 08:28:11", "elapsed": 175.245154, "delta": 1.211002}}
{"target": -16.677071033695245, "params": {"eta": 0.1409932729582158, "max_depth": 13.952879873603996, "n_estimators": 54.554113168601276}, "datetime": {"datetime": "2021-09-28 08:28:12", "elapsed": 176.2973, "delta": 1.052146}}
{"target": -17.209008375757374, "params": {"eta": 0.23990488927963988, "max_depth": 10.871156717851333, "n_estimators": 67.05723435998178}, "datetime": {"datetime": "2021-09-28 08:28:14", "elapsed": 177.672068, "delta": 1.374768}}
{"target": -16.07929798659964, "params": {"eta": 0.39501047724880317, "max_depth": 13.047099400159325, "n_estimators": 37.95744127604637}, "datetime": {"datetime": "2021-09-28 08:28:15", "elapsed": 178.819098, "delta": 1.14703}}
{"target": -17.542892182595367, "params": {"eta": 0.25261460195506713, "max_depth": 11.69710378847794, "n_estimators": 99.4324726167047}, "datetime": {"datetime": "2021-09-28 08:28:16", "elapsed": 180.211353, "delta": 1.392255}}
{"target": -15.898705941652144, "params": {"eta": 0.10905353585823425, "max_depth": 13.508691299356997, "n_estimators": 33.86717046165591}, "datetime": {"datetime": "2021-09-28 08:28:18", "elapsed": 181.509356, "delta": 1.298003}}
{"target": -16.080371925307375, "params": {"eta": 0.1194238458800237, "max_depth": 14.087481908589915, "n_estimators": 30.354627606248144}, "datetime": {"datetime": "2021-09-28 08:28:19", "elapsed": 182.681601, "delta": 1.172245}}
{"target": -15.846121754519624, "params": {"eta": 0.33117531028748326, "max_depth": 12.077973977709847, "n_estimators": 71.40471318708339}, "datetime": {"datetime": "2021-09-28 08:28:20", "elapsed": 183.871449, "delta": 1.189848}}
{"target": -16.32506840023782, "params": {"eta": 0.090150465922638, "max_depth": 10.931825798230118, "n_estimators": 35.9998796478024}, "datetime": {"datetime": "2021-09-28 08:28:21", "elapsed": 184.946452, "delta": 1.075003}}
{"target": -16.243685922815736, "params": {"eta": 0.19857550208245703, "max_depth": 11.022882466363013, "n_estimators": 36.071381301848966}, "datetime": {"datetime": "2021-09-28 08:28:22", "elapsed": 186.100569, "delta": 1.154117}}
{"target": -16.26756496426768, "params": {"eta": 0.1975925222800164, "max_depth": 11.13952901008884, "n_estimators": 36.00647527341699}, "datetime": {"datetime": "2021-09-28 08:28:23", "elapsed": 187.338568, "delta": 1.237999}}
{"target": -17.47808340217401, "params": {"eta": 0.41130081229172166, "max_depth": 11.984432174535801, "n_estimators": 85.49576903975665}, "datetime": {"datetime": "2021-09-28 08:28:25", "elapsed": 188.468278, "delta": 1.12971}}
{"target": -17.63601489000778, "params": {"eta": 0.4290706863870408, "max_depth": 12.54011428917815, "n_estimators": 34.20824859628465}, "datetime": {"datetime": "2021-09-28 08:28:26", "elapsed": 189.663276, "delta": 1.194998}}
{"target": -17.38538455527064, "params": {"eta": 0.40956533588104954, "max_depth": 14.408056131121288, "n_estimators": 97.52392676460954}, "datetime": {"datetime": "2021-09-28 08:28:27", "elapsed": 190.865822, "delta": 1.202546}}
{"target": -15.712831447347266, "params": {"eta": 0.08685734610939355, "max_depth": 11.509053460725122, "n_estimators": 44.07408342077666}, "datetime": {"datetime": "2021-09-28 08:28:28", "elapsed": 192.169743, "delta": 1.303921}}
{"target": -16.440100947964424, "params": {"eta": 0.2137722641366332, "max_depth": 12.287920392315698, "n_estimators": 88.33555157338535}, "datetime": {"datetime": "2021-09-28 08:28:30", "elapsed": 193.88324, "delta": 1.713497}}
{"target": -16.592381387914845, "params": {"eta": 0.3252668968961641, "max_depth": 10.286509279442457, "n_estimators": 65.24006862097342}, "datetime": {"datetime": "2021-09-28 08:28:31", "elapsed": 195.104237, "delta": 1.220997}}
{"target": -18.314737588423434, "params": {"eta": 0.4674138653972376, "max_depth": 13.801260486346195, "n_estimators": 51.78707643236911}, "datetime": {"datetime": "2021-09-28 08:28:32", "elapsed": 196.25868, "delta": 1.154443}}
{"target": -16.697043031956895, "params": {"eta": 0.11001793370630648, "max_depth": 14.953765794370335, "n_estimators": 87.62801303955023}, "datetime": {"datetime": "2021-09-28 08:28:34", "elapsed": 198.213987, "delta": 1.955307}}
{"target": -19.282061616655515, "params": {"eta": 0.4451714444719571, "max_depth": 14.248643876642692, "n_estimators": 62.58128484482527}, "datetime": {"datetime": "2021-09-28 08:28:35", "elapsed": 199.279234, "delta": 1.065247}}
{"target": -17.569164871629944, "params": {"eta": 0.2646077518035786, "max_depth": 10.91219525432998, "n_estimators": 73.43080774079483}, "datetime": {"datetime": "2021-09-28 08:28:37", "elapsed": 200.650532, "delta": 1.371298}}
{"target": -15.520835140535343, "params": {"eta": 0.08332075144686991, "max_depth": 11.50538486488927, "n_estimators": 44.14269558287313}, "datetime": {"datetime": "2021-09-28 08:28:38", "elapsed": 201.942939, "delta": 1.292407}}
{"target": -16.48334367544652, "params": {"eta": 0.17731304519839108, "max_depth": 12.225357716064396, "n_estimators": 81.56007358717547}, "datetime": {"datetime": "2021-09-28 08:28:40", "elapsed": 203.715643, "delta": 1.772704}}
{"target": -19.981140986548855, "params": {"eta": 0.48606571551112693, "max_depth": 13.136774270117861, "n_estimators": 66.17009615646458}, "datetime": {"datetime": "2021-09-28 08:28:41", "elapsed": 205.008377, "delta": 1.292734}}
{"target": -17.76086198460698, "params": {"eta": 0.2756483196874985, "max_depth": 13.76880605227835, "n_estimators": 98.65522683456729}, "datetime": {"datetime": "2021-09-28 08:28:42", "elapsed": 206.350592, "delta": 1.342215}}
{"target": -20.04476142549705, "params": {"eta": 0.4950211988681947, "max_depth": 14.585177282898957, "n_estimators": 97.76893712667996}, "datetime": {"datetime": "2021-09-28 08:28:44", "elapsed": 207.630591, "delta": 1.279999}}
{"target": -16.686123202811302, "params": {"eta": 0.3440944672191931, "max_depth": 11.852563962545851, "n_estimators": 76.49908997419102}, "datetime": {"datetime": "2021-09-28 08:28:45", "elapsed": 208.854058, "delta": 1.223467}}
{"target": -15.834180444067824, "params": {"eta": 0.13370155069090742, "max_depth": 10.83892331896793, "n_estimators": 36.153041280480394}, "datetime": {"datetime": "2021-09-28 08:28:46", "elapsed": 210.256888, "delta": 1.40283}}
{"target": -15.940157411739369, "params": {"eta": 0.39519763078709913, "max_depth": 14.819354816242233, "n_estimators": 49.96605513320375}, "datetime": {"datetime": "2021-09-28 08:28:48", "elapsed": 211.452891, "delta": 1.196003}}
{"target": -18.26873592312881, "params": {"eta": 0.4760218840997977, "max_depth": 12.195467651348348, "n_estimators": 48.75263509951316}, "datetime": {"datetime": "2021-09-28 08:28:49", "elapsed": 212.665576, "delta": 1.212685}}
{"target": -16.338509304245516, "params": {"eta": 0.1646801159389835, "max_depth": 11.39528394611703, "n_estimators": 35.99051261621843}, "datetime": {"datetime": "2021-09-28 08:28:50", "elapsed": 213.936265, "delta": 1.270689}}
{"target": -15.641600299307706, "params": {"eta": 0.20721116205072937, "max_depth": 13.631914040824302, "n_estimators": 66.77283938967093}, "datetime": {"datetime": "2021-09-28 08:28:51", "elapsed": 215.071269, "delta": 1.135004}}
{"target": -15.43699501666255, "params": {"eta": 0.14290917126580183, "max_depth": 14.942054912418172, "n_estimators": 41.929741933106314}, "datetime": {"datetime": "2021-09-28 08:28:52", "elapsed": 216.216546, "delta": 1.145277}}
{"target": -16.521992790748, "params": {"eta": 0.36965861474848594, "max_depth": 11.833952368011593, "n_estimators": 95.67202830883835}, "datetime": {"datetime": "2021-09-28 08:28:54", "elapsed": 217.861551, "delta": 1.645005}}
{"target": -15.982015307027092, "params": {"eta": 0.08621615523309457, "max_depth": 11.108763128054584, "n_estimators": 33.57409584107409}, "datetime": {"datetime": "2021-09-28 08:28:55", "elapsed": 218.809895, "delta": 0.948344}}
{"target": -16.19535732280007, "params": {"eta": 0.38767508720901056, "max_depth": 13.933236197656582, "n_estimators": 96.71548473314411}, "datetime": {"datetime": "2021-09-28 08:28:56", "elapsed": 219.96615, "delta": 1.156255}}
{"target": -16.6552980763033, "params": {"eta": 0.24250386039876448, "max_depth": 10.931714530016908, "n_estimators": 33.75392950787475}, "datetime": {"datetime": "2021-09-28 08:28:57", "elapsed": 221.19115, "delta": 1.225}}
{"target": -18.061701701308834, "params": {"eta": 0.45538153999052394, "max_depth": 12.844107832768799, "n_estimators": 87.33354286203897}, "datetime": {"datetime": "2021-09-28 08:28:58", "elapsed": 222.223651, "delta": 1.032501}}
{"target": -17.635793551309614, "params": {"eta": 0.24784039221858478, "max_depth": 12.235609285061102, "n_estimators": 81.56145019933177}, "datetime": {"datetime": "2021-09-28 08:29:00", "elapsed": 224.073605, "delta": 1.849954}}
{"target": -17.783964962153917, "params": {"eta": 0.2783823842615695, "max_depth": 10.61406831977894, "n_estimators": 36.29826880570562}, "datetime": {"datetime": "2021-09-28 08:29:01", "elapsed": 225.057605, "delta": 0.984}}
{"target": -16.48747667562192, "params": {"eta": 0.11817109958039812, "max_depth": 13.824433240654862, "n_estimators": 72.50610361748588}, "datetime": {"datetime": "2021-09-28 08:29:02", "elapsed": 226.412945, "delta": 1.35534}}
{"target": -15.926584971326218, "params": {"eta": 0.10737824226855444, "max_depth": 14.884666023149737, "n_estimators": 41.95016464313427}, "datetime": {"datetime": "2021-09-28 08:29:04", "elapsed": 227.895946, "delta": 1.483001}}
{"target": -16.19603591827552, "params": {"eta": 0.33813314370180375, "max_depth": 10.461938113261589, "n_estimators": 75.16268456508618}, "datetime": {"datetime": "2021-09-28 08:29:05", "elapsed": 229.210946, "delta": 1.315}}
{"target": -17.14798867495961, "params": {"eta": 0.2976698622362087, "max_depth": 11.422330745561617, "n_estimators": 91.07059553672889}, "datetime": {"datetime": "2021-09-28 08:29:07", "elapsed": 230.672339, "delta": 1.461393}}
{"target": -19.94802883915095, "params": {"eta": 0.4833430178854451, "max_depth": 13.504120712237745, "n_estimators": 93.7499908289409}, "datetime": {"datetime": "2021-09-28 08:29:08", "elapsed": 231.948337, "delta": 1.275998}}
{"target": -16.830279892479645, "params": {"eta": 0.40751531708204036, "max_depth": 12.093181959918994, "n_estimators": 88.20002349191934}, "datetime": {"datetime": "2021-09-28 08:29:09", "elapsed": 233.157258, "delta": 1.208921}}
{"target": -17.11603677669079, "params": {"eta": 0.1543942859033184, "max_depth": 10.017539919155366, "n_estimators": 55.56460759417561}, "datetime": {"datetime": "2021-09-28 08:29:10", "elapsed": 234.329048, "delta": 1.17179}}
{"target": -15.6547225520976, "params": {"eta": 0.20765172702310591, "max_depth": 13.960557163366326, "n_estimators": 77.48435036128001}, "datetime": {"datetime": "2021-09-28 08:29:14", "elapsed": 237.476315, "delta": 1.413981}}
{"target": -18.90257230460122, "params": {"eta": 0.47852606918680596, "max_depth": 12.021937770033936, "n_estimators": 88.02355305892648}, "datetime": {"datetime": "2021-09-28 08:29:15", "elapsed": 238.750623, "delta": 1.274308}}
{"target": -15.820721727628595, "params": {"eta": 0.14935053657144176, "max_depth": 11.846855062723122, "n_estimators": 89.78567340234248}, "datetime": {"datetime": "2021-09-28 08:29:16", "elapsed": 240.213136, "delta": 1.462513}}
{"target": -17.940919828101475, "params": {"eta": 0.46987211335361595, "max_depth": 14.983268564151457, "n_estimators": 57.98126638403885}, "datetime": {"datetime": "2021-09-28 08:29:18", "elapsed": 241.467137, "delta": 1.254001}}
{"target": -17.592699935066644, "params": {"eta": 0.3125697760848482, "max_depth": 14.190289994547822, "n_estimators": 95.40030876852994}, "datetime": {"datetime": "2021-09-28 08:29:19", "elapsed": 243.255284, "delta": 1.788147}}
{"target": -15.452218681978684, "params": {"eta": 0.09221741416803325, "max_depth": 11.209331540352704, "n_estimators": 36.21402579968502}, "datetime": {"datetime": "2021-09-28 08:29:22", "elapsed": 245.464695, "delta": 2.209411}}
{"target": -17.16177255083865, "params": {"eta": 0.36137903170348457, "max_depth": 10.613160693533608, "n_estimators": 91.63780748526301}, "datetime": {"datetime": "2021-09-28 08:29:23", "elapsed": 246.799885, "delta": 1.33519}}
{"target": -16.311324612916355, "params": {"eta": 0.17428234709953394, "max_depth": 10.17601812706277, "n_estimators": 89.55495738734177}, "datetime": {"datetime": "2021-09-28 08:29:25", "elapsed": 248.537054, "delta": 1.737169}}
{"target": -19.70014778597205, "params": {"eta": 0.47104523352214717, "max_depth": 14.667542987284861, "n_estimators": 52.10403160491508}, "datetime": {"datetime": "2021-09-28 08:29:26", "elapsed": 249.912055, "delta": 1.375001}}
{"target": -17.90213344638063, "params": {"eta": 0.2579763885010777, "max_depth": 13.618405119541254, "n_estimators": 66.76107206175203}, "datetime": {"datetime": "2021-09-28 08:29:28", "elapsed": 251.652268, "delta": 1.740213}}
{"target": -17.39196038729815, "params": {"eta": 0.21845961449676438, "max_depth": 10.538350978456943, "n_estimators": 78.21902201384131}, "datetime": {"datetime": "2021-09-28 08:29:29", "elapsed": 252.995554, "delta": 1.343286}}
{"target": -16.96423239475534, "params": {"eta": 0.1675749463192457, "max_depth": 14.63243851453057, "n_estimators": 81.36753037559899}, "datetime": {"datetime": "2021-09-28 08:29:31", "elapsed": 254.523102, "delta": 1.527548}}
{"target": -17.378915092480128, "params": {"eta": 0.23600865516720743, "max_depth": 12.658718390900324, "n_estimators": 37.92292955443244}, "datetime": {"datetime": "2021-09-28 08:29:32", "elapsed": 255.789103, "delta": 1.266001}}
{"target": -16.72295965974341, "params": {"eta": 0.38748191584322916, "max_depth": 11.698760196544914, "n_estimators": 30.491723945919823}, "datetime": {"datetime": "2021-09-28 08:29:33", "elapsed": 256.865377, "delta": 1.076274}}
{"target": -15.673825241820802, "params": {"eta": 0.0982199294100778, "max_depth": 11.181857927388219, "n_estimators": 36.18352962550014}, "datetime": {"datetime": "2021-09-28 08:29:34", "elapsed": 258.415375, "delta": 1.549998}}
{"target": -17.450879045839052, "params": {"eta": 0.2802593875999916, "max_depth": 12.914739276773552, "n_estimators": 43.48866008147722}, "datetime": {"datetime": "2021-09-28 08:29:36", "elapsed": 259.596584, "delta": 1.181209}}
{"target": -19.11291674702587, "params": {"eta": 0.47124056776238243, "max_depth": 12.033802160327085, "n_estimators": 89.26540355371864}, "datetime": {"datetime": "2021-09-28 08:29:37", "elapsed": 260.893812, "delta": 1.297228}}
{"target": -17.632560316680827, "params": {"eta": 0.37149829224095926, "max_depth": 14.570785183425404, "n_estimators": 90.94096699839574}, "datetime": {"datetime": "2021-09-28 08:29:38", "elapsed": 262.29659, "delta": 1.402778}}
{"target": -15.744027013374428, "params": {"eta": 0.14935300010396654, "max_depth": 11.080380141032828, "n_estimators": 36.01270537833935}, "datetime": {"datetime": "2021-09-28 08:29:40", "elapsed": 264.001241, "delta": 1.704651}}
{"target": -17.052123038477358, "params": {"eta": 0.24809395812582458, "max_depth": 12.986273469903194, "n_estimators": 60.65848559445741}, "datetime": {"datetime": "2021-09-28 08:29:42", "elapsed": 265.572831, "delta": 1.57159}}
{"target": -16.598705449821836, "params": {"eta": 0.3936943545009566, "max_depth": 13.896967062570623, "n_estimators": 50.397890529724876}, "datetime": {"datetime": "2021-09-28 08:29:43", "elapsed": 266.851001, "delta": 1.27817}}
{"target": -17.379713920663008, "params": {"eta": 0.37083364752394876, "max_depth": 10.633557149925586, "n_estimators": 43.32995111745342}, "datetime": {"datetime": "2021-09-28 08:29:44", "elapsed": 268.307784, "delta": 1.456783}}
{"target": -15.456400371835013, "params": {"eta": 0.10088384300157119, "max_depth": 13.447277642532212, "n_estimators": 33.88805039010893}, "datetime": {"datetime": "2021-09-28 08:29:46", "elapsed": 269.846427, "delta": 1.538643}}
{"target": -19.509073438527004, "params": {"eta": 0.4513530182522177, "max_depth": 13.554151373314859, "n_estimators": 36.73337231091526}, "datetime": {"datetime": "2021-09-28 08:29:47", "elapsed": 271.13342, "delta": 1.286993}}
{"target": -15.407284925481186, "params": {"eta": 0.09877417406497759, "max_depth": 11.283409041886875, "n_estimators": 36.19719458131297}, "datetime": {"datetime": "2021-09-28 08:29:49", "elapsed": 272.914833, "delta": 1.781413}}
{"target": -18.595190329321998, "params": {"eta": 0.4763852237682216, "max_depth": 14.14431213407434, "n_estimators": 39.41151960824175}, "datetime": {"datetime": "2021-09-28 08:29:50", "elapsed": 274.065042, "delta": 1.150209}}
{"target": -15.797898412194138, "params": {"eta": 0.13031793146821619, "max_depth": 11.952356614787954, "n_estimators": 67.12015870153863}, "datetime": {"datetime": "2021-09-28 08:29:52", "elapsed": 275.574748, "delta": 1.509706}}
{"target": -15.64935372123045, "params": {"eta": 0.3971957924728544, "max_depth": 12.445097528309365, "n_estimators": 48.06114814779646}, "datetime": {"datetime": "2021-09-28 08:29:53", "elapsed": 276.932754, "delta": 1.358006}}
{"target": -18.179704605570077, "params": {"eta": 0.46746531551524073, "max_depth": 10.236506867360882, "n_estimators": 87.20845075868667}, "datetime": {"datetime": "2021-09-28 08:29:54", "elapsed": 278.184281, "delta": 1.251527}}
{"target": -19.649925786184873, "params": {"eta": 0.4730517995876179, "max_depth": 14.435041254483176, "n_estimators": 43.845928262983165}, "datetime": {"datetime": "2021-09-28 08:29:56", "elapsed": 279.451281, "delta": 1.267}}
{"target": -17.302101085342354, "params": {"eta": 0.3129037720110214, "max_depth": 11.82425655814672, "n_estimators": 95.59225081566954}, "datetime": {"datetime": "2021-09-28 08:29:58", "elapsed": 281.560982, "delta": 2.109701}}
{"target": -16.034952730518174, "params": {"eta": 0.12827579272402118, "max_depth": 12.532919309106969, "n_estimators": 54.91490298562255}, "datetime": {"datetime": "2021-09-28 08:29:59", "elapsed": 283.171721, "delta": 1.610739}}
