{"target": -25.58927057930593, "params": {"eta": 0.8648444287249403, "max_depth": 5.103823836691173, "n_estimators": 82.54514793951758}, "datetime": {"datetime": "2021-09-27 21:10:07", "elapsed": 165.437126, "delta": 1.061738}}
{"target": -17.24655264523875, "params": {"eta": 0.26219396375880655, "max_depth": 21.74748255183357, "n_estimators": 64.0511959861483}, "datetime": {"datetime": "2021-09-27 21:10:08", "elapsed": 167.221533, "delta": 1.784407}}
{"target": -15.501010006250038, "params": {"eta": 0.09364888994674395, "max_depth": 23.65403889703889, "n_estimators": 42.8565210294014}, "datetime": {"datetime": "2021-09-27 21:10:10", "elapsed": 168.582528, "delta": 1.360995}}
{"target": -17.561006741474365, "params": {"eta": 0.4133648249290756, "max_depth": 19.873448305259057, "n_estimators": 47.10976017800722}, "datetime": {"datetime": "2021-09-27 21:10:12", "elapsed": 170.56095, "delta": 1.978422}}
{"target": -26.070630055662253, "params": {"eta": 0.987131066032145, "max_depth": 7.418307821790029, "n_estimators": 80.03131158537111}, "datetime": {"datetime": "2021-09-27 21:10:13", "elapsed": 171.939602, "delta": 1.378652}}
{"target": -15.419711487696652, "params": {"eta": 0.20993993703341876, "max_depth": 13.755343003822663, "n_estimators": 55.120924663119595}, "datetime": {"datetime": "2021-09-27 21:10:14", "elapsed": 173.20767, "delta": 1.268068}}
{"target": -94.9827886237637, "params": {"eta": 0.001, "max_depth": 20.787387623599, "n_estimators": 26.49988672759766}, "datetime": {"datetime": "2021-09-27 21:10:16", "elapsed": 174.601674, "delta": 1.394004}}
{"target": -19.854848113502044, "params": {"eta": 0.5090679578232957, "max_depth": 16.31191318836904, "n_estimators": 57.27215542418812}, "datetime": {"datetime": "2021-09-27 21:10:17", "elapsed": 175.848294, "delta": 1.24662}}
{"target": -16.024780358792224, "params": {"eta": 0.3574958092508111, "max_depth": 7.506469456136123, "n_estimators": 14.88840844159255}, "datetime": {"datetime": "2021-09-27 21:10:18", "elapsed": 176.760827, "delta": 0.912533}}
{"target": -57.37510003342834, "params": {"eta": 0.0205696832605288, "max_depth": 22.55159905182264, "n_estimators": 26.42792545864426}, "datetime": {"datetime": "2021-09-27 21:10:19", "elapsed": 178.015053, "delta": 1.254226}}
{"target": -17.023312077320647, "params": {"eta": 0.23903053946493907, "max_depth": 29.069921078976876, "n_estimators": 44.585239392126965}, "datetime": {"datetime": "2021-09-27 21:10:21", "elapsed": 179.837334, "delta": 1.822281}}
{"target": -17.073842218684106, "params": {"eta": 0.21922776322600446, "max_depth": 14.471283175586596, "n_estimators": 54.65164360467056}, "datetime": {"datetime": "2021-09-27 21:10:23", "elapsed": 181.447336, "delta": 1.610002}}
{"target": -16.56655106390578, "params": {"eta": 0.44029444656595995, "max_depth": 14.572944418969215, "n_estimators": 22.326636542345877}, "datetime": {"datetime": "2021-09-27 21:10:24", "elapsed": 182.470616, "delta": 1.02328}}
{"target": -18.46447506110145, "params": {"eta": 0.05645881337470598, "max_depth": 3.7649334504851626, "n_estimators": 82.90400661114673}, "datetime": {"datetime": "2021-09-27 21:10:25", "elapsed": 183.985868, "delta": 1.515252}}
{"target": -92.99841173294907, "params": {"eta": 0.0013142140955762494, "max_depth": 15.364259511119911, "n_estimators": 36.24892127443649}, "datetime": {"datetime": "2021-09-27 21:10:26", "elapsed": 184.868871, "delta": 0.883003}}
{"target": -18.108865329842327, "params": {"eta": 0.2615371899920533, "max_depth": 13.274188082153453, "n_estimators": 54.29628863597578}, "datetime": {"datetime": "2021-09-27 21:10:28", "elapsed": 186.848528, "delta": 1.979657}}
{"target": -21.61504823817211, "params": {"eta": 0.7094565764571537, "max_depth": 14.373110673594109, "n_estimators": 44.38033696239214}, "datetime": {"datetime": "2021-09-27 21:10:29", "elapsed": 188.164203, "delta": 1.315675}}
{"target": -24.395013156636363, "params": {"eta": 0.8725542597935649, "max_depth": 8.080653299113116, "n_estimators": 64.44353284140647}, "datetime": {"datetime": "2021-09-27 21:10:30", "elapsed": 189.27453, "delta": 1.110327}}
{"target": -21.858140407369905, "params": {"eta": 0.9174583489154219, "max_depth": 3.10725449671542, "n_estimators": 86.8175981264674}, "datetime": {"datetime": "2021-09-27 21:10:33", "elapsed": 191.490203, "delta": 2.215673}}
{"target": -23.676049025533676, "params": {"eta": 0.20477198465049923, "max_depth": 1.1403069401878825, "n_estimators": 76.49861892717729}, "datetime": {"datetime": "2021-09-27 21:10:34", "elapsed": 192.472901, "delta": 0.982698}}
{"target": -15.293329757392552, "params": {"eta": 0.06987738513777732, "max_depth": 12.775260399204452, "n_estimators": 55.13861304653059}, "datetime": {"datetime": "2021-09-27 21:10:35", "elapsed": 193.978528, "delta": 1.505627}}
{"target": -26.48035857473384, "params": {"eta": 0.9622761792578989, "max_depth": 7.163136524896004, "n_estimators": 81.78370189342128}, "datetime": {"datetime": "2021-09-27 21:10:36", "elapsed": 195.009533, "delta": 1.031005}}
{"target": -23.40772266154684, "params": {"eta": 0.8751138495368775, "max_depth": 13.977478565449017, "n_estimators": 54.346422350377274}, "datetime": {"datetime": "2021-09-27 21:10:37", "elapsed": 196.15272, "delta": 1.143187}}
{"target": -18.70531044000225, "params": {"eta": 0.06330484106488861, "max_depth": 3.7600197232676584, "n_estimators": 82.89220639010955}, "datetime": {"datetime": "2021-09-27 21:10:38", "elapsed": 197.156723, "delta": 1.004003}}
{"target": -26.537187173282028, "params": {"eta": 0.9318270692896562, "max_depth": 13.301943716796487, "n_estimators": 55.48270181297764}, "datetime": {"datetime": "2021-09-27 21:10:40", "elapsed": 198.380021, "delta": 1.223298}}
{"target": -16.821396848488437, "params": {"eta": 0.29487167846541573, "max_depth": 12.053351011283606, "n_estimators": 54.43686168749499}, "datetime": {"datetime": "2021-09-27 21:10:42", "elapsed": 200.331272, "delta": 1.951251}}
{"target": -21.87092704451562, "params": {"eta": 0.5756264184397749, "max_depth": 11.829306206717058, "n_estimators": 55.30024746940113}, "datetime": {"datetime": "2021-09-27 21:10:43", "elapsed": 201.445633, "delta": 1.114361}}
{"target": -24.22213428137419, "params": {"eta": 0.8733884075205616, "max_depth": 7.689007413563236, "n_estimators": 14.189928082343496}, "datetime": {"datetime": "2021-09-27 21:10:44", "elapsed": 202.722377, "delta": 1.276744}}
{"target": -20.789846199402117, "params": {"eta": 0.5940683013484311, "max_depth": 11.752397508509173, "n_estimators": 93.83148166704196}, "datetime": {"datetime": "2021-09-27 21:10:45", "elapsed": 203.836529, "delta": 1.114152}}
{"target": -16.750126174400197, "params": {"eta": 0.3797396414562624, "max_depth": 29.770037943849463, "n_estimators": 45.09225739678456}, "datetime": {"datetime": "2021-09-27 21:10:47", "elapsed": 205.669304, "delta": 1.832775}}
{"target": -17.275294629828007, "params": {"eta": 0.034256096982412866, "max_depth": 4.377137119682887, "n_estimators": 83.51655948938443}, "datetime": {"datetime": "2021-09-27 21:10:49", "elapsed": 208.186512, "delta": 2.517208}}
{"target": -90.13013531348271, "params": {"eta": 0.001, "max_depth": 6.575772649145485, "n_estimators": 79.59205905491652}, "datetime": {"datetime": "2021-09-27 21:10:52", "elapsed": 210.519145, "delta": 2.332633}}
{"target": -26.635870125048218, "params": {"eta": 0.9713115165713425, "max_depth": 21.57061303947138, "n_estimators": 98.45782657949391}, "datetime": {"datetime": "2021-09-27 21:10:53", "elapsed": 211.763576, "delta": 1.244431}}
{"target": -26.634123408016624, "params": {"eta": 0.97123207268471, "max_depth": 29.69631969905883, "n_estimators": 44.48185960374737}, "datetime": {"datetime": "2021-09-27 21:10:55", "elapsed": 213.67193, "delta": 1.908354}}
{"target": -15.381163724668825, "params": {"eta": 0.059484500993970464, "max_depth": 13.840643185099767, "n_estimators": 56.00721713632585}, "datetime": {"datetime": "2021-09-27 21:10:57", "elapsed": 215.907282, "delta": 2.235352}}
{"target": -26.44918549431695, "params": {"eta": 0.9232797590349257, "max_depth": 12.604460691711088, "n_estimators": 54.56462722064867}, "datetime": {"datetime": "2021-09-27 21:10:59", "elapsed": 217.456274, "delta": 1.548992}}
{"target": -88.71571924440367, "params": {"eta": 0.001, "max_depth": 26.368877065884604, "n_estimators": 95.97678067110674}, "datetime": {"datetime": "2021-09-27 21:11:01", "elapsed": 220.250525, "delta": 2.794251}}
{"target": -51.33592635600387, "params": {"eta": 0.010204537309172024, "max_depth": 20.996244349571786, "n_estimators": 64.38923706545555}, "datetime": {"datetime": "2021-09-27 21:11:03", "elapsed": 221.91071, "delta": 1.660185}}
{"target": -21.63110910760017, "params": {"eta": 0.6538406162736012, "max_depth": 25.63457521958413, "n_estimators": 94.9593645593764}, "datetime": {"datetime": "2021-09-27 21:11:04", "elapsed": 223.304893, "delta": 1.394183}}
{"target": -16.512257663032575, "params": {"eta": 0.37384139515041487, "max_depth": 26.629081872330502, "n_estimators": 94.75465457503309}, "datetime": {"datetime": "2021-09-27 21:11:07", "elapsed": 225.641578, "delta": 2.336685}}
{"target": -89.41997226452901, "params": {"eta": 0.001, "max_depth": 5.545554802404935, "n_estimators": 87.09628153454516}, "datetime": {"datetime": "2021-09-27 21:11:09", "elapsed": 227.978583, "delta": 2.337005}}
{"target": -15.90353031421367, "params": {"eta": 0.1075928891961706, "max_depth": 13.10602527932207, "n_estimators": 55.776936500454845}, "datetime": {"datetime": "2021-09-27 21:11:11", "elapsed": 229.38158, "delta": 1.402997}}
{"target": -20.577928695351712, "params": {"eta": 0.5984384166123708, "max_depth": 13.052249070717114, "n_estimators": 59.55809436458936}, "datetime": {"datetime": "2021-09-27 21:11:12", "elapsed": 230.695582, "delta": 1.314002}}
{"target": -16.97949943045747, "params": {"eta": 0.09559462104290053, "max_depth": 4.968931852085669, "n_estimators": 85.88777747948133}, "datetime": {"datetime": "2021-09-27 21:11:14", "elapsed": 232.449974, "delta": 1.754392}}
{"target": -23.74398285458752, "params": {"eta": 0.747146236517133, "max_depth": 26.902014387116687, "n_estimators": 96.91555644768583}, "datetime": {"datetime": "2021-09-27 21:11:16", "elapsed": 234.515264, "delta": 2.06529}}
{"target": -19.86753479616189, "params": {"eta": 0.5646022001780158, "max_depth": 5.720604018023906, "n_estimators": 85.68982727961739}, "datetime": {"datetime": "2021-09-27 21:11:17", "elapsed": 236.282174, "delta": 1.76691}}
{"target": -23.3351227258132, "params": {"eta": 0.7890226463795952, "max_depth": 12.509706612307648, "n_estimators": 79.48687335622725}, "datetime": {"datetime": "2021-09-27 21:11:19", "elapsed": 237.560926, "delta": 1.278752}}
{"target": -15.662091098840241, "params": {"eta": 0.14474010578628216, "max_depth": 20.587398351335217, "n_estimators": 25.067917880299525}, "datetime": {"datetime": "2021-09-27 21:11:21", "elapsed": 239.74854, "delta": 2.187614}}
{"target": -26.208910950222435, "params": {"eta": 0.9551115515037716, "max_depth": 26.21629507472884, "n_estimators": 95.1441851849486}, "datetime": {"datetime": "2021-09-27 21:11:23", "elapsed": 241.333545, "delta": 1.585005}}
{"target": -93.02892091756057, "params": {"eta": 0.001, "max_depth": 20.32466432050031, "n_estimators": 47.544812960766386}, "datetime": {"datetime": "2021-09-27 21:11:24", "elapsed": 242.732159, "delta": 1.398614}}
{"target": -18.021372426723982, "params": {"eta": 0.2809344089492299, "max_depth": 19.364278964497544, "n_estimators": 47.24283561451441}, "datetime": {"datetime": "2021-09-27 21:11:26", "elapsed": 245.30365, "delta": 2.571491}}
{"target": -21.53176044356173, "params": {"eta": 0.7036490677848843, "max_depth": 19.353947955668747, "n_estimators": 47.75194374894462}, "datetime": {"datetime": "2021-09-27 21:11:28", "elapsed": 247.275864, "delta": 1.972214}}
{"target": -15.979463729628772, "params": {"eta": 0.057764162411793295, "max_depth": 20.72283222731192, "n_estimators": 49.49161065170547}, "datetime": {"datetime": "2021-09-27 21:11:30", "elapsed": 248.976953, "delta": 1.701089}}
{"target": -18.77172318940843, "params": {"eta": 0.22803548905433504, "max_depth": 3.5764525380116567, "n_estimators": 81.64494928618336}, "datetime": {"datetime": "2021-09-27 21:11:32", "elapsed": 250.647746, "delta": 1.670793}}
{"target": -17.194649344043402, "params": {"eta": 0.040099679053515566, "max_depth": 4.233678518725102, "n_estimators": 87.50570744347468}, "datetime": {"datetime": "2021-09-27 21:11:33", "elapsed": 252.203712, "delta": 1.555966}}
{"target": -16.91609417674971, "params": {"eta": 0.2272171315356827, "max_depth": 23.856165702839686, "n_estimators": 43.43402662095609}, "datetime": {"datetime": "2021-09-27 21:11:35", "elapsed": 254.277496, "delta": 2.073784}}
{"target": -19.039473113476227, "params": {"eta": 0.4715310631126326, "max_depth": 19.430023225702502, "n_estimators": 46.470094127947426}, "datetime": {"datetime": "2021-09-27 21:11:38", "elapsed": 256.438495, "delta": 2.160999}}
{"target": -21.10092298432458, "params": {"eta": 0.6192294336225378, "max_depth": 23.735715516891563, "n_estimators": 52.78968585985604}, "datetime": {"datetime": "2021-09-27 21:11:39", "elapsed": 258.115571, "delta": 1.677076}}
{"target": -17.31268834569063, "params": {"eta": 0.15926130957302084, "max_depth": 6.034012730906855, "n_estimators": 81.44269416467388}, "datetime": {"datetime": "2021-09-27 21:11:41", "elapsed": 260.277313, "delta": 2.161742}}
{"target": -18.619890831731993, "params": {"eta": 0.0628717188574255, "max_depth": 3.5959339658703495, "n_estimators": 84.95171408618124}, "datetime": {"datetime": "2021-09-27 21:11:43", "elapsed": 262.247147, "delta": 1.969834}}
{"target": -27.375481493956418, "params": {"eta": 0.9881575658793488, "max_depth": 27.59402824081395, "n_estimators": 96.84463965059024}, "datetime": {"datetime": "2021-09-27 21:11:45", "elapsed": 264.018814, "delta": 1.771667}}
{"target": -18.407439661346125, "params": {"eta": 0.08515328066063362, "max_depth": 3.8149931104750525, "n_estimators": 83.97839121364794}, "datetime": {"datetime": "2021-09-27 21:11:47", "elapsed": 265.50725, "delta": 1.488436}}
{"target": -23.993593914209995, "params": {"eta": 0.7540305069098772, "max_depth": 22.070069323392524, "n_estimators": 64.35925549071803}, "datetime": {"datetime": "2021-09-27 21:11:49", "elapsed": 267.711493, "delta": 2.204243}}
{"target": -24.61144653384533, "params": {"eta": 0.7507200789436, "max_depth": 28.952257934204955, "n_estimators": 29.23770654553103}, "datetime": {"datetime": "2021-09-27 21:11:50", "elapsed": 269.081493, "delta": 1.37}}
{"target": -17.26619946226957, "params": {"eta": 0.308453169746339, "max_depth": 25.376105392674926, "n_estimators": 44.23472410794037}, "datetime": {"datetime": "2021-09-27 21:11:53", "elapsed": 271.382981, "delta": 2.301488}}
{"target": -27.313807973429505, "params": {"eta": 0.9521105229256603, "max_depth": 25.978744227266905, "n_estimators": 43.746268284852874}, "datetime": {"datetime": "2021-09-27 21:11:55", "elapsed": 273.492546, "delta": 2.109565}}
{"target": -21.724836267060958, "params": {"eta": 0.021294411674994584, "max_depth": 6.089897197071425, "n_estimators": 82.38661089756143}, "datetime": {"datetime": "2021-09-27 21:11:57", "elapsed": 275.534848, "delta": 2.042302}}
{"target": -15.978320459199583, "params": {"eta": 0.15063395736794297, "max_depth": 29.6639184920254, "n_estimators": 17.87206359110751}, "datetime": {"datetime": "2021-09-27 21:11:58", "elapsed": 276.685615, "delta": 1.150767}}
{"target": -48.350845681015755, "params": {"eta": 0.013040196467570452, "max_depth": 14.899569886299592, "n_estimators": 55.99825629588241}, "datetime": {"datetime": "2021-09-27 21:12:00", "elapsed": 278.460951, "delta": 1.775336}}
{"target": -88.64755990627658, "params": {"eta": 0.015785569233003505, "max_depth": 7.4308261427165805, "n_estimators": 6.054792689519073}, "datetime": {"datetime": "2021-09-27 21:12:01", "elapsed": 279.687054, "delta": 1.226103}}
{"target": -22.86040993788937, "params": {"eta": 0.7328271717185751, "max_depth": 23.812769946408178, "n_estimators": 95.35475697973237}, "datetime": {"datetime": "2021-09-27 21:12:02", "elapsed": 281.206049, "delta": 1.518995}}
{"target": -17.10753035305946, "params": {"eta": 0.3875270393770613, "max_depth": 6.403944274098065, "n_estimators": 6.30912887542286}, "datetime": {"datetime": "2021-09-27 21:12:04", "elapsed": 282.406084, "delta": 1.200035}}
{"target": -17.74856042365386, "params": {"eta": 0.38184951047113014, "max_depth": 19.890030317489053, "n_estimators": 47.08419341056775}, "datetime": {"datetime": "2021-09-27 21:12:05", "elapsed": 284.076276, "delta": 1.670192}}
{"target": -16.672036806806375, "params": {"eta": 0.23449621085731825, "max_depth": 21.032676683994048, "n_estimators": 48.260826622864805}, "datetime": {"datetime": "2021-09-27 21:12:07", "elapsed": 286.090061, "delta": 2.013785}}
{"target": -24.341920461623076, "params": {"eta": 0.01838311980881216, "max_depth": 4.398928464222274, "n_estimators": 84.87450678952223}, "datetime": {"datetime": "2021-09-27 21:12:09", "elapsed": 288.151307, "delta": 2.061246}}
{"target": -17.41362475101714, "params": {"eta": 0.26262310809936484, "max_depth": 29.18615055453448, "n_estimators": 45.41429044614326}, "datetime": {"datetime": "2021-09-27 21:12:12", "elapsed": 290.971661, "delta": 2.820354}}
{"target": -92.56916195479027, "params": {"eta": 0.001, "max_depth": 24.111647726450286, "n_estimators": 52.7535911552811}, "datetime": {"datetime": "2021-09-27 21:12:14", "elapsed": 292.750037, "delta": 1.778376}}
{"target": -27.30239522289546, "params": {"eta": 0.976509371613161, "max_depth": 23.91392400303807, "n_estimators": 52.08120833581745}, "datetime": {"datetime": "2021-09-27 21:12:16", "elapsed": 294.341792, "delta": 1.591755}}
{"target": -17.8506078334037, "params": {"eta": 0.11126853732090167, "max_depth": 3.343390560864771, "n_estimators": 83.47581685422973}, "datetime": {"datetime": "2021-09-27 21:12:17", "elapsed": 296.169458, "delta": 1.827666}}
{"target": -25.911167123198332, "params": {"eta": 0.9603801782560943, "max_depth": 21.32390013097892, "n_estimators": 91.1607013152164}, "datetime": {"datetime": "2021-09-27 21:12:19", "elapsed": 297.488728, "delta": 1.31927}}
{"target": -23.904683717784078, "params": {"eta": 0.8026521018340044, "max_depth": 24.263536562702257, "n_estimators": 41.98813603244963}, "datetime": {"datetime": "2021-09-27 21:12:20", "elapsed": 299.088148, "delta": 1.59942}}
{"target": -24.02955929516119, "params": {"eta": 0.8604922214338624, "max_depth": 24.216044549610874, "n_estimators": 53.93604820051389}, "datetime": {"datetime": "2021-09-27 21:12:22", "elapsed": 301.016101, "delta": 1.927953}}
{"target": -16.777929773939498, "params": {"eta": 0.172045756695826, "max_depth": 22.86239456406443, "n_estimators": 52.37292111203773}, "datetime": {"datetime": "2021-09-27 21:12:25", "elapsed": 303.557402, "delta": 2.541301}}
{"target": -16.980734758510525, "params": {"eta": 0.24837710570366364, "max_depth": 23.63981422102841, "n_estimators": 53.91602687784387}, "datetime": {"datetime": "2021-09-27 21:12:27", "elapsed": 305.899402, "delta": 2.342}}
{"target": -27.286620026874363, "params": {"eta": 0.948922721708617, "max_depth": 12.727239066196837, "n_estimators": 83.06188218333888}, "datetime": {"datetime": "2021-09-27 21:12:29", "elapsed": 307.540692, "delta": 1.64129}}
{"target": -15.698129229794016, "params": {"eta": 0.08932527848683107, "max_depth": 23.005473900546495, "n_estimators": 51.63207026408765}, "datetime": {"datetime": "2021-09-27 21:12:31", "elapsed": 309.703491, "delta": 2.162799}}
{"target": -23.622180591679502, "params": {"eta": 0.961074468994922, "max_depth": 4.817808951041988, "n_estimators": 87.69678848768064}, "datetime": {"datetime": "2021-09-27 21:12:33", "elapsed": 311.882533, "delta": 2.179042}}
{"target": -18.659604764611316, "params": {"eta": 0.02540355053097859, "max_depth": 5.269493158657983, "n_estimators": 82.95478078326195}, "datetime": {"datetime": "2021-09-27 21:12:36", "elapsed": 315.183748, "delta": 3.301215}}
{"target": -27.690531575649004, "params": {"eta": 0.9475648164610194, "max_depth": 20.113840148621083, "n_estimators": 46.53058727105898}, "datetime": {"datetime": "2021-09-27 21:12:39", "elapsed": 317.407888, "delta": 2.22414}}
{"target": -15.50069696791764, "params": {"eta": 0.09210756679107335, "max_depth": 16.15660971718912, "n_estimators": 56.799960471465184}, "datetime": {"datetime": "2021-09-27 21:12:41", "elapsed": 319.581211, "delta": 2.173323}}
{"target": -20.18377462603137, "params": {"eta": 0.22525729702960573, "max_depth": 2.0209051369640676, "n_estimators": 85.22772544781195}, "datetime": {"datetime": "2021-09-27 21:12:42", "elapsed": 320.877747, "delta": 1.296536}}
{"target": -27.936237810690734, "params": {"eta": 0.9311290197348215, "max_depth": 28.07174932625219, "n_estimators": 32.261416126951325}, "datetime": {"datetime": "2021-09-27 21:12:44", "elapsed": 322.350153, "delta": 1.472406}}
{"target": -16.02448776769565, "params": {"eta": 0.14902175879504678, "max_depth": 14.041716516377761, "n_estimators": 57.37028603206817}, "datetime": {"datetime": "2021-09-27 21:12:46", "elapsed": 324.711305, "delta": 2.361152}}
{"target": -16.524862714331604, "params": {"eta": 0.33033608305301815, "max_depth": 4.122435675050272, "n_estimators": 69.19547399100415}, "datetime": {"datetime": "2021-09-27 21:12:48", "elapsed": 326.375471, "delta": 1.664166}}
{"target": -41.47462700778433, "params": {"eta": 0.02452785898458279, "max_depth": 28.671084963937183, "n_estimators": 36.675121613772305}, "datetime": {"datetime": "2021-09-27 21:12:50", "elapsed": 328.415844, "delta": 2.040373}}
{"target": -21.34926038030468, "params": {"eta": 0.7217302222842753, "max_depth": 5.787576117565112, "n_estimators": 6.190523980397236}, "datetime": {"datetime": "2021-09-27 21:12:52", "elapsed": 330.511064, "delta": 2.09522}}
