{"target": -20.062271511318652, "params": {"eta": 0.27411414316664395, "max_depth": 4.940811517742575, "n_estimators": 231.57999000732627}, "datetime": {"datetime": "2021-09-27 22:25:50", "elapsed": 715.527288, "delta": 3.570848}}
{"target": -18.207189428054207, "params": {"eta": 0.11398169334640885, "max_depth": 22.929218564791373, "n_estimators": 270.5763359030004}, "datetime": {"datetime": "2021-09-27 22:25:55", "elapsed": 720.142996, "delta": 4.615708}}
{"target": -16.88019836484528, "params": {"eta": 0.4253395096098536, "max_depth": 10.604454385234654, "n_estimators": 224.32797578926846}, "datetime": {"datetime": "2021-09-27 22:25:58", "elapsed": 723.302481, "delta": 3.159485}}
{"target": -16.36142881084985, "params": {"eta": 0.4204485879042269, "max_depth": 10.475041662376794, "n_estimators": 224.23706390996898}, "datetime": {"datetime": "2021-09-27 22:26:02", "elapsed": 726.802074, "delta": 3.499593}}
{"target": -17.60903431229145, "params": {"eta": 0.12364337220034181, "max_depth": 14.430235839232587, "n_estimators": 298.5412155282452}, "datetime": {"datetime": "2021-09-27 22:26:06", "elapsed": 730.851773, "delta": 4.049699}}
{"target": -17.859191815566835, "params": {"eta": 0.02071494785085856, "max_depth": 13.77005583268565, "n_estimators": 258.2002665257851}, "datetime": {"datetime": "2021-09-27 22:26:09", "elapsed": 734.459305, "delta": 3.607532}}
{"target": -18.35521864602249, "params": {"eta": 0.13036079826525776, "max_depth": 15.429220199678449, "n_estimators": 212.66884062587656}, "datetime": {"datetime": "2021-09-27 22:26:12", "elapsed": 737.088305, "delta": 2.629}}
{"target": -20.22904464924105, "params": {"eta": 0.24672791896318239, "max_depth": 14.205250924165131, "n_estimators": 298.4050808968946}, "datetime": {"datetime": "2021-09-27 22:26:15", "elapsed": 740.528049, "delta": 3.439744}}
{"target": -25.23178655017828, "params": {"eta": 0.25120176766695157, "max_depth": 1.367826540240114, "n_estimators": 298.6303788708768}, "datetime": {"datetime": "2021-09-27 22:26:17", "elapsed": 742.354046, "delta": 1.825997}}
{"target": -17.668145726958784, "params": {"eta": 0.028406654908716564, "max_depth": 8.59640837140742, "n_estimators": 280.29668830541823}, "datetime": {"datetime": "2021-09-27 22:26:21", "elapsed": 746.17533, "delta": 3.821284}}
{"target": -20.129601143264356, "params": {"eta": 0.5495071419937433, "max_depth": 10.808836037869787, "n_estimators": 214.43497958494973}, "datetime": {"datetime": "2021-09-27 22:26:23", "elapsed": 748.311286, "delta": 2.135956}}
{"target": -18.236058778228077, "params": {"eta": 0.39812040238175606, "max_depth": 27.150929579371155, "n_estimators": 224.81277059562836}, "datetime": {"datetime": "2021-09-27 22:26:28", "elapsed": 752.577404, "delta": 4.266118}}
{"target": -22.84316983430824, "params": {"eta": 0.5837186462257358, "max_depth": 28.00948560057868, "n_estimators": 270.5099638276394}, "datetime": {"datetime": "2021-09-27 22:26:31", "elapsed": 756.048832, "delta": 3.471428}}
{"target": -17.178330044268566, "params": {"eta": 0.06661255116766313, "max_depth": 4.64535401174569, "n_estimators": 250.50644683564596}, "datetime": {"datetime": "2021-09-27 22:26:35", "elapsed": 759.874673, "delta": 3.825841}}
{"target": -17.59417072810091, "params": {"eta": 0.4345646574496803, "max_depth": 23.22139391554726, "n_estimators": 214.21917947562244}, "datetime": {"datetime": "2021-09-27 22:26:37", "elapsed": 762.079177, "delta": 2.204504}}
{"target": -19.751723646600258, "params": {"eta": 0.5446411157757804, "max_depth": 14.509409019511741, "n_estimators": 277.6039150694732}, "datetime": {"datetime": "2021-09-27 22:26:39", "elapsed": 764.278638, "delta": 2.199461}}
{"target": -19.286803108400544, "params": {"eta": 0.3262165904721878, "max_depth": 10.493536048922438, "n_estimators": 224.3511295116553}, "datetime": {"datetime": "2021-09-27 22:26:43", "elapsed": 767.767277, "delta": 3.488639}}
{"target": -18.559654557072143, "params": {"eta": 0.1357385401473024, "max_depth": 11.64784538511911, "n_estimators": 286.3981552862349}, "datetime": {"datetime": "2021-09-27 22:26:46", "elapsed": 770.590995, "delta": 2.823718}}
{"target": -17.36290066581466, "params": {"eta": 0.04115597799019139, "max_depth": 4.091487840759186, "n_estimators": 251.22049009965033}, "datetime": {"datetime": "2021-09-27 22:26:50", "elapsed": 775.060843, "delta": 4.469848}}
{"target": -17.501825932177457, "params": {"eta": 0.01697535705201459, "max_depth": 22.76994314849636, "n_estimators": 270.7864465445662}, "datetime": {"datetime": "2021-09-27 22:26:56", "elapsed": 781.067977, "delta": 6.007134}}
{"target": -18.251187516025176, "params": {"eta": 0.04498679297161067, "max_depth": 28.650001588293225, "n_estimators": 296.0801751873248}, "datetime": {"datetime": "2021-09-27 22:27:00", "elapsed": 785.300926, "delta": 4.232949}}
{"target": -17.54708769381905, "params": {"eta": 0.09035095754674873, "max_depth": 4.7940433161436244, "n_estimators": 231.75760179434252}, "datetime": {"datetime": "2021-09-27 22:27:04", "elapsed": 789.071707, "delta": 3.770781}}
{"target": -19.071395976364254, "params": {"eta": 0.48581074637200833, "max_depth": 10.591572524612056, "n_estimators": 224.005385998259}, "datetime": {"datetime": "2021-09-27 22:27:08", "elapsed": 793.169028, "delta": 4.097321}}
{"target": -22.781159906196883, "params": {"eta": 0.5834780028851211, "max_depth": 10.395411528290213, "n_estimators": 224.14171302580738}, "datetime": {"datetime": "2021-09-27 22:27:11", "elapsed": 796.54839, "delta": 3.379362}}
{"target": -18.185068051779453, "params": {"eta": 0.12856293780515662, "max_depth": 13.262566596705264, "n_estimators": 293.02115001397726}, "datetime": {"datetime": "2021-09-27 22:27:14", "elapsed": 799.306618, "delta": 2.758228}}
{"target": -18.682812377173256, "params": {"eta": 0.3681174678356741, "max_depth": 14.28724127153189, "n_estimators": 298.5551117426495}, "datetime": {"datetime": "2021-09-27 22:27:19", "elapsed": 804.035497, "delta": 4.728879}}
{"target": -18.150071790972643, "params": {"eta": 0.10782958331235128, "max_depth": 25.724827742279743, "n_estimators": 213.62574960190344}, "datetime": {"datetime": "2021-09-27 22:27:22", "elapsed": 806.894573, "delta": 2.859076}}
{"target": -19.464041248469503, "params": {"eta": 0.3121559455632245, "max_depth": 4.8819441454882675, "n_estimators": 250.26016193712732}, "datetime": {"datetime": "2021-09-27 22:27:26", "elapsed": 810.602865, "delta": 3.708292}}
{"target": -17.000291468687617, "params": {"eta": 0.034976628795525315, "max_depth": 4.933408707387491, "n_estimators": 231.53122806673846}, "datetime": {"datetime": "2021-09-27 22:27:29", "elapsed": 814.385606, "delta": 3.782741}}
{"target": -18.14776391520141, "params": {"eta": 0.039770358508802645, "max_depth": 7.914895541936092, "n_estimators": 264.17430307638836}, "datetime": {"datetime": "2021-09-27 22:27:34", "elapsed": 819.392528, "delta": 5.006922}}
{"target": -17.17800512894193, "params": {"eta": 0.08023743319310005, "max_depth": 4.753661636609775, "n_estimators": 250.77285237023972}, "datetime": {"datetime": "2021-09-27 22:27:38", "elapsed": 823.249161, "delta": 3.856633}}
{"target": -18.428598051110477, "params": {"eta": 0.20849868809518146, "max_depth": 28.51384485444326, "n_estimators": 225.53428675690796}, "datetime": {"datetime": "2021-09-27 22:27:41", "elapsed": 825.757238, "delta": 2.508077}}
{"target": -20.30305262939902, "params": {"eta": 0.23214592742658105, "max_depth": 4.436915760143684, "n_estimators": 231.61141034808935}, "datetime": {"datetime": "2021-09-27 22:27:45", "elapsed": 830.39837, "delta": 4.641132}}
{"target": -18.349728918095387, "params": {"eta": 0.07562674340829827, "max_depth": 16.30203029218517, "n_estimators": 282.2515387076147}, "datetime": {"datetime": "2021-09-27 22:27:49", "elapsed": 833.875881, "delta": 3.477511}}
{"target": -19.054236729734026, "params": {"eta": 0.3166023426389987, "max_depth": 10.585361552729307, "n_estimators": 224.08720137984255}, "datetime": {"datetime": "2021-09-27 22:27:53", "elapsed": 837.626077, "delta": 3.750196}}
{"target": -17.000520940719902, "params": {"eta": 0.4669144373884279, "max_depth": 14.034453743451373, "n_estimators": 298.4322564861534}, "datetime": {"datetime": "2021-09-27 22:27:57", "elapsed": 842.438336, "delta": 4.812259}}
{"target": -18.434611329892704, "params": {"eta": 0.16828477871765227, "max_depth": 4.2644963269915825, "n_estimators": 231.62450004278793}, "datetime": {"datetime": "2021-09-27 22:28:00", "elapsed": 844.801219, "delta": 2.362883}}
{"target": -18.012494797261454, "params": {"eta": 0.050760573512723624, "max_depth": 8.935068790329831, "n_estimators": 235.8273644444727}, "datetime": {"datetime": "2021-09-27 22:28:04", "elapsed": 849.182585, "delta": 4.381366}}
{"target": -18.295013312849747, "params": {"eta": 0.2168082318506869, "max_depth": 22.800625227414926, "n_estimators": 270.7475482719908}, "datetime": {"datetime": "2021-09-27 22:28:09", "elapsed": 853.616457, "delta": 4.433872}}
{"target": -19.028174960639422, "params": {"eta": 0.22554461987219687, "max_depth": 5.289903421924149, "n_estimators": 208.96411721094807}, "datetime": {"datetime": "2021-09-27 22:28:13", "elapsed": 857.594686, "delta": 3.978229}}
{"target": -18.383511255736938, "params": {"eta": 0.0676083646904687, "max_depth": 26.15825200546667, "n_estimators": 272.17548540026877}, "datetime": {"datetime": "2021-09-27 22:28:16", "elapsed": 861.401028, "delta": 3.806342}}
{"target": -19.963301176378337, "params": {"eta": 0.5078212816434552, "max_depth": 10.627202829397254, "n_estimators": 224.39071453648427}, "datetime": {"datetime": "2021-09-27 22:28:20", "elapsed": 865.354882, "delta": 3.953854}}
{"target": -17.38523767572077, "params": {"eta": 0.03179502966145055, "max_depth": 4.568934691565648, "n_estimators": 249.94230932937944}, "datetime": {"datetime": "2021-09-27 22:28:24", "elapsed": 869.197705, "delta": 3.842823}}
{"target": -17.287101431714703, "params": {"eta": 0.027912503849418673, "max_depth": 4.045333916808479, "n_estimators": 251.1138626651528}, "datetime": {"datetime": "2021-09-27 22:28:28", "elapsed": 872.872703, "delta": 3.674998}}
{"target": -17.687367418132744, "params": {"eta": 0.36254497357063165, "max_depth": 5.512353291237752, "n_estimators": 228.75558978046135}, "datetime": {"datetime": "2021-09-27 22:28:30", "elapsed": 875.225994, "delta": 2.353291}}
{"target": -17.778537338264858, "params": {"eta": 0.0473681176389371, "max_depth": 22.749434684569383, "n_estimators": 270.6709917259896}, "datetime": {"datetime": "2021-09-27 22:28:36", "elapsed": 880.985529, "delta": 5.759535}}
{"target": -17.12248948483971, "params": {"eta": 0.18457602442782645, "max_depth": 4.569748305199196, "n_estimators": 251.18985305549228}, "datetime": {"datetime": "2021-09-27 22:28:40", "elapsed": 884.994029, "delta": 4.0085}}
{"target": -18.708944894582622, "params": {"eta": 0.3408751306339809, "max_depth": 17.030095504647576, "n_estimators": 209.69012005923773}, "datetime": {"datetime": "2021-09-27 22:28:42", "elapsed": 887.218612, "delta": 2.224583}}
{"target": -17.651066964892966, "params": {"eta": 0.10794764957228474, "max_depth": 4.2629354900920955, "n_estimators": 231.48555218919554}, "datetime": {"datetime": "2021-09-27 22:28:46", "elapsed": 890.850243, "delta": 3.631631}}
{"target": -17.14678204515739, "params": {"eta": 0.05794169231857929, "max_depth": 4.473869466571239, "n_estimators": 250.4464675136402}, "datetime": {"datetime": "2021-09-27 22:28:51", "elapsed": 896.280666, "delta": 5.430423}}
{"target": -17.676840108375654, "params": {"eta": 0.09067154345261413, "max_depth": 5.090159577834756, "n_estimators": 231.83926727161452}, "datetime": {"datetime": "2021-09-27 22:28:56", "elapsed": 901.359288, "delta": 5.078622}}
{"target": -18.765869464337843, "params": {"eta": 0.307911026737632, "max_depth": 23.60202750716111, "n_estimators": 221.51878182096095}, "datetime": {"datetime": "2021-09-27 22:28:59", "elapsed": 904.05048, "delta": 2.691192}}
{"target": -17.66343807337435, "params": {"eta": 0.01772858271303348, "max_depth": 4.674538234111411, "n_estimators": 250.90664786567785}, "datetime": {"datetime": "2021-09-27 22:29:03", "elapsed": 908.08986, "delta": 4.03938}}
{"target": -18.17548230292863, "params": {"eta": 0.27615950367313746, "max_depth": 21.808780679772436, "n_estimators": 266.87561382912634}, "datetime": {"datetime": "2021-09-27 22:29:07", "elapsed": 912.209952, "delta": 4.120092}}
{"target": -18.838063086006493, "params": {"eta": 0.3039730417260969, "max_depth": 23.495262518451575, "n_estimators": 280.54801171212387}, "datetime": {"datetime": "2021-09-27 22:29:10", "elapsed": 914.674515, "delta": 2.464563}}
{"target": -19.24809796490048, "params": {"eta": 0.4888392329629564, "max_depth": 13.924318568640146, "n_estimators": 298.5432071670475}, "datetime": {"datetime": "2021-09-27 22:29:13", "elapsed": 918.427162, "delta": 3.752647}}
{"target": -17.63850050942541, "params": {"eta": 0.017972970975931788, "max_depth": 4.156442503998583, "n_estimators": 231.64428882686593}, "datetime": {"datetime": "2021-09-27 22:29:17", "elapsed": 922.195997, "delta": 3.768835}}
{"target": -17.177248553718286, "params": {"eta": 0.018502015921602624, "max_depth": 9.260777824259156, "n_estimators": 230.89262143642694}, "datetime": {"datetime": "2021-09-27 22:29:23", "elapsed": 927.596723, "delta": 5.400726}}
{"target": -18.71575960677957, "params": {"eta": 0.1669004890504977, "max_depth": 18.48542679926547, "n_estimators": 269.0446496458137}, "datetime": {"datetime": "2021-09-27 22:29:25", "elapsed": 930.303461, "delta": 2.706738}}
{"target": -17.232459850735058, "params": {"eta": 0.4679429728386258, "max_depth": 9.117499211337547, "n_estimators": 203.1401373502151}, "datetime": {"datetime": "2021-09-27 22:29:29", "elapsed": 934.1725, "delta": 3.869039}}
{"target": -17.72773591001597, "params": {"eta": 0.018463578568101414, "max_depth": 4.237246324815623, "n_estimators": 250.18181384740183}, "datetime": {"datetime": "2021-09-27 22:29:33", "elapsed": 938.367926, "delta": 4.195426}}
{"target": -17.57817869457918, "params": {"eta": 0.4302564980508904, "max_depth": 13.221802407808322, "n_estimators": 265.0134137677442}, "datetime": {"datetime": "2021-09-27 22:29:37", "elapsed": 942.22981, "delta": 3.861884}}
{"target": -18.34118565171397, "params": {"eta": 0.12489387163801616, "max_depth": 22.662336360370404, "n_estimators": 270.36889976166736}, "datetime": {"datetime": "2021-09-27 22:29:42", "elapsed": 947.140834, "delta": 4.911024}}
{"target": -18.92184212044691, "params": {"eta": 0.48719639837203277, "max_depth": 10.541966907108353, "n_estimators": 224.31176630146422}, "datetime": {"datetime": "2021-09-27 22:29:48", "elapsed": 952.794642, "delta": 5.653808}}
{"target": -17.89440005061048, "params": {"eta": 0.029323868836701718, "max_depth": 10.828523507872081, "n_estimators": 239.49998831391662}, "datetime": {"datetime": "2021-09-27 22:29:51", "elapsed": 955.946767, "delta": 3.152125}}
{"target": -17.577534596082007, "params": {"eta": 0.42984371657669934, "max_depth": 28.182597582262407, "n_estimators": 220.02639272162847}, "datetime": {"datetime": "2021-09-27 22:29:53", "elapsed": 958.566489, "delta": 2.619722}}
{"target": -18.648629831236594, "params": {"eta": 0.16487178263839952, "max_depth": 22.794365028551727, "n_estimators": 270.5067724905382}, "datetime": {"datetime": "2021-09-27 22:29:58", "elapsed": 963.325444, "delta": 4.758955}}
{"target": -17.61189918192648, "params": {"eta": 0.145286641872882, "max_depth": 7.783405646234375, "n_estimators": 264.043196131494}, "datetime": {"datetime": "2021-09-27 22:30:03", "elapsed": 968.083959, "delta": 4.758515}}
{"target": -17.10308142516498, "params": {"eta": 0.45988311288012734, "max_depth": 14.076218374773482, "n_estimators": 298.347070495212}, "datetime": {"datetime": "2021-09-27 22:30:07", "elapsed": 972.274038, "delta": 4.190079}}
{"target": -19.864245998237415, "params": {"eta": 0.519970326960428, "max_depth": 18.863293352810782, "n_estimators": 268.6967373683796}, "datetime": {"datetime": "2021-09-27 22:30:10", "elapsed": 974.928332, "delta": 2.654294}}
{"target": -20.39561072021962, "params": {"eta": 0.2595699173795581, "max_depth": 10.927119555535093, "n_estimators": 235.86437424893248}, "datetime": {"datetime": "2021-09-27 22:30:12", "elapsed": 977.205334, "delta": 2.277002}}
{"target": -16.747474753085577, "params": {"eta": 0.06507702636331694, "max_depth": 4.879944925921029, "n_estimators": 250.414774131444}, "datetime": {"datetime": "2021-09-27 22:30:16", "elapsed": 980.801334, "delta": 3.596}}
{"target": -17.79007835090207, "params": {"eta": 0.08778136938180976, "max_depth": 4.392523552653374, "n_estimators": 250.2774233552147}, "datetime": {"datetime": "2021-09-27 22:30:21", "elapsed": 986.312456, "delta": 5.511122}}
{"target": -17.754234237278197, "params": {"eta": 0.37399346396455085, "max_depth": 10.640493858308822, "n_estimators": 224.36386753501023}, "datetime": {"datetime": "2021-09-27 22:30:25", "elapsed": 990.316087, "delta": 4.003631}}
{"target": -18.586998860685163, "params": {"eta": 0.16780736033354235, "max_depth": 9.059412558817938, "n_estimators": 257.8622029467197}, "datetime": {"datetime": "2021-09-27 22:30:28", "elapsed": 993.013284, "delta": 2.697197}}
{"target": -18.223382134351326, "params": {"eta": 0.1217373846929678, "max_depth": 10.820848412471554, "n_estimators": 239.48867713307428}, "datetime": {"datetime": "2021-09-27 22:30:31", "elapsed": 995.770062, "delta": 2.756778}}
{"target": -20.12070500848587, "params": {"eta": 0.5339861837652689, "max_depth": 24.897494644704192, "n_estimators": 211.17826543601888}, "datetime": {"datetime": "2021-09-27 22:30:33", "elapsed": 998.297246, "delta": 2.527184}}
{"target": -18.204583252048558, "params": {"eta": 0.11368065974322551, "max_depth": 8.824820048189814, "n_estimators": 254.30185521983904}, "datetime": {"datetime": "2021-09-27 22:30:36", "elapsed": 1001.393514, "delta": 3.096268}}
{"target": -17.702022651528754, "params": {"eta": 0.08981390785764495, "max_depth": 12.24408732399209, "n_estimators": 267.4086929291898}, "datetime": {"datetime": "2021-09-27 22:30:40", "elapsed": 1004.695796, "delta": 3.302282}}
{"target": -18.31005731032987, "params": {"eta": 0.37020764648229515, "max_depth": 7.932799162846933, "n_estimators": 219.55401874462956}, "datetime": {"datetime": "2021-09-27 22:30:42", "elapsed": 1007.163947, "delta": 2.468151}}
{"target": -18.5046763175673, "params": {"eta": 0.1117710158609809, "max_depth": 7.985593780849946, "n_estimators": 264.4299436362264}, "datetime": {"datetime": "2021-09-27 22:30:46", "elapsed": 1011.551952, "delta": 4.388005}}
{"target": -17.179798411701803, "params": {"eta": 0.058980832769893035, "max_depth": 4.6307434123545494, "n_estimators": 249.76299877338172}, "datetime": {"datetime": "2021-09-27 22:30:50", "elapsed": 1015.4065, "delta": 3.854548}}
{"target": -17.622883662055322, "params": {"eta": 0.034344278763176736, "max_depth": 24.027925485557315, "n_estimators": 215.45794306889138}, "datetime": {"datetime": "2021-09-27 22:30:54", "elapsed": 1019.088883, "delta": 3.682383}}
{"target": -20.533942057230227, "params": {"eta": 0.4961005741537617, "max_depth": 23.24731157524551, "n_estimators": 287.5174054167753}, "datetime": {"datetime": "2021-09-27 22:30:56", "elapsed": 1021.501377, "delta": 2.412494}}
{"target": -19.718291992779026, "params": {"eta": 0.23983963009029116, "max_depth": 22.659267512729734, "n_estimators": 241.67328490920647}, "datetime": {"datetime": "2021-09-27 22:30:59", "elapsed": 1024.06328, "delta": 2.561903}}
{"target": -19.46550299359766, "params": {"eta": 0.4874276097442496, "max_depth": 16.992799856608062, "n_estimators": 284.69284036863024}, "datetime": {"datetime": "2021-09-27 22:31:04", "elapsed": 1029.434228, "delta": 5.370948}}
{"target": -18.850022594232453, "params": {"eta": 0.2167201638329853, "max_depth": 4.338759427015601, "n_estimators": 249.99187277519272}, "datetime": {"datetime": "2021-09-27 22:31:09", "elapsed": 1033.623122, "delta": 4.188894}}
{"target": -17.236748428042414, "params": {"eta": 0.041670091421874896, "max_depth": 4.468901104295901, "n_estimators": 231.64381385750872}, "datetime": {"datetime": "2021-09-27 22:31:13", "elapsed": 1038.376609, "delta": 4.753487}}
{"target": -18.766094089903934, "params": {"eta": 0.27604566788224627, "max_depth": 5.467707475322401, "n_estimators": 228.8675792525708}, "datetime": {"datetime": "2021-09-27 22:31:18", "elapsed": 1043.033294, "delta": 4.656685}}
{"target": -17.5655234367867, "params": {"eta": 0.05370612155780782, "max_depth": 7.869051037595663, "n_estimators": 263.9642703896844}, "datetime": {"datetime": "2021-09-27 22:31:23", "elapsed": 1047.809474, "delta": 4.77618}}
{"target": -17.62855223706025, "params": {"eta": 0.06503291056415625, "max_depth": 8.360488516115772, "n_estimators": 280.3443673670674}, "datetime": {"datetime": "2021-09-27 22:31:27", "elapsed": 1052.51501, "delta": 4.705536}}
{"target": -18.732056528234477, "params": {"eta": 0.28023217755569213, "max_depth": 20.3348499801996, "n_estimators": 251.90336351225744}, "datetime": {"datetime": "2021-09-27 22:31:30", "elapsed": 1055.313116, "delta": 2.798106}}
{"target": -17.684022772314158, "params": {"eta": 0.01, "max_depth": 4.58105983103063, "n_estimators": 250.22468470793055}, "datetime": {"datetime": "2021-09-27 22:31:35", "elapsed": 1059.767971, "delta": 4.454855}}
{"target": -18.472467661418897, "params": {"eta": 0.10873590864503485, "max_depth": 12.559765955085629, "n_estimators": 253.7668425114009}, "datetime": {"datetime": "2021-09-27 22:31:38", "elapsed": 1062.779792, "delta": 3.011821}}
{"target": -17.129509642213396, "params": {"eta": 0.0511212656432609, "max_depth": 4.19924599480673, "n_estimators": 251.25828146389972}, "datetime": {"datetime": "2021-09-27 22:31:42", "elapsed": 1067.496032, "delta": 4.71624}}
