{"target": -16.401377395113123, "params": {"eta": 0.12845989442319095, "max_depth": 10.496115149871281, "n_estimators": 82.81304973155538}, "datetime": {"datetime": "2021-09-28 08:30:01", "elapsed": 284.704601, "delta": 1.53288}}
{"target": -16.712086644745295, "params": {"eta": 0.151601414555738, "max_depth": 10.843880908293338, "n_estimators": 67.11140698165458}, "datetime": {"datetime": "2021-09-28 08:30:03", "elapsed": 286.475602, "delta": 1.771001}}
{"target": -15.659394777048224, "params": {"eta": 0.39722162172556746, "max_depth": 12.504452358058437, "n_estimators": 48.10737056852669}, "datetime": {"datetime": "2021-09-28 08:30:05", "elapsed": 288.627437, "delta": 2.151835}}
{"target": -17.106704550272603, "params": {"eta": 0.3649973319193344, "max_depth": 11.579344613420492, "n_estimators": 63.10851564217815}, "datetime": {"datetime": "2021-09-28 08:30:06", "elapsed": 289.982438, "delta": 1.355001}}
{"target": -16.679934447406428, "params": {"eta": 0.37277388559788194, "max_depth": 10.53019036437768, "n_estimators": 91.5320525995821}, "datetime": {"datetime": "2021-09-28 08:30:07", "elapsed": 291.405857, "delta": 1.423419}}
{"target": -16.221867242543958, "params": {"eta": 0.10515051084073454, "max_depth": 13.359256887273489, "n_estimators": 77.90180531076831}, "datetime": {"datetime": "2021-09-28 08:30:09", "elapsed": 293.018074, "delta": 1.612217}}
{"target": -16.379450059647805, "params": {"eta": 0.23374463743677903, "max_depth": 12.19988005059514, "n_estimators": 81.51268918680987}, "datetime": {"datetime": "2021-09-28 08:30:11", "elapsed": 294.966047, "delta": 1.947973}}
{"target": -16.253955971539185, "params": {"eta": 0.2124119257277009, "max_depth": 10.27627953323203, "n_estimators": 98.56857710795687}, "datetime": {"datetime": "2021-09-28 08:30:13", "elapsed": 296.62433, "delta": 1.658283}}
{"target": -16.889730433602352, "params": {"eta": 0.2358479212597822, "max_depth": 11.029571857353616, "n_estimators": 35.99334720516036}, "datetime": {"datetime": "2021-09-28 08:30:15", "elapsed": 298.493787, "delta": 1.869457}}
{"target": -17.21295515644056, "params": {"eta": 0.2562131641472232, "max_depth": 12.641369402490414, "n_estimators": 75.3778268592402}, "datetime": {"datetime": "2021-09-28 08:30:16", "elapsed": 299.978787, "delta": 1.485}}
{"target": -17.330057414410707, "params": {"eta": 0.2697503087056319, "max_depth": 13.576032246010353, "n_estimators": 84.19200153291682}, "datetime": {"datetime": "2021-09-28 08:30:18", "elapsed": 301.676059, "delta": 1.697272}}
{"target": -15.854536007966107, "params": {"eta": 0.13391827316074284, "max_depth": 14.87228696146494, "n_estimators": 42.00290211591809}, "datetime": {"datetime": "2021-09-28 08:30:20", "elapsed": 304.029439, "delta": 2.35338}}
{"target": -17.94172609041492, "params": {"eta": 0.4562832216047974, "max_depth": 14.594721434895733, "n_estimators": 85.48088590032162}, "datetime": {"datetime": "2021-09-28 08:30:22", "elapsed": 305.779339, "delta": 1.7499}}
{"target": -16.214926297645423, "params": {"eta": 0.15489568715622665, "max_depth": 10.848997084028163, "n_estimators": 36.21089299305065}, "datetime": {"datetime": "2021-09-28 08:30:24", "elapsed": 308.190401, "delta": 2.411062}}
{"target": -17.806387171060557, "params": {"eta": 0.3052682393514164, "max_depth": 11.882381360990731, "n_estimators": 95.69188636578046}, "datetime": {"datetime": "2021-09-28 08:30:26", "elapsed": 310.12429, "delta": 1.933889}}
{"target": -16.98864293565177, "params": {"eta": 0.44086542191005873, "max_depth": 12.4623843232145, "n_estimators": 48.11157359232885}, "datetime": {"datetime": "2021-09-28 08:30:28", "elapsed": 312.225417, "delta": 2.101127}}
{"target": -16.329578792840575, "params": {"eta": 0.21834183507123772, "max_depth": 10.6204896103876, "n_estimators": 52.59347064433611}, "datetime": {"datetime": "2021-09-28 08:30:30", "elapsed": 313.637085, "delta": 1.411668}}
{"target": -16.854720535600805, "params": {"eta": 0.12474285113318051, "max_depth": 11.140043402262178, "n_estimators": 36.12648913183589}, "datetime": {"datetime": "2021-09-28 08:30:32", "elapsed": 315.73804, "delta": 2.100955}}
{"target": -16.589796023229646, "params": {"eta": 0.17611302291165687, "max_depth": 11.256055483579264, "n_estimators": 36.27174311142335}, "datetime": {"datetime": "2021-09-28 08:30:34", "elapsed": 317.518227, "delta": 1.780187}}
{"target": -15.601687974619729, "params": {"eta": 0.08549877205130688, "max_depth": 13.458485381605955, "n_estimators": 61.12268246285612}, "datetime": {"datetime": "2021-09-28 08:30:35", "elapsed": 319.122511, "delta": 1.604284}}
{"target": -15.278743587626515, "params": {"eta": 0.11172099370531681, "max_depth": 11.20858193213628, "n_estimators": 36.06689866026216}, "datetime": {"datetime": "2021-09-28 08:30:37", "elapsed": 320.843894, "delta": 1.721383}}
{"target": -17.66609708518807, "params": {"eta": 0.2785957473425535, "max_depth": 13.805348180982143, "n_estimators": 52.76853002705246}, "datetime": {"datetime": "2021-09-28 08:30:39", "elapsed": 322.863604, "delta": 2.01971}}
{"target": -17.483187637378606, "params": {"eta": 0.4113458039644861, "max_depth": 12.53985769619514, "n_estimators": 48.04849439186181}, "datetime": {"datetime": "2021-09-28 08:30:41", "elapsed": 325.068909, "delta": 2.205305}}
{"target": -18.73771445066082, "params": {"eta": 0.4598171981809602, "max_depth": 13.13162701270791, "n_estimators": 66.2506977545603}, "datetime": {"datetime": "2021-09-28 08:30:43", "elapsed": 326.628044, "delta": 1.559135}}
{"target": -17.01394766808671, "params": {"eta": 0.2692220502728123, "max_depth": 14.81235763522424, "n_estimators": 69.37573902049908}, "datetime": {"datetime": "2021-09-28 08:30:44", "elapsed": 328.229103, "delta": 1.601059}}
{"target": -16.222741239927995, "params": {"eta": 0.3272766552022702, "max_depth": 12.469599503874704, "n_estimators": 43.42660179762538}, "datetime": {"datetime": "2021-09-28 08:30:46", "elapsed": 329.646489, "delta": 1.417386}}
{"target": -15.556348306667308, "params": {"eta": 0.11476640890333814, "max_depth": 11.35212969789296, "n_estimators": 36.17546824088456}, "datetime": {"datetime": "2021-09-28 08:30:48", "elapsed": 331.717743, "delta": 2.071254}}
{"target": -15.545764806913965, "params": {"eta": 0.19267420067128196, "max_depth": 13.90260516770337, "n_estimators": 77.53270003395986}, "datetime": {"datetime": "2021-09-28 08:30:50", "elapsed": 334.141573, "delta": 2.42383}}
{"target": -17.09647258488341, "params": {"eta": 0.2773408306233753, "max_depth": 14.383583503332577, "n_estimators": 99.59888261938835}, "datetime": {"datetime": "2021-09-28 08:30:52", "elapsed": 335.735441, "delta": 1.593868}}
{"target": -17.216911948737028, "params": {"eta": 0.323958157999054, "max_depth": 11.128460676382625, "n_estimators": 75.6656768705628}, "datetime": {"datetime": "2021-09-28 08:30:53", "elapsed": 337.399666, "delta": 1.664225}}
{"target": -17.365281143762715, "params": {"eta": 0.1889301150053115, "max_depth": 13.6500750224432, "n_estimators": 66.82091961460584}, "datetime": {"datetime": "2021-09-28 08:30:56", "elapsed": 339.911716, "delta": 2.51205}}
{"target": -15.644480584400863, "params": {"eta": 0.20830225231639438, "max_depth": 10.919547257089087, "n_estimators": 66.94236628549605}, "datetime": {"datetime": "2021-09-28 08:30:58", "elapsed": 342.287253, "delta": 2.375537}}
{"target": -16.054102980158472, "params": {"eta": 0.133738254770022, "max_depth": 12.369948124330998, "n_estimators": 88.3188594028714}, "datetime": {"datetime": "2021-09-28 08:31:01", "elapsed": 344.550367, "delta": 2.263114}}
{"target": -16.99983168375361, "params": {"eta": 0.21868822590986342, "max_depth": 13.090575045626839, "n_estimators": 39.74954875751432}, "datetime": {"datetime": "2021-09-28 08:31:02", "elapsed": 346.346368, "delta": 1.796001}}
{"target": -20.205527959083767, "params": {"eta": 0.4931212309017005, "max_depth": 13.108607890313673, "n_estimators": 56.178995001241866}, "datetime": {"datetime": "2021-09-28 08:31:04", "elapsed": 347.950759, "delta": 1.604391}}
{"target": -17.21483555664055, "params": {"eta": 0.16384550799358316, "max_depth": 14.230717090782012, "n_estimators": 34.950637367356165}, "datetime": {"datetime": "2021-09-28 08:31:06", "elapsed": 349.89837, "delta": 1.947611}}
{"target": -16.372973949650866, "params": {"eta": 0.36978900502751416, "max_depth": 12.229468624572522, "n_estimators": 32.43954714669095}, "datetime": {"datetime": "2021-09-28 08:31:08", "elapsed": 351.518065, "delta": 1.619695}}
{"target": -15.9366120729641, "params": {"eta": 0.13367488937990588, "max_depth": 10.435522315652515, "n_estimators": 63.996255044287416}, "datetime": {"datetime": "2021-09-28 08:31:09", "elapsed": 353.310296, "delta": 1.792231}}
{"target": -16.206898137544112, "params": {"eta": 0.20070292456652727, "max_depth": 12.793873510276153, "n_estimators": 35.0953680471955}, "datetime": {"datetime": "2021-09-28 08:31:11", "elapsed": 354.810811, "delta": 1.500515}}
{"target": -16.984917288413683, "params": {"eta": 0.23974663764850834, "max_depth": 11.214670871444705, "n_estimators": 31.40505518781427}, "datetime": {"datetime": "2021-09-28 08:31:12", "elapsed": 356.204813, "delta": 1.394002}}
{"target": -17.546590216729324, "params": {"eta": 0.18410384289771797, "max_depth": 14.954760209401213, "n_estimators": 42.00041990374267}, "datetime": {"datetime": "2021-09-28 08:31:15", "elapsed": 358.844234, "delta": 2.639421}}
{"target": -16.347008078080176, "params": {"eta": 0.39447452103015396, "max_depth": 12.630690145920866, "n_estimators": 93.52822384076151}, "datetime": {"datetime": "2021-09-28 08:31:16", "elapsed": 360.408235, "delta": 1.564001}}
{"target": -16.02753997030118, "params": {"eta": 0.13939654353571201, "max_depth": 11.172613563533014, "n_estimators": 36.035544356797104}, "datetime": {"datetime": "2021-09-28 08:31:19", "elapsed": 362.579522, "delta": 2.171287}}
{"target": -17.492627708806463, "params": {"eta": 0.4106168910836616, "max_depth": 13.318136980463171, "n_estimators": 43.71168395490194}, "datetime": {"datetime": "2021-09-28 08:31:20", "elapsed": 364.210682, "delta": 1.63116}}
{"target": -16.844964906748856, "params": {"eta": 0.11099217057997976, "max_depth": 12.184623563987596, "n_estimators": 90.14449097872286}, "datetime": {"datetime": "2021-09-28 08:31:23", "elapsed": 366.843471, "delta": 2.632789}}
{"target": -15.428748385796057, "params": {"eta": 0.15035304419043705, "max_depth": 13.607983369322003, "n_estimators": 66.74589522108651}, "datetime": {"datetime": "2021-09-28 08:31:25", "elapsed": 369.158432, "delta": 2.314961}}
{"target": -16.005684306868762, "params": {"eta": 0.11519823536381767, "max_depth": 11.256510571522327, "n_estimators": 36.2165917761888}, "datetime": {"datetime": "2021-09-28 08:31:27", "elapsed": 371.150171, "delta": 1.991739}}
{"target": -17.096224477625455, "params": {"eta": 0.23279411721826737, "max_depth": 14.390562244641774, "n_estimators": 86.60094773104487}, "datetime": {"datetime": "2021-09-28 08:31:29", "elapsed": 373.280232, "delta": 2.130061}}
{"target": -17.383759715492044, "params": {"eta": 0.2482493374269817, "max_depth": 10.88965639256259, "n_estimators": 36.22427131206228}, "datetime": {"datetime": "2021-09-28 08:31:32", "elapsed": 375.468099, "delta": 2.187867}}
{"target": -18.458834234252517, "params": {"eta": 0.4782501969487325, "max_depth": 14.491402798698136, "n_estimators": 37.556478516539464}, "datetime": {"datetime": "2021-09-28 08:31:33", "elapsed": 377.04605, "delta": 1.577951}}
{"target": -16.905956279857985, "params": {"eta": 0.35791257598820236, "max_depth": 14.635329518226708, "n_estimators": 95.24213744466722}, "datetime": {"datetime": "2021-09-28 08:31:35", "elapsed": 378.979835, "delta": 1.933785}}
{"target": -16.093415653141594, "params": {"eta": 0.09445504390694189, "max_depth": 14.428145032084007, "n_estimators": 94.99549848467448}, "datetime": {"datetime": "2021-09-28 08:31:37", "elapsed": 380.906268, "delta": 1.926433}}
{"target": -18.491540768265015, "params": {"eta": 0.47410107395595735, "max_depth": 13.42529356809598, "n_estimators": 58.53939512884811}, "datetime": {"datetime": "2021-09-28 08:31:39", "elapsed": 382.51427, "delta": 1.608002}}
{"target": -15.444965528941868, "params": {"eta": 0.20717984634077613, "max_depth": 14.58586498593611, "n_estimators": 69.4869923765578}, "datetime": {"datetime": "2021-09-28 08:31:40", "elapsed": 384.173616, "delta": 1.659346}}
{"target": -16.92600985179082, "params": {"eta": 0.3593917661332007, "max_depth": 11.358996545953413, "n_estimators": 40.38350014307874}, "datetime": {"datetime": "2021-09-28 08:31:42", "elapsed": 385.78145, "delta": 1.607834}}
{"target": -17.58277396124831, "params": {"eta": 0.3238795328867829, "max_depth": 12.875601110507425, "n_estimators": 88.43543586001138}, "datetime": {"datetime": "2021-09-28 08:31:44", "elapsed": 387.497185, "delta": 1.715735}}
{"target": -16.85509027992164, "params": {"eta": 0.1782464883057338, "max_depth": 12.355163647212589, "n_estimators": 88.31303050495562}, "datetime": {"datetime": "2021-09-28 08:31:46", "elapsed": 389.854882, "delta": 2.357697}}
{"target": -15.87440605279162, "params": {"eta": 0.11498131669824638, "max_depth": 14.934787308649202, "n_estimators": 41.87312036251819}, "datetime": {"datetime": "2021-09-28 08:31:48", "elapsed": 392.128818, "delta": 2.273936}}
{"target": -16.87042436543899, "params": {"eta": 0.3588989760000169, "max_depth": 12.976676580959696, "n_estimators": 88.88382074627631}, "datetime": {"datetime": "2021-09-28 08:31:50", "elapsed": 393.69633, "delta": 1.567512}}
{"target": -19.97065450246681, "params": {"eta": 0.4846909297324678, "max_depth": 14.052061348208152, "n_estimators": 31.867132841209404}, "datetime": {"datetime": "2021-09-28 08:31:51", "elapsed": 395.250487, "delta": 1.554157}}
{"target": -16.61540603907197, "params": {"eta": 0.2939963704336283, "max_depth": 11.073050690947936, "n_estimators": 82.58522416976533}, "datetime": {"datetime": "2021-09-28 08:31:53", "elapsed": 396.921489, "delta": 1.671002}}
{"target": -16.43267629103852, "params": {"eta": 0.34181891469113873, "max_depth": 10.366949482407694, "n_estimators": 64.10916437753845}, "datetime": {"datetime": "2021-09-28 08:31:55", "elapsed": 398.639689, "delta": 1.7182}}
{"target": -17.198948503988472, "params": {"eta": 0.16554226889249246, "max_depth": 13.898808560467177, "n_estimators": 77.4983127236253}, "datetime": {"datetime": "2021-09-28 08:31:58", "elapsed": 401.663486, "delta": 3.023797}}
{"target": -16.6267998586621, "params": {"eta": 0.36939303773018134, "max_depth": 13.13712336622957, "n_estimators": 39.37521252711382}, "datetime": {"datetime": "2021-09-28 08:31:59", "elapsed": 403.303602, "delta": 1.640116}}
{"target": -16.166744056054448, "params": {"eta": 0.31814819964909374, "max_depth": 10.557274931029973, "n_estimators": 66.9973428298212}, "datetime": {"datetime": "2021-09-28 08:32:01", "elapsed": 405.052394, "delta": 1.748792}}
{"target": -15.67042757864037, "params": {"eta": 0.084990650750089, "max_depth": 13.783344037694471, "n_estimators": 91.11295683066976}, "datetime": {"datetime": "2021-09-28 08:32:03", "elapsed": 406.858517, "delta": 1.806123}}
{"target": -15.618475775645521, "params": {"eta": 0.12620253145498264, "max_depth": 13.246139514515612, "n_estimators": 69.64189484571173}, "datetime": {"datetime": "2021-09-28 08:32:05", "elapsed": 408.566514, "delta": 1.707997}}
{"target": -16.16846869787832, "params": {"eta": 0.326372394965192, "max_depth": 14.389264015561693, "n_estimators": 62.07545125226387}, "datetime": {"datetime": "2021-09-28 08:32:07", "elapsed": 410.463517, "delta": 1.897003}}
{"target": -20.220049463859556, "params": {"eta": 0.49896596423257783, "max_depth": 12.792723590795987, "n_estimators": 49.1584264849737}, "datetime": {"datetime": "2021-09-28 08:32:08", "elapsed": 412.02466, "delta": 1.561143}}
{"target": -16.143876931436118, "params": {"eta": 0.13297720495168633, "max_depth": 14.280468480273958, "n_estimators": 34.91544657271977}, "datetime": {"datetime": "2021-09-28 08:32:10", "elapsed": 414.223588, "delta": 2.198928}}
{"target": -20.489422707169506, "params": {"eta": 0.4966310200874738, "max_depth": 10.517177192725189, "n_estimators": 95.1508192851164}, "datetime": {"datetime": "2021-09-28 08:32:12", "elapsed": 415.952842, "delta": 1.729254}}
{"target": -16.907311347999034, "params": {"eta": 0.1674008278580304, "max_depth": 13.058152635638974, "n_estimators": 51.70668413479221}, "datetime": {"datetime": "2021-09-28 08:32:14", "elapsed": 417.796089, "delta": 1.843247}}
{"target": -16.34408423856575, "params": {"eta": 0.29092991723652395, "max_depth": 13.44679546186275, "n_estimators": 48.68833009383611}, "datetime": {"datetime": "2021-09-28 08:32:15", "elapsed": 419.437185, "delta": 1.641096}}
{"target": -17.275951527049028, "params": {"eta": 0.22796462903803844, "max_depth": 10.580081728423337, "n_estimators": 53.28681011944626}, "datetime": {"datetime": "2021-09-28 08:32:17", "elapsed": 421.272209, "delta": 1.835024}}
{"target": -16.646400994294584, "params": {"eta": 0.18554203036026712, "max_depth": 14.133027551401451, "n_estimators": 66.7775146567889}, "datetime": {"datetime": "2021-09-28 08:32:19", "elapsed": 423.02421, "delta": 1.752001}}
{"target": -16.94926823583965, "params": {"eta": 0.1719796463869575, "max_depth": 13.588536163122464, "n_estimators": 66.79114604329078}, "datetime": {"datetime": "2021-09-28 08:32:22", "elapsed": 425.928636, "delta": 2.904426}}
{"target": -16.577765781657305, "params": {"eta": 0.3333666970455096, "max_depth": 12.472238356335463, "n_estimators": 48.071942251688064}, "datetime": {"datetime": "2021-09-28 08:32:25", "elapsed": 428.83704, "delta": 2.908404}}
{"target": -16.68212931255087, "params": {"eta": 0.16711033775385592, "max_depth": 10.716464645048461, "n_estimators": 31.546001622870442}, "datetime": {"datetime": "2021-09-28 08:32:26", "elapsed": 430.277039, "delta": 1.439999}}
{"target": -16.568713925734873, "params": {"eta": 0.2999204069153304, "max_depth": 11.588729237513451, "n_estimators": 46.50780425413444}, "datetime": {"datetime": "2021-09-28 08:32:28", "elapsed": 432.011897, "delta": 1.734858}}
{"target": -16.781073731050014, "params": {"eta": 0.13710345885120248, "max_depth": 12.434799736741768, "n_estimators": 54.93332991071522}, "datetime": {"datetime": "2021-09-28 08:32:31", "elapsed": 434.62645, "delta": 2.614553}}
{"target": -17.69365711975625, "params": {"eta": 0.26869938306282115, "max_depth": 13.715684813696893, "n_estimators": 91.84829188182921}, "datetime": {"datetime": "2021-09-28 08:32:32", "elapsed": 436.327727, "delta": 1.701277}}
{"target": -15.367011735102626, "params": {"eta": 0.13059238847084134, "max_depth": 11.215439502269057, "n_estimators": 44.434827781124675}, "datetime": {"datetime": "2021-09-28 08:32:34", "elapsed": 438.153247, "delta": 1.82552}}
{"target": -20.059439235989693, "params": {"eta": 0.48073471291822517, "max_depth": 13.955208282505588, "n_estimators": 39.96750851619466}, "datetime": {"datetime": "2021-09-28 08:32:36", "elapsed": 439.850528, "delta": 1.697281}}
{"target": -15.616498226467732, "params": {"eta": 0.09345683894758751, "max_depth": 11.283120692957594, "n_estimators": 36.04270963822123}, "datetime": {"datetime": "2021-09-28 08:32:39", "elapsed": 442.477249, "delta": 2.626721}}
{"target": -20.517425887662853, "params": {"eta": 0.4972124712927593, "max_depth": 13.362638653159095, "n_estimators": 43.5837723904988}, "datetime": {"datetime": "2021-09-28 08:32:40", "elapsed": 444.110387, "delta": 1.633138}}
{"target": -17.854193604925598, "params": {"eta": 0.4559686970995382, "max_depth": 13.63536277815957, "n_estimators": 78.42533687116082}, "datetime": {"datetime": "2021-09-28 08:32:42", "elapsed": 446.067513, "delta": 1.957126}}
{"target": -15.66805751496233, "params": {"eta": 0.39675521255937785, "max_depth": 11.248537156610912, "n_estimators": 64.3507995935391}, "datetime": {"datetime": "2021-09-28 08:32:44", "elapsed": 447.760513, "delta": 1.693}}
{"target": -16.16560092065923, "params": {"eta": 0.11376484089270086, "max_depth": 11.243219510636743, "n_estimators": 36.122377503847886}, "datetime": {"datetime": "2021-09-28 08:32:47", "elapsed": 450.50764, "delta": 2.747127}}
{"target": -15.336368396001765, "params": {"eta": 0.08251437804532542, "max_depth": 11.548164425063433, "n_estimators": 44.11174444472873}, "datetime": {"datetime": "2021-09-28 08:32:49", "elapsed": 453.273462, "delta": 2.765822}}
{"target": -19.10480256529398, "params": {"eta": 0.4711161792562098, "max_depth": 12.24912132553241, "n_estimators": 72.63188571330542}, "datetime": {"datetime": "2021-09-28 08:32:51", "elapsed": 454.984792, "delta": 1.71133}}
{"target": -16.080439988930053, "params": {"eta": 0.1089404839566495, "max_depth": 11.233896287827774, "n_estimators": 36.16214304557809}, "datetime": {"datetime": "2021-09-28 08:32:54", "elapsed": 457.488975, "delta": 2.504183}}
{"target": -15.450857702097343, "params": {"eta": 0.09636888312282116, "max_depth": 10.140284228653154, "n_estimators": 39.8250424874475}, "datetime": {"datetime": "2021-09-28 08:32:55", "elapsed": 459.018599, "delta": 1.529624}}
{"target": -17.34743313152964, "params": {"eta": 0.1816882136326044, "max_depth": 13.901580482957417, "n_estimators": 77.60475797488323}, "datetime": {"datetime": "2021-09-28 08:32:58", "elapsed": 461.891808, "delta": 2.873209}}
{"target": -16.06436653233308, "params": {"eta": 0.12634704795793056, "max_depth": 11.220441619417672, "n_estimators": 44.37716575484674}, "datetime": {"datetime": "2021-09-28 08:33:00", "elapsed": 464.117701, "delta": 2.225893}}
{"target": -16.031241096461248, "params": {"eta": 0.143365397201918, "max_depth": 13.966767036212122, "n_estimators": 37.72729381374686}, "datetime": {"datetime": "2021-09-28 08:33:02", "elapsed": 465.822705, "delta": 1.705004}}
