{"target": -23.306559812775184, "params": {"eta": 0.01, "max_depth": 19.606066205648993, "n_estimators": 169.95835445991108}, "datetime": {"datetime": "2021-09-27 21:39:49", "elapsed": 275.912287, "delta": 2.614695}}
{"target": -18.809859840359458, "params": {"eta": 0.2830580468147593, "max_depth": 16.932726887913816, "n_estimators": 71.46428837999494}, "datetime": {"datetime": "2021-09-27 21:39:51", "elapsed": 277.882502, "delta": 1.970215}}
{"target": -18.584540247575436, "params": {"eta": 0.24284494604841952, "max_depth": 16.82387317636895, "n_estimators": 138.3785882653107}, "datetime": {"datetime": "2021-09-27 21:39:53", "elapsed": 280.419354, "delta": 2.536852}}
{"target": -21.454616122344937, "params": {"eta": 0.6, "max_depth": 4.906647550744408, "n_estimators": 54.65264393508963}, "datetime": {"datetime": "2021-09-27 21:39:55", "elapsed": 282.458518, "delta": 2.039164}}
{"target": -17.59801657901229, "params": {"eta": 0.4342516936903279, "max_depth": 8.370935141014638, "n_estimators": 59.07303184809547}, "datetime": {"datetime": "2021-09-27 21:39:57", "elapsed": 284.183483, "delta": 1.724965}}
{"target": -61.831564925591096, "params": {"eta": 0.01, "max_depth": 5.18158144142291, "n_estimators": 46.31405199422435}, "datetime": {"datetime": "2021-09-27 21:39:59", "elapsed": 286.051113, "delta": 1.86763}}
{"target": -19.179509226197, "params": {"eta": 0.3033301027457708, "max_depth": 5.415138025054522, "n_estimators": 28.525716180454182}, "datetime": {"datetime": "2021-09-27 21:40:01", "elapsed": 288.055902, "delta": 2.004789}}
{"target": -40.551985343383905, "params": {"eta": 0.01, "max_depth": 23.41551010673237, "n_estimators": 92.8026989428984}, "datetime": {"datetime": "2021-09-27 21:40:03", "elapsed": 289.708883, "delta": 1.652981}}
{"target": -20.568891475218955, "params": {"eta": 0.26979842862242276, "max_depth": 17.75736165675781, "n_estimators": 86.70214701735424}, "datetime": {"datetime": "2021-09-27 21:40:05", "elapsed": 292.58897, "delta": 2.880087}}
{"target": -18.601057484487427, "params": {"eta": 0.08841667685952141, "max_depth": 20.818758095043645, "n_estimators": 84.35407456348115}, "datetime": {"datetime": "2021-09-27 21:40:08", "elapsed": 295.45259, "delta": 2.86362}}
{"target": -19.397202080373305, "params": {"eta": 0.2477263882833744, "max_depth": 20.644030334573735, "n_estimators": 186.57025628577145}, "datetime": {"datetime": "2021-09-27 21:40:11", "elapsed": 297.676462, "delta": 2.223872}}
{"target": -18.665454961553532, "params": {"eta": 0.09998426059668415, "max_depth": 11.016042724525056, "n_estimators": 109.23905443242418}, "datetime": {"datetime": "2021-09-27 21:40:13", "elapsed": 300.115948, "delta": 2.439486}}
{"target": -19.361523595998914, "params": {"eta": 0.48641274599857137, "max_depth": 15.295500290117012, "n_estimators": 107.38573461533957}, "datetime": {"datetime": "2021-09-27 21:40:16", "elapsed": 302.95658, "delta": 2.840632}}
{"target": -17.648779729683454, "params": {"eta": 0.06304821214835804, "max_depth": 25.567432980613308, "n_estimators": 135.70033727582825}, "datetime": {"datetime": "2021-09-27 21:40:19", "elapsed": 306.073907, "delta": 3.117327}}
{"target": -19.01360500441068, "params": {"eta": 0.28421252409572767, "max_depth": 27.4900573601477, "n_estimators": 147.2242907740733}, "datetime": {"datetime": "2021-09-27 21:40:22", "elapsed": 309.625136, "delta": 3.551229}}
{"target": -18.998316670809672, "params": {"eta": 0.24819217141642205, "max_depth": 12.188055240055853, "n_estimators": 154.09566046717205}, "datetime": {"datetime": "2021-09-27 21:40:25", "elapsed": 311.859818, "delta": 2.234682}}
{"target": -24.433835047229653, "params": {"eta": 0.4965638724053806, "max_depth": 1.0229502943378304, "n_estimators": 50.649434994771234}, "datetime": {"datetime": "2021-09-27 21:40:27", "elapsed": 313.884812, "delta": 2.024994}}
{"target": -19.506291126140166, "params": {"eta": 0.5215562689680098, "max_depth": 27.08298045950883, "n_estimators": 191.9623582338036}, "datetime": {"datetime": "2021-09-27 21:40:29", "elapsed": 315.792161, "delta": 1.907349}}
{"target": -22.730642534561827, "params": {"eta": 0.583643114674187, "max_depth": 29.94440114931129, "n_estimators": 11.398320626539151}, "datetime": {"datetime": "2021-09-27 21:40:30", "elapsed": 317.320433, "delta": 1.528272}}
{"target": -19.13483989311924, "params": {"eta": 0.3410487525494118, "max_depth": 9.664510765517289, "n_estimators": 117.77473884264958}, "datetime": {"datetime": "2021-09-27 21:40:32", "elapsed": 319.626479, "delta": 2.306046}}
{"target": -18.56636109899357, "params": {"eta": 0.334378054796361, "max_depth": 15.491024420230731, "n_estimators": 119.9544537976201}, "datetime": {"datetime": "2021-09-27 21:40:35", "elapsed": 322.401964, "delta": 2.775485}}
{"target": -16.694928603322467, "params": {"eta": 0.14411416596093674, "max_depth": 10.225297043096997, "n_estimators": 28.146978865054855}, "datetime": {"datetime": "2021-09-27 21:40:37", "elapsed": 324.426139, "delta": 2.024175}}
{"target": -18.305924123051838, "params": {"eta": 0.08782344620238193, "max_depth": 9.95261328020517, "n_estimators": 168.51211228623515}, "datetime": {"datetime": "2021-09-27 21:40:40", "elapsed": 327.447125, "delta": 3.020986}}
{"target": -21.06298448413749, "params": {"eta": 0.5769714522308398, "max_depth": 4.899239214687599, "n_estimators": 199.6778672069614}, "datetime": {"datetime": "2021-09-27 21:40:43", "elapsed": 330.018273, "delta": 2.571148}}
{"target": -24.54344628226505, "params": {"eta": 0.26633608923797775, "max_depth": 1.1353576613319967, "n_estimators": 88.97099508644135}, "datetime": {"datetime": "2021-09-27 21:40:45", "elapsed": 332.645441, "delta": 2.627168}}
{"target": -17.161791182974294, "params": {"eta": 0.04382916709393624, "max_depth": 29.993999521872293, "n_estimators": 94.78143072284547}, "datetime": {"datetime": "2021-09-27 21:40:48", "elapsed": 334.937358, "delta": 2.291917}}
{"target": -21.19830419969672, "params": {"eta": 0.5602999724343996, "max_depth": 14.234361488708927, "n_estimators": 196.79362919430224}, "datetime": {"datetime": "2021-09-27 21:40:50", "elapsed": 337.245797, "delta": 2.308439}}
{"target": -18.87004845408793, "params": {"eta": 0.3684274181925088, "max_depth": 19.126788146115242, "n_estimators": 78.74031251304157}, "datetime": {"datetime": "2021-09-27 21:40:53", "elapsed": 339.888451, "delta": 2.642654}}
{"target": -17.988462322281727, "params": {"eta": 0.05557028010414507, "max_depth": 5.4712058164502215, "n_estimators": 150.23297201346531}, "datetime": {"datetime": "2021-09-27 21:40:55", "elapsed": 342.160231, "delta": 2.27178}}
{"target": -20.01493241791599, "params": {"eta": 0.6, "max_depth": 5.498194119330825, "n_estimators": 173.37411241983497}, "datetime": {"datetime": "2021-09-27 21:40:57", "elapsed": 344.062445, "delta": 1.902214}}
{"target": -18.268301340967934, "params": {"eta": 0.12417166094999035, "max_depth": 29.75786820887525, "n_estimators": 168.91128368631388}, "datetime": {"datetime": "2021-09-27 21:41:00", "elapsed": 346.987109, "delta": 2.924664}}
{"target": -24.992447747377614, "params": {"eta": 0.3958178972353948, "max_depth": 1.0197187756251953, "n_estimators": 194.25926056746007}, "datetime": {"datetime": "2021-09-27 21:41:02", "elapsed": 348.870362, "delta": 1.883253}}
{"target": -24.44757545774879, "params": {"eta": 0.048723059241552, "max_depth": 1.1170226654634654, "n_estimators": 184.94291355864496}, "datetime": {"datetime": "2021-09-27 21:41:03", "elapsed": 350.352552, "delta": 1.48219}}
{"target": -18.036574435327076, "params": {"eta": 0.4078792146511159, "max_depth": 25.61689225787949, "n_estimators": 125.79168021102944}, "datetime": {"datetime": "2021-09-27 21:41:05", "elapsed": 352.644438, "delta": 2.291886}}
{"target": -20.015682321877843, "params": {"eta": 0.6, "max_depth": 5.107830912117377, "n_estimators": 92.92685555959646}, "datetime": {"datetime": "2021-09-27 21:41:07", "elapsed": 354.355574, "delta": 1.711136}}
{"target": -17.15057319453796, "params": {"eta": 0.4695968030149635, "max_depth": 15.217252428479531, "n_estimators": 134.89539466584503}, "datetime": {"datetime": "2021-09-27 21:41:10", "elapsed": 356.811631, "delta": 2.456057}}
{"target": -22.739150949904406, "params": {"eta": 0.5767243095922747, "max_depth": 21.84821601045633, "n_estimators": 100.3424684406808}, "datetime": {"datetime": "2021-09-27 21:41:12", "elapsed": 358.838819, "delta": 2.027188}}
{"target": -22.250772241004118, "params": {"eta": 0.6, "max_depth": 10.195073062426577, "n_estimators": 93.69677951780955}, "datetime": {"datetime": "2021-09-27 21:41:14", "elapsed": 360.748631, "delta": 1.909812}}
{"target": -18.03369028864609, "params": {"eta": 0.05355047500027454, "max_depth": 16.001386656240392, "n_estimators": 164.89153425082247}, "datetime": {"datetime": "2021-09-27 21:41:17", "elapsed": 364.047343, "delta": 3.298712}}
{"target": -19.26272332356107, "params": {"eta": 0.4852744603095961, "max_depth": 23.038306333151215, "n_estimators": 21.92904902295583}, "datetime": {"datetime": "2021-09-27 21:41:19", "elapsed": 366.34951, "delta": 2.302167}}
{"target": -53.53987903949841, "params": {"eta": 0.01, "max_depth": 5.6742987276895045, "n_estimators": 61.44351667201731}, "datetime": {"datetime": "2021-09-27 21:41:21", "elapsed": 368.357502, "delta": 2.007992}}
{"target": -21.887158100302408, "params": {"eta": 0.5903537486353793, "max_depth": 21.014318978349138, "n_estimators": 191.6558433759954}, "datetime": {"datetime": "2021-09-27 21:41:24", "elapsed": 370.84371, "delta": 2.486208}}
{"target": -21.847308159224134, "params": {"eta": 0.6, "max_depth": 28.59673254458381, "n_estimators": 116.00511494734151}, "datetime": {"datetime": "2021-09-27 21:41:26", "elapsed": 372.781322, "delta": 1.937612}}
{"target": -20.460361793356853, "params": {"eta": 0.5527514280806787, "max_depth": 26.74977925372301, "n_estimators": 170.91401136712497}, "datetime": {"datetime": "2021-09-27 21:41:29", "elapsed": 375.790278, "delta": 3.008956}}
{"target": -16.72663503224395, "params": {"eta": 0.05185609239893553, "max_depth": 6.597181934463727, "n_estimators": 57.11718361324605}, "datetime": {"datetime": "2021-09-27 21:41:32", "elapsed": 379.049919, "delta": 3.259641}}
{"target": -17.191981160421626, "params": {"eta": 0.03509084133269989, "max_depth": 29.97075693703171, "n_estimators": 91.42597635818086}, "datetime": {"datetime": "2021-09-27 21:41:35", "elapsed": 381.771117, "delta": 2.721198}}
{"target": -19.48785898628606, "params": {"eta": 0.5141269769753488, "max_depth": 11.646267744051901, "n_estimators": 48.91340868971525}, "datetime": {"datetime": "2021-09-27 21:41:37", "elapsed": 383.898823, "delta": 2.127706}}
{"target": -20.09941765531378, "params": {"eta": 0.5387027580578345, "max_depth": 26.69842666787978, "n_estimators": 187.4248900257274}, "datetime": {"datetime": "2021-09-27 21:41:39", "elapsed": 386.169035, "delta": 2.270212}}
{"target": -17.072859979730577, "params": {"eta": 0.4600184705010561, "max_depth": 27.852026220501212, "n_estimators": 55.56131941772919}, "datetime": {"datetime": "2021-09-27 21:41:41", "elapsed": 388.415775, "delta": 2.24674}}
{"target": -21.34476263077926, "params": {"eta": 0.011598273121044203, "max_depth": 7.554640276985697, "n_estimators": 160.46102642628088}, "datetime": {"datetime": "2021-09-27 21:41:43", "elapsed": 390.643615, "delta": 2.22784}}
{"target": -19.12575395284371, "params": {"eta": 0.254858185318183, "max_depth": 29.894145710903086, "n_estimators": 174.88714735674407}, "datetime": {"datetime": "2021-09-27 21:41:46", "elapsed": 393.565214, "delta": 2.921599}}
{"target": -30.33264009169948, "params": {"eta": 0.01, "max_depth": 23.63157259744975, "n_estimators": 128.77514229804171}, "datetime": {"datetime": "2021-09-27 21:41:50", "elapsed": 396.768105, "delta": 3.202891}}
{"target": -19.626890746669197, "params": {"eta": 0.5067861109443418, "max_depth": 20.643504452524223, "n_estimators": 68.68027616357095}, "datetime": {"datetime": "2021-09-27 21:41:53", "elapsed": 399.797441, "delta": 3.029336}}
{"target": -24.876958843768023, "params": {"eta": 0.1770130775070329, "max_depth": 1.0624143849231984, "n_estimators": 36.151535632457296}, "datetime": {"datetime": "2021-09-27 21:41:55", "elapsed": 401.890783, "delta": 2.093342}}
{"target": -17.288711529505722, "params": {"eta": 0.14873007020824028, "max_depth": 27.797394123142727, "n_estimators": 196.95484542405788}, "datetime": {"datetime": "2021-09-27 21:41:58", "elapsed": 404.95177, "delta": 3.060987}}
{"target": -38.83492679273144, "params": {"eta": 0.01, "max_depth": 27.129539623874262, "n_estimators": 97.58054956487362}, "datetime": {"datetime": "2021-09-27 21:42:00", "elapsed": 407.569114, "delta": 2.617344}}
{"target": -23.92698918037615, "params": {"eta": 0.5947041354637708, "max_depth": 20.98019441271049, "n_estimators": 34.78640449379066}, "datetime": {"datetime": "2021-09-27 21:42:03", "elapsed": 410.30679, "delta": 2.737676}}
{"target": -18.517915621402885, "params": {"eta": 0.4515698715669308, "max_depth": 10.407861334233562, "n_estimators": 129.73810867689716}, "datetime": {"datetime": "2021-09-27 21:42:06", "elapsed": 413.302053, "delta": 2.995263}}
{"target": -21.847308159224134, "params": {"eta": 0.6, "max_depth": 28.77710395589144, "n_estimators": 134.1724189173855}, "datetime": {"datetime": "2021-09-27 21:42:08", "elapsed": 415.381335, "delta": 2.079282}}
{"target": -24.427462433548367, "params": {"eta": 0.10141793894931173, "max_depth": 1.1731646721194056, "n_estimators": 156.02225787349914}, "datetime": {"datetime": "2021-09-27 21:42:10", "elapsed": 417.116797, "delta": 1.735462}}
{"target": -17.78417499069547, "params": {"eta": 0.028930109832207493, "max_depth": 27.374382842358017, "n_estimators": 154.8988521966144}, "datetime": {"datetime": "2021-09-27 21:42:14", "elapsed": 420.660793, "delta": 3.543996}}
{"target": -37.80001442622234, "params": {"eta": 0.012198098285184733, "max_depth": 26.175106164309305, "n_estimators": 82.50260426814253}, "datetime": {"datetime": "2021-09-27 21:42:16", "elapsed": 423.315946, "delta": 2.655153}}
{"target": -17.95685842062637, "params": {"eta": 0.14171070940929265, "max_depth": 29.61911228314337, "n_estimators": 76.79456312039474}, "datetime": {"datetime": "2021-09-27 21:42:19", "elapsed": 426.34522, "delta": 3.029274}}
{"target": -22.388909979229282, "params": {"eta": 0.579714508671958, "max_depth": 26.619109943793426, "n_estimators": 75.49783900782992}, "datetime": {"datetime": "2021-09-27 21:42:22", "elapsed": 428.706686, "delta": 2.361466}}
{"target": -22.89972542196856, "params": {"eta": 0.5729029994907862, "max_depth": 22.989054623930237, "n_estimators": 86.50042313579698}, "datetime": {"datetime": "2021-09-27 21:42:24", "elapsed": 431.277924, "delta": 2.571238}}
{"target": -21.00726791200528, "params": {"eta": 0.5577972021934469, "max_depth": 27.51342829054602, "n_estimators": 162.93611133141795}, "datetime": {"datetime": "2021-09-27 21:42:26", "elapsed": 433.502666, "delta": 2.224742}}
{"target": -17.172055157968963, "params": {"eta": 0.4665616848195176, "max_depth": 23.74157099901525, "n_estimators": 12.33799245858134}, "datetime": {"datetime": "2021-09-27 21:42:29", "elapsed": 435.997429, "delta": 2.494763}}
{"target": -19.14734393493327, "params": {"eta": 0.16143664720091133, "max_depth": 12.91634880623564, "n_estimators": 76.80852674948228}, "datetime": {"datetime": "2021-09-27 21:42:32", "elapsed": 438.810669, "delta": 2.81324}}
{"target": -18.262470119184577, "params": {"eta": 0.1795636880950792, "max_depth": 8.820749756934251, "n_estimators": 173.349066808248}, "datetime": {"datetime": "2021-09-27 21:42:34", "elapsed": 441.649533, "delta": 2.838864}}
{"target": -21.847308159224134, "params": {"eta": 0.6, "max_depth": 30.0, "n_estimators": 153.3253065989848}, "datetime": {"datetime": "2021-09-27 21:42:37", "elapsed": 443.97394, "delta": 2.324407}}
{"target": -21.84767816074422, "params": {"eta": 0.6, "max_depth": 21.596196674703855, "n_estimators": 163.0436636229633}, "datetime": {"datetime": "2021-09-27 21:42:39", "elapsed": 446.463665, "delta": 2.489725}}
{"target": -18.707538143622926, "params": {"eta": 0.15478262745195723, "max_depth": 15.208362241254376, "n_estimators": 161.01989569542124}, "datetime": {"datetime": "2021-09-27 21:42:43", "elapsed": 450.437172, "delta": 3.973507}}
{"target": -20.24152893871357, "params": {"eta": 0.5276402467737921, "max_depth": 29.9797610427197, "n_estimators": 79.55302752641565}, "datetime": {"datetime": "2021-09-27 21:42:46", "elapsed": 452.765333, "delta": 2.328161}}
{"target": -19.666906208097437, "params": {"eta": 0.07579102731710911, "max_depth": 7.982286635529361, "n_estimators": 26.952481953179394}, "datetime": {"datetime": "2021-09-27 21:42:48", "elapsed": 454.71854, "delta": 1.953207}}
{"target": -20.846573029335808, "params": {"eta": 0.5242679149922634, "max_depth": 4.809833974221016, "n_estimators": 99.15928224171167}, "datetime": {"datetime": "2021-09-27 21:42:50", "elapsed": 457.366533, "delta": 2.647993}}
{"target": -29.450741696143396, "params": {"eta": 0.01, "max_depth": 5.916466311944754, "n_estimators": 131.68444869561006}, "datetime": {"datetime": "2021-09-27 21:42:52", "elapsed": 459.606006, "delta": 2.239473}}
{"target": -18.728111429351834, "params": {"eta": 0.0993415386725195, "max_depth": 3.701009518698805, "n_estimators": 108.67850926130583}, "datetime": {"datetime": "2021-09-27 21:42:55", "elapsed": 462.001845, "delta": 2.395839}}
{"target": -19.28058367445101, "params": {"eta": 0.07211268161188146, "max_depth": 13.371272649262135, "n_estimators": 29.675018545573504}, "datetime": {"datetime": "2021-09-27 21:42:57", "elapsed": 464.15242, "delta": 2.150575}}
{"target": -21.183838762407508, "params": {"eta": 0.6, "max_depth": 6.145307433745398, "n_estimators": 153.3603637394972}, "datetime": {"datetime": "2021-09-27 21:42:59", "elapsed": 466.508471, "delta": 2.356051}}
{"target": -18.41795504427075, "params": {"eta": 0.3373697298849387, "max_depth": 21.635427024202677, "n_estimators": 53.886334804280985}, "datetime": {"datetime": "2021-09-27 21:43:02", "elapsed": 468.924849, "delta": 2.416378}}
{"target": -17.656720095812688, "params": {"eta": 0.024501098477850487, "max_depth": 29.861408918677718, "n_estimators": 102.13613687871431}, "datetime": {"datetime": "2021-09-27 21:43:04", "elapsed": 471.292316, "delta": 2.367467}}
{"target": -17.580823468834943, "params": {"eta": 0.14382513536669878, "max_depth": 25.79912449972307, "n_estimators": 64.88047166674492}, "datetime": {"datetime": "2021-09-27 21:43:07", "elapsed": 474.634966, "delta": 3.34265}}
{"target": -17.95381672940734, "params": {"eta": 0.12714971047657825, "max_depth": 29.52762208533588, "n_estimators": 62.74814909735462}, "datetime": {"datetime": "2021-09-27 21:43:10", "elapsed": 477.185679, "delta": 2.550713}}
{"target": -36.90363584614909, "params": {"eta": 0.01, "max_depth": 17.00951842753781, "n_estimators": 103.7070432305528}, "datetime": {"datetime": "2021-09-27 21:43:14", "elapsed": 481.020103, "delta": 3.834424}}
{"target": -18.385779372880805, "params": {"eta": 0.39035634170601746, "max_depth": 11.000936636441796, "n_estimators": 100.75627032666763}, "datetime": {"datetime": "2021-09-27 21:43:17", "elapsed": 483.735079, "delta": 2.714976}}
{"target": -18.03842320257782, "params": {"eta": 0.10350609651323252, "max_depth": 14.26947224892242, "n_estimators": 98.58389198847769}, "datetime": {"datetime": "2021-09-27 21:43:20", "elapsed": 487.078903, "delta": 3.343824}}
{"target": -21.847308159224134, "params": {"eta": 0.6, "max_depth": 26.99904996076299, "n_estimators": 105.20248621185453}, "datetime": {"datetime": "2021-09-27 21:43:22", "elapsed": 489.211875, "delta": 2.132972}}
{"target": -24.77206313341731, "params": {"eta": 0.5224496680893043, "max_depth": 1.4739734053116875, "n_estimators": 74.88046031994386}, "datetime": {"datetime": "2021-09-27 21:43:24", "elapsed": 491.319314, "delta": 2.107439}}
{"target": -19.826800500175175, "params": {"eta": 0.5298471774608687, "max_depth": 12.97974485298201, "n_estimators": 168.06060614320845}, "datetime": {"datetime": "2021-09-27 21:43:26", "elapsed": 493.575647, "delta": 2.256333}}
{"target": -17.51411972777846, "params": {"eta": 0.19641018043250433, "max_depth": 25.902158587346086, "n_estimators": 119.75275871313193}, "datetime": {"datetime": "2021-09-27 21:43:30", "elapsed": 496.787896, "delta": 3.212249}}
{"target": -18.875114081864528, "params": {"eta": 0.3000990653588163, "max_depth": 13.251226407403065, "n_estimators": 175.38605288973997}, "datetime": {"datetime": "2021-09-27 21:43:33", "elapsed": 499.669121, "delta": 2.881225}}
{"target": -21.514412198007523, "params": {"eta": 0.5324182936046518, "max_depth": 4.85944751361857, "n_estimators": 188.78182940070482}, "datetime": {"datetime": "2021-09-27 21:43:36", "elapsed": 503.533121, "delta": 3.864}}
{"target": -18.873148707168866, "params": {"eta": 0.2270017404633065, "max_depth": 14.662719752788348, "n_estimators": 146.07216429212548}, "datetime": {"datetime": "2021-09-27 21:43:40", "elapsed": 507.483233, "delta": 3.950112}}
{"target": -41.89111262282651, "params": {"eta": 0.6, "max_depth": 30.0, "n_estimators": 1.0}, "datetime": {"datetime": "2021-09-27 21:43:42", "elapsed": 509.382394, "delta": 1.899161}}
{"target": -48.000360660519995, "params": {"eta": 0.01, "max_depth": 13.931756668098249, "n_estimators": 73.01420166352851}, "datetime": {"datetime": "2021-09-27 21:43:44", "elapsed": 511.329115, "delta": 1.946721}}
{"target": -21.461811981431858, "params": {"eta": 0.6, "max_depth": 8.168182170421764, "n_estimators": 72.07403020381686}, "datetime": {"datetime": "2021-09-27 21:43:46", "elapsed": 513.498114, "delta": 2.168999}}
{"target": -18.611924751016424, "params": {"eta": 0.12470559807408405, "max_depth": 18.979251592313283, "n_estimators": 73.91521302028819}, "datetime": {"datetime": "2021-09-27 21:43:50", "elapsed": 517.060046, "delta": 3.561932}}
