{"target": -19.407803914357917, "params": {"eta": 0.4471666005438594, "max_depth": 10.908000931515334, "n_estimators": 33.023356112663066}, "datetime": {"datetime": "2021-09-28 08:25:26", "elapsed": 9.613756, "delta": 0.363002}}
{"target": -16.867461598972397, "params": {"eta": 0.29674704292935117, "max_depth": 14.538451846736288, "n_estimators": 59.419033655408924}, "datetime": {"datetime": "2021-09-28 08:25:26", "elapsed": 10.108757, "delta": 0.495001}}
{"target": -16.77573419221022, "params": {"eta": 0.1855781721516963, "max_depth": 10.690627463179693, "n_estimators": 67.09621671772845}, "datetime": {"datetime": "2021-09-28 08:25:27", "elapsed": 10.732756, "delta": 0.623999}}
{"target": -16.142843646571674, "params": {"eta": 0.3040994666448116, "max_depth": 10.793764503077007, "n_estimators": 66.96104041513101}, "datetime": {"datetime": "2021-09-28 08:25:27", "elapsed": 11.224902, "delta": 0.492146}}
{"target": -15.749998447034061, "params": {"eta": 0.09105075560188211, "max_depth": 11.206760203389077, "n_estimators": 36.26250836954365}, "datetime": {"datetime": "2021-09-28 08:25:28", "elapsed": 11.567898, "delta": 0.342996}}
{"target": -15.700320897793807, "params": {"eta": 0.09097654160210639, "max_depth": 11.196940562738847, "n_estimators": 35.999448900721525}, "datetime": {"datetime": "2021-09-28 08:25:28", "elapsed": 11.869893, "delta": 0.301995}}
{"target": -16.635060418767708, "params": {"eta": 0.15912370034267798, "max_depth": 10.454855814644578, "n_estimators": 53.645745084996605}, "datetime": {"datetime": "2021-09-28 08:25:28", "elapsed": 12.378896, "delta": 0.509003}}
{"target": -17.63922369385212, "params": {"eta": 0.2584718062719302, "max_depth": 14.882086897184877, "n_estimators": 72.35683220196167}, "datetime": {"datetime": "2021-09-28 08:25:29", "elapsed": 12.9449, "delta": 0.566004}}
{"target": -17.050310984140037, "params": {"eta": 0.21696163830781484, "max_depth": 11.010779784910067, "n_estimators": 64.77348481822274}, "datetime": {"datetime": "2021-09-28 08:25:29", "elapsed": 13.433094, "delta": 0.488194}}
{"target": -16.435392438899637, "params": {"eta": 0.09178903909295504, "max_depth": 11.896728504168719, "n_estimators": 90.48407907221926}, "datetime": {"datetime": "2021-09-28 08:25:30", "elapsed": 14.083092, "delta": 0.649998}}
{"target": -15.623888510843745, "params": {"eta": 0.20454001880523104, "max_depth": 14.973994252073634, "n_estimators": 64.66734353630775}, "datetime": {"datetime": "2021-09-28 08:25:31", "elapsed": 14.660097, "delta": 0.577005}}
{"target": -15.96459175458716, "params": {"eta": 0.08613601946058459, "max_depth": 11.55373109750714, "n_estimators": 44.039546798114934}, "datetime": {"datetime": "2021-09-28 08:25:31", "elapsed": 15.088208, "delta": 0.428111}}
{"target": -16.210765802269076, "params": {"eta": 0.19150579195486386, "max_depth": 12.019298005960685, "n_estimators": 90.31331032724891}, "datetime": {"datetime": "2021-09-28 08:25:32", "elapsed": 15.77921, "delta": 0.691002}}
{"target": -16.70738812889931, "params": {"eta": 0.19958708727877505, "max_depth": 10.08370434537013, "n_estimators": 94.62198712177883}, "datetime": {"datetime": "2021-09-28 08:25:32", "elapsed": 16.367212, "delta": 0.588002}}
{"target": -16.520151161645835, "params": {"eta": 0.2999026510938773, "max_depth": 14.475802397031082, "n_estimators": 80.16029429253933}, "datetime": {"datetime": "2021-09-28 08:25:33", "elapsed": 17.004208, "delta": 0.636996}}
{"target": -17.859461687210295, "params": {"eta": 0.245071894634805, "max_depth": 14.945283552831082, "n_estimators": 64.8037134094129}, "datetime": {"datetime": "2021-09-28 08:25:34", "elapsed": 17.606193, "delta": 0.601985}}
{"target": -16.629301377276658, "params": {"eta": 0.19144504756436648, "max_depth": 11.147935494301441, "n_estimators": 36.186978475356206}, "datetime": {"datetime": "2021-09-28 08:25:34", "elapsed": 18.00519, "delta": 0.398997}}
{"target": -16.402247405688243, "params": {"eta": 0.3959955407566149, "max_depth": 11.41450541437675, "n_estimators": 63.57701916689772}, "datetime": {"datetime": "2021-09-28 08:25:35", "elapsed": 18.471194, "delta": 0.466004}}
{"target": -17.333910721754258, "params": {"eta": 0.2504620379458929, "max_depth": 11.782147063826237, "n_estimators": 90.31362226264821}, "datetime": {"datetime": "2021-09-28 08:25:35", "elapsed": 19.078224, "delta": 0.60703}}
{"target": -15.339749235801442, "params": {"eta": 0.09622213315619699, "max_depth": 11.117585095883749, "n_estimators": 36.10626489423918}, "datetime": {"datetime": "2021-09-28 08:25:36", "elapsed": 19.62391, "delta": 0.545686}}
{"target": -15.232418481894852, "params": {"eta": 0.13062543771228535, "max_depth": 11.093508615548616, "n_estimators": 35.97801828624339}, "datetime": {"datetime": "2021-09-28 08:25:36", "elapsed": 20.010908, "delta": 0.386998}}
{"target": -16.930842329213643, "params": {"eta": 0.10593593375158682, "max_depth": 11.846920158594136, "n_estimators": 90.30413843400763}, "datetime": {"datetime": "2021-09-28 08:25:37", "elapsed": 20.625907, "delta": 0.614999}}
{"target": -16.113103308942595, "params": {"eta": 0.17663742484197625, "max_depth": 11.150336940120894, "n_estimators": 35.954241282995696}, "datetime": {"datetime": "2021-09-28 08:25:37", "elapsed": 20.979906, "delta": 0.353999}}
{"target": -16.41694983597083, "params": {"eta": 0.18490897032183767, "max_depth": 13.92238023975693, "n_estimators": 63.44291472116533}, "datetime": {"datetime": "2021-09-28 08:25:38", "elapsed": 21.648472, "delta": 0.668566}}
{"target": -15.851014356577117, "params": {"eta": 0.1279680552067148, "max_depth": 12.636915411906692, "n_estimators": 70.84323448978193}, "datetime": {"datetime": "2021-09-28 08:25:38", "elapsed": 22.217467, "delta": 0.568995}}
{"target": -17.20256244650555, "params": {"eta": 0.2181617592422314, "max_depth": 12.68875535831409, "n_estimators": 70.99389489972299}, "datetime": {"datetime": "2021-09-28 08:25:39", "elapsed": 22.793466, "delta": 0.575999}}
{"target": -15.16078105627602, "params": {"eta": 0.2046564067912308, "max_depth": 10.796875161864799, "n_estimators": 66.99334603323356}, "datetime": {"datetime": "2021-09-28 08:25:39", "elapsed": 23.425385, "delta": 0.631919}}
{"target": -16.053663687847525, "params": {"eta": 0.40137835913697806, "max_depth": 10.21438941205964, "n_estimators": 47.45987994500598}, "datetime": {"datetime": "2021-09-28 08:25:40", "elapsed": 23.871098, "delta": 0.445713}}
{"target": -16.542645093052926, "params": {"eta": 0.37234308753784173, "max_depth": 14.52764801293222, "n_estimators": 38.6614010620406}, "datetime": {"datetime": "2021-09-28 08:25:40", "elapsed": 24.306103, "delta": 0.435005}}
{"target": -16.758366979194438, "params": {"eta": 0.1944792423681469, "max_depth": 11.340223338503996, "n_estimators": 39.547260681902856}, "datetime": {"datetime": "2021-09-28 08:25:41", "elapsed": 24.694101, "delta": 0.387998}}
{"target": -15.458629288365474, "params": {"eta": 0.09766029171745426, "max_depth": 10.955479543938567, "n_estimators": 36.01641785074691}, "datetime": {"datetime": "2021-09-28 08:25:41", "elapsed": 25.153101, "delta": 0.459}}
{"target": -16.47174441298952, "params": {"eta": 0.12305149446754247, "max_depth": 10.801856686940905, "n_estimators": 66.86554449423082}, "datetime": {"datetime": "2021-09-28 08:25:42", "elapsed": 25.672101, "delta": 0.519}}
{"target": -15.556868397352725, "params": {"eta": 0.20553459950180086, "max_depth": 10.98188192819032, "n_estimators": 36.05851796747008}, "datetime": {"datetime": "2021-09-28 08:25:42", "elapsed": 26.084101, "delta": 0.412}}
{"target": -16.8673940878567, "params": {"eta": 0.13513167620548627, "max_depth": 12.709651169307158, "n_estimators": 70.71851397183676}, "datetime": {"datetime": "2021-09-28 08:25:43", "elapsed": 26.685105, "delta": 0.601004}}
{"target": -16.08382594720703, "params": {"eta": 0.1967038632859786, "max_depth": 10.97006191159567, "n_estimators": 35.89800400185636}, "datetime": {"datetime": "2021-09-28 08:25:43", "elapsed": 27.110102, "delta": 0.424997}}
{"target": -15.545070625007188, "params": {"eta": 0.2060821765938356, "max_depth": 10.872666899065951, "n_estimators": 66.93697516913885}, "datetime": {"datetime": "2021-09-28 08:25:44", "elapsed": 27.792102, "delta": 0.682}}
{"target": -15.484186937054197, "params": {"eta": 0.08, "max_depth": 11.215232985302789, "n_estimators": 36.120210476425115}, "datetime": {"datetime": "2021-09-28 08:25:44", "elapsed": 28.24362, "delta": 0.451518}}
{"target": -20.15770253152584, "params": {"eta": 0.4988067360740809, "max_depth": 12.034048086441615, "n_estimators": 60.95012417787654}, "datetime": {"datetime": "2021-09-28 08:25:45", "elapsed": 28.685211, "delta": 0.441591}}
{"target": -17.561579354308456, "params": {"eta": 0.3705300053652222, "max_depth": 10.57065783987627, "n_estimators": 81.70110151330081}, "datetime": {"datetime": "2021-09-28 08:25:45", "elapsed": 29.301648, "delta": 0.616437}}
{"target": -15.494499095582864, "params": {"eta": 0.20335353386342864, "max_depth": 10.861221511827493, "n_estimators": 36.21833551395916}, "datetime": {"datetime": "2021-09-28 08:25:46", "elapsed": 29.764643, "delta": 0.462995}}
{"target": -15.838710700334799, "params": {"eta": 0.1153265893437338, "max_depth": 10.772032180489047, "n_estimators": 36.118480082852365}, "datetime": {"datetime": "2021-09-28 08:25:46", "elapsed": 30.182643, "delta": 0.418}}
{"target": -17.6621640215763, "params": {"eta": 0.2733654820787066, "max_depth": 10.825321667177391, "n_estimators": 36.0934759938916}, "datetime": {"datetime": "2021-09-28 08:25:47", "elapsed": 30.645643, "delta": 0.463}}
{"target": -17.20150981050689, "params": {"eta": 0.2528248975276451, "max_depth": 10.720655732618233, "n_estimators": 36.348144016823156}, "datetime": {"datetime": "2021-09-28 08:25:47", "elapsed": 31.174877, "delta": 0.529234}}
{"target": -16.820609021397754, "params": {"eta": 0.16988226203145473, "max_depth": 14.896781493088739, "n_estimators": 64.58176939306745}, "datetime": {"datetime": "2021-09-28 08:25:48", "elapsed": 31.881875, "delta": 0.706998}}
{"target": -16.422640017562927, "params": {"eta": 0.1852272950246722, "max_depth": 14.982342611879115, "n_estimators": 64.67141187593309}, "datetime": {"datetime": "2021-09-28 08:25:49", "elapsed": 32.658879, "delta": 0.777004}}
{"target": -16.797626504720505, "params": {"eta": 0.19973887689073713, "max_depth": 12.404722921112176, "n_estimators": 32.23528527203689}, "datetime": {"datetime": "2021-09-28 08:25:49", "elapsed": 33.100879, "delta": 0.442}}
{"target": -18.203324206069908, "params": {"eta": 0.25905790381923804, "max_depth": 10.844074556790192, "n_estimators": 66.98097272960015}, "datetime": {"datetime": "2021-09-28 08:25:50", "elapsed": 33.755777, "delta": 0.654898}}
{"target": -16.008792230575253, "params": {"eta": 0.0948164893319283, "max_depth": 11.145074911288368, "n_estimators": 36.09962015270922}, "datetime": {"datetime": "2021-09-28 08:25:50", "elapsed": 34.17978, "delta": 0.424003}}
{"target": -16.47250656143645, "params": {"eta": 0.3224524207737437, "max_depth": 14.012711746897455, "n_estimators": 43.889920949296275}, "datetime": {"datetime": "2021-09-28 08:25:51", "elapsed": 34.728781, "delta": 0.549001}}
{"target": -17.29505740011758, "params": {"eta": 0.2510665782843026, "max_depth": 13.280643241286118, "n_estimators": 67.35892959419644}, "datetime": {"datetime": "2021-09-28 08:25:52", "elapsed": 35.517806, "delta": 0.789025}}
{"target": -16.903020169581726, "params": {"eta": 0.38735041572083356, "max_depth": 14.40376646881204, "n_estimators": 57.810286648283096}, "datetime": {"datetime": "2021-09-28 08:25:52", "elapsed": 36.061803, "delta": 0.543997}}
{"target": -17.01656398200881, "params": {"eta": 0.1789332779002623, "max_depth": 11.281004416854657, "n_estimators": 36.10279153018955}, "datetime": {"datetime": "2021-09-28 08:25:53", "elapsed": 36.549806, "delta": 0.488003}}
{"target": -16.204813091139588, "params": {"eta": 0.14997971441863267, "max_depth": 10.32216723612017, "n_estimators": 90.68334888147847}, "datetime": {"datetime": "2021-09-28 08:25:53", "elapsed": 37.328344, "delta": 0.778538}}
{"target": -17.40827293266062, "params": {"eta": 0.2452883526723415, "max_depth": 10.925710037163798, "n_estimators": 36.065747894417655}, "datetime": {"datetime": "2021-09-28 08:25:54", "elapsed": 37.870348, "delta": 0.542004}}
{"target": -16.444116533024683, "params": {"eta": 0.22267050757005274, "max_depth": 10.84751586894696, "n_estimators": 67.13203102714272}, "datetime": {"datetime": "2021-09-28 08:25:55", "elapsed": 38.568003, "delta": 0.697655}}
{"target": -17.044285445818172, "params": {"eta": 0.2979358402101397, "max_depth": 10.873070927760228, "n_estimators": 90.04429908074957}, "datetime": {"datetime": "2021-09-28 08:25:55", "elapsed": 39.226579, "delta": 0.658576}}
{"target": -17.051164265840285, "params": {"eta": 0.12331324101374766, "max_depth": 13.369880948713053, "n_estimators": 75.19988295053383}, "datetime": {"datetime": "2021-09-28 08:25:56", "elapsed": 39.900577, "delta": 0.673998}}
{"target": -16.135345032703718, "params": {"eta": 0.16074841526707093, "max_depth": 12.66792789506999, "n_estimators": 70.85551439051511}, "datetime": {"datetime": "2021-09-28 08:25:57", "elapsed": 40.670574, "delta": 0.769997}}
{"target": -17.491652210636907, "params": {"eta": 0.18180018788634061, "max_depth": 14.501470818758353, "n_estimators": 63.80127266237075}, "datetime": {"datetime": "2021-09-28 08:25:57", "elapsed": 41.356714, "delta": 0.68614}}
{"target": -17.513051783889136, "params": {"eta": 0.3501840972930988, "max_depth": 13.563920282114685, "n_estimators": 72.71610904259566}, "datetime": {"datetime": "2021-09-28 08:25:58", "elapsed": 42.018713, "delta": 0.661999}}
{"target": -15.57758369365965, "params": {"eta": 0.10549483535328305, "max_depth": 10.030185490940918, "n_estimators": 40.644404613183156}, "datetime": {"datetime": "2021-09-28 08:25:59", "elapsed": 42.493717, "delta": 0.475004}}
{"target": -16.80946181541461, "params": {"eta": 0.2918850077911261, "max_depth": 12.425197028523385, "n_estimators": 96.20384552386345}, "datetime": {"datetime": "2021-09-28 08:25:59", "elapsed": 43.167821, "delta": 0.674104}}
{"target": -16.827126367849253, "params": {"eta": 0.38574989058050035, "max_depth": 12.268180371893724, "n_estimators": 96.68059493166103}, "datetime": {"datetime": "2021-09-28 08:26:00", "elapsed": 43.870621, "delta": 0.7028}}
{"target": -15.7639276932458, "params": {"eta": 0.10661814425094887, "max_depth": 11.147688749044741, "n_estimators": 36.263571907978545}, "datetime": {"datetime": "2021-09-28 08:26:00", "elapsed": 44.32162, "delta": 0.450999}}
{"target": -16.850086471447455, "params": {"eta": 0.4075112447256663, "max_depth": 13.964478648486493, "n_estimators": 71.03041049539561}, "datetime": {"datetime": "2021-09-28 08:26:01", "elapsed": 44.992619, "delta": 0.670999}}
{"target": -16.552650735720547, "params": {"eta": 0.1914960797945529, "max_depth": 14.939442297336898, "n_estimators": 64.64149811238542}, "datetime": {"datetime": "2021-09-28 08:26:02", "elapsed": 45.708305, "delta": 0.715686}}
{"target": -17.381121402735936, "params": {"eta": 0.41901461928218287, "max_depth": 10.096456882844455, "n_estimators": 50.24496583560759}, "datetime": {"datetime": "2021-09-28 08:26:02", "elapsed": 46.2533, "delta": 0.544995}}
{"target": -16.480122963454853, "params": {"eta": 0.3212040541566331, "max_depth": 14.857394449122086, "n_estimators": 95.61355040578734}, "datetime": {"datetime": "2021-09-28 08:26:03", "elapsed": 47.000304, "delta": 0.747004}}
{"target": -16.307943305313636, "params": {"eta": 0.16173112708094747, "max_depth": 10.934479811151208, "n_estimators": 35.91637632819203}, "datetime": {"datetime": "2021-09-28 08:26:04", "elapsed": 47.463775, "delta": 0.463471}}
{"target": -16.343876046597856, "params": {"eta": 0.14702099999305918, "max_depth": 13.381712941969214, "n_estimators": 72.86812104794919}, "datetime": {"datetime": "2021-09-28 08:26:04", "elapsed": 48.187767, "delta": 0.723992}}
{"target": -18.34462744556311, "params": {"eta": 0.4602098282832192, "max_depth": 12.822301037689336, "n_estimators": 52.063306433101054}, "datetime": {"datetime": "2021-09-28 08:26:05", "elapsed": 48.737767, "delta": 0.55}}
{"target": -17.075656883613487, "params": {"eta": 0.25093144977253434, "max_depth": 14.914599209431959, "n_estimators": 66.29562421353319}, "datetime": {"datetime": "2021-09-28 08:26:06", "elapsed": 49.527227, "delta": 0.78946}}
{"target": -16.604818075701633, "params": {"eta": 0.20318376137956187, "max_depth": 10.770558774737694, "n_estimators": 66.9577562854944}, "datetime": {"datetime": "2021-09-28 08:26:06", "elapsed": 50.194224, "delta": 0.666997}}
{"target": -16.110168884504617, "params": {"eta": 0.1595399458682875, "max_depth": 10.812722245204206, "n_estimators": 66.98263586654903}, "datetime": {"datetime": "2021-09-28 08:26:07", "elapsed": 50.893227, "delta": 0.699003}}
{"target": -17.87158412132807, "params": {"eta": 0.2600820069042628, "max_depth": 11.893734518469401, "n_estimators": 71.33758978404776}, "datetime": {"datetime": "2021-09-28 08:26:08", "elapsed": 51.597369, "delta": 0.704142}}
{"target": -15.745968628930331, "params": {"eta": 0.15078889500206508, "max_depth": 12.182062892694725, "n_estimators": 90.12245628258933}, "datetime": {"datetime": "2021-09-28 08:26:08", "elapsed": 52.419367, "delta": 0.821998}}
{"target": -16.39891645779998, "params": {"eta": 0.13150149090943528, "max_depth": 10.068790029052735, "n_estimators": 40.66435454678635}, "datetime": {"datetime": "2021-09-28 08:26:09", "elapsed": 53.045365, "delta": 0.625998}}
{"target": -17.862237219889877, "params": {"eta": 0.47003759887604774, "max_depth": 10.850843302099511, "n_estimators": 75.33899817858683}, "datetime": {"datetime": "2021-09-28 08:26:10", "elapsed": 53.595951, "delta": 0.550586}}
{"target": -16.515861051897954, "params": {"eta": 0.38414421110657876, "max_depth": 11.245024095302231, "n_estimators": 94.05726765387672}, "datetime": {"datetime": "2021-09-28 08:26:10", "elapsed": 54.305955, "delta": 0.710004}}
{"target": -17.60028667620808, "params": {"eta": 0.37077299531020136, "max_depth": 10.722852359775846, "n_estimators": 75.7431039496901}, "datetime": {"datetime": "2021-09-28 08:26:11", "elapsed": 54.916953, "delta": 0.610998}}
{"target": -16.273909626071774, "params": {"eta": 0.11143990225708855, "max_depth": 11.380393192311669, "n_estimators": 36.08980537987277}, "datetime": {"datetime": "2021-09-28 08:26:12", "elapsed": 55.525318, "delta": 0.608365}}
{"target": -15.381959891900642, "params": {"eta": 0.20349190022476754, "max_depth": 12.343134059020652, "n_estimators": 88.3188581711349}, "datetime": {"datetime": "2021-09-28 08:26:12", "elapsed": 56.354322, "delta": 0.829004}}
{"target": -17.305196009806618, "params": {"eta": 0.22903490120870612, "max_depth": 10.32298488034146, "n_estimators": 81.60729731357097}, "datetime": {"datetime": "2021-09-28 08:26:13", "elapsed": 57.070321, "delta": 0.715999}}
{"target": -15.806096422691821, "params": {"eta": 0.10577801069536341, "max_depth": 14.038271971111177, "n_estimators": 30.326988939429242}, "datetime": {"datetime": "2021-09-28 08:26:14", "elapsed": 57.590811, "delta": 0.52049}}
{"target": -16.2225557577285, "params": {"eta": 0.10832615479212473, "max_depth": 10.805463263218652, "n_estimators": 73.31260259480644}, "datetime": {"datetime": "2021-09-28 08:26:14", "elapsed": 58.27981, "delta": 0.688999}}
{"target": -16.58187551242084, "params": {"eta": 0.10496235288630579, "max_depth": 11.8908998537788, "n_estimators": 90.52574196364958}, "datetime": {"datetime": "2021-09-28 08:26:15", "elapsed": 59.077424, "delta": 0.797614}}
{"target": -16.84317163321034, "params": {"eta": 0.1774882565241082, "max_depth": 10.862497504081619, "n_estimators": 66.91710252007434}, "datetime": {"datetime": "2021-09-28 08:26:16", "elapsed": 59.786573, "delta": 0.709149}}
{"target": -16.561111544388027, "params": {"eta": 0.20124488749980646, "max_depth": 11.997302437413706, "n_estimators": 90.30290345033967}, "datetime": {"datetime": "2021-09-28 08:26:17", "elapsed": 60.643582, "delta": 0.857009}}
{"target": -16.48080281254338, "params": {"eta": 0.12408951837192614, "max_depth": 11.150932045358354, "n_estimators": 35.93522146742886}, "datetime": {"datetime": "2021-09-28 08:26:17", "elapsed": 61.251572, "delta": 0.60799}}
{"target": -16.22703017585301, "params": {"eta": 0.404252017291076, "max_depth": 13.830459589655423, "n_estimators": 97.80548302992237}, "datetime": {"datetime": "2021-09-28 08:26:18", "elapsed": 61.882576, "delta": 0.631004}}
{"target": -17.138929590319847, "params": {"eta": 0.4330395817175549, "max_depth": 12.251120060206262, "n_estimators": 86.94895580182339}, "datetime": {"datetime": "2021-09-28 08:26:19", "elapsed": 62.496577, "delta": 0.614001}}
{"target": -17.421605855447318, "params": {"eta": 0.1667248343613968, "max_depth": 12.192478805756307, "n_estimators": 90.12960032023054}, "datetime": {"datetime": "2021-09-28 08:26:19", "elapsed": 63.409571, "delta": 0.912994}}
{"target": -16.166287637430123, "params": {"eta": 0.11532189250374272, "max_depth": 14.073935688280343, "n_estimators": 47.19946225609944}, "datetime": {"datetime": "2021-09-28 08:26:20", "elapsed": 64.128249, "delta": 0.718678}}
{"target": -15.511970545015116, "params": {"eta": 0.3309194915676384, "max_depth": 12.565741189722285, "n_estimators": 45.48567496280294}, "datetime": {"datetime": "2021-09-28 08:26:21", "elapsed": 64.817249, "delta": 0.689}}
{"target": -16.42722614681171, "params": {"eta": 0.2953126456882787, "max_depth": 11.200193050213684, "n_estimators": 45.89717495869199}, "datetime": {"datetime": "2021-09-28 08:26:22", "elapsed": 65.553973, "delta": 0.736724}}
{"target": -17.962341310033572, "params": {"eta": 0.4648580637398793, "max_depth": 10.05768762554459, "n_estimators": 66.77581316279796}, "datetime": {"datetime": "2021-09-28 08:26:22", "elapsed": 66.296983, "delta": 0.74301}}
