{"target": -24.485894219260974, "params": {"eta": 0.10768116951051743, "max_depth": 28.731098952164075, "n_estimators": 14.571025883230082}, "datetime": {"datetime": "2021-09-28 08:26:01", "elapsed": 235.275702, "delta": 1.024999}}
{"target": -20.461975081111078, "params": {"eta": 0.5350687877942888, "max_depth": 27.749016123695824, "n_estimators": 14.07778567419971}, "datetime": {"datetime": "2021-09-28 08:26:03", "elapsed": 237.132386, "delta": 1.856684}}
{"target": -28.490763861022078, "params": {"eta": 0.07730746046748044, "max_depth": 32.76106273598269, "n_estimators": 17.681415336682022}, "datetime": {"datetime": "2021-09-28 08:26:04", "elapsed": 238.193855, "delta": 1.061469}}
{"target": -33.0969827988737, "params": {"eta": 0.08002844988171753, "max_depth": 27.437711604964154, "n_estimators": 14.027192876161735}, "datetime": {"datetime": "2021-09-28 08:26:05", "elapsed": 239.467857, "delta": 1.274002}}
{"target": -22.581732690952087, "params": {"eta": 0.5775496972330322, "max_depth": 34.22003444490556, "n_estimators": 15.191101528887494}, "datetime": {"datetime": "2021-09-28 08:26:07", "elapsed": 241.555312, "delta": 2.087455}}
{"target": -19.659710538914492, "params": {"eta": 0.5047893816753801, "max_depth": 31.366660163239196, "n_estimators": 17.441296998605694}, "datetime": {"datetime": "2021-09-28 08:26:09", "elapsed": 243.33645, "delta": 1.781138}}
{"target": -17.775062350572938, "params": {"eta": 0.14500743934583094, "max_depth": 28.171538172999796, "n_estimators": 16.847014366787622}, "datetime": {"datetime": "2021-09-28 08:26:10", "elapsed": 244.414036, "delta": 1.077586}}
{"target": -19.596592436283107, "params": {"eta": 0.11597131922109591, "max_depth": 31.137969991046628, "n_estimators": 17.641866532560986}, "datetime": {"datetime": "2021-09-28 08:26:11", "elapsed": 245.890402, "delta": 1.476366}}
{"target": -74.39597364582525, "params": {"eta": 0.015872470472516664, "max_depth": 31.65342404454677, "n_estimators": 17.17337195196662}, "datetime": {"datetime": "2021-09-28 08:26:13", "elapsed": 247.790408, "delta": 1.900006}}
{"target": -18.361098764573658, "params": {"eta": 0.17531894834843234, "max_depth": 31.74010301458926, "n_estimators": 17.75944521302097}, "datetime": {"datetime": "2021-09-28 08:26:15", "elapsed": 249.693508, "delta": 1.9031}}
{"target": -16.936345165749977, "params": {"eta": 0.46559115491903946, "max_depth": 32.040744673511846, "n_estimators": 16.79909620327246}, "datetime": {"datetime": "2021-09-28 08:26:17", "elapsed": 251.315661, "delta": 1.622153}}
{"target": -17.272072381722836, "params": {"eta": 0.14890061679099426, "max_depth": 32.25111364309107, "n_estimators": 16.895019123799642}, "datetime": {"datetime": "2021-09-28 08:26:19", "elapsed": 253.419653, "delta": 2.103992}}
{"target": -23.68335177271952, "params": {"eta": 0.08692555032253765, "max_depth": 33.12455381395177, "n_estimators": 18.04222595204233}, "datetime": {"datetime": "2021-09-28 08:26:20", "elapsed": 254.420331, "delta": 1.000678}}
{"target": -17.427245429627703, "params": {"eta": 0.21381363554334284, "max_depth": 32.03795547133323, "n_estimators": 16.54170699290324}, "datetime": {"datetime": "2021-09-28 08:26:22", "elapsed": 256.702061, "delta": 2.28173}}
{"target": -25.7693883853982, "params": {"eta": 0.1287084446165855, "max_depth": 34.04002313738424, "n_estimators": 11.473621692447521}, "datetime": {"datetime": "2021-09-28 08:26:23", "elapsed": 257.705061, "delta": 1.003}}
{"target": -19.720918310598964, "params": {"eta": 0.45275591092663986, "max_depth": 32.42912677248312, "n_estimators": 16.64972687817097}, "datetime": {"datetime": "2021-09-28 08:26:25", "elapsed": 259.719479, "delta": 2.014418}}
{"target": -23.17955966340455, "params": {"eta": 0.10168572668102531, "max_depth": 32.38835189353211, "n_estimators": 16.494008438630807}, "datetime": {"datetime": "2021-09-28 08:26:28", "elapsed": 262.514781, "delta": 2.795302}}
{"target": -19.02050555004232, "params": {"eta": 0.3306656790502275, "max_depth": 25.865217102833434, "n_estimators": 14.538859858406695}, "datetime": {"datetime": "2021-09-28 08:26:29", "elapsed": 263.580778, "delta": 1.065997}}
{"target": -24.051270973386593, "params": {"eta": 0.5884624568646613, "max_depth": 29.740462259824614, "n_estimators": 11.224338704829815}, "datetime": {"datetime": "2021-09-28 08:26:30", "elapsed": 264.871608, "delta": 1.29083}}
{"target": -18.495477765652854, "params": {"eta": 0.2489446539660819, "max_depth": 32.14832314018075, "n_estimators": 17.24100573373171}, "datetime": {"datetime": "2021-09-28 08:26:32", "elapsed": 266.776614, "delta": 1.905006}}
{"target": -18.65769279763058, "params": {"eta": 0.33290281421071066, "max_depth": 26.580118174287374, "n_estimators": 14.42228140476265}, "datetime": {"datetime": "2021-09-28 08:26:34", "elapsed": 268.634422, "delta": 1.857808}}
{"target": -19.4804471243273, "params": {"eta": 0.5215834309017201, "max_depth": 32.20974146226662, "n_estimators": 16.340003114632037}, "datetime": {"datetime": "2021-09-28 08:26:37", "elapsed": 271.206212, "delta": 2.57179}}
{"target": -17.94820283537708, "params": {"eta": 0.4120911919034251, "max_depth": 32.49378159771148, "n_estimators": 17.000732222172225}, "datetime": {"datetime": "2021-09-28 08:26:39", "elapsed": 273.474286, "delta": 2.268074}}
{"target": -17.089386887758188, "params": {"eta": 0.4228251544739475, "max_depth": 31.73040108936454, "n_estimators": 16.6597998505186}, "datetime": {"datetime": "2021-09-28 08:26:42", "elapsed": 276.127689, "delta": 2.653403}}
{"target": -17.929845929198077, "params": {"eta": 0.38975588107728626, "max_depth": 27.842748133979498, "n_estimators": 13.646860604375975}, "datetime": {"datetime": "2021-09-28 08:26:43", "elapsed": 277.776687, "delta": 1.648998}}
{"target": -19.705708619488455, "params": {"eta": 0.5000628520159527, "max_depth": 31.826554877497813, "n_estimators": 16.32936307257768}, "datetime": {"datetime": "2021-09-28 08:26:45", "elapsed": 279.504056, "delta": 1.727369}}
{"target": -21.83005468234071, "params": {"eta": 0.6, "max_depth": 33.14208816840332, "n_estimators": 13.081787965323008}, "datetime": {"datetime": "2021-09-28 08:26:48", "elapsed": 282.175949, "delta": 2.671893}}
{"target": -77.4799134385635, "params": {"eta": 0.01348391621319717, "max_depth": 31.441206766154078, "n_estimators": 17.71154627639779}, "datetime": {"datetime": "2021-09-28 08:26:50", "elapsed": 284.37194, "delta": 2.195991}}
{"target": -18.44823640493873, "params": {"eta": 0.3001844539367745, "max_depth": 31.735887905432488, "n_estimators": 17.512990152087404}, "datetime": {"datetime": "2021-09-28 08:26:52", "elapsed": 286.243109, "delta": 1.871169}}
{"target": -18.199645582996894, "params": {"eta": 0.2716605080721064, "max_depth": 30.977457845835392, "n_estimators": 17.783929401448795}, "datetime": {"datetime": "2021-09-28 08:26:54", "elapsed": 288.673166, "delta": 2.430057}}
{"target": -23.667538942985836, "params": {"eta": 0.5937123782265236, "max_depth": 34.34113619746209, "n_estimators": 10.552122825598719}, "datetime": {"datetime": "2021-09-28 08:26:55", "elapsed": 289.879327, "delta": 1.206161}}
{"target": -19.2241831347709, "params": {"eta": 0.4856278167843692, "max_depth": 31.26378929021125, "n_estimators": 17.97194620497114}, "datetime": {"datetime": "2021-09-28 08:26:57", "elapsed": 291.579882, "delta": 1.700555}}
{"target": -19.46755223188384, "params": {"eta": 0.548201592398125, "max_depth": 31.65246803044696, "n_estimators": 17.829859877870298}, "datetime": {"datetime": "2021-09-28 08:26:59", "elapsed": 294.091728, "delta": 2.511846}}
{"target": -19.69707383510896, "params": {"eta": 0.5327076458261878, "max_depth": 25.536663665361008, "n_estimators": 11.329947600332872}, "datetime": {"datetime": "2021-09-28 08:27:01", "elapsed": 295.371633, "delta": 1.279905}}
{"target": -17.01085883332131, "params": {"eta": 0.21669699659676164, "max_depth": 30.95852894466817, "n_estimators": 17.473505105551645}, "datetime": {"datetime": "2021-09-28 08:27:03", "elapsed": 297.359893, "delta": 1.98826}}
{"target": -17.705904248808473, "params": {"eta": 0.27412157185102465, "max_depth": 30.997389389639856, "n_estimators": 18.195914271213827}, "datetime": {"datetime": "2021-09-28 08:27:05", "elapsed": 299.456014, "delta": 2.096121}}
{"target": -21.891551150117408, "params": {"eta": 0.5907635862997391, "max_depth": 31.7434319949539, "n_estimators": 16.91238119664341}, "datetime": {"datetime": "2021-09-28 08:27:07", "elapsed": 301.869169, "delta": 2.413155}}
{"target": -17.45733629324801, "params": {"eta": 0.38439884127228013, "max_depth": 31.595361350769622, "n_estimators": 18.089989671440577}, "datetime": {"datetime": "2021-09-28 08:27:10", "elapsed": 304.438511, "delta": 2.569342}}
{"target": -17.873830756717503, "params": {"eta": 0.3903970031481466, "max_depth": 31.361927352766465, "n_estimators": 18.30521071138005}, "datetime": {"datetime": "2021-09-28 08:27:12", "elapsed": 306.926026, "delta": 2.487515}}
{"target": -17.486586634073873, "params": {"eta": 0.25263303933705394, "max_depth": 28.162165105544258, "n_estimators": 11.496357699986323}, "datetime": {"datetime": "2021-09-28 08:27:14", "elapsed": 308.093022, "delta": 1.166996}}
{"target": -19.927905742166125, "params": {"eta": 0.5175398095410044, "max_depth": 28.133426761000738, "n_estimators": 11.657991027683988}, "datetime": {"datetime": "2021-09-28 08:27:16", "elapsed": 310.273901, "delta": 2.180879}}
{"target": -19.887776892780458, "params": {"eta": 0.10748093637035394, "max_depth": 31.15283578225262, "n_estimators": 18.359605292996505}, "datetime": {"datetime": "2021-09-28 08:27:18", "elapsed": 312.521045, "delta": 2.247144}}
{"target": -17.775036424920394, "params": {"eta": 0.3826777413519097, "max_depth": 33.355119492773056, "n_estimators": 12.878533964822026}, "datetime": {"datetime": "2021-09-28 08:27:19", "elapsed": 313.607043, "delta": 1.085998}}
{"target": -19.334069247608156, "params": {"eta": 0.34500810748879535, "max_depth": 29.5726268041566, "n_estimators": 17.18061197660157}, "datetime": {"datetime": "2021-09-28 08:27:20", "elapsed": 314.957174, "delta": 1.350131}}
{"target": -72.57751414867055, "params": {"eta": 0.017328827545591043, "max_depth": 30.853948116096802, "n_estimators": 17.67010837937709}, "datetime": {"datetime": "2021-09-28 08:27:22", "elapsed": 316.88372, "delta": 1.926546}}
{"target": -18.1165726673424, "params": {"eta": 0.3690866440118917, "max_depth": 31.21846306466574, "n_estimators": 17.543347867438037}, "datetime": {"datetime": "2021-09-28 08:27:25", "elapsed": 319.120409, "delta": 2.236689}}
{"target": -16.699480589543167, "params": {"eta": 0.45851429017580264, "max_depth": 30.974058260269132, "n_estimators": 17.580328811831937}, "datetime": {"datetime": "2021-09-28 08:27:27", "elapsed": 321.123315, "delta": 2.002906}}
{"target": -22.10469061707854, "params": {"eta": 0.5855070086675098, "max_depth": 27.7788308165918, "n_estimators": 10.949600009278749}, "datetime": {"datetime": "2021-09-28 08:27:28", "elapsed": 322.326544, "delta": 1.203229}}
{"target": -18.23965074827493, "params": {"eta": 0.3228671411691215, "max_depth": 28.35380558481479, "n_estimators": 10.048843373998318}, "datetime": {"datetime": "2021-09-28 08:27:29", "elapsed": 323.481543, "delta": 1.154999}}
{"target": -18.430254106372143, "params": {"eta": 0.39661547444397516, "max_depth": 30.92410711494605, "n_estimators": 17.276401219540652}, "datetime": {"datetime": "2021-09-28 08:27:31", "elapsed": 325.50099, "delta": 2.019447}}
{"target": -18.551478260031065, "params": {"eta": 0.27754601857167993, "max_depth": 32.71559859717709, "n_estimators": 16.803971055864153}, "datetime": {"datetime": "2021-09-28 08:27:33", "elapsed": 327.954152, "delta": 2.453162}}
{"target": -18.276070493495066, "params": {"eta": 0.16079701370181165, "max_depth": 31.71899583486463, "n_estimators": 16.45641656041037}, "datetime": {"datetime": "2021-09-28 08:27:36", "elapsed": 330.204019, "delta": 2.249867}}
{"target": -21.809051591470038, "params": {"eta": 0.6, "max_depth": 32.780607819513534, "n_estimators": 11.492781943524262}, "datetime": {"datetime": "2021-09-28 08:27:38", "elapsed": 332.262428, "delta": 2.058409}}
{"target": -17.24544036673475, "params": {"eta": 0.37322596351613146, "max_depth": 33.47064404700407, "n_estimators": 15.633031759195113}, "datetime": {"datetime": "2021-09-28 08:27:40", "elapsed": 334.191029, "delta": 1.928601}}
{"target": -18.31393496449128, "params": {"eta": 0.33016067626400764, "max_depth": 28.396460822985194, "n_estimators": 11.50183066242849}, "datetime": {"datetime": "2021-09-28 08:27:42", "elapsed": 336.121576, "delta": 1.930547}}
{"target": -18.299047880599968, "params": {"eta": 0.17498984624881264, "max_depth": 32.08066372413757, "n_estimators": 16.20951729334204}, "datetime": {"datetime": "2021-09-28 08:27:44", "elapsed": 338.442989, "delta": 2.321413}}
{"target": -23.96491813218153, "params": {"eta": 0.5985229137744805, "max_depth": 25.632202995878227, "n_estimators": 17.514533122971876}, "datetime": {"datetime": "2021-09-28 08:27:46", "elapsed": 340.736327, "delta": 2.293338}}
{"target": -18.911977445456287, "params": {"eta": 0.48469188125284773, "max_depth": 30.95445663332245, "n_estimators": 17.957201887902485}, "datetime": {"datetime": "2021-09-28 08:27:48", "elapsed": 342.694212, "delta": 1.957885}}
{"target": -18.020498815695504, "params": {"eta": 0.40631548593158073, "max_depth": 27.517686294863488, "n_estimators": 12.521506658801744}, "datetime": {"datetime": "2021-09-28 08:27:49", "elapsed": 343.935212, "delta": 1.241}}
{"target": -18.18324397586797, "params": {"eta": 0.23769548683063266, "max_depth": 33.26508799409383, "n_estimators": 17.053680701098894}, "datetime": {"datetime": "2021-09-28 08:27:52", "elapsed": 346.13308, "delta": 2.197868}}
{"target": -17.25395963192146, "params": {"eta": 0.20811973315636395, "max_depth": 32.79265912698422, "n_estimators": 15.47982494114498}, "datetime": {"datetime": "2021-09-28 08:27:54", "elapsed": 348.245666, "delta": 2.112586}}
{"target": -17.5906010232761, "params": {"eta": 0.2199705581594334, "max_depth": 33.23754799341612, "n_estimators": 18.0411421967005}, "datetime": {"datetime": "2021-09-28 08:27:55", "elapsed": 349.574647, "delta": 1.328981}}
{"target": -21.81942198978772, "params": {"eta": 0.6, "max_depth": 27.231960911171058, "n_estimators": 12.446657942669196}, "datetime": {"datetime": "2021-09-28 08:27:57", "elapsed": 351.813433, "delta": 2.238786}}
{"target": -18.53514537143948, "params": {"eta": 0.3075681117824617, "max_depth": 32.521116028543, "n_estimators": 15.75695653929385}, "datetime": {"datetime": "2021-09-28 08:27:59", "elapsed": 354.023156, "delta": 2.209723}}
{"target": -17.10435843196741, "params": {"eta": 0.45730777646616566, "max_depth": 32.164539505341715, "n_estimators": 15.94820024622958}, "datetime": {"datetime": "2021-09-28 08:28:02", "elapsed": 356.201679, "delta": 2.178523}}
{"target": -21.82883158033393, "params": {"eta": 0.11467927889104138, "max_depth": 32.25660147752072, "n_estimators": 15.898301585321663}, "datetime": {"datetime": "2021-09-28 08:28:04", "elapsed": 358.704169, "delta": 2.50249}}
{"target": -23.700772311671003, "params": {"eta": 0.5978762615966756, "max_depth": 32.48252158814461, "n_estimators": 15.902398223041132}, "datetime": {"datetime": "2021-09-28 08:28:07", "elapsed": 361.321171, "delta": 2.617002}}
{"target": -17.710584894267377, "params": {"eta": 0.31734297365023983, "max_depth": 31.83734363698173, "n_estimators": 15.979233529924407}, "datetime": {"datetime": "2021-09-28 08:28:09", "elapsed": 363.648444, "delta": 2.327273}}
{"target": -85.06941116151052, "params": {"eta": 0.008, "max_depth": 25.62250619090824, "n_estimators": 17.341350711459274}, "datetime": {"datetime": "2021-09-28 08:28:12", "elapsed": 366.207238, "delta": 2.558794}}
{"target": -16.720179411252236, "params": {"eta": 0.19647306907296186, "max_depth": 33.793989043145395, "n_estimators": 15.620507639997914}, "datetime": {"datetime": "2021-09-28 08:28:13", "elapsed": 367.381389, "delta": 1.174151}}
{"target": -20.59361442328726, "params": {"eta": 0.55575282927314, "max_depth": 32.7703632114769, "n_estimators": 16.04847923951517}, "datetime": {"datetime": "2021-09-28 08:28:14", "elapsed": 368.815526, "delta": 1.434137}}
{"target": -24.007983438638824, "params": {"eta": 0.1265704079306767, "max_depth": 32.19158333252, "n_estimators": 12.884005056660364}, "datetime": {"datetime": "2021-09-28 08:28:16", "elapsed": 370.097179, "delta": 1.281653}}
{"target": -17.708678988794205, "params": {"eta": 0.262198436986585, "max_depth": 32.79931733203413, "n_estimators": 19.0427205298908}, "datetime": {"datetime": "2021-09-28 08:28:17", "elapsed": 371.435436, "delta": 1.338257}}
{"target": -18.563863895855754, "params": {"eta": 0.305684182140051, "max_depth": 25.56405919110036, "n_estimators": 16.82895461251773}, "datetime": {"datetime": "2021-09-28 08:28:19", "elapsed": 374.027741, "delta": 2.592305}}
{"target": -20.150469955161867, "params": {"eta": 0.11945748582461427, "max_depth": 25.889765681126562, "n_estimators": 16.848449136729833}, "datetime": {"datetime": "2021-09-28 08:28:22", "elapsed": 376.100532, "delta": 2.072791}}
{"target": -19.623248027502115, "params": {"eta": 0.5069643502303767, "max_depth": 25.209890606922283, "n_estimators": 17.376004636171004}, "datetime": {"datetime": "2021-09-28 08:28:24", "elapsed": 378.625366, "delta": 2.524834}}
{"target": -53.78741416501357, "params": {"eta": 0.04251619595702972, "max_depth": 29.605960216986713, "n_estimators": 14.242047493848347}, "datetime": {"datetime": "2021-09-28 08:28:25", "elapsed": 379.929362, "delta": 1.303996}}
{"target": -18.924410546082264, "params": {"eta": 0.34836387099486626, "max_depth": 25.94670151578974, "n_estimators": 17.053757132498877}, "datetime": {"datetime": "2021-09-28 08:28:28", "elapsed": 382.162905, "delta": 2.233543}}
{"target": -18.250541530650384, "params": {"eta": 0.22366510440381934, "max_depth": 27.428448807117235, "n_estimators": 12.25745179492722}, "datetime": {"datetime": "2021-09-28 08:28:30", "elapsed": 384.987323, "delta": 2.824418}}
{"target": -22.87485270737739, "params": {"eta": 0.5826459666605261, "max_depth": 33.40782389481517, "n_estimators": 13.035314975403113}, "datetime": {"datetime": "2021-09-28 08:28:32", "elapsed": 386.400323, "delta": 1.413}}
{"target": -19.98556808945347, "params": {"eta": 0.5320180701977322, "max_depth": 27.588569972007544, "n_estimators": 12.153389449701876}, "datetime": {"datetime": "2021-09-28 08:28:34", "elapsed": 388.667074, "delta": 2.266751}}
{"target": -18.525547743100574, "params": {"eta": 0.481654331008987, "max_depth": 26.2175108479857, "n_estimators": 14.46458813494402}, "datetime": {"datetime": "2021-09-28 08:28:37", "elapsed": 391.112616, "delta": 2.445542}}
{"target": -57.43297205513278, "params": {"eta": 0.04379222584460752, "max_depth": 27.391649403359732, "n_estimators": 12.627465906341083}, "datetime": {"datetime": "2021-09-28 08:28:39", "elapsed": 393.48008, "delta": 2.367464}}
{"target": -21.17824056023277, "params": {"eta": 0.12000410324713816, "max_depth": 30.3500022071921, "n_estimators": 15.694823514288478}, "datetime": {"datetime": "2021-09-28 08:28:42", "elapsed": 396.270459, "delta": 2.790379}}
{"target": -19.290504097740772, "params": {"eta": 0.4881705599970261, "max_depth": 25.078036113554155, "n_estimators": 11.89373250620842}, "datetime": {"datetime": "2021-09-28 08:28:44", "elapsed": 399.013139, "delta": 2.74268}}
{"target": -17.46375142589056, "params": {"eta": 0.4378585640121609, "max_depth": 32.597630490128395, "n_estimators": 19.251788916659716}, "datetime": {"datetime": "2021-09-28 08:28:47", "elapsed": 401.598968, "delta": 2.585829}}
{"target": -18.887015452530164, "params": {"eta": 0.2976886319904278, "max_depth": 33.679554448231855, "n_estimators": 17.832397373705323}, "datetime": {"datetime": "2021-09-28 08:28:48", "elapsed": 403.091659, "delta": 1.492691}}
{"target": -21.812059794504616, "params": {"eta": 0.5913586946208965, "max_depth": 33.89809269938677, "n_estimators": 17.748050052498076}, "datetime": {"datetime": "2021-09-28 08:28:51", "elapsed": 405.940348, "delta": 2.848689}}
{"target": -18.012771258298756, "params": {"eta": 0.47330298674266785, "max_depth": 34.46001147983539, "n_estimators": 12.809291303347173}, "datetime": {"datetime": "2021-09-28 08:28:53", "elapsed": 407.382633, "delta": 1.442285}}
{"target": -19.65193976023439, "params": {"eta": 0.45217724571041307, "max_depth": 26.924914109173475, "n_estimators": 12.682466078593587}, "datetime": {"datetime": "2021-09-28 08:28:56", "elapsed": 410.432978, "delta": 3.050345}}
{"target": -19.773906414698175, "params": {"eta": 0.5329936323213244, "max_depth": 28.13344094501903, "n_estimators": 13.499273866086499}, "datetime": {"datetime": "2021-09-28 08:28:58", "elapsed": 413.037733, "delta": 2.604755}}
{"target": -20.244769606315746, "params": {"eta": 0.4835297352052507, "max_depth": 26.09020610794699, "n_estimators": 14.803756497651587}, "datetime": {"datetime": "2021-09-28 08:29:02", "elapsed": 416.177688, "delta": 3.139955}}
{"target": -19.048034938233567, "params": {"eta": 0.34732495861033075, "max_depth": 25.228888449824286, "n_estimators": 17.675435110541446}, "datetime": {"datetime": "2021-09-28 08:29:04", "elapsed": 419.087023, "delta": 2.909335}}
{"target": -17.012144248567996, "params": {"eta": 0.4624500834254855, "max_depth": 27.84750637906296, "n_estimators": 10.31108548852026}, "datetime": {"datetime": "2021-09-28 08:29:06", "elapsed": 420.529025, "delta": 1.442002}}
{"target": -19.696853089721728, "params": {"eta": 0.539994169513502, "max_depth": 28.09500854938492, "n_estimators": 10.055735189069768}, "datetime": {"datetime": "2021-09-28 08:29:08", "elapsed": 423.033338, "delta": 2.504313}}
{"target": -17.376288667688634, "params": {"eta": 0.4192323562140274, "max_depth": 28.194177808145394, "n_estimators": 10.363397103905976}, "datetime": {"datetime": "2021-09-28 08:29:11", "elapsed": 425.274125, "delta": 2.240787}}
