{"target": -18.99358284581555, "params": {"eta": 0.4739071960714193, "max_depth": 5.64809011586975, "n_estimators": 228.6652844980323}, "datetime": {"datetime": "2021-09-27 22:31:47", "elapsed": 1071.789101, "delta": 4.293069}}
{"target": -17.66967084638304, "params": {"eta": 0.12347546180786455, "max_depth": 4.715736799613033, "n_estimators": 231.91992404144833}, "datetime": {"datetime": "2021-09-27 22:31:52", "elapsed": 1076.949443, "delta": 5.160342}}
{"target": -18.16302603407732, "params": {"eta": 0.11300171658194913, "max_depth": 14.039460701611723, "n_estimators": 246.58386018081643}, "datetime": {"datetime": "2021-09-27 22:31:55", "elapsed": 1079.959456, "delta": 3.010013}}
{"target": -17.999021710379292, "params": {"eta": 0.048990385792849055, "max_depth": 19.915990605721767, "n_estimators": 266.59940471068273}, "datetime": {"datetime": "2021-09-27 22:31:59", "elapsed": 1084.289247, "delta": 4.329791}}
{"target": -19.63533447307943, "params": {"eta": 0.34392500108048857, "max_depth": 28.07279406935394, "n_estimators": 270.41188545703363}, "datetime": {"datetime": "2021-09-27 22:32:05", "elapsed": 1089.815568, "delta": 5.526321}}
{"target": -20.09805650627027, "params": {"eta": 0.5450069102992675, "max_depth": 16.728120455761193, "n_estimators": 243.80309310884175}, "datetime": {"datetime": "2021-09-27 22:32:07", "elapsed": 1092.335182, "delta": 2.519614}}
{"target": -18.21115214188169, "params": {"eta": 0.05696731754043788, "max_depth": 22.60103011257428, "n_estimators": 270.81389024710984}, "datetime": {"datetime": "2021-09-27 22:32:16", "elapsed": 1101.465828, "delta": 9.130646}}
{"target": -20.22201778228305, "params": {"eta": 0.5360192004791755, "max_depth": 16.50622384986725, "n_estimators": 243.10007102331122}, "datetime": {"datetime": "2021-09-27 22:32:19", "elapsed": 1104.164842, "delta": 2.699014}}
{"target": -18.50982325782444, "params": {"eta": 0.27887335244655304, "max_depth": 28.118718346681923, "n_estimators": 219.9467782917976}, "datetime": {"datetime": "2021-09-27 22:32:25", "elapsed": 1109.681375, "delta": 5.516533}}
{"target": -18.94774305109597, "params": {"eta": 0.172787190864931, "max_depth": 7.722194785828236, "n_estimators": 264.21296560868916}, "datetime": {"datetime": "2021-09-27 22:32:29", "elapsed": 1114.532978, "delta": 4.851603}}
{"target": -19.079951015072496, "params": {"eta": 0.3341836550194573, "max_depth": 13.617881753857144, "n_estimators": 240.4068083866121}, "datetime": {"datetime": "2021-09-27 22:32:32", "elapsed": 1117.037399, "delta": 2.504421}}
{"target": -17.65802512167068, "params": {"eta": 0.40978955973972925, "max_depth": 10.716951315736999, "n_estimators": 224.2194376154828}, "datetime": {"datetime": "2021-09-27 22:32:36", "elapsed": 1121.521524, "delta": 4.484125}}
{"target": -17.398878793962066, "params": {"eta": 0.2043502078675457, "max_depth": 7.976933150476732, "n_estimators": 263.9744355442526}, "datetime": {"datetime": "2021-09-27 22:32:42", "elapsed": 1126.757665, "delta": 5.236141}}
{"target": -17.80345739929789, "params": {"eta": 0.14958285489524809, "max_depth": 4.558414340039377, "n_estimators": 251.01679473800482}, "datetime": {"datetime": "2021-09-27 22:32:46", "elapsed": 1131.090487, "delta": 4.332822}}
{"target": -19.041504298718298, "params": {"eta": 0.25487702678392377, "max_depth": 21.889410309822583, "n_estimators": 200.01143748173448}, "datetime": {"datetime": "2021-09-28 07:46:30", "elapsed": 0.0, "delta": 0.0}}
{"target": -17.491816954503815, "params": {"eta": 0.18698088299804913, "max_depth": 5.255920833696278, "n_estimators": 209.2338594768798}, "datetime": {"datetime": "2021-09-28 07:46:30", "elapsed": 0.541779, "delta": 0.541779}}
{"target": -18.5637650939969, "params": {"eta": 0.11826604513558117, "max_depth": 11.021261084248385, "n_estimators": 239.67674742306698}, "datetime": {"datetime": "2021-09-28 07:46:32", "elapsed": 2.397668, "delta": 1.855889}}
{"target": -20.19678870092569, "params": {"eta": 0.3269795065299873, "max_depth": 13.15664091769555, "n_estimators": 268.52195003967597}, "datetime": {"datetime": "2021-09-28 07:46:33", "elapsed": 3.072192, "delta": 0.674524}}
{"target": -18.076211640576425, "params": {"eta": 0.12903573184105832, "max_depth": 26.465405655337417, "n_estimators": 202.73875931979262}, "datetime": {"datetime": "2021-09-28 07:46:35", "elapsed": 5.258385, "delta": 2.186193}}
{"target": -18.06439350843581, "params": {"eta": 0.18130042751002368, "max_depth": 5.418565462201842, "n_estimators": 209.02789263724006}, "datetime": {"datetime": "2021-09-28 07:46:36", "elapsed": 6.185801, "delta": 0.927416}}
{"target": -17.862320747355852, "params": {"eta": 0.023180276736218038, "max_depth": 5.547422795024103, "n_estimators": 209.72967473834805}, "datetime": {"datetime": "2021-09-28 07:46:37", "elapsed": 6.788637, "delta": 0.602836}}
{"target": -18.65674014682051, "params": {"eta": 0.24849950348054997, "max_depth": 4.663590644969457, "n_estimators": 209.7177620796123}, "datetime": {"datetime": "2021-09-28 07:46:37", "elapsed": 7.397094, "delta": 0.608457}}
{"target": -18.133447410651083, "params": {"eta": 0.1426888018587643, "max_depth": 5.512109924258306, "n_estimators": 294.73034510771674}, "datetime": {"datetime": "2021-09-28 07:46:38", "elapsed": 8.418621, "delta": 1.021527}}
{"target": -17.501414637140453, "params": {"eta": 0.43794358271368233, "max_depth": 22.129748401670067, "n_estimators": 219.46880315822753}, "datetime": {"datetime": "2021-09-28 07:46:39", "elapsed": 9.333478, "delta": 0.914857}}
{"target": -18.181652048680277, "params": {"eta": 0.13436199274793753, "max_depth": 21.893373723495415, "n_estimators": 219.77029417690562}, "datetime": {"datetime": "2021-09-28 07:46:41", "elapsed": 11.556256, "delta": 2.222778}}
{"target": -21.83268905366705, "params": {"eta": 0.5736237807203877, "max_depth": 20.258071059419382, "n_estimators": 247.07206399291823}, "datetime": {"datetime": "2021-09-28 07:46:42", "elapsed": 12.218154, "delta": 0.661898}}
{"target": -19.223136493192765, "params": {"eta": 0.21098599161603246, "max_depth": 22.349222425712515, "n_estimators": 218.57797547415754}, "datetime": {"datetime": "2021-09-28 07:46:43", "elapsed": 13.200822, "delta": 0.982668}}
{"target": -18.712664145933008, "params": {"eta": 0.1984436292410398, "max_depth": 23.130279784253354, "n_estimators": 220.17782530627701}, "datetime": {"datetime": "2021-09-28 07:46:44", "elapsed": 14.23248, "delta": 1.031658}}
{"target": -21.84767816074422, "params": {"eta": 0.6, "max_depth": 21.436915358217608, "n_estimators": 219.25754636213534}, "datetime": {"datetime": "2021-09-28 07:46:45", "elapsed": 15.170846, "delta": 0.938366}}
{"target": -16.78006519447946, "params": {"eta": 0.40885002355045386, "max_depth": 16.889420238408437, "n_estimators": 238.32091671387047}, "datetime": {"datetime": "2021-09-28 07:46:46", "elapsed": 15.779433, "delta": 0.608587}}
{"target": -17.97879094188729, "params": {"eta": 0.09132761179382651, "max_depth": 5.042007150050051, "n_estimators": 231.68323118512143}, "datetime": {"datetime": "2021-09-28 07:46:47", "elapsed": 16.781336, "delta": 1.001903}}
{"target": -19.29205521080769, "params": {"eta": 0.17020827686900963, "max_depth": 23.166103710945425, "n_estimators": 206.6870545660315}, "datetime": {"datetime": "2021-09-28 07:46:49", "elapsed": 18.978325, "delta": 2.196989}}
{"target": -20.15446512565708, "params": {"eta": 0.52293244244434, "max_depth": 16.79159724002701, "n_estimators": 238.04769700811585}, "datetime": {"datetime": "2021-09-28 07:46:50", "elapsed": 19.974918, "delta": 0.996593}}
{"target": -20.088605317540512, "params": {"eta": 0.3621355948896968, "max_depth": 4.268359661975513, "n_estimators": 211.67775096844278}, "datetime": {"datetime": "2021-09-28 07:46:51", "elapsed": 20.883349, "delta": 0.908431}}
{"target": -18.086714561749716, "params": {"eta": 0.3712657991449871, "max_depth": 17.164364973593628, "n_estimators": 265.360692030178}, "datetime": {"datetime": "2021-09-28 07:46:52", "elapsed": 22.286067, "delta": 1.402718}}
{"target": -17.913161588635237, "params": {"eta": 0.017953097697323325, "max_depth": 8.492348272932864, "n_estimators": 280.0584705694262}, "datetime": {"datetime": "2021-09-28 07:46:53", "elapsed": 23.502865, "delta": 1.216798}}
{"target": -17.78763149290307, "params": {"eta": 0.1485817571896396, "max_depth": 23.206499020203264, "n_estimators": 220.27296969919118}, "datetime": {"datetime": "2021-09-28 07:46:55", "elapsed": 25.322753, "delta": 1.819888}}
{"target": -18.493125245920048, "params": {"eta": 0.41000827716302973, "max_depth": 16.997943458913145, "n_estimators": 238.26197021627252}, "datetime": {"datetime": "2021-09-28 07:46:56", "elapsed": 25.99866, "delta": 0.675907}}
{"target": -19.302125384013745, "params": {"eta": 0.30501805610535637, "max_depth": 4.7282754480960385, "n_estimators": 209.68425224111124}, "datetime": {"datetime": "2021-09-28 07:46:57", "elapsed": 26.819125, "delta": 0.820465}}
{"target": -17.568200158194294, "params": {"eta": 0.11777268477480599, "max_depth": 23.332005759893235, "n_estimators": 220.4888110650491}, "datetime": {"datetime": "2021-09-28 07:46:59", "elapsed": 28.989582, "delta": 2.170457}}
{"target": -20.476543855524703, "params": {"eta": 0.14418477431981438, "max_depth": 2.8788177084869515, "n_estimators": 270.38456474178884}, "datetime": {"datetime": "2021-09-28 07:46:59", "elapsed": 29.443106, "delta": 0.453524}}
{"target": -17.531897710543603, "params": {"eta": 0.22849465829145324, "max_depth": 16.939479930981488, "n_estimators": 238.29084814882594}, "datetime": {"datetime": "2021-09-28 07:47:00", "elapsed": 30.360641, "delta": 0.917535}}
{"target": -18.348788460026284, "params": {"eta": 0.2818671934589859, "max_depth": 5.403712485300272, "n_estimators": 209.3998188914279}, "datetime": {"datetime": "2021-09-28 07:47:01", "elapsed": 31.213156, "delta": 0.852515}}
{"target": -19.915676237761655, "params": {"eta": 0.5048087541074107, "max_depth": 13.136803882450529, "n_estimators": 229.6089417373981}, "datetime": {"datetime": "2021-09-28 07:47:02", "elapsed": 31.757774, "delta": 0.544618}}
{"target": -22.501731964714846, "params": {"eta": 0.008, "max_depth": 23.386701111870092, "n_estimators": 220.31119466818475}, "datetime": {"datetime": "2021-09-28 07:47:03", "elapsed": 33.0843, "delta": 1.326526}}
{"target": -18.377110656520514, "params": {"eta": 0.23186493143902506, "max_depth": 5.410305217972254, "n_estimators": 208.93227944280267}, "datetime": {"datetime": "2021-09-28 07:47:04", "elapsed": 33.961775, "delta": 0.877475}}
{"target": -18.155984828658376, "params": {"eta": 0.03345126239291686, "max_depth": 13.031025698108454, "n_estimators": 200.52915730110675}, "datetime": {"datetime": "2021-09-28 07:47:06", "elapsed": 36.356489, "delta": 2.394714}}
{"target": -20.101310077249796, "params": {"eta": 0.4832369588619079, "max_depth": 16.986401187134838, "n_estimators": 238.56076335623393}, "datetime": {"datetime": "2021-09-28 07:47:07", "elapsed": 37.260313, "delta": 0.903824}}
{"target": -19.6607913241229, "params": {"eta": 0.3239909387234503, "max_depth": 16.87368794010739, "n_estimators": 238.32001861310218}, "datetime": {"datetime": "2021-09-28 07:47:09", "elapsed": 38.901342, "delta": 1.641029}}
{"target": -18.35713860864928, "params": {"eta": 0.13721287421411088, "max_depth": 22.49985966711319, "n_estimators": 253.53779345456326}, "datetime": {"datetime": "2021-09-28 07:47:11", "elapsed": 40.950346, "delta": 2.049004}}
{"target": -21.238088502605237, "params": {"eta": 0.06909515066241428, "max_depth": 2.657317169248685, "n_estimators": 236.9646078211032}, "datetime": {"datetime": "2021-09-28 07:47:12", "elapsed": 42.05308, "delta": 1.102734}}
{"target": -18.77477142370839, "params": {"eta": 0.2666540393381901, "max_depth": 6.610702645262257, "n_estimators": 207.57659151819942}, "datetime": {"datetime": "2021-09-28 07:47:13", "elapsed": 43.244898, "delta": 1.191818}}
{"target": -17.30270823148429, "params": {"eta": 0.03296579241022059, "max_depth": 4.388308000431904, "n_estimators": 250.1763935337608}, "datetime": {"datetime": "2021-09-28 07:47:14", "elapsed": 43.952801, "delta": 0.707903}}
{"target": -18.176299262855807, "params": {"eta": 0.3161191533885082, "max_depth": 24.9722741355696, "n_estimators": 278.93799199129666}, "datetime": {"datetime": "2021-09-28 07:47:15", "elapsed": 44.951424, "delta": 0.998623}}
{"target": -17.61849689492422, "params": {"eta": 0.12527471778994545, "max_depth": 11.257974837657345, "n_estimators": 288.00367257004064}, "datetime": {"datetime": "2021-09-28 07:47:17", "elapsed": 46.780735, "delta": 1.829311}}
{"target": -16.834662093155227, "params": {"eta": 0.45960589089979415, "max_depth": 14.578975808034736, "n_estimators": 219.60003775038473}, "datetime": {"datetime": "2021-09-28 07:47:18", "elapsed": 47.653132, "delta": 0.872397}}
{"target": -20.61264103596129, "params": {"eta": 0.5016579885401131, "max_depth": 4.596791949740977, "n_estimators": 203.61982643453663}, "datetime": {"datetime": "2021-09-28 07:47:18", "elapsed": 48.439904, "delta": 0.786772}}
{"target": -19.8538106931406, "params": {"eta": 0.30088470228526554, "max_depth": 25.74430036611896, "n_estimators": 203.90900493526647}, "datetime": {"datetime": "2021-09-28 07:47:19", "elapsed": 49.450167, "delta": 1.010263}}
{"target": -19.099316938442996, "params": {"eta": 0.15879839033139145, "max_depth": 25.51921300643291, "n_estimators": 213.0656811889874}, "datetime": {"datetime": "2021-09-28 07:47:21", "elapsed": 50.678963, "delta": 1.228796}}
{"target": -18.955333139469673, "params": {"eta": 0.4547840796635728, "max_depth": 7.854919347855461, "n_estimators": 287.5190505780999}, "datetime": {"datetime": "2021-09-28 07:47:21", "elapsed": 51.371948, "delta": 0.692985}}
{"target": -17.642949340946622, "params": {"eta": 0.01719259840814428, "max_depth": 23.49282177874705, "n_estimators": 292.1137913999047}, "datetime": {"datetime": "2021-09-28 07:47:24", "elapsed": 54.573449, "delta": 3.201501}}
{"target": -19.454206236402424, "params": {"eta": 0.4880348744943949, "max_depth": 22.67013591072954, "n_estimators": 288.9528997346308}, "datetime": {"datetime": "2021-09-28 07:47:26", "elapsed": 55.631923, "delta": 1.058474}}
{"target": -17.83903039459913, "params": {"eta": 0.3610681534548997, "max_depth": 14.510814004808882, "n_estimators": 298.8669574077634}, "datetime": {"datetime": "2021-09-28 07:47:26", "elapsed": 56.536426, "delta": 0.904503}}
{"target": -18.561051210436446, "params": {"eta": 0.16705722748418383, "max_depth": 20.231812999892046, "n_estimators": 240.97326228426206}, "datetime": {"datetime": "2021-09-28 07:47:28", "elapsed": 58.322542, "delta": 1.786116}}
{"target": -17.41872745663541, "params": {"eta": 0.05743995912632687, "max_depth": 6.865791577901645, "n_estimators": 229.78227883921156}, "datetime": {"datetime": "2021-09-28 07:47:29", "elapsed": 59.575567, "delta": 1.253025}}
{"target": -18.169390448587748, "params": {"eta": 0.04742350427018406, "max_depth": 15.749883198747863, "n_estimators": 210.82188621176317}, "datetime": {"datetime": "2021-09-28 07:47:31", "elapsed": 61.483335, "delta": 1.907768}}
{"target": -18.59894737873384, "params": {"eta": 0.22044706890089563, "max_depth": 4.8357712030416575, "n_estimators": 244.40322569968518}, "datetime": {"datetime": "2021-09-28 07:47:32", "elapsed": 62.33142, "delta": 0.848085}}
{"target": -18.06971226029413, "params": {"eta": 0.3959441799774579, "max_depth": 8.229811807112478, "n_estimators": 264.2850488483595}, "datetime": {"datetime": "2021-09-28 07:47:33", "elapsed": 63.017714, "delta": 0.686294}}
{"target": -23.350764817285143, "params": {"eta": 0.595242461679147, "max_depth": 25.87586089051915, "n_estimators": 290.4682136791482}, "datetime": {"datetime": "2021-09-28 07:47:34", "elapsed": 63.903393, "delta": 0.885679}}
{"target": -19.05145585150454, "params": {"eta": 0.27747718181089875, "max_depth": 15.748284938497239, "n_estimators": 224.25553582447105}, "datetime": {"datetime": "2021-09-28 07:47:35", "elapsed": 64.653019, "delta": 0.749626}}
{"target": -18.19904048551785, "params": {"eta": 0.032984718342773, "max_depth": 20.071572457750612, "n_estimators": 299.1170044657159}, "datetime": {"datetime": "2021-09-28 07:47:38", "elapsed": 67.860258, "delta": 3.207239}}
{"target": -24.552434099152894, "params": {"eta": 0.04274135667439936, "max_depth": 1.3944031789928213, "n_estimators": 286.6259962345905}, "datetime": {"datetime": "2021-09-28 07:47:38", "elapsed": 68.404643, "delta": 0.544385}}
{"target": -18.12568784259177, "params": {"eta": 0.07231460780688392, "max_depth": 24.646966937496487, "n_estimators": 297.46295936787624}, "datetime": {"datetime": "2021-09-28 07:47:42", "elapsed": 71.794868, "delta": 3.390225}}
{"target": -19.61876939860873, "params": {"eta": 0.5240742250821576, "max_depth": 6.179259986636726, "n_estimators": 241.87862018952728}, "datetime": {"datetime": "2021-09-28 07:47:42", "elapsed": 72.45454, "delta": 0.659672}}
{"target": -18.53115803219818, "params": {"eta": 0.05057199546048363, "max_depth": 5.527110079427004, "n_estimators": 267.7482821898441}, "datetime": {"datetime": "2021-09-28 07:47:43", "elapsed": 73.62353, "delta": 1.16899}}
{"target": -18.2071221414011, "params": {"eta": 0.3794453115576762, "max_depth": 9.466265683506569, "n_estimators": 258.387798108437}, "datetime": {"datetime": "2021-09-28 07:47:45", "elapsed": 74.740128, "delta": 1.116598}}
{"target": -18.901761777393727, "params": {"eta": 0.34399087910368853, "max_depth": 8.984435851669486, "n_estimators": 251.24411200117368}, "datetime": {"datetime": "2021-09-28 07:47:45", "elapsed": 75.500576, "delta": 0.760448}}
{"target": -21.85384706017986, "params": {"eta": 0.5719003833375024, "max_depth": 8.208944127015261, "n_estimators": 205.46292060444526}, "datetime": {"datetime": "2021-09-28 07:47:46", "elapsed": 76.273424, "delta": 0.772848}}
{"target": -19.193939816630056, "params": {"eta": 0.1603226525224801, "max_depth": 22.50370838238, "n_estimators": 266.1021507858586}, "datetime": {"datetime": "2021-09-28 07:47:48", "elapsed": 77.999243, "delta": 1.725819}}
{"target": -17.290879678693955, "params": {"eta": 0.018070243317303798, "max_depth": 9.506346846534928, "n_estimators": 231.15997451350012}, "datetime": {"datetime": "2021-09-28 07:47:49", "elapsed": 79.265493, "delta": 1.26625}}
{"target": -18.528167464179415, "params": {"eta": 0.05905889891233695, "max_depth": 16.86897063554736, "n_estimators": 214.50314998652473}, "datetime": {"datetime": "2021-09-28 07:47:52", "elapsed": 81.91965, "delta": 2.654157}}
{"target": -18.581444968240614, "params": {"eta": 0.2030311014109987, "max_depth": 21.686991352613873, "n_estimators": 268.0931845743713}, "datetime": {"datetime": "2021-09-28 07:47:53", "elapsed": 83.013647, "delta": 1.093997}}
{"target": -23.06681275182349, "params": {"eta": 0.5869563849763711, "max_depth": 5.3854002618699, "n_estimators": 211.95460599217893}, "datetime": {"datetime": "2021-09-28 07:47:54", "elapsed": 84.086129, "delta": 1.072482}}
{"target": -20.35025880734874, "params": {"eta": 0.24842837340465007, "max_depth": 3.89027209350671, "n_estimators": 217.5950136853387}, "datetime": {"datetime": "2021-09-28 07:47:55", "elapsed": 85.019865, "delta": 0.933736}}
{"target": -18.170997086069974, "params": {"eta": 0.11731977417034992, "max_depth": 26.994800471681227, "n_estimators": 252.18193199944912}, "datetime": {"datetime": "2021-09-28 07:47:56", "elapsed": 86.55565, "delta": 1.535785}}
{"target": -18.334552380780284, "params": {"eta": 0.1366585339372077, "max_depth": 9.170353360838725, "n_estimators": 229.04665655752225}, "datetime": {"datetime": "2021-09-28 07:47:58", "elapsed": 87.884332, "delta": 1.328682}}
{"target": -24.658808733725206, "params": {"eta": 0.09876397189589586, "max_depth": 1.4411652504276975, "n_estimators": 295.9859710975768}, "datetime": {"datetime": "2021-09-28 07:47:59", "elapsed": 88.629799, "delta": 0.745467}}
{"target": -18.95883258358581, "params": {"eta": 0.3073876990700842, "max_depth": 29.708515315286142, "n_estimators": 240.24479573901442}, "datetime": {"datetime": "2021-09-28 07:48:00", "elapsed": 89.63172, "delta": 1.001921}}
{"target": -19.56030840562962, "params": {"eta": 0.4947604297220585, "max_depth": 14.820667364882867, "n_estimators": 272.6452331771041}, "datetime": {"datetime": "2021-09-28 07:48:00", "elapsed": 90.45422, "delta": 0.8225}}
{"target": -18.116738779523704, "params": {"eta": 0.279336006975125, "max_depth": 29.109166060958653, "n_estimators": 256.9044065649599}, "datetime": {"datetime": "2021-09-28 07:48:01", "elapsed": 91.508949, "delta": 1.054729}}
{"target": -19.585562868296325, "params": {"eta": 0.24077620330989546, "max_depth": 20.813116009712253, "n_estimators": 213.81949989777453}, "datetime": {"datetime": "2021-09-28 07:48:03", "elapsed": 92.888308, "delta": 1.379359}}
{"target": -18.346344083229667, "params": {"eta": 0.08760482825947183, "max_depth": 28.220490184521257, "n_estimators": 200.94712321935094}, "datetime": {"datetime": "2021-09-28 07:48:05", "elapsed": 94.824796, "delta": 1.936488}}
{"target": -17.623423163834502, "params": {"eta": 0.1962789310868877, "max_depth": 24.37660546905683, "n_estimators": 262.74967675108394}, "datetime": {"datetime": "2021-09-28 07:48:06", "elapsed": 96.15327, "delta": 1.328474}}
{"target": -18.44726076726917, "params": {"eta": 0.11265006152630946, "max_depth": 7.0671876207169095, "n_estimators": 253.06004277440792}, "datetime": {"datetime": "2021-09-28 07:48:08", "elapsed": 98.08645, "delta": 1.93318}}
{"target": -20.218053536850082, "params": {"eta": 0.49664447529881267, "max_depth": 4.476864693935121, "n_estimators": 255.83088563370626}, "datetime": {"datetime": "2021-09-28 07:48:09", "elapsed": 98.840905, "delta": 0.754455}}
{"target": -17.7968199262182, "params": {"eta": 0.42842400574751716, "max_depth": 14.232683669648114, "n_estimators": 291.57170672785594}, "datetime": {"datetime": "2021-09-28 07:48:10", "elapsed": 99.789057, "delta": 0.948152}}
