{"target": -16.07512398622289, "params": {"eta": 0.15559883579232775, "max_depth": 22.917951869555807, "n_estimators": 225.06504838508098}, "datetime": {"datetime": "2021-09-28 07:44:16", "elapsed": 4.856234, "delta": 1.052113}}
{"target": -20.831653656811653, "params": {"eta": 0.5, "max_depth": 20.49792673256365, "n_estimators": 221.55467935517484}, "datetime": {"datetime": "2021-09-28 07:44:17", "elapsed": 5.751205, "delta": 0.894971}}
{"target": -16.235643227860642, "params": {"eta": 0.035, "max_depth": 21.517501534615572, "n_estimators": 227.3243641477388}, "datetime": {"datetime": "2021-09-28 07:44:19", "elapsed": 7.741342, "delta": 1.990137}}
{"target": -18.468527739809407, "params": {"eta": 0.46905962597233297, "max_depth": 28.21832639351903, "n_estimators": 242.77695895089394}, "datetime": {"datetime": "2021-09-28 07:44:20", "elapsed": 8.497357, "delta": 0.756015}}
{"target": -16.375752940844297, "params": {"eta": 0.035, "max_depth": 23.11094269765013, "n_estimators": 250.0}, "datetime": {"datetime": "2021-09-28 07:44:23", "elapsed": 11.097278, "delta": 2.599921}}
{"target": -20.90864187346103, "params": {"eta": 0.5, "max_depth": 19.59006854068179, "n_estimators": 247.94106048427747}, "datetime": {"datetime": "2021-09-28 07:44:23", "elapsed": 11.772709, "delta": 0.675431}}
{"target": -16.341155472293483, "params": {"eta": 0.035, "max_depth": 27.908770280994574, "n_estimators": 229.03614298790038}, "datetime": {"datetime": "2021-09-28 07:44:26", "elapsed": 14.473371, "delta": 2.700662}}
{"target": -20.88032570194927, "params": {"eta": 0.5, "max_depth": 27.48309817516566, "n_estimators": 232.64600290091494}, "datetime": {"datetime": "2021-09-28 07:44:27", "elapsed": 15.339362, "delta": 0.865991}}
{"target": -16.335286729901632, "params": {"eta": 0.035, "max_depth": 29.333879856118056, "n_estimators": 226.88618432967525}, "datetime": {"datetime": "2021-09-28 07:44:29", "elapsed": 17.427344, "delta": 2.087982}}
{"target": -16.98746919194006, "params": {"eta": 0.1832662056496332, "max_depth": 25.702770634013337, "n_estimators": 249.9951492716731}, "datetime": {"datetime": "2021-09-28 07:44:30", "elapsed": 18.476549, "delta": 1.049205}}
{"target": -16.32651500889186, "params": {"eta": 0.035, "max_depth": 30.0, "n_estimators": 222.0450933733688}, "datetime": {"datetime": "2021-09-28 07:44:32", "elapsed": 20.275869, "delta": 1.79932}}
{"target": -17.337245431606213, "params": {"eta": 0.22920026894054232, "max_depth": 29.97478184249775, "n_estimators": 218.3165991232123}, "datetime": {"datetime": "2021-09-28 07:44:33", "elapsed": 21.312384, "delta": 1.036515}}
{"target": -17.275740614357556, "params": {"eta": 0.3803936389018203, "max_depth": 27.064556367164542, "n_estimators": 220.73748100291002}, "datetime": {"datetime": "2021-09-28 07:44:34", "elapsed": 21.99724, "delta": 0.684856}}
{"target": -18.509653327587195, "params": {"eta": 0.4687720947998878, "max_depth": 18.16498396157227, "n_estimators": 228.31118998804715}, "datetime": {"datetime": "2021-09-28 07:44:34", "elapsed": 22.845393, "delta": 0.848153}}
{"target": -16.350369720283577, "params": {"eta": 0.035, "max_depth": 10.983962965913337, "n_estimators": 236.58796246931087}, "datetime": {"datetime": "2021-09-28 07:44:36", "elapsed": 24.636799, "delta": 1.791406}}
{"target": -20.46732075305376, "params": {"eta": 0.49953461979033176, "max_depth": 7.83162925228057, "n_estimators": 235.71572944880583}, "datetime": {"datetime": "2021-09-28 07:44:37", "elapsed": 25.679406, "delta": 1.042607}}
{"target": -16.485707660201054, "params": {"eta": 0.035, "max_depth": 13.403726881428176, "n_estimators": 237.2136402971651}, "datetime": {"datetime": "2021-09-28 07:44:39", "elapsed": 27.538602, "delta": 1.859196}}
{"target": -16.441026425739484, "params": {"eta": 0.035, "max_depth": 11.56438835363811, "n_estimators": 239.52514875964062}, "datetime": {"datetime": "2021-09-28 07:44:41", "elapsed": 29.390875, "delta": 1.852273}}
{"target": -16.379814814794084, "params": {"eta": 0.035, "max_depth": 14.833702585432599, "n_estimators": 240.74450968753158}, "datetime": {"datetime": "2021-09-28 07:44:43", "elapsed": 31.357328, "delta": 1.966453}}
{"target": -16.161811070850895, "params": {"eta": 0.035, "max_depth": 12.426805881919728, "n_estimators": 243.13537278472845}, "datetime": {"datetime": "2021-09-28 07:44:45", "elapsed": 33.133678, "delta": 1.77635}}
{"target": -16.031370849228374, "params": {"eta": 0.035, "max_depth": 9.192328084744595, "n_estimators": 243.42730957510437}, "datetime": {"datetime": "2021-09-28 07:44:46", "elapsed": 34.44636, "delta": 1.312682}}
{"target": -20.309167898571644, "params": {"eta": 0.5, "max_depth": 10.563188642058122, "n_estimators": 246.20937978725019}, "datetime": {"datetime": "2021-09-28 07:44:47", "elapsed": 35.18521, "delta": 0.73885}}
{"target": -19.99419556639354, "params": {"eta": 0.4844721054491372, "max_depth": 10.234614177482857, "n_estimators": 241.82833200084747}, "datetime": {"datetime": "2021-09-28 07:44:47", "elapsed": 35.864654, "delta": 0.679444}}
{"target": -17.91769788981591, "params": {"eta": 0.2982857879198928, "max_depth": 6.4490866290664615, "n_estimators": 234.5559440785432}, "datetime": {"datetime": "2021-09-28 07:44:48", "elapsed": 36.662897, "delta": 0.798243}}
{"target": -16.97347896754, "params": {"eta": 0.17288359224864866, "max_depth": 29.875172409953443, "n_estimators": 224.76238824021982}, "datetime": {"datetime": "2021-09-28 07:44:49", "elapsed": 37.876287, "delta": 1.21339}}
{"target": -16.51258480923223, "params": {"eta": 0.041793450117075796, "max_depth": 13.457909268034268, "n_estimators": 210.02824771293925}, "datetime": {"datetime": "2021-09-28 07:44:51", "elapsed": 39.458159, "delta": 1.581872}}
{"target": -16.075187578175658, "params": {"eta": 0.19172196119705598, "max_depth": 9.413857454330135, "n_estimators": 243.23857658147074}, "datetime": {"datetime": "2021-09-28 07:44:52", "elapsed": 40.482379, "delta": 1.02422}}
{"target": -17.7014935256019, "params": {"eta": 0.2533259890636932, "max_depth": 23.184103814278984, "n_estimators": 226.6335374796115}, "datetime": {"datetime": "2021-09-28 07:44:53", "elapsed": 41.748119, "delta": 1.26574}}
{"target": -16.440866991324434, "params": {"eta": 0.035, "max_depth": 11.876438099007498, "n_estimators": 237.86072658094284}, "datetime": {"datetime": "2021-09-28 07:44:55", "elapsed": 43.667416, "delta": 1.919297}}
{"target": -16.354039950790014, "params": {"eta": 0.04178226347209667, "max_depth": 24.593791817086775, "n_estimators": 224.98920087286967}, "datetime": {"datetime": "2021-09-28 07:44:57", "elapsed": 45.767845, "delta": 2.100429}}
{"target": -16.875653253588805, "params": {"eta": 0.2705476466439671, "max_depth": 27.20852568001478, "n_estimators": 227.10205054724224}, "datetime": {"datetime": "2021-09-28 07:44:58", "elapsed": 46.704237, "delta": 0.936392}}
{"target": -16.489297167380993, "params": {"eta": 0.035, "max_depth": 13.406535510584876, "n_estimators": 239.3117049868977}, "datetime": {"datetime": "2021-09-28 07:45:00", "elapsed": 48.394363, "delta": 1.690126}}
{"target": -16.420457408858987, "params": {"eta": 0.10071006062793515, "max_depth": 13.62784177719561, "n_estimators": 241.95749183707704}, "datetime": {"datetime": "2021-09-28 07:45:02", "elapsed": 49.982472, "delta": 1.588109}}
{"target": -16.49594465759159, "params": {"eta": 0.035, "max_depth": 13.973338334219672, "n_estimators": 243.81433526627512}, "datetime": {"datetime": "2021-09-28 07:45:03", "elapsed": 51.696748, "delta": 1.714276}}
{"target": -16.36215008773954, "params": {"eta": 0.3786500469314562, "max_depth": 20.901966134381535, "n_estimators": 225.53111819093277}, "datetime": {"datetime": "2021-09-28 07:45:04", "elapsed": 52.543244, "delta": 0.846496}}
{"target": -15.733395857009558, "params": {"eta": 0.06062233795309349, "max_depth": 29.866651350927892, "n_estimators": 228.57836906598095}, "datetime": {"datetime": "2021-09-28 07:45:06", "elapsed": 54.393429, "delta": 1.850185}}
{"target": -16.15302723687801, "params": {"eta": 0.035, "max_depth": 12.487698706481343, "n_estimators": 235.19452126411852}, "datetime": {"datetime": "2021-09-28 07:45:07", "elapsed": 55.827895, "delta": 1.434466}}
{"target": -16.896294691534315, "params": {"eta": 0.35850717216123773, "max_depth": 14.453471774338535, "n_estimators": 235.1422861155084}, "datetime": {"datetime": "2021-09-28 07:45:08", "elapsed": 56.671154, "delta": 0.843259}}
{"target": -16.504893249589482, "params": {"eta": 0.11585690832098493, "max_depth": 29.841096499567342, "n_estimators": 230.06275134322797}, "datetime": {"datetime": "2021-09-28 07:45:10", "elapsed": 58.008151, "delta": 1.336997}}
{"target": -17.378661645849036, "params": {"eta": 0.24672493231539439, "max_depth": 15.788174346064586, "n_estimators": 238.49945260433367}, "datetime": {"datetime": "2021-09-28 07:45:10", "elapsed": 58.905871, "delta": 0.89772}}
{"target": -16.68558745181488, "params": {"eta": 0.16156930053179114, "max_depth": 16.181804488377644, "n_estimators": 242.59212554805686}, "datetime": {"datetime": "2021-09-28 07:45:12", "elapsed": 60.017777, "delta": 1.111906}}
{"target": -16.150617136865428, "params": {"eta": 0.035, "max_depth": 12.019802266694096, "n_estimators": 233.15680287815778}, "datetime": {"datetime": "2021-09-28 07:45:13", "elapsed": 61.550017, "delta": 1.53224}}
{"target": -17.379622078974947, "params": {"eta": 0.11415075717354153, "max_depth": 11.483271240331158, "n_estimators": 231.17990545852237}, "datetime": {"datetime": "2021-09-28 07:45:15", "elapsed": 63.242144, "delta": 1.692127}}
{"target": -15.995754111395632, "params": {"eta": 0.09624964631690136, "max_depth": 11.078956823971875, "n_estimators": 234.5039036116687}, "datetime": {"datetime": "2021-09-28 07:45:17", "elapsed": 65.088475, "delta": 1.846331}}
{"target": -20.13639195272722, "params": {"eta": 0.5, "max_depth": 6.970031100611272, "n_estimators": 243.22070772511353}, "datetime": {"datetime": "2021-09-28 07:45:18", "elapsed": 65.959452, "delta": 0.870977}}
{"target": -15.976296698648074, "params": {"eta": 0.14403169322887102, "max_depth": 14.173422198614334, "n_estimators": 207.78751754352987}, "datetime": {"datetime": "2021-09-28 07:45:19", "elapsed": 67.2405, "delta": 1.281048}}
{"target": -16.15415356402567, "params": {"eta": 0.05988965109212146, "max_depth": 12.292891000617388, "n_estimators": 207.89477717746723}, "datetime": {"datetime": "2021-09-28 07:45:21", "elapsed": 69.049338, "delta": 1.808838}}
{"target": -20.825186385996503, "params": {"eta": 0.5, "max_depth": 13.287077133766646, "n_estimators": 206.05889486617448}, "datetime": {"datetime": "2021-09-28 07:45:22", "elapsed": 70.027618, "delta": 0.97828}}
{"target": -16.204677493484546, "params": {"eta": 0.1961100847640084, "max_depth": 15.044968291286775, "n_estimators": 208.96023280724887}, "datetime": {"datetime": "2021-09-28 07:45:23", "elapsed": 71.227646, "delta": 1.200028}}
{"target": -18.081971233540454, "params": {"eta": 0.4786516940052141, "max_depth": 11.563650406037045, "n_estimators": 209.54103942751289}, "datetime": {"datetime": "2021-09-28 07:45:24", "elapsed": 72.094559, "delta": 0.866913}}
{"target": -17.35045753705375, "params": {"eta": 0.2685841493320825, "max_depth": 13.65501693986441, "n_estimators": 208.69463143643873}, "datetime": {"datetime": "2021-09-28 07:45:25", "elapsed": 72.977184, "delta": 0.882625}}
{"target": -16.152795688423137, "params": {"eta": 0.035, "max_depth": 15.580326551740074, "n_estimators": 207.63655074301118}, "datetime": {"datetime": "2021-09-28 07:45:26", "elapsed": 74.761729, "delta": 1.784545}}
{"target": -18.99218100047493, "params": {"eta": 0.4496879406199833, "max_depth": 23.791950922604908, "n_estimators": 223.48781376533705}, "datetime": {"datetime": "2021-09-28 07:45:27", "elapsed": 75.712507, "delta": 0.950778}}
{"target": -17.341698308947148, "params": {"eta": 0.3859342485557019, "max_depth": 28.79469630917152, "n_estimators": 228.18150836167794}, "datetime": {"datetime": "2021-09-28 07:45:28", "elapsed": 76.617894, "delta": 0.905387}}
{"target": -17.348120140724042, "params": {"eta": 0.26927913788018565, "max_depth": 13.173650331310277, "n_estimators": 234.13092739685604}, "datetime": {"datetime": "2021-09-28 07:45:29", "elapsed": 77.638638, "delta": 1.020744}}
{"target": -17.67022467611418, "params": {"eta": 0.222348423166627, "max_depth": 10.37122048452433, "n_estimators": 233.27031990973694}, "datetime": {"datetime": "2021-09-28 07:45:30", "elapsed": 78.739016, "delta": 1.100378}}
{"target": -18.89880155007218, "params": {"eta": 0.4631901810991391, "max_depth": 12.373013741903863, "n_estimators": 236.38321957064898}, "datetime": {"datetime": "2021-09-28 07:45:31", "elapsed": 79.67426, "delta": 0.935244}}
{"target": -16.74474845391172, "params": {"eta": 0.4312339358417232, "max_depth": 11.975030508019861, "n_estimators": 234.4144247777175}, "datetime": {"datetime": "2021-09-28 07:45:32", "elapsed": 80.823707, "delta": 1.149447}}
{"target": -16.231535218457665, "params": {"eta": 0.035, "max_depth": 21.887011658363257, "n_estimators": 225.052172783754}, "datetime": {"datetime": "2021-09-28 07:45:34", "elapsed": 82.806718, "delta": 1.983011}}
{"target": -16.40373655201613, "params": {"eta": 0.10459637646213767, "max_depth": 26.02736967194138, "n_estimators": 225.70260842764935}, "datetime": {"datetime": "2021-09-28 07:45:36", "elapsed": 84.502028, "delta": 1.69531}}
{"target": -16.351234167534198, "params": {"eta": 0.035, "max_depth": 10.530413024358678, "n_estimators": 237.99097307929716}, "datetime": {"datetime": "2021-09-28 07:45:38", "elapsed": 86.07321, "delta": 1.571182}}
{"target": -16.177001867691075, "params": {"eta": 0.32642019098989283, "max_depth": 16.412296237407826, "n_estimators": 208.5902590639644}, "datetime": {"datetime": "2021-09-28 07:45:39", "elapsed": 87.058159, "delta": 0.984949}}
{"target": -16.35111492674745, "params": {"eta": 0.035, "max_depth": 10.449932111812501, "n_estimators": 235.4547254109357}, "datetime": {"datetime": "2021-09-28 07:45:40", "elapsed": 88.912799, "delta": 1.85464}}
{"target": -16.423016654501758, "params": {"eta": 0.10952946996115416, "max_depth": 16.087885880628193, "n_estimators": 210.06456045293018}, "datetime": {"datetime": "2021-09-28 07:45:42", "elapsed": 90.311485, "delta": 1.398686}}
{"target": -16.28873678546962, "params": {"eta": 0.035, "max_depth": 14.681358930249694, "n_estimators": 210.90891148444152}, "datetime": {"datetime": "2021-09-28 07:45:44", "elapsed": 92.251604, "delta": 1.940119}}
{"target": -17.030402909448398, "params": {"eta": 0.41504614365209613, "max_depth": 13.434287602479348, "n_estimators": 211.59411922761424}, "datetime": {"datetime": "2021-09-28 07:45:45", "elapsed": 93.166606, "delta": 0.915002}}
{"target": -16.863080993310728, "params": {"eta": 0.23483961243570495, "max_depth": 26.306113263906266, "n_estimators": 228.8841265432008}, "datetime": {"datetime": "2021-09-28 07:45:46", "elapsed": 94.263944, "delta": 1.097338}}
{"target": -16.04627761276722, "params": {"eta": 0.08552365819812802, "max_depth": 17.188460964290265, "n_estimators": 207.29766064113878}, "datetime": {"datetime": "2021-09-28 07:45:48", "elapsed": 96.577132, "delta": 2.313188}}
{"target": -16.338114517097935, "params": {"eta": 0.13924716321647723, "max_depth": 17.931285271383565, "n_estimators": 208.58783028982987}, "datetime": {"datetime": "2021-09-28 07:45:50", "elapsed": 98.09604, "delta": 1.518908}}
{"target": -17.836580674322402, "params": {"eta": 0.18104715997453688, "max_depth": 18.64765882407829, "n_estimators": 207.11306316977226}, "datetime": {"datetime": "2021-09-28 07:45:51", "elapsed": 99.764195, "delta": 1.668155}}
{"target": -19.40168504613238, "params": {"eta": 0.4502582445421186, "max_depth": 16.552595120794003, "n_estimators": 206.29662674860072}, "datetime": {"datetime": "2021-09-28 07:45:52", "elapsed": 100.672697, "delta": 0.908502}}
{"target": -18.357086654164025, "params": {"eta": 0.4661394504726921, "max_depth": 13.207174232233307, "n_estimators": 240.6583687357846}, "datetime": {"datetime": "2021-09-28 07:45:53", "elapsed": 101.650897, "delta": 0.9782}}
{"target": -16.08145700486185, "params": {"eta": 0.13127214157154188, "max_depth": 14.785815114086343, "n_estimators": 242.29444175187427}, "datetime": {"datetime": "2021-09-28 07:45:55", "elapsed": 103.216685, "delta": 1.565788}}
{"target": -16.321866419887378, "params": {"eta": 0.035, "max_depth": 20.35957483234468, "n_estimators": 226.79506281459786}, "datetime": {"datetime": "2021-09-28 07:45:57", "elapsed": 105.67687, "delta": 2.460185}}
{"target": -18.706958866631794, "params": {"eta": 0.46564238445257544, "max_depth": 16.079233415074974, "n_estimators": 241.09384976144634}, "datetime": {"datetime": "2021-09-28 07:45:58", "elapsed": 106.694473, "delta": 1.017603}}
{"target": -16.237589841936224, "params": {"eta": 0.035, "max_depth": 15.288078140385263, "n_estimators": 243.54432204882696}, "datetime": {"datetime": "2021-09-28 07:46:00", "elapsed": 108.91485, "delta": 2.220377}}
{"target": -17.179345606474612, "params": {"eta": 0.4164065927307824, "max_depth": 14.055087880538442, "n_estimators": 238.21823001915538}, "datetime": {"datetime": "2021-09-28 07:46:02", "elapsed": 110.204987, "delta": 1.290137}}
{"target": -16.648280502786836, "params": {"eta": 0.40078436624004177, "max_depth": 17.492289233476257, "n_estimators": 209.99059081716544}, "datetime": {"datetime": "2021-09-28 07:46:03", "elapsed": 111.239454, "delta": 1.034467}}
{"target": -16.983237103196064, "params": {"eta": 0.37231800186546715, "max_depth": 20.91118292419694, "n_estimators": 228.42970800134464}, "datetime": {"datetime": "2021-09-28 07:46:04", "elapsed": 112.334756, "delta": 1.095302}}
{"target": -17.360877972623335, "params": {"eta": 0.3605745987817899, "max_depth": 15.930051499983767, "n_estimators": 211.72510263805717}, "datetime": {"datetime": "2021-09-28 07:46:05", "elapsed": 113.358526, "delta": 1.02377}}
{"target": -20.760442757662087, "params": {"eta": 0.4983995685999061, "max_depth": 13.393120976775453, "n_estimators": 243.04952791149464}, "datetime": {"datetime": "2021-09-28 07:46:06", "elapsed": 114.264169, "delta": 0.905643}}
{"target": -16.9510799364803, "params": {"eta": 0.3020473456734153, "max_depth": 29.315493355786014, "n_estimators": 246.86682171841952}, "datetime": {"datetime": "2021-09-28 07:46:07", "elapsed": 115.028099, "delta": 0.76393}}
{"target": -19.621718908391685, "params": {"eta": 0.48266701911943544, "max_depth": 24.07914713850937, "n_estimators": 213.8614083135486}, "datetime": {"datetime": "2021-09-28 07:46:07", "elapsed": 115.682318, "delta": 0.654219}}
{"target": -17.171383465068807, "params": {"eta": 0.13157218096346351, "max_depth": 14.890569419269456, "n_estimators": 208.08425019797733}, "datetime": {"datetime": "2021-09-28 07:46:09", "elapsed": 117.301305, "delta": 1.618987}}
{"target": -19.142935549192003, "params": {"eta": 0.2577964872775008, "max_depth": 16.808712591854512, "n_estimators": 207.99644530747835}, "datetime": {"datetime": "2021-09-28 07:46:10", "elapsed": 118.414553, "delta": 1.113248}}
{"target": -16.146438424219493, "params": {"eta": 0.15009020416960872, "max_depth": 9.436119427909013, "n_estimators": 243.66530099856834}, "datetime": {"datetime": "2021-09-28 07:46:11", "elapsed": 119.72297, "delta": 1.308417}}
{"target": -17.192870676464477, "params": {"eta": 0.28338196376984426, "max_depth": 18.45260216761044, "n_estimators": 247.00066470291952}, "datetime": {"datetime": "2021-09-28 07:46:12", "elapsed": 120.800891, "delta": 1.077921}}
{"target": -16.62851897531714, "params": {"eta": 0.059643059070492305, "max_depth": 9.209504750734238, "n_estimators": 206.7973456324455}, "datetime": {"datetime": "2021-09-28 07:46:14", "elapsed": 122.06494, "delta": 1.264049}}
{"target": -16.390983013088007, "params": {"eta": 0.36722196176689426, "max_depth": 29.622457639498705, "n_estimators": 228.4949218282741}, "datetime": {"datetime": "2021-09-28 07:46:15", "elapsed": 123.067475, "delta": 1.002535}}
{"target": -15.905842343340574, "params": {"eta": 0.3977378108734686, "max_depth": 29.95423757360033, "n_estimators": 229.0135497029649}, "datetime": {"datetime": "2021-09-28 07:46:16", "elapsed": 124.120736, "delta": 1.053261}}
{"target": -16.405859833701978, "params": {"eta": 0.10616871780320494, "max_depth": 28.955675976414078, "n_estimators": 217.91478463125634}, "datetime": {"datetime": "2021-09-28 07:46:17", "elapsed": 125.657555, "delta": 1.536819}}
{"target": -16.341155472293483, "params": {"eta": 0.035, "max_depth": 29.591177181455034, "n_estimators": 229.04829947827022}, "datetime": {"datetime": "2021-09-28 07:46:20", "elapsed": 127.942556, "delta": 2.285001}}
{"target": -17.418899021950068, "params": {"eta": 0.37173109086799794, "max_depth": 11.976115657450705, "n_estimators": 245.7551911813405}, "datetime": {"datetime": "2021-09-28 07:46:20", "elapsed": 128.756827, "delta": 0.814271}}
{"target": -16.926963425109708, "params": {"eta": 0.35692724480772287, "max_depth": 9.469691326924057, "n_estimators": 232.67364567835006}, "datetime": {"datetime": "2021-09-28 07:46:21", "elapsed": 129.564002, "delta": 0.807175}}
{"target": -17.755157418715736, "params": {"eta": 0.4117148439495073, "max_depth": 15.668778405116417, "n_estimators": 210.50132060530626}, "datetime": {"datetime": "2021-09-28 07:46:22", "elapsed": 130.515999, "delta": 0.951997}}
{"target": -17.069029711040105, "params": {"eta": 0.17172317524884978, "max_depth": 17.24704348329913, "n_estimators": 241.65632726509637}, "datetime": {"datetime": "2021-09-28 07:46:23", "elapsed": 131.522434, "delta": 1.006435}}
{"target": -16.559271153066426, "params": {"eta": 0.20000292633821032, "max_depth": 7.550327425639012, "n_estimators": 236.86235522397925}, "datetime": {"datetime": "2021-09-28 07:46:24", "elapsed": 132.43678, "delta": 0.914346}}
