{"target": -22.264423067727503, "params": {"eta": 0.6, "max_depth": 15.882941965638425, "n_estimators": 200.0}, "datetime": {"datetime": "2021-09-27 21:35:35", "elapsed": 22.048774, "delta": 0.759998}}
{"target": -21.847308159224134, "params": {"eta": 0.6, "max_depth": 30.0, "n_estimators": 143.51936447951854}, "datetime": {"datetime": "2021-09-27 21:35:36", "elapsed": 22.836284, "delta": 0.78751}}
{"target": -26.50980767267387, "params": {"eta": 0.40505140544519486, "max_depth": 1.0385097137565422, "n_estimators": 8.097695452827526}, "datetime": {"datetime": "2021-09-27 21:35:36", "elapsed": 23.431285, "delta": 0.595001}}
{"target": -20.878342687465363, "params": {"eta": 0.6, "max_depth": 9.231921319563282, "n_estimators": 46.993185382352955}, "datetime": {"datetime": "2021-09-27 21:35:37", "elapsed": 24.014888, "delta": 0.583603}}
{"target": -33.72214383551151, "params": {"eta": 0.01, "max_depth": 13.995648767227516, "n_estimators": 114.50969698218718}, "datetime": {"datetime": "2021-09-27 21:35:38", "elapsed": 24.748887, "delta": 0.733999}}
{"target": -18.062221348745986, "params": {"eta": 0.4775124749100271, "max_depth": 29.998773909427676, "n_estimators": 104.48438089535108}, "datetime": {"datetime": "2021-09-27 21:35:38", "elapsed": 25.433358, "delta": 0.684471}}
{"target": -19.375314823341323, "params": {"eta": 0.16222932285935024, "max_depth": 29.78328634332007, "n_estimators": 189.76712414173997}, "datetime": {"datetime": "2021-09-27 21:35:39", "elapsed": 26.627845, "delta": 1.194487}}
{"target": -17.85105296391756, "params": {"eta": 0.07015402199923897, "max_depth": 18.586143629100405, "n_estimators": 163.0170859360753}, "datetime": {"datetime": "2021-09-27 21:35:41", "elapsed": 28.188648, "delta": 1.560803}}
{"target": -21.796792118784886, "params": {"eta": 0.6, "max_depth": 17.84353345449343, "n_estimators": 54.394005718897205}, "datetime": {"datetime": "2021-09-27 21:35:42", "elapsed": 28.867437, "delta": 0.678789}}
{"target": -18.691333630174086, "params": {"eta": 0.1875254203634093, "max_depth": 29.991196177289485, "n_estimators": 156.48962193284504}, "datetime": {"datetime": "2021-09-27 21:35:43", "elapsed": 30.123435, "delta": 1.255998}}
{"target": -17.61250282841885, "params": {"eta": 0.0362901232920355, "max_depth": 6.305860590166628, "n_estimators": 170.084668108787}, "datetime": {"datetime": "2021-09-27 21:35:44", "elapsed": 30.914602, "delta": 0.791167}}
{"target": -19.184739831002293, "params": {"eta": 0.28531443095592535, "max_depth": 16.45364885885009, "n_estimators": 130.56257181466248}, "datetime": {"datetime": "2021-09-27 21:35:45", "elapsed": 31.712604, "delta": 0.798002}}
{"target": -24.752725309908854, "params": {"eta": 0.353203778141673, "max_depth": 1.4179153737153751, "n_estimators": 138.38818556247605}, "datetime": {"datetime": "2021-09-27 21:35:45", "elapsed": 32.1756, "delta": 0.462996}}
{"target": -19.643813929527063, "params": {"eta": 0.25085552749139767, "max_depth": 10.496119567551665, "n_estimators": 97.31144722872496}, "datetime": {"datetime": "2021-09-27 21:35:46", "elapsed": 32.985771, "delta": 0.810171}}
{"target": -22.250772241004118, "params": {"eta": 0.6, "max_depth": 10.725422121306707, "n_estimators": 158.03437593749678}, "datetime": {"datetime": "2021-09-27 21:35:47", "elapsed": 33.836768, "delta": 0.850997}}
{"target": -24.083635545737746, "params": {"eta": 0.4438749072737141, "max_depth": 1.0161684682727543, "n_estimators": 46.690756864183925}, "datetime": {"datetime": "2021-09-27 21:35:47", "elapsed": 34.365768, "delta": 0.529}}
{"target": -68.1625062657122, "params": {"eta": 0.01, "max_depth": 10.730762392299823, "n_estimators": 36.60583151091669}, "datetime": {"datetime": "2021-09-27 21:35:48", "elapsed": 34.91977, "delta": 0.554002}}
{"target": -21.973545665917353, "params": {"eta": 0.6, "max_depth": 14.20985605866312, "n_estimators": 18.191330473786806}, "datetime": {"datetime": "2021-09-27 21:35:48", "elapsed": 35.436768, "delta": 0.516998}}
{"target": -20.617557272051698, "params": {"eta": 0.5119401091183126, "max_depth": 8.188719333780098, "n_estimators": 54.966347211313916}, "datetime": {"datetime": "2021-09-27 21:35:49", "elapsed": 36.043478, "delta": 0.60671}}
{"target": -17.458205627886294, "params": {"eta": 0.05191180235501551, "max_depth": 21.032952640003156, "n_estimators": 87.79951465357827}, "datetime": {"datetime": "2021-09-27 21:35:50", "elapsed": 36.907904, "delta": 0.864426}}
{"target": -37.86993834287322, "params": {"eta": 0.01, "max_depth": 1.0, "n_estimators": 103.4797884736984}, "datetime": {"datetime": "2021-09-27 21:35:50", "elapsed": 37.497902, "delta": 0.589998}}
{"target": -25.169408792450472, "params": {"eta": 0.5512991406620151, "max_depth": 1.977714472547332, "n_estimators": 84.62424240596383}, "datetime": {"datetime": "2021-09-27 21:35:51", "elapsed": 38.004919, "delta": 0.507017}}
{"target": -19.624226544377454, "params": {"eta": 0.3257115246750363, "max_depth": 21.08408452823651, "n_estimators": 139.096997133081}, "datetime": {"datetime": "2021-09-27 21:35:52", "elapsed": 38.788907, "delta": 0.783988}}
{"target": -25.27673133236121, "params": {"eta": 0.6, "max_depth": 1.0, "n_estimators": 173.92235521379095}, "datetime": {"datetime": "2021-09-27 21:35:52", "elapsed": 39.411029, "delta": 0.622122}}
{"target": -17.576455129611734, "params": {"eta": 0.3109356100771617, "max_depth": 7.406011125211473, "n_estimators": 190.2757593513712}, "datetime": {"datetime": "2021-09-27 21:35:53", "elapsed": 40.598028, "delta": 1.186999}}
{"target": -18.759302813977055, "params": {"eta": 0.15802738204769218, "max_depth": 23.733492629322953, "n_estimators": 170.1119155754355}, "datetime": {"datetime": "2021-09-27 21:35:55", "elapsed": 41.768974, "delta": 1.170946}}
{"target": -21.79140617982887, "params": {"eta": 0.6, "max_depth": 16.288799886143547, "n_estimators": 75.62777551807181}, "datetime": {"datetime": "2021-09-27 21:35:55", "elapsed": 42.514976, "delta": 0.746002}}
{"target": -19.71443672735976, "params": {"eta": 0.5469710787473108, "max_depth": 29.84864946107575, "n_estimators": 84.15704601773562}, "datetime": {"datetime": "2021-09-27 21:35:56", "elapsed": 43.209181, "delta": 0.694205}}
{"target": -17.953379880762803, "params": {"eta": 0.3708640328011835, "max_depth": 11.511556080849246, "n_estimators": 145.48047060346832}, "datetime": {"datetime": "2021-09-27 21:35:57", "elapsed": 44.144178, "delta": 0.934997}}
{"target": -24.54784591211757, "params": {"eta": 0.4098647881477563, "max_depth": 1.1818947559797297, "n_estimators": 24.800366938467945}, "datetime": {"datetime": "2021-09-27 21:35:57", "elapsed": 44.587181, "delta": 0.443003}}
{"target": -36.293140317000024, "params": {"eta": 0.01, "max_depth": 22.136651933271875, "n_estimators": 105.3235661346381}, "datetime": {"datetime": "2021-09-27 21:35:58", "elapsed": 45.34641, "delta": 0.759229}}
{"target": -17.86806058816247, "params": {"eta": 0.06027529729800351, "max_depth": 12.03611192610271, "n_estimators": 166.31357917026668}, "datetime": {"datetime": "2021-09-27 21:36:00", "elapsed": 46.804084, "delta": 1.457674}}
{"target": -21.470404737297585, "params": {"eta": 0.6, "max_depth": 11.683778833623828, "n_estimators": 181.9959408739897}, "datetime": {"datetime": "2021-09-27 21:36:00", "elapsed": 47.63653, "delta": 0.832446}}
{"target": -21.847308239344514, "params": {"eta": 0.6, "max_depth": 30.0, "n_estimators": 52.17677765244767}, "datetime": {"datetime": "2021-09-27 21:36:01", "elapsed": 48.322531, "delta": 0.686001}}
{"target": -40.194060927124156, "params": {"eta": 0.01, "max_depth": 17.214811235245154, "n_estimators": 93.76357496162373}, "datetime": {"datetime": "2021-09-27 21:36:02", "elapsed": 49.000815, "delta": 0.678284}}
{"target": -17.028310917276528, "params": {"eta": 0.026093425478715362, "max_depth": 12.07656646601745, "n_estimators": 166.41738185039316}, "datetime": {"datetime": "2021-09-27 21:36:03", "elapsed": 50.077353, "delta": 1.076538}}
{"target": -23.184471162983222, "params": {"eta": 0.01, "max_depth": 11.954505509925074, "n_estimators": 170.8626447689983}, "datetime": {"datetime": "2021-09-27 21:36:05", "elapsed": 51.856662, "delta": 1.779309}}
{"target": -17.533473285147412, "params": {"eta": 0.1446666326157585, "max_depth": 15.732937351869138, "n_estimators": 168.0456146496675}, "datetime": {"datetime": "2021-09-27 21:36:06", "elapsed": 53.340663, "delta": 1.484001}}
{"target": -19.701843365001952, "params": {"eta": 0.5388726795304355, "max_depth": 17.636031909794035, "n_estimators": 83.09751309014352}, "datetime": {"datetime": "2021-09-27 21:36:07", "elapsed": 54.377663, "delta": 1.037}}
{"target": -17.954860012544785, "params": {"eta": 0.1106313038383844, "max_depth": 24.128631839362495, "n_estimators": 84.56471949555461}, "datetime": {"datetime": "2021-09-27 21:36:09", "elapsed": 55.65134, "delta": 1.273677}}
{"target": -18.942741724647004, "params": {"eta": 0.23866287037365252, "max_depth": 24.60388908964447, "n_estimators": 162.34474981684284}, "datetime": {"datetime": "2021-09-27 21:36:10", "elapsed": 56.857337, "delta": 1.205997}}
{"target": -21.79140617982887, "params": {"eta": 0.6, "max_depth": 16.180653927134745, "n_estimators": 142.49566908133232}, "datetime": {"datetime": "2021-09-27 21:36:11", "elapsed": 58.227885, "delta": 1.370548}}
{"target": -19.703723620658174, "params": {"eta": 0.49133583750924786, "max_depth": 9.119630327252938, "n_estimators": 150.79844595493955}, "datetime": {"datetime": "2021-09-27 21:36:12", "elapsed": 59.167227, "delta": 0.939342}}
{"target": -21.973702912278924, "params": {"eta": 0.6, "max_depth": 14.409298674493808, "n_estimators": 101.53327920627444}, "datetime": {"datetime": "2021-09-27 21:36:13", "elapsed": 59.928279, "delta": 0.761052}}
{"target": -20.70431529896802, "params": {"eta": 0.01, "max_depth": 9.579601466058726, "n_estimators": 195.7586708113238}, "datetime": {"datetime": "2021-09-27 21:36:14", "elapsed": 61.429735, "delta": 1.501456}}
{"target": -24.684020800327964, "params": {"eta": 0.13158936485223602, "max_depth": 1.2446082263035818, "n_estimators": 189.58589363586094}, "datetime": {"datetime": "2021-09-27 21:36:15", "elapsed": 62.327736, "delta": 0.898001}}
{"target": -21.848110856471113, "params": {"eta": 0.6, "max_depth": 20.912605348343764, "n_estimators": 126.14303485461936}, "datetime": {"datetime": "2021-09-27 21:36:16", "elapsed": 63.186019, "delta": 0.858283}}
{"target": -18.086326333722454, "params": {"eta": 0.4123540426746415, "max_depth": 29.62801420492573, "n_estimators": 171.66883288829814}, "datetime": {"datetime": "2021-09-27 21:36:17", "elapsed": 64.106006, "delta": 0.919987}}
{"target": -19.47318603333664, "params": {"eta": 0.17796418992206178, "max_depth": 24.68096300852433, "n_estimators": 195.22371500268952}, "datetime": {"datetime": "2021-09-27 21:36:19", "elapsed": 65.881673, "delta": 1.775667}}
{"target": -17.827801922948566, "params": {"eta": 0.42584825240688995, "max_depth": 23.137364207398807, "n_estimators": 177.3540278643003}, "datetime": {"datetime": "2021-09-27 21:36:20", "elapsed": 66.900671, "delta": 1.018998}}
{"target": -21.678238046987495, "params": {"eta": 0.01, "max_depth": 24.229053271093658, "n_estimators": 184.50061741646488}, "datetime": {"datetime": "2021-09-27 21:36:21", "elapsed": 67.820683, "delta": 0.920012}}
{"target": -21.652701843568043, "params": {"eta": 0.6, "max_depth": 7.991650039452533, "n_estimators": 141.13609815819837}, "datetime": {"datetime": "2021-09-27 21:36:21", "elapsed": 68.577684, "delta": 0.757001}}
{"target": -19.124771801470533, "params": {"eta": 0.17694529657688682, "max_depth": 11.101490456169559, "n_estimators": 126.87941650051839}, "datetime": {"datetime": "2021-09-27 21:36:23", "elapsed": 69.859942, "delta": 1.282258}}
{"target": -34.832214889835285, "params": {"eta": 0.01, "max_depth": 30.0, "n_estimators": 110.76746167336421}, "datetime": {"datetime": "2021-09-27 21:36:23", "elapsed": 70.588941, "delta": 0.728999}}
{"target": -21.847308159224134, "params": {"eta": 0.6, "max_depth": 30.0, "n_estimators": 99.25215701412178}, "datetime": {"datetime": "2021-09-27 21:36:25", "elapsed": 71.681719, "delta": 1.092778}}
{"target": -17.28191049349038, "params": {"eta": 0.4221273610573104, "max_depth": 8.517197469728634, "n_estimators": 85.66161436704427}, "datetime": {"datetime": "2021-09-27 21:36:26", "elapsed": 72.673716, "delta": 0.991997}}
{"target": -85.5691465120574, "params": {"eta": 0.01, "max_depth": 8.201718106059005, "n_estimators": 13.713626593434592}, "datetime": {"datetime": "2021-09-27 21:36:26", "elapsed": 73.283365, "delta": 0.609649}}
{"target": -21.623185100745108, "params": {"eta": 0.6, "max_depth": 7.73020702596753, "n_estimators": 23.522197471453076}, "datetime": {"datetime": "2021-09-27 21:36:27", "elapsed": 73.851363, "delta": 0.567998}}
{"target": -21.79094558403404, "params": {"eta": 0.6, "max_depth": 19.47675805157598, "n_estimators": 20.567721625395766}, "datetime": {"datetime": "2021-09-27 21:36:27", "elapsed": 74.581366, "delta": 0.730003}}
{"target": -17.598214155898862, "params": {"eta": 0.3664606022203071, "max_depth": 7.840365590286671, "n_estimators": 91.2486808632952}, "datetime": {"datetime": "2021-09-27 21:36:29", "elapsed": 75.806123, "delta": 1.224757}}
{"target": -16.987453577740524, "params": {"eta": 0.46558945273744273, "max_depth": 18.381843339729897, "n_estimators": 181.1824687953276}, "datetime": {"datetime": "2021-09-27 21:36:30", "elapsed": 76.755127, "delta": 0.949004}}
{"target": -20.029677472839804, "params": {"eta": 0.5105391973966673, "max_depth": 9.375216521295728, "n_estimators": 132.9735371668813}, "datetime": {"datetime": "2021-09-27 21:36:31", "elapsed": 77.670856, "delta": 0.915729}}
{"target": -18.584579191678948, "params": {"eta": 0.0859278544791237, "max_depth": 29.924838515868732, "n_estimators": 150.3328806948787}, "datetime": {"datetime": "2021-09-27 21:36:32", "elapsed": 79.329109, "delta": 1.658253}}
{"target": -21.953061706487887, "params": {"eta": 0.6, "max_depth": 13.421638354137672, "n_estimators": 60.533788105820925}, "datetime": {"datetime": "2021-09-27 21:36:33", "elapsed": 80.097107, "delta": 0.767998}}
{"target": -19.0385553573162, "params": {"eta": 0.21455574815454279, "max_depth": 24.117888402270573, "n_estimators": 156.50441017173884}, "datetime": {"datetime": "2021-09-27 21:36:34", "elapsed": 81.252029, "delta": 1.154922}}
{"target": -17.038248243268175, "params": {"eta": 0.46211568540727954, "max_depth": 23.150808452825654, "n_estimators": 48.073467996358865}, "datetime": {"datetime": "2021-09-27 21:36:35", "elapsed": 82.229028, "delta": 0.976999}}
{"target": -19.86959020036944, "params": {"eta": 0.5345513855248853, "max_depth": 17.063111638379404, "n_estimators": 48.01681093209272}, "datetime": {"datetime": "2021-09-27 21:36:36", "elapsed": 83.28003, "delta": 1.051002}}
{"target": -17.79420051299164, "params": {"eta": 0.40293128359896246, "max_depth": 27.926333927224213, "n_estimators": 45.11734416091866}, "datetime": {"datetime": "2021-09-27 21:36:37", "elapsed": 84.157032, "delta": 0.877002}}
{"target": -21.847309040549053, "params": {"eta": 0.6, "max_depth": 22.309250463537563, "n_estimators": 42.7435005188559}, "datetime": {"datetime": "2021-09-27 21:36:38", "elapsed": 84.996029, "delta": 0.838997}}
{"target": -18.786695346660835, "params": {"eta": 0.18927880522273355, "max_depth": 24.58170144221094, "n_estimators": 56.327656422505065}, "datetime": {"datetime": "2021-09-27 21:36:39", "elapsed": 86.239952, "delta": 1.243923}}
{"target": -20.35342443774437, "params": {"eta": 0.24940365327192202, "max_depth": 3.233475183082498, "n_estimators": 153.06787992065327}, "datetime": {"datetime": "2021-09-27 21:36:40", "elapsed": 87.067097, "delta": 0.827145}}
{"target": -19.453814455707615, "params": {"eta": 0.29083522708463483, "max_depth": 20.95920236605224, "n_estimators": 61.47130764613095}, "datetime": {"datetime": "2021-09-27 21:36:41", "elapsed": 88.094095, "delta": 1.026998}}
{"target": -24.61548333218093, "params": {"eta": 0.14245380062404, "max_depth": 1.149177435157179, "n_estimators": 54.089159063004914}, "datetime": {"datetime": "2021-09-27 21:36:42", "elapsed": 88.799101, "delta": 0.705006}}
{"target": -24.95283146727121, "params": {"eta": 0.01, "max_depth": 17.57779036801179, "n_estimators": 157.3895659226439}, "datetime": {"datetime": "2021-09-27 21:36:43", "elapsed": 90.549846, "delta": 1.750745}}
{"target": -19.421300971095356, "params": {"eta": 0.1686923726952786, "max_depth": 29.732721757942922, "n_estimators": 137.15200588725185}, "datetime": {"datetime": "2021-09-27 21:36:45", "elapsed": 92.140329, "delta": 1.590483}}
{"target": -43.407540644888634, "params": {"eta": 0.6, "max_depth": 1.0, "n_estimators": 1.0}, "datetime": {"datetime": "2021-09-27 21:36:46", "elapsed": 92.928323, "delta": 0.787994}}
{"target": -19.583558098263644, "params": {"eta": 0.5113922139361641, "max_depth": 20.916653395304895, "n_estimators": 118.43381164688888}, "datetime": {"datetime": "2021-09-27 21:36:47", "elapsed": 94.003566, "delta": 1.075243}}
{"target": -25.387178071589783, "params": {"eta": 0.15620563143902338, "max_depth": 1.1034200689702272, "n_estimators": 19.265729005410268}, "datetime": {"datetime": "2021-09-27 21:36:48", "elapsed": 94.849565, "delta": 0.845999}}
{"target": -18.851284685584467, "params": {"eta": 0.30689527184211696, "max_depth": 22.189613925370764, "n_estimators": 199.80230864591203}, "datetime": {"datetime": "2021-09-27 21:36:49", "elapsed": 96.356748, "delta": 1.507183}}
{"target": -21.845851297194898, "params": {"eta": 0.6, "max_depth": 30.0, "n_estimators": 17.288890508818902}, "datetime": {"datetime": "2021-09-27 21:36:50", "elapsed": 97.26332, "delta": 0.906572}}
{"target": -22.170464221375273, "params": {"eta": 0.5949745444752084, "max_depth": 23.94164480011193, "n_estimators": 144.64620275734023}, "datetime": {"datetime": "2021-09-27 21:36:51", "elapsed": 98.218318, "delta": 0.954998}}
{"target": -24.802856378331622, "params": {"eta": 0.2804784864999634, "max_depth": 1.7708189575510604, "n_estimators": 166.9234351066667}, "datetime": {"datetime": "2021-09-27 21:36:52", "elapsed": 98.888318, "delta": 0.67}}
{"target": -21.847308159224134, "params": {"eta": 0.6, "max_depth": 30.0, "n_estimators": 58.90995316087889}, "datetime": {"datetime": "2021-09-27 21:36:53", "elapsed": 99.696527, "delta": 0.808209}}
{"target": -21.116635687032705, "params": {"eta": 0.590998967627375, "max_depth": 5.929178339890767, "n_estimators": 78.81551221227458}, "datetime": {"datetime": "2021-09-27 21:36:53", "elapsed": 100.457527, "delta": 0.761}}
{"target": -19.993669335743398, "params": {"eta": 0.5679199372670792, "max_depth": 11.104921837977942, "n_estimators": 72.25317546363154}, "datetime": {"datetime": "2021-09-27 21:36:54", "elapsed": 101.342121, "delta": 0.884594}}
{"target": -19.024366234943432, "params": {"eta": 0.29235471089384196, "max_depth": 12.254483738394574, "n_estimators": 51.49876342706209}, "datetime": {"datetime": "2021-09-27 21:36:55", "elapsed": 102.093119, "delta": 0.750998}}
{"target": -18.866728092476485, "params": {"eta": 0.2492730706522602, "max_depth": 6.465592893023572, "n_estimators": 119.78372328622322}, "datetime": {"datetime": "2021-09-27 21:36:56", "elapsed": 102.90412, "delta": 0.811001}}
{"target": -24.6608292444043, "params": {"eta": 0.6, "max_depth": 1.0, "n_estimators": 119.23465222633033}, "datetime": {"datetime": "2021-09-27 21:36:56", "elapsed": 103.60927, "delta": 0.70515}}
{"target": -19.075123478302455, "params": {"eta": 0.39593481046741874, "max_depth": 11.05742043599586, "n_estimators": 188.041378487219}, "datetime": {"datetime": "2021-09-27 21:36:57", "elapsed": 104.573272, "delta": 0.964002}}
{"target": -29.040698633030892, "params": {"eta": 0.01, "max_depth": 20.156069974358164, "n_estimators": 134.11836654448007}, "datetime": {"datetime": "2021-09-27 21:36:58", "elapsed": 105.524552, "delta": 0.95128}}
{"target": -21.847308159224134, "params": {"eta": 0.6, "max_depth": 27.437122389307426, "n_estimators": 79.2462301524948}, "datetime": {"datetime": "2021-09-27 21:36:59", "elapsed": 106.463177, "delta": 0.938625}}
{"target": -17.38121829920801, "params": {"eta": 0.47044892261067583, "max_depth": 22.791391736910462, "n_estimators": 15.43814073952257}, "datetime": {"datetime": "2021-09-27 21:37:00", "elapsed": 107.576013, "delta": 1.112836}}
{"target": -18.230853426875797, "params": {"eta": 0.07867150839321774, "max_depth": 29.890619427965685, "n_estimators": 194.69319869575705}, "datetime": {"datetime": "2021-09-27 21:37:03", "elapsed": 109.837873, "delta": 2.26186}}
{"target": -17.684145982319297, "params": {"eta": 0.15027624046482022, "max_depth": 7.347840864275826, "n_estimators": 176.43146799971058}, "datetime": {"datetime": "2021-09-27 21:37:04", "elapsed": 111.192149, "delta": 1.354276}}
{"target": -19.5231958586973, "params": {"eta": 0.5494327482392347, "max_depth": 11.107117532031106, "n_estimators": 121.6978074674434}, "datetime": {"datetime": "2021-09-27 21:37:05", "elapsed": 112.185147, "delta": 0.992998}}
{"target": -51.151735896312175, "params": {"eta": 0.01, "max_depth": 11.361441673879174, "n_estimators": 66.27674513570847}, "datetime": {"datetime": "2021-09-27 21:37:06", "elapsed": 113.160428, "delta": 0.975281}}
{"target": -21.678238046987495, "params": {"eta": 0.01, "max_depth": 30.0, "n_estimators": 184.19794185818716}, "datetime": {"datetime": "2021-09-27 21:37:07", "elapsed": 114.109956, "delta": 0.949528}}
{"target": -16.673654689272162, "params": {"eta": 0.14419520400189784, "max_depth": 25.80973216696238, "n_estimators": 20.46160755617544}, "datetime": {"datetime": "2021-09-27 21:37:08", "elapsed": 114.870954, "delta": 0.760998}}
{"target": -18.93885590898121, "params": {"eta": 0.33825556459255884, "max_depth": 23.96053174930243, "n_estimators": 98.1626673630858}, "datetime": {"datetime": "2021-09-27 21:37:09", "elapsed": 115.952769, "delta": 1.081815}}
