{"target": -30.109609904683698, "params": {"eta": 0.01, "max_depth": 30.0, "n_estimators": 129.6655482384912}, "datetime": {"datetime": "2021-09-27 21:37:10", "elapsed": 116.929764, "delta": 0.976995}}
{"target": -20.774300039069647, "params": {"eta": 0.01, "max_depth": 18.948288498947957, "n_estimators": 195.2754076760796}, "datetime": {"datetime": "2021-09-27 21:37:11", "elapsed": 118.341065, "delta": 1.411301}}
{"target": -19.64276611974247, "params": {"eta": 0.2655681917714002, "max_depth": 21.1158287287567, "n_estimators": 71.79150440344995}, "datetime": {"datetime": "2021-09-27 21:37:13", "elapsed": 119.777263, "delta": 1.436198}}
{"target": -19.596926218287226, "params": {"eta": 0.21503773970341628, "max_depth": 23.909593799743007, "n_estimators": 189.95150523317568}, "datetime": {"datetime": "2021-09-27 21:37:14", "elapsed": 121.063933, "delta": 1.28667}}
{"target": -18.375818786379753, "params": {"eta": 0.38098928862130965, "max_depth": 25.742958093125548, "n_estimators": 139.37293009164057}, "datetime": {"datetime": "2021-09-27 21:37:15", "elapsed": 122.323632, "delta": 1.259699}}
{"target": -16.824607214630856, "params": {"eta": 0.01665884113371338, "max_depth": 8.303921902798624, "n_estimators": 199.97902224213604}, "datetime": {"datetime": "2021-09-27 21:37:16", "elapsed": 123.529995, "delta": 1.206363}}
{"target": -17.806325967006504, "params": {"eta": 0.03935985380485542, "max_depth": 29.974755556508356, "n_estimators": 161.02092189689964}, "datetime": {"datetime": "2021-09-27 21:37:19", "elapsed": 125.726643, "delta": 2.196648}}
{"target": -20.125211353869467, "params": {"eta": 0.5056103319360953, "max_depth": 7.029195129642772, "n_estimators": 110.52694015466642}, "datetime": {"datetime": "2021-09-27 21:37:19", "elapsed": 126.591647, "delta": 0.865004}}
{"target": -20.878342161789526, "params": {"eta": 0.6, "max_depth": 9.874118675356968, "n_estimators": 75.8697584644942}, "datetime": {"datetime": "2021-09-27 21:37:20", "elapsed": 127.608077, "delta": 1.01643}}
{"target": -21.183838762407508, "params": {"eta": 0.6, "max_depth": 6.952193439296868, "n_estimators": 185.59241372564517}, "datetime": {"datetime": "2021-09-27 21:37:21", "elapsed": 128.606076, "delta": 0.997999}}
{"target": -19.69834479020275, "params": {"eta": 0.485762068820134, "max_depth": 25.91526444116031, "n_estimators": 88.58322322520036}, "datetime": {"datetime": "2021-09-27 21:37:22", "elapsed": 129.509251, "delta": 0.903175}}
{"target": -21.973702912278924, "params": {"eta": 0.6, "max_depth": 14.06105894294062, "n_estimators": 150.1254658535975}, "datetime": {"datetime": "2021-09-27 21:37:23", "elapsed": 130.325232, "delta": 0.815981}}
{"target": -19.76713903100438, "params": {"eta": 0.24216269083636666, "max_depth": 7.912972735195047, "n_estimators": 101.7871525726828}, "datetime": {"datetime": "2021-09-27 21:37:24", "elapsed": 131.601654, "delta": 1.276422}}
{"target": -18.493515915944577, "params": {"eta": 0.2600181787463875, "max_depth": 6.019968016355294, "n_estimators": 96.20609661538633}, "datetime": {"datetime": "2021-09-27 21:37:25", "elapsed": 132.619654, "delta": 1.018}}
{"target": -16.99384795990094, "params": {"eta": 0.06740837142822308, "max_depth": 5.881158378588807, "n_estimators": 50.631923569748196}, "datetime": {"datetime": "2021-09-27 21:37:26", "elapsed": 133.298863, "delta": 0.679209}}
{"target": -17.697811804257274, "params": {"eta": 0.10313207475223507, "max_depth": 21.371067342551587, "n_estimators": 166.00670820470393}, "datetime": {"datetime": "2021-09-27 21:37:28", "elapsed": 135.531745, "delta": 2.232882}}
{"target": -18.305482519802187, "params": {"eta": 0.13573787636400345, "max_depth": 24.019851656467843, "n_estimators": 51.957891667090195}, "datetime": {"datetime": "2021-09-27 21:37:30", "elapsed": 136.686199, "delta": 1.154454}}
{"target": -21.720502725997424, "params": {"eta": 0.5909091031696186, "max_depth": 26.07754353914651, "n_estimators": 151.3795275137459}, "datetime": {"datetime": "2021-09-27 21:37:30", "elapsed": 137.645466, "delta": 0.959267}}
{"target": -24.648834345451075, "params": {"eta": 0.07306842374078706, "max_depth": 12.892157106464966, "n_estimators": 21.993495007132584}, "datetime": {"datetime": "2021-09-27 21:37:32", "elapsed": 138.929465, "delta": 1.283999}}
{"target": -64.52091281017364, "params": {"eta": 0.027463820361719724, "max_depth": 18.097425551175544, "n_estimators": 15.090366411920911}, "datetime": {"datetime": "2021-09-27 21:37:32", "elapsed": 139.598299, "delta": 0.668834}}
{"target": -20.25860106762023, "params": {"eta": 0.13063304715148036, "max_depth": 25.977864569865517, "n_estimators": 14.570256891468137}, "datetime": {"datetime": "2021-09-27 21:37:33", "elapsed": 140.3053, "delta": 0.707001}}
{"target": -18.848881496002196, "params": {"eta": 0.3879903256837154, "max_depth": 21.44730921607007, "n_estimators": 25.09839913173005}, "datetime": {"datetime": "2021-09-27 21:37:34", "elapsed": 141.063004, "delta": 0.757704}}
{"target": -18.785189753040193, "params": {"eta": 0.39206533399146837, "max_depth": 26.45487054675448, "n_estimators": 174.57176200261173}, "datetime": {"datetime": "2021-09-27 21:37:35", "elapsed": 142.333669, "delta": 1.270665}}
{"target": -21.845851297194898, "params": {"eta": 0.6, "max_depth": 24.15482425511037, "n_estimators": 17.916265048690665}, "datetime": {"datetime": "2021-09-27 21:37:36", "elapsed": 143.375531, "delta": 1.041862}}
{"target": -21.847102941174313, "params": {"eta": 0.6, "max_depth": 30.0, "n_estimators": 22.22151603501486}, "datetime": {"datetime": "2021-09-27 21:37:37", "elapsed": 144.611529, "delta": 1.235998}}
{"target": -17.533633055170082, "params": {"eta": 0.3829102809279067, "max_depth": 12.67258086520356, "n_estimators": 83.5784951421185}, "datetime": {"datetime": "2021-09-27 21:37:39", "elapsed": 145.896374, "delta": 1.284845}}
{"target": -20.59138005212088, "params": {"eta": 0.5558062847920572, "max_depth": 16.51662772925922, "n_estimators": 184.8587236561434}, "datetime": {"datetime": "2021-09-27 21:37:40", "elapsed": 146.951377, "delta": 1.055003}}
{"target": -18.362163858872872, "params": {"eta": 0.10016941765274451, "max_depth": 22.307770648924507, "n_estimators": 65.88948343451064}, "datetime": {"datetime": "2021-09-27 21:37:41", "elapsed": 148.501579, "delta": 1.550202}}
{"target": -18.783720151255896, "params": {"eta": 0.2840708789320286, "max_depth": 25.67122785838258, "n_estimators": 61.365973431396746}, "datetime": {"datetime": "2021-09-27 21:37:43", "elapsed": 150.049095, "delta": 1.547516}}
{"target": -24.731942274916218, "params": {"eta": 0.5708630037262882, "max_depth": 1.1692863569592853, "n_estimators": 40.46245772384946}, "datetime": {"datetime": "2021-09-27 21:37:44", "elapsed": 151.031094, "delta": 0.981999}}
{"target": -18.95412134673129, "params": {"eta": 0.2692751107974723, "max_depth": 6.147642130444979, "n_estimators": 115.38856484233601}, "datetime": {"datetime": "2021-09-27 21:37:45", "elapsed": 152.491934, "delta": 1.46084}}
{"target": -17.797609198895344, "params": {"eta": 0.43167329606649213, "max_depth": 15.045323126340815, "n_estimators": 178.60792594993967}, "datetime": {"datetime": "2021-09-27 21:37:46", "elapsed": 153.564185, "delta": 1.072251}}
{"target": -33.827549838754884, "params": {"eta": 0.020570990562219716, "max_depth": 13.210754541693627, "n_estimators": 55.94257156977102}, "datetime": {"datetime": "2021-09-27 21:37:47", "elapsed": 154.573185, "delta": 1.009}}
{"target": -17.31223587893518, "params": {"eta": 0.41509376531701875, "max_depth": 26.552992419332618, "n_estimators": 166.91180703429734}, "datetime": {"datetime": "2021-09-27 21:37:49", "elapsed": 155.985781, "delta": 1.412596}}
{"target": -17.686324828146116, "params": {"eta": 0.12911280969243666, "max_depth": 6.164196557247419, "n_estimators": 157.06801454332404}, "datetime": {"datetime": "2021-09-27 21:37:50", "elapsed": 157.530076, "delta": 1.544295}}
{"target": -20.01493241791599, "params": {"eta": 0.6, "max_depth": 5.044361614827698, "n_estimators": 194.20742366364436}, "datetime": {"datetime": "2021-09-27 21:37:52", "elapsed": 158.969077, "delta": 1.439001}}
{"target": -17.320595017633117, "params": {"eta": 0.14305724955422125, "max_depth": 25.248102793302277, "n_estimators": 116.8042128134154}, "datetime": {"datetime": "2021-09-27 21:37:53", "elapsed": 160.626348, "delta": 1.657271}}
{"target": -64.8898240701811, "params": {"eta": 0.01, "max_depth": 30.0, "n_estimators": 41.57035257921385}, "datetime": {"datetime": "2021-09-27 21:37:55", "elapsed": 161.744526, "delta": 1.118178}}
{"target": -17.954211239815805, "params": {"eta": 0.1289616910914049, "max_depth": 27.014443194226537, "n_estimators": 48.22283164838959}, "datetime": {"datetime": "2021-09-27 21:37:56", "elapsed": 162.839528, "delta": 1.095002}}
{"target": -18.590201263844413, "params": {"eta": 0.2444714883113204, "max_depth": 4.189659396546451, "n_estimators": 89.52527037887121}, "datetime": {"datetime": "2021-09-27 21:37:57", "elapsed": 164.009757, "delta": 1.170229}}
{"target": -23.658531166233963, "params": {"eta": 0.5973071156459754, "max_depth": 19.52257018847548, "n_estimators": 30.01890090217462}, "datetime": {"datetime": "2021-09-27 21:37:58", "elapsed": 165.035756, "delta": 1.025999}}
{"target": -60.77382753720073, "params": {"eta": 0.382940592558929, "max_depth": 10.401260315393122, "n_estimators": 1.1530686306770797}, "datetime": {"datetime": "2021-09-27 21:37:59", "elapsed": 166.242719, "delta": 1.206963}}
{"target": -24.449867871963942, "params": {"eta": 0.2780423749226376, "max_depth": 1.0423842265715537, "n_estimators": 78.82656086042508}, "datetime": {"datetime": "2021-09-27 21:38:00", "elapsed": 167.040721, "delta": 0.798002}}
{"target": -17.81601888896751, "params": {"eta": 0.11605386021452607, "max_depth": 3.696815213882714, "n_estimators": 133.3101871051383}, "datetime": {"datetime": "2021-09-27 21:38:01", "elapsed": 168.342223, "delta": 1.301502}}
{"target": -28.513618743652458, "params": {"eta": 0.01, "max_depth": 6.787886427280804, "n_estimators": 136.47876627385705}, "datetime": {"datetime": "2021-09-27 21:38:03", "elapsed": 169.957849, "delta": 1.615626}}
{"target": -20.58648720424867, "params": {"eta": 0.5715429708366461, "max_depth": 7.511654703838388, "n_estimators": 145.58231655159022}, "datetime": {"datetime": "2021-09-27 21:38:04", "elapsed": 171.203512, "delta": 1.245663}}
{"target": -18.319307348504694, "params": {"eta": 0.47411538836441197, "max_depth": 23.271724999310184, "n_estimators": 121.56746872389864}, "datetime": {"datetime": "2021-09-27 21:38:05", "elapsed": 172.292694, "delta": 1.089182}}
{"target": -17.628012335855754, "params": {"eta": 0.019706448538650646, "max_depth": 12.910300931598233, "n_estimators": 132.26739398409896}, "datetime": {"datetime": "2021-09-27 21:38:07", "elapsed": 173.821898, "delta": 1.529204}}
{"target": -20.26918920070732, "params": {"eta": 0.5281862078412475, "max_depth": 22.63631501765833, "n_estimators": 76.05736788705067}, "datetime": {"datetime": "2021-09-27 21:38:08", "elapsed": 175.096896, "delta": 1.274998}}
{"target": -25.10295699463451, "params": {"eta": 0.502766528007598, "max_depth": 1.0048338568691668, "n_estimators": 143.7245046752256}, "datetime": {"datetime": "2021-09-27 21:38:09", "elapsed": 176.54547, "delta": 1.448574}}
{"target": -18.801499435549555, "params": {"eta": 0.2267094631043525, "max_depth": 29.957821090828997, "n_estimators": 88.40464391089562}, "datetime": {"datetime": "2021-09-27 21:38:13", "elapsed": 179.833211, "delta": 3.287741}}
{"target": -17.42948277020503, "params": {"eta": 0.05521927657005664, "max_depth": 4.703538183996982, "n_estimators": 58.45679219735014}, "datetime": {"datetime": "2021-09-27 21:38:14", "elapsed": 181.343211, "delta": 1.51}}
{"target": -17.54511319899381, "params": {"eta": 0.06276560985203038, "max_depth": 14.026130805515221, "n_estimators": 193.65967736286876}, "datetime": {"datetime": "2021-09-27 21:38:17", "elapsed": 184.050557, "delta": 2.707346}}
{"target": -24.426681102919908, "params": {"eta": 0.5592915695622219, "max_depth": 1.1774341988388926, "n_estimators": 59.67481690385289}, "datetime": {"datetime": "2021-09-27 21:38:18", "elapsed": 185.484324, "delta": 1.433767}}
{"target": -18.820075570482413, "params": {"eta": 0.38730651214630346, "max_depth": 26.359098439726512, "n_estimators": 199.9007396836675}, "datetime": {"datetime": "2021-09-27 21:38:20", "elapsed": 187.29497, "delta": 1.810646}}
{"target": -20.048448563448037, "params": {"eta": 0.5402944377868681, "max_depth": 14.825944700249504, "n_estimators": 126.9757564828468}, "datetime": {"datetime": "2021-09-27 21:38:22", "elapsed": 189.195152, "delta": 1.900182}}
{"target": -18.189800344902334, "params": {"eta": 0.0820627910776796, "max_depth": 21.23885153640694, "n_estimators": 174.13482567008998}, "datetime": {"datetime": "2021-09-27 21:38:27", "elapsed": 193.714314, "delta": 4.519162}}
{"target": -17.90789782709372, "params": {"eta": 0.19078172734635118, "max_depth": 7.189885143987916, "n_estimators": 129.1750917884296}, "datetime": {"datetime": "2021-09-27 21:38:29", "elapsed": 196.505159, "delta": 2.790845}}
{"target": -17.601216864038573, "params": {"eta": 0.4780467523381249, "max_depth": 25.44792349806541, "n_estimators": 45.37366530607782}, "datetime": {"datetime": "2021-09-27 21:38:31", "elapsed": 198.587832, "delta": 2.082673}}
{"target": -17.103572810823444, "params": {"eta": 0.46902173673078795, "max_depth": 20.266763299207618, "n_estimators": 50.95503757528612}, "datetime": {"datetime": "2021-09-27 21:38:33", "elapsed": 200.588133, "delta": 2.000301}}
{"target": -18.851754613912085, "params": {"eta": 0.4228192016585511, "max_depth": 4.249474977181819, "n_estimators": 22.123801666107894}, "datetime": {"datetime": "2021-09-27 21:38:35", "elapsed": 201.934807, "delta": 1.346674}}
{"target": -18.181841502486815, "params": {"eta": 0.1396555360478655, "max_depth": 19.026879577706342, "n_estimators": 177.5232006272503}, "datetime": {"datetime": "2021-09-27 21:38:38", "elapsed": 204.730142, "delta": 2.795335}}
{"target": -24.652230607540957, "params": {"eta": 0.31751241462492824, "max_depth": 1.0277691983273494, "n_estimators": 149.75903643061469}, "datetime": {"datetime": "2021-09-27 21:38:39", "elapsed": 206.479015, "delta": 1.748873}}
{"target": -24.73461377886825, "params": {"eta": 0.0483775444811541, "max_depth": 1.0136621484853368, "n_estimators": 132.49712393703206}, "datetime": {"datetime": "2021-09-27 21:38:41", "elapsed": 207.842305, "delta": 1.36329}}
{"target": -21.652701843568043, "params": {"eta": 0.6, "max_depth": 7.32146690993481, "n_estimators": 124.24482639650951}, "datetime": {"datetime": "2021-09-27 21:38:42", "elapsed": 209.539304, "delta": 1.696999}}
{"target": -19.23861345749174, "params": {"eta": 0.32364257943687147, "max_depth": 25.375810091961572, "n_estimators": 23.98720200183765}, "datetime": {"datetime": "2021-09-27 21:38:45", "elapsed": 211.762678, "delta": 2.223374}}
{"target": -17.84377394992332, "params": {"eta": 0.02983726383406894, "max_depth": 11.922203199859085, "n_estimators": 199.8079896878397}, "datetime": {"datetime": "2021-09-27 21:38:47", "elapsed": 214.611676, "delta": 2.848998}}
{"target": -17.210811632113856, "params": {"eta": 0.02728613968351014, "max_depth": 8.217446005742142, "n_estimators": 154.80879928074552}, "datetime": {"datetime": "2021-09-27 21:38:49", "elapsed": 216.371603, "delta": 1.759927}}
{"target": -33.72214383551151, "params": {"eta": 0.01, "max_depth": 21.1107309621994, "n_estimators": 114.11583467451969}, "datetime": {"datetime": "2021-09-27 21:38:51", "elapsed": 218.09098, "delta": 1.719377}}
{"target": -18.429881679781424, "params": {"eta": 0.4095060408834925, "max_depth": 19.493116011473077, "n_estimators": 121.32306641065412}, "datetime": {"datetime": "2021-09-27 21:38:53", "elapsed": 220.409526, "delta": 2.318546}}
{"target": -18.012655154323205, "params": {"eta": 0.08334080668813784, "max_depth": 7.422319750338917, "n_estimators": 180.0668123612421}, "datetime": {"datetime": "2021-09-27 21:38:55", "elapsed": 222.539889, "delta": 2.130363}}
{"target": -21.956652584035954, "params": {"eta": 0.6, "max_depth": 12.054418792033061, "n_estimators": 141.46012893632994}, "datetime": {"datetime": "2021-09-27 21:38:57", "elapsed": 224.171081, "delta": 1.631192}}
{"target": -17.409431970374328, "params": {"eta": 0.026705872660784773, "max_depth": 10.867759082507932, "n_estimators": 176.91612815363416}, "datetime": {"datetime": "2021-09-27 21:39:00", "elapsed": 226.757983, "delta": 2.586902}}
{"target": -20.37616330249485, "params": {"eta": 0.4864456441094375, "max_depth": 9.060653085848095, "n_estimators": 50.79230238559095}, "datetime": {"datetime": "2021-09-27 21:39:02", "elapsed": 228.994199, "delta": 2.236216}}
{"target": -17.369881229024674, "params": {"eta": 0.05824102119319058, "max_depth": 13.434739704421512, "n_estimators": 47.687622448946335}, "datetime": {"datetime": "2021-09-27 21:39:03", "elapsed": 230.646483, "delta": 1.652284}}
{"target": -60.77493962281716, "params": {"eta": 0.01111247100543395, "max_depth": 17.966627184104386, "n_estimators": 43.17169328696355}, "datetime": {"datetime": "2021-09-27 21:39:05", "elapsed": 232.328754, "delta": 1.682271}}
{"target": -18.78431272299354, "params": {"eta": 0.35912095553787826, "max_depth": 16.004983228644324, "n_estimators": 50.81024083683216}, "datetime": {"datetime": "2021-09-27 21:39:07", "elapsed": 233.893479, "delta": 1.564725}}
{"target": -17.516757425833255, "params": {"eta": 0.16395152255878606, "max_depth": 5.405609736335286, "n_estimators": 162.50512302759802}, "datetime": {"datetime": "2021-09-27 21:39:09", "elapsed": 236.007176, "delta": 2.113697}}
{"target": -19.071231864907034, "params": {"eta": 0.38395328787593375, "max_depth": 6.5425515311975, "n_estimators": 166.13014072413387}, "datetime": {"datetime": "2021-09-27 21:39:11", "elapsed": 237.887573, "delta": 1.880397}}
{"target": -18.173596163511803, "params": {"eta": 0.11167967251230657, "max_depth": 20.975519435434173, "n_estimators": 56.880493312727815}, "datetime": {"datetime": "2021-09-27 21:39:13", "elapsed": 239.750576, "delta": 1.863003}}
{"target": -18.55676602251792, "params": {"eta": 0.36717877939524507, "max_depth": 21.444463471990513, "n_estimators": 159.690634548504}, "datetime": {"datetime": "2021-09-27 21:39:15", "elapsed": 242.291457, "delta": 2.540881}}
{"target": -25.62821457020598, "params": {"eta": 0.6, "max_depth": 1.0, "n_estimators": 178.7452182516577}, "datetime": {"datetime": "2021-09-27 21:39:17", "elapsed": 243.699456, "delta": 1.407999}}
{"target": -18.173268328227614, "params": {"eta": 0.25762533815085065, "max_depth": 26.128511616959255, "n_estimators": 180.41485581506345}, "datetime": {"datetime": "2021-09-27 21:39:19", "elapsed": 245.679727, "delta": 1.980271}}
{"target": -21.796792118784886, "params": {"eta": 0.6, "max_depth": 17.19916549924929, "n_estimators": 60.86520605886689}, "datetime": {"datetime": "2021-09-27 21:39:20", "elapsed": 247.351939, "delta": 1.672212}}
{"target": -44.26379161024659, "params": {"eta": 0.01, "max_depth": 7.7793969851100355, "n_estimators": 82.27420935362383}, "datetime": {"datetime": "2021-09-27 21:39:22", "elapsed": 249.076132, "delta": 1.724193}}
{"target": -18.61970901260011, "params": {"eta": 0.025505509525351876, "max_depth": 10.42785963400339, "n_estimators": 88.05452382975307}, "datetime": {"datetime": "2021-09-27 21:39:24", "elapsed": 250.784063, "delta": 1.707931}}
{"target": -18.018473149443896, "params": {"eta": 0.07947655132959976, "max_depth": 14.479262007449307, "n_estimators": 79.8092305452863}, "datetime": {"datetime": "2021-09-27 21:39:26", "elapsed": 252.72927, "delta": 1.945207}}
{"target": -18.96366596633357, "params": {"eta": 0.23899705423746426, "max_depth": 5.541119355060618, "n_estimators": 74.99284284970902}, "datetime": {"datetime": "2021-09-27 21:39:27", "elapsed": 254.486173, "delta": 1.756903}}
{"target": -17.371659955805928, "params": {"eta": 0.4105852751314804, "max_depth": 7.103751401048586, "n_estimators": 87.98811620356426}, "datetime": {"datetime": "2021-09-27 21:39:29", "elapsed": 256.56803, "delta": 2.081857}}
{"target": -18.420427300197215, "params": {"eta": 0.24322894147081905, "max_depth": 26.743535167822817, "n_estimators": 158.81574293632193}, "datetime": {"datetime": "2021-09-27 21:39:32", "elapsed": 258.821616, "delta": 2.253586}}
{"target": -22.222811277991898, "params": {"eta": 0.585029570918703, "max_depth": 11.074295582072033, "n_estimators": 192.21835346939807}, "datetime": {"datetime": "2021-09-27 21:39:33", "elapsed": 260.527773, "delta": 1.706157}}
{"target": -26.928842414252003, "params": {"eta": 0.01, "max_depth": 18.98819790629073, "n_estimators": 145.64729177912827}, "datetime": {"datetime": "2021-09-27 21:39:36", "elapsed": 262.72153, "delta": 2.193757}}
{"target": -17.753343781224856, "params": {"eta": 0.06229139575541258, "max_depth": 7.120567150399269, "n_estimators": 106.05075000380282}, "datetime": {"datetime": "2021-09-27 21:39:39", "elapsed": 265.840041, "delta": 3.118511}}
{"target": -21.84730863994662, "params": {"eta": 0.6, "max_depth": 30.0, "n_estimators": 47.747506878613684}, "datetime": {"datetime": "2021-09-27 21:39:40", "elapsed": 267.359529, "delta": 1.519488}}
{"target": -19.43766239653499, "params": {"eta": 0.4891374354679381, "max_depth": 26.9500505858186, "n_estimators": 101.53676079068038}, "datetime": {"datetime": "2021-09-27 21:39:42", "elapsed": 269.208716, "delta": 1.849187}}
{"target": -17.82837623093256, "params": {"eta": 0.4140380357148475, "max_depth": 22.030309473928625, "n_estimators": 181.02352561210867}, "datetime": {"datetime": "2021-09-27 21:39:44", "elapsed": 271.042756, "delta": 1.83404}}
{"target": -18.037158391599974, "params": {"eta": 0.2010740919649094, "max_depth": 17.747290123730416, "n_estimators": 23.663435714251563}, "datetime": {"datetime": "2021-09-27 21:39:46", "elapsed": 273.297592, "delta": 2.254836}}
