{"target": -25.004009465435956, "params": {"eta": 0.1277002169997862, "max_depth": 1.6497723522211332, "n_estimators": 285.305814911986}, "datetime": {"datetime": "2021-09-28 08:01:04", "elapsed": 874.126079, "delta": 3.098124}}
{"target": -21.79486844740168, "params": {"eta": 0.4137298401413318, "max_depth": 2.5586211363229205, "n_estimators": 209.96605337682612}, "datetime": {"datetime": "2021-09-28 08:01:07", "elapsed": 877.123169, "delta": 2.99709}}
{"target": -17.906406289277747, "params": {"eta": 0.3167171327556448, "max_depth": 15.793805399415568, "n_estimators": 203.06293290465317}, "datetime": {"datetime": "2021-09-28 08:01:09", "elapsed": 879.412454, "delta": 2.289285}}
{"target": -19.7814856221736, "params": {"eta": 0.5196990399331752, "max_depth": 18.863293352810782, "n_estimators": 268.6967373683796}, "datetime": {"datetime": "2021-09-28 08:01:12", "elapsed": 881.710802, "delta": 2.298348}}
{"target": -19.227239772036103, "params": {"eta": 0.2584159170994888, "max_depth": 10.927119555535093, "n_estimators": 235.86437424893248}, "datetime": {"datetime": "2021-09-28 08:01:14", "elapsed": 883.984918, "delta": 2.274116}}
{"target": -18.21482172594122, "params": {"eta": 0.13705774489276634, "max_depth": 26.221283003883997, "n_estimators": 256.0531215217807}, "datetime": {"datetime": "2021-09-28 08:01:17", "elapsed": 887.532145, "delta": 3.547227}}
{"target": -19.439856733649524, "params": {"eta": 0.24851209067440602, "max_depth": 12.462639534507431, "n_estimators": 242.15358885730387}, "datetime": {"datetime": "2021-09-28 08:01:20", "elapsed": 890.458379, "delta": 2.926234}}
{"target": -19.251180349021862, "params": {"eta": 0.4477122002550149, "max_depth": 24.207800389274276, "n_estimators": 254.22197920242047}, "datetime": {"datetime": "2021-09-28 08:01:23", "elapsed": 892.67337, "delta": 2.214991}}
{"target": -18.89145662966372, "params": {"eta": 0.16634230053806282, "max_depth": 9.059412558817938, "n_estimators": 257.8622029467197}, "datetime": {"datetime": "2021-09-28 08:01:25", "elapsed": 894.916046, "delta": 2.242676}}
{"target": -18.740773973590297, "params": {"eta": 0.12011615548853719, "max_depth": 10.820848412471554, "n_estimators": 239.48867713307428}, "datetime": {"datetime": "2021-09-28 08:01:27", "elapsed": 897.435243, "delta": 2.519197}}
{"target": -20.138070961671502, "params": {"eta": 0.5337624081170155, "max_depth": 24.897494644704192, "n_estimators": 211.17826543601888}, "datetime": {"datetime": "2021-09-28 08:01:30", "elapsed": 899.679763, "delta": 2.24452}}
{"target": -18.33104863991173, "params": {"eta": 0.11203211960676188, "max_depth": 8.824820048189814, "n_estimators": 254.30185521983904}, "datetime": {"datetime": "2021-09-28 08:01:32", "elapsed": 902.171714, "delta": 2.491951}}
{"target": -18.48370788701673, "params": {"eta": 0.0880844634775014, "max_depth": 12.24408732399209, "n_estimators": 267.4086929291898}, "datetime": {"datetime": "2021-09-28 08:01:35", "elapsed": 904.927919, "delta": 2.756205}}
{"target": -18.030040146160125, "params": {"eta": 0.3694286893517266, "max_depth": 7.932799162846933, "n_estimators": 219.55401874462956}, "datetime": {"datetime": "2021-09-28 08:01:37", "elapsed": 907.159587, "delta": 2.231668}}
{"target": -20.66872034032953, "params": {"eta": 0.5843307529708225, "max_depth": 6.218720046639909, "n_estimators": 298.67024431150696}, "datetime": {"datetime": "2021-09-28 08:01:40", "elapsed": 909.969647, "delta": 2.81006}}
{"target": -17.839783706867113, "params": {"eta": 0.19145222884047997, "max_depth": 5.04559230853446, "n_estimators": 295.00460368393675}, "datetime": {"datetime": "2021-09-28 08:01:43", "elapsed": 913.147853, "delta": 3.178206}}
{"target": -17.864321170421334, "params": {"eta": 0.032426801742034966, "max_depth": 24.027925485557315, "n_estimators": 215.45794306889138}, "datetime": {"datetime": "2021-09-28 08:01:46", "elapsed": 915.971781, "delta": 2.823928}}
{"target": -19.676347409783585, "params": {"eta": 0.4957483727102151, "max_depth": 23.24731157524551, "n_estimators": 287.5174054167753}, "datetime": {"datetime": "2021-09-28 08:01:48", "elapsed": 918.219611, "delta": 2.24783}}
{"target": -18.99561261974162, "params": {"eta": 0.23861874748042775, "max_depth": 22.659267512729734, "n_estimators": 241.67328490920647}, "datetime": {"datetime": "2021-09-28 08:01:50", "elapsed": 920.598978, "delta": 2.379367}}
{"target": -19.312691043929732, "params": {"eta": 0.32580309996830525, "max_depth": 8.071558019074327, "n_estimators": 206.92217788012636}, "datetime": {"datetime": "2021-09-28 08:01:53", "elapsed": 923.321346, "delta": 2.722368}}
{"target": -17.869139944652854, "params": {"eta": 0.36083936347263085, "max_depth": 25.799779585715214, "n_estimators": 221.0355387802857}, "datetime": {"datetime": "2021-09-28 08:01:55", "elapsed": 925.379135, "delta": 2.057789}}
{"target": -19.58092978949571, "params": {"eta": 0.18086505585798987, "max_depth": 17.48967384284136, "n_estimators": 286.8139066262206}, "datetime": {"datetime": "2021-09-28 08:01:58", "elapsed": 927.698628, "delta": 2.319493}}
{"target": -19.142875884064846, "params": {"eta": 0.4548917367740321, "max_depth": 8.153567692722032, "n_estimators": 212.90159635714133}, "datetime": {"datetime": "2021-09-28 08:02:00", "elapsed": 930.466654, "delta": 2.768026}}
{"target": -18.41851202979766, "params": {"eta": 0.287238865699404, "max_depth": 5.373957039872211, "n_estimators": 241.71258107202001}, "datetime": {"datetime": "2021-09-28 08:02:04", "elapsed": 933.738009, "delta": 3.271355}}
{"target": -17.209021750698813, "params": {"eta": 0.012551533928164786, "max_depth": 25.928204628984123, "n_estimators": 297.500239428889}, "datetime": {"datetime": "2021-09-28 08:02:07", "elapsed": 937.069677, "delta": 3.331668}}
{"target": -18.477036590505822, "params": {"eta": 0.2791482188355419, "max_depth": 20.3348499801996, "n_estimators": 251.90336351225744}, "datetime": {"datetime": "2021-09-28 08:02:09", "elapsed": 939.536623, "delta": 2.466946}}
{"target": -19.668657500398616, "params": {"eta": 0.2916490127138538, "max_depth": 9.197034757599107, "n_estimators": 257.56674408124576}, "datetime": {"datetime": "2021-09-28 08:02:12", "elapsed": 941.806215, "delta": 2.269592}}
{"target": -18.550631957621803, "params": {"eta": 0.10707060664044174, "max_depth": 12.559765955085629, "n_estimators": 253.7668425114009}, "datetime": {"datetime": "2021-09-28 08:02:14", "elapsed": 944.553133, "delta": 2.746918}}
{"target": -18.205514889015326, "params": {"eta": 0.376827245332875, "max_depth": 19.176672847417947, "n_estimators": 254.97700183509275}, "datetime": {"datetime": "2021-09-28 08:02:17", "elapsed": 946.79406, "delta": 2.240927}}
{"target": -22.268326104407084, "params": {"eta": 0.5801150106522546, "max_depth": 9.657822124825714, "n_estimators": 259.8003048327941}, "datetime": {"datetime": "2021-09-28 08:02:19", "elapsed": 949.469268, "delta": 2.675208}}
{"target": -17.766325050327776, "params": {"eta": 0.07466603795683993, "max_depth": 25.620730072415544, "n_estimators": 235.7842183330328}, "datetime": {"datetime": "2021-09-28 08:02:23", "elapsed": 953.42392, "delta": 3.954652}}
{"target": -18.09761931148821, "params": {"eta": 0.11135087494324389, "max_depth": 14.039460701611723, "n_estimators": 246.58386018081643}, "datetime": {"datetime": "2021-09-28 08:02:26", "elapsed": 956.095099, "delta": 2.671179}}
{"target": -18.154645807952193, "params": {"eta": 0.04712255659214685, "max_depth": 19.915990605721767, "n_estimators": 266.59940471068273}, "datetime": {"datetime": "2021-09-28 08:02:29", "elapsed": 959.570528, "delta": 3.475429}}
{"target": -17.95525491538024, "params": {"eta": 0.3751139700802251, "max_depth": 19.894060452904455, "n_estimators": 244.55062725258574}, "datetime": {"datetime": "2021-09-28 08:02:32", "elapsed": 961.820156, "delta": 2.249628}}
{"target": -20.06447054254106, "params": {"eta": 0.5448204930460446, "max_depth": 16.728120455761193, "n_estimators": 243.80309310884175}, "datetime": {"datetime": "2021-09-28 08:02:34", "elapsed": 964.054157, "delta": 2.234001}}
{"target": -22.139537349267275, "params": {"eta": 0.34777055517789185, "max_depth": 2.85300610965332, "n_estimators": 233.84671650270965}, "datetime": {"datetime": "2021-09-28 08:02:37", "elapsed": 966.987764, "delta": 2.933607}}
{"target": -20.04110665559912, "params": {"eta": 0.5358023164130032, "max_depth": 16.50622384986725, "n_estimators": 243.10007102331122}, "datetime": {"datetime": "2021-09-28 08:02:39", "elapsed": 969.251615, "delta": 2.263851}}
{"target": -19.236154399439155, "params": {"eta": 0.32939080761094497, "max_depth": 12.851868167767904, "n_estimators": 268.50580533890775}, "datetime": {"datetime": "2021-09-28 08:02:42", "elapsed": 972.462345, "delta": 3.21073}}
{"target": -18.29278049525968, "params": {"eta": 0.030909194113806698, "max_depth": 27.737635635222222, "n_estimators": 250.04681929913312}, "datetime": {"datetime": "2021-09-28 08:02:46", "elapsed": 976.178289, "delta": 3.715944}}
{"target": -18.955374264224574, "params": {"eta": 0.33328258266359106, "max_depth": 13.617881753857144, "n_estimators": 240.4068083866121}, "datetime": {"datetime": "2021-09-28 08:02:48", "elapsed": 978.457338, "delta": 2.279049}}
{"target": -19.154164332400313, "params": {"eta": 0.37187430197295906, "max_depth": 27.46226462617271, "n_estimators": 288.8858313182859}, "datetime": {"datetime": "2021-09-28 08:02:51", "elapsed": 980.846289, "delta": 2.388951}}
{"target": -17.942582324259547, "params": {"eta": 0.12829840341771517, "max_depth": 15.699062651827496, "n_estimators": 244.03275895335372}, "datetime": {"datetime": "2021-09-28 08:02:54", "elapsed": 984.314217, "delta": 3.467928}}
{"target": -19.275375107884233, "params": {"eta": 0.34724930175158275, "max_depth": 14.29420352271571, "n_estimators": 226.01001224765068}, "datetime": {"datetime": "2021-09-28 08:02:57", "elapsed": 986.832672, "delta": 2.518455}}
{"target": -17.328508019161546, "params": {"eta": 0.25487702678392377, "max_depth": 32.20324493442158, "n_estimators": 10.00114374817345}, "datetime": {"datetime": "2021-09-28 08:22:05", "elapsed": 0.0, "delta": 0.0}}
{"target": -20.538603142156305, "params": {"eta": 0.18698088299804913, "max_depth": 26.46755890817113, "n_estimators": 10.923385947687978}, "datetime": {"datetime": "2021-09-28 08:22:05", "elapsed": 0.064, "delta": 0.064}}
{"target": -24.01515225817286, "params": {"eta": 0.11826604513558117, "max_depth": 28.455607270430477, "n_estimators": 13.967674742306698}, "datetime": {"datetime": "2021-09-28 08:22:06", "elapsed": 0.126, "delta": 0.062}}
{"target": -19.605309146007315, "params": {"eta": 0.3269795065299873, "max_depth": 29.19194514403295, "n_estimators": 16.852195003967594}, "datetime": {"datetime": "2021-09-28 08:22:06", "elapsed": 0.251999, "delta": 0.125999}}
{"target": -28.080168813889365, "params": {"eta": 0.12903573184105832, "max_depth": 33.78117436390946, "n_estimators": 10.273875931979262}, "datetime": {"datetime": "2021-09-28 08:22:06", "elapsed": 0.299003, "delta": 0.047004}}
{"target": -17.625613017183024, "params": {"eta": 0.23049750541248534, "max_depth": 32.898785350260255, "n_estimators": 17.744469020952874}, "datetime": {"datetime": "2021-09-28 08:22:06", "elapsed": 0.494998, "delta": 0.195995}}
{"target": -18.546574939255198, "params": {"eta": 0.323120368827911, "max_depth": 32.87384008802918, "n_estimators": 11.74899774780748}, "datetime": {"datetime": "2021-09-28 08:22:06", "elapsed": 0.712003, "delta": 0.217005}}
{"target": -17.815094098527705, "params": {"eta": 0.36073991147709006, "max_depth": 27.610249083006686, "n_estimators": 17.467289560170872}, "datetime": {"datetime": "2021-09-28 08:22:06", "elapsed": 0.963002, "delta": 0.250999}}
{"target": -16.998852046843286, "params": {"eta": 0.1426888018587643, "max_depth": 26.555899973882173, "n_estimators": 19.473034510771672}, "datetime": {"datetime": "2021-09-28 08:22:07", "elapsed": 1.215006, "delta": 0.252004}}
{"target": -17.26402333220346, "params": {"eta": 0.43794358271368233, "max_depth": 32.28612013850692, "n_estimators": 11.946880315822753}, "datetime": {"datetime": "2021-09-28 08:22:07", "elapsed": 1.463001, "delta": 0.247995}}
{"target": -17.882985093432364, "params": {"eta": 0.3819555459968529, "max_depth": 31.872120592639856, "n_estimators": 10.977232747874167}, "datetime": {"datetime": "2021-09-28 08:22:08", "elapsed": 2.478, "delta": 1.014999}}
{"target": -21.846656571721716, "params": {"eta": 0.6, "max_depth": 27.477250233675075, "n_estimators": 18.854952471736926}, "datetime": {"datetime": "2021-09-28 08:22:09", "elapsed": 3.580742, "delta": 1.102742}}
{"target": -83.7185936894237, "params": {"eta": 0.008, "max_depth": 25.889519165917804, "n_estimators": 19.89325709908114}, "datetime": {"datetime": "2021-09-28 08:22:10", "elapsed": 4.09806, "delta": 0.517318}}
{"target": -19.691417922261227, "params": {"eta": 0.5187980498328919, "max_depth": 32.5355779154072, "n_estimators": 11.860668824232908}, "datetime": {"datetime": "2021-09-28 08:22:10", "elapsed": 4.366061, "delta": 0.268001}}
{"target": -83.7185936894237, "params": {"eta": 0.008, "max_depth": 27.056173037817604, "n_estimators": 19.218656974589507}, "datetime": {"datetime": "2021-09-28 08:22:10", "elapsed": 5.039173, "delta": 0.673112}}
{"target": -16.936887266808974, "params": {"eta": 0.40885002355045386, "max_depth": 30.47911042703739, "n_estimators": 13.832091671387047}, "datetime": {"datetime": "2021-09-28 08:22:11", "elapsed": 5.263169, "delta": 0.223996}}
{"target": -30.937910258411318, "params": {"eta": 0.09132761179382651, "max_depth": 26.393795568982775, "n_estimators": 13.168323118512143}, "datetime": {"datetime": "2021-09-28 08:22:11", "elapsed": 5.48017, "delta": 0.217001}}
{"target": -21.9006270534786, "params": {"eta": 0.17020827686900963, "max_depth": 32.64348403825704, "n_estimators": 10.668705456603151}, "datetime": {"datetime": "2021-09-28 08:22:11", "elapsed": 5.659171, "delta": 0.179001}}
{"target": -19.79932476506164, "params": {"eta": 0.17352876229977193, "max_depth": 32.37666978291863, "n_estimators": 11.66535187733123}, "datetime": {"datetime": "2021-09-28 08:22:11", "elapsed": 5.918172, "delta": 0.259001}}
{"target": -17.52763977065396, "params": {"eta": 0.3621355948896968, "max_depth": 26.127020573095006, "n_estimators": 11.167775096844277}, "datetime": {"datetime": "2021-09-28 08:22:12", "elapsed": 6.158175, "delta": 0.240003}}
{"target": -17.43974856244397, "params": {"eta": 0.3712657991449871, "max_depth": 30.573918956411596, "n_estimators": 16.536069203017796}, "datetime": {"datetime": "2021-09-28 08:22:12", "elapsed": 6.42417, "delta": 0.265995}}
{"target": -70.57711661557911, "params": {"eta": 0.017953097697323325, "max_depth": 27.58356836997685, "n_estimators": 18.005847056942624}, "datetime": {"datetime": "2021-09-28 08:22:12", "elapsed": 6.645168, "delta": 0.220998}}
{"target": -17.50114201048329, "params": {"eta": 0.2867855816808982, "max_depth": 32.893040876725294, "n_estimators": 11.72546678444019}, "datetime": {"datetime": "2021-09-28 08:22:12", "elapsed": 6.822171, "delta": 0.177003}}
{"target": -29.30397913370715, "params": {"eta": 0.12459859437789542, "max_depth": 31.94665656449431, "n_estimators": 10.47911690703911}, "datetime": {"datetime": "2021-09-28 08:22:13", "elapsed": 7.263655, "delta": 0.441484}}
{"target": -23.474434619810207, "params": {"eta": 0.5984144983841857, "max_depth": 32.03965897206711, "n_estimators": 11.555435038225788}, "datetime": {"datetime": "2021-09-28 08:22:13", "elapsed": 8.043653, "delta": 0.779998}}
{"target": -18.03338543619202, "params": {"eta": 0.3810134082260666, "max_depth": 32.71664726202805, "n_estimators": 11.238276094939959}, "datetime": {"datetime": "2021-09-28 08:22:14", "elapsed": 9.016187, "delta": 0.972534}}
{"target": -17.180258749770378, "params": {"eta": 0.14418477431981438, "max_depth": 25.647868175340328, "n_estimators": 17.038456474178886}, "datetime": {"datetime": "2021-09-28 08:22:15", "elapsed": 9.228192, "delta": 0.212005}}
{"target": -20.467414199763887, "params": {"eta": 0.5501381138635562, "max_depth": 27.633085973533596, "n_estimators": 17.043123283473314}, "datetime": {"datetime": "2021-09-28 08:22:16", "elapsed": 10.28419, "delta": 1.055998}}
{"target": -89.24539602528382, "params": {"eta": 0.008, "max_depth": 33.144827240192065, "n_estimators": 11.250351612764472}, "datetime": {"datetime": "2021-09-28 08:22:16", "elapsed": 11.028479, "delta": 0.744289}}
{"target": -19.5877673677496, "params": {"eta": 0.5048087541074107, "max_depth": 29.185104787051905, "n_estimators": 12.960894173739812}, "datetime": {"datetime": "2021-09-28 08:22:17", "elapsed": 11.373458, "delta": 0.344979}}
{"target": -17.153259371719006, "params": {"eta": 0.31291880800554434, "max_depth": 32.294878656149066, "n_estimators": 11.071838940053953}, "datetime": {"datetime": "2021-09-28 08:22:17", "elapsed": 11.969455, "delta": 0.595997}}
{"target": -21.7965188715419, "params": {"eta": 0.5904283059520593, "max_depth": 32.42382847772363, "n_estimators": 10.7563993559477}, "datetime": {"datetime": "2021-09-28 08:22:18", "elapsed": 12.646454, "delta": 0.676999}}
{"target": -69.55021877536096, "params": {"eta": 0.03345126239291686, "max_depth": 29.14862955107188, "n_estimators": 10.052915730110675}, "datetime": {"datetime": "2021-09-28 08:22:18", "elapsed": 12.827456, "delta": 0.181002}}
{"target": -75.84538545290334, "params": {"eta": 0.020805133824161572, "max_depth": 32.65641600901966, "n_estimators": 12.0936283729155}, "datetime": {"datetime": "2021-09-28 08:22:19", "elapsed": 13.736457, "delta": 0.909001}}
{"target": -20.40501642416343, "params": {"eta": 0.48409736132419795, "max_depth": 32.40382982166782, "n_estimators": 11.491295990287783}, "datetime": {"datetime": "2021-09-28 08:22:20", "elapsed": 14.374095, "delta": 0.637638}}
{"target": -23.694864643904005, "params": {"eta": 0.13994486096531633, "max_depth": 31.973257988613213, "n_estimators": 11.368899879963815}, "datetime": {"datetime": "2021-09-28 08:22:20", "elapsed": 14.901094, "delta": 0.526999}}
{"target": -40.188977211998875, "params": {"eta": 0.06909515066241428, "max_depth": 25.57148867905127, "n_estimators": 13.696460782110318}, "datetime": {"datetime": "2021-09-28 08:22:21", "elapsed": 15.099094, "delta": 0.198}}
{"target": -21.845851297194898, "params": {"eta": 0.6, "max_depth": 27.971535687457518, "n_estimators": 17.37143735184187}, "datetime": {"datetime": "2021-09-28 08:22:22", "elapsed": 16.10109, "delta": 1.001996}}
{"target": -17.674118140676708, "params": {"eta": 0.3629717431168941, "max_depth": 26.161863023231582, "n_estimators": 11.194667286099435}, "datetime": {"datetime": "2021-09-28 08:22:22", "elapsed": 16.353088, "delta": 0.251998}}
{"target": -20.172167197007003, "params": {"eta": 0.5529407137788453, "max_depth": 32.652376804805996, "n_estimators": 10.091128173207348}, "datetime": {"datetime": "2021-09-28 08:22:23", "elapsed": 17.36826, "delta": 1.015172}}
{"target": -81.15275989239922, "params": {"eta": 0.01822007151576959, "max_depth": 32.588085351138446, "n_estimators": 10.043524880498738}, "datetime": {"datetime": "2021-09-28 08:22:23", "elapsed": 17.987259, "delta": 0.618999}}
{"target": -21.776256456901418, "params": {"eta": 0.6, "max_depth": 32.15855416042058, "n_estimators": 10.123753147441292}, "datetime": {"datetime": "2021-09-28 08:22:24", "elapsed": 18.650259, "delta": 0.663}}
{"target": -22.584668138872825, "params": {"eta": 0.5792001559584568, "max_depth": 27.220555570566816, "n_estimators": 17.340789614014888}, "datetime": {"datetime": "2021-09-28 08:22:25", "elapsed": 19.34563, "delta": 0.695371}}
{"target": -18.550165453357796, "params": {"eta": 0.27065598137014274, "max_depth": 31.82204793912821, "n_estimators": 10.004575293499515}, "datetime": {"datetime": "2021-09-28 08:22:25", "elapsed": 20.024635, "delta": 0.679005}}
{"target": -21.776256456901418, "params": {"eta": 0.6, "max_depth": 26.27918242524888, "n_estimators": 10.804941876772801}, "datetime": {"datetime": "2021-09-28 08:22:26", "elapsed": 20.699271, "delta": 0.674636}}
{"target": -19.351118317433887, "params": {"eta": 0.4547840796635728, "max_depth": 27.36376529236395, "n_estimators": 18.75190505780999}, "datetime": {"datetime": "2021-09-28 08:22:26", "elapsed": 21.063788, "delta": 0.364517}}
{"target": -17.752241123128663, "params": {"eta": 0.40492370119556315, "max_depth": 30.08753308291152, "n_estimators": 13.633345634281707}, "datetime": {"datetime": "2021-09-28 08:22:27", "elapsed": 21.617788, "delta": 0.554}}
{"target": -19.431028671792166, "params": {"eta": 0.4880348744943949, "max_depth": 32.47246065887226, "n_estimators": 18.89528997346308}, "datetime": {"datetime": "2021-09-28 08:22:27", "elapsed": 22.003786, "delta": 0.385998}}
{"target": -18.158514332924252, "params": {"eta": 0.4042715475818706, "max_depth": 30.48661148047917, "n_estimators": 13.862433846383386}, "datetime": {"datetime": "2021-09-28 08:22:28", "elapsed": 22.304791, "delta": 0.301005}}
{"target": -28.395071615368416, "params": {"eta": 0.09956086698623232, "max_depth": 30.445797026284172, "n_estimators": 13.452104794206683}, "datetime": {"datetime": "2021-09-28 08:22:28", "elapsed": 23.088582, "delta": 0.783791}}
{"target": -17.905289204138654, "params": {"eta": 0.3392860971840499, "max_depth": 32.86611676353451, "n_estimators": 11.766331991996331}, "datetime": {"datetime": "2021-09-28 08:22:29", "elapsed": 23.398581, "delta": 0.309999}}
{"target": -17.84936809934641, "params": {"eta": 0.26258652160859125, "max_depth": 32.880078840769045, "n_estimators": 11.706935043156143}, "datetime": {"datetime": "2021-09-28 08:22:29", "elapsed": 23.650579, "delta": 0.251998}}
{"target": -16.775927972979428, "params": {"eta": 0.14240858968413514, "max_depth": 26.555309708836358, "n_estimators": 19.46620455694297}, "datetime": {"datetime": "2021-09-28 08:22:29", "elapsed": 24.029581, "delta": 0.379002}}
