{"target": -27.119892161732047, "params": {"eta": 1.0, "max_depth": 22.884467568915518, "n_estimators": 128.46120976082832}, "datetime": {"datetime": "2021-09-27 21:21:42", "elapsed": 1078.336503, "delta": 4.369243}}
{"target": -26.539654696590286, "params": {"eta": 0.9696340605259554, "max_depth": 5.88818103438336, "n_estimators": 159.32302883247303}, "datetime": {"datetime": "2021-09-27 21:21:47", "elapsed": 1083.258332, "delta": 4.921829}}
{"target": -24.602390206861042, "params": {"eta": 1.0, "max_depth": 3.1636632852618947, "n_estimators": 19.57165519116671}, "datetime": {"datetime": "2021-09-27 21:21:52", "elapsed": 1087.609159, "delta": 4.350827}}
{"target": -95.88830928676634, "params": {"eta": 0.002706738773712063, "max_depth": 13.123461493254167, "n_estimators": 6.189318607298446}, "datetime": {"datetime": "2021-09-27 21:21:56", "elapsed": 1091.924817, "delta": 4.315658}}
{"target": -27.770176022815455, "params": {"eta": 1.0, "max_depth": 7.9515857093774605, "n_estimators": 6.679613662508528}, "datetime": {"datetime": "2021-09-27 21:22:02", "elapsed": 1097.799453, "delta": 5.874636}}
{"target": -27.575366079900327, "params": {"eta": 0.931564879775729, "max_depth": 13.752452914715255, "n_estimators": 23.414188977260736}, "datetime": {"datetime": "2021-09-27 21:22:07", "elapsed": 1102.473148, "delta": 4.673695}}
{"target": -26.985663355313662, "params": {"eta": 1.0, "max_depth": 30.0, "n_estimators": 97.59322516976285}, "datetime": {"datetime": "2021-09-27 21:22:12", "elapsed": 1108.035651, "delta": 5.562503}}
{"target": -24.808915550517487, "params": {"eta": 0.9204973293808314, "max_depth": 3.8642621587875574, "n_estimators": 103.57852683568785}, "datetime": {"datetime": "2021-09-27 21:22:19", "elapsed": 1114.947995, "delta": 6.912344}}
{"target": -85.98598005779695, "params": {"eta": 0.001, "max_depth": 24.98493084286758, "n_estimators": 126.15323481344247}, "datetime": {"datetime": "2021-09-27 21:22:24", "elapsed": 1119.924908, "delta": 4.976913}}
{"target": -20.497188879124316, "params": {"eta": 0.6603457923126543, "max_depth": 21.141646334056098, "n_estimators": 127.42615263458605}, "datetime": {"datetime": "2021-09-27 21:22:29", "elapsed": 1124.822048, "delta": 4.89714}}
{"target": -94.5100507695127, "params": {"eta": 0.001, "max_depth": 8.753167437296346, "n_estimators": 31.476006848719173}, "datetime": {"datetime": "2021-09-27 21:22:34", "elapsed": 1130.160615, "delta": 5.338567}}
{"target": -17.283680340101895, "params": {"eta": 0.1681383237717045, "max_depth": 5.725634364308807, "n_estimators": 34.43153135978063}, "datetime": {"datetime": "2021-09-27 21:22:39", "elapsed": 1134.941043, "delta": 4.780428}}
{"target": -27.204614300535468, "params": {"eta": 1.0, "max_depth": 15.465999386738801, "n_estimators": 69.80907312800029}, "datetime": {"datetime": "2021-09-27 21:22:43", "elapsed": 1139.301305, "delta": 4.360262}}
{"target": -27.046206561635834, "params": {"eta": 1.0, "max_depth": 10.670665518348834, "n_estimators": 93.60918716010693}, "datetime": {"datetime": "2021-09-27 21:22:48", "elapsed": 1143.943221, "delta": 4.641916}}
{"target": -18.07590462221653, "params": {"eta": 0.2006248609048502, "max_depth": 20.88237246881985, "n_estimators": 76.54163758131597}, "datetime": {"datetime": "2021-09-27 21:22:53", "elapsed": 1149.021287, "delta": 5.078066}}
{"target": -26.93798641592847, "params": {"eta": 1.0, "max_depth": 17.68108389275449, "n_estimators": 121.19262590854873}, "datetime": {"datetime": "2021-09-27 21:22:59", "elapsed": 1155.028604, "delta": 6.007317}}
{"target": -28.903010822772128, "params": {"eta": 0.9832499748003244, "max_depth": 25.233065640379202, "n_estimators": 196.00783801125627}, "datetime": {"datetime": "2021-09-27 21:23:04", "elapsed": 1159.976472, "delta": 4.947868}}
{"target": -83.62048709217811, "params": {"eta": 0.001, "max_depth": 27.8235977317087, "n_estimators": 154.97735289909454}, "datetime": {"datetime": "2021-09-27 21:23:09", "elapsed": 1164.958619, "delta": 4.982147}}
{"target": -26.351060276436876, "params": {"eta": 0.8600985931903573, "max_depth": 14.325143749460743, "n_estimators": 168.9641657680272}, "datetime": {"datetime": "2021-09-27 21:23:15", "elapsed": 1170.480796, "delta": 5.522177}}
{"target": -23.488513614818558, "params": {"eta": 1.0, "max_depth": 2.711749104463786, "n_estimators": 195.08630275253248}, "datetime": {"datetime": "2021-09-27 21:23:21", "elapsed": 1176.764453, "delta": 6.283657}}
{"target": -90.64453476996852, "params": {"eta": 0.001, "max_depth": 12.31501189907519, "n_estimators": 73.94199355710386}, "datetime": {"datetime": "2021-09-27 21:23:26", "elapsed": 1181.53009, "delta": 4.765637}}
{"target": -17.859541388663587, "params": {"eta": 0.08504514769752473, "max_depth": 15.667140987775156, "n_estimators": 72.37088875515053}, "datetime": {"datetime": "2021-09-27 21:23:33", "elapsed": 1188.65804, "delta": 7.12795}}
{"target": -19.226593898592885, "params": {"eta": 0.2457520131863096, "max_depth": 17.487449198050943, "n_estimators": 49.93765744376986}, "datetime": {"datetime": "2021-09-27 21:23:38", "elapsed": 1194.089209, "delta": 5.431169}}
{"target": -17.21014719598536, "params": {"eta": 0.1586985719481536, "max_depth": 6.552678271668377, "n_estimators": 56.084262354456634}, "datetime": {"datetime": "2021-09-27 21:23:45", "elapsed": 1200.839972, "delta": 6.750763}}
{"target": -26.54113378245153, "params": {"eta": 0.9634222527210833, "max_depth": 9.116270640499524, "n_estimators": 9.687446711840236}, "datetime": {"datetime": "2021-09-27 21:23:50", "elapsed": 1205.771852, "delta": 4.93188}}
{"target": -80.84468222364727, "params": {"eta": 0.001, "max_depth": 17.38241841642759, "n_estimators": 188.0634878198029}, "datetime": {"datetime": "2021-09-27 21:23:58", "elapsed": 1213.952077, "delta": 8.180225}}
{"target": -19.025332696176687, "params": {"eta": 0.4440281603918119, "max_depth": 12.745172450373818, "n_estimators": 189.10558951052542}, "datetime": {"datetime": "2021-09-27 21:24:05", "elapsed": 1221.232153, "delta": 7.280076}}
{"target": -24.39638857093101, "params": {"eta": 0.9725755404114681, "max_depth": 2.939698614958477, "n_estimators": 120.71005001920666}, "datetime": {"datetime": "2021-09-27 21:24:13", "elapsed": 1228.892198, "delta": 7.660045}}
{"target": -17.409791346545518, "params": {"eta": 0.04091756668497379, "max_depth": 29.94243025292596, "n_estimators": 109.2776619419878}, "datetime": {"datetime": "2021-09-27 21:24:19", "elapsed": 1234.777647, "delta": 5.885449}}
{"target": -27.204614300535468, "params": {"eta": 1.0, "max_depth": 15.657132243784627, "n_estimators": 171.150176139875}, "datetime": {"datetime": "2021-09-27 21:24:25", "elapsed": 1240.88362, "delta": 6.105973}}
{"target": -24.299265609981653, "params": {"eta": 0.9329591892672382, "max_depth": 1.1184213619328798, "n_estimators": 23.229691180442206}, "datetime": {"datetime": "2021-09-27 21:24:30", "elapsed": 1246.309971, "delta": 5.426351}}
{"target": -17.46003388568694, "params": {"eta": 0.026857558515956784, "max_depth": 16.246544699105556, "n_estimators": 196.59869361246572}, "datetime": {"datetime": "2021-09-27 21:24:37", "elapsed": 1252.67173, "delta": 6.361759}}
{"target": -26.012549117779805, "params": {"eta": 0.7343393586690411, "max_depth": 17.854432463833717, "n_estimators": 197.52996454511097}, "datetime": {"datetime": "2021-09-27 21:24:44", "elapsed": 1259.779273, "delta": 7.107543}}
{"target": -25.659001723491542, "params": {"eta": 0.7992718468407478, "max_depth": 15.802477368296454, "n_estimators": 194.61550758998933}, "datetime": {"datetime": "2021-09-27 21:24:49", "elapsed": 1265.080843, "delta": 5.30157}}
{"target": -26.985663355313662, "params": {"eta": 1.0, "max_depth": 30.0, "n_estimators": 80.50520818924296}, "datetime": {"datetime": "2021-09-27 21:24:58", "elapsed": 1274.319981, "delta": 9.239138}}
{"target": -92.01118456573577, "params": {"eta": 0.001, "max_depth": 1.0, "n_estimators": 55.421653216896644}, "datetime": {"datetime": "2021-09-27 21:25:04", "elapsed": 1280.269399, "delta": 5.949418}}
{"target": -30.745382414571576, "params": {"eta": 0.07466621811426923, "max_depth": 4.995036181230382, "n_estimators": 16.519694681612634}, "datetime": {"datetime": "2021-09-27 21:25:09", "elapsed": 1285.206143, "delta": 4.936744}}
{"target": -17.27221795884346, "params": {"eta": 0.04140606382868456, "max_depth": 13.570005211388374, "n_estimators": 64.85814513201109}, "datetime": {"datetime": "2021-09-27 21:25:15", "elapsed": 1290.827796, "delta": 5.621653}}
{"target": -17.951431843950438, "params": {"eta": 0.11872038143217789, "max_depth": 28.82370393940798, "n_estimators": 181.7914284239768}, "datetime": {"datetime": "2021-09-27 21:25:27", "elapsed": 1302.894491, "delta": 12.066695}}
{"target": -18.50647181018505, "params": {"eta": 0.19431470982734925, "max_depth": 15.498657226018814, "n_estimators": 64.45636876024409}, "datetime": {"datetime": "2021-09-27 21:25:32", "elapsed": 1307.546042, "delta": 4.651551}}
{"target": -18.57982015295526, "params": {"eta": 0.2958583329773343, "max_depth": 26.915460656058272, "n_estimators": 174.38883066187958}, "datetime": {"datetime": "2021-09-27 21:25:36", "elapsed": 1312.229857, "delta": 4.683815}}
{"target": -81.32547026999075, "params": {"eta": 0.001, "max_depth": 19.428063038942415, "n_estimators": 182.64013749683843}, "datetime": {"datetime": "2021-09-27 21:25:41", "elapsed": 1317.067495, "delta": 4.837638}}
{"target": -18.785340087689505, "params": {"eta": 0.39206428558161965, "max_depth": 21.57863588723701, "n_estimators": 185.90000559603453}, "datetime": {"datetime": "2021-09-27 21:25:46", "elapsed": 1321.390868, "delta": 4.323373}}
{"target": -19.64537146110205, "params": {"eta": 0.6686920675075538, "max_depth": 16.51019752027367, "n_estimators": 184.46593181981254}, "datetime": {"datetime": "2021-09-27 21:25:53", "elapsed": 1328.666817, "delta": 7.275949}}
{"target": -26.93798682612129, "params": {"eta": 1.0, "max_depth": 17.009214421509938, "n_estimators": 30.332617337381112}, "datetime": {"datetime": "2021-09-27 21:25:56", "elapsed": 1332.296118, "delta": 3.629301}}
{"target": -26.982682496982953, "params": {"eta": 1.0, "max_depth": 27.872114546054885, "n_estimators": 198.66106051059572}, "datetime": {"datetime": "2021-09-27 21:26:02", "elapsed": 1337.431528, "delta": 5.13541}}
{"target": -80.28679277250723, "params": {"eta": 0.001, "max_depth": 18.12602209129009, "n_estimators": 195.09285756310672}, "datetime": {"datetime": "2021-09-27 21:26:06", "elapsed": 1342.029092, "delta": 4.597564}}
{"target": -28.211267562331717, "params": {"eta": 0.9257910197097882, "max_depth": 12.253444538904693, "n_estimators": 20.983344181963353}, "datetime": {"datetime": "2021-09-27 21:26:13", "elapsed": 1349.290274, "delta": 7.261182}}
{"target": -17.802955121236906, "params": {"eta": 0.1469530726196992, "max_depth": 17.830050806034386, "n_estimators": 179.8382029146294}, "datetime": {"datetime": "2021-09-27 21:26:22", "elapsed": 1357.52847, "delta": 8.238196}}
{"target": -17.89892238822406, "params": {"eta": 0.034427898713724724, "max_depth": 15.647962779410836, "n_estimators": 197.9704301681895}, "datetime": {"datetime": "2021-09-27 21:26:27", "elapsed": 1363.288399, "delta": 5.759929}}
{"target": -17.720463371992107, "params": {"eta": 0.04496381872996961, "max_depth": 20.36976555368179, "n_estimators": 111.34010515959764}, "datetime": {"datetime": "2021-09-27 21:26:32", "elapsed": 1368.26522, "delta": 4.976821}}
{"target": -86.88212408265375, "params": {"eta": 0.001, "max_depth": 1.0, "n_estimators": 110.38115544499483}, "datetime": {"datetime": "2021-09-27 21:26:37", "elapsed": 1373.351642, "delta": 5.086422}}
{"target": -17.88069644817991, "params": {"eta": 0.041731864968575144, "max_depth": 4.718622741110975, "n_estimators": 109.33904808772057}, "datetime": {"datetime": "2021-09-27 21:26:42", "elapsed": 1378.071599, "delta": 4.719957}}
{"target": -27.74509213852988, "params": {"eta": 1.0, "max_depth": 4.676644816858664, "n_estimators": 111.08691800406812}, "datetime": {"datetime": "2021-09-27 21:26:46", "elapsed": 1382.175782, "delta": 4.104183}}
{"target": -18.38795245424069, "params": {"eta": 0.1872814842284511, "max_depth": 3.0471744527087834, "n_estimators": 108.0048037668484}, "datetime": {"datetime": "2021-09-27 21:26:52", "elapsed": 1387.863255, "delta": 5.687473}}
{"target": -91.50251742124706, "params": {"eta": 0.0017154976250611815, "max_depth": 20.115059876678778, "n_estimators": 37.90087553801751}, "datetime": {"datetime": "2021-09-27 21:26:57", "elapsed": 1392.692718, "delta": 4.829463}}
{"target": -26.500666199614837, "params": {"eta": 0.8079756593659604, "max_depth": 16.706437037175675, "n_estimators": 37.05777228316401}, "datetime": {"datetime": "2021-09-27 21:27:02", "elapsed": 1397.711854, "delta": 5.019136}}
{"target": -26.453208144230945, "params": {"eta": 0.894830649766871, "max_depth": 1.3501384229204567, "n_estimators": 106.19832939598925}, "datetime": {"datetime": "2021-09-27 21:27:07", "elapsed": 1403.038549, "delta": 5.326695}}
{"target": -18.124279249945573, "params": {"eta": 0.07028384097312262, "max_depth": 16.60820233269985, "n_estimators": 107.18921290607311}, "datetime": {"datetime": "2021-09-27 21:27:13", "elapsed": 1408.537808, "delta": 5.499259}}
{"target": -26.838834553345087, "params": {"eta": 0.8571869945441983, "max_depth": 17.567065177355254, "n_estimators": 40.07533360905795}, "datetime": {"datetime": "2021-09-27 21:27:19", "elapsed": 1414.965483, "delta": 6.427675}}
{"target": -17.66603803069403, "params": {"eta": 0.14356679310958476, "max_depth": 12.194760490991492, "n_estimators": 139.1380125836791}, "datetime": {"datetime": "2021-09-27 21:27:25", "elapsed": 1420.366514, "delta": 5.401031}}
{"target": -18.833935468677378, "params": {"eta": 0.17287264906632993, "max_depth": 19.110381575291125, "n_estimators": 113.45818120789748}, "datetime": {"datetime": "2021-09-27 21:27:31", "elapsed": 1426.702993, "delta": 6.336479}}
{"target": -20.698786669867253, "params": {"eta": 0.6564391678052666, "max_depth": 24.413180603293732, "n_estimators": 38.26147966999346}, "datetime": {"datetime": "2021-09-27 21:27:39", "elapsed": 1434.547024, "delta": 7.844031}}
{"target": -49.89366826339574, "params": {"eta": 0.03702536483210403, "max_depth": 1.0815082474322861, "n_estimators": 18.29270591340362}, "datetime": {"datetime": "2021-09-27 21:27:43", "elapsed": 1439.144076, "delta": 4.597052}}
{"target": -27.550516279961386, "params": {"eta": 0.9355247029155348, "max_depth": 15.275608038949256, "n_estimators": 140.61686325459428}, "datetime": {"datetime": "2021-09-27 21:27:49", "elapsed": 1444.625966, "delta": 5.48189}}
{"target": -72.66322998278592, "params": {"eta": 0.25604298277451865, "max_depth": 21.889410309822583, "n_estimators": 1.0227605886516324}, "datetime": {"datetime": "2021-09-27 21:35:13", "elapsed": 0.0, "delta": 0.0}}
{"target": -18.017711774984534, "params": {"eta": 0.18837621785278547, "max_depth": 5.255920833696278, "n_estimators": 19.37538035899076}, "datetime": {"datetime": "2021-09-27 21:35:13", "elapsed": 0.078998, "delta": 0.078998}}
{"target": -17.85870007897479, "params": {"eta": 0.11989352471282583, "max_depth": 11.021261084248385, "n_estimators": 79.95672737190331}, "datetime": {"datetime": "2021-09-27 21:35:13", "elapsed": 0.456001, "delta": 0.377003}}
{"target": -18.74679069136193, "params": {"eta": 0.3279018730619806, "max_depth": 13.15664091769555, "n_estimators": 137.35868057895513}, "datetime": {"datetime": "2021-09-27 21:35:14", "elapsed": 0.92964, "delta": 0.473639}}
{"target": -43.500526790941926, "params": {"eta": 0.13062682734159528, "max_depth": 26.465405655337417, "n_estimators": 6.450131046387306}, "datetime": {"datetime": "2021-09-27 21:35:14", "elapsed": 0.966641, "delta": 0.037001}}
{"target": -18.451413057173195, "params": {"eta": 0.3645249214242533, "max_depth": 13.593699279040438, "n_estimators": 87.37593347729305}, "datetime": {"datetime": "2021-09-27 21:35:14", "elapsed": 1.633643, "delta": 0.667002}}
{"target": -17.65984922709465, "params": {"eta": 0.03254063459511219, "max_depth": 22.08571144018878, "n_estimators": 79.94965021077813}, "datetime": {"datetime": "2021-09-27 21:35:15", "elapsed": 2.430644, "delta": 0.797001}}
{"target": -21.796792118784886, "params": {"eta": 0.6, "max_depth": 17.597972307939326, "n_estimators": 67.25957067085629}, "datetime": {"datetime": "2021-09-27 21:35:16", "elapsed": 3.214622, "delta": 0.783978}}
{"target": -25.297663707479188, "params": {"eta": 0.08652251585116022, "max_depth": 1.0, "n_estimators": 31.986904987553764}, "datetime": {"datetime": "2021-09-27 21:35:17", "elapsed": 3.798623, "delta": 0.584001}}
{"target": -21.847308159224134, "params": {"eta": 0.6, "max_depth": 27.717138528209087, "n_estimators": 93.04920352803983}, "datetime": {"datetime": "2021-09-27 21:35:17", "elapsed": 4.637624, "delta": 0.839001}}
{"target": -17.588134721832237, "params": {"eta": 0.37377936857031346, "max_depth": 15.963162697760193, "n_estimators": 123.46353953274036}, "datetime": {"datetime": "2021-09-27 21:35:18", "elapsed": 5.483075, "delta": 0.845451}}
{"target": -29.037066710560673, "params": {"eta": 0.010600815096905965, "max_depth": 2.3922922083918006, "n_estimators": 127.1205076859213}, "datetime": {"datetime": "2021-09-27 21:35:19", "elapsed": 6.131721, "delta": 0.648646}}
{"target": -21.847308159224134, "params": {"eta": 0.6, "max_depth": 25.90204782824429, "n_estimators": 131.94626944478296}, "datetime": {"datetime": "2021-09-27 21:35:20", "elapsed": 6.920978, "delta": 0.789257}}
{"target": -20.477586629289615, "params": {"eta": 0.5348934195159399, "max_depth": 24.274368274564793, "n_estimators": 112.28865054693058}, "datetime": {"datetime": "2021-09-27 21:35:20", "elapsed": 7.542981, "delta": 0.622003}}
{"target": -19.130341087173246, "params": {"eta": 0.33708672111849153, "max_depth": 11.146089727721671, "n_estimators": 105.47879218788121}, "datetime": {"datetime": "2021-09-27 21:35:21", "elapsed": 8.208977, "delta": 0.665996}}
{"target": -24.58728902856948, "params": {"eta": 0.346514049147487, "max_depth": 1.0850707913187625, "n_estimators": 94.23780255987265}, "datetime": {"datetime": "2021-09-27 21:35:22", "elapsed": 8.688975, "delta": 0.479998}}
{"target": -26.060054532461347, "params": {"eta": 0.01, "max_depth": 20.069310868784026, "n_estimators": 150.68320348864253}, "datetime": {"datetime": "2021-09-27 21:35:22", "elapsed": 9.564984, "delta": 0.876009}}
{"target": -49.66599956260126, "params": {"eta": 0.01, "max_depth": 1.0, "n_estimators": 68.36395969119887}, "datetime": {"datetime": "2021-09-27 21:35:23", "elapsed": 10.120977, "delta": 0.555993}}
{"target": -49.765010215338414, "params": {"eta": 0.01, "max_depth": 30.0, "n_estimators": 69.64480940111281}, "datetime": {"datetime": "2021-09-27 21:35:24", "elapsed": 10.773101, "delta": 0.652124}}
{"target": -17.663648042988292, "params": {"eta": 0.06353801273015039, "max_depth": 18.844498759150582, "n_estimators": 99.29662610381793}, "datetime": {"datetime": "2021-09-27 21:35:25", "elapsed": 11.845104, "delta": 1.072003}}
{"target": -22.26439399442214, "params": {"eta": 0.6, "max_depth": 15.185803930488486, "n_estimators": 26.400585116505678}, "datetime": {"datetime": "2021-09-27 21:35:25", "elapsed": 12.543107, "delta": 0.698003}}
{"target": -19.75480750345302, "params": {"eta": 0.6, "max_depth": 3.5104736138045283, "n_estimators": 146.8356722265978}, "datetime": {"datetime": "2021-09-27 21:35:26", "elapsed": 13.090437, "delta": 0.54733}}
{"target": -25.259973742682558, "params": {"eta": 0.6, "max_depth": 1.0, "n_estimators": 160.12629331478354}, "datetime": {"datetime": "2021-09-27 21:35:27", "elapsed": 13.72844, "delta": 0.638003}}
{"target": -71.5864399307426, "params": {"eta": 0.01, "max_depth": 30.0, "n_estimators": 31.709443472044896}, "datetime": {"datetime": "2021-09-27 21:35:27", "elapsed": 14.291437, "delta": 0.562997}}
{"target": -21.79140617982887, "params": {"eta": 0.6, "max_depth": 16.828676227765502, "n_estimators": 174.24904997050118}, "datetime": {"datetime": "2021-09-27 21:35:28", "elapsed": 15.2229, "delta": 0.931463}}
{"target": -21.937631278866302, "params": {"eta": 0.01, "max_depth": 3.439307245503203, "n_estimators": 181.96729595324604}, "datetime": {"datetime": "2021-09-27 21:35:29", "elapsed": 15.929725, "delta": 0.706825}}
{"target": -23.08565477033966, "params": {"eta": 0.576587090171506, "max_depth": 16.953716254513537, "n_estimators": 189.76892895456083}, "datetime": {"datetime": "2021-09-27 21:35:30", "elapsed": 16.730725, "delta": 0.801}}
{"target": -22.043254512458223, "params": {"eta": 0.44297090598321903, "max_depth": 2.1045056492119554, "n_estimators": 197.98819087725798}, "datetime": {"datetime": "2021-09-27 21:35:30", "elapsed": 17.299313, "delta": 0.568588}}
{"target": -21.23320664336383, "params": {"eta": 0.5702012652419408, "max_depth": 29.84659602485704, "n_estimators": 178.45453473226223}, "datetime": {"datetime": "2021-09-27 21:35:31", "elapsed": 17.876312, "delta": 0.576999}}
{"target": -18.31344387739218, "params": {"eta": 0.30805532376024114, "max_depth": 29.869887518596585, "n_estimators": 165.43144970364824}, "datetime": {"datetime": "2021-09-27 21:35:32", "elapsed": 18.652311, "delta": 0.775999}}
{"target": -20.395046752973663, "params": {"eta": 0.01, "max_depth": 30.0, "n_estimators": 200.0}, "datetime": {"datetime": "2021-09-27 21:35:32", "elapsed": 19.572312, "delta": 0.920001}}
{"target": -24.47240491727841, "params": {"eta": 0.2875721043683981, "max_depth": 1.0997052838170698, "n_estimators": 112.53197596088859}, "datetime": {"datetime": "2021-09-27 21:35:33", "elapsed": 20.220311, "delta": 0.647999}}
{"target": -31.96527682168726, "params": {"eta": 0.01, "max_depth": 30.0, "n_estimators": 121.47611933489735}, "datetime": {"datetime": "2021-09-27 21:35:34", "elapsed": 21.288776, "delta": 1.068465}}
