{"target": -18.25239732733486, "params": {"eta": 0.19183417454106155, "max_depth": 16.914386268843167, "n_estimators": 225.98177189086556}, "datetime": {"datetime": "2021-09-28 07:56:18", "elapsed": 588.432182, "delta": 2.276737}}
{"target": -18.160486909190144, "params": {"eta": 0.1328658779273933, "max_depth": 5.773527457429745, "n_estimators": 218.429417867628}, "datetime": {"datetime": "2021-09-28 07:56:20", "elapsed": 590.155265, "delta": 1.723083}}
{"target": -17.72468162933974, "params": {"eta": 0.3973002477055115, "max_depth": 12.406786019347877, "n_estimators": 246.74377017595484}, "datetime": {"datetime": "2021-09-28 07:56:31", "elapsed": 601.255504, "delta": 11.100239}}
{"target": -18.57517352977328, "params": {"eta": 0.2716205889178965, "max_depth": 24.648001999388207, "n_estimators": 296.92867164333217}, "datetime": {"datetime": "2021-09-28 07:56:40", "elapsed": 609.664719, "delta": 8.409215}}
{"target": -18.27766928062426, "params": {"eta": 0.19115439770970474, "max_depth": 15.310924911006882, "n_estimators": 299.4773757279208}, "datetime": {"datetime": "2021-09-28 07:56:50", "elapsed": 619.972739, "delta": 10.30802}}
{"target": -21.314455063473485, "params": {"eta": 0.5588513836505832, "max_depth": 27.94564363871222, "n_estimators": 289.03522880790877}, "datetime": {"datetime": "2021-09-28 07:56:54", "elapsed": 624.433592, "delta": 4.460853}}
{"target": -19.726392891340986, "params": {"eta": 0.269095799921664, "max_depth": 24.90291670992362, "n_estimators": 239.00887149649282}, "datetime": {"datetime": "2021-09-28 07:56:58", "elapsed": 628.476725, "delta": 4.043133}}
{"target": -19.837815407188465, "params": {"eta": 0.5621517581134978, "max_depth": 24.241068986104665, "n_estimators": 240.99203221785032}, "datetime": {"datetime": "2021-09-28 07:57:01", "elapsed": 630.829424, "delta": 2.352699}}
{"target": -17.56444762963826, "params": {"eta": 0.14526580836644795, "max_depth": 27.356997503331616, "n_estimators": 260.1168438886007}, "datetime": {"datetime": "2021-09-28 07:57:03", "elapsed": 633.545555, "delta": 2.716131}}
{"target": -18.023978736215927, "params": {"eta": 0.39005952681155737, "max_depth": 26.98008971346288, "n_estimators": 224.68135771587677}, "datetime": {"datetime": "2021-09-28 07:57:05", "elapsed": 635.361194, "delta": 1.815639}}
{"target": -18.45551019837786, "params": {"eta": 0.4057240699187053, "max_depth": 23.44994818634138, "n_estimators": 295.2703061616164}, "datetime": {"datetime": "2021-09-28 07:57:07", "elapsed": 637.147711, "delta": 1.786517}}
{"target": -18.479579331399325, "params": {"eta": 0.2313009002796387, "max_depth": 10.587293804015438, "n_estimators": 283.3216938661175}, "datetime": {"datetime": "2021-09-28 07:57:09", "elapsed": 639.051219, "delta": 1.903508}}
{"target": -17.59698530323599, "params": {"eta": 0.19670322521469114, "max_depth": 17.010097430772884, "n_estimators": 266.1864849457851}, "datetime": {"datetime": "2021-09-28 07:57:11", "elapsed": 641.073222, "delta": 2.022003}}
{"target": -20.41812333679602, "params": {"eta": 0.5554756071051961, "max_depth": 21.361609095052017, "n_estimators": 222.31290591449718}, "datetime": {"datetime": "2021-09-28 07:57:13", "elapsed": 643.24453, "delta": 2.171308}}
{"target": -18.46233341036423, "params": {"eta": 0.23522486753872798, "max_depth": 18.925676832086474, "n_estimators": 290.55001535733436}, "datetime": {"datetime": "2021-09-28 07:57:16", "elapsed": 646.285247, "delta": 3.040717}}
{"target": -18.398947447041024, "params": {"eta": 0.4067865801223129, "max_depth": 6.646752190847666, "n_estimators": 296.84169387499645}, "datetime": {"datetime": "2021-09-28 07:57:19", "elapsed": 648.986564, "delta": 2.701317}}
{"target": -18.379221104553196, "params": {"eta": 0.1049278997607011, "max_depth": 3.950225672719576, "n_estimators": 259.8564041216795}, "datetime": {"datetime": "2021-09-28 07:57:21", "elapsed": 651.496179, "delta": 2.509615}}
{"target": -18.455451139499857, "params": {"eta": 0.09443792850538546, "max_depth": 11.577559432019685, "n_estimators": 251.69338462852997}, "datetime": {"datetime": "2021-09-28 07:57:29", "elapsed": 659.338684, "delta": 7.842505}}
{"target": -21.9381910986778, "params": {"eta": 0.5604956115101948, "max_depth": 23.83238923237224, "n_estimators": 288.8801624130807}, "datetime": {"datetime": "2021-09-28 07:57:35", "elapsed": 664.769706, "delta": 5.431022}}
{"target": -18.289776409997792, "params": {"eta": 0.06331777317197348, "max_depth": 16.556480705289303, "n_estimators": 237.2696571079194}, "datetime": {"datetime": "2021-09-28 07:57:43", "elapsed": 673.110739, "delta": 8.341033}}
{"target": -18.97636521606797, "params": {"eta": 0.25408516757724325, "max_depth": 13.171499733140774, "n_estimators": 255.71914607927854}, "datetime": {"datetime": "2021-09-28 07:57:51", "elapsed": 681.484781, "delta": 8.374042}}
{"target": -25.882647162390505, "params": {"eta": 0.5141876726184271, "max_depth": 1.6581080826911232, "n_estimators": 286.89846658729135}, "datetime": {"datetime": "2021-09-28 07:57:56", "elapsed": 686.430029, "delta": 4.945248}}
{"target": -18.42314807680287, "params": {"eta": 0.14014138808416127, "max_depth": 19.769954187982957, "n_estimators": 273.0152550661096}, "datetime": {"datetime": "2021-09-28 07:58:05", "elapsed": 695.043599, "delta": 8.61357}}
{"target": -17.356161393395407, "params": {"eta": 0.45944508081587765, "max_depth": 8.39743285306615, "n_estimators": 294.10006840046765}, "datetime": {"datetime": "2021-09-28 07:58:10", "elapsed": 700.401041, "delta": 5.357442}}
{"target": -18.144092801480788, "params": {"eta": 0.40761216652375853, "max_depth": 13.151015695167743, "n_estimators": 238.09896139729176}, "datetime": {"datetime": "2021-09-28 07:58:13", "elapsed": 703.414069, "delta": 3.013028}}
{"target": -19.635437950176428, "params": {"eta": 0.5120438653971217, "max_depth": 7.58580050469276, "n_estimators": 259.4715624425553}, "datetime": {"datetime": "2021-09-28 07:58:16", "elapsed": 706.260088, "delta": 2.846019}}
{"target": -18.589720217489997, "params": {"eta": 0.16696092626722675, "max_depth": 17.125834325932463, "n_estimators": 281.55273900423987}, "datetime": {"datetime": "2021-09-28 07:58:19", "elapsed": 709.539151, "delta": 3.279063}}
{"target": -19.603398582619295, "params": {"eta": 0.5003924301362914, "max_depth": 20.51527863505234, "n_estimators": 258.5027880039892}, "datetime": {"datetime": "2021-09-28 07:58:22", "elapsed": 712.282934, "delta": 2.743783}}
{"target": -17.90402565987444, "params": {"eta": 0.11427614878790548, "max_depth": 25.190512639333864, "n_estimators": 239.05473234626095}, "datetime": {"datetime": "2021-09-28 07:58:26", "elapsed": 716.461039, "delta": 4.178105}}
{"target": -21.952613988249368, "params": {"eta": 0.559602614006474, "max_depth": 16.098570177869483, "n_estimators": 222.8547009825467}, "datetime": {"datetime": "2021-09-28 07:58:29", "elapsed": 718.832552, "delta": 2.371513}}
{"target": -19.683448883368413, "params": {"eta": 0.45383665344941565, "max_depth": 19.14334589622334, "n_estimators": 262.2007870953296}, "datetime": {"datetime": "2021-09-28 07:58:31", "elapsed": 721.413292, "delta": 2.58074}}
{"target": -18.253051497898774, "params": {"eta": 0.03617468486685032, "max_depth": 3.6312365248717438, "n_estimators": 271.2435967261902}, "datetime": {"datetime": "2021-09-28 07:58:33", "elapsed": 723.147967, "delta": 1.734675}}
{"target": -21.246465547619163, "params": {"eta": 0.06746152647150787, "max_depth": 2.499019840180165, "n_estimators": 206.58128895697993}, "datetime": {"datetime": "2021-09-28 07:58:35", "elapsed": 725.489175, "delta": 2.341208}}
{"target": -19.002031455751016, "params": {"eta": 0.20613763853204634, "max_depth": 22.943517174324413, "n_estimators": 212.06766011100387}, "datetime": {"datetime": "2021-09-28 07:58:38", "elapsed": 727.95219, "delta": 2.463015}}
{"target": -17.79625939969802, "params": {"eta": 0.018751269707980116, "max_depth": 13.77005583268565, "n_estimators": 258.2002665257851}, "datetime": {"datetime": "2021-09-28 07:58:40", "elapsed": 730.409031, "delta": 2.456841}}
{"target": -17.712130969459732, "params": {"eta": 0.1287688009712417, "max_depth": 15.429220199678449, "n_estimators": 212.66884062587656}, "datetime": {"datetime": "2021-09-28 07:58:43", "elapsed": 732.745792, "delta": 2.336761}}
{"target": -17.31526559340876, "params": {"eta": 0.36041962479607614, "max_depth": 13.098163150026458, "n_estimators": 235.9702873764368}, "datetime": {"datetime": "2021-09-28 07:58:45", "elapsed": 735.287813, "delta": 2.542021}}
{"target": -25.201130478352763, "params": {"eta": 0.250019400777687, "max_depth": 1.367826540240114, "n_estimators": 298.6303788708768}, "datetime": {"datetime": "2021-09-28 07:58:47", "elapsed": 737.01331, "delta": 1.725497}}
{"target": -20.206374269495495, "params": {"eta": 0.5382435750842648, "max_depth": 27.094239907886358, "n_estimators": 235.80461835248934}, "datetime": {"datetime": "2021-09-28 07:58:49", "elapsed": 739.281859, "delta": 2.268549}}
{"target": -19.90428138436118, "params": {"eta": 0.5493359797632136, "max_depth": 10.808836037869787, "n_estimators": 214.43497958494973}, "datetime": {"datetime": "2021-09-28 07:58:51", "elapsed": 741.086418, "delta": 1.804559}}
{"target": -17.97353886720862, "params": {"eta": 0.27969822206727024, "max_depth": 20.214736468104423, "n_estimators": 282.41852717176596}, "datetime": {"datetime": "2021-09-28 07:58:53", "elapsed": 743.098954, "delta": 2.012536}}
{"target": -18.002779562752956, "params": {"eta": 0.1994098978586191, "max_depth": 4.713654825777564, "n_estimators": 212.81377068765488}, "datetime": {"datetime": "2021-09-28 07:58:55", "elapsed": 745.4206, "delta": 2.321646}}
{"target": -21.212155432038344, "params": {"eta": 0.2572831305911601, "max_depth": 2.227333250370301, "n_estimators": 299.524680490622}, "datetime": {"datetime": "2021-09-28 07:58:57", "elapsed": 747.273671, "delta": 1.853071}}
{"target": -17.735021405082595, "params": {"eta": 0.43400385967832333, "max_depth": 23.22139391554726, "n_estimators": 214.21917947562244}, "datetime": {"datetime": "2021-09-28 07:58:59", "elapsed": 749.140458, "delta": 1.866787}}
{"target": -19.82374107324783, "params": {"eta": 0.5444534585411221, "max_depth": 14.509409019511741, "n_estimators": 277.6039150694732}, "datetime": {"datetime": "2021-09-28 07:59:01", "elapsed": 750.942098, "delta": 1.80164}}
{"target": -17.327220436893022, "params": {"eta": 0.4385213641916644, "max_depth": 28.66768575870809, "n_estimators": 254.59649609205508}, "datetime": {"datetime": "2021-09-28 07:59:03", "elapsed": 752.760797, "delta": 1.818699}}
{"target": -18.31590535170074, "params": {"eta": 0.1341647724867848, "max_depth": 11.64784538511911, "n_estimators": 286.3981552862349}, "datetime": {"datetime": "2021-09-28 07:59:05", "elapsed": 755.026373, "delta": 2.265576}}
{"target": -18.46305115952799, "params": {"eta": 0.3714900450547224, "max_depth": 7.398562331027648, "n_estimators": 298.34008680268136}, "datetime": {"datetime": "2021-09-28 07:59:08", "elapsed": 758.008743, "delta": 2.98237}}
{"target": -17.260419042242926, "params": {"eta": 0.432276619419824, "max_depth": 23.068300454266193, "n_estimators": 286.46528136902197}, "datetime": {"datetime": "2021-09-28 07:59:10", "elapsed": 760.522437, "delta": 2.513694}}
{"target": -17.95746863998878, "params": {"eta": 0.04310539226981952, "max_depth": 28.650001588293225, "n_estimators": 296.0801751873248}, "datetime": {"datetime": "2021-09-28 07:59:14", "elapsed": 763.85374, "delta": 3.331303}}
{"target": -19.2924601325993, "params": {"eta": 0.26021139005669863, "max_depth": 22.546056817142524, "n_estimators": 213.1435005852566}, "datetime": {"datetime": "2021-09-28 07:59:16", "elapsed": 765.864841, "delta": 2.011101}}
{"target": -18.54741803017054, "params": {"eta": 0.08609629054580684, "max_depth": 16.58009821247994, "n_estimators": 289.0334552152465}, "datetime": {"datetime": "2021-09-28 07:59:19", "elapsed": 769.089904, "delta": 3.225063}}
{"target": -18.66026478792704, "params": {"eta": 0.122203014466333, "max_depth": 17.414578498970435, "n_estimators": 232.900303663859}, "datetime": {"datetime": "2021-09-28 07:59:21", "elapsed": 771.601555, "delta": 2.511651}}
{"target": -18.33008810758433, "params": {"eta": 0.1269648460689029, "max_depth": 13.262566596705264, "n_estimators": 293.02115001397726}, "datetime": {"datetime": "2021-09-28 07:59:24", "elapsed": 774.12729, "delta": 2.525735}}
{"target": -21.99185965526339, "params": {"eta": 0.5481891953936444, "max_depth": 5.771027092963945, "n_estimators": 294.5542559364824}, "datetime": {"datetime": "2021-09-28 07:59:26", "elapsed": 776.100138, "delta": 1.972848}}
{"target": -18.589376090274108, "params": {"eta": 0.10616120901849485, "max_depth": 25.724827742279743, "n_estimators": 213.62574960190344}, "datetime": {"datetime": "2021-09-28 07:59:28", "elapsed": 778.54062, "delta": 2.440482}}
{"target": -18.21476761770676, "params": {"eta": 0.020752910727873476, "max_depth": 7.604990190916222, "n_estimators": 289.8381813269534}, "datetime": {"datetime": "2021-09-28 07:59:31", "elapsed": 781.388076, "delta": 2.847456}}
{"target": -18.884406999011745, "params": {"eta": 0.27189805897437463, "max_depth": 7.248394295644317, "n_estimators": 298.79805493548514}, "datetime": {"datetime": "2021-09-28 07:59:33", "elapsed": 783.407544, "delta": 2.019468}}
{"target": -18.423270898705514, "params": {"eta": 0.1549718561143591, "max_depth": 20.260582688364405, "n_estimators": 289.17324248955595}, "datetime": {"datetime": "2021-09-28 07:59:36", "elapsed": 785.747375, "delta": 2.339831}}
{"target": -18.903982274212986, "params": {"eta": 0.3515791120819792, "max_depth": 26.713677830010248, "n_estimators": 254.41182436864278}, "datetime": {"datetime": "2021-09-28 07:59:38", "elapsed": 788.1448, "delta": 2.397425}}
{"target": -18.644460338169345, "params": {"eta": 0.20717156500397868, "max_depth": 28.51384485444326, "n_estimators": 225.53428675690796}, "datetime": {"datetime": "2021-09-28 07:59:40", "elapsed": 790.440489, "delta": 2.295689}}
{"target": -18.487033817233904, "params": {"eta": 0.2159718687040951, "max_depth": 21.75966544790808, "n_estimators": 266.2324866526538}, "datetime": {"datetime": "2021-09-28 07:59:43", "elapsed": 793.206858, "delta": 2.766369}}
{"target": -18.147895923977806, "params": {"eta": 0.07384920694527555, "max_depth": 16.30203029218517, "n_estimators": 282.2515387076147}, "datetime": {"datetime": "2021-09-28 07:59:46", "elapsed": 796.147091, "delta": 2.940233}}
{"target": -18.251532086248208, "params": {"eta": 0.24439092176856603, "max_depth": 5.490123601519393, "n_estimators": 241.68310781528277}, "datetime": {"datetime": "2021-09-28 07:59:48", "elapsed": 798.26085, "delta": 2.113759}}
{"target": -19.11498595193021, "params": {"eta": 0.44373226374101987, "max_depth": 21.17377253887287, "n_estimators": 221.15897731484577}, "datetime": {"datetime": "2021-09-28 07:59:51", "elapsed": 800.720001, "delta": 2.459151}}
{"target": -25.47772533202826, "params": {"eta": 0.4275886779973863, "max_depth": 1.541157285987125, "n_estimators": 252.7775181242316}, "datetime": {"datetime": "2021-09-28 07:59:52", "elapsed": 802.464787, "delta": 1.744786}}
{"target": -18.726646900779386, "params": {"eta": 0.18933246362103193, "max_depth": 8.26892656505092, "n_estimators": 272.65837632959034}, "datetime": {"datetime": "2021-09-28 07:59:55", "elapsed": 805.380706, "delta": 2.915919}}
{"target": -19.584020098207088, "params": {"eta": 0.3124546489087153, "max_depth": 9.834920531331678, "n_estimators": 208.5689051775045}, "datetime": {"datetime": "2021-09-28 07:59:57", "elapsed": 807.292692, "delta": 1.911986}}
{"target": -17.59005256973895, "params": {"eta": 0.019628319568613307, "max_depth": 16.53512620597845, "n_estimators": 228.59819153998077}, "datetime": {"datetime": "2021-09-28 08:00:00", "elapsed": 810.250781, "delta": 2.958089}}
{"target": -18.171677134264126, "params": {"eta": 0.06580364728263978, "max_depth": 26.15825200546667, "n_estimators": 272.17548540026877}, "datetime": {"datetime": "2021-09-28 08:00:03", "elapsed": 813.504676, "delta": 3.253895}}
{"target": -20.027774746559746, "params": {"eta": 0.522911829989851, "max_depth": 9.218118118198472, "n_estimators": 223.6699435729322}, "datetime": {"datetime": "2021-09-28 08:00:05", "elapsed": 815.335779, "delta": 1.831103}}
{"target": -24.701699855201994, "params": {"eta": 0.036078421282572826, "max_depth": 1.1472123891361765, "n_estimators": 205.27449593482535}, "datetime": {"datetime": "2021-09-28 08:00:08", "elapsed": 817.903073, "delta": 2.567294}}
{"target": -21.204441940116624, "params": {"eta": 0.1606482157536958, "max_depth": 2.9015325654803927, "n_estimators": 210.2594361641744}, "datetime": {"datetime": "2021-09-28 08:00:10", "elapsed": 819.636272, "delta": 1.733199}}
{"target": -18.088873442970904, "params": {"eta": 0.3617400412776507, "max_depth": 5.512353291237752, "n_estimators": 228.75558978046135}, "datetime": {"datetime": "2021-09-28 08:00:11", "elapsed": 821.605553, "delta": 1.969281}}
{"target": -19.13849303514437, "params": {"eta": 0.24589251539663584, "max_depth": 19.665410475551926, "n_estimators": 235.62268224698}, "datetime": {"datetime": "2021-09-28 08:00:14", "elapsed": 824.361977, "delta": 2.756424}}
{"target": -19.115377807716715, "params": {"eta": 0.23883473121478407, "max_depth": 22.50752901157232, "n_estimators": 265.42880477082326}, "datetime": {"datetime": "2021-09-28 08:00:17", "elapsed": 827.100348, "delta": 2.738371}}
{"target": -18.428746464405684, "params": {"eta": 0.33999674124629947, "max_depth": 17.030095504647576, "n_estimators": 209.69012005923773}, "datetime": {"datetime": "2021-09-28 08:00:19", "elapsed": 829.17781, "delta": 2.077462}}
{"target": -21.77587675080067, "params": {"eta": 0.04777444319086948, "max_depth": 2.9387930043377093, "n_estimators": 218.85464346199342}, "datetime": {"datetime": "2021-09-28 08:00:21", "elapsed": 831.429112, "delta": 2.251302}}
{"target": -17.887636595894577, "params": {"eta": 0.016993477742991425, "max_depth": 5.254925967564874, "n_estimators": 283.71693642501356}, "datetime": {"datetime": "2021-09-28 08:00:24", "elapsed": 834.205679, "delta": 2.776567}}
{"target": -19.390559839428896, "params": {"eta": 0.3548069566169405, "max_depth": 16.31207906427958, "n_estimators": 273.83395974406045}, "datetime": {"datetime": "2021-09-28 08:00:26", "elapsed": 836.262449, "delta": 2.05677}}
{"target": -18.525558991203788, "params": {"eta": 0.3069208946248782, "max_depth": 23.60202750716111, "n_estimators": 221.51878182096095}, "datetime": {"datetime": "2021-09-28 08:00:28", "elapsed": 838.346261, "delta": 2.083812}}
{"target": -19.020993818546952, "params": {"eta": 0.16077841092452314, "max_depth": 20.606836249674746, "n_estimators": 222.16818969189782}, "datetime": {"datetime": "2021-09-28 08:00:31", "elapsed": 840.712683, "delta": 2.366422}}
{"target": -19.17929605572898, "params": {"eta": 0.29683244224827654, "max_depth": 28.291453879854142, "n_estimators": 266.6387990384689}, "datetime": {"datetime": "2021-09-28 08:00:33", "elapsed": 843.304123, "delta": 2.59144}}
{"target": -19.352630920779916, "params": {"eta": 0.30296956051160906, "max_depth": 23.495262518451575, "n_estimators": 280.54801171212387}, "datetime": {"datetime": "2021-09-28 08:00:35", "elapsed": 845.504454, "delta": 2.200331}}
{"target": -21.422525918865983, "params": {"eta": 0.5721970936841364, "max_depth": 3.7645324697778126, "n_estimators": 289.4817277413544}, "datetime": {"datetime": "2021-09-28 08:00:38", "elapsed": 847.686593, "delta": 2.182139}}
{"target": -18.156656503025008, "params": {"eta": 0.11635427642316709, "max_depth": 17.4843024875573, "n_estimators": 296.9819563328292}, "datetime": {"datetime": "2021-09-28 08:00:41", "elapsed": 850.964336, "delta": 3.277743}}
{"target": -21.566536608830596, "params": {"eta": 0.07530529549528236, "max_depth": 2.292398023907165, "n_estimators": 269.65796144956244}, "datetime": {"datetime": "2021-09-28 08:00:43", "elapsed": 852.987026, "delta": 2.02269}}
{"target": -18.723198056126517, "params": {"eta": 0.16543235511507565, "max_depth": 18.48542679926547, "n_estimators": 269.0446496458137}, "datetime": {"datetime": "2021-09-28 08:00:46", "elapsed": 855.648318, "delta": 2.661292}}
{"target": -19.967590928795268, "params": {"eta": 0.514822487246632, "max_depth": 24.255965256393733, "n_estimators": 230.76719633635653}, "datetime": {"datetime": "2021-09-28 08:00:48", "elapsed": 857.628317, "delta": 1.979999}}
{"target": -18.978334154884298, "params": {"eta": 0.4355002504109561, "max_depth": 3.4776174178855137, "n_estimators": 279.30019264894406}, "datetime": {"datetime": "2021-09-28 08:00:50", "elapsed": 859.764072, "delta": 2.135755}}
{"target": -17.64843762320826, "params": {"eta": 0.429681096349368, "max_depth": 13.221802407808322, "n_estimators": 265.0134137677442}, "datetime": {"datetime": "2021-09-28 08:00:52", "elapsed": 861.776782, "delta": 2.01271}}
{"target": -20.257055630830706, "params": {"eta": 0.5356795453336884, "max_depth": 28.4983947189542, "n_estimators": 271.6279427369382}, "datetime": {"datetime": "2021-09-28 08:00:54", "elapsed": 863.90702, "delta": 2.130238}}
{"target": -16.70345369011631, "params": {"eta": 0.4587286157501971, "max_depth": 15.441198090054403, "n_estimators": 291.60888154698364}, "datetime": {"datetime": "2021-09-28 08:00:57", "elapsed": 866.723613, "delta": 2.816593}}
{"target": -18.652875234056737, "params": {"eta": 0.2745303495040312, "max_depth": 26.52213919154557, "n_estimators": 285.8429371097404}, "datetime": {"datetime": "2021-09-28 08:00:59", "elapsed": 868.811402, "delta": 2.087789}}
{"target": -17.875502738712864, "params": {"eta": 0.4292669156159424, "max_depth": 28.182597582262407, "n_estimators": 220.02639272162847}, "datetime": {"datetime": "2021-09-28 08:01:01", "elapsed": 871.027955, "delta": 2.216553}}
