{"target": -19.26821914650736, "params": {"eta": 0.4849606126366227, "max_depth": 23.866881616004402, "n_estimators": 137.5175451227595}, "datetime": {"datetime": "2021-09-27 21:49:49", "elapsed": 875.961378, "delta": 3.101602}}
{"target": -18.24721760933495, "params": {"eta": 0.1225179543647859, "max_depth": 18.69685030708931, "n_estimators": 58.34701319635366}, "datetime": {"datetime": "2021-09-27 21:49:52", "elapsed": 879.178321, "delta": 3.216943}}
{"target": -18.379534811169375, "params": {"eta": 0.27906672636765295, "max_depth": 27.21958922416839, "n_estimators": 183.12318279612978}, "datetime": {"datetime": "2021-09-27 21:49:57", "elapsed": 883.945999, "delta": 4.767678}}
{"target": -21.847308159224134, "params": {"eta": 0.6, "max_depth": 25.184131274559526, "n_estimators": 109.22749581892896}, "datetime": {"datetime": "2021-09-27 21:50:01", "elapsed": 888.201305, "delta": 4.255306}}
{"target": -17.770320153477694, "params": {"eta": 0.074720142443822, "max_depth": 15.920791005515971, "n_estimators": 171.15013021843882}, "datetime": {"datetime": "2021-09-27 21:50:06", "elapsed": 893.127891, "delta": 4.926586}}
{"target": -61.755016996897425, "params": {"eta": 0.0737241202284262, "max_depth": 5.811249714875671, "n_estimators": 6.250187922381752}, "datetime": {"datetime": "2021-09-27 21:50:09", "elapsed": 896.326053, "delta": 3.198162}}
{"target": -21.84767816074422, "params": {"eta": 0.6, "max_depth": 21.18650864064472, "n_estimators": 109.80515861133061}, "datetime": {"datetime": "2021-09-27 21:50:14", "elapsed": 900.995677, "delta": 4.669624}}
{"target": -24.335020941110457, "params": {"eta": 0.38896464227642147, "max_depth": 1.0420771441831405, "n_estimators": 22.246912122428462}, "datetime": {"datetime": "2021-09-27 21:50:17", "elapsed": 904.519977, "delta": 3.5243}}
{"target": -22.250772241004118, "params": {"eta": 0.6, "max_depth": 10.424752715975778, "n_estimators": 58.39231411464217}, "datetime": {"datetime": "2021-09-27 21:50:21", "elapsed": 908.38262, "delta": 3.862643}}
{"target": -21.74966967378745, "params": {"eta": 0.5974721413482698, "max_depth": 6.670785449652728, "n_estimators": 52.4322482086897}, "datetime": {"datetime": "2021-09-27 21:50:24", "elapsed": 911.421759, "delta": 3.039139}}
{"target": -27.28713508210997, "params": {"eta": 0.01, "max_depth": 9.72593599227491, "n_estimators": 143.5351167268848}, "datetime": {"datetime": "2021-09-27 21:50:30", "elapsed": 917.03595, "delta": 5.614191}}
{"target": -17.46446154206129, "params": {"eta": 0.07274265461161922, "max_depth": 6.684475184700254, "n_estimators": 147.9112620204693}, "datetime": {"datetime": "2021-09-27 21:50:34", "elapsed": 921.220503, "delta": 4.184553}}
{"target": -18.705930853277593, "params": {"eta": 0.22686999415952902, "max_depth": 29.642355087692305, "n_estimators": 181.41194551865757}, "datetime": {"datetime": "2021-09-27 21:50:38", "elapsed": 925.389911, "delta": 4.169408}}
{"target": -19.834035287129684, "params": {"eta": 0.36968198096202903, "max_depth": 5.553815029304198, "n_estimators": 103.81976988487827}, "datetime": {"datetime": "2021-09-27 21:50:42", "elapsed": 929.266738, "delta": 3.876827}}
{"target": -20.71788170573439, "params": {"eta": 0.5535887327096475, "max_depth": 14.843972604554319, "n_estimators": 48.89886077612399}, "datetime": {"datetime": "2021-09-27 21:50:47", "elapsed": 934.196929, "delta": 4.930191}}
{"target": -19.514390691143856, "params": {"eta": 0.5226143340467805, "max_depth": 6.041837278670478, "n_estimators": 21.2784923013743}, "datetime": {"datetime": "2021-09-27 21:50:51", "elapsed": 938.374616, "delta": 4.177687}}
{"target": -17.382955590831685, "params": {"eta": 0.4293697667354863, "max_depth": 10.077036589422047, "n_estimators": 138.62772269246167}, "datetime": {"datetime": "2021-09-27 21:50:55", "elapsed": 941.986877, "delta": 3.612261}}
{"target": -18.51980088666888, "params": {"eta": 0.34168739928936714, "max_depth": 9.676859566586513, "n_estimators": 22.996430045871588}, "datetime": {"datetime": "2021-09-27 21:50:58", "elapsed": 945.129093, "delta": 3.142216}}
{"target": -17.564856904214636, "params": {"eta": 0.040834778131895795, "max_depth": 12.882078560698643, "n_estimators": 179.06048704594275}, "datetime": {"datetime": "2021-09-27 21:51:04", "elapsed": 950.898325, "delta": 5.769232}}
{"target": -21.809051591470038, "params": {"eta": 0.6, "max_depth": 26.423099601689444, "n_estimators": 11.591320641988197}, "datetime": {"datetime": "2021-09-27 21:51:08", "elapsed": 954.927344, "delta": 4.029019}}
{"target": -22.250772241004118, "params": {"eta": 0.6, "max_depth": 10.001693045198769, "n_estimators": 198.388261180041}, "datetime": {"datetime": "2021-09-27 21:51:12", "elapsed": 958.891936, "delta": 3.964592}}
{"target": -18.667119524765106, "params": {"eta": 0.32998520534575887, "max_depth": 17.75124808690751, "n_estimators": 118.05682937269097}, "datetime": {"datetime": "2021-09-27 21:51:16", "elapsed": 962.847936, "delta": 3.956}}
{"target": -23.687740001335463, "params": {"eta": 0.05545868278004612, "max_depth": 6.922470738134155, "n_estimators": 29.437272666632346}, "datetime": {"datetime": "2021-09-27 21:51:20", "elapsed": 967.582943, "delta": 4.735007}}
{"target": -19.833191408431574, "params": {"eta": 0.5208256061877099, "max_depth": 20.728828547635445, "n_estimators": 179.18559267624215}, "datetime": {"datetime": "2021-09-27 21:51:24", "elapsed": 970.819996, "delta": 3.237053}}
{"target": -23.56896603065648, "params": {"eta": 0.5970858091133326, "max_depth": 10.788246835607087, "n_estimators": 30.713951231050252}, "datetime": {"datetime": "2021-09-27 21:51:28", "elapsed": 974.865809, "delta": 4.045813}}
{"target": -17.686221944439524, "params": {"eta": 0.027977519060548052, "max_depth": 4.885112559804339, "n_estimators": 191.50540597832762}, "datetime": {"datetime": "2021-09-27 21:51:32", "elapsed": 979.443939, "delta": 4.57813}}
{"target": -36.52900513555114, "params": {"eta": 0.021992805263400167, "max_depth": 24.18201163461969, "n_estimators": 47.02195761334648}, "datetime": {"datetime": "2021-09-27 21:51:37", "elapsed": 984.111408, "delta": 4.667469}}
{"target": -18.108919120707636, "params": {"eta": 0.27432721378833513, "max_depth": 24.797325337229104, "n_estimators": 42.092609544910246}, "datetime": {"datetime": "2021-09-27 21:51:40", "elapsed": 987.500905, "delta": 3.389497}}
{"target": -21.953061706487887, "params": {"eta": 0.6, "max_depth": 13.057982903410881, "n_estimators": 81.39389764472278}, "datetime": {"datetime": "2021-09-27 21:51:44", "elapsed": 991.642074, "delta": 4.141169}}
{"target": -18.196822178843792, "params": {"eta": 0.25756914992257307, "max_depth": 16.959556297102285, "n_estimators": 80.33823643624521}, "datetime": {"datetime": "2021-09-27 21:51:50", "elapsed": 996.825988, "delta": 5.183914}}
{"target": -19.19697593986667, "params": {"eta": 0.5108381172440897, "max_depth": 21.90995618529204, "n_estimators": 51.23386798195397}, "datetime": {"datetime": "2021-09-27 21:51:54", "elapsed": 1001.061365, "delta": 4.235377}}
{"target": -65.81038645027303, "params": {"eta": 0.017151531998425274, "max_depth": 20.018188833347864, "n_estimators": 23.099237860697023}, "datetime": {"datetime": "2021-09-27 21:51:58", "elapsed": 1005.302075, "delta": 4.24071}}
{"target": -17.809153611558855, "params": {"eta": 0.2034963257436786, "max_depth": 15.866259662229522, "n_estimators": 23.87317544277954}, "datetime": {"datetime": "2021-09-27 21:52:02", "elapsed": 1008.907838, "delta": 3.605763}}
{"target": -20.20861514014228, "params": {"eta": 0.4913455691429796, "max_depth": 27.256682622591416, "n_estimators": 137.2397970719122}, "datetime": {"datetime": "2021-09-27 21:52:06", "elapsed": 1013.476953, "delta": 4.569115}}
{"target": -19.051337335325393, "params": {"eta": 0.244159185731237, "max_depth": 16.696366192913956, "n_estimators": 179.94560006866806}, "datetime": {"datetime": "2021-09-27 21:52:11", "elapsed": 1017.68885, "delta": 4.211897}}
{"target": -21.847308159224134, "params": {"eta": 0.6, "max_depth": 27.376171610226383, "n_estimators": 194.61892011315936}, "datetime": {"datetime": "2021-09-27 21:52:14", "elapsed": 1021.585228, "delta": 3.896378}}
{"target": -22.74731742443281, "params": {"eta": 0.5890357864736335, "max_depth": 8.37619050278193, "n_estimators": 170.88509727070792}, "datetime": {"datetime": "2021-09-27 21:52:20", "elapsed": 1026.966968, "delta": 5.38174}}
{"target": -17.652261232266035, "params": {"eta": 0.3708353294780821, "max_depth": 23.587488990585015, "n_estimators": 24.35476882217938}, "datetime": {"datetime": "2021-09-27 21:52:23", "elapsed": 1030.423201, "delta": 3.456233}}
{"target": -21.62754232405385, "params": {"eta": 0.5986453005459778, "max_depth": 9.119851076384293, "n_estimators": 103.8352122465575}, "datetime": {"datetime": "2021-09-27 21:52:28", "elapsed": 1034.67999, "delta": 4.256789}}
{"target": -17.63558883687102, "params": {"eta": 0.2282675308777456, "max_depth": 29.935089928819096, "n_estimators": 197.16856430305612}, "datetime": {"datetime": "2021-09-27 21:52:33", "elapsed": 1039.738992, "delta": 5.059002}}
{"target": -18.448097544675527, "params": {"eta": 0.3408246584236024, "max_depth": 13.855415222444133, "n_estimators": 163.13429413687933}, "datetime": {"datetime": "2021-09-27 21:52:37", "elapsed": 1044.434806, "delta": 4.695814}}
{"target": -19.93798492322894, "params": {"eta": 0.5677795221277945, "max_depth": 29.35255294494411, "n_estimators": 159.01333249564928}, "datetime": {"datetime": "2021-09-27 21:52:43", "elapsed": 1049.895245, "delta": 5.460439}}
{"target": -22.574323451413843, "params": {"eta": 0.5791927910523204, "max_depth": 21.2467837320516, "n_estimators": 123.1443333577433}, "datetime": {"datetime": "2021-09-27 21:52:47", "elapsed": 1053.951063, "delta": 4.055818}}
{"target": -17.919854197651492, "params": {"eta": 0.14966599287611693, "max_depth": 24.086918360328497, "n_estimators": 179.5557865590368}, "datetime": {"datetime": "2021-09-27 21:52:52", "elapsed": 1059.394298, "delta": 5.443235}}
{"target": -22.264423067727503, "params": {"eta": 0.6, "max_depth": 15.121287689553144, "n_estimators": 85.8492189747908}, "datetime": {"datetime": "2021-09-27 21:52:57", "elapsed": 1064.262487, "delta": 4.868189}}
{"target": -18.041156816440523, "params": {"eta": 0.1118723327212288, "max_depth": 16.270441356794905, "n_estimators": 77.92006806070893}, "datetime": {"datetime": "2021-09-27 21:53:01", "elapsed": 1068.295566, "delta": 4.033079}}
{"target": -18.661230609911346, "params": {"eta": 0.17601408356238432, "max_depth": 8.808253952474658, "n_estimators": 120.58595254845402}, "datetime": {"datetime": "2021-09-27 21:53:07", "elapsed": 1073.714231, "delta": 5.418665}}
{"target": -18.427300705333703, "params": {"eta": 0.4747576224462114, "max_depth": 10.832230707513922, "n_estimators": 174.47279055970242}, "datetime": {"datetime": "2021-09-27 21:53:11", "elapsed": 1078.034049, "delta": 4.319818}}
{"target": -22.264423067727503, "params": {"eta": 0.6, "max_depth": 15.213846366317883, "n_estimators": 132.58740285284688}, "datetime": {"datetime": "2021-09-27 21:53:15", "elapsed": 1082.127511, "delta": 4.093462}}
{"target": -21.900885592002687, "params": {"eta": 0.6, "max_depth": 18.871986754102828, "n_estimators": 129.08781911722687}, "datetime": {"datetime": "2021-09-27 21:53:20", "elapsed": 1086.70082, "delta": 4.573309}}
{"target": -17.866271038355272, "params": {"eta": 0.05125983184518046, "max_depth": 10.795653600475147, "n_estimators": 124.20041613455358}, "datetime": {"datetime": "2021-09-27 21:53:24", "elapsed": 1090.652794, "delta": 3.951974}}
{"target": -21.46610851688955, "params": {"eta": 0.6, "max_depth": 4.859179252663465, "n_estimators": 106.58082995421374}, "datetime": {"datetime": "2021-09-27 21:53:28", "elapsed": 1094.892747, "delta": 4.239953}}
{"target": -17.861257483969336, "params": {"eta": 0.2178446670743212, "max_depth": 17.69408395873299, "n_estimators": 25.9336224209037}, "datetime": {"datetime": "2021-09-27 21:53:31", "elapsed": 1098.448938, "delta": 3.556191}}
{"target": -31.96527682168726, "params": {"eta": 0.01, "max_depth": 17.2645738455719, "n_estimators": 121.47602668978378}, "datetime": {"datetime": "2021-09-27 21:53:38", "elapsed": 1104.691779, "delta": 6.242841}}
{"target": -28.04754173929603, "params": {"eta": 0.01, "max_depth": 14.531124395792872, "n_estimators": 139.73682228821167}, "datetime": {"datetime": "2021-09-27 21:53:42", "elapsed": 1109.13722, "delta": 4.445441}}
{"target": -21.36952368848201, "params": {"eta": 0.01, "max_depth": 8.468855632975746, "n_estimators": 187.93911618381665}, "datetime": {"datetime": "2021-09-27 21:53:48", "elapsed": 1114.747198, "delta": 5.609978}}
{"target": -19.828108919044908, "params": {"eta": 0.2678951923567387, "max_depth": 12.603171769087105, "n_estimators": 107.50165744562528}, "datetime": {"datetime": "2021-09-27 21:53:52", "elapsed": 1118.825097, "delta": 4.077899}}
{"target": -23.69871900183755, "params": {"eta": 0.01, "max_depth": 8.986904267187528, "n_estimators": 166.2443828916635}, "datetime": {"datetime": "2021-09-27 21:53:56", "elapsed": 1122.906737, "delta": 4.08164}}
{"target": -21.900885592002687, "params": {"eta": 0.6, "max_depth": 18.456737947107072, "n_estimators": 160.56678571853237}, "datetime": {"datetime": "2021-09-27 21:54:03", "elapsed": 1129.844052, "delta": 6.937315}}
{"target": -21.183838762407508, "params": {"eta": 0.6, "max_depth": 6.658551242856805, "n_estimators": 113.06754118116314}, "datetime": {"datetime": "2021-09-27 21:54:08", "elapsed": 1134.851805, "delta": 5.007753}}
{"target": -20.557438902183883, "params": {"eta": 0.5921595392416263, "max_depth": 5.143070907550031, "n_estimators": 86.26369432053201}, "datetime": {"datetime": "2021-09-27 21:54:11", "elapsed": 1138.399259, "delta": 3.547454}}
{"target": -17.824636442122905, "params": {"eta": 0.2040676631519741, "max_depth": 19.659104385002358, "n_estimators": 76.32282403157728}, "datetime": {"datetime": "2021-09-27 21:54:17", "elapsed": 1144.497681, "delta": 6.098422}}
{"target": -24.994107011041773, "params": {"eta": 0.16080425352386588, "max_depth": 22.498947489195505, "n_estimators": 9.92653793059177}, "datetime": {"datetime": "2021-09-27 21:54:22", "elapsed": 1149.081205, "delta": 4.583524}}
{"target": -18.200573505609167, "params": {"eta": 0.1751482304825257, "max_depth": 10.209866136420494, "n_estimators": 161.88121362345495}, "datetime": {"datetime": "2021-09-27 21:54:27", "elapsed": 1154.415254, "delta": 5.334049}}
{"target": -21.84615509882703, "params": {"eta": 0.6, "max_depth": 21.443942890686174, "n_estimators": 18.888376024235455}, "datetime": {"datetime": "2021-09-27 21:54:32", "elapsed": 1159.28946, "delta": 4.874206}}
{"target": -28.622058092496257, "params": {"eta": 0.01, "max_depth": 17.25125503854941, "n_estimators": 136.07790780855186}, "datetime": {"datetime": "2021-09-27 21:54:36", "elapsed": 1163.511599, "delta": 4.222139}}
{"target": -18.217062147643936, "params": {"eta": 0.19214166442373237, "max_depth": 9.809634918280498, "n_estimators": 153.16255307683912}, "datetime": {"datetime": "2021-09-27 21:54:41", "elapsed": 1168.355919, "delta": 4.84432}}
{"target": -21.470130496425114, "params": {"eta": 0.6, "max_depth": 4.865500710414966, "n_estimators": 168.16072876741853}, "datetime": {"datetime": "2021-09-27 21:54:45", "elapsed": 1172.378097, "delta": 4.022178}}
{"target": -17.250667477342162, "params": {"eta": 0.47302741823236694, "max_depth": 24.147940641349827, "n_estimators": 192.65106590856715}, "datetime": {"datetime": "2021-09-27 21:54:50", "elapsed": 1177.083382, "delta": 4.705285}}
{"target": -18.434056258841576, "params": {"eta": 0.4812792345664017, "max_depth": 16.817361539398906, "n_estimators": 98.42538114952438}, "datetime": {"datetime": "2021-09-27 21:54:55", "elapsed": 1182.168617, "delta": 5.085235}}
{"target": -18.95996202044262, "params": {"eta": 0.2995506113101466, "max_depth": 21.895007512958898, "n_estimators": 194.197121678487}, "datetime": {"datetime": "2021-09-27 21:55:01", "elapsed": 1188.143643, "delta": 5.975026}}
{"target": -20.29959940010003, "params": {"eta": 0.553166056540475, "max_depth": 27.938016291894655, "n_estimators": 140.3607014924579}, "datetime": {"datetime": "2021-09-27 21:55:06", "elapsed": 1192.875609, "delta": 4.731966}}
{"target": -21.791493894961945, "params": {"eta": 0.6, "max_depth": 19.075341546564815, "n_estimators": 89.27120853769944}, "datetime": {"datetime": "2021-09-27 21:55:10", "elapsed": 1197.412616, "delta": 4.537007}}
{"target": -21.84767816074422, "params": {"eta": 0.6, "max_depth": 21.678788430345175, "n_estimators": 157.31424354303874}, "datetime": {"datetime": "2021-09-27 21:55:16", "elapsed": 1203.167063, "delta": 5.754447}}
{"target": -17.395288158735063, "params": {"eta": 0.4380425146794175, "max_depth": 17.416412959843036, "n_estimators": 197.54289049539466}, "datetime": {"datetime": "2021-09-27 21:55:24", "elapsed": 1210.854261, "delta": 7.687198}}
{"target": -19.44425000621276, "params": {"eta": 0.29087177307562306, "max_depth": 29.97277055279887, "n_estimators": 187.05547354627836}, "datetime": {"datetime": "2021-09-27 21:55:28", "elapsed": 1215.087474, "delta": 4.233213}}
{"target": -17.024531625983848, "params": {"eta": 0.05039077217672282, "max_depth": 27.87251614560909, "n_estimators": 89.98369872596636}, "datetime": {"datetime": "2021-09-27 21:55:34", "elapsed": 1221.127449, "delta": 6.039975}}
{"target": -19.67079355781152, "params": {"eta": 0.5221977654258825, "max_depth": 28.62059711568904, "n_estimators": 65.17064051847632}, "datetime": {"datetime": "2021-09-27 21:55:41", "elapsed": 1227.900693, "delta": 6.773244}}
{"target": -21.847308159224134, "params": {"eta": 0.6, "max_depth": 26.257429107611653, "n_estimators": 114.19500908962414}, "datetime": {"datetime": "2021-09-27 21:55:45", "elapsed": 1232.028877, "delta": 4.128184}}
{"target": -19.466831366185076, "params": {"eta": 0.19741348862680488, "max_depth": 25.323532275682172, "n_estimators": 35.980672783293}, "datetime": {"datetime": "2021-09-27 21:55:49", "elapsed": 1236.375188, "delta": 4.346311}}
{"target": -19.688500693363082, "params": {"eta": 0.4937335998217618, "max_depth": 26.91467671961837, "n_estimators": 144.73530869880324}, "datetime": {"datetime": "2021-09-27 21:55:53", "elapsed": 1240.192348, "delta": 3.81716}}
{"target": -18.628422741568595, "params": {"eta": 0.21308623880493552, "max_depth": 9.598947149408513, "n_estimators": 42.57661275176169}, "datetime": {"datetime": "2021-09-27 21:55:58", "elapsed": 1244.680731, "delta": 4.488383}}
{"target": -19.311189912615664, "params": {"eta": 0.25604298277451865, "max_depth": 21.889410309822583, "n_estimators": 200.01143748173448}, "datetime": {"datetime": "2021-09-27 22:13:55", "elapsed": 0.0, "delta": 0.0}}
{"target": -18.249419790971203, "params": {"eta": 0.18837621785278547, "max_depth": 5.255920833696278, "n_estimators": 209.2338594768798}, "datetime": {"datetime": "2021-09-27 22:13:56", "elapsed": 0.570127, "delta": 0.570127}}
{"target": -17.920599140676767, "params": {"eta": 0.11989352471282583, "max_depth": 11.021261084248385, "n_estimators": 239.67674742306698}, "datetime": {"datetime": "2021-09-27 22:13:57", "elapsed": 1.599127, "delta": 1.029}}
{"target": -18.74679069136193, "params": {"eta": 0.3279018730619806, "max_depth": 13.15664091769555, "n_estimators": 268.52195003967597}, "datetime": {"datetime": "2021-09-27 22:13:57", "elapsed": 2.130125, "delta": 0.530998}}
{"target": -18.466513918281372, "params": {"eta": 0.13062682734159528, "max_depth": 26.465405655337417, "n_estimators": 202.73875931979262}, "datetime": {"datetime": "2021-09-27 22:13:58", "elapsed": 3.250692, "delta": 1.120567}}
{"target": -18.227750362579474, "params": {"eta": 0.1827149530927601, "max_depth": 5.418565462201842, "n_estimators": 209.02789263724006}, "datetime": {"datetime": "2021-09-27 22:13:59", "elapsed": 3.885382, "delta": 0.63469}}
{"target": -17.470063509112645, "params": {"eta": 0.0614927984074742, "max_depth": 8.803472466329122, "n_estimators": 235.9038006188508}, "datetime": {"datetime": "2021-09-27 22:14:00", "elapsed": 5.324519, "delta": 1.439137}}
{"target": -19.66239524216139, "params": {"eta": 0.010051604766040802, "max_depth": 3.7619793653269213, "n_estimators": 236.2946387374765}, "datetime": {"datetime": "2021-09-27 22:14:01", "elapsed": 6.266516, "delta": 0.941997}}
{"target": -18.277028215816742, "params": {"eta": 0.08847163329380418, "max_depth": 11.313183576124953, "n_estimators": 235.8647527801227}, "datetime": {"datetime": "2021-09-27 22:14:03", "elapsed": 8.012524, "delta": 1.746008}}
{"target": -18.7367398598542, "params": {"eta": 0.37688485650188935, "max_depth": 8.375842272892754, "n_estimators": 237.90567710563036}, "datetime": {"datetime": "2021-09-27 22:14:04", "elapsed": 8.659863, "delta": 0.647339}}
{"target": -18.350885096365275, "params": {"eta": 0.01, "max_depth": 8.950123807461102, "n_estimators": 234.64351829292784}, "datetime": {"datetime": "2021-09-27 22:14:05", "elapsed": 9.787859, "delta": 1.127996}}
{"target": -18.628423986481344, "params": {"eta": 0.4455802479554128, "max_depth": 9.433292486420669, "n_estimators": 236.04011173487137}, "datetime": {"datetime": "2021-09-27 22:14:05", "elapsed": 10.446862, "delta": 0.659003}}
{"target": -18.68305723987775, "params": {"eta": 0.30957542610364647, "max_depth": 5.4941899509049446, "n_estimators": 208.95142063528087}, "datetime": {"datetime": "2021-09-27 22:14:06", "elapsed": 11.194462, "delta": 0.7476}}
{"target": -18.342582490445004, "params": {"eta": 0.18610297012503138, "max_depth": 8.803494691043277, "n_estimators": 236.1902968039162}, "datetime": {"datetime": "2021-09-27 22:14:07", "elapsed": 12.157467, "delta": 0.963005}}
{"target": -18.681482917103935, "params": {"eta": 0.05634485714217081, "max_depth": 10.984825373744645, "n_estimators": 239.9289365640788}, "datetime": {"datetime": "2021-09-27 22:14:08", "elapsed": 13.469586, "delta": 1.312119}}
