{"target": -17.604002030053834, "params": {"eta": 0.07747429422403754, "max_depth": 6.040455839581208, "n_estimators": 267.6853578677925}, "datetime": {"datetime": "2021-09-28 07:53:20", "elapsed": 409.804874, "delta": 1.790157}}
{"target": -19.10551341640273, "params": {"eta": 0.44257633898409265, "max_depth": 29.593487452227517, "n_estimators": 258.0030555801511}, "datetime": {"datetime": "2021-09-28 07:53:21", "elapsed": 411.383212, "delta": 1.578338}}
{"target": -19.481617666232925, "params": {"eta": 0.20945183067889725, "max_depth": 6.426580433243736, "n_estimators": 295.84637754643893}, "datetime": {"datetime": "2021-09-28 07:53:23", "elapsed": 413.131771, "delta": 1.748559}}
{"target": -19.869156042024187, "params": {"eta": 0.5361420573536104, "max_depth": 19.284798336664114, "n_estimators": 276.3781379641589}, "datetime": {"datetime": "2021-09-28 07:53:24", "elapsed": 414.38517, "delta": 1.253399}}
{"target": -23.732814928488498, "params": {"eta": 0.5937123782265236, "max_depth": 28.08929497264006, "n_estimators": 205.5212282559872}, "datetime": {"datetime": "2021-09-28 07:53:25", "elapsed": 415.498022, "delta": 1.112852}}
{"target": -19.306555667460536, "params": {"eta": 0.35367307028142275, "max_depth": 17.735859370318956, "n_estimators": 226.19253068951775}, "datetime": {"datetime": "2021-09-28 07:53:28", "elapsed": 417.829516, "delta": 2.331494}}
{"target": -20.944526883049857, "params": {"eta": 0.3178478948301802, "max_depth": 2.3886725868611003, "n_estimators": 285.4033047103867}, "datetime": {"datetime": "2021-09-28 07:53:29", "elapsed": 419.370756, "delta": 1.54124}}
{"target": -19.26284858333961, "params": {"eta": 0.24431032913010708, "max_depth": 6.279633441059112, "n_estimators": 203.17706344420628}, "datetime": {"datetime": "2021-09-28 07:53:31", "elapsed": 420.841022, "delta": 1.470266}}
{"target": -20.11855690974812, "params": {"eta": 0.5195075129662466, "max_depth": 13.532637946679904, "n_estimators": 228.01395267824728}, "datetime": {"datetime": "2021-09-28 07:53:33", "elapsed": 422.691076, "delta": 1.850054}}
{"target": -18.085363517995834, "params": {"eta": 0.1276039394508089, "max_depth": 18.185543661798352, "n_estimators": 214.86175857514155}, "datetime": {"datetime": "2021-09-28 07:53:35", "elapsed": 425.264078, "delta": 2.573002}}
{"target": -18.516100443656423, "params": {"eta": 0.3151061389220109, "max_depth": 7.779042861806912, "n_estimators": 258.93105853849625}, "datetime": {"datetime": "2021-09-28 07:53:37", "elapsed": 427.121315, "delta": 1.857237}}
{"target": -21.068033569848666, "params": {"eta": 0.5433127141772481, "max_depth": 2.561716429582079, "n_estimators": 263.8898544612021}, "datetime": {"datetime": "2021-09-28 07:53:38", "elapsed": 428.367275, "delta": 1.24596}}
{"target": -18.54872619725164, "params": {"eta": 0.3366855327586366, "max_depth": 16.78128481915264, "n_estimators": 242.75474375565298}, "datetime": {"datetime": "2021-09-28 07:53:40", "elapsed": 429.960898, "delta": 1.593623}}
{"target": -18.72898797095236, "params": {"eta": 0.25263303933705394, "max_depth": 10.17027880607835, "n_estimators": 214.96357699986322}, "datetime": {"datetime": "2021-09-28 07:53:41", "elapsed": 431.365943, "delta": 1.405045}}
{"target": -23.005137042607345, "params": {"eta": 0.5847316011427299, "max_depth": 21.47742807674414, "n_estimators": 238.93897456732026}, "datetime": {"datetime": "2021-09-28 07:53:43", "elapsed": 432.909025, "delta": 1.543082}}
{"target": -16.98099913697961, "params": {"eta": 0.4667859317540426, "max_depth": 28.118520539010877, "n_estimators": 270.40962202982126}, "datetime": {"datetime": "2021-09-28 07:53:44", "elapsed": 434.22817, "delta": 1.319145}}
{"target": -18.104618975899466, "params": {"eta": 0.3826777413519097, "max_depth": 25.229846529041872, "n_estimators": 228.78533964822026}, "datetime": {"datetime": "2021-09-28 07:53:45", "elapsed": 435.54159, "delta": 1.31342}}
{"target": -19.13971902962282, "params": {"eta": 0.34500810748879535, "max_depth": 14.26061773205414, "n_estimators": 271.8061197660157}, "datetime": {"datetime": "2021-09-28 07:53:47", "elapsed": 437.438043, "delta": 1.896453}}
{"target": -18.225853960680887, "params": {"eta": 0.11911051248787383, "max_depth": 6.863216933984509, "n_estimators": 206.74183884339394}, "datetime": {"datetime": "2021-09-28 07:53:49", "elapsed": 439.233762, "delta": 1.795719}}
{"target": -18.346752156955862, "params": {"eta": 0.12550845110457687, "max_depth": 19.866164895113826, "n_estimators": 277.61394617510626}, "datetime": {"datetime": "2021-09-28 07:53:51", "elapsed": 441.180973, "delta": 1.947211}}
{"target": -18.968729073704164, "params": {"eta": 0.2830613778996947, "max_depth": 15.282989414619191, "n_estimators": 231.90102008315125}, "datetime": {"datetime": "2021-09-28 07:53:53", "elapsed": 443.013454, "delta": 1.832481}}
{"target": -21.84399681314375, "params": {"eta": 0.5855070086675098, "max_depth": 9.058609368116215, "n_estimators": 209.49600009278748}, "datetime": {"datetime": "2021-09-28 07:53:54", "elapsed": 444.403682, "delta": 1.390228}}
{"target": -18.638352886057202, "params": {"eta": 0.3228671411691215, "max_depth": 10.726036195962893, "n_estimators": 200.48843373998318}, "datetime": {"datetime": "2021-09-28 07:53:56", "elapsed": 445.749717, "delta": 1.346035}}
{"target": -18.744323712117385, "params": {"eta": 0.23479855168826055, "max_depth": 22.63420598740815, "n_estimators": 270.4455169054306}, "datetime": {"datetime": "2021-09-28 07:53:57", "elapsed": 447.537915, "delta": 1.788198}}
{"target": -18.63452238382345, "params": {"eta": 0.25270549631372624, "max_depth": 10.25855524319606, "n_estimators": 296.84267715931406}, "datetime": {"datetime": "2021-09-28 07:53:59", "elapsed": 448.947467, "delta": 1.409552}}
{"target": -18.39270633726563, "params": {"eta": 0.3519362309328159, "max_depth": 18.562692909357285, "n_estimators": 230.2755882046037}, "datetime": {"datetime": "2021-09-28 07:54:00", "elapsed": 450.432204, "delta": 1.484737}}
{"target": -18.127615292230708, "params": {"eta": 0.40413291571698295, "max_depth": 25.804190920055056, "n_estimators": 253.22221068175253}, "datetime": {"datetime": "2021-09-28 07:54:02", "elapsed": 451.86433, "delta": 1.432126}}
{"target": -19.485201463279584, "params": {"eta": 0.32285879211177904, "max_depth": 4.836702348029142, "n_estimators": 207.25999852750928}, "datetime": {"datetime": "2021-09-28 07:54:03", "elapsed": 453.400574, "delta": 1.536244}}
{"target": -18.27622843340713, "params": {"eta": 0.3197946026743199, "max_depth": 19.936835318242302, "n_estimators": 243.82423932446946}, "datetime": {"datetime": "2021-09-28 07:54:05", "elapsed": 455.311217, "delta": 1.910643}}
{"target": -17.83805612897245, "params": {"eta": 0.22892664495657314, "max_depth": 23.561099449259054, "n_estimators": 218.1728370019651}, "datetime": {"datetime": "2021-09-28 07:54:07", "elapsed": 457.047797, "delta": 1.73658}}
{"target": -17.65776541915661, "params": {"eta": 0.01884734513332447, "max_depth": 21.943881549449934, "n_estimators": 286.8830302177875}, "datetime": {"datetime": "2021-09-28 07:54:10", "elapsed": 459.895622, "delta": 2.847825}}
{"target": -19.50510130020831, "params": {"eta": 0.5412202967011035, "max_depth": 7.758546864030489, "n_estimators": 227.34560295271388}, "datetime": {"datetime": "2021-09-28 07:54:12", "elapsed": 462.048376, "delta": 2.152754}}
{"target": -17.281103595423676, "params": {"eta": 0.40631548593158073, "max_depth": 8.30129025510411, "n_estimators": 225.21506658801744}, "datetime": {"datetime": "2021-09-28 07:54:13", "elapsed": 463.561723, "delta": 1.513347}}
{"target": -17.633115903409468, "params": {"eta": 0.42636794364831115, "max_depth": 24.063673594469588, "n_estimators": 289.7270982607808}, "datetime": {"datetime": "2021-09-28 07:54:15", "elapsed": 465.109212, "delta": 1.547489}}
{"target": -18.528691265246312, "params": {"eta": 0.120452651283842, "max_depth": 12.054541308469686, "n_estimators": 244.55880086332593}, "datetime": {"datetime": "2021-09-28 07:54:17", "elapsed": 467.109227, "delta": 2.000015}}
{"target": -18.318033666445537, "params": {"eta": 0.2199705581594334, "max_depth": 24.888889180906762, "n_estimators": 280.411421967005}, "datetime": {"datetime": "2021-09-28 07:54:19", "elapsed": 468.929203, "delta": 1.819976}}
{"target": -19.006695990048158, "params": {"eta": 0.42984169461493515, "max_depth": 4.730887230200631, "n_estimators": 220.2961011887753}, "datetime": {"datetime": "2021-09-28 07:54:20", "elapsed": 470.499428, "delta": 1.570225}}
{"target": -18.419374135059407, "params": {"eta": 0.31875963966284854, "max_depth": 24.626206910738105, "n_estimators": 208.70482840187637}, "datetime": {"datetime": "2021-09-28 07:54:22", "elapsed": 472.356759, "delta": 1.857331}}
{"target": -17.883384954377597, "params": {"eta": 0.1367323073216724, "max_depth": 5.106729972873552, "n_estimators": 261.77447518834646}, "datetime": {"datetime": "2021-09-28 07:54:24", "elapsed": 474.422836, "delta": 2.066077}}
{"target": -17.703144781304474, "params": {"eta": 0.09118731978975539, "max_depth": 6.714153788865804, "n_estimators": 204.7930841784642}, "datetime": {"datetime": "2021-09-28 07:54:26", "elapsed": 476.155294, "delta": 1.732458}}
{"target": -18.78067043287221, "params": {"eta": 0.4476122385861515, "max_depth": 6.736193075413519, "n_estimators": 211.04026388004763}, "datetime": {"datetime": "2021-09-28 07:54:28", "elapsed": 478.223173, "delta": 2.067879}}
{"target": -21.373191535176343, "params": {"eta": 0.5995536397698755, "max_depth": 8.077633555978684, "n_estimators": 269.02177603819086}, "datetime": {"datetime": "2021-09-28 07:54:30", "elapsed": 479.640568, "delta": 1.417395}}
{"target": -18.78890719612444, "params": {"eta": 0.27382014260892545, "max_depth": 10.570774309896084, "n_estimators": 255.84095708105858}, "datetime": {"datetime": "2021-09-28 07:54:31", "elapsed": 481.053963, "delta": 1.413395}}
{"target": -19.30011865707745, "params": {"eta": 0.44686550328133623, "max_depth": 27.365757388830243, "n_estimators": 299.34598898464264}, "datetime": {"datetime": "2021-09-28 07:54:32", "elapsed": 482.522933, "delta": 1.46897}}
{"target": -20.605768891446825, "params": {"eta": 0.55575282927314, "max_depth": 23.534053313283007, "n_estimators": 260.4847923951517}, "datetime": {"datetime": "2021-09-28 07:54:34", "elapsed": 484.053173, "delta": 1.53024}}
{"target": -18.072878477663664, "params": {"eta": 0.1265704079306767, "max_depth": 21.85559166430798, "n_estimators": 228.84005056660362}, "datetime": {"datetime": "2021-09-28 07:54:36", "elapsed": 486.232688, "delta": 2.179515}}
{"target": -18.229945230835813, "params": {"eta": 0.262198436986585, "max_depth": 23.61802026289897, "n_estimators": 290.427205298908}, "datetime": {"datetime": "2021-09-28 07:54:38", "elapsed": 488.026383, "delta": 1.793695}}
{"target": -19.75605836810926, "params": {"eta": 0.26725216788549355, "max_depth": 16.73395262786957, "n_estimators": 203.30898505624424}, "datetime": {"datetime": "2021-09-28 07:54:40", "elapsed": 489.894633, "delta": 1.86825}}
{"target": -18.063761824532623, "params": {"eta": 0.38973570818896214, "max_depth": 29.478528211053952, "n_estimators": 263.61042143122097}, "datetime": {"datetime": "2021-09-28 07:54:42", "elapsed": 492.358507, "delta": 2.463874}}
{"target": -18.71290788511462, "params": {"eta": 0.3625427451881541, "max_depth": 9.10169297152052, "n_estimators": 283.6383187680141}, "datetime": {"datetime": "2021-09-28 07:54:44", "elapsed": 494.370446, "delta": 2.011939}}
{"target": -18.379920923703878, "params": {"eta": 0.04251619595702972, "max_depth": 14.357284629261468, "n_estimators": 242.42047493848347}, "datetime": {"datetime": "2021-09-28 07:54:47", "elapsed": 496.949803, "delta": 2.579357}}
{"target": -18.23384864180563, "params": {"eta": 0.10840561565281001, "max_depth": 24.88072984291585, "n_estimators": 236.18005091293008}, "datetime": {"datetime": "2021-09-28 07:54:49", "elapsed": 499.019839, "delta": 2.070036}}
{"target": -17.3225912284571, "params": {"eta": 0.4180415241651754, "max_depth": 16.49576290706498, "n_estimators": 267.87462437959283}, "datetime": {"datetime": "2021-09-28 07:54:51", "elapsed": 500.750819, "delta": 1.73098}}
{"target": -22.889825570911643, "params": {"eta": 0.5826459666605261, "max_depth": 25.382689294963978, "n_estimators": 230.35314975403114}, "datetime": {"datetime": "2021-09-28 07:54:52", "elapsed": 502.151261, "delta": 1.400442}}
{"target": -24.545856286319253, "params": {"eta": 0.0944962265067347, "max_depth": 1.5858181108546356, "n_estimators": 271.2223097861018}, "datetime": {"datetime": "2021-09-28 07:54:53", "elapsed": 503.457685, "delta": 1.306424}}
{"target": -18.615130594685443, "params": {"eta": 0.23297444600783826, "max_depth": 3.286863976023166, "n_estimators": 269.9111994463616}, "datetime": {"datetime": "2021-09-28 07:54:55", "elapsed": 505.107524, "delta": 1.649839}}
{"target": -17.380820141279955, "params": {"eta": 0.43753317641880457, "max_depth": 13.936692299258988, "n_estimators": 203.72103221971406}, "datetime": {"datetime": "2021-09-28 07:54:56", "elapsed": 506.534562, "delta": 1.427038}}
{"target": -19.627005320110896, "params": {"eta": 0.5237951110632107, "max_depth": 15.129549910335633, "n_estimators": 223.80593480768334}, "datetime": {"datetime": "2021-09-28 07:54:59", "elapsed": 508.662498, "delta": 2.127936}}
{"target": -19.80619703678719, "params": {"eta": 0.5228762228698131, "max_depth": 21.733059363237317, "n_estimators": 273.1801810885587}, "datetime": {"datetime": "2021-09-28 07:55:00", "elapsed": 510.22865, "delta": 1.566152}}
{"target": -20.141391467860693, "params": {"eta": 0.5359102297512699, "max_depth": 18.861629506411777, "n_estimators": 219.1641575854893}, "datetime": {"datetime": "2021-09-28 07:55:02", "elapsed": 511.845166, "delta": 1.616516}}
{"target": -19.27963726142221, "params": {"eta": 0.2976886319904278, "max_depth": 26.170707899872387, "n_estimators": 278.3239737370532}, "datetime": {"datetime": "2021-09-28 07:55:03", "elapsed": 513.454622, "delta": 1.609456}}
{"target": -17.949802285797418, "params": {"eta": 0.11190748655247235, "max_depth": 14.6363130668159, "n_estimators": 204.1269731935281}, "datetime": {"datetime": "2021-09-28 07:55:06", "elapsed": 516.597965, "delta": 3.143343}}
{"target": -18.095866508061352, "params": {"eta": 0.47330298674266785, "max_depth": 28.434033291522624, "n_estimators": 228.09291303347175}, "datetime": {"datetime": "2021-09-28 07:55:08", "elapsed": 518.249871, "delta": 1.651906}}
{"target": -17.865466488411098, "params": {"eta": 0.10777599879169225, "max_depth": 12.992230379358984, "n_estimators": 259.9280088220671}, "datetime": {"datetime": "2021-09-28 07:55:10", "elapsed": 520.33136, "delta": 2.081489}}
{"target": -19.711156433346446, "params": {"eta": 0.5276401935389469, "max_depth": 7.766947488437562, "n_estimators": 261.341772969569}, "datetime": {"datetime": "2021-09-28 07:55:12", "elapsed": 522.04595, "delta": 1.71459}}
{"target": -18.72640030843082, "params": {"eta": 0.23521449440649536, "max_depth": 9.002526768450121, "n_estimators": 293.6951083094271}, "datetime": {"datetime": "2021-09-28 07:55:14", "elapsed": 523.935378, "delta": 1.889428}}
{"target": -18.81716813103208, "params": {"eta": 0.21201785436872925, "max_depth": 7.160701066051269, "n_estimators": 246.3880068648158}, "datetime": {"datetime": "2021-09-28 07:55:16", "elapsed": 525.945459, "delta": 2.010081}}
{"target": -17.276516948799607, "params": {"eta": 0.4624500834254855, "max_depth": 9.25776849928258, "n_estimators": 203.1108548852026}, "datetime": {"datetime": "2021-09-28 07:55:18", "elapsed": 527.708744, "delta": 1.763285}}
{"target": -19.279464118317257, "params": {"eta": 0.2603759558056538, "max_depth": 24.039964926533422, "n_estimators": 215.8867926893873}, "datetime": {"datetime": "2021-09-28 07:55:19", "elapsed": 529.501104, "delta": 1.79236}}
{"target": -19.84260389839952, "params": {"eta": 0.2345118229688958, "max_depth": 3.249698028746933, "n_estimators": 298.93419429935466}, "datetime": {"datetime": "2021-09-28 07:55:21", "elapsed": 531.202176, "delta": 1.701072}}
{"target": -21.422974375300036, "params": {"eta": 0.18399687968500206, "max_depth": 2.815585042863126, "n_estimators": 297.68561816525505}, "datetime": {"datetime": "2021-09-28 07:55:23", "elapsed": 532.756537, "delta": 1.554361}}
{"target": -19.25958937225855, "params": {"eta": 0.4481438605214811, "max_depth": 19.770577726731897, "n_estimators": 257.0284241623518}, "datetime": {"datetime": "2021-09-28 07:55:25", "elapsed": 534.767807, "delta": 2.01127}}
{"target": -18.02067097277108, "params": {"eta": 0.14407656873228813, "max_depth": 4.796668761783714, "n_estimators": 224.4976603190509}, "datetime": {"datetime": "2021-09-28 07:55:27", "elapsed": 537.028649, "delta": 2.260842}}
{"target": -18.5375736998555, "params": {"eta": 0.30697319489107905, "max_depth": 19.666061367146366, "n_estimators": 255.6668190071448}, "datetime": {"datetime": "2021-09-28 07:55:29", "elapsed": 538.747962, "delta": 1.719313}}
{"target": -17.74151577520839, "params": {"eta": 0.06099565354452941, "max_depth": 7.740492413380268, "n_estimators": 248.9114344147393}, "datetime": {"datetime": "2021-09-28 07:55:31", "elapsed": 540.752299, "delta": 2.004337}}
{"target": -17.153700316377446, "params": {"eta": 0.46050051039274736, "max_depth": 10.860357280282155, "n_estimators": 247.64587868047633}, "datetime": {"datetime": "2021-09-28 07:55:33", "elapsed": 542.782922, "delta": 2.030623}}
{"target": -18.59760119134453, "params": {"eta": 0.09998368196448551, "max_depth": 14.152431744326341, "n_estimators": 266.5013018240437}, "datetime": {"datetime": "2021-09-28 07:55:35", "elapsed": 545.227828, "delta": 2.444906}}
{"target": -21.510830343569925, "params": {"eta": 0.5928429874561038, "max_depth": 26.55271424536524, "n_estimators": 242.796977713157}, "datetime": {"datetime": "2021-09-28 07:55:37", "elapsed": 546.805148, "delta": 1.57732}}
{"target": -17.656465840690107, "params": {"eta": 0.054748544336873255, "max_depth": 12.221599214328107, "n_estimators": 227.65413871887145}, "datetime": {"datetime": "2021-09-28 07:55:40", "elapsed": 550.122568, "delta": 3.31742}}
{"target": -21.00310693873696, "params": {"eta": 0.29334599691417523, "max_depth": 2.054284072288815, "n_estimators": 223.34928333932325}, "datetime": {"datetime": "2021-09-28 07:55:42", "elapsed": 551.768596, "delta": 1.646028}}
{"target": -19.452159414352387, "params": {"eta": 0.39774202707121104, "max_depth": 4.594657868376001, "n_estimators": 282.6125176313833}, "datetime": {"datetime": "2021-09-28 07:55:44", "elapsed": 553.916697, "delta": 2.148101}}
{"target": -19.420892196256922, "params": {"eta": 0.5115592431539636, "max_depth": 11.485302793581303, "n_estimators": 210.06894085697274}, "datetime": {"datetime": "2021-09-28 07:55:46", "elapsed": 555.913434, "delta": 1.996737}}
{"target": -18.2702086196232, "params": {"eta": 0.40966540582604344, "max_depth": 15.778561002352411, "n_estimators": 280.7333785609265}, "datetime": {"datetime": "2021-09-28 07:55:47", "elapsed": 557.612252, "delta": 1.698818}}
{"target": -20.29397917382998, "params": {"eta": 0.5189289536576264, "max_depth": 17.970216374913836, "n_estimators": 221.04311246778826}, "datetime": {"datetime": "2021-09-28 07:55:49", "elapsed": 559.246199, "delta": 1.633947}}
{"target": -25.87249381867171, "params": {"eta": 0.493467380216957, "max_depth": 1.4796145570400272, "n_estimators": 282.642094401584}, "datetime": {"datetime": "2021-09-28 07:55:51", "elapsed": 561.253832, "delta": 2.007633}}
{"target": -17.815202648062442, "params": {"eta": 0.18724233733894813, "max_depth": 28.49444571677074, "n_estimators": 276.6452233509715}, "datetime": {"datetime": "2021-09-28 07:55:54", "elapsed": 563.905671, "delta": 2.651839}}
{"target": -20.42408198428568, "params": {"eta": 0.5258660329433719, "max_depth": 19.320451214422803, "n_estimators": 244.16077444853218}, "datetime": {"datetime": "2021-09-28 07:55:56", "elapsed": 565.759974, "delta": 1.854303}}
{"target": -17.499466739431654, "params": {"eta": 0.41706467587372054, "max_depth": 21.020438546932887, "n_estimators": 243.35709252931127}, "datetime": {"datetime": "2021-09-28 07:55:58", "elapsed": 567.836205, "delta": 2.076231}}
{"target": -17.94533954718731, "params": {"eta": 0.054628668212903596, "max_depth": 12.133229123123856, "n_estimators": 207.88609202603806}, "datetime": {"datetime": "2021-09-28 07:56:02", "elapsed": 571.65294, "delta": 3.816735}}
{"target": -20.03781876744115, "params": {"eta": 0.2929101422488133, "max_depth": 7.746560803124053, "n_estimators": 210.184597434081}, "datetime": {"datetime": "2021-09-28 07:56:04", "elapsed": 574.162607, "delta": 2.509667}}
{"target": -22.005466042806766, "params": {"eta": 0.5865442842191592, "max_depth": 11.814239704058565, "n_estimators": 294.2530225528124}, "datetime": {"datetime": "2021-09-28 07:56:06", "elapsed": 575.674576, "delta": 1.511969}}
{"target": -18.217488755796868, "params": {"eta": 0.2083070658565557, "max_depth": 23.183263208102126, "n_estimators": 264.65727379083324}, "datetime": {"datetime": "2021-09-28 07:56:08", "elapsed": 578.439113, "delta": 2.764537}}
{"target": -18.45044911487081, "params": {"eta": 0.12212411080044336, "max_depth": 21.762429266145478, "n_estimators": 266.7718609035899}, "datetime": {"datetime": "2021-09-28 07:56:11", "elapsed": 581.044469, "delta": 2.605356}}
{"target": -19.243867399494036, "params": {"eta": 0.24090432869123105, "max_depth": 23.358527481828087, "n_estimators": 236.54952554147093}, "datetime": {"datetime": "2021-09-28 07:56:13", "elapsed": 583.515087, "delta": 2.470618}}
{"target": -19.158513871595826, "params": {"eta": 0.16627947931153897, "max_depth": 23.30275055223578, "n_estimators": 236.09030090819235}, "datetime": {"datetime": "2021-09-28 07:56:16", "elapsed": 586.155445, "delta": 2.640358}}
