{"target": -16.93108532077611, "params": {"eta": 0.23974663764850834, "max_depth": 8.04509105437929, "n_estimators": 102.00722169687752}, "datetime": {"datetime": "2021-09-28 08:59:57", "elapsed": 451.77538, "delta": 1.556159}}
{"target": -17.959801410693384, "params": {"eta": 0.30485160925164256, "max_depth": 15.292894598730019, "n_estimators": 109.94900909811993}, "datetime": {"datetime": "2021-09-28 09:00:00", "elapsed": 454.470411, "delta": 2.695031}}
{"target": -15.68330949762185, "params": {"eta": 0.09595013276276826, "max_depth": 14.971881040427805, "n_estimators": 110.23796994555342}, "datetime": {"datetime": "2021-09-28 09:00:03", "elapsed": 457.97183, "delta": 3.501419}}
{"target": -17.079880621502262, "params": {"eta": 0.28928799995143345, "max_depth": 14.772872834672466, "n_estimators": 110.22119857697821}, "datetime": {"datetime": "2021-09-28 09:00:06", "elapsed": 460.654662, "delta": 2.682832}}
{"target": -16.349841225914105, "params": {"eta": 0.0912920819813047, "max_depth": 13.65211650980484, "n_estimators": 193.51032888898214}, "datetime": {"datetime": "2021-09-28 09:00:10", "elapsed": 464.480361, "delta": 3.825699}}
{"target": -18.005648349683863, "params": {"eta": 0.4361585192374485, "max_depth": 8.472637439326428, "n_estimators": 174.4639621146302}, "datetime": {"datetime": "2021-09-28 09:00:12", "elapsed": 466.129577, "delta": 1.649216}}
{"target": -16.115755588900754, "params": {"eta": 0.08306078842586348, "max_depth": 14.521529444737842, "n_estimators": 183.32766429013554}, "datetime": {"datetime": "2021-09-28 09:00:15", "elapsed": 469.605607, "delta": 3.47603}}
{"target": -19.88447384260156, "params": {"eta": 0.49019828260750137, "max_depth": 23.418981703709527, "n_estimators": 137.32002228991678}, "datetime": {"datetime": "2021-09-28 09:00:17", "elapsed": 471.255325, "delta": 1.649718}}
{"target": -18.120973760206248, "params": {"eta": 0.26015232496061697, "max_depth": 15.369016601544944, "n_estimators": 135.75052838433834}, "datetime": {"datetime": "2021-09-28 09:00:19", "elapsed": 473.787623, "delta": 2.532298}}
{"target": -17.4122497363705, "params": {"eta": 0.123223108776241, "max_depth": 3.69631965447478, "n_estimators": 197.62065488382058}, "datetime": {"datetime": "2021-09-28 09:00:21", "elapsed": 475.816631, "delta": 2.029008}}
{"target": -18.474208252518157, "params": {"eta": 0.4782501969487325, "max_depth": 27.05013623244918, "n_estimators": 110.7949693093421}, "datetime": {"datetime": "2021-09-28 09:00:23", "elapsed": 477.308061, "delta": 1.49143}}
{"target": -16.583267004167322, "params": {"eta": 0.35791257598820236, "max_depth": 27.884911205714907, "n_estimators": 193.20305349238174}, "datetime": {"datetime": "2021-09-28 09:00:25", "elapsed": 479.068461, "delta": 1.7604}}
{"target": -18.268424170424918, "params": {"eta": 0.26016585027167477, "max_depth": 15.131969962393041, "n_estimators": 110.27198325597064}, "datetime": {"datetime": "2021-09-28 09:00:28", "elapsed": 482.017118, "delta": 2.948657}}
{"target": -15.58481430373718, "params": {"eta": 0.12988230004974713, "max_depth": 15.3989356515659, "n_estimators": 119.2648815714773}, "datetime": {"datetime": "2021-09-28 09:00:31", "elapsed": 485.07541, "delta": 3.058292}}
{"target": -16.85719897384768, "params": {"eta": 0.1480934289242428, "max_depth": 15.28038047081579, "n_estimators": 119.29697015648773}, "datetime": {"datetime": "2021-09-28 09:00:34", "elapsed": 488.104899, "delta": 3.029489}}
{"target": -16.75348565491103, "params": {"eta": 0.3593917661332007, "max_depth": 8.882179966529794, "n_estimators": 114.83357163296964}, "datetime": {"datetime": "2021-09-28 09:00:36", "elapsed": 490.018552, "delta": 1.913653}}
{"target": -17.44122078118846, "params": {"eta": 0.3238795328867829, "max_depth": 17.67848644094306, "n_estimators": 183.47919408573057}, "datetime": {"datetime": "2021-09-28 09:00:37", "elapsed": 491.742553, "delta": 1.724001}}
{"target": -15.891415525512581, "params": {"eta": 0.20906451552621103, "max_depth": 12.396319993390668, "n_estimators": 152.9638481977198}, "datetime": {"datetime": "2021-09-28 09:00:40", "elapsed": 494.815303, "delta": 3.07275}}
{"target": -16.38181359080089, "params": {"eta": 0.19319052478924317, "max_depth": 11.73469701352947, "n_estimators": 193.8607034231812}, "datetime": {"datetime": "2021-09-28 09:00:44", "elapsed": 498.40384, "delta": 3.588537}}
{"target": -16.749515633651253, "params": {"eta": 0.3588989760000169, "max_depth": 18.26472416956624, "n_estimators": 184.11974392325186}, "datetime": {"datetime": "2021-09-28 09:00:46", "elapsed": 500.482105, "delta": 2.078265}}
{"target": -19.90162150243995, "params": {"eta": 0.4846909297324678, "max_depth": 24.501955819607282, "n_estimators": 102.66733263029914}, "datetime": {"datetime": "2021-09-28 09:00:48", "elapsed": 502.258515, "delta": 1.77641}}
{"target": -16.54925863769491, "params": {"eta": 0.14310434792981153, "max_depth": 24.9840288956031, "n_estimators": 196.48578952137862}, "datetime": {"datetime": "2021-09-28 09:00:51", "elapsed": 505.564764, "delta": 3.306249}}
{"target": -19.099642539561582, "params": {"eta": 0.34181891469113873, "max_depth": 3.1283069979646223, "n_estimators": 148.72737768219778}, "datetime": {"datetime": "2021-09-28 09:00:52", "elapsed": 506.952549, "delta": 1.387785}}
{"target": -15.893154442906207, "params": {"eta": 0.39787521320966734, "max_depth": 26.87829016055679, "n_estimators": 152.50245447756106}, "datetime": {"datetime": "2021-09-28 09:00:55", "elapsed": 509.49676, "delta": 2.544211}}
{"target": -16.629475148641625, "params": {"eta": 0.36939303773018134, "max_depth": 19.195315524131512, "n_estimators": 113.39316075301974}, "datetime": {"datetime": "2021-09-28 09:00:57", "elapsed": 511.249934, "delta": 1.753174}}
{"target": -17.407125325086326, "params": {"eta": 0.31814819964909374, "max_depth": 4.232194599973843, "n_estimators": 152.8533468997446}, "datetime": {"datetime": "2021-09-28 09:00:58", "elapsed": 512.70917, "delta": 1.459236}}
{"target": -15.822885911133458, "params": {"eta": 0.084990650750089, "max_depth": 22.943395418627937, "n_estimators": 187.30422404381395}, "datetime": {"datetime": "2021-09-28 09:01:01", "elapsed": 515.169535, "delta": 2.460365}}
{"target": -16.015025179887452, "params": {"eta": 0.12620253145498264, "max_depth": 19.827609184190553, "n_estimators": 156.63127835101676}, "datetime": {"datetime": "2021-09-28 09:01:03", "elapsed": 517.322199, "delta": 2.152664}}
{"target": -16.299085013685637, "params": {"eta": 0.326372394965192, "max_depth": 26.45773129025782, "n_estimators": 145.8220732175198}, "datetime": {"datetime": "2021-09-28 09:01:05", "elapsed": 519.197573, "delta": 1.875374}}
{"target": -20.545494904989415, "params": {"eta": 0.49896596423257783, "max_depth": 17.197796826616727, "n_estimators": 127.36918069281957}, "datetime": {"datetime": "2021-09-28 09:01:06", "elapsed": 520.692302, "delta": 1.494729}}
{"target": -17.00818062372748, "params": {"eta": 0.10176318104651126, "max_depth": 15.512360062133094, "n_estimators": 119.41085319141322}, "datetime": {"datetime": "2021-09-28 09:01:10", "elapsed": 524.56525, "delta": 3.872948}}
{"target": -19.615984320115416, "params": {"eta": 0.4966310200874738, "max_depth": 3.999627717806099, "n_estimators": 193.07259897873772}, "datetime": {"datetime": "2021-09-28 09:01:12", "elapsed": 526.583038, "delta": 2.017788}}
{"target": -16.75629773948036, "params": {"eta": 0.1674008278580304, "max_depth": 18.737285286706047, "n_estimators": 131.00954876398887}, "datetime": {"datetime": "2021-09-28 09:01:14", "elapsed": 528.62609, "delta": 2.043052}}
{"target": -16.07120327297122, "params": {"eta": 0.08509737414220075, "max_depth": 15.427211102624561, "n_estimators": 118.98489291544064}, "datetime": {"datetime": "2021-09-28 09:01:18", "elapsed": 532.547909, "delta": 3.921819}}
{"target": -16.802330500457956, "params": {"eta": 0.22796462903803844, "max_depth": 4.364474024855363, "n_estimators": 133.26687159920894}, "datetime": {"datetime": "2021-09-28 09:01:20", "elapsed": 534.131048, "delta": 1.583139}}
{"target": -16.693774711474784, "params": {"eta": 0.18554203036026712, "max_depth": 24.97155979812842, "n_estimators": 152.53930665255558}, "datetime": {"datetime": "2021-09-28 09:01:22", "elapsed": 536.260047, "delta": 2.128999}}
{"target": -16.531792094076863, "params": {"eta": 0.1376670364174229, "max_depth": 13.542872911153719, "n_estimators": 113.68301245062605}, "datetime": {"datetime": "2021-09-28 09:01:24", "elapsed": 538.39326, "delta": 2.133213}}
{"target": -16.25753329888155, "params": {"eta": 0.11131347936966361, "max_depth": 9.718479965473403, "n_estimators": 174.1149148968321}, "datetime": {"datetime": "2021-09-28 09:01:26", "elapsed": 540.412737, "delta": 2.019477}}
{"target": -17.25917616760119, "params": {"eta": 0.16711033775385592, "max_depth": 5.155494941281079, "n_estimators": 102.20857374695778}, "datetime": {"datetime": "2021-09-28 09:01:27", "elapsed": 541.922739, "delta": 1.510002}}
{"target": -16.151660253718894, "params": {"eta": 0.2999204069153304, "max_depth": 10.214629577578021, "n_estimators": 123.58257750590634}, "datetime": {"datetime": "2021-09-28 09:01:29", "elapsed": 543.629122, "delta": 1.706383}}
{"target": -17.925535049848705, "params": {"eta": 0.2641034181326646, "max_depth": 10.72636781273077, "n_estimators": 100.89450775018278}, "datetime": {"datetime": "2021-09-28 09:01:32", "elapsed": 546.879859, "delta": 3.250737}}
{"target": -17.391004897661265, "params": {"eta": 0.26869938306282115, "max_depth": 22.55097191944198, "n_estimators": 188.35470268832745}, "datetime": {"datetime": "2021-09-28 09:01:34", "elapsed": 548.920105, "delta": 2.040246}}
{"target": -15.615878710459134, "params": {"eta": 0.08, "max_depth": 25.853597428997826, "n_estimators": 107.06279833710482}, "datetime": {"datetime": "2021-09-28 09:01:38", "elapsed": 552.512578, "delta": 3.592473}}
{"target": -19.975222787785555, "params": {"eta": 0.48073471291822517, "max_depth": 23.94020803853241, "n_estimators": 114.23929788027809}, "datetime": {"datetime": "2021-09-28 09:01:40", "elapsed": 554.196582, "delta": 1.684004}}
{"target": -17.09774264427409, "params": {"eta": 0.22168401809542654, "max_depth": 22.698635238836363, "n_estimators": 187.3213981781895}, "datetime": {"datetime": "2021-09-28 09:01:44", "elapsed": 558.859012, "delta": 4.66243}}
{"target": -20.434120728189377, "params": {"eta": 0.4972124712927593, "max_depth": 20.503304188322748, "n_estimators": 119.405389129284}, "datetime": {"datetime": "2021-09-28 09:01:46", "elapsed": 560.545386, "delta": 1.686374}}
{"target": -17.976551724315172, "params": {"eta": 0.4559686970995382, "max_depth": 22.085104113325507, "n_estimators": 169.1790526730869}, "datetime": {"datetime": "2021-09-28 09:01:48", "elapsed": 562.473615, "delta": 1.928229}}
{"target": -16.252544859758007, "params": {"eta": 0.10391736792251392, "max_depth": 15.055102161582752, "n_estimators": 109.91480067606118}, "datetime": {"datetime": "2021-09-28 09:01:52", "elapsed": 566.253666, "delta": 3.780051}}
{"target": -15.803421265189229, "params": {"eta": 0.1116903157483672, "max_depth": 23.086336989022058, "n_estimators": 187.37863677503438}, "datetime": {"datetime": "2021-09-28 09:01:56", "elapsed": 570.08413, "delta": 3.830464}}
{"target": -20.668994101549007, "params": {"eta": 0.49899381403132487, "max_depth": 21.634302899707738, "n_estimators": 176.45420413378844}, "datetime": {"datetime": "2021-09-28 09:01:57", "elapsed": 571.865787, "delta": 1.781657}}
{"target": -19.778230887677843, "params": {"eta": 0.4711161792562098, "max_depth": 14.044903688087974, "n_estimators": 160.9026938761506}, "datetime": {"datetime": "2021-09-28 09:01:59", "elapsed": 573.656935, "delta": 1.791148}}
{"target": -15.946930867902578, "params": {"eta": 0.12797008401954582, "max_depth": 22.90216360214581, "n_estimators": 187.55103338390157}, "datetime": {"datetime": "2021-09-28 09:02:04", "elapsed": 578.051885, "delta": 4.39495}}
{"target": -23.613443635110702, "params": {"eta": 0.09636888312282116, "max_depth": 1.8136485261883006, "n_estimators": 114.03577498206785}, "datetime": {"datetime": "2021-09-28 09:02:05", "elapsed": 579.459974, "delta": 1.408089}}
{"target": -18.67908972016386, "params": {"eta": 0.45960299623641304, "max_depth": 17.347668044650945, "n_estimators": 134.48964990224982}, "datetime": {"datetime": "2021-09-28 09:02:07", "elapsed": 581.055019, "delta": 1.595045}}
{"target": -17.419781244085115, "params": {"eta": 0.32525991020314843, "max_depth": 15.306005108029506, "n_estimators": 118.90259583031856}, "datetime": {"datetime": "2021-09-28 09:02:10", "elapsed": 584.477034, "delta": 3.422015}}
{"target": -16.53611782377694, "params": {"eta": 0.143365397201918, "max_depth": 24.007248810030305, "n_estimators": 111.03899116249552}, "datetime": {"datetime": "2021-09-28 09:02:12", "elapsed": 586.664276, "delta": 2.187242}}
{"target": -16.71851852026875, "params": {"eta": 0.15609607719381605, "max_depth": 25.366591071830328, "n_estimators": 106.80064492249826}, "datetime": {"datetime": "2021-09-28 09:02:16", "elapsed": 590.615946, "delta": 3.95167}}
{"target": -16.615722245351414, "params": {"eta": 0.134278393828381, "max_depth": 7.229656337352802, "n_estimators": 108.3445675888297}, "datetime": {"datetime": "2021-09-28 09:02:20", "elapsed": 594.746881, "delta": 4.130935}}
